setting: oksign: oksetting: oksign: oksetting: oksign: ok
-------------------------------------------------
orderno: SH201812152249576148
paytype: alipay
data: []
setting: oksign: oklog: {"plid":"4580","type":"","uniacid":"8","acid":"0","openid":"5161","uniontid":"","tid":"SH201812152249576148","fee":"286.00","status":"0","module":"sz_yi","tag":"","is_usecard":"0","card_type":"0","card_id":"","card_fee":"0.00","encrypt_code":""}setting: oksign: ok
-------------------------------------------------
orderno: SH201812152249576148
paytype: alipay
data: []
setting: oksign: oklog: {"plid":"4580","type":"","uniacid":"8","acid":"0","openid":"5161","uniontid":"","tid":"SH201812152249576148","fee":"286.00","status":"0","module":"sz_yi","tag":"","is_usecard":"0","card_type":"0","card_id":"","card_fee":"0.00","encrypt_code":""}
-------------------------------------------------
orderno: SH201812152249576148
paytype: alipay
data: []
setting: oksign: oklog: {"plid":"4580","type":"","uniacid":"8","acid":"0","openid":"5161","uniontid":"","tid":"SH201812152249576148","fee":"286.00","status":"0","module":"sz_yi","tag":"","is_usecard":"0","card_type":"0","card_id":"","card_fee":"0.00","encrypt_code":""}
-------------------------------------------------
orderno: SH201812152249576148
paytype: alipay
data: []
setting: oksign: oklog: {"plid":"4580","type":"","uniacid":"8","acid":"0","openid":"5161","uniontid":"","tid":"SH201812152249576148","fee":"286.00","status":"0","module":"sz_yi","tag":"","is_usecard":"0","card_type":"0","card_id":"","card_fee":"0.00","encrypt_code":""}
-------------------------------------------------
orderno: SH201812152249576148
paytype: alipay
data: []
setting: oksign: oklog: {"plid":"4580","type":"","uniacid":"8","acid":"0","openid":"5161","uniontid":"","tid":"SH201812152249576148","fee":"286.00","status":"0","module":"sz_yi","tag":"","is_usecard":"0","card_type":"0","card_id":"","card_fee":"0.00","encrypt_code":""}
-------------------------------------------------
orderno: SH201812152258396612
paytype: alipay
data: []
setting: oksign: oklog: {"plid":"4581","type":"","uniacid":"8","acid":"0","openid":"5161","uniontid":"","tid":"SH201812152258396612","fee":"178.00","status":"0","module":"sz_yi","tag":"","is_usecard":"0","card_type":"0","card_id":"","card_fee":"0.00","encrypt_code":""}
-------------------------------------------------
orderno: SH201812152258396612
paytype: alipay
data: []
setting: oksign: oklog: {"plid":"4581","type":"","uniacid":"8","acid":"0","openid":"5161","uniontid":"","tid":"SH201812152258396612","fee":"178.00","status":"0","module":"sz_yi","tag":"","is_usecard":"0","card_type":"0","card_id":"","card_fee":"0.00","encrypt_code":""}
-------------------------------------------------
orderno: SH201812152258396612
paytype: alipay
data: []
setting: oksign: oklog: {"plid":"4581","type":"","uniacid":"8","acid":"0","openid":"5161","uniontid":"","tid":"SH201812152258396612","fee":"178.00","status":"0","module":"sz_yi","tag":"","is_usecard":"0","card_type":"0","card_id":"","card_fee":"0.00","encrypt_code":""}