
-------------------------------------------------
orderno: SH201812241204002284
paytype: alipay
data: []
setting: oksign: oklog: {"plid":"4914","type":"","uniacid":"8","acid":"0","openid":"3337","uniontid":"","tid":"SH201812241204002284","fee":"199.00","status":"0","module":"sz_yi","tag":"","is_usecard":"0","card_type":"0","card_id":"","card_fee":"0.00","encrypt_code":""}corelog: okpayResult: {"result":"success","order":{"id":"2479","uniacid":"8","openid":"oSI4LjwZGnErbGg9sXJ65Xm2oLFE","agentid":"1287","ordersn":"SH201812241204002284","price":"199.00","goodsprice":"199.00","discountprice":"0.00","status":"0","paytype":"21","transid":"","remark":"","addressid":"534","dispatchprice":"0.00","dispatchid":"0","createtime":"1545624240","dispatchtype":"0","carrier":"a:0:{}","refundid":"0","iscomment":"0","creditadd":"0","deleted":"0","userdeleted":"0","finishtime":"0","paytime":"0","expresscom":"","expresssn":"","express":"","sendtime":"0","fetchtime":"0","cash":"0","canceltime":null,"cancelpaytime":"0","refundtime":"0","isverify":"0","verified":"0","verifyopenid":"","verifycode":"","verifytime":"0","verifystoreid":"0","deductprice":"0.00","deductcredit":"0","deductcredit2":"0.00","deductenough":"0.00","virtual":"0","virtual_info":null,"virtual_str":null,"address":"a:7:{s:2:\"id\";s:3:\"534\";s:8:\"realname\";s:9:\"\u738b\u671d\u4f1f\";s:6:\"mobile\";s:11:\"13792362291\";s:7:\"address\";s:36:\"\u6d4e\u5b81\u9ad8\u65b0\u5f00\u53d1\u533a\u4e30\u6cf0\u56ed\u5c0f\u533a\";s:8:\"province\";s:9:\"\u5c71\u4e1c\u7701\";s:4:\"city\";s:9:\"\u6d4e\u5b81\u5e02\";s:4:\"area\";s:9:\"\u4efb\u57ce\u533a\";}","sysdeleted":"0","ordersn2":"0","changeprice":"0.00","changedispatchprice":"0.00","oldprice":"199.00","olddispatchprice":"0.00","isvirtual":"0","couponid":"0","couponprice":"0.00","diyformid":"0","storeid":"0","diyformdata":null,"diyformfields":null,"printstate":"0","printstate2":"0","supplier_uid":"659","special":"0","special_status":"","isexchange":"0","credit3_fee":"0.00"},"address":{"realname":"\u738b\u671d\u4f1f","mobile":"13792362291","address":"\u6d4e\u5b81\u9ad8\u65b0\u5f00\u53d1\u533a\u4e30\u6cf0\u56ed\u5c0f\u533a"},"carrier":false,"virtual":"0","goods":{"dispatchprice":"0.00","ordersn":"SH201812241204002284","price":"199.00","optiontitle":"","optionid":"0","total":"1","goods1":[{"goodsid":"3029","total":"1","title":"\u798f\u6e90\u8317\u8336-\u521b\u5ba2\u5957\u9910","thumb":"http:\/\/jhzh66.com\/addons\/sz_yi\/attachment\/images\/8\/2018\/10\/IhkNH3Z059kniKxviF5ki5K20IHv0V.jpg","price":"199.00","optiontitle":"","optionid":"0"}],"goodscount":1}}.

-------------------------------------------------
orderno: SH201812241006328288
paytype: alipay
data: []
setting: oksign: oklog: {"plid":"4908","type":"wechat","uniacid":"8","acid":"0","openid":"6884","uniontid":"","tid":"SH201812241006328288","fee":"40.00","status":"1","module":"sz_yi","tag":"","is_usecard":"0","card_type":"0","card_id":"","card_fee":"0.00","encrypt_code":""}
-------------------------------------------------
orderno: SH201812241006042982
paytype: alipay
data: []
setting: oksign: oklog: {"plid":"4909","type":"wechat","uniacid":"8","acid":"0","openid":"6884","uniontid":"","tid":"SH201812241006042982","fee":"40.00","status":"1","module":"sz_yi","tag":"","is_usecard":"0","card_type":"0","card_id":"","card_fee":"0.00","encrypt_code":""}
-------------------------------------------------
orderno: SH201812241005238204
paytype: alipay
data: []
setting: oksign: oklog: {"plid":"4910","type":"wechat","uniacid":"8","acid":"0","openid":"6884","uniontid":"","tid":"SH201812241005238204","fee":"40.00","status":"1","module":"sz_yi","tag":"","is_usecard":"0","card_type":"0","card_id":"","card_fee":"0.00","encrypt_code":""}
-------------------------------------------------
orderno: SH201812241006328288
paytype: alipay
data: []
setting: oksign: oklog: {"plid":"4908","type":"wechat","uniacid":"8","acid":"0","openid":"6884","uniontid":"","tid":"SH201812241006328288","fee":"40.00","status":"1","module":"sz_yi","tag":"","is_usecard":"0","card_type":"0","card_id":"","card_fee":"0.00","encrypt_code":""}
-------------------------------------------------
orderno: SH201812241006042982
paytype: alipay
data: []
setting: oksign: oklog: {"plid":"4909","type":"wechat","uniacid":"8","acid":"0","openid":"6884","uniontid":"","tid":"SH201812241006042982","fee":"40.00","status":"1","module":"sz_yi","tag":"","is_usecard":"0","card_type":"0","card_id":"","card_fee":"0.00","encrypt_code":""}
-------------------------------------------------
orderno: SH201812241005238204
paytype: alipay
data: []
setting: oksign: oklog: {"plid":"4910","type":"wechat","uniacid":"8","acid":"0","openid":"6884","uniontid":"","tid":"SH201812241005238204","fee":"40.00","status":"1","module":"sz_yi","tag":"","is_usecard":"0","card_type":"0","card_id":"","card_fee":"0.00","encrypt_code":""}