
-------------------------------------------------
orderno: SH201901221455530606
paytype: alipay
data: []
setting: oksign: oklog: {"plid":"5663","type":"wechat","uniacid":"8","acid":"0","openid":"6701","uniontid":"","tid":"SH201901221455530606","fee":"110.00","status":"1","module":"sz_yi","tag":"","is_usecard":"0","card_type":"0","card_id":"","card_fee":"0.00","encrypt_code":""}setting: oksign: ok
-------------------------------------------------
orderno: SH201901221818282704
paytype: alipay
data: []
setting: oksign: oklog: {"plid":"5670","type":"","uniacid":"8","acid":"0","openid":"4929","uniontid":"","tid":"SH201901221818282704","fee":"1130.00","status":"0","module":"sz_yi","tag":"","is_usecard":"0","card_type":"0","card_id":"","card_fee":"0.00","encrypt_code":""}
-------------------------------------------------
orderno: SH201901221818282704
paytype: alipay
data: []
setting: oksign: oklog: {"plid":"5670","type":"wechat","uniacid":"8","acid":"0","openid":"4929","uniontid":"","tid":"SH201901221818282704","fee":"1130.00","status":"1","module":"sz_yi","tag":"","is_usecard":"0","card_type":"0","card_id":"","card_fee":"0.00","encrypt_code":""}
-------------------------------------------------
orderno: SH201901221818282704
paytype: alipay
data: []
setting: oksign: oklog: {"plid":"5670","type":"wechat","uniacid":"8","acid":"0","openid":"4929","uniontid":"","tid":"SH201901221818282704","fee":"1130.00","status":"1","module":"sz_yi","tag":"","is_usecard":"0","card_type":"0","card_id":"","card_fee":"0.00","encrypt_code":""}
-------------------------------------------------
orderno: SH201901221818282704
paytype: alipay
data: []
setting: oksign: oklog: {"plid":"5670","type":"wechat","uniacid":"8","acid":"0","openid":"4929","uniontid":"","tid":"SH201901221818282704","fee":"1130.00","status":"1","module":"sz_yi","tag":"","is_usecard":"0","card_type":"0","card_id":"","card_fee":"0.00","encrypt_code":""}
-------------------------------------------------
orderno: SH201901221818282704
paytype: alipay
data: []
setting: oksign: oklog: {"plid":"5670","type":"wechat","uniacid":"8","acid":"0","openid":"4929","uniontid":"","tid":"SH201901221818282704","fee":"1130.00","status":"1","module":"sz_yi","tag":"","is_usecard":"0","card_type":"0","card_id":"","card_fee":"0.00","encrypt_code":""}setting: oksign: oksetting: oksign: oksetting: oksign: oksetting: oksign: oksetting: oksign: oksetting: oksign: oksetting: oksign: oksetting: oksign: oksetting: oksign: oksetting: oksign: oksetting: oksign: oksetting: oksign: ok
-------------------------------------------------
orderno: SH201901221818282704
paytype: alipay
data: []
setting: oksign: oklog: {"plid":"5670","type":"wechat","uniacid":"8","acid":"0","openid":"4929","uniontid":"","tid":"SH201901221818282704","fee":"1130.00","status":"1","module":"sz_yi","tag":"","is_usecard":"0","card_type":"0","card_id":"","card_fee":"0.00","encrypt_code":""}setting: oksign: oksetting: oksign: oksetting: oksign: oksetting: oksign: oksetting: oksign: oksetting: oksign: ok