
-------------------------------------------------
orderno: SH201901221955591810
paytype: alipay
data: []
setting: oksign: oklog: {"plid":"5684","type":"wechat","uniacid":"8","acid":"0","openid":"6837","uniontid":"","tid":"SH201901221955591810","fee":"27.00","status":"1","module":"sz_yi","tag":"","is_usecard":"0","card_type":"0","card_id":"","card_fee":"0.00","encrypt_code":""}
-------------------------------------------------
orderno: SH201901221956241205
paytype: alipay
data: []
setting: oksign: oklog: {"plid":"5685","type":"wechat","uniacid":"8","acid":"0","openid":"6837","uniontid":"","tid":"SH201901221956241205","fee":"27.00","status":"1","module":"sz_yi","tag":"","is_usecard":"0","card_type":"0","card_id":"","card_fee":"0.00","encrypt_code":""}
-------------------------------------------------
orderno: SH201901221956487568
paytype: alipay
data: []
setting: oksign: oklog: {"plid":"5686","type":"wechat","uniacid":"8","acid":"0","openid":"6837","uniontid":"","tid":"SH201901221956487568","fee":"27.00","status":"1","module":"sz_yi","tag":"","is_usecard":"0","card_type":"0","card_id":"","card_fee":"0.00","encrypt_code":""}
-------------------------------------------------
orderno: SH201901222008424444
paytype: alipay
data: []
setting: oksign: oklog: {"plid":"5690","type":"","uniacid":"8","acid":"0","openid":"6837","uniontid":"","tid":"SH201901222008424444","fee":"27.00","status":"0","module":"sz_yi","tag":"","is_usecard":"0","card_type":"0","card_id":"","card_fee":"0.00","encrypt_code":""}
-------------------------------------------------
orderno: SH201901222008424444
paytype: alipay
data: []
setting: oksign: oklog: {"plid":"5690","type":"wechat","uniacid":"8","acid":"0","openid":"6837","uniontid":"","tid":"SH201901222008424444","fee":"27.00","status":"1","module":"sz_yi","tag":"","is_usecard":"0","card_type":"0","card_id":"","card_fee":"0.00","encrypt_code":""}
-------------------------------------------------
orderno: SH201901222009076170
paytype: alipay
data: []
setting: oksign: oklog: {"plid":"5691","type":"","uniacid":"8","acid":"0","openid":"6837","uniontid":"","tid":"SH201901222009076170","fee":"27.00","status":"0","module":"sz_yi","tag":"","is_usecard":"0","card_type":"0","card_id":"","card_fee":"0.00","encrypt_code":""}
-------------------------------------------------
orderno: SH201901222008424444
paytype: alipay
data: []
setting: oksign: oklog: {"plid":"5690","type":"wechat","uniacid":"8","acid":"0","openid":"6837","uniontid":"","tid":"SH201901222008424444","fee":"27.00","status":"1","module":"sz_yi","tag":"","is_usecard":"0","card_type":"0","card_id":"","card_fee":"0.00","encrypt_code":""}
-------------------------------------------------
orderno: SH201901222009076170
paytype: alipay
data: []
setting: oksign: oklog: {"plid":"5691","type":"wechat","uniacid":"8","acid":"0","openid":"6837","uniontid":"","tid":"SH201901222009076170","fee":"27.00","status":"1","module":"sz_yi","tag":"","is_usecard":"0","card_type":"0","card_id":"","card_fee":"0.00","encrypt_code":""}
-------------------------------------------------
orderno: SH201901222009076170
paytype: alipay
data: []
setting: oksign: oklog: {"plid":"5691","type":"wechat","uniacid":"8","acid":"0","openid":"6837","uniontid":"","tid":"SH201901222009076170","fee":"27.00","status":"1","module":"sz_yi","tag":"","is_usecard":"0","card_type":"0","card_id":"","card_fee":"0.00","encrypt_code":""}
-------------------------------------------------
orderno: SH201901222008424444
paytype: alipay
data: []
setting: oksign: oklog: {"plid":"5690","type":"wechat","uniacid":"8","acid":"0","openid":"6837","uniontid":"","tid":"SH201901222008424444","fee":"27.00","status":"1","module":"sz_yi","tag":"","is_usecard":"0","card_type":"0","card_id":"","card_fee":"0.00","encrypt_code":""}
-------------------------------------------------
orderno: SH201901222009522462
paytype: alipay
data: []
setting: oksign: oklog: {"plid":"5692","type":"","uniacid":"8","acid":"0","openid":"6837","uniontid":"","tid":"SH201901222009522462","fee":"27.00","status":"0","module":"sz_yi","tag":"","is_usecard":"0","card_type":"0","card_id":"","card_fee":"0.00","encrypt_code":""}setting: oksign: ok
-------------------------------------------------
orderno: SH201901222009522462
paytype: alipay
data: []
setting: oksign: oklog: {"plid":"5692","type":"wechat","uniacid":"8","acid":"0","openid":"6837","uniontid":"","tid":"SH201901222009522462","fee":"27.00","status":"1","module":"sz_yi","tag":"","is_usecard":"0","card_type":"0","card_id":"","card_fee":"0.00","encrypt_code":""}
-------------------------------------------------
orderno: SH201901222009076170
paytype: alipay
data: []
setting: oksign: oklog: {"plid":"5691","type":"wechat","uniacid":"8","acid":"0","openid":"6837","uniontid":"","tid":"SH201901222009076170","fee":"27.00","status":"1","module":"sz_yi","tag":"","is_usecard":"0","card_type":"0","card_id":"","card_fee":"0.00","encrypt_code":""}
-------------------------------------------------
orderno: SH201901222010144866
paytype: alipay
data: []
setting: oksign: oklog: {"plid":"5693","type":"","uniacid":"8","acid":"0","openid":"6837","uniontid":"","tid":"SH201901222010144866","fee":"27.00","status":"0","module":"sz_yi","tag":"","is_usecard":"0","card_type":"0","card_id":"","card_fee":"0.00","encrypt_code":""}
-------------------------------------------------
orderno: SH201901222009522462
paytype: alipay
data: []
setting: oksign: oklog: {"plid":"5692","type":"wechat","uniacid":"8","acid":"0","openid":"6837","uniontid":"","tid":"SH201901222009522462","fee":"27.00","status":"1","module":"sz_yi","tag":"","is_usecard":"0","card_type":"0","card_id":"","card_fee":"0.00","encrypt_code":""}
-------------------------------------------------
orderno: SH201901222010144866
paytype: alipay
data: []
setting: oksign: oklog: {"plid":"5693","type":"wechat","uniacid":"8","acid":"0","openid":"6837","uniontid":"","tid":"SH201901222010144866","fee":"27.00","status":"1","module":"sz_yi","tag":"","is_usecard":"0","card_type":"0","card_id":"","card_fee":"0.00","encrypt_code":""}
-------------------------------------------------
orderno: SH201901222010412887
paytype: alipay
data: []
setting: oksign: oklog: {"plid":"5694","type":"","uniacid":"8","acid":"0","openid":"6837","uniontid":"","tid":"SH201901222010412887","fee":"27.00","status":"0","module":"sz_yi","tag":"","is_usecard":"0","card_type":"0","card_id":"","card_fee":"0.00","encrypt_code":""}
-------------------------------------------------
orderno: SH201901222010144866
paytype: alipay
data: []
setting: oksign: oklog: {"plid":"5693","type":"wechat","uniacid":"8","acid":"0","openid":"6837","uniontid":"","tid":"SH201901222010144866","fee":"27.00","status":"1","module":"sz_yi","tag":"","is_usecard":"0","card_type":"0","card_id":"","card_fee":"0.00","encrypt_code":""}
-------------------------------------------------
orderno: SH201901222009522462
paytype: alipay
data: []
setting: oksign: oklog: {"plid":"5692","type":"wechat","uniacid":"8","acid":"0","openid":"6837","uniontid":"","tid":"SH201901222009522462","fee":"27.00","status":"1","module":"sz_yi","tag":"","is_usecard":"0","card_type":"0","card_id":"","card_fee":"0.00","encrypt_code":""}
-------------------------------------------------
orderno: SH201901222010412887
paytype: alipay
data: []
setting: oksign: oklog: {"plid":"5694","type":"wechat","uniacid":"8","acid":"0","openid":"6837","uniontid":"","tid":"SH201901222010412887","fee":"27.00","status":"1","module":"sz_yi","tag":"","is_usecard":"0","card_type":"0","card_id":"","card_fee":"0.00","encrypt_code":""}
-------------------------------------------------
orderno: SH201901222011032266
paytype: alipay
data: []
setting: oksign: oklog: {"plid":"5695","type":"","uniacid":"8","acid":"0","openid":"6837","uniontid":"","tid":"SH201901222011032266","fee":"27.00","status":"0","module":"sz_yi","tag":"","is_usecard":"0","card_type":"0","card_id":"","card_fee":"0.00","encrypt_code":""}
-------------------------------------------------
orderno: SH201901222010412887
paytype: alipay
data: []
setting: oksign: oklog: {"plid":"5694","type":"wechat","uniacid":"8","acid":"0","openid":"6837","uniontid":"","tid":"SH201901222010412887","fee":"27.00","status":"1","module":"sz_yi","tag":"","is_usecard":"0","card_type":"0","card_id":"","card_fee":"0.00","encrypt_code":""}
-------------------------------------------------
orderno: SH201901222010144866
paytype: alipay
data: []
setting: oksign: oklog: {"plid":"5693","type":"wechat","uniacid":"8","acid":"0","openid":"6837","uniontid":"","tid":"SH201901222010144866","fee":"27.00","status":"1","module":"sz_yi","tag":"","is_usecard":"0","card_type":"0","card_id":"","card_fee":"0.00","encrypt_code":""}
-------------------------------------------------
orderno: SH201901222011032266
paytype: alipay
data: []
setting: oksign: oklog: {"plid":"5695","type":"wechat","uniacid":"8","acid":"0","openid":"6837","uniontid":"","tid":"SH201901222011032266","fee":"27.00","status":"1","module":"sz_yi","tag":"","is_usecard":"0","card_type":"0","card_id":"","card_fee":"0.00","encrypt_code":""}
-------------------------------------------------
orderno: SH201901222011032266
paytype: alipay
data: []
setting: oksign: oklog: {"plid":"5695","type":"wechat","uniacid":"8","acid":"0","openid":"6837","uniontid":"","tid":"SH201901222011032266","fee":"27.00","status":"1","module":"sz_yi","tag":"","is_usecard":"0","card_type":"0","card_id":"","card_fee":"0.00","encrypt_code":""}
-------------------------------------------------
orderno: SH201901222010412887
paytype: alipay
data: []
setting: oksign: oklog: {"plid":"5694","type":"wechat","uniacid":"8","acid":"0","openid":"6837","uniontid":"","tid":"SH201901222010412887","fee":"27.00","status":"1","module":"sz_yi","tag":"","is_usecard":"0","card_type":"0","card_id":"","card_fee":"0.00","encrypt_code":""}
-------------------------------------------------
orderno: SH201901222011032266
paytype: alipay
data: []
setting: oksign: oklog: {"plid":"5695","type":"wechat","uniacid":"8","acid":"0","openid":"6837","uniontid":"","tid":"SH201901222011032266","fee":"27.00","status":"1","module":"sz_yi","tag":"","is_usecard":"0","card_type":"0","card_id":"","card_fee":"0.00","encrypt_code":""}
-------------------------------------------------
orderno: SH201901222008424444
paytype: alipay
data: []
setting: oksign: oklog: {"plid":"5690","type":"wechat","uniacid":"8","acid":"0","openid":"6837","uniontid":"","tid":"SH201901222008424444","fee":"27.00","status":"1","module":"sz_yi","tag":"","is_usecard":"0","card_type":"0","card_id":"","card_fee":"0.00","encrypt_code":""}
-------------------------------------------------
orderno: SH201901222009076170
paytype: alipay
data: []
setting: oksign: oklog: {"plid":"5691","type":"wechat","uniacid":"8","acid":"0","openid":"6837","uniontid":"","tid":"SH201901222009076170","fee":"27.00","status":"1","module":"sz_yi","tag":"","is_usecard":"0","card_type":"0","card_id":"","card_fee":"0.00","encrypt_code":""}
-------------------------------------------------
orderno: SH201901222009522462
paytype: alipay
data: []
setting: oksign: oklog: {"plid":"5692","type":"wechat","uniacid":"8","acid":"0","openid":"6837","uniontid":"","tid":"SH201901222009522462","fee":"27.00","status":"1","module":"sz_yi","tag":"","is_usecard":"0","card_type":"0","card_id":"","card_fee":"0.00","encrypt_code":""}
-------------------------------------------------
orderno: SH201901222010144866
paytype: alipay
data: []
setting: oksign: oklog: {"plid":"5693","type":"wechat","uniacid":"8","acid":"0","openid":"6837","uniontid":"","tid":"SH201901222010144866","fee":"27.00","status":"1","module":"sz_yi","tag":"","is_usecard":"0","card_type":"0","card_id":"","card_fee":"0.00","encrypt_code":""}
-------------------------------------------------
orderno: SH201901221940298288
paytype: alipay
data: []
setting: oksign: oklog: {"plid":"5671","type":"wechat","uniacid":"8","acid":"0","openid":"6837","uniontid":"","tid":"SH201901221940298288","fee":"40.00","status":"1","module":"sz_yi","tag":"","is_usecard":"0","card_type":"0","card_id":"","card_fee":"0.00","encrypt_code":""}
-------------------------------------------------
orderno: SH201901222010412887
paytype: alipay
data: []
setting: oksign: oklog: {"plid":"5694","type":"wechat","uniacid":"8","acid":"0","openid":"6837","uniontid":"","tid":"SH201901222010412887","fee":"27.00","status":"1","module":"sz_yi","tag":"","is_usecard":"0","card_type":"0","card_id":"","card_fee":"0.00","encrypt_code":""}
-------------------------------------------------
orderno: SH201901221940584825
paytype: alipay
data: []
setting: oksign: oklog: {"plid":"5672","type":"wechat","uniacid":"8","acid":"0","openid":"6837","uniontid":"","tid":"SH201901221940584825","fee":"40.00","status":"1","module":"sz_yi","tag":"","is_usecard":"0","card_type":"0","card_id":"","card_fee":"0.00","encrypt_code":""}
-------------------------------------------------
orderno: SH201901222011032266
paytype: alipay
data: []
setting: oksign: oklog: {"plid":"5695","type":"wechat","uniacid":"8","acid":"0","openid":"6837","uniontid":"","tid":"SH201901222011032266","fee":"27.00","status":"1","module":"sz_yi","tag":"","is_usecard":"0","card_type":"0","card_id":"","card_fee":"0.00","encrypt_code":""}setting: oksign: ok
-------------------------------------------------
orderno: SH201901221942273838
paytype: alipay
data: []
setting: oksign: oklog: {"plid":"5673","type":"wechat","uniacid":"8","acid":"0","openid":"6837","uniontid":"","tid":"SH201901221942273838","fee":"40.00","status":"1","module":"sz_yi","tag":"","is_usecard":"0","card_type":"0","card_id":"","card_fee":"0.00","encrypt_code":""}
-------------------------------------------------
orderno: SH201901221943158242
paytype: alipay
data: []
setting: oksign: oklog: {"plid":"5674","type":"wechat","uniacid":"8","acid":"0","openid":"6837","uniontid":"","tid":"SH201901221943158242","fee":"40.00","status":"1","module":"sz_yi","tag":"","is_usecard":"0","card_type":"0","card_id":"","card_fee":"0.00","encrypt_code":""}
-------------------------------------------------
orderno: SH201901221943578131
paytype: alipay
data: []
setting: oksign: oklog: {"plid":"5675","type":"wechat","uniacid":"8","acid":"0","openid":"6837","uniontid":"","tid":"SH201901221943578131","fee":"40.00","status":"1","module":"sz_yi","tag":"","is_usecard":"0","card_type":"0","card_id":"","card_fee":"0.00","encrypt_code":""}
-------------------------------------------------
orderno: SH201901221944408910
paytype: alipay
data: []
setting: oksign: oklog: {"plid":"5676","type":"wechat","uniacid":"8","acid":"0","openid":"6837","uniontid":"","tid":"SH201901221944408910","fee":"40.00","status":"1","module":"sz_yi","tag":"","is_usecard":"0","card_type":"0","card_id":"","card_fee":"0.00","encrypt_code":""}
-------------------------------------------------
orderno: SH201901221945101812
paytype: alipay
data: []
setting: oksign: oklog: {"plid":"5677","type":"wechat","uniacid":"8","acid":"0","openid":"6837","uniontid":"","tid":"SH201901221945101812","fee":"40.00","status":"1","module":"sz_yi","tag":"","is_usecard":"0","card_type":"0","card_id":"","card_fee":"0.00","encrypt_code":""}
-------------------------------------------------
orderno: SH201901221945438477
paytype: alipay
data: []
setting: oksign: oklog: {"plid":"5678","type":"wechat","uniacid":"8","acid":"0","openid":"6837","uniontid":"","tid":"SH201901221945438477","fee":"40.00","status":"1","module":"sz_yi","tag":"","is_usecard":"0","card_type":"0","card_id":"","card_fee":"0.00","encrypt_code":""}
-------------------------------------------------
orderno: SH201901221946103212
paytype: alipay
data: []
setting: oksign: oklog: {"plid":"5679","type":"wechat","uniacid":"8","acid":"0","openid":"6837","uniontid":"","tid":"SH201901221946103212","fee":"40.00","status":"1","module":"sz_yi","tag":"","is_usecard":"0","card_type":"0","card_id":"","card_fee":"0.00","encrypt_code":""}
-------------------------------------------------
orderno: SH201901221946397466
paytype: alipay
data: []
setting: oksign: oklog: {"plid":"5680","type":"wechat","uniacid":"8","acid":"0","openid":"6837","uniontid":"","tid":"SH201901221946397466","fee":"40.00","status":"1","module":"sz_yi","tag":"","is_usecard":"0","card_type":"0","card_id":"","card_fee":"0.00","encrypt_code":""}
-------------------------------------------------
orderno: SH201901221818282704
paytype: alipay
data: []
setting: oksign: oklog: {"plid":"5670","type":"wechat","uniacid":"8","acid":"0","openid":"4929","uniontid":"","tid":"SH201901221818282704","fee":"1130.00","status":"1","module":"sz_yi","tag":"","is_usecard":"0","card_type":"0","card_id":"","card_fee":"0.00","encrypt_code":""}
-------------------------------------------------
orderno: SH201901221948576409
paytype: alipay
data: []
setting: oksign: oklog: {"plid":"5681","type":"wechat","uniacid":"8","acid":"0","openid":"6837","uniontid":"","tid":"SH201901221948576409","fee":"40.00","status":"1","module":"sz_yi","tag":"","is_usecard":"0","card_type":"0","card_id":"","card_fee":"0.00","encrypt_code":""}
-------------------------------------------------
orderno: SH201901221949267842
paytype: alipay
data: []
setting: oksign: oklog: {"plid":"5682","type":"wechat","uniacid":"8","acid":"0","openid":"6837","uniontid":"","tid":"SH201901221949267842","fee":"40.00","status":"1","module":"sz_yi","tag":"","is_usecard":"0","card_type":"0","card_id":"","card_fee":"0.00","encrypt_code":""}
-------------------------------------------------
orderno: SH201901221955296218
paytype: alipay
data: []
setting: oksign: oklog: {"plid":"5683","type":"wechat","uniacid":"8","acid":"0","openid":"6837","uniontid":"","tid":"SH201901221955296218","fee":"27.00","status":"1","module":"sz_yi","tag":"","is_usecard":"0","card_type":"0","card_id":"","card_fee":"0.00","encrypt_code":""}setting: oksign: ok
-------------------------------------------------
orderno: SH201901221955591810
paytype: alipay
data: []
setting: oksign: oklog: {"plid":"5684","type":"wechat","uniacid":"8","acid":"0","openid":"6837","uniontid":"","tid":"SH201901221955591810","fee":"27.00","status":"1","module":"sz_yi","tag":"","is_usecard":"0","card_type":"0","card_id":"","card_fee":"0.00","encrypt_code":""}
-------------------------------------------------
orderno: SH201901221956241205
paytype: alipay
data: []
setting: oksign: oklog: {"plid":"5685","type":"wechat","uniacid":"8","acid":"0","openid":"6837","uniontid":"","tid":"SH201901221956241205","fee":"27.00","status":"1","module":"sz_yi","tag":"","is_usecard":"0","card_type":"0","card_id":"","card_fee":"0.00","encrypt_code":""}
-------------------------------------------------
orderno: SH201901221956487568
paytype: alipay
data: []
setting: oksign: oklog: {"plid":"5686","type":"wechat","uniacid":"8","acid":"0","openid":"6837","uniontid":"","tid":"SH201901221956487568","fee":"27.00","status":"1","module":"sz_yi","tag":"","is_usecard":"0","card_type":"0","card_id":"","card_fee":"0.00","encrypt_code":""}setting: oksign: ok
-------------------------------------------------
orderno: SH201901222008424444
paytype: alipay
data: []
setting: oksign: oklog: {"plid":"5690","type":"wechat","uniacid":"8","acid":"0","openid":"6837","uniontid":"","tid":"SH201901222008424444","fee":"27.00","status":"1","module":"sz_yi","tag":"","is_usecard":"0","card_type":"0","card_id":"","card_fee":"0.00","encrypt_code":""}setting: oksign: ok
-------------------------------------------------
orderno: SH201901222009076170
paytype: alipay
data: []
setting: oksign: oklog: {"plid":"5691","type":"wechat","uniacid":"8","acid":"0","openid":"6837","uniontid":"","tid":"SH201901222009076170","fee":"27.00","status":"1","module":"sz_yi","tag":"","is_usecard":"0","card_type":"0","card_id":"","card_fee":"0.00","encrypt_code":""}
-------------------------------------------------
orderno: SH201901222009522462
paytype: alipay
data: []
setting: oksign: oklog: {"plid":"5692","type":"wechat","uniacid":"8","acid":"0","openid":"6837","uniontid":"","tid":"SH201901222009522462","fee":"27.00","status":"1","module":"sz_yi","tag":"","is_usecard":"0","card_type":"0","card_id":"","card_fee":"0.00","encrypt_code":""}
-------------------------------------------------
orderno: SH201901222010144866
paytype: alipay
data: []
setting: oksign: oklog: {"plid":"5693","type":"wechat","uniacid":"8","acid":"0","openid":"6837","uniontid":"","tid":"SH201901222010144866","fee":"27.00","status":"1","module":"sz_yi","tag":"","is_usecard":"0","card_type":"0","card_id":"","card_fee":"0.00","encrypt_code":""}
-------------------------------------------------
orderno: SH201901221940298288
paytype: alipay
data: []
setting: oksign: oklog: {"plid":"5671","type":"wechat","uniacid":"8","acid":"0","openid":"6837","uniontid":"","tid":"SH201901221940298288","fee":"40.00","status":"1","module":"sz_yi","tag":"","is_usecard":"0","card_type":"0","card_id":"","card_fee":"0.00","encrypt_code":""}
-------------------------------------------------
orderno: SH201901222010412887
paytype: alipay
data: []
setting: oksign: oklog: {"plid":"5694","type":"wechat","uniacid":"8","acid":"0","openid":"6837","uniontid":"","tid":"SH201901222010412887","fee":"27.00","status":"1","module":"sz_yi","tag":"","is_usecard":"0","card_type":"0","card_id":"","card_fee":"0.00","encrypt_code":""}
-------------------------------------------------
orderno: SH201901221940584825
paytype: alipay
data: []
setting: oksign: oklog: {"plid":"5672","type":"wechat","uniacid":"8","acid":"0","openid":"6837","uniontid":"","tid":"SH201901221940584825","fee":"40.00","status":"1","module":"sz_yi","tag":"","is_usecard":"0","card_type":"0","card_id":"","card_fee":"0.00","encrypt_code":""}
-------------------------------------------------
orderno: SH201901222011032266
paytype: alipay
data: []
setting: oksign: oklog: {"plid":"5695","type":"wechat","uniacid":"8","acid":"0","openid":"6837","uniontid":"","tid":"SH201901222011032266","fee":"27.00","status":"1","module":"sz_yi","tag":"","is_usecard":"0","card_type":"0","card_id":"","card_fee":"0.00","encrypt_code":""}setting: oksign: ok
-------------------------------------------------
orderno: SH201901221942273838
paytype: alipay
data: []
setting: oksign: oklog: {"plid":"5673","type":"wechat","uniacid":"8","acid":"0","openid":"6837","uniontid":"","tid":"SH201901221942273838","fee":"40.00","status":"1","module":"sz_yi","tag":"","is_usecard":"0","card_type":"0","card_id":"","card_fee":"0.00","encrypt_code":""}
-------------------------------------------------
orderno: SH201901221943158242
paytype: alipay
data: []
setting: oksign: oklog: {"plid":"5674","type":"wechat","uniacid":"8","acid":"0","openid":"6837","uniontid":"","tid":"SH201901221943158242","fee":"40.00","status":"1","module":"sz_yi","tag":"","is_usecard":"0","card_type":"0","card_id":"","card_fee":"0.00","encrypt_code":""}
-------------------------------------------------
orderno: SH201901221943578131
paytype: alipay
data: []
setting: oksign: oklog: {"plid":"5675","type":"wechat","uniacid":"8","acid":"0","openid":"6837","uniontid":"","tid":"SH201901221943578131","fee":"40.00","status":"1","module":"sz_yi","tag":"","is_usecard":"0","card_type":"0","card_id":"","card_fee":"0.00","encrypt_code":""}
-------------------------------------------------
orderno: SH201901221944408910
paytype: alipay
data: []
setting: oksign: oklog: {"plid":"5676","type":"wechat","uniacid":"8","acid":"0","openid":"6837","uniontid":"","tid":"SH201901221944408910","fee":"40.00","status":"1","module":"sz_yi","tag":"","is_usecard":"0","card_type":"0","card_id":"","card_fee":"0.00","encrypt_code":""}
-------------------------------------------------
orderno: SH201901221945101812
paytype: alipay
data: []
setting: oksign: oklog: {"plid":"5677","type":"wechat","uniacid":"8","acid":"0","openid":"6837","uniontid":"","tid":"SH201901221945101812","fee":"40.00","status":"1","module":"sz_yi","tag":"","is_usecard":"0","card_type":"0","card_id":"","card_fee":"0.00","encrypt_code":""}
-------------------------------------------------
orderno: SH201901221945438477
paytype: alipay
data: []
setting: oksign: oklog: {"plid":"5678","type":"wechat","uniacid":"8","acid":"0","openid":"6837","uniontid":"","tid":"SH201901221945438477","fee":"40.00","status":"1","module":"sz_yi","tag":"","is_usecard":"0","card_type":"0","card_id":"","card_fee":"0.00","encrypt_code":""}
-------------------------------------------------
orderno: SH201901221946103212
paytype: alipay
data: []
setting: oksign: oklog: {"plid":"5679","type":"wechat","uniacid":"8","acid":"0","openid":"6837","uniontid":"","tid":"SH201901221946103212","fee":"40.00","status":"1","module":"sz_yi","tag":"","is_usecard":"0","card_type":"0","card_id":"","card_fee":"0.00","encrypt_code":""}
-------------------------------------------------
orderno: SH201901221946397466
paytype: alipay
data: []
setting: oksign: oklog: {"plid":"5680","type":"wechat","uniacid":"8","acid":"0","openid":"6837","uniontid":"","tid":"SH201901221946397466","fee":"40.00","status":"1","module":"sz_yi","tag":"","is_usecard":"0","card_type":"0","card_id":"","card_fee":"0.00","encrypt_code":""}
-------------------------------------------------
orderno: SH201901221948576409
paytype: alipay
data: []
setting: oksign: oklog: {"plid":"5681","type":"wechat","uniacid":"8","acid":"0","openid":"6837","uniontid":"","tid":"SH201901221948576409","fee":"40.00","status":"1","module":"sz_yi","tag":"","is_usecard":"0","card_type":"0","card_id":"","card_fee":"0.00","encrypt_code":""}
-------------------------------------------------
orderno: SH201901221949267842
paytype: alipay
data: []
setting: oksign: oklog: {"plid":"5682","type":"wechat","uniacid":"8","acid":"0","openid":"6837","uniontid":"","tid":"SH201901221949267842","fee":"40.00","status":"1","module":"sz_yi","tag":"","is_usecard":"0","card_type":"0","card_id":"","card_fee":"0.00","encrypt_code":""}
-------------------------------------------------
orderno: SH201901221955296218
paytype: alipay
data: []
setting: oksign: oklog: {"plid":"5683","type":"wechat","uniacid":"8","acid":"0","openid":"6837","uniontid":"","tid":"SH201901221955296218","fee":"27.00","status":"1","module":"sz_yi","tag":"","is_usecard":"0","card_type":"0","card_id":"","card_fee":"0.00","encrypt_code":""}setting: oksign: ok