
-------------------------------------------------
orderno: SH201901181213402186
paytype: alipay
data: []
setting: oksign: oklog: {"plid":"5557","type":"","uniacid":"8","acid":"0","openid":"1282","uniontid":"","tid":"SH201901181213402186","fee":"10.00","status":"0","module":"sz_yi","tag":"","is_usecard":"0","card_type":"0","card_id":"","card_fee":"0.00","encrypt_code":""}corelog: okpayResult: {"result":"success","order":{"id":"2977","uniacid":"8","openid":"oSI4Lj8R1ZwMdhDqS92XFHxmblmQ","agentid":"1185","ordersn":"SH201901181213402186","price":"10.00","goodsprice":"10.00","discountprice":"0.00","status":"0","paytype":"21","transid":"","remark":"","addressid":"0","dispatchprice":"0.00","dispatchid":"0","createtime":"1547784820","dispatchtype":"0","carrier":"a:2:{s:16:\"carrier_realname\";s:9:\"\u6e38\u5efa\u7ea2\";s:14:\"carrier_mobile\";s:11:\"13603546192\";}","refundid":"0","iscomment":"0","creditadd":"0","deleted":"0","userdeleted":"0","finishtime":"0","paytime":"0","expresscom":"","expresssn":"","express":"","sendtime":"0","fetchtime":"0","cash":"0","canceltime":null,"cancelpaytime":"0","refundtime":"0","isverify":"0","verified":"0","verifyopenid":"","verifycode":"","verifytime":"0","verifystoreid":"0","deductprice":"0.00","deductcredit":"0","deductcredit2":"0.00","deductenough":"0.00","virtual":"0","virtual_info":null,"virtual_str":null,"address":null,"sysdeleted":"0","ordersn2":"0","changeprice":"0.00","changedispatchprice":"0.00","oldprice":"10.00","olddispatchprice":"0.00","isvirtual":"1","couponid":"0","couponprice":"0.00","diyformid":"0","storeid":"0","diyformdata":null,"diyformfields":null,"printstate":"0","printstate2":"0","supplier_uid":"1402","special":"0","special_status":"","isexchange":"0","credit3_fee":"0.00"},"address":false,"carrier":{"carrier_realname":"\u6e38\u5efa\u7ea2","carrier_mobile":"13603546192"},"virtual":"0","goods":{"dispatchprice":"0.00","ordersn":"SH201901181213402186","price":"10.00","optiontitle":"","optionid":"0","total":"1","goods1":[{"goodsid":"3648","total":"1","title":"\u6563\u517b\u571f\u9e21\u86cb\u65b0\u9c9c\u65e0\u516c\u5bb3500g","thumb":"http:\/\/jhzh66.com\/addons\/sz_yi\/attachment\/images\/8\/2019\/01\/Z6JXYKvlvaWXnZiJjjiiW6viXvTKIL.jpg","price":"10.00","optiontitle":"","optionid":"0"}],"goodscount":1}}.

-------------------------------------------------
orderno: SH201901181218182701
paytype: alipay
data: []
setting: oksign: oklog: {"plid":"5558","type":"","uniacid":"8","acid":"0","openid":"4929","uniontid":"","tid":"SH201901181218182701","fee":"850.00","status":"0","module":"sz_yi","tag":"","is_usecard":"0","card_type":"0","card_id":"","card_fee":"0.00","encrypt_code":""}
-------------------------------------------------
orderno: SH201901181218182701
paytype: alipay
data: []
setting: oksign: oklog: {"plid":"5558","type":"wechat","uniacid":"8","acid":"0","openid":"4929","uniontid":"","tid":"SH201901181218182701","fee":"850.00","status":"1","module":"sz_yi","tag":"","is_usecard":"0","card_type":"0","card_id":"","card_fee":"0.00","encrypt_code":""}
-------------------------------------------------
orderno: SH201901181218182701
paytype: alipay
data: []
setting: oksign: oklog: {"plid":"5558","type":"wechat","uniacid":"8","acid":"0","openid":"4929","uniontid":"","tid":"SH201901181218182701","fee":"850.00","status":"1","module":"sz_yi","tag":"","is_usecard":"0","card_type":"0","card_id":"","card_fee":"0.00","encrypt_code":""}
-------------------------------------------------
orderno: SH201901181218182701
paytype: alipay
data: []
setting: oksign: oklog: {"plid":"5558","type":"wechat","uniacid":"8","acid":"0","openid":"4929","uniontid":"","tid":"SH201901181218182701","fee":"850.00","status":"1","module":"sz_yi","tag":"","is_usecard":"0","card_type":"0","card_id":"","card_fee":"0.00","encrypt_code":""}
-------------------------------------------------
orderno: SH201901181218182701
paytype: alipay
data: []
setting: oksign: oklog: {"plid":"5558","type":"wechat","uniacid":"8","acid":"0","openid":"4929","uniontid":"","tid":"SH201901181218182701","fee":"850.00","status":"1","module":"sz_yi","tag":"","is_usecard":"0","card_type":"0","card_id":"","card_fee":"0.00","encrypt_code":""}
-------------------------------------------------
orderno: SH201901181218182701
paytype: alipay
data: []
setting: oksign: oklog: {"plid":"5558","type":"wechat","uniacid":"8","acid":"0","openid":"4929","uniontid":"","tid":"SH201901181218182701","fee":"850.00","status":"1","module":"sz_yi","tag":"","is_usecard":"0","card_type":"0","card_id":"","card_fee":"0.00","encrypt_code":""}