2016-12-20 09:29:15 trace :
------------
Array:
tousername : gh_0ad70057b777 ;
fromusername : o26ibjjbCfuElmiHPn9QdBOjZaZ4 ;
createtime : 1482197354 ;
msgtype : event ;
event : VIEW ;
eventkey : http://kh39.61why.com/app/index.php?i=2&c=entry&eid=194 ;
menuid : 411738532 ;
from : o26ibjjbCfuElmiHPn9QdBOjZaZ4 ;
to : gh_0ad70057b777 ;
time : 1482197354 ;
type : event ;

2016-12-20 09:29:15 params :
------------
Array:
rule : -2 ;
module :  ;
message : Array ;

2016-12-20 09:29:15 response :
------------

2016-12-20 09:57:27 trace :
------------
Array:
tousername : gh_0ad70057b777 ;
fromusername : o26ibjtDuvYCqIbHvTghEKwxM4n4 ;
createtime : 1482199047 ;
msgtype : event ;
event : VIEW ;
eventkey : http://kh39.61why.com/app/index.php?i=2&c=entry&eid=194 ;
menuid : 411738532 ;
from : o26ibjtDuvYCqIbHvTghEKwxM4n4 ;
to : gh_0ad70057b777 ;
time : 1482199047 ;
type : event ;

2016-12-20 09:57:27 params :
------------
Array:
rule : -2 ;
module :  ;
message : Array ;

2016-12-20 09:57:27 response :
------------

2016-12-20 10:41:57 trace :
------------
Array:
tousername : gh_0ad70057b777 ;
fromusername : o26ibjjbCfuElmiHPn9QdBOjZaZ4 ;
createtime : 1482201717 ;
msgtype : event ;
event : VIEW ;
eventkey : http://kh39.61why.com/app/index.php?i=2&c=entry&eid=194 ;
menuid : 411738532 ;
from : o26ibjjbCfuElmiHPn9QdBOjZaZ4 ;
to : gh_0ad70057b777 ;
time : 1482201717 ;
type : event ;

2016-12-20 10:41:57 params :
------------
Array:
rule : -2 ;
module :  ;
message : Array ;

2016-12-20 10:41:57 response :
------------

2016-12-20 10:42:31 trace :
------------
Array:
tousername : gh_0ad70057b777 ;
fromusername : o26ibjn73ZOyQbr9jZ5sySDOMeFA ;
createtime : 1482201750 ;
msgtype : event ;
event : VIEW ;
eventkey : http://kh39.61why.com/app/index.php?i=2&c=entry&eid=194 ;
menuid : 411738532 ;
from : o26ibjn73ZOyQbr9jZ5sySDOMeFA ;
to : gh_0ad70057b777 ;
time : 1482201750 ;
type : event ;

2016-12-20 10:42:31 params :
------------
Array:
rule : -2 ;
module :  ;
message : Array ;

2016-12-20 10:42:31 response :
------------

2016-12-20 10:44:19 trace :
------------
Array:
tousername : gh_0ad70057b777 ;
fromusername : o26ibjn73ZOyQbr9jZ5sySDOMeFA ;
createtime : 1482201859 ;
msgtype : event ;
event : VIEW ;
eventkey : http://kh39.61why.com/app/index.php?i=2&c=entry&eid=194 ;
menuid : 411738532 ;
from : o26ibjn73ZOyQbr9jZ5sySDOMeFA ;
to : gh_0ad70057b777 ;
time : 1482201859 ;
type : event ;

2016-12-20 10:44:19 params :
------------
Array:
rule : -2 ;
module :  ;
message : Array ;

2016-12-20 10:44:19 response :
------------

2016-12-20 10:48:42 trace :
------------
Array:
tousername : gh_0ad70057b777 ;
fromusername : o26ibjn73ZOyQbr9jZ5sySDOMeFA ;
createtime : 1482202122 ;
msgtype : event ;
event : VIEW ;
eventkey : http://kh39.61why.com/app/index.php?i=2&c=entry&eid=198 ;
menuid : 411738532 ;
from : o26ibjn73ZOyQbr9jZ5sySDOMeFA ;
to : gh_0ad70057b777 ;
time : 1482202122 ;
type : event ;

2016-12-20 10:48:42 params :
------------
Array:
rule : -2 ;
module :  ;
message : Array ;

2016-12-20 10:48:42 response :
------------

2016-12-20 10:53:24 trace :
------------
Array:
tousername : gh_0ad70057b777 ;
fromusername : o26ibjjbCfuElmiHPn9QdBOjZaZ4 ;
createtime : 1482202404 ;
msgtype : event ;
event : VIEW ;
eventkey : http://kh39.61why.com/app/index.php?i=2&c=entry&eid=198 ;
menuid : 411738532 ;
from : o26ibjjbCfuElmiHPn9QdBOjZaZ4 ;
to : gh_0ad70057b777 ;
time : 1482202404 ;
type : event ;

2016-12-20 10:53:24 params :
------------
Array:
rule : -2 ;
module :  ;
message : Array ;

2016-12-20 10:53:24 response :
------------

2016-12-20 11:12:43 trace :
------------
Array:
tousername : gh_0ad70057b777 ;
fromusername : o26ibjsHYiV5vViwqIFfHXoJvyj8 ;
createtime : 1482203563 ;
msgtype : event ;
event : VIEW ;
eventkey : http://kh39.61why.com/app/index.php?i=2&c=entry&eid=194 ;
menuid : 411738532 ;
from : o26ibjsHYiV5vViwqIFfHXoJvyj8 ;
to : gh_0ad70057b777 ;
time : 1482203563 ;
type : event ;

2016-12-20 11:12:43 params :
------------
Array:
rule : -2 ;
module :  ;
message : Array ;

2016-12-20 11:12:43 response :
------------

2016-12-20 11:20:14 trace :
------------
Array:
tousername : gh_0ad70057b777 ;
fromusername : o26ibjsHYiV5vViwqIFfHXoJvyj8 ;
createtime : 1482204014 ;
msgtype : event ;
event : VIEW ;
eventkey : http://kh39.61why.com/app/index.php?i=2&c=entry&eid=198 ;
menuid : 411738532 ;
from : o26ibjsHYiV5vViwqIFfHXoJvyj8 ;
to : gh_0ad70057b777 ;
time : 1482204014 ;
type : event ;

2016-12-20 11:20:14 params :
------------
Array:
rule : -2 ;
module :  ;
message : Array ;

2016-12-20 11:20:14 response :
------------

2016-12-20 15:07:03 trace :
------------
Array:
tousername : gh_0ad70057b777 ;
fromusername : o26ibjsm7OIVdiyvTdmGfSkFnHs8 ;
createtime : 1482217624 ;
msgtype : event ;
event : VIEW ;
eventkey : http://kh39.61why.com/app/index.php?i=2&c=entry&eid=194 ;
menuid : 411738532 ;
from : o26ibjsm7OIVdiyvTdmGfSkFnHs8 ;
to : gh_0ad70057b777 ;
time : 1482217624 ;
type : event ;

2016-12-20 15:07:04 params :
------------
Array:
rule : -2 ;
module :  ;
message : Array ;

2016-12-20 15:07:04 response :
------------

2016-12-20 16:25:50 trace :
------------
Array:
tousername : gh_0ad70057b777 ;
fromusername : o26ibjsHYiV5vViwqIFfHXoJvyj8 ;
createtime : 1482222350 ;
msgtype : event ;
event : VIEW ;
eventkey : http://kh39.61why.com/app/index.php?i=2&c=entry&eid=194 ;
menuid : 411738532 ;
from : o26ibjsHYiV5vViwqIFfHXoJvyj8 ;
to : gh_0ad70057b777 ;
time : 1482222350 ;
type : event ;

2016-12-20 16:25:50 params :
------------
Array:
rule : -2 ;
module :  ;
message : Array ;

2016-12-20 16:25:50 response :
------------

