2016-12-16 10:05:19 trace :
------------
Array:
tousername : gh_0ad70057b777 ;
fromusername : o26ibjsm7OIVdiyvTdmGfSkFnHs8 ;
createtime : 1481853919 ;
msgtype : event ;
event : VIEW ;
eventkey : http://kh39.61why.com/app/index.php?i=2&c=entry&eid=194 ;
menuid : 411738532 ;
from : o26ibjsm7OIVdiyvTdmGfSkFnHs8 ;
to : gh_0ad70057b777 ;
time : 1481853919 ;
type : event ;

2016-12-16 10:05:19 params :
------------
Array:
rule : -2 ;
module :  ;
message : Array ;

2016-12-16 10:05:19 response :
------------

2016-12-16 10:05:58 trace :
------------
Array:
tousername : gh_0ad70057b777 ;
fromusername : o26ibjsm7OIVdiyvTdmGfSkFnHs8 ;
createtime : 1481853958 ;
msgtype : event ;
event : VIEW ;
eventkey : http://kh39.61why.com/app/index.php?i=2&c=entry&eid=194 ;
menuid : 411738532 ;
from : o26ibjsm7OIVdiyvTdmGfSkFnHs8 ;
to : gh_0ad70057b777 ;
time : 1481853958 ;
type : event ;

2016-12-16 10:05:58 params :
------------
Array:
rule : -2 ;
module :  ;
message : Array ;

2016-12-16 10:05:58 response :
------------

2016-12-16 10:22:46 trace :
------------
Array:
tousername : gh_0ad70057b777 ;
fromusername : o26ibjsm7OIVdiyvTdmGfSkFnHs8 ;
createtime : 1481854966 ;
msgtype : event ;
event : VIEW ;
eventkey : http://kh39.61why.com/app/index.php?i=2&c=entry&eid=194 ;
menuid : 411738532 ;
from : o26ibjsm7OIVdiyvTdmGfSkFnHs8 ;
to : gh_0ad70057b777 ;
time : 1481854966 ;
type : event ;

2016-12-16 10:22:46 params :
------------
Array:
rule : -2 ;
module :  ;
message : Array ;

2016-12-16 10:22:46 response :
------------

2016-12-16 10:23:41 trace :
------------
Array:
tousername : gh_0ad70057b777 ;
fromusername : o26ibjsHYiV5vViwqIFfHXoJvyj8 ;
createtime : 1481855021 ;
msgtype : event ;
event : VIEW ;
eventkey : http://kh39.61why.com/app/index.php?i=2&c=entry&eid=194 ;
menuid : 411738532 ;
from : o26ibjsHYiV5vViwqIFfHXoJvyj8 ;
to : gh_0ad70057b777 ;
time : 1481855021 ;
type : event ;

2016-12-16 10:23:41 params :
------------
Array:
rule : -2 ;
module :  ;
message : Array ;

2016-12-16 10:23:41 response :
------------

2016-12-16 10:25:57 trace :
------------
Array:
tousername : gh_0ad70057b777 ;
fromusername : o26ibjsm7OIVdiyvTdmGfSkFnHs8 ;
createtime : 1481855156 ;
msgtype : event ;
event : VIEW ;
eventkey : http://kh39.61why.com/app/index.php?i=2&c=entry&eid=194 ;
menuid : 411738532 ;
from : o26ibjsm7OIVdiyvTdmGfSkFnHs8 ;
to : gh_0ad70057b777 ;
time : 1481855156 ;
type : event ;

2016-12-16 10:25:57 params :
------------
Array:
rule : -2 ;
module :  ;
message : Array ;

2016-12-16 10:25:57 response :
------------

2016-12-16 10:26:06 trace :
------------
Array:
tousername : gh_0ad70057b777 ;
fromusername : o26ibjsm7OIVdiyvTdmGfSkFnHs8 ;
createtime : 1481855166 ;
msgtype : event ;
event : VIEW ;
eventkey : http://kh39.61why.com/app/index.php?i=2&c=entry&eid=194 ;
menuid : 411738532 ;
from : o26ibjsm7OIVdiyvTdmGfSkFnHs8 ;
to : gh_0ad70057b777 ;
time : 1481855166 ;
type : event ;

2016-12-16 10:26:06 params :
------------
Array:
rule : -2 ;
module :  ;
message : Array ;

2016-12-16 10:26:06 response :
------------

2016-12-16 10:26:06 trace :
------------
Array:
tousername : gh_0ad70057b777 ;
fromusername : o26ibjsm7OIVdiyvTdmGfSkFnHs8 ;
createtime : 1481855166 ;
msgtype : event ;
event : VIEW ;
eventkey : http://kh39.61why.com/app/index.php?i=2&c=entry&eid=198 ;
menuid : 411738532 ;
from : o26ibjsm7OIVdiyvTdmGfSkFnHs8 ;
to : gh_0ad70057b777 ;
time : 1481855166 ;
type : event ;

2016-12-16 10:26:06 params :
------------
Array:
rule : -2 ;
module :  ;
message : Array ;

2016-12-16 10:26:06 response :
------------

2016-12-16 10:26:35 trace :
------------
Array:
tousername : gh_0ad70057b777 ;
fromusername : o26ibjsm7OIVdiyvTdmGfSkFnHs8 ;
createtime : 1481855195 ;
msgtype : event ;
event : VIEW ;
eventkey : http://kh39.61why.com/app/index.php?i=2&c=entry&eid=198 ;
menuid : 411738532 ;
from : o26ibjsm7OIVdiyvTdmGfSkFnHs8 ;
to : gh_0ad70057b777 ;
time : 1481855195 ;
type : event ;

2016-12-16 10:26:35 params :
------------
Array:
rule : -2 ;
module :  ;
message : Array ;

2016-12-16 10:26:35 response :
------------

2016-12-16 10:35:27 trace :
------------
Array:
tousername : gh_0ad70057b777 ;
fromusername : o26ibjjbCfuElmiHPn9QdBOjZaZ4 ;
createtime : 1481855726 ;
msgtype : event ;
event : VIEW ;
eventkey : http://kh39.61why.com/app/index.php?i=2&c=entry&eid=198 ;
menuid : 411738532 ;
from : o26ibjjbCfuElmiHPn9QdBOjZaZ4 ;
to : gh_0ad70057b777 ;
time : 1481855726 ;
type : event ;

2016-12-16 10:35:27 params :
------------
Array:
rule : -2 ;
module :  ;
message : Array ;

2016-12-16 10:35:27 response :
------------

2016-12-16 10:37:45 trace :
------------
Array:
tousername : gh_0ad70057b777 ;
fromusername : o26ibjsm7OIVdiyvTdmGfSkFnHs8 ;
createtime : 1481855865 ;
msgtype : event ;
event : VIEW ;
eventkey : http://kh39.61why.com/app/index.php?i=2&c=entry&eid=198 ;
menuid : 411738532 ;
from : o26ibjsm7OIVdiyvTdmGfSkFnHs8 ;
to : gh_0ad70057b777 ;
time : 1481855865 ;
type : event ;

2016-12-16 10:37:45 params :
------------
Array:
rule : -2 ;
module :  ;
message : Array ;

2016-12-16 10:37:45 response :
------------

2016-12-16 10:38:37 trace :
------------
Array:
tousername : gh_0ad70057b777 ;
fromusername : o26ibjsm7OIVdiyvTdmGfSkFnHs8 ;
createtime : 1481855916 ;
msgtype : event ;
event : VIEW ;
eventkey : http://kh39.61why.com/app/index.php?i=2&c=entry&eid=198 ;
menuid : 411738532 ;
from : o26ibjsm7OIVdiyvTdmGfSkFnHs8 ;
to : gh_0ad70057b777 ;
time : 1481855916 ;
type : event ;

2016-12-16 10:38:37 params :
------------
Array:
rule : -2 ;
module :  ;
message : Array ;

2016-12-16 10:38:37 response :
------------

2016-12-16 10:39:28 trace :
------------
Array:
tousername : gh_0ad70057b777 ;
fromusername : o26ibjsm7OIVdiyvTdmGfSkFnHs8 ;
createtime : 1481855968 ;
msgtype : event ;
event : VIEW ;
eventkey : http://kh39.61why.com/app/index.php?i=2&c=entry&eid=198 ;
menuid : 411738532 ;
from : o26ibjsm7OIVdiyvTdmGfSkFnHs8 ;
to : gh_0ad70057b777 ;
time : 1481855968 ;
type : event ;

2016-12-16 10:39:28 params :
------------
Array:
rule : -2 ;
module :  ;
message : Array ;

2016-12-16 10:39:28 response :
------------

2016-12-16 10:45:34 trace :
------------
Array:
tousername : gh_0ad70057b777 ;
fromusername : o26ibjjbCfuElmiHPn9QdBOjZaZ4 ;
createtime : 1481856334 ;
msgtype : event ;
event : VIEW ;
eventkey : http://kh39.61why.com/app/index.php?i=2&c=entry&eid=194 ;
menuid : 411738532 ;
from : o26ibjjbCfuElmiHPn9QdBOjZaZ4 ;
to : gh_0ad70057b777 ;
time : 1481856334 ;
type : event ;

2016-12-16 10:45:34 params :
------------
Array:
rule : -2 ;
module :  ;
message : Array ;

2016-12-16 10:45:34 response :
------------

2016-12-16 10:50:42 trace :
------------
Array:
tousername : gh_0ad70057b777 ;
fromusername : o26ibjjbCfuElmiHPn9QdBOjZaZ4 ;
createtime : 1481856642 ;
msgtype : event ;
event : VIEW ;
eventkey : http://kh39.61why.com/app/index.php?i=2&c=entry&eid=194 ;
menuid : 411738532 ;
from : o26ibjjbCfuElmiHPn9QdBOjZaZ4 ;
to : gh_0ad70057b777 ;
time : 1481856642 ;
type : event ;

2016-12-16 10:50:42 params :
------------
Array:
rule : -2 ;
module :  ;
message : Array ;

2016-12-16 10:50:42 response :
------------

2016-12-16 11:43:03 trace :
------------
Array:
tousername : gh_0ad70057b777 ;
fromusername : o26ibjhn0H_WKHMCuFRqr6obNHJQ ;
createtime : 1481859783 ;
msgtype : event ;
event : VIEW ;
eventkey : http://kh39.61why.com/app/index.php?i=2&c=entry&eid=194 ;
menuid : 411738532 ;
from : o26ibjhn0H_WKHMCuFRqr6obNHJQ ;
to : gh_0ad70057b777 ;
time : 1481859783 ;
type : event ;

2016-12-16 11:43:03 params :
------------
Array:
rule : -2 ;
module :  ;
message : Array ;

2016-12-16 11:43:03 response :
------------

2016-12-16 11:46:03 trace :
------------
Array:
tousername : gh_0ad70057b777 ;
fromusername : o26ibjjbCfuElmiHPn9QdBOjZaZ4 ;
createtime : 1481859962 ;
msgtype : event ;
event : VIEW ;
eventkey : http://kh39.61why.com/app/index.php?i=2&c=entry&eid=194 ;
menuid : 411738532 ;
from : o26ibjjbCfuElmiHPn9QdBOjZaZ4 ;
to : gh_0ad70057b777 ;
time : 1481859962 ;
type : event ;

2016-12-16 11:46:03 params :
------------
Array:
rule : -2 ;
module :  ;
message : Array ;

2016-12-16 11:46:03 response :
------------

2016-12-16 15:03:36 trace :
------------
Array:
tousername : gh_0ad70057b777 ;
fromusername : o26ibjhn0H_WKHMCuFRqr6obNHJQ ;
createtime : 1481871816 ;
msgtype : event ;
event : VIEW ;
eventkey : http://kh39.61why.com/app/index.php?i=2&c=entry&eid=194 ;
menuid : 411738532 ;
from : o26ibjhn0H_WKHMCuFRqr6obNHJQ ;
to : gh_0ad70057b777 ;
time : 1481871816 ;
type : event ;

2016-12-16 15:03:36 params :
------------
Array:
rule : -2 ;
module :  ;
message : Array ;

2016-12-16 15:03:36 response :
------------

2016-12-16 15:58:19 trace :
------------
Array:
tousername : gh_0ad70057b777 ;
fromusername : o26ibjsHYiV5vViwqIFfHXoJvyj8 ;
createtime : 1481875099 ;
msgtype : event ;
event : VIEW ;
eventkey : http://kh39.61why.com/app/index.php?i=2&c=entry&eid=194 ;
menuid : 411738532 ;
from : o26ibjsHYiV5vViwqIFfHXoJvyj8 ;
to : gh_0ad70057b777 ;
time : 1481875099 ;
type : event ;

2016-12-16 15:58:19 params :
------------
Array:
rule : -2 ;
module :  ;
message : Array ;

2016-12-16 15:58:19 response :
------------

