2016-12-23 19:47:27 trace :
------------
Array:
tousername : gh_0ad70057b777 ;
fromusername : o26ibjn73ZOyQbr9jZ5sySDOMeFA ;
createtime : 1482493647 ;
msgtype : event ;
event : VIEW ;
eventkey : http://kh39.61why.com/app/index.php?i=2&c=entry&eid=194 ;
menuid : 411738532 ;
from : o26ibjn73ZOyQbr9jZ5sySDOMeFA ;
to : gh_0ad70057b777 ;
time : 1482493647 ;
type : event ;

2016-12-23 19:47:27 params :
------------
Array:
rule : -2 ;
module :  ;
message : Array ;

2016-12-23 19:47:27 response :
------------

2016-12-23 19:47:51 trace :
------------
Array:
tousername : gh_0ad70057b777 ;
fromusername : o26ibjn73ZOyQbr9jZ5sySDOMeFA ;
createtime : 1482493671 ;
msgtype : event ;
event : VIEW ;
eventkey : http://kh39.61why.com/app/index.php?i=2&c=entry&eid=198 ;
menuid : 411738532 ;
from : o26ibjn73ZOyQbr9jZ5sySDOMeFA ;
to : gh_0ad70057b777 ;
time : 1482493671 ;
type : event ;

2016-12-23 19:47:51 params :
------------
Array:
rule : -2 ;
module :  ;
message : Array ;

2016-12-23 19:47:51 response :
------------

2016-12-23 19:48:38 trace :
------------
Array:
tousername : gh_0ad70057b777 ;
fromusername : o26ibjn73ZOyQbr9jZ5sySDOMeFA ;
createtime : 1482493718 ;
msgtype : event ;
event : VIEW ;
eventkey : http://kh39.61why.com/app/index.php?i=2&c=entry&eid=198 ;
menuid : 411738532 ;
from : o26ibjn73ZOyQbr9jZ5sySDOMeFA ;
to : gh_0ad70057b777 ;
time : 1482493718 ;
type : event ;

2016-12-23 19:48:38 params :
------------
Array:
rule : -2 ;
module :  ;
message : Array ;

2016-12-23 19:48:38 response :
------------

2016-12-23 19:50:12 trace :
------------
Array:
tousername : gh_0ad70057b777 ;
fromusername : o26ibjn73ZOyQbr9jZ5sySDOMeFA ;
createtime : 1482493812 ;
msgtype : event ;
event : VIEW ;
eventkey : http://kh39.61why.com/app/index.php?i=2&c=entry&eid=198 ;
menuid : 411738532 ;
from : o26ibjn73ZOyQbr9jZ5sySDOMeFA ;
to : gh_0ad70057b777 ;
time : 1482493812 ;
type : event ;

2016-12-23 19:50:12 params :
------------
Array:
rule : -2 ;
module :  ;
message : Array ;

2016-12-23 19:50:12 response :
------------

2016-12-23 19:50:39 trace :
------------
Array:
tousername : gh_0ad70057b777 ;
fromusername : o26ibjn73ZOyQbr9jZ5sySDOMeFA ;
createtime : 1482493839 ;
msgtype : event ;
event : VIEW ;
eventkey : http://kh39.61why.com/app/index.php?i=2&c=entry&eid=194 ;
menuid : 411738532 ;
from : o26ibjn73ZOyQbr9jZ5sySDOMeFA ;
to : gh_0ad70057b777 ;
time : 1482493839 ;
type : event ;

2016-12-23 19:50:39 params :
------------
Array:
rule : -2 ;
module :  ;
message : Array ;

2016-12-23 19:50:39 response :
------------

2016-12-23 19:53:32 trace :
------------
Array:
tousername : gh_0ad70057b777 ;
fromusername : o26ibjn73ZOyQbr9jZ5sySDOMeFA ;
createtime : 1482494012 ;
msgtype : event ;
event : VIEW ;
eventkey : http://kh39.61why.com/app/index.php?i=2&c=entry&eid=198 ;
menuid : 411738532 ;
from : o26ibjn73ZOyQbr9jZ5sySDOMeFA ;
to : gh_0ad70057b777 ;
time : 1482494012 ;
type : event ;

2016-12-23 19:53:32 params :
------------
Array:
rule : -2 ;
module :  ;
message : Array ;

2016-12-23 19:53:32 response :
------------

2016-12-23 20:15:50 trace :
------------
Array:
tousername : gh_0ad70057b777 ;
fromusername : o26ibjjbCfuElmiHPn9QdBOjZaZ4 ;
createtime : 1482495350 ;
msgtype : event ;
event : VIEW ;
eventkey : http://kh39.61why.com/app/index.php?i=2&c=entry&eid=198 ;
menuid : 411738532 ;
from : o26ibjjbCfuElmiHPn9QdBOjZaZ4 ;
to : gh_0ad70057b777 ;
time : 1482495350 ;
type : event ;

2016-12-23 20:15:50 params :
------------
Array:
rule : -2 ;
module :  ;
message : Array ;

2016-12-23 20:15:50 response :
------------

