2016-12-09 02:44:21 trace :
------------
Array:
tousername : gh_0ad70057b777 ;
fromusername : o26ibjhn0H_WKHMCuFRqr6obNHJQ ;
createtime : 1481222661 ;
msgtype : event ;
event : VIEW ;
eventkey : http://kh39.61why.com/app/index.php?i=2&c=entry&eid=194 ;
menuid : 411738532 ;
from : o26ibjhn0H_WKHMCuFRqr6obNHJQ ;
to : gh_0ad70057b777 ;
time : 1481222661 ;
type : event ;

2016-12-09 02:44:21 params :
------------
Array:
rule : -2 ;
module :  ;
message : Array ;

2016-12-09 02:44:21 response :
------------

2016-12-09 07:00:29 trace :
------------
Array:
tousername : gh_0ad70057b777 ;
fromusername : o26ibjkkcsGxx46j5O0j2dVDGqn4 ;
createtime : 1481238028 ;
msgtype : event ;
event : VIEW ;
eventkey : http://kh39.61why.com/app/index.php?i=2&c=entry&eid=194 ;
menuid : 411738532 ;
from : o26ibjkkcsGxx46j5O0j2dVDGqn4 ;
to : gh_0ad70057b777 ;
time : 1481238028 ;
type : event ;

2016-12-09 07:00:29 params :
------------
Array:
rule : -2 ;
module :  ;
message : Array ;

2016-12-09 07:00:29 response :
------------

2016-12-09 07:00:40 trace :
------------
Array:
tousername : gh_0ad70057b777 ;
fromusername : o26ibjkkcsGxx46j5O0j2dVDGqn4 ;
createtime : 1481238040 ;
msgtype : event ;
event : VIEW ;
eventkey : http://kh39.61why.com/app/index.php?i=2&c=entry&eid=198 ;
menuid : 411738532 ;
from : o26ibjkkcsGxx46j5O0j2dVDGqn4 ;
to : gh_0ad70057b777 ;
time : 1481238040 ;
type : event ;

2016-12-09 07:00:40 params :
------------
Array:
rule : -2 ;
module :  ;
message : Array ;

2016-12-09 07:00:40 response :
------------

2016-12-09 07:01:26 trace :
------------
Array:
tousername : gh_0ad70057b777 ;
fromusername : o26ibjkkcsGxx46j5O0j2dVDGqn4 ;
createtime : 1481238086 ;
msgtype : event ;
event : VIEW ;
eventkey : http://kh39.61why.com/app/index.php?i=2&c=entry&eid=198 ;
menuid : 411738532 ;
from : o26ibjkkcsGxx46j5O0j2dVDGqn4 ;
to : gh_0ad70057b777 ;
time : 1481238086 ;
type : event ;

2016-12-09 07:01:26 params :
------------
Array:
rule : -2 ;
module :  ;
message : Array ;

2016-12-09 07:01:26 response :
------------

2016-12-09 07:01:53 trace :
------------
Array:
tousername : gh_0ad70057b777 ;
fromusername : o26ibjkkcsGxx46j5O0j2dVDGqn4 ;
createtime : 1481238113 ;
msgtype : event ;
event : VIEW ;
eventkey : http://kh39.61why.com/app/index.php?i=2&c=entry&eid=198 ;
menuid : 411738532 ;
from : o26ibjkkcsGxx46j5O0j2dVDGqn4 ;
to : gh_0ad70057b777 ;
time : 1481238113 ;
type : event ;

2016-12-09 07:01:53 params :
------------
Array:
rule : -2 ;
module :  ;
message : Array ;

2016-12-09 07:01:53 response :
------------

2016-12-09 10:02:54 trace :
------------
Array:
tousername : gh_0ad70057b777 ;
fromusername : o26ibjjbCfuElmiHPn9QdBOjZaZ4 ;
createtime : 1481248973 ;
msgtype : event ;
event : VIEW ;
eventkey : http://kh39.61why.com/app/index.php?i=2&c=entry&eid=194 ;
menuid : 411738532 ;
from : o26ibjjbCfuElmiHPn9QdBOjZaZ4 ;
to : gh_0ad70057b777 ;
time : 1481248973 ;
type : event ;

2016-12-09 10:02:54 params :
------------
Array:
rule : -2 ;
module :  ;
message : Array ;

2016-12-09 10:02:54 response :
------------

2016-12-09 11:11:53 trace :
------------
Array:
tousername : gh_0ad70057b777 ;
fromusername : o26ibjjbCfuElmiHPn9QdBOjZaZ4 ;
createtime : 1481253113 ;
msgtype : event ;
event : VIEW ;
eventkey : http://kh39.61why.com/app/index.php?i=2&c=entry&eid=194 ;
menuid : 411738532 ;
from : o26ibjjbCfuElmiHPn9QdBOjZaZ4 ;
to : gh_0ad70057b777 ;
time : 1481253113 ;
type : event ;

2016-12-09 11:11:53 params :
------------
Array:
rule : -2 ;
module :  ;
message : Array ;

2016-12-09 11:11:53 response :
------------

2016-12-09 11:17:55 trace :
------------
Array:
tousername : gh_0ad70057b777 ;
fromusername : o26ibjjbCfuElmiHPn9QdBOjZaZ4 ;
createtime : 1481253475 ;
msgtype : event ;
event : VIEW ;
eventkey : http://kh39.61why.com/app/index.php?i=2&c=entry&eid=194 ;
menuid : 411738532 ;
from : o26ibjjbCfuElmiHPn9QdBOjZaZ4 ;
to : gh_0ad70057b777 ;
time : 1481253475 ;
type : event ;

2016-12-09 11:17:55 params :
------------
Array:
rule : -2 ;
module :  ;
message : Array ;

2016-12-09 11:17:55 response :
------------

2016-12-09 11:50:17 trace :
------------
Array:
tousername : gh_0ad70057b777 ;
fromusername : o26ibjsHYiV5vViwqIFfHXoJvyj8 ;
createtime : 1481255417 ;
msgtype : event ;
event : VIEW ;
eventkey : http://kh39.61why.com/app/index.php?i=2&c=entry&eid=194 ;
menuid : 411738532 ;
from : o26ibjsHYiV5vViwqIFfHXoJvyj8 ;
to : gh_0ad70057b777 ;
time : 1481255417 ;
type : event ;

2016-12-09 11:50:17 params :
------------
Array:
rule : -2 ;
module :  ;
message : Array ;

2016-12-09 11:50:17 response :
------------

2016-12-09 12:37:47 trace :
------------
Array:
tousername : gh_0ad70057b777 ;
fromusername : o26ibjsHYiV5vViwqIFfHXoJvyj8 ;
createtime : 1481258267 ;
msgtype : event ;
event : VIEW ;
eventkey : http://kh39.61why.com/app/index.php?i=2&c=entry&eid=194 ;
menuid : 411738532 ;
from : o26ibjsHYiV5vViwqIFfHXoJvyj8 ;
to : gh_0ad70057b777 ;
time : 1481258267 ;
type : event ;

2016-12-09 12:37:47 params :
------------
Array:
rule : -2 ;
module :  ;
message : Array ;

2016-12-09 12:37:47 response :
------------

2016-12-09 13:55:38 trace :
------------
Array:
tousername : gh_0ad70057b777 ;
fromusername : o26ibjjbCfuElmiHPn9QdBOjZaZ4 ;
createtime : 1481262938 ;
msgtype : event ;
event : VIEW ;
eventkey : http://kh39.61why.com/app/index.php?i=2&c=entry&eid=198 ;
menuid : 411738532 ;
from : o26ibjjbCfuElmiHPn9QdBOjZaZ4 ;
to : gh_0ad70057b777 ;
time : 1481262938 ;
type : event ;

2016-12-09 13:55:38 params :
------------
Array:
rule : -2 ;
module :  ;
message : Array ;

2016-12-09 13:55:38 response :
------------

2016-12-09 13:59:01 trace :
------------
Array:
tousername : gh_0ad70057b777 ;
fromusername : o26ibjkliBPdG3zO4nQBTfqpkP9s ;
createtime : 1481263141 ;
msgtype : event ;
event : VIEW ;
eventkey : http://kh39.61why.com/app/index.php?i=2&c=entry&eid=194 ;
menuid : 411738532 ;
from : o26ibjkliBPdG3zO4nQBTfqpkP9s ;
to : gh_0ad70057b777 ;
time : 1481263141 ;
type : event ;

2016-12-09 13:59:01 params :
------------
Array:
rule : -2 ;
module :  ;
message : Array ;

2016-12-09 13:59:01 response :
------------

2016-12-09 13:59:05 trace :
------------
Array:
tousername : gh_0ad70057b777 ;
fromusername : o26ibjkliBPdG3zO4nQBTfqpkP9s ;
createtime : 1481263145 ;
msgtype : event ;
event : VIEW ;
eventkey : http://kh39.61why.com/app/index.php?i=2&c=entry&eid=198 ;
menuid : 411738532 ;
from : o26ibjkliBPdG3zO4nQBTfqpkP9s ;
to : gh_0ad70057b777 ;
time : 1481263145 ;
type : event ;

2016-12-09 13:59:05 params :
------------
Array:
rule : -2 ;
module :  ;
message : Array ;

2016-12-09 13:59:05 response :
------------

2016-12-09 13:59:51 trace :
------------
Array:
tousername : gh_0ad70057b777 ;
fromusername : o26ibjkliBPdG3zO4nQBTfqpkP9s ;
createtime : 1481263191 ;
msgtype : event ;
event : VIEW ;
eventkey : http://kh39.61why.com/app/index.php?i=2&c=entry&eid=198 ;
menuid : 411738532 ;
from : o26ibjkliBPdG3zO4nQBTfqpkP9s ;
to : gh_0ad70057b777 ;
time : 1481263191 ;
type : event ;

2016-12-09 13:59:51 params :
------------
Array:
rule : -2 ;
module :  ;
message : Array ;

2016-12-09 13:59:51 response :
------------

2016-12-09 13:59:55 trace :
------------
Array:
tousername : gh_0ad70057b777 ;
fromusername : o26ibjkliBPdG3zO4nQBTfqpkP9s ;
createtime : 1481263195 ;
msgtype : event ;
event : VIEW ;
eventkey : http://kh39.61why.com/app/index.php?i=2&c=entry&eid=198 ;
menuid : 411738532 ;
from : o26ibjkliBPdG3zO4nQBTfqpkP9s ;
to : gh_0ad70057b777 ;
time : 1481263195 ;
type : event ;

2016-12-09 13:59:55 params :
------------
Array:
rule : -2 ;
module :  ;
message : Array ;

2016-12-09 13:59:55 response :
------------

2016-12-09 14:23:36 trace :
------------
Array:
tousername : gh_0ad70057b777 ;
fromusername : o26ibjjbCfuElmiHPn9QdBOjZaZ4 ;
createtime : 1481264616 ;
msgtype : event ;
event : VIEW ;
eventkey : http://kh39.61why.com/app/index.php?i=2&c=entry&eid=198 ;
menuid : 411738532 ;
from : o26ibjjbCfuElmiHPn9QdBOjZaZ4 ;
to : gh_0ad70057b777 ;
time : 1481264616 ;
type : event ;

2016-12-09 14:23:36 params :
------------
Array:
rule : -2 ;
module :  ;
message : Array ;

2016-12-09 14:23:36 response :
------------

2016-12-09 14:38:33 trace :
------------
Array:
tousername : gh_0ad70057b777 ;
fromusername : o26ibjjbCfuElmiHPn9QdBOjZaZ4 ;
createtime : 1481265513 ;
msgtype : event ;
event : VIEW ;
eventkey : http://kh39.61why.com/app/index.php?i=2&c=entry&eid=198 ;
menuid : 411738532 ;
from : o26ibjjbCfuElmiHPn9QdBOjZaZ4 ;
to : gh_0ad70057b777 ;
time : 1481265513 ;
type : event ;

2016-12-09 14:38:33 params :
------------
Array:
rule : -2 ;
module :  ;
message : Array ;

2016-12-09 14:38:33 response :
------------

