2016-12-18 14:39:42 trace :
------------
Array:
tousername : gh_0ad70057b777 ;
fromusername : o26ibjqcqNmqfTnTjGBrwwt4b-hY ;
createtime : 1482043182 ;
msgtype : event ;
event : VIEW ;
eventkey : http://kh39.61why.com/app/index.php?i=2&c=entry&eid=194 ;
menuid : 411738532 ;
from : o26ibjqcqNmqfTnTjGBrwwt4b-hY ;
to : gh_0ad70057b777 ;
time : 1482043182 ;
type : event ;

2016-12-18 14:39:42 params :
------------
Array:
rule : -2 ;
module :  ;
message : Array ;

2016-12-18 14:39:42 response :
------------

2016-12-18 18:16:39 trace :
------------
Array:
tousername : gh_0ad70057b777 ;
fromusername : o26ibjn73ZOyQbr9jZ5sySDOMeFA ;
createtime : 1482056199 ;
msgtype : event ;
event : VIEW ;
eventkey : http://kh39.61why.com/app/index.php?i=2&c=entry&eid=194 ;
menuid : 411738532 ;
from : o26ibjn73ZOyQbr9jZ5sySDOMeFA ;
to : gh_0ad70057b777 ;
time : 1482056199 ;
type : event ;

2016-12-18 18:16:39 params :
------------
Array:
rule : -2 ;
module :  ;
message : Array ;

2016-12-18 18:16:39 response :
------------

2016-12-18 18:17:06 trace :
------------
Array:
tousername : gh_0ad70057b777 ;
fromusername : o26ibjn73ZOyQbr9jZ5sySDOMeFA ;
createtime : 1482056226 ;
msgtype : event ;
event : VIEW ;
eventkey : http://kh39.61why.com/app/index.php?i=2&c=entry&eid=198 ;
menuid : 411738532 ;
from : o26ibjn73ZOyQbr9jZ5sySDOMeFA ;
to : gh_0ad70057b777 ;
time : 1482056226 ;
type : event ;

2016-12-18 18:17:06 params :
------------
Array:
rule : -2 ;
module :  ;
message : Array ;

2016-12-18 18:17:06 response :
------------

2016-12-18 18:17:10 trace :
------------
Array:
tousername : gh_0ad70057b777 ;
fromusername : o26ibjn73ZOyQbr9jZ5sySDOMeFA ;
createtime : 1482056230 ;
msgtype : event ;
event : VIEW ;
eventkey : http://kh39.61why.com/app/index.php?i=2&c=entry&eid=194 ;
menuid : 411738532 ;
from : o26ibjn73ZOyQbr9jZ5sySDOMeFA ;
to : gh_0ad70057b777 ;
time : 1482056230 ;
type : event ;

2016-12-18 18:17:10 params :
------------
Array:
rule : -2 ;
module :  ;
message : Array ;

2016-12-18 18:17:10 response :
------------

2016-12-18 18:21:57 trace :
------------
Array:
tousername : gh_0ad70057b777 ;
fromusername : o26ibjn73ZOyQbr9jZ5sySDOMeFA ;
createtime : 1482056517 ;
msgtype : event ;
event : VIEW ;
eventkey : http://kh39.61why.com/app/index.php?i=2&c=entry&eid=198 ;
menuid : 411738532 ;
from : o26ibjn73ZOyQbr9jZ5sySDOMeFA ;
to : gh_0ad70057b777 ;
time : 1482056517 ;
type : event ;

2016-12-18 18:21:57 params :
------------
Array:
rule : -2 ;
module :  ;
message : Array ;

2016-12-18 18:21:57 response :
------------

2016-12-18 18:22:50 trace :
------------
Array:
tousername : gh_0ad70057b777 ;
fromusername : o26ibjn73ZOyQbr9jZ5sySDOMeFA ;
createtime : 1482056570 ;
msgtype : event ;
event : VIEW ;
eventkey : http://kh39.61why.com/app/index.php?i=2&c=entry&eid=198 ;
menuid : 411738532 ;
from : o26ibjn73ZOyQbr9jZ5sySDOMeFA ;
to : gh_0ad70057b777 ;
time : 1482056570 ;
type : event ;

2016-12-18 18:22:50 params :
------------
Array:
rule : -2 ;
module :  ;
message : Array ;

2016-12-18 18:22:50 response :
------------

2016-12-18 18:24:21 trace :
------------
Array:
tousername : gh_0ad70057b777 ;
fromusername : o26ibjn73ZOyQbr9jZ5sySDOMeFA ;
createtime : 1482056661 ;
msgtype : event ;
event : VIEW ;
eventkey : http://kh39.61why.com/app/index.php?i=2&c=entry&eid=198 ;
menuid : 411738532 ;
from : o26ibjn73ZOyQbr9jZ5sySDOMeFA ;
to : gh_0ad70057b777 ;
time : 1482056661 ;
type : event ;

2016-12-18 18:24:21 params :
------------
Array:
rule : -2 ;
module :  ;
message : Array ;

2016-12-18 18:24:21 response :
------------

2016-12-18 18:24:31 trace :
------------
Array:
tousername : gh_0ad70057b777 ;
fromusername : o26ibjn73ZOyQbr9jZ5sySDOMeFA ;
createtime : 1482056671 ;
msgtype : event ;
event : VIEW ;
eventkey : http://kh39.61why.com/app/index.php?i=2&c=entry&eid=194 ;
menuid : 411738532 ;
from : o26ibjn73ZOyQbr9jZ5sySDOMeFA ;
to : gh_0ad70057b777 ;
time : 1482056671 ;
type : event ;

2016-12-18 18:24:31 params :
------------
Array:
rule : -2 ;
module :  ;
message : Array ;

2016-12-18 18:24:31 response :
------------

2016-12-18 18:27:15 trace :
------------
Array:
tousername : gh_0ad70057b777 ;
fromusername : o26ibjn73ZOyQbr9jZ5sySDOMeFA ;
createtime : 1482056835 ;
msgtype : event ;
event : VIEW ;
eventkey : http://kh39.61why.com/app/index.php?i=2&c=entry&eid=194 ;
menuid : 411738532 ;
from : o26ibjn73ZOyQbr9jZ5sySDOMeFA ;
to : gh_0ad70057b777 ;
time : 1482056835 ;
type : event ;

2016-12-18 18:27:15 params :
------------
Array:
rule : -2 ;
module :  ;
message : Array ;

2016-12-18 18:27:15 response :
------------

