2016-12-05 10:35:40 trace :
------------
Array:
tousername : gh_6052ea18ee42 ;
fromusername : o3C9rwFKHY5qPD-7YjZbJgiU7C6c ;
createtime : 1480905340 ;
msgtype : event ;
event : LOCATION ;
latitude : 23.119310 ;
longitude : 113.420921 ;
precision : 40.000000 ;
from : o3C9rwFKHY5qPD-7YjZbJgiU7C6c ;
to : gh_6052ea18ee42 ;
time : 1480905340 ;
type : trace ;
location_x : 23.119310 ;
location_y : 113.420921 ;

2016-12-05 10:35:40 params :
------------
Array:
message : Array ;
module : default ;
rule : -1 ;

2016-12-05 10:35:40 response :
------------
Array:
errno : -1 ;
message : Invaild value ;

2016-12-05 10:35:46 trace :
------------
Array:
tousername : gh_6052ea18ee42 ;
fromusername : o3C9rwFKHY5qPD-7YjZbJgiU7C6c ;
createtime : 1480905346 ;
msgtype : event ;
event : LOCATION ;
latitude : 23.119310 ;
longitude : 113.420921 ;
precision : 40.000000 ;
from : o3C9rwFKHY5qPD-7YjZbJgiU7C6c ;
to : gh_6052ea18ee42 ;
time : 1480905346 ;
type : trace ;
location_x : 23.119310 ;
location_y : 113.420921 ;

2016-12-05 10:35:46 params :
------------
Array:
message : Array ;
module : default ;
rule : -1 ;

2016-12-05 10:35:46 response :
------------
Array:
errno : -1 ;
message : Invaild value ;

2016-12-05 10:35:52 trace :
------------
Array:
tousername : gh_6052ea18ee42 ;
fromusername : o3C9rwFKHY5qPD-7YjZbJgiU7C6c ;
createtime : 1480905352 ;
msgtype : event ;
event : LOCATION ;
latitude : 23.119467 ;
longitude : 113.421402 ;
precision : 30.000000 ;
from : o3C9rwFKHY5qPD-7YjZbJgiU7C6c ;
to : gh_6052ea18ee42 ;
time : 1480905352 ;
type : trace ;
location_x : 23.119467 ;
location_y : 113.421402 ;

2016-12-05 10:35:52 params :
------------
Array:
message : Array ;
module : default ;
rule : -1 ;

2016-12-05 10:35:52 response :
------------
Array:
errno : -1 ;
message : Invaild value ;

2016-12-05 10:35:58 trace :
------------
Array:
tousername : gh_6052ea18ee42 ;
fromusername : o3C9rwFKHY5qPD-7YjZbJgiU7C6c ;
createtime : 1480905358 ;
msgtype : event ;
event : LOCATION ;
latitude : 23.119467 ;
longitude : 113.421402 ;
precision : 30.000000 ;
from : o3C9rwFKHY5qPD-7YjZbJgiU7C6c ;
to : gh_6052ea18ee42 ;
time : 1480905358 ;
type : trace ;
location_x : 23.119467 ;
location_y : 113.421402 ;

2016-12-05 10:35:58 params :
------------
Array:
message : Array ;
module : default ;
rule : -1 ;

2016-12-05 10:35:58 response :
------------
Array:
errno : -1 ;
message : Invaild value ;

2016-12-05 10:36:04 trace :
------------
Array:
tousername : gh_6052ea18ee42 ;
fromusername : o3C9rwFKHY5qPD-7YjZbJgiU7C6c ;
createtime : 1480905364 ;
msgtype : event ;
event : LOCATION ;
latitude : 23.119467 ;
longitude : 113.421402 ;
precision : 30.000000 ;
from : o3C9rwFKHY5qPD-7YjZbJgiU7C6c ;
to : gh_6052ea18ee42 ;
time : 1480905364 ;
type : trace ;
location_x : 23.119467 ;
location_y : 113.421402 ;

2016-12-05 10:36:04 params :
------------
Array:
message : Array ;
module : default ;
rule : -1 ;

2016-12-05 10:36:04 response :
------------
Array:
errno : -1 ;
message : Invaild value ;

2016-12-05 10:36:10 trace :
------------
Array:
tousername : gh_6052ea18ee42 ;
fromusername : o3C9rwFKHY5qPD-7YjZbJgiU7C6c ;
createtime : 1480905370 ;
msgtype : event ;
event : LOCATION ;
latitude : 23.119284 ;
longitude : 113.421089 ;
precision : 40.000000 ;
from : o3C9rwFKHY5qPD-7YjZbJgiU7C6c ;
to : gh_6052ea18ee42 ;
time : 1480905370 ;
type : trace ;
location_x : 23.119284 ;
location_y : 113.421089 ;

2016-12-05 10:36:10 params :
------------
Array:
message : Array ;
module : default ;
rule : -1 ;

2016-12-05 10:36:10 response :
------------
Array:
errno : -1 ;
message : Invaild value ;

2016-12-05 10:36:16 trace :
------------
Array:
tousername : gh_6052ea18ee42 ;
fromusername : o3C9rwFKHY5qPD-7YjZbJgiU7C6c ;
createtime : 1480905376 ;
msgtype : event ;
event : LOCATION ;
latitude : 23.119284 ;
longitude : 113.421089 ;
precision : 40.000000 ;
from : o3C9rwFKHY5qPD-7YjZbJgiU7C6c ;
to : gh_6052ea18ee42 ;
time : 1480905376 ;
type : trace ;
location_x : 23.119284 ;
location_y : 113.421089 ;

2016-12-05 10:36:16 params :
------------
Array:
message : Array ;
module : default ;
rule : -1 ;

2016-12-05 10:36:16 response :
------------
Array:
errno : -1 ;
message : Invaild value ;

2016-12-05 10:38:14 trace :
------------
Array:
tousername : gh_6052ea18ee42 ;
fromusername : o3C9rwFKHY5qPD-7YjZbJgiU7C6c ;
createtime : 1480905494 ;
msgtype : event ;
event : LOCATION ;
latitude : 23.119200 ;
longitude : 113.420944 ;
precision : 40.000000 ;
from : o3C9rwFKHY5qPD-7YjZbJgiU7C6c ;
to : gh_6052ea18ee42 ;
time : 1480905494 ;
type : trace ;
location_x : 23.119200 ;
location_y : 113.420944 ;

2016-12-05 10:38:14 params :
------------
Array:
message : Array ;
module : default ;
rule : -1 ;

2016-12-05 10:38:14 response :
------------
Array:
errno : -1 ;
message : Invaild value ;

2016-12-05 10:38:19 trace :
------------
Array:
tousername : gh_6052ea18ee42 ;
fromusername : o3C9rwFKHY5qPD-7YjZbJgiU7C6c ;
createtime : 1480905499 ;
msgtype : event ;
event : LOCATION ;
latitude : 23.119200 ;
longitude : 113.420944 ;
precision : 40.000000 ;
from : o3C9rwFKHY5qPD-7YjZbJgiU7C6c ;
to : gh_6052ea18ee42 ;
time : 1480905499 ;
type : trace ;
location_x : 23.119200 ;
location_y : 113.420944 ;

2016-12-05 10:38:19 params :
------------
Array:
message : Array ;
module : default ;
rule : -1 ;

2016-12-05 10:38:19 response :
------------
Array:
errno : -1 ;
message : Invaild value ;

2016-12-05 10:38:24 trace :
------------
Array:
tousername : gh_6052ea18ee42 ;
fromusername : o3C9rwFKHY5qPD-7YjZbJgiU7C6c ;
createtime : 1480905504 ;
msgtype : event ;
event : LOCATION ;
latitude : 23.119465 ;
longitude : 113.420860 ;
precision : 30.000000 ;
from : o3C9rwFKHY5qPD-7YjZbJgiU7C6c ;
to : gh_6052ea18ee42 ;
time : 1480905504 ;
type : trace ;
location_x : 23.119465 ;
location_y : 113.420860 ;

2016-12-05 10:38:24 params :
------------
Array:
message : Array ;
module : default ;
rule : -1 ;

2016-12-05 10:38:24 response :
------------
Array:
errno : -1 ;
message : Invaild value ;

2016-12-05 15:16:44 trace :
------------
Array:
tousername : gh_6052ea18ee42 ;
fromusername : o3C9rwHeI70FxkxmqAsN5V4wKcY4 ;
createtime : 1480922204 ;
msgtype : event ;
event : LOCATION ;
latitude : 23.190689 ;
longitude : 113.236366 ;
precision : 40.000000 ;
from : o3C9rwHeI70FxkxmqAsN5V4wKcY4 ;
to : gh_6052ea18ee42 ;
time : 1480922204 ;
type : trace ;
location_x : 23.190689 ;
location_y : 113.236366 ;

2016-12-05 15:16:44 params :
------------
Array:
message : Array ;
module : default ;
rule : -1 ;

2016-12-05 15:16:44 response :
------------
Array:
errno : -1 ;
message : Invaild value ;

2016-12-05 15:28:22 trace :
------------
Array:
tousername : gh_6052ea18ee42 ;
fromusername : o3C9rwHeI70FxkxmqAsN5V4wKcY4 ;
createtime : 1480922902 ;
msgtype : event ;
event : VIEW ;
eventkey : http://kh39.61why.com/app/index.php?i=2&c=entry&eid=194 ;
menuid : 436164613 ;
from : o3C9rwHeI70FxkxmqAsN5V4wKcY4 ;
to : gh_6052ea18ee42 ;
time : 1480922902 ;
type : event ;

2016-12-05 15:28:22 params :
------------
Array:
rule : -2 ;
module :  ;
message : Array ;

2016-12-05 15:28:22 response :
------------

2016-12-05 15:33:40 trace :
------------
Array:
tousername : gh_6052ea18ee42 ;
fromusername : o3C9rwHeI70FxkxmqAsN5V4wKcY4 ;
createtime : 1480923220 ;
msgtype : event ;
event : LOCATION ;
latitude : 23.190807 ;
longitude : 113.236275 ;
precision : 40.000000 ;
from : o3C9rwHeI70FxkxmqAsN5V4wKcY4 ;
to : gh_6052ea18ee42 ;
time : 1480923220 ;
type : trace ;
location_x : 23.190807 ;
location_y : 113.236275 ;

2016-12-05 15:33:40 params :
------------
Array:
message : Array ;
module : default ;
rule : -1 ;

2016-12-05 15:33:40 response :
------------
Array:
errno : -1 ;
message : Invaild value ;

2016-12-05 15:34:26 trace :
------------
Array:
tousername : gh_6052ea18ee42 ;
fromusername : o3C9rwHeI70FxkxmqAsN5V4wKcY4 ;
createtime : 1480923266 ;
msgtype : event ;
event : LOCATION ;
latitude : 23.190807 ;
longitude : 113.236275 ;
precision : 40.000000 ;
from : o3C9rwHeI70FxkxmqAsN5V4wKcY4 ;
to : gh_6052ea18ee42 ;
time : 1480923266 ;
type : trace ;
location_x : 23.190807 ;
location_y : 113.236275 ;

2016-12-05 15:34:26 params :
------------
Array:
message : Array ;
module : default ;
rule : -1 ;

2016-12-05 15:34:26 response :
------------
Array:
errno : -1 ;
message : Invaild value ;

2016-12-05 15:34:27 trace :
------------
Array:
tousername : gh_6052ea18ee42 ;
fromusername : o3C9rwHeI70FxkxmqAsN5V4wKcY4 ;
createtime : 1480923267 ;
msgtype : event ;
event : VIEW ;
eventkey : http://kh39.61why.com/app/index.php?i=2&c=entry&eid=198 ;
menuid : 436164613 ;
from : o3C9rwHeI70FxkxmqAsN5V4wKcY4 ;
to : gh_6052ea18ee42 ;
time : 1480923267 ;
type : event ;

2016-12-05 15:34:27 params :
------------
Array:
rule : -2 ;
module :  ;
message : Array ;

2016-12-05 15:34:27 response :
------------

2016-12-05 15:41:33 trace :
------------
Array:
tousername : gh_6052ea18ee42 ;
fromusername : o3C9rwHeI70FxkxmqAsN5V4wKcY4 ;
createtime : 1480923692 ;
msgtype : event ;
event : LOCATION ;
latitude : 23.190832 ;
longitude : 113.236298 ;
precision : 40.000000 ;
from : o3C9rwHeI70FxkxmqAsN5V4wKcY4 ;
to : gh_6052ea18ee42 ;
time : 1480923692 ;
type : trace ;
location_x : 23.190832 ;
location_y : 113.236298 ;

2016-12-05 15:41:33 params :
------------
Array:
message : Array ;
module : default ;
rule : -1 ;

2016-12-05 15:41:33 response :
------------
Array:
errno : -1 ;
message : Invaild value ;

2016-12-05 15:43:52 trace :
------------
Array:
tousername : gh_6052ea18ee42 ;
fromusername : o3C9rwKjiiGl7xv0HHSMaLA1sxQU ;
createtime : 1480923832 ;
msgtype : event ;
event : VIEW ;
eventkey : http://kh39.61why.com/app/index.php?i=2&c=entry&eid=194 ;
menuid : 436164613 ;
from : o3C9rwKjiiGl7xv0HHSMaLA1sxQU ;
to : gh_6052ea18ee42 ;
time : 1480923832 ;
type : event ;

2016-12-05 15:43:52 params :
------------
Array:
rule : -2 ;
module :  ;
message : Array ;

2016-12-05 15:43:52 response :
------------

2016-12-05 16:36:29 trace :
------------
Array:
tousername : gh_6052ea18ee42 ;
fromusername : o3C9rwKjiiGl7xv0HHSMaLA1sxQU ;
createtime : 1480926988 ;
msgtype : event ;
event : VIEW ;
eventkey : http://kh39.61why.com/app/index.php?i=2&c=entry&eid=194 ;
menuid : 436164613 ;
from : o3C9rwKjiiGl7xv0HHSMaLA1sxQU ;
to : gh_6052ea18ee42 ;
time : 1480926988 ;
type : event ;

2016-12-05 16:36:29 params :
------------
Array:
rule : -2 ;
module :  ;
message : Array ;

2016-12-05 16:36:29 response :
------------

2016-12-05 17:05:10 trace :
------------
Array:
tousername : gh_6052ea18ee42 ;
fromusername : o3C9rwLuVRzilQDFB-s8N4o0_OU4 ;
createtime : 1480928710 ;
msgtype : event ;
event : LOCATION ;
latitude : 23.190470 ;
longitude : 113.236649 ;
precision : 65.000000 ;
from : o3C9rwLuVRzilQDFB-s8N4o0_OU4 ;
to : gh_6052ea18ee42 ;
time : 1480928710 ;
type : trace ;
location_x : 23.190470 ;
location_y : 113.236649 ;

2016-12-05 17:05:10 params :
------------
Array:
message : Array ;
module : default ;
rule : -1 ;

2016-12-05 17:05:10 response :
------------
Array:
errno : -1 ;
message : Invaild value ;

2016-12-05 17:05:11 trace :
------------
Array:
tousername : gh_6052ea18ee42 ;
fromusername : o3C9rwLuVRzilQDFB-s8N4o0_OU4 ;
createtime : 1480928711 ;
msgtype : event ;
event : VIEW ;
eventkey : http://kh39.61why.com/app/index.php?i=2&c=entry&eid=194 ;
menuid : 436164613 ;
from : o3C9rwLuVRzilQDFB-s8N4o0_OU4 ;
to : gh_6052ea18ee42 ;
time : 1480928711 ;
type : event ;

2016-12-05 17:05:11 params :
------------
Array:
rule : -2 ;
module :  ;
message : Array ;

2016-12-05 17:05:11 response :
------------

2016-12-05 17:05:21 trace :
------------
Array:
tousername : gh_6052ea18ee42 ;
fromusername : o3C9rwLuVRzilQDFB-s8N4o0_OU4 ;
createtime : 1480928721 ;
msgtype : event ;
event : LOCATION ;
latitude : 23.190523 ;
longitude : 113.236534 ;
precision : 65.000000 ;
from : o3C9rwLuVRzilQDFB-s8N4o0_OU4 ;
to : gh_6052ea18ee42 ;
time : 1480928721 ;
type : trace ;
location_x : 23.190523 ;
location_y : 113.236534 ;

2016-12-05 17:05:21 params :
------------
Array:
message : Array ;
module : default ;
rule : -1 ;

2016-12-05 17:05:21 response :
------------
Array:
errno : -1 ;
message : Invaild value ;

2016-12-05 17:05:27 trace :
------------
Array:
tousername : gh_6052ea18ee42 ;
fromusername : o3C9rwLuVRzilQDFB-s8N4o0_OU4 ;
createtime : 1480928727 ;
msgtype : event ;
event : LOCATION ;
latitude : 23.190559 ;
longitude : 113.236588 ;
precision : 65.000000 ;
from : o3C9rwLuVRzilQDFB-s8N4o0_OU4 ;
to : gh_6052ea18ee42 ;
time : 1480928727 ;
type : trace ;
location_x : 23.190559 ;
location_y : 113.236588 ;

2016-12-05 17:05:27 params :
------------
Array:
message : Array ;
module : default ;
rule : -1 ;

2016-12-05 17:05:27 response :
------------
Array:
errno : -1 ;
message : Invaild value ;

2016-12-05 17:05:33 trace :
------------
Array:
tousername : gh_6052ea18ee42 ;
fromusername : o3C9rwLuVRzilQDFB-s8N4o0_OU4 ;
createtime : 1480928733 ;
msgtype : event ;
event : LOCATION ;
latitude : 23.190483 ;
longitude : 113.236572 ;
precision : 65.000000 ;
from : o3C9rwLuVRzilQDFB-s8N4o0_OU4 ;
to : gh_6052ea18ee42 ;
time : 1480928733 ;
type : trace ;
location_x : 23.190483 ;
location_y : 113.236572 ;

2016-12-05 17:05:33 params :
------------
Array:
message : Array ;
module : default ;
rule : -1 ;

2016-12-05 17:05:33 response :
------------
Array:
errno : -1 ;
message : Invaild value ;

2016-12-05 17:05:39 trace :
------------
Array:
tousername : gh_6052ea18ee42 ;
fromusername : o3C9rwLuVRzilQDFB-s8N4o0_OU4 ;
createtime : 1480928739 ;
msgtype : event ;
event : LOCATION ;
latitude : 23.190458 ;
longitude : 113.236618 ;
precision : 65.000000 ;
from : o3C9rwLuVRzilQDFB-s8N4o0_OU4 ;
to : gh_6052ea18ee42 ;
time : 1480928739 ;
type : trace ;
location_x : 23.190458 ;
location_y : 113.236618 ;

2016-12-05 17:05:39 params :
------------
Array:
message : Array ;
module : default ;
rule : -1 ;

2016-12-05 17:05:39 response :
------------
Array:
errno : -1 ;
message : Invaild value ;

2016-12-05 17:05:49 trace :
------------
Array:
tousername : gh_6052ea18ee42 ;
fromusername : o3C9rwLuVRzilQDFB-s8N4o0_OU4 ;
createtime : 1480928749 ;
msgtype : event ;
event : LOCATION ;
latitude : 23.190462 ;
longitude : 113.236557 ;
precision : 65.000000 ;
from : o3C9rwLuVRzilQDFB-s8N4o0_OU4 ;
to : gh_6052ea18ee42 ;
time : 1480928749 ;
type : trace ;
location_x : 23.190462 ;
location_y : 113.236557 ;

2016-12-05 17:05:49 params :
------------
Array:
message : Array ;
module : default ;
rule : -1 ;

2016-12-05 17:05:49 response :
------------
Array:
errno : -1 ;
message : Invaild value ;

2016-12-05 17:06:00 trace :
------------
Array:
tousername : gh_6052ea18ee42 ;
fromusername : o3C9rwHeI70FxkxmqAsN5V4wKcY4 ;
createtime : 1480928760 ;
msgtype : event ;
event : VIEW ;
eventkey : http://kh39.61why.com/app/index.php?i=2&c=entry&eid=194 ;
menuid : 436164613 ;
from : o3C9rwHeI70FxkxmqAsN5V4wKcY4 ;
to : gh_6052ea18ee42 ;
time : 1480928760 ;
type : event ;

2016-12-05 17:06:00 params :
------------
Array:
rule : -2 ;
module :  ;
message : Array ;

2016-12-05 17:06:00 response :
------------

2016-12-05 17:06:01 trace :
------------
Array:
tousername : gh_6052ea18ee42 ;
fromusername : o3C9rwLuVRzilQDFB-s8N4o0_OU4 ;
createtime : 1480928761 ;
msgtype : event ;
event : LOCATION ;
latitude : 23.190470 ;
longitude : 113.236595 ;
precision : 100.000000 ;
from : o3C9rwLuVRzilQDFB-s8N4o0_OU4 ;
to : gh_6052ea18ee42 ;
time : 1480928761 ;
type : trace ;
location_x : 23.190470 ;
location_y : 113.236595 ;

2016-12-05 17:06:01 params :
------------
Array:
message : Array ;
module : default ;
rule : -1 ;

2016-12-05 17:06:01 response :
------------
Array:
errno : -1 ;
message : Invaild value ;

2016-12-05 17:06:07 trace :
------------
Array:
tousername : gh_6052ea18ee42 ;
fromusername : o3C9rwLuVRzilQDFB-s8N4o0_OU4 ;
createtime : 1480928767 ;
msgtype : event ;
event : LOCATION ;
latitude : 23.190470 ;
longitude : 113.236595 ;
precision : 100.000000 ;
from : o3C9rwLuVRzilQDFB-s8N4o0_OU4 ;
to : gh_6052ea18ee42 ;
time : 1480928767 ;
type : trace ;
location_x : 23.190470 ;
location_y : 113.236595 ;

2016-12-05 17:06:07 params :
------------
Array:
message : Array ;
module : default ;
rule : -1 ;

2016-12-05 17:06:07 response :
------------
Array:
errno : -1 ;
message : Invaild value ;

2016-12-05 17:06:14 trace :
------------
Array:
tousername : gh_6052ea18ee42 ;
fromusername : o3C9rwLuVRzilQDFB-s8N4o0_OU4 ;
createtime : 1480928774 ;
msgtype : event ;
event : LOCATION ;
latitude : 23.190470 ;
longitude : 113.236595 ;
precision : 50.000000 ;
from : o3C9rwLuVRzilQDFB-s8N4o0_OU4 ;
to : gh_6052ea18ee42 ;
time : 1480928774 ;
type : trace ;
location_x : 23.190470 ;
location_y : 113.236595 ;

2016-12-05 17:06:14 params :
------------
Array:
message : Array ;
module : default ;
rule : -1 ;

2016-12-05 17:06:14 response :
------------
Array:
errno : -1 ;
message : Invaild value ;

2016-12-05 17:06:21 trace :
------------
Array:
tousername : gh_6052ea18ee42 ;
fromusername : o3C9rwLuVRzilQDFB-s8N4o0_OU4 ;
createtime : 1480928781 ;
msgtype : event ;
event : LOCATION ;
latitude : 23.190470 ;
longitude : 113.236595 ;
precision : 50.000000 ;
from : o3C9rwLuVRzilQDFB-s8N4o0_OU4 ;
to : gh_6052ea18ee42 ;
time : 1480928781 ;
type : trace ;
location_x : 23.190470 ;
location_y : 113.236595 ;

2016-12-05 17:06:21 params :
------------
Array:
message : Array ;
module : default ;
rule : -1 ;

2016-12-05 17:06:21 response :
------------
Array:
errno : -1 ;
message : Invaild value ;

2016-12-05 17:06:27 trace :
------------
Array:
tousername : gh_6052ea18ee42 ;
fromusername : o3C9rwLuVRzilQDFB-s8N4o0_OU4 ;
createtime : 1480928787 ;
msgtype : event ;
event : LOCATION ;
latitude : 23.190470 ;
longitude : 113.236595 ;
precision : 50.000000 ;
from : o3C9rwLuVRzilQDFB-s8N4o0_OU4 ;
to : gh_6052ea18ee42 ;
time : 1480928787 ;
type : trace ;
location_x : 23.190470 ;
location_y : 113.236595 ;

2016-12-05 17:06:27 params :
------------
Array:
message : Array ;
module : default ;
rule : -1 ;

2016-12-05 17:06:27 response :
------------
Array:
errno : -1 ;
message : Invaild value ;

2016-12-05 17:06:33 trace :
------------
Array:
tousername : gh_6052ea18ee42 ;
fromusername : o3C9rwLuVRzilQDFB-s8N4o0_OU4 ;
createtime : 1480928793 ;
msgtype : event ;
event : LOCATION ;
latitude : 23.190470 ;
longitude : 113.236595 ;
precision : 50.000000 ;
from : o3C9rwLuVRzilQDFB-s8N4o0_OU4 ;
to : gh_6052ea18ee42 ;
time : 1480928793 ;
type : trace ;
location_x : 23.190470 ;
location_y : 113.236595 ;

2016-12-05 17:06:33 params :
------------
Array:
message : Array ;
module : default ;
rule : -1 ;

2016-12-05 17:06:33 response :
------------
Array:
errno : -1 ;
message : Invaild value ;

2016-12-05 17:06:38 trace :
------------
Array:
tousername : gh_6052ea18ee42 ;
fromusername : o3C9rwLuVRzilQDFB-s8N4o0_OU4 ;
createtime : 1480928798 ;
msgtype : event ;
event : LOCATION ;
latitude : 23.190470 ;
longitude : 113.236595 ;
precision : 50.000000 ;
from : o3C9rwLuVRzilQDFB-s8N4o0_OU4 ;
to : gh_6052ea18ee42 ;
time : 1480928798 ;
type : trace ;
location_x : 23.190470 ;
location_y : 113.236595 ;

2016-12-05 17:06:38 params :
------------
Array:
message : Array ;
module : default ;
rule : -1 ;

2016-12-05 17:06:38 response :
------------
Array:
errno : -1 ;
message : Invaild value ;

2016-12-05 17:06:44 trace :
------------
Array:
tousername : gh_6052ea18ee42 ;
fromusername : o3C9rwLuVRzilQDFB-s8N4o0_OU4 ;
createtime : 1480928804 ;
msgtype : event ;
event : LOCATION ;
latitude : 23.190470 ;
longitude : 113.236595 ;
precision : 50.000000 ;
from : o3C9rwLuVRzilQDFB-s8N4o0_OU4 ;
to : gh_6052ea18ee42 ;
time : 1480928804 ;
type : trace ;
location_x : 23.190470 ;
location_y : 113.236595 ;

2016-12-05 17:06:44 params :
------------
Array:
message : Array ;
module : default ;
rule : -1 ;

2016-12-05 17:06:44 response :
------------
Array:
errno : -1 ;
message : Invaild value ;

2016-12-05 17:06:49 trace :
------------
Array:
tousername : gh_6052ea18ee42 ;
fromusername : o3C9rwLuVRzilQDFB-s8N4o0_OU4 ;
createtime : 1480928809 ;
msgtype : event ;
event : LOCATION ;
latitude : 23.190470 ;
longitude : 113.236595 ;
precision : 50.000000 ;
from : o3C9rwLuVRzilQDFB-s8N4o0_OU4 ;
to : gh_6052ea18ee42 ;
time : 1480928809 ;
type : trace ;
location_x : 23.190470 ;
location_y : 113.236595 ;

2016-12-05 17:06:49 params :
------------
Array:
message : Array ;
module : default ;
rule : -1 ;

2016-12-05 17:06:49 response :
------------
Array:
errno : -1 ;
message : Invaild value ;

2016-12-05 17:06:54 trace :
------------
Array:
tousername : gh_6052ea18ee42 ;
fromusername : o3C9rwLuVRzilQDFB-s8N4o0_OU4 ;
createtime : 1480928814 ;
msgtype : event ;
event : LOCATION ;
latitude : 23.190470 ;
longitude : 113.236595 ;
precision : 50.000000 ;
from : o3C9rwLuVRzilQDFB-s8N4o0_OU4 ;
to : gh_6052ea18ee42 ;
time : 1480928814 ;
type : trace ;
location_x : 23.190470 ;
location_y : 113.236595 ;

2016-12-05 17:06:54 params :
------------
Array:
message : Array ;
module : default ;
rule : -1 ;

2016-12-05 17:06:54 response :
------------
Array:
errno : -1 ;
message : Invaild value ;

2016-12-05 17:07:00 trace :
------------
Array:
tousername : gh_6052ea18ee42 ;
fromusername : o3C9rwLuVRzilQDFB-s8N4o0_OU4 ;
createtime : 1480928820 ;
msgtype : event ;
event : LOCATION ;
latitude : 23.190470 ;
longitude : 113.236595 ;
precision : 50.000000 ;
from : o3C9rwLuVRzilQDFB-s8N4o0_OU4 ;
to : gh_6052ea18ee42 ;
time : 1480928820 ;
type : trace ;
location_x : 23.190470 ;
location_y : 113.236595 ;

2016-12-05 17:07:00 params :
------------
Array:
message : Array ;
module : default ;
rule : -1 ;

2016-12-05 17:07:00 response :
------------
Array:
errno : -1 ;
message : Invaild value ;

2016-12-05 17:07:05 trace :
------------
Array:
tousername : gh_6052ea18ee42 ;
fromusername : o3C9rwLuVRzilQDFB-s8N4o0_OU4 ;
createtime : 1480928825 ;
msgtype : event ;
event : LOCATION ;
latitude : 23.190445 ;
longitude : 113.236641 ;
precision : 100.000000 ;
from : o3C9rwLuVRzilQDFB-s8N4o0_OU4 ;
to : gh_6052ea18ee42 ;
time : 1480928825 ;
type : trace ;
location_x : 23.190445 ;
location_y : 113.236641 ;

2016-12-05 17:07:05 params :
------------
Array:
message : Array ;
module : default ;
rule : -1 ;

2016-12-05 17:07:05 response :
------------
Array:
errno : -1 ;
message : Invaild value ;

2016-12-05 17:07:16 trace :
------------
Array:
tousername : gh_6052ea18ee42 ;
fromusername : o3C9rwLuVRzilQDFB-s8N4o0_OU4 ;
createtime : 1480928836 ;
msgtype : event ;
event : LOCATION ;
latitude : 23.190376 ;
longitude : 113.236710 ;
precision : 100.000000 ;
from : o3C9rwLuVRzilQDFB-s8N4o0_OU4 ;
to : gh_6052ea18ee42 ;
time : 1480928836 ;
type : trace ;
location_x : 23.190376 ;
location_y : 113.236710 ;

2016-12-05 17:07:16 params :
------------
Array:
message : Array ;
module : default ;
rule : -1 ;

2016-12-05 17:07:16 response :
------------
Array:
errno : -1 ;
message : Invaild value ;

2016-12-05 17:07:23 trace :
------------
Array:
tousername : gh_6052ea18ee42 ;
fromusername : o3C9rwLuVRzilQDFB-s8N4o0_OU4 ;
createtime : 1480928843 ;
msgtype : event ;
event : LOCATION ;
latitude : 23.190397 ;
longitude : 113.236649 ;
precision : 100.000000 ;
from : o3C9rwLuVRzilQDFB-s8N4o0_OU4 ;
to : gh_6052ea18ee42 ;
time : 1480928843 ;
type : trace ;
location_x : 23.190397 ;
location_y : 113.236649 ;

2016-12-05 17:07:23 params :
------------
Array:
message : Array ;
module : default ;
rule : -1 ;

2016-12-05 17:07:23 response :
------------
Array:
errno : -1 ;
message : Invaild value ;

2016-12-05 17:07:29 trace :
------------
Array:
tousername : gh_6052ea18ee42 ;
fromusername : o3C9rwLuVRzilQDFB-s8N4o0_OU4 ;
createtime : 1480928849 ;
msgtype : event ;
event : LOCATION ;
latitude : 23.190397 ;
longitude : 113.236649 ;
precision : 50.000000 ;
from : o3C9rwLuVRzilQDFB-s8N4o0_OU4 ;
to : gh_6052ea18ee42 ;
time : 1480928849 ;
type : trace ;
location_x : 23.190397 ;
location_y : 113.236649 ;

2016-12-05 17:07:29 params :
------------
Array:
message : Array ;
module : default ;
rule : -1 ;

2016-12-05 17:07:29 response :
------------
Array:
errno : -1 ;
message : Invaild value ;

2016-12-05 17:07:35 trace :
------------
Array:
tousername : gh_6052ea18ee42 ;
fromusername : o3C9rwLuVRzilQDFB-s8N4o0_OU4 ;
createtime : 1480928855 ;
msgtype : event ;
event : LOCATION ;
latitude : 23.190397 ;
longitude : 113.236649 ;
precision : 50.000000 ;
from : o3C9rwLuVRzilQDFB-s8N4o0_OU4 ;
to : gh_6052ea18ee42 ;
time : 1480928855 ;
type : trace ;
location_x : 23.190397 ;
location_y : 113.236649 ;

2016-12-05 17:07:35 params :
------------
Array:
message : Array ;
module : default ;
rule : -1 ;

2016-12-05 17:07:35 response :
------------
Array:
errno : -1 ;
message : Invaild value ;

2016-12-05 17:07:41 trace :
------------
Array:
tousername : gh_6052ea18ee42 ;
fromusername : o3C9rwLuVRzilQDFB-s8N4o0_OU4 ;
createtime : 1480928861 ;
msgtype : event ;
event : LOCATION ;
latitude : 23.190397 ;
longitude : 113.236649 ;
precision : 50.000000 ;
from : o3C9rwLuVRzilQDFB-s8N4o0_OU4 ;
to : gh_6052ea18ee42 ;
time : 1480928861 ;
type : trace ;
location_x : 23.190397 ;
location_y : 113.236649 ;

2016-12-05 17:07:41 params :
------------
Array:
message : Array ;
module : default ;
rule : -1 ;

2016-12-05 17:07:41 response :
------------
Array:
errno : -1 ;
message : Invaild value ;

2016-12-05 17:07:48 trace :
------------
Array:
tousername : gh_6052ea18ee42 ;
fromusername : o3C9rwLuVRzilQDFB-s8N4o0_OU4 ;
createtime : 1480928868 ;
msgtype : event ;
event : LOCATION ;
latitude : 23.190397 ;
longitude : 113.236649 ;
precision : 50.000000 ;
from : o3C9rwLuVRzilQDFB-s8N4o0_OU4 ;
to : gh_6052ea18ee42 ;
time : 1480928868 ;
type : trace ;
location_x : 23.190397 ;
location_y : 113.236649 ;

2016-12-05 17:07:48 params :
------------
Array:
message : Array ;
module : default ;
rule : -1 ;

2016-12-05 17:07:48 response :
------------
Array:
errno : -1 ;
message : Invaild value ;

2016-12-05 17:07:54 trace :
------------
Array:
tousername : gh_6052ea18ee42 ;
fromusername : o3C9rwLuVRzilQDFB-s8N4o0_OU4 ;
createtime : 1480928874 ;
msgtype : event ;
event : LOCATION ;
latitude : 23.190397 ;
longitude : 113.236649 ;
precision : 50.000000 ;
from : o3C9rwLuVRzilQDFB-s8N4o0_OU4 ;
to : gh_6052ea18ee42 ;
time : 1480928874 ;
type : trace ;
location_x : 23.190397 ;
location_y : 113.236649 ;

2016-12-05 17:07:54 params :
------------
Array:
message : Array ;
module : default ;
rule : -1 ;

2016-12-05 17:07:54 response :
------------
Array:
errno : -1 ;
message : Invaild value ;

2016-12-05 17:08:02 trace :
------------
Array:
tousername : gh_6052ea18ee42 ;
fromusername : o3C9rwLuVRzilQDFB-s8N4o0_OU4 ;
createtime : 1480928882 ;
msgtype : event ;
event : LOCATION ;
latitude : 23.190397 ;
longitude : 113.236649 ;
precision : 50.000000 ;
from : o3C9rwLuVRzilQDFB-s8N4o0_OU4 ;
to : gh_6052ea18ee42 ;
time : 1480928882 ;
type : trace ;
location_x : 23.190397 ;
location_y : 113.236649 ;

2016-12-05 17:08:02 params :
------------
Array:
message : Array ;
module : default ;
rule : -1 ;

2016-12-05 17:08:02 response :
------------
Array:
errno : -1 ;
message : Invaild value ;

2016-12-05 17:08:05 trace :
------------
Array:
tousername : gh_6052ea18ee42 ;
fromusername : o3C9rwLuVRzilQDFB-s8N4o0_OU4 ;
createtime : 1480928885 ;
msgtype : event ;
event : LOCATION ;
latitude : 23.190397 ;
longitude : 113.236649 ;
precision : 50.000000 ;
from : o3C9rwLuVRzilQDFB-s8N4o0_OU4 ;
to : gh_6052ea18ee42 ;
time : 1480928885 ;
type : trace ;
location_x : 23.190397 ;
location_y : 113.236649 ;

2016-12-05 17:08:05 params :
------------
Array:
message : Array ;
module : default ;
rule : -1 ;

2016-12-05 17:08:05 response :
------------
Array:
errno : -1 ;
message : Invaild value ;

2016-12-05 17:08:10 trace :
------------
Array:
tousername : gh_6052ea18ee42 ;
fromusername : o3C9rwLuVRzilQDFB-s8N4o0_OU4 ;
createtime : 1480928890 ;
msgtype : event ;
event : LOCATION ;
latitude : 23.190397 ;
longitude : 113.236649 ;
precision : 50.000000 ;
from : o3C9rwLuVRzilQDFB-s8N4o0_OU4 ;
to : gh_6052ea18ee42 ;
time : 1480928890 ;
type : trace ;
location_x : 23.190397 ;
location_y : 113.236649 ;

2016-12-05 17:08:10 params :
------------
Array:
message : Array ;
module : default ;
rule : -1 ;

2016-12-05 17:08:10 response :
------------
Array:
errno : -1 ;
message : Invaild value ;

2016-12-05 17:08:16 trace :
------------
Array:
tousername : gh_6052ea18ee42 ;
fromusername : o3C9rwLuVRzilQDFB-s8N4o0_OU4 ;
createtime : 1480928896 ;
msgtype : event ;
event : LOCATION ;
latitude : 23.190397 ;
longitude : 113.236649 ;
precision : 50.000000 ;
from : o3C9rwLuVRzilQDFB-s8N4o0_OU4 ;
to : gh_6052ea18ee42 ;
time : 1480928896 ;
type : trace ;
location_x : 23.190397 ;
location_y : 113.236649 ;

2016-12-05 17:08:16 params :
------------
Array:
message : Array ;
module : default ;
rule : -1 ;

2016-12-05 17:08:16 response :
------------
Array:
errno : -1 ;
message : Invaild value ;

2016-12-05 17:08:22 trace :
------------
Array:
tousername : gh_6052ea18ee42 ;
fromusername : o3C9rwLuVRzilQDFB-s8N4o0_OU4 ;
createtime : 1480928902 ;
msgtype : event ;
event : LOCATION ;
latitude : 23.190397 ;
longitude : 113.236649 ;
precision : 50.000000 ;
from : o3C9rwLuVRzilQDFB-s8N4o0_OU4 ;
to : gh_6052ea18ee42 ;
time : 1480928902 ;
type : trace ;
location_x : 23.190397 ;
location_y : 113.236649 ;

2016-12-05 17:08:22 params :
------------
Array:
message : Array ;
module : default ;
rule : -1 ;

2016-12-05 17:08:22 response :
------------
Array:
errno : -1 ;
message : Invaild value ;

2016-12-05 17:08:27 trace :
------------
Array:
tousername : gh_6052ea18ee42 ;
fromusername : o3C9rwLuVRzilQDFB-s8N4o0_OU4 ;
createtime : 1480928907 ;
msgtype : event ;
event : LOCATION ;
latitude : 23.190397 ;
longitude : 113.236649 ;
precision : 50.000000 ;
from : o3C9rwLuVRzilQDFB-s8N4o0_OU4 ;
to : gh_6052ea18ee42 ;
time : 1480928907 ;
type : trace ;
location_x : 23.190397 ;
location_y : 113.236649 ;

2016-12-05 17:08:27 params :
------------
Array:
message : Array ;
module : default ;
rule : -1 ;

2016-12-05 17:08:27 response :
------------
Array:
errno : -1 ;
message : Invaild value ;

2016-12-05 17:08:32 trace :
------------
Array:
tousername : gh_6052ea18ee42 ;
fromusername : o3C9rwLuVRzilQDFB-s8N4o0_OU4 ;
createtime : 1480928912 ;
msgtype : event ;
event : LOCATION ;
latitude : 23.190397 ;
longitude : 113.236649 ;
precision : 50.000000 ;
from : o3C9rwLuVRzilQDFB-s8N4o0_OU4 ;
to : gh_6052ea18ee42 ;
time : 1480928912 ;
type : trace ;
location_x : 23.190397 ;
location_y : 113.236649 ;

2016-12-05 17:08:32 params :
------------
Array:
message : Array ;
module : default ;
rule : -1 ;

2016-12-05 17:08:32 response :
------------
Array:
errno : -1 ;
message : Invaild value ;

2016-12-05 17:08:37 trace :
------------
Array:
tousername : gh_6052ea18ee42 ;
fromusername : o3C9rwLuVRzilQDFB-s8N4o0_OU4 ;
createtime : 1480928917 ;
msgtype : event ;
event : LOCATION ;
latitude : 23.190397 ;
longitude : 113.236649 ;
precision : 50.000000 ;
from : o3C9rwLuVRzilQDFB-s8N4o0_OU4 ;
to : gh_6052ea18ee42 ;
time : 1480928917 ;
type : trace ;
location_x : 23.190397 ;
location_y : 113.236649 ;

2016-12-05 17:08:37 params :
------------
Array:
message : Array ;
module : default ;
rule : -1 ;

2016-12-05 17:08:37 response :
------------
Array:
errno : -1 ;
message : Invaild value ;

2016-12-05 17:08:43 trace :
------------
Array:
tousername : gh_6052ea18ee42 ;
fromusername : o3C9rwLuVRzilQDFB-s8N4o0_OU4 ;
createtime : 1480928923 ;
msgtype : event ;
event : LOCATION ;
latitude : 23.190397 ;
longitude : 113.236649 ;
precision : 50.000000 ;
from : o3C9rwLuVRzilQDFB-s8N4o0_OU4 ;
to : gh_6052ea18ee42 ;
time : 1480928923 ;
type : trace ;
location_x : 23.190397 ;
location_y : 113.236649 ;

2016-12-05 17:08:43 params :
------------
Array:
message : Array ;
module : default ;
rule : -1 ;

2016-12-05 17:08:43 response :
------------
Array:
errno : -1 ;
message : Invaild value ;

2016-12-05 17:08:48 trace :
------------
Array:
tousername : gh_6052ea18ee42 ;
fromusername : o3C9rwLuVRzilQDFB-s8N4o0_OU4 ;
createtime : 1480928928 ;
msgtype : event ;
event : LOCATION ;
latitude : 23.190397 ;
longitude : 113.236649 ;
precision : 50.000000 ;
from : o3C9rwLuVRzilQDFB-s8N4o0_OU4 ;
to : gh_6052ea18ee42 ;
time : 1480928928 ;
type : trace ;
location_x : 23.190397 ;
location_y : 113.236649 ;

2016-12-05 17:08:48 params :
------------
Array:
message : Array ;
module : default ;
rule : -1 ;

2016-12-05 17:08:48 response :
------------
Array:
errno : -1 ;
message : Invaild value ;

2016-12-05 17:08:54 trace :
------------
Array:
tousername : gh_6052ea18ee42 ;
fromusername : o3C9rwKjiiGl7xv0HHSMaLA1sxQU ;
createtime : 1480928934 ;
msgtype : event ;
event : VIEW ;
eventkey : http://kh39.61why.com/app/index.php?i=2&c=entry&eid=194 ;
menuid : 436164613 ;
from : o3C9rwKjiiGl7xv0HHSMaLA1sxQU ;
to : gh_6052ea18ee42 ;
time : 1480928934 ;
type : event ;

2016-12-05 17:08:54 params :
------------
Array:
rule : -2 ;
module :  ;
message : Array ;

2016-12-05 17:08:54 response :
------------

2016-12-05 17:08:57 trace :
------------
Array:
tousername : gh_6052ea18ee42 ;
fromusername : o3C9rwLuVRzilQDFB-s8N4o0_OU4 ;
createtime : 1480928937 ;
msgtype : event ;
event : LOCATION ;
latitude : 23.190397 ;
longitude : 113.236649 ;
precision : 50.000000 ;
from : o3C9rwLuVRzilQDFB-s8N4o0_OU4 ;
to : gh_6052ea18ee42 ;
time : 1480928937 ;
type : trace ;
location_x : 23.190397 ;
location_y : 113.236649 ;

2016-12-05 17:08:57 params :
------------
Array:
message : Array ;
module : default ;
rule : -1 ;

2016-12-05 17:08:57 response :
------------
Array:
errno : -1 ;
message : Invaild value ;

2016-12-05 17:09:02 trace :
------------
Array:
tousername : gh_6052ea18ee42 ;
fromusername : o3C9rwLuVRzilQDFB-s8N4o0_OU4 ;
createtime : 1480928942 ;
msgtype : event ;
event : LOCATION ;
latitude : 23.190397 ;
longitude : 113.236649 ;
precision : 50.000000 ;
from : o3C9rwLuVRzilQDFB-s8N4o0_OU4 ;
to : gh_6052ea18ee42 ;
time : 1480928942 ;
type : trace ;
location_x : 23.190397 ;
location_y : 113.236649 ;

2016-12-05 17:09:02 params :
------------
Array:
message : Array ;
module : default ;
rule : -1 ;

2016-12-05 17:09:02 response :
------------
Array:
errno : -1 ;
message : Invaild value ;

2016-12-05 17:09:08 trace :
------------
Array:
tousername : gh_6052ea18ee42 ;
fromusername : o3C9rwLuVRzilQDFB-s8N4o0_OU4 ;
createtime : 1480928948 ;
msgtype : event ;
event : LOCATION ;
latitude : 23.190397 ;
longitude : 113.236649 ;
precision : 50.000000 ;
from : o3C9rwLuVRzilQDFB-s8N4o0_OU4 ;
to : gh_6052ea18ee42 ;
time : 1480928948 ;
type : trace ;
location_x : 23.190397 ;
location_y : 113.236649 ;

2016-12-05 17:09:08 params :
------------
Array:
message : Array ;
module : default ;
rule : -1 ;

2016-12-05 17:09:08 response :
------------
Array:
errno : -1 ;
message : Invaild value ;

2016-12-05 17:09:13 trace :
------------
Array:
tousername : gh_6052ea18ee42 ;
fromusername : o3C9rwLuVRzilQDFB-s8N4o0_OU4 ;
createtime : 1480928953 ;
msgtype : event ;
event : LOCATION ;
latitude : 23.190397 ;
longitude : 113.236649 ;
precision : 50.000000 ;
from : o3C9rwLuVRzilQDFB-s8N4o0_OU4 ;
to : gh_6052ea18ee42 ;
time : 1480928953 ;
type : trace ;
location_x : 23.190397 ;
location_y : 113.236649 ;

2016-12-05 17:09:13 params :
------------
Array:
message : Array ;
module : default ;
rule : -1 ;

2016-12-05 17:09:13 response :
------------
Array:
errno : -1 ;
message : Invaild value ;

2016-12-05 17:09:18 trace :
------------
Array:
tousername : gh_6052ea18ee42 ;
fromusername : o3C9rwLuVRzilQDFB-s8N4o0_OU4 ;
createtime : 1480928958 ;
msgtype : event ;
event : LOCATION ;
latitude : 23.190397 ;
longitude : 113.236649 ;
precision : 50.000000 ;
from : o3C9rwLuVRzilQDFB-s8N4o0_OU4 ;
to : gh_6052ea18ee42 ;
time : 1480928958 ;
type : trace ;
location_x : 23.190397 ;
location_y : 113.236649 ;

2016-12-05 17:09:18 params :
------------
Array:
message : Array ;
module : default ;
rule : -1 ;

2016-12-05 17:09:18 response :
------------
Array:
errno : -1 ;
message : Invaild value ;

2016-12-05 17:09:23 trace :
------------
Array:
tousername : gh_6052ea18ee42 ;
fromusername : o3C9rwLuVRzilQDFB-s8N4o0_OU4 ;
createtime : 1480928963 ;
msgtype : event ;
event : LOCATION ;
latitude : 23.190397 ;
longitude : 113.236649 ;
precision : 50.000000 ;
from : o3C9rwLuVRzilQDFB-s8N4o0_OU4 ;
to : gh_6052ea18ee42 ;
time : 1480928963 ;
type : trace ;
location_x : 23.190397 ;
location_y : 113.236649 ;

2016-12-05 17:09:23 params :
------------
Array:
message : Array ;
module : default ;
rule : -1 ;

2016-12-05 17:09:23 response :
------------
Array:
errno : -1 ;
message : Invaild value ;

2016-12-05 17:09:29 trace :
------------
Array:
tousername : gh_6052ea18ee42 ;
fromusername : o3C9rwLuVRzilQDFB-s8N4o0_OU4 ;
createtime : 1480928969 ;
msgtype : event ;
event : LOCATION ;
latitude : 23.190397 ;
longitude : 113.236649 ;
precision : 50.000000 ;
from : o3C9rwLuVRzilQDFB-s8N4o0_OU4 ;
to : gh_6052ea18ee42 ;
time : 1480928969 ;
type : trace ;
location_x : 23.190397 ;
location_y : 113.236649 ;

2016-12-05 17:09:29 params :
------------
Array:
message : Array ;
module : default ;
rule : -1 ;

2016-12-05 17:09:29 response :
------------
Array:
errno : -1 ;
message : Invaild value ;

2016-12-05 17:09:35 trace :
------------
Array:
tousername : gh_6052ea18ee42 ;
fromusername : o3C9rwLuVRzilQDFB-s8N4o0_OU4 ;
createtime : 1480928975 ;
msgtype : event ;
event : LOCATION ;
latitude : 23.190397 ;
longitude : 113.236649 ;
precision : 50.000000 ;
from : o3C9rwLuVRzilQDFB-s8N4o0_OU4 ;
to : gh_6052ea18ee42 ;
time : 1480928975 ;
type : trace ;
location_x : 23.190397 ;
location_y : 113.236649 ;

2016-12-05 17:09:35 params :
------------
Array:
message : Array ;
module : default ;
rule : -1 ;

2016-12-05 17:09:35 response :
------------
Array:
errno : -1 ;
message : Invaild value ;

2016-12-05 17:09:41 trace :
------------
Array:
tousername : gh_6052ea18ee42 ;
fromusername : o3C9rwLuVRzilQDFB-s8N4o0_OU4 ;
createtime : 1480928981 ;
msgtype : event ;
event : LOCATION ;
latitude : 23.190397 ;
longitude : 113.236649 ;
precision : 50.000000 ;
from : o3C9rwLuVRzilQDFB-s8N4o0_OU4 ;
to : gh_6052ea18ee42 ;
time : 1480928981 ;
type : trace ;
location_x : 23.190397 ;
location_y : 113.236649 ;

2016-12-05 17:09:41 params :
------------
Array:
message : Array ;
module : default ;
rule : -1 ;

2016-12-05 17:09:41 response :
------------
Array:
errno : -1 ;
message : Invaild value ;

2016-12-05 17:09:46 trace :
------------
Array:
tousername : gh_6052ea18ee42 ;
fromusername : o3C9rwLuVRzilQDFB-s8N4o0_OU4 ;
createtime : 1480928986 ;
msgtype : event ;
event : LOCATION ;
latitude : 23.190397 ;
longitude : 113.236649 ;
precision : 50.000000 ;
from : o3C9rwLuVRzilQDFB-s8N4o0_OU4 ;
to : gh_6052ea18ee42 ;
time : 1480928986 ;
type : trace ;
location_x : 23.190397 ;
location_y : 113.236649 ;

2016-12-05 17:09:46 params :
------------
Array:
message : Array ;
module : default ;
rule : -1 ;

2016-12-05 17:09:46 response :
------------
Array:
errno : -1 ;
message : Invaild value ;

2016-12-05 17:09:52 trace :
------------
Array:
tousername : gh_6052ea18ee42 ;
fromusername : o3C9rwLuVRzilQDFB-s8N4o0_OU4 ;
createtime : 1480928992 ;
msgtype : event ;
event : LOCATION ;
latitude : 23.190439 ;
longitude : 113.236633 ;
precision : 50.000000 ;
from : o3C9rwLuVRzilQDFB-s8N4o0_OU4 ;
to : gh_6052ea18ee42 ;
time : 1480928992 ;
type : trace ;
location_x : 23.190439 ;
location_y : 113.236633 ;

2016-12-05 17:09:52 params :
------------
Array:
message : Array ;
module : default ;
rule : -1 ;

2016-12-05 17:09:52 response :
------------
Array:
errno : -1 ;
message : Invaild value ;

2016-12-05 17:09:57 trace :
------------
Array:
tousername : gh_6052ea18ee42 ;
fromusername : o3C9rwLuVRzilQDFB-s8N4o0_OU4 ;
createtime : 1480928997 ;
msgtype : event ;
event : LOCATION ;
latitude : 23.190439 ;
longitude : 113.236633 ;
precision : 50.000000 ;
from : o3C9rwLuVRzilQDFB-s8N4o0_OU4 ;
to : gh_6052ea18ee42 ;
time : 1480928997 ;
type : trace ;
location_x : 23.190439 ;
location_y : 113.236633 ;

2016-12-05 17:09:57 params :
------------
Array:
message : Array ;
module : default ;
rule : -1 ;

2016-12-05 17:09:57 response :
------------
Array:
errno : -1 ;
message : Invaild value ;

2016-12-05 17:10:02 trace :
------------
Array:
tousername : gh_6052ea18ee42 ;
fromusername : o3C9rwLuVRzilQDFB-s8N4o0_OU4 ;
createtime : 1480929002 ;
msgtype : event ;
event : LOCATION ;
latitude : 23.190439 ;
longitude : 113.236633 ;
precision : 50.000000 ;
from : o3C9rwLuVRzilQDFB-s8N4o0_OU4 ;
to : gh_6052ea18ee42 ;
time : 1480929002 ;
type : trace ;
location_x : 23.190439 ;
location_y : 113.236633 ;

2016-12-05 17:10:02 params :
------------
Array:
message : Array ;
module : default ;
rule : -1 ;

2016-12-05 17:10:02 response :
------------
Array:
errno : -1 ;
message : Invaild value ;

2016-12-05 17:25:17 trace :
------------
Array:
tousername : gh_6052ea18ee42 ;
fromusername : o3C9rwKjiiGl7xv0HHSMaLA1sxQU ;
createtime : 1480929917 ;
msgtype : event ;
event : VIEW ;
eventkey : http://kh39.61why.com/app/index.php?i=2&c=entry&eid=194 ;
menuid : 436164613 ;
from : o3C9rwKjiiGl7xv0HHSMaLA1sxQU ;
to : gh_6052ea18ee42 ;
time : 1480929917 ;
type : event ;

2016-12-05 17:25:17 params :
------------
Array:
rule : -2 ;
module :  ;
message : Array ;

2016-12-05 17:25:17 response :
------------

2016-12-05 17:43:47 trace :
------------
Array:
tousername : gh_6052ea18ee42 ;
fromusername : o3C9rwHeI70FxkxmqAsN5V4wKcY4 ;
createtime : 1480931027 ;
msgtype : event ;
event : LOCATION ;
latitude : 23.190840 ;
longitude : 113.236313 ;
precision : 40.000000 ;
from : o3C9rwHeI70FxkxmqAsN5V4wKcY4 ;
to : gh_6052ea18ee42 ;
time : 1480931027 ;
type : trace ;
location_x : 23.190840 ;
location_y : 113.236313 ;

2016-12-05 17:43:47 params :
------------
Array:
message : Array ;
module : default ;
rule : -1 ;

2016-12-05 17:43:47 response :
------------
Array:
errno : -1 ;
message : Invaild value ;

2016-12-05 17:50:53 trace :
------------
Array:
tousername : gh_6052ea18ee42 ;
fromusername : o3C9rwHeI70FxkxmqAsN5V4wKcY4 ;
createtime : 1480931453 ;
msgtype : event ;
event : VIEW ;
eventkey : http://kh39.61why.com/app/index.php?i=2&c=entry&eid=194 ;
menuid : 436164613 ;
from : o3C9rwHeI70FxkxmqAsN5V4wKcY4 ;
to : gh_6052ea18ee42 ;
time : 1480931453 ;
type : event ;

2016-12-05 17:50:53 params :
------------
Array:
rule : -2 ;
module :  ;
message : Array ;

2016-12-05 17:50:53 response :
------------

2016-12-05 17:55:30 trace :
------------
Array:
tousername : gh_6052ea18ee42 ;
fromusername : o3C9rwKjiiGl7xv0HHSMaLA1sxQU ;
createtime : 1480931730 ;
msgtype : event ;
event : CLICK ;
eventkey : 二维码 ;
from : o3C9rwKjiiGl7xv0HHSMaLA1sxQU ;
to : gh_6052ea18ee42 ;
time : 1480931730 ;
type : event ;

2016-12-05 17:57:49 trace :
------------
Array:
tousername : gh_6052ea18ee42 ;
fromusername : o3C9rwKjiiGl7xv0HHSMaLA1sxQU ;
createtime : 1480931869 ;
msgtype : event ;
event : VIEW ;
eventkey : http://kh39.61why.com/app/index.php?i=2&c=entry&eid=198 ;
menuid : 436212432 ;
from : o3C9rwKjiiGl7xv0HHSMaLA1sxQU ;
to : gh_6052ea18ee42 ;
time : 1480931869 ;
type : event ;

2016-12-05 17:57:49 params :
------------
Array:
rule : -2 ;
module :  ;
message : Array ;

2016-12-05 17:57:49 response :
------------

2016-12-05 18:00:19 trace :
------------
Array:
tousername : gh_6052ea18ee42 ;
fromusername : o3C9rwKjiiGl7xv0HHSMaLA1sxQU ;
createtime : 1480932019 ;
msgtype : event ;
event : CLICK ;
eventkey : 二维码 ;
from : o3C9rwKjiiGl7xv0HHSMaLA1sxQU ;
to : gh_6052ea18ee42 ;
time : 1480932019 ;
type : event ;

2016-12-05 18:00:21 trace :
------------
Array:
tousername : gh_6052ea18ee42 ;
fromusername : o3C9rwKjiiGl7xv0HHSMaLA1sxQU ;
createtime : 1480932020 ;
msgtype : event ;
event : VIEW ;
eventkey : http://kh39.61why.com/app/index.php?i=2&c=entry&eid=198 ;
menuid : 436212432 ;
from : o3C9rwKjiiGl7xv0HHSMaLA1sxQU ;
to : gh_6052ea18ee42 ;
time : 1480932020 ;
type : event ;

2016-12-05 18:00:21 params :
------------
Array:
rule : -2 ;
module :  ;
message : Array ;

2016-12-05 18:00:21 response :
------------

2016-12-05 18:01:04 trace :
------------
Array:
tousername : gh_6052ea18ee42 ;
fromusername : o3C9rwKjiiGl7xv0HHSMaLA1sxQU ;
createtime : 1480932064 ;
msgtype : event ;
event : VIEW ;
eventkey : http://kh39.61why.com/app/index.php?i=2&c=entry&eid=198 ;
menuid : 436212432 ;
from : o3C9rwKjiiGl7xv0HHSMaLA1sxQU ;
to : gh_6052ea18ee42 ;
time : 1480932064 ;
type : event ;

2016-12-05 18:01:04 params :
------------
Array:
rule : -2 ;
module :  ;
message : Array ;

2016-12-05 18:01:04 response :
------------

2016-12-05 18:04:17 trace :
------------
Array:
tousername : gh_6052ea18ee42 ;
fromusername : o3C9rwKjiiGl7xv0HHSMaLA1sxQU ;
createtime : 1480932257 ;
msgtype : event ;
event : VIEW ;
eventkey : http://kh39.61why.com/app/index.php?i=2&c=entry&eid=198 ;
menuid : 436212432 ;
from : o3C9rwKjiiGl7xv0HHSMaLA1sxQU ;
to : gh_6052ea18ee42 ;
time : 1480932257 ;
type : event ;

2016-12-05 18:04:17 params :
------------
Array:
rule : -2 ;
module :  ;
message : Array ;

2016-12-05 18:04:17 response :
------------

