2016-12-31 00:15:18 trace :
------------
Array:
tousername : gh_6536061e4435 ;
fromusername : oKwkYw9A27iCE2wbx5IXncAJ21Sw ;
createtime : 1483114518 ;
msgtype : event ;
event : VIEW ;
eventkey : http://kh39.61why.com/app/index.php?i=2&c=entry&eid=194 ;
menuid : 410455403 ;
from : oKwkYw9A27iCE2wbx5IXncAJ21Sw ;
to : gh_6536061e4435 ;
time : 1483114518 ;
type : event ;

2016-12-31 00:15:18 params :
------------
Array:
rule : -2 ;
module :  ;
message : Array ;

2016-12-31 00:15:18 response :
------------

2016-12-31 02:33:17 trace :
------------
Array:
tousername : gh_6536061e4435 ;
fromusername : oKwkYw85vFSlQBrYLZpc9G9g9RDU ;
createtime : 1483122797 ;
msgtype : event ;
event : VIEW ;
eventkey : http://kh39.61why.com/app/index.php?i=2&c=entry&eid=198 ;
menuid : 410455403 ;
from : oKwkYw85vFSlQBrYLZpc9G9g9RDU ;
to : gh_6536061e4435 ;
time : 1483122797 ;
type : event ;

2016-12-31 02:33:17 params :
------------
Array:
rule : -2 ;
module :  ;
message : Array ;

2016-12-31 02:33:17 response :
------------

2016-12-31 02:37:04 trace :
------------
Array:
tousername : gh_6536061e4435 ;
fromusername : oKwkYw85vFSlQBrYLZpc9G9g9RDU ;
createtime : 1483123024 ;
msgtype : voice ;
mediaid : 4PeRWKNMQRcQzbTNh9GwkQFZN2CM7vWbWRy4sG56d0TgUA5_d8vhQ_mATjVHpucE ;
format : amr ;
msgid : 6369964884024623104 ;
recognition : 哦。 ;
from : oKwkYw85vFSlQBrYLZpc9G9g9RDU ;
to : gh_6536061e4435 ;
time : 1483123024 ;
type : voice ;
event :  ;

2016-12-31 02:37:04 params :
------------
Array:
rule : -2 ;
module :  ;
message : Array ;

2016-12-31 02:37:04 response :
------------

2016-12-31 02:37:34 trace :
------------
Array:
tousername : gh_6536061e4435 ;
fromusername : oKwkYw85vFSlQBrYLZpc9G9g9RDU ;
createtime : 1483123054 ;
msgtype : event ;
event : VIEW ;
eventkey : http://kh39.61why.com/app/index.php?i=2&c=entry&eid=198 ;
menuid : 410455403 ;
from : oKwkYw85vFSlQBrYLZpc9G9g9RDU ;
to : gh_6536061e4435 ;
time : 1483123054 ;
type : event ;

2016-12-31 02:37:34 params :
------------
Array:
rule : -2 ;
module :  ;
message : Array ;

2016-12-31 02:37:34 response :
------------

2016-12-31 08:05:33 trace :
------------
Array:
tousername : gh_6536061e4435 ;
fromusername : oKwkYw7K9xHIr91Csk-qENfcagnM ;
createtime : 1483142732 ;
msgtype : event ;
event : VIEW ;
eventkey : http://kh39.61why.com/app/index.php?i=2&c=entry&eid=198 ;
menuid : 410455403 ;
from : oKwkYw7K9xHIr91Csk-qENfcagnM ;
to : gh_6536061e4435 ;
time : 1483142732 ;
type : event ;

2016-12-31 08:05:33 params :
------------
Array:
rule : -2 ;
module :  ;
message : Array ;

2016-12-31 08:05:33 response :
------------

2016-12-31 08:17:13 trace :
------------
Array:
tousername : gh_6536061e4435 ;
fromusername : oKwkYw7K9xHIr91Csk-qENfcagnM ;
createtime : 1483143433 ;
msgtype : event ;
event : VIEW ;
eventkey : http://kh39.61why.com/app/index.php?i=2&c=entry&eid=194 ;
menuid : 410455403 ;
from : oKwkYw7K9xHIr91Csk-qENfcagnM ;
to : gh_6536061e4435 ;
time : 1483143433 ;
type : event ;

2016-12-31 08:17:13 params :
------------
Array:
rule : -2 ;
module :  ;
message : Array ;

2016-12-31 08:17:13 response :
------------

2016-12-31 08:26:32 trace :
------------
Array:
tousername : gh_6536061e4435 ;
fromusername : oKwkYw7K9xHIr91Csk-qENfcagnM ;
createtime : 1483143992 ;
msgtype : event ;
event : VIEW ;
eventkey : http://kh39.61why.com/app/index.php?i=2&c=entry&eid=194 ;
menuid : 410455403 ;
from : oKwkYw7K9xHIr91Csk-qENfcagnM ;
to : gh_6536061e4435 ;
time : 1483143992 ;
type : event ;

2016-12-31 08:26:32 params :
------------
Array:
rule : -2 ;
module :  ;
message : Array ;

2016-12-31 08:26:32 response :
------------

2016-12-31 08:27:21 trace :
------------
Array:
tousername : gh_6536061e4435 ;
fromusername : oKwkYw7K9xHIr91Csk-qENfcagnM ;
createtime : 1483144041 ;
msgtype : event ;
event : VIEW ;
eventkey : http://kh39.61why.com/app/index.php?i=2&c=entry&eid=194 ;
menuid : 410455403 ;
from : oKwkYw7K9xHIr91Csk-qENfcagnM ;
to : gh_6536061e4435 ;
time : 1483144041 ;
type : event ;

2016-12-31 08:27:21 params :
------------
Array:
rule : -2 ;
module :  ;
message : Array ;

2016-12-31 08:27:21 response :
------------

2016-12-31 08:30:24 trace :
------------
Array:
tousername : gh_6536061e4435 ;
fromusername : oKwkYw7K9xHIr91Csk-qENfcagnM ;
createtime : 1483144224 ;
msgtype : event ;
event : VIEW ;
eventkey : http://kh39.61why.com/app/index.php?i=2&c=entry&eid=194 ;
menuid : 410455403 ;
from : oKwkYw7K9xHIr91Csk-qENfcagnM ;
to : gh_6536061e4435 ;
time : 1483144224 ;
type : event ;

2016-12-31 08:30:24 params :
------------
Array:
rule : -2 ;
module :  ;
message : Array ;

2016-12-31 08:30:24 response :
------------

2016-12-31 08:45:40 trace :
------------
Array:
tousername : gh_6536061e4435 ;
fromusername : oKwkYw7K9xHIr91Csk-qENfcagnM ;
createtime : 1483145139 ;
msgtype : event ;
event : VIEW ;
eventkey : http://kh39.61why.com/app/index.php?i=2&c=entry&eid=194 ;
menuid : 410455403 ;
from : oKwkYw7K9xHIr91Csk-qENfcagnM ;
to : gh_6536061e4435 ;
time : 1483145139 ;
type : event ;

2016-12-31 08:45:40 params :
------------
Array:
rule : -2 ;
module :  ;
message : Array ;

2016-12-31 08:45:40 response :
------------

2016-12-31 09:32:45 trace :
------------
Array:
tousername : gh_6536061e4435 ;
fromusername : oKwkYw3l0eGz3H7e62pX1IDFxwCY ;
createtime : 1483147965 ;
msgtype : event ;
event : VIEW ;
eventkey : http://kh39.61why.com/app/index.php?i=2&c=entry&eid=194 ;
menuid : 410455403 ;
from : oKwkYw3l0eGz3H7e62pX1IDFxwCY ;
to : gh_6536061e4435 ;
time : 1483147965 ;
type : event ;

2016-12-31 09:32:45 params :
------------
Array:
rule : -2 ;
module :  ;
message : Array ;

2016-12-31 09:32:45 response :
------------

2016-12-31 10:00:16 trace :
------------
Array:
tousername : gh_6536061e4435 ;
fromusername : oKwkYw4_w5zxpJAdDOtFc1BfJfxA ;
createtime : 1483149616 ;
msgtype : event ;
event : VIEW ;
eventkey : http://kh39.61why.com/app/index.php?i=2&c=entry&eid=194 ;
menuid : 410455403 ;
from : oKwkYw4_w5zxpJAdDOtFc1BfJfxA ;
to : gh_6536061e4435 ;
time : 1483149616 ;
type : event ;

2016-12-31 10:00:16 params :
------------
Array:
rule : -2 ;
module :  ;
message : Array ;

2016-12-31 10:00:16 response :
------------

2016-12-31 10:00:53 trace :
------------
Array:
tousername : gh_6536061e4435 ;
fromusername : oKwkYw3l0eGz3H7e62pX1IDFxwCY ;
createtime : 1483149653 ;
msgtype : event ;
event : VIEW ;
eventkey : http://kh39.61why.com/app/index.php?i=2&c=entry&eid=194 ;
menuid : 410455403 ;
from : oKwkYw3l0eGz3H7e62pX1IDFxwCY ;
to : gh_6536061e4435 ;
time : 1483149653 ;
type : event ;

2016-12-31 10:00:53 params :
------------
Array:
rule : -2 ;
module :  ;
message : Array ;

2016-12-31 10:00:53 response :
------------

2016-12-31 10:10:54 trace :
------------
Array:
tousername : gh_6536061e4435 ;
fromusername : oKwkYwxL48nBNl6NqClmf7HIMjMw ;
createtime : 1483150254 ;
msgtype : event ;
event : VIEW ;
eventkey : http://kh39.61why.com/app/index.php?i=2&c=entry&eid=194 ;
menuid : 410455403 ;
from : oKwkYwxL48nBNl6NqClmf7HIMjMw ;
to : gh_6536061e4435 ;
time : 1483150254 ;
type : event ;

2016-12-31 10:10:54 params :
------------
Array:
rule : -2 ;
module :  ;
message : Array ;

2016-12-31 10:10:54 response :
------------

2016-12-31 10:11:15 trace :
------------
Array:
tousername : gh_6536061e4435 ;
fromusername : oKwkYwxL48nBNl6NqClmf7HIMjMw ;
createtime : 1483150276 ;
msgtype : event ;
event : VIEW ;
eventkey : http://kh39.61why.com/app/index.php?i=2&c=entry&eid=194 ;
menuid : 410455403 ;
from : oKwkYwxL48nBNl6NqClmf7HIMjMw ;
to : gh_6536061e4435 ;
time : 1483150276 ;
type : event ;

2016-12-31 10:11:15 params :
------------
Array:
rule : -2 ;
module :  ;
message : Array ;

2016-12-31 10:11:15 response :
------------

2016-12-31 10:12:25 trace :
------------
Array:
tousername : gh_6536061e4435 ;
fromusername : oKwkYwxL48nBNl6NqClmf7HIMjMw ;
createtime : 1483150345 ;
msgtype : event ;
event : VIEW ;
eventkey : http://kh39.61why.com/app/index.php?i=2&c=entry&eid=194 ;
menuid : 410455403 ;
from : oKwkYwxL48nBNl6NqClmf7HIMjMw ;
to : gh_6536061e4435 ;
time : 1483150345 ;
type : event ;

2016-12-31 10:12:25 params :
------------
Array:
rule : -2 ;
module :  ;
message : Array ;

2016-12-31 10:12:25 response :
------------

2016-12-31 10:13:21 trace :
------------
Array:
tousername : gh_6536061e4435 ;
fromusername : oKwkYw8e33SsKCgQqmRH91AsxTTA ;
createtime : 1483150401 ;
msgtype : event ;
event : VIEW ;
eventkey : http://kh39.61why.com/app/index.php?i=2&c=entry&eid=194 ;
menuid : 410455403 ;
from : oKwkYw8e33SsKCgQqmRH91AsxTTA ;
to : gh_6536061e4435 ;
time : 1483150401 ;
type : event ;

2016-12-31 10:13:21 params :
------------
Array:
rule : -2 ;
module :  ;
message : Array ;

2016-12-31 10:13:21 response :
------------

2016-12-31 10:31:21 trace :
------------
Array:
tousername : gh_6536061e4435 ;
fromusername : oKwkYw3l0eGz3H7e62pX1IDFxwCY ;
createtime : 1483151481 ;
msgtype : event ;
event : VIEW ;
eventkey : http://kh39.61why.com/app/index.php?i=2&c=entry&eid=194 ;
menuid : 410455403 ;
from : oKwkYw3l0eGz3H7e62pX1IDFxwCY ;
to : gh_6536061e4435 ;
time : 1483151481 ;
type : event ;

2016-12-31 10:31:21 params :
------------
Array:
rule : -2 ;
module :  ;
message : Array ;

2016-12-31 10:31:21 response :
------------

2016-12-31 10:32:05 trace :
------------
Array:
tousername : gh_6536061e4435 ;
fromusername : oKwkYw3VTwMPj7_1QqaDizxIBvP0 ;
createtime : 1483151525 ;
msgtype : event ;
event : VIEW ;
eventkey : http://kh39.61why.com/app/index.php?i=2&c=entry&eid=194 ;
menuid : 410455403 ;
from : oKwkYw3VTwMPj7_1QqaDizxIBvP0 ;
to : gh_6536061e4435 ;
time : 1483151525 ;
type : event ;

2016-12-31 10:32:05 params :
------------
Array:
rule : -2 ;
module :  ;
message : Array ;

2016-12-31 10:32:05 response :
------------

2016-12-31 10:41:07 trace :
------------
Array:
tousername : gh_6536061e4435 ;
fromusername : oKwkYw9A27iCE2wbx5IXncAJ21Sw ;
createtime : 1483152067 ;
msgtype : event ;
event : VIEW ;
eventkey : http://kh39.61why.com/app/index.php?i=2&c=entry&eid=198 ;
menuid : 410455403 ;
from : oKwkYw9A27iCE2wbx5IXncAJ21Sw ;
to : gh_6536061e4435 ;
time : 1483152067 ;
type : event ;

2016-12-31 10:41:07 params :
------------
Array:
rule : -2 ;
module :  ;
message : Array ;

2016-12-31 10:41:07 response :
------------

2016-12-31 10:50:59 trace :
------------
Array:
tousername : gh_6536061e4435 ;
fromusername : oKwkYw5S8zWw6zCS6dGdWuuV95fM ;
createtime : 1483152659 ;
msgtype : event ;
event : VIEW ;
eventkey : http://kh39.61why.com/app/index.php?i=2&c=entry&eid=194 ;
menuid : 410455403 ;
from : oKwkYw5S8zWw6zCS6dGdWuuV95fM ;
to : gh_6536061e4435 ;
time : 1483152659 ;
type : event ;

2016-12-31 10:50:59 params :
------------
Array:
rule : -2 ;
module :  ;
message : Array ;

2016-12-31 10:50:59 response :
------------

2016-12-31 11:17:26 trace :
------------
Array:
tousername : gh_6536061e4435 ;
fromusername : oKwkYw3VTwMPj7_1QqaDizxIBvP0 ;
createtime : 1483154246 ;
msgtype : event ;
event : VIEW ;
eventkey : http://kh39.61why.com/app/index.php?i=2&c=entry&eid=194 ;
menuid : 410455403 ;
from : oKwkYw3VTwMPj7_1QqaDizxIBvP0 ;
to : gh_6536061e4435 ;
time : 1483154246 ;
type : event ;

2016-12-31 11:17:26 params :
------------
Array:
rule : -2 ;
module :  ;
message : Array ;

2016-12-31 11:17:26 response :
------------

2016-12-31 11:17:55 trace :
------------
Array:
tousername : gh_6536061e4435 ;
fromusername : oKwkYw3VTwMPj7_1QqaDizxIBvP0 ;
createtime : 1483154275 ;
msgtype : event ;
event : VIEW ;
eventkey : http://kh39.61why.com/app/index.php?i=2&c=entry&eid=194 ;
menuid : 410455403 ;
from : oKwkYw3VTwMPj7_1QqaDizxIBvP0 ;
to : gh_6536061e4435 ;
time : 1483154275 ;
type : event ;

2016-12-31 11:17:55 params :
------------
Array:
rule : -2 ;
module :  ;
message : Array ;

2016-12-31 11:17:55 response :
------------

2016-12-31 11:20:10 trace :
------------
Array:
tousername : gh_6536061e4435 ;
fromusername : oKwkYw3VTwMPj7_1QqaDizxIBvP0 ;
createtime : 1483154410 ;
msgtype : event ;
event : VIEW ;
eventkey : http://kh39.61why.com/app/index.php?i=2&c=entry&eid=194 ;
menuid : 410455403 ;
from : oKwkYw3VTwMPj7_1QqaDizxIBvP0 ;
to : gh_6536061e4435 ;
time : 1483154410 ;
type : event ;

2016-12-31 11:20:10 params :
------------
Array:
rule : -2 ;
module :  ;
message : Array ;

2016-12-31 11:20:10 response :
------------

2016-12-31 11:44:41 trace :
------------
Array:
tousername : gh_6536061e4435 ;
fromusername : oKwkYw5S8zWw6zCS6dGdWuuV95fM ;
createtime : 1483155881 ;
msgtype : event ;
event : VIEW ;
eventkey : http://kh39.61why.com/app/index.php?i=2&c=entry&eid=194 ;
menuid : 410455403 ;
from : oKwkYw5S8zWw6zCS6dGdWuuV95fM ;
to : gh_6536061e4435 ;
time : 1483155881 ;
type : event ;

2016-12-31 11:44:41 params :
------------
Array:
rule : -2 ;
module :  ;
message : Array ;

2016-12-31 11:44:41 response :
------------

2016-12-31 11:48:54 trace :
------------
Array:
tousername : gh_6536061e4435 ;
fromusername : oKwkYw5hiet9aIoMvpfdt0UcJyzc ;
createtime : 1483156134 ;
msgtype : event ;
event : VIEW ;
eventkey : http://kh39.61why.com/app/index.php?i=2&c=entry&eid=198 ;
menuid : 410455403 ;
from : oKwkYw5hiet9aIoMvpfdt0UcJyzc ;
to : gh_6536061e4435 ;
time : 1483156134 ;
type : event ;

2016-12-31 11:48:54 params :
------------
Array:
rule : -2 ;
module :  ;
message : Array ;

2016-12-31 11:48:54 response :
------------

2016-12-31 12:34:49 trace :
------------
Array:
tousername : gh_6536061e4435 ;
fromusername : oKwkYw9A27iCE2wbx5IXncAJ21Sw ;
createtime : 1483158889 ;
msgtype : event ;
event : VIEW ;
eventkey : http://kh39.61why.com/app/index.php?i=2&c=entry&eid=198 ;
menuid : 410455403 ;
from : oKwkYw9A27iCE2wbx5IXncAJ21Sw ;
to : gh_6536061e4435 ;
time : 1483158889 ;
type : event ;

2016-12-31 12:34:49 params :
------------
Array:
rule : -2 ;
module :  ;
message : Array ;

2016-12-31 12:34:49 response :
------------

2016-12-31 13:21:06 trace :
------------
Array:
tousername : gh_6536061e4435 ;
fromusername : oKwkYww_pWGUZbUmue0jxp7SYRP4 ;
createtime : 1483161666 ;
msgtype : event ;
event : VIEW ;
eventkey : http://kh39.61why.com/app/index.php?i=2&c=entry&eid=198 ;
menuid : 410455403 ;
from : oKwkYww_pWGUZbUmue0jxp7SYRP4 ;
to : gh_6536061e4435 ;
time : 1483161666 ;
type : event ;

2016-12-31 13:21:06 params :
------------
Array:
rule : -2 ;
module :  ;
message : Array ;

2016-12-31 13:21:06 response :
------------

2016-12-31 13:46:03 trace :
------------
Array:
tousername : gh_6536061e4435 ;
fromusername : oKwkYw1KQ5ff5BZ0dgvipwLgZRns ;
createtime : 1483163163 ;
msgtype : event ;
event : VIEW ;
eventkey : http://kh39.61why.com/app/index.php?i=2&c=entry&eid=194 ;
menuid : 410455403 ;
from : oKwkYw1KQ5ff5BZ0dgvipwLgZRns ;
to : gh_6536061e4435 ;
time : 1483163163 ;
type : event ;

2016-12-31 13:46:03 params :
------------
Array:
rule : -2 ;
module :  ;
message : Array ;

2016-12-31 13:46:03 response :
------------

2016-12-31 13:46:34 trace :
------------
Array:
tousername : gh_6536061e4435 ;
fromusername : oKwkYw1KQ5ff5BZ0dgvipwLgZRns ;
createtime : 1483163194 ;
msgtype : event ;
event : VIEW ;
eventkey : http://kh39.61why.com/app/index.php?i=2&c=entry&eid=194 ;
menuid : 410455403 ;
from : oKwkYw1KQ5ff5BZ0dgvipwLgZRns ;
to : gh_6536061e4435 ;
time : 1483163194 ;
type : event ;

2016-12-31 13:46:34 params :
------------
Array:
rule : -2 ;
module :  ;
message : Array ;

2016-12-31 13:46:34 response :
------------

2016-12-31 13:47:34 trace :
------------
Array:
tousername : gh_6536061e4435 ;
fromusername : oKwkYw1KQ5ff5BZ0dgvipwLgZRns ;
createtime : 1483163254 ;
msgtype : event ;
event : VIEW ;
eventkey : http://kh39.61why.com/app/index.php?i=2&c=entry&eid=198 ;
menuid : 410455403 ;
from : oKwkYw1KQ5ff5BZ0dgvipwLgZRns ;
to : gh_6536061e4435 ;
time : 1483163254 ;
type : event ;

2016-12-31 13:47:34 params :
------------
Array:
rule : -2 ;
module :  ;
message : Array ;

2016-12-31 13:47:34 response :
------------

2016-12-31 13:49:30 trace :
------------
Array:
tousername : gh_6536061e4435 ;
fromusername : oKwkYw1KQ5ff5BZ0dgvipwLgZRns ;
createtime : 1483163370 ;
msgtype : event ;
event : VIEW ;
eventkey : http://kh39.61why.com/app/index.php?i=2&c=entry&eid=198 ;
menuid : 410455403 ;
from : oKwkYw1KQ5ff5BZ0dgvipwLgZRns ;
to : gh_6536061e4435 ;
time : 1483163370 ;
type : event ;

2016-12-31 13:49:30 params :
------------
Array:
rule : -2 ;
module :  ;
message : Array ;

2016-12-31 13:49:30 response :
------------

2016-12-31 13:50:03 trace :
------------
Array:
tousername : gh_6536061e4435 ;
fromusername : oKwkYw5Hv5-mrEGrZ572fv2JrB_s ;
createtime : 1483163403 ;
msgtype : event ;
event : VIEW ;
eventkey : http://kh39.61why.com/app/index.php?i=2&c=entry&eid=194 ;
menuid : 410455403 ;
from : oKwkYw5Hv5-mrEGrZ572fv2JrB_s ;
to : gh_6536061e4435 ;
time : 1483163403 ;
type : event ;

2016-12-31 13:50:03 params :
------------
Array:
rule : -2 ;
module :  ;
message : Array ;

2016-12-31 13:50:03 response :
------------

2016-12-31 13:58:03 trace :
------------
Array:
tousername : gh_6536061e4435 ;
fromusername : oKwkYw7K9xHIr91Csk-qENfcagnM ;
createtime : 1483163883 ;
msgtype : event ;
event : VIEW ;
eventkey : http://kh39.61why.com/app/index.php?i=2&c=entry&eid=194 ;
menuid : 410455403 ;
from : oKwkYw7K9xHIr91Csk-qENfcagnM ;
to : gh_6536061e4435 ;
time : 1483163883 ;
type : event ;

2016-12-31 13:58:03 params :
------------
Array:
rule : -2 ;
module :  ;
message : Array ;

2016-12-31 13:58:03 response :
------------

2016-12-31 13:59:48 trace :
------------
Array:
tousername : gh_6536061e4435 ;
fromusername : oKwkYw7K9xHIr91Csk-qENfcagnM ;
createtime : 1483163988 ;
msgtype : event ;
event : VIEW ;
eventkey : http://kh39.61why.com/app/index.php?i=2&c=entry&eid=198 ;
menuid : 410455403 ;
from : oKwkYw7K9xHIr91Csk-qENfcagnM ;
to : gh_6536061e4435 ;
time : 1483163988 ;
type : event ;

2016-12-31 13:59:48 params :
------------
Array:
rule : -2 ;
module :  ;
message : Array ;

2016-12-31 13:59:48 response :
------------

2016-12-31 15:13:08 trace :
------------
Array:
tousername : gh_6536061e4435 ;
fromusername : oKwkYw1KQ5ff5BZ0dgvipwLgZRns ;
createtime : 1483168388 ;
msgtype : event ;
event : VIEW ;
eventkey : http://kh39.61why.com/app/index.php?i=2&c=entry&eid=198 ;
menuid : 410455403 ;
from : oKwkYw1KQ5ff5BZ0dgvipwLgZRns ;
to : gh_6536061e4435 ;
time : 1483168388 ;
type : event ;

2016-12-31 15:13:08 params :
------------
Array:
rule : -2 ;
module :  ;
message : Array ;

2016-12-31 15:13:08 response :
------------

2016-12-31 15:13:48 trace :
------------
Array:
tousername : gh_6536061e4435 ;
fromusername : oKwkYw1KQ5ff5BZ0dgvipwLgZRns ;
createtime : 1483168428 ;
msgtype : event ;
event : VIEW ;
eventkey : http://kh39.61why.com/app/index.php?i=2&c=entry&eid=194 ;
menuid : 410455403 ;
from : oKwkYw1KQ5ff5BZ0dgvipwLgZRns ;
to : gh_6536061e4435 ;
time : 1483168428 ;
type : event ;

2016-12-31 15:13:48 params :
------------
Array:
rule : -2 ;
module :  ;
message : Array ;

2016-12-31 15:13:48 response :
------------

2016-12-31 15:16:21 trace :
------------
Array:
tousername : gh_6536061e4435 ;
fromusername : oKwkYw1KQ5ff5BZ0dgvipwLgZRns ;
createtime : 1483168581 ;
msgtype : event ;
event : VIEW ;
eventkey : http://kh39.61why.com/app/index.php?i=2&c=entry&eid=198 ;
menuid : 410455403 ;
from : oKwkYw1KQ5ff5BZ0dgvipwLgZRns ;
to : gh_6536061e4435 ;
time : 1483168581 ;
type : event ;

2016-12-31 15:16:21 params :
------------
Array:
rule : -2 ;
module :  ;
message : Array ;

2016-12-31 15:16:21 response :
------------

2016-12-31 17:28:32 trace :
------------
Array:
tousername : gh_6536061e4435 ;
fromusername : oKwkYw7K9xHIr91Csk-qENfcagnM ;
createtime : 1483176512 ;
msgtype : event ;
event : VIEW ;
eventkey : http://kh39.61why.com/app/index.php?i=2&c=entry&eid=198 ;
menuid : 410455403 ;
from : oKwkYw7K9xHIr91Csk-qENfcagnM ;
to : gh_6536061e4435 ;
time : 1483176512 ;
type : event ;

2016-12-31 17:28:32 params :
------------
Array:
rule : -2 ;
module :  ;
message : Array ;

2016-12-31 17:28:32 response :
------------

2016-12-31 17:55:44 trace :
------------
Array:
tousername : gh_6536061e4435 ;
fromusername : oKwkYw7K9xHIr91Csk-qENfcagnM ;
createtime : 1483178144 ;
msgtype : event ;
event : VIEW ;
eventkey : http://kh39.61why.com/app/index.php?i=2&c=entry&eid=194 ;
menuid : 410455403 ;
from : oKwkYw7K9xHIr91Csk-qENfcagnM ;
to : gh_6536061e4435 ;
time : 1483178144 ;
type : event ;

2016-12-31 17:55:44 params :
------------
Array:
rule : -2 ;
module :  ;
message : Array ;

2016-12-31 17:55:44 response :
------------

2016-12-31 17:55:54 trace :
------------
Array:
tousername : gh_6536061e4435 ;
fromusername : oKwkYw7K9xHIr91Csk-qENfcagnM ;
createtime : 1483178154 ;
msgtype : event ;
event : VIEW ;
eventkey : http://kh39.61why.com/app/index.php?i=2&c=entry&eid=198 ;
menuid : 410455403 ;
from : oKwkYw7K9xHIr91Csk-qENfcagnM ;
to : gh_6536061e4435 ;
time : 1483178154 ;
type : event ;

2016-12-31 17:55:54 params :
------------
Array:
rule : -2 ;
module :  ;
message : Array ;

2016-12-31 17:55:54 response :
------------

2016-12-31 18:40:34 trace :
------------
Array:
tousername : gh_6536061e4435 ;
fromusername : oKwkYw7K9xHIr91Csk-qENfcagnM ;
createtime : 1483180834 ;
msgtype : event ;
event : VIEW ;
eventkey : http://kh39.61why.com/app/index.php?i=2&c=entry&eid=198 ;
menuid : 410455403 ;
from : oKwkYw7K9xHIr91Csk-qENfcagnM ;
to : gh_6536061e4435 ;
time : 1483180834 ;
type : event ;

2016-12-31 18:40:34 params :
------------
Array:
rule : -2 ;
module :  ;
message : Array ;

2016-12-31 18:40:34 response :
------------

2016-12-31 18:42:19 trace :
------------
Array:
tousername : gh_6536061e4435 ;
fromusername : oKwkYw7K9xHIr91Csk-qENfcagnM ;
createtime : 1483180939 ;
msgtype : event ;
event : VIEW ;
eventkey : http://kh39.61why.com/app/index.php?i=2&c=entry&eid=194 ;
menuid : 410455403 ;
from : oKwkYw7K9xHIr91Csk-qENfcagnM ;
to : gh_6536061e4435 ;
time : 1483180939 ;
type : event ;

2016-12-31 18:42:19 params :
------------
Array:
rule : -2 ;
module :  ;
message : Array ;

2016-12-31 18:42:19 response :
------------

2016-12-31 18:50:35 trace :
------------
Array:
tousername : gh_6536061e4435 ;
fromusername : oKwkYw7K9xHIr91Csk-qENfcagnM ;
createtime : 1483181435 ;
msgtype : event ;
event : VIEW ;
eventkey : http://kh39.61why.com/app/index.php?i=2&c=entry&eid=198 ;
menuid : 410455403 ;
from : oKwkYw7K9xHIr91Csk-qENfcagnM ;
to : gh_6536061e4435 ;
time : 1483181435 ;
type : event ;

2016-12-31 18:50:35 params :
------------
Array:
rule : -2 ;
module :  ;
message : Array ;

2016-12-31 18:50:35 response :
------------

2016-12-31 21:24:01 trace :
------------
Array:
tousername : gh_6536061e4435 ;
fromusername : oKwkYwz_FtGom2eSyG1qwUGFxNiA ;
createtime : 1483190641 ;
msgtype : event ;
event : VIEW ;
eventkey : http://kh39.61why.com/app/index.php?i=2&c=entry&eid=198 ;
menuid : 410455403 ;
from : oKwkYwz_FtGom2eSyG1qwUGFxNiA ;
to : gh_6536061e4435 ;
time : 1483190641 ;
type : event ;

2016-12-31 21:24:01 params :
------------
Array:
rule : -2 ;
module :  ;
message : Array ;

2016-12-31 21:24:01 response :
------------

2016-12-31 21:24:37 trace :
------------
Array:
tousername : gh_6536061e4435 ;
fromusername : oKwkYwz_FtGom2eSyG1qwUGFxNiA ;
createtime : 1483190677 ;
msgtype : event ;
event : VIEW ;
eventkey : http://kh39.61why.com/app/index.php?i=2&c=entry&eid=194 ;
menuid : 410455403 ;
from : oKwkYwz_FtGom2eSyG1qwUGFxNiA ;
to : gh_6536061e4435 ;
time : 1483190677 ;
type : event ;

2016-12-31 21:24:37 params :
------------
Array:
rule : -2 ;
module :  ;
message : Array ;

2016-12-31 21:24:37 response :
------------

2016-12-31 21:24:54 trace :
------------
Array:
tousername : gh_6536061e4435 ;
fromusername : oKwkYwz_FtGom2eSyG1qwUGFxNiA ;
createtime : 1483190693 ;
msgtype : event ;
event : VIEW ;
eventkey : http://kh39.61why.com/app/index.php?i=2&c=entry&eid=198 ;
menuid : 410455403 ;
from : oKwkYwz_FtGom2eSyG1qwUGFxNiA ;
to : gh_6536061e4435 ;
time : 1483190693 ;
type : event ;

2016-12-31 21:24:54 params :
------------
Array:
rule : -2 ;
module :  ;
message : Array ;

2016-12-31 21:24:54 response :
------------

2016-12-31 22:08:07 trace :
------------
Array:
tousername : gh_6536061e4435 ;
fromusername : oKwkYw9A27iCE2wbx5IXncAJ21Sw ;
createtime : 1483193287 ;
msgtype : event ;
event : VIEW ;
eventkey : http://kh39.61why.com/app/index.php?i=2&c=entry&eid=198 ;
menuid : 410455403 ;
from : oKwkYw9A27iCE2wbx5IXncAJ21Sw ;
to : gh_6536061e4435 ;
time : 1483193287 ;
type : event ;

2016-12-31 22:08:07 params :
------------
Array:
rule : -2 ;
module :  ;
message : Array ;

2016-12-31 22:08:07 response :
------------

2016-12-31 22:08:52 trace :
------------
Array:
tousername : gh_6536061e4435 ;
fromusername : oKwkYw9A27iCE2wbx5IXncAJ21Sw ;
createtime : 1483193332 ;
msgtype : event ;
event : VIEW ;
eventkey : http://kh39.61why.com/app/index.php?i=2&c=entry&eid=198 ;
menuid : 410455403 ;
from : oKwkYw9A27iCE2wbx5IXncAJ21Sw ;
to : gh_6536061e4435 ;
time : 1483193332 ;
type : event ;

2016-12-31 22:08:52 params :
------------
Array:
rule : -2 ;
module :  ;
message : Array ;

2016-12-31 22:08:52 response :
------------

2016-12-31 22:11:42 trace :
------------
Array:
tousername : gh_6536061e4435 ;
fromusername : oKwkYw9A27iCE2wbx5IXncAJ21Sw ;
createtime : 1483193502 ;
msgtype : event ;
event : VIEW ;
eventkey : http://kh39.61why.com/app/index.php?i=2&c=entry&eid=198 ;
menuid : 410455403 ;
from : oKwkYw9A27iCE2wbx5IXncAJ21Sw ;
to : gh_6536061e4435 ;
time : 1483193502 ;
type : event ;

2016-12-31 22:11:42 params :
------------
Array:
rule : -2 ;
module :  ;
message : Array ;

2016-12-31 22:11:42 response :
------------

2016-12-31 23:31:58 trace :
------------
Array:
tousername : gh_6536061e4435 ;
fromusername : oKwkYw1KQ5ff5BZ0dgvipwLgZRns ;
createtime : 1483198318 ;
msgtype : event ;
event : VIEW ;
eventkey : http://kh39.61why.com/app/index.php?i=2&c=entry&eid=198 ;
menuid : 410455403 ;
from : oKwkYw1KQ5ff5BZ0dgvipwLgZRns ;
to : gh_6536061e4435 ;
time : 1483198318 ;
type : event ;

2016-12-31 23:31:58 params :
------------
Array:
rule : -2 ;
module :  ;
message : Array ;

2016-12-31 23:31:58 response :
------------

