2017-04-20 00:17:48 trace :
------------
Array:
tousername : gh_6536061e4435 ;
fromusername : oKwkYwxdGazpUQLKnjr_HrnPicQo ;
createtime : 1492618668 ;
msgtype : event ;
event : VIEW ;
eventkey : http://kh39.61why.com/app/index.php?i=2&c=entry&eid=198 ;
menuid : 410600728 ;
from : oKwkYwxdGazpUQLKnjr_HrnPicQo ;
to : gh_6536061e4435 ;
time : 1492618668 ;
type : event ;

2017-04-20 00:17:48 params :
------------
Array:
rule : -2 ;
module :  ;
message : Array ;

2017-04-20 00:17:48 response :
------------

2017-04-20 00:18:26 trace :
------------
Array:
tousername : gh_6536061e4435 ;
fromusername : oKwkYwxdGazpUQLKnjr_HrnPicQo ;
createtime : 1492618706 ;
msgtype : event ;
event : VIEW ;
eventkey : http://kh39.61why.com/app/index.php?i=2&c=entry&eid=198 ;
menuid : 410600728 ;
from : oKwkYwxdGazpUQLKnjr_HrnPicQo ;
to : gh_6536061e4435 ;
time : 1492618706 ;
type : event ;

2017-04-20 00:18:26 params :
------------
Array:
rule : -2 ;
module :  ;
message : Array ;

2017-04-20 00:18:26 response :
------------

2017-04-20 00:19:42 trace :
------------
Array:
tousername : gh_6536061e4435 ;
fromusername : oKwkYwxdGazpUQLKnjr_HrnPicQo ;
createtime : 1492618782 ;
msgtype : event ;
event : VIEW ;
eventkey : http://kh39.61why.com/app/index.php?i=2&c=entry&eid=198 ;
menuid : 410600728 ;
from : oKwkYwxdGazpUQLKnjr_HrnPicQo ;
to : gh_6536061e4435 ;
time : 1492618782 ;
type : event ;

2017-04-20 00:19:42 params :
------------
Array:
rule : -2 ;
module :  ;
message : Array ;

2017-04-20 00:19:42 response :
------------

2017-04-20 00:20:43 trace :
------------
Array:
tousername : gh_6536061e4435 ;
fromusername : oKwkYwxdGazpUQLKnjr_HrnPicQo ;
createtime : 1492618843 ;
msgtype : event ;
event : VIEW ;
eventkey : http://kh39.61why.com/app/index.php?i=2&c=entry&eid=198 ;
menuid : 410600728 ;
from : oKwkYwxdGazpUQLKnjr_HrnPicQo ;
to : gh_6536061e4435 ;
time : 1492618843 ;
type : event ;

2017-04-20 00:20:43 params :
------------
Array:
rule : -2 ;
module :  ;
message : Array ;

2017-04-20 00:20:43 response :
------------

2017-04-20 00:23:25 trace :
------------
Array:
tousername : gh_6536061e4435 ;
fromusername : oKwkYwxdGazpUQLKnjr_HrnPicQo ;
createtime : 1492619005 ;
msgtype : event ;
event : VIEW ;
eventkey : http://kh39.61why.com/app/index.php?i=2&c=entry&eid=198 ;
menuid : 410600728 ;
from : oKwkYwxdGazpUQLKnjr_HrnPicQo ;
to : gh_6536061e4435 ;
time : 1492619005 ;
type : event ;

2017-04-20 00:23:25 params :
------------
Array:
rule : -2 ;
module :  ;
message : Array ;

2017-04-20 00:23:25 response :
------------

2017-04-20 01:54:47 trace :
------------
Array:
tousername : gh_6536061e4435 ;
fromusername : oKwkYwxNktKN91t3OllqwAT3C1GI ;
createtime : 1492624487 ;
msgtype : event ;
event : VIEW ;
eventkey : http://kh39.61why.com/app/index.php?i=2&c=entry&eid=194 ;
menuid : 410600728 ;
from : oKwkYwxNktKN91t3OllqwAT3C1GI ;
to : gh_6536061e4435 ;
time : 1492624487 ;
type : event ;

2017-04-20 01:54:47 params :
------------
Array:
rule : -2 ;
module :  ;
message : Array ;

2017-04-20 01:54:47 response :
------------

2017-04-20 02:00:36 trace :
------------
Array:
tousername : gh_6536061e4435 ;
fromusername : oKwkYwxNktKN91t3OllqwAT3C1GI ;
createtime : 1492624836 ;
msgtype : event ;
event : VIEW ;
eventkey : http://kh39.61why.com/app/index.php?i=2&c=entry&eid=198 ;
menuid : 410600728 ;
from : oKwkYwxNktKN91t3OllqwAT3C1GI ;
to : gh_6536061e4435 ;
time : 1492624836 ;
type : event ;

2017-04-20 02:00:36 params :
------------
Array:
rule : -2 ;
module :  ;
message : Array ;

2017-04-20 02:00:36 response :
------------

2017-04-20 06:50:46 trace :
------------
Array:
tousername : gh_6536061e4435 ;
fromusername : oKwkYw2AvtOQWVWlszR3cLKUUa3E ;
createtime : 1492642246 ;
msgtype : event ;
event : VIEW ;
eventkey : http://kh39.61why.com/app/index.php?i=2&c=entry&eid=198 ;
menuid : 410600728 ;
from : oKwkYw2AvtOQWVWlszR3cLKUUa3E ;
to : gh_6536061e4435 ;
time : 1492642246 ;
type : event ;

2017-04-20 06:50:46 params :
------------
Array:
rule : -2 ;
module :  ;
message : Array ;

2017-04-20 06:50:46 response :
------------

2017-04-20 07:09:57 trace :
------------
Array:
tousername : gh_6536061e4435 ;
fromusername : oKwkYw0b_nY3vy2dlsZiutChx2qg ;
createtime : 1492643397 ;
msgtype : event ;
event : VIEW ;
eventkey : http://kh39.61why.com/app/index.php?i=2&c=entry&eid=198 ;
menuid : 410600728 ;
from : oKwkYw0b_nY3vy2dlsZiutChx2qg ;
to : gh_6536061e4435 ;
time : 1492643397 ;
type : event ;

2017-04-20 07:09:57 params :
------------
Array:
rule : -2 ;
module :  ;
message : Array ;

2017-04-20 07:09:57 response :
------------

2017-04-20 07:10:26 trace :
------------
Array:
tousername : gh_6536061e4435 ;
fromusername : oKwkYw5hiet9aIoMvpfdt0UcJyzc ;
createtime : 1492643426 ;
msgtype : event ;
event : VIEW ;
eventkey : http://kh39.61why.com/app/index.php?i=2&c=entry&eid=198 ;
menuid : 410600728 ;
from : oKwkYw5hiet9aIoMvpfdt0UcJyzc ;
to : gh_6536061e4435 ;
time : 1492643426 ;
type : event ;

2017-04-20 07:10:26 params :
------------
Array:
rule : -2 ;
module :  ;
message : Array ;

2017-04-20 07:10:26 response :
------------

2017-04-20 07:10:52 trace :
------------
Array:
tousername : gh_6536061e4435 ;
fromusername : oKwkYw5hiet9aIoMvpfdt0UcJyzc ;
createtime : 1492643452 ;
msgtype : event ;
event : VIEW ;
eventkey : http://kh39.61why.com/app/index.php?i=2&c=entry&eid=198 ;
menuid : 410600728 ;
from : oKwkYw5hiet9aIoMvpfdt0UcJyzc ;
to : gh_6536061e4435 ;
time : 1492643452 ;
type : event ;

2017-04-20 07:10:52 params :
------------
Array:
rule : -2 ;
module :  ;
message : Array ;

2017-04-20 07:10:52 response :
------------

2017-04-20 08:10:39 trace :
------------
Array:
tousername : gh_6536061e4435 ;
fromusername : oKwkYw9jtdtXMlUF-dZFaN58BaEs ;
createtime : 1492647038 ;
msgtype : event ;
event : VIEW ;
eventkey : http://kh39.61why.com/app/index.php?i=2&c=entry&eid=198 ;
menuid : 410600728 ;
from : oKwkYw9jtdtXMlUF-dZFaN58BaEs ;
to : gh_6536061e4435 ;
time : 1492647038 ;
type : event ;

2017-04-20 08:10:39 params :
------------
Array:
rule : -2 ;
module :  ;
message : Array ;

2017-04-20 08:10:39 response :
------------

2017-04-20 09:05:06 trace :
------------
Array:
tousername : gh_6536061e4435 ;
fromusername : oKwkYw5hiet9aIoMvpfdt0UcJyzc ;
createtime : 1492650306 ;
msgtype : event ;
event : VIEW ;
eventkey : http://kh39.61why.com/app/index.php?i=2&c=entry&eid=198 ;
menuid : 410600728 ;
from : oKwkYw5hiet9aIoMvpfdt0UcJyzc ;
to : gh_6536061e4435 ;
time : 1492650306 ;
type : event ;

2017-04-20 09:05:06 params :
------------
Array:
rule : -2 ;
module :  ;
message : Array ;

2017-04-20 09:05:06 response :
------------

2017-04-20 09:27:24 trace :
------------
Array:
tousername : gh_6536061e4435 ;
fromusername : oKwkYww7WM_XIm0hZlfkZPjf6xoc ;
createtime : 1492651644 ;
msgtype : event ;
event : VIEW ;
eventkey : http://kh39.61why.com/app/index.php?i=2&c=entry&eid=198 ;
menuid : 410600728 ;
from : oKwkYww7WM_XIm0hZlfkZPjf6xoc ;
to : gh_6536061e4435 ;
time : 1492651644 ;
type : event ;

2017-04-20 09:27:24 params :
------------
Array:
rule : -2 ;
module :  ;
message : Array ;

2017-04-20 09:27:24 response :
------------

2017-04-20 09:27:39 trace :
------------
Array:
tousername : gh_6536061e4435 ;
fromusername : oKwkYw3l0eGz3H7e62pX1IDFxwCY ;
createtime : 1492651659 ;
msgtype : event ;
event : VIEW ;
eventkey : http://kh39.61why.com/app/index.php?i=2&c=entry&eid=194 ;
menuid : 410600728 ;
from : oKwkYw3l0eGz3H7e62pX1IDFxwCY ;
to : gh_6536061e4435 ;
time : 1492651659 ;
type : event ;

2017-04-20 09:27:39 params :
------------
Array:
rule : -2 ;
module :  ;
message : Array ;

2017-04-20 09:27:39 response :
------------

2017-04-20 09:38:13 trace :
------------
Array:
tousername : gh_0ad70057b777 ;
fromusername : o26ibjsrSJzYjD-yXvhf2mf0Ttf8 ;
createtime : 1492652293 ;
msgtype : event ;
event : VIEW ;
eventkey : http://kh39.61why.com/app/index.php?i=2&c=entry&eid=194 ;
menuid : 411738532 ;
from : o26ibjsrSJzYjD-yXvhf2mf0Ttf8 ;
to : gh_0ad70057b777 ;
time : 1492652293 ;
type : event ;

2017-04-20 09:38:13 params :
------------
Array:
rule : -2 ;
module :  ;
message : Array ;

2017-04-20 09:38:13 response :
------------

2017-04-20 09:40:51 trace :
------------
Array:
tousername : gh_0ad70057b777 ;
fromusername : o26ibjsrSJzYjD-yXvhf2mf0Ttf8 ;
createtime : 1492652451 ;
msgtype : event ;
event : VIEW ;
eventkey : http://kh39.61why.com/app/index.php?i=2&c=entry&eid=194 ;
menuid : 411738532 ;
from : o26ibjsrSJzYjD-yXvhf2mf0Ttf8 ;
to : gh_0ad70057b777 ;
time : 1492652451 ;
type : event ;

2017-04-20 09:40:51 params :
------------
Array:
rule : -2 ;
module :  ;
message : Array ;

2017-04-20 09:40:51 response :
------------

2017-04-20 09:49:09 trace :
------------
Array:
tousername : gh_6536061e4435 ;
fromusername : oKwkYw5S8zWw6zCS6dGdWuuV95fM ;
createtime : 1492652949 ;
msgtype : event ;
event : VIEW ;
eventkey : http://kh39.61why.com/app/index.php?i=2&c=entry&eid=198 ;
menuid : 410600728 ;
from : oKwkYw5S8zWw6zCS6dGdWuuV95fM ;
to : gh_6536061e4435 ;
time : 1492652949 ;
type : event ;

2017-04-20 09:49:09 params :
------------
Array:
rule : -2 ;
module :  ;
message : Array ;

2017-04-20 09:49:09 response :
------------

2017-04-20 10:13:53 trace :
------------
Array:
tousername : gh_6536061e4435 ;
fromusername : oKwkYw5Hv5-mrEGrZ572fv2JrB_s ;
createtime : 1492654433 ;
msgtype : event ;
event : VIEW ;
eventkey : http://kh39.61why.com/app/index.php?i=2&c=entry&eid=194 ;
menuid : 410600728 ;
from : oKwkYw5Hv5-mrEGrZ572fv2JrB_s ;
to : gh_6536061e4435 ;
time : 1492654433 ;
type : event ;

2017-04-20 10:13:53 params :
------------
Array:
rule : -2 ;
module :  ;
message : Array ;

2017-04-20 10:13:53 response :
------------

2017-04-20 10:21:03 trace :
------------
Array:
tousername : gh_6536061e4435 ;
fromusername : oKwkYw5hiet9aIoMvpfdt0UcJyzc ;
createtime : 1492654863 ;
msgtype : event ;
event : VIEW ;
eventkey : http://kh39.61why.com/app/index.php?i=2&c=entry&eid=198 ;
menuid : 410600728 ;
from : oKwkYw5hiet9aIoMvpfdt0UcJyzc ;
to : gh_6536061e4435 ;
time : 1492654863 ;
type : event ;

2017-04-20 10:21:03 params :
------------
Array:
rule : -2 ;
module :  ;
message : Array ;

2017-04-20 10:21:03 response :
------------

2017-04-20 10:27:30 trace :
------------
Array:
tousername : gh_6536061e4435 ;
fromusername : oKwkYw1hdHu_NiSw4Dn_tLeEcWuc ;
createtime : 1492655250 ;
msgtype : event ;
event : VIEW ;
eventkey : http://kh39.61why.com/app/index.php?i=2&c=entry&eid=198 ;
menuid : 410600728 ;
from : oKwkYw1hdHu_NiSw4Dn_tLeEcWuc ;
to : gh_6536061e4435 ;
time : 1492655250 ;
type : event ;

2017-04-20 10:27:30 params :
------------
Array:
rule : -2 ;
module :  ;
message : Array ;

2017-04-20 10:27:30 response :
------------

2017-04-20 10:28:20 trace :
------------
Array:
tousername : gh_6536061e4435 ;
fromusername : oKwkYw1hdHu_NiSw4Dn_tLeEcWuc ;
createtime : 1492655300 ;
msgtype : event ;
event : VIEW ;
eventkey : http://kh39.61why.com/app/index.php?i=2&c=entry&eid=194 ;
menuid : 410600728 ;
from : oKwkYw1hdHu_NiSw4Dn_tLeEcWuc ;
to : gh_6536061e4435 ;
time : 1492655300 ;
type : event ;

2017-04-20 10:28:20 params :
------------
Array:
rule : -2 ;
module :  ;
message : Array ;

2017-04-20 10:28:20 response :
------------

2017-04-20 10:31:54 trace :
------------
Array:
tousername : gh_6536061e4435 ;
fromusername : oKwkYw22rCbBSaALxIaH8w23nsLQ ;
createtime : 1492655514 ;
msgtype : event ;
event : VIEW ;
eventkey : http://kh39.61why.com/app/index.php?i=2&c=entry&eid=198 ;
menuid : 410600728 ;
from : oKwkYw22rCbBSaALxIaH8w23nsLQ ;
to : gh_6536061e4435 ;
time : 1492655514 ;
type : event ;

2017-04-20 10:31:54 params :
------------
Array:
rule : -2 ;
module :  ;
message : Array ;

2017-04-20 10:31:54 response :
------------

2017-04-20 10:33:06 trace :
------------
Array:
tousername : gh_6536061e4435 ;
fromusername : oKwkYw6o3a7otZOCvv25dRVHQX_I ;
createtime : 1492655586 ;
msgtype : event ;
event : VIEW ;
eventkey : http://kh39.61why.com/app/index.php?i=2&c=entry&eid=198 ;
menuid : 410600728 ;
from : oKwkYw6o3a7otZOCvv25dRVHQX_I ;
to : gh_6536061e4435 ;
time : 1492655586 ;
type : event ;

2017-04-20 10:33:06 params :
------------
Array:
rule : -2 ;
module :  ;
message : Array ;

2017-04-20 10:33:06 response :
------------

2017-04-20 10:34:44 trace :
------------
Array:
tousername : gh_6536061e4435 ;
fromusername : oKwkYw6o3a7otZOCvv25dRVHQX_I ;
createtime : 1492655684 ;
msgtype : event ;
event : VIEW ;
eventkey : http://kh39.61why.com/app/index.php?i=2&c=entry&eid=198 ;
menuid : 410600728 ;
from : oKwkYw6o3a7otZOCvv25dRVHQX_I ;
to : gh_6536061e4435 ;
time : 1492655684 ;
type : event ;

2017-04-20 10:34:44 params :
------------
Array:
rule : -2 ;
module :  ;
message : Array ;

2017-04-20 10:34:44 response :
------------

2017-04-20 10:37:29 trace :
------------
Array:
tousername : gh_6536061e4435 ;
fromusername : oKwkYw5Hv5-mrEGrZ572fv2JrB_s ;
createtime : 1492655848 ;
msgtype : event ;
event : VIEW ;
eventkey : http://kh39.61why.com/app/index.php?i=2&c=entry&eid=194 ;
menuid : 410600728 ;
from : oKwkYw5Hv5-mrEGrZ572fv2JrB_s ;
to : gh_6536061e4435 ;
time : 1492655848 ;
type : event ;

2017-04-20 10:37:29 params :
------------
Array:
rule : -2 ;
module :  ;
message : Array ;

2017-04-20 10:37:29 response :
------------

2017-04-20 10:37:32 trace :
------------
Array:
tousername : gh_6536061e4435 ;
fromusername : oKwkYw0AIpFiGcZK10quYHjFAg8U ;
createtime : 1492655852 ;
msgtype : event ;
event : VIEW ;
eventkey : http://kh39.61why.com/app/index.php?i=2&c=entry&eid=198 ;
menuid : 410600728 ;
from : oKwkYw0AIpFiGcZK10quYHjFAg8U ;
to : gh_6536061e4435 ;
time : 1492655852 ;
type : event ;

2017-04-20 10:37:32 params :
------------
Array:
rule : -2 ;
module :  ;
message : Array ;

2017-04-20 10:37:32 response :
------------

2017-04-20 10:38:25 trace :
------------
Array:
tousername : gh_6536061e4435 ;
fromusername : oKwkYw5Hv5-mrEGrZ572fv2JrB_s ;
createtime : 1492655905 ;
msgtype : event ;
event : VIEW ;
eventkey : http://kh39.61why.com/app/index.php?i=2&c=entry&eid=198 ;
menuid : 410600728 ;
from : oKwkYw5Hv5-mrEGrZ572fv2JrB_s ;
to : gh_6536061e4435 ;
time : 1492655905 ;
type : event ;

2017-04-20 10:38:25 params :
------------
Array:
rule : -2 ;
module :  ;
message : Array ;

2017-04-20 10:38:25 response :
------------

2017-04-20 10:41:12 trace :
------------
Array:
tousername : gh_6536061e4435 ;
fromusername : oKwkYwx_3z38v-Z6Ih51TiBX87bo ;
createtime : 1492656072 ;
msgtype : event ;
event : VIEW ;
eventkey : http://kh39.61why.com/app/index.php?i=2&c=entry&eid=198 ;
menuid : 410600728 ;
from : oKwkYwx_3z38v-Z6Ih51TiBX87bo ;
to : gh_6536061e4435 ;
time : 1492656072 ;
type : event ;

2017-04-20 10:41:12 params :
------------
Array:
rule : -2 ;
module :  ;
message : Array ;

2017-04-20 10:41:12 response :
------------

2017-04-20 10:52:54 trace :
------------
Array:
tousername : gh_6536061e4435 ;
fromusername : oKwkYw0b_nY3vy2dlsZiutChx2qg ;
createtime : 1492656774 ;
msgtype : event ;
event : VIEW ;
eventkey : http://kh39.61why.com/app/index.php?i=2&c=entry&eid=198 ;
menuid : 410600728 ;
from : oKwkYw0b_nY3vy2dlsZiutChx2qg ;
to : gh_6536061e4435 ;
time : 1492656774 ;
type : event ;

2017-04-20 10:52:54 params :
------------
Array:
rule : -2 ;
module :  ;
message : Array ;

2017-04-20 10:52:54 response :
------------

2017-04-20 10:53:26 trace :
------------
Array:
tousername : gh_6536061e4435 ;
fromusername : oKwkYw0b_nY3vy2dlsZiutChx2qg ;
createtime : 1492656806 ;
msgtype : event ;
event : VIEW ;
eventkey : http://kh39.61why.com/app/index.php?i=2&c=entry&eid=198 ;
menuid : 410600728 ;
from : oKwkYw0b_nY3vy2dlsZiutChx2qg ;
to : gh_6536061e4435 ;
time : 1492656806 ;
type : event ;

2017-04-20 10:53:26 params :
------------
Array:
rule : -2 ;
module :  ;
message : Array ;

2017-04-20 10:53:26 response :
------------

2017-04-20 11:07:26 trace :
------------
Array:
tousername : gh_6536061e4435 ;
fromusername : oKwkYw0b_nY3vy2dlsZiutChx2qg ;
createtime : 1492657646 ;
msgtype : event ;
event : VIEW ;
eventkey : http://kh39.61why.com/app/index.php?i=2&c=entry&eid=198 ;
menuid : 410600728 ;
from : oKwkYw0b_nY3vy2dlsZiutChx2qg ;
to : gh_6536061e4435 ;
time : 1492657646 ;
type : event ;

2017-04-20 11:07:26 params :
------------
Array:
rule : -2 ;
module :  ;
message : Array ;

2017-04-20 11:07:26 response :
------------

2017-04-20 11:07:29 trace :
------------
Array:
tousername : gh_6536061e4435 ;
fromusername : oKwkYw0b_nY3vy2dlsZiutChx2qg ;
createtime : 1492657649 ;
msgtype : event ;
event : VIEW ;
eventkey : http://kh39.61why.com/app/index.php?i=2&c=entry&eid=198 ;
menuid : 410600728 ;
from : oKwkYw0b_nY3vy2dlsZiutChx2qg ;
to : gh_6536061e4435 ;
time : 1492657649 ;
type : event ;

2017-04-20 11:07:29 params :
------------
Array:
rule : -2 ;
module :  ;
message : Array ;

2017-04-20 11:07:29 response :
------------

2017-04-20 11:09:20 trace :
------------
Array:
tousername : gh_6536061e4435 ;
fromusername : oKwkYw5hiet9aIoMvpfdt0UcJyzc ;
createtime : 1492657760 ;
msgtype : event ;
event : VIEW ;
eventkey : http://kh39.61why.com/app/index.php?i=2&c=entry&eid=198 ;
menuid : 410600728 ;
from : oKwkYw5hiet9aIoMvpfdt0UcJyzc ;
to : gh_6536061e4435 ;
time : 1492657760 ;
type : event ;

2017-04-20 11:09:20 params :
------------
Array:
rule : -2 ;
module :  ;
message : Array ;

2017-04-20 11:09:20 response :
------------

2017-04-20 11:11:43 trace :
------------
Array:
tousername : gh_6536061e4435 ;
fromusername : oKwkYw0b_nY3vy2dlsZiutChx2qg ;
createtime : 1492657903 ;
msgtype : event ;
event : VIEW ;
eventkey : http://kh39.61why.com/app/index.php?i=2&c=entry&eid=198 ;
menuid : 410600728 ;
from : oKwkYw0b_nY3vy2dlsZiutChx2qg ;
to : gh_6536061e4435 ;
time : 1492657903 ;
type : event ;

2017-04-20 11:11:43 params :
------------
Array:
rule : -2 ;
module :  ;
message : Array ;

2017-04-20 11:11:43 response :
------------

2017-04-20 11:18:03 trace :
------------
Array:
tousername : gh_6536061e4435 ;
fromusername : oKwkYwyEsoX6PwCcdSAelWnIXlpg ;
createtime : 1492658283 ;
msgtype : event ;
event : VIEW ;
eventkey : http://kh39.61why.com/app/index.php?i=2&c=entry&eid=194 ;
menuid : 410600728 ;
from : oKwkYwyEsoX6PwCcdSAelWnIXlpg ;
to : gh_6536061e4435 ;
time : 1492658283 ;
type : event ;

2017-04-20 11:18:03 params :
------------
Array:
rule : -2 ;
module :  ;
message : Array ;

2017-04-20 11:18:03 response :
------------

2017-04-20 11:20:49 trace :
------------
Array:
tousername : gh_0ad70057b777 ;
fromusername : o26ibjsrSJzYjD-yXvhf2mf0Ttf8 ;
createtime : 1492658449 ;
msgtype : event ;
event : VIEW ;
eventkey : http://kh39.61why.com/app/index.php?i=2&c=entry&eid=198 ;
menuid : 411738532 ;
from : o26ibjsrSJzYjD-yXvhf2mf0Ttf8 ;
to : gh_0ad70057b777 ;
time : 1492658449 ;
type : event ;

2017-04-20 11:20:49 params :
------------
Array:
rule : -2 ;
module :  ;
message : Array ;

2017-04-20 11:20:49 response :
------------

2017-04-20 11:21:25 trace :
------------
Array:
tousername : gh_6536061e4435 ;
fromusername : oKwkYw5S8zWw6zCS6dGdWuuV95fM ;
createtime : 1492658485 ;
msgtype : event ;
event : VIEW ;
eventkey : http://kh39.61why.com/app/index.php?i=2&c=entry&eid=198 ;
menuid : 410600728 ;
from : oKwkYw5S8zWw6zCS6dGdWuuV95fM ;
to : gh_6536061e4435 ;
time : 1492658485 ;
type : event ;

2017-04-20 11:21:25 params :
------------
Array:
rule : -2 ;
module :  ;
message : Array ;

2017-04-20 11:21:25 response :
------------

2017-04-20 11:22:27 trace :
------------
Array:
tousername : gh_6536061e4435 ;
fromusername : oKwkYw5S8zWw6zCS6dGdWuuV95fM ;
createtime : 1492658547 ;
msgtype : event ;
event : VIEW ;
eventkey : http://kh39.61why.com/app/index.php?i=2&c=entry&eid=198 ;
menuid : 410600728 ;
from : oKwkYw5S8zWw6zCS6dGdWuuV95fM ;
to : gh_6536061e4435 ;
time : 1492658547 ;
type : event ;

2017-04-20 11:22:27 params :
------------
Array:
rule : -2 ;
module :  ;
message : Array ;

2017-04-20 11:22:27 response :
------------

2017-04-20 11:25:23 trace :
------------
Array:
tousername : gh_6536061e4435 ;
fromusername : oKwkYw0b_nY3vy2dlsZiutChx2qg ;
createtime : 1492658722 ;
msgtype : event ;
event : VIEW ;
eventkey : http://kh39.61why.com/app/index.php?i=2&c=entry&eid=198 ;
menuid : 410600728 ;
from : oKwkYw0b_nY3vy2dlsZiutChx2qg ;
to : gh_6536061e4435 ;
time : 1492658722 ;
type : event ;

2017-04-20 11:25:23 params :
------------
Array:
rule : -2 ;
module :  ;
message : Array ;

2017-04-20 11:25:23 response :
------------

2017-04-20 11:26:09 trace :
------------
Array:
tousername : gh_6536061e4435 ;
fromusername : oKwkYw0b_nY3vy2dlsZiutChx2qg ;
createtime : 1492658769 ;
msgtype : event ;
event : VIEW ;
eventkey : http://kh39.61why.com/app/index.php?i=2&c=entry&eid=198 ;
menuid : 410600728 ;
from : oKwkYw0b_nY3vy2dlsZiutChx2qg ;
to : gh_6536061e4435 ;
time : 1492658769 ;
type : event ;

2017-04-20 11:26:09 params :
------------
Array:
rule : -2 ;
module :  ;
message : Array ;

2017-04-20 11:26:09 response :
------------

2017-04-20 11:34:12 trace :
------------
Array:
tousername : gh_6536061e4435 ;
fromusername : oKwkYw5aHcyjux9ql6D7O9WEBmx4 ;
createtime : 1492659252 ;
msgtype : event ;
event : VIEW ;
eventkey : http://kh39.61why.com/app/index.php?i=2&c=entry&eid=198 ;
menuid : 410600728 ;
from : oKwkYw5aHcyjux9ql6D7O9WEBmx4 ;
to : gh_6536061e4435 ;
time : 1492659252 ;
type : event ;

2017-04-20 11:34:12 params :
------------
Array:
rule : -2 ;
module :  ;
message : Array ;

2017-04-20 11:34:12 response :
------------

2017-04-20 11:34:18 trace :
------------
Array:
tousername : gh_6536061e4435 ;
fromusername : oKwkYw5aHcyjux9ql6D7O9WEBmx4 ;
createtime : 1492659258 ;
msgtype : event ;
event : VIEW ;
eventkey : http://kh39.61why.com/app/index.php?i=2&c=entry&eid=198 ;
menuid : 410600728 ;
from : oKwkYw5aHcyjux9ql6D7O9WEBmx4 ;
to : gh_6536061e4435 ;
time : 1492659258 ;
type : event ;

2017-04-20 11:34:18 params :
------------
Array:
rule : -2 ;
module :  ;
message : Array ;

2017-04-20 11:34:18 response :
------------

2017-04-20 12:21:53 trace :
------------
Array:
tousername : gh_6536061e4435 ;
fromusername : oKwkYw7pQ-JqP9vIIA8GLv7-Wtjk ;
createtime : 1492662113 ;
msgtype : event ;
event : VIEW ;
eventkey : http://kh39.61why.com/app/index.php?i=2&c=entry&eid=198 ;
menuid : 410600728 ;
from : oKwkYw7pQ-JqP9vIIA8GLv7-Wtjk ;
to : gh_6536061e4435 ;
time : 1492662113 ;
type : event ;

2017-04-20 12:21:53 params :
------------
Array:
rule : -2 ;
module :  ;
message : Array ;

2017-04-20 12:21:53 response :
------------

2017-04-20 12:27:23 trace :
------------
Array:
tousername : gh_6536061e4435 ;
fromusername : oKwkYw0b_nY3vy2dlsZiutChx2qg ;
createtime : 1492662443 ;
msgtype : event ;
event : VIEW ;
eventkey : http://kh39.61why.com/app/index.php?i=2&c=entry&eid=198 ;
menuid : 410600728 ;
from : oKwkYw0b_nY3vy2dlsZiutChx2qg ;
to : gh_6536061e4435 ;
time : 1492662443 ;
type : event ;

2017-04-20 12:27:23 params :
------------
Array:
rule : -2 ;
module :  ;
message : Array ;

2017-04-20 12:27:23 response :
------------

2017-04-20 12:27:30 trace :
------------
Array:
tousername : gh_6536061e4435 ;
fromusername : oKwkYw0b_nY3vy2dlsZiutChx2qg ;
createtime : 1492662450 ;
msgtype : event ;
event : VIEW ;
eventkey : http://kh39.61why.com/app/index.php?i=2&c=entry&eid=198 ;
menuid : 410600728 ;
from : oKwkYw0b_nY3vy2dlsZiutChx2qg ;
to : gh_6536061e4435 ;
time : 1492662450 ;
type : event ;

2017-04-20 12:27:30 params :
------------
Array:
rule : -2 ;
module :  ;
message : Array ;

2017-04-20 12:27:30 response :
------------

2017-04-20 12:31:44 trace :
------------
Array:
tousername : gh_6536061e4435 ;
fromusername : oKwkYw9A27iCE2wbx5IXncAJ21Sw ;
createtime : 1492662704 ;
msgtype : event ;
event : VIEW ;
eventkey : http://kh39.61why.com/app/index.php?i=2&c=entry&eid=198 ;
menuid : 410600728 ;
from : oKwkYw9A27iCE2wbx5IXncAJ21Sw ;
to : gh_6536061e4435 ;
time : 1492662704 ;
type : event ;

2017-04-20 12:31:44 params :
------------
Array:
rule : -2 ;
module :  ;
message : Array ;

2017-04-20 12:31:44 response :
------------

2017-04-20 12:48:27 trace :
------------
Array:
tousername : gh_6536061e4435 ;
fromusername : oKwkYw5hiet9aIoMvpfdt0UcJyzc ;
createtime : 1492663707 ;
msgtype : event ;
event : VIEW ;
eventkey : http://kh39.61why.com/app/index.php?i=2&c=entry&eid=198 ;
menuid : 410600728 ;
from : oKwkYw5hiet9aIoMvpfdt0UcJyzc ;
to : gh_6536061e4435 ;
time : 1492663707 ;
type : event ;

2017-04-20 12:48:27 params :
------------
Array:
rule : -2 ;
module :  ;
message : Array ;

2017-04-20 12:48:27 response :
------------

2017-04-20 13:00:55 trace :
------------
Array:
tousername : gh_6536061e4435 ;
fromusername : oKwkYw0YAzbr6YgvHolqg_xwXtAI ;
createtime : 1492664455 ;
msgtype : event ;
event : VIEW ;
eventkey : http://kh39.61why.com/app/index.php?i=2&c=entry&eid=198 ;
menuid : 410600728 ;
from : oKwkYw0YAzbr6YgvHolqg_xwXtAI ;
to : gh_6536061e4435 ;
time : 1492664455 ;
type : event ;

2017-04-20 13:00:55 params :
------------
Array:
rule : -2 ;
module :  ;
message : Array ;

2017-04-20 13:00:55 response :
------------

2017-04-20 13:15:35 trace :
------------
Array:
tousername : gh_6536061e4435 ;
fromusername : oKwkYw8e33SsKCgQqmRH91AsxTTA ;
createtime : 1492665335 ;
msgtype : event ;
event : VIEW ;
eventkey : http://kh39.61why.com/app/index.php?i=2&c=entry&eid=198 ;
menuid : 410600728 ;
from : oKwkYw8e33SsKCgQqmRH91AsxTTA ;
to : gh_6536061e4435 ;
time : 1492665335 ;
type : event ;

2017-04-20 13:15:35 params :
------------
Array:
rule : -2 ;
module :  ;
message : Array ;

2017-04-20 13:15:35 response :
------------

2017-04-20 13:23:01 trace :
------------
Array:
tousername : gh_6536061e4435 ;
fromusername : oKwkYw0b_nY3vy2dlsZiutChx2qg ;
createtime : 1492665781 ;
msgtype : event ;
event : VIEW ;
eventkey : http://kh39.61why.com/app/index.php?i=2&c=entry&eid=198 ;
menuid : 410600728 ;
from : oKwkYw0b_nY3vy2dlsZiutChx2qg ;
to : gh_6536061e4435 ;
time : 1492665781 ;
type : event ;

2017-04-20 13:23:01 params :
------------
Array:
rule : -2 ;
module :  ;
message : Array ;

2017-04-20 13:23:01 response :
------------

2017-04-20 13:28:12 trace :
------------
Array:
tousername : gh_6536061e4435 ;
fromusername : oKwkYw5Hv5-mrEGrZ572fv2JrB_s ;
createtime : 1492666092 ;
msgtype : event ;
event : VIEW ;
eventkey : http://kh39.61why.com/app/index.php?i=2&c=entry&eid=194 ;
menuid : 410600728 ;
from : oKwkYw5Hv5-mrEGrZ572fv2JrB_s ;
to : gh_6536061e4435 ;
time : 1492666092 ;
type : event ;

2017-04-20 13:28:12 params :
------------
Array:
rule : -2 ;
module :  ;
message : Array ;

2017-04-20 13:28:12 response :
------------

2017-04-20 13:32:07 trace :
------------
Array:
tousername : gh_6536061e4435 ;
fromusername : oKwkYw0h6VxgZ9uOJHMl9V2-_zXY ;
createtime : 1492666327 ;
msgtype : event ;
event : VIEW ;
eventkey : http://kh39.61why.com/app/index.php?i=2&c=entry&eid=194 ;
menuid : 410600728 ;
from : oKwkYw0h6VxgZ9uOJHMl9V2-_zXY ;
to : gh_6536061e4435 ;
time : 1492666327 ;
type : event ;

2017-04-20 13:32:07 params :
------------
Array:
rule : -2 ;
module :  ;
message : Array ;

2017-04-20 13:32:07 response :
------------

2017-04-20 13:44:14 trace :
------------
Array:
tousername : gh_6536061e4435 ;
fromusername : oKwkYw5hiet9aIoMvpfdt0UcJyzc ;
createtime : 1492667054 ;
msgtype : event ;
event : VIEW ;
eventkey : http://kh39.61why.com/app/index.php?i=2&c=entry&eid=198 ;
menuid : 410600728 ;
from : oKwkYw5hiet9aIoMvpfdt0UcJyzc ;
to : gh_6536061e4435 ;
time : 1492667054 ;
type : event ;

2017-04-20 13:44:14 params :
------------
Array:
rule : -2 ;
module :  ;
message : Array ;

2017-04-20 13:44:14 response :
------------

2017-04-20 14:22:44 trace :
------------
Array:
tousername : gh_6536061e4435 ;
fromusername : oKwkYw5bLdwXxSb_G5TeVe9J9CIc ;
createtime : 1492669364 ;
msgtype : event ;
event : VIEW ;
eventkey : http://kh39.61why.com/app/index.php?i=2&c=entry&eid=194 ;
menuid : 410600728 ;
from : oKwkYw5bLdwXxSb_G5TeVe9J9CIc ;
to : gh_6536061e4435 ;
time : 1492669364 ;
type : event ;

2017-04-20 14:22:44 params :
------------
Array:
rule : -2 ;
module :  ;
message : Array ;

2017-04-20 14:22:44 response :
------------

2017-04-20 14:26:29 trace :
------------
Array:
tousername : gh_6536061e4435 ;
fromusername : oKwkYw5bLdwXxSb_G5TeVe9J9CIc ;
createtime : 1492669589 ;
msgtype : event ;
event : VIEW ;
eventkey : http://kh39.61why.com/app/index.php?i=2&c=entry&eid=194 ;
menuid : 410600728 ;
from : oKwkYw5bLdwXxSb_G5TeVe9J9CIc ;
to : gh_6536061e4435 ;
time : 1492669589 ;
type : event ;

2017-04-20 14:26:29 params :
------------
Array:
rule : -2 ;
module :  ;
message : Array ;

2017-04-20 14:26:29 response :
------------

2017-04-20 14:45:38 trace :
------------
Array:
tousername : gh_6536061e4435 ;
fromusername : oKwkYw5hiet9aIoMvpfdt0UcJyzc ;
createtime : 1492670738 ;
msgtype : event ;
event : VIEW ;
eventkey : http://kh39.61why.com/app/index.php?i=2&c=entry&eid=198 ;
menuid : 410600728 ;
from : oKwkYw5hiet9aIoMvpfdt0UcJyzc ;
to : gh_6536061e4435 ;
time : 1492670738 ;
type : event ;

2017-04-20 14:45:38 params :
------------
Array:
rule : -2 ;
module :  ;
message : Array ;

2017-04-20 14:45:38 response :
------------

2017-04-20 15:07:15 trace :
------------
Array:
tousername : gh_6536061e4435 ;
fromusername : oKwkYw1hdHu_NiSw4Dn_tLeEcWuc ;
createtime : 1492672035 ;
msgtype : event ;
event : VIEW ;
eventkey : http://kh39.61why.com/app/index.php?i=2&c=entry&eid=198 ;
menuid : 410600728 ;
from : oKwkYw1hdHu_NiSw4Dn_tLeEcWuc ;
to : gh_6536061e4435 ;
time : 1492672035 ;
type : event ;

2017-04-20 15:07:15 params :
------------
Array:
rule : -2 ;
module :  ;
message : Array ;

2017-04-20 15:07:15 response :
------------

2017-04-20 15:08:27 trace :
------------
Array:
tousername : gh_0ad70057b777 ;
fromusername : o26ibjsrSJzYjD-yXvhf2mf0Ttf8 ;
createtime : 1492672107 ;
msgtype : event ;
event : VIEW ;
eventkey : http://kh39.61why.com/app/index.php?i=2&c=entry&eid=198 ;
menuid : 411738532 ;
from : o26ibjsrSJzYjD-yXvhf2mf0Ttf8 ;
to : gh_0ad70057b777 ;
time : 1492672107 ;
type : event ;

2017-04-20 15:08:27 params :
------------
Array:
rule : -2 ;
module :  ;
message : Array ;

2017-04-20 15:08:27 response :
------------

2017-04-20 15:10:11 trace :
------------
Array:
tousername : gh_6536061e4435 ;
fromusername : oKwkYwwbsrp-8V71G8CgC363azaQ ;
createtime : 1492672211 ;
msgtype : event ;
event : subscribe ;
eventkey : qrscene_8b56176c32187399cf82a8c8088fbc9b ;
ticket : gQHq8DwAAAAAAAAAAS5odHRwOi8vd2VpeGluLnFxLmNvbS9xLzAyYm5yYjBiSDljbzMxMDAwMGcwN1cAAgQ2Es1YAwQAAAAA ;
from : oKwkYwwbsrp-8V71G8CgC363azaQ ;
to : gh_6536061e4435 ;
time : 1492672211 ;
type : subscribe ;
scene : 8b56176c32187399cf82a8c8088fbc9b ;

2017-04-20 15:11:17 trace :
------------
Array:
tousername : gh_6536061e4435 ;
fromusername : oKwkYwwbsrp-8V71G8CgC363azaQ ;
createtime : 1492672277 ;
msgtype : event ;
event : VIEW ;
eventkey : http://kh39.61why.com/app/index.php?i=2&c=entry&eid=194 ;
menuid : 410600728 ;
from : oKwkYwwbsrp-8V71G8CgC363azaQ ;
to : gh_6536061e4435 ;
time : 1492672277 ;
type : event ;

2017-04-20 15:11:17 params :
------------
Array:
rule : -2 ;
module :  ;
message : Array ;

2017-04-20 15:11:17 response :
------------

2017-04-20 15:16:14 trace :
------------
Array:
tousername : gh_6536061e4435 ;
fromusername : oKwkYw5hiet9aIoMvpfdt0UcJyzc ;
createtime : 1492672574 ;
msgtype : event ;
event : VIEW ;
eventkey : http://kh39.61why.com/app/index.php?i=2&c=entry&eid=198 ;
menuid : 410600728 ;
from : oKwkYw5hiet9aIoMvpfdt0UcJyzc ;
to : gh_6536061e4435 ;
time : 1492672574 ;
type : event ;

2017-04-20 15:16:14 params :
------------
Array:
rule : -2 ;
module :  ;
message : Array ;

2017-04-20 15:16:14 response :
------------

2017-04-20 15:16:47 trace :
------------
Array:
tousername : gh_6536061e4435 ;
fromusername : oKwkYwwbsrp-8V71G8CgC363azaQ ;
createtime : 1492672607 ;
msgtype : event ;
event : VIEW ;
eventkey : http://kh39.61why.com/app/index.php?i=2&c=entry&eid=198 ;
menuid : 410600728 ;
from : oKwkYwwbsrp-8V71G8CgC363azaQ ;
to : gh_6536061e4435 ;
time : 1492672607 ;
type : event ;

2017-04-20 15:16:47 params :
------------
Array:
rule : -2 ;
module :  ;
message : Array ;

2017-04-20 15:16:47 response :
------------

2017-04-20 15:23:10 trace :
------------
Array:
tousername : gh_6536061e4435 ;
fromusername : oKwkYw9jtdtXMlUF-dZFaN58BaEs ;
createtime : 1492672990 ;
msgtype : event ;
event : VIEW ;
eventkey : http://kh39.61why.com/app/index.php?i=2&c=entry&eid=198 ;
menuid : 410600728 ;
from : oKwkYw9jtdtXMlUF-dZFaN58BaEs ;
to : gh_6536061e4435 ;
time : 1492672990 ;
type : event ;

2017-04-20 15:23:10 params :
------------
Array:
rule : -2 ;
module :  ;
message : Array ;

2017-04-20 15:23:10 response :
------------

2017-04-20 15:30:21 trace :
------------
Array:
tousername : gh_6536061e4435 ;
fromusername : oKwkYw5hiet9aIoMvpfdt0UcJyzc ;
createtime : 1492673421 ;
msgtype : event ;
event : VIEW ;
eventkey : http://kh39.61why.com/app/index.php?i=2&c=entry&eid=198 ;
menuid : 410600728 ;
from : oKwkYw5hiet9aIoMvpfdt0UcJyzc ;
to : gh_6536061e4435 ;
time : 1492673421 ;
type : event ;

2017-04-20 15:30:21 params :
------------
Array:
rule : -2 ;
module :  ;
message : Array ;

2017-04-20 15:30:21 response :
------------

2017-04-20 15:31:57 trace :
------------
Array:
tousername : gh_6536061e4435 ;
fromusername : oKwkYw5hiet9aIoMvpfdt0UcJyzc ;
createtime : 1492673517 ;
msgtype : event ;
event : VIEW ;
eventkey : http://kh39.61why.com/app/index.php?i=2&c=entry&eid=198 ;
menuid : 410600728 ;
from : oKwkYw5hiet9aIoMvpfdt0UcJyzc ;
to : gh_6536061e4435 ;
time : 1492673517 ;
type : event ;

2017-04-20 15:31:57 params :
------------
Array:
rule : -2 ;
module :  ;
message : Array ;

2017-04-20 15:31:57 response :
------------

2017-04-20 15:34:23 trace :
------------
Array:
tousername : gh_6536061e4435 ;
fromusername : oKwkYw5hiet9aIoMvpfdt0UcJyzc ;
createtime : 1492673662 ;
msgtype : event ;
event : VIEW ;
eventkey : http://kh39.61why.com/app/index.php?i=2&c=entry&eid=198 ;
menuid : 410600728 ;
from : oKwkYw5hiet9aIoMvpfdt0UcJyzc ;
to : gh_6536061e4435 ;
time : 1492673662 ;
type : event ;

2017-04-20 15:34:23 params :
------------
Array:
rule : -2 ;
module :  ;
message : Array ;

2017-04-20 15:34:23 response :
------------

2017-04-20 15:35:28 trace :
------------
Array:
tousername : gh_6536061e4435 ;
fromusername : oKwkYw5hiet9aIoMvpfdt0UcJyzc ;
createtime : 1492673728 ;
msgtype : event ;
event : VIEW ;
eventkey : http://kh39.61why.com/app/index.php?i=2&c=entry&eid=198 ;
menuid : 410600728 ;
from : oKwkYw5hiet9aIoMvpfdt0UcJyzc ;
to : gh_6536061e4435 ;
time : 1492673728 ;
type : event ;

2017-04-20 15:35:28 params :
------------
Array:
rule : -2 ;
module :  ;
message : Array ;

2017-04-20 15:35:28 response :
------------

2017-04-20 15:42:22 trace :
------------
Array:
tousername : gh_6536061e4435 ;
fromusername : oKwkYw9A27iCE2wbx5IXncAJ21Sw ;
createtime : 1492674142 ;
msgtype : event ;
event : VIEW ;
eventkey : http://kh39.61why.com/app/index.php?i=2&c=entry&eid=194 ;
menuid : 410600728 ;
from : oKwkYw9A27iCE2wbx5IXncAJ21Sw ;
to : gh_6536061e4435 ;
time : 1492674142 ;
type : event ;

2017-04-20 15:42:22 params :
------------
Array:
rule : -2 ;
module :  ;
message : Array ;

2017-04-20 15:42:22 response :
------------

2017-04-20 15:45:12 trace :
------------
Array:
tousername : gh_6536061e4435 ;
fromusername : oKwkYw9A27iCE2wbx5IXncAJ21Sw ;
createtime : 1492674311 ;
msgtype : event ;
event : VIEW ;
eventkey : http://kh39.61why.com/app/index.php?i=2&c=entry&eid=198 ;
menuid : 410600728 ;
from : oKwkYw9A27iCE2wbx5IXncAJ21Sw ;
to : gh_6536061e4435 ;
time : 1492674311 ;
type : event ;

2017-04-20 15:45:12 params :
------------
Array:
rule : -2 ;
module :  ;
message : Array ;

2017-04-20 15:45:12 response :
------------

2017-04-20 15:46:07 trace :
------------
Array:
tousername : gh_6536061e4435 ;
fromusername : oKwkYw5hiet9aIoMvpfdt0UcJyzc ;
createtime : 1492674367 ;
msgtype : event ;
event : VIEW ;
eventkey : http://kh39.61why.com/app/index.php?i=2&c=entry&eid=198 ;
menuid : 410600728 ;
from : oKwkYw5hiet9aIoMvpfdt0UcJyzc ;
to : gh_6536061e4435 ;
time : 1492674367 ;
type : event ;

2017-04-20 15:46:07 params :
------------
Array:
rule : -2 ;
module :  ;
message : Array ;

2017-04-20 15:46:07 response :
------------

2017-04-20 15:47:49 trace :
------------
Array:
tousername : gh_6536061e4435 ;
fromusername : oKwkYwwbsrp-8V71G8CgC363azaQ ;
createtime : 1492674469 ;
msgtype : event ;
event : VIEW ;
eventkey : http://kh39.61why.com/app/index.php?i=2&c=entry&eid=194 ;
menuid : 410600728 ;
from : oKwkYwwbsrp-8V71G8CgC363azaQ ;
to : gh_6536061e4435 ;
time : 1492674469 ;
type : event ;

2017-04-20 15:47:49 params :
------------
Array:
rule : -2 ;
module :  ;
message : Array ;

2017-04-20 15:47:49 response :
------------

2017-04-20 15:50:39 trace :
------------
Array:
tousername : gh_6536061e4435 ;
fromusername : oKwkYw8e33SsKCgQqmRH91AsxTTA ;
createtime : 1492674639 ;
msgtype : event ;
event : VIEW ;
eventkey : http://kh39.61why.com/app/index.php?i=2&c=entry&eid=198 ;
menuid : 410600728 ;
from : oKwkYw8e33SsKCgQqmRH91AsxTTA ;
to : gh_6536061e4435 ;
time : 1492674639 ;
type : event ;

2017-04-20 15:50:39 params :
------------
Array:
rule : -2 ;
module :  ;
message : Array ;

2017-04-20 15:50:39 response :
------------

2017-04-20 15:52:31 trace :
------------
Array:
tousername : gh_6536061e4435 ;
fromusername : oKwkYw5hiet9aIoMvpfdt0UcJyzc ;
createtime : 1492674751 ;
msgtype : event ;
event : VIEW ;
eventkey : http://kh39.61why.com/app/index.php?i=2&c=entry&eid=198 ;
menuid : 410600728 ;
from : oKwkYw5hiet9aIoMvpfdt0UcJyzc ;
to : gh_6536061e4435 ;
time : 1492674751 ;
type : event ;

2017-04-20 15:52:31 params :
------------
Array:
rule : -2 ;
module :  ;
message : Array ;

2017-04-20 15:52:31 response :
------------

2017-04-20 15:53:06 trace :
------------
Array:
tousername : gh_6536061e4435 ;
fromusername : oKwkYwwbsrp-8V71G8CgC363azaQ ;
createtime : 1492674786 ;
msgtype : event ;
event : VIEW ;
eventkey : http://kh39.61why.com/app/index.php?i=2&c=entry&eid=194 ;
menuid : 410600728 ;
from : oKwkYwwbsrp-8V71G8CgC363azaQ ;
to : gh_6536061e4435 ;
time : 1492674786 ;
type : event ;

2017-04-20 15:53:06 params :
------------
Array:
rule : -2 ;
module :  ;
message : Array ;

2017-04-20 15:53:06 response :
------------

2017-04-20 15:56:44 trace :
------------
Array:
tousername : gh_6536061e4435 ;
fromusername : oKwkYw8e33SsKCgQqmRH91AsxTTA ;
createtime : 1492675004 ;
msgtype : event ;
event : VIEW ;
eventkey : http://kh39.61why.com/app/index.php?i=2&c=entry&eid=198 ;
menuid : 410600728 ;
from : oKwkYw8e33SsKCgQqmRH91AsxTTA ;
to : gh_6536061e4435 ;
time : 1492675004 ;
type : event ;

2017-04-20 15:56:44 params :
------------
Array:
rule : -2 ;
module :  ;
message : Array ;

2017-04-20 15:56:44 response :
------------

2017-04-20 15:56:49 trace :
------------
Array:
tousername : gh_6536061e4435 ;
fromusername : oKwkYw8e33SsKCgQqmRH91AsxTTA ;
createtime : 1492675009 ;
msgtype : event ;
event : VIEW ;
eventkey : http://kh39.61why.com/app/index.php?i=2&c=entry&eid=198 ;
menuid : 410600728 ;
from : oKwkYw8e33SsKCgQqmRH91AsxTTA ;
to : gh_6536061e4435 ;
time : 1492675009 ;
type : event ;

2017-04-20 15:56:49 params :
------------
Array:
rule : -2 ;
module :  ;
message : Array ;

2017-04-20 15:56:49 response :
------------

2017-04-20 15:57:50 trace :
------------
Array:
tousername : gh_0ad70057b777 ;
fromusername : o26ibjt87r1BrkG_a3zE4Ra-pUKs ;
createtime : 1492675070 ;
msgtype : event ;
event : subscribe ;
eventkey : Array ;
from : o26ibjt87r1BrkG_a3zE4Ra-pUKs ;
to : gh_0ad70057b777 ;
time : 1492675070 ;
type : subscribe ;

2017-04-20 15:57:50 params :
------------
Array:
rule : -2 ;
module :  ;
message : Array ;

2017-04-20 15:57:50 response :
------------

2017-04-20 15:57:53 trace :
------------
Array:
tousername : gh_0ad70057b777 ;
fromusername : o26ibjt87r1BrkG_a3zE4Ra-pUKs ;
createtime : 1492675073 ;
msgtype : event ;
event : VIEW ;
eventkey : http://kh39.61why.com/app/index.php?i=2&c=entry&eid=194 ;
menuid : 411738532 ;
from : o26ibjt87r1BrkG_a3zE4Ra-pUKs ;
to : gh_0ad70057b777 ;
time : 1492675073 ;
type : event ;

2017-04-20 15:57:53 params :
------------
Array:
rule : -2 ;
module :  ;
message : Array ;

2017-04-20 15:57:53 response :
------------

2017-04-20 16:07:06 trace :
------------
Array:
tousername : gh_6536061e4435 ;
fromusername : oKwkYw5hiet9aIoMvpfdt0UcJyzc ;
createtime : 1492675625 ;
msgtype : event ;
event : VIEW ;
eventkey : http://kh39.61why.com/app/index.php?i=2&c=entry&eid=198 ;
menuid : 410600728 ;
from : oKwkYw5hiet9aIoMvpfdt0UcJyzc ;
to : gh_6536061e4435 ;
time : 1492675625 ;
type : event ;

2017-04-20 16:07:06 params :
------------
Array:
rule : -2 ;
module :  ;
message : Array ;

2017-04-20 16:07:06 response :
------------

2017-04-20 16:14:16 trace :
------------
Array:
tousername : gh_6536061e4435 ;
fromusername : oKwkYwxNktKN91t3OllqwAT3C1GI ;
createtime : 1492676056 ;
msgtype : event ;
event : VIEW ;
eventkey : http://kh39.61why.com/app/index.php?i=2&c=entry&eid=194 ;
menuid : 410600728 ;
from : oKwkYwxNktKN91t3OllqwAT3C1GI ;
to : gh_6536061e4435 ;
time : 1492676056 ;
type : event ;

2017-04-20 16:14:16 params :
------------
Array:
rule : -2 ;
module :  ;
message : Array ;

2017-04-20 16:14:16 response :
------------

2017-04-20 16:16:28 trace :
------------
Array:
tousername : gh_6536061e4435 ;
fromusername : oKwkYwxdGazpUQLKnjr_HrnPicQo ;
createtime : 1492676188 ;
msgtype : event ;
event : VIEW ;
eventkey : http://kh39.61why.com/app/index.php?i=2&c=entry&eid=198 ;
menuid : 410600728 ;
from : oKwkYwxdGazpUQLKnjr_HrnPicQo ;
to : gh_6536061e4435 ;
time : 1492676188 ;
type : event ;

2017-04-20 16:16:28 params :
------------
Array:
rule : -2 ;
module :  ;
message : Array ;

2017-04-20 16:16:28 response :
------------

2017-04-20 16:16:30 trace :
------------
Array:
tousername : gh_6536061e4435 ;
fromusername : oKwkYwxdGazpUQLKnjr_HrnPicQo ;
createtime : 1492676190 ;
msgtype : event ;
event : VIEW ;
eventkey : http://kh39.61why.com/app/index.php?i=2&c=entry&eid=198 ;
menuid : 410600728 ;
from : oKwkYwxdGazpUQLKnjr_HrnPicQo ;
to : gh_6536061e4435 ;
time : 1492676190 ;
type : event ;

2017-04-20 16:16:30 params :
------------
Array:
rule : -2 ;
module :  ;
message : Array ;

2017-04-20 16:16:30 response :
------------

2017-04-20 16:17:56 trace :
------------
Array:
tousername : gh_6536061e4435 ;
fromusername : oKwkYw1hdHu_NiSw4Dn_tLeEcWuc ;
createtime : 1492676276 ;
msgtype : event ;
event : VIEW ;
eventkey : http://kh39.61why.com/app/index.php?i=2&c=entry&eid=198 ;
menuid : 410600728 ;
from : oKwkYw1hdHu_NiSw4Dn_tLeEcWuc ;
to : gh_6536061e4435 ;
time : 1492676276 ;
type : event ;

2017-04-20 16:17:56 params :
------------
Array:
rule : -2 ;
module :  ;
message : Array ;

2017-04-20 16:17:56 response :
------------

2017-04-20 16:18:30 trace :
------------
Array:
tousername : gh_6536061e4435 ;
fromusername : oKwkYwxdGazpUQLKnjr_HrnPicQo ;
createtime : 1492676310 ;
msgtype : event ;
event : VIEW ;
eventkey : http://kh39.61why.com/app/index.php?i=2&c=entry&eid=198 ;
menuid : 410600728 ;
from : oKwkYwxdGazpUQLKnjr_HrnPicQo ;
to : gh_6536061e4435 ;
time : 1492676310 ;
type : event ;

2017-04-20 16:18:30 params :
------------
Array:
rule : -2 ;
module :  ;
message : Array ;

2017-04-20 16:18:30 response :
------------

2017-04-20 16:19:42 trace :
------------
Array:
tousername : gh_6536061e4435 ;
fromusername : oKwkYwxdGazpUQLKnjr_HrnPicQo ;
createtime : 1492676382 ;
msgtype : event ;
event : VIEW ;
eventkey : http://kh39.61why.com/app/index.php?i=2&c=entry&eid=198 ;
menuid : 410600728 ;
from : oKwkYwxdGazpUQLKnjr_HrnPicQo ;
to : gh_6536061e4435 ;
time : 1492676382 ;
type : event ;

2017-04-20 16:19:42 params :
------------
Array:
rule : -2 ;
module :  ;
message : Array ;

2017-04-20 16:19:42 response :
------------

2017-04-20 16:38:16 trace :
------------
Array:
tousername : gh_6536061e4435 ;
fromusername : oKwkYw3TXBn0c2AvD2CmaXLOL-Ws ;
createtime : 1492677496 ;
msgtype : event ;
event : VIEW ;
eventkey : http://kh39.61why.com/app/index.php?i=2&c=entry&eid=194 ;
menuid : 410600728 ;
from : oKwkYw3TXBn0c2AvD2CmaXLOL-Ws ;
to : gh_6536061e4435 ;
time : 1492677496 ;
type : event ;

2017-04-20 16:38:16 params :
------------
Array:
rule : -2 ;
module :  ;
message : Array ;

2017-04-20 16:38:16 response :
------------

2017-04-20 16:39:58 trace :
------------
Array:
tousername : gh_6536061e4435 ;
fromusername : oKwkYw3TXBn0c2AvD2CmaXLOL-Ws ;
createtime : 1492677598 ;
msgtype : event ;
event : VIEW ;
eventkey : http://kh39.61why.com/app/index.php?i=2&c=entry&eid=194 ;
menuid : 410600728 ;
from : oKwkYw3TXBn0c2AvD2CmaXLOL-Ws ;
to : gh_6536061e4435 ;
time : 1492677598 ;
type : event ;

2017-04-20 16:39:58 params :
------------
Array:
rule : -2 ;
module :  ;
message : Array ;

2017-04-20 16:39:58 response :
------------

2017-04-20 16:59:35 trace :
------------
Array:
tousername : gh_6536061e4435 ;
fromusername : oKwkYw2GQtULXEVQoC_lGDD2eW9A ;
createtime : 1492678775 ;
msgtype : event ;
event : VIEW ;
eventkey : http://kh39.61why.com/app/index.php?i=2&c=entry&eid=198 ;
menuid : 410600728 ;
from : oKwkYw2GQtULXEVQoC_lGDD2eW9A ;
to : gh_6536061e4435 ;
time : 1492678775 ;
type : event ;

2017-04-20 16:59:35 params :
------------
Array:
rule : -2 ;
module :  ;
message : Array ;

2017-04-20 16:59:35 response :
------------

2017-04-20 17:05:14 trace :
------------
Array:
tousername : gh_6536061e4435 ;
fromusername : oKwkYwxNktKN91t3OllqwAT3C1GI ;
createtime : 1492679114 ;
msgtype : event ;
event : VIEW ;
eventkey : http://kh39.61why.com/app/index.php?i=2&c=entry&eid=194 ;
menuid : 410600728 ;
from : oKwkYwxNktKN91t3OllqwAT3C1GI ;
to : gh_6536061e4435 ;
time : 1492679114 ;
type : event ;

2017-04-20 17:05:14 params :
------------
Array:
rule : -2 ;
module :  ;
message : Array ;

2017-04-20 17:05:14 response :
------------

2017-04-20 17:08:01 trace :
------------
Array:
tousername : gh_6536061e4435 ;
fromusername : oKwkYwyiEttGTAhXxOnCktv1AWDc ;
createtime : 1492679281 ;
msgtype : event ;
event : VIEW ;
eventkey : http://kh39.61why.com/app/index.php?i=2&c=entry&eid=194 ;
menuid : 410600728 ;
from : oKwkYwyiEttGTAhXxOnCktv1AWDc ;
to : gh_6536061e4435 ;
time : 1492679281 ;
type : event ;

2017-04-20 17:08:01 params :
------------
Array:
rule : -2 ;
module :  ;
message : Array ;

2017-04-20 17:08:01 response :
------------

2017-04-20 17:14:19 trace :
------------
Array:
tousername : gh_6536061e4435 ;
fromusername : oKwkYwxNktKN91t3OllqwAT3C1GI ;
createtime : 1492679659 ;
msgtype : event ;
event : VIEW ;
eventkey : http://kh39.61why.com/app/index.php?i=2&c=entry&eid=194 ;
menuid : 410600728 ;
from : oKwkYwxNktKN91t3OllqwAT3C1GI ;
to : gh_6536061e4435 ;
time : 1492679659 ;
type : event ;

2017-04-20 17:14:19 params :
------------
Array:
rule : -2 ;
module :  ;
message : Array ;

2017-04-20 17:14:19 response :
------------

2017-04-20 17:25:59 trace :
------------
Array:
tousername : gh_0ad70057b777 ;
fromusername : o26ibjsrSJzYjD-yXvhf2mf0Ttf8 ;
createtime : 1492680359 ;
msgtype : event ;
event : VIEW ;
eventkey : http://kh39.61why.com/app/index.php?i=2&c=entry&eid=198 ;
menuid : 411738532 ;
from : o26ibjsrSJzYjD-yXvhf2mf0Ttf8 ;
to : gh_0ad70057b777 ;
time : 1492680359 ;
type : event ;

2017-04-20 17:25:59 params :
------------
Array:
rule : -2 ;
module :  ;
message : Array ;

2017-04-20 17:25:59 response :
------------

2017-04-20 17:26:44 trace :
------------
Array:
tousername : gh_0ad70057b777 ;
fromusername : o26ibjsrSJzYjD-yXvhf2mf0Ttf8 ;
createtime : 1492680404 ;
msgtype : event ;
event : VIEW ;
eventkey : http://kh39.61why.com/app/index.php?i=2&c=entry&eid=198 ;
menuid : 411738532 ;
from : o26ibjsrSJzYjD-yXvhf2mf0Ttf8 ;
to : gh_0ad70057b777 ;
time : 1492680404 ;
type : event ;

2017-04-20 17:26:44 params :
------------
Array:
rule : -2 ;
module :  ;
message : Array ;

2017-04-20 17:26:44 response :
------------

2017-04-20 17:34:19 trace :
------------
Array:
tousername : gh_6536061e4435 ;
fromusername : oKwkYw5S8zWw6zCS6dGdWuuV95fM ;
createtime : 1492680859 ;
msgtype : event ;
event : VIEW ;
eventkey : http://kh39.61why.com/app/index.php?i=2&c=entry&eid=198 ;
menuid : 410600728 ;
from : oKwkYw5S8zWw6zCS6dGdWuuV95fM ;
to : gh_6536061e4435 ;
time : 1492680859 ;
type : event ;

2017-04-20 17:34:19 params :
------------
Array:
rule : -2 ;
module :  ;
message : Array ;

2017-04-20 17:34:19 response :
------------

2017-04-20 17:34:59 trace :
------------
Array:
tousername : gh_6536061e4435 ;
fromusername : oKwkYw5S8zWw6zCS6dGdWuuV95fM ;
createtime : 1492680899 ;
msgtype : event ;
event : VIEW ;
eventkey : http://kh39.61why.com/app/index.php?i=2&c=entry&eid=194 ;
menuid : 410600728 ;
from : oKwkYw5S8zWw6zCS6dGdWuuV95fM ;
to : gh_6536061e4435 ;
time : 1492680899 ;
type : event ;

2017-04-20 17:34:59 params :
------------
Array:
rule : -2 ;
module :  ;
message : Array ;

2017-04-20 17:34:59 response :
------------

2017-04-20 17:37:59 trace :
------------
Array:
tousername : gh_6536061e4435 ;
fromusername : oKwkYw7Bkin9Cejh8Z-6PzFdyV4E ;
createtime : 1492681079 ;
msgtype : event ;
event : VIEW ;
eventkey : http://kh39.61why.com/app/index.php?i=2&c=entry&eid=198 ;
menuid : 410600728 ;
from : oKwkYw7Bkin9Cejh8Z-6PzFdyV4E ;
to : gh_6536061e4435 ;
time : 1492681079 ;
type : event ;

2017-04-20 17:37:59 params :
------------
Array:
rule : -2 ;
module :  ;
message : Array ;

2017-04-20 17:37:59 response :
------------

2017-04-20 17:38:56 trace :
------------
Array:
tousername : gh_6536061e4435 ;
fromusername : oKwkYw5S8zWw6zCS6dGdWuuV95fM ;
createtime : 1492681136 ;
msgtype : event ;
event : VIEW ;
eventkey : http://kh39.61why.com/app/index.php?i=2&c=entry&eid=198 ;
menuid : 410600728 ;
from : oKwkYw5S8zWw6zCS6dGdWuuV95fM ;
to : gh_6536061e4435 ;
time : 1492681136 ;
type : event ;

2017-04-20 17:38:56 params :
------------
Array:
rule : -2 ;
module :  ;
message : Array ;

2017-04-20 17:38:56 response :
------------

2017-04-20 17:54:01 trace :
------------
Array:
tousername : gh_6536061e4435 ;
fromusername : oKwkYwxdGazpUQLKnjr_HrnPicQo ;
createtime : 1492682041 ;
msgtype : event ;
event : VIEW ;
eventkey : http://kh39.61why.com/app/index.php?i=2&c=entry&eid=198 ;
menuid : 410600728 ;
from : oKwkYwxdGazpUQLKnjr_HrnPicQo ;
to : gh_6536061e4435 ;
time : 1492682041 ;
type : event ;

2017-04-20 17:54:01 params :
------------
Array:
rule : -2 ;
module :  ;
message : Array ;

2017-04-20 17:54:01 response :
------------

2017-04-20 17:54:14 trace :
------------
Array:
tousername : gh_6536061e4435 ;
fromusername : oKwkYwxdGazpUQLKnjr_HrnPicQo ;
createtime : 1492682054 ;
msgtype : event ;
event : VIEW ;
eventkey : http://kh39.61why.com/app/index.php?i=2&c=entry&eid=198 ;
menuid : 410600728 ;
from : oKwkYwxdGazpUQLKnjr_HrnPicQo ;
to : gh_6536061e4435 ;
time : 1492682054 ;
type : event ;

2017-04-20 17:54:14 params :
------------
Array:
rule : -2 ;
module :  ;
message : Array ;

2017-04-20 17:54:14 response :
------------

2017-04-20 18:05:00 trace :
------------
Array:
tousername : gh_6536061e4435 ;
fromusername : oKwkYw7K9xHIr91Csk-qENfcagnM ;
createtime : 1492682700 ;
msgtype : event ;
event : VIEW ;
eventkey : http://kh39.61why.com/app/index.php?i=2&c=entry&eid=194 ;
menuid : 410600728 ;
from : oKwkYw7K9xHIr91Csk-qENfcagnM ;
to : gh_6536061e4435 ;
time : 1492682700 ;
type : event ;

2017-04-20 18:05:00 params :
------------
Array:
rule : -2 ;
module :  ;
message : Array ;

2017-04-20 18:05:00 response :
------------

2017-04-20 18:05:02 trace :
------------
Array:
tousername : gh_6536061e4435 ;
fromusername : oKwkYw1W5I_NaF5L3vS4x72I1tao ;
createtime : 1492682701 ;
msgtype : event ;
event : VIEW ;
eventkey : http://kh39.61why.com/app/index.php?i=2&c=entry&eid=194 ;
menuid : 410600728 ;
from : oKwkYw1W5I_NaF5L3vS4x72I1tao ;
to : gh_6536061e4435 ;
time : 1492682701 ;
type : event ;

2017-04-20 18:05:02 params :
------------
Array:
rule : -2 ;
module :  ;
message : Array ;

2017-04-20 18:05:02 response :
------------

2017-04-20 18:36:57 trace :
------------
Array:
tousername : gh_6536061e4435 ;
fromusername : oKwkYw5S8zWw6zCS6dGdWuuV95fM ;
createtime : 1492684617 ;
msgtype : event ;
event : VIEW ;
eventkey : http://kh39.61why.com/app/index.php?i=2&c=entry&eid=194 ;
menuid : 410600728 ;
from : oKwkYw5S8zWw6zCS6dGdWuuV95fM ;
to : gh_6536061e4435 ;
time : 1492684617 ;
type : event ;

2017-04-20 18:36:57 params :
------------
Array:
rule : -2 ;
module :  ;
message : Array ;

2017-04-20 18:36:57 response :
------------

2017-04-20 18:37:24 trace :
------------
Array:
tousername : gh_6536061e4435 ;
fromusername : oKwkYw5S8zWw6zCS6dGdWuuV95fM ;
createtime : 1492684644 ;
msgtype : event ;
event : VIEW ;
eventkey : http://kh39.61why.com/app/index.php?i=2&c=entry&eid=194 ;
menuid : 410600728 ;
from : oKwkYw5S8zWw6zCS6dGdWuuV95fM ;
to : gh_6536061e4435 ;
time : 1492684644 ;
type : event ;

2017-04-20 18:37:24 params :
------------
Array:
rule : -2 ;
module :  ;
message : Array ;

2017-04-20 18:37:24 response :
------------

2017-04-20 18:37:52 trace :
------------
Array:
tousername : gh_6536061e4435 ;
fromusername : oKwkYwwGYxsxiD_YuZwsLkj42MY8 ;
createtime : 1492684672 ;
msgtype : event ;
event : VIEW ;
eventkey : http://kh39.61why.com/app/index.php?i=2&c=entry&eid=198 ;
menuid : 410600728 ;
from : oKwkYwwGYxsxiD_YuZwsLkj42MY8 ;
to : gh_6536061e4435 ;
time : 1492684672 ;
type : event ;

2017-04-20 18:37:52 params :
------------
Array:
rule : -2 ;
module :  ;
message : Array ;

2017-04-20 18:37:52 response :
------------

2017-04-20 18:48:06 trace :
------------
Array:
tousername : gh_6536061e4435 ;
fromusername : oKwkYw7K9xHIr91Csk-qENfcagnM ;
createtime : 1492685285 ;
msgtype : event ;
event : CLICK ;
eventkey :  ;
from : oKwkYw7K9xHIr91Csk-qENfcagnM ;
to : gh_6536061e4435 ;
time : 1492685285 ;
type : event ;

2017-04-20 18:48:20 trace :
------------
Array:
tousername : gh_6536061e4435 ;
fromusername : oKwkYwzltbwnzyfaNu7s_m9FAA-U ;
createtime : 1492685300 ;
msgtype : event ;
event : subscribe ;
eventkey : qrscene_25e80a82210e13a931a20cc3adf9f337 ;
ticket : gQHL8DwAAAAAAAAAAS5odHRwOi8vd2VpeGluLnFxLmNvbS9xLzAyUHBwYTFxSDljbzMxMDAwME0wNzIAAgSpX25YAwQAAAAA ;
from : oKwkYwzltbwnzyfaNu7s_m9FAA-U ;
to : gh_6536061e4435 ;
time : 1492685300 ;
type : subscribe ;
scene : 25e80a82210e13a931a20cc3adf9f337 ;

2017-04-20 18:48:23 trace :
------------
Array:
tousername : gh_6536061e4435 ;
fromusername : oKwkYwzltbwnzyfaNu7s_m9FAA-U ;
createtime : 1492685303 ;
msgtype : event ;
event : VIEW ;
eventkey : http://kh39.61why.com/app/index.php?i=2&c=entry&eid=194 ;
menuid : 410600728 ;
from : oKwkYwzltbwnzyfaNu7s_m9FAA-U ;
to : gh_6536061e4435 ;
time : 1492685303 ;
type : event ;

2017-04-20 18:48:23 params :
------------
Array:
rule : -2 ;
module :  ;
message : Array ;

2017-04-20 18:48:23 response :
------------

2017-04-20 18:48:50 trace :
------------
Array:
tousername : gh_6536061e4435 ;
fromusername : oKwkYw5Hv5-mrEGrZ572fv2JrB_s ;
createtime : 1492685330 ;
msgtype : event ;
event : VIEW ;
eventkey : http://kh39.61why.com/app/index.php?i=2&c=entry&eid=194 ;
menuid : 410600728 ;
from : oKwkYw5Hv5-mrEGrZ572fv2JrB_s ;
to : gh_6536061e4435 ;
time : 1492685330 ;
type : event ;

2017-04-20 18:48:50 params :
------------
Array:
rule : -2 ;
module :  ;
message : Array ;

2017-04-20 18:48:50 response :
------------

2017-04-20 18:48:55 trace :
------------
Array:
tousername : gh_6536061e4435 ;
fromusername : oKwkYw9A27iCE2wbx5IXncAJ21Sw ;
createtime : 1492685335 ;
msgtype : event ;
event : VIEW ;
eventkey : http://kh39.61why.com/app/index.php?i=2&c=entry&eid=198 ;
menuid : 410600728 ;
from : oKwkYw9A27iCE2wbx5IXncAJ21Sw ;
to : gh_6536061e4435 ;
time : 1492685335 ;
type : event ;

2017-04-20 18:48:55 params :
------------
Array:
rule : -2 ;
module :  ;
message : Array ;

2017-04-20 18:48:55 response :
------------

2017-04-20 18:49:02 trace :
------------
Array:
tousername : gh_6536061e4435 ;
fromusername : oKwkYwzltbwnzyfaNu7s_m9FAA-U ;
createtime : 1492685342 ;
msgtype : event ;
event : VIEW ;
eventkey : http://kh39.61why.com/app/index.php?i=2&c=entry&eid=194 ;
menuid : 410600728 ;
from : oKwkYwzltbwnzyfaNu7s_m9FAA-U ;
to : gh_6536061e4435 ;
time : 1492685342 ;
type : event ;

2017-04-20 18:49:02 params :
------------
Array:
rule : -2 ;
module :  ;
message : Array ;

2017-04-20 18:49:02 response :
------------

2017-04-20 18:49:13 trace :
------------
Array:
tousername : gh_6536061e4435 ;
fromusername : oKwkYw9A27iCE2wbx5IXncAJ21Sw ;
createtime : 1492685353 ;
msgtype : event ;
event : VIEW ;
eventkey : http://kh39.61why.com/app/index.php?i=2&c=entry&eid=198 ;
menuid : 410600728 ;
from : oKwkYw9A27iCE2wbx5IXncAJ21Sw ;
to : gh_6536061e4435 ;
time : 1492685353 ;
type : event ;

2017-04-20 18:49:13 params :
------------
Array:
rule : -2 ;
module :  ;
message : Array ;

2017-04-20 18:49:13 response :
------------

2017-04-20 18:49:27 trace :
------------
Array:
tousername : gh_6536061e4435 ;
fromusername : oKwkYw9A27iCE2wbx5IXncAJ21Sw ;
createtime : 1492685367 ;
msgtype : event ;
event : VIEW ;
eventkey : http://kh39.61why.com/app/index.php?i=2&c=entry&eid=194 ;
menuid : 410600728 ;
from : oKwkYw9A27iCE2wbx5IXncAJ21Sw ;
to : gh_6536061e4435 ;
time : 1492685367 ;
type : event ;

2017-04-20 18:49:27 params :
------------
Array:
rule : -2 ;
module :  ;
message : Array ;

2017-04-20 18:49:27 response :
------------

2017-04-20 18:54:06 trace :
------------
Array:
tousername : gh_6536061e4435 ;
fromusername : oKwkYwzltbwnzyfaNu7s_m9FAA-U ;
createtime : 1492685646 ;
msgtype : event ;
event : VIEW ;
eventkey : http://kh39.61why.com/app/index.php?i=2&c=entry&eid=194 ;
menuid : 410600728 ;
from : oKwkYwzltbwnzyfaNu7s_m9FAA-U ;
to : gh_6536061e4435 ;
time : 1492685646 ;
type : event ;

2017-04-20 18:54:06 params :
------------
Array:
rule : -2 ;
module :  ;
message : Array ;

2017-04-20 18:54:06 response :
------------

2017-04-20 18:56:11 trace :
------------
Array:
tousername : gh_6536061e4435 ;
fromusername : oKwkYw7K9xHIr91Csk-qENfcagnM ;
createtime : 1492685771 ;
msgtype : event ;
event : VIEW ;
eventkey : http://kh39.61why.com/app/index.php?i=2&c=entry&eid=194 ;
menuid : 410600728 ;
from : oKwkYw7K9xHIr91Csk-qENfcagnM ;
to : gh_6536061e4435 ;
time : 1492685771 ;
type : event ;

2017-04-20 18:56:11 params :
------------
Array:
rule : -2 ;
module :  ;
message : Array ;

2017-04-20 18:56:11 response :
------------

2017-04-20 18:57:24 trace :
------------
Array:
tousername : gh_6536061e4435 ;
fromusername : oKwkYw7K9xHIr91Csk-qENfcagnM ;
createtime : 1492685844 ;
msgtype : event ;
event : VIEW ;
eventkey : http://kh39.61why.com/app/index.php?i=2&c=entry&eid=194 ;
menuid : 410600728 ;
from : oKwkYw7K9xHIr91Csk-qENfcagnM ;
to : gh_6536061e4435 ;
time : 1492685844 ;
type : event ;

2017-04-20 18:57:24 params :
------------
Array:
rule : -2 ;
module :  ;
message : Array ;

2017-04-20 18:57:24 response :
------------

2017-04-20 18:57:26 trace :
------------
Array:
tousername : gh_6536061e4435 ;
fromusername : oKwkYwzltbwnzyfaNu7s_m9FAA-U ;
createtime : 1492685846 ;
msgtype : event ;
event : VIEW ;
eventkey : http://kh39.61why.com/app/index.php?i=2&c=entry&eid=194 ;
menuid : 410600728 ;
from : oKwkYwzltbwnzyfaNu7s_m9FAA-U ;
to : gh_6536061e4435 ;
time : 1492685846 ;
type : event ;

2017-04-20 18:57:26 params :
------------
Array:
rule : -2 ;
module :  ;
message : Array ;

2017-04-20 18:57:26 response :
------------

2017-04-20 18:58:01 trace :
------------
Array:
tousername : gh_6536061e4435 ;
fromusername : oKwkYw-Mhk63_Z5csr6ny2U1Tjjk ;
createtime : 1492685881 ;
msgtype : event ;
event : VIEW ;
eventkey : http://kh39.61why.com/app/index.php?i=2&c=entry&eid=198 ;
menuid : 410600728 ;
from : oKwkYw-Mhk63_Z5csr6ny2U1Tjjk ;
to : gh_6536061e4435 ;
time : 1492685881 ;
type : event ;

2017-04-20 18:58:01 params :
------------
Array:
rule : -2 ;
module :  ;
message : Array ;

2017-04-20 18:58:01 response :
------------

2017-04-20 18:58:03 trace :
------------
Array:
tousername : gh_6536061e4435 ;
fromusername : oKwkYw-Mhk63_Z5csr6ny2U1Tjjk ;
createtime : 1492685883 ;
msgtype : event ;
event : VIEW ;
eventkey : http://kh39.61why.com/app/index.php?i=2&c=entry&eid=194 ;
menuid : 410600728 ;
from : oKwkYw-Mhk63_Z5csr6ny2U1Tjjk ;
to : gh_6536061e4435 ;
time : 1492685883 ;
type : event ;

2017-04-20 18:58:03 params :
------------
Array:
rule : -2 ;
module :  ;
message : Array ;

2017-04-20 18:58:03 response :
------------

2017-04-20 18:58:59 trace :
------------
Array:
tousername : gh_6536061e4435 ;
fromusername : oKwkYw7Bkin9Cejh8Z-6PzFdyV4E ;
createtime : 1492685939 ;
msgtype : event ;
event : VIEW ;
eventkey : http://kh39.61why.com/app/index.php?i=2&c=entry&eid=194 ;
menuid : 410600728 ;
from : oKwkYw7Bkin9Cejh8Z-6PzFdyV4E ;
to : gh_6536061e4435 ;
time : 1492685939 ;
type : event ;

2017-04-20 18:58:59 params :
------------
Array:
rule : -2 ;
module :  ;
message : Array ;

2017-04-20 18:58:59 response :
------------

2017-04-20 18:59:19 trace :
------------
Array:
tousername : gh_6536061e4435 ;
fromusername : oKwkYw9U1lD4Xnn83SiURsqYRwjQ ;
createtime : 1492685959 ;
msgtype : event ;
event : VIEW ;
eventkey : http://kh39.61why.com/app/index.php?i=2&c=entry&eid=198 ;
menuid : 410600728 ;
from : oKwkYw9U1lD4Xnn83SiURsqYRwjQ ;
to : gh_6536061e4435 ;
time : 1492685959 ;
type : event ;

2017-04-20 18:59:19 params :
------------
Array:
rule : -2 ;
module :  ;
message : Array ;

2017-04-20 18:59:19 response :
------------

2017-04-20 19:00:55 trace :
------------
Array:
tousername : gh_6536061e4435 ;
fromusername : oKwkYw7Bkin9Cejh8Z-6PzFdyV4E ;
createtime : 1492686054 ;
msgtype : event ;
event : VIEW ;
eventkey : http://kh39.61why.com/app/index.php?i=2&c=entry&eid=198 ;
menuid : 410600728 ;
from : oKwkYw7Bkin9Cejh8Z-6PzFdyV4E ;
to : gh_6536061e4435 ;
time : 1492686054 ;
type : event ;

2017-04-20 19:00:55 params :
------------
Array:
rule : -2 ;
module :  ;
message : Array ;

2017-04-20 19:00:55 response :
------------

2017-04-20 19:02:06 trace :
------------
Array:
tousername : gh_6536061e4435 ;
fromusername : oKwkYw7Bkin9Cejh8Z-6PzFdyV4E ;
createtime : 1492686126 ;
msgtype : event ;
event : VIEW ;
eventkey : http://kh39.61why.com/app/index.php?i=2&c=entry&eid=198 ;
menuid : 410600728 ;
from : oKwkYw7Bkin9Cejh8Z-6PzFdyV4E ;
to : gh_6536061e4435 ;
time : 1492686126 ;
type : event ;

2017-04-20 19:02:06 params :
------------
Array:
rule : -2 ;
module :  ;
message : Array ;

2017-04-20 19:02:06 response :
------------

2017-04-20 19:02:18 trace :
------------
Array:
tousername : gh_6536061e4435 ;
fromusername : oKwkYw-Mhk63_Z5csr6ny2U1Tjjk ;
createtime : 1492686138 ;
msgtype : event ;
event : VIEW ;
eventkey : http://kh39.61why.com/app/index.php?i=2&c=entry&eid=198 ;
menuid : 410600728 ;
from : oKwkYw-Mhk63_Z5csr6ny2U1Tjjk ;
to : gh_6536061e4435 ;
time : 1492686138 ;
type : event ;

2017-04-20 19:02:18 params :
------------
Array:
rule : -2 ;
module :  ;
message : Array ;

2017-04-20 19:02:18 response :
------------

2017-04-20 19:04:24 trace :
------------
Array:
tousername : gh_6536061e4435 ;
fromusername : oKwkYwzltbwnzyfaNu7s_m9FAA-U ;
createtime : 1492686264 ;
msgtype : event ;
event : VIEW ;
eventkey : http://kh39.61why.com/app/index.php?i=2&c=entry&eid=194 ;
menuid : 410600728 ;
from : oKwkYwzltbwnzyfaNu7s_m9FAA-U ;
to : gh_6536061e4435 ;
time : 1492686264 ;
type : event ;

2017-04-20 19:04:24 params :
------------
Array:
rule : -2 ;
module :  ;
message : Array ;

2017-04-20 19:04:24 response :
------------

2017-04-20 19:04:45 trace :
------------
Array:
tousername : gh_6536061e4435 ;
fromusername : oKwkYw7Bkin9Cejh8Z-6PzFdyV4E ;
createtime : 1492686285 ;
msgtype : event ;
event : VIEW ;
eventkey : http://kh39.61why.com/app/index.php?i=2&c=entry&eid=198 ;
menuid : 410600728 ;
from : oKwkYw7Bkin9Cejh8Z-6PzFdyV4E ;
to : gh_6536061e4435 ;
time : 1492686285 ;
type : event ;

2017-04-20 19:04:45 params :
------------
Array:
rule : -2 ;
module :  ;
message : Array ;

2017-04-20 19:04:45 response :
------------

2017-04-20 19:14:19 trace :
------------
Array:
tousername : gh_0ad70057b777 ;
fromusername : o26ibjsrSJzYjD-yXvhf2mf0Ttf8 ;
createtime : 1492686859 ;
msgtype : event ;
event : VIEW ;
eventkey : http://kh39.61why.com/app/index.php?i=2&c=entry&eid=194 ;
menuid : 411738532 ;
from : o26ibjsrSJzYjD-yXvhf2mf0Ttf8 ;
to : gh_0ad70057b777 ;
time : 1492686859 ;
type : event ;

2017-04-20 19:14:19 params :
------------
Array:
rule : -2 ;
module :  ;
message : Array ;

2017-04-20 19:14:19 response :
------------

2017-04-20 19:36:55 trace :
------------
Array:
tousername : gh_6536061e4435 ;
fromusername : oKwkYwz9yOZV5iZ0d3gmFiJIU7_Q ;
createtime : 1492688215 ;
msgtype : event ;
event : VIEW ;
eventkey : http://kh39.61why.com/app/index.php?i=2&c=entry&eid=198 ;
menuid : 410600728 ;
from : oKwkYwz9yOZV5iZ0d3gmFiJIU7_Q ;
to : gh_6536061e4435 ;
time : 1492688215 ;
type : event ;

2017-04-20 19:36:55 params :
------------
Array:
rule : -2 ;
module :  ;
message : Array ;

2017-04-20 19:36:55 response :
------------

2017-04-20 20:13:40 trace :
------------
Array:
tousername : gh_6536061e4435 ;
fromusername : oKwkYwzltbwnzyfaNu7s_m9FAA-U ;
createtime : 1492690420 ;
msgtype : event ;
event : VIEW ;
eventkey : http://kh39.61why.com/app/index.php?i=2&c=entry&eid=194 ;
menuid : 410600728 ;
from : oKwkYwzltbwnzyfaNu7s_m9FAA-U ;
to : gh_6536061e4435 ;
time : 1492690420 ;
type : event ;

2017-04-20 20:13:40 params :
------------
Array:
rule : -2 ;
module :  ;
message : Array ;

2017-04-20 20:13:40 response :
------------

2017-04-20 20:15:30 trace :
------------
Array:
tousername : gh_6536061e4435 ;
fromusername : oKwkYwzltbwnzyfaNu7s_m9FAA-U ;
createtime : 1492690529 ;
msgtype : event ;
event : VIEW ;
eventkey : http://kh39.61why.com/app/index.php?i=2&c=entry&eid=194 ;
menuid : 410600728 ;
from : oKwkYwzltbwnzyfaNu7s_m9FAA-U ;
to : gh_6536061e4435 ;
time : 1492690529 ;
type : event ;

2017-04-20 20:15:30 params :
------------
Array:
rule : -2 ;
module :  ;
message : Array ;

2017-04-20 20:15:30 response :
------------

2017-04-20 20:19:04 trace :
------------
Array:
tousername : gh_6536061e4435 ;
fromusername : oKwkYwzltbwnzyfaNu7s_m9FAA-U ;
createtime : 1492690744 ;
msgtype : event ;
event : VIEW ;
eventkey : http://kh39.61why.com/app/index.php?i=2&c=entry&eid=194 ;
menuid : 410600728 ;
from : oKwkYwzltbwnzyfaNu7s_m9FAA-U ;
to : gh_6536061e4435 ;
time : 1492690744 ;
type : event ;

2017-04-20 20:19:04 params :
------------
Array:
rule : -2 ;
module :  ;
message : Array ;

2017-04-20 20:19:04 response :
------------

2017-04-20 20:37:18 trace :
------------
Array:
tousername : gh_6536061e4435 ;
fromusername : oKwkYwz9yOZV5iZ0d3gmFiJIU7_Q ;
createtime : 1492691838 ;
msgtype : event ;
event : VIEW ;
eventkey : http://kh39.61why.com/app/index.php?i=2&c=entry&eid=194 ;
menuid : 410600728 ;
from : oKwkYwz9yOZV5iZ0d3gmFiJIU7_Q ;
to : gh_6536061e4435 ;
time : 1492691838 ;
type : event ;

2017-04-20 20:37:18 params :
------------
Array:
rule : -2 ;
module :  ;
message : Array ;

2017-04-20 20:37:18 response :
------------

2017-04-20 21:00:11 trace :
------------
Array:
tousername : gh_6536061e4435 ;
fromusername : oKwkYw9A27iCE2wbx5IXncAJ21Sw ;
createtime : 1492693211 ;
msgtype : event ;
event : VIEW ;
eventkey : http://kh39.61why.com/app/index.php?i=2&c=entry&eid=198 ;
menuid : 410600728 ;
from : oKwkYw9A27iCE2wbx5IXncAJ21Sw ;
to : gh_6536061e4435 ;
time : 1492693211 ;
type : event ;

2017-04-20 21:00:11 params :
------------
Array:
rule : -2 ;
module :  ;
message : Array ;

2017-04-20 21:00:11 response :
------------

2017-04-20 22:43:41 trace :
------------
Array:
tousername : gh_6536061e4435 ;
fromusername : oKwkYw3b_W2rCOI8imbJu5CmIDYY ;
createtime : 1492699420 ;
msgtype : event ;
event : VIEW ;
eventkey : http://kh39.61why.com/app/index.php?i=2&c=entry&eid=198 ;
menuid : 410600728 ;
from : oKwkYw3b_W2rCOI8imbJu5CmIDYY ;
to : gh_6536061e4435 ;
time : 1492699420 ;
type : event ;

2017-04-20 22:43:41 params :
------------
Array:
rule : -2 ;
module :  ;
message : Array ;

2017-04-20 22:43:41 response :
------------

2017-04-20 23:05:43 trace :
------------
Array:
tousername : gh_6536061e4435 ;
fromusername : oKwkYw9A27iCE2wbx5IXncAJ21Sw ;
createtime : 1492700743 ;
msgtype : event ;
event : VIEW ;
eventkey : http://kh39.61why.com/app/index.php?i=2&c=entry&eid=198 ;
menuid : 410600728 ;
from : oKwkYw9A27iCE2wbx5IXncAJ21Sw ;
to : gh_6536061e4435 ;
time : 1492700743 ;
type : event ;

2017-04-20 23:05:43 params :
------------
Array:
rule : -2 ;
module :  ;
message : Array ;

2017-04-20 23:05:43 response :
------------

2017-04-20 23:12:40 trace :
------------
Array:
tousername : gh_6536061e4435 ;
fromusername : oKwkYw0b_nY3vy2dlsZiutChx2qg ;
createtime : 1492701160 ;
msgtype : event ;
event : VIEW ;
eventkey : http://kh39.61why.com/app/index.php?i=2&c=entry&eid=198 ;
menuid : 410600728 ;
from : oKwkYw0b_nY3vy2dlsZiutChx2qg ;
to : gh_6536061e4435 ;
time : 1492701160 ;
type : event ;

2017-04-20 23:12:40 params :
------------
Array:
rule : -2 ;
module :  ;
message : Array ;

2017-04-20 23:12:40 response :
------------

2017-04-20 23:19:48 trace :
------------
Array:
tousername : gh_6536061e4435 ;
fromusername : oKwkYw5hiet9aIoMvpfdt0UcJyzc ;
createtime : 1492701588 ;
msgtype : event ;
event : VIEW ;
eventkey : http://kh39.61why.com/app/index.php?i=2&c=entry&eid=198 ;
menuid : 410600728 ;
from : oKwkYw5hiet9aIoMvpfdt0UcJyzc ;
to : gh_6536061e4435 ;
time : 1492701588 ;
type : event ;

2017-04-20 23:19:48 params :
------------
Array:
rule : -2 ;
module :  ;
message : Array ;

2017-04-20 23:19:48 response :
------------

