2017-03-31 07:16:19 trace :
------------
Array:
tousername : gh_6536061e4435 ;
fromusername : oKwkYw2pgarAU3eZ_UtCaHJkI190 ;
createtime : 1490915779 ;
msgtype : event ;
event : VIEW ;
eventkey : http://kh39.61why.com/app/index.php?i=2&c=entry&eid=198 ;
menuid : 410600728 ;
from : oKwkYw2pgarAU3eZ_UtCaHJkI190 ;
to : gh_6536061e4435 ;
time : 1490915779 ;
type : event ;

2017-03-31 07:16:20 params :
------------
Array:
rule : -2 ;
module :  ;
message : Array ;

2017-03-31 07:16:20 response :
------------

2017-03-31 07:41:23 trace :
------------
Array:
tousername : gh_6536061e4435 ;
fromusername : oKwkYw5hiet9aIoMvpfdt0UcJyzc ;
createtime : 1490917283 ;
msgtype : event ;
event : VIEW ;
eventkey : http://kh39.61why.com/app/index.php?i=2&c=entry&eid=198 ;
menuid : 410600728 ;
from : oKwkYw5hiet9aIoMvpfdt0UcJyzc ;
to : gh_6536061e4435 ;
time : 1490917283 ;
type : event ;

2017-03-31 07:41:23 params :
------------
Array:
rule : -2 ;
module :  ;
message : Array ;

2017-03-31 07:41:23 response :
------------

2017-03-31 07:44:24 trace :
------------
Array:
tousername : gh_0ad70057b777 ;
fromusername : o26ibjoiaD7Tye0zMDLUTws3K3Mw ;
createtime : 1490917464 ;
msgtype : event ;
event : VIEW ;
eventkey : http://kh39.61why.com/app/index.php?i=2&c=entry&eid=198 ;
menuid : 411738532 ;
from : o26ibjoiaD7Tye0zMDLUTws3K3Mw ;
to : gh_0ad70057b777 ;
time : 1490917464 ;
type : event ;

2017-03-31 07:44:24 params :
------------
Array:
rule : -2 ;
module :  ;
message : Array ;

2017-03-31 07:44:24 response :
------------

2017-03-31 07:48:24 trace :
------------
Array:
tousername : gh_6536061e4435 ;
fromusername : oKwkYw0b_nY3vy2dlsZiutChx2qg ;
createtime : 1490917704 ;
msgtype : event ;
event : VIEW ;
eventkey : http://kh39.61why.com/app/index.php?i=2&c=entry&eid=194 ;
menuid : 410600728 ;
from : oKwkYw0b_nY3vy2dlsZiutChx2qg ;
to : gh_6536061e4435 ;
time : 1490917704 ;
type : event ;

2017-03-31 07:48:24 params :
------------
Array:
rule : -2 ;
module :  ;
message : Array ;

2017-03-31 07:48:24 response :
------------

2017-03-31 07:50:53 trace :
------------
Array:
tousername : gh_6536061e4435 ;
fromusername : oKwkYw0b_nY3vy2dlsZiutChx2qg ;
createtime : 1490917853 ;
msgtype : event ;
event : VIEW ;
eventkey : http://kh39.61why.com/app/index.php?i=2&c=entry&eid=194 ;
menuid : 410600728 ;
from : oKwkYw0b_nY3vy2dlsZiutChx2qg ;
to : gh_6536061e4435 ;
time : 1490917853 ;
type : event ;

2017-03-31 07:50:53 params :
------------
Array:
rule : -2 ;
module :  ;
message : Array ;

2017-03-31 07:50:53 response :
------------

2017-03-31 07:56:02 trace :
------------
Array:
tousername : gh_6536061e4435 ;
fromusername : oKwkYw0b_nY3vy2dlsZiutChx2qg ;
createtime : 1490918162 ;
msgtype : event ;
event : VIEW ;
eventkey : http://kh39.61why.com/app/index.php?i=2&c=entry&eid=198 ;
menuid : 410600728 ;
from : oKwkYw0b_nY3vy2dlsZiutChx2qg ;
to : gh_6536061e4435 ;
time : 1490918162 ;
type : event ;

2017-03-31 07:56:02 params :
------------
Array:
rule : -2 ;
module :  ;
message : Array ;

2017-03-31 07:56:02 response :
------------

2017-03-31 08:09:24 trace :
------------
Array:
tousername : gh_6536061e4435 ;
fromusername : oKwkYw5hiet9aIoMvpfdt0UcJyzc ;
createtime : 1490918964 ;
msgtype : event ;
event : VIEW ;
eventkey : http://kh39.61why.com/app/index.php?i=2&c=entry&eid=198 ;
menuid : 410600728 ;
from : oKwkYw5hiet9aIoMvpfdt0UcJyzc ;
to : gh_6536061e4435 ;
time : 1490918964 ;
type : event ;

2017-03-31 08:09:24 params :
------------
Array:
rule : -2 ;
module :  ;
message : Array ;

2017-03-31 08:09:24 response :
------------

2017-03-31 08:14:25 trace :
------------
Array:
tousername : gh_6536061e4435 ;
fromusername : oKwkYw4Hn--QR2f8CFw_XxuXDd78 ;
createtime : 1490919265 ;
msgtype : event ;
event : VIEW ;
eventkey : http://kh39.61why.com/app/index.php?i=2&c=entry&eid=198 ;
menuid : 410600728 ;
from : oKwkYw4Hn--QR2f8CFw_XxuXDd78 ;
to : gh_6536061e4435 ;
time : 1490919265 ;
type : event ;

2017-03-31 08:14:25 params :
------------
Array:
rule : -2 ;
module :  ;
message : Array ;

2017-03-31 08:14:25 response :
------------

2017-03-31 08:19:21 trace :
------------
Array:
tousername : gh_6536061e4435 ;
fromusername : oKwkYw9UMAa_W9kI9ZCjvdzk-fL4 ;
createtime : 1490919561 ;
msgtype : event ;
event : VIEW ;
eventkey : http://kh39.61why.com/app/index.php?i=2&c=entry&eid=198 ;
menuid : 410600728 ;
from : oKwkYw9UMAa_W9kI9ZCjvdzk-fL4 ;
to : gh_6536061e4435 ;
time : 1490919561 ;
type : event ;

2017-03-31 08:19:21 params :
------------
Array:
rule : -2 ;
module :  ;
message : Array ;

2017-03-31 08:19:21 response :
------------

2017-03-31 08:20:03 trace :
------------
Array:
tousername : gh_6536061e4435 ;
fromusername : oKwkYw9UMAa_W9kI9ZCjvdzk-fL4 ;
createtime : 1490919603 ;
msgtype : event ;
event : VIEW ;
eventkey : http://kh39.61why.com/app/index.php?i=2&c=entry&eid=194 ;
menuid : 410600728 ;
from : oKwkYw9UMAa_W9kI9ZCjvdzk-fL4 ;
to : gh_6536061e4435 ;
time : 1490919603 ;
type : event ;

2017-03-31 08:20:03 params :
------------
Array:
rule : -2 ;
module :  ;
message : Array ;

2017-03-31 08:20:03 response :
------------

2017-03-31 08:43:14 trace :
------------
Array:
tousername : gh_6536061e4435 ;
fromusername : oKwkYw4Hn--QR2f8CFw_XxuXDd78 ;
createtime : 1490920994 ;
msgtype : event ;
event : VIEW ;
eventkey : http://kh39.61why.com/app/index.php?i=2&c=entry&eid=194 ;
menuid : 410600728 ;
from : oKwkYw4Hn--QR2f8CFw_XxuXDd78 ;
to : gh_6536061e4435 ;
time : 1490920994 ;
type : event ;

2017-03-31 08:43:14 params :
------------
Array:
rule : -2 ;
module :  ;
message : Array ;

2017-03-31 08:43:14 response :
------------

2017-03-31 08:43:33 trace :
------------
Array:
tousername : gh_6536061e4435 ;
fromusername : oKwkYw4Hn--QR2f8CFw_XxuXDd78 ;
createtime : 1490921013 ;
msgtype : event ;
event : VIEW ;
eventkey : http://kh39.61why.com/app/index.php?i=2&c=entry&eid=198 ;
menuid : 410600728 ;
from : oKwkYw4Hn--QR2f8CFw_XxuXDd78 ;
to : gh_6536061e4435 ;
time : 1490921013 ;
type : event ;

2017-03-31 08:43:33 params :
------------
Array:
rule : -2 ;
module :  ;
message : Array ;

2017-03-31 08:43:33 response :
------------

2017-03-31 08:55:35 trace :
------------
Array:
tousername : gh_6536061e4435 ;
fromusername : oKwkYw7K9xHIr91Csk-qENfcagnM ;
createtime : 1490921735 ;
msgtype : event ;
event : VIEW ;
eventkey : http://kh39.61why.com/app/index.php?i=2&c=entry&eid=198 ;
menuid : 410600728 ;
from : oKwkYw7K9xHIr91Csk-qENfcagnM ;
to : gh_6536061e4435 ;
time : 1490921735 ;
type : event ;

2017-03-31 08:55:35 params :
------------
Array:
rule : -2 ;
module :  ;
message : Array ;

2017-03-31 08:55:35 response :
------------

2017-03-31 09:18:38 trace :
------------
Array:
tousername : gh_6536061e4435 ;
fromusername : oKwkYw9A27iCE2wbx5IXncAJ21Sw ;
createtime : 1490923118 ;
msgtype : event ;
event : VIEW ;
eventkey : http://kh39.61why.com/app/index.php?i=2&c=entry&eid=198 ;
menuid : 410600728 ;
from : oKwkYw9A27iCE2wbx5IXncAJ21Sw ;
to : gh_6536061e4435 ;
time : 1490923118 ;
type : event ;

2017-03-31 09:18:38 params :
------------
Array:
rule : -2 ;
module :  ;
message : Array ;

2017-03-31 09:18:38 response :
------------

2017-03-31 09:30:08 trace :
------------
Array:
tousername : gh_6536061e4435 ;
fromusername : oKwkYw9A27iCE2wbx5IXncAJ21Sw ;
createtime : 1490923808 ;
msgtype : event ;
event : VIEW ;
eventkey : http://kh39.61why.com/app/index.php?i=2&c=entry&eid=198 ;
menuid : 410600728 ;
from : oKwkYw9A27iCE2wbx5IXncAJ21Sw ;
to : gh_6536061e4435 ;
time : 1490923808 ;
type : event ;

2017-03-31 09:30:08 params :
------------
Array:
rule : -2 ;
module :  ;
message : Array ;

2017-03-31 09:30:08 response :
------------

2017-03-31 09:35:45 trace :
------------
Array:
tousername : gh_6536061e4435 ;
fromusername : oKwkYw7K9xHIr91Csk-qENfcagnM ;
createtime : 1490924145 ;
msgtype : event ;
event : VIEW ;
eventkey : http://kh39.61why.com/app/index.php?i=2&c=entry&eid=198 ;
menuid : 410600728 ;
from : oKwkYw7K9xHIr91Csk-qENfcagnM ;
to : gh_6536061e4435 ;
time : 1490924145 ;
type : event ;

2017-03-31 09:35:45 params :
------------
Array:
rule : -2 ;
module :  ;
message : Array ;

2017-03-31 09:35:45 response :
------------

2017-03-31 09:37:09 trace :
------------
Array:
tousername : gh_6536061e4435 ;
fromusername : oKwkYw22rCbBSaALxIaH8w23nsLQ ;
createtime : 1490924229 ;
msgtype : event ;
event : VIEW ;
eventkey : http://kh39.61why.com/app/index.php?i=2&c=entry&eid=198 ;
menuid : 410600728 ;
from : oKwkYw22rCbBSaALxIaH8w23nsLQ ;
to : gh_6536061e4435 ;
time : 1490924229 ;
type : event ;

2017-03-31 09:37:09 params :
------------
Array:
rule : -2 ;
module :  ;
message : Array ;

2017-03-31 09:37:09 response :
------------

2017-03-31 09:41:48 trace :
------------
Array:
tousername : gh_6536061e4435 ;
fromusername : oKwkYw4Hn--QR2f8CFw_XxuXDd78 ;
createtime : 1490924508 ;
msgtype : event ;
event : VIEW ;
eventkey : http://kh39.61why.com/app/index.php?i=2&c=entry&eid=198 ;
menuid : 410600728 ;
from : oKwkYw4Hn--QR2f8CFw_XxuXDd78 ;
to : gh_6536061e4435 ;
time : 1490924508 ;
type : event ;

2017-03-31 09:41:48 params :
------------
Array:
rule : -2 ;
module :  ;
message : Array ;

2017-03-31 09:41:48 response :
------------

2017-03-31 09:42:09 trace :
------------
Array:
tousername : gh_6536061e4435 ;
fromusername : oKwkYw5Hv5-mrEGrZ572fv2JrB_s ;
createtime : 1490924529 ;
msgtype : event ;
event : VIEW ;
eventkey : http://kh39.61why.com/app/index.php?i=2&c=entry&eid=198 ;
menuid : 410600728 ;
from : oKwkYw5Hv5-mrEGrZ572fv2JrB_s ;
to : gh_6536061e4435 ;
time : 1490924529 ;
type : event ;

2017-03-31 09:42:09 params :
------------
Array:
rule : -2 ;
module :  ;
message : Array ;

2017-03-31 09:42:09 response :
------------

2017-03-31 09:42:12 trace :
------------
Array:
tousername : gh_6536061e4435 ;
fromusername : oKwkYw4Hn--QR2f8CFw_XxuXDd78 ;
createtime : 1490924532 ;
msgtype : event ;
event : VIEW ;
eventkey : http://kh39.61why.com/app/index.php?i=2&c=entry&eid=198 ;
menuid : 410600728 ;
from : oKwkYw4Hn--QR2f8CFw_XxuXDd78 ;
to : gh_6536061e4435 ;
time : 1490924532 ;
type : event ;

2017-03-31 09:42:12 params :
------------
Array:
rule : -2 ;
module :  ;
message : Array ;

2017-03-31 09:42:12 response :
------------

2017-03-31 10:07:39 trace :
------------
Array:
tousername : gh_6536061e4435 ;
fromusername : oKwkYw0b_nY3vy2dlsZiutChx2qg ;
createtime : 1490926059 ;
msgtype : event ;
event : VIEW ;
eventkey : http://kh39.61why.com/app/index.php?i=2&c=entry&eid=194 ;
menuid : 410600728 ;
from : oKwkYw0b_nY3vy2dlsZiutChx2qg ;
to : gh_6536061e4435 ;
time : 1490926059 ;
type : event ;

2017-03-31 10:07:39 params :
------------
Array:
rule : -2 ;
module :  ;
message : Array ;

2017-03-31 10:07:39 response :
------------

2017-03-31 10:12:10 trace :
------------
Array:
tousername : gh_6536061e4435 ;
fromusername : oKwkYw5hiet9aIoMvpfdt0UcJyzc ;
createtime : 1490926330 ;
msgtype : event ;
event : VIEW ;
eventkey : http://kh39.61why.com/app/index.php?i=2&c=entry&eid=198 ;
menuid : 410600728 ;
from : oKwkYw5hiet9aIoMvpfdt0UcJyzc ;
to : gh_6536061e4435 ;
time : 1490926330 ;
type : event ;

2017-03-31 10:12:10 params :
------------
Array:
rule : -2 ;
module :  ;
message : Array ;

2017-03-31 10:12:10 response :
------------

2017-03-31 10:12:25 trace :
------------
Array:
tousername : gh_6536061e4435 ;
fromusername : oKwkYw5hiet9aIoMvpfdt0UcJyzc ;
createtime : 1490926344 ;
msgtype : event ;
event : VIEW ;
eventkey : http://kh39.61why.com/app/index.php?i=2&c=entry&eid=198 ;
menuid : 410600728 ;
from : oKwkYw5hiet9aIoMvpfdt0UcJyzc ;
to : gh_6536061e4435 ;
time : 1490926344 ;
type : event ;

2017-03-31 10:12:25 params :
------------
Array:
rule : -2 ;
module :  ;
message : Array ;

2017-03-31 10:12:25 response :
------------

2017-03-31 10:53:25 trace :
------------
Array:
tousername : gh_6536061e4435 ;
fromusername : oKwkYwy552o7_eUisSRD3QHthqs8 ;
createtime : 1490928805 ;
msgtype : event ;
event : VIEW ;
eventkey : http://kh39.61why.com/app/index.php?i=2&c=entry&eid=198 ;
menuid : 410600728 ;
from : oKwkYwy552o7_eUisSRD3QHthqs8 ;
to : gh_6536061e4435 ;
time : 1490928805 ;
type : event ;

2017-03-31 10:53:25 params :
------------
Array:
rule : -2 ;
module :  ;
message : Array ;

2017-03-31 10:53:25 response :
------------

2017-03-31 10:55:08 trace :
------------
Array:
tousername : gh_6536061e4435 ;
fromusername : oKwkYwy552o7_eUisSRD3QHthqs8 ;
createtime : 1490928908 ;
msgtype : event ;
event : VIEW ;
eventkey : http://kh39.61why.com/app/index.php?i=2&c=entry&eid=198 ;
menuid : 410600728 ;
from : oKwkYwy552o7_eUisSRD3QHthqs8 ;
to : gh_6536061e4435 ;
time : 1490928908 ;
type : event ;

2017-03-31 10:55:08 params :
------------
Array:
rule : -2 ;
module :  ;
message : Array ;

2017-03-31 10:55:08 response :
------------

2017-03-31 10:56:11 trace :
------------
Array:
tousername : gh_6536061e4435 ;
fromusername : oKwkYw3OHRCQa6CoHaKYywAhba24 ;
createtime : 1490928971 ;
msgtype : event ;
event : VIEW ;
eventkey : http://kh39.61why.com/app/index.php?i=2&c=entry&eid=194 ;
menuid : 410600728 ;
from : oKwkYw3OHRCQa6CoHaKYywAhba24 ;
to : gh_6536061e4435 ;
time : 1490928971 ;
type : event ;

2017-03-31 10:56:11 params :
------------
Array:
rule : -2 ;
module :  ;
message : Array ;

2017-03-31 10:56:11 response :
------------

2017-03-31 11:15:30 trace :
------------
Array:
tousername : gh_6536061e4435 ;
fromusername : oKwkYw7IvgLWdZqkoobjxTD88mWY ;
createtime : 1490930130 ;
msgtype : event ;
event : VIEW ;
eventkey : http://kh39.61why.com/app/index.php?i=2&c=entry&eid=194 ;
menuid : 410600728 ;
from : oKwkYw7IvgLWdZqkoobjxTD88mWY ;
to : gh_6536061e4435 ;
time : 1490930130 ;
type : event ;

2017-03-31 11:15:30 params :
------------
Array:
rule : -2 ;
module :  ;
message : Array ;

2017-03-31 11:15:30 response :
------------

2017-03-31 11:45:39 trace :
------------
Array:
tousername : gh_6536061e4435 ;
fromusername : oKwkYw5hiet9aIoMvpfdt0UcJyzc ;
createtime : 1490931939 ;
msgtype : event ;
event : VIEW ;
eventkey : http://kh39.61why.com/app/index.php?i=2&c=entry&eid=198 ;
menuid : 410600728 ;
from : oKwkYw5hiet9aIoMvpfdt0UcJyzc ;
to : gh_6536061e4435 ;
time : 1490931939 ;
type : event ;

2017-03-31 11:45:39 params :
------------
Array:
rule : -2 ;
module :  ;
message : Array ;

2017-03-31 11:45:39 response :
------------

2017-03-31 11:52:21 trace :
------------
Array:
tousername : gh_6536061e4435 ;
fromusername : oKwkYw9U1lD4Xnn83SiURsqYRwjQ ;
createtime : 1490932341 ;
msgtype : event ;
event : VIEW ;
eventkey : http://kh39.61why.com/app/index.php?i=2&c=entry&eid=198 ;
menuid : 410600728 ;
from : oKwkYw9U1lD4Xnn83SiURsqYRwjQ ;
to : gh_6536061e4435 ;
time : 1490932341 ;
type : event ;

2017-03-31 11:52:21 params :
------------
Array:
rule : -2 ;
module :  ;
message : Array ;

2017-03-31 11:52:21 response :
------------

2017-03-31 11:55:35 trace :
------------
Array:
tousername : gh_6536061e4435 ;
fromusername : oKwkYw0b_nY3vy2dlsZiutChx2qg ;
createtime : 1490932535 ;
msgtype : event ;
event : VIEW ;
eventkey : http://kh39.61why.com/app/index.php?i=2&c=entry&eid=198 ;
menuid : 410600728 ;
from : oKwkYw0b_nY3vy2dlsZiutChx2qg ;
to : gh_6536061e4435 ;
time : 1490932535 ;
type : event ;

2017-03-31 11:55:35 params :
------------
Array:
rule : -2 ;
module :  ;
message : Array ;

2017-03-31 11:55:35 response :
------------

2017-03-31 11:57:41 trace :
------------
Array:
tousername : gh_6536061e4435 ;
fromusername : oKwkYw0b_nY3vy2dlsZiutChx2qg ;
createtime : 1490932661 ;
msgtype : event ;
event : VIEW ;
eventkey : http://kh39.61why.com/app/index.php?i=2&c=entry&eid=198 ;
menuid : 410600728 ;
from : oKwkYw0b_nY3vy2dlsZiutChx2qg ;
to : gh_6536061e4435 ;
time : 1490932661 ;
type : event ;

2017-03-31 11:57:41 params :
------------
Array:
rule : -2 ;
module :  ;
message : Array ;

2017-03-31 11:57:41 response :
------------

2017-03-31 12:03:30 trace :
------------
Array:
tousername : gh_6536061e4435 ;
fromusername : oKwkYw0b_nY3vy2dlsZiutChx2qg ;
createtime : 1490933010 ;
msgtype : event ;
event : VIEW ;
eventkey : http://kh39.61why.com/app/index.php?i=2&c=entry&eid=198 ;
menuid : 410600728 ;
from : oKwkYw0b_nY3vy2dlsZiutChx2qg ;
to : gh_6536061e4435 ;
time : 1490933010 ;
type : event ;

2017-03-31 12:03:30 params :
------------
Array:
rule : -2 ;
module :  ;
message : Array ;

2017-03-31 12:03:30 response :
------------

2017-03-31 12:12:15 trace :
------------
Array:
tousername : gh_6536061e4435 ;
fromusername : oKwkYw4GMAD-D6foX8vb4dICPy1k ;
createtime : 1490933535 ;
msgtype : event ;
event : VIEW ;
eventkey : http://kh39.61why.com/app/index.php?i=2&c=entry&eid=194 ;
menuid : 410600728 ;
from : oKwkYw4GMAD-D6foX8vb4dICPy1k ;
to : gh_6536061e4435 ;
time : 1490933535 ;
type : event ;

2017-03-31 12:12:15 params :
------------
Array:
rule : -2 ;
module :  ;
message : Array ;

2017-03-31 12:12:15 response :
------------

2017-03-31 12:14:56 trace :
------------
Array:
tousername : gh_6536061e4435 ;
fromusername : oKwkYw4GMAD-D6foX8vb4dICPy1k ;
createtime : 1490933696 ;
msgtype : event ;
event : VIEW ;
eventkey : http://kh39.61why.com/app/index.php?i=2&c=entry&eid=194 ;
menuid : 410600728 ;
from : oKwkYw4GMAD-D6foX8vb4dICPy1k ;
to : gh_6536061e4435 ;
time : 1490933696 ;
type : event ;

2017-03-31 12:14:56 params :
------------
Array:
rule : -2 ;
module :  ;
message : Array ;

2017-03-31 12:14:56 response :
------------

2017-03-31 12:16:06 trace :
------------
Array:
tousername : gh_6536061e4435 ;
fromusername : oKwkYw-CfYTh4gRGFbVdRvBbBgkA ;
createtime : 1490933766 ;
msgtype : event ;
event : subscribe ;
eventkey : qrscene_21e9a3548a908ff6b3b3ab4ec321b02d ;
ticket : gQFk8jwAAAAAAAAAAS5odHRwOi8vd2VpeGluLnFxLmNvbS9xLzAyQk5iYTEtSDljbzMxMDAwMGcwN0sAAgTooqJYAwQAAAAA ;
from : oKwkYw-CfYTh4gRGFbVdRvBbBgkA ;
to : gh_6536061e4435 ;
time : 1490933766 ;
type : subscribe ;
scene : 21e9a3548a908ff6b3b3ab4ec321b02d ;

2017-03-31 12:17:04 trace :
------------
Array:
tousername : gh_6536061e4435 ;
fromusername : oKwkYw1yj38KOhGZ_VHM2TrE79xY ;
createtime : 1490933824 ;
msgtype : event ;
event : VIEW ;
eventkey : http://kh39.61why.com/app/index.php?i=2&c=entry&eid=194 ;
menuid : 410600728 ;
from : oKwkYw1yj38KOhGZ_VHM2TrE79xY ;
to : gh_6536061e4435 ;
time : 1490933824 ;
type : event ;

2017-03-31 12:17:04 params :
------------
Array:
rule : -2 ;
module :  ;
message : Array ;

2017-03-31 12:17:04 response :
------------

2017-03-31 12:17:22 trace :
------------
Array:
tousername : gh_6536061e4435 ;
fromusername : oKwkYw-CfYTh4gRGFbVdRvBbBgkA ;
createtime : 1490933842 ;
msgtype : event ;
event : VIEW ;
eventkey : http://kh39.61why.com/app/index.php?i=2&c=entry&eid=194 ;
menuid : 410600728 ;
from : oKwkYw-CfYTh4gRGFbVdRvBbBgkA ;
to : gh_6536061e4435 ;
time : 1490933842 ;
type : event ;

2017-03-31 12:17:22 params :
------------
Array:
rule : -2 ;
module :  ;
message : Array ;

2017-03-31 12:17:22 response :
------------

2017-03-31 12:17:57 trace :
------------
Array:
tousername : gh_6536061e4435 ;
fromusername : oKwkYw0b_nY3vy2dlsZiutChx2qg ;
createtime : 1490933877 ;
msgtype : event ;
event : VIEW ;
eventkey : http://kh39.61why.com/app/index.php?i=2&c=entry&eid=194 ;
menuid : 410600728 ;
from : oKwkYw0b_nY3vy2dlsZiutChx2qg ;
to : gh_6536061e4435 ;
time : 1490933877 ;
type : event ;

2017-03-31 12:17:57 params :
------------
Array:
rule : -2 ;
module :  ;
message : Array ;

2017-03-31 12:17:57 response :
------------

2017-03-31 12:18:15 trace :
------------
Array:
tousername : gh_6536061e4435 ;
fromusername : oKwkYw1hdHu_NiSw4Dn_tLeEcWuc ;
createtime : 1490933895 ;
msgtype : event ;
event : VIEW ;
eventkey : http://kh39.61why.com/app/index.php?i=2&c=entry&eid=194 ;
menuid : 410600728 ;
from : oKwkYw1hdHu_NiSw4Dn_tLeEcWuc ;
to : gh_6536061e4435 ;
time : 1490933895 ;
type : event ;

2017-03-31 12:18:15 params :
------------
Array:
rule : -2 ;
module :  ;
message : Array ;

2017-03-31 12:18:15 response :
------------

2017-03-31 12:18:23 trace :
------------
Array:
tousername : gh_6536061e4435 ;
fromusername : oKwkYw1hdHu_NiSw4Dn_tLeEcWuc ;
createtime : 1490933903 ;
msgtype : event ;
event : VIEW ;
eventkey : http://kh39.61why.com/app/index.php?i=2&c=entry&eid=194 ;
menuid : 410600728 ;
from : oKwkYw1hdHu_NiSw4Dn_tLeEcWuc ;
to : gh_6536061e4435 ;
time : 1490933903 ;
type : event ;

2017-03-31 12:18:23 params :
------------
Array:
rule : -2 ;
module :  ;
message : Array ;

2017-03-31 12:18:23 response :
------------

2017-03-31 12:19:07 trace :
------------
Array:
tousername : gh_6536061e4435 ;
fromusername : oKwkYwz_FtGom2eSyG1qwUGFxNiA ;
createtime : 1490933947 ;
msgtype : event ;
event : VIEW ;
eventkey : http://kh39.61why.com/app/index.php?i=2&c=entry&eid=198 ;
menuid : 410600728 ;
from : oKwkYwz_FtGom2eSyG1qwUGFxNiA ;
to : gh_6536061e4435 ;
time : 1490933947 ;
type : event ;

2017-03-31 12:19:07 params :
------------
Array:
rule : -2 ;
module :  ;
message : Array ;

2017-03-31 12:19:07 response :
------------

2017-03-31 12:19:09 trace :
------------
Array:
tousername : gh_6536061e4435 ;
fromusername : oKwkYw4GMAD-D6foX8vb4dICPy1k ;
createtime : 1490933949 ;
msgtype : event ;
event : VIEW ;
eventkey : http://kh39.61why.com/app/index.php?i=2&c=entry&eid=194 ;
menuid : 410600728 ;
from : oKwkYw4GMAD-D6foX8vb4dICPy1k ;
to : gh_6536061e4435 ;
time : 1490933949 ;
type : event ;

2017-03-31 12:19:09 params :
------------
Array:
rule : -2 ;
module :  ;
message : Array ;

2017-03-31 12:19:09 response :
------------

2017-03-31 12:20:20 trace :
------------
Array:
tousername : gh_6536061e4435 ;
fromusername : oKwkYw-CfYTh4gRGFbVdRvBbBgkA ;
createtime : 1490934020 ;
msgtype : event ;
event : VIEW ;
eventkey : http://kh39.61why.com/app/index.php?i=2&c=entry&eid=194 ;
menuid : 410600728 ;
from : oKwkYw-CfYTh4gRGFbVdRvBbBgkA ;
to : gh_6536061e4435 ;
time : 1490934020 ;
type : event ;

2017-03-31 12:20:20 params :
------------
Array:
rule : -2 ;
module :  ;
message : Array ;

2017-03-31 12:20:20 response :
------------

2017-03-31 12:20:48 trace :
------------
Array:
tousername : gh_6536061e4435 ;
fromusername : oKwkYw1hdHu_NiSw4Dn_tLeEcWuc ;
createtime : 1490934047 ;
msgtype : event ;
event : VIEW ;
eventkey : http://kh39.61why.com/app/index.php?i=2&c=entry&eid=198 ;
menuid : 410600728 ;
from : oKwkYw1hdHu_NiSw4Dn_tLeEcWuc ;
to : gh_6536061e4435 ;
time : 1490934047 ;
type : event ;

2017-03-31 12:20:48 params :
------------
Array:
rule : -2 ;
module :  ;
message : Array ;

2017-03-31 12:20:48 response :
------------

2017-03-31 12:21:27 trace :
------------
Array:
tousername : gh_6536061e4435 ;
fromusername : oKwkYw-CfYTh4gRGFbVdRvBbBgkA ;
createtime : 1490934087 ;
msgtype : event ;
event : VIEW ;
eventkey : http://kh39.61why.com/app/index.php?i=2&c=entry&eid=198 ;
menuid : 410600728 ;
from : oKwkYw-CfYTh4gRGFbVdRvBbBgkA ;
to : gh_6536061e4435 ;
time : 1490934087 ;
type : event ;

2017-03-31 12:21:27 params :
------------
Array:
rule : -2 ;
module :  ;
message : Array ;

2017-03-31 12:21:27 response :
------------

2017-03-31 12:33:08 trace :
------------
Array:
tousername : gh_6536061e4435 ;
fromusername : oKwkYw1KQ5ff5BZ0dgvipwLgZRns ;
createtime : 1490934788 ;
msgtype : event ;
event : VIEW ;
eventkey : http://kh39.61why.com/app/index.php?i=2&c=entry&eid=198 ;
menuid : 410600728 ;
from : oKwkYw1KQ5ff5BZ0dgvipwLgZRns ;
to : gh_6536061e4435 ;
time : 1490934788 ;
type : event ;

2017-03-31 12:33:08 params :
------------
Array:
rule : -2 ;
module :  ;
message : Array ;

2017-03-31 12:33:08 response :
------------

2017-03-31 13:00:28 trace :
------------
Array:
tousername : gh_6536061e4435 ;
fromusername : oKwkYw0Lffxa65YQCLVZZ6tPc_NA ;
createtime : 1490936428 ;
msgtype : event ;
event : VIEW ;
eventkey : http://kh39.61why.com/app/index.php?i=2&c=entry&eid=198 ;
menuid : 410600728 ;
from : oKwkYw0Lffxa65YQCLVZZ6tPc_NA ;
to : gh_6536061e4435 ;
time : 1490936428 ;
type : event ;

2017-03-31 13:00:28 params :
------------
Array:
rule : -2 ;
module :  ;
message : Array ;

2017-03-31 13:00:28 response :
------------

2017-03-31 13:16:20 trace :
------------
Array:
tousername : gh_6536061e4435 ;
fromusername : oKwkYw0Lffxa65YQCLVZZ6tPc_NA ;
createtime : 1490937380 ;
msgtype : event ;
event : VIEW ;
eventkey : http://kh39.61why.com/app/index.php?i=2&c=entry&eid=198 ;
menuid : 410600728 ;
from : oKwkYw0Lffxa65YQCLVZZ6tPc_NA ;
to : gh_6536061e4435 ;
time : 1490937380 ;
type : event ;

2017-03-31 13:16:20 params :
------------
Array:
rule : -2 ;
module :  ;
message : Array ;

2017-03-31 13:16:20 response :
------------

2017-03-31 13:18:55 trace :
------------
Array:
tousername : gh_6536061e4435 ;
fromusername : oKwkYw0Lffxa65YQCLVZZ6tPc_NA ;
createtime : 1490937535 ;
msgtype : event ;
event : VIEW ;
eventkey : http://kh39.61why.com/app/index.php?i=2&c=entry&eid=198 ;
menuid : 410600728 ;
from : oKwkYw0Lffxa65YQCLVZZ6tPc_NA ;
to : gh_6536061e4435 ;
time : 1490937535 ;
type : event ;

2017-03-31 13:18:55 params :
------------
Array:
rule : -2 ;
module :  ;
message : Array ;

2017-03-31 13:18:55 response :
------------

2017-03-31 13:33:14 trace :
------------
Array:
tousername : gh_6536061e4435 ;
fromusername : oKwkYw-CfYTh4gRGFbVdRvBbBgkA ;
createtime : 1490938394 ;
msgtype : event ;
event : VIEW ;
eventkey : http://kh39.61why.com/app/index.php?i=2&c=entry&eid=194 ;
menuid : 410600728 ;
from : oKwkYw-CfYTh4gRGFbVdRvBbBgkA ;
to : gh_6536061e4435 ;
time : 1490938394 ;
type : event ;

2017-03-31 13:33:14 params :
------------
Array:
rule : -2 ;
module :  ;
message : Array ;

2017-03-31 13:33:14 response :
------------

2017-03-31 13:34:20 trace :
------------
Array:
tousername : gh_6536061e4435 ;
fromusername : oKwkYw0b_nY3vy2dlsZiutChx2qg ;
createtime : 1490938460 ;
msgtype : event ;
event : VIEW ;
eventkey : http://kh39.61why.com/app/index.php?i=2&c=entry&eid=194 ;
menuid : 410600728 ;
from : oKwkYw0b_nY3vy2dlsZiutChx2qg ;
to : gh_6536061e4435 ;
time : 1490938460 ;
type : event ;

2017-03-31 13:34:20 params :
------------
Array:
rule : -2 ;
module :  ;
message : Array ;

2017-03-31 13:34:20 response :
------------

2017-03-31 13:34:23 trace :
------------
Array:
tousername : gh_6536061e4435 ;
fromusername : oKwkYw-CfYTh4gRGFbVdRvBbBgkA ;
createtime : 1490938463 ;
msgtype : event ;
event : VIEW ;
eventkey : http://kh39.61why.com/app/index.php?i=2&c=entry&eid=198 ;
menuid : 410600728 ;
from : oKwkYw-CfYTh4gRGFbVdRvBbBgkA ;
to : gh_6536061e4435 ;
time : 1490938463 ;
type : event ;

2017-03-31 13:34:23 params :
------------
Array:
rule : -2 ;
module :  ;
message : Array ;

2017-03-31 13:34:23 response :
------------

2017-03-31 13:34:53 trace :
------------
Array:
tousername : gh_6536061e4435 ;
fromusername : oKwkYw-CfYTh4gRGFbVdRvBbBgkA ;
createtime : 1490938493 ;
msgtype : event ;
event : VIEW ;
eventkey : http://kh39.61why.com/app/index.php?i=2&c=entry&eid=194 ;
menuid : 410600728 ;
from : oKwkYw-CfYTh4gRGFbVdRvBbBgkA ;
to : gh_6536061e4435 ;
time : 1490938493 ;
type : event ;

2017-03-31 13:34:53 params :
------------
Array:
rule : -2 ;
module :  ;
message : Array ;

2017-03-31 13:34:53 response :
------------

2017-03-31 13:36:19 trace :
------------
Array:
tousername : gh_6536061e4435 ;
fromusername : oKwkYw5hiet9aIoMvpfdt0UcJyzc ;
createtime : 1490938579 ;
msgtype : event ;
event : VIEW ;
eventkey : http://kh39.61why.com/app/index.php?i=2&c=entry&eid=198 ;
menuid : 410600728 ;
from : oKwkYw5hiet9aIoMvpfdt0UcJyzc ;
to : gh_6536061e4435 ;
time : 1490938579 ;
type : event ;

2017-03-31 13:36:19 params :
------------
Array:
rule : -2 ;
module :  ;
message : Array ;

2017-03-31 13:36:19 response :
------------

2017-03-31 13:38:30 trace :
------------
Array:
tousername : gh_6536061e4435 ;
fromusername : oKwkYw0b_nY3vy2dlsZiutChx2qg ;
createtime : 1490938709 ;
msgtype : event ;
event : VIEW ;
eventkey : http://kh39.61why.com/app/index.php?i=2&c=entry&eid=194 ;
menuid : 410600728 ;
from : oKwkYw0b_nY3vy2dlsZiutChx2qg ;
to : gh_6536061e4435 ;
time : 1490938709 ;
type : event ;

2017-03-31 13:38:30 params :
------------
Array:
rule : -2 ;
module :  ;
message : Array ;

2017-03-31 13:38:30 response :
------------

2017-03-31 13:45:32 trace :
------------
Array:
tousername : gh_6536061e4435 ;
fromusername : oKwkYw5hiet9aIoMvpfdt0UcJyzc ;
createtime : 1490939132 ;
msgtype : event ;
event : VIEW ;
eventkey : http://kh39.61why.com/app/index.php?i=2&c=entry&eid=198 ;
menuid : 410600728 ;
from : oKwkYw5hiet9aIoMvpfdt0UcJyzc ;
to : gh_6536061e4435 ;
time : 1490939132 ;
type : event ;

2017-03-31 13:45:32 params :
------------
Array:
rule : -2 ;
module :  ;
message : Array ;

2017-03-31 13:45:32 response :
------------

2017-03-31 13:49:33 trace :
------------
Array:
tousername : gh_6536061e4435 ;
fromusername : oKwkYw5hiet9aIoMvpfdt0UcJyzc ;
createtime : 1490939372 ;
msgtype : event ;
event : VIEW ;
eventkey : http://kh39.61why.com/app/index.php?i=2&c=entry&eid=198 ;
menuid : 410600728 ;
from : oKwkYw5hiet9aIoMvpfdt0UcJyzc ;
to : gh_6536061e4435 ;
time : 1490939372 ;
type : event ;

2017-03-31 13:49:33 params :
------------
Array:
rule : -2 ;
module :  ;
message : Array ;

2017-03-31 13:49:33 response :
------------

2017-03-31 13:54:55 trace :
------------
Array:
tousername : gh_6536061e4435 ;
fromusername : oKwkYwz9UZobw82xHrqPpBnrexx4 ;
createtime : 1490939695 ;
msgtype : event ;
event : VIEW ;
eventkey : http://kh39.61why.com/app/index.php?i=2&c=entry&eid=198 ;
menuid : 410600728 ;
from : oKwkYwz9UZobw82xHrqPpBnrexx4 ;
to : gh_6536061e4435 ;
time : 1490939695 ;
type : event ;

2017-03-31 13:54:55 params :
------------
Array:
rule : -2 ;
module :  ;
message : Array ;

2017-03-31 13:54:55 response :
------------

2017-03-31 14:27:21 trace :
------------
Array:
tousername : gh_6536061e4435 ;
fromusername : oKwkYw0Lffxa65YQCLVZZ6tPc_NA ;
createtime : 1490941641 ;
msgtype : event ;
event : VIEW ;
eventkey : http://kh39.61why.com/app/index.php?i=2&c=entry&eid=198 ;
menuid : 410600728 ;
from : oKwkYw0Lffxa65YQCLVZZ6tPc_NA ;
to : gh_6536061e4435 ;
time : 1490941641 ;
type : event ;

2017-03-31 14:27:21 params :
------------
Array:
rule : -2 ;
module :  ;
message : Array ;

2017-03-31 14:27:21 response :
------------

2017-03-31 14:35:06 trace :
------------
Array:
tousername : gh_6536061e4435 ;
fromusername : oKwkYw0Lffxa65YQCLVZZ6tPc_NA ;
createtime : 1490942106 ;
msgtype : event ;
event : VIEW ;
eventkey : http://kh39.61why.com/app/index.php?i=2&c=entry&eid=198 ;
menuid : 410600728 ;
from : oKwkYw0Lffxa65YQCLVZZ6tPc_NA ;
to : gh_6536061e4435 ;
time : 1490942106 ;
type : event ;

2017-03-31 14:35:06 params :
------------
Array:
rule : -2 ;
module :  ;
message : Array ;

2017-03-31 14:35:06 response :
------------

2017-03-31 14:46:53 trace :
------------
Array:
tousername : gh_6536061e4435 ;
fromusername : oKwkYw9A27iCE2wbx5IXncAJ21Sw ;
createtime : 1490942813 ;
msgtype : event ;
event : VIEW ;
eventkey : http://kh39.61why.com/app/index.php?i=2&c=entry&eid=194 ;
menuid : 410600728 ;
from : oKwkYw9A27iCE2wbx5IXncAJ21Sw ;
to : gh_6536061e4435 ;
time : 1490942813 ;
type : event ;

2017-03-31 14:46:53 params :
------------
Array:
rule : -2 ;
module :  ;
message : Array ;

2017-03-31 14:46:53 response :
------------

2017-03-31 15:48:46 trace :
------------
Array:
tousername : gh_6536061e4435 ;
fromusername : oKwkYwwGYxsxiD_YuZwsLkj42MY8 ;
createtime : 1490946525 ;
msgtype : event ;
event : VIEW ;
eventkey : http://kh39.61why.com/app/index.php?i=2&c=entry&eid=194 ;
menuid : 410600728 ;
from : oKwkYwwGYxsxiD_YuZwsLkj42MY8 ;
to : gh_6536061e4435 ;
time : 1490946525 ;
type : event ;

2017-03-31 15:48:46 params :
------------
Array:
rule : -2 ;
module :  ;
message : Array ;

2017-03-31 15:48:46 response :
------------

2017-03-31 15:49:06 trace :
------------
Array:
tousername : gh_6536061e4435 ;
fromusername : oKwkYw5hiet9aIoMvpfdt0UcJyzc ;
createtime : 1490946546 ;
msgtype : event ;
event : VIEW ;
eventkey : http://kh39.61why.com/app/index.php?i=2&c=entry&eid=198 ;
menuid : 410600728 ;
from : oKwkYw5hiet9aIoMvpfdt0UcJyzc ;
to : gh_6536061e4435 ;
time : 1490946546 ;
type : event ;

2017-03-31 15:49:06 params :
------------
Array:
rule : -2 ;
module :  ;
message : Array ;

2017-03-31 15:49:06 response :
------------

2017-03-31 15:54:45 trace :
------------
Array:
tousername : gh_6536061e4435 ;
fromusername : oKwkYwwGYxsxiD_YuZwsLkj42MY8 ;
createtime : 1490946885 ;
msgtype : event ;
event : VIEW ;
eventkey : http://kh39.61why.com/app/index.php?i=2&c=entry&eid=194 ;
menuid : 410600728 ;
from : oKwkYwwGYxsxiD_YuZwsLkj42MY8 ;
to : gh_6536061e4435 ;
time : 1490946885 ;
type : event ;

2017-03-31 15:54:45 params :
------------
Array:
rule : -2 ;
module :  ;
message : Array ;

2017-03-31 15:54:45 response :
------------

2017-03-31 16:03:41 trace :
------------
Array:
tousername : gh_6536061e4435 ;
fromusername : oKwkYw5Hv5-mrEGrZ572fv2JrB_s ;
createtime : 1490947421 ;
msgtype : event ;
event : VIEW ;
eventkey : http://kh39.61why.com/app/index.php?i=2&c=entry&eid=194 ;
menuid : 410600728 ;
from : oKwkYw5Hv5-mrEGrZ572fv2JrB_s ;
to : gh_6536061e4435 ;
time : 1490947421 ;
type : event ;

2017-03-31 16:03:41 params :
------------
Array:
rule : -2 ;
module :  ;
message : Array ;

2017-03-31 16:03:41 response :
------------

2017-03-31 16:06:36 trace :
------------
Array:
tousername : gh_6536061e4435 ;
fromusername : oKwkYw5Hv5-mrEGrZ572fv2JrB_s ;
createtime : 1490947596 ;
msgtype : event ;
event : VIEW ;
eventkey : http://kh39.61why.com/app/index.php?i=2&c=entry&eid=198 ;
menuid : 410600728 ;
from : oKwkYw5Hv5-mrEGrZ572fv2JrB_s ;
to : gh_6536061e4435 ;
time : 1490947596 ;
type : event ;

2017-03-31 16:06:36 params :
------------
Array:
rule : -2 ;
module :  ;
message : Array ;

2017-03-31 16:06:36 response :
------------

2017-03-31 16:07:47 trace :
------------
Array:
tousername : gh_6536061e4435 ;
fromusername : oKwkYw5Hv5-mrEGrZ572fv2JrB_s ;
createtime : 1490947667 ;
msgtype : event ;
event : VIEW ;
eventkey : http://kh39.61why.com/app/index.php?i=2&c=entry&eid=194 ;
menuid : 410600728 ;
from : oKwkYw5Hv5-mrEGrZ572fv2JrB_s ;
to : gh_6536061e4435 ;
time : 1490947667 ;
type : event ;

2017-03-31 16:07:47 params :
------------
Array:
rule : -2 ;
module :  ;
message : Array ;

2017-03-31 16:07:47 response :
------------

2017-03-31 16:23:52 trace :
------------
Array:
tousername : gh_6536061e4435 ;
fromusername : oKwkYw22rCbBSaALxIaH8w23nsLQ ;
createtime : 1490948632 ;
msgtype : event ;
event : VIEW ;
eventkey : http://kh39.61why.com/app/index.php?i=2&c=entry&eid=194 ;
menuid : 410600728 ;
from : oKwkYw22rCbBSaALxIaH8w23nsLQ ;
to : gh_6536061e4435 ;
time : 1490948632 ;
type : event ;

2017-03-31 16:23:52 params :
------------
Array:
rule : -2 ;
module :  ;
message : Array ;

2017-03-31 16:23:52 response :
------------

2017-03-31 16:44:22 trace :
------------
Array:
tousername : gh_6536061e4435 ;
fromusername : oKwkYw1W5I_NaF5L3vS4x72I1tao ;
createtime : 1490949862 ;
msgtype : event ;
event : VIEW ;
eventkey : http://kh39.61why.com/app/index.php?i=2&c=entry&eid=194 ;
menuid : 410600728 ;
from : oKwkYw1W5I_NaF5L3vS4x72I1tao ;
to : gh_6536061e4435 ;
time : 1490949862 ;
type : event ;

2017-03-31 16:44:22 params :
------------
Array:
rule : -2 ;
module :  ;
message : Array ;

2017-03-31 16:44:22 response :
------------

2017-03-31 16:44:59 trace :
------------
Array:
tousername : gh_6536061e4435 ;
fromusername : oKwkYw1W5I_NaF5L3vS4x72I1tao ;
createtime : 1490949899 ;
msgtype : event ;
event : VIEW ;
eventkey : http://kh39.61why.com/app/index.php?i=2&c=entry&eid=198 ;
menuid : 410600728 ;
from : oKwkYw1W5I_NaF5L3vS4x72I1tao ;
to : gh_6536061e4435 ;
time : 1490949899 ;
type : event ;

2017-03-31 16:44:59 params :
------------
Array:
rule : -2 ;
module :  ;
message : Array ;

2017-03-31 16:44:59 response :
------------

2017-03-31 17:03:28 trace :
------------
Array:
tousername : gh_6536061e4435 ;
fromusername : oKwkYw298c_S6jNKSF1Ay19Kayeo ;
createtime : 1490951008 ;
msgtype : event ;
event : VIEW ;
eventkey : http://kh39.61why.com/app/index.php?i=2&c=entry&eid=194 ;
menuid : 410600728 ;
from : oKwkYw298c_S6jNKSF1Ay19Kayeo ;
to : gh_6536061e4435 ;
time : 1490951008 ;
type : event ;

2017-03-31 17:03:28 params :
------------
Array:
rule : -2 ;
module :  ;
message : Array ;

2017-03-31 17:03:28 response :
------------

2017-03-31 17:05:21 trace :
------------
Array:
tousername : gh_6536061e4435 ;
fromusername : oKwkYw298c_S6jNKSF1Ay19Kayeo ;
createtime : 1490951121 ;
msgtype : text ;
content : [奸笑] ;
msgid : 6403586305041074674 ;
from : oKwkYw298c_S6jNKSF1Ay19Kayeo ;
to : gh_6536061e4435 ;
time : 1490951121 ;
type : text ;
event :  ;
redirection :  ;
source :  ;

2017-03-31 17:05:21 params :
------------
Array:
rule : -2 ;
module :  ;
message : Array ;

2017-03-31 17:05:21 response :
------------

2017-03-31 17:08:12 trace :
------------
Array:
tousername : gh_6536061e4435 ;
fromusername : oKwkYw22rCbBSaALxIaH8w23nsLQ ;
createtime : 1490951292 ;
msgtype : event ;
event : VIEW ;
eventkey : http://kh39.61why.com/app/index.php?i=2&c=entry&eid=194 ;
menuid : 410600728 ;
from : oKwkYw22rCbBSaALxIaH8w23nsLQ ;
to : gh_6536061e4435 ;
time : 1490951292 ;
type : event ;

2017-03-31 17:08:12 params :
------------
Array:
rule : -2 ;
module :  ;
message : Array ;

2017-03-31 17:08:12 response :
------------

2017-03-31 17:16:33 trace :
------------
Array:
tousername : gh_0ad70057b777 ;
fromusername : o26ibjv2g4rMb3aWjY1q9MEO6q38 ;
createtime : 1490951793 ;
msgtype : event ;
event : MASSSENDJOBFINISH ;
msgid : 1000000016 ;
status : send success ;
totalcount : 325 ;
filtercount : 325 ;
sentcount : 325 ;
errorcount : 0 ;
copyrightcheckresult : Array ;
from : o26ibjv2g4rMb3aWjY1q9MEO6q38 ;
to : gh_0ad70057b777 ;
time : 1490951793 ;
type : event ;

2017-03-31 17:16:33 params :
------------
Array:
rule : -2 ;
module :  ;
message : Array ;

2017-03-31 17:16:33 response :
------------

2017-03-31 17:20:01 trace :
------------
Array:
tousername : gh_6536061e4435 ;
fromusername : oKwkYwywEpFgDWbwv_V6u_yoYYIo ;
createtime : 1490952001 ;
msgtype : event ;
event : CLICK ;
eventkey : 二维码 ;
from : oKwkYwywEpFgDWbwv_V6u_yoYYIo ;
to : gh_6536061e4435 ;
time : 1490952001 ;
type : event ;

2017-03-31 17:20:21 trace :
------------
Array:
tousername : gh_0ad70057b777 ;
fromusername : o26ibjmJdi5ugd8YNs7VsnS3MJ2c ;
createtime : 1490952021 ;
msgtype : event ;
event : VIEW ;
eventkey : http://kh39.61why.com/app/index.php?i=2&c=entry&eid=198 ;
menuid : 411738532 ;
from : o26ibjmJdi5ugd8YNs7VsnS3MJ2c ;
to : gh_0ad70057b777 ;
time : 1490952021 ;
type : event ;

2017-03-31 17:20:21 params :
------------
Array:
rule : -2 ;
module :  ;
message : Array ;

2017-03-31 17:20:21 response :
------------

2017-03-31 17:20:24 trace :
------------
Array:
tousername : gh_6536061e4435 ;
fromusername : oKwkYw_zGkUaW5dIXVsRA3d7p1fE ;
createtime : 1490952024 ;
msgtype : event ;
event : subscribe ;
eventkey : qrscene_ce9684ad83e4d1f00615d4eaec96e713 ;
ticket : gQGy8DwAAAAAAAAAAS5odHRwOi8vd2VpeGluLnFxLmNvbS9xLzAyVlZrVTFxSDljbzMxMDAwMGcwN1YAAgScbG5YAwQAAAAA ;
from : oKwkYw_zGkUaW5dIXVsRA3d7p1fE ;
to : gh_6536061e4435 ;
time : 1490952024 ;
type : subscribe ;
scene : ce9684ad83e4d1f00615d4eaec96e713 ;

2017-03-31 17:20:32 trace :
------------
Array:
tousername : gh_6536061e4435 ;
fromusername : oKwkYw_zGkUaW5dIXVsRA3d7p1fE ;
createtime : 1490952032 ;
msgtype : event ;
event : CLICK ;
eventkey : 二维码 ;
from : oKwkYw_zGkUaW5dIXVsRA3d7p1fE ;
to : gh_6536061e4435 ;
time : 1490952032 ;
type : event ;

2017-03-31 17:20:49 trace :
------------
Array:
tousername : gh_6536061e4435 ;
fromusername : oKwkYw_zGkUaW5dIXVsRA3d7p1fE ;
createtime : 1490952049 ;
msgtype : event ;
event : VIEW ;
eventkey : http://kh39.61why.com/app/index.php?i=2&c=entry&eid=194 ;
menuid : 410600728 ;
from : oKwkYw_zGkUaW5dIXVsRA3d7p1fE ;
to : gh_6536061e4435 ;
time : 1490952049 ;
type : event ;

2017-03-31 17:20:49 params :
------------
Array:
rule : -2 ;
module :  ;
message : Array ;

2017-03-31 17:20:49 response :
------------

2017-03-31 17:20:54 trace :
------------
Array:
tousername : gh_6536061e4435 ;
fromusername : oKwkYwywEpFgDWbwv_V6u_yoYYIo ;
createtime : 1490952054 ;
msgtype : event ;
event : VIEW ;
eventkey : http://kh39.61why.com/app/index.php?i=2&c=entry&eid=194 ;
menuid : 410600728 ;
from : oKwkYwywEpFgDWbwv_V6u_yoYYIo ;
to : gh_6536061e4435 ;
time : 1490952054 ;
type : event ;

2017-03-31 17:20:54 params :
------------
Array:
rule : -2 ;
module :  ;
message : Array ;

2017-03-31 17:20:54 response :
------------

2017-03-31 17:27:18 trace :
------------
Array:
tousername : gh_6536061e4435 ;
fromusername : oKwkYwywEpFgDWbwv_V6u_yoYYIo ;
createtime : 1490952438 ;
msgtype : event ;
event : VIEW ;
eventkey : http://kh39.61why.com/app/index.php?i=2&c=entry&eid=194 ;
menuid : 410600728 ;
from : oKwkYwywEpFgDWbwv_V6u_yoYYIo ;
to : gh_6536061e4435 ;
time : 1490952438 ;
type : event ;

2017-03-31 17:27:18 params :
------------
Array:
rule : -2 ;
module :  ;
message : Array ;

2017-03-31 17:27:18 response :
------------

2017-03-31 17:27:28 trace :
------------
Array:
tousername : gh_6536061e4435 ;
fromusername : oKwkYw_zGkUaW5dIXVsRA3d7p1fE ;
createtime : 1490952448 ;
msgtype : event ;
event : VIEW ;
eventkey : http://kh39.61why.com/app/index.php?i=2&c=entry&eid=194 ;
menuid : 410600728 ;
from : oKwkYw_zGkUaW5dIXVsRA3d7p1fE ;
to : gh_6536061e4435 ;
time : 1490952448 ;
type : event ;

2017-03-31 17:27:28 params :
------------
Array:
rule : -2 ;
module :  ;
message : Array ;

2017-03-31 17:27:28 response :
------------

2017-03-31 17:27:38 trace :
------------
Array:
tousername : gh_6536061e4435 ;
fromusername : oKwkYw03W1Pov3xT2Hvnj_ODN-Ug ;
createtime : 1490952458 ;
msgtype : event ;
event : VIEW ;
eventkey : http://kh39.61why.com/app/index.php?i=2&c=entry&eid=198 ;
menuid : 410600728 ;
from : oKwkYw03W1Pov3xT2Hvnj_ODN-Ug ;
to : gh_6536061e4435 ;
time : 1490952458 ;
type : event ;

2017-03-31 17:27:38 params :
------------
Array:
rule : -2 ;
module :  ;
message : Array ;

2017-03-31 17:27:38 response :
------------

2017-03-31 17:28:11 trace :
------------
Array:
tousername : gh_0ad70057b777 ;
fromusername : o26ibjshYD7K4pya4mzdMl7U6z-E ;
createtime : 1490952491 ;
msgtype : event ;
event : VIEW ;
eventkey : http://kh39.61why.com/app/index.php?i=2&c=entry&eid=198 ;
menuid : 411738532 ;
from : o26ibjshYD7K4pya4mzdMl7U6z-E ;
to : gh_0ad70057b777 ;
time : 1490952491 ;
type : event ;

2017-03-31 17:28:11 params :
------------
Array:
rule : -2 ;
module :  ;
message : Array ;

2017-03-31 17:28:11 response :
------------

2017-03-31 17:45:27 trace :
------------
Array:
tousername : gh_6536061e4435 ;
fromusername : oKwkYw6o3a7otZOCvv25dRVHQX_I ;
createtime : 1490953527 ;
msgtype : event ;
event : VIEW ;
eventkey : http://kh39.61why.com/app/index.php?i=2&c=entry&eid=194 ;
menuid : 410600728 ;
from : oKwkYw6o3a7otZOCvv25dRVHQX_I ;
to : gh_6536061e4435 ;
time : 1490953527 ;
type : event ;

2017-03-31 17:45:27 params :
------------
Array:
rule : -2 ;
module :  ;
message : Array ;

2017-03-31 17:45:27 response :
------------

2017-03-31 17:46:01 trace :
------------
Array:
tousername : gh_6536061e4435 ;
fromusername : oKwkYwxoyK8uWhitoeMlnwg966ZQ ;
createtime : 1490953561 ;
msgtype : event ;
event : VIEW ;
eventkey : http://kh39.61why.com/app/index.php?i=2&c=entry&eid=198 ;
menuid : 410600728 ;
from : oKwkYwxoyK8uWhitoeMlnwg966ZQ ;
to : gh_6536061e4435 ;
time : 1490953561 ;
type : event ;

2017-03-31 17:46:01 params :
------------
Array:
rule : -2 ;
module :  ;
message : Array ;

2017-03-31 17:46:01 response :
------------

2017-03-31 17:57:19 trace :
------------
Array:
tousername : gh_6536061e4435 ;
fromusername : oKwkYwwOR8hgQH5qf7pKsCLqe8xY ;
createtime : 1490954238 ;
msgtype : event ;
event : subscribe ;
eventkey : qrscene_d8aef4db56ee9b3875f012496226d43e ;
ticket : gQGI8DwAAAAAAAAAAS5odHRwOi8vd2VpeGluLnFxLmNvbS9xLzAyd21ZRjFrSDljbzMxMDAwMGcwN0QAAgQeFW5YAwQAAAAA ;
from : oKwkYwwOR8hgQH5qf7pKsCLqe8xY ;
to : gh_6536061e4435 ;
time : 1490954238 ;
type : subscribe ;
scene : d8aef4db56ee9b3875f012496226d43e ;

2017-03-31 17:57:23 trace :
------------
Array:
tousername : gh_6536061e4435 ;
fromusername : oKwkYwwOR8hgQH5qf7pKsCLqe8xY ;
createtime : 1490954243 ;
msgtype : event ;
event : VIEW ;
eventkey : http://kh39.61why.com/app/index.php?i=2&c=entry&eid=194 ;
menuid : 410600728 ;
from : oKwkYwwOR8hgQH5qf7pKsCLqe8xY ;
to : gh_6536061e4435 ;
time : 1490954243 ;
type : event ;

2017-03-31 17:57:23 params :
------------
Array:
rule : -2 ;
module :  ;
message : Array ;

2017-03-31 17:57:23 response :
------------

2017-03-31 18:51:57 trace :
------------
Array:
tousername : gh_6536061e4435 ;
fromusername : oKwkYwxdGazpUQLKnjr_HrnPicQo ;
createtime : 1490957517 ;
msgtype : event ;
event : VIEW ;
eventkey : http://kh39.61why.com/app/index.php?i=2&c=entry&eid=198 ;
menuid : 410600728 ;
from : oKwkYwxdGazpUQLKnjr_HrnPicQo ;
to : gh_6536061e4435 ;
time : 1490957517 ;
type : event ;

2017-03-31 18:51:57 params :
------------
Array:
rule : -2 ;
module :  ;
message : Array ;

2017-03-31 18:51:57 response :
------------

2017-03-31 18:53:59 trace :
------------
Array:
tousername : gh_6536061e4435 ;
fromusername : oKwkYw0D7snKw9WJkTr_EzwW-SF0 ;
createtime : 1490957639 ;
msgtype : event ;
event : VIEW ;
eventkey : http://kh39.61why.com/app/index.php?i=2&c=entry&eid=198 ;
menuid : 410600728 ;
from : oKwkYw0D7snKw9WJkTr_EzwW-SF0 ;
to : gh_6536061e4435 ;
time : 1490957639 ;
type : event ;

2017-03-31 18:53:59 params :
------------
Array:
rule : -2 ;
module :  ;
message : Array ;

2017-03-31 18:53:59 response :
------------

2017-03-31 18:54:26 trace :
------------
Array:
tousername : gh_6536061e4435 ;
fromusername : oKwkYwxdGazpUQLKnjr_HrnPicQo ;
createtime : 1490957666 ;
msgtype : event ;
event : VIEW ;
eventkey : http://kh39.61why.com/app/index.php?i=2&c=entry&eid=198 ;
menuid : 410600728 ;
from : oKwkYwxdGazpUQLKnjr_HrnPicQo ;
to : gh_6536061e4435 ;
time : 1490957666 ;
type : event ;

2017-03-31 18:54:26 params :
------------
Array:
rule : -2 ;
module :  ;
message : Array ;

2017-03-31 18:54:26 response :
------------

2017-03-31 19:22:25 trace :
------------
Array:
tousername : gh_6536061e4435 ;
fromusername : oKwkYwxZIIgDTxVC0wlFR8OuhqJU ;
createtime : 1490959345 ;
msgtype : event ;
event : subscribe ;
eventkey : qrscene_aefc3f43e2c57a9436948d6ceb5efc57 ;
ticket : gQHP8TwAAAAAAAAAAS5odHRwOi8vd2VpeGluLnFxLmNvbS9xLzAyMTBIZDBoSDljbzMxMDAwMGcwN1UAAgTBL9NYAwQAAAAA ;
from : oKwkYwxZIIgDTxVC0wlFR8OuhqJU ;
to : gh_6536061e4435 ;
time : 1490959345 ;
type : subscribe ;
scene : aefc3f43e2c57a9436948d6ceb5efc57 ;

2017-03-31 19:22:32 trace :
------------
Array:
tousername : gh_6536061e4435 ;
fromusername : oKwkYwxZIIgDTxVC0wlFR8OuhqJU ;
createtime : 1490959352 ;
msgtype : event ;
event : VIEW ;
eventkey : http://kh39.61why.com/app/index.php?i=2&c=entry&eid=198 ;
menuid : 410600728 ;
from : oKwkYwxZIIgDTxVC0wlFR8OuhqJU ;
to : gh_6536061e4435 ;
time : 1490959352 ;
type : event ;

2017-03-31 19:22:32 params :
------------
Array:
rule : -2 ;
module :  ;
message : Array ;

2017-03-31 19:22:32 response :
------------

2017-03-31 19:32:31 trace :
------------
Array:
tousername : gh_6536061e4435 ;
fromusername : oKwkYw0b_nY3vy2dlsZiutChx2qg ;
createtime : 1490959951 ;
msgtype : event ;
event : VIEW ;
eventkey : http://kh39.61why.com/app/index.php?i=2&c=entry&eid=198 ;
menuid : 410600728 ;
from : oKwkYw0b_nY3vy2dlsZiutChx2qg ;
to : gh_6536061e4435 ;
time : 1490959951 ;
type : event ;

2017-03-31 19:32:31 params :
------------
Array:
rule : -2 ;
module :  ;
message : Array ;

2017-03-31 19:32:31 response :
------------

2017-03-31 19:36:40 trace :
------------
Array:
tousername : gh_6536061e4435 ;
fromusername : oKwkYw9A27iCE2wbx5IXncAJ21Sw ;
createtime : 1490960199 ;
msgtype : event ;
event : VIEW ;
eventkey : http://kh39.61why.com/app/index.php?i=2&c=entry&eid=198 ;
menuid : 410600728 ;
from : oKwkYw9A27iCE2wbx5IXncAJ21Sw ;
to : gh_6536061e4435 ;
time : 1490960199 ;
type : event ;

2017-03-31 19:36:40 params :
------------
Array:
rule : -2 ;
module :  ;
message : Array ;

2017-03-31 19:36:40 response :
------------

2017-03-31 19:38:16 trace :
------------
Array:
tousername : gh_6536061e4435 ;
fromusername : oKwkYwxAMSR8SsX1-GEqesQM4nsI ;
createtime : 1490960296 ;
msgtype : event ;
event : subscribe ;
eventkey : qrscene_d8aef4db56ee9b3875f012496226d43e ;
ticket : gQGI8DwAAAAAAAAAAS5odHRwOi8vd2VpeGluLnFxLmNvbS9xLzAyd21ZRjFrSDljbzMxMDAwMGcwN0QAAgQeFW5YAwQAAAAA ;
from : oKwkYwxAMSR8SsX1-GEqesQM4nsI ;
to : gh_6536061e4435 ;
time : 1490960296 ;
type : subscribe ;
scene : d8aef4db56ee9b3875f012496226d43e ;

2017-03-31 19:38:23 trace :
------------
Array:
tousername : gh_6536061e4435 ;
fromusername : oKwkYwxAMSR8SsX1-GEqesQM4nsI ;
createtime : 1490960303 ;
msgtype : event ;
event : VIEW ;
eventkey : http://kh39.61why.com/app/index.php?i=2&c=entry&eid=194 ;
menuid : 410600728 ;
from : oKwkYwxAMSR8SsX1-GEqesQM4nsI ;
to : gh_6536061e4435 ;
time : 1490960303 ;
type : event ;

2017-03-31 19:38:23 params :
------------
Array:
rule : -2 ;
module :  ;
message : Array ;

2017-03-31 19:38:23 response :
------------

2017-03-31 19:41:58 trace :
------------
Array:
tousername : gh_6536061e4435 ;
fromusername : oKwkYwxAMSR8SsX1-GEqesQM4nsI ;
createtime : 1490960518 ;
msgtype : event ;
event : CLICK ;
eventkey : 二维码 ;
from : oKwkYwxAMSR8SsX1-GEqesQM4nsI ;
to : gh_6536061e4435 ;
time : 1490960518 ;
type : event ;

2017-03-31 19:42:02 trace :
------------
Array:
tousername : gh_6536061e4435 ;
fromusername : oKwkYwxAMSR8SsX1-GEqesQM4nsI ;
createtime : 1490960522 ;
msgtype : event ;
event : CLICK ;
eventkey : 二维码 ;
from : oKwkYwxAMSR8SsX1-GEqesQM4nsI ;
to : gh_6536061e4435 ;
time : 1490960522 ;
type : event ;

2017-03-31 19:42:09 trace :
------------
Array:
tousername : gh_6536061e4435 ;
fromusername : oKwkYwxAMSR8SsX1-GEqesQM4nsI ;
createtime : 1490960529 ;
msgtype : event ;
event : SCAN ;
eventkey : 88d898e0e1dcd7364e559f7d3d0ce228 ;
ticket : gQGZ8TwAAAAAAAAAAS5odHRwOi8vd2VpeGluLnFxLmNvbS9xLzAyZ3RaYTFKSDljbzMxMDAwMDAwN3QAAgSHQN5YAwQAAAAA ;
from : oKwkYwxAMSR8SsX1-GEqesQM4nsI ;
to : gh_6536061e4435 ;
time : 1490960529 ;
type : subscribe ;
scene : 88d898e0e1dcd7364e559f7d3d0ce228 ;

2017-03-31 20:01:28 trace :
------------
Array:
tousername : gh_6536061e4435 ;
fromusername : oKwkYw0b_nY3vy2dlsZiutChx2qg ;
createtime : 1490961688 ;
msgtype : event ;
event : VIEW ;
eventkey : http://kh39.61why.com/app/index.php?i=2&c=entry&eid=198 ;
menuid : 410600728 ;
from : oKwkYw0b_nY3vy2dlsZiutChx2qg ;
to : gh_6536061e4435 ;
time : 1490961688 ;
type : event ;

2017-03-31 20:01:28 params :
------------
Array:
rule : -2 ;
module :  ;
message : Array ;

2017-03-31 20:01:28 response :
------------

2017-03-31 20:01:33 trace :
------------
Array:
tousername : gh_6536061e4435 ;
fromusername : oKwkYw0b_nY3vy2dlsZiutChx2qg ;
createtime : 1490961693 ;
msgtype : event ;
event : VIEW ;
eventkey : http://kh39.61why.com/app/index.php?i=2&c=entry&eid=198 ;
menuid : 410600728 ;
from : oKwkYw0b_nY3vy2dlsZiutChx2qg ;
to : gh_6536061e4435 ;
time : 1490961693 ;
type : event ;

2017-03-31 20:01:33 params :
------------
Array:
rule : -2 ;
module :  ;
message : Array ;

2017-03-31 20:01:33 response :
------------

2017-03-31 20:13:52 trace :
------------
Array:
tousername : gh_6536061e4435 ;
fromusername : oKwkYwz2u14QIHdo7aZvN0DKwjqg ;
createtime : 1490962431 ;
msgtype : event ;
event : SCAN ;
eventkey : d8aef4db56ee9b3875f012496226d43e ;
ticket : gQGI8DwAAAAAAAAAAS5odHRwOi8vd2VpeGluLnFxLmNvbS9xLzAyd21ZRjFrSDljbzMxMDAwMGcwN0QAAgQeFW5YAwQAAAAA ;
from : oKwkYwz2u14QIHdo7aZvN0DKwjqg ;
to : gh_6536061e4435 ;
time : 1490962431 ;
type : subscribe ;
scene : d8aef4db56ee9b3875f012496226d43e ;

2017-03-31 20:55:40 trace :
------------
Array:
tousername : gh_6536061e4435 ;
fromusername : oKwkYw8BQt3_dUHdzEg-2x4mdtXs ;
createtime : 1490964939 ;
msgtype : event ;
event : VIEW ;
eventkey : http://kh39.61why.com/app/index.php?i=2&c=entry&eid=198 ;
menuid : 410600728 ;
from : oKwkYw8BQt3_dUHdzEg-2x4mdtXs ;
to : gh_6536061e4435 ;
time : 1490964939 ;
type : event ;

2017-03-31 20:55:40 params :
------------
Array:
rule : -2 ;
module :  ;
message : Array ;

2017-03-31 20:55:40 response :
------------

2017-03-31 21:29:03 trace :
------------
Array:
tousername : gh_6536061e4435 ;
fromusername : oKwkYw0b_nY3vy2dlsZiutChx2qg ;
createtime : 1490966943 ;
msgtype : event ;
event : VIEW ;
eventkey : http://kh39.61why.com/app/index.php?i=2&c=entry&eid=198 ;
menuid : 410600728 ;
from : oKwkYw0b_nY3vy2dlsZiutChx2qg ;
to : gh_6536061e4435 ;
time : 1490966943 ;
type : event ;

2017-03-31 21:29:03 params :
------------
Array:
rule : -2 ;
module :  ;
message : Array ;

2017-03-31 21:29:03 response :
------------

2017-03-31 21:31:28 trace :
------------
Array:
tousername : gh_6536061e4435 ;
fromusername : oKwkYw0b_nY3vy2dlsZiutChx2qg ;
createtime : 1490967088 ;
msgtype : event ;
event : VIEW ;
eventkey : http://kh39.61why.com/app/index.php?i=2&c=entry&eid=198 ;
menuid : 410600728 ;
from : oKwkYw0b_nY3vy2dlsZiutChx2qg ;
to : gh_6536061e4435 ;
time : 1490967088 ;
type : event ;

2017-03-31 21:31:28 params :
------------
Array:
rule : -2 ;
module :  ;
message : Array ;

2017-03-31 21:31:28 response :
------------

2017-03-31 21:36:05 trace :
------------
Array:
tousername : gh_6536061e4435 ;
fromusername : oKwkYwwGYxsxiD_YuZwsLkj42MY8 ;
createtime : 1490967365 ;
msgtype : event ;
event : VIEW ;
eventkey : http://kh39.61why.com/app/index.php?i=2&c=entry&eid=194 ;
menuid : 410600728 ;
from : oKwkYwwGYxsxiD_YuZwsLkj42MY8 ;
to : gh_6536061e4435 ;
time : 1490967365 ;
type : event ;

2017-03-31 21:36:05 params :
------------
Array:
rule : -2 ;
module :  ;
message : Array ;

2017-03-31 21:36:05 response :
------------

2017-03-31 22:26:00 trace :
------------
Array:
tousername : gh_6536061e4435 ;
fromusername : oKwkYww3xZHbngyf32YtNt_s2cno ;
createtime : 1490970360 ;
msgtype : event ;
event : VIEW ;
eventkey : http://kh39.61why.com/app/index.php?i=2&c=entry&eid=194 ;
menuid : 410600728 ;
from : oKwkYww3xZHbngyf32YtNt_s2cno ;
to : gh_6536061e4435 ;
time : 1490970360 ;
type : event ;

2017-03-31 22:26:00 params :
------------
Array:
rule : -2 ;
module :  ;
message : Array ;

2017-03-31 22:26:00 response :
------------

2017-03-31 22:27:45 trace :
------------
Array:
tousername : gh_6536061e4435 ;
fromusername : oKwkYw8__W7pA0697kG78LewYGUc ;
createtime : 1490970464 ;
msgtype : event ;
event : subscribe ;
eventkey : Array ;
from : oKwkYw8__W7pA0697kG78LewYGUc ;
to : gh_6536061e4435 ;
time : 1490970464 ;
type : subscribe ;

2017-03-31 22:27:45 params :
------------
Array:
rule : -2 ;
module :  ;
message : Array ;

2017-03-31 22:27:45 response :
------------

2017-03-31 22:27:50 trace :
------------
Array:
tousername : gh_6536061e4435 ;
fromusername : oKwkYw8__W7pA0697kG78LewYGUc ;
createtime : 1490970470 ;
msgtype : event ;
event : VIEW ;
eventkey : http://kh39.61why.com/app/index.php?i=2&c=entry&eid=194 ;
menuid : 410600728 ;
from : oKwkYw8__W7pA0697kG78LewYGUc ;
to : gh_6536061e4435 ;
time : 1490970470 ;
type : event ;

2017-03-31 22:27:50 params :
------------
Array:
rule : -2 ;
module :  ;
message : Array ;

2017-03-31 22:27:50 response :
------------

2017-03-31 22:37:42 trace :
------------
Array:
tousername : gh_6536061e4435 ;
fromusername : oKwkYw8__W7pA0697kG78LewYGUc ;
createtime : 1490971062 ;
msgtype : event ;
event : VIEW ;
eventkey : http://kh39.61why.com/app/index.php?i=2&c=entry&eid=194 ;
menuid : 410600728 ;
from : oKwkYw8__W7pA0697kG78LewYGUc ;
to : gh_6536061e4435 ;
time : 1490971062 ;
type : event ;

2017-03-31 22:37:42 params :
------------
Array:
rule : -2 ;
module :  ;
message : Array ;

2017-03-31 22:37:42 response :
------------

2017-03-31 22:53:58 trace :
------------
Array:
tousername : gh_6536061e4435 ;
fromusername : oKwkYw5hiet9aIoMvpfdt0UcJyzc ;
createtime : 1490972038 ;
msgtype : event ;
event : VIEW ;
eventkey : http://kh39.61why.com/app/index.php?i=2&c=entry&eid=198 ;
menuid : 410600728 ;
from : oKwkYw5hiet9aIoMvpfdt0UcJyzc ;
to : gh_6536061e4435 ;
time : 1490972038 ;
type : event ;

2017-03-31 22:53:58 params :
------------
Array:
rule : -2 ;
module :  ;
message : Array ;

2017-03-31 22:53:58 response :
------------

2017-03-31 22:56:25 trace :
------------
Array:
tousername : gh_6536061e4435 ;
fromusername : oKwkYw5hiet9aIoMvpfdt0UcJyzc ;
createtime : 1490972185 ;
msgtype : event ;
event : VIEW ;
eventkey : http://kh39.61why.com/app/index.php?i=2&c=entry&eid=198 ;
menuid : 410600728 ;
from : oKwkYw5hiet9aIoMvpfdt0UcJyzc ;
to : gh_6536061e4435 ;
time : 1490972185 ;
type : event ;

2017-03-31 22:56:25 params :
------------
Array:
rule : -2 ;
module :  ;
message : Array ;

2017-03-31 22:56:25 response :
------------

2017-03-31 22:56:44 trace :
------------
Array:
tousername : gh_6536061e4435 ;
fromusername : oKwkYw5hiet9aIoMvpfdt0UcJyzc ;
createtime : 1490972204 ;
msgtype : event ;
event : VIEW ;
eventkey : http://kh39.61why.com/app/index.php?i=2&c=entry&eid=198 ;
menuid : 410600728 ;
from : oKwkYw5hiet9aIoMvpfdt0UcJyzc ;
to : gh_6536061e4435 ;
time : 1490972204 ;
type : event ;

2017-03-31 22:56:44 params :
------------
Array:
rule : -2 ;
module :  ;
message : Array ;

2017-03-31 22:56:44 response :
------------

2017-03-31 23:06:27 trace :
------------
Array:
tousername : gh_6536061e4435 ;
fromusername : oKwkYw9A27iCE2wbx5IXncAJ21Sw ;
createtime : 1490972787 ;
msgtype : event ;
event : VIEW ;
eventkey : http://kh39.61why.com/app/index.php?i=2&c=entry&eid=198 ;
menuid : 410600728 ;
from : oKwkYw9A27iCE2wbx5IXncAJ21Sw ;
to : gh_6536061e4435 ;
time : 1490972787 ;
type : event ;

2017-03-31 23:06:27 params :
------------
Array:
rule : -2 ;
module :  ;
message : Array ;

2017-03-31 23:06:27 response :
------------

