2017-03-14 00:04:14 trace :
------------
Array:
tousername : gh_6536061e4435 ;
fromusername : oKwkYw0D7snKw9WJkTr_EzwW-SF0 ;
createtime : 1489421054 ;
msgtype : event ;
event : VIEW ;
eventkey : http://kh39.61why.com/app/index.php?i=2&c=entry&eid=198 ;
menuid : 410600728 ;
from : oKwkYw0D7snKw9WJkTr_EzwW-SF0 ;
to : gh_6536061e4435 ;
time : 1489421054 ;
type : event ;

2017-03-14 00:04:14 params :
------------
Array:
rule : -2 ;
module :  ;
message : Array ;

2017-03-14 00:04:14 response :
------------

2017-03-14 00:04:23 trace :
------------
Array:
tousername : gh_6536061e4435 ;
fromusername : oKwkYw0D7snKw9WJkTr_EzwW-SF0 ;
createtime : 1489421063 ;
msgtype : event ;
event : VIEW ;
eventkey : http://kh39.61why.com/app/index.php?i=2&c=entry&eid=198 ;
menuid : 410600728 ;
from : oKwkYw0D7snKw9WJkTr_EzwW-SF0 ;
to : gh_6536061e4435 ;
time : 1489421063 ;
type : event ;

2017-03-14 00:04:23 params :
------------
Array:
rule : -2 ;
module :  ;
message : Array ;

2017-03-14 00:04:23 response :
------------

2017-03-14 00:04:35 trace :
------------
Array:
tousername : gh_6536061e4435 ;
fromusername : oKwkYwxdGazpUQLKnjr_HrnPicQo ;
createtime : 1489421075 ;
msgtype : event ;
event : VIEW ;
eventkey : http://kh39.61why.com/app/index.php?i=2&c=entry&eid=198 ;
menuid : 410600728 ;
from : oKwkYwxdGazpUQLKnjr_HrnPicQo ;
to : gh_6536061e4435 ;
time : 1489421075 ;
type : event ;

2017-03-14 00:04:35 params :
------------
Array:
rule : -2 ;
module :  ;
message : Array ;

2017-03-14 00:04:35 response :
------------

2017-03-14 00:07:56 trace :
------------
Array:
tousername : gh_6536061e4435 ;
fromusername : oKwkYw4Psmu6yg8PYTeoz4u0Ah-k ;
createtime : 1489421276 ;
msgtype : event ;
event : SCAN ;
eventkey : 253e542056c2f45b774841fc9b80e2b1 ;
ticket : gQFK8jwAAAAAAAAAAS5odHRwOi8vd2VpeGluLnFxLmNvbS9xLzAyZDRtYjFHSDljbzMxMDAwMDAwNzgAAgT3qMNYAwQAAAAA ;
from : oKwkYw4Psmu6yg8PYTeoz4u0Ah-k ;
to : gh_6536061e4435 ;
time : 1489421276 ;
type : subscribe ;
scene : 253e542056c2f45b774841fc9b80e2b1 ;

2017-03-14 00:07:59 trace :
------------
Array:
tousername : gh_6536061e4435 ;
fromusername : oKwkYw4Psmu6yg8PYTeoz4u0Ah-k ;
createtime : 1489421279 ;
msgtype : event ;
event : VIEW ;
eventkey : http://kh39.61why.com/app/index.php?i=2&c=entry&eid=194 ;
menuid : 410600728 ;
from : oKwkYw4Psmu6yg8PYTeoz4u0Ah-k ;
to : gh_6536061e4435 ;
time : 1489421279 ;
type : event ;

2017-03-14 00:07:59 params :
------------
Array:
rule : -2 ;
module :  ;
message : Array ;

2017-03-14 00:07:59 response :
------------

2017-03-14 00:08:21 trace :
------------
Array:
tousername : gh_6536061e4435 ;
fromusername : oKwkYw4Psmu6yg8PYTeoz4u0Ah-k ;
createtime : 1489421300 ;
msgtype : event ;
event : VIEW ;
eventkey : http://kh39.61why.com/app/index.php?i=2&c=entry&eid=194 ;
menuid : 410600728 ;
from : oKwkYw4Psmu6yg8PYTeoz4u0Ah-k ;
to : gh_6536061e4435 ;
time : 1489421300 ;
type : event ;

2017-03-14 00:08:21 params :
------------
Array:
rule : -2 ;
module :  ;
message : Array ;

2017-03-14 00:08:21 response :
------------

2017-03-14 00:11:39 trace :
------------
Array:
tousername : gh_0ad70057b777 ;
fromusername : o26ibjhrbXouj-mtPedqvlL427uk ;
createtime : 1489421499 ;
msgtype : event ;
event : VIEW ;
eventkey : http://kh39.61why.com/app/index.php?i=2&c=entry&eid=198 ;
menuid : 411738532 ;
from : o26ibjhrbXouj-mtPedqvlL427uk ;
to : gh_0ad70057b777 ;
time : 1489421499 ;
type : event ;

2017-03-14 00:11:39 params :
------------
Array:
rule : -2 ;
module :  ;
message : Array ;

2017-03-14 00:11:39 response :
------------

2017-03-14 07:57:44 trace :
------------
Array:
tousername : gh_6536061e4435 ;
fromusername : oKwkYw5hiet9aIoMvpfdt0UcJyzc ;
createtime : 1489449463 ;
msgtype : event ;
event : VIEW ;
eventkey : http://kh39.61why.com/app/index.php?i=2&c=entry&eid=198 ;
menuid : 410600728 ;
from : oKwkYw5hiet9aIoMvpfdt0UcJyzc ;
to : gh_6536061e4435 ;
time : 1489449463 ;
type : event ;

2017-03-14 07:57:44 params :
------------
Array:
rule : -2 ;
module :  ;
message : Array ;

2017-03-14 07:57:44 response :
------------

2017-03-14 08:09:32 trace :
------------
Array:
tousername : gh_6536061e4435 ;
fromusername : oKwkYw8e33SsKCgQqmRH91AsxTTA ;
createtime : 1489450172 ;
msgtype : event ;
event : VIEW ;
eventkey : http://kh39.61why.com/app/index.php?i=2&c=entry&eid=198 ;
menuid : 410600728 ;
from : oKwkYw8e33SsKCgQqmRH91AsxTTA ;
to : gh_6536061e4435 ;
time : 1489450172 ;
type : event ;

2017-03-14 08:09:32 params :
------------
Array:
rule : -2 ;
module :  ;
message : Array ;

2017-03-14 08:09:32 response :
------------

2017-03-14 08:15:35 trace :
------------
Array:
tousername : gh_6536061e4435 ;
fromusername : oKwkYw5aHcyjux9ql6D7O9WEBmx4 ;
createtime : 1489450535 ;
msgtype : event ;
event : VIEW ;
eventkey : http://kh39.61why.com/app/index.php?i=2&c=entry&eid=198 ;
menuid : 410600728 ;
from : oKwkYw5aHcyjux9ql6D7O9WEBmx4 ;
to : gh_6536061e4435 ;
time : 1489450535 ;
type : event ;

2017-03-14 08:15:35 params :
------------
Array:
rule : -2 ;
module :  ;
message : Array ;

2017-03-14 08:15:35 response :
------------

2017-03-14 09:24:01 trace :
------------
Array:
tousername : gh_6536061e4435 ;
fromusername : oKwkYwwYq4EhByxPFosA0Iv5zEok ;
createtime : 1489454641 ;
msgtype : event ;
event : VIEW ;
eventkey : http://kh39.61why.com/app/index.php?i=2&c=entry&eid=194 ;
menuid : 410600728 ;
from : oKwkYwwYq4EhByxPFosA0Iv5zEok ;
to : gh_6536061e4435 ;
time : 1489454641 ;
type : event ;

2017-03-14 09:24:01 params :
------------
Array:
rule : -2 ;
module :  ;
message : Array ;

2017-03-14 09:24:01 response :
------------

2017-03-14 10:15:14 trace :
------------
Array:
tousername : gh_6536061e4435 ;
fromusername : oKwkYw22rCbBSaALxIaH8w23nsLQ ;
createtime : 1489457714 ;
msgtype : event ;
event : VIEW ;
eventkey : http://kh39.61why.com/app/index.php?i=2&c=entry&eid=198 ;
menuid : 410600728 ;
from : oKwkYw22rCbBSaALxIaH8w23nsLQ ;
to : gh_6536061e4435 ;
time : 1489457714 ;
type : event ;

2017-03-14 10:15:14 params :
------------
Array:
rule : -2 ;
module :  ;
message : Array ;

2017-03-14 10:15:14 response :
------------

2017-03-14 10:15:56 trace :
------------
Array:
tousername : gh_6536061e4435 ;
fromusername : oKwkYw7Bkin9Cejh8Z-6PzFdyV4E ;
createtime : 1489457756 ;
msgtype : event ;
event : VIEW ;
eventkey : http://kh39.61why.com/app/index.php?i=2&c=entry&eid=198 ;
menuid : 410600728 ;
from : oKwkYw7Bkin9Cejh8Z-6PzFdyV4E ;
to : gh_6536061e4435 ;
time : 1489457756 ;
type : event ;

2017-03-14 10:15:56 params :
------------
Array:
rule : -2 ;
module :  ;
message : Array ;

2017-03-14 10:15:56 response :
------------

2017-03-14 10:16:04 trace :
------------
Array:
tousername : gh_6536061e4435 ;
fromusername : oKwkYw7Bkin9Cejh8Z-6PzFdyV4E ;
createtime : 1489457764 ;
msgtype : event ;
event : VIEW ;
eventkey : http://kh39.61why.com/app/index.php?i=2&c=entry&eid=198 ;
menuid : 410600728 ;
from : oKwkYw7Bkin9Cejh8Z-6PzFdyV4E ;
to : gh_6536061e4435 ;
time : 1489457764 ;
type : event ;

2017-03-14 10:16:04 params :
------------
Array:
rule : -2 ;
module :  ;
message : Array ;

2017-03-14 10:16:04 response :
------------

2017-03-14 10:16:05 trace :
------------
Array:
tousername : gh_6536061e4435 ;
fromusername : oKwkYw7Bkin9Cejh8Z-6PzFdyV4E ;
createtime : 1489457765 ;
msgtype : event ;
event : VIEW ;
eventkey : http://kh39.61why.com/app/index.php?i=2&c=entry&eid=198 ;
menuid : 410600728 ;
from : oKwkYw7Bkin9Cejh8Z-6PzFdyV4E ;
to : gh_6536061e4435 ;
time : 1489457765 ;
type : event ;

2017-03-14 10:16:05 params :
------------
Array:
rule : -2 ;
module :  ;
message : Array ;

2017-03-14 10:16:05 response :
------------

2017-03-14 10:17:06 trace :
------------
Array:
tousername : gh_6536061e4435 ;
fromusername : oKwkYw4SL4e7kGALb_mPn8XujU40 ;
createtime : 1489457826 ;
msgtype : event ;
event : VIEW ;
eventkey : http://kh39.61why.com/app/index.php?i=2&c=entry&eid=198 ;
menuid : 410600728 ;
from : oKwkYw4SL4e7kGALb_mPn8XujU40 ;
to : gh_6536061e4435 ;
time : 1489457826 ;
type : event ;

2017-03-14 10:17:06 params :
------------
Array:
rule : -2 ;
module :  ;
message : Array ;

2017-03-14 10:17:06 response :
------------

2017-03-14 10:21:09 trace :
------------
Array:
tousername : gh_6536061e4435 ;
fromusername : oKwkYw1KQ5ff5BZ0dgvipwLgZRns ;
createtime : 1489458068 ;
msgtype : event ;
event : VIEW ;
eventkey : http://kh39.61why.com/app/index.php?i=2&c=entry&eid=198 ;
menuid : 410600728 ;
from : oKwkYw1KQ5ff5BZ0dgvipwLgZRns ;
to : gh_6536061e4435 ;
time : 1489458068 ;
type : event ;

2017-03-14 10:21:09 params :
------------
Array:
rule : -2 ;
module :  ;
message : Array ;

2017-03-14 10:21:09 response :
------------

2017-03-14 10:57:37 trace :
------------
Array:
tousername : gh_6536061e4435 ;
fromusername : oKwkYw9A27iCE2wbx5IXncAJ21Sw ;
createtime : 1489460257 ;
msgtype : event ;
event : VIEW ;
eventkey : http://kh39.61why.com/app/index.php?i=2&c=entry&eid=198 ;
menuid : 410600728 ;
from : oKwkYw9A27iCE2wbx5IXncAJ21Sw ;
to : gh_6536061e4435 ;
time : 1489460257 ;
type : event ;

2017-03-14 10:57:37 params :
------------
Array:
rule : -2 ;
module :  ;
message : Array ;

2017-03-14 10:57:37 response :
------------

2017-03-14 11:11:14 trace :
------------
Array:
tousername : gh_6536061e4435 ;
fromusername : oKwkYw2AvtOQWVWlszR3cLKUUa3E ;
createtime : 1489461074 ;
msgtype : event ;
event : VIEW ;
eventkey : http://kh39.61why.com/app/index.php?i=2&c=entry&eid=198 ;
menuid : 410600728 ;
from : oKwkYw2AvtOQWVWlszR3cLKUUa3E ;
to : gh_6536061e4435 ;
time : 1489461074 ;
type : event ;

2017-03-14 11:11:14 params :
------------
Array:
rule : -2 ;
module :  ;
message : Array ;

2017-03-14 11:11:14 response :
------------

2017-03-14 11:12:36 trace :
------------
Array:
tousername : gh_6536061e4435 ;
fromusername : oKwkYw2AvtOQWVWlszR3cLKUUa3E ;
createtime : 1489461156 ;
msgtype : event ;
event : VIEW ;
eventkey : http://kh39.61why.com/app/index.php?i=2&c=entry&eid=198 ;
menuid : 410600728 ;
from : oKwkYw2AvtOQWVWlszR3cLKUUa3E ;
to : gh_6536061e4435 ;
time : 1489461156 ;
type : event ;

2017-03-14 11:12:36 params :
------------
Array:
rule : -2 ;
module :  ;
message : Array ;

2017-03-14 11:12:36 response :
------------

2017-03-14 11:19:40 trace :
------------
Array:
tousername : gh_6536061e4435 ;
fromusername : oKwkYw2AvtOQWVWlszR3cLKUUa3E ;
createtime : 1489461580 ;
msgtype : event ;
event : VIEW ;
eventkey : http://kh39.61why.com/app/index.php?i=2&c=entry&eid=198 ;
menuid : 410600728 ;
from : oKwkYw2AvtOQWVWlszR3cLKUUa3E ;
to : gh_6536061e4435 ;
time : 1489461580 ;
type : event ;

2017-03-14 11:19:40 params :
------------
Array:
rule : -2 ;
module :  ;
message : Array ;

2017-03-14 11:19:40 response :
------------

2017-03-14 11:19:50 trace :
------------
Array:
tousername : gh_6536061e4435 ;
fromusername : oKwkYw2AvtOQWVWlszR3cLKUUa3E ;
createtime : 1489461590 ;
msgtype : event ;
event : VIEW ;
eventkey : http://kh39.61why.com/app/index.php?i=2&c=entry&eid=198 ;
menuid : 410600728 ;
from : oKwkYw2AvtOQWVWlszR3cLKUUa3E ;
to : gh_6536061e4435 ;
time : 1489461590 ;
type : event ;

2017-03-14 11:19:50 params :
------------
Array:
rule : -2 ;
module :  ;
message : Array ;

2017-03-14 11:19:50 response :
------------

2017-03-14 11:20:50 trace :
------------
Array:
tousername : gh_6536061e4435 ;
fromusername : oKwkYw2AvtOQWVWlszR3cLKUUa3E ;
createtime : 1489461650 ;
msgtype : event ;
event : VIEW ;
eventkey : http://kh39.61why.com/app/index.php?i=2&c=entry&eid=198 ;
menuid : 410600728 ;
from : oKwkYw2AvtOQWVWlszR3cLKUUa3E ;
to : gh_6536061e4435 ;
time : 1489461650 ;
type : event ;

2017-03-14 11:20:50 params :
------------
Array:
rule : -2 ;
module :  ;
message : Array ;

2017-03-14 11:20:50 response :
------------

2017-03-14 11:24:38 trace :
------------
Array:
tousername : gh_6536061e4435 ;
fromusername : oKwkYw7Bkin9Cejh8Z-6PzFdyV4E ;
createtime : 1489461878 ;
msgtype : event ;
event : VIEW ;
eventkey : http://kh39.61why.com/app/index.php?i=2&c=entry&eid=198 ;
menuid : 410600728 ;
from : oKwkYw7Bkin9Cejh8Z-6PzFdyV4E ;
to : gh_6536061e4435 ;
time : 1489461878 ;
type : event ;

2017-03-14 11:24:38 params :
------------
Array:
rule : -2 ;
module :  ;
message : Array ;

2017-03-14 11:24:38 response :
------------

2017-03-14 11:26:54 trace :
------------
Array:
tousername : gh_6536061e4435 ;
fromusername : oKwkYw2AvtOQWVWlszR3cLKUUa3E ;
createtime : 1489462014 ;
msgtype : event ;
event : VIEW ;
eventkey : http://kh39.61why.com/app/index.php?i=2&c=entry&eid=198 ;
menuid : 410600728 ;
from : oKwkYw2AvtOQWVWlszR3cLKUUa3E ;
to : gh_6536061e4435 ;
time : 1489462014 ;
type : event ;

2017-03-14 11:26:54 params :
------------
Array:
rule : -2 ;
module :  ;
message : Array ;

2017-03-14 11:26:54 response :
------------

2017-03-14 11:27:08 trace :
------------
Array:
tousername : gh_6536061e4435 ;
fromusername : oKwkYw2AvtOQWVWlszR3cLKUUa3E ;
createtime : 1489462028 ;
msgtype : event ;
event : VIEW ;
eventkey : http://kh39.61why.com/app/index.php?i=2&c=entry&eid=198 ;
menuid : 410600728 ;
from : oKwkYw2AvtOQWVWlszR3cLKUUa3E ;
to : gh_6536061e4435 ;
time : 1489462028 ;
type : event ;

2017-03-14 11:27:08 params :
------------
Array:
rule : -2 ;
module :  ;
message : Array ;

2017-03-14 11:27:08 response :
------------

2017-03-14 11:27:42 trace :
------------
Array:
tousername : gh_6536061e4435 ;
fromusername : oKwkYw2AvtOQWVWlszR3cLKUUa3E ;
createtime : 1489462062 ;
msgtype : event ;
event : VIEW ;
eventkey : http://kh39.61why.com/app/index.php?i=2&c=entry&eid=198 ;
menuid : 410600728 ;
from : oKwkYw2AvtOQWVWlszR3cLKUUa3E ;
to : gh_6536061e4435 ;
time : 1489462062 ;
type : event ;

2017-03-14 11:27:42 params :
------------
Array:
rule : -2 ;
module :  ;
message : Array ;

2017-03-14 11:27:42 response :
------------

2017-03-14 12:00:25 trace :
------------
Array:
tousername : gh_6536061e4435 ;
fromusername : oKwkYwyolZuGoXgz_4a6-ubUX5Vo ;
createtime : 1489464025 ;
msgtype : event ;
event : VIEW ;
eventkey : http://kh39.61why.com/app/index.php?i=2&c=entry&eid=194 ;
menuid : 410600728 ;
from : oKwkYwyolZuGoXgz_4a6-ubUX5Vo ;
to : gh_6536061e4435 ;
time : 1489464025 ;
type : event ;

2017-03-14 12:00:25 params :
------------
Array:
rule : -2 ;
module :  ;
message : Array ;

2017-03-14 12:00:25 response :
------------

2017-03-14 12:08:06 trace :
------------
Array:
tousername : gh_0ad70057b777 ;
fromusername : o26ibjsrSJzYjD-yXvhf2mf0Ttf8 ;
createtime : 1489464486 ;
msgtype : event ;
event : VIEW ;
eventkey : http://kh39.61why.com/app/index.php?i=2&c=entry&eid=198 ;
menuid : 411738532 ;
from : o26ibjsrSJzYjD-yXvhf2mf0Ttf8 ;
to : gh_0ad70057b777 ;
time : 1489464486 ;
type : event ;

2017-03-14 12:08:06 params :
------------
Array:
rule : -2 ;
module :  ;
message : Array ;

2017-03-14 12:08:06 response :
------------

2017-03-14 12:17:44 trace :
------------
Array:
tousername : gh_6536061e4435 ;
fromusername : oKwkYw5hiet9aIoMvpfdt0UcJyzc ;
createtime : 1489465064 ;
msgtype : event ;
event : VIEW ;
eventkey : http://kh39.61why.com/app/index.php?i=2&c=entry&eid=198 ;
menuid : 410600728 ;
from : oKwkYw5hiet9aIoMvpfdt0UcJyzc ;
to : gh_6536061e4435 ;
time : 1489465064 ;
type : event ;

2017-03-14 12:17:44 params :
------------
Array:
rule : -2 ;
module :  ;
message : Array ;

2017-03-14 12:17:44 response :
------------

2017-03-14 12:20:16 trace :
------------
Array:
tousername : gh_6536061e4435 ;
fromusername : oKwkYw5hiet9aIoMvpfdt0UcJyzc ;
createtime : 1489465216 ;
msgtype : event ;
event : VIEW ;
eventkey : http://kh39.61why.com/app/index.php?i=2&c=entry&eid=198 ;
menuid : 410600728 ;
from : oKwkYw5hiet9aIoMvpfdt0UcJyzc ;
to : gh_6536061e4435 ;
time : 1489465216 ;
type : event ;

2017-03-14 12:20:16 params :
------------
Array:
rule : -2 ;
module :  ;
message : Array ;

2017-03-14 12:20:16 response :
------------

2017-03-14 12:20:21 trace :
------------
Array:
tousername : gh_6536061e4435 ;
fromusername : oKwkYw_czhGJMhzRk-PvvkgFyKMI ;
createtime : 1489465221 ;
msgtype : event ;
event : VIEW ;
eventkey : http://kh39.61why.com/app/index.php?i=2&c=entry&eid=194 ;
menuid : 410600728 ;
from : oKwkYw_czhGJMhzRk-PvvkgFyKMI ;
to : gh_6536061e4435 ;
time : 1489465221 ;
type : event ;

2017-03-14 12:20:21 params :
------------
Array:
rule : -2 ;
module :  ;
message : Array ;

2017-03-14 12:20:21 response :
------------

2017-03-14 12:22:47 trace :
------------
Array:
tousername : gh_6536061e4435 ;
fromusername : oKwkYwyEsoX6PwCcdSAelWnIXlpg ;
createtime : 1489465366 ;
msgtype : event ;
event : VIEW ;
eventkey : http://kh39.61why.com/app/index.php?i=2&c=entry&eid=198 ;
menuid : 410600728 ;
from : oKwkYwyEsoX6PwCcdSAelWnIXlpg ;
to : gh_6536061e4435 ;
time : 1489465366 ;
type : event ;

2017-03-14 12:22:47 params :
------------
Array:
rule : -2 ;
module :  ;
message : Array ;

2017-03-14 12:22:47 response :
------------

2017-03-14 12:22:56 trace :
------------
Array:
tousername : gh_6536061e4435 ;
fromusername : oKwkYwyEsoX6PwCcdSAelWnIXlpg ;
createtime : 1489465376 ;
msgtype : event ;
event : VIEW ;
eventkey : http://kh39.61why.com/app/index.php?i=2&c=entry&eid=198 ;
menuid : 410600728 ;
from : oKwkYwyEsoX6PwCcdSAelWnIXlpg ;
to : gh_6536061e4435 ;
time : 1489465376 ;
type : event ;

2017-03-14 12:22:56 params :
------------
Array:
rule : -2 ;
module :  ;
message : Array ;

2017-03-14 12:22:56 response :
------------

2017-03-14 12:22:56 trace :
------------
Array:
tousername : gh_6536061e4435 ;
fromusername : oKwkYwyolZuGoXgz_4a6-ubUX5Vo ;
createtime : 1489465376 ;
msgtype : event ;
event : VIEW ;
eventkey : http://kh39.61why.com/app/index.php?i=2&c=entry&eid=194 ;
menuid : 410600728 ;
from : oKwkYwyolZuGoXgz_4a6-ubUX5Vo ;
to : gh_6536061e4435 ;
time : 1489465376 ;
type : event ;

2017-03-14 12:22:56 params :
------------
Array:
rule : -2 ;
module :  ;
message : Array ;

2017-03-14 12:22:56 response :
------------

2017-03-14 12:25:54 trace :
------------
Array:
tousername : gh_6536061e4435 ;
fromusername : oKwkYwyEqePAgh0bPbav2Yql5f-E ;
createtime : 1489465554 ;
msgtype : event ;
event : subscribe ;
eventkey : qrscene_d8aef4db56ee9b3875f012496226d43e ;
ticket : gQGI8DwAAAAAAAAAAS5odHRwOi8vd2VpeGluLnFxLmNvbS9xLzAyd21ZRjFrSDljbzMxMDAwMGcwN0QAAgQeFW5YAwQAAAAA ;
from : oKwkYwyEqePAgh0bPbav2Yql5f-E ;
to : gh_6536061e4435 ;
time : 1489465554 ;
type : subscribe ;
scene : d8aef4db56ee9b3875f012496226d43e ;

2017-03-14 12:26:24 trace :
------------
Array:
tousername : gh_6536061e4435 ;
fromusername : oKwkYw9A27iCE2wbx5IXncAJ21Sw ;
createtime : 1489465584 ;
msgtype : event ;
event : VIEW ;
eventkey : http://kh39.61why.com/app/index.php?i=2&c=entry&eid=198 ;
menuid : 410600728 ;
from : oKwkYw9A27iCE2wbx5IXncAJ21Sw ;
to : gh_6536061e4435 ;
time : 1489465584 ;
type : event ;

2017-03-14 12:26:24 params :
------------
Array:
rule : -2 ;
module :  ;
message : Array ;

2017-03-14 12:26:24 response :
------------

2017-03-14 12:26:47 trace :
------------
Array:
tousername : gh_6536061e4435 ;
fromusername : oKwkYw3l0eGz3H7e62pX1IDFxwCY ;
createtime : 1489465607 ;
msgtype : event ;
event : VIEW ;
eventkey : http://kh39.61why.com/app/index.php?i=2&c=entry&eid=198 ;
menuid : 410600728 ;
from : oKwkYw3l0eGz3H7e62pX1IDFxwCY ;
to : gh_6536061e4435 ;
time : 1489465607 ;
type : event ;

2017-03-14 12:26:47 params :
------------
Array:
rule : -2 ;
module :  ;
message : Array ;

2017-03-14 12:26:47 response :
------------

2017-03-14 12:26:56 trace :
------------
Array:
tousername : gh_6536061e4435 ;
fromusername : oKwkYw5wRJb56uOuYOGreEnhO0Z0 ;
createtime : 1489465616 ;
msgtype : event ;
event : CLICK ;
eventkey : 二维码 ;
from : oKwkYw5wRJb56uOuYOGreEnhO0Z0 ;
to : gh_6536061e4435 ;
time : 1489465616 ;
type : event ;

2017-03-14 12:26:59 trace :
------------
Array:
tousername : gh_6536061e4435 ;
fromusername : oKwkYwyEsoX6PwCcdSAelWnIXlpg ;
createtime : 1489465619 ;
msgtype : event ;
event : VIEW ;
eventkey : http://kh39.61why.com/app/index.php?i=2&c=entry&eid=194 ;
menuid : 410600728 ;
from : oKwkYwyEsoX6PwCcdSAelWnIXlpg ;
to : gh_6536061e4435 ;
time : 1489465619 ;
type : event ;

2017-03-14 12:26:59 params :
------------
Array:
rule : -2 ;
module :  ;
message : Array ;

2017-03-14 12:26:59 response :
------------

2017-03-14 12:27:03 trace :
------------
Array:
tousername : gh_6536061e4435 ;
fromusername : oKwkYw5wRJb56uOuYOGreEnhO0Z0 ;
createtime : 1489465623 ;
msgtype : event ;
event : VIEW ;
eventkey : http://kh39.61why.com/app/index.php?i=2&c=entry&eid=198 ;
menuid : 410600728 ;
from : oKwkYw5wRJb56uOuYOGreEnhO0Z0 ;
to : gh_6536061e4435 ;
time : 1489465623 ;
type : event ;

2017-03-14 12:27:03 params :
------------
Array:
rule : -2 ;
module :  ;
message : Array ;

2017-03-14 12:27:03 response :
------------

2017-03-14 12:27:44 trace :
------------
Array:
tousername : gh_6536061e4435 ;
fromusername : oKwkYwyolZuGoXgz_4a6-ubUX5Vo ;
createtime : 1489465664 ;
msgtype : event ;
event : VIEW ;
eventkey : http://kh39.61why.com/app/index.php?i=2&c=entry&eid=194 ;
menuid : 410600728 ;
from : oKwkYwyolZuGoXgz_4a6-ubUX5Vo ;
to : gh_6536061e4435 ;
time : 1489465664 ;
type : event ;

2017-03-14 12:27:44 params :
------------
Array:
rule : -2 ;
module :  ;
message : Array ;

2017-03-14 12:27:44 response :
------------

2017-03-14 12:28:04 trace :
------------
Array:
tousername : gh_0ad70057b777 ;
fromusername : o26ibjsrSJzYjD-yXvhf2mf0Ttf8 ;
createtime : 1489465684 ;
msgtype : event ;
event : VIEW ;
eventkey : http://kh39.61why.com/app/index.php?i=2&c=entry&eid=198 ;
menuid : 411738532 ;
from : o26ibjsrSJzYjD-yXvhf2mf0Ttf8 ;
to : gh_0ad70057b777 ;
time : 1489465684 ;
type : event ;

2017-03-14 12:28:04 params :
------------
Array:
rule : -2 ;
module :  ;
message : Array ;

2017-03-14 12:28:04 response :
------------

2017-03-14 12:28:14 trace :
------------
Array:
tousername : gh_6536061e4435 ;
fromusername : oKwkYw9A27iCE2wbx5IXncAJ21Sw ;
createtime : 1489465694 ;
msgtype : event ;
event : VIEW ;
eventkey : http://kh39.61why.com/app/index.php?i=2&c=entry&eid=198 ;
menuid : 410600728 ;
from : oKwkYw9A27iCE2wbx5IXncAJ21Sw ;
to : gh_6536061e4435 ;
time : 1489465694 ;
type : event ;

2017-03-14 12:28:14 params :
------------
Array:
rule : -2 ;
module :  ;
message : Array ;

2017-03-14 12:28:14 response :
------------

2017-03-14 12:29:16 trace :
------------
Array:
tousername : gh_0ad70057b777 ;
fromusername : o26ibjsrSJzYjD-yXvhf2mf0Ttf8 ;
createtime : 1489465756 ;
msgtype : event ;
event : VIEW ;
eventkey : http://kh39.61why.com/app/index.php?i=2&c=entry&eid=198 ;
menuid : 411738532 ;
from : o26ibjsrSJzYjD-yXvhf2mf0Ttf8 ;
to : gh_0ad70057b777 ;
time : 1489465756 ;
type : event ;

2017-03-14 12:29:16 params :
------------
Array:
rule : -2 ;
module :  ;
message : Array ;

2017-03-14 12:29:16 response :
------------

2017-03-14 13:10:00 trace :
------------
Array:
tousername : gh_6536061e4435 ;
fromusername : oKwkYw8D7z07kOTJE6New97L0MZ8 ;
createtime : 1489468200 ;
msgtype : event ;
event : SCAN ;
eventkey : 72326a5617c1da674bdd905cf6388505 ;
ticket : gQEh8DwAAAAAAAAAAS5odHRwOi8vd2VpeGluLnFxLmNvbS9xLzAybG14TDBGSDljbzMxMDAwMGcwN2IAAgRvGW5YAwQAAAAA ;
from : oKwkYw8D7z07kOTJE6New97L0MZ8 ;
to : gh_6536061e4435 ;
time : 1489468200 ;
type : subscribe ;
scene : 72326a5617c1da674bdd905cf6388505 ;

2017-03-14 13:10:05 trace :
------------
Array:
tousername : gh_6536061e4435 ;
fromusername : oKwkYw8D7z07kOTJE6New97L0MZ8 ;
createtime : 1489468205 ;
msgtype : event ;
event : VIEW ;
eventkey : http://kh39.61why.com/app/index.php?i=2&c=entry&eid=198 ;
menuid : 410600728 ;
from : oKwkYw8D7z07kOTJE6New97L0MZ8 ;
to : gh_6536061e4435 ;
time : 1489468205 ;
type : event ;

2017-03-14 13:10:05 params :
------------
Array:
rule : -2 ;
module :  ;
message : Array ;

2017-03-14 13:10:05 response :
------------

2017-03-14 13:19:09 trace :
------------
Array:
tousername : gh_6536061e4435 ;
fromusername : oKwkYw8D7z07kOTJE6New97L0MZ8 ;
createtime : 1489468749 ;
msgtype : event ;
event : VIEW ;
eventkey : http://kh39.61why.com/app/index.php?i=2&c=entry&eid=194 ;
menuid : 410600728 ;
from : oKwkYw8D7z07kOTJE6New97L0MZ8 ;
to : gh_6536061e4435 ;
time : 1489468749 ;
type : event ;

2017-03-14 13:19:09 params :
------------
Array:
rule : -2 ;
module :  ;
message : Array ;

2017-03-14 13:19:09 response :
------------

2017-03-14 13:22:01 trace :
------------
Array:
tousername : gh_6536061e4435 ;
fromusername : oKwkYw8D7z07kOTJE6New97L0MZ8 ;
createtime : 1489468921 ;
msgtype : event ;
event : VIEW ;
eventkey : http://kh39.61why.com/app/index.php?i=2&c=entry&eid=194 ;
menuid : 410600728 ;
from : oKwkYw8D7z07kOTJE6New97L0MZ8 ;
to : gh_6536061e4435 ;
time : 1489468921 ;
type : event ;

2017-03-14 13:22:01 params :
------------
Array:
rule : -2 ;
module :  ;
message : Array ;

2017-03-14 13:22:01 response :
------------

2017-03-14 13:35:34 trace :
------------
Array:
tousername : gh_6536061e4435 ;
fromusername : oKwkYw8D7z07kOTJE6New97L0MZ8 ;
createtime : 1489469734 ;
msgtype : event ;
event : VIEW ;
eventkey : http://kh39.61why.com/app/index.php?i=2&c=entry&eid=194 ;
menuid : 410600728 ;
from : oKwkYw8D7z07kOTJE6New97L0MZ8 ;
to : gh_6536061e4435 ;
time : 1489469734 ;
type : event ;

2017-03-14 13:35:34 params :
------------
Array:
rule : -2 ;
module :  ;
message : Array ;

2017-03-14 13:35:34 response :
------------

2017-03-14 13:35:56 trace :
------------
Array:
tousername : gh_6536061e4435 ;
fromusername : oKwkYw8D7z07kOTJE6New97L0MZ8 ;
createtime : 1489469756 ;
msgtype : event ;
event : VIEW ;
eventkey : http://kh39.61why.com/app/index.php?i=2&c=entry&eid=194 ;
menuid : 410600728 ;
from : oKwkYw8D7z07kOTJE6New97L0MZ8 ;
to : gh_6536061e4435 ;
time : 1489469756 ;
type : event ;

2017-03-14 13:35:56 params :
------------
Array:
rule : -2 ;
module :  ;
message : Array ;

2017-03-14 13:35:56 response :
------------

2017-03-14 13:42:42 trace :
------------
Array:
tousername : gh_6536061e4435 ;
fromusername : oKwkYwyEsoX6PwCcdSAelWnIXlpg ;
createtime : 1489470162 ;
msgtype : event ;
event : VIEW ;
eventkey : http://kh39.61why.com/app/index.php?i=2&c=entry&eid=194 ;
menuid : 410600728 ;
from : oKwkYwyEsoX6PwCcdSAelWnIXlpg ;
to : gh_6536061e4435 ;
time : 1489470162 ;
type : event ;

2017-03-14 13:42:42 params :
------------
Array:
rule : -2 ;
module :  ;
message : Array ;

2017-03-14 13:42:42 response :
------------

2017-03-14 13:46:29 trace :
------------
Array:
tousername : gh_6536061e4435 ;
fromusername : oKwkYwyjERfw7XYg2QL9r-EmTJic ;
createtime : 1489470388 ;
msgtype : event ;
event : VIEW ;
eventkey : http://kh39.61why.com/app/index.php?i=2&c=entry&eid=198 ;
menuid : 410600728 ;
from : oKwkYwyjERfw7XYg2QL9r-EmTJic ;
to : gh_6536061e4435 ;
time : 1489470388 ;
type : event ;

2017-03-14 13:46:29 params :
------------
Array:
rule : -2 ;
module :  ;
message : Array ;

2017-03-14 13:46:29 response :
------------

2017-03-14 13:46:53 trace :
------------
Array:
tousername : gh_6536061e4435 ;
fromusername : oKwkYwyjERfw7XYg2QL9r-EmTJic ;
createtime : 1489470413 ;
msgtype : event ;
event : VIEW ;
eventkey : http://kh39.61why.com/app/index.php?i=2&c=entry&eid=198 ;
menuid : 410600728 ;
from : oKwkYwyjERfw7XYg2QL9r-EmTJic ;
to : gh_6536061e4435 ;
time : 1489470413 ;
type : event ;

2017-03-14 13:46:53 params :
------------
Array:
rule : -2 ;
module :  ;
message : Array ;

2017-03-14 13:46:53 response :
------------

2017-03-14 13:47:15 trace :
------------
Array:
tousername : gh_6536061e4435 ;
fromusername : oKwkYw9A27iCE2wbx5IXncAJ21Sw ;
createtime : 1489470435 ;
msgtype : event ;
event : VIEW ;
eventkey : http://kh39.61why.com/app/index.php?i=2&c=entry&eid=198 ;
menuid : 410600728 ;
from : oKwkYw9A27iCE2wbx5IXncAJ21Sw ;
to : gh_6536061e4435 ;
time : 1489470435 ;
type : event ;

2017-03-14 13:47:15 params :
------------
Array:
rule : -2 ;
module :  ;
message : Array ;

2017-03-14 13:47:15 response :
------------

2017-03-14 13:48:55 trace :
------------
Array:
tousername : gh_6536061e4435 ;
fromusername : oKwkYwyjERfw7XYg2QL9r-EmTJic ;
createtime : 1489470535 ;
msgtype : event ;
event : VIEW ;
eventkey : http://kh39.61why.com/app/index.php?i=2&c=entry&eid=198 ;
menuid : 410600728 ;
from : oKwkYwyjERfw7XYg2QL9r-EmTJic ;
to : gh_6536061e4435 ;
time : 1489470535 ;
type : event ;

2017-03-14 13:48:55 params :
------------
Array:
rule : -2 ;
module :  ;
message : Array ;

2017-03-14 13:48:55 response :
------------

2017-03-14 13:53:59 trace :
------------
Array:
tousername : gh_6536061e4435 ;
fromusername : oKwkYwyjERfw7XYg2QL9r-EmTJic ;
createtime : 1489470839 ;
msgtype : event ;
event : VIEW ;
eventkey : http://kh39.61why.com/app/index.php?i=2&c=entry&eid=198 ;
menuid : 410600728 ;
from : oKwkYwyjERfw7XYg2QL9r-EmTJic ;
to : gh_6536061e4435 ;
time : 1489470839 ;
type : event ;

2017-03-14 13:53:59 params :
------------
Array:
rule : -2 ;
module :  ;
message : Array ;

2017-03-14 13:53:59 response :
------------

2017-03-14 14:04:13 trace :
------------
Array:
tousername : gh_6536061e4435 ;
fromusername : oKwkYw1wnbZ_B4bbD60B2F8-4dSg ;
createtime : 1489471453 ;
msgtype : event ;
event : VIEW ;
eventkey : http://kh39.61why.com/app/index.php?i=2&c=entry&eid=194 ;
menuid : 410600728 ;
from : oKwkYw1wnbZ_B4bbD60B2F8-4dSg ;
to : gh_6536061e4435 ;
time : 1489471453 ;
type : event ;

2017-03-14 14:04:13 params :
------------
Array:
rule : -2 ;
module :  ;
message : Array ;

2017-03-14 14:04:13 response :
------------

2017-03-14 14:16:37 trace :
------------
Array:
tousername : gh_6536061e4435 ;
fromusername : oKwkYw2-i-Lq4tD9FQ1KUydmcxnA ;
createtime : 1489472197 ;
msgtype : event ;
event : VIEW ;
eventkey : http://kh39.61why.com/app/index.php?i=2&c=entry&eid=198 ;
menuid : 410600728 ;
from : oKwkYw2-i-Lq4tD9FQ1KUydmcxnA ;
to : gh_6536061e4435 ;
time : 1489472197 ;
type : event ;

2017-03-14 14:16:37 params :
------------
Array:
rule : -2 ;
module :  ;
message : Array ;

2017-03-14 14:16:37 response :
------------

2017-03-14 14:16:42 trace :
------------
Array:
tousername : gh_6536061e4435 ;
fromusername : oKwkYw2-i-Lq4tD9FQ1KUydmcxnA ;
createtime : 1489472202 ;
msgtype : event ;
event : VIEW ;
eventkey : http://kh39.61why.com/app/index.php?i=2&c=entry&eid=194 ;
menuid : 410600728 ;
from : oKwkYw2-i-Lq4tD9FQ1KUydmcxnA ;
to : gh_6536061e4435 ;
time : 1489472202 ;
type : event ;

2017-03-14 14:16:42 params :
------------
Array:
rule : -2 ;
module :  ;
message : Array ;

2017-03-14 14:16:42 response :
------------

2017-03-14 14:56:28 trace :
------------
Array:
tousername : gh_6536061e4435 ;
fromusername : oKwkYwyolZuGoXgz_4a6-ubUX5Vo ;
createtime : 1489474588 ;
msgtype : event ;
event : VIEW ;
eventkey : http://kh39.61why.com/app/index.php?i=2&c=entry&eid=194 ;
menuid : 410600728 ;
from : oKwkYwyolZuGoXgz_4a6-ubUX5Vo ;
to : gh_6536061e4435 ;
time : 1489474588 ;
type : event ;

2017-03-14 14:56:28 params :
------------
Array:
rule : -2 ;
module :  ;
message : Array ;

2017-03-14 14:56:28 response :
------------

2017-03-14 15:04:07 trace :
------------
Array:
tousername : gh_6536061e4435 ;
fromusername : oKwkYw5WwhrzMWNG7UtnNm8L9j0k ;
createtime : 1489475047 ;
msgtype : event ;
event : VIEW ;
eventkey : http://kh39.61why.com/app/index.php?i=2&c=entry&eid=194 ;
menuid : 410600728 ;
from : oKwkYw5WwhrzMWNG7UtnNm8L9j0k ;
to : gh_6536061e4435 ;
time : 1489475047 ;
type : event ;

2017-03-14 15:04:07 params :
------------
Array:
rule : -2 ;
module :  ;
message : Array ;

2017-03-14 15:04:07 response :
------------

2017-03-14 15:15:53 trace :
------------
Array:
tousername : gh_6536061e4435 ;
fromusername : oKwkYw91X6kItk-NKGfWMHphfjE8 ;
createtime : 1489475752 ;
msgtype : event ;
event : subscribe ;
eventkey : Array ;
from : oKwkYw91X6kItk-NKGfWMHphfjE8 ;
to : gh_6536061e4435 ;
time : 1489475752 ;
type : subscribe ;

2017-03-14 15:15:53 params :
------------
Array:
rule : -2 ;
module :  ;
message : Array ;

2017-03-14 15:15:53 response :
------------

2017-03-14 15:21:26 trace :
------------
Array:
tousername : gh_6536061e4435 ;
fromusername : oKwkYw_czhGJMhzRk-PvvkgFyKMI ;
createtime : 1489476086 ;
msgtype : event ;
event : VIEW ;
eventkey : http://kh39.61why.com/app/index.php?i=2&c=entry&eid=194 ;
menuid : 410600728 ;
from : oKwkYw_czhGJMhzRk-PvvkgFyKMI ;
to : gh_6536061e4435 ;
time : 1489476086 ;
type : event ;

2017-03-14 15:21:26 params :
------------
Array:
rule : -2 ;
module :  ;
message : Array ;

2017-03-14 15:21:26 response :
------------

2017-03-14 15:54:51 trace :
------------
Array:
tousername : gh_6536061e4435 ;
fromusername : oKwkYw1wnbZ_B4bbD60B2F8-4dSg ;
createtime : 1489478091 ;
msgtype : event ;
event : CLICK ;
eventkey : 二维码 ;
from : oKwkYw1wnbZ_B4bbD60B2F8-4dSg ;
to : gh_6536061e4435 ;
time : 1489478091 ;
type : event ;

2017-03-14 15:54:51 trace :
------------
Array:
tousername : gh_6536061e4435 ;
fromusername : oKwkYw1wnbZ_B4bbD60B2F8-4dSg ;
createtime : 1489478091 ;
msgtype : event ;
event : CLICK ;
eventkey : 二维码 ;
from : oKwkYw1wnbZ_B4bbD60B2F8-4dSg ;
to : gh_6536061e4435 ;
time : 1489478091 ;
type : event ;

2017-03-14 15:54:55 trace :
------------
Array:
tousername : gh_6536061e4435 ;
fromusername : oKwkYw1wnbZ_B4bbD60B2F8-4dSg ;
createtime : 1489478095 ;
msgtype : event ;
event : CLICK ;
eventkey : 二维码 ;
from : oKwkYw1wnbZ_B4bbD60B2F8-4dSg ;
to : gh_6536061e4435 ;
time : 1489478095 ;
type : event ;

2017-03-14 16:25:28 trace :
------------
Array:
tousername : gh_6536061e4435 ;
fromusername : oKwkYww_pWGUZbUmue0jxp7SYRP4 ;
createtime : 1489479928 ;
msgtype : event ;
event : VIEW ;
eventkey : http://kh39.61why.com/app/index.php?i=2&c=entry&eid=194 ;
menuid : 410600728 ;
from : oKwkYww_pWGUZbUmue0jxp7SYRP4 ;
to : gh_6536061e4435 ;
time : 1489479928 ;
type : event ;

2017-03-14 16:25:28 params :
------------
Array:
rule : -2 ;
module :  ;
message : Array ;

2017-03-14 16:25:28 response :
------------

2017-03-14 16:26:20 trace :
------------
Array:
tousername : gh_6536061e4435 ;
fromusername : oKwkYwwaCkYIQ-hSJyl_YCfD_tUc ;
createtime : 1489479980 ;
msgtype : event ;
event : subscribe ;
eventkey : Array ;
from : oKwkYwwaCkYIQ-hSJyl_YCfD_tUc ;
to : gh_6536061e4435 ;
time : 1489479980 ;
type : subscribe ;

2017-03-14 16:26:20 params :
------------
Array:
rule : -2 ;
module :  ;
message : Array ;

2017-03-14 16:26:20 response :
------------

2017-03-14 16:40:15 trace :
------------
Array:
tousername : gh_6536061e4435 ;
fromusername : oKwkYww_pWGUZbUmue0jxp7SYRP4 ;
createtime : 1489480815 ;
msgtype : event ;
event : VIEW ;
eventkey : http://kh39.61why.com/app/index.php?i=2&c=entry&eid=198 ;
menuid : 410600728 ;
from : oKwkYww_pWGUZbUmue0jxp7SYRP4 ;
to : gh_6536061e4435 ;
time : 1489480815 ;
type : event ;

2017-03-14 16:40:15 params :
------------
Array:
rule : -2 ;
module :  ;
message : Array ;

2017-03-14 16:40:15 response :
------------

2017-03-14 16:40:23 trace :
------------
Array:
tousername : gh_6536061e4435 ;
fromusername : oKwkYwwaCkYIQ-hSJyl_YCfD_tUc ;
createtime : 1489480823 ;
msgtype : event ;
event : VIEW ;
eventkey : http://kh39.61why.com/app/index.php?i=2&c=entry&eid=194 ;
menuid : 410600728 ;
from : oKwkYwwaCkYIQ-hSJyl_YCfD_tUc ;
to : gh_6536061e4435 ;
time : 1489480823 ;
type : event ;

2017-03-14 16:40:23 params :
------------
Array:
rule : -2 ;
module :  ;
message : Array ;

2017-03-14 16:40:23 response :
------------

2017-03-14 16:40:24 trace :
------------
Array:
tousername : gh_6536061e4435 ;
fromusername : oKwkYw9A27iCE2wbx5IXncAJ21Sw ;
createtime : 1489480823 ;
msgtype : event ;
event : VIEW ;
eventkey : http://kh39.61why.com/app/index.php?i=2&c=entry&eid=194 ;
menuid : 410600728 ;
from : oKwkYw9A27iCE2wbx5IXncAJ21Sw ;
to : gh_6536061e4435 ;
time : 1489480823 ;
type : event ;

2017-03-14 16:40:24 params :
------------
Array:
rule : -2 ;
module :  ;
message : Array ;

2017-03-14 16:40:24 response :
------------

2017-03-14 16:51:05 trace :
------------
Array:
tousername : gh_6536061e4435 ;
fromusername : oKwkYwy552o7_eUisSRD3QHthqs8 ;
createtime : 1489481465 ;
msgtype : event ;
event : VIEW ;
eventkey : http://kh39.61why.com/app/index.php?i=2&c=entry&eid=198 ;
menuid : 410600728 ;
from : oKwkYwy552o7_eUisSRD3QHthqs8 ;
to : gh_6536061e4435 ;
time : 1489481465 ;
type : event ;

2017-03-14 16:51:05 params :
------------
Array:
rule : -2 ;
module :  ;
message : Array ;

2017-03-14 16:51:05 response :
------------

2017-03-14 16:51:10 trace :
------------
Array:
tousername : gh_6536061e4435 ;
fromusername : oKwkYwy552o7_eUisSRD3QHthqs8 ;
createtime : 1489481470 ;
msgtype : event ;
event : VIEW ;
eventkey : http://kh39.61why.com/app/index.php?i=2&c=entry&eid=198 ;
menuid : 410600728 ;
from : oKwkYwy552o7_eUisSRD3QHthqs8 ;
to : gh_6536061e4435 ;
time : 1489481470 ;
type : event ;

2017-03-14 16:51:10 params :
------------
Array:
rule : -2 ;
module :  ;
message : Array ;

2017-03-14 16:51:10 response :
------------

2017-03-14 17:08:53 trace :
------------
Array:
tousername : gh_6536061e4435 ;
fromusername : oKwkYw22rCbBSaALxIaH8w23nsLQ ;
createtime : 1489482533 ;
msgtype : event ;
event : VIEW ;
eventkey : http://kh39.61why.com/app/index.php?i=2&c=entry&eid=198 ;
menuid : 410600728 ;
from : oKwkYw22rCbBSaALxIaH8w23nsLQ ;
to : gh_6536061e4435 ;
time : 1489482533 ;
type : event ;

2017-03-14 17:08:53 params :
------------
Array:
rule : -2 ;
module :  ;
message : Array ;

2017-03-14 17:08:53 response :
------------

2017-03-14 17:32:01 trace :
------------
Array:
tousername : gh_6536061e4435 ;
fromusername : oKwkYw07OK3MciV6IDhGEI3qJFBU ;
createtime : 1489483921 ;
msgtype : event ;
event : VIEW ;
eventkey : http://kh39.61why.com/app/index.php?i=2&c=entry&eid=198 ;
menuid : 410600728 ;
from : oKwkYw07OK3MciV6IDhGEI3qJFBU ;
to : gh_6536061e4435 ;
time : 1489483921 ;
type : event ;

2017-03-14 17:32:01 params :
------------
Array:
rule : -2 ;
module :  ;
message : Array ;

2017-03-14 17:32:01 response :
------------

2017-03-14 17:33:07 trace :
------------
Array:
tousername : gh_6536061e4435 ;
fromusername : oKwkYw07OK3MciV6IDhGEI3qJFBU ;
createtime : 1489483987 ;
msgtype : event ;
event : VIEW ;
eventkey : http://kh39.61why.com/app/index.php?i=2&c=entry&eid=198 ;
menuid : 410600728 ;
from : oKwkYw07OK3MciV6IDhGEI3qJFBU ;
to : gh_6536061e4435 ;
time : 1489483987 ;
type : event ;

2017-03-14 17:33:07 params :
------------
Array:
rule : -2 ;
module :  ;
message : Array ;

2017-03-14 17:33:07 response :
------------

2017-03-14 17:33:24 trace :
------------
Array:
tousername : gh_6536061e4435 ;
fromusername : oKwkYw07OK3MciV6IDhGEI3qJFBU ;
createtime : 1489484004 ;
msgtype : event ;
event : VIEW ;
eventkey : http://kh39.61why.com/app/index.php?i=2&c=entry&eid=198 ;
menuid : 410600728 ;
from : oKwkYw07OK3MciV6IDhGEI3qJFBU ;
to : gh_6536061e4435 ;
time : 1489484004 ;
type : event ;

2017-03-14 17:33:24 params :
------------
Array:
rule : -2 ;
module :  ;
message : Array ;

2017-03-14 17:33:24 response :
------------

2017-03-14 17:34:56 trace :
------------
Array:
tousername : gh_6536061e4435 ;
fromusername : oKwkYw07OK3MciV6IDhGEI3qJFBU ;
createtime : 1489484096 ;
msgtype : event ;
event : VIEW ;
eventkey : http://kh39.61why.com/app/index.php?i=2&c=entry&eid=194 ;
menuid : 410600728 ;
from : oKwkYw07OK3MciV6IDhGEI3qJFBU ;
to : gh_6536061e4435 ;
time : 1489484096 ;
type : event ;

2017-03-14 17:34:56 params :
------------
Array:
rule : -2 ;
module :  ;
message : Array ;

2017-03-14 17:34:56 response :
------------

2017-03-14 17:40:16 trace :
------------
Array:
tousername : gh_6536061e4435 ;
fromusername : oKwkYwwaCkYIQ-hSJyl_YCfD_tUc ;
createtime : 1489484416 ;
msgtype : event ;
event : VIEW ;
eventkey : http://kh39.61why.com/app/index.php?i=2&c=entry&eid=194 ;
menuid : 410600728 ;
from : oKwkYwwaCkYIQ-hSJyl_YCfD_tUc ;
to : gh_6536061e4435 ;
time : 1489484416 ;
type : event ;

2017-03-14 17:40:16 params :
------------
Array:
rule : -2 ;
module :  ;
message : Array ;

2017-03-14 17:40:16 response :
------------

2017-03-14 17:41:43 trace :
------------
Array:
tousername : gh_6536061e4435 ;
fromusername : oKwkYw22rCbBSaALxIaH8w23nsLQ ;
createtime : 1489484503 ;
msgtype : event ;
event : CLICK ;
eventkey : 二维码 ;
from : oKwkYw22rCbBSaALxIaH8w23nsLQ ;
to : gh_6536061e4435 ;
time : 1489484503 ;
type : event ;

2017-03-14 17:42:12 trace :
------------
Array:
tousername : gh_6536061e4435 ;
fromusername : oKwkYw22rCbBSaALxIaH8w23nsLQ ;
createtime : 1489484532 ;
msgtype : event ;
event : CLICK ;
eventkey : 二维码 ;
from : oKwkYw22rCbBSaALxIaH8w23nsLQ ;
to : gh_6536061e4435 ;
time : 1489484532 ;
type : event ;

2017-03-14 17:42:41 trace :
------------
Array:
tousername : gh_6536061e4435 ;
fromusername : oKwkYw22rCbBSaALxIaH8w23nsLQ ;
createtime : 1489484561 ;
msgtype : event ;
event : CLICK ;
eventkey : 二维码 ;
from : oKwkYw22rCbBSaALxIaH8w23nsLQ ;
to : gh_6536061e4435 ;
time : 1489484561 ;
type : event ;

2017-03-14 17:50:23 trace :
------------
Array:
tousername : gh_6536061e4435 ;
fromusername : oKwkYw2AvtOQWVWlszR3cLKUUa3E ;
createtime : 1489485023 ;
msgtype : event ;
event : VIEW ;
eventkey : http://kh39.61why.com/app/index.php?i=2&c=entry&eid=198 ;
menuid : 410600728 ;
from : oKwkYw2AvtOQWVWlszR3cLKUUa3E ;
to : gh_6536061e4435 ;
time : 1489485023 ;
type : event ;

2017-03-14 17:50:23 params :
------------
Array:
rule : -2 ;
module :  ;
message : Array ;

2017-03-14 17:50:23 response :
------------

2017-03-14 17:53:31 trace :
------------
Array:
tousername : gh_6536061e4435 ;
fromusername : oKwkYw_xZ14UQdvrJFuiI5E87n8w ;
createtime : 1489485210 ;
msgtype : event ;
event : VIEW ;
eventkey : http://kh39.61why.com/app/index.php?i=2&c=entry&eid=198 ;
menuid : 410600728 ;
from : oKwkYw_xZ14UQdvrJFuiI5E87n8w ;
to : gh_6536061e4435 ;
time : 1489485210 ;
type : event ;

2017-03-14 17:53:31 params :
------------
Array:
rule : -2 ;
module :  ;
message : Array ;

2017-03-14 17:53:31 response :
------------

2017-03-14 17:56:40 trace :
------------
Array:
tousername : gh_6536061e4435 ;
fromusername : oKwkYwy552o7_eUisSRD3QHthqs8 ;
createtime : 1489485400 ;
msgtype : event ;
event : CLICK ;
eventkey : 二维码 ;
from : oKwkYwy552o7_eUisSRD3QHthqs8 ;
to : gh_6536061e4435 ;
time : 1489485400 ;
type : event ;

2017-03-14 18:00:32 trace :
------------
Array:
tousername : gh_6536061e4435 ;
fromusername : oKwkYw5aHcyjux9ql6D7O9WEBmx4 ;
createtime : 1489485631 ;
msgtype : event ;
event : VIEW ;
eventkey : http://kh39.61why.com/app/index.php?i=2&c=entry&eid=198 ;
menuid : 410600728 ;
from : oKwkYw5aHcyjux9ql6D7O9WEBmx4 ;
to : gh_6536061e4435 ;
time : 1489485631 ;
type : event ;

2017-03-14 18:00:32 params :
------------
Array:
rule : -2 ;
module :  ;
message : Array ;

2017-03-14 18:00:32 response :
------------

2017-03-14 18:22:05 trace :
------------
Array:
tousername : gh_6536061e4435 ;
fromusername : oKwkYw2AvtOQWVWlszR3cLKUUa3E ;
createtime : 1489486925 ;
msgtype : event ;
event : VIEW ;
eventkey : http://kh39.61why.com/app/index.php?i=2&c=entry&eid=198 ;
menuid : 410600728 ;
from : oKwkYw2AvtOQWVWlszR3cLKUUa3E ;
to : gh_6536061e4435 ;
time : 1489486925 ;
type : event ;

2017-03-14 18:22:05 params :
------------
Array:
rule : -2 ;
module :  ;
message : Array ;

2017-03-14 18:22:05 response :
------------

2017-03-14 18:27:17 trace :
------------
Array:
tousername : gh_6536061e4435 ;
fromusername : oKwkYw9A27iCE2wbx5IXncAJ21Sw ;
createtime : 1489487237 ;
msgtype : event ;
event : VIEW ;
eventkey : http://kh39.61why.com/app/index.php?i=2&c=entry&eid=194 ;
menuid : 410600728 ;
from : oKwkYw9A27iCE2wbx5IXncAJ21Sw ;
to : gh_6536061e4435 ;
time : 1489487237 ;
type : event ;

2017-03-14 18:27:17 params :
------------
Array:
rule : -2 ;
module :  ;
message : Array ;

2017-03-14 18:27:17 response :
------------

2017-03-14 18:28:09 trace :
------------
Array:
tousername : gh_6536061e4435 ;
fromusername : oKwkYw5Hv5-mrEGrZ572fv2JrB_s ;
createtime : 1489487289 ;
msgtype : event ;
event : VIEW ;
eventkey : http://kh39.61why.com/app/index.php?i=2&c=entry&eid=198 ;
menuid : 410600728 ;
from : oKwkYw5Hv5-mrEGrZ572fv2JrB_s ;
to : gh_6536061e4435 ;
time : 1489487289 ;
type : event ;

2017-03-14 18:28:09 params :
------------
Array:
rule : -2 ;
module :  ;
message : Array ;

2017-03-14 18:28:09 response :
------------

2017-03-14 18:30:09 trace :
------------
Array:
tousername : gh_6536061e4435 ;
fromusername : oKwkYw5Hv5-mrEGrZ572fv2JrB_s ;
createtime : 1489487409 ;
msgtype : event ;
event : CLICK ;
eventkey : 二维码 ;
from : oKwkYw5Hv5-mrEGrZ572fv2JrB_s ;
to : gh_6536061e4435 ;
time : 1489487409 ;
type : event ;

2017-03-14 18:36:27 trace :
------------
Array:
tousername : gh_6536061e4435 ;
fromusername : oKwkYw9A27iCE2wbx5IXncAJ21Sw ;
createtime : 1489487786 ;
msgtype : event ;
event : VIEW ;
eventkey : http://kh39.61why.com/app/index.php?i=2&c=entry&eid=194 ;
menuid : 410600728 ;
from : oKwkYw9A27iCE2wbx5IXncAJ21Sw ;
to : gh_6536061e4435 ;
time : 1489487786 ;
type : event ;

2017-03-14 18:36:27 params :
------------
Array:
rule : -2 ;
module :  ;
message : Array ;

2017-03-14 18:36:27 response :
------------

2017-03-14 18:39:44 trace :
------------
Array:
tousername : gh_6536061e4435 ;
fromusername : oKwkYw4lWuPliVJrOcFElu1_-pjo ;
createtime : 1489487984 ;
msgtype : event ;
event : CLICK ;
eventkey : 二维码 ;
from : oKwkYw4lWuPliVJrOcFElu1_-pjo ;
to : gh_6536061e4435 ;
time : 1489487984 ;
type : event ;

2017-03-14 18:40:09 trace :
------------
Array:
tousername : gh_6536061e4435 ;
fromusername : oKwkYw4lWuPliVJrOcFElu1_-pjo ;
createtime : 1489488008 ;
msgtype : event ;
event : VIEW ;
eventkey : http://kh39.61why.com/app/index.php?i=2&c=entry&eid=198 ;
menuid : 410600728 ;
from : oKwkYw4lWuPliVJrOcFElu1_-pjo ;
to : gh_6536061e4435 ;
time : 1489488008 ;
type : event ;

2017-03-14 18:40:09 params :
------------
Array:
rule : -2 ;
module :  ;
message : Array ;

2017-03-14 18:40:09 response :
------------

2017-03-14 18:43:44 trace :
------------
Array:
tousername : gh_6536061e4435 ;
fromusername : oKwkYw0D7snKw9WJkTr_EzwW-SF0 ;
createtime : 1489488224 ;
msgtype : event ;
event : VIEW ;
eventkey : http://kh39.61why.com/app/index.php?i=2&c=entry&eid=198 ;
menuid : 410600728 ;
from : oKwkYw0D7snKw9WJkTr_EzwW-SF0 ;
to : gh_6536061e4435 ;
time : 1489488224 ;
type : event ;

2017-03-14 18:43:44 params :
------------
Array:
rule : -2 ;
module :  ;
message : Array ;

2017-03-14 18:43:44 response :
------------

2017-03-14 18:44:00 trace :
------------
Array:
tousername : gh_6536061e4435 ;
fromusername : oKwkYw4lWuPliVJrOcFElu1_-pjo ;
createtime : 1489488240 ;
msgtype : event ;
event : VIEW ;
eventkey : http://kh39.61why.com/app/index.php?i=2&c=entry&eid=194 ;
menuid : 410600728 ;
from : oKwkYw4lWuPliVJrOcFElu1_-pjo ;
to : gh_6536061e4435 ;
time : 1489488240 ;
type : event ;

2017-03-14 18:44:00 params :
------------
Array:
rule : -2 ;
module :  ;
message : Array ;

2017-03-14 18:44:00 response :
------------

2017-03-14 18:46:20 trace :
------------
Array:
tousername : gh_6536061e4435 ;
fromusername : oKwkYw64KUHw0krqzoIRoTOb5_z4 ;
createtime : 1489488380 ;
msgtype : event ;
event : subscribe ;
eventkey : qrscene_f95f10c42c72e64f510cf695af230ced ;
ticket : gQGu8TwAAAAAAAAAAS5odHRwOi8vd2VpeGluLnFxLmNvbS9xLzAyOFRGUTFBSDljbzMxMDAwMDAwN3AAAgSOFG5YAwQAAAAA ;
from : oKwkYw64KUHw0krqzoIRoTOb5_z4 ;
to : gh_6536061e4435 ;
time : 1489488380 ;
type : subscribe ;
scene : f95f10c42c72e64f510cf695af230ced ;

2017-03-14 18:50:16 trace :
------------
Array:
tousername : gh_6536061e4435 ;
fromusername : oKwkYw3l0eGz3H7e62pX1IDFxwCY ;
createtime : 1489488616 ;
msgtype : event ;
event : VIEW ;
eventkey : http://kh39.61why.com/app/index.php?i=2&c=entry&eid=194 ;
menuid : 410600728 ;
from : oKwkYw3l0eGz3H7e62pX1IDFxwCY ;
to : gh_6536061e4435 ;
time : 1489488616 ;
type : event ;

2017-03-14 18:50:16 params :
------------
Array:
rule : -2 ;
module :  ;
message : Array ;

2017-03-14 18:50:16 response :
------------

2017-03-14 18:50:32 trace :
------------
Array:
tousername : gh_6536061e4435 ;
fromusername : oKwkYw3l0eGz3H7e62pX1IDFxwCY ;
createtime : 1489488632 ;
msgtype : event ;
event : VIEW ;
eventkey : http://kh39.61why.com/app/index.php?i=2&c=entry&eid=198 ;
menuid : 410600728 ;
from : oKwkYw3l0eGz3H7e62pX1IDFxwCY ;
to : gh_6536061e4435 ;
time : 1489488632 ;
type : event ;

2017-03-14 18:50:32 params :
------------
Array:
rule : -2 ;
module :  ;
message : Array ;

2017-03-14 18:50:32 response :
------------

2017-03-14 19:04:07 trace :
------------
Array:
tousername : gh_6536061e4435 ;
fromusername : oKwkYwwaCkYIQ-hSJyl_YCfD_tUc ;
createtime : 1489489447 ;
msgtype : event ;
event : VIEW ;
eventkey : http://kh39.61why.com/app/index.php?i=2&c=entry&eid=198 ;
menuid : 410600728 ;
from : oKwkYwwaCkYIQ-hSJyl_YCfD_tUc ;
to : gh_6536061e4435 ;
time : 1489489447 ;
type : event ;

2017-03-14 19:04:07 params :
------------
Array:
rule : -2 ;
module :  ;
message : Array ;

2017-03-14 19:04:07 response :
------------

2017-03-14 19:32:51 trace :
------------
Array:
tousername : gh_6536061e4435 ;
fromusername : oKwkYw4ZBjn_U54j0V5E72t67-l4 ;
createtime : 1489491171 ;
msgtype : event ;
event : VIEW ;
eventkey : http://kh39.61why.com/app/index.php?i=2&c=entry&eid=198 ;
menuid : 410600728 ;
from : oKwkYw4ZBjn_U54j0V5E72t67-l4 ;
to : gh_6536061e4435 ;
time : 1489491171 ;
type : event ;

2017-03-14 19:32:51 params :
------------
Array:
rule : -2 ;
module :  ;
message : Array ;

2017-03-14 19:32:51 response :
------------

2017-03-14 21:07:01 trace :
------------
Array:
tousername : gh_6536061e4435 ;
fromusername : oKwkYw4lWuPliVJrOcFElu1_-pjo ;
createtime : 1489496821 ;
msgtype : event ;
event : VIEW ;
eventkey : http://kh39.61why.com/app/index.php?i=2&c=entry&eid=194 ;
menuid : 410600728 ;
from : oKwkYw4lWuPliVJrOcFElu1_-pjo ;
to : gh_6536061e4435 ;
time : 1489496821 ;
type : event ;

2017-03-14 21:07:01 params :
------------
Array:
rule : -2 ;
module :  ;
message : Array ;

2017-03-14 21:07:01 response :
------------

2017-03-14 21:11:51 trace :
------------
Array:
tousername : gh_6536061e4435 ;
fromusername : oKwkYwy552o7_eUisSRD3QHthqs8 ;
createtime : 1489497111 ;
msgtype : event ;
event : VIEW ;
eventkey : http://kh39.61why.com/app/index.php?i=2&c=entry&eid=194 ;
menuid : 410600728 ;
from : oKwkYwy552o7_eUisSRD3QHthqs8 ;
to : gh_6536061e4435 ;
time : 1489497111 ;
type : event ;

2017-03-14 21:11:51 params :
------------
Array:
rule : -2 ;
module :  ;
message : Array ;

2017-03-14 21:11:51 response :
------------

2017-03-14 21:15:42 trace :
------------
Array:
tousername : gh_6536061e4435 ;
fromusername : oKwkYw7K9xHIr91Csk-qENfcagnM ;
createtime : 1489497342 ;
msgtype : event ;
event : CLICK ;
eventkey : 二维码 ;
from : oKwkYw7K9xHIr91Csk-qENfcagnM ;
to : gh_6536061e4435 ;
time : 1489497342 ;
type : event ;

2017-03-14 21:15:59 trace :
------------
Array:
tousername : gh_6536061e4435 ;
fromusername : oKwkYw4PjbfZicRZz3C9ILMo5_xc ;
createtime : 1489497359 ;
msgtype : event ;
event : subscribe ;
eventkey : qrscene_25e80a82210e13a931a20cc3adf9f337 ;
ticket : gQHL8DwAAAAAAAAAAS5odHRwOi8vd2VpeGluLnFxLmNvbS9xLzAyUHBwYTFxSDljbzMxMDAwME0wNzIAAgSpX25YAwQAAAAA ;
from : oKwkYw4PjbfZicRZz3C9ILMo5_xc ;
to : gh_6536061e4435 ;
time : 1489497359 ;
type : subscribe ;
scene : 25e80a82210e13a931a20cc3adf9f337 ;

2017-03-14 21:31:59 trace :
------------
Array:
tousername : gh_6536061e4435 ;
fromusername : oKwkYw4PjbfZicRZz3C9ILMo5_xc ;
createtime : 1489498319 ;
msgtype : event ;
event : CLICK ;
eventkey : 二维码 ;
from : oKwkYw4PjbfZicRZz3C9ILMo5_xc ;
to : gh_6536061e4435 ;
time : 1489498319 ;
type : event ;

2017-03-14 21:32:04 trace :
------------
Array:
tousername : gh_6536061e4435 ;
fromusername : oKwkYw4PjbfZicRZz3C9ILMo5_xc ;
createtime : 1489498324 ;
msgtype : event ;
event : CLICK ;
eventkey : 二维码 ;
from : oKwkYw4PjbfZicRZz3C9ILMo5_xc ;
to : gh_6536061e4435 ;
time : 1489498324 ;
type : event ;

2017-03-14 21:32:19 trace :
------------
Array:
tousername : gh_6536061e4435 ;
fromusername : oKwkYwzVX_is6XChn7KOhWg94hlg ;
createtime : 1489498339 ;
msgtype : event ;
event : subscribe ;
eventkey : qrscene_5daab726959bdf86b80bc1a842d7ff97 ;
ticket : gQG38TwAAAAAAAAAAS5odHRwOi8vd2VpeGluLnFxLmNvbS9xLzAySFZOMjF1SDljbzMxMDAwMHcwN3oAAgTQ8MdYAwQAAAAA ;
from : oKwkYwzVX_is6XChn7KOhWg94hlg ;
to : gh_6536061e4435 ;
time : 1489498339 ;
type : subscribe ;
scene : 5daab726959bdf86b80bc1a842d7ff97 ;

2017-03-14 22:22:01 trace :
------------
Array:
tousername : gh_6536061e4435 ;
fromusername : oKwkYww_pWGUZbUmue0jxp7SYRP4 ;
createtime : 1489501321 ;
msgtype : event ;
event : VIEW ;
eventkey : http://kh39.61why.com/app/index.php?i=2&c=entry&eid=194 ;
menuid : 410600728 ;
from : oKwkYww_pWGUZbUmue0jxp7SYRP4 ;
to : gh_6536061e4435 ;
time : 1489501321 ;
type : event ;

2017-03-14 22:22:01 params :
------------
Array:
rule : -2 ;
module :  ;
message : Array ;

2017-03-14 22:22:01 response :
------------

2017-03-14 22:35:25 trace :
------------
Array:
tousername : gh_6536061e4435 ;
fromusername : oKwkYw5hiet9aIoMvpfdt0UcJyzc ;
createtime : 1489502125 ;
msgtype : event ;
event : VIEW ;
eventkey : http://kh39.61why.com/app/index.php?i=2&c=entry&eid=194 ;
menuid : 410600728 ;
from : oKwkYw5hiet9aIoMvpfdt0UcJyzc ;
to : gh_6536061e4435 ;
time : 1489502125 ;
type : event ;

2017-03-14 22:35:25 params :
------------
Array:
rule : -2 ;
module :  ;
message : Array ;

2017-03-14 22:35:25 response :
------------

2017-03-14 22:48:12 trace :
------------
Array:
tousername : gh_6536061e4435 ;
fromusername : oKwkYw1wnbZ_B4bbD60B2F8-4dSg ;
createtime : 1489502892 ;
msgtype : event ;
event : CLICK ;
eventkey : 二维码 ;
from : oKwkYw1wnbZ_B4bbD60B2F8-4dSg ;
to : gh_6536061e4435 ;
time : 1489502892 ;
type : event ;

2017-03-14 22:48:26 trace :
------------
Array:
tousername : gh_6536061e4435 ;
fromusername : oKwkYw1wnbZ_B4bbD60B2F8-4dSg ;
createtime : 1489502906 ;
msgtype : event ;
event : VIEW ;
eventkey : http://kh39.61why.com/app/index.php?i=2&c=entry&eid=198 ;
menuid : 410600728 ;
from : oKwkYw1wnbZ_B4bbD60B2F8-4dSg ;
to : gh_6536061e4435 ;
time : 1489502906 ;
type : event ;

2017-03-14 22:48:26 params :
------------
Array:
rule : -2 ;
module :  ;
message : Array ;

2017-03-14 22:48:26 response :
------------

2017-03-14 22:48:29 trace :
------------
Array:
tousername : gh_6536061e4435 ;
fromusername : oKwkYw1wnbZ_B4bbD60B2F8-4dSg ;
createtime : 1489502909 ;
msgtype : event ;
event : VIEW ;
eventkey : http://kh39.61why.com/app/index.php?i=2&c=entry&eid=198 ;
menuid : 410600728 ;
from : oKwkYw1wnbZ_B4bbD60B2F8-4dSg ;
to : gh_6536061e4435 ;
time : 1489502909 ;
type : event ;

2017-03-14 22:48:29 params :
------------
Array:
rule : -2 ;
module :  ;
message : Array ;

2017-03-14 22:48:29 response :
------------

2017-03-14 22:49:03 trace :
------------
Array:
tousername : gh_6536061e4435 ;
fromusername : oKwkYw1wnbZ_B4bbD60B2F8-4dSg ;
createtime : 1489502943 ;
msgtype : event ;
event : VIEW ;
eventkey : http://kh39.61why.com/app/index.php?i=2&c=entry&eid=194 ;
menuid : 410600728 ;
from : oKwkYw1wnbZ_B4bbD60B2F8-4dSg ;
to : gh_6536061e4435 ;
time : 1489502943 ;
type : event ;

2017-03-14 22:49:03 params :
------------
Array:
rule : -2 ;
module :  ;
message : Array ;

2017-03-14 22:49:03 response :
------------

