2017-02-18 00:10:44 trace :
------------
Array:
tousername : gh_6536061e4435 ;
fromusername : oKwkYw9A27iCE2wbx5IXncAJ21Sw ;
createtime : 1487347844 ;
msgtype : event ;
event : VIEW ;
eventkey : http://kh39.61why.com/app/index.php?i=2&c=entry&eid=198 ;
menuid : 410600728 ;
from : oKwkYw9A27iCE2wbx5IXncAJ21Sw ;
to : gh_6536061e4435 ;
time : 1487347844 ;
type : event ;

2017-02-18 00:10:44 params :
------------
Array:
rule : -2 ;
module :  ;
message : Array ;

2017-02-18 00:10:44 response :
------------

2017-02-18 01:19:44 trace :
------------
Array:
tousername : gh_6536061e4435 ;
fromusername : oKwkYw0D7snKw9WJkTr_EzwW-SF0 ;
createtime : 1487351984 ;
msgtype : event ;
event : VIEW ;
eventkey : http://kh39.61why.com/app/index.php?i=2&c=entry&eid=198 ;
menuid : 410600728 ;
from : oKwkYw0D7snKw9WJkTr_EzwW-SF0 ;
to : gh_6536061e4435 ;
time : 1487351984 ;
type : event ;

2017-02-18 01:19:44 params :
------------
Array:
rule : -2 ;
module :  ;
message : Array ;

2017-02-18 01:19:44 response :
------------

2017-02-18 07:43:17 trace :
------------
Array:
tousername : gh_6536061e4435 ;
fromusername : oKwkYw5hiet9aIoMvpfdt0UcJyzc ;
createtime : 1487374997 ;
msgtype : event ;
event : VIEW ;
eventkey : http://kh39.61why.com/app/index.php?i=2&c=entry&eid=198 ;
menuid : 410600728 ;
from : oKwkYw5hiet9aIoMvpfdt0UcJyzc ;
to : gh_6536061e4435 ;
time : 1487374997 ;
type : event ;

2017-02-18 07:43:17 params :
------------
Array:
rule : -2 ;
module :  ;
message : Array ;

2017-02-18 07:43:17 response :
------------

2017-02-18 08:40:57 trace :
------------
Array:
tousername : gh_6536061e4435 ;
fromusername : oKwkYw0D7snKw9WJkTr_EzwW-SF0 ;
createtime : 1487378457 ;
msgtype : event ;
event : VIEW ;
eventkey : http://kh39.61why.com/app/index.php?i=2&c=entry&eid=198 ;
menuid : 410600728 ;
from : oKwkYw0D7snKw9WJkTr_EzwW-SF0 ;
to : gh_6536061e4435 ;
time : 1487378457 ;
type : event ;

2017-02-18 08:40:57 params :
------------
Array:
rule : -2 ;
module :  ;
message : Array ;

2017-02-18 08:40:57 response :
------------

2017-02-18 08:41:03 trace :
------------
Array:
tousername : gh_6536061e4435 ;
fromusername : oKwkYw_xZ14UQdvrJFuiI5E87n8w ;
createtime : 1487378463 ;
msgtype : event ;
event : VIEW ;
eventkey : http://kh39.61why.com/app/index.php?i=2&c=entry&eid=198 ;
menuid : 410600728 ;
from : oKwkYw_xZ14UQdvrJFuiI5E87n8w ;
to : gh_6536061e4435 ;
time : 1487378463 ;
type : event ;

2017-02-18 08:41:03 params :
------------
Array:
rule : -2 ;
module :  ;
message : Array ;

2017-02-18 08:41:03 response :
------------

2017-02-18 08:47:52 trace :
------------
Array:
tousername : gh_6536061e4435 ;
fromusername : oKwkYw2c4xVsqI1rpV69TdzjDmwk ;
createtime : 1487378872 ;
msgtype : event ;
event : VIEW ;
eventkey : http://kh39.61why.com/app/index.php?i=2&c=entry&eid=194 ;
menuid : 410600728 ;
from : oKwkYw2c4xVsqI1rpV69TdzjDmwk ;
to : gh_6536061e4435 ;
time : 1487378872 ;
type : event ;

2017-02-18 08:47:52 params :
------------
Array:
rule : -2 ;
module :  ;
message : Array ;

2017-02-18 08:47:52 response :
------------

2017-02-18 08:48:33 trace :
------------
Array:
tousername : gh_6536061e4435 ;
fromusername : oKwkYw2c4xVsqI1rpV69TdzjDmwk ;
createtime : 1487378913 ;
msgtype : event ;
event : VIEW ;
eventkey : http://kh39.61why.com/app/index.php?i=2&c=entry&eid=194 ;
menuid : 410600728 ;
from : oKwkYw2c4xVsqI1rpV69TdzjDmwk ;
to : gh_6536061e4435 ;
time : 1487378913 ;
type : event ;

2017-02-18 08:48:33 params :
------------
Array:
rule : -2 ;
module :  ;
message : Array ;

2017-02-18 08:48:33 response :
------------

2017-02-18 08:52:59 trace :
------------
Array:
tousername : gh_6536061e4435 ;
fromusername : oKwkYw_xZ14UQdvrJFuiI5E87n8w ;
createtime : 1487379178 ;
msgtype : event ;
event : VIEW ;
eventkey : http://kh39.61why.com/app/index.php?i=2&c=entry&eid=198 ;
menuid : 410600728 ;
from : oKwkYw_xZ14UQdvrJFuiI5E87n8w ;
to : gh_6536061e4435 ;
time : 1487379178 ;
type : event ;

2017-02-18 08:52:59 params :
------------
Array:
rule : -2 ;
module :  ;
message : Array ;

2017-02-18 08:52:59 response :
------------

2017-02-18 09:00:21 trace :
------------
Array:
tousername : gh_6536061e4435 ;
fromusername : oKwkYw9oQd9oP62y3bjX2qdY9Zbs ;
createtime : 1487379621 ;
msgtype : event ;
event : SCAN ;
eventkey : 00b75b629b0047609dd8822e8645fe38 ;
ticket : gQEm8TwAAAAAAAAAAS5odHRwOi8vd2VpeGluLnFxLmNvbS9xLzAyTTV3VjBuSDljbzMxMDAwMGcwN3QAAgSVAm5YAwQAAAAA ;
from : oKwkYw9oQd9oP62y3bjX2qdY9Zbs ;
to : gh_6536061e4435 ;
time : 1487379621 ;
type : subscribe ;
scene : 00b75b629b0047609dd8822e8645fe38 ;

2017-02-18 09:13:35 trace :
------------
Array:
tousername : gh_6536061e4435 ;
fromusername : oKwkYw3lc84oO8EI9ymlfSbB9T7Q ;
createtime : 1487380415 ;
msgtype : event ;
event : VIEW ;
eventkey : http://kh39.61why.com/app/index.php?i=2&c=entry&eid=198 ;
menuid : 410600728 ;
from : oKwkYw3lc84oO8EI9ymlfSbB9T7Q ;
to : gh_6536061e4435 ;
time : 1487380415 ;
type : event ;

2017-02-18 09:13:35 params :
------------
Array:
rule : -2 ;
module :  ;
message : Array ;

2017-02-18 09:13:35 response :
------------

2017-02-18 09:15:14 trace :
------------
Array:
tousername : gh_6536061e4435 ;
fromusername : oKwkYw3lc84oO8EI9ymlfSbB9T7Q ;
createtime : 1487380514 ;
msgtype : event ;
event : CLICK ;
eventkey : 二维码 ;
from : oKwkYw3lc84oO8EI9ymlfSbB9T7Q ;
to : gh_6536061e4435 ;
time : 1487380514 ;
type : event ;

2017-02-18 09:15:26 trace :
------------
Array:
tousername : gh_6536061e4435 ;
fromusername : oKwkYw0D7snKw9WJkTr_EzwW-SF0 ;
createtime : 1487380526 ;
msgtype : event ;
event : VIEW ;
eventkey : http://kh39.61why.com/app/index.php?i=2&c=entry&eid=198 ;
menuid : 410600728 ;
from : oKwkYw0D7snKw9WJkTr_EzwW-SF0 ;
to : gh_6536061e4435 ;
time : 1487380526 ;
type : event ;

2017-02-18 09:15:26 params :
------------
Array:
rule : -2 ;
module :  ;
message : Array ;

2017-02-18 09:15:26 response :
------------

2017-02-18 09:34:40 trace :
------------
Array:
tousername : gh_6536061e4435 ;
fromusername : oKwkYwywxtQq-wIoXEPX7RQyBtoE ;
createtime : 1487381680 ;
msgtype : event ;
event : VIEW ;
eventkey : http://kh39.61why.com/app/index.php?i=2&c=entry&eid=198 ;
menuid : 410600728 ;
from : oKwkYwywxtQq-wIoXEPX7RQyBtoE ;
to : gh_6536061e4435 ;
time : 1487381680 ;
type : event ;

2017-02-18 09:34:40 params :
------------
Array:
rule : -2 ;
module :  ;
message : Array ;

2017-02-18 09:34:40 response :
------------

2017-02-18 10:20:10 trace :
------------
Array:
tousername : gh_6536061e4435 ;
fromusername : oKwkYw5aHcyjux9ql6D7O9WEBmx4 ;
createtime : 1487384410 ;
msgtype : event ;
event : VIEW ;
eventkey : http://kh39.61why.com/app/index.php?i=2&c=entry&eid=198 ;
menuid : 410600728 ;
from : oKwkYw5aHcyjux9ql6D7O9WEBmx4 ;
to : gh_6536061e4435 ;
time : 1487384410 ;
type : event ;

2017-02-18 10:20:10 params :
------------
Array:
rule : -2 ;
module :  ;
message : Array ;

2017-02-18 10:20:10 response :
------------

2017-02-18 12:00:08 trace :
------------
Array:
tousername : gh_6536061e4435 ;
fromusername : oKwkYwywxtQq-wIoXEPX7RQyBtoE ;
createtime : 1487390408 ;
msgtype : event ;
event : VIEW ;
eventkey : http://kh39.61why.com/app/index.php?i=2&c=entry&eid=198 ;
menuid : 410600728 ;
from : oKwkYwywxtQq-wIoXEPX7RQyBtoE ;
to : gh_6536061e4435 ;
time : 1487390408 ;
type : event ;

2017-02-18 12:00:08 params :
------------
Array:
rule : -2 ;
module :  ;
message : Array ;

2017-02-18 12:00:08 response :
------------

2017-02-18 12:00:40 trace :
------------
Array:
tousername : gh_6536061e4435 ;
fromusername : oKwkYw8ymNesUSuslekugBdj73NA ;
createtime : 1487390440 ;
msgtype : event ;
event : VIEW ;
eventkey : http://kh39.61why.com/app/index.php?i=2&c=entry&eid=198 ;
menuid : 410600728 ;
from : oKwkYw8ymNesUSuslekugBdj73NA ;
to : gh_6536061e4435 ;
time : 1487390440 ;
type : event ;

2017-02-18 12:00:40 params :
------------
Array:
rule : -2 ;
module :  ;
message : Array ;

2017-02-18 12:00:40 response :
------------

2017-02-18 12:31:39 trace :
------------
Array:
tousername : gh_6536061e4435 ;
fromusername : oKwkYw_xZ14UQdvrJFuiI5E87n8w ;
createtime : 1487392299 ;
msgtype : event ;
event : VIEW ;
eventkey : http://kh39.61why.com/app/index.php?i=2&c=entry&eid=198 ;
menuid : 410600728 ;
from : oKwkYw_xZ14UQdvrJFuiI5E87n8w ;
to : gh_6536061e4435 ;
time : 1487392299 ;
type : event ;

2017-02-18 12:31:40 params :
------------
Array:
rule : -2 ;
module :  ;
message : Array ;

2017-02-18 12:31:40 response :
------------

2017-02-18 12:59:08 trace :
------------
Array:
tousername : gh_6536061e4435 ;
fromusername : oKwkYw6btGFJOaNkITml3nP7tCJQ ;
createtime : 1487393948 ;
msgtype : event ;
event : subscribe ;
eventkey : qrscene_25e80a82210e13a931a20cc3adf9f337 ;
ticket : gQHL8DwAAAAAAAAAAS5odHRwOi8vd2VpeGluLnFxLmNvbS9xLzAyUHBwYTFxSDljbzMxMDAwME0wNzIAAgSpX25YAwQAAAAA ;
from : oKwkYw6btGFJOaNkITml3nP7tCJQ ;
to : gh_6536061e4435 ;
time : 1487393948 ;
type : subscribe ;
scene : 25e80a82210e13a931a20cc3adf9f337 ;

2017-02-18 13:04:05 trace :
------------
Array:
tousername : gh_6536061e4435 ;
fromusername : oKwkYwywEpFgDWbwv_V6u_yoYYIo ;
createtime : 1487394245 ;
msgtype : event ;
event : VIEW ;
eventkey : http://kh39.61why.com/app/index.php?i=2&c=entry&eid=194 ;
menuid : 410600728 ;
from : oKwkYwywEpFgDWbwv_V6u_yoYYIo ;
to : gh_6536061e4435 ;
time : 1487394245 ;
type : event ;

2017-02-18 13:04:05 params :
------------
Array:
rule : -2 ;
module :  ;
message : Array ;

2017-02-18 13:04:05 response :
------------

2017-02-18 13:24:05 trace :
------------
Array:
tousername : gh_6536061e4435 ;
fromusername : oKwkYwywEpFgDWbwv_V6u_yoYYIo ;
createtime : 1487395445 ;
msgtype : event ;
event : VIEW ;
eventkey : http://kh39.61why.com/app/index.php?i=2&c=entry&eid=194 ;
menuid : 410600728 ;
from : oKwkYwywEpFgDWbwv_V6u_yoYYIo ;
to : gh_6536061e4435 ;
time : 1487395445 ;
type : event ;

2017-02-18 13:24:05 params :
------------
Array:
rule : -2 ;
module :  ;
message : Array ;

2017-02-18 13:24:05 response :
------------

2017-02-18 13:24:13 trace :
------------
Array:
tousername : gh_6536061e4435 ;
fromusername : oKwkYwywEpFgDWbwv_V6u_yoYYIo ;
createtime : 1487395452 ;
msgtype : event ;
event : VIEW ;
eventkey : http://kh39.61why.com/app/index.php?i=2&c=entry&eid=198 ;
menuid : 410600728 ;
from : oKwkYwywEpFgDWbwv_V6u_yoYYIo ;
to : gh_6536061e4435 ;
time : 1487395452 ;
type : event ;

2017-02-18 13:24:13 params :
------------
Array:
rule : -2 ;
module :  ;
message : Array ;

2017-02-18 13:24:13 response :
------------

2017-02-18 13:24:26 trace :
------------
Array:
tousername : gh_6536061e4435 ;
fromusername : oKwkYwygZj3Jo-avOMzMfCUtJAEI ;
createtime : 1487395466 ;
msgtype : event ;
event : VIEW ;
eventkey : http://kh39.61why.com/app/index.php?i=2&c=entry&eid=198 ;
menuid : 410600728 ;
from : oKwkYwygZj3Jo-avOMzMfCUtJAEI ;
to : gh_6536061e4435 ;
time : 1487395466 ;
type : event ;

2017-02-18 13:24:26 params :
------------
Array:
rule : -2 ;
module :  ;
message : Array ;

2017-02-18 13:24:26 response :
------------

2017-02-18 13:29:16 trace :
------------
Array:
tousername : gh_6536061e4435 ;
fromusername : oKwkYwywEpFgDWbwv_V6u_yoYYIo ;
createtime : 1487395756 ;
msgtype : event ;
event : VIEW ;
eventkey : http://kh39.61why.com/app/index.php?i=2&c=entry&eid=194 ;
menuid : 410600728 ;
from : oKwkYwywEpFgDWbwv_V6u_yoYYIo ;
to : gh_6536061e4435 ;
time : 1487395756 ;
type : event ;

2017-02-18 13:29:16 params :
------------
Array:
rule : -2 ;
module :  ;
message : Array ;

2017-02-18 13:29:16 response :
------------

2017-02-18 13:29:18 trace :
------------
Array:
tousername : gh_6536061e4435 ;
fromusername : oKwkYwywEpFgDWbwv_V6u_yoYYIo ;
createtime : 1487395758 ;
msgtype : event ;
event : VIEW ;
eventkey : http://kh39.61why.com/app/index.php?i=2&c=entry&eid=198 ;
menuid : 410600728 ;
from : oKwkYwywEpFgDWbwv_V6u_yoYYIo ;
to : gh_6536061e4435 ;
time : 1487395758 ;
type : event ;

2017-02-18 13:29:18 params :
------------
Array:
rule : -2 ;
module :  ;
message : Array ;

2017-02-18 13:29:18 response :
------------

2017-02-18 13:34:31 trace :
------------
Array:
tousername : gh_6536061e4435 ;
fromusername : oKwkYw5Hv5-mrEGrZ572fv2JrB_s ;
createtime : 1487396071 ;
msgtype : event ;
event : VIEW ;
eventkey : http://kh39.61why.com/app/index.php?i=2&c=entry&eid=194 ;
menuid : 410600728 ;
from : oKwkYw5Hv5-mrEGrZ572fv2JrB_s ;
to : gh_6536061e4435 ;
time : 1487396071 ;
type : event ;

2017-02-18 13:34:31 params :
------------
Array:
rule : -2 ;
module :  ;
message : Array ;

2017-02-18 13:34:31 response :
------------

2017-02-18 13:48:16 trace :
------------
Array:
tousername : gh_6536061e4435 ;
fromusername : oKwkYwygZj3Jo-avOMzMfCUtJAEI ;
createtime : 1487396896 ;
msgtype : event ;
event : VIEW ;
eventkey : http://kh39.61why.com/app/index.php?i=2&c=entry&eid=198 ;
menuid : 410600728 ;
from : oKwkYwygZj3Jo-avOMzMfCUtJAEI ;
to : gh_6536061e4435 ;
time : 1487396896 ;
type : event ;

2017-02-18 13:48:16 params :
------------
Array:
rule : -2 ;
module :  ;
message : Array ;

2017-02-18 13:48:16 response :
------------

2017-02-18 13:57:37 trace :
------------
Array:
tousername : gh_6536061e4435 ;
fromusername : oKwkYw7WvuqcS2KUgxH71vq1hjpM ;
createtime : 1487397457 ;
msgtype : event ;
event : VIEW ;
eventkey : http://kh39.61why.com/app/index.php?i=2&c=entry&eid=194 ;
menuid : 410600728 ;
from : oKwkYw7WvuqcS2KUgxH71vq1hjpM ;
to : gh_6536061e4435 ;
time : 1487397457 ;
type : event ;

2017-02-18 13:57:37 params :
------------
Array:
rule : -2 ;
module :  ;
message : Array ;

2017-02-18 13:57:37 response :
------------

2017-02-18 14:01:56 trace :
------------
Array:
tousername : gh_6536061e4435 ;
fromusername : oKwkYwywEpFgDWbwv_V6u_yoYYIo ;
createtime : 1487397716 ;
msgtype : event ;
event : CLICK ;
eventkey : 二维码 ;
from : oKwkYwywEpFgDWbwv_V6u_yoYYIo ;
to : gh_6536061e4435 ;
time : 1487397716 ;
type : event ;

2017-02-18 14:03:05 trace :
------------
Array:
tousername : gh_6536061e4435 ;
fromusername : oKwkYwywEpFgDWbwv_V6u_yoYYIo ;
createtime : 1487397785 ;
msgtype : event ;
event : VIEW ;
eventkey : http://kh39.61why.com/app/index.php?i=2&c=entry&eid=194 ;
menuid : 410600728 ;
from : oKwkYwywEpFgDWbwv_V6u_yoYYIo ;
to : gh_6536061e4435 ;
time : 1487397785 ;
type : event ;

2017-02-18 14:03:05 params :
------------
Array:
rule : -2 ;
module :  ;
message : Array ;

2017-02-18 14:03:05 response :
------------

2017-02-18 16:36:06 trace :
------------
Array:
tousername : gh_6536061e4435 ;
fromusername : oKwkYw_J9RB_cOVK9fQ1pD5O99Eo ;
createtime : 1487406966 ;
msgtype : event ;
event : VIEW ;
eventkey : http://kh39.61why.com/app/index.php?i=2&c=entry&eid=194 ;
menuid : 410600728 ;
from : oKwkYw_J9RB_cOVK9fQ1pD5O99Eo ;
to : gh_6536061e4435 ;
time : 1487406966 ;
type : event ;

2017-02-18 16:36:06 params :
------------
Array:
rule : -2 ;
module :  ;
message : Array ;

2017-02-18 16:36:06 response :
------------

2017-02-18 17:00:02 trace :
------------
Array:
tousername : gh_6536061e4435 ;
fromusername : oKwkYw0D7snKw9WJkTr_EzwW-SF0 ;
createtime : 1487408402 ;
msgtype : event ;
event : VIEW ;
eventkey : http://kh39.61why.com/app/index.php?i=2&c=entry&eid=198 ;
menuid : 410600728 ;
from : oKwkYw0D7snKw9WJkTr_EzwW-SF0 ;
to : gh_6536061e4435 ;
time : 1487408402 ;
type : event ;

2017-02-18 17:00:02 params :
------------
Array:
rule : -2 ;
module :  ;
message : Array ;

2017-02-18 17:00:02 response :
------------

2017-02-18 17:13:37 trace :
------------
Array:
tousername : gh_6536061e4435 ;
fromusername : oKwkYw7K9xHIr91Csk-qENfcagnM ;
createtime : 1487409216 ;
msgtype : event ;
event : VIEW ;
eventkey : http://kh39.61why.com/app/index.php?i=2&c=entry&eid=194 ;
menuid : 410600728 ;
from : oKwkYw7K9xHIr91Csk-qENfcagnM ;
to : gh_6536061e4435 ;
time : 1487409216 ;
type : event ;

2017-02-18 17:13:37 params :
------------
Array:
rule : -2 ;
module :  ;
message : Array ;

2017-02-18 17:13:37 response :
------------

2017-02-18 17:13:44 trace :
------------
Array:
tousername : gh_6536061e4435 ;
fromusername : oKwkYw7K9xHIr91Csk-qENfcagnM ;
createtime : 1487409224 ;
msgtype : event ;
event : VIEW ;
eventkey : http://kh39.61why.com/app/index.php?i=2&c=entry&eid=194 ;
menuid : 410600728 ;
from : oKwkYw7K9xHIr91Csk-qENfcagnM ;
to : gh_6536061e4435 ;
time : 1487409224 ;
type : event ;

2017-02-18 17:13:44 params :
------------
Array:
rule : -2 ;
module :  ;
message : Array ;

2017-02-18 17:13:44 response :
------------

2017-02-18 17:22:07 trace :
------------
Array:
tousername : gh_6536061e4435 ;
fromusername : oKwkYw-344VhxLo3QYo8Gp0iIH2k ;
createtime : 1487409727 ;
msgtype : event ;
event : subscribe ;
eventkey : qrscene_25e80a82210e13a931a20cc3adf9f337 ;
ticket : gQHL8DwAAAAAAAAAAS5odHRwOi8vd2VpeGluLnFxLmNvbS9xLzAyUHBwYTFxSDljbzMxMDAwME0wNzIAAgSpX25YAwQAAAAA ;
from : oKwkYw-344VhxLo3QYo8Gp0iIH2k ;
to : gh_6536061e4435 ;
time : 1487409727 ;
type : subscribe ;
scene : 25e80a82210e13a931a20cc3adf9f337 ;

2017-02-18 17:22:38 trace :
------------
Array:
tousername : gh_6536061e4435 ;
fromusername : oKwkYw-344VhxLo3QYo8Gp0iIH2k ;
createtime : 1487409758 ;
msgtype : event ;
event : VIEW ;
eventkey : http://kh39.61why.com/app/index.php?i=2&c=entry&eid=194 ;
menuid : 410600728 ;
from : oKwkYw-344VhxLo3QYo8Gp0iIH2k ;
to : gh_6536061e4435 ;
time : 1487409758 ;
type : event ;

2017-02-18 17:22:38 params :
------------
Array:
rule : -2 ;
module :  ;
message : Array ;

2017-02-18 17:22:38 response :
------------

2017-02-18 17:46:48 trace :
------------
Array:
tousername : gh_6536061e4435 ;
fromusername : oKwkYw9oQd9oP62y3bjX2qdY9Zbs ;
createtime : 1487411208 ;
msgtype : event ;
event : VIEW ;
eventkey : http://kh39.61why.com/app/index.php?i=2&c=entry&eid=198 ;
menuid : 410600728 ;
from : oKwkYw9oQd9oP62y3bjX2qdY9Zbs ;
to : gh_6536061e4435 ;
time : 1487411208 ;
type : event ;

2017-02-18 17:46:48 params :
------------
Array:
rule : -2 ;
module :  ;
message : Array ;

2017-02-18 17:46:48 response :
------------

2017-02-18 17:47:45 trace :
------------
Array:
tousername : gh_6536061e4435 ;
fromusername : oKwkYw9oQd9oP62y3bjX2qdY9Zbs ;
createtime : 1487411265 ;
msgtype : event ;
event : CLICK ;
eventkey : 二维码 ;
from : oKwkYw9oQd9oP62y3bjX2qdY9Zbs ;
to : gh_6536061e4435 ;
time : 1487411265 ;
type : event ;

2017-02-18 17:47:45 trace :
------------
Array:
tousername : gh_6536061e4435 ;
fromusername : oKwkYw9oQd9oP62y3bjX2qdY9Zbs ;
createtime : 1487411265 ;
msgtype : event ;
event : VIEW ;
eventkey : http://kh39.61why.com/app/index.php?i=2&c=entry&eid=198 ;
menuid : 410600728 ;
from : oKwkYw9oQd9oP62y3bjX2qdY9Zbs ;
to : gh_6536061e4435 ;
time : 1487411265 ;
type : event ;

2017-02-18 17:47:45 params :
------------
Array:
rule : -2 ;
module :  ;
message : Array ;

2017-02-18 17:47:45 response :
------------

2017-02-18 18:01:44 trace :
------------
Array:
tousername : gh_6536061e4435 ;
fromusername : oKwkYw7K9xHIr91Csk-qENfcagnM ;
createtime : 1487412104 ;
msgtype : event ;
event : VIEW ;
eventkey : http://kh39.61why.com/app/index.php?i=2&c=entry&eid=194 ;
menuid : 410600728 ;
from : oKwkYw7K9xHIr91Csk-qENfcagnM ;
to : gh_6536061e4435 ;
time : 1487412104 ;
type : event ;

2017-02-18 18:01:44 params :
------------
Array:
rule : -2 ;
module :  ;
message : Array ;

2017-02-18 18:01:44 response :
------------

2017-02-18 18:01:47 trace :
------------
Array:
tousername : gh_6536061e4435 ;
fromusername : oKwkYw7K9xHIr91Csk-qENfcagnM ;
createtime : 1487412107 ;
msgtype : event ;
event : VIEW ;
eventkey : http://kh39.61why.com/app/index.php?i=2&c=entry&eid=198 ;
menuid : 410600728 ;
from : oKwkYw7K9xHIr91Csk-qENfcagnM ;
to : gh_6536061e4435 ;
time : 1487412107 ;
type : event ;

2017-02-18 18:01:47 params :
------------
Array:
rule : -2 ;
module :  ;
message : Array ;

2017-02-18 18:01:47 response :
------------

2017-02-18 18:46:07 trace :
------------
Array:
tousername : gh_6536061e4435 ;
fromusername : oKwkYw0wycvcARBu3LHWHCxOd3a0 ;
createtime : 1487414766 ;
msgtype : event ;
event : VIEW ;
eventkey : http://kh39.61why.com/app/index.php?i=2&c=entry&eid=198 ;
menuid : 410600728 ;
from : oKwkYw0wycvcARBu3LHWHCxOd3a0 ;
to : gh_6536061e4435 ;
time : 1487414766 ;
type : event ;

2017-02-18 18:46:07 params :
------------
Array:
rule : -2 ;
module :  ;
message : Array ;

2017-02-18 18:46:07 response :
------------

2017-02-18 19:00:33 trace :
------------
Array:
tousername : gh_6536061e4435 ;
fromusername : oKwkYwygZj3Jo-avOMzMfCUtJAEI ;
createtime : 1487415633 ;
msgtype : event ;
event : VIEW ;
eventkey : http://kh39.61why.com/app/index.php?i=2&c=entry&eid=194 ;
menuid : 410600728 ;
from : oKwkYwygZj3Jo-avOMzMfCUtJAEI ;
to : gh_6536061e4435 ;
time : 1487415633 ;
type : event ;

2017-02-18 19:00:33 params :
------------
Array:
rule : -2 ;
module :  ;
message : Array ;

2017-02-18 19:00:33 response :
------------

2017-02-18 19:21:04 trace :
------------
Array:
tousername : gh_0ad70057b777 ;
fromusername : o26ibjsrSJzYjD-yXvhf2mf0Ttf8 ;
createtime : 1487416864 ;
msgtype : event ;
event : VIEW ;
eventkey : http://kh39.61why.com/app/index.php?i=2&c=entry&eid=198 ;
menuid : 411738532 ;
from : o26ibjsrSJzYjD-yXvhf2mf0Ttf8 ;
to : gh_0ad70057b777 ;
time : 1487416864 ;
type : event ;

2017-02-18 19:21:04 params :
------------
Array:
rule : -2 ;
module :  ;
message : Array ;

2017-02-18 19:21:04 response :
------------

2017-02-18 19:22:05 trace :
------------
Array:
tousername : gh_0ad70057b777 ;
fromusername : o26ibjsrSJzYjD-yXvhf2mf0Ttf8 ;
createtime : 1487416925 ;
msgtype : event ;
event : VIEW ;
eventkey : http://kh39.61why.com/app/index.php?i=2&c=entry&eid=194 ;
menuid : 411738532 ;
from : o26ibjsrSJzYjD-yXvhf2mf0Ttf8 ;
to : gh_0ad70057b777 ;
time : 1487416925 ;
type : event ;

2017-02-18 19:22:05 params :
------------
Array:
rule : -2 ;
module :  ;
message : Array ;

2017-02-18 19:22:05 response :
------------

2017-02-18 19:22:06 trace :
------------
Array:
tousername : gh_0ad70057b777 ;
fromusername : o26ibjsrSJzYjD-yXvhf2mf0Ttf8 ;
createtime : 1487416926 ;
msgtype : event ;
event : VIEW ;
eventkey : http://kh39.61why.com/app/index.php?i=2&c=entry&eid=194 ;
menuid : 411738532 ;
from : o26ibjsrSJzYjD-yXvhf2mf0Ttf8 ;
to : gh_0ad70057b777 ;
time : 1487416926 ;
type : event ;

2017-02-18 19:22:06 params :
------------
Array:
rule : -2 ;
module :  ;
message : Array ;

2017-02-18 19:22:06 response :
------------

2017-02-18 19:23:55 trace :
------------
Array:
tousername : gh_0ad70057b777 ;
fromusername : o26ibjsrSJzYjD-yXvhf2mf0Ttf8 ;
createtime : 1487417035 ;
msgtype : event ;
event : VIEW ;
eventkey : http://kh39.61why.com/app/index.php?i=2&c=entry&eid=194 ;
menuid : 411738532 ;
from : o26ibjsrSJzYjD-yXvhf2mf0Ttf8 ;
to : gh_0ad70057b777 ;
time : 1487417035 ;
type : event ;

2017-02-18 19:23:55 params :
------------
Array:
rule : -2 ;
module :  ;
message : Array ;

2017-02-18 19:23:55 response :
------------

2017-02-18 19:25:30 trace :
------------
Array:
tousername : gh_6536061e4435 ;
fromusername : oKwkYw-344VhxLo3QYo8Gp0iIH2k ;
createtime : 1487417130 ;
msgtype : event ;
event : VIEW ;
eventkey : http://kh39.61why.com/app/index.php?i=2&c=entry&eid=194 ;
menuid : 410600728 ;
from : oKwkYw-344VhxLo3QYo8Gp0iIH2k ;
to : gh_6536061e4435 ;
time : 1487417130 ;
type : event ;

2017-02-18 19:25:30 params :
------------
Array:
rule : -2 ;
module :  ;
message : Array ;

2017-02-18 19:25:30 response :
------------

2017-02-18 19:59:17 trace :
------------
Array:
tousername : gh_6536061e4435 ;
fromusername : oKwkYw9A27iCE2wbx5IXncAJ21Sw ;
createtime : 1487419157 ;
msgtype : event ;
event : VIEW ;
eventkey : http://kh39.61why.com/app/index.php?i=2&c=entry&eid=194 ;
menuid : 410600728 ;
from : oKwkYw9A27iCE2wbx5IXncAJ21Sw ;
to : gh_6536061e4435 ;
time : 1487419157 ;
type : event ;

2017-02-18 19:59:17 params :
------------
Array:
rule : -2 ;
module :  ;
message : Array ;

2017-02-18 19:59:17 response :
------------

2017-02-18 19:59:27 trace :
------------
Array:
tousername : gh_6536061e4435 ;
fromusername : oKwkYw9A27iCE2wbx5IXncAJ21Sw ;
createtime : 1487419167 ;
msgtype : event ;
event : VIEW ;
eventkey : http://kh39.61why.com/app/index.php?i=2&c=entry&eid=198 ;
menuid : 410600728 ;
from : oKwkYw9A27iCE2wbx5IXncAJ21Sw ;
to : gh_6536061e4435 ;
time : 1487419167 ;
type : event ;

2017-02-18 19:59:27 params :
------------
Array:
rule : -2 ;
module :  ;
message : Array ;

2017-02-18 19:59:27 response :
------------

2017-02-18 20:04:54 trace :
------------
Array:
tousername : gh_6536061e4435 ;
fromusername : oKwkYw3lc84oO8EI9ymlfSbB9T7Q ;
createtime : 1487419494 ;
msgtype : event ;
event : VIEW ;
eventkey : http://kh39.61why.com/app/index.php?i=2&c=entry&eid=198 ;
menuid : 410600728 ;
from : oKwkYw3lc84oO8EI9ymlfSbB9T7Q ;
to : gh_6536061e4435 ;
time : 1487419494 ;
type : event ;

2017-02-18 20:04:54 params :
------------
Array:
rule : -2 ;
module :  ;
message : Array ;

2017-02-18 20:04:54 response :
------------

2017-02-18 20:28:29 trace :
------------
Array:
tousername : gh_6536061e4435 ;
fromusername : oKwkYw_xZ14UQdvrJFuiI5E87n8w ;
createtime : 1487420909 ;
msgtype : event ;
event : VIEW ;
eventkey : http://kh39.61why.com/app/index.php?i=2&c=entry&eid=198 ;
menuid : 410600728 ;
from : oKwkYw_xZ14UQdvrJFuiI5E87n8w ;
to : gh_6536061e4435 ;
time : 1487420909 ;
type : event ;

2017-02-18 20:28:29 params :
------------
Array:
rule : -2 ;
module :  ;
message : Array ;

2017-02-18 20:28:29 response :
------------

