2017-02-14 00:13:19 trace :
------------
Array:
tousername : gh_6536061e4435 ;
fromusername : oKwkYwzAxW1ankwPcu4pqbwb8ZXU ;
createtime : 1487002399 ;
msgtype : event ;
event : VIEW ;
eventkey : http://kh39.61why.com/app/index.php?i=2&c=entry&eid=198 ;
menuid : 410600728 ;
from : oKwkYwzAxW1ankwPcu4pqbwb8ZXU ;
to : gh_6536061e4435 ;
time : 1487002399 ;
type : event ;

2017-02-14 00:13:19 params :
------------
Array:
rule : -2 ;
module :  ;
message : Array ;

2017-02-14 00:13:19 response :
------------

2017-02-14 01:42:52 trace :
------------
Array:
tousername : gh_6536061e4435 ;
fromusername : oKwkYw_imcO7cqrgletDysQnULwk ;
createtime : 1487007772 ;
msgtype : event ;
event : VIEW ;
eventkey : http://kh39.61why.com/app/index.php?i=2&c=entry&eid=198 ;
menuid : 410600728 ;
from : oKwkYw_imcO7cqrgletDysQnULwk ;
to : gh_6536061e4435 ;
time : 1487007772 ;
type : event ;

2017-02-14 01:42:52 params :
------------
Array:
rule : -2 ;
module :  ;
message : Array ;

2017-02-14 01:42:52 response :
------------

2017-02-14 07:41:51 trace :
------------
Array:
tousername : gh_6536061e4435 ;
fromusername : oKwkYw4GCEbpC-zcToEX65-KcXI4 ;
createtime : 1487029310 ;
msgtype : event ;
event : VIEW ;
eventkey : http://kh39.61why.com/app/index.php?i=2&c=entry&eid=198 ;
menuid : 410600728 ;
from : oKwkYw4GCEbpC-zcToEX65-KcXI4 ;
to : gh_6536061e4435 ;
time : 1487029310 ;
type : event ;

2017-02-14 07:41:51 params :
------------
Array:
rule : -2 ;
module :  ;
message : Array ;

2017-02-14 07:41:51 response :
------------

2017-02-14 08:20:19 trace :
------------
Array:
tousername : gh_6536061e4435 ;
fromusername : oKwkYw5aHcyjux9ql6D7O9WEBmx4 ;
createtime : 1487031619 ;
msgtype : event ;
event : VIEW ;
eventkey : http://kh39.61why.com/app/index.php?i=2&c=entry&eid=198 ;
menuid : 410600728 ;
from : oKwkYw5aHcyjux9ql6D7O9WEBmx4 ;
to : gh_6536061e4435 ;
time : 1487031619 ;
type : event ;

2017-02-14 08:20:19 params :
------------
Array:
rule : -2 ;
module :  ;
message : Array ;

2017-02-14 08:20:19 response :
------------

2017-02-14 08:54:04 trace :
------------
Array:
tousername : gh_6536061e4435 ;
fromusername : oKwkYw0D7snKw9WJkTr_EzwW-SF0 ;
createtime : 1487033644 ;
msgtype : event ;
event : VIEW ;
eventkey : http://kh39.61why.com/app/index.php?i=2&c=entry&eid=198 ;
menuid : 410600728 ;
from : oKwkYw0D7snKw9WJkTr_EzwW-SF0 ;
to : gh_6536061e4435 ;
time : 1487033644 ;
type : event ;

2017-02-14 08:54:04 params :
------------
Array:
rule : -2 ;
module :  ;
message : Array ;

2017-02-14 08:54:04 response :
------------

2017-02-14 09:19:41 trace :
------------
Array:
tousername : gh_6536061e4435 ;
fromusername : oKwkYw_imcO7cqrgletDysQnULwk ;
createtime : 1487035181 ;
msgtype : event ;
event : VIEW ;
eventkey : http://kh39.61why.com/app/index.php?i=2&c=entry&eid=198 ;
menuid : 410600728 ;
from : oKwkYw_imcO7cqrgletDysQnULwk ;
to : gh_6536061e4435 ;
time : 1487035181 ;
type : event ;

2017-02-14 09:19:41 params :
------------
Array:
rule : -2 ;
module :  ;
message : Array ;

2017-02-14 09:19:41 response :
------------

2017-02-14 09:30:05 trace :
------------
Array:
tousername : gh_6536061e4435 ;
fromusername : oKwkYwywxtQq-wIoXEPX7RQyBtoE ;
createtime : 1487035805 ;
msgtype : event ;
event : VIEW ;
eventkey : http://kh39.61why.com/app/index.php?i=2&c=entry&eid=198 ;
menuid : 410600728 ;
from : oKwkYwywxtQq-wIoXEPX7RQyBtoE ;
to : gh_6536061e4435 ;
time : 1487035805 ;
type : event ;

2017-02-14 09:30:05 params :
------------
Array:
rule : -2 ;
module :  ;
message : Array ;

2017-02-14 09:30:05 response :
------------

2017-02-14 09:30:49 trace :
------------
Array:
tousername : gh_6536061e4435 ;
fromusername : oKwkYwwvf2fXx7qwZyoHRIkX1u7s ;
createtime : 1487035849 ;
msgtype : event ;
event : subscribe ;
eventkey : Array ;
from : oKwkYwwvf2fXx7qwZyoHRIkX1u7s ;
to : gh_6536061e4435 ;
time : 1487035849 ;
type : subscribe ;

2017-02-14 09:30:49 params :
------------
Array:
rule : -2 ;
module :  ;
message : Array ;

2017-02-14 09:30:49 response :
------------

2017-02-14 09:31:36 trace :
------------
Array:
tousername : gh_6536061e4435 ;
fromusername : oKwkYw_imcO7cqrgletDysQnULwk ;
createtime : 1487035896 ;
msgtype : event ;
event : VIEW ;
eventkey : http://kh39.61why.com/app/index.php?i=2&c=entry&eid=194 ;
menuid : 410600728 ;
from : oKwkYw_imcO7cqrgletDysQnULwk ;
to : gh_6536061e4435 ;
time : 1487035896 ;
type : event ;

2017-02-14 09:31:36 params :
------------
Array:
rule : -2 ;
module :  ;
message : Array ;

2017-02-14 09:31:36 response :
------------

2017-02-14 09:31:40 trace :
------------
Array:
tousername : gh_6536061e4435 ;
fromusername : oKwkYw_imcO7cqrgletDysQnULwk ;
createtime : 1487035900 ;
msgtype : event ;
event : VIEW ;
eventkey : http://kh39.61why.com/app/index.php?i=2&c=entry&eid=198 ;
menuid : 410600728 ;
from : oKwkYw_imcO7cqrgletDysQnULwk ;
to : gh_6536061e4435 ;
time : 1487035900 ;
type : event ;

2017-02-14 09:31:40 params :
------------
Array:
rule : -2 ;
module :  ;
message : Array ;

2017-02-14 09:31:40 response :
------------

2017-02-14 09:32:44 trace :
------------
Array:
tousername : gh_6536061e4435 ;
fromusername : oKwkYw_imcO7cqrgletDysQnULwk ;
createtime : 1487035964 ;
msgtype : event ;
event : VIEW ;
eventkey : http://kh39.61why.com/app/index.php?i=2&c=entry&eid=198 ;
menuid : 410600728 ;
from : oKwkYw_imcO7cqrgletDysQnULwk ;
to : gh_6536061e4435 ;
time : 1487035964 ;
type : event ;

2017-02-14 09:32:44 params :
------------
Array:
rule : -2 ;
module :  ;
message : Array ;

2017-02-14 09:32:44 response :
------------

2017-02-14 10:10:58 trace :
------------
Array:
tousername : gh_6536061e4435 ;
fromusername : oKwkYwwYq4EhByxPFosA0Iv5zEok ;
createtime : 1487038258 ;
msgtype : event ;
event : VIEW ;
eventkey : http://kh39.61why.com/app/index.php?i=2&c=entry&eid=194 ;
menuid : 410600728 ;
from : oKwkYwwYq4EhByxPFosA0Iv5zEok ;
to : gh_6536061e4435 ;
time : 1487038258 ;
type : event ;

2017-02-14 10:10:58 params :
------------
Array:
rule : -2 ;
module :  ;
message : Array ;

2017-02-14 10:10:58 response :
------------

2017-02-14 10:30:30 trace :
------------
Array:
tousername : gh_6536061e4435 ;
fromusername : oKwkYwwYq4EhByxPFosA0Iv5zEok ;
createtime : 1487039430 ;
msgtype : event ;
event : VIEW ;
eventkey : http://kh39.61why.com/app/index.php?i=2&c=entry&eid=194 ;
menuid : 410600728 ;
from : oKwkYwwYq4EhByxPFosA0Iv5zEok ;
to : gh_6536061e4435 ;
time : 1487039430 ;
type : event ;

2017-02-14 10:30:30 params :
------------
Array:
rule : -2 ;
module :  ;
message : Array ;

2017-02-14 10:30:30 response :
------------

2017-02-14 10:55:01 trace :
------------
Array:
tousername : gh_0ad70057b777 ;
fromusername : o26ibjs_W_7eP-TJwTqIeWtz4zyc ;
createtime : 1487040901 ;
msgtype : event ;
event : VIEW ;
eventkey : http://kh39.61why.com/app/index.php?i=2&c=entry&eid=194 ;
menuid : 411738532 ;
from : o26ibjs_W_7eP-TJwTqIeWtz4zyc ;
to : gh_0ad70057b777 ;
time : 1487040901 ;
type : event ;

2017-02-14 10:55:01 params :
------------
Array:
rule : -2 ;
module :  ;
message : Array ;

2017-02-14 10:55:01 response :
------------

2017-02-14 10:55:47 trace :
------------
Array:
tousername : gh_6536061e4435 ;
fromusername : oKwkYw9HGUB7VajUQbH3y3U0JgV0 ;
createtime : 1487040947 ;
msgtype : event ;
event : VIEW ;
eventkey : http://kh39.61why.com/app/index.php?i=2&c=entry&eid=194 ;
menuid : 410600728 ;
from : oKwkYw9HGUB7VajUQbH3y3U0JgV0 ;
to : gh_6536061e4435 ;
time : 1487040947 ;
type : event ;

2017-02-14 10:55:47 params :
------------
Array:
rule : -2 ;
module :  ;
message : Array ;

2017-02-14 10:55:47 response :
------------

2017-02-14 10:55:49 trace :
------------
Array:
tousername : gh_6536061e4435 ;
fromusername : oKwkYw9HGUB7VajUQbH3y3U0JgV0 ;
createtime : 1487040949 ;
msgtype : event ;
event : VIEW ;
eventkey : http://kh39.61why.com/app/index.php?i=2&c=entry&eid=198 ;
menuid : 410600728 ;
from : oKwkYw9HGUB7VajUQbH3y3U0JgV0 ;
to : gh_6536061e4435 ;
time : 1487040949 ;
type : event ;

2017-02-14 10:55:49 params :
------------
Array:
rule : -2 ;
module :  ;
message : Array ;

2017-02-14 10:55:49 response :
------------

2017-02-14 10:56:35 trace :
------------
Array:
tousername : gh_6536061e4435 ;
fromusername : oKwkYw9HGUB7VajUQbH3y3U0JgV0 ;
createtime : 1487040995 ;
msgtype : event ;
event : VIEW ;
eventkey : http://kh39.61why.com/app/index.php?i=2&c=entry&eid=194 ;
menuid : 410600728 ;
from : oKwkYw9HGUB7VajUQbH3y3U0JgV0 ;
to : gh_6536061e4435 ;
time : 1487040995 ;
type : event ;

2017-02-14 10:56:35 params :
------------
Array:
rule : -2 ;
module :  ;
message : Array ;

2017-02-14 10:56:35 response :
------------

2017-02-14 10:59:36 trace :
------------
Array:
tousername : gh_6536061e4435 ;
fromusername : oKwkYw7WvuqcS2KUgxH71vq1hjpM ;
createtime : 1487041176 ;
msgtype : event ;
event : VIEW ;
eventkey : http://kh39.61why.com/app/index.php?i=2&c=entry&eid=198 ;
menuid : 410600728 ;
from : oKwkYw7WvuqcS2KUgxH71vq1hjpM ;
to : gh_6536061e4435 ;
time : 1487041176 ;
type : event ;

2017-02-14 10:59:36 params :
------------
Array:
rule : -2 ;
module :  ;
message : Array ;

2017-02-14 10:59:36 response :
------------

2017-02-14 11:01:06 trace :
------------
Array:
tousername : gh_6536061e4435 ;
fromusername : oKwkYwywxtQq-wIoXEPX7RQyBtoE ;
createtime : 1487041266 ;
msgtype : event ;
event : VIEW ;
eventkey : http://kh39.61why.com/app/index.php?i=2&c=entry&eid=198 ;
menuid : 410600728 ;
from : oKwkYwywxtQq-wIoXEPX7RQyBtoE ;
to : gh_6536061e4435 ;
time : 1487041266 ;
type : event ;

2017-02-14 11:01:06 params :
------------
Array:
rule : -2 ;
module :  ;
message : Array ;

2017-02-14 11:01:06 response :
------------

2017-02-14 11:02:15 trace :
------------
Array:
tousername : gh_6536061e4435 ;
fromusername : oKwkYw5S8zWw6zCS6dGdWuuV95fM ;
createtime : 1487041335 ;
msgtype : event ;
event : VIEW ;
eventkey : http://kh39.61why.com/app/index.php?i=2&c=entry&eid=194 ;
menuid : 410600728 ;
from : oKwkYw5S8zWw6zCS6dGdWuuV95fM ;
to : gh_6536061e4435 ;
time : 1487041335 ;
type : event ;

2017-02-14 11:02:15 params :
------------
Array:
rule : -2 ;
module :  ;
message : Array ;

2017-02-14 11:02:15 response :
------------

2017-02-14 11:07:59 trace :
------------
Array:
tousername : gh_6536061e4435 ;
fromusername : oKwkYw5S8zWw6zCS6dGdWuuV95fM ;
createtime : 1487041679 ;
msgtype : event ;
event : VIEW ;
eventkey : http://kh39.61why.com/app/index.php?i=2&c=entry&eid=194 ;
menuid : 410600728 ;
from : oKwkYw5S8zWw6zCS6dGdWuuV95fM ;
to : gh_6536061e4435 ;
time : 1487041679 ;
type : event ;

2017-02-14 11:07:59 params :
------------
Array:
rule : -2 ;
module :  ;
message : Array ;

2017-02-14 11:07:59 response :
------------

2017-02-14 11:08:25 trace :
------------
Array:
tousername : gh_6536061e4435 ;
fromusername : oKwkYw5S8zWw6zCS6dGdWuuV95fM ;
createtime : 1487041705 ;
msgtype : event ;
event : VIEW ;
eventkey : http://kh39.61why.com/app/index.php?i=2&c=entry&eid=194 ;
menuid : 410600728 ;
from : oKwkYw5S8zWw6zCS6dGdWuuV95fM ;
to : gh_6536061e4435 ;
time : 1487041705 ;
type : event ;

2017-02-14 11:08:25 params :
------------
Array:
rule : -2 ;
module :  ;
message : Array ;

2017-02-14 11:08:25 response :
------------

2017-02-14 11:15:33 trace :
------------
Array:
tousername : gh_6536061e4435 ;
fromusername : oKwkYw9HGUB7VajUQbH3y3U0JgV0 ;
createtime : 1487042133 ;
msgtype : event ;
event : VIEW ;
eventkey : http://kh39.61why.com/app/index.php?i=2&c=entry&eid=198 ;
menuid : 410600728 ;
from : oKwkYw9HGUB7VajUQbH3y3U0JgV0 ;
to : gh_6536061e4435 ;
time : 1487042133 ;
type : event ;

2017-02-14 11:15:33 params :
------------
Array:
rule : -2 ;
module :  ;
message : Array ;

2017-02-14 11:15:33 response :
------------

2017-02-14 11:20:14 trace :
------------
Array:
tousername : gh_6536061e4435 ;
fromusername : oKwkYw5S8zWw6zCS6dGdWuuV95fM ;
createtime : 1487042414 ;
msgtype : event ;
event : VIEW ;
eventkey : http://kh39.61why.com/app/index.php?i=2&c=entry&eid=198 ;
menuid : 410600728 ;
from : oKwkYw5S8zWw6zCS6dGdWuuV95fM ;
to : gh_6536061e4435 ;
time : 1487042414 ;
type : event ;

2017-02-14 11:20:14 params :
------------
Array:
rule : -2 ;
module :  ;
message : Array ;

2017-02-14 11:20:14 response :
------------

2017-02-14 11:35:14 trace :
------------
Array:
tousername : gh_6536061e4435 ;
fromusername : oKwkYw5S8zWw6zCS6dGdWuuV95fM ;
createtime : 1487043314 ;
msgtype : event ;
event : VIEW ;
eventkey : http://kh39.61why.com/app/index.php?i=2&c=entry&eid=198 ;
menuid : 410600728 ;
from : oKwkYw5S8zWw6zCS6dGdWuuV95fM ;
to : gh_6536061e4435 ;
time : 1487043314 ;
type : event ;

2017-02-14 11:35:14 params :
------------
Array:
rule : -2 ;
module :  ;
message : Array ;

2017-02-14 11:35:14 response :
------------

2017-02-14 11:39:33 trace :
------------
Array:
tousername : gh_6536061e4435 ;
fromusername : oKwkYw9HGUB7VajUQbH3y3U0JgV0 ;
createtime : 1487043572 ;
msgtype : event ;
event : VIEW ;
eventkey : http://kh39.61why.com/app/index.php?i=2&c=entry&eid=198 ;
menuid : 410600728 ;
from : oKwkYw9HGUB7VajUQbH3y3U0JgV0 ;
to : gh_6536061e4435 ;
time : 1487043572 ;
type : event ;

2017-02-14 11:39:33 params :
------------
Array:
rule : -2 ;
module :  ;
message : Array ;

2017-02-14 11:39:33 response :
------------

2017-02-14 12:20:27 trace :
------------
Array:
tousername : gh_6536061e4435 ;
fromusername : oKwkYwz_FtGom2eSyG1qwUGFxNiA ;
createtime : 1487046026 ;
msgtype : event ;
event : VIEW ;
eventkey : http://kh39.61why.com/app/index.php?i=2&c=entry&eid=198 ;
menuid : 410600728 ;
from : oKwkYwz_FtGom2eSyG1qwUGFxNiA ;
to : gh_6536061e4435 ;
time : 1487046026 ;
type : event ;

2017-02-14 12:20:27 params :
------------
Array:
rule : -2 ;
module :  ;
message : Array ;

2017-02-14 12:20:27 response :
------------

2017-02-14 12:38:25 trace :
------------
Array:
tousername : gh_6536061e4435 ;
fromusername : oKwkYwxRXLqXa1bRe-yzyc0K7by0 ;
createtime : 1487047105 ;
msgtype : event ;
event : SCAN ;
eventkey : 3192547395f698f9aa63c4121a0ac948 ;
ticket : gQEQ8jwAAAAAAAAAAS5odHRwOi8vd2VpeGluLnFxLmNvbS9xLzAydWY4ajBwSDljbzMxMDAwMHcwN0oAAgS_pqFYAwQAAAAA ;
from : oKwkYwxRXLqXa1bRe-yzyc0K7by0 ;
to : gh_6536061e4435 ;
time : 1487047105 ;
type : subscribe ;
scene : 3192547395f698f9aa63c4121a0ac948 ;

2017-02-14 12:38:57 trace :
------------
Array:
tousername : gh_6536061e4435 ;
fromusername : oKwkYwxRXLqXa1bRe-yzyc0K7by0 ;
createtime : 1487047137 ;
msgtype : event ;
event : VIEW ;
eventkey : http://kh39.61why.com/app/index.php?i=2&c=entry&eid=198 ;
menuid : 410600728 ;
from : oKwkYwxRXLqXa1bRe-yzyc0K7by0 ;
to : gh_6536061e4435 ;
time : 1487047137 ;
type : event ;

2017-02-14 12:38:57 params :
------------
Array:
rule : -2 ;
module :  ;
message : Array ;

2017-02-14 12:38:57 response :
------------

2017-02-14 12:39:16 trace :
------------
Array:
tousername : gh_6536061e4435 ;
fromusername : oKwkYwxRXLqXa1bRe-yzyc0K7by0 ;
createtime : 1487047156 ;
msgtype : event ;
event : VIEW ;
eventkey : http://kh39.61why.com/app/index.php?i=2&c=entry&eid=198 ;
menuid : 410600728 ;
from : oKwkYwxRXLqXa1bRe-yzyc0K7by0 ;
to : gh_6536061e4435 ;
time : 1487047156 ;
type : event ;

2017-02-14 12:39:16 params :
------------
Array:
rule : -2 ;
module :  ;
message : Array ;

2017-02-14 12:39:16 response :
------------

2017-02-14 12:45:14 trace :
------------
Array:
tousername : gh_6536061e4435 ;
fromusername : oKwkYw7WvuqcS2KUgxH71vq1hjpM ;
createtime : 1487047514 ;
msgtype : event ;
event : VIEW ;
eventkey : http://kh39.61why.com/app/index.php?i=2&c=entry&eid=198 ;
menuid : 410600728 ;
from : oKwkYw7WvuqcS2KUgxH71vq1hjpM ;
to : gh_6536061e4435 ;
time : 1487047514 ;
type : event ;

2017-02-14 12:45:14 params :
------------
Array:
rule : -2 ;
module :  ;
message : Array ;

2017-02-14 12:45:14 response :
------------

2017-02-14 12:45:54 trace :
------------
Array:
tousername : gh_6536061e4435 ;
fromusername : oKwkYw7WvuqcS2KUgxH71vq1hjpM ;
createtime : 1487047554 ;
msgtype : event ;
event : VIEW ;
eventkey : http://kh39.61why.com/app/index.php?i=2&c=entry&eid=198 ;
menuid : 410600728 ;
from : oKwkYw7WvuqcS2KUgxH71vq1hjpM ;
to : gh_6536061e4435 ;
time : 1487047554 ;
type : event ;

2017-02-14 12:45:54 params :
------------
Array:
rule : -2 ;
module :  ;
message : Array ;

2017-02-14 12:45:54 response :
------------

2017-02-14 13:20:42 trace :
------------
Array:
tousername : gh_6536061e4435 ;
fromusername : oKwkYwywxtQq-wIoXEPX7RQyBtoE ;
createtime : 1487049642 ;
msgtype : event ;
event : VIEW ;
eventkey : http://kh39.61why.com/app/index.php?i=2&c=entry&eid=198 ;
menuid : 410600728 ;
from : oKwkYwywxtQq-wIoXEPX7RQyBtoE ;
to : gh_6536061e4435 ;
time : 1487049642 ;
type : event ;

2017-02-14 13:20:42 params :
------------
Array:
rule : -2 ;
module :  ;
message : Array ;

2017-02-14 13:20:42 response :
------------

2017-02-14 13:25:13 trace :
------------
Array:
tousername : gh_6536061e4435 ;
fromusername : oKwkYw3l0eGz3H7e62pX1IDFxwCY ;
createtime : 1487049913 ;
msgtype : event ;
event : VIEW ;
eventkey : http://kh39.61why.com/app/index.php?i=2&c=entry&eid=194 ;
menuid : 410600728 ;
from : oKwkYw3l0eGz3H7e62pX1IDFxwCY ;
to : gh_6536061e4435 ;
time : 1487049913 ;
type : event ;

2017-02-14 13:25:13 params :
------------
Array:
rule : -2 ;
module :  ;
message : Array ;

2017-02-14 13:25:13 response :
------------

2017-02-14 13:32:46 trace :
------------
Array:
tousername : gh_6536061e4435 ;
fromusername : oKwkYw9A27iCE2wbx5IXncAJ21Sw ;
createtime : 1487050366 ;
msgtype : event ;
event : VIEW ;
eventkey : http://kh39.61why.com/app/index.php?i=2&c=entry&eid=194 ;
menuid : 410600728 ;
from : oKwkYw9A27iCE2wbx5IXncAJ21Sw ;
to : gh_6536061e4435 ;
time : 1487050366 ;
type : event ;

2017-02-14 13:32:46 params :
------------
Array:
rule : -2 ;
module :  ;
message : Array ;

2017-02-14 13:32:46 response :
------------

2017-02-14 13:50:56 trace :
------------
Array:
tousername : gh_6536061e4435 ;
fromusername : oKwkYwxRXLqXa1bRe-yzyc0K7by0 ;
createtime : 1487051456 ;
msgtype : event ;
event : VIEW ;
eventkey : http://kh39.61why.com/app/index.php?i=2&c=entry&eid=198 ;
menuid : 410600728 ;
from : oKwkYwxRXLqXa1bRe-yzyc0K7by0 ;
to : gh_6536061e4435 ;
time : 1487051456 ;
type : event ;

2017-02-14 13:50:56 params :
------------
Array:
rule : -2 ;
module :  ;
message : Array ;

2017-02-14 13:50:56 response :
------------

2017-02-14 14:11:08 trace :
------------
Array:
tousername : gh_6536061e4435 ;
fromusername : oKwkYw5S8zWw6zCS6dGdWuuV95fM ;
createtime : 1487052668 ;
msgtype : event ;
event : VIEW ;
eventkey : http://kh39.61why.com/app/index.php?i=2&c=entry&eid=198 ;
menuid : 410600728 ;
from : oKwkYw5S8zWw6zCS6dGdWuuV95fM ;
to : gh_6536061e4435 ;
time : 1487052668 ;
type : event ;

2017-02-14 14:11:08 params :
------------
Array:
rule : -2 ;
module :  ;
message : Array ;

2017-02-14 14:11:08 response :
------------

2017-02-14 14:13:14 trace :
------------
Array:
tousername : gh_6536061e4435 ;
fromusername : oKwkYw5S8zWw6zCS6dGdWuuV95fM ;
createtime : 1487052794 ;
msgtype : event ;
event : VIEW ;
eventkey : http://kh39.61why.com/app/index.php?i=2&c=entry&eid=194 ;
menuid : 410600728 ;
from : oKwkYw5S8zWw6zCS6dGdWuuV95fM ;
to : gh_6536061e4435 ;
time : 1487052794 ;
type : event ;

2017-02-14 14:13:14 params :
------------
Array:
rule : -2 ;
module :  ;
message : Array ;

2017-02-14 14:13:14 response :
------------

2017-02-14 14:21:39 trace :
------------
Array:
tousername : gh_6536061e4435 ;
fromusername : oKwkYw9A27iCE2wbx5IXncAJ21Sw ;
createtime : 1487053299 ;
msgtype : event ;
event : VIEW ;
eventkey : http://kh39.61why.com/app/index.php?i=2&c=entry&eid=194 ;
menuid : 410600728 ;
from : oKwkYw9A27iCE2wbx5IXncAJ21Sw ;
to : gh_6536061e4435 ;
time : 1487053299 ;
type : event ;

2017-02-14 14:21:39 params :
------------
Array:
rule : -2 ;
module :  ;
message : Array ;

2017-02-14 14:21:39 response :
------------

2017-02-14 14:21:44 trace :
------------
Array:
tousername : gh_6536061e4435 ;
fromusername : oKwkYw9A27iCE2wbx5IXncAJ21Sw ;
createtime : 1487053304 ;
msgtype : event ;
event : VIEW ;
eventkey : http://kh39.61why.com/app/index.php?i=2&c=entry&eid=198 ;
menuid : 410600728 ;
from : oKwkYw9A27iCE2wbx5IXncAJ21Sw ;
to : gh_6536061e4435 ;
time : 1487053304 ;
type : event ;

2017-02-14 14:21:44 params :
------------
Array:
rule : -2 ;
module :  ;
message : Array ;

2017-02-14 14:21:44 response :
------------

2017-02-14 14:23:32 trace :
------------
Array:
tousername : gh_6536061e4435 ;
fromusername : oKwkYw5hiet9aIoMvpfdt0UcJyzc ;
createtime : 1487053412 ;
msgtype : event ;
event : VIEW ;
eventkey : http://kh39.61why.com/app/index.php?i=2&c=entry&eid=198 ;
menuid : 410600728 ;
from : oKwkYw5hiet9aIoMvpfdt0UcJyzc ;
to : gh_6536061e4435 ;
time : 1487053412 ;
type : event ;

2017-02-14 14:23:32 params :
------------
Array:
rule : -2 ;
module :  ;
message : Array ;

2017-02-14 14:23:32 response :
------------

2017-02-14 14:25:44 trace :
------------
Array:
tousername : gh_6536061e4435 ;
fromusername : oKwkYw1hdHu_NiSw4Dn_tLeEcWuc ;
createtime : 1487053543 ;
msgtype : event ;
event : CLICK ;
eventkey : 二维码 ;
from : oKwkYw1hdHu_NiSw4Dn_tLeEcWuc ;
to : gh_6536061e4435 ;
time : 1487053543 ;
type : event ;

2017-02-14 14:25:59 trace :
------------
Array:
tousername : gh_6536061e4435 ;
fromusername : oKwkYw_f0wZQyiIbTw_KkywnMaxQ ;
createtime : 1487053559 ;
msgtype : event ;
event : VIEW ;
eventkey : http://kh39.61why.com/app/index.php?i=2&c=entry&eid=194 ;
menuid : 410600728 ;
from : oKwkYw_f0wZQyiIbTw_KkywnMaxQ ;
to : gh_6536061e4435 ;
time : 1487053559 ;
type : event ;

2017-02-14 14:25:59 params :
------------
Array:
rule : -2 ;
module :  ;
message : Array ;

2017-02-14 14:25:59 response :
------------

2017-02-14 14:29:43 trace :
------------
Array:
tousername : gh_6536061e4435 ;
fromusername : oKwkYw5S8zWw6zCS6dGdWuuV95fM ;
createtime : 1487053783 ;
msgtype : event ;
event : VIEW ;
eventkey : http://kh39.61why.com/app/index.php?i=2&c=entry&eid=194 ;
menuid : 410600728 ;
from : oKwkYw5S8zWw6zCS6dGdWuuV95fM ;
to : gh_6536061e4435 ;
time : 1487053783 ;
type : event ;

2017-02-14 14:29:43 params :
------------
Array:
rule : -2 ;
module :  ;
message : Array ;

2017-02-14 14:29:43 response :
------------

2017-02-14 14:30:54 trace :
------------
Array:
tousername : gh_6536061e4435 ;
fromusername : oKwkYw5S8zWw6zCS6dGdWuuV95fM ;
createtime : 1487053854 ;
msgtype : event ;
event : VIEW ;
eventkey : http://kh39.61why.com/app/index.php?i=2&c=entry&eid=194 ;
menuid : 410600728 ;
from : oKwkYw5S8zWw6zCS6dGdWuuV95fM ;
to : gh_6536061e4435 ;
time : 1487053854 ;
type : event ;

2017-02-14 14:30:54 params :
------------
Array:
rule : -2 ;
module :  ;
message : Array ;

2017-02-14 14:30:54 response :
------------

2017-02-14 14:35:47 trace :
------------
Array:
tousername : gh_6536061e4435 ;
fromusername : oKwkYw7Bkin9Cejh8Z-6PzFdyV4E ;
createtime : 1487054147 ;
msgtype : text ;
content : 你好 ;
msgid : 6386848929157097813 ;
from : oKwkYw7Bkin9Cejh8Z-6PzFdyV4E ;
to : gh_6536061e4435 ;
time : 1487054147 ;
type : text ;
event :  ;
redirection :  ;
source :  ;

2017-02-14 14:35:47 params :
------------
Array:
rule : -2 ;
module :  ;
message : Array ;

2017-02-14 14:35:47 response :
------------

2017-02-14 14:35:58 trace :
------------
Array:
tousername : gh_6536061e4435 ;
fromusername : oKwkYw7Bkin9Cejh8Z-6PzFdyV4E ;
createtime : 1487054158 ;
msgtype : event ;
event : VIEW ;
eventkey : http://kh39.61why.com/app/index.php?i=2&c=entry&eid=194 ;
menuid : 410600728 ;
from : oKwkYw7Bkin9Cejh8Z-6PzFdyV4E ;
to : gh_6536061e4435 ;
time : 1487054158 ;
type : event ;

2017-02-14 14:35:58 params :
------------
Array:
rule : -2 ;
module :  ;
message : Array ;

2017-02-14 14:35:58 response :
------------

2017-02-14 14:36:37 trace :
------------
Array:
tousername : gh_6536061e4435 ;
fromusername : oKwkYw5S8zWw6zCS6dGdWuuV95fM ;
createtime : 1487054197 ;
msgtype : event ;
event : VIEW ;
eventkey : http://kh39.61why.com/app/index.php?i=2&c=entry&eid=194 ;
menuid : 410600728 ;
from : oKwkYw5S8zWw6zCS6dGdWuuV95fM ;
to : gh_6536061e4435 ;
time : 1487054197 ;
type : event ;

2017-02-14 14:36:37 params :
------------
Array:
rule : -2 ;
module :  ;
message : Array ;

2017-02-14 14:36:37 response :
------------

2017-02-14 14:41:40 trace :
------------
Array:
tousername : gh_6536061e4435 ;
fromusername : oKwkYw22rCbBSaALxIaH8w23nsLQ ;
createtime : 1487054500 ;
msgtype : event ;
event : VIEW ;
eventkey : http://kh39.61why.com/app/index.php?i=2&c=entry&eid=198 ;
menuid : 410600728 ;
from : oKwkYw22rCbBSaALxIaH8w23nsLQ ;
to : gh_6536061e4435 ;
time : 1487054500 ;
type : event ;

2017-02-14 14:41:40 params :
------------
Array:
rule : -2 ;
module :  ;
message : Array ;

2017-02-14 14:41:40 response :
------------

2017-02-14 14:42:15 trace :
------------
Array:
tousername : gh_6536061e4435 ;
fromusername : oKwkYw7K9xHIr91Csk-qENfcagnM ;
createtime : 1487054535 ;
msgtype : event ;
event : VIEW ;
eventkey : http://kh39.61why.com/app/index.php?i=2&c=entry&eid=198 ;
menuid : 410600728 ;
from : oKwkYw7K9xHIr91Csk-qENfcagnM ;
to : gh_6536061e4435 ;
time : 1487054535 ;
type : event ;

2017-02-14 14:42:15 params :
------------
Array:
rule : -2 ;
module :  ;
message : Array ;

2017-02-14 14:42:15 response :
------------

2017-02-14 14:43:25 trace :
------------
Array:
tousername : gh_6536061e4435 ;
fromusername : oKwkYw7K9xHIr91Csk-qENfcagnM ;
createtime : 1487054605 ;
msgtype : event ;
event : VIEW ;
eventkey : http://kh39.61why.com/app/index.php?i=2&c=entry&eid=198 ;
menuid : 410600728 ;
from : oKwkYw7K9xHIr91Csk-qENfcagnM ;
to : gh_6536061e4435 ;
time : 1487054605 ;
type : event ;

2017-02-14 14:43:25 params :
------------
Array:
rule : -2 ;
module :  ;
message : Array ;

2017-02-14 14:43:25 response :
------------

2017-02-14 14:46:59 trace :
------------
Array:
tousername : gh_6536061e4435 ;
fromusername : oKwkYw5S8zWw6zCS6dGdWuuV95fM ;
createtime : 1487054819 ;
msgtype : event ;
event : VIEW ;
eventkey : http://kh39.61why.com/app/index.php?i=2&c=entry&eid=194 ;
menuid : 410600728 ;
from : oKwkYw5S8zWw6zCS6dGdWuuV95fM ;
to : gh_6536061e4435 ;
time : 1487054819 ;
type : event ;

2017-02-14 14:46:59 params :
------------
Array:
rule : -2 ;
module :  ;
message : Array ;

2017-02-14 14:46:59 response :
------------

2017-02-14 14:47:01 trace :
------------
Array:
tousername : gh_6536061e4435 ;
fromusername : oKwkYw7K9xHIr91Csk-qENfcagnM ;
createtime : 1487054820 ;
msgtype : event ;
event : VIEW ;
eventkey : http://kh39.61why.com/app/index.php?i=2&c=entry&eid=198 ;
menuid : 410600728 ;
from : oKwkYw7K9xHIr91Csk-qENfcagnM ;
to : gh_6536061e4435 ;
time : 1487054820 ;
type : event ;

2017-02-14 14:47:01 params :
------------
Array:
rule : -2 ;
module :  ;
message : Array ;

2017-02-14 14:47:01 response :
------------

2017-02-14 14:47:14 trace :
------------
Array:
tousername : gh_6536061e4435 ;
fromusername : oKwkYw5S8zWw6zCS6dGdWuuV95fM ;
createtime : 1487054834 ;
msgtype : event ;
event : VIEW ;
eventkey : http://kh39.61why.com/app/index.php?i=2&c=entry&eid=198 ;
menuid : 410600728 ;
from : oKwkYw5S8zWw6zCS6dGdWuuV95fM ;
to : gh_6536061e4435 ;
time : 1487054834 ;
type : event ;

2017-02-14 14:47:14 params :
------------
Array:
rule : -2 ;
module :  ;
message : Array ;

2017-02-14 14:47:14 response :
------------

2017-02-14 14:51:31 trace :
------------
Array:
tousername : gh_6536061e4435 ;
fromusername : oKwkYw7K9xHIr91Csk-qENfcagnM ;
createtime : 1487055091 ;
msgtype : event ;
event : VIEW ;
eventkey : http://kh39.61why.com/app/index.php?i=2&c=entry&eid=198 ;
menuid : 410600728 ;
from : oKwkYw7K9xHIr91Csk-qENfcagnM ;
to : gh_6536061e4435 ;
time : 1487055091 ;
type : event ;

2017-02-14 14:51:31 params :
------------
Array:
rule : -2 ;
module :  ;
message : Array ;

2017-02-14 14:51:31 response :
------------

2017-02-14 14:53:55 trace :
------------
Array:
tousername : gh_6536061e4435 ;
fromusername : oKwkYw5S8zWw6zCS6dGdWuuV95fM ;
createtime : 1487055235 ;
msgtype : event ;
event : VIEW ;
eventkey : http://kh39.61why.com/app/index.php?i=2&c=entry&eid=194 ;
menuid : 410600728 ;
from : oKwkYw5S8zWw6zCS6dGdWuuV95fM ;
to : gh_6536061e4435 ;
time : 1487055235 ;
type : event ;

2017-02-14 14:53:55 params :
------------
Array:
rule : -2 ;
module :  ;
message : Array ;

2017-02-14 14:53:55 response :
------------

2017-02-14 15:01:20 trace :
------------
Array:
tousername : gh_6536061e4435 ;
fromusername : oKwkYw5S8zWw6zCS6dGdWuuV95fM ;
createtime : 1487055680 ;
msgtype : event ;
event : VIEW ;
eventkey : http://kh39.61why.com/app/index.php?i=2&c=entry&eid=194 ;
menuid : 410600728 ;
from : oKwkYw5S8zWw6zCS6dGdWuuV95fM ;
to : gh_6536061e4435 ;
time : 1487055680 ;
type : event ;

2017-02-14 15:01:20 params :
------------
Array:
rule : -2 ;
module :  ;
message : Array ;

2017-02-14 15:01:20 response :
------------

2017-02-14 15:02:01 trace :
------------
Array:
tousername : gh_6536061e4435 ;
fromusername : oKwkYw22rCbBSaALxIaH8w23nsLQ ;
createtime : 1487055721 ;
msgtype : event ;
event : VIEW ;
eventkey : http://kh39.61why.com/app/index.php?i=2&c=entry&eid=198 ;
menuid : 410600728 ;
from : oKwkYw22rCbBSaALxIaH8w23nsLQ ;
to : gh_6536061e4435 ;
time : 1487055721 ;
type : event ;

2017-02-14 15:02:01 params :
------------
Array:
rule : -2 ;
module :  ;
message : Array ;

2017-02-14 15:02:01 response :
------------

2017-02-14 15:15:40 trace :
------------
Array:
tousername : gh_6536061e4435 ;
fromusername : oKwkYw5S8zWw6zCS6dGdWuuV95fM ;
createtime : 1487056540 ;
msgtype : event ;
event : VIEW ;
eventkey : http://kh39.61why.com/app/index.php?i=2&c=entry&eid=194 ;
menuid : 410600728 ;
from : oKwkYw5S8zWw6zCS6dGdWuuV95fM ;
to : gh_6536061e4435 ;
time : 1487056540 ;
type : event ;

2017-02-14 15:15:40 params :
------------
Array:
rule : -2 ;
module :  ;
message : Array ;

2017-02-14 15:15:40 response :
------------

2017-02-14 15:16:54 trace :
------------
Array:
tousername : gh_6536061e4435 ;
fromusername : oKwkYw0U4Qo5FQdN_RYtDWpwve8o ;
createtime : 1487056614 ;
msgtype : event ;
event : subscribe ;
eventkey : qrscene_ceca57e9d6ae75c3100dd359a7a4d634 ;
ticket : gQGq8TwAAAAAAAAAAS5odHRwOi8vd2VpeGluLnFxLmNvbS9xLzAyaWxRUTE0SDljbzMxMDAwMGcwN3cAAgRliaFYAwQAAAAA ;
from : oKwkYw0U4Qo5FQdN_RYtDWpwve8o ;
to : gh_6536061e4435 ;
time : 1487056614 ;
type : subscribe ;
scene : ceca57e9d6ae75c3100dd359a7a4d634 ;

2017-02-14 15:17:18 trace :
------------
Array:
tousername : gh_6536061e4435 ;
fromusername : oKwkYw5S8zWw6zCS6dGdWuuV95fM ;
createtime : 1487056638 ;
msgtype : event ;
event : VIEW ;
eventkey : http://kh39.61why.com/app/index.php?i=2&c=entry&eid=198 ;
menuid : 410600728 ;
from : oKwkYw5S8zWw6zCS6dGdWuuV95fM ;
to : gh_6536061e4435 ;
time : 1487056638 ;
type : event ;

2017-02-14 15:17:18 params :
------------
Array:
rule : -2 ;
module :  ;
message : Array ;

2017-02-14 15:17:18 response :
------------

2017-02-14 15:18:14 trace :
------------
Array:
tousername : gh_6536061e4435 ;
fromusername : oKwkYw22rCbBSaALxIaH8w23nsLQ ;
createtime : 1487056693 ;
msgtype : event ;
event : VIEW ;
eventkey : http://kh39.61why.com/app/index.php?i=2&c=entry&eid=198 ;
menuid : 410600728 ;
from : oKwkYw22rCbBSaALxIaH8w23nsLQ ;
to : gh_6536061e4435 ;
time : 1487056693 ;
type : event ;

2017-02-14 15:18:14 params :
------------
Array:
rule : -2 ;
module :  ;
message : Array ;

2017-02-14 15:18:14 response :
------------

2017-02-14 15:22:09 trace :
------------
Array:
tousername : gh_6536061e4435 ;
fromusername : oKwkYw7K9xHIr91Csk-qENfcagnM ;
createtime : 1487056928 ;
msgtype : event ;
event : VIEW ;
eventkey : http://kh39.61why.com/app/index.php?i=2&c=entry&eid=198 ;
menuid : 410600728 ;
from : oKwkYw7K9xHIr91Csk-qENfcagnM ;
to : gh_6536061e4435 ;
time : 1487056928 ;
type : event ;

2017-02-14 15:22:09 params :
------------
Array:
rule : -2 ;
module :  ;
message : Array ;

2017-02-14 15:22:09 response :
------------

2017-02-14 15:30:02 trace :
------------
Array:
tousername : gh_6536061e4435 ;
fromusername : oKwkYw7K9xHIr91Csk-qENfcagnM ;
createtime : 1487057402 ;
msgtype : event ;
event : VIEW ;
eventkey : http://kh39.61why.com/app/index.php?i=2&c=entry&eid=198 ;
menuid : 410600728 ;
from : oKwkYw7K9xHIr91Csk-qENfcagnM ;
to : gh_6536061e4435 ;
time : 1487057402 ;
type : event ;

2017-02-14 15:30:02 params :
------------
Array:
rule : -2 ;
module :  ;
message : Array ;

2017-02-14 15:30:02 response :
------------

2017-02-14 15:31:00 trace :
------------
Array:
tousername : gh_6536061e4435 ;
fromusername : oKwkYwwEkPxb60VBlkc2qRkpr_h0 ;
createtime : 1487057460 ;
msgtype : event ;
event : VIEW ;
eventkey : http://kh39.61why.com/app/index.php?i=2&c=entry&eid=198 ;
menuid : 410600728 ;
from : oKwkYwwEkPxb60VBlkc2qRkpr_h0 ;
to : gh_6536061e4435 ;
time : 1487057460 ;
type : event ;

2017-02-14 15:31:00 params :
------------
Array:
rule : -2 ;
module :  ;
message : Array ;

2017-02-14 15:31:00 response :
------------

2017-02-14 15:31:15 trace :
------------
Array:
tousername : gh_6536061e4435 ;
fromusername : oKwkYwwEkPxb60VBlkc2qRkpr_h0 ;
createtime : 1487057475 ;
msgtype : event ;
event : VIEW ;
eventkey : http://kh39.61why.com/app/index.php?i=2&c=entry&eid=194 ;
menuid : 410600728 ;
from : oKwkYwwEkPxb60VBlkc2qRkpr_h0 ;
to : gh_6536061e4435 ;
time : 1487057475 ;
type : event ;

2017-02-14 15:31:15 params :
------------
Array:
rule : -2 ;
module :  ;
message : Array ;

2017-02-14 15:31:15 response :
------------

2017-02-14 15:34:50 trace :
------------
Array:
tousername : gh_6536061e4435 ;
fromusername : oKwkYwwEkPxb60VBlkc2qRkpr_h0 ;
createtime : 1487057690 ;
msgtype : event ;
event : VIEW ;
eventkey : http://kh39.61why.com/app/index.php?i=2&c=entry&eid=198 ;
menuid : 410600728 ;
from : oKwkYwwEkPxb60VBlkc2qRkpr_h0 ;
to : gh_6536061e4435 ;
time : 1487057690 ;
type : event ;

2017-02-14 15:34:50 params :
------------
Array:
rule : -2 ;
module :  ;
message : Array ;

2017-02-14 15:34:50 response :
------------

2017-02-14 15:35:17 trace :
------------
Array:
tousername : gh_6536061e4435 ;
fromusername : oKwkYw7K9xHIr91Csk-qENfcagnM ;
createtime : 1487057717 ;
msgtype : event ;
event : VIEW ;
eventkey : http://kh39.61why.com/app/index.php?i=2&c=entry&eid=198 ;
menuid : 410600728 ;
from : oKwkYw7K9xHIr91Csk-qENfcagnM ;
to : gh_6536061e4435 ;
time : 1487057717 ;
type : event ;

2017-02-14 15:35:17 params :
------------
Array:
rule : -2 ;
module :  ;
message : Array ;

2017-02-14 15:35:17 response :
------------

2017-02-14 15:37:19 trace :
------------
Array:
tousername : gh_6536061e4435 ;
fromusername : oKwkYw9HGUB7VajUQbH3y3U0JgV0 ;
createtime : 1487057839 ;
msgtype : event ;
event : VIEW ;
eventkey : http://kh39.61why.com/app/index.php?i=2&c=entry&eid=198 ;
menuid : 410600728 ;
from : oKwkYw9HGUB7VajUQbH3y3U0JgV0 ;
to : gh_6536061e4435 ;
time : 1487057839 ;
type : event ;

2017-02-14 15:37:19 params :
------------
Array:
rule : -2 ;
module :  ;
message : Array ;

2017-02-14 15:37:19 response :
------------

2017-02-14 15:39:08 trace :
------------
Array:
tousername : gh_6536061e4435 ;
fromusername : oKwkYw9HGUB7VajUQbH3y3U0JgV0 ;
createtime : 1487057948 ;
msgtype : event ;
event : VIEW ;
eventkey : http://kh39.61why.com/app/index.php?i=2&c=entry&eid=194 ;
menuid : 410600728 ;
from : oKwkYw9HGUB7VajUQbH3y3U0JgV0 ;
to : gh_6536061e4435 ;
time : 1487057948 ;
type : event ;

2017-02-14 15:39:08 params :
------------
Array:
rule : -2 ;
module :  ;
message : Array ;

2017-02-14 15:39:08 response :
------------

2017-02-14 15:39:47 trace :
------------
Array:
tousername : gh_6536061e4435 ;
fromusername : oKwkYw9HGUB7VajUQbH3y3U0JgV0 ;
createtime : 1487057987 ;
msgtype : event ;
event : VIEW ;
eventkey : http://kh39.61why.com/app/index.php?i=2&c=entry&eid=194 ;
menuid : 410600728 ;
from : oKwkYw9HGUB7VajUQbH3y3U0JgV0 ;
to : gh_6536061e4435 ;
time : 1487057987 ;
type : event ;

2017-02-14 15:39:47 params :
------------
Array:
rule : -2 ;
module :  ;
message : Array ;

2017-02-14 15:39:47 response :
------------

2017-02-14 15:39:50 trace :
------------
Array:
tousername : gh_6536061e4435 ;
fromusername : oKwkYw9HGUB7VajUQbH3y3U0JgV0 ;
createtime : 1487057990 ;
msgtype : event ;
event : VIEW ;
eventkey : http://kh39.61why.com/app/index.php?i=2&c=entry&eid=198 ;
menuid : 410600728 ;
from : oKwkYw9HGUB7VajUQbH3y3U0JgV0 ;
to : gh_6536061e4435 ;
time : 1487057990 ;
type : event ;

2017-02-14 15:39:50 params :
------------
Array:
rule : -2 ;
module :  ;
message : Array ;

2017-02-14 15:39:50 response :
------------

2017-02-14 15:42:47 trace :
------------
Array:
tousername : gh_6536061e4435 ;
fromusername : oKwkYw9HGUB7VajUQbH3y3U0JgV0 ;
createtime : 1487058167 ;
msgtype : event ;
event : VIEW ;
eventkey : http://kh39.61why.com/app/index.php?i=2&c=entry&eid=198 ;
menuid : 410600728 ;
from : oKwkYw9HGUB7VajUQbH3y3U0JgV0 ;
to : gh_6536061e4435 ;
time : 1487058167 ;
type : event ;

2017-02-14 15:42:47 params :
------------
Array:
rule : -2 ;
module :  ;
message : Array ;

2017-02-14 15:42:47 response :
------------

2017-02-14 15:44:05 trace :
------------
Array:
tousername : gh_6536061e4435 ;
fromusername : oKwkYw9HGUB7VajUQbH3y3U0JgV0 ;
createtime : 1487058244 ;
msgtype : event ;
event : VIEW ;
eventkey : http://kh39.61why.com/app/index.php?i=2&c=entry&eid=198 ;
menuid : 410600728 ;
from : oKwkYw9HGUB7VajUQbH3y3U0JgV0 ;
to : gh_6536061e4435 ;
time : 1487058244 ;
type : event ;

2017-02-14 15:44:05 params :
------------
Array:
rule : -2 ;
module :  ;
message : Array ;

2017-02-14 15:44:05 response :
------------

2017-02-14 15:44:54 trace :
------------
Array:
tousername : gh_6536061e4435 ;
fromusername : oKwkYw9HGUB7VajUQbH3y3U0JgV0 ;
createtime : 1487058294 ;
msgtype : event ;
event : VIEW ;
eventkey : http://kh39.61why.com/app/index.php?i=2&c=entry&eid=198 ;
menuid : 410600728 ;
from : oKwkYw9HGUB7VajUQbH3y3U0JgV0 ;
to : gh_6536061e4435 ;
time : 1487058294 ;
type : event ;

2017-02-14 15:44:54 params :
------------
Array:
rule : -2 ;
module :  ;
message : Array ;

2017-02-14 15:44:54 response :
------------

2017-02-14 15:45:16 trace :
------------
Array:
tousername : gh_6536061e4435 ;
fromusername : oKwkYw9HGUB7VajUQbH3y3U0JgV0 ;
createtime : 1487058315 ;
msgtype : event ;
event : VIEW ;
eventkey : http://kh39.61why.com/app/index.php?i=2&c=entry&eid=198 ;
menuid : 410600728 ;
from : oKwkYw9HGUB7VajUQbH3y3U0JgV0 ;
to : gh_6536061e4435 ;
time : 1487058315 ;
type : event ;

2017-02-14 15:45:16 params :
------------
Array:
rule : -2 ;
module :  ;
message : Array ;

2017-02-14 15:45:16 response :
------------

2017-02-14 15:45:46 trace :
------------
Array:
tousername : gh_6536061e4435 ;
fromusername : oKwkYw9HGUB7VajUQbH3y3U0JgV0 ;
createtime : 1487058346 ;
msgtype : event ;
event : VIEW ;
eventkey : http://kh39.61why.com/app/index.php?i=2&c=entry&eid=198 ;
menuid : 410600728 ;
from : oKwkYw9HGUB7VajUQbH3y3U0JgV0 ;
to : gh_6536061e4435 ;
time : 1487058346 ;
type : event ;

2017-02-14 15:45:46 params :
------------
Array:
rule : -2 ;
module :  ;
message : Array ;

2017-02-14 15:45:46 response :
------------

2017-02-14 15:46:21 trace :
------------
Array:
tousername : gh_6536061e4435 ;
fromusername : oKwkYw9HGUB7VajUQbH3y3U0JgV0 ;
createtime : 1487058381 ;
msgtype : event ;
event : VIEW ;
eventkey : http://kh39.61why.com/app/index.php?i=2&c=entry&eid=198 ;
menuid : 410600728 ;
from : oKwkYw9HGUB7VajUQbH3y3U0JgV0 ;
to : gh_6536061e4435 ;
time : 1487058381 ;
type : event ;

2017-02-14 15:46:21 params :
------------
Array:
rule : -2 ;
module :  ;
message : Array ;

2017-02-14 15:46:21 response :
------------

2017-02-14 15:48:16 trace :
------------
Array:
tousername : gh_6536061e4435 ;
fromusername : oKwkYw7K9xHIr91Csk-qENfcagnM ;
createtime : 1487058496 ;
msgtype : event ;
event : VIEW ;
eventkey : http://kh39.61why.com/app/index.php?i=2&c=entry&eid=198 ;
menuid : 410600728 ;
from : oKwkYw7K9xHIr91Csk-qENfcagnM ;
to : gh_6536061e4435 ;
time : 1487058496 ;
type : event ;

2017-02-14 15:48:16 params :
------------
Array:
rule : -2 ;
module :  ;
message : Array ;

2017-02-14 15:48:16 response :
------------

2017-02-14 15:48:23 trace :
------------
Array:
tousername : gh_6536061e4435 ;
fromusername : oKwkYw7K9xHIr91Csk-qENfcagnM ;
createtime : 1487058503 ;
msgtype : event ;
event : CLICK ;
eventkey : 二维码 ;
from : oKwkYw7K9xHIr91Csk-qENfcagnM ;
to : gh_6536061e4435 ;
time : 1487058503 ;
type : event ;

2017-02-14 15:51:23 trace :
------------
Array:
tousername : gh_6536061e4435 ;
fromusername : oKwkYw8ymNesUSuslekugBdj73NA ;
createtime : 1487058683 ;
msgtype : event ;
event : subscribe ;
eventkey : qrscene_ceca57e9d6ae75c3100dd359a7a4d634 ;
ticket : gQGq8TwAAAAAAAAAAS5odHRwOi8vd2VpeGluLnFxLmNvbS9xLzAyaWxRUTE0SDljbzMxMDAwMGcwN3cAAgRliaFYAwQAAAAA ;
from : oKwkYw8ymNesUSuslekugBdj73NA ;
to : gh_6536061e4435 ;
time : 1487058683 ;
type : subscribe ;
scene : ceca57e9d6ae75c3100dd359a7a4d634 ;

2017-02-14 15:51:37 trace :
------------
Array:
tousername : gh_6536061e4435 ;
fromusername : oKwkYw8ymNesUSuslekugBdj73NA ;
createtime : 1487058697 ;
msgtype : event ;
event : CLICK ;
eventkey : 二维码 ;
from : oKwkYw8ymNesUSuslekugBdj73NA ;
to : gh_6536061e4435 ;
time : 1487058697 ;
type : event ;

2017-02-14 15:54:46 trace :
------------
Array:
tousername : gh_6536061e4435 ;
fromusername : oKwkYwywxtQq-wIoXEPX7RQyBtoE ;
createtime : 1487058886 ;
msgtype : event ;
event : VIEW ;
eventkey : http://kh39.61why.com/app/index.php?i=2&c=entry&eid=198 ;
menuid : 410600728 ;
from : oKwkYwywxtQq-wIoXEPX7RQyBtoE ;
to : gh_6536061e4435 ;
time : 1487058886 ;
type : event ;

2017-02-14 15:54:46 params :
------------
Array:
rule : -2 ;
module :  ;
message : Array ;

2017-02-14 15:54:46 response :
------------

2017-02-14 15:58:32 trace :
------------
Array:
tousername : gh_6536061e4435 ;
fromusername : oKwkYw_xZ14UQdvrJFuiI5E87n8w ;
createtime : 1487059112 ;
msgtype : event ;
event : VIEW ;
eventkey : http://kh39.61why.com/app/index.php?i=2&c=entry&eid=194 ;
menuid : 410600728 ;
from : oKwkYw_xZ14UQdvrJFuiI5E87n8w ;
to : gh_6536061e4435 ;
time : 1487059112 ;
type : event ;

2017-02-14 15:58:32 params :
------------
Array:
rule : -2 ;
module :  ;
message : Array ;

2017-02-14 15:58:32 response :
------------

2017-02-14 15:58:34 trace :
------------
Array:
tousername : gh_6536061e4435 ;
fromusername : oKwkYw_xZ14UQdvrJFuiI5E87n8w ;
createtime : 1487059114 ;
msgtype : event ;
event : VIEW ;
eventkey : http://kh39.61why.com/app/index.php?i=2&c=entry&eid=198 ;
menuid : 410600728 ;
from : oKwkYw_xZ14UQdvrJFuiI5E87n8w ;
to : gh_6536061e4435 ;
time : 1487059114 ;
type : event ;

2017-02-14 15:58:34 params :
------------
Array:
rule : -2 ;
module :  ;
message : Array ;

2017-02-14 15:58:34 response :
------------

2017-02-14 16:02:26 trace :
------------
Array:
tousername : gh_6536061e4435 ;
fromusername : oKwkYw8ymNesUSuslekugBdj73NA ;
createtime : 1487059346 ;
msgtype : event ;
event : VIEW ;
eventkey : http://kh39.61why.com/app/index.php?i=2&c=entry&eid=194 ;
menuid : 410600728 ;
from : oKwkYw8ymNesUSuslekugBdj73NA ;
to : gh_6536061e4435 ;
time : 1487059346 ;
type : event ;

2017-02-14 16:02:26 params :
------------
Array:
rule : -2 ;
module :  ;
message : Array ;

2017-02-14 16:02:26 response :
------------

2017-02-14 16:03:25 trace :
------------
Array:
tousername : gh_6536061e4435 ;
fromusername : oKwkYwywxtQq-wIoXEPX7RQyBtoE ;
createtime : 1487059405 ;
msgtype : event ;
event : VIEW ;
eventkey : http://kh39.61why.com/app/index.php?i=2&c=entry&eid=194 ;
menuid : 410600728 ;
from : oKwkYwywxtQq-wIoXEPX7RQyBtoE ;
to : gh_6536061e4435 ;
time : 1487059405 ;
type : event ;

2017-02-14 16:03:25 params :
------------
Array:
rule : -2 ;
module :  ;
message : Array ;

2017-02-14 16:03:25 response :
------------

2017-02-14 16:12:01 trace :
------------
Array:
tousername : gh_6536061e4435 ;
fromusername : oKwkYw5hiet9aIoMvpfdt0UcJyzc ;
createtime : 1487059920 ;
msgtype : event ;
event : VIEW ;
eventkey : http://kh39.61why.com/app/index.php?i=2&c=entry&eid=198 ;
menuid : 410600728 ;
from : oKwkYw5hiet9aIoMvpfdt0UcJyzc ;
to : gh_6536061e4435 ;
time : 1487059920 ;
type : event ;

2017-02-14 16:12:01 params :
------------
Array:
rule : -2 ;
module :  ;
message : Array ;

2017-02-14 16:12:01 response :
------------

2017-02-14 16:15:10 trace :
------------
Array:
tousername : gh_6536061e4435 ;
fromusername : oKwkYw5hiet9aIoMvpfdt0UcJyzc ;
createtime : 1487060109 ;
msgtype : event ;
event : VIEW ;
eventkey : http://kh39.61why.com/app/index.php?i=2&c=entry&eid=198 ;
menuid : 410600728 ;
from : oKwkYw5hiet9aIoMvpfdt0UcJyzc ;
to : gh_6536061e4435 ;
time : 1487060109 ;
type : event ;

2017-02-14 16:15:10 params :
------------
Array:
rule : -2 ;
module :  ;
message : Array ;

2017-02-14 16:15:10 response :
------------

2017-02-14 16:16:04 trace :
------------
Array:
tousername : gh_0ad70057b777 ;
fromusername : o26ibjmTRnOABSwTiyIIhn6CXItI ;
createtime : 1487060164 ;
msgtype : event ;
event : VIEW ;
eventkey : http://kh39.61why.com/app/index.php?i=2&c=entry&eid=194 ;
menuid : 411738532 ;
from : o26ibjmTRnOABSwTiyIIhn6CXItI ;
to : gh_0ad70057b777 ;
time : 1487060164 ;
type : event ;

2017-02-14 16:16:04 params :
------------
Array:
rule : -2 ;
module :  ;
message : Array ;

2017-02-14 16:16:04 response :
------------

2017-02-14 16:22:16 trace :
------------
Array:
tousername : gh_6536061e4435 ;
fromusername : oKwkYw5hiet9aIoMvpfdt0UcJyzc ;
createtime : 1487060536 ;
msgtype : event ;
event : VIEW ;
eventkey : http://kh39.61why.com/app/index.php?i=2&c=entry&eid=198 ;
menuid : 410600728 ;
from : oKwkYw5hiet9aIoMvpfdt0UcJyzc ;
to : gh_6536061e4435 ;
time : 1487060536 ;
type : event ;

2017-02-14 16:22:16 params :
------------
Array:
rule : -2 ;
module :  ;
message : Array ;

2017-02-14 16:22:16 response :
------------

2017-02-14 16:22:18 trace :
------------
Array:
tousername : gh_6536061e4435 ;
fromusername : oKwkYw5hiet9aIoMvpfdt0UcJyzc ;
createtime : 1487060538 ;
msgtype : event ;
event : VIEW ;
eventkey : http://kh39.61why.com/app/index.php?i=2&c=entry&eid=198 ;
menuid : 410600728 ;
from : oKwkYw5hiet9aIoMvpfdt0UcJyzc ;
to : gh_6536061e4435 ;
time : 1487060538 ;
type : event ;

2017-02-14 16:22:18 params :
------------
Array:
rule : -2 ;
module :  ;
message : Array ;

2017-02-14 16:22:18 response :
------------

2017-02-14 16:23:47 trace :
------------
Array:
tousername : gh_6536061e4435 ;
fromusername : oKwkYw4ke45ds9O5HkqMCax-ISTM ;
createtime : 1487060627 ;
msgtype : event ;
event : SCAN ;
eventkey : 25e80a82210e13a931a20cc3adf9f337 ;
ticket : gQHL8DwAAAAAAAAAAS5odHRwOi8vd2VpeGluLnFxLmNvbS9xLzAyUHBwYTFxSDljbzMxMDAwME0wNzIAAgSpX25YAwQAAAAA ;
from : oKwkYw4ke45ds9O5HkqMCax-ISTM ;
to : gh_6536061e4435 ;
time : 1487060627 ;
type : subscribe ;
scene : 25e80a82210e13a931a20cc3adf9f337 ;

2017-02-14 16:23:54 trace :
------------
Array:
tousername : gh_6536061e4435 ;
fromusername : oKwkYw4ke45ds9O5HkqMCax-ISTM ;
createtime : 1487060634 ;
msgtype : event ;
event : VIEW ;
eventkey : http://kh39.61why.com/app/index.php?i=2&c=entry&eid=194 ;
menuid : 410600728 ;
from : oKwkYw4ke45ds9O5HkqMCax-ISTM ;
to : gh_6536061e4435 ;
time : 1487060634 ;
type : event ;

2017-02-14 16:23:54 params :
------------
Array:
rule : -2 ;
module :  ;
message : Array ;

2017-02-14 16:23:54 response :
------------

2017-02-14 16:25:24 trace :
------------
Array:
tousername : gh_6536061e4435 ;
fromusername : oKwkYw5hiet9aIoMvpfdt0UcJyzc ;
createtime : 1487060724 ;
msgtype : event ;
event : VIEW ;
eventkey : http://kh39.61why.com/app/index.php?i=2&c=entry&eid=198 ;
menuid : 410600728 ;
from : oKwkYw5hiet9aIoMvpfdt0UcJyzc ;
to : gh_6536061e4435 ;
time : 1487060724 ;
type : event ;

2017-02-14 16:25:24 params :
------------
Array:
rule : -2 ;
module :  ;
message : Array ;

2017-02-14 16:25:24 response :
------------

2017-02-14 16:27:58 trace :
------------
Array:
tousername : gh_6536061e4435 ;
fromusername : oKwkYw4ke45ds9O5HkqMCax-ISTM ;
createtime : 1487060878 ;
msgtype : event ;
event : SCAN ;
eventkey : 25e80a82210e13a931a20cc3adf9f337 ;
ticket : gQHL8DwAAAAAAAAAAS5odHRwOi8vd2VpeGluLnFxLmNvbS9xLzAyUHBwYTFxSDljbzMxMDAwME0wNzIAAgSpX25YAwQAAAAA ;
from : oKwkYw4ke45ds9O5HkqMCax-ISTM ;
to : gh_6536061e4435 ;
time : 1487060878 ;
type : subscribe ;
scene : 25e80a82210e13a931a20cc3adf9f337 ;

2017-02-14 16:28:01 trace :
------------
Array:
tousername : gh_6536061e4435 ;
fromusername : oKwkYw4ke45ds9O5HkqMCax-ISTM ;
createtime : 1487060881 ;
msgtype : event ;
event : VIEW ;
eventkey : http://kh39.61why.com/app/index.php?i=2&c=entry&eid=198 ;
menuid : 410600728 ;
from : oKwkYw4ke45ds9O5HkqMCax-ISTM ;
to : gh_6536061e4435 ;
time : 1487060881 ;
type : event ;

2017-02-14 16:28:01 params :
------------
Array:
rule : -2 ;
module :  ;
message : Array ;

2017-02-14 16:28:01 response :
------------

2017-02-14 16:28:17 trace :
------------
Array:
tousername : gh_6536061e4435 ;
fromusername : oKwkYw4ke45ds9O5HkqMCax-ISTM ;
createtime : 1487060897 ;
msgtype : event ;
event : CLICK ;
eventkey : 二维码 ;
from : oKwkYw4ke45ds9O5HkqMCax-ISTM ;
to : gh_6536061e4435 ;
time : 1487060897 ;
type : event ;

2017-02-14 16:38:34 trace :
------------
Array:
tousername : gh_6536061e4435 ;
fromusername : oKwkYwywxtQq-wIoXEPX7RQyBtoE ;
createtime : 1487061514 ;
msgtype : event ;
event : VIEW ;
eventkey : http://kh39.61why.com/app/index.php?i=2&c=entry&eid=198 ;
menuid : 410600728 ;
from : oKwkYwywxtQq-wIoXEPX7RQyBtoE ;
to : gh_6536061e4435 ;
time : 1487061514 ;
type : event ;

2017-02-14 16:38:34 params :
------------
Array:
rule : -2 ;
module :  ;
message : Array ;

2017-02-14 16:38:34 response :
------------

2017-02-14 16:52:37 trace :
------------
Array:
tousername : gh_6536061e4435 ;
fromusername : oKwkYw22rCbBSaALxIaH8w23nsLQ ;
createtime : 1487062357 ;
msgtype : event ;
event : CLICK ;
eventkey : 二维码 ;
from : oKwkYw22rCbBSaALxIaH8w23nsLQ ;
to : gh_6536061e4435 ;
time : 1487062357 ;
type : event ;

2017-02-14 16:56:35 trace :
------------
Array:
tousername : gh_6536061e4435 ;
fromusername : oKwkYwwEkPxb60VBlkc2qRkpr_h0 ;
createtime : 1487062595 ;
msgtype : event ;
event : VIEW ;
eventkey : http://kh39.61why.com/app/index.php?i=2&c=entry&eid=198 ;
menuid : 410600728 ;
from : oKwkYwwEkPxb60VBlkc2qRkpr_h0 ;
to : gh_6536061e4435 ;
time : 1487062595 ;
type : event ;

2017-02-14 16:56:35 params :
------------
Array:
rule : -2 ;
module :  ;
message : Array ;

2017-02-14 16:56:35 response :
------------

2017-02-14 17:00:57 trace :
------------
Array:
tousername : gh_6536061e4435 ;
fromusername : oKwkYw0f0uDfZLRoqozFe85Kydlk ;
createtime : 1487062857 ;
msgtype : event ;
event : subscribe ;
eventkey : qrscene_25e80a82210e13a931a20cc3adf9f337 ;
ticket : gQHL8DwAAAAAAAAAAS5odHRwOi8vd2VpeGluLnFxLmNvbS9xLzAyUHBwYTFxSDljbzMxMDAwME0wNzIAAgSpX25YAwQAAAAA ;
from : oKwkYw0f0uDfZLRoqozFe85Kydlk ;
to : gh_6536061e4435 ;
time : 1487062857 ;
type : subscribe ;
scene : 25e80a82210e13a931a20cc3adf9f337 ;

2017-02-14 17:01:05 trace :
------------
Array:
tousername : gh_6536061e4435 ;
fromusername : oKwkYw0f0uDfZLRoqozFe85Kydlk ;
createtime : 1487062865 ;
msgtype : event ;
event : VIEW ;
eventkey : http://kh39.61why.com/app/index.php?i=2&c=entry&eid=194 ;
menuid : 410600728 ;
from : oKwkYw0f0uDfZLRoqozFe85Kydlk ;
to : gh_6536061e4435 ;
time : 1487062865 ;
type : event ;

2017-02-14 17:01:05 params :
------------
Array:
rule : -2 ;
module :  ;
message : Array ;

2017-02-14 17:01:05 response :
------------

2017-02-14 17:01:19 trace :
------------
Array:
tousername : gh_6536061e4435 ;
fromusername : oKwkYwywxtQq-wIoXEPX7RQyBtoE ;
createtime : 1487062879 ;
msgtype : event ;
event : VIEW ;
eventkey : http://kh39.61why.com/app/index.php?i=2&c=entry&eid=198 ;
menuid : 410600728 ;
from : oKwkYwywxtQq-wIoXEPX7RQyBtoE ;
to : gh_6536061e4435 ;
time : 1487062879 ;
type : event ;

2017-02-14 17:01:19 params :
------------
Array:
rule : -2 ;
module :  ;
message : Array ;

2017-02-14 17:01:19 response :
------------

2017-02-14 17:05:23 trace :
------------
Array:
tousername : gh_6536061e4435 ;
fromusername : oKwkYw22rCbBSaALxIaH8w23nsLQ ;
createtime : 1487063123 ;
msgtype : event ;
event : VIEW ;
eventkey : http://kh39.61why.com/app/index.php?i=2&c=entry&eid=198 ;
menuid : 410600728 ;
from : oKwkYw22rCbBSaALxIaH8w23nsLQ ;
to : gh_6536061e4435 ;
time : 1487063123 ;
type : event ;

2017-02-14 17:05:23 params :
------------
Array:
rule : -2 ;
module :  ;
message : Array ;

2017-02-14 17:05:23 response :
------------

2017-02-14 17:05:46 trace :
------------
Array:
tousername : gh_6536061e4435 ;
fromusername : oKwkYwyepms61JLjy_DovYQB9cI8 ;
createtime : 1487063146 ;
msgtype : event ;
event : subscribe ;
eventkey : qrscene_b3a772d0c2d26326ec059977fde96a8d ;
ticket : gQHQ8TwAAAAAAAAAAS5odHRwOi8vd2VpeGluLnFxLmNvbS9xLzAyZVZkUjE1SDljbzMxMDAwMHcwN3IAAgQKt6JYAwQAAAAA ;
from : oKwkYwyepms61JLjy_DovYQB9cI8 ;
to : gh_6536061e4435 ;
time : 1487063146 ;
type : subscribe ;
scene : b3a772d0c2d26326ec059977fde96a8d ;

2017-02-14 17:09:02 trace :
------------
Array:
tousername : gh_6536061e4435 ;
fromusername : oKwkYw8e33SsKCgQqmRH91AsxTTA ;
createtime : 1487063342 ;
msgtype : event ;
event : VIEW ;
eventkey : http://kh39.61why.com/app/index.php?i=2&c=entry&eid=198 ;
menuid : 410600728 ;
from : oKwkYw8e33SsKCgQqmRH91AsxTTA ;
to : gh_6536061e4435 ;
time : 1487063342 ;
type : event ;

2017-02-14 17:09:02 params :
------------
Array:
rule : -2 ;
module :  ;
message : Array ;

2017-02-14 17:09:02 response :
------------

2017-02-14 17:11:08 trace :
------------
Array:
tousername : gh_6536061e4435 ;
fromusername : oKwkYw8e33SsKCgQqmRH91AsxTTA ;
createtime : 1487063468 ;
msgtype : event ;
event : VIEW ;
eventkey : http://kh39.61why.com/app/index.php?i=2&c=entry&eid=194 ;
menuid : 410600728 ;
from : oKwkYw8e33SsKCgQqmRH91AsxTTA ;
to : gh_6536061e4435 ;
time : 1487063468 ;
type : event ;

2017-02-14 17:11:08 params :
------------
Array:
rule : -2 ;
module :  ;
message : Array ;

2017-02-14 17:11:08 response :
------------

2017-02-14 17:14:46 trace :
------------
Array:
tousername : gh_6536061e4435 ;
fromusername : oKwkYw5hiet9aIoMvpfdt0UcJyzc ;
createtime : 1487063685 ;
msgtype : event ;
event : VIEW ;
eventkey : http://kh39.61why.com/app/index.php?i=2&c=entry&eid=198 ;
menuid : 410600728 ;
from : oKwkYw5hiet9aIoMvpfdt0UcJyzc ;
to : gh_6536061e4435 ;
time : 1487063685 ;
type : event ;

2017-02-14 17:14:46 params :
------------
Array:
rule : -2 ;
module :  ;
message : Array ;

2017-02-14 17:14:46 response :
------------

2017-02-14 17:15:00 trace :
------------
Array:
tousername : gh_6536061e4435 ;
fromusername : oKwkYw5hiet9aIoMvpfdt0UcJyzc ;
createtime : 1487063700 ;
msgtype : event ;
event : VIEW ;
eventkey : http://kh39.61why.com/app/index.php?i=2&c=entry&eid=198 ;
menuid : 410600728 ;
from : oKwkYw5hiet9aIoMvpfdt0UcJyzc ;
to : gh_6536061e4435 ;
time : 1487063700 ;
type : event ;

2017-02-14 17:15:00 params :
------------
Array:
rule : -2 ;
module :  ;
message : Array ;

2017-02-14 17:15:00 response :
------------

2017-02-14 17:24:29 trace :
------------
Array:
tousername : gh_6536061e4435 ;
fromusername : oKwkYw0f0uDfZLRoqozFe85Kydlk ;
createtime : 1487064269 ;
msgtype : event ;
event : VIEW ;
eventkey : http://kh39.61why.com/app/index.php?i=2&c=entry&eid=198 ;
menuid : 410600728 ;
from : oKwkYw0f0uDfZLRoqozFe85Kydlk ;
to : gh_6536061e4435 ;
time : 1487064269 ;
type : event ;

2017-02-14 17:24:29 params :
------------
Array:
rule : -2 ;
module :  ;
message : Array ;

2017-02-14 17:24:29 response :
------------

2017-02-14 17:24:40 trace :
------------
Array:
tousername : gh_6536061e4435 ;
fromusername : oKwkYw0f0uDfZLRoqozFe85Kydlk ;
createtime : 1487064280 ;
msgtype : event ;
event : VIEW ;
eventkey : http://kh39.61why.com/app/index.php?i=2&c=entry&eid=194 ;
menuid : 410600728 ;
from : oKwkYw0f0uDfZLRoqozFe85Kydlk ;
to : gh_6536061e4435 ;
time : 1487064280 ;
type : event ;

2017-02-14 17:24:40 params :
------------
Array:
rule : -2 ;
module :  ;
message : Array ;

2017-02-14 17:24:40 response :
------------

2017-02-14 17:26:06 trace :
------------
Array:
tousername : gh_6536061e4435 ;
fromusername : oKwkYw1W5I_NaF5L3vS4x72I1tao ;
createtime : 1487064366 ;
msgtype : event ;
event : CLICK ;
eventkey : 二维码 ;
from : oKwkYw1W5I_NaF5L3vS4x72I1tao ;
to : gh_6536061e4435 ;
time : 1487064366 ;
type : event ;

2017-02-14 17:29:20 trace :
------------
Array:
tousername : gh_6536061e4435 ;
fromusername : oKwkYw9A27iCE2wbx5IXncAJ21Sw ;
createtime : 1487064560 ;
msgtype : event ;
event : VIEW ;
eventkey : http://kh39.61why.com/app/index.php?i=2&c=entry&eid=194 ;
menuid : 410600728 ;
from : oKwkYw9A27iCE2wbx5IXncAJ21Sw ;
to : gh_6536061e4435 ;
time : 1487064560 ;
type : event ;

2017-02-14 17:29:20 params :
------------
Array:
rule : -2 ;
module :  ;
message : Array ;

2017-02-14 17:29:20 response :
------------

2017-02-14 17:30:45 trace :
------------
Array:
tousername : gh_6536061e4435 ;
fromusername : oKwkYwyrM_KzNNI3HMyE568skWcc ;
createtime : 1487064645 ;
msgtype : event ;
event : subscribe ;
eventkey : qrscene_25e80a82210e13a931a20cc3adf9f337 ;
ticket : gQHL8DwAAAAAAAAAAS5odHRwOi8vd2VpeGluLnFxLmNvbS9xLzAyUHBwYTFxSDljbzMxMDAwME0wNzIAAgSpX25YAwQAAAAA ;
from : oKwkYwyrM_KzNNI3HMyE568skWcc ;
to : gh_6536061e4435 ;
time : 1487064645 ;
type : subscribe ;
scene : 25e80a82210e13a931a20cc3adf9f337 ;

2017-02-14 17:30:49 trace :
------------
Array:
tousername : gh_6536061e4435 ;
fromusername : oKwkYwyrM_KzNNI3HMyE568skWcc ;
createtime : 1487064649 ;
msgtype : event ;
event : VIEW ;
eventkey : http://kh39.61why.com/app/index.php?i=2&c=entry&eid=194 ;
menuid : 410600728 ;
from : oKwkYwyrM_KzNNI3HMyE568skWcc ;
to : gh_6536061e4435 ;
time : 1487064649 ;
type : event ;

2017-02-14 17:30:49 params :
------------
Array:
rule : -2 ;
module :  ;
message : Array ;

2017-02-14 17:30:49 response :
------------

2017-02-14 17:32:09 trace :
------------
Array:
tousername : gh_6536061e4435 ;
fromusername : oKwkYwyrM_KzNNI3HMyE568skWcc ;
createtime : 1487064729 ;
msgtype : event ;
event : CLICK ;
eventkey : 二维码 ;
from : oKwkYwyrM_KzNNI3HMyE568skWcc ;
to : gh_6536061e4435 ;
time : 1487064729 ;
type : event ;

2017-02-14 17:32:16 trace :
------------
Array:
tousername : gh_6536061e4435 ;
fromusername : oKwkYwyrM_KzNNI3HMyE568skWcc ;
createtime : 1487064736 ;
msgtype : event ;
event : VIEW ;
eventkey : http://kh39.61why.com/app/index.php?i=2&c=entry&eid=198 ;
menuid : 410600728 ;
from : oKwkYwyrM_KzNNI3HMyE568skWcc ;
to : gh_6536061e4435 ;
time : 1487064736 ;
type : event ;

2017-02-14 17:32:16 params :
------------
Array:
rule : -2 ;
module :  ;
message : Array ;

2017-02-14 17:32:16 response :
------------

2017-02-14 17:32:51 trace :
------------
Array:
tousername : gh_6536061e4435 ;
fromusername : oKwkYw9A27iCE2wbx5IXncAJ21Sw ;
createtime : 1487064771 ;
msgtype : event ;
event : VIEW ;
eventkey : http://kh39.61why.com/app/index.php?i=2&c=entry&eid=194 ;
menuid : 410600728 ;
from : oKwkYw9A27iCE2wbx5IXncAJ21Sw ;
to : gh_6536061e4435 ;
time : 1487064771 ;
type : event ;

2017-02-14 17:32:51 params :
------------
Array:
rule : -2 ;
module :  ;
message : Array ;

2017-02-14 17:32:51 response :
------------

2017-02-14 17:46:27 trace :
------------
Array:
tousername : gh_6536061e4435 ;
fromusername : oKwkYw0U4Qo5FQdN_RYtDWpwve8o ;
createtime : 1487065587 ;
msgtype : event ;
event : VIEW ;
eventkey : http://kh39.61why.com/app/index.php?i=2&c=entry&eid=194 ;
menuid : 410600728 ;
from : oKwkYw0U4Qo5FQdN_RYtDWpwve8o ;
to : gh_6536061e4435 ;
time : 1487065587 ;
type : event ;

2017-02-14 17:46:27 params :
------------
Array:
rule : -2 ;
module :  ;
message : Array ;

2017-02-14 17:46:27 response :
------------

2017-02-14 17:56:03 trace :
------------
Array:
tousername : gh_6536061e4435 ;
fromusername : oKwkYwy1kldt1gREB-h1lVVtM2nU ;
createtime : 1487066163 ;
msgtype : event ;
event : subscribe ;
eventkey : qrscene_3192547395f698f9aa63c4121a0ac948 ;
ticket : gQEQ8jwAAAAAAAAAAS5odHRwOi8vd2VpeGluLnFxLmNvbS9xLzAydWY4ajBwSDljbzMxMDAwMHcwN0oAAgS_pqFYAwQAAAAA ;
from : oKwkYwy1kldt1gREB-h1lVVtM2nU ;
to : gh_6536061e4435 ;
time : 1487066163 ;
type : subscribe ;
scene : 3192547395f698f9aa63c4121a0ac948 ;

2017-02-14 18:04:17 trace :
------------
Array:
tousername : gh_6536061e4435 ;
fromusername : oKwkYw3AYm2BTknUlKfEyD8mW9hM ;
createtime : 1487066657 ;
msgtype : event ;
event : VIEW ;
eventkey : http://kh39.61why.com/app/index.php?i=2&c=entry&eid=198 ;
menuid : 410600728 ;
from : oKwkYw3AYm2BTknUlKfEyD8mW9hM ;
to : gh_6536061e4435 ;
time : 1487066657 ;
type : event ;

2017-02-14 18:04:17 params :
------------
Array:
rule : -2 ;
module :  ;
message : Array ;

2017-02-14 18:04:17 response :
------------

2017-02-14 18:05:05 trace :
------------
Array:
tousername : gh_6536061e4435 ;
fromusername : oKwkYwwYq4EhByxPFosA0Iv5zEok ;
createtime : 1487066705 ;
msgtype : event ;
event : VIEW ;
eventkey : http://kh39.61why.com/app/index.php?i=2&c=entry&eid=194 ;
menuid : 410600728 ;
from : oKwkYwwYq4EhByxPFosA0Iv5zEok ;
to : gh_6536061e4435 ;
time : 1487066705 ;
type : event ;

2017-02-14 18:05:05 params :
------------
Array:
rule : -2 ;
module :  ;
message : Array ;

2017-02-14 18:05:05 response :
------------

2017-02-14 18:07:32 trace :
------------
Array:
tousername : gh_6536061e4435 ;
fromusername : oKwkYw0xRRwDK29pobW4DAl4fZu0 ;
createtime : 1487066852 ;
msgtype : event ;
event : subscribe ;
eventkey : qrscene_25e80a82210e13a931a20cc3adf9f337 ;
ticket : gQHL8DwAAAAAAAAAAS5odHRwOi8vd2VpeGluLnFxLmNvbS9xLzAyUHBwYTFxSDljbzMxMDAwME0wNzIAAgSpX25YAwQAAAAA ;
from : oKwkYw0xRRwDK29pobW4DAl4fZu0 ;
to : gh_6536061e4435 ;
time : 1487066852 ;
type : subscribe ;
scene : 25e80a82210e13a931a20cc3adf9f337 ;

2017-02-14 18:15:21 trace :
------------
Array:
tousername : gh_6536061e4435 ;
fromusername : oKwkYw6-hrqgy_u99tLQdVw6APNU ;
createtime : 1487067320 ;
msgtype : event ;
event : VIEW ;
eventkey : http://kh39.61why.com/app/index.php?i=2&c=entry&eid=198 ;
menuid : 410600728 ;
from : oKwkYw6-hrqgy_u99tLQdVw6APNU ;
to : gh_6536061e4435 ;
time : 1487067320 ;
type : event ;

2017-02-14 18:15:21 params :
------------
Array:
rule : -2 ;
module :  ;
message : Array ;

2017-02-14 18:15:21 response :
------------

2017-02-14 18:25:45 trace :
------------
Array:
tousername : gh_6536061e4435 ;
fromusername : oKwkYw4945-5eXLyl7mTmsX-jsYo ;
createtime : 1487067945 ;
msgtype : event ;
event : subscribe ;
eventkey : qrscene_25e80a82210e13a931a20cc3adf9f337 ;
ticket : gQHL8DwAAAAAAAAAAS5odHRwOi8vd2VpeGluLnFxLmNvbS9xLzAyUHBwYTFxSDljbzMxMDAwME0wNzIAAgSpX25YAwQAAAAA ;
from : oKwkYw4945-5eXLyl7mTmsX-jsYo ;
to : gh_6536061e4435 ;
time : 1487067945 ;
type : subscribe ;
scene : 25e80a82210e13a931a20cc3adf9f337 ;

2017-02-14 18:26:23 trace :
------------
Array:
tousername : gh_6536061e4435 ;
fromusername : oKwkYw4945-5eXLyl7mTmsX-jsYo ;
createtime : 1487067983 ;
msgtype : event ;
event : VIEW ;
eventkey : http://kh39.61why.com/app/index.php?i=2&c=entry&eid=194 ;
menuid : 410600728 ;
from : oKwkYw4945-5eXLyl7mTmsX-jsYo ;
to : gh_6536061e4435 ;
time : 1487067983 ;
type : event ;

2017-02-14 18:26:23 params :
------------
Array:
rule : -2 ;
module :  ;
message : Array ;

2017-02-14 18:26:23 response :
------------

2017-02-14 18:29:07 trace :
------------
Array:
tousername : gh_6536061e4435 ;
fromusername : oKwkYw4945-5eXLyl7mTmsX-jsYo ;
createtime : 1487068147 ;
msgtype : event ;
event : CLICK ;
eventkey : 二维码 ;
from : oKwkYw4945-5eXLyl7mTmsX-jsYo ;
to : gh_6536061e4435 ;
time : 1487068147 ;
type : event ;

2017-02-14 18:39:40 trace :
------------
Array:
tousername : gh_6536061e4435 ;
fromusername : oKwkYw8ymNesUSuslekugBdj73NA ;
createtime : 1487068780 ;
msgtype : event ;
event : VIEW ;
eventkey : http://kh39.61why.com/app/index.php?i=2&c=entry&eid=194 ;
menuid : 410600728 ;
from : oKwkYw8ymNesUSuslekugBdj73NA ;
to : gh_6536061e4435 ;
time : 1487068780 ;
type : event ;

2017-02-14 18:39:40 params :
------------
Array:
rule : -2 ;
module :  ;
message : Array ;

2017-02-14 18:39:40 response :
------------

2017-02-14 18:52:32 trace :
------------
Array:
tousername : gh_6536061e4435 ;
fromusername : oKwkYw0YAzbr6YgvHolqg_xwXtAI ;
createtime : 1487069552 ;
msgtype : event ;
event : subscribe ;
eventkey : qrscene_72326a5617c1da674bdd905cf6388505 ;
ticket : gQEh8DwAAAAAAAAAAS5odHRwOi8vd2VpeGluLnFxLmNvbS9xLzAybG14TDBGSDljbzMxMDAwMGcwN2IAAgRvGW5YAwQAAAAA ;
from : oKwkYw0YAzbr6YgvHolqg_xwXtAI ;
to : gh_6536061e4435 ;
time : 1487069552 ;
type : subscribe ;
scene : 72326a5617c1da674bdd905cf6388505 ;

2017-02-14 18:52:41 trace :
------------
Array:
tousername : gh_6536061e4435 ;
fromusername : oKwkYw0YAzbr6YgvHolqg_xwXtAI ;
createtime : 1487069561 ;
msgtype : event ;
event : VIEW ;
eventkey : http://kh39.61why.com/app/index.php?i=2&c=entry&eid=194 ;
menuid : 410600728 ;
from : oKwkYw0YAzbr6YgvHolqg_xwXtAI ;
to : gh_6536061e4435 ;
time : 1487069561 ;
type : event ;

2017-02-14 18:52:41 params :
------------
Array:
rule : -2 ;
module :  ;
message : Array ;

2017-02-14 18:52:41 response :
------------

2017-02-14 18:56:05 trace :
------------
Array:
tousername : gh_6536061e4435 ;
fromusername : oKwkYw0YAzbr6YgvHolqg_xwXtAI ;
createtime : 1487069765 ;
msgtype : event ;
event : VIEW ;
eventkey : http://kh39.61why.com/app/index.php?i=2&c=entry&eid=194 ;
menuid : 410600728 ;
from : oKwkYw0YAzbr6YgvHolqg_xwXtAI ;
to : gh_6536061e4435 ;
time : 1487069765 ;
type : event ;

2017-02-14 18:56:05 params :
------------
Array:
rule : -2 ;
module :  ;
message : Array ;

2017-02-14 18:56:05 response :
------------

2017-02-14 18:57:43 trace :
------------
Array:
tousername : gh_6536061e4435 ;
fromusername : oKwkYw0YAzbr6YgvHolqg_xwXtAI ;
createtime : 1487069863 ;
msgtype : event ;
event : VIEW ;
eventkey : http://kh39.61why.com/app/index.php?i=2&c=entry&eid=194 ;
menuid : 410600728 ;
from : oKwkYw0YAzbr6YgvHolqg_xwXtAI ;
to : gh_6536061e4435 ;
time : 1487069863 ;
type : event ;

2017-02-14 18:57:43 params :
------------
Array:
rule : -2 ;
module :  ;
message : Array ;

2017-02-14 18:57:43 response :
------------

2017-02-14 18:58:42 trace :
------------
Array:
tousername : gh_6536061e4435 ;
fromusername : oKwkYw0YAzbr6YgvHolqg_xwXtAI ;
createtime : 1487069922 ;
msgtype : event ;
event : VIEW ;
eventkey : http://kh39.61why.com/app/index.php?i=2&c=entry&eid=194 ;
menuid : 410600728 ;
from : oKwkYw0YAzbr6YgvHolqg_xwXtAI ;
to : gh_6536061e4435 ;
time : 1487069922 ;
type : event ;

2017-02-14 18:58:42 params :
------------
Array:
rule : -2 ;
module :  ;
message : Array ;

2017-02-14 18:58:42 response :
------------

2017-02-14 19:00:23 trace :
------------
Array:
tousername : gh_6536061e4435 ;
fromusername : oKwkYw0YAzbr6YgvHolqg_xwXtAI ;
createtime : 1487070023 ;
msgtype : event ;
event : VIEW ;
eventkey : http://kh39.61why.com/app/index.php?i=2&c=entry&eid=194 ;
menuid : 410600728 ;
from : oKwkYw0YAzbr6YgvHolqg_xwXtAI ;
to : gh_6536061e4435 ;
time : 1487070023 ;
type : event ;

2017-02-14 19:00:23 params :
------------
Array:
rule : -2 ;
module :  ;
message : Array ;

2017-02-14 19:00:23 response :
------------

2017-02-14 19:01:25 trace :
------------
Array:
tousername : gh_6536061e4435 ;
fromusername : oKwkYw0YAzbr6YgvHolqg_xwXtAI ;
createtime : 1487070085 ;
msgtype : event ;
event : VIEW ;
eventkey : http://kh39.61why.com/app/index.php?i=2&c=entry&eid=194 ;
menuid : 410600728 ;
from : oKwkYw0YAzbr6YgvHolqg_xwXtAI ;
to : gh_6536061e4435 ;
time : 1487070085 ;
type : event ;

2017-02-14 19:01:25 params :
------------
Array:
rule : -2 ;
module :  ;
message : Array ;

2017-02-14 19:01:25 response :
------------

2017-02-14 19:01:27 trace :
------------
Array:
tousername : gh_6536061e4435 ;
fromusername : oKwkYw0YAzbr6YgvHolqg_xwXtAI ;
createtime : 1487070087 ;
msgtype : event ;
event : VIEW ;
eventkey : http://kh39.61why.com/app/index.php?i=2&c=entry&eid=198 ;
menuid : 410600728 ;
from : oKwkYw0YAzbr6YgvHolqg_xwXtAI ;
to : gh_6536061e4435 ;
time : 1487070087 ;
type : event ;

2017-02-14 19:01:27 params :
------------
Array:
rule : -2 ;
module :  ;
message : Array ;

2017-02-14 19:01:27 response :
------------

2017-02-14 19:22:09 trace :
------------
Array:
tousername : gh_6536061e4435 ;
fromusername : oKwkYwywxtQq-wIoXEPX7RQyBtoE ;
createtime : 1487071329 ;
msgtype : event ;
event : VIEW ;
eventkey : http://kh39.61why.com/app/index.php?i=2&c=entry&eid=198 ;
menuid : 410600728 ;
from : oKwkYwywxtQq-wIoXEPX7RQyBtoE ;
to : gh_6536061e4435 ;
time : 1487071329 ;
type : event ;

2017-02-14 19:22:09 params :
------------
Array:
rule : -2 ;
module :  ;
message : Array ;

2017-02-14 19:22:09 response :
------------

2017-02-14 19:24:07 trace :
------------
Array:
tousername : gh_6536061e4435 ;
fromusername : oKwkYw0YAzbr6YgvHolqg_xwXtAI ;
createtime : 1487071447 ;
msgtype : event ;
event : VIEW ;
eventkey : http://kh39.61why.com/app/index.php?i=2&c=entry&eid=198 ;
menuid : 410600728 ;
from : oKwkYw0YAzbr6YgvHolqg_xwXtAI ;
to : gh_6536061e4435 ;
time : 1487071447 ;
type : event ;

2017-02-14 19:24:07 params :
------------
Array:
rule : -2 ;
module :  ;
message : Array ;

2017-02-14 19:24:07 response :
------------

2017-02-14 19:24:15 trace :
------------
Array:
tousername : gh_6536061e4435 ;
fromusername : oKwkYw0YAzbr6YgvHolqg_xwXtAI ;
createtime : 1487071455 ;
msgtype : event ;
event : VIEW ;
eventkey : http://kh39.61why.com/app/index.php?i=2&c=entry&eid=198 ;
menuid : 410600728 ;
from : oKwkYw0YAzbr6YgvHolqg_xwXtAI ;
to : gh_6536061e4435 ;
time : 1487071455 ;
type : event ;

2017-02-14 19:24:15 params :
------------
Array:
rule : -2 ;
module :  ;
message : Array ;

2017-02-14 19:24:15 response :
------------

2017-02-14 19:27:30 trace :
------------
Array:
tousername : gh_6536061e4435 ;
fromusername : oKwkYw0YAzbr6YgvHolqg_xwXtAI ;
createtime : 1487071650 ;
msgtype : event ;
event : VIEW ;
eventkey : http://kh39.61why.com/app/index.php?i=2&c=entry&eid=198 ;
menuid : 410600728 ;
from : oKwkYw0YAzbr6YgvHolqg_xwXtAI ;
to : gh_6536061e4435 ;
time : 1487071650 ;
type : event ;

2017-02-14 19:27:30 params :
------------
Array:
rule : -2 ;
module :  ;
message : Array ;

2017-02-14 19:27:30 response :
------------

2017-02-14 19:27:53 trace :
------------
Array:
tousername : gh_6536061e4435 ;
fromusername : oKwkYw0YAzbr6YgvHolqg_xwXtAI ;
createtime : 1487071673 ;
msgtype : event ;
event : VIEW ;
eventkey : http://kh39.61why.com/app/index.php?i=2&c=entry&eid=198 ;
menuid : 410600728 ;
from : oKwkYw0YAzbr6YgvHolqg_xwXtAI ;
to : gh_6536061e4435 ;
time : 1487071673 ;
type : event ;

2017-02-14 19:27:53 params :
------------
Array:
rule : -2 ;
module :  ;
message : Array ;

2017-02-14 19:27:53 response :
------------

2017-02-14 19:28:49 trace :
------------
Array:
tousername : gh_6536061e4435 ;
fromusername : oKwkYw0YAzbr6YgvHolqg_xwXtAI ;
createtime : 1487071729 ;
msgtype : event ;
event : VIEW ;
eventkey : http://kh39.61why.com/app/index.php?i=2&c=entry&eid=198 ;
menuid : 410600728 ;
from : oKwkYw0YAzbr6YgvHolqg_xwXtAI ;
to : gh_6536061e4435 ;
time : 1487071729 ;
type : event ;

2017-02-14 19:28:49 params :
------------
Array:
rule : -2 ;
module :  ;
message : Array ;

2017-02-14 19:28:49 response :
------------

2017-02-14 19:30:41 trace :
------------
Array:
tousername : gh_6536061e4435 ;
fromusername : oKwkYw0YAzbr6YgvHolqg_xwXtAI ;
createtime : 1487071841 ;
msgtype : event ;
event : VIEW ;
eventkey : http://kh39.61why.com/app/index.php?i=2&c=entry&eid=198 ;
menuid : 410600728 ;
from : oKwkYw0YAzbr6YgvHolqg_xwXtAI ;
to : gh_6536061e4435 ;
time : 1487071841 ;
type : event ;

2017-02-14 19:30:41 params :
------------
Array:
rule : -2 ;
module :  ;
message : Array ;

2017-02-14 19:30:41 response :
------------

2017-02-14 19:30:59 trace :
------------
Array:
tousername : gh_6536061e4435 ;
fromusername : oKwkYw0YAzbr6YgvHolqg_xwXtAI ;
createtime : 1487071859 ;
msgtype : event ;
event : VIEW ;
eventkey : http://kh39.61why.com/app/index.php?i=2&c=entry&eid=198 ;
menuid : 410600728 ;
from : oKwkYw0YAzbr6YgvHolqg_xwXtAI ;
to : gh_6536061e4435 ;
time : 1487071859 ;
type : event ;

2017-02-14 19:30:59 params :
------------
Array:
rule : -2 ;
module :  ;
message : Array ;

2017-02-14 19:30:59 response :
------------

2017-02-14 19:44:35 trace :
------------
Array:
tousername : gh_6536061e4435 ;
fromusername : oKwkYw5S8zWw6zCS6dGdWuuV95fM ;
createtime : 1487072675 ;
msgtype : event ;
event : VIEW ;
eventkey : http://kh39.61why.com/app/index.php?i=2&c=entry&eid=198 ;
menuid : 410600728 ;
from : oKwkYw5S8zWw6zCS6dGdWuuV95fM ;
to : gh_6536061e4435 ;
time : 1487072675 ;
type : event ;

2017-02-14 19:44:35 params :
------------
Array:
rule : -2 ;
module :  ;
message : Array ;

2017-02-14 19:44:35 response :
------------

2017-02-14 19:50:44 trace :
------------
Array:
tousername : gh_6536061e4435 ;
fromusername : oKwkYwyiEttGTAhXxOnCktv1AWDc ;
createtime : 1487073044 ;
msgtype : event ;
event : VIEW ;
eventkey : http://kh39.61why.com/app/index.php?i=2&c=entry&eid=194 ;
menuid : 410600728 ;
from : oKwkYwyiEttGTAhXxOnCktv1AWDc ;
to : gh_6536061e4435 ;
time : 1487073044 ;
type : event ;

2017-02-14 19:50:44 params :
------------
Array:
rule : -2 ;
module :  ;
message : Array ;

2017-02-14 19:50:44 response :
------------

2017-02-14 19:50:47 trace :
------------
Array:
tousername : gh_6536061e4435 ;
fromusername : oKwkYwyiEttGTAhXxOnCktv1AWDc ;
createtime : 1487073047 ;
msgtype : event ;
event : VIEW ;
eventkey : http://kh39.61why.com/app/index.php?i=2&c=entry&eid=198 ;
menuid : 410600728 ;
from : oKwkYwyiEttGTAhXxOnCktv1AWDc ;
to : gh_6536061e4435 ;
time : 1487073047 ;
type : event ;

2017-02-14 19:50:47 params :
------------
Array:
rule : -2 ;
module :  ;
message : Array ;

2017-02-14 19:50:47 response :
------------

2017-02-14 19:51:43 trace :
------------
Array:
tousername : gh_6536061e4435 ;
fromusername : oKwkYw0D7snKw9WJkTr_EzwW-SF0 ;
createtime : 1487073103 ;
msgtype : event ;
event : VIEW ;
eventkey : http://kh39.61why.com/app/index.php?i=2&c=entry&eid=198 ;
menuid : 410600728 ;
from : oKwkYw0D7snKw9WJkTr_EzwW-SF0 ;
to : gh_6536061e4435 ;
time : 1487073103 ;
type : event ;

2017-02-14 19:51:43 params :
------------
Array:
rule : -2 ;
module :  ;
message : Array ;

2017-02-14 19:51:43 response :
------------

2017-02-14 19:54:00 trace :
------------
Array:
tousername : gh_6536061e4435 ;
fromusername : oKwkYw0D7snKw9WJkTr_EzwW-SF0 ;
createtime : 1487073240 ;
msgtype : event ;
event : VIEW ;
eventkey : http://kh39.61why.com/app/index.php?i=2&c=entry&eid=198 ;
menuid : 410600728 ;
from : oKwkYw0D7snKw9WJkTr_EzwW-SF0 ;
to : gh_6536061e4435 ;
time : 1487073240 ;
type : event ;

2017-02-14 19:54:00 params :
------------
Array:
rule : -2 ;
module :  ;
message : Array ;

2017-02-14 19:54:00 response :
------------

2017-02-14 19:54:39 trace :
------------
Array:
tousername : gh_6536061e4435 ;
fromusername : oKwkYw0D7snKw9WJkTr_EzwW-SF0 ;
createtime : 1487073279 ;
msgtype : event ;
event : VIEW ;
eventkey : http://kh39.61why.com/app/index.php?i=2&c=entry&eid=194 ;
menuid : 410600728 ;
from : oKwkYw0D7snKw9WJkTr_EzwW-SF0 ;
to : gh_6536061e4435 ;
time : 1487073279 ;
type : event ;

2017-02-14 19:54:39 params :
------------
Array:
rule : -2 ;
module :  ;
message : Array ;

2017-02-14 19:54:39 response :
------------

2017-02-14 19:57:42 trace :
------------
Array:
tousername : gh_6536061e4435 ;
fromusername : oKwkYw0YAzbr6YgvHolqg_xwXtAI ;
createtime : 1487073462 ;
msgtype : event ;
event : VIEW ;
eventkey : http://kh39.61why.com/app/index.php?i=2&c=entry&eid=198 ;
menuid : 410600728 ;
from : oKwkYw0YAzbr6YgvHolqg_xwXtAI ;
to : gh_6536061e4435 ;
time : 1487073462 ;
type : event ;

2017-02-14 19:57:42 params :
------------
Array:
rule : -2 ;
module :  ;
message : Array ;

2017-02-14 19:57:42 response :
------------

2017-02-14 20:00:15 trace :
------------
Array:
tousername : gh_6536061e4435 ;
fromusername : oKwkYwyiEttGTAhXxOnCktv1AWDc ;
createtime : 1487073615 ;
msgtype : event ;
event : VIEW ;
eventkey : http://kh39.61why.com/app/index.php?i=2&c=entry&eid=198 ;
menuid : 410600728 ;
from : oKwkYwyiEttGTAhXxOnCktv1AWDc ;
to : gh_6536061e4435 ;
time : 1487073615 ;
type : event ;

2017-02-14 20:00:15 params :
------------
Array:
rule : -2 ;
module :  ;
message : Array ;

2017-02-14 20:00:15 response :
------------

2017-02-14 20:01:40 trace :
------------
Array:
tousername : gh_6536061e4435 ;
fromusername : oKwkYw5S8zWw6zCS6dGdWuuV95fM ;
createtime : 1487073700 ;
msgtype : event ;
event : VIEW ;
eventkey : http://kh39.61why.com/app/index.php?i=2&c=entry&eid=194 ;
menuid : 410600728 ;
from : oKwkYw5S8zWw6zCS6dGdWuuV95fM ;
to : gh_6536061e4435 ;
time : 1487073700 ;
type : event ;

2017-02-14 20:01:40 params :
------------
Array:
rule : -2 ;
module :  ;
message : Array ;

2017-02-14 20:01:40 response :
------------

2017-02-14 20:07:57 trace :
------------
Array:
tousername : gh_6536061e4435 ;
fromusername : oKwkYwyiEttGTAhXxOnCktv1AWDc ;
createtime : 1487074077 ;
msgtype : event ;
event : VIEW ;
eventkey : http://kh39.61why.com/app/index.php?i=2&c=entry&eid=198 ;
menuid : 410600728 ;
from : oKwkYwyiEttGTAhXxOnCktv1AWDc ;
to : gh_6536061e4435 ;
time : 1487074077 ;
type : event ;

2017-02-14 20:07:57 params :
------------
Array:
rule : -2 ;
module :  ;
message : Array ;

2017-02-14 20:07:57 response :
------------

2017-02-14 20:26:26 trace :
------------
Array:
tousername : gh_6536061e4435 ;
fromusername : oKwkYw5lsruDKvSZ4lwO5LFJhhKU ;
createtime : 1487075186 ;
msgtype : event ;
event : VIEW ;
eventkey : http://kh39.61why.com/app/index.php?i=2&c=entry&eid=194 ;
menuid : 410600728 ;
from : oKwkYw5lsruDKvSZ4lwO5LFJhhKU ;
to : gh_6536061e4435 ;
time : 1487075186 ;
type : event ;

2017-02-14 20:26:26 params :
------------
Array:
rule : -2 ;
module :  ;
message : Array ;

2017-02-14 20:26:26 response :
------------

2017-02-14 20:43:16 trace :
------------
Array:
tousername : gh_6536061e4435 ;
fromusername : oKwkYw7K9xHIr91Csk-qENfcagnM ;
createtime : 1487076196 ;
msgtype : event ;
event : VIEW ;
eventkey : http://kh39.61why.com/app/index.php?i=2&c=entry&eid=198 ;
menuid : 410600728 ;
from : oKwkYw7K9xHIr91Csk-qENfcagnM ;
to : gh_6536061e4435 ;
time : 1487076196 ;
type : event ;

2017-02-14 20:43:16 params :
------------
Array:
rule : -2 ;
module :  ;
message : Array ;

2017-02-14 20:43:16 response :
------------

2017-02-14 22:03:21 trace :
------------
Array:
tousername : gh_6536061e4435 ;
fromusername : oKwkYw4pBByXgIZn3AIOofyFsRd8 ;
createtime : 1487081001 ;
msgtype : event ;
event : subscribe ;
eventkey : qrscene_25e80a82210e13a931a20cc3adf9f337 ;
ticket : gQHL8DwAAAAAAAAAAS5odHRwOi8vd2VpeGluLnFxLmNvbS9xLzAyUHBwYTFxSDljbzMxMDAwME0wNzIAAgSpX25YAwQAAAAA ;
from : oKwkYw4pBByXgIZn3AIOofyFsRd8 ;
to : gh_6536061e4435 ;
time : 1487081001 ;
type : subscribe ;
scene : 25e80a82210e13a931a20cc3adf9f337 ;

2017-02-14 22:03:24 trace :
------------
Array:
tousername : gh_6536061e4435 ;
fromusername : oKwkYw4pBByXgIZn3AIOofyFsRd8 ;
createtime : 1487081004 ;
msgtype : event ;
event : VIEW ;
eventkey : http://kh39.61why.com/app/index.php?i=2&c=entry&eid=194 ;
menuid : 410600728 ;
from : oKwkYw4pBByXgIZn3AIOofyFsRd8 ;
to : gh_6536061e4435 ;
time : 1487081004 ;
type : event ;

2017-02-14 22:03:24 params :
------------
Array:
rule : -2 ;
module :  ;
message : Array ;

2017-02-14 22:03:24 response :
------------

2017-02-14 22:04:38 trace :
------------
Array:
tousername : gh_6536061e4435 ;
fromusername : oKwkYw4pBByXgIZn3AIOofyFsRd8 ;
createtime : 1487081078 ;
msgtype : event ;
event : CLICK ;
eventkey : 二维码 ;
from : oKwkYw4pBByXgIZn3AIOofyFsRd8 ;
to : gh_6536061e4435 ;
time : 1487081078 ;
type : event ;

2017-02-14 22:09:04 trace :
------------
Array:
tousername : gh_6536061e4435 ;
fromusername : oKwkYw7K9xHIr91Csk-qENfcagnM ;
createtime : 1487081344 ;
msgtype : event ;
event : VIEW ;
eventkey : http://kh39.61why.com/app/index.php?i=2&c=entry&eid=194 ;
menuid : 410600728 ;
from : oKwkYw7K9xHIr91Csk-qENfcagnM ;
to : gh_6536061e4435 ;
time : 1487081344 ;
type : event ;

2017-02-14 22:09:04 params :
------------
Array:
rule : -2 ;
module :  ;
message : Array ;

2017-02-14 22:09:04 response :
------------

2017-02-14 22:09:13 trace :
------------
Array:
tousername : gh_6536061e4435 ;
fromusername : oKwkYw7K9xHIr91Csk-qENfcagnM ;
createtime : 1487081353 ;
msgtype : event ;
event : VIEW ;
eventkey : http://kh39.61why.com/app/index.php?i=2&c=entry&eid=194 ;
menuid : 410600728 ;
from : oKwkYw7K9xHIr91Csk-qENfcagnM ;
to : gh_6536061e4435 ;
time : 1487081353 ;
type : event ;

2017-02-14 22:09:13 params :
------------
Array:
rule : -2 ;
module :  ;
message : Array ;

2017-02-14 22:09:13 response :
------------

2017-02-14 22:14:50 trace :
------------
Array:
tousername : gh_6536061e4435 ;
fromusername : oKwkYw7K9xHIr91Csk-qENfcagnM ;
createtime : 1487081690 ;
msgtype : event ;
event : VIEW ;
eventkey : http://kh39.61why.com/app/index.php?i=2&c=entry&eid=194 ;
menuid : 410600728 ;
from : oKwkYw7K9xHIr91Csk-qENfcagnM ;
to : gh_6536061e4435 ;
time : 1487081690 ;
type : event ;

2017-02-14 22:14:50 params :
------------
Array:
rule : -2 ;
module :  ;
message : Array ;

2017-02-14 22:14:50 response :
------------

2017-02-14 22:17:41 trace :
------------
Array:
tousername : gh_6536061e4435 ;
fromusername : oKwkYw7K9xHIr91Csk-qENfcagnM ;
createtime : 1487081861 ;
msgtype : event ;
event : VIEW ;
eventkey : http://kh39.61why.com/app/index.php?i=2&c=entry&eid=194 ;
menuid : 410600728 ;
from : oKwkYw7K9xHIr91Csk-qENfcagnM ;
to : gh_6536061e4435 ;
time : 1487081861 ;
type : event ;

2017-02-14 22:17:41 params :
------------
Array:
rule : -2 ;
module :  ;
message : Array ;

2017-02-14 22:17:41 response :
------------

2017-02-14 22:19:44 trace :
------------
Array:
tousername : gh_6536061e4435 ;
fromusername : oKwkYw7K9xHIr91Csk-qENfcagnM ;
createtime : 1487081984 ;
msgtype : event ;
event : VIEW ;
eventkey : http://kh39.61why.com/app/index.php?i=2&c=entry&eid=194 ;
menuid : 410600728 ;
from : oKwkYw7K9xHIr91Csk-qENfcagnM ;
to : gh_6536061e4435 ;
time : 1487081984 ;
type : event ;

2017-02-14 22:19:44 params :
------------
Array:
rule : -2 ;
module :  ;
message : Array ;

2017-02-14 22:19:44 response :
------------

2017-02-14 22:36:11 trace :
------------
Array:
tousername : gh_6536061e4435 ;
fromusername : oKwkYw1KQ5ff5BZ0dgvipwLgZRns ;
createtime : 1487082971 ;
msgtype : event ;
event : VIEW ;
eventkey : http://kh39.61why.com/app/index.php?i=2&c=entry&eid=198 ;
menuid : 410600728 ;
from : oKwkYw1KQ5ff5BZ0dgvipwLgZRns ;
to : gh_6536061e4435 ;
time : 1487082971 ;
type : event ;

2017-02-14 22:36:11 params :
------------
Array:
rule : -2 ;
module :  ;
message : Array ;

2017-02-14 22:36:11 response :
------------

2017-02-14 22:36:16 trace :
------------
Array:
tousername : gh_6536061e4435 ;
fromusername : oKwkYw1KQ5ff5BZ0dgvipwLgZRns ;
createtime : 1487082976 ;
msgtype : event ;
event : VIEW ;
eventkey : http://kh39.61why.com/app/index.php?i=2&c=entry&eid=198 ;
menuid : 410600728 ;
from : oKwkYw1KQ5ff5BZ0dgvipwLgZRns ;
to : gh_6536061e4435 ;
time : 1487082976 ;
type : event ;

2017-02-14 22:36:16 params :
------------
Array:
rule : -2 ;
module :  ;
message : Array ;

2017-02-14 22:36:16 response :
------------

2017-02-14 23:01:08 trace :
------------
Array:
tousername : gh_6536061e4435 ;
fromusername : oKwkYwywEpFgDWbwv_V6u_yoYYIo ;
createtime : 1487084468 ;
msgtype : event ;
event : CLICK ;
eventkey : 二维码 ;
from : oKwkYwywEpFgDWbwv_V6u_yoYYIo ;
to : gh_6536061e4435 ;
time : 1487084468 ;
type : event ;

2017-02-14 23:01:22 trace :
------------
Array:
tousername : gh_6536061e4435 ;
fromusername : oKwkYwywEpFgDWbwv_V6u_yoYYIo ;
createtime : 1487084482 ;
msgtype : event ;
event : VIEW ;
eventkey : http://kh39.61why.com/app/index.php?i=2&c=entry&eid=198 ;
menuid : 410600728 ;
from : oKwkYwywEpFgDWbwv_V6u_yoYYIo ;
to : gh_6536061e4435 ;
time : 1487084482 ;
type : event ;

2017-02-14 23:01:22 params :
------------
Array:
rule : -2 ;
module :  ;
message : Array ;

2017-02-14 23:01:22 response :
------------

2017-02-14 23:02:23 trace :
------------
Array:
tousername : gh_6536061e4435 ;
fromusername : oKwkYwywEpFgDWbwv_V6u_yoYYIo ;
createtime : 1487084543 ;
msgtype : event ;
event : VIEW ;
eventkey : http://kh39.61why.com/app/index.php?i=2&c=entry&eid=194 ;
menuid : 410600728 ;
from : oKwkYwywEpFgDWbwv_V6u_yoYYIo ;
to : gh_6536061e4435 ;
time : 1487084543 ;
type : event ;

2017-02-14 23:02:23 params :
------------
Array:
rule : -2 ;
module :  ;
message : Array ;

2017-02-14 23:02:23 response :
------------

