2017-05-14 00:06:56 trace :
------------
Array:
tousername : gh_6536061e4435 ;
fromusername : oKwkYwypqIDXA1wGzBXo91QQIhM4 ;
createtime : 1494691616 ;
msgtype : event ;
event : VIEW ;
eventkey : http://kh39.61why.com/app/index.php?i=2&c=entry&eid=194 ;
menuid : 410600728 ;
from : oKwkYwypqIDXA1wGzBXo91QQIhM4 ;
to : gh_6536061e4435 ;
time : 1494691616 ;
type : event ;

2017-05-14 00:06:57 params :
------------
Array:
rule : -2 ;
module :  ;
message : Array ;

2017-05-14 00:06:57 response :
------------

2017-05-14 00:09:52 trace :
------------
Array:
tousername : gh_6536061e4435 ;
fromusername : oKwkYwzT-_rtOcjqbkEjtYNDODIY ;
createtime : 1494691792 ;
msgtype : event ;
event : VIEW ;
eventkey : http://kh39.61why.com/app/index.php?i=2&c=entry&eid=194 ;
menuid : 410600728 ;
from : oKwkYwzT-_rtOcjqbkEjtYNDODIY ;
to : gh_6536061e4435 ;
time : 1494691792 ;
type : event ;

2017-05-14 00:09:52 params :
------------
Array:
rule : -2 ;
module :  ;
message : Array ;

2017-05-14 00:09:52 response :
------------

2017-05-14 00:15:36 trace :
------------
Array:
tousername : gh_6536061e4435 ;
fromusername : oKwkYwypqIDXA1wGzBXo91QQIhM4 ;
createtime : 1494692136 ;
msgtype : event ;
event : VIEW ;
eventkey : http://kh39.61why.com/app/index.php?i=2&c=entry&eid=194 ;
menuid : 410600728 ;
from : oKwkYwypqIDXA1wGzBXo91QQIhM4 ;
to : gh_6536061e4435 ;
time : 1494692136 ;
type : event ;

2017-05-14 00:15:36 params :
------------
Array:
rule : -2 ;
module :  ;
message : Array ;

2017-05-14 00:15:36 response :
------------

2017-05-14 01:02:53 trace :
------------
Array:
tousername : gh_6536061e4435 ;
fromusername : oKwkYw6QPYo7OccTCbuG50bYRd8o ;
createtime : 1494694972 ;
msgtype : event ;
event : VIEW ;
eventkey : http://kh39.61why.com/app/index.php?i=2&c=entry&eid=198 ;
menuid : 410600728 ;
from : oKwkYw6QPYo7OccTCbuG50bYRd8o ;
to : gh_6536061e4435 ;
time : 1494694972 ;
type : event ;

2017-05-14 01:02:53 params :
------------
Array:
rule : -2 ;
module :  ;
message : Array ;

2017-05-14 01:02:53 response :
------------

2017-05-14 01:03:10 trace :
------------
Array:
tousername : gh_6536061e4435 ;
fromusername : oKwkYw6QPYo7OccTCbuG50bYRd8o ;
createtime : 1494694990 ;
msgtype : event ;
event : VIEW ;
eventkey : http://kh39.61why.com/app/index.php?i=2&c=entry&eid=198 ;
menuid : 410600728 ;
from : oKwkYw6QPYo7OccTCbuG50bYRd8o ;
to : gh_6536061e4435 ;
time : 1494694990 ;
type : event ;

2017-05-14 01:03:10 params :
------------
Array:
rule : -2 ;
module :  ;
message : Array ;

2017-05-14 01:03:10 response :
------------

2017-05-14 01:26:16 trace :
------------
Array:
tousername : gh_6536061e4435 ;
fromusername : oKwkYw9A27iCE2wbx5IXncAJ21Sw ;
createtime : 1494696376 ;
msgtype : event ;
event : VIEW ;
eventkey : http://kh39.61why.com/app/index.php?i=2&c=entry&eid=198 ;
menuid : 410600728 ;
from : oKwkYw9A27iCE2wbx5IXncAJ21Sw ;
to : gh_6536061e4435 ;
time : 1494696376 ;
type : event ;

2017-05-14 01:26:16 params :
------------
Array:
rule : -2 ;
module :  ;
message : Array ;

2017-05-14 01:26:16 response :
------------

2017-05-14 01:29:39 trace :
------------
Array:
tousername : gh_6536061e4435 ;
fromusername : oKwkYw9A27iCE2wbx5IXncAJ21Sw ;
createtime : 1494696578 ;
msgtype : event ;
event : VIEW ;
eventkey : http://kh39.61why.com/app/index.php?i=2&c=entry&eid=198 ;
menuid : 410600728 ;
from : oKwkYw9A27iCE2wbx5IXncAJ21Sw ;
to : gh_6536061e4435 ;
time : 1494696578 ;
type : event ;

2017-05-14 01:29:39 params :
------------
Array:
rule : -2 ;
module :  ;
message : Array ;

2017-05-14 01:29:39 response :
------------

2017-05-14 02:12:15 trace :
------------
Array:
tousername : gh_6536061e4435 ;
fromusername : oKwkYwxdGazpUQLKnjr_HrnPicQo ;
createtime : 1494699134 ;
msgtype : event ;
event : VIEW ;
eventkey : http://kh39.61why.com/app/index.php?i=2&c=entry&eid=198 ;
menuid : 410600728 ;
from : oKwkYwxdGazpUQLKnjr_HrnPicQo ;
to : gh_6536061e4435 ;
time : 1494699134 ;
type : event ;

2017-05-14 02:12:15 params :
------------
Array:
rule : -2 ;
module :  ;
message : Array ;

2017-05-14 02:12:15 response :
------------

2017-05-14 02:12:24 trace :
------------
Array:
tousername : gh_6536061e4435 ;
fromusername : oKwkYwxdGazpUQLKnjr_HrnPicQo ;
createtime : 1494699144 ;
msgtype : event ;
event : VIEW ;
eventkey : http://kh39.61why.com/app/index.php?i=2&c=entry&eid=198 ;
menuid : 410600728 ;
from : oKwkYwxdGazpUQLKnjr_HrnPicQo ;
to : gh_6536061e4435 ;
time : 1494699144 ;
type : event ;

2017-05-14 02:12:24 params :
------------
Array:
rule : -2 ;
module :  ;
message : Array ;

2017-05-14 02:12:24 response :
------------

2017-05-14 06:36:15 trace :
------------
Array:
tousername : gh_6536061e4435 ;
fromusername : oKwkYw5hiet9aIoMvpfdt0UcJyzc ;
createtime : 1494714975 ;
msgtype : event ;
event : VIEW ;
eventkey : http://kh39.61why.com/app/index.php?i=2&c=entry&eid=198 ;
menuid : 410600728 ;
from : oKwkYw5hiet9aIoMvpfdt0UcJyzc ;
to : gh_6536061e4435 ;
time : 1494714975 ;
type : event ;

2017-05-14 06:36:16 params :
------------
Array:
rule : -2 ;
module :  ;
message : Array ;

2017-05-14 06:36:16 response :
------------

2017-05-14 06:38:14 trace :
------------
Array:
tousername : gh_6536061e4435 ;
fromusername : oKwkYw5hiet9aIoMvpfdt0UcJyzc ;
createtime : 1494715094 ;
msgtype : event ;
event : VIEW ;
eventkey : http://kh39.61why.com/app/index.php?i=2&c=entry&eid=194 ;
menuid : 410600728 ;
from : oKwkYw5hiet9aIoMvpfdt0UcJyzc ;
to : gh_6536061e4435 ;
time : 1494715094 ;
type : event ;

2017-05-14 06:38:14 params :
------------
Array:
rule : -2 ;
module :  ;
message : Array ;

2017-05-14 06:38:14 response :
------------

2017-05-14 07:25:02 trace :
------------
Array:
tousername : gh_6536061e4435 ;
fromusername : oKwkYw1yj38KOhGZ_VHM2TrE79xY ;
createtime : 1494717901 ;
msgtype : event ;
event : VIEW ;
eventkey : http://kh39.61why.com/app/index.php?i=2&c=entry&eid=198 ;
menuid : 410600728 ;
from : oKwkYw1yj38KOhGZ_VHM2TrE79xY ;
to : gh_6536061e4435 ;
time : 1494717901 ;
type : event ;

2017-05-14 07:25:02 params :
------------
Array:
rule : -2 ;
module :  ;
message : Array ;

2017-05-14 07:25:02 response :
------------

2017-05-14 07:43:35 trace :
------------
Array:
tousername : gh_6536061e4435 ;
fromusername : oKwkYw5hiet9aIoMvpfdt0UcJyzc ;
createtime : 1494719015 ;
msgtype : event ;
event : VIEW ;
eventkey : http://kh39.61why.com/app/index.php?i=2&c=entry&eid=198 ;
menuid : 410600728 ;
from : oKwkYw5hiet9aIoMvpfdt0UcJyzc ;
to : gh_6536061e4435 ;
time : 1494719015 ;
type : event ;

2017-05-14 07:43:35 params :
------------
Array:
rule : -2 ;
module :  ;
message : Array ;

2017-05-14 07:43:35 response :
------------

2017-05-14 07:44:20 trace :
------------
Array:
tousername : gh_6536061e4435 ;
fromusername : oKwkYw5hiet9aIoMvpfdt0UcJyzc ;
createtime : 1494719060 ;
msgtype : event ;
event : VIEW ;
eventkey : http://kh39.61why.com/app/index.php?i=2&c=entry&eid=194 ;
menuid : 410600728 ;
from : oKwkYw5hiet9aIoMvpfdt0UcJyzc ;
to : gh_6536061e4435 ;
time : 1494719060 ;
type : event ;

2017-05-14 07:44:20 params :
------------
Array:
rule : -2 ;
module :  ;
message : Array ;

2017-05-14 07:44:20 response :
------------

2017-05-14 07:52:46 trace :
------------
Array:
tousername : gh_6536061e4435 ;
fromusername : oKwkYw07OK3MciV6IDhGEI3qJFBU ;
createtime : 1494719566 ;
msgtype : event ;
event : VIEW ;
eventkey : http://kh39.61why.com/app/index.php?i=2&c=entry&eid=198 ;
menuid : 410600728 ;
from : oKwkYw07OK3MciV6IDhGEI3qJFBU ;
to : gh_6536061e4435 ;
time : 1494719566 ;
type : event ;

2017-05-14 07:52:46 params :
------------
Array:
rule : -2 ;
module :  ;
message : Array ;

2017-05-14 07:52:46 response :
------------

2017-05-14 07:53:43 trace :
------------
Array:
tousername : gh_6536061e4435 ;
fromusername : oKwkYw07OK3MciV6IDhGEI3qJFBU ;
createtime : 1494719623 ;
msgtype : event ;
event : VIEW ;
eventkey : http://kh39.61why.com/app/index.php?i=2&c=entry&eid=198 ;
menuid : 410600728 ;
from : oKwkYw07OK3MciV6IDhGEI3qJFBU ;
to : gh_6536061e4435 ;
time : 1494719623 ;
type : event ;

2017-05-14 07:53:43 params :
------------
Array:
rule : -2 ;
module :  ;
message : Array ;

2017-05-14 07:53:43 response :
------------

2017-05-14 07:54:40 trace :
------------
Array:
tousername : gh_6536061e4435 ;
fromusername : oKwkYw07OK3MciV6IDhGEI3qJFBU ;
createtime : 1494719680 ;
msgtype : event ;
event : VIEW ;
eventkey : http://kh39.61why.com/app/index.php?i=2&c=entry&eid=198 ;
menuid : 410600728 ;
from : oKwkYw07OK3MciV6IDhGEI3qJFBU ;
to : gh_6536061e4435 ;
time : 1494719680 ;
type : event ;

2017-05-14 07:54:40 params :
------------
Array:
rule : -2 ;
module :  ;
message : Array ;

2017-05-14 07:54:40 response :
------------

2017-05-14 08:13:31 trace :
------------
Array:
tousername : gh_6536061e4435 ;
fromusername : oKwkYw0b_nY3vy2dlsZiutChx2qg ;
createtime : 1494720810 ;
msgtype : event ;
event : VIEW ;
eventkey : http://kh39.61why.com/app/index.php?i=2&c=entry&eid=198 ;
menuid : 410600728 ;
from : oKwkYw0b_nY3vy2dlsZiutChx2qg ;
to : gh_6536061e4435 ;
time : 1494720810 ;
type : event ;

2017-05-14 08:13:31 params :
------------
Array:
rule : -2 ;
module :  ;
message : Array ;

2017-05-14 08:13:31 response :
------------

2017-05-14 08:17:38 trace :
------------
Array:
tousername : gh_6536061e4435 ;
fromusername : oKwkYw5wRJb56uOuYOGreEnhO0Z0 ;
createtime : 1494721058 ;
msgtype : event ;
event : VIEW ;
eventkey : http://kh39.61why.com/app/index.php?i=2&c=entry&eid=198 ;
menuid : 410600728 ;
from : oKwkYw5wRJb56uOuYOGreEnhO0Z0 ;
to : gh_6536061e4435 ;
time : 1494721058 ;
type : event ;

2017-05-14 08:17:38 params :
------------
Array:
rule : -2 ;
module :  ;
message : Array ;

2017-05-14 08:17:38 response :
------------

2017-05-14 09:31:57 trace :
------------
Array:
tousername : gh_6536061e4435 ;
fromusername : oKwkYw0b_nY3vy2dlsZiutChx2qg ;
createtime : 1494725517 ;
msgtype : event ;
event : VIEW ;
eventkey : http://kh39.61why.com/app/index.php?i=2&c=entry&eid=198 ;
menuid : 410600728 ;
from : oKwkYw0b_nY3vy2dlsZiutChx2qg ;
to : gh_6536061e4435 ;
time : 1494725517 ;
type : event ;

2017-05-14 09:31:57 params :
------------
Array:
rule : -2 ;
module :  ;
message : Array ;

2017-05-14 09:31:57 response :
------------

2017-05-14 09:46:26 trace :
------------
Array:
tousername : gh_6536061e4435 ;
fromusername : oKwkYw7K9xHIr91Csk-qENfcagnM ;
createtime : 1494726386 ;
msgtype : event ;
event : VIEW ;
eventkey : http://kh39.61why.com/app/index.php?i=2&c=entry&eid=194 ;
menuid : 410600728 ;
from : oKwkYw7K9xHIr91Csk-qENfcagnM ;
to : gh_6536061e4435 ;
time : 1494726386 ;
type : event ;

2017-05-14 09:46:26 params :
------------
Array:
rule : -2 ;
module :  ;
message : Array ;

2017-05-14 09:46:26 response :
------------

2017-05-14 09:47:59 trace :
------------
Array:
tousername : gh_6536061e4435 ;
fromusername : oKwkYw7K9xHIr91Csk-qENfcagnM ;
createtime : 1494726479 ;
msgtype : event ;
event : VIEW ;
eventkey : http://kh39.61why.com/app/index.php?i=2&c=entry&eid=194 ;
menuid : 410600728 ;
from : oKwkYw7K9xHIr91Csk-qENfcagnM ;
to : gh_6536061e4435 ;
time : 1494726479 ;
type : event ;

2017-05-14 09:47:59 params :
------------
Array:
rule : -2 ;
module :  ;
message : Array ;

2017-05-14 09:47:59 response :
------------

2017-05-14 09:49:08 trace :
------------
Array:
tousername : gh_6536061e4435 ;
fromusername : oKwkYw7K9xHIr91Csk-qENfcagnM ;
createtime : 1494726548 ;
msgtype : event ;
event : VIEW ;
eventkey : http://kh39.61why.com/app/index.php?i=2&c=entry&eid=194 ;
menuid : 410600728 ;
from : oKwkYw7K9xHIr91Csk-qENfcagnM ;
to : gh_6536061e4435 ;
time : 1494726548 ;
type : event ;

2017-05-14 09:49:08 params :
------------
Array:
rule : -2 ;
module :  ;
message : Array ;

2017-05-14 09:49:08 response :
------------

2017-05-14 10:04:51 trace :
------------
Array:
tousername : gh_6536061e4435 ;
fromusername : oKwkYwwbOv_BcOTeeTmgTpcPYN8o ;
createtime : 1494727491 ;
msgtype : event ;
event : VIEW ;
eventkey : http://kh39.61why.com/app/index.php?i=2&c=entry&eid=194 ;
menuid : 410600728 ;
from : oKwkYwwbOv_BcOTeeTmgTpcPYN8o ;
to : gh_6536061e4435 ;
time : 1494727491 ;
type : event ;

2017-05-14 10:04:51 params :
------------
Array:
rule : -2 ;
module :  ;
message : Array ;

2017-05-14 10:04:51 response :
------------

2017-05-14 10:05:25 trace :
------------
Array:
tousername : gh_6536061e4435 ;
fromusername : oKwkYwwbOv_BcOTeeTmgTpcPYN8o ;
createtime : 1494727525 ;
msgtype : event ;
event : VIEW ;
eventkey : http://kh39.61why.com/app/index.php?i=2&c=entry&eid=198 ;
menuid : 410600728 ;
from : oKwkYwwbOv_BcOTeeTmgTpcPYN8o ;
to : gh_6536061e4435 ;
time : 1494727525 ;
type : event ;

2017-05-14 10:05:25 params :
------------
Array:
rule : -2 ;
module :  ;
message : Array ;

2017-05-14 10:05:25 response :
------------

2017-05-14 10:08:27 trace :
------------
Array:
tousername : gh_6536061e4435 ;
fromusername : oKwkYw5wRJb56uOuYOGreEnhO0Z0 ;
createtime : 1494727707 ;
msgtype : event ;
event : VIEW ;
eventkey : http://kh39.61why.com/app/index.php?i=2&c=entry&eid=198 ;
menuid : 410600728 ;
from : oKwkYw5wRJb56uOuYOGreEnhO0Z0 ;
to : gh_6536061e4435 ;
time : 1494727707 ;
type : event ;

2017-05-14 10:08:27 params :
------------
Array:
rule : -2 ;
module :  ;
message : Array ;

2017-05-14 10:08:27 response :
------------

2017-05-14 10:09:10 trace :
------------
Array:
tousername : gh_6536061e4435 ;
fromusername : oKwkYw0b_nY3vy2dlsZiutChx2qg ;
createtime : 1494727750 ;
msgtype : event ;
event : VIEW ;
eventkey : http://kh39.61why.com/app/index.php?i=2&c=entry&eid=194 ;
menuid : 410600728 ;
from : oKwkYw0b_nY3vy2dlsZiutChx2qg ;
to : gh_6536061e4435 ;
time : 1494727750 ;
type : event ;

2017-05-14 10:09:10 params :
------------
Array:
rule : -2 ;
module :  ;
message : Array ;

2017-05-14 10:09:10 response :
------------

2017-05-14 10:09:44 trace :
------------
Array:
tousername : gh_6536061e4435 ;
fromusername : oKwkYw0b_nY3vy2dlsZiutChx2qg ;
createtime : 1494727784 ;
msgtype : event ;
event : VIEW ;
eventkey : http://kh39.61why.com/app/index.php?i=2&c=entry&eid=194 ;
menuid : 410600728 ;
from : oKwkYw0b_nY3vy2dlsZiutChx2qg ;
to : gh_6536061e4435 ;
time : 1494727784 ;
type : event ;

2017-05-14 10:09:44 params :
------------
Array:
rule : -2 ;
module :  ;
message : Array ;

2017-05-14 10:09:44 response :
------------

2017-05-14 10:10:01 trace :
------------
Array:
tousername : gh_6536061e4435 ;
fromusername : oKwkYw0b_nY3vy2dlsZiutChx2qg ;
createtime : 1494727800 ;
msgtype : event ;
event : VIEW ;
eventkey : http://kh39.61why.com/app/index.php?i=2&c=entry&eid=194 ;
menuid : 410600728 ;
from : oKwkYw0b_nY3vy2dlsZiutChx2qg ;
to : gh_6536061e4435 ;
time : 1494727800 ;
type : event ;

2017-05-14 10:10:01 params :
------------
Array:
rule : -2 ;
module :  ;
message : Array ;

2017-05-14 10:10:01 response :
------------

2017-05-14 10:26:14 trace :
------------
Array:
tousername : gh_6536061e4435 ;
fromusername : oKwkYw0b_nY3vy2dlsZiutChx2qg ;
createtime : 1494728774 ;
msgtype : event ;
event : VIEW ;
eventkey : http://kh39.61why.com/app/index.php?i=2&c=entry&eid=198 ;
menuid : 410600728 ;
from : oKwkYw0b_nY3vy2dlsZiutChx2qg ;
to : gh_6536061e4435 ;
time : 1494728774 ;
type : event ;

2017-05-14 10:26:14 params :
------------
Array:
rule : -2 ;
module :  ;
message : Array ;

2017-05-14 10:26:14 response :
------------

2017-05-14 10:32:53 trace :
------------
Array:
tousername : gh_6536061e4435 ;
fromusername : oKwkYw0b_nY3vy2dlsZiutChx2qg ;
createtime : 1494729173 ;
msgtype : event ;
event : VIEW ;
eventkey : http://kh39.61why.com/app/index.php?i=2&c=entry&eid=194 ;
menuid : 410600728 ;
from : oKwkYw0b_nY3vy2dlsZiutChx2qg ;
to : gh_6536061e4435 ;
time : 1494729173 ;
type : event ;

2017-05-14 10:32:53 params :
------------
Array:
rule : -2 ;
module :  ;
message : Array ;

2017-05-14 10:32:53 response :
------------

2017-05-14 10:35:04 trace :
------------
Array:
tousername : gh_6536061e4435 ;
fromusername : oKwkYw_Fxr_G4dbCEalo9jm4IbOI ;
createtime : 1494729304 ;
msgtype : event ;
event : VIEW ;
eventkey : http://kh39.61why.com/app/index.php?i=2&c=entry&eid=194 ;
menuid : 410600728 ;
from : oKwkYw_Fxr_G4dbCEalo9jm4IbOI ;
to : gh_6536061e4435 ;
time : 1494729304 ;
type : event ;

2017-05-14 10:35:04 params :
------------
Array:
rule : -2 ;
module :  ;
message : Array ;

2017-05-14 10:35:04 response :
------------

2017-05-14 10:37:55 trace :
------------
Array:
tousername : gh_6536061e4435 ;
fromusername : oKwkYw0b_nY3vy2dlsZiutChx2qg ;
createtime : 1494729475 ;
msgtype : event ;
event : VIEW ;
eventkey : http://kh39.61why.com/app/index.php?i=2&c=entry&eid=198 ;
menuid : 410600728 ;
from : oKwkYw0b_nY3vy2dlsZiutChx2qg ;
to : gh_6536061e4435 ;
time : 1494729475 ;
type : event ;

2017-05-14 10:37:55 params :
------------
Array:
rule : -2 ;
module :  ;
message : Array ;

2017-05-14 10:37:55 response :
------------

2017-05-14 10:39:54 trace :
------------
Array:
tousername : gh_6536061e4435 ;
fromusername : oKwkYw0b_nY3vy2dlsZiutChx2qg ;
createtime : 1494729594 ;
msgtype : event ;
event : VIEW ;
eventkey : http://kh39.61why.com/app/index.php?i=2&c=entry&eid=198 ;
menuid : 410600728 ;
from : oKwkYw0b_nY3vy2dlsZiutChx2qg ;
to : gh_6536061e4435 ;
time : 1494729594 ;
type : event ;

2017-05-14 10:39:54 params :
------------
Array:
rule : -2 ;
module :  ;
message : Array ;

2017-05-14 10:39:54 response :
------------

2017-05-14 10:43:34 trace :
------------
Array:
tousername : gh_6536061e4435 ;
fromusername : oKwkYw_GhKe2Hc1cXBb5mCzRbh8M ;
createtime : 1494729814 ;
msgtype : event ;
event : VIEW ;
eventkey : http://kh39.61why.com/app/index.php?i=2&c=entry&eid=194 ;
menuid : 410600728 ;
from : oKwkYw_GhKe2Hc1cXBb5mCzRbh8M ;
to : gh_6536061e4435 ;
time : 1494729814 ;
type : event ;

2017-05-14 10:43:34 params :
------------
Array:
rule : -2 ;
module :  ;
message : Array ;

2017-05-14 10:43:34 response :
------------

2017-05-14 10:45:51 trace :
------------
Array:
tousername : gh_6536061e4435 ;
fromusername : oKwkYw_GhKe2Hc1cXBb5mCzRbh8M ;
createtime : 1494729951 ;
msgtype : event ;
event : VIEW ;
eventkey : http://kh39.61why.com/app/index.php?i=2&c=entry&eid=194 ;
menuid : 410600728 ;
from : oKwkYw_GhKe2Hc1cXBb5mCzRbh8M ;
to : gh_6536061e4435 ;
time : 1494729951 ;
type : event ;

2017-05-14 10:45:52 params :
------------
Array:
rule : -2 ;
module :  ;
message : Array ;

2017-05-14 10:45:52 response :
------------

2017-05-14 10:57:43 trace :
------------
Array:
tousername : gh_6536061e4435 ;
fromusername : oKwkYwxdGazpUQLKnjr_HrnPicQo ;
createtime : 1494730663 ;
msgtype : event ;
event : VIEW ;
eventkey : http://kh39.61why.com/app/index.php?i=2&c=entry&eid=198 ;
menuid : 410600728 ;
from : oKwkYwxdGazpUQLKnjr_HrnPicQo ;
to : gh_6536061e4435 ;
time : 1494730663 ;
type : event ;

2017-05-14 10:57:43 params :
------------
Array:
rule : -2 ;
module :  ;
message : Array ;

2017-05-14 10:57:43 response :
------------

2017-05-14 10:58:50 trace :
------------
Array:
tousername : gh_6536061e4435 ;
fromusername : oKwkYwxdGazpUQLKnjr_HrnPicQo ;
createtime : 1494730730 ;
msgtype : event ;
event : VIEW ;
eventkey : http://kh39.61why.com/app/index.php?i=2&c=entry&eid=198 ;
menuid : 410600728 ;
from : oKwkYwxdGazpUQLKnjr_HrnPicQo ;
to : gh_6536061e4435 ;
time : 1494730730 ;
type : event ;

2017-05-14 10:58:50 params :
------------
Array:
rule : -2 ;
module :  ;
message : Array ;

2017-05-14 10:58:50 response :
------------

2017-05-14 10:58:58 trace :
------------
Array:
tousername : gh_6536061e4435 ;
fromusername : oKwkYwxdGazpUQLKnjr_HrnPicQo ;
createtime : 1494730738 ;
msgtype : event ;
event : VIEW ;
eventkey : http://kh39.61why.com/app/index.php?i=2&c=entry&eid=198 ;
menuid : 410600728 ;
from : oKwkYwxdGazpUQLKnjr_HrnPicQo ;
to : gh_6536061e4435 ;
time : 1494730738 ;
type : event ;

2017-05-14 10:58:58 params :
------------
Array:
rule : -2 ;
module :  ;
message : Array ;

2017-05-14 10:58:58 response :
------------

2017-05-14 10:59:21 trace :
------------
Array:
tousername : gh_6536061e4435 ;
fromusername : oKwkYwxdGazpUQLKnjr_HrnPicQo ;
createtime : 1494730761 ;
msgtype : event ;
event : VIEW ;
eventkey : http://kh39.61why.com/app/index.php?i=2&c=entry&eid=198 ;
menuid : 410600728 ;
from : oKwkYwxdGazpUQLKnjr_HrnPicQo ;
to : gh_6536061e4435 ;
time : 1494730761 ;
type : event ;

2017-05-14 10:59:21 params :
------------
Array:
rule : -2 ;
module :  ;
message : Array ;

2017-05-14 10:59:21 response :
------------

2017-05-14 11:08:56 trace :
------------
Array:
tousername : gh_6536061e4435 ;
fromusername : oKwkYw5hiet9aIoMvpfdt0UcJyzc ;
createtime : 1494731336 ;
msgtype : event ;
event : VIEW ;
eventkey : http://kh39.61why.com/app/index.php?i=2&c=entry&eid=198 ;
menuid : 410600728 ;
from : oKwkYw5hiet9aIoMvpfdt0UcJyzc ;
to : gh_6536061e4435 ;
time : 1494731336 ;
type : event ;

2017-05-14 11:08:56 params :
------------
Array:
rule : -2 ;
module :  ;
message : Array ;

2017-05-14 11:08:56 response :
------------

2017-05-14 11:17:12 trace :
------------
Array:
tousername : gh_6536061e4435 ;
fromusername : oKwkYw5hiet9aIoMvpfdt0UcJyzc ;
createtime : 1494731832 ;
msgtype : event ;
event : VIEW ;
eventkey : http://kh39.61why.com/app/index.php?i=2&c=entry&eid=198 ;
menuid : 410600728 ;
from : oKwkYw5hiet9aIoMvpfdt0UcJyzc ;
to : gh_6536061e4435 ;
time : 1494731832 ;
type : event ;

2017-05-14 11:17:12 params :
------------
Array:
rule : -2 ;
module :  ;
message : Array ;

2017-05-14 11:17:12 response :
------------

2017-05-14 11:17:18 trace :
------------
Array:
tousername : gh_6536061e4435 ;
fromusername : oKwkYw6QPYo7OccTCbuG50bYRd8o ;
createtime : 1494731837 ;
msgtype : event ;
event : VIEW ;
eventkey : http://kh39.61why.com/app/index.php?i=2&c=entry&eid=198 ;
menuid : 410600728 ;
from : oKwkYw6QPYo7OccTCbuG50bYRd8o ;
to : gh_6536061e4435 ;
time : 1494731837 ;
type : event ;

2017-05-14 11:17:18 params :
------------
Array:
rule : -2 ;
module :  ;
message : Array ;

2017-05-14 11:17:18 response :
------------

2017-05-14 11:18:15 trace :
------------
Array:
tousername : gh_6536061e4435 ;
fromusername : oKwkYw6QPYo7OccTCbuG50bYRd8o ;
createtime : 1494731894 ;
msgtype : event ;
event : VIEW ;
eventkey : http://kh39.61why.com/app/index.php?i=2&c=entry&eid=198 ;
menuid : 410600728 ;
from : oKwkYw6QPYo7OccTCbuG50bYRd8o ;
to : gh_6536061e4435 ;
time : 1494731894 ;
type : event ;

2017-05-14 11:18:15 params :
------------
Array:
rule : -2 ;
module :  ;
message : Array ;

2017-05-14 11:18:15 response :
------------

2017-05-14 11:18:36 trace :
------------
Array:
tousername : gh_6536061e4435 ;
fromusername : oKwkYw6QPYo7OccTCbuG50bYRd8o ;
createtime : 1494731916 ;
msgtype : event ;
event : VIEW ;
eventkey : http://kh39.61why.com/app/index.php?i=2&c=entry&eid=198 ;
menuid : 410600728 ;
from : oKwkYw6QPYo7OccTCbuG50bYRd8o ;
to : gh_6536061e4435 ;
time : 1494731916 ;
type : event ;

2017-05-14 11:18:36 params :
------------
Array:
rule : -2 ;
module :  ;
message : Array ;

2017-05-14 11:18:36 response :
------------

2017-05-14 11:18:52 trace :
------------
Array:
tousername : gh_6536061e4435 ;
fromusername : oKwkYw5aHcyjux9ql6D7O9WEBmx4 ;
createtime : 1494731932 ;
msgtype : event ;
event : VIEW ;
eventkey : http://kh39.61why.com/app/index.php?i=2&c=entry&eid=198 ;
menuid : 410600728 ;
from : oKwkYw5aHcyjux9ql6D7O9WEBmx4 ;
to : gh_6536061e4435 ;
time : 1494731932 ;
type : event ;

2017-05-14 11:18:52 params :
------------
Array:
rule : -2 ;
module :  ;
message : Array ;

2017-05-14 11:18:52 response :
------------

2017-05-14 11:19:32 trace :
------------
Array:
tousername : gh_6536061e4435 ;
fromusername : oKwkYw5hiet9aIoMvpfdt0UcJyzc ;
createtime : 1494731972 ;
msgtype : event ;
event : VIEW ;
eventkey : http://kh39.61why.com/app/index.php?i=2&c=entry&eid=198 ;
menuid : 410600728 ;
from : oKwkYw5hiet9aIoMvpfdt0UcJyzc ;
to : gh_6536061e4435 ;
time : 1494731972 ;
type : event ;

2017-05-14 11:19:32 params :
------------
Array:
rule : -2 ;
module :  ;
message : Array ;

2017-05-14 11:19:32 response :
------------

2017-05-14 11:28:00 trace :
------------
Array:
tousername : gh_6536061e4435 ;
fromusername : oKwkYw0D7snKw9WJkTr_EzwW-SF0 ;
createtime : 1494732480 ;
msgtype : event ;
event : VIEW ;
eventkey : http://kh39.61why.com/app/index.php?i=2&c=entry&eid=198 ;
menuid : 410600728 ;
from : oKwkYw0D7snKw9WJkTr_EzwW-SF0 ;
to : gh_6536061e4435 ;
time : 1494732480 ;
type : event ;

2017-05-14 11:28:00 params :
------------
Array:
rule : -2 ;
module :  ;
message : Array ;

2017-05-14 11:28:00 response :
------------

2017-05-14 11:46:01 trace :
------------
Array:
tousername : gh_6536061e4435 ;
fromusername : oKwkYw5hiet9aIoMvpfdt0UcJyzc ;
createtime : 1494733561 ;
msgtype : event ;
event : VIEW ;
eventkey : http://kh39.61why.com/app/index.php?i=2&c=entry&eid=198 ;
menuid : 410600728 ;
from : oKwkYw5hiet9aIoMvpfdt0UcJyzc ;
to : gh_6536061e4435 ;
time : 1494733561 ;
type : event ;

2017-05-14 11:46:01 params :
------------
Array:
rule : -2 ;
module :  ;
message : Array ;

2017-05-14 11:46:01 response :
------------

2017-05-14 11:46:22 trace :
------------
Array:
tousername : gh_6536061e4435 ;
fromusername : oKwkYw5hiet9aIoMvpfdt0UcJyzc ;
createtime : 1494733582 ;
msgtype : event ;
event : VIEW ;
eventkey : http://kh39.61why.com/app/index.php?i=2&c=entry&eid=194 ;
menuid : 410600728 ;
from : oKwkYw5hiet9aIoMvpfdt0UcJyzc ;
to : gh_6536061e4435 ;
time : 1494733582 ;
type : event ;

2017-05-14 11:46:22 params :
------------
Array:
rule : -2 ;
module :  ;
message : Array ;

2017-05-14 11:46:22 response :
------------

2017-05-14 11:46:42 trace :
------------
Array:
tousername : gh_6536061e4435 ;
fromusername : oKwkYw5hiet9aIoMvpfdt0UcJyzc ;
createtime : 1494733602 ;
msgtype : event ;
event : VIEW ;
eventkey : http://kh39.61why.com/app/index.php?i=2&c=entry&eid=194 ;
menuid : 410600728 ;
from : oKwkYw5hiet9aIoMvpfdt0UcJyzc ;
to : gh_6536061e4435 ;
time : 1494733602 ;
type : event ;

2017-05-14 11:46:42 params :
------------
Array:
rule : -2 ;
module :  ;
message : Array ;

2017-05-14 11:46:42 response :
------------

2017-05-14 11:55:54 trace :
------------
Array:
tousername : gh_6536061e4435 ;
fromusername : oKwkYwxdGazpUQLKnjr_HrnPicQo ;
createtime : 1494734154 ;
msgtype : event ;
event : CLICK ;
eventkey : 二维码 ;
from : oKwkYwxdGazpUQLKnjr_HrnPicQo ;
to : gh_6536061e4435 ;
time : 1494734154 ;
type : event ;

2017-05-14 11:55:58 trace :
------------
Array:
tousername : gh_6536061e4435 ;
fromusername : oKwkYwxdGazpUQLKnjr_HrnPicQo ;
createtime : 1494734158 ;
msgtype : event ;
event : VIEW ;
eventkey : http://kh39.61why.com/app/index.php?i=2&c=entry&eid=198 ;
menuid : 410600728 ;
from : oKwkYwxdGazpUQLKnjr_HrnPicQo ;
to : gh_6536061e4435 ;
time : 1494734158 ;
type : event ;

2017-05-14 11:55:58 params :
------------
Array:
rule : -2 ;
module :  ;
message : Array ;

2017-05-14 11:55:58 response :
------------

2017-05-14 11:57:27 trace :
------------
Array:
tousername : gh_6536061e4435 ;
fromusername : oKwkYw5hiet9aIoMvpfdt0UcJyzc ;
createtime : 1494734247 ;
msgtype : event ;
event : VIEW ;
eventkey : http://kh39.61why.com/app/index.php?i=2&c=entry&eid=198 ;
menuid : 410600728 ;
from : oKwkYw5hiet9aIoMvpfdt0UcJyzc ;
to : gh_6536061e4435 ;
time : 1494734247 ;
type : event ;

2017-05-14 11:57:27 params :
------------
Array:
rule : -2 ;
module :  ;
message : Array ;

2017-05-14 11:57:27 response :
------------

2017-05-14 12:02:47 trace :
------------
Array:
tousername : gh_6536061e4435 ;
fromusername : oKwkYw_GhKe2Hc1cXBb5mCzRbh8M ;
createtime : 1494734567 ;
msgtype : event ;
event : VIEW ;
eventkey : http://kh39.61why.com/app/index.php?i=2&c=entry&eid=194 ;
menuid : 410600728 ;
from : oKwkYw_GhKe2Hc1cXBb5mCzRbh8M ;
to : gh_6536061e4435 ;
time : 1494734567 ;
type : event ;

2017-05-14 12:02:47 params :
------------
Array:
rule : -2 ;
module :  ;
message : Array ;

2017-05-14 12:02:47 response :
------------

2017-05-14 12:02:49 trace :
------------
Array:
tousername : gh_6536061e4435 ;
fromusername : oKwkYw_GhKe2Hc1cXBb5mCzRbh8M ;
createtime : 1494734569 ;
msgtype : event ;
event : VIEW ;
eventkey : http://kh39.61why.com/app/index.php?i=2&c=entry&eid=194 ;
menuid : 410600728 ;
from : oKwkYw_GhKe2Hc1cXBb5mCzRbh8M ;
to : gh_6536061e4435 ;
time : 1494734569 ;
type : event ;

2017-05-14 12:02:49 params :
------------
Array:
rule : -2 ;
module :  ;
message : Array ;

2017-05-14 12:02:49 response :
------------

2017-05-14 12:13:28 trace :
------------
Array:
tousername : gh_6536061e4435 ;
fromusername : oKwkYw5hiet9aIoMvpfdt0UcJyzc ;
createtime : 1494735208 ;
msgtype : event ;
event : VIEW ;
eventkey : http://kh39.61why.com/app/index.php?i=2&c=entry&eid=198 ;
menuid : 410600728 ;
from : oKwkYw5hiet9aIoMvpfdt0UcJyzc ;
to : gh_6536061e4435 ;
time : 1494735208 ;
type : event ;

2017-05-14 12:13:28 params :
------------
Array:
rule : -2 ;
module :  ;
message : Array ;

2017-05-14 12:13:28 response :
------------

2017-05-14 12:50:17 trace :
------------
Array:
tousername : gh_6536061e4435 ;
fromusername : oKwkYw5hiet9aIoMvpfdt0UcJyzc ;
createtime : 1494737417 ;
msgtype : event ;
event : VIEW ;
eventkey : http://kh39.61why.com/app/index.php?i=2&c=entry&eid=198 ;
menuid : 410600728 ;
from : oKwkYw5hiet9aIoMvpfdt0UcJyzc ;
to : gh_6536061e4435 ;
time : 1494737417 ;
type : event ;

2017-05-14 12:50:17 params :
------------
Array:
rule : -2 ;
module :  ;
message : Array ;

2017-05-14 12:50:17 response :
------------

2017-05-14 12:59:43 trace :
------------
Array:
tousername : gh_6536061e4435 ;
fromusername : oKwkYwxQnP-xHuvQphYpROT1MVpc ;
createtime : 1494737983 ;
msgtype : event ;
event : VIEW ;
eventkey : http://kh39.61why.com/app/index.php?i=2&c=entry&eid=198 ;
menuid : 410600728 ;
from : oKwkYwxQnP-xHuvQphYpROT1MVpc ;
to : gh_6536061e4435 ;
time : 1494737983 ;
type : event ;

2017-05-14 12:59:43 params :
------------
Array:
rule : -2 ;
module :  ;
message : Array ;

2017-05-14 12:59:43 response :
------------

2017-05-14 13:07:05 trace :
------------
Array:
tousername : gh_6536061e4435 ;
fromusername : oKwkYw0AxVB8dpKdrnGu82ok9IZc ;
createtime : 1494738424 ;
msgtype : event ;
event : VIEW ;
eventkey : http://kh39.61why.com/app/index.php?i=2&c=entry&eid=194 ;
menuid : 410600728 ;
from : oKwkYw0AxVB8dpKdrnGu82ok9IZc ;
to : gh_6536061e4435 ;
time : 1494738424 ;
type : event ;

2017-05-14 13:07:05 params :
------------
Array:
rule : -2 ;
module :  ;
message : Array ;

2017-05-14 13:07:05 response :
------------

2017-05-14 13:10:59 trace :
------------
Array:
tousername : gh_6536061e4435 ;
fromusername : oKwkYwxQnP-xHuvQphYpROT1MVpc ;
createtime : 1494738659 ;
msgtype : event ;
event : VIEW ;
eventkey : http://kh39.61why.com/app/index.php?i=2&c=entry&eid=194 ;
menuid : 410600728 ;
from : oKwkYwxQnP-xHuvQphYpROT1MVpc ;
to : gh_6536061e4435 ;
time : 1494738659 ;
type : event ;

2017-05-14 13:10:59 params :
------------
Array:
rule : -2 ;
module :  ;
message : Array ;

2017-05-14 13:10:59 response :
------------

2017-05-14 13:26:05 trace :
------------
Array:
tousername : gh_6536061e4435 ;
fromusername : oKwkYw0b_nY3vy2dlsZiutChx2qg ;
createtime : 1494739564 ;
msgtype : event ;
event : VIEW ;
eventkey : http://kh39.61why.com/app/index.php?i=2&c=entry&eid=198 ;
menuid : 410600728 ;
from : oKwkYw0b_nY3vy2dlsZiutChx2qg ;
to : gh_6536061e4435 ;
time : 1494739564 ;
type : event ;

2017-05-14 13:26:05 params :
------------
Array:
rule : -2 ;
module :  ;
message : Array ;

2017-05-14 13:26:05 response :
------------

2017-05-14 13:58:24 trace :
------------
Array:
tousername : gh_6536061e4435 ;
fromusername : oKwkYw0b_nY3vy2dlsZiutChx2qg ;
createtime : 1494741504 ;
msgtype : event ;
event : VIEW ;
eventkey : http://kh39.61why.com/app/index.php?i=2&c=entry&eid=198 ;
menuid : 410600728 ;
from : oKwkYw0b_nY3vy2dlsZiutChx2qg ;
to : gh_6536061e4435 ;
time : 1494741504 ;
type : event ;

2017-05-14 13:58:24 params :
------------
Array:
rule : -2 ;
module :  ;
message : Array ;

2017-05-14 13:58:24 response :
------------

2017-05-14 14:06:44 trace :
------------
Array:
tousername : gh_6536061e4435 ;
fromusername : oKwkYwyEsoX6PwCcdSAelWnIXlpg ;
createtime : 1494742004 ;
msgtype : event ;
event : VIEW ;
eventkey : http://kh39.61why.com/app/index.php?i=2&c=entry&eid=198 ;
menuid : 410600728 ;
from : oKwkYwyEsoX6PwCcdSAelWnIXlpg ;
to : gh_6536061e4435 ;
time : 1494742004 ;
type : event ;

2017-05-14 14:06:44 params :
------------
Array:
rule : -2 ;
module :  ;
message : Array ;

2017-05-14 14:06:44 response :
------------

2017-05-14 14:17:34 trace :
------------
Array:
tousername : gh_6536061e4435 ;
fromusername : oKwkYw7jIquihDs53JkRwRl5_IJw ;
createtime : 1494742653 ;
msgtype : event ;
event : subscribe ;
eventkey : Array ;
from : oKwkYw7jIquihDs53JkRwRl5_IJw ;
to : gh_6536061e4435 ;
time : 1494742653 ;
type : subscribe ;

2017-05-14 14:17:34 params :
------------
Array:
rule : -2 ;
module :  ;
message : Array ;

2017-05-14 14:17:34 response :
------------

2017-05-14 14:17:39 trace :
------------
Array:
tousername : gh_6536061e4435 ;
fromusername : oKwkYw7jIquihDs53JkRwRl5_IJw ;
createtime : 1494742659 ;
msgtype : event ;
event : VIEW ;
eventkey : http://kh39.61why.com/app/index.php?i=2&c=entry&eid=194 ;
menuid : 410600728 ;
from : oKwkYw7jIquihDs53JkRwRl5_IJw ;
to : gh_6536061e4435 ;
time : 1494742659 ;
type : event ;

2017-05-14 14:17:39 params :
------------
Array:
rule : -2 ;
module :  ;
message : Array ;

2017-05-14 14:17:39 response :
------------

2017-05-14 14:31:23 trace :
------------
Array:
tousername : gh_6536061e4435 ;
fromusername : oKwkYwxQnP-xHuvQphYpROT1MVpc ;
createtime : 1494743483 ;
msgtype : event ;
event : CLICK ;
eventkey : 二维码 ;
from : oKwkYwxQnP-xHuvQphYpROT1MVpc ;
to : gh_6536061e4435 ;
time : 1494743483 ;
type : event ;

2017-05-14 14:31:41 trace :
------------
Array:
tousername : gh_6536061e4435 ;
fromusername : oKwkYwxQnP-xHuvQphYpROT1MVpc ;
createtime : 1494743501 ;
msgtype : event ;
event : VIEW ;
eventkey : http://kh39.61why.com/app/index.php?i=2&c=entry&eid=194 ;
menuid : 410600728 ;
from : oKwkYwxQnP-xHuvQphYpROT1MVpc ;
to : gh_6536061e4435 ;
time : 1494743501 ;
type : event ;

2017-05-14 14:31:41 params :
------------
Array:
rule : -2 ;
module :  ;
message : Array ;

2017-05-14 14:31:41 response :
------------

2017-05-14 14:35:14 trace :
------------
Array:
tousername : gh_6536061e4435 ;
fromusername : oKwkYw-q0Ts4xX0NVewIh2OJ2jQk ;
createtime : 1494743714 ;
msgtype : event ;
event : subscribe ;
eventkey : Array ;
from : oKwkYw-q0Ts4xX0NVewIh2OJ2jQk ;
to : gh_6536061e4435 ;
time : 1494743714 ;
type : subscribe ;

2017-05-14 14:35:14 params :
------------
Array:
rule : -2 ;
module :  ;
message : Array ;

2017-05-14 14:35:14 response :
------------

2017-05-14 14:35:19 trace :
------------
Array:
tousername : gh_6536061e4435 ;
fromusername : oKwkYw-q0Ts4xX0NVewIh2OJ2jQk ;
createtime : 1494743719 ;
msgtype : event ;
event : VIEW ;
eventkey : http://kh39.61why.com/app/index.php?i=2&c=entry&eid=198 ;
menuid : 410600728 ;
from : oKwkYw-q0Ts4xX0NVewIh2OJ2jQk ;
to : gh_6536061e4435 ;
time : 1494743719 ;
type : event ;

2017-05-14 14:35:19 params :
------------
Array:
rule : -2 ;
module :  ;
message : Array ;

2017-05-14 14:35:19 response :
------------

2017-05-14 14:44:29 trace :
------------
Array:
tousername : gh_6536061e4435 ;
fromusername : oKwkYw5hiet9aIoMvpfdt0UcJyzc ;
createtime : 1494744269 ;
msgtype : event ;
event : VIEW ;
eventkey : http://kh39.61why.com/app/index.php?i=2&c=entry&eid=198 ;
menuid : 410600728 ;
from : oKwkYw5hiet9aIoMvpfdt0UcJyzc ;
to : gh_6536061e4435 ;
time : 1494744269 ;
type : event ;

2017-05-14 14:44:29 params :
------------
Array:
rule : -2 ;
module :  ;
message : Array ;

2017-05-14 14:44:29 response :
------------

2017-05-14 14:45:16 trace :
------------
Array:
tousername : gh_6536061e4435 ;
fromusername : oKwkYw5hiet9aIoMvpfdt0UcJyzc ;
createtime : 1494744316 ;
msgtype : event ;
event : VIEW ;
eventkey : http://kh39.61why.com/app/index.php?i=2&c=entry&eid=198 ;
menuid : 410600728 ;
from : oKwkYw5hiet9aIoMvpfdt0UcJyzc ;
to : gh_6536061e4435 ;
time : 1494744316 ;
type : event ;

2017-05-14 14:45:16 params :
------------
Array:
rule : -2 ;
module :  ;
message : Array ;

2017-05-14 14:45:16 response :
------------

2017-05-14 14:45:27 trace :
------------
Array:
tousername : gh_6536061e4435 ;
fromusername : oKwkYw5hiet9aIoMvpfdt0UcJyzc ;
createtime : 1494744327 ;
msgtype : event ;
event : VIEW ;
eventkey : http://kh39.61why.com/app/index.php?i=2&c=entry&eid=194 ;
menuid : 410600728 ;
from : oKwkYw5hiet9aIoMvpfdt0UcJyzc ;
to : gh_6536061e4435 ;
time : 1494744327 ;
type : event ;

2017-05-14 14:45:27 params :
------------
Array:
rule : -2 ;
module :  ;
message : Array ;

2017-05-14 14:45:27 response :
------------

2017-05-14 14:47:28 trace :
------------
Array:
tousername : gh_6536061e4435 ;
fromusername : oKwkYwxQnP-xHuvQphYpROT1MVpc ;
createtime : 1494744448 ;
msgtype : event ;
event : SCAN ;
eventkey : 8403180b4575b44a1652d32285f2faeb ;
ticket : gQG88TwAAAAAAAAAAS5odHRwOi8vd2VpeGluLnFxLmNvbS9xLzAycEc5ZjBHSDljbzMxMDAwMGcwNzYAAgS8_RdZAwQAAAAA ;
from : oKwkYwxQnP-xHuvQphYpROT1MVpc ;
to : gh_6536061e4435 ;
time : 1494744448 ;
type : subscribe ;
scene : 8403180b4575b44a1652d32285f2faeb ;

2017-05-14 14:47:44 trace :
------------
Array:
tousername : gh_6536061e4435 ;
fromusername : oKwkYwxQnP-xHuvQphYpROT1MVpc ;
createtime : 1494744464 ;
msgtype : event ;
event : VIEW ;
eventkey : http://kh39.61why.com/app/index.php?i=2&c=entry&eid=194 ;
menuid : 410600728 ;
from : oKwkYwxQnP-xHuvQphYpROT1MVpc ;
to : gh_6536061e4435 ;
time : 1494744464 ;
type : event ;

2017-05-14 14:47:44 params :
------------
Array:
rule : -2 ;
module :  ;
message : Array ;

2017-05-14 14:47:44 response :
------------

2017-05-14 14:48:04 trace :
------------
Array:
tousername : gh_6536061e4435 ;
fromusername : oKwkYwxQnP-xHuvQphYpROT1MVpc ;
createtime : 1494744484 ;
msgtype : event ;
event : VIEW ;
eventkey : http://kh39.61why.com/app/index.php?i=2&c=entry&eid=198 ;
menuid : 410600728 ;
from : oKwkYwxQnP-xHuvQphYpROT1MVpc ;
to : gh_6536061e4435 ;
time : 1494744484 ;
type : event ;

2017-05-14 14:48:04 params :
------------
Array:
rule : -2 ;
module :  ;
message : Array ;

2017-05-14 14:48:04 response :
------------

2017-05-14 14:52:18 trace :
------------
Array:
tousername : gh_6536061e4435 ;
fromusername : oKwkYw_Rs5O0auGRjNkwFgSWWB04 ;
createtime : 1494744738 ;
msgtype : event ;
event : VIEW ;
eventkey : http://kh39.61why.com/app/index.php?i=2&c=entry&eid=194 ;
menuid : 410600728 ;
from : oKwkYw_Rs5O0auGRjNkwFgSWWB04 ;
to : gh_6536061e4435 ;
time : 1494744738 ;
type : event ;

2017-05-14 14:52:18 params :
------------
Array:
rule : -2 ;
module :  ;
message : Array ;

2017-05-14 14:52:18 response :
------------

2017-05-14 14:56:32 trace :
------------
Array:
tousername : gh_6536061e4435 ;
fromusername : oKwkYwxQnP-xHuvQphYpROT1MVpc ;
createtime : 1494744992 ;
msgtype : event ;
event : VIEW ;
eventkey : http://kh39.61why.com/app/index.php?i=2&c=entry&eid=194 ;
menuid : 410600728 ;
from : oKwkYwxQnP-xHuvQphYpROT1MVpc ;
to : gh_6536061e4435 ;
time : 1494744992 ;
type : event ;

2017-05-14 14:56:32 params :
------------
Array:
rule : -2 ;
module :  ;
message : Array ;

2017-05-14 14:56:32 response :
------------

2017-05-14 15:02:59 trace :
------------
Array:
tousername : gh_6536061e4435 ;
fromusername : oKwkYw5hiet9aIoMvpfdt0UcJyzc ;
createtime : 1494745378 ;
msgtype : event ;
event : VIEW ;
eventkey : http://kh39.61why.com/app/index.php?i=2&c=entry&eid=198 ;
menuid : 410600728 ;
from : oKwkYw5hiet9aIoMvpfdt0UcJyzc ;
to : gh_6536061e4435 ;
time : 1494745378 ;
type : event ;

2017-05-14 15:02:59 params :
------------
Array:
rule : -2 ;
module :  ;
message : Array ;

2017-05-14 15:02:59 response :
------------

2017-05-14 15:12:20 trace :
------------
Array:
tousername : gh_6536061e4435 ;
fromusername : oKwkYwwbkOuE01weDajc9cwdNJEQ ;
createtime : 1494745940 ;
msgtype : event ;
event : VIEW ;
eventkey : http://kh39.61why.com/app/index.php?i=2&c=entry&eid=194 ;
menuid : 410600728 ;
from : oKwkYwwbkOuE01weDajc9cwdNJEQ ;
to : gh_6536061e4435 ;
time : 1494745940 ;
type : event ;

2017-05-14 15:12:20 params :
------------
Array:
rule : -2 ;
module :  ;
message : Array ;

2017-05-14 15:12:20 response :
------------

2017-05-14 15:13:14 trace :
------------
Array:
tousername : gh_6536061e4435 ;
fromusername : oKwkYw9A27iCE2wbx5IXncAJ21Sw ;
createtime : 1494745994 ;
msgtype : event ;
event : VIEW ;
eventkey : http://kh39.61why.com/app/index.php?i=2&c=entry&eid=198 ;
menuid : 410600728 ;
from : oKwkYw9A27iCE2wbx5IXncAJ21Sw ;
to : gh_6536061e4435 ;
time : 1494745994 ;
type : event ;

2017-05-14 15:13:14 params :
------------
Array:
rule : -2 ;
module :  ;
message : Array ;

2017-05-14 15:13:14 response :
------------

2017-05-14 15:14:32 trace :
------------
Array:
tousername : gh_6536061e4435 ;
fromusername : oKwkYw5hiet9aIoMvpfdt0UcJyzc ;
createtime : 1494746072 ;
msgtype : event ;
event : VIEW ;
eventkey : http://kh39.61why.com/app/index.php?i=2&c=entry&eid=198 ;
menuid : 410600728 ;
from : oKwkYw5hiet9aIoMvpfdt0UcJyzc ;
to : gh_6536061e4435 ;
time : 1494746072 ;
type : event ;

2017-05-14 15:14:32 params :
------------
Array:
rule : -2 ;
module :  ;
message : Array ;

2017-05-14 15:14:32 response :
------------

2017-05-14 15:20:09 trace :
------------
Array:
tousername : gh_6536061e4435 ;
fromusername : oKwkYw1yj38KOhGZ_VHM2TrE79xY ;
createtime : 1494746409 ;
msgtype : event ;
event : VIEW ;
eventkey : http://kh39.61why.com/app/index.php?i=2&c=entry&eid=198 ;
menuid : 410600728 ;
from : oKwkYw1yj38KOhGZ_VHM2TrE79xY ;
to : gh_6536061e4435 ;
time : 1494746409 ;
type : event ;

2017-05-14 15:20:09 params :
------------
Array:
rule : -2 ;
module :  ;
message : Array ;

2017-05-14 15:20:09 response :
------------

2017-05-14 15:21:35 trace :
------------
Array:
tousername : gh_6536061e4435 ;
fromusername : oKwkYw5hiet9aIoMvpfdt0UcJyzc ;
createtime : 1494746495 ;
msgtype : event ;
event : VIEW ;
eventkey : http://kh39.61why.com/app/index.php?i=2&c=entry&eid=198 ;
menuid : 410600728 ;
from : oKwkYw5hiet9aIoMvpfdt0UcJyzc ;
to : gh_6536061e4435 ;
time : 1494746495 ;
type : event ;

2017-05-14 15:21:35 params :
------------
Array:
rule : -2 ;
module :  ;
message : Array ;

2017-05-14 15:21:35 response :
------------

2017-05-14 15:39:09 trace :
------------
Array:
tousername : gh_6536061e4435 ;
fromusername : oKwkYwxvuf-tpihH4JfwgwBHcXBM ;
createtime : 1494747549 ;
msgtype : event ;
event : VIEW ;
eventkey : http://kh39.61why.com/app/index.php?i=2&c=entry&eid=198 ;
menuid : 410600728 ;
from : oKwkYwxvuf-tpihH4JfwgwBHcXBM ;
to : gh_6536061e4435 ;
time : 1494747549 ;
type : event ;

2017-05-14 15:39:09 params :
------------
Array:
rule : -2 ;
module :  ;
message : Array ;

2017-05-14 15:39:09 response :
------------

2017-05-14 15:42:45 trace :
------------
Array:
tousername : gh_6536061e4435 ;
fromusername : oKwkYw9A27iCE2wbx5IXncAJ21Sw ;
createtime : 1494747765 ;
msgtype : event ;
event : VIEW ;
eventkey : http://kh39.61why.com/app/index.php?i=2&c=entry&eid=194 ;
menuid : 410600728 ;
from : oKwkYw9A27iCE2wbx5IXncAJ21Sw ;
to : gh_6536061e4435 ;
time : 1494747765 ;
type : event ;

2017-05-14 15:42:45 params :
------------
Array:
rule : -2 ;
module :  ;
message : Array ;

2017-05-14 15:42:45 response :
------------

2017-05-14 15:47:14 trace :
------------
Array:
tousername : gh_6536061e4435 ;
fromusername : oKwkYw5S8zWw6zCS6dGdWuuV95fM ;
createtime : 1494748034 ;
msgtype : event ;
event : VIEW ;
eventkey : http://kh39.61why.com/app/index.php?i=2&c=entry&eid=198 ;
menuid : 410600728 ;
from : oKwkYw5S8zWw6zCS6dGdWuuV95fM ;
to : gh_6536061e4435 ;
time : 1494748034 ;
type : event ;

2017-05-14 15:47:14 params :
------------
Array:
rule : -2 ;
module :  ;
message : Array ;

2017-05-14 15:47:14 response :
------------

2017-05-14 15:48:17 trace :
------------
Array:
tousername : gh_6536061e4435 ;
fromusername : oKwkYw7jIquihDs53JkRwRl5_IJw ;
createtime : 1494748097 ;
msgtype : event ;
event : VIEW ;
eventkey : http://kh39.61why.com/app/index.php?i=2&c=entry&eid=194 ;
menuid : 410600728 ;
from : oKwkYw7jIquihDs53JkRwRl5_IJw ;
to : gh_6536061e4435 ;
time : 1494748097 ;
type : event ;

2017-05-14 15:48:17 params :
------------
Array:
rule : -2 ;
module :  ;
message : Array ;

2017-05-14 15:48:17 response :
------------

2017-05-14 15:48:21 trace :
------------
Array:
tousername : gh_6536061e4435 ;
fromusername : oKwkYw6-ccCuzn1wfn9_pEHJ7msw ;
createtime : 1494748101 ;
msgtype : event ;
event : VIEW ;
eventkey : http://kh39.61why.com/app/index.php?i=2&c=entry&eid=198 ;
menuid : 410600728 ;
from : oKwkYw6-ccCuzn1wfn9_pEHJ7msw ;
to : gh_6536061e4435 ;
time : 1494748101 ;
type : event ;

2017-05-14 15:48:21 params :
------------
Array:
rule : -2 ;
module :  ;
message : Array ;

2017-05-14 15:48:21 response :
------------

2017-05-14 15:49:47 trace :
------------
Array:
tousername : gh_6536061e4435 ;
fromusername : oKwkYw7jIquihDs53JkRwRl5_IJw ;
createtime : 1494748187 ;
msgtype : event ;
event : CLICK ;
eventkey : 二维码 ;
from : oKwkYw7jIquihDs53JkRwRl5_IJw ;
to : gh_6536061e4435 ;
time : 1494748187 ;
type : event ;

2017-05-14 15:49:49 trace :
------------
Array:
tousername : gh_6536061e4435 ;
fromusername : oKwkYw7jIquihDs53JkRwRl5_IJw ;
createtime : 1494748189 ;
msgtype : event ;
event : VIEW ;
eventkey : http://kh39.61why.com/app/index.php?i=2&c=entry&eid=198 ;
menuid : 410600728 ;
from : oKwkYw7jIquihDs53JkRwRl5_IJw ;
to : gh_6536061e4435 ;
time : 1494748189 ;
type : event ;

2017-05-14 15:49:49 params :
------------
Array:
rule : -2 ;
module :  ;
message : Array ;

2017-05-14 15:49:49 response :
------------

2017-05-14 15:52:19 trace :
------------
Array:
tousername : gh_6536061e4435 ;
fromusername : oKwkYw6-ccCuzn1wfn9_pEHJ7msw ;
createtime : 1494748338 ;
msgtype : event ;
event : VIEW ;
eventkey : http://kh39.61why.com/app/index.php?i=2&c=entry&eid=194 ;
menuid : 410600728 ;
from : oKwkYw6-ccCuzn1wfn9_pEHJ7msw ;
to : gh_6536061e4435 ;
time : 1494748338 ;
type : event ;

2017-05-14 15:52:19 params :
------------
Array:
rule : -2 ;
module :  ;
message : Array ;

2017-05-14 15:52:19 response :
------------

2017-05-14 15:52:38 trace :
------------
Array:
tousername : gh_6536061e4435 ;
fromusername : oKwkYw6-ccCuzn1wfn9_pEHJ7msw ;
createtime : 1494748358 ;
msgtype : event ;
event : VIEW ;
eventkey : http://kh39.61why.com/app/index.php?i=2&c=entry&eid=194 ;
menuid : 410600728 ;
from : oKwkYw6-ccCuzn1wfn9_pEHJ7msw ;
to : gh_6536061e4435 ;
time : 1494748358 ;
type : event ;

2017-05-14 15:52:38 params :
------------
Array:
rule : -2 ;
module :  ;
message : Array ;

2017-05-14 15:52:38 response :
------------

2017-05-14 15:58:00 trace :
------------
Array:
tousername : gh_6536061e4435 ;
fromusername : oKwkYw5Hv5-mrEGrZ572fv2JrB_s ;
createtime : 1494748680 ;
msgtype : event ;
event : TEMPLATESENDJOBFINISH ;
msgid : 413097941 ;
status : success ;
from : oKwkYw5Hv5-mrEGrZ572fv2JrB_s ;
to : gh_6536061e4435 ;
time : 1494748680 ;
type : event ;

2017-05-14 15:58:00 params :
------------
Array:
rule : -2 ;
module :  ;
message : Array ;

2017-05-14 15:58:00 response :
------------

2017-05-14 15:58:00 trace :
------------
Array:
tousername : gh_6536061e4435 ;
fromusername : oKwkYw7K9xHIr91Csk-qENfcagnM ;
createtime : 1494748680 ;
msgtype : event ;
event : TEMPLATESENDJOBFINISH ;
msgid : 413097942 ;
status : success ;
from : oKwkYw7K9xHIr91Csk-qENfcagnM ;
to : gh_6536061e4435 ;
time : 1494748680 ;
type : event ;

2017-05-14 15:58:00 params :
------------
Array:
rule : -2 ;
module :  ;
message : Array ;

2017-05-14 15:58:00 response :
------------

2017-05-14 15:58:17 trace :
------------
Array:
tousername : gh_6536061e4435 ;
fromusername : oKwkYw5Hv5-mrEGrZ572fv2JrB_s ;
createtime : 1494748697 ;
msgtype : event ;
event : TEMPLATESENDJOBFINISH ;
msgid : 413097953 ;
status : success ;
from : oKwkYw5Hv5-mrEGrZ572fv2JrB_s ;
to : gh_6536061e4435 ;
time : 1494748697 ;
type : event ;

2017-05-14 15:58:17 params :
------------
Array:
rule : -2 ;
module :  ;
message : Array ;

2017-05-14 15:58:17 response :
------------

2017-05-14 15:58:18 trace :
------------
Array:
tousername : gh_6536061e4435 ;
fromusername : oKwkYw7K9xHIr91Csk-qENfcagnM ;
createtime : 1494748698 ;
msgtype : event ;
event : TEMPLATESENDJOBFINISH ;
msgid : 413097954 ;
status : success ;
from : oKwkYw7K9xHIr91Csk-qENfcagnM ;
to : gh_6536061e4435 ;
time : 1494748698 ;
type : event ;

2017-05-14 15:58:18 params :
------------
Array:
rule : -2 ;
module :  ;
message : Array ;

2017-05-14 15:58:18 response :
------------

2017-05-14 15:58:32 trace :
------------
Array:
tousername : gh_6536061e4435 ;
fromusername : oKwkYw6-ccCuzn1wfn9_pEHJ7msw ;
createtime : 1494748712 ;
msgtype : event ;
event : VIEW ;
eventkey : http://kh39.61why.com/app/index.php?i=2&c=entry&eid=198 ;
menuid : 410600728 ;
from : oKwkYw6-ccCuzn1wfn9_pEHJ7msw ;
to : gh_6536061e4435 ;
time : 1494748712 ;
type : event ;

2017-05-14 15:58:32 params :
------------
Array:
rule : -2 ;
module :  ;
message : Array ;

2017-05-14 15:58:32 response :
------------

2017-05-14 15:59:59 trace :
------------
Array:
tousername : gh_6536061e4435 ;
fromusername : oKwkYw6-ccCuzn1wfn9_pEHJ7msw ;
createtime : 1494748799 ;
msgtype : event ;
event : VIEW ;
eventkey : http://kh39.61why.com/app/index.php?i=2&c=entry&eid=198 ;
menuid : 410600728 ;
from : oKwkYw6-ccCuzn1wfn9_pEHJ7msw ;
to : gh_6536061e4435 ;
time : 1494748799 ;
type : event ;

2017-05-14 15:59:59 params :
------------
Array:
rule : -2 ;
module :  ;
message : Array ;

2017-05-14 15:59:59 response :
------------

2017-05-14 16:11:18 trace :
------------
Array:
tousername : gh_6536061e4435 ;
fromusername : oKwkYw9cxY2YTK4xmAI5slFwH7_4 ;
createtime : 1494749478 ;
msgtype : event ;
event : VIEW ;
eventkey : http://kh39.61why.com/app/index.php?i=2&c=entry&eid=198 ;
menuid : 410600728 ;
from : oKwkYw9cxY2YTK4xmAI5slFwH7_4 ;
to : gh_6536061e4435 ;
time : 1494749478 ;
type : event ;

2017-05-14 16:11:18 params :
------------
Array:
rule : -2 ;
module :  ;
message : Array ;

2017-05-14 16:11:18 response :
------------

2017-05-14 16:11:43 trace :
------------
Array:
tousername : gh_6536061e4435 ;
fromusername : oKwkYw9cxY2YTK4xmAI5slFwH7_4 ;
createtime : 1494749503 ;
msgtype : event ;
event : VIEW ;
eventkey : http://kh39.61why.com/app/index.php?i=2&c=entry&eid=198 ;
menuid : 410600728 ;
from : oKwkYw9cxY2YTK4xmAI5slFwH7_4 ;
to : gh_6536061e4435 ;
time : 1494749503 ;
type : event ;

2017-05-14 16:11:43 params :
------------
Array:
rule : -2 ;
module :  ;
message : Array ;

2017-05-14 16:11:43 response :
------------

2017-05-14 16:25:38 trace :
------------
Array:
tousername : gh_6536061e4435 ;
fromusername : oKwkYw5hiet9aIoMvpfdt0UcJyzc ;
createtime : 1494750338 ;
msgtype : event ;
event : VIEW ;
eventkey : http://kh39.61why.com/app/index.php?i=2&c=entry&eid=194 ;
menuid : 410600728 ;
from : oKwkYw5hiet9aIoMvpfdt0UcJyzc ;
to : gh_6536061e4435 ;
time : 1494750338 ;
type : event ;

2017-05-14 16:25:38 params :
------------
Array:
rule : -2 ;
module :  ;
message : Array ;

2017-05-14 16:25:38 response :
------------

2017-05-14 16:26:27 trace :
------------
Array:
tousername : gh_6536061e4435 ;
fromusername : oKwkYw7jIquihDs53JkRwRl5_IJw ;
createtime : 1494750387 ;
msgtype : event ;
event : VIEW ;
eventkey : http://kh39.61why.com/app/index.php?i=2&c=entry&eid=198 ;
menuid : 410600728 ;
from : oKwkYw7jIquihDs53JkRwRl5_IJw ;
to : gh_6536061e4435 ;
time : 1494750387 ;
type : event ;

2017-05-14 16:26:27 params :
------------
Array:
rule : -2 ;
module :  ;
message : Array ;

2017-05-14 16:26:27 response :
------------

2017-05-14 16:33:12 trace :
------------
Array:
tousername : gh_6536061e4435 ;
fromusername : oKwkYw0b_nY3vy2dlsZiutChx2qg ;
createtime : 1494750792 ;
msgtype : event ;
event : VIEW ;
eventkey : http://kh39.61why.com/app/index.php?i=2&c=entry&eid=198 ;
menuid : 410600728 ;
from : oKwkYw0b_nY3vy2dlsZiutChx2qg ;
to : gh_6536061e4435 ;
time : 1494750792 ;
type : event ;

2017-05-14 16:33:12 params :
------------
Array:
rule : -2 ;
module :  ;
message : Array ;

2017-05-14 16:33:12 response :
------------

2017-05-14 17:18:34 trace :
------------
Array:
tousername : gh_6536061e4435 ;
fromusername : oKwkYwz_FtGom2eSyG1qwUGFxNiA ;
createtime : 1494753514 ;
msgtype : event ;
event : VIEW ;
eventkey : http://kh39.61why.com/app/index.php?i=2&c=entry&eid=198 ;
menuid : 410600728 ;
from : oKwkYwz_FtGom2eSyG1qwUGFxNiA ;
to : gh_6536061e4435 ;
time : 1494753514 ;
type : event ;

2017-05-14 17:18:34 params :
------------
Array:
rule : -2 ;
module :  ;
message : Array ;

2017-05-14 17:18:34 response :
------------

2017-05-14 18:05:10 trace :
------------
Array:
tousername : gh_6536061e4435 ;
fromusername : oKwkYwxdGazpUQLKnjr_HrnPicQo ;
createtime : 1494756309 ;
msgtype : event ;
event : VIEW ;
eventkey : http://kh39.61why.com/app/index.php?i=2&c=entry&eid=198 ;
menuid : 410600728 ;
from : oKwkYwxdGazpUQLKnjr_HrnPicQo ;
to : gh_6536061e4435 ;
time : 1494756309 ;
type : event ;

2017-05-14 18:05:10 params :
------------
Array:
rule : -2 ;
module :  ;
message : Array ;

2017-05-14 18:05:10 response :
------------

2017-05-14 18:05:11 trace :
------------
Array:
tousername : gh_6536061e4435 ;
fromusername : oKwkYwxdGazpUQLKnjr_HrnPicQo ;
createtime : 1494756311 ;
msgtype : event ;
event : VIEW ;
eventkey : http://kh39.61why.com/app/index.php?i=2&c=entry&eid=198 ;
menuid : 410600728 ;
from : oKwkYwxdGazpUQLKnjr_HrnPicQo ;
to : gh_6536061e4435 ;
time : 1494756311 ;
type : event ;

2017-05-14 18:05:11 params :
------------
Array:
rule : -2 ;
module :  ;
message : Array ;

2017-05-14 18:05:11 response :
------------

2017-05-14 18:05:28 trace :
------------
Array:
tousername : gh_6536061e4435 ;
fromusername : oKwkYwxdGazpUQLKnjr_HrnPicQo ;
createtime : 1494756328 ;
msgtype : event ;
event : VIEW ;
eventkey : http://kh39.61why.com/app/index.php?i=2&c=entry&eid=198 ;
menuid : 410600728 ;
from : oKwkYwxdGazpUQLKnjr_HrnPicQo ;
to : gh_6536061e4435 ;
time : 1494756328 ;
type : event ;

2017-05-14 18:05:28 params :
------------
Array:
rule : -2 ;
module :  ;
message : Array ;

2017-05-14 18:05:28 response :
------------

2017-05-14 18:05:52 trace :
------------
Array:
tousername : gh_6536061e4435 ;
fromusername : oKwkYwxdGazpUQLKnjr_HrnPicQo ;
createtime : 1494756352 ;
msgtype : event ;
event : VIEW ;
eventkey : http://kh39.61why.com/app/index.php?i=2&c=entry&eid=198 ;
menuid : 410600728 ;
from : oKwkYwxdGazpUQLKnjr_HrnPicQo ;
to : gh_6536061e4435 ;
time : 1494756352 ;
type : event ;

2017-05-14 18:05:52 params :
------------
Array:
rule : -2 ;
module :  ;
message : Array ;

2017-05-14 18:05:52 response :
------------

2017-05-14 18:06:07 trace :
------------
Array:
tousername : gh_6536061e4435 ;
fromusername : oKwkYwxdGazpUQLKnjr_HrnPicQo ;
createtime : 1494756367 ;
msgtype : event ;
event : VIEW ;
eventkey : http://kh39.61why.com/app/index.php?i=2&c=entry&eid=194 ;
menuid : 410600728 ;
from : oKwkYwxdGazpUQLKnjr_HrnPicQo ;
to : gh_6536061e4435 ;
time : 1494756367 ;
type : event ;

2017-05-14 18:06:07 params :
------------
Array:
rule : -2 ;
module :  ;
message : Array ;

2017-05-14 18:06:07 response :
------------

2017-05-14 18:14:12 trace :
------------
Array:
tousername : gh_6536061e4435 ;
fromusername : oKwkYw9A27iCE2wbx5IXncAJ21Sw ;
createtime : 1494756852 ;
msgtype : event ;
event : VIEW ;
eventkey : http://kh39.61why.com/app/index.php?i=2&c=entry&eid=198 ;
menuid : 410600728 ;
from : oKwkYw9A27iCE2wbx5IXncAJ21Sw ;
to : gh_6536061e4435 ;
time : 1494756852 ;
type : event ;

2017-05-14 18:14:12 params :
------------
Array:
rule : -2 ;
module :  ;
message : Array ;

2017-05-14 18:14:12 response :
------------

2017-05-14 19:18:41 trace :
------------
Array:
tousername : gh_6536061e4435 ;
fromusername : oKwkYwxdGazpUQLKnjr_HrnPicQo ;
createtime : 1494760721 ;
msgtype : event ;
event : CLICK ;
eventkey : 二维码 ;
from : oKwkYwxdGazpUQLKnjr_HrnPicQo ;
to : gh_6536061e4435 ;
time : 1494760721 ;
type : event ;

2017-05-14 19:18:48 trace :
------------
Array:
tousername : gh_6536061e4435 ;
fromusername : oKwkYwxdGazpUQLKnjr_HrnPicQo ;
createtime : 1494760728 ;
msgtype : event ;
event : VIEW ;
eventkey : http://kh39.61why.com/app/index.php?i=2&c=entry&eid=198 ;
menuid : 410600728 ;
from : oKwkYwxdGazpUQLKnjr_HrnPicQo ;
to : gh_6536061e4435 ;
time : 1494760728 ;
type : event ;

2017-05-14 19:18:48 params :
------------
Array:
rule : -2 ;
module :  ;
message : Array ;

2017-05-14 19:18:48 response :
------------

2017-05-14 19:53:30 trace :
------------
Array:
tousername : gh_6536061e4435 ;
fromusername : oKwkYw4GxMmBhjNly2cJHDw6Dqd0 ;
createtime : 1494762810 ;
msgtype : event ;
event : VIEW ;
eventkey : http://kh39.61why.com/app/index.php?i=2&c=entry&eid=198 ;
menuid : 410600728 ;
from : oKwkYw4GxMmBhjNly2cJHDw6Dqd0 ;
to : gh_6536061e4435 ;
time : 1494762810 ;
type : event ;

2017-05-14 19:53:30 params :
------------
Array:
rule : -2 ;
module :  ;
message : Array ;

2017-05-14 19:53:30 response :
------------

2017-05-14 19:54:35 trace :
------------
Array:
tousername : gh_6536061e4435 ;
fromusername : oKwkYw_RHUlSLs1W-FgXtAMyMZC8 ;
createtime : 1494762875 ;
msgtype : event ;
event : subscribe ;
eventkey : Array ;
from : oKwkYw_RHUlSLs1W-FgXtAMyMZC8 ;
to : gh_6536061e4435 ;
time : 1494762875 ;
type : subscribe ;

2017-05-14 19:54:35 params :
------------
Array:
rule : -2 ;
module :  ;
message : Array ;

2017-05-14 19:54:35 response :
------------

2017-05-14 19:54:38 trace :
------------
Array:
tousername : gh_6536061e4435 ;
fromusername : oKwkYw_RHUlSLs1W-FgXtAMyMZC8 ;
createtime : 1494762877 ;
msgtype : event ;
event : VIEW ;
eventkey : http://kh39.61why.com/app/index.php?i=2&c=entry&eid=194 ;
menuid : 410600728 ;
from : oKwkYw_RHUlSLs1W-FgXtAMyMZC8 ;
to : gh_6536061e4435 ;
time : 1494762877 ;
type : event ;

2017-05-14 19:54:38 params :
------------
Array:
rule : -2 ;
module :  ;
message : Array ;

2017-05-14 19:54:38 response :
------------

2017-05-14 20:07:09 trace :
------------
Array:
tousername : gh_6536061e4435 ;
fromusername : oKwkYw5K-9FC5U_jc_X-xu1Qj9qg ;
createtime : 1494763628 ;
msgtype : event ;
event : VIEW ;
eventkey : http://kh39.61why.com/app/index.php?i=2&c=entry&eid=198 ;
menuid : 410600728 ;
from : oKwkYw5K-9FC5U_jc_X-xu1Qj9qg ;
to : gh_6536061e4435 ;
time : 1494763628 ;
type : event ;

2017-05-14 20:07:09 params :
------------
Array:
rule : -2 ;
module :  ;
message : Array ;

2017-05-14 20:07:09 response :
------------

2017-05-14 20:49:21 trace :
------------
Array:
tousername : gh_6536061e4435 ;
fromusername : oKwkYw75hKdhmwJ_LGNHsMSTb_8E ;
createtime : 1494766161 ;
msgtype : event ;
event : VIEW ;
eventkey : http://kh39.61why.com/app/index.php?i=2&c=entry&eid=198 ;
menuid : 410600728 ;
from : oKwkYw75hKdhmwJ_LGNHsMSTb_8E ;
to : gh_6536061e4435 ;
time : 1494766161 ;
type : event ;

2017-05-14 20:49:21 params :
------------
Array:
rule : -2 ;
module :  ;
message : Array ;

2017-05-14 20:49:21 response :
------------

2017-05-14 20:52:49 trace :
------------
Array:
tousername : gh_6536061e4435 ;
fromusername : oKwkYw6vRAM9pUdy8o5F-HKqEkdI ;
createtime : 1494766369 ;
msgtype : event ;
event : subscribe ;
eventkey : qrscene_b76dc07d18741dc22605aed7b3e40594 ;
ticket : gQF-8TwAAAAAAAAAAS5odHRwOi8vd2VpeGluLnFxLmNvbS9xLzAycmo4ODFQSDljbzMxMDAwMGcwNy0AAgSmVxVZAwQAAAAA ;
from : oKwkYw6vRAM9pUdy8o5F-HKqEkdI ;
to : gh_6536061e4435 ;
time : 1494766369 ;
type : subscribe ;
scene : b76dc07d18741dc22605aed7b3e40594 ;

2017-05-14 20:53:01 trace :
------------
Array:
tousername : gh_6536061e4435 ;
fromusername : oKwkYw6vRAM9pUdy8o5F-HKqEkdI ;
createtime : 1494766381 ;
msgtype : event ;
event : VIEW ;
eventkey : http://kh39.61why.com/app/index.php?i=2&c=entry&eid=198 ;
menuid : 410600728 ;
from : oKwkYw6vRAM9pUdy8o5F-HKqEkdI ;
to : gh_6536061e4435 ;
time : 1494766381 ;
type : event ;

2017-05-14 20:53:01 params :
------------
Array:
rule : -2 ;
module :  ;
message : Array ;

2017-05-14 20:53:01 response :
------------

2017-05-14 21:08:24 trace :
------------
Array:
tousername : gh_6536061e4435 ;
fromusername : oKwkYw9A27iCE2wbx5IXncAJ21Sw ;
createtime : 1494767304 ;
msgtype : event ;
event : VIEW ;
eventkey : http://kh39.61why.com/app/index.php?i=2&c=entry&eid=194 ;
menuid : 410600728 ;
from : oKwkYw9A27iCE2wbx5IXncAJ21Sw ;
to : gh_6536061e4435 ;
time : 1494767304 ;
type : event ;

2017-05-14 21:08:24 params :
------------
Array:
rule : -2 ;
module :  ;
message : Array ;

2017-05-14 21:08:24 response :
------------

2017-05-14 21:11:32 trace :
------------
Array:
tousername : gh_6536061e4435 ;
fromusername : oKwkYwz9UZobw82xHrqPpBnrexx4 ;
createtime : 1494767492 ;
msgtype : event ;
event : VIEW ;
eventkey : http://kh39.61why.com/app/index.php?i=2&c=entry&eid=194 ;
menuid : 410600728 ;
from : oKwkYwz9UZobw82xHrqPpBnrexx4 ;
to : gh_6536061e4435 ;
time : 1494767492 ;
type : event ;

2017-05-14 21:11:32 params :
------------
Array:
rule : -2 ;
module :  ;
message : Array ;

2017-05-14 21:11:32 response :
------------

2017-05-14 21:31:26 trace :
------------
Array:
tousername : gh_6536061e4435 ;
fromusername : oKwkYw0b_nY3vy2dlsZiutChx2qg ;
createtime : 1494768686 ;
msgtype : event ;
event : VIEW ;
eventkey : http://kh39.61why.com/app/index.php?i=2&c=entry&eid=198 ;
menuid : 410600728 ;
from : oKwkYw0b_nY3vy2dlsZiutChx2qg ;
to : gh_6536061e4435 ;
time : 1494768686 ;
type : event ;

2017-05-14 21:31:26 params :
------------
Array:
rule : -2 ;
module :  ;
message : Array ;

2017-05-14 21:31:26 response :
------------

2017-05-14 22:04:50 trace :
------------
Array:
tousername : gh_6536061e4435 ;
fromusername : oKwkYw2AvtOQWVWlszR3cLKUUa3E ;
createtime : 1494770690 ;
msgtype : event ;
event : VIEW ;
eventkey : http://kh39.61why.com/app/index.php?i=2&c=entry&eid=198 ;
menuid : 410600728 ;
from : oKwkYw2AvtOQWVWlszR3cLKUUa3E ;
to : gh_6536061e4435 ;
time : 1494770690 ;
type : event ;

2017-05-14 22:04:50 params :
------------
Array:
rule : -2 ;
module :  ;
message : Array ;

2017-05-14 22:04:50 response :
------------

2017-05-14 22:05:24 trace :
------------
Array:
tousername : gh_6536061e4435 ;
fromusername : oKwkYw9A27iCE2wbx5IXncAJ21Sw ;
createtime : 1494770724 ;
msgtype : event ;
event : VIEW ;
eventkey : http://kh39.61why.com/app/index.php?i=2&c=entry&eid=194 ;
menuid : 410600728 ;
from : oKwkYw9A27iCE2wbx5IXncAJ21Sw ;
to : gh_6536061e4435 ;
time : 1494770724 ;
type : event ;

2017-05-14 22:05:24 params :
------------
Array:
rule : -2 ;
module :  ;
message : Array ;

2017-05-14 22:05:24 response :
------------

2017-05-14 22:09:30 trace :
------------
Array:
tousername : gh_6536061e4435 ;
fromusername : oKwkYwxdGazpUQLKnjr_HrnPicQo ;
createtime : 1494770970 ;
msgtype : event ;
event : VIEW ;
eventkey : http://kh39.61why.com/app/index.php?i=2&c=entry&eid=198 ;
menuid : 410600728 ;
from : oKwkYwxdGazpUQLKnjr_HrnPicQo ;
to : gh_6536061e4435 ;
time : 1494770970 ;
type : event ;

2017-05-14 22:09:30 params :
------------
Array:
rule : -2 ;
module :  ;
message : Array ;

2017-05-14 22:09:30 response :
------------

2017-05-14 22:10:11 trace :
------------
Array:
tousername : gh_6536061e4435 ;
fromusername : oKwkYwxdGazpUQLKnjr_HrnPicQo ;
createtime : 1494771011 ;
msgtype : event ;
event : VIEW ;
eventkey : http://kh39.61why.com/app/index.php?i=2&c=entry&eid=198 ;
menuid : 410600728 ;
from : oKwkYwxdGazpUQLKnjr_HrnPicQo ;
to : gh_6536061e4435 ;
time : 1494771011 ;
type : event ;

2017-05-14 22:10:11 params :
------------
Array:
rule : -2 ;
module :  ;
message : Array ;

2017-05-14 22:10:11 response :
------------

2017-05-14 22:19:19 trace :
------------
Array:
tousername : gh_6536061e4435 ;
fromusername : oKwkYwxdGazpUQLKnjr_HrnPicQo ;
createtime : 1494771559 ;
msgtype : event ;
event : VIEW ;
eventkey : http://kh39.61why.com/app/index.php?i=2&c=entry&eid=198 ;
menuid : 410600728 ;
from : oKwkYwxdGazpUQLKnjr_HrnPicQo ;
to : gh_6536061e4435 ;
time : 1494771559 ;
type : event ;

2017-05-14 22:19:19 params :
------------
Array:
rule : -2 ;
module :  ;
message : Array ;

2017-05-14 22:19:19 response :
------------

2017-05-14 22:19:58 trace :
------------
Array:
tousername : gh_6536061e4435 ;
fromusername : oKwkYw75hKdhmwJ_LGNHsMSTb_8E ;
createtime : 1494771598 ;
msgtype : event ;
event : VIEW ;
eventkey : http://kh39.61why.com/app/index.php?i=2&c=entry&eid=198 ;
menuid : 410600728 ;
from : oKwkYw75hKdhmwJ_LGNHsMSTb_8E ;
to : gh_6536061e4435 ;
time : 1494771598 ;
type : event ;

2017-05-14 22:19:58 params :
------------
Array:
rule : -2 ;
module :  ;
message : Array ;

2017-05-14 22:19:58 response :
------------

2017-05-14 22:20:25 trace :
------------
Array:
tousername : gh_6536061e4435 ;
fromusername : oKwkYw75hKdhmwJ_LGNHsMSTb_8E ;
createtime : 1494771625 ;
msgtype : event ;
event : VIEW ;
eventkey : http://kh39.61why.com/app/index.php?i=2&c=entry&eid=198 ;
menuid : 410600728 ;
from : oKwkYw75hKdhmwJ_LGNHsMSTb_8E ;
to : gh_6536061e4435 ;
time : 1494771625 ;
type : event ;

2017-05-14 22:20:25 params :
------------
Array:
rule : -2 ;
module :  ;
message : Array ;

2017-05-14 22:20:25 response :
------------

2017-05-14 22:30:25 trace :
------------
Array:
tousername : gh_6536061e4435 ;
fromusername : oKwkYw0UoBE-PqMFMk-aY5fF_9lk ;
createtime : 1494772225 ;
msgtype : event ;
event : subscribe ;
eventkey : qrscene_525d94ad43118a6754b57f549669d6e3 ;
ticket : gQHD8DwAAAAAAAAAAS5odHRwOi8vd2VpeGluLnFxLmNvbS9xLzAyWW8tODBzSDljbzMxMDAwMHcwN3AAAgSKf3BYAwQAAAAA ;
from : oKwkYw0UoBE-PqMFMk-aY5fF_9lk ;
to : gh_6536061e4435 ;
time : 1494772225 ;
type : subscribe ;
scene : 525d94ad43118a6754b57f549669d6e3 ;

2017-05-14 22:30:30 trace :
------------
Array:
tousername : gh_6536061e4435 ;
fromusername : oKwkYw0UoBE-PqMFMk-aY5fF_9lk ;
createtime : 1494772230 ;
msgtype : event ;
event : VIEW ;
eventkey : http://kh39.61why.com/app/index.php?i=2&c=entry&eid=194 ;
menuid : 410600728 ;
from : oKwkYw0UoBE-PqMFMk-aY5fF_9lk ;
to : gh_6536061e4435 ;
time : 1494772230 ;
type : event ;

2017-05-14 22:30:30 params :
------------
Array:
rule : -2 ;
module :  ;
message : Array ;

2017-05-14 22:30:30 response :
------------

2017-05-14 22:40:38 trace :
------------
Array:
tousername : gh_6536061e4435 ;
fromusername : oKwkYw7UVKNHg19MzY9HddqyJMKU ;
createtime : 1494772838 ;
msgtype : event ;
event : VIEW ;
eventkey : http://kh39.61why.com/app/index.php?i=2&c=entry&eid=194 ;
menuid : 410600728 ;
from : oKwkYw7UVKNHg19MzY9HddqyJMKU ;
to : gh_6536061e4435 ;
time : 1494772838 ;
type : event ;

2017-05-14 22:40:38 params :
------------
Array:
rule : -2 ;
module :  ;
message : Array ;

2017-05-14 22:40:38 response :
------------

2017-05-14 23:02:25 trace :
------------
Array:
tousername : gh_6536061e4435 ;
fromusername : oKwkYw6frELmT3QSZazdn93iEjVA ;
createtime : 1494774145 ;
msgtype : event ;
event : VIEW ;
eventkey : http://kh39.61why.com/app/index.php?i=2&c=entry&eid=198 ;
menuid : 410600728 ;
from : oKwkYw6frELmT3QSZazdn93iEjVA ;
to : gh_6536061e4435 ;
time : 1494774145 ;
type : event ;

2017-05-14 23:02:25 params :
------------
Array:
rule : -2 ;
module :  ;
message : Array ;

2017-05-14 23:02:25 response :
------------

2017-05-14 23:50:58 trace :
------------
Array:
tousername : gh_0ad70057b777 ;
fromusername : o26ibjmZZ6dnknk2a0Z7Fh4PVU1Q ;
createtime : 1494777057 ;
msgtype : event ;
event : subscribe ;
eventkey : Array ;
from : o26ibjmZZ6dnknk2a0Z7Fh4PVU1Q ;
to : gh_0ad70057b777 ;
time : 1494777057 ;
type : subscribe ;

2017-05-14 23:50:58 params :
------------
Array:
rule : -2 ;
module :  ;
message : Array ;

2017-05-14 23:50:58 response :
------------

2017-05-14 23:51:03 trace :
------------
Array:
tousername : gh_0ad70057b777 ;
fromusername : o26ibjmZZ6dnknk2a0Z7Fh4PVU1Q ;
createtime : 1494777063 ;
msgtype : event ;
event : VIEW ;
eventkey : http://kh39.61why.com/app/index.php?i=2&c=entry&eid=194 ;
menuid : 411738532 ;
from : o26ibjmZZ6dnknk2a0Z7Fh4PVU1Q ;
to : gh_0ad70057b777 ;
time : 1494777063 ;
type : event ;

2017-05-14 23:51:03 params :
------------
Array:
rule : -2 ;
module :  ;
message : Array ;

2017-05-14 23:51:03 response :
------------

2017-05-14 23:59:49 trace :
------------
Array:
tousername : gh_6536061e4435 ;
fromusername : oKwkYwxdGazpUQLKnjr_HrnPicQo ;
createtime : 1494777589 ;
msgtype : event ;
event : VIEW ;
eventkey : http://kh39.61why.com/app/index.php?i=2&c=entry&eid=198 ;
menuid : 410600728 ;
from : oKwkYwxdGazpUQLKnjr_HrnPicQo ;
to : gh_6536061e4435 ;
time : 1494777589 ;
type : event ;

2017-05-14 23:59:49 params :
------------
Array:
rule : -2 ;
module :  ;
message : Array ;

2017-05-14 23:59:49 response :
------------

