2017-04-07 00:17:55 trace :
------------
Array:
tousername : gh_6536061e4435 ;
fromusername : oKwkYwxdGazpUQLKnjr_HrnPicQo ;
createtime : 1491495475 ;
msgtype : event ;
event : VIEW ;
eventkey : http://kh39.61why.com/app/index.php?i=2&c=entry&eid=198 ;
menuid : 410600728 ;
from : oKwkYwxdGazpUQLKnjr_HrnPicQo ;
to : gh_6536061e4435 ;
time : 1491495475 ;
type : event ;

2017-04-07 00:17:55 params :
------------
Array:
rule : -2 ;
module :  ;
message : Array ;

2017-04-07 00:17:55 response :
------------

2017-04-07 00:25:33 trace :
------------
Array:
tousername : gh_6536061e4435 ;
fromusername : oKwkYw8r3U3uOMpEv8cvT0jhn6Wg ;
createtime : 1491495932 ;
msgtype : event ;
event : subscribe ;
eventkey : Array ;
from : oKwkYw8r3U3uOMpEv8cvT0jhn6Wg ;
to : gh_6536061e4435 ;
time : 1491495932 ;
type : subscribe ;

2017-04-07 00:25:33 params :
------------
Array:
rule : -2 ;
module :  ;
message : Array ;

2017-04-07 00:25:33 response :
------------

2017-04-07 00:25:50 trace :
------------
Array:
tousername : gh_6536061e4435 ;
fromusername : oKwkYw8r3U3uOMpEv8cvT0jhn6Wg ;
createtime : 1491495950 ;
msgtype : event ;
event : VIEW ;
eventkey : http://kh39.61why.com/app/index.php?i=2&c=entry&eid=194 ;
menuid : 410600728 ;
from : oKwkYw8r3U3uOMpEv8cvT0jhn6Wg ;
to : gh_6536061e4435 ;
time : 1491495950 ;
type : event ;

2017-04-07 00:25:50 params :
------------
Array:
rule : -2 ;
module :  ;
message : Array ;

2017-04-07 00:25:50 response :
------------

2017-04-07 00:40:56 trace :
------------
Array:
tousername : gh_6536061e4435 ;
fromusername : oKwkYw8CfU_uKtVjjgbRPAb2bamo ;
createtime : 1491496856 ;
msgtype : event ;
event : VIEW ;
eventkey : http://kh39.61why.com/app/index.php?i=2&c=entry&eid=194 ;
menuid : 410600728 ;
from : oKwkYw8CfU_uKtVjjgbRPAb2bamo ;
to : gh_6536061e4435 ;
time : 1491496856 ;
type : event ;

2017-04-07 00:40:56 params :
------------
Array:
rule : -2 ;
module :  ;
message : Array ;

2017-04-07 00:40:56 response :
------------

2017-04-07 00:44:21 trace :
------------
Array:
tousername : gh_6536061e4435 ;
fromusername : oKwkYw8CfU_uKtVjjgbRPAb2bamo ;
createtime : 1491497061 ;
msgtype : event ;
event : VIEW ;
eventkey : http://kh39.61why.com/app/index.php?i=2&c=entry&eid=198 ;
menuid : 410600728 ;
from : oKwkYw8CfU_uKtVjjgbRPAb2bamo ;
to : gh_6536061e4435 ;
time : 1491497061 ;
type : event ;

2017-04-07 00:44:21 params :
------------
Array:
rule : -2 ;
module :  ;
message : Array ;

2017-04-07 00:44:21 response :
------------

2017-04-07 00:45:18 trace :
------------
Array:
tousername : gh_6536061e4435 ;
fromusername : oKwkYwwyE0inF2iTlc0v8LAu99yU ;
createtime : 1491497118 ;
msgtype : event ;
event : VIEW ;
eventkey : http://kh39.61why.com/app/index.php?i=2&c=entry&eid=194 ;
menuid : 410600728 ;
from : oKwkYwwyE0inF2iTlc0v8LAu99yU ;
to : gh_6536061e4435 ;
time : 1491497118 ;
type : event ;

2017-04-07 00:45:18 params :
------------
Array:
rule : -2 ;
module :  ;
message : Array ;

2017-04-07 00:45:18 response :
------------

2017-04-07 00:48:39 trace :
------------
Array:
tousername : gh_6536061e4435 ;
fromusername : oKwkYwwyE0inF2iTlc0v8LAu99yU ;
createtime : 1491497319 ;
msgtype : event ;
event : VIEW ;
eventkey : http://kh39.61why.com/app/index.php?i=2&c=entry&eid=194 ;
menuid : 410600728 ;
from : oKwkYwwyE0inF2iTlc0v8LAu99yU ;
to : gh_6536061e4435 ;
time : 1491497319 ;
type : event ;

2017-04-07 00:48:39 params :
------------
Array:
rule : -2 ;
module :  ;
message : Array ;

2017-04-07 00:48:39 response :
------------

2017-04-07 00:58:26 trace :
------------
Array:
tousername : gh_6536061e4435 ;
fromusername : oKwkYw8yYgMnhlAcnzbfhZKlV2D4 ;
createtime : 1491497906 ;
msgtype : event ;
event : VIEW ;
eventkey : http://kh39.61why.com/app/index.php?i=2&c=entry&eid=194 ;
menuid : 410600728 ;
from : oKwkYw8yYgMnhlAcnzbfhZKlV2D4 ;
to : gh_6536061e4435 ;
time : 1491497906 ;
type : event ;

2017-04-07 00:58:26 params :
------------
Array:
rule : -2 ;
module :  ;
message : Array ;

2017-04-07 00:58:26 response :
------------

2017-04-07 01:07:19 trace :
------------
Array:
tousername : gh_0ad70057b777 ;
fromusername : o26ibjuK1E7oIK8KHNgFgOlCjg3k ;
createtime : 1491498439 ;
msgtype : event ;
event : VIEW ;
eventkey : http://kh39.61why.com/app/index.php?i=2&c=entry&eid=194 ;
menuid : 411738532 ;
from : o26ibjuK1E7oIK8KHNgFgOlCjg3k ;
to : gh_0ad70057b777 ;
time : 1491498439 ;
type : event ;

2017-04-07 01:07:19 params :
------------
Array:
rule : -2 ;
module :  ;
message : Array ;

2017-04-07 01:07:19 response :
------------

2017-04-07 03:40:41 trace :
------------
Array:
tousername : gh_6536061e4435 ;
fromusername : oKwkYw_imcO7cqrgletDysQnULwk ;
createtime : 1491507640 ;
msgtype : event ;
event : VIEW ;
eventkey : http://kh39.61why.com/app/index.php?i=2&c=entry&eid=194 ;
menuid : 410600728 ;
from : oKwkYw_imcO7cqrgletDysQnULwk ;
to : gh_6536061e4435 ;
time : 1491507640 ;
type : event ;

2017-04-07 03:40:41 params :
------------
Array:
rule : -2 ;
module :  ;
message : Array ;

2017-04-07 03:40:41 response :
------------

2017-04-07 03:41:53 trace :
------------
Array:
tousername : gh_6536061e4435 ;
fromusername : oKwkYw_imcO7cqrgletDysQnULwk ;
createtime : 1491507713 ;
msgtype : event ;
event : VIEW ;
eventkey : http://kh39.61why.com/app/index.php?i=2&c=entry&eid=198 ;
menuid : 410600728 ;
from : oKwkYw_imcO7cqrgletDysQnULwk ;
to : gh_6536061e4435 ;
time : 1491507713 ;
type : event ;

2017-04-07 03:41:53 params :
------------
Array:
rule : -2 ;
module :  ;
message : Array ;

2017-04-07 03:41:53 response :
------------

2017-04-07 07:33:47 trace :
------------
Array:
tousername : gh_6536061e4435 ;
fromusername : oKwkYw20Ts1Ug19-qVDWAtHmyqio ;
createtime : 1491521627 ;
msgtype : event ;
event : VIEW ;
eventkey : http://kh39.61why.com/app/index.php?i=2&c=entry&eid=194 ;
menuid : 410600728 ;
from : oKwkYw20Ts1Ug19-qVDWAtHmyqio ;
to : gh_6536061e4435 ;
time : 1491521627 ;
type : event ;

2017-04-07 07:33:47 params :
------------
Array:
rule : -2 ;
module :  ;
message : Array ;

2017-04-07 07:33:47 response :
------------

2017-04-07 07:35:44 trace :
------------
Array:
tousername : gh_6536061e4435 ;
fromusername : oKwkYw20Ts1Ug19-qVDWAtHmyqio ;
createtime : 1491521744 ;
msgtype : event ;
event : VIEW ;
eventkey : http://kh39.61why.com/app/index.php?i=2&c=entry&eid=198 ;
menuid : 410600728 ;
from : oKwkYw20Ts1Ug19-qVDWAtHmyqio ;
to : gh_6536061e4435 ;
time : 1491521744 ;
type : event ;

2017-04-07 07:35:44 params :
------------
Array:
rule : -2 ;
module :  ;
message : Array ;

2017-04-07 07:35:44 response :
------------

2017-04-07 07:53:33 trace :
------------
Array:
tousername : gh_6536061e4435 ;
fromusername : oKwkYw6l6aevmN_8V31rnxoeHDgs ;
createtime : 1491522813 ;
msgtype : event ;
event : VIEW ;
eventkey : http://kh39.61why.com/app/index.php?i=2&c=entry&eid=198 ;
menuid : 410600728 ;
from : oKwkYw6l6aevmN_8V31rnxoeHDgs ;
to : gh_6536061e4435 ;
time : 1491522813 ;
type : event ;

2017-04-07 07:53:33 params :
------------
Array:
rule : -2 ;
module :  ;
message : Array ;

2017-04-07 07:53:33 response :
------------

2017-04-07 08:48:02 trace :
------------
Array:
tousername : gh_6536061e4435 ;
fromusername : oKwkYw1KQ5ff5BZ0dgvipwLgZRns ;
createtime : 1491526081 ;
msgtype : event ;
event : VIEW ;
eventkey : http://kh39.61why.com/app/index.php?i=2&c=entry&eid=198 ;
menuid : 410600728 ;
from : oKwkYw1KQ5ff5BZ0dgvipwLgZRns ;
to : gh_6536061e4435 ;
time : 1491526081 ;
type : event ;

2017-04-07 08:48:02 params :
------------
Array:
rule : -2 ;
module :  ;
message : Array ;

2017-04-07 08:48:02 response :
------------

2017-04-07 10:02:52 trace :
------------
Array:
tousername : gh_6536061e4435 ;
fromusername : oKwkYw5hiet9aIoMvpfdt0UcJyzc ;
createtime : 1491530571 ;
msgtype : event ;
event : VIEW ;
eventkey : http://kh39.61why.com/app/index.php?i=2&c=entry&eid=198 ;
menuid : 410600728 ;
from : oKwkYw5hiet9aIoMvpfdt0UcJyzc ;
to : gh_6536061e4435 ;
time : 1491530571 ;
type : event ;

2017-04-07 10:02:52 params :
------------
Array:
rule : -2 ;
module :  ;
message : Array ;

2017-04-07 10:02:52 response :
------------

2017-04-07 10:40:18 trace :
------------
Array:
tousername : gh_6536061e4435 ;
fromusername : oKwkYw3l0eGz3H7e62pX1IDFxwCY ;
createtime : 1491532818 ;
msgtype : event ;
event : VIEW ;
eventkey : http://kh39.61why.com/app/index.php?i=2&c=entry&eid=198 ;
menuid : 410600728 ;
from : oKwkYw3l0eGz3H7e62pX1IDFxwCY ;
to : gh_6536061e4435 ;
time : 1491532818 ;
type : event ;

2017-04-07 10:40:18 params :
------------
Array:
rule : -2 ;
module :  ;
message : Array ;

2017-04-07 10:40:18 response :
------------

2017-04-07 11:03:22 trace :
------------
Array:
tousername : gh_6536061e4435 ;
fromusername : oKwkYwz26xVNskFhWIkzAGbnllpM ;
createtime : 1491534202 ;
msgtype : event ;
event : VIEW ;
eventkey : http://kh39.61why.com/app/index.php?i=2&c=entry&eid=194 ;
menuid : 410600728 ;
from : oKwkYwz26xVNskFhWIkzAGbnllpM ;
to : gh_6536061e4435 ;
time : 1491534202 ;
type : event ;

2017-04-07 11:03:22 params :
------------
Array:
rule : -2 ;
module :  ;
message : Array ;

2017-04-07 11:03:22 response :
------------

2017-04-07 11:21:52 trace :
------------
Array:
tousername : gh_6536061e4435 ;
fromusername : oKwkYw_J9RB_cOVK9fQ1pD5O99Eo ;
createtime : 1491535312 ;
msgtype : event ;
event : VIEW ;
eventkey : http://kh39.61why.com/app/index.php?i=2&c=entry&eid=198 ;
menuid : 410600728 ;
from : oKwkYw_J9RB_cOVK9fQ1pD5O99Eo ;
to : gh_6536061e4435 ;
time : 1491535312 ;
type : event ;

2017-04-07 11:21:53 params :
------------
Array:
rule : -2 ;
module :  ;
message : Array ;

2017-04-07 11:21:53 response :
------------

2017-04-07 11:24:21 trace :
------------
Array:
tousername : gh_6536061e4435 ;
fromusername : oKwkYw_J9RB_cOVK9fQ1pD5O99Eo ;
createtime : 1491535461 ;
msgtype : event ;
event : VIEW ;
eventkey : http://kh39.61why.com/app/index.php?i=2&c=entry&eid=198 ;
menuid : 410600728 ;
from : oKwkYw_J9RB_cOVK9fQ1pD5O99Eo ;
to : gh_6536061e4435 ;
time : 1491535461 ;
type : event ;

2017-04-07 11:24:21 params :
------------
Array:
rule : -2 ;
module :  ;
message : Array ;

2017-04-07 11:24:21 response :
------------

2017-04-07 11:28:13 trace :
------------
Array:
tousername : gh_6536061e4435 ;
fromusername : oKwkYw_J9RB_cOVK9fQ1pD5O99Eo ;
createtime : 1491535693 ;
msgtype : event ;
event : VIEW ;
eventkey : http://kh39.61why.com/app/index.php?i=2&c=entry&eid=198 ;
menuid : 410600728 ;
from : oKwkYw_J9RB_cOVK9fQ1pD5O99Eo ;
to : gh_6536061e4435 ;
time : 1491535693 ;
type : event ;

2017-04-07 11:28:13 params :
------------
Array:
rule : -2 ;
module :  ;
message : Array ;

2017-04-07 11:28:13 response :
------------

2017-04-07 11:28:58 trace :
------------
Array:
tousername : gh_6536061e4435 ;
fromusername : oKwkYw_J9RB_cOVK9fQ1pD5O99Eo ;
createtime : 1491535738 ;
msgtype : event ;
event : VIEW ;
eventkey : http://kh39.61why.com/app/index.php?i=2&c=entry&eid=198 ;
menuid : 410600728 ;
from : oKwkYw_J9RB_cOVK9fQ1pD5O99Eo ;
to : gh_6536061e4435 ;
time : 1491535738 ;
type : event ;

2017-04-07 11:28:58 params :
------------
Array:
rule : -2 ;
module :  ;
message : Array ;

2017-04-07 11:28:58 response :
------------

2017-04-07 11:30:05 trace :
------------
Array:
tousername : gh_6536061e4435 ;
fromusername : oKwkYw_J9RB_cOVK9fQ1pD5O99Eo ;
createtime : 1491535805 ;
msgtype : event ;
event : VIEW ;
eventkey : http://kh39.61why.com/app/index.php?i=2&c=entry&eid=198 ;
menuid : 410600728 ;
from : oKwkYw_J9RB_cOVK9fQ1pD5O99Eo ;
to : gh_6536061e4435 ;
time : 1491535805 ;
type : event ;

2017-04-07 11:30:05 params :
------------
Array:
rule : -2 ;
module :  ;
message : Array ;

2017-04-07 11:30:05 response :
------------

2017-04-07 11:32:54 trace :
------------
Array:
tousername : gh_6536061e4435 ;
fromusername : oKwkYw9A27iCE2wbx5IXncAJ21Sw ;
createtime : 1491535974 ;
msgtype : event ;
event : VIEW ;
eventkey : http://kh39.61why.com/app/index.php?i=2&c=entry&eid=198 ;
menuid : 410600728 ;
from : oKwkYw9A27iCE2wbx5IXncAJ21Sw ;
to : gh_6536061e4435 ;
time : 1491535974 ;
type : event ;

2017-04-07 11:32:54 params :
------------
Array:
rule : -2 ;
module :  ;
message : Array ;

2017-04-07 11:32:54 response :
------------

2017-04-07 11:53:09 trace :
------------
Array:
tousername : gh_6536061e4435 ;
fromusername : oKwkYw9A27iCE2wbx5IXncAJ21Sw ;
createtime : 1491537189 ;
msgtype : event ;
event : VIEW ;
eventkey : http://kh39.61why.com/app/index.php?i=2&c=entry&eid=198 ;
menuid : 410600728 ;
from : oKwkYw9A27iCE2wbx5IXncAJ21Sw ;
to : gh_6536061e4435 ;
time : 1491537189 ;
type : event ;

2017-04-07 11:53:09 params :
------------
Array:
rule : -2 ;
module :  ;
message : Array ;

2017-04-07 11:53:09 response :
------------

2017-04-07 12:05:52 trace :
------------
Array:
tousername : gh_6536061e4435 ;
fromusername : oKwkYw5aHcyjux9ql6D7O9WEBmx4 ;
createtime : 1491537952 ;
msgtype : event ;
event : VIEW ;
eventkey : http://kh39.61why.com/app/index.php?i=2&c=entry&eid=198 ;
menuid : 410600728 ;
from : oKwkYw5aHcyjux9ql6D7O9WEBmx4 ;
to : gh_6536061e4435 ;
time : 1491537952 ;
type : event ;

2017-04-07 12:05:52 params :
------------
Array:
rule : -2 ;
module :  ;
message : Array ;

2017-04-07 12:05:52 response :
------------

2017-04-07 12:31:23 trace :
------------
Array:
tousername : gh_6536061e4435 ;
fromusername : oKwkYw5hiet9aIoMvpfdt0UcJyzc ;
createtime : 1491539482 ;
msgtype : event ;
event : VIEW ;
eventkey : http://kh39.61why.com/app/index.php?i=2&c=entry&eid=198 ;
menuid : 410600728 ;
from : oKwkYw5hiet9aIoMvpfdt0UcJyzc ;
to : gh_6536061e4435 ;
time : 1491539482 ;
type : event ;

2017-04-07 12:31:23 params :
------------
Array:
rule : -2 ;
module :  ;
message : Array ;

2017-04-07 12:31:23 response :
------------

2017-04-07 13:08:58 trace :
------------
Array:
tousername : gh_6536061e4435 ;
fromusername : oKwkYw5f46Pkf9P95gd2qxMFgsZ0 ;
createtime : 1491541738 ;
msgtype : event ;
event : CLICK ;
eventkey : 二维码 ;
from : oKwkYw5f46Pkf9P95gd2qxMFgsZ0 ;
to : gh_6536061e4435 ;
time : 1491541738 ;
type : event ;

2017-04-07 13:30:28 trace :
------------
Array:
tousername : gh_6536061e4435 ;
fromusername : oKwkYw3l0eGz3H7e62pX1IDFxwCY ;
createtime : 1491543027 ;
msgtype : event ;
event : VIEW ;
eventkey : http://kh39.61why.com/app/index.php?i=2&c=entry&eid=194 ;
menuid : 410600728 ;
from : oKwkYw3l0eGz3H7e62pX1IDFxwCY ;
to : gh_6536061e4435 ;
time : 1491543027 ;
type : event ;

2017-04-07 13:30:28 params :
------------
Array:
rule : -2 ;
module :  ;
message : Array ;

2017-04-07 13:30:28 response :
------------

2017-04-07 13:31:35 trace :
------------
Array:
tousername : gh_6536061e4435 ;
fromusername : oKwkYw8yYgMnhlAcnzbfhZKlV2D4 ;
createtime : 1491543094 ;
msgtype : event ;
event : VIEW ;
eventkey : http://kh39.61why.com/app/index.php?i=2&c=entry&eid=194 ;
menuid : 410600728 ;
from : oKwkYw8yYgMnhlAcnzbfhZKlV2D4 ;
to : gh_6536061e4435 ;
time : 1491543094 ;
type : event ;

2017-04-07 13:31:35 params :
------------
Array:
rule : -2 ;
module :  ;
message : Array ;

2017-04-07 13:31:35 response :
------------

2017-04-07 13:32:37 trace :
------------
Array:
tousername : gh_6536061e4435 ;
fromusername : oKwkYw8yYgMnhlAcnzbfhZKlV2D4 ;
createtime : 1491543157 ;
msgtype : event ;
event : VIEW ;
eventkey : http://kh39.61why.com/app/index.php?i=2&c=entry&eid=194 ;
menuid : 410600728 ;
from : oKwkYw8yYgMnhlAcnzbfhZKlV2D4 ;
to : gh_6536061e4435 ;
time : 1491543157 ;
type : event ;

2017-04-07 13:32:37 params :
------------
Array:
rule : -2 ;
module :  ;
message : Array ;

2017-04-07 13:32:37 response :
------------

2017-04-07 13:34:45 trace :
------------
Array:
tousername : gh_6536061e4435 ;
fromusername : oKwkYw7zQDt7wylcv67-8g3v3WYw ;
createtime : 1491543285 ;
msgtype : event ;
event : VIEW ;
eventkey : http://kh39.61why.com/app/index.php?i=2&c=entry&eid=194 ;
menuid : 410600728 ;
from : oKwkYw7zQDt7wylcv67-8g3v3WYw ;
to : gh_6536061e4435 ;
time : 1491543285 ;
type : event ;

2017-04-07 13:34:45 params :
------------
Array:
rule : -2 ;
module :  ;
message : Array ;

2017-04-07 13:34:45 response :
------------

2017-04-07 13:49:06 trace :
------------
Array:
tousername : gh_6536061e4435 ;
fromusername : oKwkYw97SycRqJh8SCZB46dpZqUs ;
createtime : 1491544146 ;
msgtype : event ;
event : subscribe ;
eventkey : qrscene_f95f10c42c72e64f510cf695af230ced ;
ticket : gQGu8TwAAAAAAAAAAS5odHRwOi8vd2VpeGluLnFxLmNvbS9xLzAyOFRGUTFBSDljbzMxMDAwMDAwN3AAAgSOFG5YAwQAAAAA ;
from : oKwkYw97SycRqJh8SCZB46dpZqUs ;
to : gh_6536061e4435 ;
time : 1491544146 ;
type : subscribe ;
scene : f95f10c42c72e64f510cf695af230ced ;

2017-04-07 13:49:14 trace :
------------
Array:
tousername : gh_6536061e4435 ;
fromusername : oKwkYw3l0eGz3H7e62pX1IDFxwCY ;
createtime : 1491544153 ;
msgtype : event ;
event : VIEW ;
eventkey : http://kh39.61why.com/app/index.php?i=2&c=entry&eid=198 ;
menuid : 410600728 ;
from : oKwkYw3l0eGz3H7e62pX1IDFxwCY ;
to : gh_6536061e4435 ;
time : 1491544153 ;
type : event ;

2017-04-07 13:49:14 params :
------------
Array:
rule : -2 ;
module :  ;
message : Array ;

2017-04-07 13:49:14 response :
------------

2017-04-07 13:49:15 trace :
------------
Array:
tousername : gh_6536061e4435 ;
fromusername : oKwkYw97SycRqJh8SCZB46dpZqUs ;
createtime : 1491544154 ;
msgtype : event ;
event : VIEW ;
eventkey : http://kh39.61why.com/app/index.php?i=2&c=entry&eid=194 ;
menuid : 410600728 ;
from : oKwkYw97SycRqJh8SCZB46dpZqUs ;
to : gh_6536061e4435 ;
time : 1491544154 ;
type : event ;

2017-04-07 13:49:15 params :
------------
Array:
rule : -2 ;
module :  ;
message : Array ;

2017-04-07 13:49:15 response :
------------

2017-04-07 14:05:54 trace :
------------
Array:
tousername : gh_6536061e4435 ;
fromusername : oKwkYw97SycRqJh8SCZB46dpZqUs ;
createtime : 1491545154 ;
msgtype : event ;
event : VIEW ;
eventkey : http://kh39.61why.com/app/index.php?i=2&c=entry&eid=194 ;
menuid : 410600728 ;
from : oKwkYw97SycRqJh8SCZB46dpZqUs ;
to : gh_6536061e4435 ;
time : 1491545154 ;
type : event ;

2017-04-07 14:05:54 params :
------------
Array:
rule : -2 ;
module :  ;
message : Array ;

2017-04-07 14:05:54 response :
------------

2017-04-07 14:09:26 trace :
------------
Array:
tousername : gh_6536061e4435 ;
fromusername : oKwkYw9_pX0ROBcvlIsPDA4-rbRA ;
createtime : 1491545366 ;
msgtype : event ;
event : SCAN ;
eventkey : 8b56176c32187399cf82a8c8088fbc9b ;
ticket : gQHq8DwAAAAAAAAAAS5odHRwOi8vd2VpeGluLnFxLmNvbS9xLzAyYm5yYjBiSDljbzMxMDAwMGcwN1cAAgQ2Es1YAwQAAAAA ;
from : oKwkYw9_pX0ROBcvlIsPDA4-rbRA ;
to : gh_6536061e4435 ;
time : 1491545366 ;
type : subscribe ;
scene : 8b56176c32187399cf82a8c8088fbc9b ;

2017-04-07 14:09:34 trace :
------------
Array:
tousername : gh_6536061e4435 ;
fromusername : oKwkYw9_pX0ROBcvlIsPDA4-rbRA ;
createtime : 1491545374 ;
msgtype : event ;
event : VIEW ;
eventkey : http://kh39.61why.com/app/index.php?i=2&c=entry&eid=194 ;
menuid : 410600728 ;
from : oKwkYw9_pX0ROBcvlIsPDA4-rbRA ;
to : gh_6536061e4435 ;
time : 1491545374 ;
type : event ;

2017-04-07 14:09:34 params :
------------
Array:
rule : -2 ;
module :  ;
message : Array ;

2017-04-07 14:09:34 response :
------------

2017-04-07 14:11:17 trace :
------------
Array:
tousername : gh_6536061e4435 ;
fromusername : oKwkYw9_pX0ROBcvlIsPDA4-rbRA ;
createtime : 1491545477 ;
msgtype : event ;
event : VIEW ;
eventkey : http://kh39.61why.com/app/index.php?i=2&c=entry&eid=198 ;
menuid : 410600728 ;
from : oKwkYw9_pX0ROBcvlIsPDA4-rbRA ;
to : gh_6536061e4435 ;
time : 1491545477 ;
type : event ;

2017-04-07 14:11:17 params :
------------
Array:
rule : -2 ;
module :  ;
message : Array ;

2017-04-07 14:11:17 response :
------------

2017-04-07 14:42:13 trace :
------------
Array:
tousername : gh_6536061e4435 ;
fromusername : oKwkYwxdGazpUQLKnjr_HrnPicQo ;
createtime : 1491547333 ;
msgtype : event ;
event : VIEW ;
eventkey : http://kh39.61why.com/app/index.php?i=2&c=entry&eid=198 ;
menuid : 410600728 ;
from : oKwkYwxdGazpUQLKnjr_HrnPicQo ;
to : gh_6536061e4435 ;
time : 1491547333 ;
type : event ;

2017-04-07 14:42:13 params :
------------
Array:
rule : -2 ;
module :  ;
message : Array ;

2017-04-07 14:42:13 response :
------------

2017-04-07 14:45:57 trace :
------------
Array:
tousername : gh_6536061e4435 ;
fromusername : oKwkYw97SycRqJh8SCZB46dpZqUs ;
createtime : 1491547557 ;
msgtype : event ;
event : VIEW ;
eventkey : http://kh39.61why.com/app/index.php?i=2&c=entry&eid=194 ;
menuid : 410600728 ;
from : oKwkYw97SycRqJh8SCZB46dpZqUs ;
to : gh_6536061e4435 ;
time : 1491547557 ;
type : event ;

2017-04-07 14:45:57 params :
------------
Array:
rule : -2 ;
module :  ;
message : Array ;

2017-04-07 14:45:57 response :
------------

2017-04-07 14:54:45 trace :
------------
Array:
tousername : gh_6536061e4435 ;
fromusername : oKwkYw6QPYo7OccTCbuG50bYRd8o ;
createtime : 1491548085 ;
msgtype : event ;
event : VIEW ;
eventkey : http://kh39.61why.com/app/index.php?i=2&c=entry&eid=194 ;
menuid : 410600728 ;
from : oKwkYw6QPYo7OccTCbuG50bYRd8o ;
to : gh_6536061e4435 ;
time : 1491548085 ;
type : event ;

2017-04-07 14:54:45 params :
------------
Array:
rule : -2 ;
module :  ;
message : Array ;

2017-04-07 14:54:45 response :
------------

2017-04-07 14:57:42 trace :
------------
Array:
tousername : gh_6536061e4435 ;
fromusername : oKwkYw6QPYo7OccTCbuG50bYRd8o ;
createtime : 1491548262 ;
msgtype : event ;
event : VIEW ;
eventkey : http://kh39.61why.com/app/index.php?i=2&c=entry&eid=194 ;
menuid : 410600728 ;
from : oKwkYw6QPYo7OccTCbuG50bYRd8o ;
to : gh_6536061e4435 ;
time : 1491548262 ;
type : event ;

2017-04-07 14:57:42 params :
------------
Array:
rule : -2 ;
module :  ;
message : Array ;

2017-04-07 14:57:42 response :
------------

2017-04-07 14:58:47 trace :
------------
Array:
tousername : gh_6536061e4435 ;
fromusername : oKwkYw6QPYo7OccTCbuG50bYRd8o ;
createtime : 1491548327 ;
msgtype : event ;
event : VIEW ;
eventkey : http://kh39.61why.com/app/index.php?i=2&c=entry&eid=194 ;
menuid : 410600728 ;
from : oKwkYw6QPYo7OccTCbuG50bYRd8o ;
to : gh_6536061e4435 ;
time : 1491548327 ;
type : event ;

2017-04-07 14:58:47 params :
------------
Array:
rule : -2 ;
module :  ;
message : Array ;

2017-04-07 14:58:47 response :
------------

2017-04-07 14:58:51 trace :
------------
Array:
tousername : gh_6536061e4435 ;
fromusername : oKwkYw6QPYo7OccTCbuG50bYRd8o ;
createtime : 1491548331 ;
msgtype : event ;
event : CLICK ;
eventkey : 二维码 ;
from : oKwkYw6QPYo7OccTCbuG50bYRd8o ;
to : gh_6536061e4435 ;
time : 1491548331 ;
type : event ;

2017-04-07 14:58:53 trace :
------------
Array:
tousername : gh_6536061e4435 ;
fromusername : oKwkYw6QPYo7OccTCbuG50bYRd8o ;
createtime : 1491548333 ;
msgtype : event ;
event : VIEW ;
eventkey : http://kh39.61why.com/app/index.php?i=2&c=entry&eid=194 ;
menuid : 410600728 ;
from : oKwkYw6QPYo7OccTCbuG50bYRd8o ;
to : gh_6536061e4435 ;
time : 1491548333 ;
type : event ;

2017-04-07 14:58:53 params :
------------
Array:
rule : -2 ;
module :  ;
message : Array ;

2017-04-07 14:58:53 response :
------------

2017-04-07 15:03:16 trace :
------------
Array:
tousername : gh_6536061e4435 ;
fromusername : oKwkYw5hiet9aIoMvpfdt0UcJyzc ;
createtime : 1491548596 ;
msgtype : event ;
event : VIEW ;
eventkey : http://kh39.61why.com/app/index.php?i=2&c=entry&eid=198 ;
menuid : 410600728 ;
from : oKwkYw5hiet9aIoMvpfdt0UcJyzc ;
to : gh_6536061e4435 ;
time : 1491548596 ;
type : event ;

2017-04-07 15:03:16 params :
------------
Array:
rule : -2 ;
module :  ;
message : Array ;

2017-04-07 15:03:16 response :
------------

2017-04-07 15:12:07 trace :
------------
Array:
tousername : gh_6536061e4435 ;
fromusername : oKwkYw_xZ14UQdvrJFuiI5E87n8w ;
createtime : 1491549127 ;
msgtype : event ;
event : VIEW ;
eventkey : http://kh39.61why.com/app/index.php?i=2&c=entry&eid=198 ;
menuid : 410600728 ;
from : oKwkYw_xZ14UQdvrJFuiI5E87n8w ;
to : gh_6536061e4435 ;
time : 1491549127 ;
type : event ;

2017-04-07 15:12:07 params :
------------
Array:
rule : -2 ;
module :  ;
message : Array ;

2017-04-07 15:12:07 response :
------------

2017-04-07 15:14:05 trace :
------------
Array:
tousername : gh_6536061e4435 ;
fromusername : oKwkYw5hiet9aIoMvpfdt0UcJyzc ;
createtime : 1491549245 ;
msgtype : event ;
event : VIEW ;
eventkey : http://kh39.61why.com/app/index.php?i=2&c=entry&eid=198 ;
menuid : 410600728 ;
from : oKwkYw5hiet9aIoMvpfdt0UcJyzc ;
to : gh_6536061e4435 ;
time : 1491549245 ;
type : event ;

2017-04-07 15:14:05 params :
------------
Array:
rule : -2 ;
module :  ;
message : Array ;

2017-04-07 15:14:05 response :
------------

2017-04-07 15:19:19 trace :
------------
Array:
tousername : gh_6536061e4435 ;
fromusername : oKwkYw6QPYo7OccTCbuG50bYRd8o ;
createtime : 1491549559 ;
msgtype : event ;
event : VIEW ;
eventkey : http://kh39.61why.com/app/index.php?i=2&c=entry&eid=198 ;
menuid : 410600728 ;
from : oKwkYw6QPYo7OccTCbuG50bYRd8o ;
to : gh_6536061e4435 ;
time : 1491549559 ;
type : event ;

2017-04-07 15:19:19 params :
------------
Array:
rule : -2 ;
module :  ;
message : Array ;

2017-04-07 15:19:19 response :
------------

2017-04-07 15:27:42 trace :
------------
Array:
tousername : gh_6536061e4435 ;
fromusername : oKwkYw5hiet9aIoMvpfdt0UcJyzc ;
createtime : 1491550062 ;
msgtype : event ;
event : VIEW ;
eventkey : http://kh39.61why.com/app/index.php?i=2&c=entry&eid=198 ;
menuid : 410600728 ;
from : oKwkYw5hiet9aIoMvpfdt0UcJyzc ;
to : gh_6536061e4435 ;
time : 1491550062 ;
type : event ;

2017-04-07 15:27:42 params :
------------
Array:
rule : -2 ;
module :  ;
message : Array ;

2017-04-07 15:27:42 response :
------------

2017-04-07 15:38:12 trace :
------------
Array:
tousername : gh_6536061e4435 ;
fromusername : oKwkYw5hiet9aIoMvpfdt0UcJyzc ;
createtime : 1491550692 ;
msgtype : event ;
event : VIEW ;
eventkey : http://kh39.61why.com/app/index.php?i=2&c=entry&eid=198 ;
menuid : 410600728 ;
from : oKwkYw5hiet9aIoMvpfdt0UcJyzc ;
to : gh_6536061e4435 ;
time : 1491550692 ;
type : event ;

2017-04-07 15:38:12 params :
------------
Array:
rule : -2 ;
module :  ;
message : Array ;

2017-04-07 15:38:12 response :
------------

2017-04-07 15:38:27 trace :
------------
Array:
tousername : gh_6536061e4435 ;
fromusername : oKwkYw_czhGJMhzRk-PvvkgFyKMI ;
createtime : 1491550707 ;
msgtype : event ;
event : CLICK ;
eventkey : 二维码 ;
from : oKwkYw_czhGJMhzRk-PvvkgFyKMI ;
to : gh_6536061e4435 ;
time : 1491550707 ;
type : event ;

2017-04-07 15:38:30 trace :
------------
Array:
tousername : gh_6536061e4435 ;
fromusername : oKwkYw_xZ14UQdvrJFuiI5E87n8w ;
createtime : 1491550710 ;
msgtype : event ;
event : VIEW ;
eventkey : http://kh39.61why.com/app/index.php?i=2&c=entry&eid=198 ;
menuid : 410600728 ;
from : oKwkYw_xZ14UQdvrJFuiI5E87n8w ;
to : gh_6536061e4435 ;
time : 1491550710 ;
type : event ;

2017-04-07 15:38:30 params :
------------
Array:
rule : -2 ;
module :  ;
message : Array ;

2017-04-07 15:38:30 response :
------------

2017-04-07 15:43:10 trace :
------------
Array:
tousername : gh_0ad70057b777 ;
fromusername : o26ibjq6h81ZI0EVGbmnzA7Pd930 ;
createtime : 1491550989 ;
msgtype : event ;
event : subscribe ;
eventkey : Array ;
from : o26ibjq6h81ZI0EVGbmnzA7Pd930 ;
to : gh_0ad70057b777 ;
time : 1491550989 ;
type : subscribe ;

2017-04-07 15:43:10 params :
------------
Array:
rule : -2 ;
module :  ;
message : Array ;

2017-04-07 15:43:10 response :
------------

2017-04-07 15:43:12 trace :
------------
Array:
tousername : gh_0ad70057b777 ;
fromusername : o26ibjq6h81ZI0EVGbmnzA7Pd930 ;
createtime : 1491550991 ;
msgtype : event ;
event : VIEW ;
eventkey : http://kh39.61why.com/app/index.php?i=2&c=entry&eid=194 ;
menuid : 411738532 ;
from : o26ibjq6h81ZI0EVGbmnzA7Pd930 ;
to : gh_0ad70057b777 ;
time : 1491550991 ;
type : event ;

2017-04-07 15:43:12 params :
------------
Array:
rule : -2 ;
module :  ;
message : Array ;

2017-04-07 15:43:12 response :
------------

2017-04-07 15:55:06 trace :
------------
Array:
tousername : gh_6536061e4435 ;
fromusername : oKwkYwwyE0inF2iTlc0v8LAu99yU ;
createtime : 1491551706 ;
msgtype : event ;
event : VIEW ;
eventkey : http://kh39.61why.com/app/index.php?i=2&c=entry&eid=194 ;
menuid : 410600728 ;
from : oKwkYwwyE0inF2iTlc0v8LAu99yU ;
to : gh_6536061e4435 ;
time : 1491551706 ;
type : event ;

2017-04-07 15:55:06 params :
------------
Array:
rule : -2 ;
module :  ;
message : Array ;

2017-04-07 15:55:06 response :
------------

2017-04-07 16:01:47 trace :
------------
Array:
tousername : gh_6536061e4435 ;
fromusername : oKwkYw1KQ5ff5BZ0dgvipwLgZRns ;
createtime : 1491552107 ;
msgtype : event ;
event : VIEW ;
eventkey : http://kh39.61why.com/app/index.php?i=2&c=entry&eid=198 ;
menuid : 410600728 ;
from : oKwkYw1KQ5ff5BZ0dgvipwLgZRns ;
to : gh_6536061e4435 ;
time : 1491552107 ;
type : event ;

2017-04-07 16:01:47 params :
------------
Array:
rule : -2 ;
module :  ;
message : Array ;

2017-04-07 16:01:47 response :
------------

2017-04-07 16:06:21 trace :
------------
Array:
tousername : gh_6536061e4435 ;
fromusername : oKwkYw5hiet9aIoMvpfdt0UcJyzc ;
createtime : 1491552381 ;
msgtype : event ;
event : VIEW ;
eventkey : http://kh39.61why.com/app/index.php?i=2&c=entry&eid=198 ;
menuid : 410600728 ;
from : oKwkYw5hiet9aIoMvpfdt0UcJyzc ;
to : gh_6536061e4435 ;
time : 1491552381 ;
type : event ;

2017-04-07 16:06:21 params :
------------
Array:
rule : -2 ;
module :  ;
message : Array ;

2017-04-07 16:06:21 response :
------------

2017-04-07 16:13:06 trace :
------------
Array:
tousername : gh_6536061e4435 ;
fromusername : oKwkYw03W1Pov3xT2Hvnj_ODN-Ug ;
createtime : 1491552786 ;
msgtype : event ;
event : VIEW ;
eventkey : http://kh39.61why.com/app/index.php?i=2&c=entry&eid=198 ;
menuid : 410600728 ;
from : oKwkYw03W1Pov3xT2Hvnj_ODN-Ug ;
to : gh_6536061e4435 ;
time : 1491552786 ;
type : event ;

2017-04-07 16:13:06 params :
------------
Array:
rule : -2 ;
module :  ;
message : Array ;

2017-04-07 16:13:06 response :
------------

2017-04-07 16:25:11 trace :
------------
Array:
tousername : gh_6536061e4435 ;
fromusername : oKwkYw0b_nY3vy2dlsZiutChx2qg ;
createtime : 1491553511 ;
msgtype : event ;
event : VIEW ;
eventkey : http://kh39.61why.com/app/index.php?i=2&c=entry&eid=198 ;
menuid : 410600728 ;
from : oKwkYw0b_nY3vy2dlsZiutChx2qg ;
to : gh_6536061e4435 ;
time : 1491553511 ;
type : event ;

2017-04-07 16:25:11 params :
------------
Array:
rule : -2 ;
module :  ;
message : Array ;

2017-04-07 16:25:11 response :
------------

2017-04-07 16:50:10 trace :
------------
Array:
tousername : gh_6536061e4435 ;
fromusername : oKwkYw7Bkin9Cejh8Z-6PzFdyV4E ;
createtime : 1491555010 ;
msgtype : event ;
event : CLICK ;
eventkey : 二维码 ;
from : oKwkYw7Bkin9Cejh8Z-6PzFdyV4E ;
to : gh_6536061e4435 ;
time : 1491555010 ;
type : event ;

2017-04-07 16:58:49 trace :
------------
Array:
tousername : gh_6536061e4435 ;
fromusername : oKwkYw7zQDt7wylcv67-8g3v3WYw ;
createtime : 1491555529 ;
msgtype : event ;
event : VIEW ;
eventkey : http://kh39.61why.com/app/index.php?i=2&c=entry&eid=194 ;
menuid : 410600728 ;
from : oKwkYw7zQDt7wylcv67-8g3v3WYw ;
to : gh_6536061e4435 ;
time : 1491555529 ;
type : event ;

2017-04-07 16:58:49 params :
------------
Array:
rule : -2 ;
module :  ;
message : Array ;

2017-04-07 16:58:49 response :
------------

2017-04-07 17:32:29 trace :
------------
Array:
tousername : gh_6536061e4435 ;
fromusername : oKwkYw5FiijcRVNnGxR6Dw1fZIm4 ;
createtime : 1491557549 ;
msgtype : event ;
event : VIEW ;
eventkey : http://kh39.61why.com/app/index.php?i=2&c=entry&eid=198 ;
menuid : 410600728 ;
from : oKwkYw5FiijcRVNnGxR6Dw1fZIm4 ;
to : gh_6536061e4435 ;
time : 1491557549 ;
type : event ;

2017-04-07 17:32:29 params :
------------
Array:
rule : -2 ;
module :  ;
message : Array ;

2017-04-07 17:32:29 response :
------------

2017-04-07 17:32:40 trace :
------------
Array:
tousername : gh_6536061e4435 ;
fromusername : oKwkYw9A27iCE2wbx5IXncAJ21Sw ;
createtime : 1491557560 ;
msgtype : event ;
event : VIEW ;
eventkey : http://kh39.61why.com/app/index.php?i=2&c=entry&eid=198 ;
menuid : 410600728 ;
from : oKwkYw9A27iCE2wbx5IXncAJ21Sw ;
to : gh_6536061e4435 ;
time : 1491557560 ;
type : event ;

2017-04-07 17:32:40 params :
------------
Array:
rule : -2 ;
module :  ;
message : Array ;

2017-04-07 17:32:40 response :
------------

2017-04-07 17:34:48 trace :
------------
Array:
tousername : gh_6536061e4435 ;
fromusername : oKwkYw5FiijcRVNnGxR6Dw1fZIm4 ;
createtime : 1491557688 ;
msgtype : event ;
event : VIEW ;
eventkey : http://kh39.61why.com/app/index.php?i=2&c=entry&eid=194 ;
menuid : 410600728 ;
from : oKwkYw5FiijcRVNnGxR6Dw1fZIm4 ;
to : gh_6536061e4435 ;
time : 1491557688 ;
type : event ;

2017-04-07 17:34:48 params :
------------
Array:
rule : -2 ;
module :  ;
message : Array ;

2017-04-07 17:34:48 response :
------------

2017-04-07 17:38:17 trace :
------------
Array:
tousername : gh_6536061e4435 ;
fromusername : oKwkYw5S8zWw6zCS6dGdWuuV95fM ;
createtime : 1491557897 ;
msgtype : event ;
event : VIEW ;
eventkey : http://kh39.61why.com/app/index.php?i=2&c=entry&eid=198 ;
menuid : 410600728 ;
from : oKwkYw5S8zWw6zCS6dGdWuuV95fM ;
to : gh_6536061e4435 ;
time : 1491557897 ;
type : event ;

2017-04-07 17:38:17 params :
------------
Array:
rule : -2 ;
module :  ;
message : Array ;

2017-04-07 17:38:17 response :
------------

2017-04-07 17:39:51 trace :
------------
Array:
tousername : gh_6536061e4435 ;
fromusername : oKwkYw5FiijcRVNnGxR6Dw1fZIm4 ;
createtime : 1491557991 ;
msgtype : event ;
event : VIEW ;
eventkey : http://kh39.61why.com/app/index.php?i=2&c=entry&eid=194 ;
menuid : 410600728 ;
from : oKwkYw5FiijcRVNnGxR6Dw1fZIm4 ;
to : gh_6536061e4435 ;
time : 1491557991 ;
type : event ;

2017-04-07 17:39:51 params :
------------
Array:
rule : -2 ;
module :  ;
message : Array ;

2017-04-07 17:39:51 response :
------------

2017-04-07 17:40:37 trace :
------------
Array:
tousername : gh_6536061e4435 ;
fromusername : oKwkYw5S8zWw6zCS6dGdWuuV95fM ;
createtime : 1491558037 ;
msgtype : event ;
event : VIEW ;
eventkey : http://kh39.61why.com/app/index.php?i=2&c=entry&eid=198 ;
menuid : 410600728 ;
from : oKwkYw5S8zWw6zCS6dGdWuuV95fM ;
to : gh_6536061e4435 ;
time : 1491558037 ;
type : event ;

2017-04-07 17:40:37 params :
------------
Array:
rule : -2 ;
module :  ;
message : Array ;

2017-04-07 17:40:37 response :
------------

2017-04-07 17:44:24 trace :
------------
Array:
tousername : gh_6536061e4435 ;
fromusername : oKwkYw9A27iCE2wbx5IXncAJ21Sw ;
createtime : 1491558264 ;
msgtype : event ;
event : VIEW ;
eventkey : http://kh39.61why.com/app/index.php?i=2&c=entry&eid=198 ;
menuid : 410600728 ;
from : oKwkYw9A27iCE2wbx5IXncAJ21Sw ;
to : gh_6536061e4435 ;
time : 1491558264 ;
type : event ;

2017-04-07 17:44:24 params :
------------
Array:
rule : -2 ;
module :  ;
message : Array ;

2017-04-07 17:44:24 response :
------------

2017-04-07 17:44:25 trace :
------------
Array:
tousername : gh_6536061e4435 ;
fromusername : oKwkYwxdGazpUQLKnjr_HrnPicQo ;
createtime : 1491558265 ;
msgtype : event ;
event : VIEW ;
eventkey : http://kh39.61why.com/app/index.php?i=2&c=entry&eid=198 ;
menuid : 410600728 ;
from : oKwkYwxdGazpUQLKnjr_HrnPicQo ;
to : gh_6536061e4435 ;
time : 1491558265 ;
type : event ;

2017-04-07 17:44:25 params :
------------
Array:
rule : -2 ;
module :  ;
message : Array ;

2017-04-07 17:44:25 response :
------------

2017-04-07 17:45:11 trace :
------------
Array:
tousername : gh_6536061e4435 ;
fromusername : oKwkYwxdGazpUQLKnjr_HrnPicQo ;
createtime : 1491558311 ;
msgtype : event ;
event : VIEW ;
eventkey : http://kh39.61why.com/app/index.php?i=2&c=entry&eid=198 ;
menuid : 410600728 ;
from : oKwkYwxdGazpUQLKnjr_HrnPicQo ;
to : gh_6536061e4435 ;
time : 1491558311 ;
type : event ;

2017-04-07 17:45:11 params :
------------
Array:
rule : -2 ;
module :  ;
message : Array ;

2017-04-07 17:45:11 response :
------------

2017-04-07 17:45:32 trace :
------------
Array:
tousername : gh_6536061e4435 ;
fromusername : oKwkYw5hiet9aIoMvpfdt0UcJyzc ;
createtime : 1491558332 ;
msgtype : event ;
event : VIEW ;
eventkey : http://kh39.61why.com/app/index.php?i=2&c=entry&eid=198 ;
menuid : 410600728 ;
from : oKwkYw5hiet9aIoMvpfdt0UcJyzc ;
to : gh_6536061e4435 ;
time : 1491558332 ;
type : event ;

2017-04-07 17:45:32 params :
------------
Array:
rule : -2 ;
module :  ;
message : Array ;

2017-04-07 17:45:32 response :
------------

2017-04-07 17:50:21 trace :
------------
Array:
tousername : gh_6536061e4435 ;
fromusername : oKwkYw5hiet9aIoMvpfdt0UcJyzc ;
createtime : 1491558621 ;
msgtype : event ;
event : VIEW ;
eventkey : http://kh39.61why.com/app/index.php?i=2&c=entry&eid=198 ;
menuid : 410600728 ;
from : oKwkYw5hiet9aIoMvpfdt0UcJyzc ;
to : gh_6536061e4435 ;
time : 1491558621 ;
type : event ;

2017-04-07 17:50:21 params :
------------
Array:
rule : -2 ;
module :  ;
message : Array ;

2017-04-07 17:50:21 response :
------------

2017-04-07 17:53:43 trace :
------------
Array:
tousername : gh_6536061e4435 ;
fromusername : oKwkYw5FiijcRVNnGxR6Dw1fZIm4 ;
createtime : 1491558823 ;
msgtype : event ;
event : VIEW ;
eventkey : http://kh39.61why.com/app/index.php?i=2&c=entry&eid=198 ;
menuid : 410600728 ;
from : oKwkYw5FiijcRVNnGxR6Dw1fZIm4 ;
to : gh_6536061e4435 ;
time : 1491558823 ;
type : event ;

2017-04-07 17:53:43 params :
------------
Array:
rule : -2 ;
module :  ;
message : Array ;

2017-04-07 17:53:43 response :
------------

2017-04-07 17:58:27 trace :
------------
Array:
tousername : gh_6536061e4435 ;
fromusername : oKwkYw5FiijcRVNnGxR6Dw1fZIm4 ;
createtime : 1491559107 ;
msgtype : event ;
event : CLICK ;
eventkey : 二维码 ;
from : oKwkYw5FiijcRVNnGxR6Dw1fZIm4 ;
to : gh_6536061e4435 ;
time : 1491559107 ;
type : event ;

2017-04-07 18:00:47 trace :
------------
Array:
tousername : gh_6536061e4435 ;
fromusername : oKwkYw5FiijcRVNnGxR6Dw1fZIm4 ;
createtime : 1491559246 ;
msgtype : event ;
event : VIEW ;
eventkey : http://kh39.61why.com/app/index.php?i=2&c=entry&eid=194 ;
menuid : 410600728 ;
from : oKwkYw5FiijcRVNnGxR6Dw1fZIm4 ;
to : gh_6536061e4435 ;
time : 1491559246 ;
type : event ;

2017-04-07 18:00:47 params :
------------
Array:
rule : -2 ;
module :  ;
message : Array ;

2017-04-07 18:00:47 response :
------------

2017-04-07 18:03:03 trace :
------------
Array:
tousername : gh_6536061e4435 ;
fromusername : oKwkYw0w4lZ5-dd0xtiGGCxzkcbA ;
createtime : 1491559383 ;
msgtype : event ;
event : VIEW ;
eventkey : http://kh39.61why.com/app/index.php?i=2&c=entry&eid=198 ;
menuid : 410600728 ;
from : oKwkYw0w4lZ5-dd0xtiGGCxzkcbA ;
to : gh_6536061e4435 ;
time : 1491559383 ;
type : event ;

2017-04-07 18:03:03 params :
------------
Array:
rule : -2 ;
module :  ;
message : Array ;

2017-04-07 18:03:03 response :
------------

2017-04-07 18:09:59 trace :
------------
Array:
tousername : gh_6536061e4435 ;
fromusername : oKwkYw9A27iCE2wbx5IXncAJ21Sw ;
createtime : 1491559799 ;
msgtype : event ;
event : VIEW ;
eventkey : http://kh39.61why.com/app/index.php?i=2&c=entry&eid=198 ;
menuid : 410600728 ;
from : oKwkYw9A27iCE2wbx5IXncAJ21Sw ;
to : gh_6536061e4435 ;
time : 1491559799 ;
type : event ;

2017-04-07 18:09:59 params :
------------
Array:
rule : -2 ;
module :  ;
message : Array ;

2017-04-07 18:09:59 response :
------------

2017-04-07 18:10:25 trace :
------------
Array:
tousername : gh_6536061e4435 ;
fromusername : oKwkYw9A27iCE2wbx5IXncAJ21Sw ;
createtime : 1491559824 ;
msgtype : event ;
event : VIEW ;
eventkey : http://kh39.61why.com/app/index.php?i=2&c=entry&eid=198 ;
menuid : 410600728 ;
from : oKwkYw9A27iCE2wbx5IXncAJ21Sw ;
to : gh_6536061e4435 ;
time : 1491559824 ;
type : event ;

2017-04-07 18:10:25 params :
------------
Array:
rule : -2 ;
module :  ;
message : Array ;

2017-04-07 18:10:25 response :
------------

2017-04-07 18:20:59 trace :
------------
Array:
tousername : gh_6536061e4435 ;
fromusername : oKwkYw9A27iCE2wbx5IXncAJ21Sw ;
createtime : 1491560459 ;
msgtype : event ;
event : VIEW ;
eventkey : http://kh39.61why.com/app/index.php?i=2&c=entry&eid=198 ;
menuid : 410600728 ;
from : oKwkYw9A27iCE2wbx5IXncAJ21Sw ;
to : gh_6536061e4435 ;
time : 1491560459 ;
type : event ;

2017-04-07 18:20:59 params :
------------
Array:
rule : -2 ;
module :  ;
message : Array ;

2017-04-07 18:20:59 response :
------------

2017-04-07 18:22:36 trace :
------------
Array:
tousername : gh_6536061e4435 ;
fromusername : oKwkYw9A27iCE2wbx5IXncAJ21Sw ;
createtime : 1491560556 ;
msgtype : event ;
event : VIEW ;
eventkey : http://kh39.61why.com/app/index.php?i=2&c=entry&eid=198 ;
menuid : 410600728 ;
from : oKwkYw9A27iCE2wbx5IXncAJ21Sw ;
to : gh_6536061e4435 ;
time : 1491560556 ;
type : event ;

2017-04-07 18:22:36 params :
------------
Array:
rule : -2 ;
module :  ;
message : Array ;

2017-04-07 18:22:36 response :
------------

2017-04-07 18:29:25 trace :
------------
Array:
tousername : gh_6536061e4435 ;
fromusername : oKwkYw9A27iCE2wbx5IXncAJ21Sw ;
createtime : 1491560965 ;
msgtype : event ;
event : VIEW ;
eventkey : http://kh39.61why.com/app/index.php?i=2&c=entry&eid=198 ;
menuid : 410600728 ;
from : oKwkYw9A27iCE2wbx5IXncAJ21Sw ;
to : gh_6536061e4435 ;
time : 1491560965 ;
type : event ;

2017-04-07 18:29:25 params :
------------
Array:
rule : -2 ;
module :  ;
message : Array ;

2017-04-07 18:29:25 response :
------------

2017-04-07 18:29:38 trace :
------------
Array:
tousername : gh_6536061e4435 ;
fromusername : oKwkYw9A27iCE2wbx5IXncAJ21Sw ;
createtime : 1491560978 ;
msgtype : event ;
event : VIEW ;
eventkey : http://kh39.61why.com/app/index.php?i=2&c=entry&eid=194 ;
menuid : 410600728 ;
from : oKwkYw9A27iCE2wbx5IXncAJ21Sw ;
to : gh_6536061e4435 ;
time : 1491560978 ;
type : event ;

2017-04-07 18:29:38 params :
------------
Array:
rule : -2 ;
module :  ;
message : Array ;

2017-04-07 18:29:38 response :
------------

2017-04-07 19:01:26 trace :
------------
Array:
tousername : gh_6536061e4435 ;
fromusername : oKwkYwxdGazpUQLKnjr_HrnPicQo ;
createtime : 1491562885 ;
msgtype : event ;
event : VIEW ;
eventkey : http://kh39.61why.com/app/index.php?i=2&c=entry&eid=198 ;
menuid : 410600728 ;
from : oKwkYwxdGazpUQLKnjr_HrnPicQo ;
to : gh_6536061e4435 ;
time : 1491562885 ;
type : event ;

2017-04-07 19:01:26 params :
------------
Array:
rule : -2 ;
module :  ;
message : Array ;

2017-04-07 19:01:26 response :
------------

2017-04-07 19:13:04 trace :
------------
Array:
tousername : gh_6536061e4435 ;
fromusername : oKwkYw0D7snKw9WJkTr_EzwW-SF0 ;
createtime : 1491563584 ;
msgtype : event ;
event : VIEW ;
eventkey : http://kh39.61why.com/app/index.php?i=2&c=entry&eid=198 ;
menuid : 410600728 ;
from : oKwkYw0D7snKw9WJkTr_EzwW-SF0 ;
to : gh_6536061e4435 ;
time : 1491563584 ;
type : event ;

2017-04-07 19:13:04 params :
------------
Array:
rule : -2 ;
module :  ;
message : Array ;

2017-04-07 19:13:04 response :
------------

2017-04-07 19:25:24 trace :
------------
Array:
tousername : gh_6536061e4435 ;
fromusername : oKwkYw9A27iCE2wbx5IXncAJ21Sw ;
createtime : 1491564324 ;
msgtype : event ;
event : VIEW ;
eventkey : http://kh39.61why.com/app/index.php?i=2&c=entry&eid=198 ;
menuid : 410600728 ;
from : oKwkYw9A27iCE2wbx5IXncAJ21Sw ;
to : gh_6536061e4435 ;
time : 1491564324 ;
type : event ;

2017-04-07 19:25:24 params :
------------
Array:
rule : -2 ;
module :  ;
message : Array ;

2017-04-07 19:25:24 response :
------------

2017-04-07 19:26:54 trace :
------------
Array:
tousername : gh_6536061e4435 ;
fromusername : oKwkYw9A27iCE2wbx5IXncAJ21Sw ;
createtime : 1491564414 ;
msgtype : event ;
event : VIEW ;
eventkey : http://kh39.61why.com/app/index.php?i=2&c=entry&eid=194 ;
menuid : 410600728 ;
from : oKwkYw9A27iCE2wbx5IXncAJ21Sw ;
to : gh_6536061e4435 ;
time : 1491564414 ;
type : event ;

2017-04-07 19:26:54 params :
------------
Array:
rule : -2 ;
module :  ;
message : Array ;

2017-04-07 19:26:54 response :
------------

2017-04-07 20:05:11 trace :
------------
Array:
tousername : gh_6536061e4435 ;
fromusername : oKwkYw_xZ14UQdvrJFuiI5E87n8w ;
createtime : 1491566710 ;
msgtype : event ;
event : VIEW ;
eventkey : http://kh39.61why.com/app/index.php?i=2&c=entry&eid=198 ;
menuid : 410600728 ;
from : oKwkYw_xZ14UQdvrJFuiI5E87n8w ;
to : gh_6536061e4435 ;
time : 1491566710 ;
type : event ;

2017-04-07 20:05:11 params :
------------
Array:
rule : -2 ;
module :  ;
message : Array ;

2017-04-07 20:05:11 response :
------------

2017-04-07 20:07:22 trace :
------------
Array:
tousername : gh_6536061e4435 ;
fromusername : oKwkYwxdGazpUQLKnjr_HrnPicQo ;
createtime : 1491566842 ;
msgtype : event ;
event : CLICK ;
eventkey : 二维码 ;
from : oKwkYwxdGazpUQLKnjr_HrnPicQo ;
to : gh_6536061e4435 ;
time : 1491566842 ;
type : event ;

2017-04-07 20:07:41 trace :
------------
Array:
tousername : gh_6536061e4435 ;
fromusername : oKwkYw2GQtULXEVQoC_lGDD2eW9A ;
createtime : 1491566861 ;
msgtype : event ;
event : subscribe ;
eventkey : qrscene_23bd332866fd99434087a64ee6a681d1 ;
ticket : gQH/8DwAAAAAAAAAAS5odHRwOi8vd2VpeGluLnFxLmNvbS9xLzAyN01BVTFmSDljbzMxMDAwMHcwN1IAAgR8UK5YAwQAAAAA ;
from : oKwkYw2GQtULXEVQoC_lGDD2eW9A ;
to : gh_6536061e4435 ;
time : 1491566861 ;
type : subscribe ;
scene : 23bd332866fd99434087a64ee6a681d1 ;

2017-04-07 20:07:46 trace :
------------
Array:
tousername : gh_6536061e4435 ;
fromusername : oKwkYw2GQtULXEVQoC_lGDD2eW9A ;
createtime : 1491566866 ;
msgtype : event ;
event : VIEW ;
eventkey : http://kh39.61why.com/app/index.php?i=2&c=entry&eid=194 ;
menuid : 410600728 ;
from : oKwkYw2GQtULXEVQoC_lGDD2eW9A ;
to : gh_6536061e4435 ;
time : 1491566866 ;
type : event ;

2017-04-07 20:07:46 params :
------------
Array:
rule : -2 ;
module :  ;
message : Array ;

2017-04-07 20:07:46 response :
------------

2017-04-07 20:07:49 trace :
------------
Array:
tousername : gh_6536061e4435 ;
fromusername : oKwkYw2GQtULXEVQoC_lGDD2eW9A ;
createtime : 1491566869 ;
msgtype : event ;
event : VIEW ;
eventkey : http://kh39.61why.com/app/index.php?i=2&c=entry&eid=198 ;
menuid : 410600728 ;
from : oKwkYw2GQtULXEVQoC_lGDD2eW9A ;
to : gh_6536061e4435 ;
time : 1491566869 ;
type : event ;

2017-04-07 20:07:49 params :
------------
Array:
rule : -2 ;
module :  ;
message : Array ;

2017-04-07 20:07:49 response :
------------

2017-04-07 20:07:53 trace :
------------
Array:
tousername : gh_6536061e4435 ;
fromusername : oKwkYw0D7snKw9WJkTr_EzwW-SF0 ;
createtime : 1491566873 ;
msgtype : event ;
event : VIEW ;
eventkey : http://kh39.61why.com/app/index.php?i=2&c=entry&eid=198 ;
menuid : 410600728 ;
from : oKwkYw0D7snKw9WJkTr_EzwW-SF0 ;
to : gh_6536061e4435 ;
time : 1491566873 ;
type : event ;

2017-04-07 20:07:53 params :
------------
Array:
rule : -2 ;
module :  ;
message : Array ;

2017-04-07 20:07:53 response :
------------

2017-04-07 20:08:12 trace :
------------
Array:
tousername : gh_6536061e4435 ;
fromusername : oKwkYwxdGazpUQLKnjr_HrnPicQo ;
createtime : 1491566892 ;
msgtype : event ;
event : VIEW ;
eventkey : http://kh39.61why.com/app/index.php?i=2&c=entry&eid=198 ;
menuid : 410600728 ;
from : oKwkYwxdGazpUQLKnjr_HrnPicQo ;
to : gh_6536061e4435 ;
time : 1491566892 ;
type : event ;

2017-04-07 20:08:12 params :
------------
Array:
rule : -2 ;
module :  ;
message : Array ;

2017-04-07 20:08:12 response :
------------

2017-04-07 20:10:04 trace :
------------
Array:
tousername : gh_6536061e4435 ;
fromusername : oKwkYw2GQtULXEVQoC_lGDD2eW9A ;
createtime : 1491567004 ;
msgtype : event ;
event : VIEW ;
eventkey : http://kh39.61why.com/app/index.php?i=2&c=entry&eid=194 ;
menuid : 410600728 ;
from : oKwkYw2GQtULXEVQoC_lGDD2eW9A ;
to : gh_6536061e4435 ;
time : 1491567004 ;
type : event ;

2017-04-07 20:10:04 params :
------------
Array:
rule : -2 ;
module :  ;
message : Array ;

2017-04-07 20:10:04 response :
------------

2017-04-07 20:10:06 trace :
------------
Array:
tousername : gh_6536061e4435 ;
fromusername : oKwkYw2GQtULXEVQoC_lGDD2eW9A ;
createtime : 1491567006 ;
msgtype : event ;
event : VIEW ;
eventkey : http://kh39.61why.com/app/index.php?i=2&c=entry&eid=198 ;
menuid : 410600728 ;
from : oKwkYw2GQtULXEVQoC_lGDD2eW9A ;
to : gh_6536061e4435 ;
time : 1491567006 ;
type : event ;

2017-04-07 20:10:06 params :
------------
Array:
rule : -2 ;
module :  ;
message : Array ;

2017-04-07 20:10:06 response :
------------

2017-04-07 20:13:21 trace :
------------
Array:
tousername : gh_6536061e4435 ;
fromusername : oKwkYw0b_nY3vy2dlsZiutChx2qg ;
createtime : 1491567201 ;
msgtype : event ;
event : VIEW ;
eventkey : http://kh39.61why.com/app/index.php?i=2&c=entry&eid=198 ;
menuid : 410600728 ;
from : oKwkYw0b_nY3vy2dlsZiutChx2qg ;
to : gh_6536061e4435 ;
time : 1491567201 ;
type : event ;

2017-04-07 20:13:21 params :
------------
Array:
rule : -2 ;
module :  ;
message : Array ;

2017-04-07 20:13:21 response :
------------

2017-04-07 20:15:57 trace :
------------
Array:
tousername : gh_6536061e4435 ;
fromusername : oKwkYw2GQtULXEVQoC_lGDD2eW9A ;
createtime : 1491567357 ;
msgtype : event ;
event : VIEW ;
eventkey : http://kh39.61why.com/app/index.php?i=2&c=entry&eid=194 ;
menuid : 410600728 ;
from : oKwkYw2GQtULXEVQoC_lGDD2eW9A ;
to : gh_6536061e4435 ;
time : 1491567357 ;
type : event ;

2017-04-07 20:15:57 params :
------------
Array:
rule : -2 ;
module :  ;
message : Array ;

2017-04-07 20:15:57 response :
------------

2017-04-07 21:24:56 trace :
------------
Array:
tousername : gh_6536061e4435 ;
fromusername : oKwkYwxdGazpUQLKnjr_HrnPicQo ;
createtime : 1491571496 ;
msgtype : event ;
event : VIEW ;
eventkey : http://kh39.61why.com/app/index.php?i=2&c=entry&eid=198 ;
menuid : 410600728 ;
from : oKwkYwxdGazpUQLKnjr_HrnPicQo ;
to : gh_6536061e4435 ;
time : 1491571496 ;
type : event ;

2017-04-07 21:24:56 params :
------------
Array:
rule : -2 ;
module :  ;
message : Array ;

2017-04-07 21:24:56 response :
------------

2017-04-07 21:25:47 trace :
------------
Array:
tousername : gh_6536061e4435 ;
fromusername : oKwkYw0D7snKw9WJkTr_EzwW-SF0 ;
createtime : 1491571546 ;
msgtype : event ;
event : VIEW ;
eventkey : http://kh39.61why.com/app/index.php?i=2&c=entry&eid=198 ;
menuid : 410600728 ;
from : oKwkYw0D7snKw9WJkTr_EzwW-SF0 ;
to : gh_6536061e4435 ;
time : 1491571546 ;
type : event ;

2017-04-07 21:25:47 params :
------------
Array:
rule : -2 ;
module :  ;
message : Array ;

2017-04-07 21:25:47 response :
------------

2017-04-07 21:35:06 trace :
------------
Array:
tousername : gh_6536061e4435 ;
fromusername : oKwkYw5hiet9aIoMvpfdt0UcJyzc ;
createtime : 1491572106 ;
msgtype : event ;
event : VIEW ;
eventkey : http://kh39.61why.com/app/index.php?i=2&c=entry&eid=198 ;
menuid : 410600728 ;
from : oKwkYw5hiet9aIoMvpfdt0UcJyzc ;
to : gh_6536061e4435 ;
time : 1491572106 ;
type : event ;

2017-04-07 21:35:06 params :
------------
Array:
rule : -2 ;
module :  ;
message : Array ;

2017-04-07 21:35:06 response :
------------

2017-04-07 21:54:44 trace :
------------
Array:
tousername : gh_6536061e4435 ;
fromusername : oKwkYw5hiet9aIoMvpfdt0UcJyzc ;
createtime : 1491573284 ;
msgtype : event ;
event : VIEW ;
eventkey : http://kh39.61why.com/app/index.php?i=2&c=entry&eid=194 ;
menuid : 410600728 ;
from : oKwkYw5hiet9aIoMvpfdt0UcJyzc ;
to : gh_6536061e4435 ;
time : 1491573284 ;
type : event ;

2017-04-07 21:54:44 params :
------------
Array:
rule : -2 ;
module :  ;
message : Array ;

2017-04-07 21:54:44 response :
------------

2017-04-07 21:55:55 trace :
------------
Array:
tousername : gh_6536061e4435 ;
fromusername : oKwkYw5hiet9aIoMvpfdt0UcJyzc ;
createtime : 1491573355 ;
msgtype : event ;
event : VIEW ;
eventkey : http://kh39.61why.com/app/index.php?i=2&c=entry&eid=198 ;
menuid : 410600728 ;
from : oKwkYw5hiet9aIoMvpfdt0UcJyzc ;
to : gh_6536061e4435 ;
time : 1491573355 ;
type : event ;

2017-04-07 21:55:55 params :
------------
Array:
rule : -2 ;
module :  ;
message : Array ;

2017-04-07 21:55:55 response :
------------

2017-04-07 21:57:20 trace :
------------
Array:
tousername : gh_6536061e4435 ;
fromusername : oKwkYw97SycRqJh8SCZB46dpZqUs ;
createtime : 1491573440 ;
msgtype : event ;
event : VIEW ;
eventkey : http://kh39.61why.com/app/index.php?i=2&c=entry&eid=194 ;
menuid : 410600728 ;
from : oKwkYw97SycRqJh8SCZB46dpZqUs ;
to : gh_6536061e4435 ;
time : 1491573440 ;
type : event ;

2017-04-07 21:57:20 params :
------------
Array:
rule : -2 ;
module :  ;
message : Array ;

2017-04-07 21:57:20 response :
------------

2017-04-07 22:08:48 trace :
------------
Array:
tousername : gh_6536061e4435 ;
fromusername : oKwkYw1KQ5ff5BZ0dgvipwLgZRns ;
createtime : 1491574128 ;
msgtype : event ;
event : VIEW ;
eventkey : http://kh39.61why.com/app/index.php?i=2&c=entry&eid=198 ;
menuid : 410600728 ;
from : oKwkYw1KQ5ff5BZ0dgvipwLgZRns ;
to : gh_6536061e4435 ;
time : 1491574128 ;
type : event ;

2017-04-07 22:08:48 params :
------------
Array:
rule : -2 ;
module :  ;
message : Array ;

2017-04-07 22:08:48 response :
------------

2017-04-07 22:22:44 trace :
------------
Array:
tousername : gh_6536061e4435 ;
fromusername : oKwkYw_J9RB_cOVK9fQ1pD5O99Eo ;
createtime : 1491574964 ;
msgtype : event ;
event : VIEW ;
eventkey : http://kh39.61why.com/app/index.php?i=2&c=entry&eid=198 ;
menuid : 410600728 ;
from : oKwkYw_J9RB_cOVK9fQ1pD5O99Eo ;
to : gh_6536061e4435 ;
time : 1491574964 ;
type : event ;

2017-04-07 22:22:44 params :
------------
Array:
rule : -2 ;
module :  ;
message : Array ;

2017-04-07 22:22:44 response :
------------

2017-04-07 22:29:53 trace :
------------
Array:
tousername : gh_6536061e4435 ;
fromusername : oKwkYwxdGazpUQLKnjr_HrnPicQo ;
createtime : 1491575393 ;
msgtype : event ;
event : VIEW ;
eventkey : http://kh39.61why.com/app/index.php?i=2&c=entry&eid=198 ;
menuid : 410600728 ;
from : oKwkYwxdGazpUQLKnjr_HrnPicQo ;
to : gh_6536061e4435 ;
time : 1491575393 ;
type : event ;

2017-04-07 22:29:53 params :
------------
Array:
rule : -2 ;
module :  ;
message : Array ;

2017-04-07 22:29:53 response :
------------

2017-04-07 22:34:41 trace :
------------
Array:
tousername : gh_6536061e4435 ;
fromusername : oKwkYw9ju59dM4iRrx2krbhLL3i8 ;
createtime : 1491575681 ;
msgtype : event ;
event : VIEW ;
eventkey : http://kh39.61why.com/app/index.php?i=2&c=entry&eid=194 ;
menuid : 410600728 ;
from : oKwkYw9ju59dM4iRrx2krbhLL3i8 ;
to : gh_6536061e4435 ;
time : 1491575681 ;
type : event ;

2017-04-07 22:34:41 params :
------------
Array:
rule : -2 ;
module :  ;
message : Array ;

2017-04-07 22:34:41 response :
------------

2017-04-07 22:44:02 trace :
------------
Array:
tousername : gh_6536061e4435 ;
fromusername : oKwkYw9ju59dM4iRrx2krbhLL3i8 ;
createtime : 1491576242 ;
msgtype : event ;
event : VIEW ;
eventkey : http://kh39.61why.com/app/index.php?i=2&c=entry&eid=198 ;
menuid : 410600728 ;
from : oKwkYw9ju59dM4iRrx2krbhLL3i8 ;
to : gh_6536061e4435 ;
time : 1491576242 ;
type : event ;

2017-04-07 22:44:02 params :
------------
Array:
rule : -2 ;
module :  ;
message : Array ;

2017-04-07 22:44:02 response :
------------

