2017-02-15 00:08:37 trace :
------------
Array:
tousername : gh_6536061e4435 ;
fromusername : oKwkYw9A27iCE2wbx5IXncAJ21Sw ;
createtime : 1487088517 ;
msgtype : event ;
event : VIEW ;
eventkey : http://kh39.61why.com/app/index.php?i=2&c=entry&eid=194 ;
menuid : 410600728 ;
from : oKwkYw9A27iCE2wbx5IXncAJ21Sw ;
to : gh_6536061e4435 ;
time : 1487088517 ;
type : event ;

2017-02-15 00:08:37 params :
------------
Array:
rule : -2 ;
module :  ;
message : Array ;

2017-02-15 00:08:37 response :
------------

2017-02-15 00:09:29 trace :
------------
Array:
tousername : gh_6536061e4435 ;
fromusername : oKwkYww_pWGUZbUmue0jxp7SYRP4 ;
createtime : 1487088569 ;
msgtype : event ;
event : VIEW ;
eventkey : http://kh39.61why.com/app/index.php?i=2&c=entry&eid=194 ;
menuid : 410600728 ;
from : oKwkYww_pWGUZbUmue0jxp7SYRP4 ;
to : gh_6536061e4435 ;
time : 1487088569 ;
type : event ;

2017-02-15 00:09:29 params :
------------
Array:
rule : -2 ;
module :  ;
message : Array ;

2017-02-15 00:09:29 response :
------------

2017-02-15 00:09:56 trace :
------------
Array:
tousername : gh_6536061e4435 ;
fromusername : oKwkYww_pWGUZbUmue0jxp7SYRP4 ;
createtime : 1487088596 ;
msgtype : event ;
event : VIEW ;
eventkey : http://kh39.61why.com/app/index.php?i=2&c=entry&eid=194 ;
menuid : 410600728 ;
from : oKwkYww_pWGUZbUmue0jxp7SYRP4 ;
to : gh_6536061e4435 ;
time : 1487088596 ;
type : event ;

2017-02-15 00:09:56 params :
------------
Array:
rule : -2 ;
module :  ;
message : Array ;

2017-02-15 00:09:56 response :
------------

2017-02-15 00:13:41 trace :
------------
Array:
tousername : gh_6536061e4435 ;
fromusername : oKwkYww_pWGUZbUmue0jxp7SYRP4 ;
createtime : 1487088821 ;
msgtype : event ;
event : VIEW ;
eventkey : http://kh39.61why.com/app/index.php?i=2&c=entry&eid=194 ;
menuid : 410600728 ;
from : oKwkYww_pWGUZbUmue0jxp7SYRP4 ;
to : gh_6536061e4435 ;
time : 1487088821 ;
type : event ;

2017-02-15 00:13:41 params :
------------
Array:
rule : -2 ;
module :  ;
message : Array ;

2017-02-15 00:13:41 response :
------------

2017-02-15 00:46:39 trace :
------------
Array:
tousername : gh_6536061e4435 ;
fromusername : oKwkYw0D7snKw9WJkTr_EzwW-SF0 ;
createtime : 1487090799 ;
msgtype : event ;
event : VIEW ;
eventkey : http://kh39.61why.com/app/index.php?i=2&c=entry&eid=198 ;
menuid : 410600728 ;
from : oKwkYw0D7snKw9WJkTr_EzwW-SF0 ;
to : gh_6536061e4435 ;
time : 1487090799 ;
type : event ;

2017-02-15 00:46:39 params :
------------
Array:
rule : -2 ;
module :  ;
message : Array ;

2017-02-15 00:46:39 response :
------------

2017-02-15 01:09:33 trace :
------------
Array:
tousername : gh_6536061e4435 ;
fromusername : oKwkYw0D7snKw9WJkTr_EzwW-SF0 ;
createtime : 1487092173 ;
msgtype : event ;
event : VIEW ;
eventkey : http://kh39.61why.com/app/index.php?i=2&c=entry&eid=198 ;
menuid : 410600728 ;
from : oKwkYw0D7snKw9WJkTr_EzwW-SF0 ;
to : gh_6536061e4435 ;
time : 1487092173 ;
type : event ;

2017-02-15 01:09:33 params :
------------
Array:
rule : -2 ;
module :  ;
message : Array ;

2017-02-15 01:09:33 response :
------------

2017-02-15 01:13:30 trace :
------------
Array:
tousername : gh_6536061e4435 ;
fromusername : oKwkYw0D7snKw9WJkTr_EzwW-SF0 ;
createtime : 1487092409 ;
msgtype : event ;
event : VIEW ;
eventkey : http://kh39.61why.com/app/index.php?i=2&c=entry&eid=194 ;
menuid : 410600728 ;
from : oKwkYw0D7snKw9WJkTr_EzwW-SF0 ;
to : gh_6536061e4435 ;
time : 1487092409 ;
type : event ;

2017-02-15 01:13:30 params :
------------
Array:
rule : -2 ;
module :  ;
message : Array ;

2017-02-15 01:13:30 response :
------------

2017-02-15 07:15:53 trace :
------------
Array:
tousername : gh_6536061e4435 ;
fromusername : oKwkYwywxtQq-wIoXEPX7RQyBtoE ;
createtime : 1487114153 ;
msgtype : event ;
event : VIEW ;
eventkey : http://kh39.61why.com/app/index.php?i=2&c=entry&eid=198 ;
menuid : 410600728 ;
from : oKwkYwywxtQq-wIoXEPX7RQyBtoE ;
to : gh_6536061e4435 ;
time : 1487114153 ;
type : event ;

2017-02-15 07:15:53 params :
------------
Array:
rule : -2 ;
module :  ;
message : Array ;

2017-02-15 07:15:53 response :
------------

2017-02-15 07:41:26 trace :
------------
Array:
tousername : gh_6536061e4435 ;
fromusername : oKwkYw0cF3fUkEveygB8f0YD_nro ;
createtime : 1487115686 ;
msgtype : event ;
event : VIEW ;
eventkey : http://kh39.61why.com/app/index.php?i=2&c=entry&eid=194 ;
menuid : 410600728 ;
from : oKwkYw0cF3fUkEveygB8f0YD_nro ;
to : gh_6536061e4435 ;
time : 1487115686 ;
type : event ;

2017-02-15 07:41:26 params :
------------
Array:
rule : -2 ;
module :  ;
message : Array ;

2017-02-15 07:41:26 response :
------------

2017-02-15 08:41:02 trace :
------------
Array:
tousername : gh_6536061e4435 ;
fromusername : oKwkYwzYFOausXAOYTPG-5zQLrRc ;
createtime : 1487119262 ;
msgtype : event ;
event : VIEW ;
eventkey : http://kh39.61why.com/app/index.php?i=2&c=entry&eid=194 ;
menuid : 410600728 ;
from : oKwkYwzYFOausXAOYTPG-5zQLrRc ;
to : gh_6536061e4435 ;
time : 1487119262 ;
type : event ;

2017-02-15 08:41:02 params :
------------
Array:
rule : -2 ;
module :  ;
message : Array ;

2017-02-15 08:41:02 response :
------------

2017-02-15 09:02:24 trace :
------------
Array:
tousername : gh_6536061e4435 ;
fromusername : oKwkYw_xZ14UQdvrJFuiI5E87n8w ;
createtime : 1487120544 ;
msgtype : event ;
event : VIEW ;
eventkey : http://kh39.61why.com/app/index.php?i=2&c=entry&eid=194 ;
menuid : 410600728 ;
from : oKwkYw_xZ14UQdvrJFuiI5E87n8w ;
to : gh_6536061e4435 ;
time : 1487120544 ;
type : event ;

2017-02-15 09:02:24 params :
------------
Array:
rule : -2 ;
module :  ;
message : Array ;

2017-02-15 09:02:24 response :
------------

2017-02-15 09:03:09 trace :
------------
Array:
tousername : gh_6536061e4435 ;
fromusername : oKwkYw_xZ14UQdvrJFuiI5E87n8w ;
createtime : 1487120589 ;
msgtype : event ;
event : VIEW ;
eventkey : http://kh39.61why.com/app/index.php?i=2&c=entry&eid=198 ;
menuid : 410600728 ;
from : oKwkYw_xZ14UQdvrJFuiI5E87n8w ;
to : gh_6536061e4435 ;
time : 1487120589 ;
type : event ;

2017-02-15 09:03:09 params :
------------
Array:
rule : -2 ;
module :  ;
message : Array ;

2017-02-15 09:03:09 response :
------------

2017-02-15 09:04:56 trace :
------------
Array:
tousername : gh_6536061e4435 ;
fromusername : oKwkYw_xZ14UQdvrJFuiI5E87n8w ;
createtime : 1487120696 ;
msgtype : event ;
event : VIEW ;
eventkey : http://kh39.61why.com/app/index.php?i=2&c=entry&eid=198 ;
menuid : 410600728 ;
from : oKwkYw_xZ14UQdvrJFuiI5E87n8w ;
to : gh_6536061e4435 ;
time : 1487120696 ;
type : event ;

2017-02-15 09:04:56 params :
------------
Array:
rule : -2 ;
module :  ;
message : Array ;

2017-02-15 09:04:56 response :
------------

2017-02-15 10:28:17 trace :
------------
Array:
tousername : gh_6536061e4435 ;
fromusername : oKwkYw0cF3fUkEveygB8f0YD_nro ;
createtime : 1487125697 ;
msgtype : event ;
event : VIEW ;
eventkey : http://kh39.61why.com/app/index.php?i=2&c=entry&eid=194 ;
menuid : 410600728 ;
from : oKwkYw0cF3fUkEveygB8f0YD_nro ;
to : gh_6536061e4435 ;
time : 1487125697 ;
type : event ;

2017-02-15 10:28:17 params :
------------
Array:
rule : -2 ;
module :  ;
message : Array ;

2017-02-15 10:28:17 response :
------------

2017-02-15 10:29:51 trace :
------------
Array:
tousername : gh_0ad70057b777 ;
fromusername : o26ibjsrSJzYjD-yXvhf2mf0Ttf8 ;
createtime : 1487125791 ;
msgtype : event ;
event : VIEW ;
eventkey : http://kh39.61why.com/app/index.php?i=2&c=entry&eid=198 ;
menuid : 411738532 ;
from : o26ibjsrSJzYjD-yXvhf2mf0Ttf8 ;
to : gh_0ad70057b777 ;
time : 1487125791 ;
type : event ;

2017-02-15 10:29:51 params :
------------
Array:
rule : -2 ;
module :  ;
message : Array ;

2017-02-15 10:29:51 response :
------------

2017-02-15 10:32:01 trace :
------------
Array:
tousername : gh_0ad70057b777 ;
fromusername : o26ibjsrSJzYjD-yXvhf2mf0Ttf8 ;
createtime : 1487125921 ;
msgtype : event ;
event : VIEW ;
eventkey : http://kh39.61why.com/app/index.php?i=2&c=entry&eid=198 ;
menuid : 411738532 ;
from : o26ibjsrSJzYjD-yXvhf2mf0Ttf8 ;
to : gh_0ad70057b777 ;
time : 1487125921 ;
type : event ;

2017-02-15 10:32:01 params :
------------
Array:
rule : -2 ;
module :  ;
message : Array ;

2017-02-15 10:32:01 response :
------------

2017-02-15 10:36:28 trace :
------------
Array:
tousername : gh_6536061e4435 ;
fromusername : oKwkYw5hiet9aIoMvpfdt0UcJyzc ;
createtime : 1487126188 ;
msgtype : event ;
event : CLICK ;
eventkey : 二维码 ;
from : oKwkYw5hiet9aIoMvpfdt0UcJyzc ;
to : gh_6536061e4435 ;
time : 1487126188 ;
type : event ;

2017-02-15 10:36:49 trace :
------------
Array:
tousername : gh_6536061e4435 ;
fromusername : oKwkYw5hiet9aIoMvpfdt0UcJyzc ;
createtime : 1487126209 ;
msgtype : event ;
event : SCAN ;
eventkey : d8aef4db56ee9b3875f012496226d43e ;
ticket : gQGI8DwAAAAAAAAAAS5odHRwOi8vd2VpeGluLnFxLmNvbS9xLzAyd21ZRjFrSDljbzMxMDAwMGcwN0QAAgQeFW5YAwQAAAAA ;
from : oKwkYw5hiet9aIoMvpfdt0UcJyzc ;
to : gh_6536061e4435 ;
time : 1487126209 ;
type : subscribe ;
scene : d8aef4db56ee9b3875f012496226d43e ;

2017-02-15 10:37:27 trace :
------------
Array:
tousername : gh_6536061e4435 ;
fromusername : oKwkYw5hiet9aIoMvpfdt0UcJyzc ;
createtime : 1487126246 ;
msgtype : event ;
event : VIEW ;
eventkey : http://kh39.61why.com/app/index.php?i=2&c=entry&eid=194 ;
menuid : 410600728 ;
from : oKwkYw5hiet9aIoMvpfdt0UcJyzc ;
to : gh_6536061e4435 ;
time : 1487126246 ;
type : event ;

2017-02-15 10:37:27 params :
------------
Array:
rule : -2 ;
module :  ;
message : Array ;

2017-02-15 10:37:27 response :
------------

2017-02-15 10:45:33 trace :
------------
Array:
tousername : gh_6536061e4435 ;
fromusername : oKwkYw5hiet9aIoMvpfdt0UcJyzc ;
createtime : 1487126733 ;
msgtype : event ;
event : VIEW ;
eventkey : http://kh39.61why.com/app/index.php?i=2&c=entry&eid=198 ;
menuid : 410600728 ;
from : oKwkYw5hiet9aIoMvpfdt0UcJyzc ;
to : gh_6536061e4435 ;
time : 1487126733 ;
type : event ;

2017-02-15 10:45:33 params :
------------
Array:
rule : -2 ;
module :  ;
message : Array ;

2017-02-15 10:45:33 response :
------------

2017-02-15 10:46:42 trace :
------------
Array:
tousername : gh_6536061e4435 ;
fromusername : oKwkYw4R6Y0t1gRXcaEG6SDBQfjQ ;
createtime : 1487126802 ;
msgtype : event ;
event : subscribe ;
eventkey : qrscene_25e80a82210e13a931a20cc3adf9f337 ;
ticket : gQHL8DwAAAAAAAAAAS5odHRwOi8vd2VpeGluLnFxLmNvbS9xLzAyUHBwYTFxSDljbzMxMDAwME0wNzIAAgSpX25YAwQAAAAA ;
from : oKwkYw4R6Y0t1gRXcaEG6SDBQfjQ ;
to : gh_6536061e4435 ;
time : 1487126802 ;
type : subscribe ;
scene : 25e80a82210e13a931a20cc3adf9f337 ;

2017-02-15 10:46:51 trace :
------------
Array:
tousername : gh_6536061e4435 ;
fromusername : oKwkYw4R6Y0t1gRXcaEG6SDBQfjQ ;
createtime : 1487126811 ;
msgtype : event ;
event : VIEW ;
eventkey : http://kh39.61why.com/app/index.php?i=2&c=entry&eid=198 ;
menuid : 410600728 ;
from : oKwkYw4R6Y0t1gRXcaEG6SDBQfjQ ;
to : gh_6536061e4435 ;
time : 1487126811 ;
type : event ;

2017-02-15 10:46:51 params :
------------
Array:
rule : -2 ;
module :  ;
message : Array ;

2017-02-15 10:46:51 response :
------------

2017-02-15 10:47:08 trace :
------------
Array:
tousername : gh_6536061e4435 ;
fromusername : oKwkYw4R6Y0t1gRXcaEG6SDBQfjQ ;
createtime : 1487126828 ;
msgtype : event ;
event : VIEW ;
eventkey : http://kh39.61why.com/app/index.php?i=2&c=entry&eid=198 ;
menuid : 410600728 ;
from : oKwkYw4R6Y0t1gRXcaEG6SDBQfjQ ;
to : gh_6536061e4435 ;
time : 1487126828 ;
type : event ;

2017-02-15 10:47:08 params :
------------
Array:
rule : -2 ;
module :  ;
message : Array ;

2017-02-15 10:47:08 response :
------------

2017-02-15 10:50:55 trace :
------------
Array:
tousername : gh_6536061e4435 ;
fromusername : oKwkYwywEpFgDWbwv_V6u_yoYYIo ;
createtime : 1487127055 ;
msgtype : event ;
event : VIEW ;
eventkey : http://kh39.61why.com/app/index.php?i=2&c=entry&eid=194 ;
menuid : 410600728 ;
from : oKwkYwywEpFgDWbwv_V6u_yoYYIo ;
to : gh_6536061e4435 ;
time : 1487127055 ;
type : event ;

2017-02-15 10:50:55 params :
------------
Array:
rule : -2 ;
module :  ;
message : Array ;

2017-02-15 10:50:55 response :
------------

2017-02-15 10:58:58 trace :
------------
Array:
tousername : gh_6536061e4435 ;
fromusername : oKwkYw4R6Y0t1gRXcaEG6SDBQfjQ ;
createtime : 1487127538 ;
msgtype : event ;
event : VIEW ;
eventkey : http://kh39.61why.com/app/index.php?i=2&c=entry&eid=198 ;
menuid : 410600728 ;
from : oKwkYw4R6Y0t1gRXcaEG6SDBQfjQ ;
to : gh_6536061e4435 ;
time : 1487127538 ;
type : event ;

2017-02-15 10:58:58 params :
------------
Array:
rule : -2 ;
module :  ;
message : Array ;

2017-02-15 10:58:58 response :
------------

2017-02-15 11:08:08 trace :
------------
Array:
tousername : gh_6536061e4435 ;
fromusername : oKwkYw4R6Y0t1gRXcaEG6SDBQfjQ ;
createtime : 1487128088 ;
msgtype : event ;
event : VIEW ;
eventkey : http://kh39.61why.com/app/index.php?i=2&c=entry&eid=198 ;
menuid : 410600728 ;
from : oKwkYw4R6Y0t1gRXcaEG6SDBQfjQ ;
to : gh_6536061e4435 ;
time : 1487128088 ;
type : event ;

2017-02-15 11:08:08 params :
------------
Array:
rule : -2 ;
module :  ;
message : Array ;

2017-02-15 11:08:08 response :
------------

2017-02-15 11:10:15 trace :
------------
Array:
tousername : gh_6536061e4435 ;
fromusername : oKwkYw4R6Y0t1gRXcaEG6SDBQfjQ ;
createtime : 1487128215 ;
msgtype : event ;
event : VIEW ;
eventkey : http://kh39.61why.com/app/index.php?i=2&c=entry&eid=198 ;
menuid : 410600728 ;
from : oKwkYw4R6Y0t1gRXcaEG6SDBQfjQ ;
to : gh_6536061e4435 ;
time : 1487128215 ;
type : event ;

2017-02-15 11:10:15 params :
------------
Array:
rule : -2 ;
module :  ;
message : Array ;

2017-02-15 11:10:15 response :
------------

2017-02-15 11:22:03 trace :
------------
Array:
tousername : gh_6536061e4435 ;
fromusername : oKwkYw4R6Y0t1gRXcaEG6SDBQfjQ ;
createtime : 1487128923 ;
msgtype : event ;
event : VIEW ;
eventkey : http://kh39.61why.com/app/index.php?i=2&c=entry&eid=198 ;
menuid : 410600728 ;
from : oKwkYw4R6Y0t1gRXcaEG6SDBQfjQ ;
to : gh_6536061e4435 ;
time : 1487128923 ;
type : event ;

2017-02-15 11:22:03 params :
------------
Array:
rule : -2 ;
module :  ;
message : Array ;

2017-02-15 11:22:03 response :
------------

2017-02-15 11:24:55 trace :
------------
Array:
tousername : gh_6536061e4435 ;
fromusername : oKwkYw4R6Y0t1gRXcaEG6SDBQfjQ ;
createtime : 1487129095 ;
msgtype : event ;
event : VIEW ;
eventkey : http://kh39.61why.com/app/index.php?i=2&c=entry&eid=194 ;
menuid : 410600728 ;
from : oKwkYw4R6Y0t1gRXcaEG6SDBQfjQ ;
to : gh_6536061e4435 ;
time : 1487129095 ;
type : event ;

2017-02-15 11:24:55 params :
------------
Array:
rule : -2 ;
module :  ;
message : Array ;

2017-02-15 11:24:55 response :
------------

2017-02-15 11:25:35 trace :
------------
Array:
tousername : gh_6536061e4435 ;
fromusername : oKwkYw4R6Y0t1gRXcaEG6SDBQfjQ ;
createtime : 1487129135 ;
msgtype : event ;
event : VIEW ;
eventkey : http://kh39.61why.com/app/index.php?i=2&c=entry&eid=194 ;
menuid : 410600728 ;
from : oKwkYw4R6Y0t1gRXcaEG6SDBQfjQ ;
to : gh_6536061e4435 ;
time : 1487129135 ;
type : event ;

2017-02-15 11:25:35 params :
------------
Array:
rule : -2 ;
module :  ;
message : Array ;

2017-02-15 11:25:35 response :
------------

2017-02-15 11:29:57 trace :
------------
Array:
tousername : gh_6536061e4435 ;
fromusername : oKwkYw5hiet9aIoMvpfdt0UcJyzc ;
createtime : 1487129397 ;
msgtype : event ;
event : VIEW ;
eventkey : http://kh39.61why.com/app/index.php?i=2&c=entry&eid=198 ;
menuid : 410600728 ;
from : oKwkYw5hiet9aIoMvpfdt0UcJyzc ;
to : gh_6536061e4435 ;
time : 1487129397 ;
type : event ;

2017-02-15 11:29:57 params :
------------
Array:
rule : -2 ;
module :  ;
message : Array ;

2017-02-15 11:29:57 response :
------------

2017-02-15 11:31:35 trace :
------------
Array:
tousername : gh_6536061e4435 ;
fromusername : oKwkYw5hiet9aIoMvpfdt0UcJyzc ;
createtime : 1487129495 ;
msgtype : event ;
event : VIEW ;
eventkey : http://kh39.61why.com/app/index.php?i=2&c=entry&eid=198 ;
menuid : 410600728 ;
from : oKwkYw5hiet9aIoMvpfdt0UcJyzc ;
to : gh_6536061e4435 ;
time : 1487129495 ;
type : event ;

2017-02-15 11:31:35 params :
------------
Array:
rule : -2 ;
module :  ;
message : Array ;

2017-02-15 11:31:35 response :
------------

2017-02-15 11:34:26 trace :
------------
Array:
tousername : gh_6536061e4435 ;
fromusername : oKwkYw_xZ14UQdvrJFuiI5E87n8w ;
createtime : 1487129666 ;
msgtype : event ;
event : VIEW ;
eventkey : http://kh39.61why.com/app/index.php?i=2&c=entry&eid=198 ;
menuid : 410600728 ;
from : oKwkYw_xZ14UQdvrJFuiI5E87n8w ;
to : gh_6536061e4435 ;
time : 1487129666 ;
type : event ;

2017-02-15 11:34:26 params :
------------
Array:
rule : -2 ;
module :  ;
message : Array ;

2017-02-15 11:34:26 response :
------------

2017-02-15 11:37:09 trace :
------------
Array:
tousername : gh_6536061e4435 ;
fromusername : oKwkYw_xZ14UQdvrJFuiI5E87n8w ;
createtime : 1487129829 ;
msgtype : event ;
event : VIEW ;
eventkey : http://kh39.61why.com/app/index.php?i=2&c=entry&eid=198 ;
menuid : 410600728 ;
from : oKwkYw_xZ14UQdvrJFuiI5E87n8w ;
to : gh_6536061e4435 ;
time : 1487129829 ;
type : event ;

2017-02-15 11:37:09 params :
------------
Array:
rule : -2 ;
module :  ;
message : Array ;

2017-02-15 11:37:09 response :
------------

2017-02-15 12:08:38 trace :
------------
Array:
tousername : gh_0ad70057b777 ;
fromusername : o26ibjiitOfksFkfSlyx1QenNsLM ;
createtime : 1487131717 ;
msgtype : event ;
event : VIEW ;
eventkey : http://kh39.61why.com/app/index.php?i=2&c=entry&eid=194 ;
menuid : 411738532 ;
from : o26ibjiitOfksFkfSlyx1QenNsLM ;
to : gh_0ad70057b777 ;
time : 1487131717 ;
type : event ;

2017-02-15 12:08:38 params :
------------
Array:
rule : -2 ;
module :  ;
message : Array ;

2017-02-15 12:08:38 response :
------------

2017-02-15 12:09:19 trace :
------------
Array:
tousername : gh_6536061e4435 ;
fromusername : oKwkYw4mpTPGtRjKBcTjcXKAx-gA ;
createtime : 1487131759 ;
msgtype : event ;
event : subscribe ;
eventkey : qrscene_25e80a82210e13a931a20cc3adf9f337 ;
ticket : gQHL8DwAAAAAAAAAAS5odHRwOi8vd2VpeGluLnFxLmNvbS9xLzAyUHBwYTFxSDljbzMxMDAwME0wNzIAAgSpX25YAwQAAAAA ;
from : oKwkYw4mpTPGtRjKBcTjcXKAx-gA ;
to : gh_6536061e4435 ;
time : 1487131759 ;
type : subscribe ;
scene : 25e80a82210e13a931a20cc3adf9f337 ;

2017-02-15 12:11:39 trace :
------------
Array:
tousername : gh_0ad70057b777 ;
fromusername : o26ibjiitOfksFkfSlyx1QenNsLM ;
createtime : 1487131899 ;
msgtype : event ;
event : VIEW ;
eventkey : http://kh39.61why.com/app/index.php?i=2&c=entry&eid=198 ;
menuid : 411738532 ;
from : o26ibjiitOfksFkfSlyx1QenNsLM ;
to : gh_0ad70057b777 ;
time : 1487131899 ;
type : event ;

2017-02-15 12:11:39 params :
------------
Array:
rule : -2 ;
module :  ;
message : Array ;

2017-02-15 12:11:39 response :
------------

2017-02-15 12:26:10 trace :
------------
Array:
tousername : gh_0ad70057b777 ;
fromusername : o26ibjsrSJzYjD-yXvhf2mf0Ttf8 ;
createtime : 1487132770 ;
msgtype : event ;
event : VIEW ;
eventkey : http://kh39.61why.com/app/index.php?i=2&c=entry&eid=198 ;
menuid : 411738532 ;
from : o26ibjsrSJzYjD-yXvhf2mf0Ttf8 ;
to : gh_0ad70057b777 ;
time : 1487132770 ;
type : event ;

2017-02-15 12:26:10 params :
------------
Array:
rule : -2 ;
module :  ;
message : Array ;

2017-02-15 12:26:10 response :
------------

2017-02-15 12:26:29 trace :
------------
Array:
tousername : gh_0ad70057b777 ;
fromusername : o26ibjsrSJzYjD-yXvhf2mf0Ttf8 ;
createtime : 1487132789 ;
msgtype : event ;
event : VIEW ;
eventkey : http://kh39.61why.com/app/index.php?i=2&c=entry&eid=198 ;
menuid : 411738532 ;
from : o26ibjsrSJzYjD-yXvhf2mf0Ttf8 ;
to : gh_0ad70057b777 ;
time : 1487132789 ;
type : event ;

2017-02-15 12:26:29 params :
------------
Array:
rule : -2 ;
module :  ;
message : Array ;

2017-02-15 12:26:29 response :
------------

2017-02-15 12:27:10 trace :
------------
Array:
tousername : gh_0ad70057b777 ;
fromusername : o26ibjsrSJzYjD-yXvhf2mf0Ttf8 ;
createtime : 1487132830 ;
msgtype : event ;
event : VIEW ;
eventkey : http://kh39.61why.com/app/index.php?i=2&c=entry&eid=198 ;
menuid : 411738532 ;
from : o26ibjsrSJzYjD-yXvhf2mf0Ttf8 ;
to : gh_0ad70057b777 ;
time : 1487132830 ;
type : event ;

2017-02-15 12:27:10 params :
------------
Array:
rule : -2 ;
module :  ;
message : Array ;

2017-02-15 12:27:10 response :
------------

2017-02-15 12:37:22 trace :
------------
Array:
tousername : gh_6536061e4435 ;
fromusername : oKwkYw0xRRwDK29pobW4DAl4fZu0 ;
createtime : 1487133442 ;
msgtype : event ;
event : VIEW ;
eventkey : http://kh39.61why.com/app/index.php?i=2&c=entry&eid=194 ;
menuid : 410600728 ;
from : oKwkYw0xRRwDK29pobW4DAl4fZu0 ;
to : gh_6536061e4435 ;
time : 1487133442 ;
type : event ;

2017-02-15 12:37:22 params :
------------
Array:
rule : -2 ;
module :  ;
message : Array ;

2017-02-15 12:37:22 response :
------------

2017-02-15 13:53:42 trace :
------------
Array:
tousername : gh_6536061e4435 ;
fromusername : oKwkYw8ymNesUSuslekugBdj73NA ;
createtime : 1487138022 ;
msgtype : event ;
event : VIEW ;
eventkey : http://kh39.61why.com/app/index.php?i=2&c=entry&eid=194 ;
menuid : 410600728 ;
from : oKwkYw8ymNesUSuslekugBdj73NA ;
to : gh_6536061e4435 ;
time : 1487138022 ;
type : event ;

2017-02-15 13:53:42 params :
------------
Array:
rule : -2 ;
module :  ;
message : Array ;

2017-02-15 13:53:42 response :
------------

2017-02-15 13:58:53 trace :
------------
Array:
tousername : gh_6536061e4435 ;
fromusername : oKwkYw3AYm2BTknUlKfEyD8mW9hM ;
createtime : 1487138332 ;
msgtype : event ;
event : VIEW ;
eventkey : http://kh39.61why.com/app/index.php?i=2&c=entry&eid=198 ;
menuid : 410600728 ;
from : oKwkYw3AYm2BTknUlKfEyD8mW9hM ;
to : gh_6536061e4435 ;
time : 1487138332 ;
type : event ;

2017-02-15 13:58:53 params :
------------
Array:
rule : -2 ;
module :  ;
message : Array ;

2017-02-15 13:58:53 response :
------------

2017-02-15 14:00:33 trace :
------------
Array:
tousername : gh_6536061e4435 ;
fromusername : oKwkYw7K9xHIr91Csk-qENfcagnM ;
createtime : 1487138433 ;
msgtype : event ;
event : VIEW ;
eventkey : http://kh39.61why.com/app/index.php?i=2&c=entry&eid=198 ;
menuid : 410600728 ;
from : oKwkYw7K9xHIr91Csk-qENfcagnM ;
to : gh_6536061e4435 ;
time : 1487138433 ;
type : event ;

2017-02-15 14:00:33 params :
------------
Array:
rule : -2 ;
module :  ;
message : Array ;

2017-02-15 14:00:33 response :
------------

2017-02-15 14:44:26 trace :
------------
Array:
tousername : gh_6536061e4435 ;
fromusername : oKwkYw-e8sopU77qWV30CAmEW5y8 ;
createtime : 1487141066 ;
msgtype : event ;
event : VIEW ;
eventkey : http://kh39.61why.com/app/index.php?i=2&c=entry&eid=194 ;
menuid : 410600728 ;
from : oKwkYw-e8sopU77qWV30CAmEW5y8 ;
to : gh_6536061e4435 ;
time : 1487141066 ;
type : event ;

2017-02-15 14:44:26 params :
------------
Array:
rule : -2 ;
module :  ;
message : Array ;

2017-02-15 14:44:26 response :
------------

2017-02-15 14:52:19 trace :
------------
Array:
tousername : gh_6536061e4435 ;
fromusername : oKwkYwwYq4EhByxPFosA0Iv5zEok ;
createtime : 1487141539 ;
msgtype : event ;
event : VIEW ;
eventkey : http://kh39.61why.com/app/index.php?i=2&c=entry&eid=194 ;
menuid : 410600728 ;
from : oKwkYwwYq4EhByxPFosA0Iv5zEok ;
to : gh_6536061e4435 ;
time : 1487141539 ;
type : event ;

2017-02-15 14:52:19 params :
------------
Array:
rule : -2 ;
module :  ;
message : Array ;

2017-02-15 14:52:19 response :
------------

2017-02-15 14:53:21 trace :
------------
Array:
tousername : gh_6536061e4435 ;
fromusername : oKwkYwwYq4EhByxPFosA0Iv5zEok ;
createtime : 1487141601 ;
msgtype : event ;
event : VIEW ;
eventkey : http://kh39.61why.com/app/index.php?i=2&c=entry&eid=198 ;
menuid : 410600728 ;
from : oKwkYwwYq4EhByxPFosA0Iv5zEok ;
to : gh_6536061e4435 ;
time : 1487141601 ;
type : event ;

2017-02-15 14:53:21 params :
------------
Array:
rule : -2 ;
module :  ;
message : Array ;

2017-02-15 14:53:21 response :
------------

2017-02-15 14:54:20 trace :
------------
Array:
tousername : gh_6536061e4435 ;
fromusername : oKwkYw5hiet9aIoMvpfdt0UcJyzc ;
createtime : 1487141660 ;
msgtype : event ;
event : VIEW ;
eventkey : http://kh39.61why.com/app/index.php?i=2&c=entry&eid=198 ;
menuid : 410600728 ;
from : oKwkYw5hiet9aIoMvpfdt0UcJyzc ;
to : gh_6536061e4435 ;
time : 1487141660 ;
type : event ;

2017-02-15 14:54:20 params :
------------
Array:
rule : -2 ;
module :  ;
message : Array ;

2017-02-15 14:54:20 response :
------------

2017-02-15 15:08:33 trace :
------------
Array:
tousername : gh_6536061e4435 ;
fromusername : oKwkYw5hiet9aIoMvpfdt0UcJyzc ;
createtime : 1487142513 ;
msgtype : event ;
event : VIEW ;
eventkey : http://kh39.61why.com/app/index.php?i=2&c=entry&eid=194 ;
menuid : 410600728 ;
from : oKwkYw5hiet9aIoMvpfdt0UcJyzc ;
to : gh_6536061e4435 ;
time : 1487142513 ;
type : event ;

2017-02-15 15:08:33 params :
------------
Array:
rule : -2 ;
module :  ;
message : Array ;

2017-02-15 15:08:33 response :
------------

2017-02-15 15:17:01 trace :
------------
Array:
tousername : gh_6536061e4435 ;
fromusername : oKwkYw-e8sopU77qWV30CAmEW5y8 ;
createtime : 1487143021 ;
msgtype : event ;
event : CLICK ;
eventkey : 二维码 ;
from : oKwkYw-e8sopU77qWV30CAmEW5y8 ;
to : gh_6536061e4435 ;
time : 1487143021 ;
type : event ;

2017-02-15 15:26:42 trace :
------------
Array:
tousername : gh_6536061e4435 ;
fromusername : oKwkYw-e8sopU77qWV30CAmEW5y8 ;
createtime : 1487143602 ;
msgtype : event ;
event : VIEW ;
eventkey : http://kh39.61why.com/app/index.php?i=2&c=entry&eid=194 ;
menuid : 410600728 ;
from : oKwkYw-e8sopU77qWV30CAmEW5y8 ;
to : gh_6536061e4435 ;
time : 1487143602 ;
type : event ;

2017-02-15 15:26:42 params :
------------
Array:
rule : -2 ;
module :  ;
message : Array ;

2017-02-15 15:26:42 response :
------------

2017-02-15 15:35:18 trace :
------------
Array:
tousername : gh_6536061e4435 ;
fromusername : oKwkYw-e8sopU77qWV30CAmEW5y8 ;
createtime : 1487144118 ;
msgtype : event ;
event : VIEW ;
eventkey : http://kh39.61why.com/app/index.php?i=2&c=entry&eid=194 ;
menuid : 410600728 ;
from : oKwkYw-e8sopU77qWV30CAmEW5y8 ;
to : gh_6536061e4435 ;
time : 1487144118 ;
type : event ;

2017-02-15 15:35:18 params :
------------
Array:
rule : -2 ;
module :  ;
message : Array ;

2017-02-15 15:35:18 response :
------------

2017-02-15 15:37:36 trace :
------------
Array:
tousername : gh_6536061e4435 ;
fromusername : oKwkYw8ymNesUSuslekugBdj73NA ;
createtime : 1487144256 ;
msgtype : event ;
event : SCAN ;
eventkey : b3a772d0c2d26326ec059977fde96a8d ;
ticket : gQHQ8TwAAAAAAAAAAS5odHRwOi8vd2VpeGluLnFxLmNvbS9xLzAyZVZkUjE1SDljbzMxMDAwMHcwN3IAAgQKt6JYAwQAAAAA ;
from : oKwkYw8ymNesUSuslekugBdj73NA ;
to : gh_6536061e4435 ;
time : 1487144256 ;
type : subscribe ;
scene : b3a772d0c2d26326ec059977fde96a8d ;

2017-02-15 15:45:06 trace :
------------
Array:
tousername : gh_6536061e4435 ;
fromusername : oKwkYw-A4DyLfTYgoRLz7jJ1RHVU ;
createtime : 1487144706 ;
msgtype : event ;
event : subscribe ;
eventkey : Array ;
from : oKwkYw-A4DyLfTYgoRLz7jJ1RHVU ;
to : gh_6536061e4435 ;
time : 1487144706 ;
type : subscribe ;

2017-02-15 15:45:06 params :
------------
Array:
rule : -2 ;
module :  ;
message : Array ;

2017-02-15 15:45:06 response :
------------

2017-02-15 15:45:12 trace :
------------
Array:
tousername : gh_6536061e4435 ;
fromusername : oKwkYw-A4DyLfTYgoRLz7jJ1RHVU ;
createtime : 1487144712 ;
msgtype : event ;
event : VIEW ;
eventkey : http://kh39.61why.com/app/index.php?i=2&c=entry&eid=194 ;
menuid : 410600728 ;
from : oKwkYw-A4DyLfTYgoRLz7jJ1RHVU ;
to : gh_6536061e4435 ;
time : 1487144712 ;
type : event ;

2017-02-15 15:45:12 params :
------------
Array:
rule : -2 ;
module :  ;
message : Array ;

2017-02-15 15:45:12 response :
------------

2017-02-15 15:50:46 trace :
------------
Array:
tousername : gh_6536061e4435 ;
fromusername : oKwkYw1KQ5ff5BZ0dgvipwLgZRns ;
createtime : 1487145045 ;
msgtype : event ;
event : VIEW ;
eventkey : http://kh39.61why.com/app/index.php?i=2&c=entry&eid=194 ;
menuid : 410600728 ;
from : oKwkYw1KQ5ff5BZ0dgvipwLgZRns ;
to : gh_6536061e4435 ;
time : 1487145045 ;
type : event ;

2017-02-15 15:50:46 params :
------------
Array:
rule : -2 ;
module :  ;
message : Array ;

2017-02-15 15:50:46 response :
------------

2017-02-15 16:09:13 trace :
------------
Array:
tousername : gh_6536061e4435 ;
fromusername : oKwkYwywxtQq-wIoXEPX7RQyBtoE ;
createtime : 1487146152 ;
msgtype : event ;
event : VIEW ;
eventkey : http://kh39.61why.com/app/index.php?i=2&c=entry&eid=198 ;
menuid : 410600728 ;
from : oKwkYwywxtQq-wIoXEPX7RQyBtoE ;
to : gh_6536061e4435 ;
time : 1487146152 ;
type : event ;

2017-02-15 16:09:13 params :
------------
Array:
rule : -2 ;
module :  ;
message : Array ;

2017-02-15 16:09:13 response :
------------

2017-02-15 16:11:28 trace :
------------
Array:
tousername : gh_6536061e4435 ;
fromusername : oKwkYw_Ra1UcnLQo3b4SQzQ0qsoE ;
createtime : 1487146288 ;
msgtype : event ;
event : VIEW ;
eventkey : http://kh39.61why.com/app/index.php?i=2&c=entry&eid=198 ;
menuid : 410600728 ;
from : oKwkYw_Ra1UcnLQo3b4SQzQ0qsoE ;
to : gh_6536061e4435 ;
time : 1487146288 ;
type : event ;

2017-02-15 16:11:28 params :
------------
Array:
rule : -2 ;
module :  ;
message : Array ;

2017-02-15 16:11:28 response :
------------

2017-02-15 16:25:36 trace :
------------
Array:
tousername : gh_6536061e4435 ;
fromusername : oKwkYw_xZ14UQdvrJFuiI5E87n8w ;
createtime : 1487147136 ;
msgtype : event ;
event : VIEW ;
eventkey : http://kh39.61why.com/app/index.php?i=2&c=entry&eid=198 ;
menuid : 410600728 ;
from : oKwkYw_xZ14UQdvrJFuiI5E87n8w ;
to : gh_6536061e4435 ;
time : 1487147136 ;
type : event ;

2017-02-15 16:25:36 params :
------------
Array:
rule : -2 ;
module :  ;
message : Array ;

2017-02-15 16:25:36 response :
------------

2017-02-15 17:35:01 trace :
------------
Array:
tousername : gh_6536061e4435 ;
fromusername : oKwkYw_czhGJMhzRk-PvvkgFyKMI ;
createtime : 1487151300 ;
msgtype : event ;
event : VIEW ;
eventkey : http://kh39.61why.com/app/index.php?i=2&c=entry&eid=194 ;
menuid : 410600728 ;
from : oKwkYw_czhGJMhzRk-PvvkgFyKMI ;
to : gh_6536061e4435 ;
time : 1487151300 ;
type : event ;

2017-02-15 17:35:01 params :
------------
Array:
rule : -2 ;
module :  ;
message : Array ;

2017-02-15 17:35:01 response :
------------

2017-02-15 17:45:10 trace :
------------
Array:
tousername : gh_6536061e4435 ;
fromusername : oKwkYw_czhGJMhzRk-PvvkgFyKMI ;
createtime : 1487151910 ;
msgtype : event ;
event : VIEW ;
eventkey : http://kh39.61why.com/app/index.php?i=2&c=entry&eid=194 ;
menuid : 410600728 ;
from : oKwkYw_czhGJMhzRk-PvvkgFyKMI ;
to : gh_6536061e4435 ;
time : 1487151910 ;
type : event ;

2017-02-15 17:45:10 params :
------------
Array:
rule : -2 ;
module :  ;
message : Array ;

2017-02-15 17:45:10 response :
------------

2017-02-15 17:46:42 trace :
------------
Array:
tousername : gh_6536061e4435 ;
fromusername : oKwkYwxvDvMKtBKLijNYaVuV7HwU ;
createtime : 1487152002 ;
msgtype : event ;
event : subscribe ;
eventkey : qrscene_25e80a82210e13a931a20cc3adf9f337 ;
ticket : gQHL8DwAAAAAAAAAAS5odHRwOi8vd2VpeGluLnFxLmNvbS9xLzAyUHBwYTFxSDljbzMxMDAwME0wNzIAAgSpX25YAwQAAAAA ;
from : oKwkYwxvDvMKtBKLijNYaVuV7HwU ;
to : gh_6536061e4435 ;
time : 1487152002 ;
type : subscribe ;
scene : 25e80a82210e13a931a20cc3adf9f337 ;

2017-02-15 18:32:24 trace :
------------
Array:
tousername : gh_6536061e4435 ;
fromusername : oKwkYw3EalqxTar_erXWNtpqIAeY ;
createtime : 1487154744 ;
msgtype : event ;
event : CLICK ;
eventkey : 二维码 ;
from : oKwkYw3EalqxTar_erXWNtpqIAeY ;
to : gh_6536061e4435 ;
time : 1487154744 ;
type : event ;

2017-02-15 18:32:27 trace :
------------
Array:
tousername : gh_6536061e4435 ;
fromusername : oKwkYw3EalqxTar_erXWNtpqIAeY ;
createtime : 1487154747 ;
msgtype : event ;
event : VIEW ;
eventkey : http://kh39.61why.com/app/index.php?i=2&c=entry&eid=198 ;
menuid : 410600728 ;
from : oKwkYw3EalqxTar_erXWNtpqIAeY ;
to : gh_6536061e4435 ;
time : 1487154747 ;
type : event ;

2017-02-15 18:32:27 params :
------------
Array:
rule : -2 ;
module :  ;
message : Array ;

2017-02-15 18:32:27 response :
------------

2017-02-15 18:35:47 trace :
------------
Array:
tousername : gh_6536061e4435 ;
fromusername : oKwkYw3EalqxTar_erXWNtpqIAeY ;
createtime : 1487154946 ;
msgtype : event ;
event : VIEW ;
eventkey : http://kh39.61why.com/app/index.php?i=2&c=entry&eid=198 ;
menuid : 410600728 ;
from : oKwkYw3EalqxTar_erXWNtpqIAeY ;
to : gh_6536061e4435 ;
time : 1487154946 ;
type : event ;

2017-02-15 18:35:47 params :
------------
Array:
rule : -2 ;
module :  ;
message : Array ;

2017-02-15 18:35:47 response :
------------

2017-02-15 18:37:41 trace :
------------
Array:
tousername : gh_6536061e4435 ;
fromusername : oKwkYw3EalqxTar_erXWNtpqIAeY ;
createtime : 1487155061 ;
msgtype : event ;
event : VIEW ;
eventkey : http://kh39.61why.com/app/index.php?i=2&c=entry&eid=198 ;
menuid : 410600728 ;
from : oKwkYw3EalqxTar_erXWNtpqIAeY ;
to : gh_6536061e4435 ;
time : 1487155061 ;
type : event ;

2017-02-15 18:37:41 params :
------------
Array:
rule : -2 ;
module :  ;
message : Array ;

2017-02-15 18:37:41 response :
------------

2017-02-15 18:38:13 trace :
------------
Array:
tousername : gh_6536061e4435 ;
fromusername : oKwkYw3EalqxTar_erXWNtpqIAeY ;
createtime : 1487155093 ;
msgtype : event ;
event : VIEW ;
eventkey : http://kh39.61why.com/app/index.php?i=2&c=entry&eid=198 ;
menuid : 410600728 ;
from : oKwkYw3EalqxTar_erXWNtpqIAeY ;
to : gh_6536061e4435 ;
time : 1487155093 ;
type : event ;

2017-02-15 18:38:13 params :
------------
Array:
rule : -2 ;
module :  ;
message : Array ;

2017-02-15 18:38:13 response :
------------

2017-02-15 18:38:32 trace :
------------
Array:
tousername : gh_6536061e4435 ;
fromusername : oKwkYw3EalqxTar_erXWNtpqIAeY ;
createtime : 1487155111 ;
msgtype : event ;
event : VIEW ;
eventkey : http://kh39.61why.com/app/index.php?i=2&c=entry&eid=198 ;
menuid : 410600728 ;
from : oKwkYw3EalqxTar_erXWNtpqIAeY ;
to : gh_6536061e4435 ;
time : 1487155111 ;
type : event ;

2017-02-15 18:38:32 params :
------------
Array:
rule : -2 ;
module :  ;
message : Array ;

2017-02-15 18:38:32 response :
------------

2017-02-15 19:17:20 trace :
------------
Array:
tousername : gh_6536061e4435 ;
fromusername : oKwkYw0D7snKw9WJkTr_EzwW-SF0 ;
createtime : 1487157440 ;
msgtype : event ;
event : VIEW ;
eventkey : http://kh39.61why.com/app/index.php?i=2&c=entry&eid=198 ;
menuid : 410600728 ;
from : oKwkYw0D7snKw9WJkTr_EzwW-SF0 ;
to : gh_6536061e4435 ;
time : 1487157440 ;
type : event ;

2017-02-15 19:17:20 params :
------------
Array:
rule : -2 ;
module :  ;
message : Array ;

2017-02-15 19:17:20 response :
------------

2017-02-15 19:17:55 trace :
------------
Array:
tousername : gh_6536061e4435 ;
fromusername : oKwkYw0D7snKw9WJkTr_EzwW-SF0 ;
createtime : 1487157475 ;
msgtype : event ;
event : VIEW ;
eventkey : http://kh39.61why.com/app/index.php?i=2&c=entry&eid=194 ;
menuid : 410600728 ;
from : oKwkYw0D7snKw9WJkTr_EzwW-SF0 ;
to : gh_6536061e4435 ;
time : 1487157475 ;
type : event ;

2017-02-15 19:17:55 params :
------------
Array:
rule : -2 ;
module :  ;
message : Array ;

2017-02-15 19:17:55 response :
------------

2017-02-15 19:19:11 trace :
------------
Array:
tousername : gh_6536061e4435 ;
fromusername : oKwkYwywxtQq-wIoXEPX7RQyBtoE ;
createtime : 1487157551 ;
msgtype : event ;
event : VIEW ;
eventkey : http://kh39.61why.com/app/index.php?i=2&c=entry&eid=198 ;
menuid : 410600728 ;
from : oKwkYwywxtQq-wIoXEPX7RQyBtoE ;
to : gh_6536061e4435 ;
time : 1487157551 ;
type : event ;

2017-02-15 19:19:11 params :
------------
Array:
rule : -2 ;
module :  ;
message : Array ;

2017-02-15 19:19:11 response :
------------

2017-02-15 19:45:22 trace :
------------
Array:
tousername : gh_6536061e4435 ;
fromusername : oKwkYw22rCbBSaALxIaH8w23nsLQ ;
createtime : 1487159122 ;
msgtype : event ;
event : VIEW ;
eventkey : http://kh39.61why.com/app/index.php?i=2&c=entry&eid=198 ;
menuid : 410600728 ;
from : oKwkYw22rCbBSaALxIaH8w23nsLQ ;
to : gh_6536061e4435 ;
time : 1487159122 ;
type : event ;

2017-02-15 19:45:22 params :
------------
Array:
rule : -2 ;
module :  ;
message : Array ;

2017-02-15 19:45:22 response :
------------

2017-02-15 19:45:33 trace :
------------
Array:
tousername : gh_6536061e4435 ;
fromusername : oKwkYw22rCbBSaALxIaH8w23nsLQ ;
createtime : 1487159133 ;
msgtype : event ;
event : VIEW ;
eventkey : http://kh39.61why.com/app/index.php?i=2&c=entry&eid=198 ;
menuid : 410600728 ;
from : oKwkYw22rCbBSaALxIaH8w23nsLQ ;
to : gh_6536061e4435 ;
time : 1487159133 ;
type : event ;

2017-02-15 19:45:33 params :
------------
Array:
rule : -2 ;
module :  ;
message : Array ;

2017-02-15 19:45:33 response :
------------

2017-02-15 19:47:11 trace :
------------
Array:
tousername : gh_6536061e4435 ;
fromusername : oKwkYw0zwggQHwjoqxKIK7uyu5Bk ;
createtime : 1487159231 ;
msgtype : event ;
event : SCAN ;
eventkey : 00b75b629b0047609dd8822e8645fe38 ;
ticket : gQEm8TwAAAAAAAAAAS5odHRwOi8vd2VpeGluLnFxLmNvbS9xLzAyTTV3VjBuSDljbzMxMDAwMGcwN3QAAgSVAm5YAwQAAAAA ;
from : oKwkYw0zwggQHwjoqxKIK7uyu5Bk ;
to : gh_6536061e4435 ;
time : 1487159231 ;
type : subscribe ;
scene : 00b75b629b0047609dd8822e8645fe38 ;

2017-02-15 19:47:22 trace :
------------
Array:
tousername : gh_6536061e4435 ;
fromusername : oKwkYw0zwggQHwjoqxKIK7uyu5Bk ;
createtime : 1487159242 ;
msgtype : event ;
event : CLICK ;
eventkey : 二维码 ;
from : oKwkYw0zwggQHwjoqxKIK7uyu5Bk ;
to : gh_6536061e4435 ;
time : 1487159242 ;
type : event ;

2017-02-15 19:49:18 trace :
------------
Array:
tousername : gh_6536061e4435 ;
fromusername : oKwkYw22rCbBSaALxIaH8w23nsLQ ;
createtime : 1487159358 ;
msgtype : event ;
event : VIEW ;
eventkey : http://kh39.61why.com/app/index.php?i=2&c=entry&eid=198 ;
menuid : 410600728 ;
from : oKwkYw22rCbBSaALxIaH8w23nsLQ ;
to : gh_6536061e4435 ;
time : 1487159358 ;
type : event ;

2017-02-15 19:49:18 params :
------------
Array:
rule : -2 ;
module :  ;
message : Array ;

2017-02-15 19:49:18 response :
------------

2017-02-15 19:49:23 trace :
------------
Array:
tousername : gh_6536061e4435 ;
fromusername : oKwkYwywxtQq-wIoXEPX7RQyBtoE ;
createtime : 1487159363 ;
msgtype : event ;
event : VIEW ;
eventkey : http://kh39.61why.com/app/index.php?i=2&c=entry&eid=198 ;
menuid : 410600728 ;
from : oKwkYwywxtQq-wIoXEPX7RQyBtoE ;
to : gh_6536061e4435 ;
time : 1487159363 ;
type : event ;

2017-02-15 19:49:23 params :
------------
Array:
rule : -2 ;
module :  ;
message : Array ;

2017-02-15 19:49:23 response :
------------

2017-02-15 19:51:29 trace :
------------
Array:
tousername : gh_6536061e4435 ;
fromusername : oKwkYw22rCbBSaALxIaH8w23nsLQ ;
createtime : 1487159489 ;
msgtype : event ;
event : VIEW ;
eventkey : http://kh39.61why.com/app/index.php?i=2&c=entry&eid=198 ;
menuid : 410600728 ;
from : oKwkYw22rCbBSaALxIaH8w23nsLQ ;
to : gh_6536061e4435 ;
time : 1487159489 ;
type : event ;

2017-02-15 19:51:29 params :
------------
Array:
rule : -2 ;
module :  ;
message : Array ;

2017-02-15 19:51:29 response :
------------

2017-02-15 19:56:43 trace :
------------
Array:
tousername : gh_6536061e4435 ;
fromusername : oKwkYw3hjTXW1Tg8vQaivNq23Jxs ;
createtime : 1487159802 ;
msgtype : event ;
event : CLICK ;
eventkey : 二维码 ;
from : oKwkYw3hjTXW1Tg8vQaivNq23Jxs ;
to : gh_6536061e4435 ;
time : 1487159802 ;
type : event ;

2017-02-15 19:56:49 trace :
------------
Array:
tousername : gh_6536061e4435 ;
fromusername : oKwkYw3hjTXW1Tg8vQaivNq23Jxs ;
createtime : 1487159809 ;
msgtype : event ;
event : VIEW ;
eventkey : http://kh39.61why.com/app/index.php?i=2&c=entry&eid=198 ;
menuid : 410600728 ;
from : oKwkYw3hjTXW1Tg8vQaivNq23Jxs ;
to : gh_6536061e4435 ;
time : 1487159809 ;
type : event ;

2017-02-15 19:56:49 params :
------------
Array:
rule : -2 ;
module :  ;
message : Array ;

2017-02-15 19:56:49 response :
------------

2017-02-15 20:10:53 trace :
------------
Array:
tousername : gh_6536061e4435 ;
fromusername : oKwkYw22rCbBSaALxIaH8w23nsLQ ;
createtime : 1487160653 ;
msgtype : event ;
event : VIEW ;
eventkey : http://kh39.61why.com/app/index.php?i=2&c=entry&eid=198 ;
menuid : 410600728 ;
from : oKwkYw22rCbBSaALxIaH8w23nsLQ ;
to : gh_6536061e4435 ;
time : 1487160653 ;
type : event ;

2017-02-15 20:10:53 params :
------------
Array:
rule : -2 ;
module :  ;
message : Array ;

2017-02-15 20:10:53 response :
------------

2017-02-15 20:11:52 trace :
------------
Array:
tousername : gh_6536061e4435 ;
fromusername : oKwkYwxrN38T1CSCwCGr-IvUIsMg ;
createtime : 1487160712 ;
msgtype : event ;
event : subscribe ;
eventkey : qrscene_00b75b629b0047609dd8822e8645fe38 ;
ticket : gQEm8TwAAAAAAAAAAS5odHRwOi8vd2VpeGluLnFxLmNvbS9xLzAyTTV3VjBuSDljbzMxMDAwMGcwN3QAAgSVAm5YAwQAAAAA ;
from : oKwkYwxrN38T1CSCwCGr-IvUIsMg ;
to : gh_6536061e4435 ;
time : 1487160712 ;
type : subscribe ;
scene : 00b75b629b0047609dd8822e8645fe38 ;

2017-02-15 20:13:27 trace :
------------
Array:
tousername : gh_6536061e4435 ;
fromusername : oKwkYw_t25a3xCC4angqawsU2U9Q ;
createtime : 1487160807 ;
msgtype : event ;
event : subscribe ;
eventkey : qrscene_00b75b629b0047609dd8822e8645fe38 ;
ticket : gQEm8TwAAAAAAAAAAS5odHRwOi8vd2VpeGluLnFxLmNvbS9xLzAyTTV3VjBuSDljbzMxMDAwMGcwN3QAAgSVAm5YAwQAAAAA ;
from : oKwkYw_t25a3xCC4angqawsU2U9Q ;
to : gh_6536061e4435 ;
time : 1487160807 ;
type : subscribe ;
scene : 00b75b629b0047609dd8822e8645fe38 ;

2017-02-15 20:13:34 trace :
------------
Array:
tousername : gh_6536061e4435 ;
fromusername : oKwkYw_t25a3xCC4angqawsU2U9Q ;
createtime : 1487160814 ;
msgtype : event ;
event : VIEW ;
eventkey : http://kh39.61why.com/app/index.php?i=2&c=entry&eid=198 ;
menuid : 410600728 ;
from : oKwkYw_t25a3xCC4angqawsU2U9Q ;
to : gh_6536061e4435 ;
time : 1487160814 ;
type : event ;

2017-02-15 20:13:34 params :
------------
Array:
rule : -2 ;
module :  ;
message : Array ;

2017-02-15 20:13:34 response :
------------

2017-02-15 20:13:40 trace :
------------
Array:
tousername : gh_6536061e4435 ;
fromusername : oKwkYw_t25a3xCC4angqawsU2U9Q ;
createtime : 1487160820 ;
msgtype : event ;
event : VIEW ;
eventkey : http://kh39.61why.com/app/index.php?i=2&c=entry&eid=194 ;
menuid : 410600728 ;
from : oKwkYw_t25a3xCC4angqawsU2U9Q ;
to : gh_6536061e4435 ;
time : 1487160820 ;
type : event ;

2017-02-15 20:13:40 params :
------------
Array:
rule : -2 ;
module :  ;
message : Array ;

2017-02-15 20:13:40 response :
------------

2017-02-15 20:14:53 trace :
------------
Array:
tousername : gh_6536061e4435 ;
fromusername : oKwkYw_t25a3xCC4angqawsU2U9Q ;
createtime : 1487160893 ;
msgtype : event ;
event : VIEW ;
eventkey : http://kh39.61why.com/app/index.php?i=2&c=entry&eid=198 ;
menuid : 410600728 ;
from : oKwkYw_t25a3xCC4angqawsU2U9Q ;
to : gh_6536061e4435 ;
time : 1487160893 ;
type : event ;

2017-02-15 20:14:53 params :
------------
Array:
rule : -2 ;
module :  ;
message : Array ;

2017-02-15 20:14:53 response :
------------

2017-02-15 20:15:00 trace :
------------
Array:
tousername : gh_6536061e4435 ;
fromusername : oKwkYw2M0KK8lTZm5TDxdH8foZ3A ;
createtime : 1487160900 ;
msgtype : event ;
event : subscribe ;
eventkey : qrscene_00b75b629b0047609dd8822e8645fe38 ;
ticket : gQEm8TwAAAAAAAAAAS5odHRwOi8vd2VpeGluLnFxLmNvbS9xLzAyTTV3VjBuSDljbzMxMDAwMGcwN3QAAgSVAm5YAwQAAAAA ;
from : oKwkYw2M0KK8lTZm5TDxdH8foZ3A ;
to : gh_6536061e4435 ;
time : 1487160900 ;
type : subscribe ;
scene : 00b75b629b0047609dd8822e8645fe38 ;

2017-02-15 20:15:06 trace :
------------
Array:
tousername : gh_6536061e4435 ;
fromusername : oKwkYw2M0KK8lTZm5TDxdH8foZ3A ;
createtime : 1487160906 ;
msgtype : event ;
event : CLICK ;
eventkey : 二维码 ;
from : oKwkYw2M0KK8lTZm5TDxdH8foZ3A ;
to : gh_6536061e4435 ;
time : 1487160906 ;
type : event ;

2017-02-15 20:15:18 trace :
------------
Array:
tousername : gh_6536061e4435 ;
fromusername : oKwkYw2M0KK8lTZm5TDxdH8foZ3A ;
createtime : 1487160918 ;
msgtype : event ;
event : SCAN ;
eventkey : 948c583405a2e715d7dd9c05d17ee5d7 ;
ticket : gQF_8TwAAAAAAAAAAS5odHRwOi8vd2VpeGluLnFxLmNvbS9xLzAyVWlCSDAzSDljbzMxMDAwME0wN0gAAgRLRqRYAwQAAAAA ;
from : oKwkYw2M0KK8lTZm5TDxdH8foZ3A ;
to : gh_6536061e4435 ;
time : 1487160918 ;
type : subscribe ;
scene : 948c583405a2e715d7dd9c05d17ee5d7 ;

2017-02-15 20:15:35 trace :
------------
Array:
tousername : gh_6536061e4435 ;
fromusername : oKwkYw2M0KK8lTZm5TDxdH8foZ3A ;
createtime : 1487160935 ;
msgtype : event ;
event : VIEW ;
eventkey : http://kh39.61why.com/app/index.php?i=2&c=entry&eid=194 ;
menuid : 410600728 ;
from : oKwkYw2M0KK8lTZm5TDxdH8foZ3A ;
to : gh_6536061e4435 ;
time : 1487160935 ;
type : event ;

2017-02-15 20:15:35 params :
------------
Array:
rule : -2 ;
module :  ;
message : Array ;

2017-02-15 20:15:35 response :
------------

2017-02-15 20:15:37 trace :
------------
Array:
tousername : gh_6536061e4435 ;
fromusername : oKwkYw_t25a3xCC4angqawsU2U9Q ;
createtime : 1487160937 ;
msgtype : event ;
event : VIEW ;
eventkey : http://kh39.61why.com/app/index.php?i=2&c=entry&eid=198 ;
menuid : 410600728 ;
from : oKwkYw_t25a3xCC4angqawsU2U9Q ;
to : gh_6536061e4435 ;
time : 1487160937 ;
type : event ;

2017-02-15 20:15:37 params :
------------
Array:
rule : -2 ;
module :  ;
message : Array ;

2017-02-15 20:15:37 response :
------------

2017-02-15 20:15:40 trace :
------------
Array:
tousername : gh_6536061e4435 ;
fromusername : oKwkYw_t25a3xCC4angqawsU2U9Q ;
createtime : 1487160940 ;
msgtype : event ;
event : VIEW ;
eventkey : http://kh39.61why.com/app/index.php?i=2&c=entry&eid=194 ;
menuid : 410600728 ;
from : oKwkYw_t25a3xCC4angqawsU2U9Q ;
to : gh_6536061e4435 ;
time : 1487160940 ;
type : event ;

2017-02-15 20:15:40 params :
------------
Array:
rule : -2 ;
module :  ;
message : Array ;

2017-02-15 20:15:40 response :
------------

2017-02-15 20:16:24 trace :
------------
Array:
tousername : gh_6536061e4435 ;
fromusername : oKwkYw22rCbBSaALxIaH8w23nsLQ ;
createtime : 1487160984 ;
msgtype : event ;
event : VIEW ;
eventkey : http://kh39.61why.com/app/index.php?i=2&c=entry&eid=198 ;
menuid : 410600728 ;
from : oKwkYw22rCbBSaALxIaH8w23nsLQ ;
to : gh_6536061e4435 ;
time : 1487160984 ;
type : event ;

2017-02-15 20:16:24 params :
------------
Array:
rule : -2 ;
module :  ;
message : Array ;

2017-02-15 20:16:24 response :
------------

2017-02-15 20:18:01 trace :
------------
Array:
tousername : gh_6536061e4435 ;
fromusername : oKwkYw7K9xHIr91Csk-qENfcagnM ;
createtime : 1487161081 ;
msgtype : event ;
event : VIEW ;
eventkey : http://kh39.61why.com/app/index.php?i=2&c=entry&eid=198 ;
menuid : 410600728 ;
from : oKwkYw7K9xHIr91Csk-qENfcagnM ;
to : gh_6536061e4435 ;
time : 1487161081 ;
type : event ;

2017-02-15 20:18:01 params :
------------
Array:
rule : -2 ;
module :  ;
message : Array ;

2017-02-15 20:18:01 response :
------------

2017-02-15 20:25:13 trace :
------------
Array:
tousername : gh_6536061e4435 ;
fromusername : oKwkYw5S8zWw6zCS6dGdWuuV95fM ;
createtime : 1487161513 ;
msgtype : event ;
event : VIEW ;
eventkey : http://kh39.61why.com/app/index.php?i=2&c=entry&eid=194 ;
menuid : 410600728 ;
from : oKwkYw5S8zWw6zCS6dGdWuuV95fM ;
to : gh_6536061e4435 ;
time : 1487161513 ;
type : event ;

2017-02-15 20:25:13 params :
------------
Array:
rule : -2 ;
module :  ;
message : Array ;

2017-02-15 20:25:13 response :
------------

2017-02-15 20:27:12 trace :
------------
Array:
tousername : gh_6536061e4435 ;
fromusername : oKwkYwzpllIUIBPapjx6wqGu2pas ;
createtime : 1487161632 ;
msgtype : event ;
event : VIEW ;
eventkey : http://kh39.61why.com/app/index.php?i=2&c=entry&eid=198 ;
menuid : 410600728 ;
from : oKwkYwzpllIUIBPapjx6wqGu2pas ;
to : gh_6536061e4435 ;
time : 1487161632 ;
type : event ;

2017-02-15 20:27:12 params :
------------
Array:
rule : -2 ;
module :  ;
message : Array ;

2017-02-15 20:27:12 response :
------------

2017-02-15 20:42:24 trace :
------------
Array:
tousername : gh_6536061e4435 ;
fromusername : oKwkYw6oa84_km8pXQTA7wI2asAg ;
createtime : 1487162544 ;
msgtype : event ;
event : subscribe ;
eventkey : qrscene_5922f8d6f39b9b783585a65bbd331661 ;
ticket : gQHr8jwAAAAAAAAAAS5odHRwOi8vd2VpeGluLnFxLmNvbS9xLzAyOS03djBLSDljbzMxMDAwME0wN3MAAgSJkKFYAwQAAAAA ;
from : oKwkYw6oa84_km8pXQTA7wI2asAg ;
to : gh_6536061e4435 ;
time : 1487162544 ;
type : subscribe ;
scene : 5922f8d6f39b9b783585a65bbd331661 ;

2017-02-15 20:49:10 trace :
------------
Array:
tousername : gh_6536061e4435 ;
fromusername : oKwkYwyDGxjD94GcBXH6UKKOGkuo ;
createtime : 1487162950 ;
msgtype : event ;
event : subscribe ;
eventkey : qrscene_5922f8d6f39b9b783585a65bbd331661 ;
ticket : gQHr8jwAAAAAAAAAAS5odHRwOi8vd2VpeGluLnFxLmNvbS9xLzAyOS03djBLSDljbzMxMDAwME0wN3MAAgSJkKFYAwQAAAAA ;
from : oKwkYwyDGxjD94GcBXH6UKKOGkuo ;
to : gh_6536061e4435 ;
time : 1487162950 ;
type : subscribe ;
scene : 5922f8d6f39b9b783585a65bbd331661 ;

2017-02-15 20:49:16 trace :
------------
Array:
tousername : gh_6536061e4435 ;
fromusername : oKwkYwyDGxjD94GcBXH6UKKOGkuo ;
createtime : 1487162956 ;
msgtype : event ;
event : VIEW ;
eventkey : http://kh39.61why.com/app/index.php?i=2&c=entry&eid=194 ;
menuid : 410600728 ;
from : oKwkYwyDGxjD94GcBXH6UKKOGkuo ;
to : gh_6536061e4435 ;
time : 1487162956 ;
type : event ;

2017-02-15 20:49:16 params :
------------
Array:
rule : -2 ;
module :  ;
message : Array ;

2017-02-15 20:49:16 response :
------------

2017-02-15 20:58:31 trace :
------------
Array:
tousername : gh_6536061e4435 ;
fromusername : oKwkYw22rCbBSaALxIaH8w23nsLQ ;
createtime : 1487163511 ;
msgtype : event ;
event : VIEW ;
eventkey : http://kh39.61why.com/app/index.php?i=2&c=entry&eid=198 ;
menuid : 410600728 ;
from : oKwkYw22rCbBSaALxIaH8w23nsLQ ;
to : gh_6536061e4435 ;
time : 1487163511 ;
type : event ;

2017-02-15 20:58:31 params :
------------
Array:
rule : -2 ;
module :  ;
message : Array ;

2017-02-15 20:58:31 response :
------------

2017-02-15 21:03:38 trace :
------------
Array:
tousername : gh_6536061e4435 ;
fromusername : oKwkYw1KQ5ff5BZ0dgvipwLgZRns ;
createtime : 1487163818 ;
msgtype : event ;
event : VIEW ;
eventkey : http://kh39.61why.com/app/index.php?i=2&c=entry&eid=198 ;
menuid : 410600728 ;
from : oKwkYw1KQ5ff5BZ0dgvipwLgZRns ;
to : gh_6536061e4435 ;
time : 1487163818 ;
type : event ;

2017-02-15 21:03:38 params :
------------
Array:
rule : -2 ;
module :  ;
message : Array ;

2017-02-15 21:03:38 response :
------------

2017-02-15 21:04:03 trace :
------------
Array:
tousername : gh_6536061e4435 ;
fromusername : oKwkYw1KQ5ff5BZ0dgvipwLgZRns ;
createtime : 1487163843 ;
msgtype : event ;
event : VIEW ;
eventkey : http://kh39.61why.com/app/index.php?i=2&c=entry&eid=194 ;
menuid : 410600728 ;
from : oKwkYw1KQ5ff5BZ0dgvipwLgZRns ;
to : gh_6536061e4435 ;
time : 1487163843 ;
type : event ;

2017-02-15 21:04:03 params :
------------
Array:
rule : -2 ;
module :  ;
message : Array ;

2017-02-15 21:04:03 response :
------------

2017-02-15 21:14:56 trace :
------------
Array:
tousername : gh_6536061e4435 ;
fromusername : oKwkYw22rCbBSaALxIaH8w23nsLQ ;
createtime : 1487164496 ;
msgtype : event ;
event : VIEW ;
eventkey : http://kh39.61why.com/app/index.php?i=2&c=entry&eid=198 ;
menuid : 410600728 ;
from : oKwkYw22rCbBSaALxIaH8w23nsLQ ;
to : gh_6536061e4435 ;
time : 1487164496 ;
type : event ;

2017-02-15 21:14:56 params :
------------
Array:
rule : -2 ;
module :  ;
message : Array ;

2017-02-15 21:14:56 response :
------------

2017-02-15 21:23:42 trace :
------------
Array:
tousername : gh_6536061e4435 ;
fromusername : oKwkYw4ke45ds9O5HkqMCax-ISTM ;
createtime : 1487165022 ;
msgtype : event ;
event : SCAN ;
eventkey : 25e80a82210e13a931a20cc3adf9f337 ;
ticket : gQHL8DwAAAAAAAAAAS5odHRwOi8vd2VpeGluLnFxLmNvbS9xLzAyUHBwYTFxSDljbzMxMDAwME0wNzIAAgSpX25YAwQAAAAA ;
from : oKwkYw4ke45ds9O5HkqMCax-ISTM ;
to : gh_6536061e4435 ;
time : 1487165022 ;
type : subscribe ;
scene : 25e80a82210e13a931a20cc3adf9f337 ;

2017-02-15 21:23:47 trace :
------------
Array:
tousername : gh_6536061e4435 ;
fromusername : oKwkYw4ke45ds9O5HkqMCax-ISTM ;
createtime : 1487165027 ;
msgtype : event ;
event : SCAN ;
eventkey : a771e281fcd09ccad56d0cba953c6906 ;
ticket : gQFj8jwAAAAAAAAAAS5odHRwOi8vd2VpeGluLnFxLmNvbS9xLzAydlFmMzF6SDljbzMxMDAwME0wNzUAAgSiv6JYAwQAAAAA ;
from : oKwkYw4ke45ds9O5HkqMCax-ISTM ;
to : gh_6536061e4435 ;
time : 1487165027 ;
type : subscribe ;
scene : a771e281fcd09ccad56d0cba953c6906 ;

2017-02-15 21:23:50 trace :
------------
Array:
tousername : gh_6536061e4435 ;
fromusername : oKwkYw4ke45ds9O5HkqMCax-ISTM ;
createtime : 1487165030 ;
msgtype : event ;
event : CLICK ;
eventkey : 二维码 ;
from : oKwkYw4ke45ds9O5HkqMCax-ISTM ;
to : gh_6536061e4435 ;
time : 1487165030 ;
type : event ;

2017-02-15 21:23:56 trace :
------------
Array:
tousername : gh_6536061e4435 ;
fromusername : oKwkYw4ke45ds9O5HkqMCax-ISTM ;
createtime : 1487165036 ;
msgtype : event ;
event : VIEW ;
eventkey : http://kh39.61why.com/app/index.php?i=2&c=entry&eid=198 ;
menuid : 410600728 ;
from : oKwkYw4ke45ds9O5HkqMCax-ISTM ;
to : gh_6536061e4435 ;
time : 1487165036 ;
type : event ;

2017-02-15 21:23:56 params :
------------
Array:
rule : -2 ;
module :  ;
message : Array ;

2017-02-15 21:23:56 response :
------------

2017-02-15 21:26:14 trace :
------------
Array:
tousername : gh_6536061e4435 ;
fromusername : oKwkYw4ke45ds9O5HkqMCax-ISTM ;
createtime : 1487165174 ;
msgtype : event ;
event : VIEW ;
eventkey : http://kh39.61why.com/app/index.php?i=2&c=entry&eid=198 ;
menuid : 410600728 ;
from : oKwkYw4ke45ds9O5HkqMCax-ISTM ;
to : gh_6536061e4435 ;
time : 1487165174 ;
type : event ;

2017-02-15 21:26:14 params :
------------
Array:
rule : -2 ;
module :  ;
message : Array ;

2017-02-15 21:26:14 response :
------------

2017-02-15 21:26:30 trace :
------------
Array:
tousername : gh_6536061e4435 ;
fromusername : oKwkYw4ke45ds9O5HkqMCax-ISTM ;
createtime : 1487165190 ;
msgtype : event ;
event : VIEW ;
eventkey : http://kh39.61why.com/app/index.php?i=2&c=entry&eid=198 ;
menuid : 410600728 ;
from : oKwkYw4ke45ds9O5HkqMCax-ISTM ;
to : gh_6536061e4435 ;
time : 1487165190 ;
type : event ;

2017-02-15 21:26:30 params :
------------
Array:
rule : -2 ;
module :  ;
message : Array ;

2017-02-15 21:26:30 response :
------------

2017-02-15 21:28:31 trace :
------------
Array:
tousername : gh_6536061e4435 ;
fromusername : oKwkYw4ke45ds9O5HkqMCax-ISTM ;
createtime : 1487165311 ;
msgtype : event ;
event : VIEW ;
eventkey : http://kh39.61why.com/app/index.php?i=2&c=entry&eid=198 ;
menuid : 410600728 ;
from : oKwkYw4ke45ds9O5HkqMCax-ISTM ;
to : gh_6536061e4435 ;
time : 1487165311 ;
type : event ;

2017-02-15 21:28:31 params :
------------
Array:
rule : -2 ;
module :  ;
message : Array ;

2017-02-15 21:28:31 response :
------------

2017-02-15 21:28:34 trace :
------------
Array:
tousername : gh_6536061e4435 ;
fromusername : oKwkYw4ke45ds9O5HkqMCax-ISTM ;
createtime : 1487165314 ;
msgtype : event ;
event : VIEW ;
eventkey : http://kh39.61why.com/app/index.php?i=2&c=entry&eid=194 ;
menuid : 410600728 ;
from : oKwkYw4ke45ds9O5HkqMCax-ISTM ;
to : gh_6536061e4435 ;
time : 1487165314 ;
type : event ;

2017-02-15 21:28:34 params :
------------
Array:
rule : -2 ;
module :  ;
message : Array ;

2017-02-15 21:28:34 response :
------------

2017-02-15 21:31:10 trace :
------------
Array:
tousername : gh_6536061e4435 ;
fromusername : oKwkYw4ke45ds9O5HkqMCax-ISTM ;
createtime : 1487165469 ;
msgtype : event ;
event : VIEW ;
eventkey : http://kh39.61why.com/app/index.php?i=2&c=entry&eid=194 ;
menuid : 410600728 ;
from : oKwkYw4ke45ds9O5HkqMCax-ISTM ;
to : gh_6536061e4435 ;
time : 1487165469 ;
type : event ;

2017-02-15 21:31:10 params :
------------
Array:
rule : -2 ;
module :  ;
message : Array ;

2017-02-15 21:31:10 response :
------------

2017-02-15 21:31:57 trace :
------------
Array:
tousername : gh_6536061e4435 ;
fromusername : oKwkYw4ke45ds9O5HkqMCax-ISTM ;
createtime : 1487165517 ;
msgtype : event ;
event : VIEW ;
eventkey : http://kh39.61why.com/app/index.php?i=2&c=entry&eid=198 ;
menuid : 410600728 ;
from : oKwkYw4ke45ds9O5HkqMCax-ISTM ;
to : gh_6536061e4435 ;
time : 1487165517 ;
type : event ;

2017-02-15 21:31:57 params :
------------
Array:
rule : -2 ;
module :  ;
message : Array ;

2017-02-15 21:31:57 response :
------------

2017-02-15 21:32:58 trace :
------------
Array:
tousername : gh_6536061e4435 ;
fromusername : oKwkYw4ke45ds9O5HkqMCax-ISTM ;
createtime : 1487165578 ;
msgtype : event ;
event : VIEW ;
eventkey : http://kh39.61why.com/app/index.php?i=2&c=entry&eid=198 ;
menuid : 410600728 ;
from : oKwkYw4ke45ds9O5HkqMCax-ISTM ;
to : gh_6536061e4435 ;
time : 1487165578 ;
type : event ;

2017-02-15 21:32:58 params :
------------
Array:
rule : -2 ;
module :  ;
message : Array ;

2017-02-15 21:32:58 response :
------------

2017-02-15 21:32:58 trace :
------------
Array:
tousername : gh_6536061e4435 ;
fromusername : oKwkYw4ke45ds9O5HkqMCax-ISTM ;
createtime : 1487165578 ;
msgtype : event ;
event : VIEW ;
eventkey : http://kh39.61why.com/app/index.php?i=2&c=entry&eid=194 ;
menuid : 410600728 ;
from : oKwkYw4ke45ds9O5HkqMCax-ISTM ;
to : gh_6536061e4435 ;
time : 1487165578 ;
type : event ;

2017-02-15 21:32:58 params :
------------
Array:
rule : -2 ;
module :  ;
message : Array ;

2017-02-15 21:32:58 response :
------------

2017-02-15 21:56:33 trace :
------------
Array:
tousername : gh_6536061e4435 ;
fromusername : oKwkYw_t25a3xCC4angqawsU2U9Q ;
createtime : 1487166993 ;
msgtype : event ;
event : VIEW ;
eventkey : http://kh39.61why.com/app/index.php?i=2&c=entry&eid=194 ;
menuid : 410600728 ;
from : oKwkYw_t25a3xCC4angqawsU2U9Q ;
to : gh_6536061e4435 ;
time : 1487166993 ;
type : event ;

2017-02-15 21:56:33 params :
------------
Array:
rule : -2 ;
module :  ;
message : Array ;

2017-02-15 21:56:33 response :
------------

2017-02-15 22:10:04 trace :
------------
Array:
tousername : gh_6536061e4435 ;
fromusername : oKwkYw7K9xHIr91Csk-qENfcagnM ;
createtime : 1487167804 ;
msgtype : event ;
event : VIEW ;
eventkey : http://kh39.61why.com/app/index.php?i=2&c=entry&eid=198 ;
menuid : 410600728 ;
from : oKwkYw7K9xHIr91Csk-qENfcagnM ;
to : gh_6536061e4435 ;
time : 1487167804 ;
type : event ;

2017-02-15 22:10:04 params :
------------
Array:
rule : -2 ;
module :  ;
message : Array ;

2017-02-15 22:10:04 response :
------------

2017-02-15 22:13:22 trace :
------------
Array:
tousername : gh_6536061e4435 ;
fromusername : oKwkYw22rCbBSaALxIaH8w23nsLQ ;
createtime : 1487168002 ;
msgtype : event ;
event : VIEW ;
eventkey : http://kh39.61why.com/app/index.php?i=2&c=entry&eid=198 ;
menuid : 410600728 ;
from : oKwkYw22rCbBSaALxIaH8w23nsLQ ;
to : gh_6536061e4435 ;
time : 1487168002 ;
type : event ;

2017-02-15 22:13:22 params :
------------
Array:
rule : -2 ;
module :  ;
message : Array ;

2017-02-15 22:13:22 response :
------------

2017-02-15 22:40:16 trace :
------------
Array:
tousername : gh_6536061e4435 ;
fromusername : oKwkYwwP6kYWD0_lB9NN-WW3DYsY ;
createtime : 1487169616 ;
msgtype : event ;
event : subscribe ;
eventkey : qrscene_5922f8d6f39b9b783585a65bbd331661 ;
ticket : gQHr8jwAAAAAAAAAAS5odHRwOi8vd2VpeGluLnFxLmNvbS9xLzAyOS03djBLSDljbzMxMDAwME0wN3MAAgSJkKFYAwQAAAAA ;
from : oKwkYwwP6kYWD0_lB9NN-WW3DYsY ;
to : gh_6536061e4435 ;
time : 1487169616 ;
type : subscribe ;
scene : 5922f8d6f39b9b783585a65bbd331661 ;

2017-02-15 23:02:41 trace :
------------
Array:
tousername : gh_6536061e4435 ;
fromusername : oKwkYww1q-eSmFWxo-jXtPpGp1ic ;
createtime : 1487170961 ;
msgtype : event ;
event : subscribe ;
eventkey : Array ;
from : oKwkYww1q-eSmFWxo-jXtPpGp1ic ;
to : gh_6536061e4435 ;
time : 1487170961 ;
type : subscribe ;

2017-02-15 23:02:41 params :
------------
Array:
rule : -2 ;
module :  ;
message : Array ;

2017-02-15 23:02:41 response :
------------

2017-02-15 23:02:52 trace :
------------
Array:
tousername : gh_6536061e4435 ;
fromusername : oKwkYww1q-eSmFWxo-jXtPpGp1ic ;
createtime : 1487170972 ;
msgtype : event ;
event : VIEW ;
eventkey : http://kh39.61why.com/app/index.php?i=2&c=entry&eid=198 ;
menuid : 410600728 ;
from : oKwkYww1q-eSmFWxo-jXtPpGp1ic ;
to : gh_6536061e4435 ;
time : 1487170972 ;
type : event ;

2017-02-15 23:02:52 params :
------------
Array:
rule : -2 ;
module :  ;
message : Array ;

2017-02-15 23:02:52 response :
------------

2017-02-15 23:06:13 trace :
------------
Array:
tousername : gh_6536061e4435 ;
fromusername : oKwkYww1q-eSmFWxo-jXtPpGp1ic ;
createtime : 1487171173 ;
msgtype : event ;
event : VIEW ;
eventkey : http://kh39.61why.com/app/index.php?i=2&c=entry&eid=194 ;
menuid : 410600728 ;
from : oKwkYww1q-eSmFWxo-jXtPpGp1ic ;
to : gh_6536061e4435 ;
time : 1487171173 ;
type : event ;

2017-02-15 23:06:13 params :
------------
Array:
rule : -2 ;
module :  ;
message : Array ;

2017-02-15 23:06:13 response :
------------

2017-02-15 23:08:53 trace :
------------
Array:
tousername : gh_6536061e4435 ;
fromusername : oKwkYww1q-eSmFWxo-jXtPpGp1ic ;
createtime : 1487171332 ;
msgtype : event ;
event : CLICK ;
eventkey : 二维码 ;
from : oKwkYww1q-eSmFWxo-jXtPpGp1ic ;
to : gh_6536061e4435 ;
time : 1487171332 ;
type : event ;

2017-02-15 23:09:30 trace :
------------
Array:
tousername : gh_6536061e4435 ;
fromusername : oKwkYww1q-eSmFWxo-jXtPpGp1ic ;
createtime : 1487171370 ;
msgtype : event ;
event : SCAN ;
eventkey : e7a0e8cf477d5519aa67bddfdaf5c321 ;
ticket : gQF88TwAAAAAAAAAAS5odHRwOi8vd2VpeGluLnFxLmNvbS9xLzAyOHIwaTFPSDljbzMxMDAwMDAwN2wAAgQFb6RYAwQAAAAA ;
from : oKwkYww1q-eSmFWxo-jXtPpGp1ic ;
to : gh_6536061e4435 ;
time : 1487171370 ;
type : subscribe ;
scene : e7a0e8cf477d5519aa67bddfdaf5c321 ;

2017-02-15 23:10:25 trace :
------------
Array:
tousername : gh_6536061e4435 ;
fromusername : oKwkYwyLh0p5gVInCZZfXgNgUvzA ;
createtime : 1487171425 ;
msgtype : event ;
event : subscribe ;
eventkey : qrscene_e7a0e8cf477d5519aa67bddfdaf5c321 ;
ticket : gQF88TwAAAAAAAAAAS5odHRwOi8vd2VpeGluLnFxLmNvbS9xLzAyOHIwaTFPSDljbzMxMDAwMDAwN2wAAgQFb6RYAwQAAAAA ;
from : oKwkYwyLh0p5gVInCZZfXgNgUvzA ;
to : gh_6536061e4435 ;
time : 1487171425 ;
type : subscribe ;
scene : e7a0e8cf477d5519aa67bddfdaf5c321 ;

2017-02-15 23:10:36 trace :
------------
Array:
tousername : gh_6536061e4435 ;
fromusername : oKwkYwyLh0p5gVInCZZfXgNgUvzA ;
createtime : 1487171436 ;
msgtype : event ;
event : VIEW ;
eventkey : http://kh39.61why.com/app/index.php?i=2&c=entry&eid=194 ;
menuid : 410600728 ;
from : oKwkYwyLh0p5gVInCZZfXgNgUvzA ;
to : gh_6536061e4435 ;
time : 1487171436 ;
type : event ;

2017-02-15 23:10:36 params :
------------
Array:
rule : -2 ;
module :  ;
message : Array ;

2017-02-15 23:10:36 response :
------------

2017-02-15 23:28:42 trace :
------------
Array:
tousername : gh_6536061e4435 ;
fromusername : oKwkYw3lc84oO8EI9ymlfSbB9T7Q ;
createtime : 1487172522 ;
msgtype : event ;
event : VIEW ;
eventkey : http://kh39.61why.com/app/index.php?i=2&c=entry&eid=198 ;
menuid : 410600728 ;
from : oKwkYw3lc84oO8EI9ymlfSbB9T7Q ;
to : gh_6536061e4435 ;
time : 1487172522 ;
type : event ;

2017-02-15 23:28:42 params :
------------
Array:
rule : -2 ;
module :  ;
message : Array ;

2017-02-15 23:28:42 response :
------------

2017-02-15 23:29:12 trace :
------------
Array:
tousername : gh_6536061e4435 ;
fromusername : oKwkYw3lc84oO8EI9ymlfSbB9T7Q ;
createtime : 1487172552 ;
msgtype : event ;
event : VIEW ;
eventkey : http://kh39.61why.com/app/index.php?i=2&c=entry&eid=198 ;
menuid : 410600728 ;
from : oKwkYw3lc84oO8EI9ymlfSbB9T7Q ;
to : gh_6536061e4435 ;
time : 1487172552 ;
type : event ;

2017-02-15 23:29:12 params :
------------
Array:
rule : -2 ;
module :  ;
message : Array ;

2017-02-15 23:29:12 response :
------------

