2017-04-30 00:13:05 trace :
------------
Array:
tousername : gh_6536061e4435 ;
fromusername : oKwkYw0D7snKw9WJkTr_EzwW-SF0 ;
createtime : 1493482385 ;
msgtype : event ;
event : VIEW ;
eventkey : http://kh39.61why.com/app/index.php?i=2&c=entry&eid=198 ;
menuid : 410600728 ;
from : oKwkYw0D7snKw9WJkTr_EzwW-SF0 ;
to : gh_6536061e4435 ;
time : 1493482385 ;
type : event ;

2017-04-30 00:13:05 params :
------------
Array:
rule : -2 ;
module :  ;
message : Array ;

2017-04-30 00:13:05 response :
------------

2017-04-30 00:13:40 trace :
------------
Array:
tousername : gh_6536061e4435 ;
fromusername : oKwkYwxdGazpUQLKnjr_HrnPicQo ;
createtime : 1493482420 ;
msgtype : event ;
event : VIEW ;
eventkey : http://kh39.61why.com/app/index.php?i=2&c=entry&eid=198 ;
menuid : 410600728 ;
from : oKwkYwxdGazpUQLKnjr_HrnPicQo ;
to : gh_6536061e4435 ;
time : 1493482420 ;
type : event ;

2017-04-30 00:13:40 params :
------------
Array:
rule : -2 ;
module :  ;
message : Array ;

2017-04-30 00:13:40 response :
------------

2017-04-30 00:13:42 trace :
------------
Array:
tousername : gh_6536061e4435 ;
fromusername : oKwkYwxdGazpUQLKnjr_HrnPicQo ;
createtime : 1493482422 ;
msgtype : event ;
event : VIEW ;
eventkey : http://kh39.61why.com/app/index.php?i=2&c=entry&eid=198 ;
menuid : 410600728 ;
from : oKwkYwxdGazpUQLKnjr_HrnPicQo ;
to : gh_6536061e4435 ;
time : 1493482422 ;
type : event ;

2017-04-30 00:13:42 params :
------------
Array:
rule : -2 ;
module :  ;
message : Array ;

2017-04-30 00:13:42 response :
------------

2017-04-30 00:14:50 trace :
------------
Array:
tousername : gh_6536061e4435 ;
fromusername : oKwkYwxdGazpUQLKnjr_HrnPicQo ;
createtime : 1493482490 ;
msgtype : event ;
event : VIEW ;
eventkey : http://kh39.61why.com/app/index.php?i=2&c=entry&eid=198 ;
menuid : 410600728 ;
from : oKwkYwxdGazpUQLKnjr_HrnPicQo ;
to : gh_6536061e4435 ;
time : 1493482490 ;
type : event ;

2017-04-30 00:14:50 params :
------------
Array:
rule : -2 ;
module :  ;
message : Array ;

2017-04-30 00:14:50 response :
------------

2017-04-30 00:15:13 trace :
------------
Array:
tousername : gh_6536061e4435 ;
fromusername : oKwkYw0D7snKw9WJkTr_EzwW-SF0 ;
createtime : 1493482513 ;
msgtype : event ;
event : VIEW ;
eventkey : http://kh39.61why.com/app/index.php?i=2&c=entry&eid=198 ;
menuid : 410600728 ;
from : oKwkYw0D7snKw9WJkTr_EzwW-SF0 ;
to : gh_6536061e4435 ;
time : 1493482513 ;
type : event ;

2017-04-30 00:15:13 params :
------------
Array:
rule : -2 ;
module :  ;
message : Array ;

2017-04-30 00:15:13 response :
------------

2017-04-30 00:19:40 trace :
------------
Array:
tousername : gh_6536061e4435 ;
fromusername : oKwkYwxdGazpUQLKnjr_HrnPicQo ;
createtime : 1493482780 ;
msgtype : event ;
event : VIEW ;
eventkey : http://kh39.61why.com/app/index.php?i=2&c=entry&eid=194 ;
menuid : 410600728 ;
from : oKwkYwxdGazpUQLKnjr_HrnPicQo ;
to : gh_6536061e4435 ;
time : 1493482780 ;
type : event ;

2017-04-30 00:19:40 params :
------------
Array:
rule : -2 ;
module :  ;
message : Array ;

2017-04-30 00:19:40 response :
------------

2017-04-30 00:20:59 trace :
------------
Array:
tousername : gh_6536061e4435 ;
fromusername : oKwkYwxdGazpUQLKnjr_HrnPicQo ;
createtime : 1493482859 ;
msgtype : event ;
event : VIEW ;
eventkey : http://kh39.61why.com/app/index.php?i=2&c=entry&eid=194 ;
menuid : 410600728 ;
from : oKwkYwxdGazpUQLKnjr_HrnPicQo ;
to : gh_6536061e4435 ;
time : 1493482859 ;
type : event ;

2017-04-30 00:20:59 params :
------------
Array:
rule : -2 ;
module :  ;
message : Array ;

2017-04-30 00:20:59 response :
------------

2017-04-30 00:26:48 trace :
------------
Array:
tousername : gh_6536061e4435 ;
fromusername : oKwkYwxdGazpUQLKnjr_HrnPicQo ;
createtime : 1493483208 ;
msgtype : event ;
event : VIEW ;
eventkey : http://kh39.61why.com/app/index.php?i=2&c=entry&eid=194 ;
menuid : 410600728 ;
from : oKwkYwxdGazpUQLKnjr_HrnPicQo ;
to : gh_6536061e4435 ;
time : 1493483208 ;
type : event ;

2017-04-30 00:26:48 params :
------------
Array:
rule : -2 ;
module :  ;
message : Array ;

2017-04-30 00:26:48 response :
------------

2017-04-30 00:27:32 trace :
------------
Array:
tousername : gh_6536061e4435 ;
fromusername : oKwkYwxdGazpUQLKnjr_HrnPicQo ;
createtime : 1493483251 ;
msgtype : event ;
event : VIEW ;
eventkey : http://kh39.61why.com/app/index.php?i=2&c=entry&eid=194 ;
menuid : 410600728 ;
from : oKwkYwxdGazpUQLKnjr_HrnPicQo ;
to : gh_6536061e4435 ;
time : 1493483251 ;
type : event ;

2017-04-30 00:27:32 params :
------------
Array:
rule : -2 ;
module :  ;
message : Array ;

2017-04-30 00:27:32 response :
------------

2017-04-30 01:24:10 trace :
------------
Array:
tousername : gh_6536061e4435 ;
fromusername : oKwkYw9A27iCE2wbx5IXncAJ21Sw ;
createtime : 1493486650 ;
msgtype : event ;
event : VIEW ;
eventkey : http://kh39.61why.com/app/index.php?i=2&c=entry&eid=198 ;
menuid : 410600728 ;
from : oKwkYw9A27iCE2wbx5IXncAJ21Sw ;
to : gh_6536061e4435 ;
time : 1493486650 ;
type : event ;

2017-04-30 01:24:10 params :
------------
Array:
rule : -2 ;
module :  ;
message : Array ;

2017-04-30 01:24:10 response :
------------

2017-04-30 01:40:03 trace :
------------
Array:
tousername : gh_6536061e4435 ;
fromusername : oKwkYw5KfKHCoYpl3-6bj6yQCsFs ;
createtime : 1493487603 ;
msgtype : event ;
event : subscribe ;
eventkey : Array ;
from : oKwkYw5KfKHCoYpl3-6bj6yQCsFs ;
to : gh_6536061e4435 ;
time : 1493487603 ;
type : subscribe ;

2017-04-30 01:40:03 params :
------------
Array:
rule : -2 ;
module :  ;
message : Array ;

2017-04-30 01:40:03 response :
------------

2017-04-30 01:40:08 trace :
------------
Array:
tousername : gh_6536061e4435 ;
fromusername : oKwkYw5KfKHCoYpl3-6bj6yQCsFs ;
createtime : 1493487608 ;
msgtype : event ;
event : CLICK ;
eventkey : 二维码 ;
from : oKwkYw5KfKHCoYpl3-6bj6yQCsFs ;
to : gh_6536061e4435 ;
time : 1493487608 ;
type : event ;

2017-04-30 01:40:20 trace :
------------
Array:
tousername : gh_6536061e4435 ;
fromusername : oKwkYw5KfKHCoYpl3-6bj6yQCsFs ;
createtime : 1493487620 ;
msgtype : event ;
event : VIEW ;
eventkey : http://kh39.61why.com/app/index.php?i=2&c=entry&eid=198 ;
menuid : 410600728 ;
from : oKwkYw5KfKHCoYpl3-6bj6yQCsFs ;
to : gh_6536061e4435 ;
time : 1493487620 ;
type : event ;

2017-04-30 01:40:20 params :
------------
Array:
rule : -2 ;
module :  ;
message : Array ;

2017-04-30 01:40:20 response :
------------

2017-04-30 01:42:14 trace :
------------
Array:
tousername : gh_6536061e4435 ;
fromusername : oKwkYw5KfKHCoYpl3-6bj6yQCsFs ;
createtime : 1493487733 ;
msgtype : event ;
event : VIEW ;
eventkey : http://kh39.61why.com/app/index.php?i=2&c=entry&eid=194 ;
menuid : 410600728 ;
from : oKwkYw5KfKHCoYpl3-6bj6yQCsFs ;
to : gh_6536061e4435 ;
time : 1493487733 ;
type : event ;

2017-04-30 01:42:14 params :
------------
Array:
rule : -2 ;
module :  ;
message : Array ;

2017-04-30 01:42:14 response :
------------

2017-04-30 01:42:19 trace :
------------
Array:
tousername : gh_6536061e4435 ;
fromusername : oKwkYw5KfKHCoYpl3-6bj6yQCsFs ;
createtime : 1493487739 ;
msgtype : event ;
event : VIEW ;
eventkey : http://kh39.61why.com/app/index.php?i=2&c=entry&eid=194 ;
menuid : 410600728 ;
from : oKwkYw5KfKHCoYpl3-6bj6yQCsFs ;
to : gh_6536061e4435 ;
time : 1493487739 ;
type : event ;

2017-04-30 01:42:19 params :
------------
Array:
rule : -2 ;
module :  ;
message : Array ;

2017-04-30 01:42:19 response :
------------

2017-04-30 07:04:47 trace :
------------
Array:
tousername : gh_6536061e4435 ;
fromusername : oKwkYw5wRJb56uOuYOGreEnhO0Z0 ;
createtime : 1493507087 ;
msgtype : event ;
event : VIEW ;
eventkey : http://kh39.61why.com/app/index.php?i=2&c=entry&eid=198 ;
menuid : 410600728 ;
from : oKwkYw5wRJb56uOuYOGreEnhO0Z0 ;
to : gh_6536061e4435 ;
time : 1493507087 ;
type : event ;

2017-04-30 07:04:47 params :
------------
Array:
rule : -2 ;
module :  ;
message : Array ;

2017-04-30 07:04:47 response :
------------

2017-04-30 07:05:21 trace :
------------
Array:
tousername : gh_6536061e4435 ;
fromusername : oKwkYw5hiet9aIoMvpfdt0UcJyzc ;
createtime : 1493507121 ;
msgtype : event ;
event : VIEW ;
eventkey : http://kh39.61why.com/app/index.php?i=2&c=entry&eid=198 ;
menuid : 410600728 ;
from : oKwkYw5hiet9aIoMvpfdt0UcJyzc ;
to : gh_6536061e4435 ;
time : 1493507121 ;
type : event ;

2017-04-30 07:05:21 params :
------------
Array:
rule : -2 ;
module :  ;
message : Array ;

2017-04-30 07:05:21 response :
------------

2017-04-30 08:51:31 trace :
------------
Array:
tousername : gh_6536061e4435 ;
fromusername : oKwkYw0b_nY3vy2dlsZiutChx2qg ;
createtime : 1493513490 ;
msgtype : event ;
event : VIEW ;
eventkey : http://kh39.61why.com/app/index.php?i=2&c=entry&eid=198 ;
menuid : 410600728 ;
from : oKwkYw0b_nY3vy2dlsZiutChx2qg ;
to : gh_6536061e4435 ;
time : 1493513490 ;
type : event ;

2017-04-30 08:51:31 params :
------------
Array:
rule : -2 ;
module :  ;
message : Array ;

2017-04-30 08:51:31 response :
------------

2017-04-30 08:51:48 trace :
------------
Array:
tousername : gh_6536061e4435 ;
fromusername : oKwkYw0b_nY3vy2dlsZiutChx2qg ;
createtime : 1493513508 ;
msgtype : event ;
event : VIEW ;
eventkey : http://kh39.61why.com/app/index.php?i=2&c=entry&eid=198 ;
menuid : 410600728 ;
from : oKwkYw0b_nY3vy2dlsZiutChx2qg ;
to : gh_6536061e4435 ;
time : 1493513508 ;
type : event ;

2017-04-30 08:51:48 params :
------------
Array:
rule : -2 ;
module :  ;
message : Array ;

2017-04-30 08:51:48 response :
------------

2017-04-30 08:52:04 trace :
------------
Array:
tousername : gh_6536061e4435 ;
fromusername : oKwkYw0b_nY3vy2dlsZiutChx2qg ;
createtime : 1493513524 ;
msgtype : event ;
event : VIEW ;
eventkey : http://kh39.61why.com/app/index.php?i=2&c=entry&eid=198 ;
menuid : 410600728 ;
from : oKwkYw0b_nY3vy2dlsZiutChx2qg ;
to : gh_6536061e4435 ;
time : 1493513524 ;
type : event ;

2017-04-30 08:52:04 params :
------------
Array:
rule : -2 ;
module :  ;
message : Array ;

2017-04-30 08:52:04 response :
------------

2017-04-30 08:52:49 trace :
------------
Array:
tousername : gh_6536061e4435 ;
fromusername : oKwkYw0b_nY3vy2dlsZiutChx2qg ;
createtime : 1493513569 ;
msgtype : event ;
event : VIEW ;
eventkey : http://kh39.61why.com/app/index.php?i=2&c=entry&eid=198 ;
menuid : 410600728 ;
from : oKwkYw0b_nY3vy2dlsZiutChx2qg ;
to : gh_6536061e4435 ;
time : 1493513569 ;
type : event ;

2017-04-30 08:52:49 params :
------------
Array:
rule : -2 ;
module :  ;
message : Array ;

2017-04-30 08:52:49 response :
------------

2017-04-30 09:41:33 trace :
------------
Array:
tousername : gh_6536061e4435 ;
fromusername : oKwkYwxdGazpUQLKnjr_HrnPicQo ;
createtime : 1493516492 ;
msgtype : event ;
event : VIEW ;
eventkey : http://kh39.61why.com/app/index.php?i=2&c=entry&eid=198 ;
menuid : 410600728 ;
from : oKwkYwxdGazpUQLKnjr_HrnPicQo ;
to : gh_6536061e4435 ;
time : 1493516492 ;
type : event ;

2017-04-30 09:41:33 params :
------------
Array:
rule : -2 ;
module :  ;
message : Array ;

2017-04-30 09:41:33 response :
------------

2017-04-30 09:44:12 trace :
------------
Array:
tousername : gh_6536061e4435 ;
fromusername : oKwkYwwGkOZDvuC9Oxn4uTiCrm_g ;
createtime : 1493516652 ;
msgtype : event ;
event : VIEW ;
eventkey : http://kh39.61why.com/app/index.php?i=2&c=entry&eid=198 ;
menuid : 410600728 ;
from : oKwkYwwGkOZDvuC9Oxn4uTiCrm_g ;
to : gh_6536061e4435 ;
time : 1493516652 ;
type : event ;

2017-04-30 09:44:12 params :
------------
Array:
rule : -2 ;
module :  ;
message : Array ;

2017-04-30 09:44:12 response :
------------

2017-04-30 09:54:39 trace :
------------
Array:
tousername : gh_6536061e4435 ;
fromusername : oKwkYw0D7snKw9WJkTr_EzwW-SF0 ;
createtime : 1493517279 ;
msgtype : event ;
event : VIEW ;
eventkey : http://kh39.61why.com/app/index.php?i=2&c=entry&eid=198 ;
menuid : 410600728 ;
from : oKwkYw0D7snKw9WJkTr_EzwW-SF0 ;
to : gh_6536061e4435 ;
time : 1493517279 ;
type : event ;

2017-04-30 09:54:39 params :
------------
Array:
rule : -2 ;
module :  ;
message : Array ;

2017-04-30 09:54:39 response :
------------

2017-04-30 10:15:14 trace :
------------
Array:
tousername : gh_6536061e4435 ;
fromusername : oKwkYw5hiet9aIoMvpfdt0UcJyzc ;
createtime : 1493518514 ;
msgtype : event ;
event : VIEW ;
eventkey : http://kh39.61why.com/app/index.php?i=2&c=entry&eid=198 ;
menuid : 410600728 ;
from : oKwkYw5hiet9aIoMvpfdt0UcJyzc ;
to : gh_6536061e4435 ;
time : 1493518514 ;
type : event ;

2017-04-30 10:15:14 params :
------------
Array:
rule : -2 ;
module :  ;
message : Array ;

2017-04-30 10:15:14 response :
------------

2017-04-30 10:19:48 trace :
------------
Array:
tousername : gh_6536061e4435 ;
fromusername : oKwkYwwe6ND5Pg7cA6IK-UExrffU ;
createtime : 1493518788 ;
msgtype : event ;
event : SCAN ;
eventkey : 857b08df3d3b507d3dbda0bac754039c ;
ticket : gQH68DwAAAAAAAAAAS5odHRwOi8vd2VpeGluLnFxLmNvbS9xLzAycXVRdzBlSDljbzMxMDAwMHcwN2sAAgQd_L9YAwQAAAAA ;
from : oKwkYwwe6ND5Pg7cA6IK-UExrffU ;
to : gh_6536061e4435 ;
time : 1493518788 ;
type : subscribe ;
scene : 857b08df3d3b507d3dbda0bac754039c ;

2017-04-30 10:23:39 trace :
------------
Array:
tousername : gh_6536061e4435 ;
fromusername : oKwkYw1CJjODVg18eC55sUWQ-tjA ;
createtime : 1493519018 ;
msgtype : event ;
event : subscribe ;
eventkey : qrscene_8b56176c32187399cf82a8c8088fbc9b ;
ticket : gQHq8DwAAAAAAAAAAS5odHRwOi8vd2VpeGluLnFxLmNvbS9xLzAyYm5yYjBiSDljbzMxMDAwMGcwN1cAAgQ2Es1YAwQAAAAA ;
from : oKwkYw1CJjODVg18eC55sUWQ-tjA ;
to : gh_6536061e4435 ;
time : 1493519018 ;
type : subscribe ;
scene : 8b56176c32187399cf82a8c8088fbc9b ;

2017-04-30 10:23:55 trace :
------------
Array:
tousername : gh_6536061e4435 ;
fromusername : oKwkYw1CJjODVg18eC55sUWQ-tjA ;
createtime : 1493519035 ;
msgtype : event ;
event : VIEW ;
eventkey : http://kh39.61why.com/app/index.php?i=2&c=entry&eid=194 ;
menuid : 410600728 ;
from : oKwkYw1CJjODVg18eC55sUWQ-tjA ;
to : gh_6536061e4435 ;
time : 1493519035 ;
type : event ;

2017-04-30 10:23:55 params :
------------
Array:
rule : -2 ;
module :  ;
message : Array ;

2017-04-30 10:23:55 response :
------------

2017-04-30 10:31:07 trace :
------------
Array:
tousername : gh_6536061e4435 ;
fromusername : oKwkYw1CJjODVg18eC55sUWQ-tjA ;
createtime : 1493519467 ;
msgtype : event ;
event : VIEW ;
eventkey : http://kh39.61why.com/app/index.php?i=2&c=entry&eid=194 ;
menuid : 410600728 ;
from : oKwkYw1CJjODVg18eC55sUWQ-tjA ;
to : gh_6536061e4435 ;
time : 1493519467 ;
type : event ;

2017-04-30 10:31:07 params :
------------
Array:
rule : -2 ;
module :  ;
message : Array ;

2017-04-30 10:31:07 response :
------------

2017-04-30 10:31:10 trace :
------------
Array:
tousername : gh_6536061e4435 ;
fromusername : oKwkYw1CJjODVg18eC55sUWQ-tjA ;
createtime : 1493519470 ;
msgtype : event ;
event : VIEW ;
eventkey : http://kh39.61why.com/app/index.php?i=2&c=entry&eid=198 ;
menuid : 410600728 ;
from : oKwkYw1CJjODVg18eC55sUWQ-tjA ;
to : gh_6536061e4435 ;
time : 1493519470 ;
type : event ;

2017-04-30 10:31:10 params :
------------
Array:
rule : -2 ;
module :  ;
message : Array ;

2017-04-30 10:31:10 response :
------------

2017-04-30 10:31:35 trace :
------------
Array:
tousername : gh_6536061e4435 ;
fromusername : oKwkYw6J-hcRc8Agrx0dQwGi-H80 ;
createtime : 1493519495 ;
msgtype : event ;
event : subscribe ;
eventkey : qrscene_857b08df3d3b507d3dbda0bac754039c ;
ticket : gQH68DwAAAAAAAAAAS5odHRwOi8vd2VpeGluLnFxLmNvbS9xLzAycXVRdzBlSDljbzMxMDAwMHcwN2sAAgQd_L9YAwQAAAAA ;
from : oKwkYw6J-hcRc8Agrx0dQwGi-H80 ;
to : gh_6536061e4435 ;
time : 1493519495 ;
type : subscribe ;
scene : 857b08df3d3b507d3dbda0bac754039c ;

2017-04-30 10:31:39 trace :
------------
Array:
tousername : gh_6536061e4435 ;
fromusername : oKwkYw6J-hcRc8Agrx0dQwGi-H80 ;
createtime : 1493519499 ;
msgtype : event ;
event : VIEW ;
eventkey : http://kh39.61why.com/app/index.php?i=2&c=entry&eid=194 ;
menuid : 410600728 ;
from : oKwkYw6J-hcRc8Agrx0dQwGi-H80 ;
to : gh_6536061e4435 ;
time : 1493519499 ;
type : event ;

2017-04-30 10:31:39 params :
------------
Array:
rule : -2 ;
module :  ;
message : Array ;

2017-04-30 10:31:39 response :
------------

2017-04-30 10:38:25 trace :
------------
Array:
tousername : gh_6536061e4435 ;
fromusername : oKwkYwyMc-M2jMJGAgCqyHYmnMg8 ;
createtime : 1493519905 ;
msgtype : event ;
event : subscribe ;
eventkey : qrscene_857b08df3d3b507d3dbda0bac754039c ;
ticket : gQH68DwAAAAAAAAAAS5odHRwOi8vd2VpeGluLnFxLmNvbS9xLzAycXVRdzBlSDljbzMxMDAwMHcwN2sAAgQd_L9YAwQAAAAA ;
from : oKwkYwyMc-M2jMJGAgCqyHYmnMg8 ;
to : gh_6536061e4435 ;
time : 1493519905 ;
type : subscribe ;
scene : 857b08df3d3b507d3dbda0bac754039c ;

2017-04-30 10:38:38 trace :
------------
Array:
tousername : gh_6536061e4435 ;
fromusername : oKwkYwyMc-M2jMJGAgCqyHYmnMg8 ;
createtime : 1493519918 ;
msgtype : event ;
event : VIEW ;
eventkey : http://kh39.61why.com/app/index.php?i=2&c=entry&eid=194 ;
menuid : 410600728 ;
from : oKwkYwyMc-M2jMJGAgCqyHYmnMg8 ;
to : gh_6536061e4435 ;
time : 1493519918 ;
type : event ;

2017-04-30 10:38:38 params :
------------
Array:
rule : -2 ;
module :  ;
message : Array ;

2017-04-30 10:38:38 response :
------------

2017-04-30 10:46:02 trace :
------------
Array:
tousername : gh_6536061e4435 ;
fromusername : oKwkYwz_FtGom2eSyG1qwUGFxNiA ;
createtime : 1493520362 ;
msgtype : event ;
event : VIEW ;
eventkey : http://kh39.61why.com/app/index.php?i=2&c=entry&eid=198 ;
menuid : 410600728 ;
from : oKwkYwz_FtGom2eSyG1qwUGFxNiA ;
to : gh_6536061e4435 ;
time : 1493520362 ;
type : event ;

2017-04-30 10:46:02 params :
------------
Array:
rule : -2 ;
module :  ;
message : Array ;

2017-04-30 10:46:02 response :
------------

2017-04-30 11:04:29 trace :
------------
Array:
tousername : gh_6536061e4435 ;
fromusername : oKwkYw1CJjODVg18eC55sUWQ-tjA ;
createtime : 1493521469 ;
msgtype : event ;
event : VIEW ;
eventkey : http://kh39.61why.com/app/index.php?i=2&c=entry&eid=198 ;
menuid : 410600728 ;
from : oKwkYw1CJjODVg18eC55sUWQ-tjA ;
to : gh_6536061e4435 ;
time : 1493521469 ;
type : event ;

2017-04-30 11:04:29 params :
------------
Array:
rule : -2 ;
module :  ;
message : Array ;

2017-04-30 11:04:29 response :
------------

2017-04-30 11:08:00 trace :
------------
Array:
tousername : gh_6536061e4435 ;
fromusername : oKwkYw9PTAUQG_-I3jPMqNbL7ShM ;
createtime : 1493521680 ;
msgtype : event ;
event : subscribe ;
eventkey : qrscene_857b08df3d3b507d3dbda0bac754039c ;
ticket : gQH68DwAAAAAAAAAAS5odHRwOi8vd2VpeGluLnFxLmNvbS9xLzAycXVRdzBlSDljbzMxMDAwMHcwN2sAAgQd_L9YAwQAAAAA ;
from : oKwkYw9PTAUQG_-I3jPMqNbL7ShM ;
to : gh_6536061e4435 ;
time : 1493521680 ;
type : subscribe ;
scene : 857b08df3d3b507d3dbda0bac754039c ;

2017-04-30 11:08:09 trace :
------------
Array:
tousername : gh_6536061e4435 ;
fromusername : oKwkYw9PTAUQG_-I3jPMqNbL7ShM ;
createtime : 1493521689 ;
msgtype : event ;
event : VIEW ;
eventkey : http://kh39.61why.com/app/index.php?i=2&c=entry&eid=194 ;
menuid : 410600728 ;
from : oKwkYw9PTAUQG_-I3jPMqNbL7ShM ;
to : gh_6536061e4435 ;
time : 1493521689 ;
type : event ;

2017-04-30 11:08:09 params :
------------
Array:
rule : -2 ;
module :  ;
message : Array ;

2017-04-30 11:08:09 response :
------------

2017-04-30 11:11:41 trace :
------------
Array:
tousername : gh_6536061e4435 ;
fromusername : oKwkYwy552o7_eUisSRD3QHthqs8 ;
createtime : 1493521901 ;
msgtype : event ;
event : VIEW ;
eventkey : http://kh39.61why.com/app/index.php?i=2&c=entry&eid=198 ;
menuid : 410600728 ;
from : oKwkYwy552o7_eUisSRD3QHthqs8 ;
to : gh_6536061e4435 ;
time : 1493521901 ;
type : event ;

2017-04-30 11:11:41 params :
------------
Array:
rule : -2 ;
module :  ;
message : Array ;

2017-04-30 11:11:41 response :
------------

2017-04-30 11:18:02 trace :
------------
Array:
tousername : gh_6536061e4435 ;
fromusername : oKwkYw-UpDltX5llI47lsgwX8vDU ;
createtime : 1493522282 ;
msgtype : event ;
event : subscribe ;
eventkey : qrscene_857b08df3d3b507d3dbda0bac754039c ;
ticket : gQH68DwAAAAAAAAAAS5odHRwOi8vd2VpeGluLnFxLmNvbS9xLzAycXVRdzBlSDljbzMxMDAwMHcwN2sAAgQd_L9YAwQAAAAA ;
from : oKwkYw-UpDltX5llI47lsgwX8vDU ;
to : gh_6536061e4435 ;
time : 1493522282 ;
type : subscribe ;
scene : 857b08df3d3b507d3dbda0bac754039c ;

2017-04-30 11:25:05 trace :
------------
Array:
tousername : gh_6536061e4435 ;
fromusername : oKwkYw1CJjODVg18eC55sUWQ-tjA ;
createtime : 1493522705 ;
msgtype : event ;
event : CLICK ;
eventkey : 二维码 ;
from : oKwkYw1CJjODVg18eC55sUWQ-tjA ;
to : gh_6536061e4435 ;
time : 1493522705 ;
type : event ;

2017-04-30 11:35:54 trace :
------------
Array:
tousername : gh_6536061e4435 ;
fromusername : oKwkYwz26xVNskFhWIkzAGbnllpM ;
createtime : 1493523354 ;
msgtype : event ;
event : VIEW ;
eventkey : http://kh39.61why.com/app/index.php?i=2&c=entry&eid=194 ;
menuid : 410600728 ;
from : oKwkYwz26xVNskFhWIkzAGbnllpM ;
to : gh_6536061e4435 ;
time : 1493523354 ;
type : event ;

2017-04-30 11:35:54 params :
------------
Array:
rule : -2 ;
module :  ;
message : Array ;

2017-04-30 11:35:54 response :
------------

2017-04-30 11:36:05 trace :
------------
Array:
tousername : gh_6536061e4435 ;
fromusername : oKwkYwz26xVNskFhWIkzAGbnllpM ;
createtime : 1493523365 ;
msgtype : event ;
event : VIEW ;
eventkey : http://kh39.61why.com/app/index.php?i=2&c=entry&eid=194 ;
menuid : 410600728 ;
from : oKwkYwz26xVNskFhWIkzAGbnllpM ;
to : gh_6536061e4435 ;
time : 1493523365 ;
type : event ;

2017-04-30 11:36:05 params :
------------
Array:
rule : -2 ;
module :  ;
message : Array ;

2017-04-30 11:36:05 response :
------------

2017-04-30 11:36:26 trace :
------------
Array:
tousername : gh_6536061e4435 ;
fromusername : oKwkYwz26xVNskFhWIkzAGbnllpM ;
createtime : 1493523386 ;
msgtype : event ;
event : VIEW ;
eventkey : http://kh39.61why.com/app/index.php?i=2&c=entry&eid=194 ;
menuid : 410600728 ;
from : oKwkYwz26xVNskFhWIkzAGbnllpM ;
to : gh_6536061e4435 ;
time : 1493523386 ;
type : event ;

2017-04-30 11:36:26 params :
------------
Array:
rule : -2 ;
module :  ;
message : Array ;

2017-04-30 11:36:26 response :
------------

2017-04-30 11:37:51 trace :
------------
Array:
tousername : gh_6536061e4435 ;
fromusername : oKwkYw7K9xHIr91Csk-qENfcagnM ;
createtime : 1493523471 ;
msgtype : event ;
event : CLICK ;
eventkey : 二维码 ;
from : oKwkYw7K9xHIr91Csk-qENfcagnM ;
to : gh_6536061e4435 ;
time : 1493523471 ;
type : event ;

2017-04-30 11:39:23 trace :
------------
Array:
tousername : gh_6536061e4435 ;
fromusername : oKwkYw9Y3zbLuhFtmHccwuqng8-I ;
createtime : 1493523563 ;
msgtype : event ;
event : subscribe ;
eventkey : qrscene_16cb2f583132d9450a549ebc4ff2f844 ;
ticket : gQHv8DwAAAAAAAAAAS5odHRwOi8vd2VpeGluLnFxLmNvbS9xLzAyelI1bDBFSDljbzMxMDAwME0wN2QAAgQSWQVZAwQAAAAA ;
from : oKwkYw9Y3zbLuhFtmHccwuqng8-I ;
to : gh_6536061e4435 ;
time : 1493523563 ;
type : subscribe ;
scene : 16cb2f583132d9450a549ebc4ff2f844 ;

2017-04-30 11:39:31 trace :
------------
Array:
tousername : gh_6536061e4435 ;
fromusername : oKwkYw8QrMqQZDscIE3N-jvo8hmI ;
createtime : 1493523571 ;
msgtype : event ;
event : CLICK ;
eventkey : 二维码 ;
from : oKwkYw8QrMqQZDscIE3N-jvo8hmI ;
to : gh_6536061e4435 ;
time : 1493523571 ;
type : event ;

2017-04-30 11:39:41 trace :
------------
Array:
tousername : gh_6536061e4435 ;
fromusername : oKwkYw9Y3zbLuhFtmHccwuqng8-I ;
createtime : 1493523581 ;
msgtype : event ;
event : VIEW ;
eventkey : http://kh39.61why.com/app/index.php?i=2&c=entry&eid=198 ;
menuid : 410600728 ;
from : oKwkYw9Y3zbLuhFtmHccwuqng8-I ;
to : gh_6536061e4435 ;
time : 1493523581 ;
type : event ;

2017-04-30 11:39:41 params :
------------
Array:
rule : -2 ;
module :  ;
message : Array ;

2017-04-30 11:39:41 response :
------------

2017-04-30 11:41:03 trace :
------------
Array:
tousername : gh_6536061e4435 ;
fromusername : oKwkYw8QrMqQZDscIE3N-jvo8hmI ;
createtime : 1493523662 ;
msgtype : event ;
event : VIEW ;
eventkey : http://kh39.61why.com/app/index.php?i=2&c=entry&eid=194 ;
menuid : 410600728 ;
from : oKwkYw8QrMqQZDscIE3N-jvo8hmI ;
to : gh_6536061e4435 ;
time : 1493523662 ;
type : event ;

2017-04-30 11:41:03 params :
------------
Array:
rule : -2 ;
module :  ;
message : Array ;

2017-04-30 11:41:03 response :
------------

2017-04-30 11:41:07 trace :
------------
Array:
tousername : gh_6536061e4435 ;
fromusername : oKwkYw1CJjODVg18eC55sUWQ-tjA ;
createtime : 1493523667 ;
msgtype : event ;
event : VIEW ;
eventkey : http://kh39.61why.com/app/index.php?i=2&c=entry&eid=198 ;
menuid : 410600728 ;
from : oKwkYw1CJjODVg18eC55sUWQ-tjA ;
to : gh_6536061e4435 ;
time : 1493523667 ;
type : event ;

2017-04-30 11:41:07 params :
------------
Array:
rule : -2 ;
module :  ;
message : Array ;

2017-04-30 11:41:07 response :
------------

2017-04-30 11:44:26 trace :
------------
Array:
tousername : gh_6536061e4435 ;
fromusername : oKwkYw8QrMqQZDscIE3N-jvo8hmI ;
createtime : 1493523866 ;
msgtype : event ;
event : VIEW ;
eventkey : http://kh39.61why.com/app/index.php?i=2&c=entry&eid=194 ;
menuid : 410600728 ;
from : oKwkYw8QrMqQZDscIE3N-jvo8hmI ;
to : gh_6536061e4435 ;
time : 1493523866 ;
type : event ;

2017-04-30 11:44:26 params :
------------
Array:
rule : -2 ;
module :  ;
message : Array ;

2017-04-30 11:44:26 response :
------------

2017-04-30 11:44:38 trace :
------------
Array:
tousername : gh_6536061e4435 ;
fromusername : oKwkYwz26xVNskFhWIkzAGbnllpM ;
createtime : 1493523878 ;
msgtype : event ;
event : VIEW ;
eventkey : http://kh39.61why.com/app/index.php?i=2&c=entry&eid=198 ;
menuid : 410600728 ;
from : oKwkYwz26xVNskFhWIkzAGbnllpM ;
to : gh_6536061e4435 ;
time : 1493523878 ;
type : event ;

2017-04-30 11:44:38 params :
------------
Array:
rule : -2 ;
module :  ;
message : Array ;

2017-04-30 11:44:38 response :
------------

2017-04-30 11:44:54 trace :
------------
Array:
tousername : gh_6536061e4435 ;
fromusername : oKwkYwz26xVNskFhWIkzAGbnllpM ;
createtime : 1493523894 ;
msgtype : event ;
event : VIEW ;
eventkey : http://kh39.61why.com/app/index.php?i=2&c=entry&eid=194 ;
menuid : 410600728 ;
from : oKwkYwz26xVNskFhWIkzAGbnllpM ;
to : gh_6536061e4435 ;
time : 1493523894 ;
type : event ;

2017-04-30 11:44:54 params :
------------
Array:
rule : -2 ;
module :  ;
message : Array ;

2017-04-30 11:44:54 response :
------------

2017-04-30 11:45:56 trace :
------------
Array:
tousername : gh_6536061e4435 ;
fromusername : oKwkYw8QrMqQZDscIE3N-jvo8hmI ;
createtime : 1493523956 ;
msgtype : event ;
event : VIEW ;
eventkey : http://kh39.61why.com/app/index.php?i=2&c=entry&eid=194 ;
menuid : 410600728 ;
from : oKwkYw8QrMqQZDscIE3N-jvo8hmI ;
to : gh_6536061e4435 ;
time : 1493523956 ;
type : event ;

2017-04-30 11:45:56 params :
------------
Array:
rule : -2 ;
module :  ;
message : Array ;

2017-04-30 11:45:56 response :
------------

2017-04-30 11:52:23 trace :
------------
Array:
tousername : gh_6536061e4435 ;
fromusername : oKwkYw4YM2ApTDSuhTZmEo0vMv8o ;
createtime : 1493524343 ;
msgtype : event ;
event : subscribe ;
eventkey : qrscene_16cb2f583132d9450a549ebc4ff2f844 ;
ticket : gQHv8DwAAAAAAAAAAS5odHRwOi8vd2VpeGluLnFxLmNvbS9xLzAyelI1bDBFSDljbzMxMDAwME0wN2QAAgQSWQVZAwQAAAAA ;
from : oKwkYw4YM2ApTDSuhTZmEo0vMv8o ;
to : gh_6536061e4435 ;
time : 1493524343 ;
type : subscribe ;
scene : 16cb2f583132d9450a549ebc4ff2f844 ;

2017-04-30 11:52:30 trace :
------------
Array:
tousername : gh_6536061e4435 ;
fromusername : oKwkYw4YM2ApTDSuhTZmEo0vMv8o ;
createtime : 1493524349 ;
msgtype : event ;
event : VIEW ;
eventkey : http://kh39.61why.com/app/index.php?i=2&c=entry&eid=198 ;
menuid : 410600728 ;
from : oKwkYw4YM2ApTDSuhTZmEo0vMv8o ;
to : gh_6536061e4435 ;
time : 1493524349 ;
type : event ;

2017-04-30 11:52:30 params :
------------
Array:
rule : -2 ;
module :  ;
message : Array ;

2017-04-30 11:52:30 response :
------------

2017-04-30 11:52:48 trace :
------------
Array:
tousername : gh_6536061e4435 ;
fromusername : oKwkYw8QrMqQZDscIE3N-jvo8hmI ;
createtime : 1493524368 ;
msgtype : event ;
event : VIEW ;
eventkey : http://kh39.61why.com/app/index.php?i=2&c=entry&eid=198 ;
menuid : 410600728 ;
from : oKwkYw8QrMqQZDscIE3N-jvo8hmI ;
to : gh_6536061e4435 ;
time : 1493524368 ;
type : event ;

2017-04-30 11:52:48 params :
------------
Array:
rule : -2 ;
module :  ;
message : Array ;

2017-04-30 11:52:48 response :
------------

2017-04-30 11:55:01 trace :
------------
Array:
tousername : gh_6536061e4435 ;
fromusername : oKwkYw1CJjODVg18eC55sUWQ-tjA ;
createtime : 1493524501 ;
msgtype : event ;
event : VIEW ;
eventkey : http://kh39.61why.com/app/index.php?i=2&c=entry&eid=198 ;
menuid : 410600728 ;
from : oKwkYw1CJjODVg18eC55sUWQ-tjA ;
to : gh_6536061e4435 ;
time : 1493524501 ;
type : event ;

2017-04-30 11:55:01 params :
------------
Array:
rule : -2 ;
module :  ;
message : Array ;

2017-04-30 11:55:01 response :
------------

2017-04-30 11:55:19 trace :
------------
Array:
tousername : gh_6536061e4435 ;
fromusername : oKwkYw1CJjODVg18eC55sUWQ-tjA ;
createtime : 1493524519 ;
msgtype : event ;
event : VIEW ;
eventkey : http://kh39.61why.com/app/index.php?i=2&c=entry&eid=198 ;
menuid : 410600728 ;
from : oKwkYw1CJjODVg18eC55sUWQ-tjA ;
to : gh_6536061e4435 ;
time : 1493524519 ;
type : event ;

2017-04-30 11:55:19 params :
------------
Array:
rule : -2 ;
module :  ;
message : Array ;

2017-04-30 11:55:19 response :
------------

2017-04-30 11:55:41 trace :
------------
Array:
tousername : gh_6536061e4435 ;
fromusername : oKwkYw1CJjODVg18eC55sUWQ-tjA ;
createtime : 1493524541 ;
msgtype : event ;
event : VIEW ;
eventkey : http://kh39.61why.com/app/index.php?i=2&c=entry&eid=198 ;
menuid : 410600728 ;
from : oKwkYw1CJjODVg18eC55sUWQ-tjA ;
to : gh_6536061e4435 ;
time : 1493524541 ;
type : event ;

2017-04-30 11:55:41 params :
------------
Array:
rule : -2 ;
module :  ;
message : Array ;

2017-04-30 11:55:41 response :
------------

2017-04-30 11:56:58 trace :
------------
Array:
tousername : gh_6536061e4435 ;
fromusername : oKwkYw8QrMqQZDscIE3N-jvo8hmI ;
createtime : 1493524617 ;
msgtype : event ;
event : SCAN ;
eventkey : 16cb2f583132d9450a549ebc4ff2f844 ;
ticket : gQHv8DwAAAAAAAAAAS5odHRwOi8vd2VpeGluLnFxLmNvbS9xLzAyelI1bDBFSDljbzMxMDAwME0wN2QAAgQSWQVZAwQAAAAA ;
from : oKwkYw8QrMqQZDscIE3N-jvo8hmI ;
to : gh_6536061e4435 ;
time : 1493524617 ;
type : subscribe ;
scene : 16cb2f583132d9450a549ebc4ff2f844 ;

2017-04-30 11:57:08 trace :
------------
Array:
tousername : gh_6536061e4435 ;
fromusername : oKwkYw1CJjODVg18eC55sUWQ-tjA ;
createtime : 1493524628 ;
msgtype : event ;
event : VIEW ;
eventkey : http://kh39.61why.com/app/index.php?i=2&c=entry&eid=198 ;
menuid : 410600728 ;
from : oKwkYw1CJjODVg18eC55sUWQ-tjA ;
to : gh_6536061e4435 ;
time : 1493524628 ;
type : event ;

2017-04-30 11:57:08 params :
------------
Array:
rule : -2 ;
module :  ;
message : Array ;

2017-04-30 11:57:08 response :
------------

2017-04-30 11:58:02 trace :
------------
Array:
tousername : gh_6536061e4435 ;
fromusername : oKwkYw9Y3zbLuhFtmHccwuqng8-I ;
createtime : 1493524682 ;
msgtype : event ;
event : VIEW ;
eventkey : http://kh39.61why.com/app/index.php?i=2&c=entry&eid=194 ;
menuid : 410600728 ;
from : oKwkYw9Y3zbLuhFtmHccwuqng8-I ;
to : gh_6536061e4435 ;
time : 1493524682 ;
type : event ;

2017-04-30 11:58:02 params :
------------
Array:
rule : -2 ;
module :  ;
message : Array ;

2017-04-30 11:58:02 response :
------------

2017-04-30 11:58:36 trace :
------------
Array:
tousername : gh_6536061e4435 ;
fromusername : oKwkYw1CJjODVg18eC55sUWQ-tjA ;
createtime : 1493524716 ;
msgtype : event ;
event : VIEW ;
eventkey : http://kh39.61why.com/app/index.php?i=2&c=entry&eid=198 ;
menuid : 410600728 ;
from : oKwkYw1CJjODVg18eC55sUWQ-tjA ;
to : gh_6536061e4435 ;
time : 1493524716 ;
type : event ;

2017-04-30 11:58:36 params :
------------
Array:
rule : -2 ;
module :  ;
message : Array ;

2017-04-30 11:58:36 response :
------------

2017-04-30 11:58:43 trace :
------------
Array:
tousername : gh_6536061e4435 ;
fromusername : oKwkYw1hdHu_NiSw4Dn_tLeEcWuc ;
createtime : 1493524723 ;
msgtype : event ;
event : VIEW ;
eventkey : http://kh39.61why.com/app/index.php?i=2&c=entry&eid=198 ;
menuid : 410600728 ;
from : oKwkYw1hdHu_NiSw4Dn_tLeEcWuc ;
to : gh_6536061e4435 ;
time : 1493524723 ;
type : event ;

2017-04-30 11:58:43 params :
------------
Array:
rule : -2 ;
module :  ;
message : Array ;

2017-04-30 11:58:43 response :
------------

2017-04-30 12:02:56 trace :
------------
Array:
tousername : gh_6536061e4435 ;
fromusername : oKwkYw1hdHu_NiSw4Dn_tLeEcWuc ;
createtime : 1493524976 ;
msgtype : event ;
event : VIEW ;
eventkey : http://kh39.61why.com/app/index.php?i=2&c=entry&eid=198 ;
menuid : 410600728 ;
from : oKwkYw1hdHu_NiSw4Dn_tLeEcWuc ;
to : gh_6536061e4435 ;
time : 1493524976 ;
type : event ;

2017-04-30 12:02:56 params :
------------
Array:
rule : -2 ;
module :  ;
message : Array ;

2017-04-30 12:02:56 response :
------------

2017-04-30 12:03:51 trace :
------------
Array:
tousername : gh_6536061e4435 ;
fromusername : oKwkYw2AvtOQWVWlszR3cLKUUa3E ;
createtime : 1493525031 ;
msgtype : event ;
event : VIEW ;
eventkey : http://kh39.61why.com/app/index.php?i=2&c=entry&eid=198 ;
menuid : 410600728 ;
from : oKwkYw2AvtOQWVWlszR3cLKUUa3E ;
to : gh_6536061e4435 ;
time : 1493525031 ;
type : event ;

2017-04-30 12:03:51 params :
------------
Array:
rule : -2 ;
module :  ;
message : Array ;

2017-04-30 12:03:51 response :
------------

2017-04-30 12:04:09 trace :
------------
Array:
tousername : gh_6536061e4435 ;
fromusername : oKwkYw2AvtOQWVWlszR3cLKUUa3E ;
createtime : 1493525049 ;
msgtype : event ;
event : VIEW ;
eventkey : http://kh39.61why.com/app/index.php?i=2&c=entry&eid=194 ;
menuid : 410600728 ;
from : oKwkYw2AvtOQWVWlszR3cLKUUa3E ;
to : gh_6536061e4435 ;
time : 1493525049 ;
type : event ;

2017-04-30 12:04:09 params :
------------
Array:
rule : -2 ;
module :  ;
message : Array ;

2017-04-30 12:04:09 response :
------------

2017-04-30 12:04:19 trace :
------------
Array:
tousername : gh_6536061e4435 ;
fromusername : oKwkYw2AvtOQWVWlszR3cLKUUa3E ;
createtime : 1493525059 ;
msgtype : event ;
event : VIEW ;
eventkey : http://kh39.61why.com/app/index.php?i=2&c=entry&eid=194 ;
menuid : 410600728 ;
from : oKwkYw2AvtOQWVWlszR3cLKUUa3E ;
to : gh_6536061e4435 ;
time : 1493525059 ;
type : event ;

2017-04-30 12:04:19 params :
------------
Array:
rule : -2 ;
module :  ;
message : Array ;

2017-04-30 12:04:19 response :
------------

2017-04-30 12:05:56 trace :
------------
Array:
tousername : gh_6536061e4435 ;
fromusername : oKwkYw6jd4LrcBSoddlrrxyPalOI ;
createtime : 1493525156 ;
msgtype : event ;
event : VIEW ;
eventkey : http://kh39.61why.com/app/index.php?i=2&c=entry&eid=194 ;
menuid : 410600728 ;
from : oKwkYw6jd4LrcBSoddlrrxyPalOI ;
to : gh_6536061e4435 ;
time : 1493525156 ;
type : event ;

2017-04-30 12:05:56 params :
------------
Array:
rule : -2 ;
module :  ;
message : Array ;

2017-04-30 12:05:56 response :
------------

2017-04-30 12:07:02 trace :
------------
Array:
tousername : gh_6536061e4435 ;
fromusername : oKwkYw6jd4LrcBSoddlrrxyPalOI ;
createtime : 1493525222 ;
msgtype : event ;
event : VIEW ;
eventkey : http://kh39.61why.com/app/index.php?i=2&c=entry&eid=194 ;
menuid : 410600728 ;
from : oKwkYw6jd4LrcBSoddlrrxyPalOI ;
to : gh_6536061e4435 ;
time : 1493525222 ;
type : event ;

2017-04-30 12:07:02 params :
------------
Array:
rule : -2 ;
module :  ;
message : Array ;

2017-04-30 12:07:02 response :
------------

2017-04-30 12:08:43 trace :
------------
Array:
tousername : gh_6536061e4435 ;
fromusername : oKwkYw298c_S6jNKSF1Ay19Kayeo ;
createtime : 1493525323 ;
msgtype : event ;
event : VIEW ;
eventkey : http://kh39.61why.com/app/index.php?i=2&c=entry&eid=194 ;
menuid : 410600728 ;
from : oKwkYw298c_S6jNKSF1Ay19Kayeo ;
to : gh_6536061e4435 ;
time : 1493525323 ;
type : event ;

2017-04-30 12:08:43 params :
------------
Array:
rule : -2 ;
module :  ;
message : Array ;

2017-04-30 12:08:43 response :
------------

2017-04-30 12:09:35 trace :
------------
Array:
tousername : gh_6536061e4435 ;
fromusername : oKwkYw6jd4LrcBSoddlrrxyPalOI ;
createtime : 1493525375 ;
msgtype : event ;
event : VIEW ;
eventkey : http://kh39.61why.com/app/index.php?i=2&c=entry&eid=194 ;
menuid : 410600728 ;
from : oKwkYw6jd4LrcBSoddlrrxyPalOI ;
to : gh_6536061e4435 ;
time : 1493525375 ;
type : event ;

2017-04-30 12:09:35 params :
------------
Array:
rule : -2 ;
module :  ;
message : Array ;

2017-04-30 12:09:35 response :
------------

2017-04-30 12:11:43 trace :
------------
Array:
tousername : gh_6536061e4435 ;
fromusername : oKwkYw298c_S6jNKSF1Ay19Kayeo ;
createtime : 1493525503 ;
msgtype : event ;
event : VIEW ;
eventkey : http://kh39.61why.com/app/index.php?i=2&c=entry&eid=194 ;
menuid : 410600728 ;
from : oKwkYw298c_S6jNKSF1Ay19Kayeo ;
to : gh_6536061e4435 ;
time : 1493525503 ;
type : event ;

2017-04-30 12:11:43 params :
------------
Array:
rule : -2 ;
module :  ;
message : Array ;

2017-04-30 12:11:43 response :
------------

2017-04-30 12:12:33 trace :
------------
Array:
tousername : gh_6536061e4435 ;
fromusername : oKwkYw298c_S6jNKSF1Ay19Kayeo ;
createtime : 1493525553 ;
msgtype : event ;
event : VIEW ;
eventkey : http://kh39.61why.com/app/index.php?i=2&c=entry&eid=194 ;
menuid : 410600728 ;
from : oKwkYw298c_S6jNKSF1Ay19Kayeo ;
to : gh_6536061e4435 ;
time : 1493525553 ;
type : event ;

2017-04-30 12:12:33 params :
------------
Array:
rule : -2 ;
module :  ;
message : Array ;

2017-04-30 12:12:33 response :
------------

2017-04-30 12:16:36 trace :
------------
Array:
tousername : gh_6536061e4435 ;
fromusername : oKwkYw9Y3zbLuhFtmHccwuqng8-I ;
createtime : 1493525795 ;
msgtype : event ;
event : VIEW ;
eventkey : http://kh39.61why.com/app/index.php?i=2&c=entry&eid=198 ;
menuid : 410600728 ;
from : oKwkYw9Y3zbLuhFtmHccwuqng8-I ;
to : gh_6536061e4435 ;
time : 1493525795 ;
type : event ;

2017-04-30 12:16:36 params :
------------
Array:
rule : -2 ;
module :  ;
message : Array ;

2017-04-30 12:16:36 response :
------------

2017-04-30 12:17:26 trace :
------------
Array:
tousername : gh_6536061e4435 ;
fromusername : oKwkYw9Y3zbLuhFtmHccwuqng8-I ;
createtime : 1493525845 ;
msgtype : event ;
event : CLICK ;
eventkey : 二维码 ;
from : oKwkYw9Y3zbLuhFtmHccwuqng8-I ;
to : gh_6536061e4435 ;
time : 1493525845 ;
type : event ;

2017-04-30 12:17:48 trace :
------------
Array:
tousername : gh_6536061e4435 ;
fromusername : oKwkYw1yj38KOhGZ_VHM2TrE79xY ;
createtime : 1493525868 ;
msgtype : event ;
event : VIEW ;
eventkey : http://kh39.61why.com/app/index.php?i=2&c=entry&eid=198 ;
menuid : 410600728 ;
from : oKwkYw1yj38KOhGZ_VHM2TrE79xY ;
to : gh_6536061e4435 ;
time : 1493525868 ;
type : event ;

2017-04-30 12:17:48 params :
------------
Array:
rule : -2 ;
module :  ;
message : Array ;

2017-04-30 12:17:48 response :
------------

2017-04-30 12:24:28 trace :
------------
Array:
tousername : gh_6536061e4435 ;
fromusername : oKwkYw9Y3zbLuhFtmHccwuqng8-I ;
createtime : 1493526268 ;
msgtype : event ;
event : VIEW ;
eventkey : http://kh39.61why.com/app/index.php?i=2&c=entry&eid=194 ;
menuid : 410600728 ;
from : oKwkYw9Y3zbLuhFtmHccwuqng8-I ;
to : gh_6536061e4435 ;
time : 1493526268 ;
type : event ;

2017-04-30 12:24:28 params :
------------
Array:
rule : -2 ;
module :  ;
message : Array ;

2017-04-30 12:24:28 response :
------------

2017-04-30 12:25:02 trace :
------------
Array:
tousername : gh_6536061e4435 ;
fromusername : oKwkYw8QrMqQZDscIE3N-jvo8hmI ;
createtime : 1493526302 ;
msgtype : event ;
event : CLICK ;
eventkey : 二维码 ;
from : oKwkYw8QrMqQZDscIE3N-jvo8hmI ;
to : gh_6536061e4435 ;
time : 1493526302 ;
type : event ;

2017-04-30 12:25:22 trace :
------------
Array:
tousername : gh_6536061e4435 ;
fromusername : oKwkYw8QrMqQZDscIE3N-jvo8hmI ;
createtime : 1493526321 ;
msgtype : event ;
event : VIEW ;
eventkey : http://kh39.61why.com/app/index.php?i=2&c=entry&eid=198 ;
menuid : 410600728 ;
from : oKwkYw8QrMqQZDscIE3N-jvo8hmI ;
to : gh_6536061e4435 ;
time : 1493526321 ;
type : event ;

2017-04-30 12:25:22 params :
------------
Array:
rule : -2 ;
module :  ;
message : Array ;

2017-04-30 12:25:22 response :
------------

2017-04-30 12:42:05 trace :
------------
Array:
tousername : gh_6536061e4435 ;
fromusername : oKwkYwx_3z38v-Z6Ih51TiBX87bo ;
createtime : 1493527324 ;
msgtype : event ;
event : VIEW ;
eventkey : http://kh39.61why.com/app/index.php?i=2&c=entry&eid=198 ;
menuid : 410600728 ;
from : oKwkYwx_3z38v-Z6Ih51TiBX87bo ;
to : gh_6536061e4435 ;
time : 1493527324 ;
type : event ;

2017-04-30 12:42:05 params :
------------
Array:
rule : -2 ;
module :  ;
message : Array ;

2017-04-30 12:42:05 response :
------------

2017-04-30 13:04:46 trace :
------------
Array:
tousername : gh_6536061e4435 ;
fromusername : oKwkYwxdGazpUQLKnjr_HrnPicQo ;
createtime : 1493528686 ;
msgtype : event ;
event : VIEW ;
eventkey : http://kh39.61why.com/app/index.php?i=2&c=entry&eid=198 ;
menuid : 410600728 ;
from : oKwkYwxdGazpUQLKnjr_HrnPicQo ;
to : gh_6536061e4435 ;
time : 1493528686 ;
type : event ;

2017-04-30 13:04:46 params :
------------
Array:
rule : -2 ;
module :  ;
message : Array ;

2017-04-30 13:04:46 response :
------------

2017-04-30 13:04:47 trace :
------------
Array:
tousername : gh_6536061e4435 ;
fromusername : oKwkYwxdGazpUQLKnjr_HrnPicQo ;
createtime : 1493528687 ;
msgtype : event ;
event : VIEW ;
eventkey : http://kh39.61why.com/app/index.php?i=2&c=entry&eid=198 ;
menuid : 410600728 ;
from : oKwkYwxdGazpUQLKnjr_HrnPicQo ;
to : gh_6536061e4435 ;
time : 1493528687 ;
type : event ;

2017-04-30 13:04:47 params :
------------
Array:
rule : -2 ;
module :  ;
message : Array ;

2017-04-30 13:04:47 response :
------------

2017-04-30 13:20:23 trace :
------------
Array:
tousername : gh_6536061e4435 ;
fromusername : oKwkYw9A27iCE2wbx5IXncAJ21Sw ;
createtime : 1493529623 ;
msgtype : event ;
event : VIEW ;
eventkey : http://kh39.61why.com/app/index.php?i=2&c=entry&eid=198 ;
menuid : 410600728 ;
from : oKwkYw9A27iCE2wbx5IXncAJ21Sw ;
to : gh_6536061e4435 ;
time : 1493529623 ;
type : event ;

2017-04-30 13:20:23 params :
------------
Array:
rule : -2 ;
module :  ;
message : Array ;

2017-04-30 13:20:23 response :
------------

2017-04-30 13:39:45 trace :
------------
Array:
tousername : gh_6536061e4435 ;
fromusername : oKwkYw6J-hcRc8Agrx0dQwGi-H80 ;
createtime : 1493530785 ;
msgtype : event ;
event : VIEW ;
eventkey : http://kh39.61why.com/app/index.php?i=2&c=entry&eid=198 ;
menuid : 410600728 ;
from : oKwkYw6J-hcRc8Agrx0dQwGi-H80 ;
to : gh_6536061e4435 ;
time : 1493530785 ;
type : event ;

2017-04-30 13:39:45 params :
------------
Array:
rule : -2 ;
module :  ;
message : Array ;

2017-04-30 13:39:45 response :
------------

2017-04-30 14:15:40 trace :
------------
Array:
tousername : gh_6536061e4435 ;
fromusername : oKwkYwz_FtGom2eSyG1qwUGFxNiA ;
createtime : 1493532940 ;
msgtype : event ;
event : VIEW ;
eventkey : http://kh39.61why.com/app/index.php?i=2&c=entry&eid=198 ;
menuid : 410600728 ;
from : oKwkYwz_FtGom2eSyG1qwUGFxNiA ;
to : gh_6536061e4435 ;
time : 1493532940 ;
type : event ;

2017-04-30 14:15:40 params :
------------
Array:
rule : -2 ;
module :  ;
message : Array ;

2017-04-30 14:15:40 response :
------------

2017-04-30 14:29:58 trace :
------------
Array:
tousername : gh_6536061e4435 ;
fromusername : oKwkYwwbOv_BcOTeeTmgTpcPYN8o ;
createtime : 1493533798 ;
msgtype : event ;
event : CLICK ;
eventkey : 二维码 ;
from : oKwkYwwbOv_BcOTeeTmgTpcPYN8o ;
to : gh_6536061e4435 ;
time : 1493533798 ;
type : event ;

2017-04-30 15:16:01 trace :
------------
Array:
tousername : gh_6536061e4435 ;
fromusername : oKwkYwyiEttGTAhXxOnCktv1AWDc ;
createtime : 1493536561 ;
msgtype : event ;
event : VIEW ;
eventkey : http://kh39.61why.com/app/index.php?i=2&c=entry&eid=194 ;
menuid : 410600728 ;
from : oKwkYwyiEttGTAhXxOnCktv1AWDc ;
to : gh_6536061e4435 ;
time : 1493536561 ;
type : event ;

2017-04-30 15:16:01 params :
------------
Array:
rule : -2 ;
module :  ;
message : Array ;

2017-04-30 15:16:01 response :
------------

2017-04-30 16:00:59 trace :
------------
Array:
tousername : gh_6536061e4435 ;
fromusername : oKwkYw9XOdeN4PSyj1JqPJ9jqjOk ;
createtime : 1493539259 ;
msgtype : event ;
event : subscribe ;
eventkey : qrscene_8b56176c32187399cf82a8c8088fbc9b ;
ticket : gQHq8DwAAAAAAAAAAS5odHRwOi8vd2VpeGluLnFxLmNvbS9xLzAyYm5yYjBiSDljbzMxMDAwMGcwN1cAAgQ2Es1YAwQAAAAA ;
from : oKwkYw9XOdeN4PSyj1JqPJ9jqjOk ;
to : gh_6536061e4435 ;
time : 1493539259 ;
type : subscribe ;
scene : 8b56176c32187399cf82a8c8088fbc9b ;

2017-04-30 16:01:03 trace :
------------
Array:
tousername : gh_6536061e4435 ;
fromusername : oKwkYwzkiQ9f9uZ8sPN8CXHsfDbc ;
createtime : 1493539263 ;
msgtype : event ;
event : VIEW ;
eventkey : http://kh39.61why.com/app/index.php?i=2&c=entry&eid=194 ;
menuid : 410600728 ;
from : oKwkYwzkiQ9f9uZ8sPN8CXHsfDbc ;
to : gh_6536061e4435 ;
time : 1493539263 ;
type : event ;

2017-04-30 16:01:03 params :
------------
Array:
rule : -2 ;
module :  ;
message : Array ;

2017-04-30 16:01:03 response :
------------

2017-04-30 16:01:36 trace :
------------
Array:
tousername : gh_6536061e4435 ;
fromusername : oKwkYw-1-BZsmWbHfwvWMtj2nwp4 ;
createtime : 1493539296 ;
msgtype : event ;
event : subscribe ;
eventkey : qrscene_8b56176c32187399cf82a8c8088fbc9b ;
ticket : gQHq8DwAAAAAAAAAAS5odHRwOi8vd2VpeGluLnFxLmNvbS9xLzAyYm5yYjBiSDljbzMxMDAwMGcwN1cAAgQ2Es1YAwQAAAAA ;
from : oKwkYw-1-BZsmWbHfwvWMtj2nwp4 ;
to : gh_6536061e4435 ;
time : 1493539296 ;
type : subscribe ;
scene : 8b56176c32187399cf82a8c8088fbc9b ;

2017-04-30 16:03:02 trace :
------------
Array:
tousername : gh_6536061e4435 ;
fromusername : oKwkYwz_FtGom2eSyG1qwUGFxNiA ;
createtime : 1493539382 ;
msgtype : event ;
event : VIEW ;
eventkey : http://kh39.61why.com/app/index.php?i=2&c=entry&eid=198 ;
menuid : 410600728 ;
from : oKwkYwz_FtGom2eSyG1qwUGFxNiA ;
to : gh_6536061e4435 ;
time : 1493539382 ;
type : event ;

2017-04-30 16:03:02 params :
------------
Array:
rule : -2 ;
module :  ;
message : Array ;

2017-04-30 16:03:02 response :
------------

2017-04-30 16:03:50 trace :
------------
Array:
tousername : gh_6536061e4435 ;
fromusername : oKwkYwzHUKraIYpUlQG_c_LCJf5o ;
createtime : 1493539430 ;
msgtype : event ;
event : VIEW ;
eventkey : http://kh39.61why.com/app/index.php?i=2&c=entry&eid=198 ;
menuid : 410600728 ;
from : oKwkYwzHUKraIYpUlQG_c_LCJf5o ;
to : gh_6536061e4435 ;
time : 1493539430 ;
type : event ;

2017-04-30 16:03:50 params :
------------
Array:
rule : -2 ;
module :  ;
message : Array ;

2017-04-30 16:03:50 response :
------------

2017-04-30 16:15:11 trace :
------------
Array:
tousername : gh_6536061e4435 ;
fromusername : oKwkYw7bxsg91H27CaqKBljgIUX8 ;
createtime : 1493540111 ;
msgtype : event ;
event : VIEW ;
eventkey : http://kh39.61why.com/app/index.php?i=2&c=entry&eid=194 ;
menuid : 410600728 ;
from : oKwkYw7bxsg91H27CaqKBljgIUX8 ;
to : gh_6536061e4435 ;
time : 1493540111 ;
type : event ;

2017-04-30 16:15:12 params :
------------
Array:
rule : -2 ;
module :  ;
message : Array ;

2017-04-30 16:15:12 response :
------------

2017-04-30 16:18:30 trace :
------------
Array:
tousername : gh_6536061e4435 ;
fromusername : oKwkYwz2v3fRpBiO3ZlkyRJ74USw ;
createtime : 1493540310 ;
msgtype : event ;
event : subscribe ;
eventkey : qrscene_525d94ad43118a6754b57f549669d6e3 ;
ticket : gQHD8DwAAAAAAAAAAS5odHRwOi8vd2VpeGluLnFxLmNvbS9xLzAyWW8tODBzSDljbzMxMDAwMHcwN3AAAgSKf3BYAwQAAAAA ;
from : oKwkYwz2v3fRpBiO3ZlkyRJ74USw ;
to : gh_6536061e4435 ;
time : 1493540310 ;
type : subscribe ;
scene : 525d94ad43118a6754b57f549669d6e3 ;

2017-04-30 16:18:31 trace :
------------
Array:
tousername : gh_6536061e4435 ;
fromusername : oKwkYw_nikTtt2VKfB83ZMqz-nHs ;
createtime : 1493540311 ;
msgtype : event ;
event : subscribe ;
eventkey : qrscene_8b56176c32187399cf82a8c8088fbc9b ;
ticket : gQHq8DwAAAAAAAAAAS5odHRwOi8vd2VpeGluLnFxLmNvbS9xLzAyYm5yYjBiSDljbzMxMDAwMGcwN1cAAgQ2Es1YAwQAAAAA ;
from : oKwkYw_nikTtt2VKfB83ZMqz-nHs ;
to : gh_6536061e4435 ;
time : 1493540311 ;
type : subscribe ;
scene : 8b56176c32187399cf82a8c8088fbc9b ;

2017-04-30 16:19:20 trace :
------------
Array:
tousername : gh_6536061e4435 ;
fromusername : oKwkYwz2v3fRpBiO3ZlkyRJ74USw ;
createtime : 1493540359 ;
msgtype : event ;
event : VIEW ;
eventkey : http://kh39.61why.com/app/index.php?i=2&c=entry&eid=194 ;
menuid : 410600728 ;
from : oKwkYwz2v3fRpBiO3ZlkyRJ74USw ;
to : gh_6536061e4435 ;
time : 1493540359 ;
type : event ;

2017-04-30 16:19:20 params :
------------
Array:
rule : -2 ;
module :  ;
message : Array ;

2017-04-30 16:19:20 response :
------------

2017-04-30 16:21:51 trace :
------------
Array:
tousername : gh_6536061e4435 ;
fromusername : oKwkYw5hiet9aIoMvpfdt0UcJyzc ;
createtime : 1493540511 ;
msgtype : event ;
event : VIEW ;
eventkey : http://kh39.61why.com/app/index.php?i=2&c=entry&eid=198 ;
menuid : 410600728 ;
from : oKwkYw5hiet9aIoMvpfdt0UcJyzc ;
to : gh_6536061e4435 ;
time : 1493540511 ;
type : event ;

2017-04-30 16:21:51 params :
------------
Array:
rule : -2 ;
module :  ;
message : Array ;

2017-04-30 16:21:51 response :
------------

2017-04-30 16:22:45 trace :
------------
Array:
tousername : gh_6536061e4435 ;
fromusername : oKwkYwz2v3fRpBiO3ZlkyRJ74USw ;
createtime : 1493540565 ;
msgtype : event ;
event : VIEW ;
eventkey : http://kh39.61why.com/app/index.php?i=2&c=entry&eid=198 ;
menuid : 410600728 ;
from : oKwkYwz2v3fRpBiO3ZlkyRJ74USw ;
to : gh_6536061e4435 ;
time : 1493540565 ;
type : event ;

2017-04-30 16:22:45 params :
------------
Array:
rule : -2 ;
module :  ;
message : Array ;

2017-04-30 16:22:45 response :
------------

2017-04-30 16:22:51 trace :
------------
Array:
tousername : gh_6536061e4435 ;
fromusername : oKwkYwz2v3fRpBiO3ZlkyRJ74USw ;
createtime : 1493540571 ;
msgtype : event ;
event : CLICK ;
eventkey : 二维码 ;
from : oKwkYwz2v3fRpBiO3ZlkyRJ74USw ;
to : gh_6536061e4435 ;
time : 1493540571 ;
type : event ;

2017-04-30 16:23:33 trace :
------------
Array:
tousername : gh_6536061e4435 ;
fromusername : oKwkYw9A27iCE2wbx5IXncAJ21Sw ;
createtime : 1493540612 ;
msgtype : event ;
event : VIEW ;
eventkey : http://kh39.61why.com/app/index.php?i=2&c=entry&eid=194 ;
menuid : 410600728 ;
from : oKwkYw9A27iCE2wbx5IXncAJ21Sw ;
to : gh_6536061e4435 ;
time : 1493540612 ;
type : event ;

2017-04-30 16:23:33 params :
------------
Array:
rule : -2 ;
module :  ;
message : Array ;

2017-04-30 16:23:33 response :
------------

2017-04-30 16:23:52 trace :
------------
Array:
tousername : gh_6536061e4435 ;
fromusername : oKwkYw9A27iCE2wbx5IXncAJ21Sw ;
createtime : 1493540632 ;
msgtype : event ;
event : VIEW ;
eventkey : http://kh39.61why.com/app/index.php?i=2&c=entry&eid=198 ;
menuid : 410600728 ;
from : oKwkYw9A27iCE2wbx5IXncAJ21Sw ;
to : gh_6536061e4435 ;
time : 1493540632 ;
type : event ;

2017-04-30 16:23:52 params :
------------
Array:
rule : -2 ;
module :  ;
message : Array ;

2017-04-30 16:23:52 response :
------------

2017-04-30 16:24:13 trace :
------------
Array:
tousername : gh_6536061e4435 ;
fromusername : oKwkYw_nikTtt2VKfB83ZMqz-nHs ;
createtime : 1493540653 ;
msgtype : event ;
event : VIEW ;
eventkey : http://kh39.61why.com/app/index.php?i=2&c=entry&eid=194 ;
menuid : 410600728 ;
from : oKwkYw_nikTtt2VKfB83ZMqz-nHs ;
to : gh_6536061e4435 ;
time : 1493540653 ;
type : event ;

2017-04-30 16:24:13 params :
------------
Array:
rule : -2 ;
module :  ;
message : Array ;

2017-04-30 16:24:13 response :
------------

2017-04-30 16:24:23 trace :
------------
Array:
tousername : gh_6536061e4435 ;
fromusername : oKwkYwz2v3fRpBiO3ZlkyRJ74USw ;
createtime : 1493540663 ;
msgtype : event ;
event : VIEW ;
eventkey : http://kh39.61why.com/app/index.php?i=2&c=entry&eid=198 ;
menuid : 410600728 ;
from : oKwkYwz2v3fRpBiO3ZlkyRJ74USw ;
to : gh_6536061e4435 ;
time : 1493540663 ;
type : event ;

2017-04-30 16:24:23 params :
------------
Array:
rule : -2 ;
module :  ;
message : Array ;

2017-04-30 16:24:23 response :
------------

2017-04-30 16:24:27 trace :
------------
Array:
tousername : gh_6536061e4435 ;
fromusername : oKwkYwz2v3fRpBiO3ZlkyRJ74USw ;
createtime : 1493540667 ;
msgtype : event ;
event : VIEW ;
eventkey : http://kh39.61why.com/app/index.php?i=2&c=entry&eid=194 ;
menuid : 410600728 ;
from : oKwkYwz2v3fRpBiO3ZlkyRJ74USw ;
to : gh_6536061e4435 ;
time : 1493540667 ;
type : event ;

2017-04-30 16:24:27 params :
------------
Array:
rule : -2 ;
module :  ;
message : Array ;

2017-04-30 16:24:27 response :
------------

2017-04-30 16:31:16 trace :
------------
Array:
tousername : gh_6536061e4435 ;
fromusername : oKwkYwz2v3fRpBiO3ZlkyRJ74USw ;
createtime : 1493541075 ;
msgtype : event ;
event : VIEW ;
eventkey : http://kh39.61why.com/app/index.php?i=2&c=entry&eid=194 ;
menuid : 410600728 ;
from : oKwkYwz2v3fRpBiO3ZlkyRJ74USw ;
to : gh_6536061e4435 ;
time : 1493541075 ;
type : event ;

2017-04-30 16:31:16 params :
------------
Array:
rule : -2 ;
module :  ;
message : Array ;

2017-04-30 16:31:16 response :
------------

2017-04-30 16:32:28 trace :
------------
Array:
tousername : gh_6536061e4435 ;
fromusername : oKwkYwz2v3fRpBiO3ZlkyRJ74USw ;
createtime : 1493541148 ;
msgtype : event ;
event : VIEW ;
eventkey : http://kh39.61why.com/app/index.php?i=2&c=entry&eid=198 ;
menuid : 410600728 ;
from : oKwkYwz2v3fRpBiO3ZlkyRJ74USw ;
to : gh_6536061e4435 ;
time : 1493541148 ;
type : event ;

2017-04-30 16:32:28 params :
------------
Array:
rule : -2 ;
module :  ;
message : Array ;

2017-04-30 16:32:28 response :
------------

2017-04-30 16:32:31 trace :
------------
Array:
tousername : gh_6536061e4435 ;
fromusername : oKwkYwz2v3fRpBiO3ZlkyRJ74USw ;
createtime : 1493541151 ;
msgtype : event ;
event : VIEW ;
eventkey : http://kh39.61why.com/app/index.php?i=2&c=entry&eid=194 ;
menuid : 410600728 ;
from : oKwkYwz2v3fRpBiO3ZlkyRJ74USw ;
to : gh_6536061e4435 ;
time : 1493541151 ;
type : event ;

2017-04-30 16:32:31 params :
------------
Array:
rule : -2 ;
module :  ;
message : Array ;

2017-04-30 16:32:31 response :
------------

2017-04-30 16:35:22 trace :
------------
Array:
tousername : gh_6536061e4435 ;
fromusername : oKwkYwz2v3fRpBiO3ZlkyRJ74USw ;
createtime : 1493541322 ;
msgtype : event ;
event : VIEW ;
eventkey : http://kh39.61why.com/app/index.php?i=2&c=entry&eid=194 ;
menuid : 410600728 ;
from : oKwkYwz2v3fRpBiO3ZlkyRJ74USw ;
to : gh_6536061e4435 ;
time : 1493541322 ;
type : event ;

2017-04-30 16:35:22 params :
------------
Array:
rule : -2 ;
module :  ;
message : Array ;

2017-04-30 16:35:22 response :
------------

2017-04-30 16:40:39 trace :
------------
Array:
tousername : gh_6536061e4435 ;
fromusername : oKwkYwz2v3fRpBiO3ZlkyRJ74USw ;
createtime : 1493541639 ;
msgtype : event ;
event : VIEW ;
eventkey : http://kh39.61why.com/app/index.php?i=2&c=entry&eid=194 ;
menuid : 410600728 ;
from : oKwkYwz2v3fRpBiO3ZlkyRJ74USw ;
to : gh_6536061e4435 ;
time : 1493541639 ;
type : event ;

2017-04-30 16:40:39 params :
------------
Array:
rule : -2 ;
module :  ;
message : Array ;

2017-04-30 16:40:39 response :
------------

2017-04-30 16:47:22 trace :
------------
Array:
tousername : gh_6536061e4435 ;
fromusername : oKwkYw5hiet9aIoMvpfdt0UcJyzc ;
createtime : 1493542042 ;
msgtype : event ;
event : VIEW ;
eventkey : http://kh39.61why.com/app/index.php?i=2&c=entry&eid=198 ;
menuid : 410600728 ;
from : oKwkYw5hiet9aIoMvpfdt0UcJyzc ;
to : gh_6536061e4435 ;
time : 1493542042 ;
type : event ;

2017-04-30 16:47:22 params :
------------
Array:
rule : -2 ;
module :  ;
message : Array ;

2017-04-30 16:47:22 response :
------------

2017-04-30 16:47:56 trace :
------------
Array:
tousername : gh_6536061e4435 ;
fromusername : oKwkYwz2v3fRpBiO3ZlkyRJ74USw ;
createtime : 1493542076 ;
msgtype : event ;
event : VIEW ;
eventkey : http://kh39.61why.com/app/index.php?i=2&c=entry&eid=198 ;
menuid : 410600728 ;
from : oKwkYwz2v3fRpBiO3ZlkyRJ74USw ;
to : gh_6536061e4435 ;
time : 1493542076 ;
type : event ;

2017-04-30 16:47:56 params :
------------
Array:
rule : -2 ;
module :  ;
message : Array ;

2017-04-30 16:47:56 response :
------------

2017-04-30 17:00:39 trace :
------------
Array:
tousername : gh_6536061e4435 ;
fromusername : oKwkYw9Y3zbLuhFtmHccwuqng8-I ;
createtime : 1493542839 ;
msgtype : event ;
event : VIEW ;
eventkey : http://kh39.61why.com/app/index.php?i=2&c=entry&eid=198 ;
menuid : 410600728 ;
from : oKwkYw9Y3zbLuhFtmHccwuqng8-I ;
to : gh_6536061e4435 ;
time : 1493542839 ;
type : event ;

2017-04-30 17:00:39 params :
------------
Array:
rule : -2 ;
module :  ;
message : Array ;

2017-04-30 17:00:39 response :
------------

2017-04-30 17:00:54 trace :
------------
Array:
tousername : gh_6536061e4435 ;
fromusername : oKwkYw3TXBn0c2AvD2CmaXLOL-Ws ;
createtime : 1493542853 ;
msgtype : event ;
event : subscribe ;
eventkey : qrscene_8b56176c32187399cf82a8c8088fbc9b ;
ticket : gQHq8DwAAAAAAAAAAS5odHRwOi8vd2VpeGluLnFxLmNvbS9xLzAyYm5yYjBiSDljbzMxMDAwMGcwN1cAAgQ2Es1YAwQAAAAA ;
from : oKwkYw3TXBn0c2AvD2CmaXLOL-Ws ;
to : gh_6536061e4435 ;
time : 1493542853 ;
type : subscribe ;
scene : 8b56176c32187399cf82a8c8088fbc9b ;

2017-04-30 17:01:21 trace :
------------
Array:
tousername : gh_6536061e4435 ;
fromusername : oKwkYw3TXBn0c2AvD2CmaXLOL-Ws ;
createtime : 1493542880 ;
msgtype : event ;
event : VIEW ;
eventkey : http://kh39.61why.com/app/index.php?i=2&c=entry&eid=194 ;
menuid : 410600728 ;
from : oKwkYw3TXBn0c2AvD2CmaXLOL-Ws ;
to : gh_6536061e4435 ;
time : 1493542880 ;
type : event ;

2017-04-30 17:01:21 params :
------------
Array:
rule : -2 ;
module :  ;
message : Array ;

2017-04-30 17:01:21 response :
------------

2017-04-30 17:04:22 trace :
------------
Array:
tousername : gh_6536061e4435 ;
fromusername : oKwkYw_GhKe2Hc1cXBb5mCzRbh8M ;
createtime : 1493543062 ;
msgtype : event ;
event : VIEW ;
eventkey : http://kh39.61why.com/app/index.php?i=2&c=entry&eid=194 ;
menuid : 410600728 ;
from : oKwkYw_GhKe2Hc1cXBb5mCzRbh8M ;
to : gh_6536061e4435 ;
time : 1493543062 ;
type : event ;

2017-04-30 17:04:22 params :
------------
Array:
rule : -2 ;
module :  ;
message : Array ;

2017-04-30 17:04:22 response :
------------

2017-04-30 17:04:23 trace :
------------
Array:
tousername : gh_6536061e4435 ;
fromusername : oKwkYw_GhKe2Hc1cXBb5mCzRbh8M ;
createtime : 1493543063 ;
msgtype : event ;
event : VIEW ;
eventkey : http://kh39.61why.com/app/index.php?i=2&c=entry&eid=194 ;
menuid : 410600728 ;
from : oKwkYw_GhKe2Hc1cXBb5mCzRbh8M ;
to : gh_6536061e4435 ;
time : 1493543063 ;
type : event ;

2017-04-30 17:04:23 params :
------------
Array:
rule : -2 ;
module :  ;
message : Array ;

2017-04-30 17:04:23 response :
------------

2017-04-30 17:04:25 trace :
------------
Array:
tousername : gh_6536061e4435 ;
fromusername : oKwkYw_GhKe2Hc1cXBb5mCzRbh8M ;
createtime : 1493543065 ;
msgtype : event ;
event : VIEW ;
eventkey : http://kh39.61why.com/app/index.php?i=2&c=entry&eid=194 ;
menuid : 410600728 ;
from : oKwkYw_GhKe2Hc1cXBb5mCzRbh8M ;
to : gh_6536061e4435 ;
time : 1493543065 ;
type : event ;

2017-04-30 17:04:25 params :
------------
Array:
rule : -2 ;
module :  ;
message : Array ;

2017-04-30 17:04:25 response :
------------

2017-04-30 17:05:22 trace :
------------
Array:
tousername : gh_6536061e4435 ;
fromusername : oKwkYw3TXBn0c2AvD2CmaXLOL-Ws ;
createtime : 1493543122 ;
msgtype : event ;
event : VIEW ;
eventkey : http://kh39.61why.com/app/index.php?i=2&c=entry&eid=194 ;
menuid : 410600728 ;
from : oKwkYw3TXBn0c2AvD2CmaXLOL-Ws ;
to : gh_6536061e4435 ;
time : 1493543122 ;
type : event ;

2017-04-30 17:05:22 params :
------------
Array:
rule : -2 ;
module :  ;
message : Array ;

2017-04-30 17:05:22 response :
------------

2017-04-30 17:08:30 trace :
------------
Array:
tousername : gh_6536061e4435 ;
fromusername : oKwkYw3TXBn0c2AvD2CmaXLOL-Ws ;
createtime : 1493543309 ;
msgtype : event ;
event : VIEW ;
eventkey : http://kh39.61why.com/app/index.php?i=2&c=entry&eid=198 ;
menuid : 410600728 ;
from : oKwkYw3TXBn0c2AvD2CmaXLOL-Ws ;
to : gh_6536061e4435 ;
time : 1493543309 ;
type : event ;

2017-04-30 17:08:30 params :
------------
Array:
rule : -2 ;
module :  ;
message : Array ;

2017-04-30 17:08:30 response :
------------

2017-04-30 17:08:40 trace :
------------
Array:
tousername : gh_6536061e4435 ;
fromusername : oKwkYw9A27iCE2wbx5IXncAJ21Sw ;
createtime : 1493543319 ;
msgtype : event ;
event : VIEW ;
eventkey : http://kh39.61why.com/app/index.php?i=2&c=entry&eid=194 ;
menuid : 410600728 ;
from : oKwkYw9A27iCE2wbx5IXncAJ21Sw ;
to : gh_6536061e4435 ;
time : 1493543319 ;
type : event ;

2017-04-30 17:08:40 params :
------------
Array:
rule : -2 ;
module :  ;
message : Array ;

2017-04-30 17:08:40 response :
------------

2017-04-30 17:15:02 trace :
------------
Array:
tousername : gh_6536061e4435 ;
fromusername : oKwkYw9A27iCE2wbx5IXncAJ21Sw ;
createtime : 1493543702 ;
msgtype : event ;
event : VIEW ;
eventkey : http://kh39.61why.com/app/index.php?i=2&c=entry&eid=194 ;
menuid : 410600728 ;
from : oKwkYw9A27iCE2wbx5IXncAJ21Sw ;
to : gh_6536061e4435 ;
time : 1493543702 ;
type : event ;

2017-04-30 17:15:02 params :
------------
Array:
rule : -2 ;
module :  ;
message : Array ;

2017-04-30 17:15:02 response :
------------

2017-04-30 17:15:05 trace :
------------
Array:
tousername : gh_6536061e4435 ;
fromusername : oKwkYw9A27iCE2wbx5IXncAJ21Sw ;
createtime : 1493543705 ;
msgtype : event ;
event : VIEW ;
eventkey : http://kh39.61why.com/app/index.php?i=2&c=entry&eid=194 ;
menuid : 410600728 ;
from : oKwkYw9A27iCE2wbx5IXncAJ21Sw ;
to : gh_6536061e4435 ;
time : 1493543705 ;
type : event ;

2017-04-30 17:15:05 params :
------------
Array:
rule : -2 ;
module :  ;
message : Array ;

2017-04-30 17:15:05 response :
------------

2017-04-30 17:15:07 trace :
------------
Array:
tousername : gh_6536061e4435 ;
fromusername : oKwkYw9A27iCE2wbx5IXncAJ21Sw ;
createtime : 1493543706 ;
msgtype : event ;
event : VIEW ;
eventkey : http://kh39.61why.com/app/index.php?i=2&c=entry&eid=198 ;
menuid : 410600728 ;
from : oKwkYw9A27iCE2wbx5IXncAJ21Sw ;
to : gh_6536061e4435 ;
time : 1493543706 ;
type : event ;

2017-04-30 17:15:07 params :
------------
Array:
rule : -2 ;
module :  ;
message : Array ;

2017-04-30 17:15:07 response :
------------

2017-04-30 17:43:32 trace :
------------
Array:
tousername : gh_6536061e4435 ;
fromusername : oKwkYw9A27iCE2wbx5IXncAJ21Sw ;
createtime : 1493545412 ;
msgtype : event ;
event : VIEW ;
eventkey : http://kh39.61why.com/app/index.php?i=2&c=entry&eid=198 ;
menuid : 410600728 ;
from : oKwkYw9A27iCE2wbx5IXncAJ21Sw ;
to : gh_6536061e4435 ;
time : 1493545412 ;
type : event ;

2017-04-30 17:43:32 params :
------------
Array:
rule : -2 ;
module :  ;
message : Array ;

2017-04-30 17:43:32 response :
------------

2017-04-30 17:43:34 trace :
------------
Array:
tousername : gh_6536061e4435 ;
fromusername : oKwkYw9A27iCE2wbx5IXncAJ21Sw ;
createtime : 1493545414 ;
msgtype : event ;
event : VIEW ;
eventkey : http://kh39.61why.com/app/index.php?i=2&c=entry&eid=194 ;
menuid : 410600728 ;
from : oKwkYw9A27iCE2wbx5IXncAJ21Sw ;
to : gh_6536061e4435 ;
time : 1493545414 ;
type : event ;

2017-04-30 17:43:34 params :
------------
Array:
rule : -2 ;
module :  ;
message : Array ;

2017-04-30 17:43:34 response :
------------

2017-04-30 17:43:38 trace :
------------
Array:
tousername : gh_6536061e4435 ;
fromusername : oKwkYw9A27iCE2wbx5IXncAJ21Sw ;
createtime : 1493545418 ;
msgtype : event ;
event : VIEW ;
eventkey : http://kh39.61why.com/app/index.php?i=2&c=entry&eid=194 ;
menuid : 410600728 ;
from : oKwkYw9A27iCE2wbx5IXncAJ21Sw ;
to : gh_6536061e4435 ;
time : 1493545418 ;
type : event ;

2017-04-30 17:43:38 params :
------------
Array:
rule : -2 ;
module :  ;
message : Array ;

2017-04-30 17:43:38 response :
------------

2017-04-30 17:53:40 trace :
------------
Array:
tousername : gh_6536061e4435 ;
fromusername : oKwkYw0AxVB8dpKdrnGu82ok9IZc ;
createtime : 1493546019 ;
msgtype : event ;
event : subscribe ;
eventkey : qrscene_8b56176c32187399cf82a8c8088fbc9b ;
ticket : gQHq8DwAAAAAAAAAAS5odHRwOi8vd2VpeGluLnFxLmNvbS9xLzAyYm5yYjBiSDljbzMxMDAwMGcwN1cAAgQ2Es1YAwQAAAAA ;
from : oKwkYw0AxVB8dpKdrnGu82ok9IZc ;
to : gh_6536061e4435 ;
time : 1493546019 ;
type : subscribe ;
scene : 8b56176c32187399cf82a8c8088fbc9b ;

2017-04-30 17:53:45 trace :
------------
Array:
tousername : gh_6536061e4435 ;
fromusername : oKwkYw0AxVB8dpKdrnGu82ok9IZc ;
createtime : 1493546025 ;
msgtype : event ;
event : VIEW ;
eventkey : http://kh39.61why.com/app/index.php?i=2&c=entry&eid=194 ;
menuid : 410600728 ;
from : oKwkYw0AxVB8dpKdrnGu82ok9IZc ;
to : gh_6536061e4435 ;
time : 1493546025 ;
type : event ;

2017-04-30 17:53:45 params :
------------
Array:
rule : -2 ;
module :  ;
message : Array ;

2017-04-30 17:53:45 response :
------------

2017-04-30 17:59:30 trace :
------------
Array:
tousername : gh_6536061e4435 ;
fromusername : oKwkYw0AxVB8dpKdrnGu82ok9IZc ;
createtime : 1493546370 ;
msgtype : event ;
event : VIEW ;
eventkey : http://kh39.61why.com/app/index.php?i=2&c=entry&eid=194 ;
menuid : 410600728 ;
from : oKwkYw0AxVB8dpKdrnGu82ok9IZc ;
to : gh_6536061e4435 ;
time : 1493546370 ;
type : event ;

2017-04-30 17:59:30 params :
------------
Array:
rule : -2 ;
module :  ;
message : Array ;

2017-04-30 17:59:30 response :
------------

2017-04-30 18:00:22 trace :
------------
Array:
tousername : gh_6536061e4435 ;
fromusername : oKwkYw_nikTtt2VKfB83ZMqz-nHs ;
createtime : 1493546422 ;
msgtype : event ;
event : CLICK ;
eventkey : 二维码 ;
from : oKwkYw_nikTtt2VKfB83ZMqz-nHs ;
to : gh_6536061e4435 ;
time : 1493546422 ;
type : event ;

2017-04-30 18:00:35 trace :
------------
Array:
tousername : gh_6536061e4435 ;
fromusername : oKwkYw_nikTtt2VKfB83ZMqz-nHs ;
createtime : 1493546435 ;
msgtype : event ;
event : SCAN ;
eventkey : 5a204d2bae5a6c7ee18d5cc557bafbe0 ;
ticket : gQHc8TwAAAAAAAAAAS5odHRwOi8vd2VpeGluLnFxLmNvbS9xLzAySWVwbjBLSDljbzMxMDAwMGcwNzcAAgS3tQVZAwQAAAAA ;
from : oKwkYw_nikTtt2VKfB83ZMqz-nHs ;
to : gh_6536061e4435 ;
time : 1493546435 ;
type : subscribe ;
scene : 5a204d2bae5a6c7ee18d5cc557bafbe0 ;

2017-04-30 18:02:08 trace :
------------
Array:
tousername : gh_6536061e4435 ;
fromusername : oKwkYw2ztSbBUNw6BXUGlvVAkELU ;
createtime : 1493546527 ;
msgtype : event ;
event : subscribe ;
eventkey : qrscene_8b56176c32187399cf82a8c8088fbc9b ;
ticket : gQHq8DwAAAAAAAAAAS5odHRwOi8vd2VpeGluLnFxLmNvbS9xLzAyYm5yYjBiSDljbzMxMDAwMGcwN1cAAgQ2Es1YAwQAAAAA ;
from : oKwkYw2ztSbBUNw6BXUGlvVAkELU ;
to : gh_6536061e4435 ;
time : 1493546527 ;
type : subscribe ;
scene : 8b56176c32187399cf82a8c8088fbc9b ;

2017-04-30 18:02:38 trace :
------------
Array:
tousername : gh_6536061e4435 ;
fromusername : oKwkYw2Fi2sMAc6SnybYHpQOE03A ;
createtime : 1493546558 ;
msgtype : event ;
event : subscribe ;
eventkey : qrscene_8b56176c32187399cf82a8c8088fbc9b ;
ticket : gQHq8DwAAAAAAAAAAS5odHRwOi8vd2VpeGluLnFxLmNvbS9xLzAyYm5yYjBiSDljbzMxMDAwMGcwN1cAAgQ2Es1YAwQAAAAA ;
from : oKwkYw2Fi2sMAc6SnybYHpQOE03A ;
to : gh_6536061e4435 ;
time : 1493546558 ;
type : subscribe ;
scene : 8b56176c32187399cf82a8c8088fbc9b ;

2017-04-30 18:09:51 trace :
------------
Array:
tousername : gh_6536061e4435 ;
fromusername : oKwkYwwzUkpA6TQ4JcHTMcXSLnmU ;
createtime : 1493546991 ;
msgtype : event ;
event : VIEW ;
eventkey : http://kh39.61why.com/app/index.php?i=2&c=entry&eid=198 ;
menuid : 410600728 ;
from : oKwkYwwzUkpA6TQ4JcHTMcXSLnmU ;
to : gh_6536061e4435 ;
time : 1493546991 ;
type : event ;

2017-04-30 18:09:51 params :
------------
Array:
rule : -2 ;
module :  ;
message : Array ;

2017-04-30 18:09:51 response :
------------

2017-04-30 18:21:50 trace :
------------
Array:
tousername : gh_6536061e4435 ;
fromusername : oKwkYw0AxVB8dpKdrnGu82ok9IZc ;
createtime : 1493547710 ;
msgtype : event ;
event : CLICK ;
eventkey : 二维码 ;
from : oKwkYw0AxVB8dpKdrnGu82ok9IZc ;
to : gh_6536061e4435 ;
time : 1493547710 ;
type : event ;

2017-04-30 18:22:47 trace :
------------
Array:
tousername : gh_6536061e4435 ;
fromusername : oKwkYw0AxVB8dpKdrnGu82ok9IZc ;
createtime : 1493547767 ;
msgtype : event ;
event : SCAN ;
eventkey : dd82de25fe918598e711962dceee00e3 ;
ticket : gQEI8jwAAAAAAAAAAS5odHRwOi8vd2VpeGluLnFxLmNvbS9xLzAyay1EbDFESDljbzMxMDAwME0wN2EAAgTAugVZAwQAAAAA ;
from : oKwkYw0AxVB8dpKdrnGu82ok9IZc ;
to : gh_6536061e4435 ;
time : 1493547767 ;
type : subscribe ;
scene : dd82de25fe918598e711962dceee00e3 ;

2017-04-30 18:23:18 trace :
------------
Array:
tousername : gh_6536061e4435 ;
fromusername : oKwkYw0AxVB8dpKdrnGu82ok9IZc ;
createtime : 1493547798 ;
msgtype : event ;
event : VIEW ;
eventkey : http://kh39.61why.com/app/index.php?i=2&c=entry&eid=194 ;
menuid : 410600728 ;
from : oKwkYw0AxVB8dpKdrnGu82ok9IZc ;
to : gh_6536061e4435 ;
time : 1493547798 ;
type : event ;

2017-04-30 18:23:18 params :
------------
Array:
rule : -2 ;
module :  ;
message : Array ;

2017-04-30 18:23:18 response :
------------

2017-04-30 18:23:54 trace :
------------
Array:
tousername : gh_6536061e4435 ;
fromusername : oKwkYw0AxVB8dpKdrnGu82ok9IZc ;
createtime : 1493547834 ;
msgtype : event ;
event : VIEW ;
eventkey : http://kh39.61why.com/app/index.php?i=2&c=entry&eid=198 ;
menuid : 410600728 ;
from : oKwkYw0AxVB8dpKdrnGu82ok9IZc ;
to : gh_6536061e4435 ;
time : 1493547834 ;
type : event ;

2017-04-30 18:23:54 params :
------------
Array:
rule : -2 ;
module :  ;
message : Array ;

2017-04-30 18:23:54 response :
------------

2017-04-30 18:24:37 trace :
------------
Array:
tousername : gh_6536061e4435 ;
fromusername : oKwkYw_nikTtt2VKfB83ZMqz-nHs ;
createtime : 1493547877 ;
msgtype : event ;
event : VIEW ;
eventkey : http://kh39.61why.com/app/index.php?i=2&c=entry&eid=198 ;
menuid : 410600728 ;
from : oKwkYw_nikTtt2VKfB83ZMqz-nHs ;
to : gh_6536061e4435 ;
time : 1493547877 ;
type : event ;

2017-04-30 18:24:37 params :
------------
Array:
rule : -2 ;
module :  ;
message : Array ;

2017-04-30 18:24:37 response :
------------

2017-04-30 18:25:47 trace :
------------
Array:
tousername : gh_6536061e4435 ;
fromusername : oKwkYw0AxVB8dpKdrnGu82ok9IZc ;
createtime : 1493547947 ;
msgtype : event ;
event : VIEW ;
eventkey : http://kh39.61why.com/app/index.php?i=2&c=entry&eid=198 ;
menuid : 410600728 ;
from : oKwkYw0AxVB8dpKdrnGu82ok9IZc ;
to : gh_6536061e4435 ;
time : 1493547947 ;
type : event ;

2017-04-30 18:25:47 params :
------------
Array:
rule : -2 ;
module :  ;
message : Array ;

2017-04-30 18:25:47 response :
------------

2017-04-30 18:25:56 trace :
------------
Array:
tousername : gh_6536061e4435 ;
fromusername : oKwkYw_nikTtt2VKfB83ZMqz-nHs ;
createtime : 1493547956 ;
msgtype : event ;
event : VIEW ;
eventkey : http://kh39.61why.com/app/index.php?i=2&c=entry&eid=198 ;
menuid : 410600728 ;
from : oKwkYw_nikTtt2VKfB83ZMqz-nHs ;
to : gh_6536061e4435 ;
time : 1493547956 ;
type : event ;

2017-04-30 18:25:56 params :
------------
Array:
rule : -2 ;
module :  ;
message : Array ;

2017-04-30 18:25:56 response :
------------

2017-04-30 18:28:16 trace :
------------
Array:
tousername : gh_6536061e4435 ;
fromusername : oKwkYw0AxVB8dpKdrnGu82ok9IZc ;
createtime : 1493548096 ;
msgtype : event ;
event : VIEW ;
eventkey : http://kh39.61why.com/app/index.php?i=2&c=entry&eid=194 ;
menuid : 410600728 ;
from : oKwkYw0AxVB8dpKdrnGu82ok9IZc ;
to : gh_6536061e4435 ;
time : 1493548096 ;
type : event ;

2017-04-30 18:28:16 params :
------------
Array:
rule : -2 ;
module :  ;
message : Array ;

2017-04-30 18:28:16 response :
------------

2017-04-30 19:01:52 trace :
------------
Array:
tousername : gh_6536061e4435 ;
fromusername : oKwkYw7bxsg91H27CaqKBljgIUX8 ;
createtime : 1493550112 ;
msgtype : event ;
event : VIEW ;
eventkey : http://kh39.61why.com/app/index.php?i=2&c=entry&eid=194 ;
menuid : 410600728 ;
from : oKwkYw7bxsg91H27CaqKBljgIUX8 ;
to : gh_6536061e4435 ;
time : 1493550112 ;
type : event ;

2017-04-30 19:01:52 params :
------------
Array:
rule : -2 ;
module :  ;
message : Array ;

2017-04-30 19:01:52 response :
------------

2017-04-30 19:19:34 trace :
------------
Array:
tousername : gh_6536061e4435 ;
fromusername : oKwkYw1CJjODVg18eC55sUWQ-tjA ;
createtime : 1493551173 ;
msgtype : event ;
event : VIEW ;
eventkey : http://kh39.61why.com/app/index.php?i=2&c=entry&eid=198 ;
menuid : 410600728 ;
from : oKwkYw1CJjODVg18eC55sUWQ-tjA ;
to : gh_6536061e4435 ;
time : 1493551173 ;
type : event ;

2017-04-30 19:19:34 params :
------------
Array:
rule : -2 ;
module :  ;
message : Array ;

2017-04-30 19:19:34 response :
------------

2017-04-30 19:21:55 trace :
------------
Array:
tousername : gh_6536061e4435 ;
fromusername : oKwkYw8wb3PAJLBDhubEjxXbgCk4 ;
createtime : 1493551315 ;
msgtype : event ;
event : subscribe ;
eventkey : Array ;
from : oKwkYw8wb3PAJLBDhubEjxXbgCk4 ;
to : gh_6536061e4435 ;
time : 1493551315 ;
type : subscribe ;

2017-04-30 19:21:55 params :
------------
Array:
rule : -2 ;
module :  ;
message : Array ;

2017-04-30 19:21:55 response :
------------

2017-04-30 19:22:01 trace :
------------
Array:
tousername : gh_6536061e4435 ;
fromusername : oKwkYw1CJjODVg18eC55sUWQ-tjA ;
createtime : 1493551321 ;
msgtype : event ;
event : VIEW ;
eventkey : http://kh39.61why.com/app/index.php?i=2&c=entry&eid=194 ;
menuid : 410600728 ;
from : oKwkYw1CJjODVg18eC55sUWQ-tjA ;
to : gh_6536061e4435 ;
time : 1493551321 ;
type : event ;

2017-04-30 19:22:01 params :
------------
Array:
rule : -2 ;
module :  ;
message : Array ;

2017-04-30 19:22:01 response :
------------

2017-04-30 19:22:02 trace :
------------
Array:
tousername : gh_6536061e4435 ;
fromusername : oKwkYw8wb3PAJLBDhubEjxXbgCk4 ;
createtime : 1493551322 ;
msgtype : event ;
event : VIEW ;
eventkey : http://kh39.61why.com/app/index.php?i=2&c=entry&eid=194 ;
menuid : 410600728 ;
from : oKwkYw8wb3PAJLBDhubEjxXbgCk4 ;
to : gh_6536061e4435 ;
time : 1493551322 ;
type : event ;

2017-04-30 19:22:02 params :
------------
Array:
rule : -2 ;
module :  ;
message : Array ;

2017-04-30 19:22:02 response :
------------

2017-04-30 19:24:29 trace :
------------
Array:
tousername : gh_6536061e4435 ;
fromusername : oKwkYw8wb3PAJLBDhubEjxXbgCk4 ;
createtime : 1493551469 ;
msgtype : event ;
event : VIEW ;
eventkey : http://kh39.61why.com/app/index.php?i=2&c=entry&eid=194 ;
menuid : 410600728 ;
from : oKwkYw8wb3PAJLBDhubEjxXbgCk4 ;
to : gh_6536061e4435 ;
time : 1493551469 ;
type : event ;

2017-04-30 19:24:29 params :
------------
Array:
rule : -2 ;
module :  ;
message : Array ;

2017-04-30 19:24:29 response :
------------

2017-04-30 19:29:26 trace :
------------
Array:
tousername : gh_6536061e4435 ;
fromusername : oKwkYw_imcO7cqrgletDysQnULwk ;
createtime : 1493551766 ;
msgtype : event ;
event : VIEW ;
eventkey : http://kh39.61why.com/app/index.php?i=2&c=entry&eid=194 ;
menuid : 410600728 ;
from : oKwkYw_imcO7cqrgletDysQnULwk ;
to : gh_6536061e4435 ;
time : 1493551766 ;
type : event ;

2017-04-30 19:29:26 params :
------------
Array:
rule : -2 ;
module :  ;
message : Array ;

2017-04-30 19:29:26 response :
------------

2017-04-30 19:36:09 trace :
------------
Array:
tousername : gh_6536061e4435 ;
fromusername : oKwkYw_xwV8MKtwuj4zRQjiDMR7w ;
createtime : 1493552169 ;
msgtype : event ;
event : VIEW ;
eventkey : http://kh39.61why.com/app/index.php?i=2&c=entry&eid=198 ;
menuid : 410600728 ;
from : oKwkYw_xwV8MKtwuj4zRQjiDMR7w ;
to : gh_6536061e4435 ;
time : 1493552169 ;
type : event ;

2017-04-30 19:36:09 params :
------------
Array:
rule : -2 ;
module :  ;
message : Array ;

2017-04-30 19:36:09 response :
------------

2017-04-30 19:55:15 trace :
------------
Array:
tousername : gh_6536061e4435 ;
fromusername : oKwkYwy8qdsHoFs3gGXPpiw4TDMc ;
createtime : 1493553314 ;
msgtype : event ;
event : VIEW ;
eventkey : http://kh39.61why.com/app/index.php?i=2&c=entry&eid=194 ;
menuid : 410600728 ;
from : oKwkYwy8qdsHoFs3gGXPpiw4TDMc ;
to : gh_6536061e4435 ;
time : 1493553314 ;
type : event ;

2017-04-30 19:55:15 params :
------------
Array:
rule : -2 ;
module :  ;
message : Array ;

2017-04-30 19:55:15 response :
------------

2017-04-30 19:59:16 trace :
------------
Array:
tousername : gh_6536061e4435 ;
fromusername : oKwkYw0D7snKw9WJkTr_EzwW-SF0 ;
createtime : 1493553556 ;
msgtype : event ;
event : VIEW ;
eventkey : http://kh39.61why.com/app/index.php?i=2&c=entry&eid=198 ;
menuid : 410600728 ;
from : oKwkYw0D7snKw9WJkTr_EzwW-SF0 ;
to : gh_6536061e4435 ;
time : 1493553556 ;
type : event ;

2017-04-30 19:59:16 params :
------------
Array:
rule : -2 ;
module :  ;
message : Array ;

2017-04-30 19:59:16 response :
------------

2017-04-30 20:37:55 trace :
------------
Array:
tousername : gh_6536061e4435 ;
fromusername : oKwkYwy8qdsHoFs3gGXPpiw4TDMc ;
createtime : 1493555875 ;
msgtype : event ;
event : VIEW ;
eventkey : http://kh39.61why.com/app/index.php?i=2&c=entry&eid=194 ;
menuid : 410600728 ;
from : oKwkYwy8qdsHoFs3gGXPpiw4TDMc ;
to : gh_6536061e4435 ;
time : 1493555875 ;
type : event ;

2017-04-30 20:37:55 params :
------------
Array:
rule : -2 ;
module :  ;
message : Array ;

2017-04-30 20:37:55 response :
------------

2017-04-30 20:48:59 trace :
------------
Array:
tousername : gh_6536061e4435 ;
fromusername : oKwkYwz_FtGom2eSyG1qwUGFxNiA ;
createtime : 1493556539 ;
msgtype : event ;
event : VIEW ;
eventkey : http://kh39.61why.com/app/index.php?i=2&c=entry&eid=198 ;
menuid : 410600728 ;
from : oKwkYwz_FtGom2eSyG1qwUGFxNiA ;
to : gh_6536061e4435 ;
time : 1493556539 ;
type : event ;

2017-04-30 20:48:59 params :
------------
Array:
rule : -2 ;
module :  ;
message : Array ;

2017-04-30 20:48:59 response :
------------

2017-04-30 21:20:59 trace :
------------
Array:
tousername : gh_6536061e4435 ;
fromusername : oKwkYwxVOmaQngJdBzf9zSWG8b2s ;
createtime : 1493558458 ;
msgtype : event ;
event : VIEW ;
eventkey : http://kh39.61why.com/app/index.php?i=2&c=entry&eid=198 ;
menuid : 410600728 ;
from : oKwkYwxVOmaQngJdBzf9zSWG8b2s ;
to : gh_6536061e4435 ;
time : 1493558458 ;
type : event ;

2017-04-30 21:20:59 params :
------------
Array:
rule : -2 ;
module :  ;
message : Array ;

2017-04-30 21:20:59 response :
------------

2017-04-30 21:21:08 trace :
------------
Array:
tousername : gh_6536061e4435 ;
fromusername : oKwkYwxVOmaQngJdBzf9zSWG8b2s ;
createtime : 1493558468 ;
msgtype : event ;
event : VIEW ;
eventkey : http://kh39.61why.com/app/index.php?i=2&c=entry&eid=198 ;
menuid : 410600728 ;
from : oKwkYwxVOmaQngJdBzf9zSWG8b2s ;
to : gh_6536061e4435 ;
time : 1493558468 ;
type : event ;

2017-04-30 21:21:08 params :
------------
Array:
rule : -2 ;
module :  ;
message : Array ;

2017-04-30 21:21:08 response :
------------

2017-04-30 21:30:09 trace :
------------
Array:
tousername : gh_6536061e4435 ;
fromusername : oKwkYw0AxVB8dpKdrnGu82ok9IZc ;
createtime : 1493559009 ;
msgtype : event ;
event : VIEW ;
eventkey : http://kh39.61why.com/app/index.php?i=2&c=entry&eid=198 ;
menuid : 410600728 ;
from : oKwkYw0AxVB8dpKdrnGu82ok9IZc ;
to : gh_6536061e4435 ;
time : 1493559009 ;
type : event ;

2017-04-30 21:30:09 params :
------------
Array:
rule : -2 ;
module :  ;
message : Array ;

2017-04-30 21:30:09 response :
------------

2017-04-30 21:30:37 trace :
------------
Array:
tousername : gh_6536061e4435 ;
fromusername : oKwkYw0AxVB8dpKdrnGu82ok9IZc ;
createtime : 1493559036 ;
msgtype : event ;
event : VIEW ;
eventkey : http://kh39.61why.com/app/index.php?i=2&c=entry&eid=198 ;
menuid : 410600728 ;
from : oKwkYw0AxVB8dpKdrnGu82ok9IZc ;
to : gh_6536061e4435 ;
time : 1493559036 ;
type : event ;

2017-04-30 21:30:37 params :
------------
Array:
rule : -2 ;
module :  ;
message : Array ;

2017-04-30 21:30:37 response :
------------

2017-04-30 21:30:55 trace :
------------
Array:
tousername : gh_6536061e4435 ;
fromusername : oKwkYw0AxVB8dpKdrnGu82ok9IZc ;
createtime : 1493559054 ;
msgtype : event ;
event : VIEW ;
eventkey : http://kh39.61why.com/app/index.php?i=2&c=entry&eid=194 ;
menuid : 410600728 ;
from : oKwkYw0AxVB8dpKdrnGu82ok9IZc ;
to : gh_6536061e4435 ;
time : 1493559054 ;
type : event ;

2017-04-30 21:30:55 params :
------------
Array:
rule : -2 ;
module :  ;
message : Array ;

2017-04-30 21:30:55 response :
------------

2017-04-30 21:33:43 trace :
------------
Array:
tousername : gh_6536061e4435 ;
fromusername : oKwkYw0AxVB8dpKdrnGu82ok9IZc ;
createtime : 1493559223 ;
msgtype : event ;
event : VIEW ;
eventkey : http://kh39.61why.com/app/index.php?i=2&c=entry&eid=194 ;
menuid : 410600728 ;
from : oKwkYw0AxVB8dpKdrnGu82ok9IZc ;
to : gh_6536061e4435 ;
time : 1493559223 ;
type : event ;

2017-04-30 21:33:43 params :
------------
Array:
rule : -2 ;
module :  ;
message : Array ;

2017-04-30 21:33:43 response :
------------

2017-04-30 21:34:17 trace :
------------
Array:
tousername : gh_6536061e4435 ;
fromusername : oKwkYw0AxVB8dpKdrnGu82ok9IZc ;
createtime : 1493559257 ;
msgtype : event ;
event : VIEW ;
eventkey : http://kh39.61why.com/app/index.php?i=2&c=entry&eid=194 ;
menuid : 410600728 ;
from : oKwkYw0AxVB8dpKdrnGu82ok9IZc ;
to : gh_6536061e4435 ;
time : 1493559257 ;
type : event ;

2017-04-30 21:34:17 params :
------------
Array:
rule : -2 ;
module :  ;
message : Array ;

2017-04-30 21:34:17 response :
------------

2017-04-30 21:36:21 trace :
------------
Array:
tousername : gh_6536061e4435 ;
fromusername : oKwkYw0AxVB8dpKdrnGu82ok9IZc ;
createtime : 1493559381 ;
msgtype : event ;
event : VIEW ;
eventkey : http://kh39.61why.com/app/index.php?i=2&c=entry&eid=194 ;
menuid : 410600728 ;
from : oKwkYw0AxVB8dpKdrnGu82ok9IZc ;
to : gh_6536061e4435 ;
time : 1493559381 ;
type : event ;

2017-04-30 21:36:21 params :
------------
Array:
rule : -2 ;
module :  ;
message : Array ;

2017-04-30 21:36:21 response :
------------

2017-04-30 21:38:14 trace :
------------
Array:
tousername : gh_6536061e4435 ;
fromusername : oKwkYw0AxVB8dpKdrnGu82ok9IZc ;
createtime : 1493559494 ;
msgtype : event ;
event : CLICK ;
eventkey : 二维码 ;
from : oKwkYw0AxVB8dpKdrnGu82ok9IZc ;
to : gh_6536061e4435 ;
time : 1493559494 ;
type : event ;

2017-04-30 21:40:07 trace :
------------
Array:
tousername : gh_6536061e4435 ;
fromusername : oKwkYw6QPYo7OccTCbuG50bYRd8o ;
createtime : 1493559607 ;
msgtype : event ;
event : VIEW ;
eventkey : http://kh39.61why.com/app/index.php?i=2&c=entry&eid=198 ;
menuid : 410600728 ;
from : oKwkYw6QPYo7OccTCbuG50bYRd8o ;
to : gh_6536061e4435 ;
time : 1493559607 ;
type : event ;

2017-04-30 21:40:07 params :
------------
Array:
rule : -2 ;
module :  ;
message : Array ;

2017-04-30 21:40:07 response :
------------

2017-04-30 21:40:45 trace :
------------
Array:
tousername : gh_6536061e4435 ;
fromusername : oKwkYw6QPYo7OccTCbuG50bYRd8o ;
createtime : 1493559645 ;
msgtype : event ;
event : VIEW ;
eventkey : http://kh39.61why.com/app/index.php?i=2&c=entry&eid=198 ;
menuid : 410600728 ;
from : oKwkYw6QPYo7OccTCbuG50bYRd8o ;
to : gh_6536061e4435 ;
time : 1493559645 ;
type : event ;

2017-04-30 21:40:45 params :
------------
Array:
rule : -2 ;
module :  ;
message : Array ;

2017-04-30 21:40:45 response :
------------

2017-04-30 22:09:20 trace :
------------
Array:
tousername : gh_6536061e4435 ;
fromusername : oKwkYw5hiet9aIoMvpfdt0UcJyzc ;
createtime : 1493561359 ;
msgtype : event ;
event : VIEW ;
eventkey : http://kh39.61why.com/app/index.php?i=2&c=entry&eid=198 ;
menuid : 410600728 ;
from : oKwkYw5hiet9aIoMvpfdt0UcJyzc ;
to : gh_6536061e4435 ;
time : 1493561359 ;
type : event ;

2017-04-30 22:09:20 params :
------------
Array:
rule : -2 ;
module :  ;
message : Array ;

2017-04-30 22:09:20 response :
------------

2017-04-30 22:28:23 trace :
------------
Array:
tousername : gh_6536061e4435 ;
fromusername : oKwkYw9A27iCE2wbx5IXncAJ21Sw ;
createtime : 1493562503 ;
msgtype : event ;
event : VIEW ;
eventkey : http://kh39.61why.com/app/index.php?i=2&c=entry&eid=198 ;
menuid : 410600728 ;
from : oKwkYw9A27iCE2wbx5IXncAJ21Sw ;
to : gh_6536061e4435 ;
time : 1493562503 ;
type : event ;

2017-04-30 22:28:23 params :
------------
Array:
rule : -2 ;
module :  ;
message : Array ;

2017-04-30 22:28:23 response :
------------

2017-04-30 23:33:42 trace :
------------
Array:
tousername : gh_6536061e4435 ;
fromusername : oKwkYw9A27iCE2wbx5IXncAJ21Sw ;
createtime : 1493566422 ;
msgtype : event ;
event : VIEW ;
eventkey : http://kh39.61why.com/app/index.php?i=2&c=entry&eid=198 ;
menuid : 410600728 ;
from : oKwkYw9A27iCE2wbx5IXncAJ21Sw ;
to : gh_6536061e4435 ;
time : 1493566422 ;
type : event ;

2017-04-30 23:33:42 params :
------------
Array:
rule : -2 ;
module :  ;
message : Array ;

2017-04-30 23:33:42 response :
------------

2017-04-30 23:33:49 trace :
------------
Array:
tousername : gh_6536061e4435 ;
fromusername : oKwkYw9A27iCE2wbx5IXncAJ21Sw ;
createtime : 1493566429 ;
msgtype : event ;
event : VIEW ;
eventkey : http://kh39.61why.com/app/index.php?i=2&c=entry&eid=198 ;
menuid : 410600728 ;
from : oKwkYw9A27iCE2wbx5IXncAJ21Sw ;
to : gh_6536061e4435 ;
time : 1493566429 ;
type : event ;

2017-04-30 23:33:49 params :
------------
Array:
rule : -2 ;
module :  ;
message : Array ;

2017-04-30 23:33:49 response :
------------

2017-04-30 23:53:13 trace :
------------
Array:
tousername : gh_6536061e4435 ;
fromusername : oKwkYw9A27iCE2wbx5IXncAJ21Sw ;
createtime : 1493567593 ;
msgtype : event ;
event : VIEW ;
eventkey : http://kh39.61why.com/app/index.php?i=2&c=entry&eid=194 ;
menuid : 410600728 ;
from : oKwkYw9A27iCE2wbx5IXncAJ21Sw ;
to : gh_6536061e4435 ;
time : 1493567593 ;
type : event ;

2017-04-30 23:53:13 params :
------------
Array:
rule : -2 ;
module :  ;
message : Array ;

2017-04-30 23:53:13 response :
------------

2017-04-30 23:56:43 trace :
------------
Array:
tousername : gh_6536061e4435 ;
fromusername : oKwkYw5Hv5-mrEGrZ572fv2JrB_s ;
createtime : 1493567803 ;
msgtype : event ;
event : TEMPLATESENDJOBFINISH ;
msgid : 412549375 ;
status : success ;
from : oKwkYw5Hv5-mrEGrZ572fv2JrB_s ;
to : gh_6536061e4435 ;
time : 1493567803 ;
type : event ;

2017-04-30 23:56:43 params :
------------
Array:
rule : -2 ;
module :  ;
message : Array ;

2017-04-30 23:56:43 response :
------------

2017-04-30 23:56:43 trace :
------------
Array:
tousername : gh_6536061e4435 ;
fromusername : oKwkYw7K9xHIr91Csk-qENfcagnM ;
createtime : 1493567803 ;
msgtype : event ;
event : TEMPLATESENDJOBFINISH ;
msgid : 412549377 ;
status : success ;
from : oKwkYw7K9xHIr91Csk-qENfcagnM ;
to : gh_6536061e4435 ;
time : 1493567803 ;
type : event ;

2017-04-30 23:56:43 params :
------------
Array:
rule : -2 ;
module :  ;
message : Array ;

2017-04-30 23:56:43 response :
------------

2017-04-30 23:57:16 trace :
------------
Array:
tousername : gh_6536061e4435 ;
fromusername : oKwkYw5Hv5-mrEGrZ572fv2JrB_s ;
createtime : 1493567836 ;
msgtype : event ;
event : TEMPLATESENDJOBFINISH ;
msgid : 412549390 ;
status : success ;
from : oKwkYw5Hv5-mrEGrZ572fv2JrB_s ;
to : gh_6536061e4435 ;
time : 1493567836 ;
type : event ;

2017-04-30 23:57:16 params :
------------
Array:
rule : -2 ;
module :  ;
message : Array ;

2017-04-30 23:57:16 response :
------------

2017-04-30 23:57:17 trace :
------------
Array:
tousername : gh_6536061e4435 ;
fromusername : oKwkYw7K9xHIr91Csk-qENfcagnM ;
createtime : 1493567836 ;
msgtype : event ;
event : TEMPLATESENDJOBFINISH ;
msgid : 412549391 ;
status : success ;
from : oKwkYw7K9xHIr91Csk-qENfcagnM ;
to : gh_6536061e4435 ;
time : 1493567836 ;
type : event ;

2017-04-30 23:57:17 params :
------------
Array:
rule : -2 ;
module :  ;
message : Array ;

2017-04-30 23:57:17 response :
------------

2017-04-30 23:58:05 trace :
------------
Array:
tousername : gh_6536061e4435 ;
fromusername : oKwkYw9A27iCE2wbx5IXncAJ21Sw ;
createtime : 1493567885 ;
msgtype : event ;
event : VIEW ;
eventkey : http://kh39.61why.com/app/index.php?i=2&c=entry&eid=198 ;
menuid : 410600728 ;
from : oKwkYw9A27iCE2wbx5IXncAJ21Sw ;
to : gh_6536061e4435 ;
time : 1493567885 ;
type : event ;

2017-04-30 23:58:05 params :
------------
Array:
rule : -2 ;
module :  ;
message : Array ;

2017-04-30 23:58:05 response :
------------

2017-04-30 23:59:35 trace :
------------
Array:
tousername : gh_6536061e4435 ;
fromusername : oKwkYw9A27iCE2wbx5IXncAJ21Sw ;
createtime : 1493567975 ;
msgtype : event ;
event : VIEW ;
eventkey : http://kh39.61why.com/app/index.php?i=2&c=entry&eid=194 ;
menuid : 410600728 ;
from : oKwkYw9A27iCE2wbx5IXncAJ21Sw ;
to : gh_6536061e4435 ;
time : 1493567975 ;
type : event ;

2017-04-30 23:59:35 params :
------------
Array:
rule : -2 ;
module :  ;
message : Array ;

2017-04-30 23:59:35 response :
------------

