2017-04-09 00:12:36 trace :
------------
Array:
tousername : gh_6536061e4435 ;
fromusername : oKwkYwxdGazpUQLKnjr_HrnPicQo ;
createtime : 1491667956 ;
msgtype : event ;
event : VIEW ;
eventkey : http://kh39.61why.com/app/index.php?i=2&c=entry&eid=198 ;
menuid : 410600728 ;
from : oKwkYwxdGazpUQLKnjr_HrnPicQo ;
to : gh_6536061e4435 ;
time : 1491667956 ;
type : event ;

2017-04-09 00:12:36 params :
------------
Array:
rule : -2 ;
module :  ;
message : Array ;

2017-04-09 00:12:36 response :
------------

2017-04-09 00:20:07 trace :
------------
Array:
tousername : gh_0ad70057b777 ;
fromusername : o26ibjqXsavWWLv6fn4vTHmMl-E8 ;
createtime : 1491668407 ;
msgtype : event ;
event : VIEW ;
eventkey : http://kh39.61why.com/app/index.php?i=2&c=entry&eid=198 ;
menuid : 411738532 ;
from : o26ibjqXsavWWLv6fn4vTHmMl-E8 ;
to : gh_0ad70057b777 ;
time : 1491668407 ;
type : event ;

2017-04-09 00:20:07 params :
------------
Array:
rule : -2 ;
module :  ;
message : Array ;

2017-04-09 00:20:07 response :
------------

2017-04-09 00:21:00 trace :
------------
Array:
tousername : gh_6536061e4435 ;
fromusername : oKwkYw9A27iCE2wbx5IXncAJ21Sw ;
createtime : 1491668460 ;
msgtype : event ;
event : VIEW ;
eventkey : http://kh39.61why.com/app/index.php?i=2&c=entry&eid=198 ;
menuid : 410600728 ;
from : oKwkYw9A27iCE2wbx5IXncAJ21Sw ;
to : gh_6536061e4435 ;
time : 1491668460 ;
type : event ;

2017-04-09 00:21:00 params :
------------
Array:
rule : -2 ;
module :  ;
message : Array ;

2017-04-09 00:21:00 response :
------------

2017-04-09 00:21:41 trace :
------------
Array:
tousername : gh_6536061e4435 ;
fromusername : oKwkYw9A27iCE2wbx5IXncAJ21Sw ;
createtime : 1491668501 ;
msgtype : event ;
event : VIEW ;
eventkey : http://kh39.61why.com/app/index.php?i=2&c=entry&eid=198 ;
menuid : 410600728 ;
from : oKwkYw9A27iCE2wbx5IXncAJ21Sw ;
to : gh_6536061e4435 ;
time : 1491668501 ;
type : event ;

2017-04-09 00:21:41 params :
------------
Array:
rule : -2 ;
module :  ;
message : Array ;

2017-04-09 00:21:41 response :
------------

2017-04-09 00:32:01 trace :
------------
Array:
tousername : gh_6536061e4435 ;
fromusername : oKwkYw0D7snKw9WJkTr_EzwW-SF0 ;
createtime : 1491669121 ;
msgtype : event ;
event : VIEW ;
eventkey : http://kh39.61why.com/app/index.php?i=2&c=entry&eid=198 ;
menuid : 410600728 ;
from : oKwkYw0D7snKw9WJkTr_EzwW-SF0 ;
to : gh_6536061e4435 ;
time : 1491669121 ;
type : event ;

2017-04-09 00:32:01 params :
------------
Array:
rule : -2 ;
module :  ;
message : Array ;

2017-04-09 00:32:01 response :
------------

2017-04-09 00:58:26 trace :
------------
Array:
tousername : gh_6536061e4435 ;
fromusername : oKwkYwwt4gqhPzNYlNXyFnD_oxso ;
createtime : 1491670705 ;
msgtype : event ;
event : VIEW ;
eventkey : http://kh39.61why.com/app/index.php?i=2&c=entry&eid=194 ;
menuid : 410600728 ;
from : oKwkYwwt4gqhPzNYlNXyFnD_oxso ;
to : gh_6536061e4435 ;
time : 1491670705 ;
type : event ;

2017-04-09 00:58:26 params :
------------
Array:
rule : -2 ;
module :  ;
message : Array ;

2017-04-09 00:58:26 response :
------------

2017-04-09 07:14:23 trace :
------------
Array:
tousername : gh_6536061e4435 ;
fromusername : oKwkYwz_FtGom2eSyG1qwUGFxNiA ;
createtime : 1491693262 ;
msgtype : event ;
event : VIEW ;
eventkey : http://kh39.61why.com/app/index.php?i=2&c=entry&eid=198 ;
menuid : 410600728 ;
from : oKwkYwz_FtGom2eSyG1qwUGFxNiA ;
to : gh_6536061e4435 ;
time : 1491693262 ;
type : event ;

2017-04-09 07:14:23 params :
------------
Array:
rule : -2 ;
module :  ;
message : Array ;

2017-04-09 07:14:23 response :
------------

2017-04-09 07:41:06 trace :
------------
Array:
tousername : gh_6536061e4435 ;
fromusername : oKwkYw5hiet9aIoMvpfdt0UcJyzc ;
createtime : 1491694865 ;
msgtype : event ;
event : VIEW ;
eventkey : http://kh39.61why.com/app/index.php?i=2&c=entry&eid=198 ;
menuid : 410600728 ;
from : oKwkYw5hiet9aIoMvpfdt0UcJyzc ;
to : gh_6536061e4435 ;
time : 1491694865 ;
type : event ;

2017-04-09 07:41:06 params :
------------
Array:
rule : -2 ;
module :  ;
message : Array ;

2017-04-09 07:41:06 response :
------------

2017-04-09 07:44:51 trace :
------------
Array:
tousername : gh_6536061e4435 ;
fromusername : oKwkYw9UMAa_W9kI9ZCjvdzk-fL4 ;
createtime : 1491695091 ;
msgtype : event ;
event : VIEW ;
eventkey : http://kh39.61why.com/app/index.php?i=2&c=entry&eid=194 ;
menuid : 410600728 ;
from : oKwkYw9UMAa_W9kI9ZCjvdzk-fL4 ;
to : gh_6536061e4435 ;
time : 1491695091 ;
type : event ;

2017-04-09 07:44:51 params :
------------
Array:
rule : -2 ;
module :  ;
message : Array ;

2017-04-09 07:44:51 response :
------------

2017-04-09 08:10:37 trace :
------------
Array:
tousername : gh_6536061e4435 ;
fromusername : oKwkYw5S8zWw6zCS6dGdWuuV95fM ;
createtime : 1491696637 ;
msgtype : event ;
event : VIEW ;
eventkey : http://kh39.61why.com/app/index.php?i=2&c=entry&eid=198 ;
menuid : 410600728 ;
from : oKwkYw5S8zWw6zCS6dGdWuuV95fM ;
to : gh_6536061e4435 ;
time : 1491696637 ;
type : event ;

2017-04-09 08:10:37 params :
------------
Array:
rule : -2 ;
module :  ;
message : Array ;

2017-04-09 08:10:37 response :
------------

2017-04-09 08:29:34 trace :
------------
Array:
tousername : gh_6536061e4435 ;
fromusername : oKwkYw_J9RB_cOVK9fQ1pD5O99Eo ;
createtime : 1491697774 ;
msgtype : event ;
event : VIEW ;
eventkey : http://kh39.61why.com/app/index.php?i=2&c=entry&eid=198 ;
menuid : 410600728 ;
from : oKwkYw_J9RB_cOVK9fQ1pD5O99Eo ;
to : gh_6536061e4435 ;
time : 1491697774 ;
type : event ;

2017-04-09 08:29:34 params :
------------
Array:
rule : -2 ;
module :  ;
message : Array ;

2017-04-09 08:29:34 response :
------------

2017-04-09 08:30:08 trace :
------------
Array:
tousername : gh_6536061e4435 ;
fromusername : oKwkYw_J9RB_cOVK9fQ1pD5O99Eo ;
createtime : 1491697808 ;
msgtype : event ;
event : VIEW ;
eventkey : http://kh39.61why.com/app/index.php?i=2&c=entry&eid=194 ;
menuid : 410600728 ;
from : oKwkYw_J9RB_cOVK9fQ1pD5O99Eo ;
to : gh_6536061e4435 ;
time : 1491697808 ;
type : event ;

2017-04-09 08:30:08 params :
------------
Array:
rule : -2 ;
module :  ;
message : Array ;

2017-04-09 08:30:08 response :
------------

2017-04-09 09:30:54 trace :
------------
Array:
tousername : gh_6536061e4435 ;
fromusername : oKwkYw5hiet9aIoMvpfdt0UcJyzc ;
createtime : 1491701454 ;
msgtype : event ;
event : VIEW ;
eventkey : http://kh39.61why.com/app/index.php?i=2&c=entry&eid=198 ;
menuid : 410600728 ;
from : oKwkYw5hiet9aIoMvpfdt0UcJyzc ;
to : gh_6536061e4435 ;
time : 1491701454 ;
type : event ;

2017-04-09 09:30:54 params :
------------
Array:
rule : -2 ;
module :  ;
message : Array ;

2017-04-09 09:30:54 response :
------------

2017-04-09 10:01:51 trace :
------------
Array:
tousername : gh_6536061e4435 ;
fromusername : oKwkYwxdGazpUQLKnjr_HrnPicQo ;
createtime : 1491703311 ;
msgtype : event ;
event : VIEW ;
eventkey : http://kh39.61why.com/app/index.php?i=2&c=entry&eid=198 ;
menuid : 410600728 ;
from : oKwkYwxdGazpUQLKnjr_HrnPicQo ;
to : gh_6536061e4435 ;
time : 1491703311 ;
type : event ;

2017-04-09 10:01:51 params :
------------
Array:
rule : -2 ;
module :  ;
message : Array ;

2017-04-09 10:01:51 response :
------------

2017-04-09 10:11:03 trace :
------------
Array:
tousername : gh_6536061e4435 ;
fromusername : oKwkYw0b_nY3vy2dlsZiutChx2qg ;
createtime : 1491703862 ;
msgtype : event ;
event : VIEW ;
eventkey : http://kh39.61why.com/app/index.php?i=2&c=entry&eid=194 ;
menuid : 410600728 ;
from : oKwkYw0b_nY3vy2dlsZiutChx2qg ;
to : gh_6536061e4435 ;
time : 1491703862 ;
type : event ;

2017-04-09 10:11:03 params :
------------
Array:
rule : -2 ;
module :  ;
message : Array ;

2017-04-09 10:11:03 response :
------------

2017-04-09 10:28:10 trace :
------------
Array:
tousername : gh_6536061e4435 ;
fromusername : oKwkYw0Lffxa65YQCLVZZ6tPc_NA ;
createtime : 1491704890 ;
msgtype : event ;
event : VIEW ;
eventkey : http://kh39.61why.com/app/index.php?i=2&c=entry&eid=198 ;
menuid : 410600728 ;
from : oKwkYw0Lffxa65YQCLVZZ6tPc_NA ;
to : gh_6536061e4435 ;
time : 1491704890 ;
type : event ;

2017-04-09 10:28:10 params :
------------
Array:
rule : -2 ;
module :  ;
message : Array ;

2017-04-09 10:28:10 response :
------------

2017-04-09 11:41:40 trace :
------------
Array:
tousername : gh_6536061e4435 ;
fromusername : oKwkYw9A27iCE2wbx5IXncAJ21Sw ;
createtime : 1491709300 ;
msgtype : event ;
event : VIEW ;
eventkey : http://kh39.61why.com/app/index.php?i=2&c=entry&eid=198 ;
menuid : 410600728 ;
from : oKwkYw9A27iCE2wbx5IXncAJ21Sw ;
to : gh_6536061e4435 ;
time : 1491709300 ;
type : event ;

2017-04-09 11:41:40 params :
------------
Array:
rule : -2 ;
module :  ;
message : Array ;

2017-04-09 11:41:40 response :
------------

2017-04-09 12:04:10 trace :
------------
Array:
tousername : gh_6536061e4435 ;
fromusername : oKwkYw7Vp_SvB1oKymd6C32TBT98 ;
createtime : 1491710650 ;
msgtype : event ;
event : VIEW ;
eventkey : http://kh39.61why.com/app/index.php?i=2&c=entry&eid=194 ;
menuid : 410600728 ;
from : oKwkYw7Vp_SvB1oKymd6C32TBT98 ;
to : gh_6536061e4435 ;
time : 1491710650 ;
type : event ;

2017-04-09 12:04:10 params :
------------
Array:
rule : -2 ;
module :  ;
message : Array ;

2017-04-09 12:04:10 response :
------------

2017-04-09 12:05:05 trace :
------------
Array:
tousername : gh_6536061e4435 ;
fromusername : oKwkYw7Vp_SvB1oKymd6C32TBT98 ;
createtime : 1491710705 ;
msgtype : event ;
event : VIEW ;
eventkey : http://kh39.61why.com/app/index.php?i=2&c=entry&eid=194 ;
menuid : 410600728 ;
from : oKwkYw7Vp_SvB1oKymd6C32TBT98 ;
to : gh_6536061e4435 ;
time : 1491710705 ;
type : event ;

2017-04-09 12:05:05 params :
------------
Array:
rule : -2 ;
module :  ;
message : Array ;

2017-04-09 12:05:05 response :
------------

2017-04-09 12:08:31 trace :
------------
Array:
tousername : gh_6536061e4435 ;
fromusername : oKwkYw7Vp_SvB1oKymd6C32TBT98 ;
createtime : 1491710911 ;
msgtype : event ;
event : VIEW ;
eventkey : http://kh39.61why.com/app/index.php?i=2&c=entry&eid=194 ;
menuid : 410600728 ;
from : oKwkYw7Vp_SvB1oKymd6C32TBT98 ;
to : gh_6536061e4435 ;
time : 1491710911 ;
type : event ;

2017-04-09 12:08:31 params :
------------
Array:
rule : -2 ;
module :  ;
message : Array ;

2017-04-09 12:08:31 response :
------------

2017-04-09 12:14:01 trace :
------------
Array:
tousername : gh_6536061e4435 ;
fromusername : oKwkYw9A27iCE2wbx5IXncAJ21Sw ;
createtime : 1491711241 ;
msgtype : event ;
event : VIEW ;
eventkey : http://kh39.61why.com/app/index.php?i=2&c=entry&eid=198 ;
menuid : 410600728 ;
from : oKwkYw9A27iCE2wbx5IXncAJ21Sw ;
to : gh_6536061e4435 ;
time : 1491711241 ;
type : event ;

2017-04-09 12:14:01 params :
------------
Array:
rule : -2 ;
module :  ;
message : Array ;

2017-04-09 12:14:01 response :
------------

2017-04-09 12:19:04 trace :
------------
Array:
tousername : gh_6536061e4435 ;
fromusername : oKwkYw9A27iCE2wbx5IXncAJ21Sw ;
createtime : 1491711544 ;
msgtype : event ;
event : VIEW ;
eventkey : http://kh39.61why.com/app/index.php?i=2&c=entry&eid=198 ;
menuid : 410600728 ;
from : oKwkYw9A27iCE2wbx5IXncAJ21Sw ;
to : gh_6536061e4435 ;
time : 1491711544 ;
type : event ;

2017-04-09 12:19:04 params :
------------
Array:
rule : -2 ;
module :  ;
message : Array ;

2017-04-09 12:19:04 response :
------------

2017-04-09 12:19:31 trace :
------------
Array:
tousername : gh_6536061e4435 ;
fromusername : oKwkYw9A27iCE2wbx5IXncAJ21Sw ;
createtime : 1491711571 ;
msgtype : event ;
event : VIEW ;
eventkey : http://kh39.61why.com/app/index.php?i=2&c=entry&eid=194 ;
menuid : 410600728 ;
from : oKwkYw9A27iCE2wbx5IXncAJ21Sw ;
to : gh_6536061e4435 ;
time : 1491711571 ;
type : event ;

2017-04-09 12:19:31 params :
------------
Array:
rule : -2 ;
module :  ;
message : Array ;

2017-04-09 12:19:31 response :
------------

2017-04-09 12:24:34 trace :
------------
Array:
tousername : gh_6536061e4435 ;
fromusername : oKwkYw9A27iCE2wbx5IXncAJ21Sw ;
createtime : 1491711874 ;
msgtype : event ;
event : VIEW ;
eventkey : http://kh39.61why.com/app/index.php?i=2&c=entry&eid=194 ;
menuid : 410600728 ;
from : oKwkYw9A27iCE2wbx5IXncAJ21Sw ;
to : gh_6536061e4435 ;
time : 1491711874 ;
type : event ;

2017-04-09 12:24:34 params :
------------
Array:
rule : -2 ;
module :  ;
message : Array ;

2017-04-09 12:24:34 response :
------------

2017-04-09 12:30:59 trace :
------------
Array:
tousername : gh_6536061e4435 ;
fromusername : oKwkYwxdGazpUQLKnjr_HrnPicQo ;
createtime : 1491712259 ;
msgtype : event ;
event : VIEW ;
eventkey : http://kh39.61why.com/app/index.php?i=2&c=entry&eid=198 ;
menuid : 410600728 ;
from : oKwkYwxdGazpUQLKnjr_HrnPicQo ;
to : gh_6536061e4435 ;
time : 1491712259 ;
type : event ;

2017-04-09 12:30:59 params :
------------
Array:
rule : -2 ;
module :  ;
message : Array ;

2017-04-09 12:30:59 response :
------------

2017-04-09 12:31:01 trace :
------------
Array:
tousername : gh_6536061e4435 ;
fromusername : oKwkYw9Mi_iQyCQjo5kC4gRrd9K8 ;
createtime : 1491712261 ;
msgtype : event ;
event : SCAN ;
eventkey : d8aef4db56ee9b3875f012496226d43e ;
ticket : gQGI8DwAAAAAAAAAAS5odHRwOi8vd2VpeGluLnFxLmNvbS9xLzAyd21ZRjFrSDljbzMxMDAwMGcwN0QAAgQeFW5YAwQAAAAA ;
from : oKwkYw9Mi_iQyCQjo5kC4gRrd9K8 ;
to : gh_6536061e4435 ;
time : 1491712261 ;
type : subscribe ;
scene : d8aef4db56ee9b3875f012496226d43e ;

2017-04-09 12:31:18 trace :
------------
Array:
tousername : gh_6536061e4435 ;
fromusername : oKwkYw9Mi_iQyCQjo5kC4gRrd9K8 ;
createtime : 1491712278 ;
msgtype : event ;
event : VIEW ;
eventkey : http://kh39.61why.com/app/index.php?i=2&c=entry&eid=198 ;
menuid : 410600728 ;
from : oKwkYw9Mi_iQyCQjo5kC4gRrd9K8 ;
to : gh_6536061e4435 ;
time : 1491712278 ;
type : event ;

2017-04-09 12:31:18 params :
------------
Array:
rule : -2 ;
module :  ;
message : Array ;

2017-04-09 12:31:18 response :
------------

2017-04-09 12:34:11 trace :
------------
Array:
tousername : gh_6536061e4435 ;
fromusername : oKwkYw9Mi_iQyCQjo5kC4gRrd9K8 ;
createtime : 1491712451 ;
msgtype : event ;
event : VIEW ;
eventkey : http://kh39.61why.com/app/index.php?i=2&c=entry&eid=194 ;
menuid : 410600728 ;
from : oKwkYw9Mi_iQyCQjo5kC4gRrd9K8 ;
to : gh_6536061e4435 ;
time : 1491712451 ;
type : event ;

2017-04-09 12:34:11 params :
------------
Array:
rule : -2 ;
module :  ;
message : Array ;

2017-04-09 12:34:11 response :
------------

2017-04-09 12:34:45 trace :
------------
Array:
tousername : gh_6536061e4435 ;
fromusername : oKwkYw5hiet9aIoMvpfdt0UcJyzc ;
createtime : 1491712485 ;
msgtype : event ;
event : VIEW ;
eventkey : http://kh39.61why.com/app/index.php?i=2&c=entry&eid=198 ;
menuid : 410600728 ;
from : oKwkYw5hiet9aIoMvpfdt0UcJyzc ;
to : gh_6536061e4435 ;
time : 1491712485 ;
type : event ;

2017-04-09 12:34:45 params :
------------
Array:
rule : -2 ;
module :  ;
message : Array ;

2017-04-09 12:34:45 response :
------------

2017-04-09 12:35:40 trace :
------------
Array:
tousername : gh_6536061e4435 ;
fromusername : oKwkYw5hiet9aIoMvpfdt0UcJyzc ;
createtime : 1491712540 ;
msgtype : event ;
event : VIEW ;
eventkey : http://kh39.61why.com/app/index.php?i=2&c=entry&eid=198 ;
menuid : 410600728 ;
from : oKwkYw5hiet9aIoMvpfdt0UcJyzc ;
to : gh_6536061e4435 ;
time : 1491712540 ;
type : event ;

2017-04-09 12:35:40 params :
------------
Array:
rule : -2 ;
module :  ;
message : Array ;

2017-04-09 12:35:40 response :
------------

2017-04-09 12:49:28 trace :
------------
Array:
tousername : gh_6536061e4435 ;
fromusername : oKwkYw9jtdtXMlUF-dZFaN58BaEs ;
createtime : 1491713368 ;
msgtype : event ;
event : VIEW ;
eventkey : http://kh39.61why.com/app/index.php?i=2&c=entry&eid=198 ;
menuid : 410600728 ;
from : oKwkYw9jtdtXMlUF-dZFaN58BaEs ;
to : gh_6536061e4435 ;
time : 1491713368 ;
type : event ;

2017-04-09 12:49:28 params :
------------
Array:
rule : -2 ;
module :  ;
message : Array ;

2017-04-09 12:49:28 response :
------------

2017-04-09 12:49:38 trace :
------------
Array:
tousername : gh_6536061e4435 ;
fromusername : oKwkYw9jtdtXMlUF-dZFaN58BaEs ;
createtime : 1491713378 ;
msgtype : event ;
event : CLICK ;
eventkey : 二维码 ;
from : oKwkYw9jtdtXMlUF-dZFaN58BaEs ;
to : gh_6536061e4435 ;
time : 1491713378 ;
type : event ;

2017-04-09 12:50:00 trace :
------------
Array:
tousername : gh_6536061e4435 ;
fromusername : oKwkYw9jtdtXMlUF-dZFaN58BaEs ;
createtime : 1491713399 ;
msgtype : event ;
event : SCAN ;
eventkey : 5bd61231a9c4e379f1aa8eaa274fa12c ;
ticket : gQFY8TwAAAAAAAAAAS5odHRwOi8vd2VpeGluLnFxLmNvbS9xLzAyZG1FbTFBSDljbzMxMDAwMDAwNzEAAgReGs1YAwQAAAAA ;
from : oKwkYw9jtdtXMlUF-dZFaN58BaEs ;
to : gh_6536061e4435 ;
time : 1491713399 ;
type : subscribe ;
scene : 5bd61231a9c4e379f1aa8eaa274fa12c ;

2017-04-09 12:50:03 trace :
------------
Array:
tousername : gh_6536061e4435 ;
fromusername : oKwkYw3x3zMfa5AFZIEHkW9sPWok ;
createtime : 1491713403 ;
msgtype : event ;
event : subscribe ;
eventkey : qrscene_5bd61231a9c4e379f1aa8eaa274fa12c ;
ticket : gQFY8TwAAAAAAAAAAS5odHRwOi8vd2VpeGluLnFxLmNvbS9xLzAyZG1FbTFBSDljbzMxMDAwMDAwNzEAAgReGs1YAwQAAAAA ;
from : oKwkYw3x3zMfa5AFZIEHkW9sPWok ;
to : gh_6536061e4435 ;
time : 1491713403 ;
type : subscribe ;
scene : 5bd61231a9c4e379f1aa8eaa274fa12c ;

2017-04-09 12:50:04 trace :
------------
Array:
tousername : gh_6536061e4435 ;
fromusername : oKwkYw9jtdtXMlUF-dZFaN58BaEs ;
createtime : 1491713404 ;
msgtype : event ;
event : VIEW ;
eventkey : http://kh39.61why.com/app/index.php?i=2&c=entry&eid=194 ;
menuid : 410600728 ;
from : oKwkYw9jtdtXMlUF-dZFaN58BaEs ;
to : gh_6536061e4435 ;
time : 1491713404 ;
type : event ;

2017-04-09 12:50:04 params :
------------
Array:
rule : -2 ;
module :  ;
message : Array ;

2017-04-09 12:50:04 response :
------------

2017-04-09 12:50:08 trace :
------------
Array:
tousername : gh_6536061e4435 ;
fromusername : oKwkYw3x3zMfa5AFZIEHkW9sPWok ;
createtime : 1491713408 ;
msgtype : event ;
event : VIEW ;
eventkey : http://kh39.61why.com/app/index.php?i=2&c=entry&eid=194 ;
menuid : 410600728 ;
from : oKwkYw3x3zMfa5AFZIEHkW9sPWok ;
to : gh_6536061e4435 ;
time : 1491713408 ;
type : event ;

2017-04-09 12:50:08 params :
------------
Array:
rule : -2 ;
module :  ;
message : Array ;

2017-04-09 12:50:08 response :
------------

2017-04-09 12:50:10 trace :
------------
Array:
tousername : gh_6536061e4435 ;
fromusername : oKwkYw1Dhs7_yZHfKnpXQwvKMy9w ;
createtime : 1491713410 ;
msgtype : event ;
event : subscribe ;
eventkey : qrscene_5bd61231a9c4e379f1aa8eaa274fa12c ;
ticket : gQFY8TwAAAAAAAAAAS5odHRwOi8vd2VpeGluLnFxLmNvbS9xLzAyZG1FbTFBSDljbzMxMDAwMDAwNzEAAgReGs1YAwQAAAAA ;
from : oKwkYw1Dhs7_yZHfKnpXQwvKMy9w ;
to : gh_6536061e4435 ;
time : 1491713410 ;
type : subscribe ;
scene : 5bd61231a9c4e379f1aa8eaa274fa12c ;

2017-04-09 12:50:15 trace :
------------
Array:
tousername : gh_6536061e4435 ;
fromusername : oKwkYw1Dhs7_yZHfKnpXQwvKMy9w ;
createtime : 1491713415 ;
msgtype : event ;
event : VIEW ;
eventkey : http://kh39.61why.com/app/index.php?i=2&c=entry&eid=194 ;
menuid : 410600728 ;
from : oKwkYw1Dhs7_yZHfKnpXQwvKMy9w ;
to : gh_6536061e4435 ;
time : 1491713415 ;
type : event ;

2017-04-09 12:50:15 params :
------------
Array:
rule : -2 ;
module :  ;
message : Array ;

2017-04-09 12:50:15 response :
------------

2017-04-09 12:50:35 trace :
------------
Array:
tousername : gh_6536061e4435 ;
fromusername : oKwkYw3x3zMfa5AFZIEHkW9sPWok ;
createtime : 1491713434 ;
msgtype : event ;
event : VIEW ;
eventkey : http://kh39.61why.com/app/index.php?i=2&c=entry&eid=194 ;
menuid : 410600728 ;
from : oKwkYw3x3zMfa5AFZIEHkW9sPWok ;
to : gh_6536061e4435 ;
time : 1491713434 ;
type : event ;

2017-04-09 12:50:35 params :
------------
Array:
rule : -2 ;
module :  ;
message : Array ;

2017-04-09 12:50:35 response :
------------

2017-04-09 13:21:08 trace :
------------
Array:
tousername : gh_6536061e4435 ;
fromusername : oKwkYw7t1VAdraanSDzEWP5lXgu0 ;
createtime : 1491715267 ;
msgtype : event ;
event : SCAN ;
eventkey : 5bd61231a9c4e379f1aa8eaa274fa12c ;
ticket : gQFY8TwAAAAAAAAAAS5odHRwOi8vd2VpeGluLnFxLmNvbS9xLzAyZG1FbTFBSDljbzMxMDAwMDAwNzEAAgReGs1YAwQAAAAA ;
from : oKwkYw7t1VAdraanSDzEWP5lXgu0 ;
to : gh_6536061e4435 ;
time : 1491715267 ;
type : subscribe ;
scene : 5bd61231a9c4e379f1aa8eaa274fa12c ;

2017-04-09 13:30:15 trace :
------------
Array:
tousername : gh_6536061e4435 ;
fromusername : oKwkYw8e33SsKCgQqmRH91AsxTTA ;
createtime : 1491715815 ;
msgtype : event ;
event : VIEW ;
eventkey : http://kh39.61why.com/app/index.php?i=2&c=entry&eid=198 ;
menuid : 410600728 ;
from : oKwkYw8e33SsKCgQqmRH91AsxTTA ;
to : gh_6536061e4435 ;
time : 1491715815 ;
type : event ;

2017-04-09 13:30:15 params :
------------
Array:
rule : -2 ;
module :  ;
message : Array ;

2017-04-09 13:30:15 response :
------------

2017-04-09 13:30:29 trace :
------------
Array:
tousername : gh_6536061e4435 ;
fromusername : oKwkYw8e33SsKCgQqmRH91AsxTTA ;
createtime : 1491715829 ;
msgtype : event ;
event : VIEW ;
eventkey : http://kh39.61why.com/app/index.php?i=2&c=entry&eid=194 ;
menuid : 410600728 ;
from : oKwkYw8e33SsKCgQqmRH91AsxTTA ;
to : gh_6536061e4435 ;
time : 1491715829 ;
type : event ;

2017-04-09 13:30:29 params :
------------
Array:
rule : -2 ;
module :  ;
message : Array ;

2017-04-09 13:30:29 response :
------------

2017-04-09 13:43:51 trace :
------------
Array:
tousername : gh_6536061e4435 ;
fromusername : oKwkYw5Hv5-mrEGrZ572fv2JrB_s ;
createtime : 1491716631 ;
msgtype : event ;
event : VIEW ;
eventkey : http://kh39.61why.com/app/index.php?i=2&c=entry&eid=194 ;
menuid : 410600728 ;
from : oKwkYw5Hv5-mrEGrZ572fv2JrB_s ;
to : gh_6536061e4435 ;
time : 1491716631 ;
type : event ;

2017-04-09 13:43:51 params :
------------
Array:
rule : -2 ;
module :  ;
message : Array ;

2017-04-09 13:43:51 response :
------------

2017-04-09 13:55:17 trace :
------------
Array:
tousername : gh_6536061e4435 ;
fromusername : oKwkYw5hiet9aIoMvpfdt0UcJyzc ;
createtime : 1491717317 ;
msgtype : event ;
event : VIEW ;
eventkey : http://kh39.61why.com/app/index.php?i=2&c=entry&eid=198 ;
menuid : 410600728 ;
from : oKwkYw5hiet9aIoMvpfdt0UcJyzc ;
to : gh_6536061e4435 ;
time : 1491717317 ;
type : event ;

2017-04-09 13:55:17 params :
------------
Array:
rule : -2 ;
module :  ;
message : Array ;

2017-04-09 13:55:17 response :
------------

2017-04-09 14:12:44 trace :
------------
Array:
tousername : gh_6536061e4435 ;
fromusername : oKwkYw6h-bbj5cKme5ULykAqenF0 ;
createtime : 1491718364 ;
msgtype : event ;
event : SCAN ;
eventkey : d8aef4db56ee9b3875f012496226d43e ;
ticket : gQGI8DwAAAAAAAAAAS5odHRwOi8vd2VpeGluLnFxLmNvbS9xLzAyd21ZRjFrSDljbzMxMDAwMGcwN0QAAgQeFW5YAwQAAAAA ;
from : oKwkYw6h-bbj5cKme5ULykAqenF0 ;
to : gh_6536061e4435 ;
time : 1491718364 ;
type : subscribe ;
scene : d8aef4db56ee9b3875f012496226d43e ;

2017-04-09 14:12:49 trace :
------------
Array:
tousername : gh_6536061e4435 ;
fromusername : oKwkYw6h-bbj5cKme5ULykAqenF0 ;
createtime : 1491718369 ;
msgtype : event ;
event : VIEW ;
eventkey : http://kh39.61why.com/app/index.php?i=2&c=entry&eid=194 ;
menuid : 410600728 ;
from : oKwkYw6h-bbj5cKme5ULykAqenF0 ;
to : gh_6536061e4435 ;
time : 1491718369 ;
type : event ;

2017-04-09 14:12:50 params :
------------
Array:
rule : -2 ;
module :  ;
message : Array ;

2017-04-09 14:12:50 response :
------------

2017-04-09 14:12:53 trace :
------------
Array:
tousername : gh_6536061e4435 ;
fromusername : oKwkYw5hiet9aIoMvpfdt0UcJyzc ;
createtime : 1491718373 ;
msgtype : event ;
event : VIEW ;
eventkey : http://kh39.61why.com/app/index.php?i=2&c=entry&eid=198 ;
menuid : 410600728 ;
from : oKwkYw5hiet9aIoMvpfdt0UcJyzc ;
to : gh_6536061e4435 ;
time : 1491718373 ;
type : event ;

2017-04-09 14:12:53 params :
------------
Array:
rule : -2 ;
module :  ;
message : Array ;

2017-04-09 14:12:53 response :
------------

2017-04-09 14:14:32 trace :
------------
Array:
tousername : gh_6536061e4435 ;
fromusername : oKwkYw5hiet9aIoMvpfdt0UcJyzc ;
createtime : 1491718472 ;
msgtype : event ;
event : VIEW ;
eventkey : http://kh39.61why.com/app/index.php?i=2&c=entry&eid=198 ;
menuid : 410600728 ;
from : oKwkYw5hiet9aIoMvpfdt0UcJyzc ;
to : gh_6536061e4435 ;
time : 1491718472 ;
type : event ;

2017-04-09 14:14:32 params :
------------
Array:
rule : -2 ;
module :  ;
message : Array ;

2017-04-09 14:14:32 response :
------------

2017-04-09 14:17:02 trace :
------------
Array:
tousername : gh_6536061e4435 ;
fromusername : oKwkYw5hiet9aIoMvpfdt0UcJyzc ;
createtime : 1491718622 ;
msgtype : event ;
event : VIEW ;
eventkey : http://kh39.61why.com/app/index.php?i=2&c=entry&eid=198 ;
menuid : 410600728 ;
from : oKwkYw5hiet9aIoMvpfdt0UcJyzc ;
to : gh_6536061e4435 ;
time : 1491718622 ;
type : event ;

2017-04-09 14:17:02 params :
------------
Array:
rule : -2 ;
module :  ;
message : Array ;

2017-04-09 14:17:02 response :
------------

2017-04-09 14:19:24 trace :
------------
Array:
tousername : gh_6536061e4435 ;
fromusername : oKwkYw5hiet9aIoMvpfdt0UcJyzc ;
createtime : 1491718764 ;
msgtype : event ;
event : VIEW ;
eventkey : http://kh39.61why.com/app/index.php?i=2&c=entry&eid=194 ;
menuid : 410600728 ;
from : oKwkYw5hiet9aIoMvpfdt0UcJyzc ;
to : gh_6536061e4435 ;
time : 1491718764 ;
type : event ;

2017-04-09 14:19:24 params :
------------
Array:
rule : -2 ;
module :  ;
message : Array ;

2017-04-09 14:19:24 response :
------------

2017-04-09 14:22:40 trace :
------------
Array:
tousername : gh_6536061e4435 ;
fromusername : oKwkYw5hiet9aIoMvpfdt0UcJyzc ;
createtime : 1491718960 ;
msgtype : event ;
event : VIEW ;
eventkey : http://kh39.61why.com/app/index.php?i=2&c=entry&eid=198 ;
menuid : 410600728 ;
from : oKwkYw5hiet9aIoMvpfdt0UcJyzc ;
to : gh_6536061e4435 ;
time : 1491718960 ;
type : event ;

2017-04-09 14:22:40 params :
------------
Array:
rule : -2 ;
module :  ;
message : Array ;

2017-04-09 14:22:40 response :
------------

2017-04-09 14:23:17 trace :
------------
Array:
tousername : gh_6536061e4435 ;
fromusername : oKwkYw5hiet9aIoMvpfdt0UcJyzc ;
createtime : 1491718997 ;
msgtype : event ;
event : VIEW ;
eventkey : http://kh39.61why.com/app/index.php?i=2&c=entry&eid=194 ;
menuid : 410600728 ;
from : oKwkYw5hiet9aIoMvpfdt0UcJyzc ;
to : gh_6536061e4435 ;
time : 1491718997 ;
type : event ;

2017-04-09 14:23:17 params :
------------
Array:
rule : -2 ;
module :  ;
message : Array ;

2017-04-09 14:23:17 response :
------------

2017-04-09 14:23:24 trace :
------------
Array:
tousername : gh_6536061e4435 ;
fromusername : oKwkYw5hiet9aIoMvpfdt0UcJyzc ;
createtime : 1491719004 ;
msgtype : event ;
event : VIEW ;
eventkey : http://kh39.61why.com/app/index.php?i=2&c=entry&eid=198 ;
menuid : 410600728 ;
from : oKwkYw5hiet9aIoMvpfdt0UcJyzc ;
to : gh_6536061e4435 ;
time : 1491719004 ;
type : event ;

2017-04-09 14:23:24 params :
------------
Array:
rule : -2 ;
module :  ;
message : Array ;

2017-04-09 14:23:24 response :
------------

2017-04-09 14:24:45 trace :
------------
Array:
tousername : gh_6536061e4435 ;
fromusername : oKwkYw5hiet9aIoMvpfdt0UcJyzc ;
createtime : 1491719085 ;
msgtype : event ;
event : VIEW ;
eventkey : http://kh39.61why.com/app/index.php?i=2&c=entry&eid=198 ;
menuid : 410600728 ;
from : oKwkYw5hiet9aIoMvpfdt0UcJyzc ;
to : gh_6536061e4435 ;
time : 1491719085 ;
type : event ;

2017-04-09 14:24:45 params :
------------
Array:
rule : -2 ;
module :  ;
message : Array ;

2017-04-09 14:24:45 response :
------------

2017-04-09 14:26:38 trace :
------------
Array:
tousername : gh_6536061e4435 ;
fromusername : oKwkYw5hiet9aIoMvpfdt0UcJyzc ;
createtime : 1491719198 ;
msgtype : event ;
event : VIEW ;
eventkey : http://kh39.61why.com/app/index.php?i=2&c=entry&eid=198 ;
menuid : 410600728 ;
from : oKwkYw5hiet9aIoMvpfdt0UcJyzc ;
to : gh_6536061e4435 ;
time : 1491719198 ;
type : event ;

2017-04-09 14:26:38 params :
------------
Array:
rule : -2 ;
module :  ;
message : Array ;

2017-04-09 14:26:38 response :
------------

2017-04-09 14:27:14 trace :
------------
Array:
tousername : gh_6536061e4435 ;
fromusername : oKwkYw5hiet9aIoMvpfdt0UcJyzc ;
createtime : 1491719234 ;
msgtype : event ;
event : VIEW ;
eventkey : http://kh39.61why.com/app/index.php?i=2&c=entry&eid=194 ;
menuid : 410600728 ;
from : oKwkYw5hiet9aIoMvpfdt0UcJyzc ;
to : gh_6536061e4435 ;
time : 1491719234 ;
type : event ;

2017-04-09 14:27:14 params :
------------
Array:
rule : -2 ;
module :  ;
message : Array ;

2017-04-09 14:27:14 response :
------------

2017-04-09 14:29:43 trace :
------------
Array:
tousername : gh_6536061e4435 ;
fromusername : oKwkYw2GPe8dt3Eo8r603HD45RFw ;
createtime : 1491719383 ;
msgtype : event ;
event : subscribe ;
eventkey : qrscene_5bd61231a9c4e379f1aa8eaa274fa12c ;
ticket : gQFY8TwAAAAAAAAAAS5odHRwOi8vd2VpeGluLnFxLmNvbS9xLzAyZG1FbTFBSDljbzMxMDAwMDAwNzEAAgReGs1YAwQAAAAA ;
from : oKwkYw2GPe8dt3Eo8r603HD45RFw ;
to : gh_6536061e4435 ;
time : 1491719383 ;
type : subscribe ;
scene : 5bd61231a9c4e379f1aa8eaa274fa12c ;

2017-04-09 14:30:46 trace :
------------
Array:
tousername : gh_6536061e4435 ;
fromusername : oKwkYw3A6iEbVQBFqAniwynXNnZY ;
createtime : 1491719446 ;
msgtype : event ;
event : subscribe ;
eventkey : qrscene_d8aef4db56ee9b3875f012496226d43e ;
ticket : gQGI8DwAAAAAAAAAAS5odHRwOi8vd2VpeGluLnFxLmNvbS9xLzAyd21ZRjFrSDljbzMxMDAwMGcwN0QAAgQeFW5YAwQAAAAA ;
from : oKwkYw3A6iEbVQBFqAniwynXNnZY ;
to : gh_6536061e4435 ;
time : 1491719446 ;
type : subscribe ;
scene : d8aef4db56ee9b3875f012496226d43e ;

2017-04-09 14:35:38 trace :
------------
Array:
tousername : gh_6536061e4435 ;
fromusername : oKwkYwyolZuGoXgz_4a6-ubUX5Vo ;
createtime : 1491719738 ;
msgtype : event ;
event : VIEW ;
eventkey : http://kh39.61why.com/app/index.php?i=2&c=entry&eid=194 ;
menuid : 410600728 ;
from : oKwkYwyolZuGoXgz_4a6-ubUX5Vo ;
to : gh_6536061e4435 ;
time : 1491719738 ;
type : event ;

2017-04-09 14:35:38 params :
------------
Array:
rule : -2 ;
module :  ;
message : Array ;

2017-04-09 14:35:38 response :
------------

2017-04-09 14:35:58 trace :
------------
Array:
tousername : gh_6536061e4435 ;
fromusername : oKwkYw051T11vfTNIBdVCPL2ItDw ;
createtime : 1491719758 ;
msgtype : event ;
event : subscribe ;
eventkey : qrscene_d8aef4db56ee9b3875f012496226d43e ;
ticket : gQGI8DwAAAAAAAAAAS5odHRwOi8vd2VpeGluLnFxLmNvbS9xLzAyd21ZRjFrSDljbzMxMDAwMGcwN0QAAgQeFW5YAwQAAAAA ;
from : oKwkYw051T11vfTNIBdVCPL2ItDw ;
to : gh_6536061e4435 ;
time : 1491719758 ;
type : subscribe ;
scene : d8aef4db56ee9b3875f012496226d43e ;

2017-04-09 14:36:07 trace :
------------
Array:
tousername : gh_6536061e4435 ;
fromusername : oKwkYw051T11vfTNIBdVCPL2ItDw ;
createtime : 1491719767 ;
msgtype : event ;
event : VIEW ;
eventkey : http://kh39.61why.com/app/index.php?i=2&c=entry&eid=194 ;
menuid : 410600728 ;
from : oKwkYw051T11vfTNIBdVCPL2ItDw ;
to : gh_6536061e4435 ;
time : 1491719767 ;
type : event ;

2017-04-09 14:36:07 params :
------------
Array:
rule : -2 ;
module :  ;
message : Array ;

2017-04-09 14:36:07 response :
------------

2017-04-09 15:58:31 trace :
------------
Array:
tousername : gh_6536061e4435 ;
fromusername : oKwkYw5hiet9aIoMvpfdt0UcJyzc ;
createtime : 1491724711 ;
msgtype : event ;
event : VIEW ;
eventkey : http://kh39.61why.com/app/index.php?i=2&c=entry&eid=198 ;
menuid : 410600728 ;
from : oKwkYw5hiet9aIoMvpfdt0UcJyzc ;
to : gh_6536061e4435 ;
time : 1491724711 ;
type : event ;

2017-04-09 15:58:31 params :
------------
Array:
rule : -2 ;
module :  ;
message : Array ;

2017-04-09 15:58:31 response :
------------

2017-04-09 16:03:00 trace :
------------
Array:
tousername : gh_6536061e4435 ;
fromusername : oKwkYw_xZ14UQdvrJFuiI5E87n8w ;
createtime : 1491724980 ;
msgtype : event ;
event : VIEW ;
eventkey : http://kh39.61why.com/app/index.php?i=2&c=entry&eid=198 ;
menuid : 410600728 ;
from : oKwkYw_xZ14UQdvrJFuiI5E87n8w ;
to : gh_6536061e4435 ;
time : 1491724980 ;
type : event ;

2017-04-09 16:03:00 params :
------------
Array:
rule : -2 ;
module :  ;
message : Array ;

2017-04-09 16:03:00 response :
------------

2017-04-09 16:03:27 trace :
------------
Array:
tousername : gh_6536061e4435 ;
fromusername : oKwkYw_xZ14UQdvrJFuiI5E87n8w ;
createtime : 1491725007 ;
msgtype : event ;
event : VIEW ;
eventkey : http://kh39.61why.com/app/index.php?i=2&c=entry&eid=198 ;
menuid : 410600728 ;
from : oKwkYw_xZ14UQdvrJFuiI5E87n8w ;
to : gh_6536061e4435 ;
time : 1491725007 ;
type : event ;

2017-04-09 16:03:27 params :
------------
Array:
rule : -2 ;
module :  ;
message : Array ;

2017-04-09 16:03:27 response :
------------

2017-04-09 17:03:05 trace :
------------
Array:
tousername : gh_6536061e4435 ;
fromusername : oKwkYw_J9RB_cOVK9fQ1pD5O99Eo ;
createtime : 1491728585 ;
msgtype : event ;
event : VIEW ;
eventkey : http://kh39.61why.com/app/index.php?i=2&c=entry&eid=198 ;
menuid : 410600728 ;
from : oKwkYw_J9RB_cOVK9fQ1pD5O99Eo ;
to : gh_6536061e4435 ;
time : 1491728585 ;
type : event ;

2017-04-09 17:03:05 params :
------------
Array:
rule : -2 ;
module :  ;
message : Array ;

2017-04-09 17:03:05 response :
------------

2017-04-09 17:26:58 trace :
------------
Array:
tousername : gh_6536061e4435 ;
fromusername : oKwkYw5hiet9aIoMvpfdt0UcJyzc ;
createtime : 1491730018 ;
msgtype : event ;
event : VIEW ;
eventkey : http://kh39.61why.com/app/index.php?i=2&c=entry&eid=198 ;
menuid : 410600728 ;
from : oKwkYw5hiet9aIoMvpfdt0UcJyzc ;
to : gh_6536061e4435 ;
time : 1491730018 ;
type : event ;

2017-04-09 17:26:58 params :
------------
Array:
rule : -2 ;
module :  ;
message : Array ;

2017-04-09 17:26:58 response :
------------

2017-04-09 17:45:12 trace :
------------
Array:
tousername : gh_6536061e4435 ;
fromusername : oKwkYw3l0eGz3H7e62pX1IDFxwCY ;
createtime : 1491731112 ;
msgtype : event ;
event : VIEW ;
eventkey : http://kh39.61why.com/app/index.php?i=2&c=entry&eid=198 ;
menuid : 410600728 ;
from : oKwkYw3l0eGz3H7e62pX1IDFxwCY ;
to : gh_6536061e4435 ;
time : 1491731112 ;
type : event ;

2017-04-09 17:45:12 params :
------------
Array:
rule : -2 ;
module :  ;
message : Array ;

2017-04-09 17:45:12 response :
------------

2017-04-09 17:58:32 trace :
------------
Array:
tousername : gh_6536061e4435 ;
fromusername : oKwkYw5hiet9aIoMvpfdt0UcJyzc ;
createtime : 1491731912 ;
msgtype : event ;
event : VIEW ;
eventkey : http://kh39.61why.com/app/index.php?i=2&c=entry&eid=198 ;
menuid : 410600728 ;
from : oKwkYw5hiet9aIoMvpfdt0UcJyzc ;
to : gh_6536061e4435 ;
time : 1491731912 ;
type : event ;

2017-04-09 17:58:32 params :
------------
Array:
rule : -2 ;
module :  ;
message : Array ;

2017-04-09 17:58:32 response :
------------

2017-04-09 18:01:04 trace :
------------
Array:
tousername : gh_6536061e4435 ;
fromusername : oKwkYw3l0eGz3H7e62pX1IDFxwCY ;
createtime : 1491732063 ;
msgtype : event ;
event : VIEW ;
eventkey : http://kh39.61why.com/app/index.php?i=2&c=entry&eid=198 ;
menuid : 410600728 ;
from : oKwkYw3l0eGz3H7e62pX1IDFxwCY ;
to : gh_6536061e4435 ;
time : 1491732063 ;
type : event ;

2017-04-09 18:01:04 params :
------------
Array:
rule : -2 ;
module :  ;
message : Array ;

2017-04-09 18:01:04 response :
------------

2017-04-09 18:14:30 trace :
------------
Array:
tousername : gh_6536061e4435 ;
fromusername : oKwkYwz-EdiTNDOskwLL-1oDBYVs ;
createtime : 1491732870 ;
msgtype : event ;
event : VIEW ;
eventkey : http://kh39.61why.com/app/index.php?i=2&c=entry&eid=194 ;
menuid : 410600728 ;
from : oKwkYwz-EdiTNDOskwLL-1oDBYVs ;
to : gh_6536061e4435 ;
time : 1491732870 ;
type : event ;

2017-04-09 18:14:30 params :
------------
Array:
rule : -2 ;
module :  ;
message : Array ;

2017-04-09 18:14:30 response :
------------

2017-04-09 18:15:46 trace :
------------
Array:
tousername : gh_6536061e4435 ;
fromusername : oKwkYw9A27iCE2wbx5IXncAJ21Sw ;
createtime : 1491732946 ;
msgtype : event ;
event : VIEW ;
eventkey : http://kh39.61why.com/app/index.php?i=2&c=entry&eid=194 ;
menuid : 410600728 ;
from : oKwkYw9A27iCE2wbx5IXncAJ21Sw ;
to : gh_6536061e4435 ;
time : 1491732946 ;
type : event ;

2017-04-09 18:15:46 params :
------------
Array:
rule : -2 ;
module :  ;
message : Array ;

2017-04-09 18:15:46 response :
------------

2017-04-09 18:43:12 trace :
------------
Array:
tousername : gh_6536061e4435 ;
fromusername : oKwkYw9S-22wVpA_zTpZh-jUkDgM ;
createtime : 1491734592 ;
msgtype : event ;
event : subscribe ;
eventkey : qrscene_f95f10c42c72e64f510cf695af230ced ;
ticket : gQGu8TwAAAAAAAAAAS5odHRwOi8vd2VpeGluLnFxLmNvbS9xLzAyOFRGUTFBSDljbzMxMDAwMDAwN3AAAgSOFG5YAwQAAAAA ;
from : oKwkYw9S-22wVpA_zTpZh-jUkDgM ;
to : gh_6536061e4435 ;
time : 1491734592 ;
type : subscribe ;
scene : f95f10c42c72e64f510cf695af230ced ;

2017-04-09 18:43:21 trace :
------------
Array:
tousername : gh_6536061e4435 ;
fromusername : oKwkYw9S-22wVpA_zTpZh-jUkDgM ;
createtime : 1491734601 ;
msgtype : event ;
event : VIEW ;
eventkey : http://kh39.61why.com/app/index.php?i=2&c=entry&eid=194 ;
menuid : 410600728 ;
from : oKwkYw9S-22wVpA_zTpZh-jUkDgM ;
to : gh_6536061e4435 ;
time : 1491734601 ;
type : event ;

2017-04-09 18:43:21 params :
------------
Array:
rule : -2 ;
module :  ;
message : Array ;

2017-04-09 18:43:21 response :
------------

2017-04-09 18:49:35 trace :
------------
Array:
tousername : gh_6536061e4435 ;
fromusername : oKwkYw_J9RB_cOVK9fQ1pD5O99Eo ;
createtime : 1491734975 ;
msgtype : event ;
event : VIEW ;
eventkey : http://kh39.61why.com/app/index.php?i=2&c=entry&eid=198 ;
menuid : 410600728 ;
from : oKwkYw_J9RB_cOVK9fQ1pD5O99Eo ;
to : gh_6536061e4435 ;
time : 1491734975 ;
type : event ;

2017-04-09 18:49:35 params :
------------
Array:
rule : -2 ;
module :  ;
message : Array ;

2017-04-09 18:49:35 response :
------------

2017-04-09 19:04:31 trace :
------------
Array:
tousername : gh_6536061e4435 ;
fromusername : oKwkYw9S-22wVpA_zTpZh-jUkDgM ;
createtime : 1491735871 ;
msgtype : event ;
event : VIEW ;
eventkey : http://kh39.61why.com/app/index.php?i=2&c=entry&eid=194 ;
menuid : 410600728 ;
from : oKwkYw9S-22wVpA_zTpZh-jUkDgM ;
to : gh_6536061e4435 ;
time : 1491735871 ;
type : event ;

2017-04-09 19:04:31 params :
------------
Array:
rule : -2 ;
module :  ;
message : Array ;

2017-04-09 19:04:31 response :
------------

2017-04-09 19:18:18 trace :
------------
Array:
tousername : gh_6536061e4435 ;
fromusername : oKwkYw3x3zMfa5AFZIEHkW9sPWok ;
createtime : 1491736698 ;
msgtype : event ;
event : VIEW ;
eventkey : http://kh39.61why.com/app/index.php?i=2&c=entry&eid=198 ;
menuid : 410600728 ;
from : oKwkYw3x3zMfa5AFZIEHkW9sPWok ;
to : gh_6536061e4435 ;
time : 1491736698 ;
type : event ;

2017-04-09 19:18:18 params :
------------
Array:
rule : -2 ;
module :  ;
message : Array ;

2017-04-09 19:18:18 response :
------------

2017-04-09 19:18:46 trace :
------------
Array:
tousername : gh_6536061e4435 ;
fromusername : oKwkYw3x3zMfa5AFZIEHkW9sPWok ;
createtime : 1491736726 ;
msgtype : event ;
event : VIEW ;
eventkey : http://kh39.61why.com/app/index.php?i=2&c=entry&eid=194 ;
menuid : 410600728 ;
from : oKwkYw3x3zMfa5AFZIEHkW9sPWok ;
to : gh_6536061e4435 ;
time : 1491736726 ;
type : event ;

2017-04-09 19:18:46 params :
------------
Array:
rule : -2 ;
module :  ;
message : Array ;

2017-04-09 19:18:46 response :
------------

2017-04-09 19:20:30 trace :
------------
Array:
tousername : gh_6536061e4435 ;
fromusername : oKwkYw3x3zMfa5AFZIEHkW9sPWok ;
createtime : 1491736830 ;
msgtype : event ;
event : VIEW ;
eventkey : http://kh39.61why.com/app/index.php?i=2&c=entry&eid=194 ;
menuid : 410600728 ;
from : oKwkYw3x3zMfa5AFZIEHkW9sPWok ;
to : gh_6536061e4435 ;
time : 1491736830 ;
type : event ;

2017-04-09 19:20:30 params :
------------
Array:
rule : -2 ;
module :  ;
message : Array ;

2017-04-09 19:20:30 response :
------------

2017-04-09 19:28:33 trace :
------------
Array:
tousername : gh_6536061e4435 ;
fromusername : oKwkYw9A27iCE2wbx5IXncAJ21Sw ;
createtime : 1491737313 ;
msgtype : event ;
event : VIEW ;
eventkey : http://kh39.61why.com/app/index.php?i=2&c=entry&eid=194 ;
menuid : 410600728 ;
from : oKwkYw9A27iCE2wbx5IXncAJ21Sw ;
to : gh_6536061e4435 ;
time : 1491737313 ;
type : event ;

2017-04-09 19:28:33 params :
------------
Array:
rule : -2 ;
module :  ;
message : Array ;

2017-04-09 19:28:33 response :
------------

2017-04-09 19:33:59 trace :
------------
Array:
tousername : gh_6536061e4435 ;
fromusername : oKwkYw9A27iCE2wbx5IXncAJ21Sw ;
createtime : 1491737639 ;
msgtype : event ;
event : VIEW ;
eventkey : http://kh39.61why.com/app/index.php?i=2&c=entry&eid=194 ;
menuid : 410600728 ;
from : oKwkYw9A27iCE2wbx5IXncAJ21Sw ;
to : gh_6536061e4435 ;
time : 1491737639 ;
type : event ;

2017-04-09 19:33:59 params :
------------
Array:
rule : -2 ;
module :  ;
message : Array ;

2017-04-09 19:33:59 response :
------------

2017-04-09 19:37:49 trace :
------------
Array:
tousername : gh_6536061e4435 ;
fromusername : oKwkYw9A27iCE2wbx5IXncAJ21Sw ;
createtime : 1491737869 ;
msgtype : event ;
event : VIEW ;
eventkey : http://kh39.61why.com/app/index.php?i=2&c=entry&eid=198 ;
menuid : 410600728 ;
from : oKwkYw9A27iCE2wbx5IXncAJ21Sw ;
to : gh_6536061e4435 ;
time : 1491737869 ;
type : event ;

2017-04-09 19:37:49 params :
------------
Array:
rule : -2 ;
module :  ;
message : Array ;

2017-04-09 19:37:49 response :
------------

2017-04-09 20:15:12 trace :
------------
Array:
tousername : gh_6536061e4435 ;
fromusername : oKwkYw2GPe8dt3Eo8r603HD45RFw ;
createtime : 1491740112 ;
msgtype : event ;
event : VIEW ;
eventkey : http://kh39.61why.com/app/index.php?i=2&c=entry&eid=198 ;
menuid : 410600728 ;
from : oKwkYw2GPe8dt3Eo8r603HD45RFw ;
to : gh_6536061e4435 ;
time : 1491740112 ;
type : event ;

2017-04-09 20:15:12 params :
------------
Array:
rule : -2 ;
module :  ;
message : Array ;

2017-04-09 20:15:12 response :
------------

2017-04-09 20:15:14 trace :
------------
Array:
tousername : gh_6536061e4435 ;
fromusername : oKwkYw2GPe8dt3Eo8r603HD45RFw ;
createtime : 1491740113 ;
msgtype : event ;
event : VIEW ;
eventkey : http://kh39.61why.com/app/index.php?i=2&c=entry&eid=198 ;
menuid : 410600728 ;
from : oKwkYw2GPe8dt3Eo8r603HD45RFw ;
to : gh_6536061e4435 ;
time : 1491740113 ;
type : event ;

2017-04-09 20:15:14 params :
------------
Array:
rule : -2 ;
module :  ;
message : Array ;

2017-04-09 20:15:14 response :
------------

2017-04-09 20:16:47 trace :
------------
Array:
tousername : gh_6536061e4435 ;
fromusername : oKwkYw2GPe8dt3Eo8r603HD45RFw ;
createtime : 1491740207 ;
msgtype : event ;
event : SCAN ;
eventkey : 5bd61231a9c4e379f1aa8eaa274fa12c ;
ticket : gQFY8TwAAAAAAAAAAS5odHRwOi8vd2VpeGluLnFxLmNvbS9xLzAyZG1FbTFBSDljbzMxMDAwMDAwNzEAAgReGs1YAwQAAAAA ;
from : oKwkYw2GPe8dt3Eo8r603HD45RFw ;
to : gh_6536061e4435 ;
time : 1491740207 ;
type : subscribe ;
scene : 5bd61231a9c4e379f1aa8eaa274fa12c ;

2017-04-09 20:42:17 trace :
------------
Array:
tousername : gh_6536061e4435 ;
fromusername : oKwkYwz_FtGom2eSyG1qwUGFxNiA ;
createtime : 1491741737 ;
msgtype : event ;
event : VIEW ;
eventkey : http://kh39.61why.com/app/index.php?i=2&c=entry&eid=198 ;
menuid : 410600728 ;
from : oKwkYwz_FtGom2eSyG1qwUGFxNiA ;
to : gh_6536061e4435 ;
time : 1491741737 ;
type : event ;

2017-04-09 20:42:17 params :
------------
Array:
rule : -2 ;
module :  ;
message : Array ;

2017-04-09 20:42:17 response :
------------

2017-04-09 20:44:30 trace :
------------
Array:
tousername : gh_6536061e4435 ;
fromusername : oKwkYw5hiet9aIoMvpfdt0UcJyzc ;
createtime : 1491741870 ;
msgtype : event ;
event : VIEW ;
eventkey : http://kh39.61why.com/app/index.php?i=2&c=entry&eid=198 ;
menuid : 410600728 ;
from : oKwkYw5hiet9aIoMvpfdt0UcJyzc ;
to : gh_6536061e4435 ;
time : 1491741870 ;
type : event ;

2017-04-09 20:44:30 params :
------------
Array:
rule : -2 ;
module :  ;
message : Array ;

2017-04-09 20:44:30 response :
------------

2017-04-09 20:54:39 trace :
------------
Array:
tousername : gh_6536061e4435 ;
fromusername : oKwkYw_imcO7cqrgletDysQnULwk ;
createtime : 1491742479 ;
msgtype : event ;
event : VIEW ;
eventkey : http://kh39.61why.com/app/index.php?i=2&c=entry&eid=194 ;
menuid : 410600728 ;
from : oKwkYw_imcO7cqrgletDysQnULwk ;
to : gh_6536061e4435 ;
time : 1491742479 ;
type : event ;

2017-04-09 20:54:39 params :
------------
Array:
rule : -2 ;
module :  ;
message : Array ;

2017-04-09 20:54:39 response :
------------

2017-04-09 20:56:01 trace :
------------
Array:
tousername : gh_6536061e4435 ;
fromusername : oKwkYw_imcO7cqrgletDysQnULwk ;
createtime : 1491742561 ;
msgtype : event ;
event : VIEW ;
eventkey : http://kh39.61why.com/app/index.php?i=2&c=entry&eid=198 ;
menuid : 410600728 ;
from : oKwkYw_imcO7cqrgletDysQnULwk ;
to : gh_6536061e4435 ;
time : 1491742561 ;
type : event ;

2017-04-09 20:56:01 params :
------------
Array:
rule : -2 ;
module :  ;
message : Array ;

2017-04-09 20:56:01 response :
------------

2017-04-09 21:05:52 trace :
------------
Array:
tousername : gh_6536061e4435 ;
fromusername : oKwkYw9A27iCE2wbx5IXncAJ21Sw ;
createtime : 1491743151 ;
msgtype : event ;
event : VIEW ;
eventkey : http://kh39.61why.com/app/index.php?i=2&c=entry&eid=198 ;
menuid : 410600728 ;
from : oKwkYw9A27iCE2wbx5IXncAJ21Sw ;
to : gh_6536061e4435 ;
time : 1491743151 ;
type : event ;

2017-04-09 21:05:52 params :
------------
Array:
rule : -2 ;
module :  ;
message : Array ;

2017-04-09 21:05:52 response :
------------

2017-04-09 21:07:01 trace :
------------
Array:
tousername : gh_6536061e4435 ;
fromusername : oKwkYw1KQ5ff5BZ0dgvipwLgZRns ;
createtime : 1491743221 ;
msgtype : event ;
event : VIEW ;
eventkey : http://kh39.61why.com/app/index.php?i=2&c=entry&eid=198 ;
menuid : 410600728 ;
from : oKwkYw1KQ5ff5BZ0dgvipwLgZRns ;
to : gh_6536061e4435 ;
time : 1491743221 ;
type : event ;

2017-04-09 21:07:01 params :
------------
Array:
rule : -2 ;
module :  ;
message : Array ;

2017-04-09 21:07:01 response :
------------

2017-04-09 21:23:18 trace :
------------
Array:
tousername : gh_6536061e4435 ;
fromusername : oKwkYwz-EdiTNDOskwLL-1oDBYVs ;
createtime : 1491744198 ;
msgtype : event ;
event : VIEW ;
eventkey : http://kh39.61why.com/app/index.php?i=2&c=entry&eid=194 ;
menuid : 410600728 ;
from : oKwkYwz-EdiTNDOskwLL-1oDBYVs ;
to : gh_6536061e4435 ;
time : 1491744198 ;
type : event ;

2017-04-09 21:23:18 params :
------------
Array:
rule : -2 ;
module :  ;
message : Array ;

2017-04-09 21:23:18 response :
------------

2017-04-09 21:24:01 trace :
------------
Array:
tousername : gh_6536061e4435 ;
fromusername : oKwkYw3l0eGz3H7e62pX1IDFxwCY ;
createtime : 1491744241 ;
msgtype : event ;
event : VIEW ;
eventkey : http://kh39.61why.com/app/index.php?i=2&c=entry&eid=198 ;
menuid : 410600728 ;
from : oKwkYw3l0eGz3H7e62pX1IDFxwCY ;
to : gh_6536061e4435 ;
time : 1491744241 ;
type : event ;

2017-04-09 21:24:01 params :
------------
Array:
rule : -2 ;
module :  ;
message : Array ;

2017-04-09 21:24:01 response :
------------

2017-04-09 22:20:36 trace :
------------
Array:
tousername : gh_6536061e4435 ;
fromusername : oKwkYw5hiet9aIoMvpfdt0UcJyzc ;
createtime : 1491747635 ;
msgtype : event ;
event : VIEW ;
eventkey : http://kh39.61why.com/app/index.php?i=2&c=entry&eid=198 ;
menuid : 410600728 ;
from : oKwkYw5hiet9aIoMvpfdt0UcJyzc ;
to : gh_6536061e4435 ;
time : 1491747635 ;
type : event ;

2017-04-09 22:20:36 params :
------------
Array:
rule : -2 ;
module :  ;
message : Array ;

2017-04-09 22:20:36 response :
------------

2017-04-09 22:49:07 trace :
------------
Array:
tousername : gh_6536061e4435 ;
fromusername : oKwkYw9A27iCE2wbx5IXncAJ21Sw ;
createtime : 1491749347 ;
msgtype : event ;
event : VIEW ;
eventkey : http://kh39.61why.com/app/index.php?i=2&c=entry&eid=198 ;
menuid : 410600728 ;
from : oKwkYw9A27iCE2wbx5IXncAJ21Sw ;
to : gh_6536061e4435 ;
time : 1491749347 ;
type : event ;

2017-04-09 22:49:07 params :
------------
Array:
rule : -2 ;
module :  ;
message : Array ;

2017-04-09 22:49:07 response :
------------

2017-04-09 22:49:15 trace :
------------
Array:
tousername : gh_6536061e4435 ;
fromusername : oKwkYw4R6Y0t1gRXcaEG6SDBQfjQ ;
createtime : 1491749355 ;
msgtype : event ;
event : VIEW ;
eventkey : http://kh39.61why.com/app/index.php?i=2&c=entry&eid=198 ;
menuid : 410600728 ;
from : oKwkYw4R6Y0t1gRXcaEG6SDBQfjQ ;
to : gh_6536061e4435 ;
time : 1491749355 ;
type : event ;

2017-04-09 22:49:15 params :
------------
Array:
rule : -2 ;
module :  ;
message : Array ;

2017-04-09 22:49:15 response :
------------

2017-04-09 22:51:39 trace :
------------
Array:
tousername : gh_6536061e4435 ;
fromusername : oKwkYw4R6Y0t1gRXcaEG6SDBQfjQ ;
createtime : 1491749498 ;
msgtype : event ;
event : VIEW ;
eventkey : http://kh39.61why.com/app/index.php?i=2&c=entry&eid=194 ;
menuid : 410600728 ;
from : oKwkYw4R6Y0t1gRXcaEG6SDBQfjQ ;
to : gh_6536061e4435 ;
time : 1491749498 ;
type : event ;

2017-04-09 22:51:39 params :
------------
Array:
rule : -2 ;
module :  ;
message : Array ;

2017-04-09 22:51:39 response :
------------

2017-04-09 22:51:42 trace :
------------
Array:
tousername : gh_6536061e4435 ;
fromusername : oKwkYw6o3a7otZOCvv25dRVHQX_I ;
createtime : 1491749502 ;
msgtype : event ;
event : VIEW ;
eventkey : http://kh39.61why.com/app/index.php?i=2&c=entry&eid=194 ;
menuid : 410600728 ;
from : oKwkYw6o3a7otZOCvv25dRVHQX_I ;
to : gh_6536061e4435 ;
time : 1491749502 ;
type : event ;

2017-04-09 22:51:42 params :
------------
Array:
rule : -2 ;
module :  ;
message : Array ;

2017-04-09 22:51:42 response :
------------

2017-04-09 22:55:57 trace :
------------
Array:
tousername : gh_6536061e4435 ;
fromusername : oKwkYw9A27iCE2wbx5IXncAJ21Sw ;
createtime : 1491749757 ;
msgtype : event ;
event : VIEW ;
eventkey : http://kh39.61why.com/app/index.php?i=2&c=entry&eid=198 ;
menuid : 410600728 ;
from : oKwkYw9A27iCE2wbx5IXncAJ21Sw ;
to : gh_6536061e4435 ;
time : 1491749757 ;
type : event ;

2017-04-09 22:55:57 params :
------------
Array:
rule : -2 ;
module :  ;
message : Array ;

2017-04-09 22:55:57 response :
------------

2017-04-09 23:16:06 trace :
------------
Array:
tousername : gh_6536061e4435 ;
fromusername : oKwkYwxdGazpUQLKnjr_HrnPicQo ;
createtime : 1491750966 ;
msgtype : event ;
event : VIEW ;
eventkey : http://kh39.61why.com/app/index.php?i=2&c=entry&eid=198 ;
menuid : 410600728 ;
from : oKwkYwxdGazpUQLKnjr_HrnPicQo ;
to : gh_6536061e4435 ;
time : 1491750966 ;
type : event ;

2017-04-09 23:16:06 params :
------------
Array:
rule : -2 ;
module :  ;
message : Array ;

2017-04-09 23:16:06 response :
------------

2017-04-09 23:21:20 trace :
------------
Array:
tousername : gh_6536061e4435 ;
fromusername : oKwkYw3A6iEbVQBFqAniwynXNnZY ;
createtime : 1491751280 ;
msgtype : event ;
event : SCAN ;
eventkey : d8aef4db56ee9b3875f012496226d43e ;
ticket : gQGI8DwAAAAAAAAAAS5odHRwOi8vd2VpeGluLnFxLmNvbS9xLzAyd21ZRjFrSDljbzMxMDAwMGcwN0QAAgQeFW5YAwQAAAAA ;
from : oKwkYw3A6iEbVQBFqAniwynXNnZY ;
to : gh_6536061e4435 ;
time : 1491751280 ;
type : subscribe ;
scene : d8aef4db56ee9b3875f012496226d43e ;

2017-04-09 23:24:00 trace :
------------
Array:
tousername : gh_6536061e4435 ;
fromusername : oKwkYw0D7snKw9WJkTr_EzwW-SF0 ;
createtime : 1491751440 ;
msgtype : event ;
event : VIEW ;
eventkey : http://kh39.61why.com/app/index.php?i=2&c=entry&eid=198 ;
menuid : 410600728 ;
from : oKwkYw0D7snKw9WJkTr_EzwW-SF0 ;
to : gh_6536061e4435 ;
time : 1491751440 ;
type : event ;

2017-04-09 23:24:00 params :
------------
Array:
rule : -2 ;
module :  ;
message : Array ;

2017-04-09 23:24:00 response :
------------

2017-04-09 23:34:48 trace :
------------
Array:
tousername : gh_6536061e4435 ;
fromusername : oKwkYw03W1Pov3xT2Hvnj_ODN-Ug ;
createtime : 1491752088 ;
msgtype : event ;
event : VIEW ;
eventkey : http://kh39.61why.com/app/index.php?i=2&c=entry&eid=198 ;
menuid : 410600728 ;
from : oKwkYw03W1Pov3xT2Hvnj_ODN-Ug ;
to : gh_6536061e4435 ;
time : 1491752088 ;
type : event ;

2017-04-09 23:34:48 params :
------------
Array:
rule : -2 ;
module :  ;
message : Array ;

2017-04-09 23:34:48 response :
------------

2017-04-09 23:38:44 trace :
------------
Array:
tousername : gh_6536061e4435 ;
fromusername : oKwkYwz-EdiTNDOskwLL-1oDBYVs ;
createtime : 1491752324 ;
msgtype : event ;
event : VIEW ;
eventkey : http://kh39.61why.com/app/index.php?i=2&c=entry&eid=194 ;
menuid : 410600728 ;
from : oKwkYwz-EdiTNDOskwLL-1oDBYVs ;
to : gh_6536061e4435 ;
time : 1491752324 ;
type : event ;

2017-04-09 23:38:44 params :
------------
Array:
rule : -2 ;
module :  ;
message : Array ;

2017-04-09 23:38:44 response :
------------

2017-04-09 23:41:14 trace :
------------
Array:
tousername : gh_6536061e4435 ;
fromusername : oKwkYwz-EdiTNDOskwLL-1oDBYVs ;
createtime : 1491752474 ;
msgtype : event ;
event : VIEW ;
eventkey : http://kh39.61why.com/app/index.php?i=2&c=entry&eid=194 ;
menuid : 410600728 ;
from : oKwkYwz-EdiTNDOskwLL-1oDBYVs ;
to : gh_6536061e4435 ;
time : 1491752474 ;
type : event ;

2017-04-09 23:41:14 params :
------------
Array:
rule : -2 ;
module :  ;
message : Array ;

2017-04-09 23:41:14 response :
------------

2017-04-09 23:43:21 trace :
------------
Array:
tousername : gh_6536061e4435 ;
fromusername : oKwkYwz-EdiTNDOskwLL-1oDBYVs ;
createtime : 1491752601 ;
msgtype : event ;
event : VIEW ;
eventkey : http://kh39.61why.com/app/index.php?i=2&c=entry&eid=194 ;
menuid : 410600728 ;
from : oKwkYwz-EdiTNDOskwLL-1oDBYVs ;
to : gh_6536061e4435 ;
time : 1491752601 ;
type : event ;

2017-04-09 23:43:21 params :
------------
Array:
rule : -2 ;
module :  ;
message : Array ;

2017-04-09 23:43:21 response :
------------

