2017-02-28 00:50:00 trace :
------------
Array:
tousername : gh_6536061e4435 ;
fromusername : oKwkYw91VUym9q_FVeSKCdssqhgA ;
createtime : 1488214200 ;
msgtype : event ;
event : VIEW ;
eventkey : http://kh39.61why.com/app/index.php?i=2&c=entry&eid=198 ;
menuid : 410600728 ;
from : oKwkYw91VUym9q_FVeSKCdssqhgA ;
to : gh_6536061e4435 ;
time : 1488214200 ;
type : event ;

2017-02-28 00:50:00 params :
------------
Array:
rule : -2 ;
module :  ;
message : Array ;

2017-02-28 00:50:00 response :
------------

2017-02-28 01:04:06 trace :
------------
Array:
tousername : gh_6536061e4435 ;
fromusername : oKwkYw_n_1pc7ZEhjwJWuUjVushs ;
createtime : 1488215046 ;
msgtype : event ;
event : subscribe ;
eventkey : qrscene_1169885aff7e37d33933c2550d666501 ;
ticket : gQGw8DwAAAAAAAAAAS5odHRwOi8vd2VpeGluLnFxLmNvbS9xLzAyU283eTF0SDljbzMxMDAwMDAwN1kAAgR2v25YAwQAAAAA ;
from : oKwkYw_n_1pc7ZEhjwJWuUjVushs ;
to : gh_6536061e4435 ;
time : 1488215046 ;
type : subscribe ;
scene : 1169885aff7e37d33933c2550d666501 ;

2017-02-28 01:12:10 trace :
------------
Array:
tousername : gh_6536061e4435 ;
fromusername : oKwkYw07OK3MciV6IDhGEI3qJFBU ;
createtime : 1488215529 ;
msgtype : event ;
event : VIEW ;
eventkey : http://kh39.61why.com/app/index.php?i=2&c=entry&eid=198 ;
menuid : 410600728 ;
from : oKwkYw07OK3MciV6IDhGEI3qJFBU ;
to : gh_6536061e4435 ;
time : 1488215529 ;
type : event ;

2017-02-28 01:12:10 params :
------------
Array:
rule : -2 ;
module :  ;
message : Array ;

2017-02-28 01:12:10 response :
------------

2017-02-28 01:12:29 trace :
------------
Array:
tousername : gh_6536061e4435 ;
fromusername : oKwkYw07OK3MciV6IDhGEI3qJFBU ;
createtime : 1488215549 ;
msgtype : event ;
event : CLICK ;
eventkey : 二维码 ;
from : oKwkYw07OK3MciV6IDhGEI3qJFBU ;
to : gh_6536061e4435 ;
time : 1488215549 ;
type : event ;

2017-02-28 02:59:39 trace :
------------
Array:
tousername : gh_6536061e4435 ;
fromusername : oKwkYw-pxdfzJgcA3EAdBqBKlzSI ;
createtime : 1488221979 ;
msgtype : event ;
event : VIEW ;
eventkey : http://kh39.61why.com/app/index.php?i=2&c=entry&eid=198 ;
menuid : 410600728 ;
from : oKwkYw-pxdfzJgcA3EAdBqBKlzSI ;
to : gh_6536061e4435 ;
time : 1488221979 ;
type : event ;

2017-02-28 02:59:39 params :
------------
Array:
rule : -2 ;
module :  ;
message : Array ;

2017-02-28 02:59:39 response :
------------

2017-02-28 03:03:56 trace :
------------
Array:
tousername : gh_6536061e4435 ;
fromusername : oKwkYw-pxdfzJgcA3EAdBqBKlzSI ;
createtime : 1488222235 ;
msgtype : event ;
event : VIEW ;
eventkey : http://kh39.61why.com/app/index.php?i=2&c=entry&eid=194 ;
menuid : 410600728 ;
from : oKwkYw-pxdfzJgcA3EAdBqBKlzSI ;
to : gh_6536061e4435 ;
time : 1488222235 ;
type : event ;

2017-02-28 03:03:56 params :
------------
Array:
rule : -2 ;
module :  ;
message : Array ;

2017-02-28 03:03:56 response :
------------

2017-02-28 03:05:01 trace :
------------
Array:
tousername : gh_6536061e4435 ;
fromusername : oKwkYw-pxdfzJgcA3EAdBqBKlzSI ;
createtime : 1488222301 ;
msgtype : event ;
event : VIEW ;
eventkey : http://kh39.61why.com/app/index.php?i=2&c=entry&eid=194 ;
menuid : 410600728 ;
from : oKwkYw-pxdfzJgcA3EAdBqBKlzSI ;
to : gh_6536061e4435 ;
time : 1488222301 ;
type : event ;

2017-02-28 03:05:01 params :
------------
Array:
rule : -2 ;
module :  ;
message : Array ;

2017-02-28 03:05:01 response :
------------

2017-02-28 03:06:43 trace :
------------
Array:
tousername : gh_6536061e4435 ;
fromusername : oKwkYw-pxdfzJgcA3EAdBqBKlzSI ;
createtime : 1488222403 ;
msgtype : event ;
event : VIEW ;
eventkey : http://kh39.61why.com/app/index.php?i=2&c=entry&eid=194 ;
menuid : 410600728 ;
from : oKwkYw-pxdfzJgcA3EAdBqBKlzSI ;
to : gh_6536061e4435 ;
time : 1488222403 ;
type : event ;

2017-02-28 03:06:43 params :
------------
Array:
rule : -2 ;
module :  ;
message : Array ;

2017-02-28 03:06:43 response :
------------

2017-02-28 08:41:39 trace :
------------
Array:
tousername : gh_6536061e4435 ;
fromusername : oKwkYw_xZ14UQdvrJFuiI5E87n8w ;
createtime : 1488242499 ;
msgtype : event ;
event : SCAN ;
eventkey : 1bbc9f10c56c165b8706da708d08437b ;
ticket : gQHB8TwAAAAAAAAAAS5odHRwOi8vd2VpeGluLnFxLmNvbS9xLzAyU3dhUzBRSDljbzMxMDAwMGcwN2YAAgSUT4NYAwQAAAAA ;
from : oKwkYw_xZ14UQdvrJFuiI5E87n8w ;
to : gh_6536061e4435 ;
time : 1488242499 ;
type : subscribe ;
scene : 1bbc9f10c56c165b8706da708d08437b ;

2017-02-28 09:01:22 trace :
------------
Array:
tousername : gh_6536061e4435 ;
fromusername : oKwkYw22rCbBSaALxIaH8w23nsLQ ;
createtime : 1488243681 ;
msgtype : event ;
event : VIEW ;
eventkey : http://kh39.61why.com/app/index.php?i=2&c=entry&eid=194 ;
menuid : 410600728 ;
from : oKwkYw22rCbBSaALxIaH8w23nsLQ ;
to : gh_6536061e4435 ;
time : 1488243681 ;
type : event ;

2017-02-28 09:01:22 params :
------------
Array:
rule : -2 ;
module :  ;
message : Array ;

2017-02-28 09:01:22 response :
------------

2017-02-28 09:26:52 trace :
------------
Array:
tousername : gh_6536061e4435 ;
fromusername : oKwkYw_xZ14UQdvrJFuiI5E87n8w ;
createtime : 1488245212 ;
msgtype : event ;
event : VIEW ;
eventkey : http://kh39.61why.com/app/index.php?i=2&c=entry&eid=198 ;
menuid : 410600728 ;
from : oKwkYw_xZ14UQdvrJFuiI5E87n8w ;
to : gh_6536061e4435 ;
time : 1488245212 ;
type : event ;

2017-02-28 09:26:52 params :
------------
Array:
rule : -2 ;
module :  ;
message : Array ;

2017-02-28 09:26:52 response :
------------

2017-02-28 09:33:01 trace :
------------
Array:
tousername : gh_6536061e4435 ;
fromusername : oKwkYw0D7snKw9WJkTr_EzwW-SF0 ;
createtime : 1488245581 ;
msgtype : event ;
event : VIEW ;
eventkey : http://kh39.61why.com/app/index.php?i=2&c=entry&eid=198 ;
menuid : 410600728 ;
from : oKwkYw0D7snKw9WJkTr_EzwW-SF0 ;
to : gh_6536061e4435 ;
time : 1488245581 ;
type : event ;

2017-02-28 09:33:01 params :
------------
Array:
rule : -2 ;
module :  ;
message : Array ;

2017-02-28 09:33:01 response :
------------

2017-02-28 09:52:15 trace :
------------
Array:
tousername : gh_6536061e4435 ;
fromusername : oKwkYw0kdV4OPDdHDn2-15z34ETA ;
createtime : 1488246735 ;
msgtype : event ;
event : VIEW ;
eventkey : http://kh39.61why.com/app/index.php?i=2&c=entry&eid=194 ;
menuid : 410600728 ;
from : oKwkYw0kdV4OPDdHDn2-15z34ETA ;
to : gh_6536061e4435 ;
time : 1488246735 ;
type : event ;

2017-02-28 09:52:15 params :
------------
Array:
rule : -2 ;
module :  ;
message : Array ;

2017-02-28 09:52:15 response :
------------

2017-02-28 09:52:42 trace :
------------
Array:
tousername : gh_6536061e4435 ;
fromusername : oKwkYw0kdV4OPDdHDn2-15z34ETA ;
createtime : 1488246762 ;
msgtype : event ;
event : CLICK ;
eventkey : 二维码 ;
from : oKwkYw0kdV4OPDdHDn2-15z34ETA ;
to : gh_6536061e4435 ;
time : 1488246762 ;
type : event ;

2017-02-28 09:52:45 trace :
------------
Array:
tousername : gh_6536061e4435 ;
fromusername : oKwkYw0kdV4OPDdHDn2-15z34ETA ;
createtime : 1488246765 ;
msgtype : event ;
event : VIEW ;
eventkey : http://kh39.61why.com/app/index.php?i=2&c=entry&eid=198 ;
menuid : 410600728 ;
from : oKwkYw0kdV4OPDdHDn2-15z34ETA ;
to : gh_6536061e4435 ;
time : 1488246765 ;
type : event ;

2017-02-28 09:52:45 params :
------------
Array:
rule : -2 ;
module :  ;
message : Array ;

2017-02-28 09:52:45 response :
------------

2017-02-28 09:54:07 trace :
------------
Array:
tousername : gh_6536061e4435 ;
fromusername : oKwkYw9oQd9oP62y3bjX2qdY9Zbs ;
createtime : 1488246847 ;
msgtype : event ;
event : VIEW ;
eventkey : http://kh39.61why.com/app/index.php?i=2&c=entry&eid=198 ;
menuid : 410600728 ;
from : oKwkYw9oQd9oP62y3bjX2qdY9Zbs ;
to : gh_6536061e4435 ;
time : 1488246847 ;
type : event ;

2017-02-28 09:54:07 params :
------------
Array:
rule : -2 ;
module :  ;
message : Array ;

2017-02-28 09:54:07 response :
------------

2017-02-28 09:56:53 trace :
------------
Array:
tousername : gh_6536061e4435 ;
fromusername : oKwkYw9oQd9oP62y3bjX2qdY9Zbs ;
createtime : 1488247013 ;
msgtype : event ;
event : VIEW ;
eventkey : http://kh39.61why.com/app/index.php?i=2&c=entry&eid=198 ;
menuid : 410600728 ;
from : oKwkYw9oQd9oP62y3bjX2qdY9Zbs ;
to : gh_6536061e4435 ;
time : 1488247013 ;
type : event ;

2017-02-28 09:56:53 params :
------------
Array:
rule : -2 ;
module :  ;
message : Array ;

2017-02-28 09:56:53 response :
------------

2017-02-28 10:52:36 trace :
------------
Array:
tousername : gh_6536061e4435 ;
fromusername : oKwkYw0D7snKw9WJkTr_EzwW-SF0 ;
createtime : 1488250356 ;
msgtype : event ;
event : VIEW ;
eventkey : http://kh39.61why.com/app/index.php?i=2&c=entry&eid=198 ;
menuid : 410600728 ;
from : oKwkYw0D7snKw9WJkTr_EzwW-SF0 ;
to : gh_6536061e4435 ;
time : 1488250356 ;
type : event ;

2017-02-28 10:52:36 params :
------------
Array:
rule : -2 ;
module :  ;
message : Array ;

2017-02-28 10:52:36 response :
------------

2017-02-28 10:59:16 trace :
------------
Array:
tousername : gh_6536061e4435 ;
fromusername : oKwkYwwEkPxb60VBlkc2qRkpr_h0 ;
createtime : 1488250756 ;
msgtype : event ;
event : VIEW ;
eventkey : http://kh39.61why.com/app/index.php?i=2&c=entry&eid=194 ;
menuid : 410600728 ;
from : oKwkYwwEkPxb60VBlkc2qRkpr_h0 ;
to : gh_6536061e4435 ;
time : 1488250756 ;
type : event ;

2017-02-28 10:59:16 params :
------------
Array:
rule : -2 ;
module :  ;
message : Array ;

2017-02-28 10:59:16 response :
------------

2017-02-28 11:01:04 trace :
------------
Array:
tousername : gh_6536061e4435 ;
fromusername : oKwkYw9xDjEMYWnieoZ66Ddvxhxo ;
createtime : 1488250863 ;
msgtype : event ;
event : SCAN ;
eventkey : f42df9bc9c0dd37f82c2f247e7a57a94 ;
ticket : gQEi8TwAAAAAAAAAAS5odHRwOi8vd2VpeGluLnFxLmNvbS9xLzAyRUt1STFjSDljbzMxMDAwMHcwN2YAAgQCZatYAwQAAAAA ;
from : oKwkYw9xDjEMYWnieoZ66Ddvxhxo ;
to : gh_6536061e4435 ;
time : 1488250863 ;
type : subscribe ;
scene : f42df9bc9c0dd37f82c2f247e7a57a94 ;

2017-02-28 11:01:09 trace :
------------
Array:
tousername : gh_6536061e4435 ;
fromusername : oKwkYw9xDjEMYWnieoZ66Ddvxhxo ;
createtime : 1488250869 ;
msgtype : event ;
event : VIEW ;
eventkey : http://kh39.61why.com/app/index.php?i=2&c=entry&eid=198 ;
menuid : 410600728 ;
from : oKwkYw9xDjEMYWnieoZ66Ddvxhxo ;
to : gh_6536061e4435 ;
time : 1488250869 ;
type : event ;

2017-02-28 11:01:09 params :
------------
Array:
rule : -2 ;
module :  ;
message : Array ;

2017-02-28 11:01:09 response :
------------

2017-02-28 11:10:31 trace :
------------
Array:
tousername : gh_6536061e4435 ;
fromusername : oKwkYw7Bkin9Cejh8Z-6PzFdyV4E ;
createtime : 1488251431 ;
msgtype : event ;
event : VIEW ;
eventkey : http://kh39.61why.com/app/index.php?i=2&c=entry&eid=194 ;
menuid : 410600728 ;
from : oKwkYw7Bkin9Cejh8Z-6PzFdyV4E ;
to : gh_6536061e4435 ;
time : 1488251431 ;
type : event ;

2017-02-28 11:10:31 params :
------------
Array:
rule : -2 ;
module :  ;
message : Array ;

2017-02-28 11:10:31 response :
------------

2017-02-28 11:10:33 trace :
------------
Array:
tousername : gh_6536061e4435 ;
fromusername : oKwkYw7Bkin9Cejh8Z-6PzFdyV4E ;
createtime : 1488251433 ;
msgtype : event ;
event : VIEW ;
eventkey : http://kh39.61why.com/app/index.php?i=2&c=entry&eid=194 ;
menuid : 410600728 ;
from : oKwkYw7Bkin9Cejh8Z-6PzFdyV4E ;
to : gh_6536061e4435 ;
time : 1488251433 ;
type : event ;

2017-02-28 11:10:33 params :
------------
Array:
rule : -2 ;
module :  ;
message : Array ;

2017-02-28 11:10:33 response :
------------

2017-02-28 11:15:10 trace :
------------
Array:
tousername : gh_6536061e4435 ;
fromusername : oKwkYwwEkPxb60VBlkc2qRkpr_h0 ;
createtime : 1488251710 ;
msgtype : event ;
event : VIEW ;
eventkey : http://kh39.61why.com/app/index.php?i=2&c=entry&eid=198 ;
menuid : 410600728 ;
from : oKwkYwwEkPxb60VBlkc2qRkpr_h0 ;
to : gh_6536061e4435 ;
time : 1488251710 ;
type : event ;

2017-02-28 11:15:10 params :
------------
Array:
rule : -2 ;
module :  ;
message : Array ;

2017-02-28 11:15:10 response :
------------

2017-02-28 11:16:35 trace :
------------
Array:
tousername : gh_6536061e4435 ;
fromusername : oKwkYw7WvuqcS2KUgxH71vq1hjpM ;
createtime : 1488251795 ;
msgtype : event ;
event : VIEW ;
eventkey : http://kh39.61why.com/app/index.php?i=2&c=entry&eid=194 ;
menuid : 410600728 ;
from : oKwkYw7WvuqcS2KUgxH71vq1hjpM ;
to : gh_6536061e4435 ;
time : 1488251795 ;
type : event ;

2017-02-28 11:16:35 params :
------------
Array:
rule : -2 ;
module :  ;
message : Array ;

2017-02-28 11:16:35 response :
------------

2017-02-28 11:20:41 trace :
------------
Array:
tousername : gh_6536061e4435 ;
fromusername : oKwkYwwYq4EhByxPFosA0Iv5zEok ;
createtime : 1488252041 ;
msgtype : event ;
event : VIEW ;
eventkey : http://kh39.61why.com/app/index.php?i=2&c=entry&eid=194 ;
menuid : 410600728 ;
from : oKwkYwwYq4EhByxPFosA0Iv5zEok ;
to : gh_6536061e4435 ;
time : 1488252041 ;
type : event ;

2017-02-28 11:20:41 params :
------------
Array:
rule : -2 ;
module :  ;
message : Array ;

2017-02-28 11:20:41 response :
------------

2017-02-28 11:20:43 trace :
------------
Array:
tousername : gh_6536061e4435 ;
fromusername : oKwkYwwYq4EhByxPFosA0Iv5zEok ;
createtime : 1488252043 ;
msgtype : event ;
event : VIEW ;
eventkey : http://kh39.61why.com/app/index.php?i=2&c=entry&eid=198 ;
menuid : 410600728 ;
from : oKwkYwwYq4EhByxPFosA0Iv5zEok ;
to : gh_6536061e4435 ;
time : 1488252043 ;
type : event ;

2017-02-28 11:20:43 params :
------------
Array:
rule : -2 ;
module :  ;
message : Array ;

2017-02-28 11:20:43 response :
------------

2017-02-28 11:28:35 trace :
------------
Array:
tousername : gh_6536061e4435 ;
fromusername : oKwkYw5S8zWw6zCS6dGdWuuV95fM ;
createtime : 1488252515 ;
msgtype : event ;
event : VIEW ;
eventkey : http://kh39.61why.com/app/index.php?i=2&c=entry&eid=198 ;
menuid : 410600728 ;
from : oKwkYw5S8zWw6zCS6dGdWuuV95fM ;
to : gh_6536061e4435 ;
time : 1488252515 ;
type : event ;

2017-02-28 11:28:35 params :
------------
Array:
rule : -2 ;
module :  ;
message : Array ;

2017-02-28 11:28:35 response :
------------

2017-02-28 11:30:49 trace :
------------
Array:
tousername : gh_6536061e4435 ;
fromusername : oKwkYw5S8zWw6zCS6dGdWuuV95fM ;
createtime : 1488252649 ;
msgtype : event ;
event : VIEW ;
eventkey : http://kh39.61why.com/app/index.php?i=2&c=entry&eid=198 ;
menuid : 410600728 ;
from : oKwkYw5S8zWw6zCS6dGdWuuV95fM ;
to : gh_6536061e4435 ;
time : 1488252649 ;
type : event ;

2017-02-28 11:30:49 params :
------------
Array:
rule : -2 ;
module :  ;
message : Array ;

2017-02-28 11:30:49 response :
------------

2017-02-28 11:34:49 trace :
------------
Array:
tousername : gh_6536061e4435 ;
fromusername : oKwkYw5S8zWw6zCS6dGdWuuV95fM ;
createtime : 1488252889 ;
msgtype : event ;
event : VIEW ;
eventkey : http://kh39.61why.com/app/index.php?i=2&c=entry&eid=198 ;
menuid : 410600728 ;
from : oKwkYw5S8zWw6zCS6dGdWuuV95fM ;
to : gh_6536061e4435 ;
time : 1488252889 ;
type : event ;

2017-02-28 11:34:49 params :
------------
Array:
rule : -2 ;
module :  ;
message : Array ;

2017-02-28 11:34:49 response :
------------

2017-02-28 11:44:07 trace :
------------
Array:
tousername : gh_6536061e4435 ;
fromusername : oKwkYwwEkPxb60VBlkc2qRkpr_h0 ;
createtime : 1488253447 ;
msgtype : event ;
event : VIEW ;
eventkey : http://kh39.61why.com/app/index.php?i=2&c=entry&eid=198 ;
menuid : 410600728 ;
from : oKwkYwwEkPxb60VBlkc2qRkpr_h0 ;
to : gh_6536061e4435 ;
time : 1488253447 ;
type : event ;

2017-02-28 11:44:07 params :
------------
Array:
rule : -2 ;
module :  ;
message : Array ;

2017-02-28 11:44:07 response :
------------

2017-02-28 11:56:12 trace :
------------
Array:
tousername : gh_6536061e4435 ;
fromusername : oKwkYw5S8zWw6zCS6dGdWuuV95fM ;
createtime : 1488254172 ;
msgtype : event ;
event : VIEW ;
eventkey : http://kh39.61why.com/app/index.php?i=2&c=entry&eid=198 ;
menuid : 410600728 ;
from : oKwkYw5S8zWw6zCS6dGdWuuV95fM ;
to : gh_6536061e4435 ;
time : 1488254172 ;
type : event ;

2017-02-28 11:56:12 params :
------------
Array:
rule : -2 ;
module :  ;
message : Array ;

2017-02-28 11:56:12 response :
------------

2017-02-28 11:59:31 trace :
------------
Array:
tousername : gh_6536061e4435 ;
fromusername : oKwkYwwEkPxb60VBlkc2qRkpr_h0 ;
createtime : 1488254371 ;
msgtype : event ;
event : VIEW ;
eventkey : http://kh39.61why.com/app/index.php?i=2&c=entry&eid=198 ;
menuid : 410600728 ;
from : oKwkYwwEkPxb60VBlkc2qRkpr_h0 ;
to : gh_6536061e4435 ;
time : 1488254371 ;
type : event ;

2017-02-28 11:59:31 params :
------------
Array:
rule : -2 ;
module :  ;
message : Array ;

2017-02-28 11:59:31 response :
------------

2017-02-28 11:59:54 trace :
------------
Array:
tousername : gh_6536061e4435 ;
fromusername : oKwkYw22rCbBSaALxIaH8w23nsLQ ;
createtime : 1488254394 ;
msgtype : event ;
event : VIEW ;
eventkey : http://kh39.61why.com/app/index.php?i=2&c=entry&eid=198 ;
menuid : 410600728 ;
from : oKwkYw22rCbBSaALxIaH8w23nsLQ ;
to : gh_6536061e4435 ;
time : 1488254394 ;
type : event ;

2017-02-28 11:59:54 params :
------------
Array:
rule : -2 ;
module :  ;
message : Array ;

2017-02-28 11:59:54 response :
------------

2017-02-28 12:04:59 trace :
------------
Array:
tousername : gh_6536061e4435 ;
fromusername : oKwkYwwEkPxb60VBlkc2qRkpr_h0 ;
createtime : 1488254699 ;
msgtype : event ;
event : VIEW ;
eventkey : http://kh39.61why.com/app/index.php?i=2&c=entry&eid=198 ;
menuid : 410600728 ;
from : oKwkYwwEkPxb60VBlkc2qRkpr_h0 ;
to : gh_6536061e4435 ;
time : 1488254699 ;
type : event ;

2017-02-28 12:04:59 params :
------------
Array:
rule : -2 ;
module :  ;
message : Array ;

2017-02-28 12:04:59 response :
------------

2017-02-28 12:06:44 trace :
------------
Array:
tousername : gh_6536061e4435 ;
fromusername : oKwkYw8lzpp-LDpVW0VwII6pE0DE ;
createtime : 1488254804 ;
msgtype : event ;
event : VIEW ;
eventkey : http://kh39.61why.com/app/index.php?i=2&c=entry&eid=198 ;
menuid : 410600728 ;
from : oKwkYw8lzpp-LDpVW0VwII6pE0DE ;
to : gh_6536061e4435 ;
time : 1488254804 ;
type : event ;

2017-02-28 12:06:44 params :
------------
Array:
rule : -2 ;
module :  ;
message : Array ;

2017-02-28 12:06:44 response :
------------

2017-02-28 12:20:12 trace :
------------
Array:
tousername : gh_6536061e4435 ;
fromusername : oKwkYw22rCbBSaALxIaH8w23nsLQ ;
createtime : 1488255612 ;
msgtype : event ;
event : CLICK ;
eventkey : 二维码 ;
from : oKwkYw22rCbBSaALxIaH8w23nsLQ ;
to : gh_6536061e4435 ;
time : 1488255612 ;
type : event ;

2017-02-28 12:20:22 trace :
------------
Array:
tousername : gh_6536061e4435 ;
fromusername : oKwkYw22rCbBSaALxIaH8w23nsLQ ;
createtime : 1488255622 ;
msgtype : event ;
event : VIEW ;
eventkey : http://kh39.61why.com/app/index.php?i=2&c=entry&eid=198 ;
menuid : 410600728 ;
from : oKwkYw22rCbBSaALxIaH8w23nsLQ ;
to : gh_6536061e4435 ;
time : 1488255622 ;
type : event ;

2017-02-28 12:20:22 params :
------------
Array:
rule : -2 ;
module :  ;
message : Array ;

2017-02-28 12:20:22 response :
------------

2017-02-28 12:36:04 trace :
------------
Array:
tousername : gh_6536061e4435 ;
fromusername : oKwkYw_EA3VpOigDUNydKbSRsLyY ;
createtime : 1488256564 ;
msgtype : event ;
event : VIEW ;
eventkey : http://kh39.61why.com/app/index.php?i=2&c=entry&eid=198 ;
menuid : 410600728 ;
from : oKwkYw_EA3VpOigDUNydKbSRsLyY ;
to : gh_6536061e4435 ;
time : 1488256564 ;
type : event ;

2017-02-28 12:36:04 params :
------------
Array:
rule : -2 ;
module :  ;
message : Array ;

2017-02-28 12:36:04 response :
------------

2017-02-28 12:41:02 trace :
------------
Array:
tousername : gh_6536061e4435 ;
fromusername : oKwkYw_EA3VpOigDUNydKbSRsLyY ;
createtime : 1488256862 ;
msgtype : event ;
event : VIEW ;
eventkey : http://kh39.61why.com/app/index.php?i=2&c=entry&eid=198 ;
menuid : 410600728 ;
from : oKwkYw_EA3VpOigDUNydKbSRsLyY ;
to : gh_6536061e4435 ;
time : 1488256862 ;
type : event ;

2017-02-28 12:41:02 params :
------------
Array:
rule : -2 ;
module :  ;
message : Array ;

2017-02-28 12:41:02 response :
------------

2017-02-28 12:45:38 trace :
------------
Array:
tousername : gh_6536061e4435 ;
fromusername : oKwkYw_EA3VpOigDUNydKbSRsLyY ;
createtime : 1488257138 ;
msgtype : event ;
event : VIEW ;
eventkey : http://kh39.61why.com/app/index.php?i=2&c=entry&eid=198 ;
menuid : 410600728 ;
from : oKwkYw_EA3VpOigDUNydKbSRsLyY ;
to : gh_6536061e4435 ;
time : 1488257138 ;
type : event ;

2017-02-28 12:45:38 params :
------------
Array:
rule : -2 ;
module :  ;
message : Array ;

2017-02-28 12:45:38 response :
------------

2017-02-28 12:56:49 trace :
------------
Array:
tousername : gh_6536061e4435 ;
fromusername : oKwkYw51MCZxQYrIeU_Nup74G9nw ;
createtime : 1488257809 ;
msgtype : event ;
event : VIEW ;
eventkey : http://kh39.61why.com/app/index.php?i=2&c=entry&eid=194 ;
menuid : 410600728 ;
from : oKwkYw51MCZxQYrIeU_Nup74G9nw ;
to : gh_6536061e4435 ;
time : 1488257809 ;
type : event ;

2017-02-28 12:56:50 params :
------------
Array:
rule : -2 ;
module :  ;
message : Array ;

2017-02-28 12:56:50 response :
------------

2017-02-28 13:05:09 trace :
------------
Array:
tousername : gh_6536061e4435 ;
fromusername : oKwkYw-pxdfzJgcA3EAdBqBKlzSI ;
createtime : 1488258309 ;
msgtype : event ;
event : VIEW ;
eventkey : http://kh39.61why.com/app/index.php?i=2&c=entry&eid=194 ;
menuid : 410600728 ;
from : oKwkYw-pxdfzJgcA3EAdBqBKlzSI ;
to : gh_6536061e4435 ;
time : 1488258309 ;
type : event ;

2017-02-28 13:05:09 params :
------------
Array:
rule : -2 ;
module :  ;
message : Array ;

2017-02-28 13:05:09 response :
------------

2017-02-28 13:29:32 trace :
------------
Array:
tousername : gh_6536061e4435 ;
fromusername : oKwkYw5S8zWw6zCS6dGdWuuV95fM ;
createtime : 1488259772 ;
msgtype : event ;
event : VIEW ;
eventkey : http://kh39.61why.com/app/index.php?i=2&c=entry&eid=198 ;
menuid : 410600728 ;
from : oKwkYw5S8zWw6zCS6dGdWuuV95fM ;
to : gh_6536061e4435 ;
time : 1488259772 ;
type : event ;

2017-02-28 13:29:32 params :
------------
Array:
rule : -2 ;
module :  ;
message : Array ;

2017-02-28 13:29:32 response :
------------

2017-02-28 13:30:16 trace :
------------
Array:
tousername : gh_6536061e4435 ;
fromusername : oKwkYw5S8zWw6zCS6dGdWuuV95fM ;
createtime : 1488259816 ;
msgtype : event ;
event : VIEW ;
eventkey : http://kh39.61why.com/app/index.php?i=2&c=entry&eid=198 ;
menuid : 410600728 ;
from : oKwkYw5S8zWw6zCS6dGdWuuV95fM ;
to : gh_6536061e4435 ;
time : 1488259816 ;
type : event ;

2017-02-28 13:30:16 params :
------------
Array:
rule : -2 ;
module :  ;
message : Array ;

2017-02-28 13:30:16 response :
------------

2017-02-28 13:30:46 trace :
------------
Array:
tousername : gh_6536061e4435 ;
fromusername : oKwkYw5S8zWw6zCS6dGdWuuV95fM ;
createtime : 1488259846 ;
msgtype : event ;
event : VIEW ;
eventkey : http://kh39.61why.com/app/index.php?i=2&c=entry&eid=198 ;
menuid : 410600728 ;
from : oKwkYw5S8zWw6zCS6dGdWuuV95fM ;
to : gh_6536061e4435 ;
time : 1488259846 ;
type : event ;

2017-02-28 13:30:46 params :
------------
Array:
rule : -2 ;
module :  ;
message : Array ;

2017-02-28 13:30:46 response :
------------

2017-02-28 13:31:51 trace :
------------
Array:
tousername : gh_6536061e4435 ;
fromusername : oKwkYw5S8zWw6zCS6dGdWuuV95fM ;
createtime : 1488259911 ;
msgtype : event ;
event : VIEW ;
eventkey : http://kh39.61why.com/app/index.php?i=2&c=entry&eid=198 ;
menuid : 410600728 ;
from : oKwkYw5S8zWw6zCS6dGdWuuV95fM ;
to : gh_6536061e4435 ;
time : 1488259911 ;
type : event ;

2017-02-28 13:31:51 params :
------------
Array:
rule : -2 ;
module :  ;
message : Array ;

2017-02-28 13:31:51 response :
------------

2017-02-28 13:34:01 trace :
------------
Array:
tousername : gh_6536061e4435 ;
fromusername : oKwkYw5S8zWw6zCS6dGdWuuV95fM ;
createtime : 1488260041 ;
msgtype : event ;
event : VIEW ;
eventkey : http://kh39.61why.com/app/index.php?i=2&c=entry&eid=198 ;
menuid : 410600728 ;
from : oKwkYw5S8zWw6zCS6dGdWuuV95fM ;
to : gh_6536061e4435 ;
time : 1488260041 ;
type : event ;

2017-02-28 13:34:01 params :
------------
Array:
rule : -2 ;
module :  ;
message : Array ;

2017-02-28 13:34:01 response :
------------

2017-02-28 13:38:42 trace :
------------
Array:
tousername : gh_6536061e4435 ;
fromusername : oKwkYw5S8zWw6zCS6dGdWuuV95fM ;
createtime : 1488260322 ;
msgtype : event ;
event : VIEW ;
eventkey : http://kh39.61why.com/app/index.php?i=2&c=entry&eid=198 ;
menuid : 410600728 ;
from : oKwkYw5S8zWw6zCS6dGdWuuV95fM ;
to : gh_6536061e4435 ;
time : 1488260322 ;
type : event ;

2017-02-28 13:38:42 params :
------------
Array:
rule : -2 ;
module :  ;
message : Array ;

2017-02-28 13:38:42 response :
------------

2017-02-28 13:40:36 trace :
------------
Array:
tousername : gh_6536061e4435 ;
fromusername : oKwkYw5S8zWw6zCS6dGdWuuV95fM ;
createtime : 1488260436 ;
msgtype : event ;
event : VIEW ;
eventkey : http://kh39.61why.com/app/index.php?i=2&c=entry&eid=198 ;
menuid : 410600728 ;
from : oKwkYw5S8zWw6zCS6dGdWuuV95fM ;
to : gh_6536061e4435 ;
time : 1488260436 ;
type : event ;

2017-02-28 13:40:36 params :
------------
Array:
rule : -2 ;
module :  ;
message : Array ;

2017-02-28 13:40:36 response :
------------

2017-02-28 13:58:48 trace :
------------
Array:
tousername : gh_6536061e4435 ;
fromusername : oKwkYw5Hv5-mrEGrZ572fv2JrB_s ;
createtime : 1488261528 ;
msgtype : event ;
event : VIEW ;
eventkey : http://kh39.61why.com/app/index.php?i=2&c=entry&eid=198 ;
menuid : 410600728 ;
from : oKwkYw5Hv5-mrEGrZ572fv2JrB_s ;
to : gh_6536061e4435 ;
time : 1488261528 ;
type : event ;

2017-02-28 13:58:48 params :
------------
Array:
rule : -2 ;
module :  ;
message : Array ;

2017-02-28 13:58:48 response :
------------

2017-02-28 14:00:43 trace :
------------
Array:
tousername : gh_6536061e4435 ;
fromusername : oKwkYwwqfJfpUmZLx7CF7KgYaDPo ;
createtime : 1488261643 ;
msgtype : event ;
event : subscribe ;
eventkey : Array ;
from : oKwkYwwqfJfpUmZLx7CF7KgYaDPo ;
to : gh_6536061e4435 ;
time : 1488261643 ;
type : subscribe ;

2017-02-28 14:00:43 params :
------------
Array:
rule : -2 ;
module :  ;
message : Array ;

2017-02-28 14:00:43 response :
------------

2017-02-28 14:01:02 trace :
------------
Array:
tousername : gh_6536061e4435 ;
fromusername : oKwkYw0rVDni_ImRqtnW-O2pluBQ ;
createtime : 1488261662 ;
msgtype : event ;
event : subscribe ;
eventkey : Array ;
from : oKwkYw0rVDni_ImRqtnW-O2pluBQ ;
to : gh_6536061e4435 ;
time : 1488261662 ;
type : subscribe ;

2017-02-28 14:01:02 params :
------------
Array:
rule : -2 ;
module :  ;
message : Array ;

2017-02-28 14:01:02 response :
------------

2017-02-28 14:04:50 trace :
------------
Array:
tousername : gh_6536061e4435 ;
fromusername : oKwkYw8e33SsKCgQqmRH91AsxTTA ;
createtime : 1488261890 ;
msgtype : event ;
event : VIEW ;
eventkey : http://kh39.61why.com/app/index.php?i=2&c=entry&eid=198 ;
menuid : 410600728 ;
from : oKwkYw8e33SsKCgQqmRH91AsxTTA ;
to : gh_6536061e4435 ;
time : 1488261890 ;
type : event ;

2017-02-28 14:04:50 params :
------------
Array:
rule : -2 ;
module :  ;
message : Array ;

2017-02-28 14:04:50 response :
------------

2017-02-28 14:06:34 trace :
------------
Array:
tousername : gh_6536061e4435 ;
fromusername : oKwkYw22rCbBSaALxIaH8w23nsLQ ;
createtime : 1488261994 ;
msgtype : event ;
event : VIEW ;
eventkey : http://kh39.61why.com/app/index.php?i=2&c=entry&eid=194 ;
menuid : 410600728 ;
from : oKwkYw22rCbBSaALxIaH8w23nsLQ ;
to : gh_6536061e4435 ;
time : 1488261994 ;
type : event ;

2017-02-28 14:06:34 params :
------------
Array:
rule : -2 ;
module :  ;
message : Array ;

2017-02-28 14:06:34 response :
------------

2017-02-28 14:40:24 trace :
------------
Array:
tousername : gh_6536061e4435 ;
fromusername : oKwkYw9A27iCE2wbx5IXncAJ21Sw ;
createtime : 1488264024 ;
msgtype : event ;
event : VIEW ;
eventkey : http://kh39.61why.com/app/index.php?i=2&c=entry&eid=198 ;
menuid : 410600728 ;
from : oKwkYw9A27iCE2wbx5IXncAJ21Sw ;
to : gh_6536061e4435 ;
time : 1488264024 ;
type : event ;

2017-02-28 14:40:24 params :
------------
Array:
rule : -2 ;
module :  ;
message : Array ;

2017-02-28 14:40:24 response :
------------

2017-02-28 15:04:33 trace :
------------
Array:
tousername : gh_6536061e4435 ;
fromusername : oKwkYw5S8zWw6zCS6dGdWuuV95fM ;
createtime : 1488265473 ;
msgtype : event ;
event : VIEW ;
eventkey : http://kh39.61why.com/app/index.php?i=2&c=entry&eid=198 ;
menuid : 410600728 ;
from : oKwkYw5S8zWw6zCS6dGdWuuV95fM ;
to : gh_6536061e4435 ;
time : 1488265473 ;
type : event ;

2017-02-28 15:04:33 params :
------------
Array:
rule : -2 ;
module :  ;
message : Array ;

2017-02-28 15:04:33 response :
------------

2017-02-28 15:40:35 trace :
------------
Array:
tousername : gh_6536061e4435 ;
fromusername : oKwkYw5S8zWw6zCS6dGdWuuV95fM ;
createtime : 1488267635 ;
msgtype : event ;
event : VIEW ;
eventkey : http://kh39.61why.com/app/index.php?i=2&c=entry&eid=198 ;
menuid : 410600728 ;
from : oKwkYw5S8zWw6zCS6dGdWuuV95fM ;
to : gh_6536061e4435 ;
time : 1488267635 ;
type : event ;

2017-02-28 15:40:35 params :
------------
Array:
rule : -2 ;
module :  ;
message : Array ;

2017-02-28 15:40:35 response :
------------

2017-02-28 15:42:33 trace :
------------
Array:
tousername : gh_6536061e4435 ;
fromusername : oKwkYw0D7snKw9WJkTr_EzwW-SF0 ;
createtime : 1488267753 ;
msgtype : event ;
event : VIEW ;
eventkey : http://kh39.61why.com/app/index.php?i=2&c=entry&eid=198 ;
menuid : 410600728 ;
from : oKwkYw0D7snKw9WJkTr_EzwW-SF0 ;
to : gh_6536061e4435 ;
time : 1488267753 ;
type : event ;

2017-02-28 15:42:33 params :
------------
Array:
rule : -2 ;
module :  ;
message : Array ;

2017-02-28 15:42:33 response :
------------

2017-02-28 15:42:58 trace :
------------
Array:
tousername : gh_6536061e4435 ;
fromusername : oKwkYw4Bz84xO0VQoQACNe5r62MU ;
createtime : 1488267778 ;
msgtype : event ;
event : CLICK ;
eventkey : 二维码 ;
from : oKwkYw4Bz84xO0VQoQACNe5r62MU ;
to : gh_6536061e4435 ;
time : 1488267778 ;
type : event ;

2017-02-28 15:43:06 trace :
------------
Array:
tousername : gh_6536061e4435 ;
fromusername : oKwkYw4Bz84xO0VQoQACNe5r62MU ;
createtime : 1488267786 ;
msgtype : voice ;
mediaid : CVl3bCuPPhMugHCKJfzi5zURH3QAsTGU1b49kNlWNd_zPDLafaTWirjrF89oTtF_ ;
format : amr ;
msgid : 6392061468560326656 ;
recognition : ps ;
from : oKwkYw4Bz84xO0VQoQACNe5r62MU ;
to : gh_6536061e4435 ;
time : 1488267786 ;
type : voice ;
event :  ;

2017-02-28 15:43:06 params :
------------
Array:
rule : -2 ;
module :  ;
message : Array ;

2017-02-28 15:43:06 response :
------------

2017-02-28 15:43:25 trace :
------------
Array:
tousername : gh_6536061e4435 ;
fromusername : oKwkYw4Bz84xO0VQoQACNe5r62MU ;
createtime : 1488267805 ;
msgtype : voice ;
mediaid : h_6rMYhBxVCJSvZlddidsCi3EsqXZF-sZawMZLSvO7RbDpMRRKRTzaOWK1R5Gmtv ;
format : amr ;
msgid : 6392061550164705280 ;
recognition : 嗯。 ;
from : oKwkYw4Bz84xO0VQoQACNe5r62MU ;
to : gh_6536061e4435 ;
time : 1488267805 ;
type : voice ;
event :  ;

2017-02-28 15:43:25 params :
------------
Array:
rule : -2 ;
module :  ;
message : Array ;

2017-02-28 15:43:25 response :
------------

2017-02-28 15:43:56 trace :
------------
Array:
tousername : gh_6536061e4435 ;
fromusername : oKwkYw4Bz84xO0VQoQACNe5r62MU ;
createtime : 1488267836 ;
msgtype : voice ;
mediaid : 3HFIaI1CjJclNP0WPinVA8nIvxtJYTODfuBcezqNMrSyMXtIWDQKJhs1ASBch34D ;
format : amr ;
msgid : 6392061683308691456 ;
recognition : 嗯嗯，ps，聪明不亲我啊！ ;
from : oKwkYw4Bz84xO0VQoQACNe5r62MU ;
to : gh_6536061e4435 ;
time : 1488267836 ;
type : voice ;
event :  ;

2017-02-28 15:43:56 params :
------------
Array:
rule : -2 ;
module :  ;
message : Array ;

2017-02-28 15:43:56 response :
------------

2017-02-28 15:44:22 trace :
------------
Array:
tousername : gh_6536061e4435 ;
fromusername : oKwkYw4Bz84xO0VQoQACNe5r62MU ;
createtime : 1488267861 ;
msgtype : video ;
mediaid : eu71xotRYhVyfiG2YgqUwBVvb58ae4d3OP-DF7rora47aV-g0uMLkGZLWnOiLoes ;
thumbmediaid : Pm3yyDMr932Vrz17Euh1g4UjdXvU_gyWKf2R9lCRjiw0dfE_vfTYlb1Q553x4aZl ;
msgid : 6392061791093943408 ;
from : oKwkYw4Bz84xO0VQoQACNe5r62MU ;
to : gh_6536061e4435 ;
time : 1488267861 ;
type : video ;
event :  ;
thumb : Pm3yyDMr932Vrz17Euh1g4UjdXvU_gyWKf2R9lCRjiw0dfE_vfTYlb1Q553x4aZl ;

2017-02-28 15:44:22 params :
------------
Array:
rule : -2 ;
module :  ;
message : Array ;

2017-02-28 15:44:22 response :
------------

2017-02-28 15:45:00 trace :
------------
Array:
tousername : gh_6536061e4435 ;
fromusername : oKwkYw4Bz84xO0VQoQACNe5r62MU ;
createtime : 1488267900 ;
msgtype : video ;
mediaid : pTKNbTmcGDxP3FZDCTlBrPFhO4Vo4q57XOmHwYpGg46t905WY79ZNmdQujAbgKMj ;
thumbmediaid : ytOSb107Pb5diZBgevpIUiFUIz5HqnblHrffF63gwN1cg1xNBagxHa6KlVfrXCOW ;
msgid : 6392061958597667958 ;
from : oKwkYw4Bz84xO0VQoQACNe5r62MU ;
to : gh_6536061e4435 ;
time : 1488267900 ;
type : video ;
event :  ;
thumb : ytOSb107Pb5diZBgevpIUiFUIz5HqnblHrffF63gwN1cg1xNBagxHa6KlVfrXCOW ;

2017-02-28 15:45:00 params :
------------
Array:
rule : -2 ;
module :  ;
message : Array ;

2017-02-28 15:45:00 response :
------------

2017-02-28 15:55:51 trace :
------------
Array:
tousername : gh_6536061e4435 ;
fromusername : oKwkYw_czhGJMhzRk-PvvkgFyKMI ;
createtime : 1488268550 ;
msgtype : event ;
event : VIEW ;
eventkey : http://kh39.61why.com/app/index.php?i=2&c=entry&eid=194 ;
menuid : 410600728 ;
from : oKwkYw_czhGJMhzRk-PvvkgFyKMI ;
to : gh_6536061e4435 ;
time : 1488268550 ;
type : event ;

2017-02-28 15:55:51 params :
------------
Array:
rule : -2 ;
module :  ;
message : Array ;

2017-02-28 15:55:51 response :
------------

2017-02-28 16:11:57 trace :
------------
Array:
tousername : gh_6536061e4435 ;
fromusername : oKwkYw_czhGJMhzRk-PvvkgFyKMI ;
createtime : 1488269517 ;
msgtype : event ;
event : VIEW ;
eventkey : http://kh39.61why.com/app/index.php?i=2&c=entry&eid=194 ;
menuid : 410600728 ;
from : oKwkYw_czhGJMhzRk-PvvkgFyKMI ;
to : gh_6536061e4435 ;
time : 1488269517 ;
type : event ;

2017-02-28 16:11:57 params :
------------
Array:
rule : -2 ;
module :  ;
message : Array ;

2017-02-28 16:11:57 response :
------------

2017-02-28 16:13:23 trace :
------------
Array:
tousername : gh_6536061e4435 ;
fromusername : oKwkYw5S8zWw6zCS6dGdWuuV95fM ;
createtime : 1488269603 ;
msgtype : event ;
event : VIEW ;
eventkey : http://kh39.61why.com/app/index.php?i=2&c=entry&eid=198 ;
menuid : 410600728 ;
from : oKwkYw5S8zWw6zCS6dGdWuuV95fM ;
to : gh_6536061e4435 ;
time : 1488269603 ;
type : event ;

2017-02-28 16:13:23 params :
------------
Array:
rule : -2 ;
module :  ;
message : Array ;

2017-02-28 16:13:23 response :
------------

2017-02-28 16:15:39 trace :
------------
Array:
tousername : gh_6536061e4435 ;
fromusername : oKwkYw0kdV4OPDdHDn2-15z34ETA ;
createtime : 1488269739 ;
msgtype : event ;
event : VIEW ;
eventkey : http://kh39.61why.com/app/index.php?i=2&c=entry&eid=194 ;
menuid : 410600728 ;
from : oKwkYw0kdV4OPDdHDn2-15z34ETA ;
to : gh_6536061e4435 ;
time : 1488269739 ;
type : event ;

2017-02-28 16:15:39 params :
------------
Array:
rule : -2 ;
module :  ;
message : Array ;

2017-02-28 16:15:39 response :
------------

2017-02-28 16:16:35 trace :
------------
Array:
tousername : gh_6536061e4435 ;
fromusername : oKwkYw5S8zWw6zCS6dGdWuuV95fM ;
createtime : 1488269795 ;
msgtype : event ;
event : VIEW ;
eventkey : http://kh39.61why.com/app/index.php?i=2&c=entry&eid=194 ;
menuid : 410600728 ;
from : oKwkYw5S8zWw6zCS6dGdWuuV95fM ;
to : gh_6536061e4435 ;
time : 1488269795 ;
type : event ;

2017-02-28 16:16:35 params :
------------
Array:
rule : -2 ;
module :  ;
message : Array ;

2017-02-28 16:16:35 response :
------------

2017-02-28 16:21:07 trace :
------------
Array:
tousername : gh_6536061e4435 ;
fromusername : oKwkYw7Bkin9Cejh8Z-6PzFdyV4E ;
createtime : 1488270066 ;
msgtype : event ;
event : VIEW ;
eventkey : http://kh39.61why.com/app/index.php?i=2&c=entry&eid=198 ;
menuid : 410600728 ;
from : oKwkYw7Bkin9Cejh8Z-6PzFdyV4E ;
to : gh_6536061e4435 ;
time : 1488270066 ;
type : event ;

2017-02-28 16:21:07 params :
------------
Array:
rule : -2 ;
module :  ;
message : Array ;

2017-02-28 16:21:07 response :
------------

2017-02-28 16:21:31 trace :
------------
Array:
tousername : gh_6536061e4435 ;
fromusername : oKwkYw7Bkin9Cejh8Z-6PzFdyV4E ;
createtime : 1488270091 ;
msgtype : event ;
event : VIEW ;
eventkey : http://kh39.61why.com/app/index.php?i=2&c=entry&eid=198 ;
menuid : 410600728 ;
from : oKwkYw7Bkin9Cejh8Z-6PzFdyV4E ;
to : gh_6536061e4435 ;
time : 1488270091 ;
type : event ;

2017-02-28 16:21:31 params :
------------
Array:
rule : -2 ;
module :  ;
message : Array ;

2017-02-28 16:21:31 response :
------------

2017-02-28 16:22:40 trace :
------------
Array:
tousername : gh_6536061e4435 ;
fromusername : oKwkYw7Bkin9Cejh8Z-6PzFdyV4E ;
createtime : 1488270160 ;
msgtype : event ;
event : VIEW ;
eventkey : http://kh39.61why.com/app/index.php?i=2&c=entry&eid=198 ;
menuid : 410600728 ;
from : oKwkYw7Bkin9Cejh8Z-6PzFdyV4E ;
to : gh_6536061e4435 ;
time : 1488270160 ;
type : event ;

2017-02-28 16:22:40 params :
------------
Array:
rule : -2 ;
module :  ;
message : Array ;

2017-02-28 16:22:40 response :
------------

2017-02-28 16:22:56 trace :
------------
Array:
tousername : gh_6536061e4435 ;
fromusername : oKwkYw7Bkin9Cejh8Z-6PzFdyV4E ;
createtime : 1488270176 ;
msgtype : event ;
event : VIEW ;
eventkey : http://kh39.61why.com/app/index.php?i=2&c=entry&eid=198 ;
menuid : 410600728 ;
from : oKwkYw7Bkin9Cejh8Z-6PzFdyV4E ;
to : gh_6536061e4435 ;
time : 1488270176 ;
type : event ;

2017-02-28 16:22:56 params :
------------
Array:
rule : -2 ;
module :  ;
message : Array ;

2017-02-28 16:22:56 response :
------------

2017-02-28 16:23:10 trace :
------------
Array:
tousername : gh_6536061e4435 ;
fromusername : oKwkYw_czhGJMhzRk-PvvkgFyKMI ;
createtime : 1488270190 ;
msgtype : event ;
event : VIEW ;
eventkey : http://kh39.61why.com/app/index.php?i=2&c=entry&eid=194 ;
menuid : 410600728 ;
from : oKwkYw_czhGJMhzRk-PvvkgFyKMI ;
to : gh_6536061e4435 ;
time : 1488270190 ;
type : event ;

2017-02-28 16:23:10 params :
------------
Array:
rule : -2 ;
module :  ;
message : Array ;

2017-02-28 16:23:10 response :
------------

2017-02-28 16:23:11 trace :
------------
Array:
tousername : gh_6536061e4435 ;
fromusername : oKwkYw_czhGJMhzRk-PvvkgFyKMI ;
createtime : 1488270191 ;
msgtype : event ;
event : VIEW ;
eventkey : http://kh39.61why.com/app/index.php?i=2&c=entry&eid=194 ;
menuid : 410600728 ;
from : oKwkYw_czhGJMhzRk-PvvkgFyKMI ;
to : gh_6536061e4435 ;
time : 1488270191 ;
type : event ;

2017-02-28 16:23:11 params :
------------
Array:
rule : -2 ;
module :  ;
message : Array ;

2017-02-28 16:23:11 response :
------------

2017-02-28 16:23:43 trace :
------------
Array:
tousername : gh_6536061e4435 ;
fromusername : oKwkYw7Bkin9Cejh8Z-6PzFdyV4E ;
createtime : 1488270223 ;
msgtype : event ;
event : VIEW ;
eventkey : http://kh39.61why.com/app/index.php?i=2&c=entry&eid=198 ;
menuid : 410600728 ;
from : oKwkYw7Bkin9Cejh8Z-6PzFdyV4E ;
to : gh_6536061e4435 ;
time : 1488270223 ;
type : event ;

2017-02-28 16:23:43 params :
------------
Array:
rule : -2 ;
module :  ;
message : Array ;

2017-02-28 16:23:43 response :
------------

2017-02-28 16:24:08 trace :
------------
Array:
tousername : gh_6536061e4435 ;
fromusername : oKwkYw7Bkin9Cejh8Z-6PzFdyV4E ;
createtime : 1488270248 ;
msgtype : event ;
event : VIEW ;
eventkey : http://kh39.61why.com/app/index.php?i=2&c=entry&eid=198 ;
menuid : 410600728 ;
from : oKwkYw7Bkin9Cejh8Z-6PzFdyV4E ;
to : gh_6536061e4435 ;
time : 1488270248 ;
type : event ;

2017-02-28 16:24:08 params :
------------
Array:
rule : -2 ;
module :  ;
message : Array ;

2017-02-28 16:24:08 response :
------------

2017-02-28 16:24:48 trace :
------------
Array:
tousername : gh_6536061e4435 ;
fromusername : oKwkYw7Bkin9Cejh8Z-6PzFdyV4E ;
createtime : 1488270288 ;
msgtype : event ;
event : VIEW ;
eventkey : http://kh39.61why.com/app/index.php?i=2&c=entry&eid=198 ;
menuid : 410600728 ;
from : oKwkYw7Bkin9Cejh8Z-6PzFdyV4E ;
to : gh_6536061e4435 ;
time : 1488270288 ;
type : event ;

2017-02-28 16:24:48 params :
------------
Array:
rule : -2 ;
module :  ;
message : Array ;

2017-02-28 16:24:48 response :
------------

2017-02-28 16:30:00 trace :
------------
Array:
tousername : gh_6536061e4435 ;
fromusername : oKwkYw5S8zWw6zCS6dGdWuuV95fM ;
createtime : 1488270599 ;
msgtype : event ;
event : VIEW ;
eventkey : http://kh39.61why.com/app/index.php?i=2&c=entry&eid=198 ;
menuid : 410600728 ;
from : oKwkYw5S8zWw6zCS6dGdWuuV95fM ;
to : gh_6536061e4435 ;
time : 1488270599 ;
type : event ;

2017-02-28 16:30:00 params :
------------
Array:
rule : -2 ;
module :  ;
message : Array ;

2017-02-28 16:30:00 response :
------------

2017-02-28 16:48:45 trace :
------------
Array:
tousername : gh_6536061e4435 ;
fromusername : oKwkYw_czhGJMhzRk-PvvkgFyKMI ;
createtime : 1488271725 ;
msgtype : event ;
event : VIEW ;
eventkey : http://kh39.61why.com/app/index.php?i=2&c=entry&eid=194 ;
menuid : 410600728 ;
from : oKwkYw_czhGJMhzRk-PvvkgFyKMI ;
to : gh_6536061e4435 ;
time : 1488271725 ;
type : event ;

2017-02-28 16:48:45 params :
------------
Array:
rule : -2 ;
module :  ;
message : Array ;

2017-02-28 16:48:45 response :
------------

2017-02-28 16:49:15 trace :
------------
Array:
tousername : gh_6536061e4435 ;
fromusername : oKwkYw_xZ14UQdvrJFuiI5E87n8w ;
createtime : 1488271755 ;
msgtype : event ;
event : VIEW ;
eventkey : http://kh39.61why.com/app/index.php?i=2&c=entry&eid=198 ;
menuid : 410600728 ;
from : oKwkYw_xZ14UQdvrJFuiI5E87n8w ;
to : gh_6536061e4435 ;
time : 1488271755 ;
type : event ;

2017-02-28 16:49:15 params :
------------
Array:
rule : -2 ;
module :  ;
message : Array ;

2017-02-28 16:49:15 response :
------------

2017-02-28 16:56:07 trace :
------------
Array:
tousername : gh_6536061e4435 ;
fromusername : oKwkYw7rLf4V2Rl4D541wt5PLUzU ;
createtime : 1488272167 ;
msgtype : event ;
event : VIEW ;
eventkey : http://kh39.61why.com/app/index.php?i=2&c=entry&eid=198 ;
menuid : 410600728 ;
from : oKwkYw7rLf4V2Rl4D541wt5PLUzU ;
to : gh_6536061e4435 ;
time : 1488272167 ;
type : event ;

2017-02-28 16:56:07 params :
------------
Array:
rule : -2 ;
module :  ;
message : Array ;

2017-02-28 16:56:07 response :
------------

2017-02-28 16:57:13 trace :
------------
Array:
tousername : gh_6536061e4435 ;
fromusername : oKwkYw7rLf4V2Rl4D541wt5PLUzU ;
createtime : 1488272233 ;
msgtype : event ;
event : VIEW ;
eventkey : http://kh39.61why.com/app/index.php?i=2&c=entry&eid=198 ;
menuid : 410600728 ;
from : oKwkYw7rLf4V2Rl4D541wt5PLUzU ;
to : gh_6536061e4435 ;
time : 1488272233 ;
type : event ;

2017-02-28 16:57:13 params :
------------
Array:
rule : -2 ;
module :  ;
message : Array ;

2017-02-28 16:57:13 response :
------------

2017-02-28 17:35:40 trace :
------------
Array:
tousername : gh_6536061e4435 ;
fromusername : oKwkYw_xZ14UQdvrJFuiI5E87n8w ;
createtime : 1488274540 ;
msgtype : event ;
event : VIEW ;
eventkey : http://kh39.61why.com/app/index.php?i=2&c=entry&eid=198 ;
menuid : 410600728 ;
from : oKwkYw_xZ14UQdvrJFuiI5E87n8w ;
to : gh_6536061e4435 ;
time : 1488274540 ;
type : event ;

2017-02-28 17:35:40 params :
------------
Array:
rule : -2 ;
module :  ;
message : Array ;

2017-02-28 17:35:40 response :
------------

2017-02-28 17:47:20 trace :
------------
Array:
tousername : gh_6536061e4435 ;
fromusername : oKwkYw-oueSDcnhZWi8VurxnJzsg ;
createtime : 1488275240 ;
msgtype : event ;
event : VIEW ;
eventkey : http://kh39.61why.com/app/index.php?i=2&c=entry&eid=194 ;
menuid : 410600728 ;
from : oKwkYw-oueSDcnhZWi8VurxnJzsg ;
to : gh_6536061e4435 ;
time : 1488275240 ;
type : event ;

2017-02-28 17:47:20 params :
------------
Array:
rule : -2 ;
module :  ;
message : Array ;

2017-02-28 17:47:20 response :
------------

2017-02-28 17:48:02 trace :
------------
Array:
tousername : gh_6536061e4435 ;
fromusername : oKwkYw3l0eGz3H7e62pX1IDFxwCY ;
createtime : 1488275282 ;
msgtype : event ;
event : VIEW ;
eventkey : http://kh39.61why.com/app/index.php?i=2&c=entry&eid=194 ;
menuid : 410600728 ;
from : oKwkYw3l0eGz3H7e62pX1IDFxwCY ;
to : gh_6536061e4435 ;
time : 1488275282 ;
type : event ;

2017-02-28 17:48:02 params :
------------
Array:
rule : -2 ;
module :  ;
message : Array ;

2017-02-28 17:48:02 response :
------------

2017-02-28 17:48:32 trace :
------------
Array:
tousername : gh_6536061e4435 ;
fromusername : oKwkYw3l0eGz3H7e62pX1IDFxwCY ;
createtime : 1488275312 ;
msgtype : event ;
event : VIEW ;
eventkey : http://kh39.61why.com/app/index.php?i=2&c=entry&eid=194 ;
menuid : 410600728 ;
from : oKwkYw3l0eGz3H7e62pX1IDFxwCY ;
to : gh_6536061e4435 ;
time : 1488275312 ;
type : event ;

2017-02-28 17:48:32 params :
------------
Array:
rule : -2 ;
module :  ;
message : Array ;

2017-02-28 17:48:32 response :
------------

2017-02-28 17:49:08 trace :
------------
Array:
tousername : gh_6536061e4435 ;
fromusername : oKwkYw-oueSDcnhZWi8VurxnJzsg ;
createtime : 1488275348 ;
msgtype : event ;
event : VIEW ;
eventkey : http://kh39.61why.com/app/index.php?i=2&c=entry&eid=198 ;
menuid : 410600728 ;
from : oKwkYw-oueSDcnhZWi8VurxnJzsg ;
to : gh_6536061e4435 ;
time : 1488275348 ;
type : event ;

2017-02-28 17:49:08 params :
------------
Array:
rule : -2 ;
module :  ;
message : Array ;

2017-02-28 17:49:08 response :
------------

2017-02-28 17:54:28 trace :
------------
Array:
tousername : gh_6536061e4435 ;
fromusername : oKwkYw22rCbBSaALxIaH8w23nsLQ ;
createtime : 1488275668 ;
msgtype : event ;
event : VIEW ;
eventkey : http://kh39.61why.com/app/index.php?i=2&c=entry&eid=198 ;
menuid : 410600728 ;
from : oKwkYw22rCbBSaALxIaH8w23nsLQ ;
to : gh_6536061e4435 ;
time : 1488275668 ;
type : event ;

2017-02-28 17:54:28 params :
------------
Array:
rule : -2 ;
module :  ;
message : Array ;

2017-02-28 17:54:28 response :
------------

2017-02-28 17:54:45 trace :
------------
Array:
tousername : gh_6536061e4435 ;
fromusername : oKwkYw3l0eGz3H7e62pX1IDFxwCY ;
createtime : 1488275685 ;
msgtype : event ;
event : VIEW ;
eventkey : http://kh39.61why.com/app/index.php?i=2&c=entry&eid=194 ;
menuid : 410600728 ;
from : oKwkYw3l0eGz3H7e62pX1IDFxwCY ;
to : gh_6536061e4435 ;
time : 1488275685 ;
type : event ;

2017-02-28 17:54:45 params :
------------
Array:
rule : -2 ;
module :  ;
message : Array ;

2017-02-28 17:54:45 response :
------------

2017-02-28 17:55:22 trace :
------------
Array:
tousername : gh_6536061e4435 ;
fromusername : oKwkYwwYq4EhByxPFosA0Iv5zEok ;
createtime : 1488275722 ;
msgtype : event ;
event : VIEW ;
eventkey : http://kh39.61why.com/app/index.php?i=2&c=entry&eid=198 ;
menuid : 410600728 ;
from : oKwkYwwYq4EhByxPFosA0Iv5zEok ;
to : gh_6536061e4435 ;
time : 1488275722 ;
type : event ;

2017-02-28 17:55:22 params :
------------
Array:
rule : -2 ;
module :  ;
message : Array ;

2017-02-28 17:55:22 response :
------------

2017-02-28 17:59:55 trace :
------------
Array:
tousername : gh_6536061e4435 ;
fromusername : oKwkYw3l0eGz3H7e62pX1IDFxwCY ;
createtime : 1488275995 ;
msgtype : event ;
event : VIEW ;
eventkey : http://kh39.61why.com/app/index.php?i=2&c=entry&eid=198 ;
menuid : 410600728 ;
from : oKwkYw3l0eGz3H7e62pX1IDFxwCY ;
to : gh_6536061e4435 ;
time : 1488275995 ;
type : event ;

2017-02-28 17:59:55 params :
------------
Array:
rule : -2 ;
module :  ;
message : Array ;

2017-02-28 17:59:55 response :
------------

2017-02-28 18:37:59 trace :
------------
Array:
tousername : gh_6536061e4435 ;
fromusername : oKwkYw-oueSDcnhZWi8VurxnJzsg ;
createtime : 1488278279 ;
msgtype : event ;
event : VIEW ;
eventkey : http://kh39.61why.com/app/index.php?i=2&c=entry&eid=198 ;
menuid : 410600728 ;
from : oKwkYw-oueSDcnhZWi8VurxnJzsg ;
to : gh_6536061e4435 ;
time : 1488278279 ;
type : event ;

2017-02-28 18:37:59 params :
------------
Array:
rule : -2 ;
module :  ;
message : Array ;

2017-02-28 18:37:59 response :
------------

2017-02-28 18:38:01 trace :
------------
Array:
tousername : gh_6536061e4435 ;
fromusername : oKwkYw-oueSDcnhZWi8VurxnJzsg ;
createtime : 1488278280 ;
msgtype : event ;
event : VIEW ;
eventkey : http://kh39.61why.com/app/index.php?i=2&c=entry&eid=194 ;
menuid : 410600728 ;
from : oKwkYw-oueSDcnhZWi8VurxnJzsg ;
to : gh_6536061e4435 ;
time : 1488278280 ;
type : event ;

2017-02-28 18:38:01 params :
------------
Array:
rule : -2 ;
module :  ;
message : Array ;

2017-02-28 18:38:01 response :
------------

2017-02-28 19:14:13 trace :
------------
Array:
tousername : gh_6536061e4435 ;
fromusername : oKwkYw9A27iCE2wbx5IXncAJ21Sw ;
createtime : 1488280453 ;
msgtype : event ;
event : VIEW ;
eventkey : http://kh39.61why.com/app/index.php?i=2&c=entry&eid=198 ;
menuid : 410600728 ;
from : oKwkYw9A27iCE2wbx5IXncAJ21Sw ;
to : gh_6536061e4435 ;
time : 1488280453 ;
type : event ;

2017-02-28 19:14:13 params :
------------
Array:
rule : -2 ;
module :  ;
message : Array ;

2017-02-28 19:14:13 response :
------------

2017-02-28 19:15:27 trace :
------------
Array:
tousername : gh_6536061e4435 ;
fromusername : oKwkYw9A27iCE2wbx5IXncAJ21Sw ;
createtime : 1488280527 ;
msgtype : event ;
event : VIEW ;
eventkey : http://kh39.61why.com/app/index.php?i=2&c=entry&eid=198 ;
menuid : 410600728 ;
from : oKwkYw9A27iCE2wbx5IXncAJ21Sw ;
to : gh_6536061e4435 ;
time : 1488280527 ;
type : event ;

2017-02-28 19:15:27 params :
------------
Array:
rule : -2 ;
module :  ;
message : Array ;

2017-02-28 19:15:27 response :
------------

2017-02-28 19:16:21 trace :
------------
Array:
tousername : gh_6536061e4435 ;
fromusername : oKwkYw9A27iCE2wbx5IXncAJ21Sw ;
createtime : 1488280581 ;
msgtype : event ;
event : VIEW ;
eventkey : http://kh39.61why.com/app/index.php?i=2&c=entry&eid=194 ;
menuid : 410600728 ;
from : oKwkYw9A27iCE2wbx5IXncAJ21Sw ;
to : gh_6536061e4435 ;
time : 1488280581 ;
type : event ;

2017-02-28 19:16:21 params :
------------
Array:
rule : -2 ;
module :  ;
message : Array ;

2017-02-28 19:16:21 response :
------------

2017-02-28 19:16:51 trace :
------------
Array:
tousername : gh_6536061e4435 ;
fromusername : oKwkYw9A27iCE2wbx5IXncAJ21Sw ;
createtime : 1488280611 ;
msgtype : event ;
event : VIEW ;
eventkey : http://kh39.61why.com/app/index.php?i=2&c=entry&eid=198 ;
menuid : 410600728 ;
from : oKwkYw9A27iCE2wbx5IXncAJ21Sw ;
to : gh_6536061e4435 ;
time : 1488280611 ;
type : event ;

2017-02-28 19:16:51 params :
------------
Array:
rule : -2 ;
module :  ;
message : Array ;

2017-02-28 19:16:51 response :
------------

2017-02-28 19:17:19 trace :
------------
Array:
tousername : gh_6536061e4435 ;
fromusername : oKwkYw9A27iCE2wbx5IXncAJ21Sw ;
createtime : 1488280639 ;
msgtype : event ;
event : VIEW ;
eventkey : http://kh39.61why.com/app/index.php?i=2&c=entry&eid=198 ;
menuid : 410600728 ;
from : oKwkYw9A27iCE2wbx5IXncAJ21Sw ;
to : gh_6536061e4435 ;
time : 1488280639 ;
type : event ;

2017-02-28 19:17:19 params :
------------
Array:
rule : -2 ;
module :  ;
message : Array ;

2017-02-28 19:17:19 response :
------------

2017-02-28 19:18:34 trace :
------------
Array:
tousername : gh_6536061e4435 ;
fromusername : oKwkYw9A27iCE2wbx5IXncAJ21Sw ;
createtime : 1488280714 ;
msgtype : event ;
event : VIEW ;
eventkey : http://kh39.61why.com/app/index.php?i=2&c=entry&eid=198 ;
menuid : 410600728 ;
from : oKwkYw9A27iCE2wbx5IXncAJ21Sw ;
to : gh_6536061e4435 ;
time : 1488280714 ;
type : event ;

2017-02-28 19:18:34 params :
------------
Array:
rule : -2 ;
module :  ;
message : Array ;

2017-02-28 19:18:34 response :
------------

2017-02-28 20:57:33 trace :
------------
Array:
tousername : gh_6536061e4435 ;
fromusername : oKwkYwz_FtGom2eSyG1qwUGFxNiA ;
createtime : 1488286653 ;
msgtype : event ;
event : VIEW ;
eventkey : http://kh39.61why.com/app/index.php?i=2&c=entry&eid=198 ;
menuid : 410600728 ;
from : oKwkYwz_FtGom2eSyG1qwUGFxNiA ;
to : gh_6536061e4435 ;
time : 1488286653 ;
type : event ;

2017-02-28 20:57:33 params :
------------
Array:
rule : -2 ;
module :  ;
message : Array ;

2017-02-28 20:57:33 response :
------------

2017-02-28 21:06:25 trace :
------------
Array:
tousername : gh_6536061e4435 ;
fromusername : oKwkYw5S8zWw6zCS6dGdWuuV95fM ;
createtime : 1488287185 ;
msgtype : event ;
event : VIEW ;
eventkey : http://kh39.61why.com/app/index.php?i=2&c=entry&eid=198 ;
menuid : 410600728 ;
from : oKwkYw5S8zWw6zCS6dGdWuuV95fM ;
to : gh_6536061e4435 ;
time : 1488287185 ;
type : event ;

2017-02-28 21:06:25 params :
------------
Array:
rule : -2 ;
module :  ;
message : Array ;

2017-02-28 21:06:25 response :
------------

2017-02-28 21:45:44 trace :
------------
Array:
tousername : gh_6536061e4435 ;
fromusername : oKwkYwywEpFgDWbwv_V6u_yoYYIo ;
createtime : 1488289544 ;
msgtype : event ;
event : VIEW ;
eventkey : http://kh39.61why.com/app/index.php?i=2&c=entry&eid=194 ;
menuid : 410600728 ;
from : oKwkYwywEpFgDWbwv_V6u_yoYYIo ;
to : gh_6536061e4435 ;
time : 1488289544 ;
type : event ;

2017-02-28 21:45:44 params :
------------
Array:
rule : -2 ;
module :  ;
message : Array ;

2017-02-28 21:45:44 response :
------------

2017-02-28 22:20:37 trace :
------------
Array:
tousername : gh_6536061e4435 ;
fromusername : oKwkYw0c2JLrzUkQm7DRdNf9V8Zs ;
createtime : 1488291637 ;
msgtype : event ;
event : VIEW ;
eventkey : http://kh39.61why.com/app/index.php?i=2&c=entry&eid=194 ;
menuid : 410600728 ;
from : oKwkYw0c2JLrzUkQm7DRdNf9V8Zs ;
to : gh_6536061e4435 ;
time : 1488291637 ;
type : event ;

2017-02-28 22:20:37 params :
------------
Array:
rule : -2 ;
module :  ;
message : Array ;

2017-02-28 22:20:37 response :
------------

2017-02-28 22:22:04 trace :
------------
Array:
tousername : gh_6536061e4435 ;
fromusername : oKwkYw0c2JLrzUkQm7DRdNf9V8Zs ;
createtime : 1488291724 ;
msgtype : event ;
event : CLICK ;
eventkey : 二维码 ;
from : oKwkYw0c2JLrzUkQm7DRdNf9V8Zs ;
to : gh_6536061e4435 ;
time : 1488291724 ;
type : event ;

2017-02-28 22:22:16 trace :
------------
Array:
tousername : gh_6536061e4435 ;
fromusername : oKwkYw0c2JLrzUkQm7DRdNf9V8Zs ;
createtime : 1488291736 ;
msgtype : event ;
event : VIEW ;
eventkey : http://kh39.61why.com/app/index.php?i=2&c=entry&eid=194 ;
menuid : 410600728 ;
from : oKwkYw0c2JLrzUkQm7DRdNf9V8Zs ;
to : gh_6536061e4435 ;
time : 1488291736 ;
type : event ;

2017-02-28 22:22:16 params :
------------
Array:
rule : -2 ;
module :  ;
message : Array ;

2017-02-28 22:22:16 response :
------------

2017-02-28 22:29:25 trace :
------------
Array:
tousername : gh_6536061e4435 ;
fromusername : oKwkYw4lWuPliVJrOcFElu1_-pjo ;
createtime : 1488292164 ;
msgtype : event ;
event : VIEW ;
eventkey : http://kh39.61why.com/app/index.php?i=2&c=entry&eid=198 ;
menuid : 410600728 ;
from : oKwkYw4lWuPliVJrOcFElu1_-pjo ;
to : gh_6536061e4435 ;
time : 1488292164 ;
type : event ;

2017-02-28 22:29:25 params :
------------
Array:
rule : -2 ;
module :  ;
message : Array ;

2017-02-28 22:29:25 response :
------------

2017-02-28 22:40:27 trace :
------------
Array:
tousername : gh_6536061e4435 ;
fromusername : oKwkYw0D7snKw9WJkTr_EzwW-SF0 ;
createtime : 1488292827 ;
msgtype : event ;
event : VIEW ;
eventkey : http://kh39.61why.com/app/index.php?i=2&c=entry&eid=198 ;
menuid : 410600728 ;
from : oKwkYw0D7snKw9WJkTr_EzwW-SF0 ;
to : gh_6536061e4435 ;
time : 1488292827 ;
type : event ;

2017-02-28 22:40:27 params :
------------
Array:
rule : -2 ;
module :  ;
message : Array ;

2017-02-28 22:40:27 response :
------------

2017-02-28 22:40:42 trace :
------------
Array:
tousername : gh_6536061e4435 ;
fromusername : oKwkYw0D7snKw9WJkTr_EzwW-SF0 ;
createtime : 1488292842 ;
msgtype : event ;
event : VIEW ;
eventkey : http://kh39.61why.com/app/index.php?i=2&c=entry&eid=198 ;
menuid : 410600728 ;
from : oKwkYw0D7snKw9WJkTr_EzwW-SF0 ;
to : gh_6536061e4435 ;
time : 1488292842 ;
type : event ;

2017-02-28 22:40:42 params :
------------
Array:
rule : -2 ;
module :  ;
message : Array ;

2017-02-28 22:40:42 response :
------------

2017-02-28 22:40:55 trace :
------------
Array:
tousername : gh_6536061e4435 ;
fromusername : oKwkYw0D7snKw9WJkTr_EzwW-SF0 ;
createtime : 1488292855 ;
msgtype : event ;
event : VIEW ;
eventkey : http://kh39.61why.com/app/index.php?i=2&c=entry&eid=198 ;
menuid : 410600728 ;
from : oKwkYw0D7snKw9WJkTr_EzwW-SF0 ;
to : gh_6536061e4435 ;
time : 1488292855 ;
type : event ;

2017-02-28 22:40:55 params :
------------
Array:
rule : -2 ;
module :  ;
message : Array ;

2017-02-28 22:40:55 response :
------------

2017-02-28 22:41:27 trace :
------------
Array:
tousername : gh_6536061e4435 ;
fromusername : oKwkYw0D7snKw9WJkTr_EzwW-SF0 ;
createtime : 1488292887 ;
msgtype : event ;
event : VIEW ;
eventkey : http://kh39.61why.com/app/index.php?i=2&c=entry&eid=198 ;
menuid : 410600728 ;
from : oKwkYw0D7snKw9WJkTr_EzwW-SF0 ;
to : gh_6536061e4435 ;
time : 1488292887 ;
type : event ;

2017-02-28 22:41:27 params :
------------
Array:
rule : -2 ;
module :  ;
message : Array ;

2017-02-28 22:41:27 response :
------------

2017-02-28 22:41:58 trace :
------------
Array:
tousername : gh_6536061e4435 ;
fromusername : oKwkYw0D7snKw9WJkTr_EzwW-SF0 ;
createtime : 1488292918 ;
msgtype : event ;
event : VIEW ;
eventkey : http://kh39.61why.com/app/index.php?i=2&c=entry&eid=198 ;
menuid : 410600728 ;
from : oKwkYw0D7snKw9WJkTr_EzwW-SF0 ;
to : gh_6536061e4435 ;
time : 1488292918 ;
type : event ;

2017-02-28 22:41:58 params :
------------
Array:
rule : -2 ;
module :  ;
message : Array ;

2017-02-28 22:41:58 response :
------------

2017-02-28 22:42:08 trace :
------------
Array:
tousername : gh_6536061e4435 ;
fromusername : oKwkYw0D7snKw9WJkTr_EzwW-SF0 ;
createtime : 1488292928 ;
msgtype : event ;
event : VIEW ;
eventkey : http://kh39.61why.com/app/index.php?i=2&c=entry&eid=198 ;
menuid : 410600728 ;
from : oKwkYw0D7snKw9WJkTr_EzwW-SF0 ;
to : gh_6536061e4435 ;
time : 1488292928 ;
type : event ;

2017-02-28 22:42:08 params :
------------
Array:
rule : -2 ;
module :  ;
message : Array ;

2017-02-28 22:42:08 response :
------------

2017-02-28 22:47:51 trace :
------------
Array:
tousername : gh_6536061e4435 ;
fromusername : oKwkYw0D7snKw9WJkTr_EzwW-SF0 ;
createtime : 1488293271 ;
msgtype : event ;
event : VIEW ;
eventkey : http://kh39.61why.com/app/index.php?i=2&c=entry&eid=198 ;
menuid : 410600728 ;
from : oKwkYw0D7snKw9WJkTr_EzwW-SF0 ;
to : gh_6536061e4435 ;
time : 1488293271 ;
type : event ;

2017-02-28 22:47:51 params :
------------
Array:
rule : -2 ;
module :  ;
message : Array ;

2017-02-28 22:47:51 response :
------------

2017-02-28 22:55:21 trace :
------------
Array:
tousername : gh_6536061e4435 ;
fromusername : oKwkYwywEpFgDWbwv_V6u_yoYYIo ;
createtime : 1488293721 ;
msgtype : event ;
event : VIEW ;
eventkey : http://kh39.61why.com/app/index.php?i=2&c=entry&eid=194 ;
menuid : 410600728 ;
from : oKwkYwywEpFgDWbwv_V6u_yoYYIo ;
to : gh_6536061e4435 ;
time : 1488293721 ;
type : event ;

2017-02-28 22:55:21 params :
------------
Array:
rule : -2 ;
module :  ;
message : Array ;

2017-02-28 22:55:21 response :
------------

2017-02-28 23:05:40 trace :
------------
Array:
tousername : gh_6536061e4435 ;
fromusername : oKwkYwywEpFgDWbwv_V6u_yoYYIo ;
createtime : 1488294340 ;
msgtype : event ;
event : VIEW ;
eventkey : http://kh39.61why.com/app/index.php?i=2&c=entry&eid=194 ;
menuid : 410600728 ;
from : oKwkYwywEpFgDWbwv_V6u_yoYYIo ;
to : gh_6536061e4435 ;
time : 1488294340 ;
type : event ;

2017-02-28 23:05:40 params :
------------
Array:
rule : -2 ;
module :  ;
message : Array ;

2017-02-28 23:05:40 response :
------------

2017-02-28 23:21:06 trace :
------------
Array:
tousername : gh_6536061e4435 ;
fromusername : oKwkYw0D7snKw9WJkTr_EzwW-SF0 ;
createtime : 1488295266 ;
msgtype : event ;
event : VIEW ;
eventkey : http://kh39.61why.com/app/index.php?i=2&c=entry&eid=198 ;
menuid : 410600728 ;
from : oKwkYw0D7snKw9WJkTr_EzwW-SF0 ;
to : gh_6536061e4435 ;
time : 1488295266 ;
type : event ;

2017-02-28 23:21:06 params :
------------
Array:
rule : -2 ;
module :  ;
message : Array ;

2017-02-28 23:21:06 response :
------------

2017-02-28 23:21:52 trace :
------------
Array:
tousername : gh_6536061e4435 ;
fromusername : oKwkYw0D7snKw9WJkTr_EzwW-SF0 ;
createtime : 1488295312 ;
msgtype : event ;
event : VIEW ;
eventkey : http://kh39.61why.com/app/index.php?i=2&c=entry&eid=198 ;
menuid : 410600728 ;
from : oKwkYw0D7snKw9WJkTr_EzwW-SF0 ;
to : gh_6536061e4435 ;
time : 1488295312 ;
type : event ;

2017-02-28 23:21:52 params :
------------
Array:
rule : -2 ;
module :  ;
message : Array ;

2017-02-28 23:21:52 response :
------------

2017-02-28 23:22:03 trace :
------------
Array:
tousername : gh_6536061e4435 ;
fromusername : oKwkYw0D7snKw9WJkTr_EzwW-SF0 ;
createtime : 1488295323 ;
msgtype : event ;
event : VIEW ;
eventkey : http://kh39.61why.com/app/index.php?i=2&c=entry&eid=198 ;
menuid : 410600728 ;
from : oKwkYw0D7snKw9WJkTr_EzwW-SF0 ;
to : gh_6536061e4435 ;
time : 1488295323 ;
type : event ;

2017-02-28 23:22:03 params :
------------
Array:
rule : -2 ;
module :  ;
message : Array ;

2017-02-28 23:22:03 response :
------------

