2017-01-12 00:52:21 trace :
------------
Array:
tousername : gh_6536061e4435 ;
fromusername : oKwkYw9A27iCE2wbx5IXncAJ21Sw ;
createtime : 1484153541 ;
msgtype : event ;
event : VIEW ;
eventkey : http://kh39.61why.com/app/index.php?i=2&c=entry&eid=194 ;
menuid : 410600728 ;
from : oKwkYw9A27iCE2wbx5IXncAJ21Sw ;
to : gh_6536061e4435 ;
time : 1484153541 ;
type : event ;

2017-01-12 00:52:21 params :
------------
Array:
rule : -2 ;
module :  ;
message : Array ;

2017-01-12 00:52:21 response :
------------

2017-01-12 01:22:15 trace :
------------
Array:
tousername : gh_6536061e4435 ;
fromusername : oKwkYwz-EdiTNDOskwLL-1oDBYVs ;
createtime : 1484155335 ;
msgtype : event ;
event : VIEW ;
eventkey : http://kh39.61why.com/app/index.php?i=2&c=entry&eid=198 ;
menuid : 410600728 ;
from : oKwkYwz-EdiTNDOskwLL-1oDBYVs ;
to : gh_6536061e4435 ;
time : 1484155335 ;
type : event ;

2017-01-12 01:22:15 params :
------------
Array:
rule : -2 ;
module :  ;
message : Array ;

2017-01-12 01:22:15 response :
------------

2017-01-12 03:16:57 trace :
------------
Array:
tousername : gh_6536061e4435 ;
fromusername : oKwkYw4GCEbpC-zcToEX65-KcXI4 ;
createtime : 1484162217 ;
msgtype : event ;
event : VIEW ;
eventkey : http://kh39.61why.com/app/index.php?i=2&c=entry&eid=198 ;
menuid : 410600728 ;
from : oKwkYw4GCEbpC-zcToEX65-KcXI4 ;
to : gh_6536061e4435 ;
time : 1484162217 ;
type : event ;

2017-01-12 03:16:57 params :
------------
Array:
rule : -2 ;
module :  ;
message : Array ;

2017-01-12 03:16:57 response :
------------

2017-01-12 08:38:04 trace :
------------
Array:
tousername : gh_6536061e4435 ;
fromusername : oKwkYw5aHcyjux9ql6D7O9WEBmx4 ;
createtime : 1484181484 ;
msgtype : event ;
event : VIEW ;
eventkey : http://kh39.61why.com/app/index.php?i=2&c=entry&eid=198 ;
menuid : 410600728 ;
from : oKwkYw5aHcyjux9ql6D7O9WEBmx4 ;
to : gh_6536061e4435 ;
time : 1484181484 ;
type : event ;

2017-01-12 08:38:04 params :
------------
Array:
rule : -2 ;
module :  ;
message : Array ;

2017-01-12 08:38:04 response :
------------

2017-01-12 08:53:18 trace :
------------
Array:
tousername : gh_6536061e4435 ;
fromusername : oKwkYw8e33SsKCgQqmRH91AsxTTA ;
createtime : 1484182398 ;
msgtype : event ;
event : VIEW ;
eventkey : http://kh39.61why.com/app/index.php?i=2&c=entry&eid=198 ;
menuid : 410600728 ;
from : oKwkYw8e33SsKCgQqmRH91AsxTTA ;
to : gh_6536061e4435 ;
time : 1484182398 ;
type : event ;

2017-01-12 08:53:18 params :
------------
Array:
rule : -2 ;
module :  ;
message : Array ;

2017-01-12 08:53:18 response :
------------

2017-01-12 09:17:09 trace :
------------
Array:
tousername : gh_6536061e4435 ;
fromusername : oKwkYw8e33SsKCgQqmRH91AsxTTA ;
createtime : 1484183829 ;
msgtype : event ;
event : VIEW ;
eventkey : http://kh39.61why.com/app/index.php?i=2&c=entry&eid=198 ;
menuid : 410600728 ;
from : oKwkYw8e33SsKCgQqmRH91AsxTTA ;
to : gh_6536061e4435 ;
time : 1484183829 ;
type : event ;

2017-01-12 09:17:09 params :
------------
Array:
rule : -2 ;
module :  ;
message : Array ;

2017-01-12 09:17:09 response :
------------

2017-01-12 09:18:01 trace :
------------
Array:
tousername : gh_6536061e4435 ;
fromusername : oKwkYw22rCbBSaALxIaH8w23nsLQ ;
createtime : 1484183881 ;
msgtype : event ;
event : VIEW ;
eventkey : http://kh39.61why.com/app/index.php?i=2&c=entry&eid=198 ;
menuid : 410600728 ;
from : oKwkYw22rCbBSaALxIaH8w23nsLQ ;
to : gh_6536061e4435 ;
time : 1484183881 ;
type : event ;

2017-01-12 09:18:01 params :
------------
Array:
rule : -2 ;
module :  ;
message : Array ;

2017-01-12 09:18:01 response :
------------

2017-01-12 09:19:18 trace :
------------
Array:
tousername : gh_6536061e4435 ;
fromusername : oKwkYw7Bkin9Cejh8Z-6PzFdyV4E ;
createtime : 1484183958 ;
msgtype : event ;
event : VIEW ;
eventkey : http://kh39.61why.com/app/index.php?i=2&c=entry&eid=198 ;
menuid : 410600728 ;
from : oKwkYw7Bkin9Cejh8Z-6PzFdyV4E ;
to : gh_6536061e4435 ;
time : 1484183958 ;
type : event ;

2017-01-12 09:19:18 params :
------------
Array:
rule : -2 ;
module :  ;
message : Array ;

2017-01-12 09:19:18 response :
------------

2017-01-12 09:19:55 trace :
------------
Array:
tousername : gh_6536061e4435 ;
fromusername : oKwkYw-Mhk63_Z5csr6ny2U1Tjjk ;
createtime : 1484183995 ;
msgtype : event ;
event : VIEW ;
eventkey : http://kh39.61why.com/app/index.php?i=2&c=entry&eid=198 ;
menuid : 410600728 ;
from : oKwkYw-Mhk63_Z5csr6ny2U1Tjjk ;
to : gh_6536061e4435 ;
time : 1484183995 ;
type : event ;

2017-01-12 09:19:55 params :
------------
Array:
rule : -2 ;
module :  ;
message : Array ;

2017-01-12 09:19:55 response :
------------

2017-01-12 09:26:51 trace :
------------
Array:
tousername : gh_6536061e4435 ;
fromusername : oKwkYw5Hv5-mrEGrZ572fv2JrB_s ;
createtime : 1484184411 ;
msgtype : event ;
event : VIEW ;
eventkey : http://kh39.61why.com/app/index.php?i=2&c=entry&eid=194 ;
menuid : 410600728 ;
from : oKwkYw5Hv5-mrEGrZ572fv2JrB_s ;
to : gh_6536061e4435 ;
time : 1484184411 ;
type : event ;

2017-01-12 09:26:51 params :
------------
Array:
rule : -2 ;
module :  ;
message : Array ;

2017-01-12 09:26:51 response :
------------

2017-01-12 09:27:45 trace :
------------
Array:
tousername : gh_6536061e4435 ;
fromusername : oKwkYw7K9xHIr91Csk-qENfcagnM ;
createtime : 1484184465 ;
msgtype : event ;
event : VIEW ;
eventkey : http://kh39.61why.com/app/index.php?i=2&c=entry&eid=194 ;
menuid : 410600728 ;
from : oKwkYw7K9xHIr91Csk-qENfcagnM ;
to : gh_6536061e4435 ;
time : 1484184465 ;
type : event ;

2017-01-12 09:27:45 params :
------------
Array:
rule : -2 ;
module :  ;
message : Array ;

2017-01-12 09:27:45 response :
------------

2017-01-12 09:35:00 trace :
------------
Array:
tousername : gh_6536061e4435 ;
fromusername : oKwkYw_imcO7cqrgletDysQnULwk ;
createtime : 1484184900 ;
msgtype : event ;
event : VIEW ;
eventkey : http://kh39.61why.com/app/index.php?i=2&c=entry&eid=198 ;
menuid : 410600728 ;
from : oKwkYw_imcO7cqrgletDysQnULwk ;
to : gh_6536061e4435 ;
time : 1484184900 ;
type : event ;

2017-01-12 09:35:00 params :
------------
Array:
rule : -2 ;
module :  ;
message : Array ;

2017-01-12 09:35:00 response :
------------

2017-01-12 09:35:30 trace :
------------
Array:
tousername : gh_6536061e4435 ;
fromusername : oKwkYw_imcO7cqrgletDysQnULwk ;
createtime : 1484184930 ;
msgtype : event ;
event : VIEW ;
eventkey : http://kh39.61why.com/app/index.php?i=2&c=entry&eid=194 ;
menuid : 410600728 ;
from : oKwkYw_imcO7cqrgletDysQnULwk ;
to : gh_6536061e4435 ;
time : 1484184930 ;
type : event ;

2017-01-12 09:35:30 params :
------------
Array:
rule : -2 ;
module :  ;
message : Array ;

2017-01-12 09:35:30 response :
------------

2017-01-12 10:13:24 trace :
------------
Array:
tousername : gh_6536061e4435 ;
fromusername : oKwkYw22rCbBSaALxIaH8w23nsLQ ;
createtime : 1484187204 ;
msgtype : event ;
event : VIEW ;
eventkey : http://kh39.61why.com/app/index.php?i=2&c=entry&eid=198 ;
menuid : 410600728 ;
from : oKwkYw22rCbBSaALxIaH8w23nsLQ ;
to : gh_6536061e4435 ;
time : 1484187204 ;
type : event ;

2017-01-12 10:13:24 params :
------------
Array:
rule : -2 ;
module :  ;
message : Array ;

2017-01-12 10:13:24 response :
------------

2017-01-12 10:29:42 trace :
------------
Array:
tousername : gh_6536061e4435 ;
fromusername : oKwkYw22rCbBSaALxIaH8w23nsLQ ;
createtime : 1484188182 ;
msgtype : event ;
event : VIEW ;
eventkey : http://kh39.61why.com/app/index.php?i=2&c=entry&eid=198 ;
menuid : 410600728 ;
from : oKwkYw22rCbBSaALxIaH8w23nsLQ ;
to : gh_6536061e4435 ;
time : 1484188182 ;
type : event ;

2017-01-12 10:29:42 params :
------------
Array:
rule : -2 ;
module :  ;
message : Array ;

2017-01-12 10:29:42 response :
------------

2017-01-12 10:30:49 trace :
------------
Array:
tousername : gh_6536061e4435 ;
fromusername : oKwkYw-Mhk63_Z5csr6ny2U1Tjjk ;
createtime : 1484188249 ;
msgtype : event ;
event : VIEW ;
eventkey : http://kh39.61why.com/app/index.php?i=2&c=entry&eid=198 ;
menuid : 410600728 ;
from : oKwkYw-Mhk63_Z5csr6ny2U1Tjjk ;
to : gh_6536061e4435 ;
time : 1484188249 ;
type : event ;

2017-01-12 10:30:49 params :
------------
Array:
rule : -2 ;
module :  ;
message : Array ;

2017-01-12 10:30:49 response :
------------

2017-01-12 10:45:15 trace :
------------
Array:
tousername : gh_6536061e4435 ;
fromusername : oKwkYw5Hv5-mrEGrZ572fv2JrB_s ;
createtime : 1484189115 ;
msgtype : event ;
event : VIEW ;
eventkey : http://kh39.61why.com/app/index.php?i=2&c=entry&eid=194 ;
menuid : 410600728 ;
from : oKwkYw5Hv5-mrEGrZ572fv2JrB_s ;
to : gh_6536061e4435 ;
time : 1484189115 ;
type : event ;

2017-01-12 10:45:15 params :
------------
Array:
rule : -2 ;
module :  ;
message : Array ;

2017-01-12 10:45:15 response :
------------

2017-01-12 10:45:32 trace :
------------
Array:
tousername : gh_6536061e4435 ;
fromusername : oKwkYw22rCbBSaALxIaH8w23nsLQ ;
createtime : 1484189132 ;
msgtype : event ;
event : VIEW ;
eventkey : http://kh39.61why.com/app/index.php?i=2&c=entry&eid=194 ;
menuid : 410600728 ;
from : oKwkYw22rCbBSaALxIaH8w23nsLQ ;
to : gh_6536061e4435 ;
time : 1484189132 ;
type : event ;

2017-01-12 10:45:32 params :
------------
Array:
rule : -2 ;
module :  ;
message : Array ;

2017-01-12 10:45:32 response :
------------

2017-01-12 11:07:07 trace :
------------
Array:
tousername : gh_6536061e4435 ;
fromusername : oKwkYw5Hv5-mrEGrZ572fv2JrB_s ;
createtime : 1484190427 ;
msgtype : event ;
event : VIEW ;
eventkey : http://kh39.61why.com/app/index.php?i=2&c=entry&eid=194 ;
menuid : 410600728 ;
from : oKwkYw5Hv5-mrEGrZ572fv2JrB_s ;
to : gh_6536061e4435 ;
time : 1484190427 ;
type : event ;

2017-01-12 11:07:07 params :
------------
Array:
rule : -2 ;
module :  ;
message : Array ;

2017-01-12 11:07:07 response :
------------

2017-01-12 11:30:22 trace :
------------
Array:
tousername : gh_6536061e4435 ;
fromusername : oKwkYw5hiet9aIoMvpfdt0UcJyzc ;
createtime : 1484191822 ;
msgtype : event ;
event : VIEW ;
eventkey : http://kh39.61why.com/app/index.php?i=2&c=entry&eid=198 ;
menuid : 410600728 ;
from : oKwkYw5hiet9aIoMvpfdt0UcJyzc ;
to : gh_6536061e4435 ;
time : 1484191822 ;
type : event ;

2017-01-12 11:30:22 params :
------------
Array:
rule : -2 ;
module :  ;
message : Array ;

2017-01-12 11:30:22 response :
------------

2017-01-12 11:44:03 trace :
------------
Array:
tousername : gh_0ad70057b777 ;
fromusername : o26ibjsrSJzYjD-yXvhf2mf0Ttf8 ;
createtime : 1484192643 ;
msgtype : event ;
event : VIEW ;
eventkey : http://kh39.61why.com/app/index.php?i=2&c=entry&eid=198 ;
menuid : 411738532 ;
from : o26ibjsrSJzYjD-yXvhf2mf0Ttf8 ;
to : gh_0ad70057b777 ;
time : 1484192643 ;
type : event ;

2017-01-12 11:44:03 params :
------------
Array:
rule : -2 ;
module :  ;
message : Array ;

2017-01-12 11:44:03 response :
------------

2017-01-12 12:45:54 trace :
------------
Array:
tousername : gh_6536061e4435 ;
fromusername : oKwkYwywEpFgDWbwv_V6u_yoYYIo ;
createtime : 1484196354 ;
msgtype : event ;
event : VIEW ;
eventkey : http://kh39.61why.com/app/index.php?i=2&c=entry&eid=198 ;
menuid : 410600728 ;
from : oKwkYwywEpFgDWbwv_V6u_yoYYIo ;
to : gh_6536061e4435 ;
time : 1484196354 ;
type : event ;

2017-01-12 12:45:54 params :
------------
Array:
rule : -2 ;
module :  ;
message : Array ;

2017-01-12 12:45:54 response :
------------

2017-01-12 12:46:38 trace :
------------
Array:
tousername : gh_6536061e4435 ;
fromusername : oKwkYwywEpFgDWbwv_V6u_yoYYIo ;
createtime : 1484196398 ;
msgtype : event ;
event : VIEW ;
eventkey : http://kh39.61why.com/app/index.php?i=2&c=entry&eid=198 ;
menuid : 410600728 ;
from : oKwkYwywEpFgDWbwv_V6u_yoYYIo ;
to : gh_6536061e4435 ;
time : 1484196398 ;
type : event ;

2017-01-12 12:46:38 params :
------------
Array:
rule : -2 ;
module :  ;
message : Array ;

2017-01-12 12:46:38 response :
------------

2017-01-12 12:53:27 trace :
------------
Array:
tousername : gh_6536061e4435 ;
fromusername : oKwkYw7K9xHIr91Csk-qENfcagnM ;
createtime : 1484196807 ;
msgtype : event ;
event : VIEW ;
eventkey : http://kh39.61why.com/app/index.php?i=2&c=entry&eid=198 ;
menuid : 410600728 ;
from : oKwkYw7K9xHIr91Csk-qENfcagnM ;
to : gh_6536061e4435 ;
time : 1484196807 ;
type : event ;

2017-01-12 12:53:27 params :
------------
Array:
rule : -2 ;
module :  ;
message : Array ;

2017-01-12 12:53:27 response :
------------

2017-01-12 13:02:17 trace :
------------
Array:
tousername : gh_6536061e4435 ;
fromusername : oKwkYw8e33SsKCgQqmRH91AsxTTA ;
createtime : 1484197337 ;
msgtype : event ;
event : VIEW ;
eventkey : http://kh39.61why.com/app/index.php?i=2&c=entry&eid=198 ;
menuid : 410600728 ;
from : oKwkYw8e33SsKCgQqmRH91AsxTTA ;
to : gh_6536061e4435 ;
time : 1484197337 ;
type : event ;

2017-01-12 13:02:17 params :
------------
Array:
rule : -2 ;
module :  ;
message : Array ;

2017-01-12 13:02:17 response :
------------

2017-01-12 15:16:54 trace :
------------
Array:
tousername : gh_6536061e4435 ;
fromusername : oKwkYw22rCbBSaALxIaH8w23nsLQ ;
createtime : 1484205414 ;
msgtype : event ;
event : VIEW ;
eventkey : http://kh39.61why.com/app/index.php?i=2&c=entry&eid=194 ;
menuid : 410600728 ;
from : oKwkYw22rCbBSaALxIaH8w23nsLQ ;
to : gh_6536061e4435 ;
time : 1484205414 ;
type : event ;

2017-01-12 15:16:54 params :
------------
Array:
rule : -2 ;
module :  ;
message : Array ;

2017-01-12 15:16:54 response :
------------

2017-01-12 16:01:10 trace :
------------
Array:
tousername : gh_6536061e4435 ;
fromusername : oKwkYw8e33SsKCgQqmRH91AsxTTA ;
createtime : 1484208070 ;
msgtype : event ;
event : VIEW ;
eventkey : http://kh39.61why.com/app/index.php?i=2&c=entry&eid=198 ;
menuid : 410600728 ;
from : oKwkYw8e33SsKCgQqmRH91AsxTTA ;
to : gh_6536061e4435 ;
time : 1484208070 ;
type : event ;

2017-01-12 16:01:10 params :
------------
Array:
rule : -2 ;
module :  ;
message : Array ;

2017-01-12 16:01:10 response :
------------

2017-01-12 16:09:29 trace :
------------
Array:
tousername : gh_6536061e4435 ;
fromusername : oKwkYw5Hv5-mrEGrZ572fv2JrB_s ;
createtime : 1484208569 ;
msgtype : event ;
event : VIEW ;
eventkey : http://kh39.61why.com/app/index.php?i=2&c=entry&eid=194 ;
menuid : 410600728 ;
from : oKwkYw5Hv5-mrEGrZ572fv2JrB_s ;
to : gh_6536061e4435 ;
time : 1484208569 ;
type : event ;

2017-01-12 16:09:29 params :
------------
Array:
rule : -2 ;
module :  ;
message : Array ;

2017-01-12 16:09:29 response :
------------

2017-01-12 16:23:47 trace :
------------
Array:
tousername : gh_6536061e4435 ;
fromusername : oKwkYw5BUqV4u-pA7OEU6E23j7Pw ;
createtime : 1484209427 ;
msgtype : event ;
event : subscribe ;
eventkey : qrscene_bf2999ff1cf78e4032c2f4a6c0a1a843 ;
ticket : gQG_8TwAAAAAAAAAAS5odHRwOi8vd2VpeGluLnFxLmNvbS9xLzAyTTdHczEwSDljbzMxMDAwME0wN0oAAgTvnHRYAwQAAAAA ;
from : oKwkYw5BUqV4u-pA7OEU6E23j7Pw ;
to : gh_6536061e4435 ;
time : 1484209427 ;
type : subscribe ;
scene : bf2999ff1cf78e4032c2f4a6c0a1a843 ;

2017-01-12 16:23:52 trace :
------------
Array:
tousername : gh_6536061e4435 ;
fromusername : oKwkYw5BUqV4u-pA7OEU6E23j7Pw ;
createtime : 1484209432 ;
msgtype : event ;
event : VIEW ;
eventkey : http://kh39.61why.com/app/index.php?i=2&c=entry&eid=194 ;
menuid : 410600728 ;
from : oKwkYw5BUqV4u-pA7OEU6E23j7Pw ;
to : gh_6536061e4435 ;
time : 1484209432 ;
type : event ;

2017-01-12 16:23:52 params :
------------
Array:
rule : -2 ;
module :  ;
message : Array ;

2017-01-12 16:23:52 response :
------------

2017-01-12 16:24:57 trace :
------------
Array:
tousername : gh_6536061e4435 ;
fromusername : oKwkYw22rCbBSaALxIaH8w23nsLQ ;
createtime : 1484209497 ;
msgtype : event ;
event : VIEW ;
eventkey : http://kh39.61why.com/app/index.php?i=2&c=entry&eid=194 ;
menuid : 410600728 ;
from : oKwkYw22rCbBSaALxIaH8w23nsLQ ;
to : gh_6536061e4435 ;
time : 1484209497 ;
type : event ;

2017-01-12 16:24:57 params :
------------
Array:
rule : -2 ;
module :  ;
message : Array ;

2017-01-12 16:24:57 response :
------------

2017-01-12 16:41:43 trace :
------------
Array:
tousername : gh_6536061e4435 ;
fromusername : oKwkYw7Bkin9Cejh8Z-6PzFdyV4E ;
createtime : 1484210503 ;
msgtype : event ;
event : VIEW ;
eventkey : http://kh39.61why.com/app/index.php?i=2&c=entry&eid=198 ;
menuid : 410600728 ;
from : oKwkYw7Bkin9Cejh8Z-6PzFdyV4E ;
to : gh_6536061e4435 ;
time : 1484210503 ;
type : event ;

2017-01-12 16:41:43 params :
------------
Array:
rule : -2 ;
module :  ;
message : Array ;

2017-01-12 16:41:43 response :
------------

2017-01-12 16:41:46 trace :
------------
Array:
tousername : gh_6536061e4435 ;
fromusername : oKwkYw7Bkin9Cejh8Z-6PzFdyV4E ;
createtime : 1484210506 ;
msgtype : event ;
event : VIEW ;
eventkey : http://kh39.61why.com/app/index.php?i=2&c=entry&eid=194 ;
menuid : 410600728 ;
from : oKwkYw7Bkin9Cejh8Z-6PzFdyV4E ;
to : gh_6536061e4435 ;
time : 1484210506 ;
type : event ;

2017-01-12 16:41:46 params :
------------
Array:
rule : -2 ;
module :  ;
message : Array ;

2017-01-12 16:41:46 response :
------------

2017-01-12 17:13:24 trace :
------------
Array:
tousername : gh_6536061e4435 ;
fromusername : oKwkYw5S8zWw6zCS6dGdWuuV95fM ;
createtime : 1484212404 ;
msgtype : event ;
event : VIEW ;
eventkey : http://kh39.61why.com/app/index.php?i=2&c=entry&eid=198 ;
menuid : 410600728 ;
from : oKwkYw5S8zWw6zCS6dGdWuuV95fM ;
to : gh_6536061e4435 ;
time : 1484212404 ;
type : event ;

2017-01-12 17:13:24 params :
------------
Array:
rule : -2 ;
module :  ;
message : Array ;

2017-01-12 17:13:24 response :
------------

2017-01-12 17:16:19 trace :
------------
Array:
tousername : gh_6536061e4435 ;
fromusername : oKwkYw5Hv5-mrEGrZ572fv2JrB_s ;
createtime : 1484212579 ;
msgtype : event ;
event : VIEW ;
eventkey : http://kh39.61why.com/app/index.php?i=2&c=entry&eid=198 ;
menuid : 410600728 ;
from : oKwkYw5Hv5-mrEGrZ572fv2JrB_s ;
to : gh_6536061e4435 ;
time : 1484212579 ;
type : event ;

2017-01-12 17:16:19 params :
------------
Array:
rule : -2 ;
module :  ;
message : Array ;

2017-01-12 17:16:19 response :
------------

2017-01-12 17:19:30 trace :
------------
Array:
tousername : gh_6536061e4435 ;
fromusername : oKwkYw7Bkin9Cejh8Z-6PzFdyV4E ;
createtime : 1484212770 ;
msgtype : event ;
event : VIEW ;
eventkey : http://kh39.61why.com/app/index.php?i=2&c=entry&eid=198 ;
menuid : 410600728 ;
from : oKwkYw7Bkin9Cejh8Z-6PzFdyV4E ;
to : gh_6536061e4435 ;
time : 1484212770 ;
type : event ;

2017-01-12 17:19:30 params :
------------
Array:
rule : -2 ;
module :  ;
message : Array ;

2017-01-12 17:19:30 response :
------------

2017-01-12 17:20:45 trace :
------------
Array:
tousername : gh_6536061e4435 ;
fromusername : oKwkYw5S8zWw6zCS6dGdWuuV95fM ;
createtime : 1484212845 ;
msgtype : event ;
event : VIEW ;
eventkey : http://kh39.61why.com/app/index.php?i=2&c=entry&eid=198 ;
menuid : 410600728 ;
from : oKwkYw5S8zWw6zCS6dGdWuuV95fM ;
to : gh_6536061e4435 ;
time : 1484212845 ;
type : event ;

2017-01-12 17:20:45 params :
------------
Array:
rule : -2 ;
module :  ;
message : Array ;

2017-01-12 17:20:45 response :
------------

2017-01-12 17:21:26 trace :
------------
Array:
tousername : gh_6536061e4435 ;
fromusername : oKwkYw5S8zWw6zCS6dGdWuuV95fM ;
createtime : 1484212886 ;
msgtype : event ;
event : VIEW ;
eventkey : http://kh39.61why.com/app/index.php?i=2&c=entry&eid=198 ;
menuid : 410600728 ;
from : oKwkYw5S8zWw6zCS6dGdWuuV95fM ;
to : gh_6536061e4435 ;
time : 1484212886 ;
type : event ;

2017-01-12 17:21:26 params :
------------
Array:
rule : -2 ;
module :  ;
message : Array ;

2017-01-12 17:21:26 response :
------------

2017-01-12 17:21:37 trace :
------------
Array:
tousername : gh_6536061e4435 ;
fromusername : oKwkYw5S8zWw6zCS6dGdWuuV95fM ;
createtime : 1484212897 ;
msgtype : event ;
event : VIEW ;
eventkey : http://kh39.61why.com/app/index.php?i=2&c=entry&eid=198 ;
menuid : 410600728 ;
from : oKwkYw5S8zWw6zCS6dGdWuuV95fM ;
to : gh_6536061e4435 ;
time : 1484212897 ;
type : event ;

2017-01-12 17:21:37 params :
------------
Array:
rule : -2 ;
module :  ;
message : Array ;

2017-01-12 17:21:37 response :
------------

2017-01-12 17:52:12 trace :
------------
Array:
tousername : gh_6536061e4435 ;
fromusername : oKwkYw5S8zWw6zCS6dGdWuuV95fM ;
createtime : 1484214732 ;
msgtype : event ;
event : VIEW ;
eventkey : http://kh39.61why.com/app/index.php?i=2&c=entry&eid=198 ;
menuid : 410600728 ;
from : oKwkYw5S8zWw6zCS6dGdWuuV95fM ;
to : gh_6536061e4435 ;
time : 1484214732 ;
type : event ;

2017-01-12 17:52:12 params :
------------
Array:
rule : -2 ;
module :  ;
message : Array ;

2017-01-12 17:52:12 response :
------------

2017-01-12 17:54:07 trace :
------------
Array:
tousername : gh_6536061e4435 ;
fromusername : oKwkYw5Hv5-mrEGrZ572fv2JrB_s ;
createtime : 1484214847 ;
msgtype : event ;
event : VIEW ;
eventkey : http://kh39.61why.com/app/index.php?i=2&c=entry&eid=194 ;
menuid : 410600728 ;
from : oKwkYw5Hv5-mrEGrZ572fv2JrB_s ;
to : gh_6536061e4435 ;
time : 1484214847 ;
type : event ;

2017-01-12 17:54:07 params :
------------
Array:
rule : -2 ;
module :  ;
message : Array ;

2017-01-12 17:54:07 response :
------------

2017-01-12 17:58:29 trace :
------------
Array:
tousername : gh_6536061e4435 ;
fromusername : oKwkYw5hiet9aIoMvpfdt0UcJyzc ;
createtime : 1484215109 ;
msgtype : event ;
event : VIEW ;
eventkey : http://kh39.61why.com/app/index.php?i=2&c=entry&eid=198 ;
menuid : 410600728 ;
from : oKwkYw5hiet9aIoMvpfdt0UcJyzc ;
to : gh_6536061e4435 ;
time : 1484215109 ;
type : event ;

2017-01-12 17:58:29 params :
------------
Array:
rule : -2 ;
module :  ;
message : Array ;

2017-01-12 17:58:29 response :
------------

2017-01-12 18:05:33 trace :
------------
Array:
tousername : gh_6536061e4435 ;
fromusername : oKwkYw5hiet9aIoMvpfdt0UcJyzc ;
createtime : 1484215533 ;
msgtype : event ;
event : VIEW ;
eventkey : http://kh39.61why.com/app/index.php?i=2&c=entry&eid=198 ;
menuid : 410600728 ;
from : oKwkYw5hiet9aIoMvpfdt0UcJyzc ;
to : gh_6536061e4435 ;
time : 1484215533 ;
type : event ;

2017-01-12 18:05:33 params :
------------
Array:
rule : -2 ;
module :  ;
message : Array ;

2017-01-12 18:05:33 response :
------------

2017-01-12 18:53:55 trace :
------------
Array:
tousername : gh_6536061e4435 ;
fromusername : oKwkYw_imcO7cqrgletDysQnULwk ;
createtime : 1484218435 ;
msgtype : event ;
event : VIEW ;
eventkey : http://kh39.61why.com/app/index.php?i=2&c=entry&eid=198 ;
menuid : 410600728 ;
from : oKwkYw_imcO7cqrgletDysQnULwk ;
to : gh_6536061e4435 ;
time : 1484218435 ;
type : event ;

2017-01-12 18:53:55 params :
------------
Array:
rule : -2 ;
module :  ;
message : Array ;

2017-01-12 18:53:55 response :
------------

2017-01-12 19:29:57 trace :
------------
Array:
tousername : gh_6536061e4435 ;
fromusername : oKwkYw0D7snKw9WJkTr_EzwW-SF0 ;
createtime : 1484220597 ;
msgtype : event ;
event : VIEW ;
eventkey : http://kh39.61why.com/app/index.php?i=2&c=entry&eid=194 ;
menuid : 410600728 ;
from : oKwkYw0D7snKw9WJkTr_EzwW-SF0 ;
to : gh_6536061e4435 ;
time : 1484220597 ;
type : event ;

2017-01-12 19:29:57 params :
------------
Array:
rule : -2 ;
module :  ;
message : Array ;

2017-01-12 19:29:57 response :
------------

2017-01-12 19:31:19 trace :
------------
Array:
tousername : gh_6536061e4435 ;
fromusername : oKwkYw0D7snKw9WJkTr_EzwW-SF0 ;
createtime : 1484220679 ;
msgtype : event ;
event : VIEW ;
eventkey : http://kh39.61why.com/app/index.php?i=2&c=entry&eid=194 ;
menuid : 410600728 ;
from : oKwkYw0D7snKw9WJkTr_EzwW-SF0 ;
to : gh_6536061e4435 ;
time : 1484220679 ;
type : event ;

2017-01-12 19:31:19 params :
------------
Array:
rule : -2 ;
module :  ;
message : Array ;

2017-01-12 19:31:19 response :
------------

2017-01-12 20:14:47 trace :
------------
Array:
tousername : gh_6536061e4435 ;
fromusername : oKwkYw5hiet9aIoMvpfdt0UcJyzc ;
createtime : 1484223287 ;
msgtype : event ;
event : VIEW ;
eventkey : http://kh39.61why.com/app/index.php?i=2&c=entry&eid=198 ;
menuid : 410600728 ;
from : oKwkYw5hiet9aIoMvpfdt0UcJyzc ;
to : gh_6536061e4435 ;
time : 1484223287 ;
type : event ;

2017-01-12 20:14:47 params :
------------
Array:
rule : -2 ;
module :  ;
message : Array ;

2017-01-12 20:14:47 response :
------------

2017-01-12 20:18:49 trace :
------------
Array:
tousername : gh_6536061e4435 ;
fromusername : oKwkYw5hiet9aIoMvpfdt0UcJyzc ;
createtime : 1484223529 ;
msgtype : event ;
event : VIEW ;
eventkey : http://kh39.61why.com/app/index.php?i=2&c=entry&eid=194 ;
menuid : 410600728 ;
from : oKwkYw5hiet9aIoMvpfdt0UcJyzc ;
to : gh_6536061e4435 ;
time : 1484223529 ;
type : event ;

2017-01-12 20:18:49 params :
------------
Array:
rule : -2 ;
module :  ;
message : Array ;

2017-01-12 20:18:49 response :
------------

2017-01-12 21:12:21 trace :
------------
Array:
tousername : gh_6536061e4435 ;
fromusername : oKwkYw5hiet9aIoMvpfdt0UcJyzc ;
createtime : 1484226741 ;
msgtype : event ;
event : VIEW ;
eventkey : http://kh39.61why.com/app/index.php?i=2&c=entry&eid=194 ;
menuid : 410600728 ;
from : oKwkYw5hiet9aIoMvpfdt0UcJyzc ;
to : gh_6536061e4435 ;
time : 1484226741 ;
type : event ;

2017-01-12 21:12:21 params :
------------
Array:
rule : -2 ;
module :  ;
message : Array ;

2017-01-12 21:12:21 response :
------------

2017-01-12 21:24:02 trace :
------------
Array:
tousername : gh_6536061e4435 ;
fromusername : oKwkYw9A27iCE2wbx5IXncAJ21Sw ;
createtime : 1484227442 ;
msgtype : event ;
event : VIEW ;
eventkey : http://kh39.61why.com/app/index.php?i=2&c=entry&eid=194 ;
menuid : 410600728 ;
from : oKwkYw9A27iCE2wbx5IXncAJ21Sw ;
to : gh_6536061e4435 ;
time : 1484227442 ;
type : event ;

2017-01-12 21:24:02 params :
------------
Array:
rule : -2 ;
module :  ;
message : Array ;

2017-01-12 21:24:02 response :
------------

2017-01-12 21:48:53 trace :
------------
Array:
tousername : gh_6536061e4435 ;
fromusername : oKwkYw22rCbBSaALxIaH8w23nsLQ ;
createtime : 1484228933 ;
msgtype : event ;
event : VIEW ;
eventkey : http://kh39.61why.com/app/index.php?i=2&c=entry&eid=194 ;
menuid : 410600728 ;
from : oKwkYw22rCbBSaALxIaH8w23nsLQ ;
to : gh_6536061e4435 ;
time : 1484228933 ;
type : event ;

2017-01-12 21:48:53 params :
------------
Array:
rule : -2 ;
module :  ;
message : Array ;

2017-01-12 21:48:53 response :
------------

2017-01-12 21:52:40 trace :
------------
Array:
tousername : gh_6536061e4435 ;
fromusername : oKwkYw-oueSDcnhZWi8VurxnJzsg ;
createtime : 1484229160 ;
msgtype : event ;
event : VIEW ;
eventkey : http://kh39.61why.com/app/index.php?i=2&c=entry&eid=194 ;
menuid : 410600728 ;
from : oKwkYw-oueSDcnhZWi8VurxnJzsg ;
to : gh_6536061e4435 ;
time : 1484229160 ;
type : event ;

2017-01-12 21:52:40 params :
------------
Array:
rule : -2 ;
module :  ;
message : Array ;

2017-01-12 21:52:40 response :
------------

2017-01-12 21:53:00 trace :
------------
Array:
tousername : gh_6536061e4435 ;
fromusername : oKwkYw-oueSDcnhZWi8VurxnJzsg ;
createtime : 1484229180 ;
msgtype : event ;
event : VIEW ;
eventkey : http://kh39.61why.com/app/index.php?i=2&c=entry&eid=194 ;
menuid : 410600728 ;
from : oKwkYw-oueSDcnhZWi8VurxnJzsg ;
to : gh_6536061e4435 ;
time : 1484229180 ;
type : event ;

2017-01-12 21:53:00 params :
------------
Array:
rule : -2 ;
module :  ;
message : Array ;

2017-01-12 21:53:00 response :
------------

2017-01-12 22:32:21 trace :
------------
Array:
tousername : gh_6536061e4435 ;
fromusername : oKwkYw7K9xHIr91Csk-qENfcagnM ;
createtime : 1484231541 ;
msgtype : event ;
event : VIEW ;
eventkey : http://kh39.61why.com/app/index.php?i=2&c=entry&eid=194 ;
menuid : 410600728 ;
from : oKwkYw7K9xHIr91Csk-qENfcagnM ;
to : gh_6536061e4435 ;
time : 1484231541 ;
type : event ;

2017-01-12 22:32:21 params :
------------
Array:
rule : -2 ;
module :  ;
message : Array ;

2017-01-12 22:32:21 response :
------------

2017-01-12 22:33:29 trace :
------------
Array:
tousername : gh_6536061e4435 ;
fromusername : oKwkYw7K9xHIr91Csk-qENfcagnM ;
createtime : 1484231609 ;
msgtype : event ;
event : VIEW ;
eventkey : http://kh39.61why.com/app/index.php?i=2&c=entry&eid=194 ;
menuid : 410600728 ;
from : oKwkYw7K9xHIr91Csk-qENfcagnM ;
to : gh_6536061e4435 ;
time : 1484231609 ;
type : event ;

2017-01-12 22:33:29 params :
------------
Array:
rule : -2 ;
module :  ;
message : Array ;

2017-01-12 22:33:29 response :
------------

2017-01-12 22:34:17 trace :
------------
Array:
tousername : gh_6536061e4435 ;
fromusername : oKwkYw7K9xHIr91Csk-qENfcagnM ;
createtime : 1484231657 ;
msgtype : event ;
event : VIEW ;
eventkey : http://kh39.61why.com/app/index.php?i=2&c=entry&eid=194 ;
menuid : 410600728 ;
from : oKwkYw7K9xHIr91Csk-qENfcagnM ;
to : gh_6536061e4435 ;
time : 1484231657 ;
type : event ;

2017-01-12 22:34:17 params :
------------
Array:
rule : -2 ;
module :  ;
message : Array ;

2017-01-12 22:34:17 response :
------------

2017-01-12 22:37:30 trace :
------------
Array:
tousername : gh_6536061e4435 ;
fromusername : oKwkYw7K9xHIr91Csk-qENfcagnM ;
createtime : 1484231850 ;
msgtype : event ;
event : VIEW ;
eventkey : http://kh39.61why.com/app/index.php?i=2&c=entry&eid=194 ;
menuid : 410600728 ;
from : oKwkYw7K9xHIr91Csk-qENfcagnM ;
to : gh_6536061e4435 ;
time : 1484231850 ;
type : event ;

2017-01-12 22:37:30 params :
------------
Array:
rule : -2 ;
module :  ;
message : Array ;

2017-01-12 22:37:30 response :
------------

2017-01-12 22:38:50 trace :
------------
Array:
tousername : gh_6536061e4435 ;
fromusername : oKwkYw7K9xHIr91Csk-qENfcagnM ;
createtime : 1484231930 ;
msgtype : event ;
event : VIEW ;
eventkey : http://kh39.61why.com/app/index.php?i=2&c=entry&eid=194 ;
menuid : 410600728 ;
from : oKwkYw7K9xHIr91Csk-qENfcagnM ;
to : gh_6536061e4435 ;
time : 1484231930 ;
type : event ;

2017-01-12 22:38:50 params :
------------
Array:
rule : -2 ;
module :  ;
message : Array ;

2017-01-12 22:38:50 response :
------------

2017-01-12 22:39:44 trace :
------------
Array:
tousername : gh_6536061e4435 ;
fromusername : oKwkYwz_FtGom2eSyG1qwUGFxNiA ;
createtime : 1484231984 ;
msgtype : event ;
event : VIEW ;
eventkey : http://kh39.61why.com/app/index.php?i=2&c=entry&eid=198 ;
menuid : 410600728 ;
from : oKwkYwz_FtGom2eSyG1qwUGFxNiA ;
to : gh_6536061e4435 ;
time : 1484231984 ;
type : event ;

2017-01-12 22:39:44 params :
------------
Array:
rule : -2 ;
module :  ;
message : Array ;

2017-01-12 22:39:44 response :
------------

2017-01-12 22:47:00 trace :
------------
Array:
tousername : gh_6536061e4435 ;
fromusername : oKwkYwxRY3LoBZS7OreLoa6dWiNs ;
createtime : 1484232420 ;
msgtype : event ;
event : SCAN ;
eventkey : 00b75b629b0047609dd8822e8645fe38 ;
ticket : gQEm8TwAAAAAAAAAAS5odHRwOi8vd2VpeGluLnFxLmNvbS9xLzAyTTV3VjBuSDljbzMxMDAwMGcwN3QAAgSVAm5YAwQAAAAA ;
from : oKwkYwxRY3LoBZS7OreLoa6dWiNs ;
to : gh_6536061e4435 ;
time : 1484232420 ;
type : subscribe ;
scene : 00b75b629b0047609dd8822e8645fe38 ;

2017-01-12 22:49:04 trace :
------------
Array:
tousername : gh_6536061e4435 ;
fromusername : oKwkYw5Hv5-mrEGrZ572fv2JrB_s ;
createtime : 1484232544 ;
msgtype : event ;
event : SCAN ;
eventkey : 00b75b629b0047609dd8822e8645fe38 ;
ticket : gQEm8TwAAAAAAAAAAS5odHRwOi8vd2VpeGluLnFxLmNvbS9xLzAyTTV3VjBuSDljbzMxMDAwMGcwN3QAAgSVAm5YAwQAAAAA ;
from : oKwkYw5Hv5-mrEGrZ572fv2JrB_s ;
to : gh_6536061e4435 ;
time : 1484232544 ;
type : subscribe ;
scene : 00b75b629b0047609dd8822e8645fe38 ;

2017-01-12 23:24:49 trace :
------------
Array:
tousername : gh_6536061e4435 ;
fromusername : oKwkYw5Hv5-mrEGrZ572fv2JrB_s ;
createtime : 1484234689 ;
msgtype : event ;
event : VIEW ;
eventkey : http://kh39.61why.com/app/index.php?i=2&c=entry&eid=194 ;
menuid : 410600728 ;
from : oKwkYw5Hv5-mrEGrZ572fv2JrB_s ;
to : gh_6536061e4435 ;
time : 1484234689 ;
type : event ;

2017-01-12 23:24:49 params :
------------
Array:
rule : -2 ;
module :  ;
message : Array ;

2017-01-12 23:24:49 response :
------------

2017-01-12 23:25:40 trace :
------------
Array:
tousername : gh_6536061e4435 ;
fromusername : oKwkYw5Hv5-mrEGrZ572fv2JrB_s ;
createtime : 1484234740 ;
msgtype : event ;
event : VIEW ;
eventkey : http://kh39.61why.com/app/index.php?i=2&c=entry&eid=198 ;
menuid : 410600728 ;
from : oKwkYw5Hv5-mrEGrZ572fv2JrB_s ;
to : gh_6536061e4435 ;
time : 1484234740 ;
type : event ;

2017-01-12 23:25:40 params :
------------
Array:
rule : -2 ;
module :  ;
message : Array ;

2017-01-12 23:25:40 response :
------------

2017-01-12 23:44:47 trace :
------------
Array:
tousername : gh_6536061e4435 ;
fromusername : oKwkYw5Hv5-mrEGrZ572fv2JrB_s ;
createtime : 1484235887 ;
msgtype : event ;
event : VIEW ;
eventkey : http://kh39.61why.com/app/index.php?i=2&c=entry&eid=198 ;
menuid : 410600728 ;
from : oKwkYw5Hv5-mrEGrZ572fv2JrB_s ;
to : gh_6536061e4435 ;
time : 1484235887 ;
type : event ;

2017-01-12 23:44:47 params :
------------
Array:
rule : -2 ;
module :  ;
message : Array ;

2017-01-12 23:44:47 response :
------------

2017-01-12 23:58:51 trace :
------------
Array:
tousername : gh_6536061e4435 ;
fromusername : oKwkYw9A27iCE2wbx5IXncAJ21Sw ;
createtime : 1484236731 ;
msgtype : event ;
event : VIEW ;
eventkey : http://kh39.61why.com/app/index.php?i=2&c=entry&eid=198 ;
menuid : 410600728 ;
from : oKwkYw9A27iCE2wbx5IXncAJ21Sw ;
to : gh_6536061e4435 ;
time : 1484236731 ;
type : event ;

2017-01-12 23:58:51 params :
------------
Array:
rule : -2 ;
module :  ;
message : Array ;

2017-01-12 23:58:51 response :
------------

