2017-03-10 00:05:04 trace :
------------
Array:
tousername : gh_6536061e4435 ;
fromusername : oKwkYw0D7snKw9WJkTr_EzwW-SF0 ;
createtime : 1489075504 ;
msgtype : event ;
event : VIEW ;
eventkey : http://kh39.61why.com/app/index.php?i=2&c=entry&eid=198 ;
menuid : 410600728 ;
from : oKwkYw0D7snKw9WJkTr_EzwW-SF0 ;
to : gh_6536061e4435 ;
time : 1489075504 ;
type : event ;

2017-03-10 00:05:04 params :
------------
Array:
rule : -2 ;
module :  ;
message : Array ;

2017-03-10 00:05:04 response :
------------

2017-03-10 00:05:12 trace :
------------
Array:
tousername : gh_6536061e4435 ;
fromusername : oKwkYw0D7snKw9WJkTr_EzwW-SF0 ;
createtime : 1489075512 ;
msgtype : event ;
event : VIEW ;
eventkey : http://kh39.61why.com/app/index.php?i=2&c=entry&eid=198 ;
menuid : 410600728 ;
from : oKwkYw0D7snKw9WJkTr_EzwW-SF0 ;
to : gh_6536061e4435 ;
time : 1489075512 ;
type : event ;

2017-03-10 00:05:12 params :
------------
Array:
rule : -2 ;
module :  ;
message : Array ;

2017-03-10 00:05:12 response :
------------

2017-03-10 05:41:12 trace :
------------
Array:
tousername : gh_6536061e4435 ;
fromusername : oKwkYw0nRU801hVNH-rkZNYPZBgU ;
createtime : 1489095671 ;
msgtype : event ;
event : VIEW ;
eventkey : http://kh39.61why.com/app/index.php?i=2&c=entry&eid=194 ;
menuid : 410600728 ;
from : oKwkYw0nRU801hVNH-rkZNYPZBgU ;
to : gh_6536061e4435 ;
time : 1489095671 ;
type : event ;

2017-03-10 05:41:12 params :
------------
Array:
rule : -2 ;
module :  ;
message : Array ;

2017-03-10 05:41:12 response :
------------

2017-03-10 08:30:19 trace :
------------
Array:
tousername : gh_6536061e4435 ;
fromusername : oKwkYw5aHcyjux9ql6D7O9WEBmx4 ;
createtime : 1489105819 ;
msgtype : event ;
event : VIEW ;
eventkey : http://kh39.61why.com/app/index.php?i=2&c=entry&eid=198 ;
menuid : 410600728 ;
from : oKwkYw5aHcyjux9ql6D7O9WEBmx4 ;
to : gh_6536061e4435 ;
time : 1489105819 ;
type : event ;

2017-03-10 08:30:19 params :
------------
Array:
rule : -2 ;
module :  ;
message : Array ;

2017-03-10 08:30:19 response :
------------

2017-03-10 09:17:49 trace :
------------
Array:
tousername : gh_6536061e4435 ;
fromusername : oKwkYw5S8zWw6zCS6dGdWuuV95fM ;
createtime : 1489108669 ;
msgtype : event ;
event : VIEW ;
eventkey : http://kh39.61why.com/app/index.php?i=2&c=entry&eid=198 ;
menuid : 410600728 ;
from : oKwkYw5S8zWw6zCS6dGdWuuV95fM ;
to : gh_6536061e4435 ;
time : 1489108669 ;
type : event ;

2017-03-10 09:17:49 params :
------------
Array:
rule : -2 ;
module :  ;
message : Array ;

2017-03-10 09:17:49 response :
------------

2017-03-10 10:45:08 trace :
------------
Array:
tousername : gh_6536061e4435 ;
fromusername : oKwkYw5Hv5-mrEGrZ572fv2JrB_s ;
createtime : 1489113908 ;
msgtype : event ;
event : VIEW ;
eventkey : http://kh39.61why.com/app/index.php?i=2&c=entry&eid=194 ;
menuid : 410600728 ;
from : oKwkYw5Hv5-mrEGrZ572fv2JrB_s ;
to : gh_6536061e4435 ;
time : 1489113908 ;
type : event ;

2017-03-10 10:45:08 params :
------------
Array:
rule : -2 ;
module :  ;
message : Array ;

2017-03-10 10:45:08 response :
------------

2017-03-10 10:59:48 trace :
------------
Array:
tousername : gh_6536061e4435 ;
fromusername : oKwkYw5hiet9aIoMvpfdt0UcJyzc ;
createtime : 1489114788 ;
msgtype : event ;
event : VIEW ;
eventkey : http://kh39.61why.com/app/index.php?i=2&c=entry&eid=198 ;
menuid : 410600728 ;
from : oKwkYw5hiet9aIoMvpfdt0UcJyzc ;
to : gh_6536061e4435 ;
time : 1489114788 ;
type : event ;

2017-03-10 10:59:48 params :
------------
Array:
rule : -2 ;
module :  ;
message : Array ;

2017-03-10 10:59:48 response :
------------

2017-03-10 11:00:16 trace :
------------
Array:
tousername : gh_6536061e4435 ;
fromusername : oKwkYw5hiet9aIoMvpfdt0UcJyzc ;
createtime : 1489114816 ;
msgtype : event ;
event : VIEW ;
eventkey : http://kh39.61why.com/app/index.php?i=2&c=entry&eid=198 ;
menuid : 410600728 ;
from : oKwkYw5hiet9aIoMvpfdt0UcJyzc ;
to : gh_6536061e4435 ;
time : 1489114816 ;
type : event ;

2017-03-10 11:00:16 params :
------------
Array:
rule : -2 ;
module :  ;
message : Array ;

2017-03-10 11:00:16 response :
------------

2017-03-10 11:43:14 trace :
------------
Array:
tousername : gh_6536061e4435 ;
fromusername : oKwkYw_EA3VpOigDUNydKbSRsLyY ;
createtime : 1489117394 ;
msgtype : event ;
event : VIEW ;
eventkey : http://kh39.61why.com/app/index.php?i=2&c=entry&eid=194 ;
menuid : 410600728 ;
from : oKwkYw_EA3VpOigDUNydKbSRsLyY ;
to : gh_6536061e4435 ;
time : 1489117394 ;
type : event ;

2017-03-10 11:43:14 params :
------------
Array:
rule : -2 ;
module :  ;
message : Array ;

2017-03-10 11:43:14 response :
------------

2017-03-10 12:04:31 trace :
------------
Array:
tousername : gh_6536061e4435 ;
fromusername : oKwkYw3l0eGz3H7e62pX1IDFxwCY ;
createtime : 1489118671 ;
msgtype : event ;
event : VIEW ;
eventkey : http://kh39.61why.com/app/index.php?i=2&c=entry&eid=198 ;
menuid : 410600728 ;
from : oKwkYw3l0eGz3H7e62pX1IDFxwCY ;
to : gh_6536061e4435 ;
time : 1489118671 ;
type : event ;

2017-03-10 12:04:31 params :
------------
Array:
rule : -2 ;
module :  ;
message : Array ;

2017-03-10 12:04:31 response :
------------

2017-03-10 12:07:18 trace :
------------
Array:
tousername : gh_6536061e4435 ;
fromusername : oKwkYw0xRRwDK29pobW4DAl4fZu0 ;
createtime : 1489118838 ;
msgtype : event ;
event : VIEW ;
eventkey : http://kh39.61why.com/app/index.php?i=2&c=entry&eid=194 ;
menuid : 410600728 ;
from : oKwkYw0xRRwDK29pobW4DAl4fZu0 ;
to : gh_6536061e4435 ;
time : 1489118838 ;
type : event ;

2017-03-10 12:07:18 params :
------------
Array:
rule : -2 ;
module :  ;
message : Array ;

2017-03-10 12:07:18 response :
------------

2017-03-10 12:34:13 trace :
------------
Array:
tousername : gh_6536061e4435 ;
fromusername : oKwkYw_czhGJMhzRk-PvvkgFyKMI ;
createtime : 1489120453 ;
msgtype : event ;
event : VIEW ;
eventkey : http://kh39.61why.com/app/index.php?i=2&c=entry&eid=194 ;
menuid : 410600728 ;
from : oKwkYw_czhGJMhzRk-PvvkgFyKMI ;
to : gh_6536061e4435 ;
time : 1489120453 ;
type : event ;

2017-03-10 12:34:13 params :
------------
Array:
rule : -2 ;
module :  ;
message : Array ;

2017-03-10 12:34:13 response :
------------

2017-03-10 12:38:26 trace :
------------
Array:
tousername : gh_6536061e4435 ;
fromusername : oKwkYwyolZuGoXgz_4a6-ubUX5Vo ;
createtime : 1489120706 ;
msgtype : event ;
event : VIEW ;
eventkey : http://kh39.61why.com/app/index.php?i=2&c=entry&eid=194 ;
menuid : 410600728 ;
from : oKwkYwyolZuGoXgz_4a6-ubUX5Vo ;
to : gh_6536061e4435 ;
time : 1489120706 ;
type : event ;

2017-03-10 12:38:26 params :
------------
Array:
rule : -2 ;
module :  ;
message : Array ;

2017-03-10 12:38:26 response :
------------

2017-03-10 12:49:12 trace :
------------
Array:
tousername : gh_0ad70057b777 ;
fromusername : o26ibjsrSJzYjD-yXvhf2mf0Ttf8 ;
createtime : 1489121352 ;
msgtype : event ;
event : VIEW ;
eventkey : http://kh39.61why.com/app/index.php?i=2&c=entry&eid=198 ;
menuid : 411738532 ;
from : o26ibjsrSJzYjD-yXvhf2mf0Ttf8 ;
to : gh_0ad70057b777 ;
time : 1489121352 ;
type : event ;

2017-03-10 12:49:12 params :
------------
Array:
rule : -2 ;
module :  ;
message : Array ;

2017-03-10 12:49:12 response :
------------

2017-03-10 13:13:46 trace :
------------
Array:
tousername : gh_6536061e4435 ;
fromusername : oKwkYwyjERfw7XYg2QL9r-EmTJic ;
createtime : 1489122826 ;
msgtype : event ;
event : VIEW ;
eventkey : http://kh39.61why.com/app/index.php?i=2&c=entry&eid=198 ;
menuid : 410600728 ;
from : oKwkYwyjERfw7XYg2QL9r-EmTJic ;
to : gh_6536061e4435 ;
time : 1489122826 ;
type : event ;

2017-03-10 13:13:46 params :
------------
Array:
rule : -2 ;
module :  ;
message : Array ;

2017-03-10 13:13:46 response :
------------

2017-03-10 13:14:37 trace :
------------
Array:
tousername : gh_6536061e4435 ;
fromusername : oKwkYwyolZuGoXgz_4a6-ubUX5Vo ;
createtime : 1489122877 ;
msgtype : event ;
event : VIEW ;
eventkey : http://kh39.61why.com/app/index.php?i=2&c=entry&eid=194 ;
menuid : 410600728 ;
from : oKwkYwyolZuGoXgz_4a6-ubUX5Vo ;
to : gh_6536061e4435 ;
time : 1489122877 ;
type : event ;

2017-03-10 13:14:37 params :
------------
Array:
rule : -2 ;
module :  ;
message : Array ;

2017-03-10 13:14:37 response :
------------

2017-03-10 13:18:20 trace :
------------
Array:
tousername : gh_6536061e4435 ;
fromusername : oKwkYwyolZuGoXgz_4a6-ubUX5Vo ;
createtime : 1489123100 ;
msgtype : event ;
event : VIEW ;
eventkey : http://kh39.61why.com/app/index.php?i=2&c=entry&eid=194 ;
menuid : 410600728 ;
from : oKwkYwyolZuGoXgz_4a6-ubUX5Vo ;
to : gh_6536061e4435 ;
time : 1489123100 ;
type : event ;

2017-03-10 13:18:20 params :
------------
Array:
rule : -2 ;
module :  ;
message : Array ;

2017-03-10 13:18:20 response :
------------

2017-03-10 13:21:18 trace :
------------
Array:
tousername : gh_6536061e4435 ;
fromusername : oKwkYwyolZuGoXgz_4a6-ubUX5Vo ;
createtime : 1489123278 ;
msgtype : event ;
event : VIEW ;
eventkey : http://kh39.61why.com/app/index.php?i=2&c=entry&eid=194 ;
menuid : 410600728 ;
from : oKwkYwyolZuGoXgz_4a6-ubUX5Vo ;
to : gh_6536061e4435 ;
time : 1489123278 ;
type : event ;

2017-03-10 13:21:18 params :
------------
Array:
rule : -2 ;
module :  ;
message : Array ;

2017-03-10 13:21:18 response :
------------

2017-03-10 13:28:54 trace :
------------
Array:
tousername : gh_6536061e4435 ;
fromusername : oKwkYw_f0wZQyiIbTw_KkywnMaxQ ;
createtime : 1489123734 ;
msgtype : event ;
event : VIEW ;
eventkey : http://kh39.61why.com/app/index.php?i=2&c=entry&eid=194 ;
menuid : 410600728 ;
from : oKwkYw_f0wZQyiIbTw_KkywnMaxQ ;
to : gh_6536061e4435 ;
time : 1489123734 ;
type : event ;

2017-03-10 13:28:54 params :
------------
Array:
rule : -2 ;
module :  ;
message : Array ;

2017-03-10 13:28:54 response :
------------

2017-03-10 13:37:08 trace :
------------
Array:
tousername : gh_6536061e4435 ;
fromusername : oKwkYw8e33SsKCgQqmRH91AsxTTA ;
createtime : 1489124228 ;
msgtype : event ;
event : VIEW ;
eventkey : http://kh39.61why.com/app/index.php?i=2&c=entry&eid=198 ;
menuid : 410600728 ;
from : oKwkYw8e33SsKCgQqmRH91AsxTTA ;
to : gh_6536061e4435 ;
time : 1489124228 ;
type : event ;

2017-03-10 13:37:08 params :
------------
Array:
rule : -2 ;
module :  ;
message : Array ;

2017-03-10 13:37:08 response :
------------

2017-03-10 13:59:52 trace :
------------
Array:
tousername : gh_6536061e4435 ;
fromusername : oKwkYw_xZ14UQdvrJFuiI5E87n8w ;
createtime : 1489125592 ;
msgtype : event ;
event : VIEW ;
eventkey : http://kh39.61why.com/app/index.php?i=2&c=entry&eid=198 ;
menuid : 410600728 ;
from : oKwkYw_xZ14UQdvrJFuiI5E87n8w ;
to : gh_6536061e4435 ;
time : 1489125592 ;
type : event ;

2017-03-10 13:59:52 params :
------------
Array:
rule : -2 ;
module :  ;
message : Array ;

2017-03-10 13:59:52 response :
------------

2017-03-10 14:32:34 trace :
------------
Array:
tousername : gh_6536061e4435 ;
fromusername : oKwkYwyjERfw7XYg2QL9r-EmTJic ;
createtime : 1489127554 ;
msgtype : event ;
event : VIEW ;
eventkey : http://kh39.61why.com/app/index.php?i=2&c=entry&eid=198 ;
menuid : 410600728 ;
from : oKwkYwyjERfw7XYg2QL9r-EmTJic ;
to : gh_6536061e4435 ;
time : 1489127554 ;
type : event ;

2017-03-10 14:32:34 params :
------------
Array:
rule : -2 ;
module :  ;
message : Array ;

2017-03-10 14:32:34 response :
------------

2017-03-10 14:32:56 trace :
------------
Array:
tousername : gh_6536061e4435 ;
fromusername : oKwkYwyjERfw7XYg2QL9r-EmTJic ;
createtime : 1489127576 ;
msgtype : event ;
event : VIEW ;
eventkey : http://kh39.61why.com/app/index.php?i=2&c=entry&eid=198 ;
menuid : 410600728 ;
from : oKwkYwyjERfw7XYg2QL9r-EmTJic ;
to : gh_6536061e4435 ;
time : 1489127576 ;
type : event ;

2017-03-10 14:32:56 params :
------------
Array:
rule : -2 ;
module :  ;
message : Array ;

2017-03-10 14:32:56 response :
------------

2017-03-10 14:35:30 trace :
------------
Array:
tousername : gh_6536061e4435 ;
fromusername : oKwkYwyjERfw7XYg2QL9r-EmTJic ;
createtime : 1489127730 ;
msgtype : event ;
event : VIEW ;
eventkey : http://kh39.61why.com/app/index.php?i=2&c=entry&eid=198 ;
menuid : 410600728 ;
from : oKwkYwyjERfw7XYg2QL9r-EmTJic ;
to : gh_6536061e4435 ;
time : 1489127730 ;
type : event ;

2017-03-10 14:35:30 params :
------------
Array:
rule : -2 ;
module :  ;
message : Array ;

2017-03-10 14:35:30 response :
------------

2017-03-10 14:37:52 trace :
------------
Array:
tousername : gh_6536061e4435 ;
fromusername : oKwkYwyjERfw7XYg2QL9r-EmTJic ;
createtime : 1489127872 ;
msgtype : event ;
event : VIEW ;
eventkey : http://kh39.61why.com/app/index.php?i=2&c=entry&eid=198 ;
menuid : 410600728 ;
from : oKwkYwyjERfw7XYg2QL9r-EmTJic ;
to : gh_6536061e4435 ;
time : 1489127872 ;
type : event ;

2017-03-10 14:37:52 params :
------------
Array:
rule : -2 ;
module :  ;
message : Array ;

2017-03-10 14:37:52 response :
------------

2017-03-10 14:47:21 trace :
------------
Array:
tousername : gh_6536061e4435 ;
fromusername : oKwkYw3l0eGz3H7e62pX1IDFxwCY ;
createtime : 1489128441 ;
msgtype : event ;
event : VIEW ;
eventkey : http://kh39.61why.com/app/index.php?i=2&c=entry&eid=198 ;
menuid : 410600728 ;
from : oKwkYw3l0eGz3H7e62pX1IDFxwCY ;
to : gh_6536061e4435 ;
time : 1489128441 ;
type : event ;

2017-03-10 14:47:21 params :
------------
Array:
rule : -2 ;
module :  ;
message : Array ;

2017-03-10 14:47:21 response :
------------

2017-03-10 14:57:30 trace :
------------
Array:
tousername : gh_6536061e4435 ;
fromusername : oKwkYw9TL8RsvGfIZsxnYmZFL3rw ;
createtime : 1489129050 ;
msgtype : event ;
event : VIEW ;
eventkey : http://kh39.61why.com/app/index.php?i=2&c=entry&eid=194 ;
menuid : 410600728 ;
from : oKwkYw9TL8RsvGfIZsxnYmZFL3rw ;
to : gh_6536061e4435 ;
time : 1489129050 ;
type : event ;

2017-03-10 14:57:30 params :
------------
Array:
rule : -2 ;
module :  ;
message : Array ;

2017-03-10 14:57:30 response :
------------

2017-03-10 15:43:01 trace :
------------
Array:
tousername : gh_6536061e4435 ;
fromusername : oKwkYwxdGazpUQLKnjr_HrnPicQo ;
createtime : 1489131781 ;
msgtype : event ;
event : VIEW ;
eventkey : http://kh39.61why.com/app/index.php?i=2&c=entry&eid=198 ;
menuid : 410600728 ;
from : oKwkYwxdGazpUQLKnjr_HrnPicQo ;
to : gh_6536061e4435 ;
time : 1489131781 ;
type : event ;

2017-03-10 15:43:01 params :
------------
Array:
rule : -2 ;
module :  ;
message : Array ;

2017-03-10 15:43:01 response :
------------

2017-03-10 16:05:59 trace :
------------
Array:
tousername : gh_6536061e4435 ;
fromusername : oKwkYw9A27iCE2wbx5IXncAJ21Sw ;
createtime : 1489133159 ;
msgtype : event ;
event : VIEW ;
eventkey : http://kh39.61why.com/app/index.php?i=2&c=entry&eid=194 ;
menuid : 410600728 ;
from : oKwkYw9A27iCE2wbx5IXncAJ21Sw ;
to : gh_6536061e4435 ;
time : 1489133159 ;
type : event ;

2017-03-10 16:05:59 params :
------------
Array:
rule : -2 ;
module :  ;
message : Array ;

2017-03-10 16:05:59 response :
------------

2017-03-10 16:22:56 trace :
------------
Array:
tousername : gh_6536061e4435 ;
fromusername : oKwkYw_czhGJMhzRk-PvvkgFyKMI ;
createtime : 1489134176 ;
msgtype : event ;
event : CLICK ;
eventkey : 二维码 ;
from : oKwkYw_czhGJMhzRk-PvvkgFyKMI ;
to : gh_6536061e4435 ;
time : 1489134176 ;
type : event ;

2017-03-10 16:38:45 trace :
------------
Array:
tousername : gh_6536061e4435 ;
fromusername : oKwkYwwYq4EhByxPFosA0Iv5zEok ;
createtime : 1489135125 ;
msgtype : event ;
event : VIEW ;
eventkey : http://kh39.61why.com/app/index.php?i=2&c=entry&eid=194 ;
menuid : 410600728 ;
from : oKwkYwwYq4EhByxPFosA0Iv5zEok ;
to : gh_6536061e4435 ;
time : 1489135125 ;
type : event ;

2017-03-10 16:38:45 params :
------------
Array:
rule : -2 ;
module :  ;
message : Array ;

2017-03-10 16:38:45 response :
------------

2017-03-10 16:41:38 trace :
------------
Array:
tousername : gh_6536061e4435 ;
fromusername : oKwkYw1KQ5ff5BZ0dgvipwLgZRns ;
createtime : 1489135298 ;
msgtype : event ;
event : VIEW ;
eventkey : http://kh39.61why.com/app/index.php?i=2&c=entry&eid=198 ;
menuid : 410600728 ;
from : oKwkYw1KQ5ff5BZ0dgvipwLgZRns ;
to : gh_6536061e4435 ;
time : 1489135298 ;
type : event ;

2017-03-10 16:41:38 params :
------------
Array:
rule : -2 ;
module :  ;
message : Array ;

2017-03-10 16:41:38 response :
------------

2017-03-10 17:08:36 trace :
------------
Array:
tousername : gh_6536061e4435 ;
fromusername : oKwkYwz_FtGom2eSyG1qwUGFxNiA ;
createtime : 1489136916 ;
msgtype : event ;
event : VIEW ;
eventkey : http://kh39.61why.com/app/index.php?i=2&c=entry&eid=198 ;
menuid : 410600728 ;
from : oKwkYwz_FtGom2eSyG1qwUGFxNiA ;
to : gh_6536061e4435 ;
time : 1489136916 ;
type : event ;

2017-03-10 17:08:36 params :
------------
Array:
rule : -2 ;
module :  ;
message : Array ;

2017-03-10 17:08:36 response :
------------

2017-03-10 17:19:44 trace :
------------
Array:
tousername : gh_6536061e4435 ;
fromusername : oKwkYw3pyqAgBJicNKgUrIOgTaK4 ;
createtime : 1489137584 ;
msgtype : event ;
event : subscribe ;
eventkey : qrscene_6888f8ca40d291c066fdbe8f0f93788a ;
ticket : gQEv8TwAAAAAAAAAAS5odHRwOi8vd2VpeGluLnFxLmNvbS9xLzAyUUVQTzFDSDljbzMxMDAwME0wN3kAAgTQF25YAwQAAAAA ;
from : oKwkYw3pyqAgBJicNKgUrIOgTaK4 ;
to : gh_6536061e4435 ;
time : 1489137584 ;
type : subscribe ;
scene : 6888f8ca40d291c066fdbe8f0f93788a ;

2017-03-10 17:19:53 trace :
------------
Array:
tousername : gh_6536061e4435 ;
fromusername : oKwkYw3pyqAgBJicNKgUrIOgTaK4 ;
createtime : 1489137592 ;
msgtype : event ;
event : VIEW ;
eventkey : http://kh39.61why.com/app/index.php?i=2&c=entry&eid=194 ;
menuid : 410600728 ;
from : oKwkYw3pyqAgBJicNKgUrIOgTaK4 ;
to : gh_6536061e4435 ;
time : 1489137592 ;
type : event ;

2017-03-10 17:19:53 params :
------------
Array:
rule : -2 ;
module :  ;
message : Array ;

2017-03-10 17:19:53 response :
------------

2017-03-10 17:38:08 trace :
------------
Array:
tousername : gh_6536061e4435 ;
fromusername : oKwkYw22rCbBSaALxIaH8w23nsLQ ;
createtime : 1489138688 ;
msgtype : event ;
event : VIEW ;
eventkey : http://kh39.61why.com/app/index.php?i=2&c=entry&eid=198 ;
menuid : 410600728 ;
from : oKwkYw22rCbBSaALxIaH8w23nsLQ ;
to : gh_6536061e4435 ;
time : 1489138688 ;
type : event ;

2017-03-10 17:38:08 params :
------------
Array:
rule : -2 ;
module :  ;
message : Array ;

2017-03-10 17:38:08 response :
------------

2017-03-10 17:55:48 trace :
------------
Array:
tousername : gh_6536061e4435 ;
fromusername : oKwkYw_xZ14UQdvrJFuiI5E87n8w ;
createtime : 1489139748 ;
msgtype : event ;
event : VIEW ;
eventkey : http://kh39.61why.com/app/index.php?i=2&c=entry&eid=198 ;
menuid : 410600728 ;
from : oKwkYw_xZ14UQdvrJFuiI5E87n8w ;
to : gh_6536061e4435 ;
time : 1489139748 ;
type : event ;

2017-03-10 17:55:48 params :
------------
Array:
rule : -2 ;
module :  ;
message : Array ;

2017-03-10 17:55:48 response :
------------

2017-03-10 19:01:36 trace :
------------
Array:
tousername : gh_6536061e4435 ;
fromusername : oKwkYw22rCbBSaALxIaH8w23nsLQ ;
createtime : 1489143696 ;
msgtype : event ;
event : VIEW ;
eventkey : http://kh39.61why.com/app/index.php?i=2&c=entry&eid=198 ;
menuid : 410600728 ;
from : oKwkYw22rCbBSaALxIaH8w23nsLQ ;
to : gh_6536061e4435 ;
time : 1489143696 ;
type : event ;

2017-03-10 19:01:36 params :
------------
Array:
rule : -2 ;
module :  ;
message : Array ;

2017-03-10 19:01:36 response :
------------

2017-03-10 19:04:22 trace :
------------
Array:
tousername : gh_6536061e4435 ;
fromusername : oKwkYw22rCbBSaALxIaH8w23nsLQ ;
createtime : 1489143862 ;
msgtype : event ;
event : CLICK ;
eventkey : 二维码 ;
from : oKwkYw22rCbBSaALxIaH8w23nsLQ ;
to : gh_6536061e4435 ;
time : 1489143862 ;
type : event ;

2017-03-10 19:05:29 trace :
------------
Array:
tousername : gh_6536061e4435 ;
fromusername : oKwkYw03W1Pov3xT2Hvnj_ODN-Ug ;
createtime : 1489143929 ;
msgtype : event ;
event : VIEW ;
eventkey : http://kh39.61why.com/app/index.php?i=2&c=entry&eid=198 ;
menuid : 410600728 ;
from : oKwkYw03W1Pov3xT2Hvnj_ODN-Ug ;
to : gh_6536061e4435 ;
time : 1489143929 ;
type : event ;

2017-03-10 19:05:29 params :
------------
Array:
rule : -2 ;
module :  ;
message : Array ;

2017-03-10 19:05:29 response :
------------

2017-03-10 19:16:50 trace :
------------
Array:
tousername : gh_6536061e4435 ;
fromusername : oKwkYw0h6VxgZ9uOJHMl9V2-_zXY ;
createtime : 1489144610 ;
msgtype : event ;
event : VIEW ;
eventkey : http://kh39.61why.com/app/index.php?i=2&c=entry&eid=194 ;
menuid : 410600728 ;
from : oKwkYw0h6VxgZ9uOJHMl9V2-_zXY ;
to : gh_6536061e4435 ;
time : 1489144610 ;
type : event ;

2017-03-10 19:16:50 params :
------------
Array:
rule : -2 ;
module :  ;
message : Array ;

2017-03-10 19:16:50 response :
------------

2017-03-10 19:51:53 trace :
------------
Array:
tousername : gh_6536061e4435 ;
fromusername : oKwkYw22rCbBSaALxIaH8w23nsLQ ;
createtime : 1489146713 ;
msgtype : event ;
event : VIEW ;
eventkey : http://kh39.61why.com/app/index.php?i=2&c=entry&eid=198 ;
menuid : 410600728 ;
from : oKwkYw22rCbBSaALxIaH8w23nsLQ ;
to : gh_6536061e4435 ;
time : 1489146713 ;
type : event ;

2017-03-10 19:51:53 params :
------------
Array:
rule : -2 ;
module :  ;
message : Array ;

2017-03-10 19:51:53 response :
------------

2017-03-10 19:54:31 trace :
------------
Array:
tousername : gh_6536061e4435 ;
fromusername : oKwkYw0w4lZ5-dd0xtiGGCxzkcbA ;
createtime : 1489146871 ;
msgtype : event ;
event : VIEW ;
eventkey : http://kh39.61why.com/app/index.php?i=2&c=entry&eid=194 ;
menuid : 410600728 ;
from : oKwkYw0w4lZ5-dd0xtiGGCxzkcbA ;
to : gh_6536061e4435 ;
time : 1489146871 ;
type : event ;

2017-03-10 19:54:31 params :
------------
Array:
rule : -2 ;
module :  ;
message : Array ;

2017-03-10 19:54:31 response :
------------

2017-03-10 19:54:34 trace :
------------
Array:
tousername : gh_6536061e4435 ;
fromusername : oKwkYw0w4lZ5-dd0xtiGGCxzkcbA ;
createtime : 1489146874 ;
msgtype : event ;
event : VIEW ;
eventkey : http://kh39.61why.com/app/index.php?i=2&c=entry&eid=194 ;
menuid : 410600728 ;
from : oKwkYw0w4lZ5-dd0xtiGGCxzkcbA ;
to : gh_6536061e4435 ;
time : 1489146874 ;
type : event ;

2017-03-10 19:54:34 params :
------------
Array:
rule : -2 ;
module :  ;
message : Array ;

2017-03-10 19:54:34 response :
------------

2017-03-10 19:54:36 trace :
------------
Array:
tousername : gh_6536061e4435 ;
fromusername : oKwkYw0w4lZ5-dd0xtiGGCxzkcbA ;
createtime : 1489146876 ;
msgtype : event ;
event : VIEW ;
eventkey : http://kh39.61why.com/app/index.php?i=2&c=entry&eid=194 ;
menuid : 410600728 ;
from : oKwkYw0w4lZ5-dd0xtiGGCxzkcbA ;
to : gh_6536061e4435 ;
time : 1489146876 ;
type : event ;

2017-03-10 19:54:36 params :
------------
Array:
rule : -2 ;
module :  ;
message : Array ;

2017-03-10 19:54:36 response :
------------

2017-03-10 19:55:30 trace :
------------
Array:
tousername : gh_6536061e4435 ;
fromusername : oKwkYwy552o7_eUisSRD3QHthqs8 ;
createtime : 1489146930 ;
msgtype : event ;
event : subscribe ;
eventkey : qrscene_00b75b629b0047609dd8822e8645fe38 ;
ticket : gQEm8TwAAAAAAAAAAS5odHRwOi8vd2VpeGluLnFxLmNvbS9xLzAyTTV3VjBuSDljbzMxMDAwMGcwN3QAAgSVAm5YAwQAAAAA ;
from : oKwkYwy552o7_eUisSRD3QHthqs8 ;
to : gh_6536061e4435 ;
time : 1489146930 ;
type : subscribe ;
scene : 00b75b629b0047609dd8822e8645fe38 ;

2017-03-10 19:55:35 trace :
------------
Array:
tousername : gh_6536061e4435 ;
fromusername : oKwkYwy552o7_eUisSRD3QHthqs8 ;
createtime : 1489146935 ;
msgtype : event ;
event : VIEW ;
eventkey : http://kh39.61why.com/app/index.php?i=2&c=entry&eid=194 ;
menuid : 410600728 ;
from : oKwkYwy552o7_eUisSRD3QHthqs8 ;
to : gh_6536061e4435 ;
time : 1489146935 ;
type : event ;

2017-03-10 19:55:35 params :
------------
Array:
rule : -2 ;
module :  ;
message : Array ;

2017-03-10 19:55:35 response :
------------

2017-03-10 19:55:40 trace :
------------
Array:
tousername : gh_6536061e4435 ;
fromusername : oKwkYwy552o7_eUisSRD3QHthqs8 ;
createtime : 1489146940 ;
msgtype : event ;
event : VIEW ;
eventkey : http://kh39.61why.com/app/index.php?i=2&c=entry&eid=198 ;
menuid : 410600728 ;
from : oKwkYwy552o7_eUisSRD3QHthqs8 ;
to : gh_6536061e4435 ;
time : 1489146940 ;
type : event ;

2017-03-10 19:55:40 params :
------------
Array:
rule : -2 ;
module :  ;
message : Array ;

2017-03-10 19:55:40 response :
------------

2017-03-10 20:06:26 trace :
------------
Array:
tousername : gh_6536061e4435 ;
fromusername : oKwkYw22rCbBSaALxIaH8w23nsLQ ;
createtime : 1489147586 ;
msgtype : event ;
event : VIEW ;
eventkey : http://kh39.61why.com/app/index.php?i=2&c=entry&eid=198 ;
menuid : 410600728 ;
from : oKwkYw22rCbBSaALxIaH8w23nsLQ ;
to : gh_6536061e4435 ;
time : 1489147586 ;
type : event ;

2017-03-10 20:06:26 params :
------------
Array:
rule : -2 ;
module :  ;
message : Array ;

2017-03-10 20:06:26 response :
------------

2017-03-10 20:11:55 trace :
------------
Array:
tousername : gh_6536061e4435 ;
fromusername : oKwkYw5S8zWw6zCS6dGdWuuV95fM ;
createtime : 1489147914 ;
msgtype : event ;
event : VIEW ;
eventkey : http://kh39.61why.com/app/index.php?i=2&c=entry&eid=198 ;
menuid : 410600728 ;
from : oKwkYw5S8zWw6zCS6dGdWuuV95fM ;
to : gh_6536061e4435 ;
time : 1489147914 ;
type : event ;

2017-03-10 20:11:55 params :
------------
Array:
rule : -2 ;
module :  ;
message : Array ;

2017-03-10 20:11:55 response :
------------

2017-03-10 20:25:18 trace :
------------
Array:
tousername : gh_6536061e4435 ;
fromusername : oKwkYw7K9xHIr91Csk-qENfcagnM ;
createtime : 1489148718 ;
msgtype : event ;
event : CLICK ;
eventkey : 二维码 ;
from : oKwkYw7K9xHIr91Csk-qENfcagnM ;
to : gh_6536061e4435 ;
time : 1489148718 ;
type : event ;

2017-03-10 20:25:34 trace :
------------
Array:
tousername : gh_6536061e4435 ;
fromusername : oKwkYw6pDEQI_GqeW75e41XCdHas ;
createtime : 1489148734 ;
msgtype : event ;
event : subscribe ;
eventkey : qrscene_25e80a82210e13a931a20cc3adf9f337 ;
ticket : gQHL8DwAAAAAAAAAAS5odHRwOi8vd2VpeGluLnFxLmNvbS9xLzAyUHBwYTFxSDljbzMxMDAwME0wNzIAAgSpX25YAwQAAAAA ;
from : oKwkYw6pDEQI_GqeW75e41XCdHas ;
to : gh_6536061e4435 ;
time : 1489148734 ;
type : subscribe ;
scene : 25e80a82210e13a931a20cc3adf9f337 ;

2017-03-10 20:28:44 trace :
------------
Array:
tousername : gh_6536061e4435 ;
fromusername : oKwkYw_xZ14UQdvrJFuiI5E87n8w ;
createtime : 1489148924 ;
msgtype : event ;
event : VIEW ;
eventkey : http://kh39.61why.com/app/index.php?i=2&c=entry&eid=198 ;
menuid : 410600728 ;
from : oKwkYw_xZ14UQdvrJFuiI5E87n8w ;
to : gh_6536061e4435 ;
time : 1489148924 ;
type : event ;

2017-03-10 20:28:44 params :
------------
Array:
rule : -2 ;
module :  ;
message : Array ;

2017-03-10 20:28:44 response :
------------

2017-03-10 21:07:06 trace :
------------
Array:
tousername : gh_6536061e4435 ;
fromusername : oKwkYwwKa_aL23Yf3Ab-k4S4pGHU ;
createtime : 1489151226 ;
msgtype : event ;
event : SCAN ;
eventkey : 8275000147529d5af76f19fd46fb12ee ;
ticket : gQEO8TwAAAAAAAAAAS5odHRwOi8vd2VpeGluLnFxLmNvbS9xLzAyT1Q1ZjBCSDljbzMxMDAwME0wN2QAAgRXb75YAwQAAAAA ;
from : oKwkYwwKa_aL23Yf3Ab-k4S4pGHU ;
to : gh_6536061e4435 ;
time : 1489151226 ;
type : subscribe ;
scene : 8275000147529d5af76f19fd46fb12ee ;

2017-03-10 21:07:12 trace :
------------
Array:
tousername : gh_6536061e4435 ;
fromusername : oKwkYwwKa_aL23Yf3Ab-k4S4pGHU ;
createtime : 1489151232 ;
msgtype : event ;
event : VIEW ;
eventkey : http://kh39.61why.com/app/index.php?i=2&c=entry&eid=194 ;
menuid : 410600728 ;
from : oKwkYwwKa_aL23Yf3Ab-k4S4pGHU ;
to : gh_6536061e4435 ;
time : 1489151232 ;
type : event ;

2017-03-10 21:07:12 params :
------------
Array:
rule : -2 ;
module :  ;
message : Array ;

2017-03-10 21:07:12 response :
------------

2017-03-10 21:46:46 trace :
------------
Array:
tousername : gh_6536061e4435 ;
fromusername : oKwkYw5hiet9aIoMvpfdt0UcJyzc ;
createtime : 1489153606 ;
msgtype : event ;
event : VIEW ;
eventkey : http://kh39.61why.com/app/index.php?i=2&c=entry&eid=198 ;
menuid : 410600728 ;
from : oKwkYw5hiet9aIoMvpfdt0UcJyzc ;
to : gh_6536061e4435 ;
time : 1489153606 ;
type : event ;

2017-03-10 21:46:46 params :
------------
Array:
rule : -2 ;
module :  ;
message : Array ;

2017-03-10 21:46:46 response :
------------

2017-03-10 21:56:55 trace :
------------
Array:
tousername : gh_6536061e4435 ;
fromusername : oKwkYw_axY8nrRvLmXXVbTj1K8I8 ;
createtime : 1489154215 ;
msgtype : event ;
event : subscribe ;
eventkey : qrscene_8275000147529d5af76f19fd46fb12ee ;
ticket : gQEO8TwAAAAAAAAAAS5odHRwOi8vd2VpeGluLnFxLmNvbS9xLzAyT1Q1ZjBCSDljbzMxMDAwME0wN2QAAgRXb75YAwQAAAAA ;
from : oKwkYw_axY8nrRvLmXXVbTj1K8I8 ;
to : gh_6536061e4435 ;
time : 1489154215 ;
type : subscribe ;
scene : 8275000147529d5af76f19fd46fb12ee ;

2017-03-10 21:56:59 trace :
------------
Array:
tousername : gh_6536061e4435 ;
fromusername : oKwkYw_axY8nrRvLmXXVbTj1K8I8 ;
createtime : 1489154219 ;
msgtype : event ;
event : VIEW ;
eventkey : http://kh39.61why.com/app/index.php?i=2&c=entry&eid=194 ;
menuid : 410600728 ;
from : oKwkYw_axY8nrRvLmXXVbTj1K8I8 ;
to : gh_6536061e4435 ;
time : 1489154219 ;
type : event ;

2017-03-10 21:56:59 params :
------------
Array:
rule : -2 ;
module :  ;
message : Array ;

2017-03-10 21:56:59 response :
------------

2017-03-10 22:04:36 trace :
------------
Array:
tousername : gh_6536061e4435 ;
fromusername : oKwkYwyolZuGoXgz_4a6-ubUX5Vo ;
createtime : 1489154676 ;
msgtype : event ;
event : CLICK ;
eventkey : 二维码 ;
from : oKwkYwyolZuGoXgz_4a6-ubUX5Vo ;
to : gh_6536061e4435 ;
time : 1489154676 ;
type : event ;

2017-03-10 22:13:04 trace :
------------
Array:
tousername : gh_6536061e4435 ;
fromusername : oKwkYw6h-bbj5cKme5ULykAqenF0 ;
createtime : 1489155184 ;
msgtype : event ;
event : subscribe ;
eventkey : qrscene_d8aef4db56ee9b3875f012496226d43e ;
ticket : gQGI8DwAAAAAAAAAAS5odHRwOi8vd2VpeGluLnFxLmNvbS9xLzAyd21ZRjFrSDljbzMxMDAwMGcwN0QAAgQeFW5YAwQAAAAA ;
from : oKwkYw6h-bbj5cKme5ULykAqenF0 ;
to : gh_6536061e4435 ;
time : 1489155184 ;
type : subscribe ;
scene : d8aef4db56ee9b3875f012496226d43e ;

2017-03-10 22:13:09 trace :
------------
Array:
tousername : gh_6536061e4435 ;
fromusername : oKwkYw6h-bbj5cKme5ULykAqenF0 ;
createtime : 1489155189 ;
msgtype : event ;
event : VIEW ;
eventkey : http://kh39.61why.com/app/index.php?i=2&c=entry&eid=194 ;
menuid : 410600728 ;
from : oKwkYw6h-bbj5cKme5ULykAqenF0 ;
to : gh_6536061e4435 ;
time : 1489155189 ;
type : event ;

2017-03-10 22:13:09 params :
------------
Array:
rule : -2 ;
module :  ;
message : Array ;

2017-03-10 22:13:09 response :
------------

2017-03-10 22:18:35 trace :
------------
Array:
tousername : gh_6536061e4435 ;
fromusername : oKwkYwy552o7_eUisSRD3QHthqs8 ;
createtime : 1489155515 ;
msgtype : event ;
event : CLICK ;
eventkey : 二维码 ;
from : oKwkYwy552o7_eUisSRD3QHthqs8 ;
to : gh_6536061e4435 ;
time : 1489155515 ;
type : event ;

2017-03-10 22:18:57 trace :
------------
Array:
tousername : gh_6536061e4435 ;
fromusername : oKwkYwy552o7_eUisSRD3QHthqs8 ;
createtime : 1489155537 ;
msgtype : event ;
event : VIEW ;
eventkey : http://kh39.61why.com/app/index.php?i=2&c=entry&eid=194 ;
menuid : 410600728 ;
from : oKwkYwy552o7_eUisSRD3QHthqs8 ;
to : gh_6536061e4435 ;
time : 1489155537 ;
type : event ;

2017-03-10 22:18:57 params :
------------
Array:
rule : -2 ;
module :  ;
message : Array ;

2017-03-10 22:18:57 response :
------------

2017-03-10 22:19:01 trace :
------------
Array:
tousername : gh_6536061e4435 ;
fromusername : oKwkYwy552o7_eUisSRD3QHthqs8 ;
createtime : 1489155540 ;
msgtype : event ;
event : VIEW ;
eventkey : http://kh39.61why.com/app/index.php?i=2&c=entry&eid=194 ;
menuid : 410600728 ;
from : oKwkYwy552o7_eUisSRD3QHthqs8 ;
to : gh_6536061e4435 ;
time : 1489155540 ;
type : event ;

2017-03-10 22:19:01 params :
------------
Array:
rule : -2 ;
module :  ;
message : Array ;

2017-03-10 22:19:01 response :
------------

2017-03-10 22:26:56 trace :
------------
Array:
tousername : gh_6536061e4435 ;
fromusername : oKwkYw5YZ18mPZ1C5KYmx2_Sa294 ;
createtime : 1489156016 ;
msgtype : event ;
event : VIEW ;
eventkey : http://kh39.61why.com/app/index.php?i=2&c=entry&eid=194 ;
menuid : 410600728 ;
from : oKwkYw5YZ18mPZ1C5KYmx2_Sa294 ;
to : gh_6536061e4435 ;
time : 1489156016 ;
type : event ;

2017-03-10 22:26:56 params :
------------
Array:
rule : -2 ;
module :  ;
message : Array ;

2017-03-10 22:26:56 response :
------------

2017-03-10 22:45:19 trace :
------------
Array:
tousername : gh_6536061e4435 ;
fromusername : oKwkYw5aHcyjux9ql6D7O9WEBmx4 ;
createtime : 1489157119 ;
msgtype : event ;
event : VIEW ;
eventkey : http://kh39.61why.com/app/index.php?i=2&c=entry&eid=198 ;
menuid : 410600728 ;
from : oKwkYw5aHcyjux9ql6D7O9WEBmx4 ;
to : gh_6536061e4435 ;
time : 1489157119 ;
type : event ;

2017-03-10 22:45:19 params :
------------
Array:
rule : -2 ;
module :  ;
message : Array ;

2017-03-10 22:45:19 response :
------------

2017-03-10 22:56:28 trace :
------------
Array:
tousername : gh_6536061e4435 ;
fromusername : oKwkYwxdGazpUQLKnjr_HrnPicQo ;
createtime : 1489157788 ;
msgtype : event ;
event : VIEW ;
eventkey : http://kh39.61why.com/app/index.php?i=2&c=entry&eid=198 ;
menuid : 410600728 ;
from : oKwkYwxdGazpUQLKnjr_HrnPicQo ;
to : gh_6536061e4435 ;
time : 1489157788 ;
type : event ;

2017-03-10 22:56:28 params :
------------
Array:
rule : -2 ;
module :  ;
message : Array ;

2017-03-10 22:56:28 response :
------------

2017-03-10 23:23:14 trace :
------------
Array:
tousername : gh_6536061e4435 ;
fromusername : oKwkYw7W-5tyB_7czEVClKkTY9wc ;
createtime : 1489159393 ;
msgtype : event ;
event : subscribe ;
eventkey : qrscene_21e9a3548a908ff6b3b3ab4ec321b02d ;
ticket : gQFk8jwAAAAAAAAAAS5odHRwOi8vd2VpeGluLnFxLmNvbS9xLzAyQk5iYTEtSDljbzMxMDAwMGcwN0sAAgTooqJYAwQAAAAA ;
from : oKwkYw7W-5tyB_7czEVClKkTY9wc ;
to : gh_6536061e4435 ;
time : 1489159393 ;
type : subscribe ;
scene : 21e9a3548a908ff6b3b3ab4ec321b02d ;

2017-03-10 23:23:29 trace :
------------
Array:
tousername : gh_6536061e4435 ;
fromusername : oKwkYwyjERfw7XYg2QL9r-EmTJic ;
createtime : 1489159408 ;
msgtype : event ;
event : VIEW ;
eventkey : http://kh39.61why.com/app/index.php?i=2&c=entry&eid=198 ;
menuid : 410600728 ;
from : oKwkYwyjERfw7XYg2QL9r-EmTJic ;
to : gh_6536061e4435 ;
time : 1489159408 ;
type : event ;

2017-03-10 23:23:29 params :
------------
Array:
rule : -2 ;
module :  ;
message : Array ;

2017-03-10 23:23:29 response :
------------

2017-03-10 23:24:50 trace :
------------
Array:
tousername : gh_6536061e4435 ;
fromusername : oKwkYwyjERfw7XYg2QL9r-EmTJic ;
createtime : 1489159490 ;
msgtype : event ;
event : VIEW ;
eventkey : http://kh39.61why.com/app/index.php?i=2&c=entry&eid=198 ;
menuid : 410600728 ;
from : oKwkYwyjERfw7XYg2QL9r-EmTJic ;
to : gh_6536061e4435 ;
time : 1489159490 ;
type : event ;

2017-03-10 23:24:50 params :
------------
Array:
rule : -2 ;
module :  ;
message : Array ;

2017-03-10 23:24:50 response :
------------

2017-03-10 23:26:12 trace :
------------
Array:
tousername : gh_6536061e4435 ;
fromusername : oKwkYwyjERfw7XYg2QL9r-EmTJic ;
createtime : 1489159572 ;
msgtype : event ;
event : VIEW ;
eventkey : http://kh39.61why.com/app/index.php?i=2&c=entry&eid=198 ;
menuid : 410600728 ;
from : oKwkYwyjERfw7XYg2QL9r-EmTJic ;
to : gh_6536061e4435 ;
time : 1489159572 ;
type : event ;

2017-03-10 23:26:12 params :
------------
Array:
rule : -2 ;
module :  ;
message : Array ;

2017-03-10 23:26:12 response :
------------

2017-03-10 23:44:27 trace :
------------
Array:
tousername : gh_6536061e4435 ;
fromusername : oKwkYw1hdHu_NiSw4Dn_tLeEcWuc ;
createtime : 1489160667 ;
msgtype : event ;
event : VIEW ;
eventkey : http://kh39.61why.com/app/index.php?i=2&c=entry&eid=198 ;
menuid : 410600728 ;
from : oKwkYw1hdHu_NiSw4Dn_tLeEcWuc ;
to : gh_6536061e4435 ;
time : 1489160667 ;
type : event ;

2017-03-10 23:44:27 params :
------------
Array:
rule : -2 ;
module :  ;
message : Array ;

2017-03-10 23:44:27 response :
------------

2017-03-10 23:44:30 trace :
------------
Array:
tousername : gh_6536061e4435 ;
fromusername : oKwkYw1hdHu_NiSw4Dn_tLeEcWuc ;
createtime : 1489160670 ;
msgtype : event ;
event : VIEW ;
eventkey : http://kh39.61why.com/app/index.php?i=2&c=entry&eid=194 ;
menuid : 410600728 ;
from : oKwkYw1hdHu_NiSw4Dn_tLeEcWuc ;
to : gh_6536061e4435 ;
time : 1489160670 ;
type : event ;

2017-03-10 23:44:30 params :
------------
Array:
rule : -2 ;
module :  ;
message : Array ;

2017-03-10 23:44:30 response :
------------

2017-03-10 23:58:07 trace :
------------
Array:
tousername : gh_6536061e4435 ;
fromusername : oKwkYw5hiet9aIoMvpfdt0UcJyzc ;
createtime : 1489161487 ;
msgtype : event ;
event : VIEW ;
eventkey : http://kh39.61why.com/app/index.php?i=2&c=entry&eid=198 ;
menuid : 410600728 ;
from : oKwkYw5hiet9aIoMvpfdt0UcJyzc ;
to : gh_6536061e4435 ;
time : 1489161487 ;
type : event ;

2017-03-10 23:58:07 params :
------------
Array:
rule : -2 ;
module :  ;
message : Array ;

2017-03-10 23:58:07 response :
------------

