2017-01-24 00:05:00 trace :
------------
Array:
tousername : gh_6536061e4435 ;
fromusername : oKwkYw0D7snKw9WJkTr_EzwW-SF0 ;
createtime : 1485187500 ;
msgtype : event ;
event : VIEW ;
eventkey : http://kh39.61why.com/app/index.php?i=2&c=entry&eid=194 ;
menuid : 410600728 ;
from : oKwkYw0D7snKw9WJkTr_EzwW-SF0 ;
to : gh_6536061e4435 ;
time : 1485187500 ;
type : event ;

2017-01-24 00:05:00 params :
------------
Array:
rule : -2 ;
module :  ;
message : Array ;

2017-01-24 00:05:00 response :
------------

2017-01-24 00:05:52 trace :
------------
Array:
tousername : gh_6536061e4435 ;
fromusername : oKwkYw0D7snKw9WJkTr_EzwW-SF0 ;
createtime : 1485187552 ;
msgtype : event ;
event : VIEW ;
eventkey : http://kh39.61why.com/app/index.php?i=2&c=entry&eid=194 ;
menuid : 410600728 ;
from : oKwkYw0D7snKw9WJkTr_EzwW-SF0 ;
to : gh_6536061e4435 ;
time : 1485187552 ;
type : event ;

2017-01-24 00:05:52 params :
------------
Array:
rule : -2 ;
module :  ;
message : Array ;

2017-01-24 00:05:52 response :
------------

2017-01-24 05:04:35 trace :
------------
Array:
tousername : gh_6536061e4435 ;
fromusername : oKwkYw5aHcyjux9ql6D7O9WEBmx4 ;
createtime : 1485205475 ;
msgtype : event ;
event : VIEW ;
eventkey : http://kh39.61why.com/app/index.php?i=2&c=entry&eid=198 ;
menuid : 410600728 ;
from : oKwkYw5aHcyjux9ql6D7O9WEBmx4 ;
to : gh_6536061e4435 ;
time : 1485205475 ;
type : event ;

2017-01-24 05:04:35 params :
------------
Array:
rule : -2 ;
module :  ;
message : Array ;

2017-01-24 05:04:35 response :
------------

2017-01-24 05:04:35 trace :
------------
Array:
tousername : gh_6536061e4435 ;
fromusername : oKwkYw5aHcyjux9ql6D7O9WEBmx4 ;
createtime : 1485205475 ;
msgtype : event ;
event : VIEW ;
eventkey : http://kh39.61why.com/app/index.php?i=2&c=entry&eid=198 ;
menuid : 410600728 ;
from : oKwkYw5aHcyjux9ql6D7O9WEBmx4 ;
to : gh_6536061e4435 ;
time : 1485205475 ;
type : event ;

2017-01-24 05:04:35 params :
------------
Array:
rule : -2 ;
module :  ;
message : Array ;

2017-01-24 05:04:35 response :
------------

2017-01-24 06:54:30 trace :
------------
Array:
tousername : gh_6536061e4435 ;
fromusername : oKwkYw5hiet9aIoMvpfdt0UcJyzc ;
createtime : 1485212069 ;
msgtype : event ;
event : VIEW ;
eventkey : http://kh39.61why.com/app/index.php?i=2&c=entry&eid=198 ;
menuid : 410600728 ;
from : oKwkYw5hiet9aIoMvpfdt0UcJyzc ;
to : gh_6536061e4435 ;
time : 1485212069 ;
type : event ;

2017-01-24 06:54:30 params :
------------
Array:
rule : -2 ;
module :  ;
message : Array ;

2017-01-24 06:54:30 response :
------------

2017-01-24 08:33:50 trace :
------------
Array:
tousername : gh_6536061e4435 ;
fromusername : oKwkYw8e33SsKCgQqmRH91AsxTTA ;
createtime : 1485218030 ;
msgtype : event ;
event : VIEW ;
eventkey : http://kh39.61why.com/app/index.php?i=2&c=entry&eid=198 ;
menuid : 410600728 ;
from : oKwkYw8e33SsKCgQqmRH91AsxTTA ;
to : gh_6536061e4435 ;
time : 1485218030 ;
type : event ;

2017-01-24 08:33:50 params :
------------
Array:
rule : -2 ;
module :  ;
message : Array ;

2017-01-24 08:33:50 response :
------------

2017-01-24 08:35:54 trace :
------------
Array:
tousername : gh_6536061e4435 ;
fromusername : oKwkYw0D7snKw9WJkTr_EzwW-SF0 ;
createtime : 1485218154 ;
msgtype : event ;
event : VIEW ;
eventkey : http://kh39.61why.com/app/index.php?i=2&c=entry&eid=194 ;
menuid : 410600728 ;
from : oKwkYw0D7snKw9WJkTr_EzwW-SF0 ;
to : gh_6536061e4435 ;
time : 1485218154 ;
type : event ;

2017-01-24 08:35:54 params :
------------
Array:
rule : -2 ;
module :  ;
message : Array ;

2017-01-24 08:35:54 response :
------------

2017-01-24 10:30:17 trace :
------------
Array:
tousername : gh_6536061e4435 ;
fromusername : oKwkYw_imcO7cqrgletDysQnULwk ;
createtime : 1485225017 ;
msgtype : event ;
event : VIEW ;
eventkey : http://kh39.61why.com/app/index.php?i=2&c=entry&eid=198 ;
menuid : 410600728 ;
from : oKwkYw_imcO7cqrgletDysQnULwk ;
to : gh_6536061e4435 ;
time : 1485225017 ;
type : event ;

2017-01-24 10:30:17 params :
------------
Array:
rule : -2 ;
module :  ;
message : Array ;

2017-01-24 10:30:17 response :
------------

2017-01-24 10:43:03 trace :
------------
Array:
tousername : gh_6536061e4435 ;
fromusername : oKwkYw_imcO7cqrgletDysQnULwk ;
createtime : 1485225783 ;
msgtype : event ;
event : VIEW ;
eventkey : http://kh39.61why.com/app/index.php?i=2&c=entry&eid=198 ;
menuid : 410600728 ;
from : oKwkYw_imcO7cqrgletDysQnULwk ;
to : gh_6536061e4435 ;
time : 1485225783 ;
type : event ;

2017-01-24 10:43:04 params :
------------
Array:
rule : -2 ;
module :  ;
message : Array ;

2017-01-24 10:43:04 response :
------------

2017-01-24 11:30:44 trace :
------------
Array:
tousername : gh_6536061e4435 ;
fromusername : oKwkYw7QHhn6rlIbhQiaaJOle_K4 ;
createtime : 1485228644 ;
msgtype : event ;
event : subscribe ;
eventkey : qrscene_72326a5617c1da674bdd905cf6388505 ;
ticket : gQEh8DwAAAAAAAAAAS5odHRwOi8vd2VpeGluLnFxLmNvbS9xLzAybG14TDBGSDljbzMxMDAwMGcwN2IAAgRvGW5YAwQAAAAA ;
from : oKwkYw7QHhn6rlIbhQiaaJOle_K4 ;
to : gh_6536061e4435 ;
time : 1485228644 ;
type : subscribe ;
scene : 72326a5617c1da674bdd905cf6388505 ;

2017-01-24 11:30:48 trace :
------------
Array:
tousername : gh_6536061e4435 ;
fromusername : oKwkYw7QHhn6rlIbhQiaaJOle_K4 ;
createtime : 1485228648 ;
msgtype : event ;
event : VIEW ;
eventkey : http://kh39.61why.com/app/index.php?i=2&c=entry&eid=194 ;
menuid : 410600728 ;
from : oKwkYw7QHhn6rlIbhQiaaJOle_K4 ;
to : gh_6536061e4435 ;
time : 1485228648 ;
type : event ;

2017-01-24 11:30:48 params :
------------
Array:
rule : -2 ;
module :  ;
message : Array ;

2017-01-24 11:30:48 response :
------------

2017-01-24 12:59:32 trace :
------------
Array:
tousername : gh_6536061e4435 ;
fromusername : oKwkYw5Hv5-mrEGrZ572fv2JrB_s ;
createtime : 1485233972 ;
msgtype : event ;
event : VIEW ;
eventkey : http://kh39.61why.com/app/index.php?i=2&c=entry&eid=198 ;
menuid : 410600728 ;
from : oKwkYw5Hv5-mrEGrZ572fv2JrB_s ;
to : gh_6536061e4435 ;
time : 1485233972 ;
type : event ;

2017-01-24 12:59:32 params :
------------
Array:
rule : -2 ;
module :  ;
message : Array ;

2017-01-24 12:59:32 response :
------------

2017-01-24 14:12:27 trace :
------------
Array:
tousername : gh_6536061e4435 ;
fromusername : oKwkYw9A27iCE2wbx5IXncAJ21Sw ;
createtime : 1485238347 ;
msgtype : event ;
event : VIEW ;
eventkey : http://kh39.61why.com/app/index.php?i=2&c=entry&eid=194 ;
menuid : 410600728 ;
from : oKwkYw9A27iCE2wbx5IXncAJ21Sw ;
to : gh_6536061e4435 ;
time : 1485238347 ;
type : event ;

2017-01-24 14:12:27 params :
------------
Array:
rule : -2 ;
module :  ;
message : Array ;

2017-01-24 14:12:27 response :
------------

2017-01-24 15:23:20 trace :
------------
Array:
tousername : gh_6536061e4435 ;
fromusername : oKwkYw5-PBpSl3MHd9m0euxQy5Cs ;
createtime : 1485242599 ;
msgtype : event ;
event : subscribe ;
eventkey : Array ;
from : oKwkYw5-PBpSl3MHd9m0euxQy5Cs ;
to : gh_6536061e4435 ;
time : 1485242599 ;
type : subscribe ;

2017-01-24 15:23:20 params :
------------
Array:
rule : -2 ;
module :  ;
message : Array ;

2017-01-24 15:23:20 response :
------------

2017-01-24 15:23:24 trace :
------------
Array:
tousername : gh_6536061e4435 ;
fromusername : oKwkYw5-PBpSl3MHd9m0euxQy5Cs ;
createtime : 1485242604 ;
msgtype : event ;
event : VIEW ;
eventkey : http://kh39.61why.com/app/index.php?i=2&c=entry&eid=194 ;
menuid : 410600728 ;
from : oKwkYw5-PBpSl3MHd9m0euxQy5Cs ;
to : gh_6536061e4435 ;
time : 1485242604 ;
type : event ;

2017-01-24 15:23:24 params :
------------
Array:
rule : -2 ;
module :  ;
message : Array ;

2017-01-24 15:23:24 response :
------------

2017-01-24 15:25:13 trace :
------------
Array:
tousername : gh_6536061e4435 ;
fromusername : oKwkYw5-PBpSl3MHd9m0euxQy5Cs ;
createtime : 1485242713 ;
msgtype : event ;
event : VIEW ;
eventkey : http://kh39.61why.com/app/index.php?i=2&c=entry&eid=198 ;
menuid : 410600728 ;
from : oKwkYw5-PBpSl3MHd9m0euxQy5Cs ;
to : gh_6536061e4435 ;
time : 1485242713 ;
type : event ;

2017-01-24 15:25:13 params :
------------
Array:
rule : -2 ;
module :  ;
message : Array ;

2017-01-24 15:25:13 response :
------------

2017-01-24 17:32:37 trace :
------------
Array:
tousername : gh_6536061e4435 ;
fromusername : oKwkYw1yj38KOhGZ_VHM2TrE79xY ;
createtime : 1485250357 ;
msgtype : event ;
event : VIEW ;
eventkey : http://kh39.61why.com/app/index.php?i=2&c=entry&eid=194 ;
menuid : 410600728 ;
from : oKwkYw1yj38KOhGZ_VHM2TrE79xY ;
to : gh_6536061e4435 ;
time : 1485250357 ;
type : event ;

2017-01-24 17:32:37 params :
------------
Array:
rule : -2 ;
module :  ;
message : Array ;

2017-01-24 17:32:37 response :
------------

2017-01-24 17:35:50 trace :
------------
Array:
tousername : gh_6536061e4435 ;
fromusername : oKwkYwz_FtGom2eSyG1qwUGFxNiA ;
createtime : 1485250550 ;
msgtype : event ;
event : VIEW ;
eventkey : http://kh39.61why.com/app/index.php?i=2&c=entry&eid=198 ;
menuid : 410600728 ;
from : oKwkYwz_FtGom2eSyG1qwUGFxNiA ;
to : gh_6536061e4435 ;
time : 1485250550 ;
type : event ;

2017-01-24 17:35:50 params :
------------
Array:
rule : -2 ;
module :  ;
message : Array ;

2017-01-24 17:35:50 response :
------------

2017-01-24 17:36:06 trace :
------------
Array:
tousername : gh_6536061e4435 ;
fromusername : oKwkYwz_FtGom2eSyG1qwUGFxNiA ;
createtime : 1485250566 ;
msgtype : event ;
event : VIEW ;
eventkey : http://kh39.61why.com/app/index.php?i=2&c=entry&eid=198 ;
menuid : 410600728 ;
from : oKwkYwz_FtGom2eSyG1qwUGFxNiA ;
to : gh_6536061e4435 ;
time : 1485250566 ;
type : event ;

2017-01-24 17:36:06 params :
------------
Array:
rule : -2 ;
module :  ;
message : Array ;

2017-01-24 17:36:06 response :
------------

2017-01-24 17:43:51 trace :
------------
Array:
tousername : gh_0ad70057b777 ;
fromusername : o26ibjiZFzddkjnaeTtZYoMdHJP4 ;
createtime : 1485251031 ;
msgtype : event ;
event : VIEW ;
eventkey : http://kh39.61why.com/app/index.php?i=2&c=entry&eid=194 ;
menuid : 411738532 ;
from : o26ibjiZFzddkjnaeTtZYoMdHJP4 ;
to : gh_0ad70057b777 ;
time : 1485251031 ;
type : event ;

2017-01-24 17:43:51 params :
------------
Array:
rule : -2 ;
module :  ;
message : Array ;

2017-01-24 17:43:51 response :
------------

2017-01-24 18:28:18 trace :
------------
Array:
tousername : gh_6536061e4435 ;
fromusername : oKwkYwxRY3LoBZS7OreLoa6dWiNs ;
createtime : 1485253698 ;
msgtype : event ;
event : CLICK ;
eventkey : 二维码 ;
from : oKwkYwxRY3LoBZS7OreLoa6dWiNs ;
to : gh_6536061e4435 ;
time : 1485253698 ;
type : event ;

2017-01-24 18:28:21 trace :
------------
Array:
tousername : gh_6536061e4435 ;
fromusername : oKwkYwxRY3LoBZS7OreLoa6dWiNs ;
createtime : 1485253701 ;
msgtype : event ;
event : CLICK ;
eventkey : 二维码 ;
from : oKwkYwxRY3LoBZS7OreLoa6dWiNs ;
to : gh_6536061e4435 ;
time : 1485253701 ;
type : event ;

2017-01-24 18:28:40 trace :
------------
Array:
tousername : gh_6536061e4435 ;
fromusername : oKwkYwxRY3LoBZS7OreLoa6dWiNs ;
createtime : 1485253720 ;
msgtype : event ;
event : VIEW ;
eventkey : http://kh39.61why.com/app/index.php?i=2&c=entry&eid=198 ;
menuid : 410600728 ;
from : oKwkYwxRY3LoBZS7OreLoa6dWiNs ;
to : gh_6536061e4435 ;
time : 1485253720 ;
type : event ;

2017-01-24 18:28:40 params :
------------
Array:
rule : -2 ;
module :  ;
message : Array ;

2017-01-24 18:28:40 response :
------------

2017-01-24 18:29:25 trace :
------------
Array:
tousername : gh_6536061e4435 ;
fromusername : oKwkYwxRY3LoBZS7OreLoa6dWiNs ;
createtime : 1485253765 ;
msgtype : event ;
event : VIEW ;
eventkey : http://kh39.61why.com/app/index.php?i=2&c=entry&eid=194 ;
menuid : 410600728 ;
from : oKwkYwxRY3LoBZS7OreLoa6dWiNs ;
to : gh_6536061e4435 ;
time : 1485253765 ;
type : event ;

2017-01-24 18:29:25 params :
------------
Array:
rule : -2 ;
module :  ;
message : Array ;

2017-01-24 18:29:25 response :
------------

2017-01-24 19:12:56 trace :
------------
Array:
tousername : gh_6536061e4435 ;
fromusername : oKwkYwzAxW1ankwPcu4pqbwb8ZXU ;
createtime : 1485256376 ;
msgtype : event ;
event : VIEW ;
eventkey : http://kh39.61why.com/app/index.php?i=2&c=entry&eid=198 ;
menuid : 410600728 ;
from : oKwkYwzAxW1ankwPcu4pqbwb8ZXU ;
to : gh_6536061e4435 ;
time : 1485256376 ;
type : event ;

2017-01-24 19:12:56 params :
------------
Array:
rule : -2 ;
module :  ;
message : Array ;

2017-01-24 19:12:56 response :
------------

2017-01-24 20:54:15 trace :
------------
Array:
tousername : gh_6536061e4435 ;
fromusername : oKwkYw8e33SsKCgQqmRH91AsxTTA ;
createtime : 1485262455 ;
msgtype : event ;
event : VIEW ;
eventkey : http://kh39.61why.com/app/index.php?i=2&c=entry&eid=198 ;
menuid : 410600728 ;
from : oKwkYw8e33SsKCgQqmRH91AsxTTA ;
to : gh_6536061e4435 ;
time : 1485262455 ;
type : event ;

2017-01-24 20:54:15 params :
------------
Array:
rule : -2 ;
module :  ;
message : Array ;

2017-01-24 20:54:15 response :
------------

2017-01-24 22:04:38 trace :
------------
Array:
tousername : gh_6536061e4435 ;
fromusername : oKwkYw7K9xHIr91Csk-qENfcagnM ;
createtime : 1485266678 ;
msgtype : event ;
event : VIEW ;
eventkey : http://kh39.61why.com/app/index.php?i=2&c=entry&eid=194 ;
menuid : 410600728 ;
from : oKwkYw7K9xHIr91Csk-qENfcagnM ;
to : gh_6536061e4435 ;
time : 1485266678 ;
type : event ;

2017-01-24 22:04:38 params :
------------
Array:
rule : -2 ;
module :  ;
message : Array ;

2017-01-24 22:04:38 response :
------------

2017-01-24 23:25:05 trace :
------------
Array:
tousername : gh_6536061e4435 ;
fromusername : oKwkYw9A27iCE2wbx5IXncAJ21Sw ;
createtime : 1485271505 ;
msgtype : event ;
event : VIEW ;
eventkey : http://kh39.61why.com/app/index.php?i=2&c=entry&eid=198 ;
menuid : 410600728 ;
from : oKwkYw9A27iCE2wbx5IXncAJ21Sw ;
to : gh_6536061e4435 ;
time : 1485271505 ;
type : event ;

2017-01-24 23:25:05 params :
------------
Array:
rule : -2 ;
module :  ;
message : Array ;

2017-01-24 23:25:05 response :
------------

2017-01-24 23:47:29 trace :
------------
Array:
tousername : gh_6536061e4435 ;
fromusername : oKwkYw0D7snKw9WJkTr_EzwW-SF0 ;
createtime : 1485272849 ;
msgtype : event ;
event : VIEW ;
eventkey : http://kh39.61why.com/app/index.php?i=2&c=entry&eid=194 ;
menuid : 410600728 ;
from : oKwkYw0D7snKw9WJkTr_EzwW-SF0 ;
to : gh_6536061e4435 ;
time : 1485272849 ;
type : event ;

2017-01-24 23:47:29 params :
------------
Array:
rule : -2 ;
module :  ;
message : Array ;

2017-01-24 23:47:29 response :
------------

2017-01-24 23:47:55 trace :
------------
Array:
tousername : gh_6536061e4435 ;
fromusername : oKwkYw0D7snKw9WJkTr_EzwW-SF0 ;
createtime : 1485272875 ;
msgtype : event ;
event : CLICK ;
eventkey : 二维码 ;
from : oKwkYw0D7snKw9WJkTr_EzwW-SF0 ;
to : gh_6536061e4435 ;
time : 1485272875 ;
type : event ;

2017-01-24 23:49:06 trace :
------------
Array:
tousername : gh_6536061e4435 ;
fromusername : oKwkYwyjERfw7XYg2QL9r-EmTJic ;
createtime : 1485272946 ;
msgtype : event ;
event : subscribe ;
eventkey : qrscene_6309d470e5b8ee05f471a3dcdd29f23b ;
ticket : gQH_8DwAAAAAAAAAAS5odHRwOi8vd2VpeGluLnFxLmNvbS9xLzAydXhVbDBaSDljbzMxMDAwME0wN0YAAgQsd4dYAwQAAAAA ;
from : oKwkYwyjERfw7XYg2QL9r-EmTJic ;
to : gh_6536061e4435 ;
time : 1485272946 ;
type : subscribe ;
scene : 6309d470e5b8ee05f471a3dcdd29f23b ;

2017-01-24 23:49:11 trace :
------------
Array:
tousername : gh_6536061e4435 ;
fromusername : oKwkYwyjERfw7XYg2QL9r-EmTJic ;
createtime : 1485272951 ;
msgtype : event ;
event : VIEW ;
eventkey : http://kh39.61why.com/app/index.php?i=2&c=entry&eid=194 ;
menuid : 410600728 ;
from : oKwkYwyjERfw7XYg2QL9r-EmTJic ;
to : gh_6536061e4435 ;
time : 1485272951 ;
type : event ;

2017-01-24 23:49:11 params :
------------
Array:
rule : -2 ;
module :  ;
message : Array ;

2017-01-24 23:49:11 response :
------------

2017-01-24 23:50:06 trace :
------------
Array:
tousername : gh_6536061e4435 ;
fromusername : oKwkYwyjERfw7XYg2QL9r-EmTJic ;
createtime : 1485273006 ;
msgtype : event ;
event : VIEW ;
eventkey : http://kh39.61why.com/app/index.php?i=2&c=entry&eid=194 ;
menuid : 410600728 ;
from : oKwkYwyjERfw7XYg2QL9r-EmTJic ;
to : gh_6536061e4435 ;
time : 1485273006 ;
type : event ;

2017-01-24 23:50:06 params :
------------
Array:
rule : -2 ;
module :  ;
message : Array ;

2017-01-24 23:50:06 response :
------------

2017-01-24 23:50:26 trace :
------------
Array:
tousername : gh_6536061e4435 ;
fromusername : oKwkYwyjERfw7XYg2QL9r-EmTJic ;
createtime : 1485273026 ;
msgtype : event ;
event : VIEW ;
eventkey : http://kh39.61why.com/app/index.php?i=2&c=entry&eid=198 ;
menuid : 410600728 ;
from : oKwkYwyjERfw7XYg2QL9r-EmTJic ;
to : gh_6536061e4435 ;
time : 1485273026 ;
type : event ;

2017-01-24 23:50:26 params :
------------
Array:
rule : -2 ;
module :  ;
message : Array ;

2017-01-24 23:50:26 response :
------------

