2017-03-09 00:23:07 trace :
------------
Array:
tousername : gh_6536061e4435 ;
fromusername : oKwkYwzkcKJOzbVQcsX2dkK_ZE_E ;
createtime : 1488990187 ;
msgtype : event ;
event : subscribe ;
eventkey : qrscene_fd9320aab9bd12afc7cbb603bf75dd20 ;
ticket : gQHN8TwAAAAAAAAAAS5odHRwOi8vd2VpeGluLnFxLmNvbS9xLzAyWlQ1dDBVSDljbzMxMDAwMHcwN1cAAgTH9r9YAwQAAAAA ;
from : oKwkYwzkcKJOzbVQcsX2dkK_ZE_E ;
to : gh_6536061e4435 ;
time : 1488990187 ;
type : subscribe ;
scene : fd9320aab9bd12afc7cbb603bf75dd20 ;

2017-03-09 00:23:13 trace :
------------
Array:
tousername : gh_6536061e4435 ;
fromusername : oKwkYwzkcKJOzbVQcsX2dkK_ZE_E ;
createtime : 1488990193 ;
msgtype : event ;
event : VIEW ;
eventkey : http://kh39.61why.com/app/index.php?i=2&c=entry&eid=198 ;
menuid : 410600728 ;
from : oKwkYwzkcKJOzbVQcsX2dkK_ZE_E ;
to : gh_6536061e4435 ;
time : 1488990193 ;
type : event ;

2017-03-09 00:23:13 params :
------------
Array:
rule : -2 ;
module :  ;
message : Array ;

2017-03-09 00:23:13 response :
------------

2017-03-09 00:50:52 trace :
------------
Array:
tousername : gh_6536061e4435 ;
fromusername : oKwkYw9A27iCE2wbx5IXncAJ21Sw ;
createtime : 1488991852 ;
msgtype : event ;
event : VIEW ;
eventkey : http://kh39.61why.com/app/index.php?i=2&c=entry&eid=198 ;
menuid : 410600728 ;
from : oKwkYw9A27iCE2wbx5IXncAJ21Sw ;
to : gh_6536061e4435 ;
time : 1488991852 ;
type : event ;

2017-03-09 00:50:52 params :
------------
Array:
rule : -2 ;
module :  ;
message : Array ;

2017-03-09 00:50:52 response :
------------

2017-03-09 02:02:15 trace :
------------
Array:
tousername : gh_6536061e4435 ;
fromusername : oKwkYwwzUkpA6TQ4JcHTMcXSLnmU ;
createtime : 1488996135 ;
msgtype : event ;
event : VIEW ;
eventkey : http://kh39.61why.com/app/index.php?i=2&c=entry&eid=198 ;
menuid : 410600728 ;
from : oKwkYwwzUkpA6TQ4JcHTMcXSLnmU ;
to : gh_6536061e4435 ;
time : 1488996135 ;
type : event ;

2017-03-09 02:02:15 params :
------------
Array:
rule : -2 ;
module :  ;
message : Array ;

2017-03-09 02:02:15 response :
------------

2017-03-09 02:03:30 trace :
------------
Array:
tousername : gh_6536061e4435 ;
fromusername : oKwkYwwzUkpA6TQ4JcHTMcXSLnmU ;
createtime : 1488996210 ;
msgtype : event ;
event : VIEW ;
eventkey : http://kh39.61why.com/app/index.php?i=2&c=entry&eid=198 ;
menuid : 410600728 ;
from : oKwkYwwzUkpA6TQ4JcHTMcXSLnmU ;
to : gh_6536061e4435 ;
time : 1488996210 ;
type : event ;

2017-03-09 02:03:30 params :
------------
Array:
rule : -2 ;
module :  ;
message : Array ;

2017-03-09 02:03:30 response :
------------

2017-03-09 06:55:43 trace :
------------
Array:
tousername : gh_6536061e4435 ;
fromusername : oKwkYw0D7snKw9WJkTr_EzwW-SF0 ;
createtime : 1489013743 ;
msgtype : event ;
event : VIEW ;
eventkey : http://kh39.61why.com/app/index.php?i=2&c=entry&eid=198 ;
menuid : 410600728 ;
from : oKwkYw0D7snKw9WJkTr_EzwW-SF0 ;
to : gh_6536061e4435 ;
time : 1489013743 ;
type : event ;

2017-03-09 06:55:43 params :
------------
Array:
rule : -2 ;
module :  ;
message : Array ;

2017-03-09 06:55:43 response :
------------

2017-03-09 07:31:01 trace :
------------
Array:
tousername : gh_6536061e4435 ;
fromusername : oKwkYw5hiet9aIoMvpfdt0UcJyzc ;
createtime : 1489015861 ;
msgtype : event ;
event : VIEW ;
eventkey : http://kh39.61why.com/app/index.php?i=2&c=entry&eid=198 ;
menuid : 410600728 ;
from : oKwkYw5hiet9aIoMvpfdt0UcJyzc ;
to : gh_6536061e4435 ;
time : 1489015861 ;
type : event ;

2017-03-09 07:31:01 params :
------------
Array:
rule : -2 ;
module :  ;
message : Array ;

2017-03-09 07:31:01 response :
------------

2017-03-09 07:32:58 trace :
------------
Array:
tousername : gh_6536061e4435 ;
fromusername : oKwkYw5hiet9aIoMvpfdt0UcJyzc ;
createtime : 1489015978 ;
msgtype : event ;
event : VIEW ;
eventkey : http://kh39.61why.com/app/index.php?i=2&c=entry&eid=198 ;
menuid : 410600728 ;
from : oKwkYw5hiet9aIoMvpfdt0UcJyzc ;
to : gh_6536061e4435 ;
time : 1489015978 ;
type : event ;

2017-03-09 07:32:58 params :
------------
Array:
rule : -2 ;
module :  ;
message : Array ;

2017-03-09 07:32:58 response :
------------

2017-03-09 07:57:09 trace :
------------
Array:
tousername : gh_6536061e4435 ;
fromusername : oKwkYw4IzDrtNTrmpOXcl_HocQtM ;
createtime : 1489017429 ;
msgtype : event ;
event : VIEW ;
eventkey : http://kh39.61why.com/app/index.php?i=2&c=entry&eid=194 ;
menuid : 410600728 ;
from : oKwkYw4IzDrtNTrmpOXcl_HocQtM ;
to : gh_6536061e4435 ;
time : 1489017429 ;
type : event ;

2017-03-09 07:57:09 params :
------------
Array:
rule : -2 ;
module :  ;
message : Array ;

2017-03-09 07:57:09 response :
------------

2017-03-09 08:52:07 trace :
------------
Array:
tousername : gh_6536061e4435 ;
fromusername : oKwkYw03W1Pov3xT2Hvnj_ODN-Ug ;
createtime : 1489020727 ;
msgtype : event ;
event : VIEW ;
eventkey : http://kh39.61why.com/app/index.php?i=2&c=entry&eid=198 ;
menuid : 410600728 ;
from : oKwkYw03W1Pov3xT2Hvnj_ODN-Ug ;
to : gh_6536061e4435 ;
time : 1489020727 ;
type : event ;

2017-03-09 08:52:07 params :
------------
Array:
rule : -2 ;
module :  ;
message : Array ;

2017-03-09 08:52:07 response :
------------

2017-03-09 09:12:25 trace :
------------
Array:
tousername : gh_6536061e4435 ;
fromusername : oKwkYw22rCbBSaALxIaH8w23nsLQ ;
createtime : 1489021945 ;
msgtype : event ;
event : VIEW ;
eventkey : http://kh39.61why.com/app/index.php?i=2&c=entry&eid=198 ;
menuid : 410600728 ;
from : oKwkYw22rCbBSaALxIaH8w23nsLQ ;
to : gh_6536061e4435 ;
time : 1489021945 ;
type : event ;

2017-03-09 09:12:25 params :
------------
Array:
rule : -2 ;
module :  ;
message : Array ;

2017-03-09 09:12:25 response :
------------

2017-03-09 09:12:51 trace :
------------
Array:
tousername : gh_6536061e4435 ;
fromusername : oKwkYw22rCbBSaALxIaH8w23nsLQ ;
createtime : 1489021971 ;
msgtype : event ;
event : VIEW ;
eventkey : http://kh39.61why.com/app/index.php?i=2&c=entry&eid=198 ;
menuid : 410600728 ;
from : oKwkYw22rCbBSaALxIaH8w23nsLQ ;
to : gh_6536061e4435 ;
time : 1489021971 ;
type : event ;

2017-03-09 09:12:51 params :
------------
Array:
rule : -2 ;
module :  ;
message : Array ;

2017-03-09 09:12:51 response :
------------

2017-03-09 09:13:37 trace :
------------
Array:
tousername : gh_6536061e4435 ;
fromusername : oKwkYwwKa_aL23Yf3Ab-k4S4pGHU ;
createtime : 1489022017 ;
msgtype : event ;
event : VIEW ;
eventkey : http://kh39.61why.com/app/index.php?i=2&c=entry&eid=194 ;
menuid : 410600728 ;
from : oKwkYwwKa_aL23Yf3Ab-k4S4pGHU ;
to : gh_6536061e4435 ;
time : 1489022017 ;
type : event ;

2017-03-09 09:13:37 params :
------------
Array:
rule : -2 ;
module :  ;
message : Array ;

2017-03-09 09:13:37 response :
------------

2017-03-09 09:15:13 trace :
------------
Array:
tousername : gh_6536061e4435 ;
fromusername : oKwkYwwKa_aL23Yf3Ab-k4S4pGHU ;
createtime : 1489022113 ;
msgtype : event ;
event : VIEW ;
eventkey : http://kh39.61why.com/app/index.php?i=2&c=entry&eid=194 ;
menuid : 410600728 ;
from : oKwkYwwKa_aL23Yf3Ab-k4S4pGHU ;
to : gh_6536061e4435 ;
time : 1489022113 ;
type : event ;

2017-03-09 09:15:13 params :
------------
Array:
rule : -2 ;
module :  ;
message : Array ;

2017-03-09 09:15:13 response :
------------

2017-03-09 09:46:48 trace :
------------
Array:
tousername : gh_6536061e4435 ;
fromusername : oKwkYw7K9xHIr91Csk-qENfcagnM ;
createtime : 1489024007 ;
msgtype : event ;
event : VIEW ;
eventkey : http://kh39.61why.com/app/index.php?i=2&c=entry&eid=198 ;
menuid : 410600728 ;
from : oKwkYw7K9xHIr91Csk-qENfcagnM ;
to : gh_6536061e4435 ;
time : 1489024007 ;
type : event ;

2017-03-09 09:46:48 params :
------------
Array:
rule : -2 ;
module :  ;
message : Array ;

2017-03-09 09:46:48 response :
------------

2017-03-09 09:47:18 trace :
------------
Array:
tousername : gh_6536061e4435 ;
fromusername : oKwkYw9A27iCE2wbx5IXncAJ21Sw ;
createtime : 1489024038 ;
msgtype : event ;
event : VIEW ;
eventkey : http://kh39.61why.com/app/index.php?i=2&c=entry&eid=194 ;
menuid : 410600728 ;
from : oKwkYw9A27iCE2wbx5IXncAJ21Sw ;
to : gh_6536061e4435 ;
time : 1489024038 ;
type : event ;

2017-03-09 09:47:18 params :
------------
Array:
rule : -2 ;
module :  ;
message : Array ;

2017-03-09 09:47:18 response :
------------

2017-03-09 09:47:40 trace :
------------
Array:
tousername : gh_6536061e4435 ;
fromusername : oKwkYw9A27iCE2wbx5IXncAJ21Sw ;
createtime : 1489024059 ;
msgtype : event ;
event : VIEW ;
eventkey : http://kh39.61why.com/app/index.php?i=2&c=entry&eid=194 ;
menuid : 410600728 ;
from : oKwkYw9A27iCE2wbx5IXncAJ21Sw ;
to : gh_6536061e4435 ;
time : 1489024059 ;
type : event ;

2017-03-09 09:47:40 params :
------------
Array:
rule : -2 ;
module :  ;
message : Array ;

2017-03-09 09:47:40 response :
------------

2017-03-09 09:55:02 trace :
------------
Array:
tousername : gh_6536061e4435 ;
fromusername : oKwkYw2-i-Lq4tD9FQ1KUydmcxnA ;
createtime : 1489024502 ;
msgtype : event ;
event : VIEW ;
eventkey : http://kh39.61why.com/app/index.php?i=2&c=entry&eid=194 ;
menuid : 410600728 ;
from : oKwkYw2-i-Lq4tD9FQ1KUydmcxnA ;
to : gh_6536061e4435 ;
time : 1489024502 ;
type : event ;

2017-03-09 09:55:02 params :
------------
Array:
rule : -2 ;
module :  ;
message : Array ;

2017-03-09 09:55:02 response :
------------

2017-03-09 09:56:51 trace :
------------
Array:
tousername : gh_6536061e4435 ;
fromusername : oKwkYw2-i-Lq4tD9FQ1KUydmcxnA ;
createtime : 1489024611 ;
msgtype : event ;
event : CLICK ;
eventkey : 二维码 ;
from : oKwkYw2-i-Lq4tD9FQ1KUydmcxnA ;
to : gh_6536061e4435 ;
time : 1489024611 ;
type : event ;

2017-03-09 09:57:09 trace :
------------
Array:
tousername : gh_6536061e4435 ;
fromusername : oKwkYw9TL8RsvGfIZsxnYmZFL3rw ;
createtime : 1489024629 ;
msgtype : event ;
event : subscribe ;
eventkey : qrscene_bb11e650397b0645d530326b0ff6681b ;
ticket : gQHs8TwAAAAAAAAAAS5odHRwOi8vd2VpeGluLnFxLmNvbS9xLzAyWk1QZjBUSDljbzMxMDAwMDAwN1UAAgRXi79YAwQAAAAA ;
from : oKwkYw9TL8RsvGfIZsxnYmZFL3rw ;
to : gh_6536061e4435 ;
time : 1489024629 ;
type : subscribe ;
scene : bb11e650397b0645d530326b0ff6681b ;

2017-03-09 09:58:26 trace :
------------
Array:
tousername : gh_6536061e4435 ;
fromusername : oKwkYw9oQd9oP62y3bjX2qdY9Zbs ;
createtime : 1489024706 ;
msgtype : event ;
event : VIEW ;
eventkey : http://kh39.61why.com/app/index.php?i=2&c=entry&eid=198 ;
menuid : 410600728 ;
from : oKwkYw9oQd9oP62y3bjX2qdY9Zbs ;
to : gh_6536061e4435 ;
time : 1489024706 ;
type : event ;

2017-03-09 09:58:26 params :
------------
Array:
rule : -2 ;
module :  ;
message : Array ;

2017-03-09 09:58:26 response :
------------

2017-03-09 10:10:05 trace :
------------
Array:
tousername : gh_6536061e4435 ;
fromusername : oKwkYw5S8zWw6zCS6dGdWuuV95fM ;
createtime : 1489025405 ;
msgtype : event ;
event : VIEW ;
eventkey : http://kh39.61why.com/app/index.php?i=2&c=entry&eid=198 ;
menuid : 410600728 ;
from : oKwkYw5S8zWw6zCS6dGdWuuV95fM ;
to : gh_6536061e4435 ;
time : 1489025405 ;
type : event ;

2017-03-09 10:10:05 params :
------------
Array:
rule : -2 ;
module :  ;
message : Array ;

2017-03-09 10:10:05 response :
------------

2017-03-09 10:26:21 trace :
------------
Array:
tousername : gh_6536061e4435 ;
fromusername : oKwkYwzC6wmSvTHzjy2mKDlQGgSo ;
createtime : 1489026381 ;
msgtype : event ;
event : subscribe ;
eventkey : qrscene_72326a5617c1da674bdd905cf6388505 ;
ticket : gQEh8DwAAAAAAAAAAS5odHRwOi8vd2VpeGluLnFxLmNvbS9xLzAybG14TDBGSDljbzMxMDAwMGcwN2IAAgRvGW5YAwQAAAAA ;
from : oKwkYwzC6wmSvTHzjy2mKDlQGgSo ;
to : gh_6536061e4435 ;
time : 1489026381 ;
type : subscribe ;
scene : 72326a5617c1da674bdd905cf6388505 ;

2017-03-09 10:26:25 trace :
------------
Array:
tousername : gh_6536061e4435 ;
fromusername : oKwkYwzC6wmSvTHzjy2mKDlQGgSo ;
createtime : 1489026385 ;
msgtype : event ;
event : VIEW ;
eventkey : http://kh39.61why.com/app/index.php?i=2&c=entry&eid=194 ;
menuid : 410600728 ;
from : oKwkYwzC6wmSvTHzjy2mKDlQGgSo ;
to : gh_6536061e4435 ;
time : 1489026385 ;
type : event ;

2017-03-09 10:26:25 params :
------------
Array:
rule : -2 ;
module :  ;
message : Array ;

2017-03-09 10:26:25 response :
------------

2017-03-09 10:44:35 trace :
------------
Array:
tousername : gh_6536061e4435 ;
fromusername : oKwkYw_9YUO2R6_g49xq01inGKao ;
createtime : 1489027475 ;
msgtype : event ;
event : VIEW ;
eventkey : http://kh39.61why.com/app/index.php?i=2&c=entry&eid=194 ;
menuid : 410600728 ;
from : oKwkYw_9YUO2R6_g49xq01inGKao ;
to : gh_6536061e4435 ;
time : 1489027475 ;
type : event ;

2017-03-09 10:44:35 params :
------------
Array:
rule : -2 ;
module :  ;
message : Array ;

2017-03-09 10:44:35 response :
------------

2017-03-09 10:48:20 trace :
------------
Array:
tousername : gh_6536061e4435 ;
fromusername : oKwkYw4ZBjn_U54j0V5E72t67-l4 ;
createtime : 1489027700 ;
msgtype : event ;
event : VIEW ;
eventkey : http://kh39.61why.com/app/index.php?i=2&c=entry&eid=198 ;
menuid : 410600728 ;
from : oKwkYw4ZBjn_U54j0V5E72t67-l4 ;
to : gh_6536061e4435 ;
time : 1489027700 ;
type : event ;

2017-03-09 10:48:20 params :
------------
Array:
rule : -2 ;
module :  ;
message : Array ;

2017-03-09 10:48:20 response :
------------

2017-03-09 11:28:39 trace :
------------
Array:
tousername : gh_6536061e4435 ;
fromusername : oKwkYwwKa_aL23Yf3Ab-k4S4pGHU ;
createtime : 1489030119 ;
msgtype : event ;
event : VIEW ;
eventkey : http://kh39.61why.com/app/index.php?i=2&c=entry&eid=194 ;
menuid : 410600728 ;
from : oKwkYwwKa_aL23Yf3Ab-k4S4pGHU ;
to : gh_6536061e4435 ;
time : 1489030119 ;
type : event ;

2017-03-09 11:28:39 params :
------------
Array:
rule : -2 ;
module :  ;
message : Array ;

2017-03-09 11:28:39 response :
------------

2017-03-09 11:33:48 trace :
------------
Array:
tousername : gh_6536061e4435 ;
fromusername : oKwkYwwKa_aL23Yf3Ab-k4S4pGHU ;
createtime : 1489030428 ;
msgtype : event ;
event : VIEW ;
eventkey : http://kh39.61why.com/app/index.php?i=2&c=entry&eid=194 ;
menuid : 410600728 ;
from : oKwkYwwKa_aL23Yf3Ab-k4S4pGHU ;
to : gh_6536061e4435 ;
time : 1489030428 ;
type : event ;

2017-03-09 11:33:48 params :
------------
Array:
rule : -2 ;
module :  ;
message : Array ;

2017-03-09 11:33:48 response :
------------

2017-03-09 11:54:25 trace :
------------
Array:
tousername : gh_6536061e4435 ;
fromusername : oKwkYw0D7snKw9WJkTr_EzwW-SF0 ;
createtime : 1489031665 ;
msgtype : event ;
event : VIEW ;
eventkey : http://kh39.61why.com/app/index.php?i=2&c=entry&eid=198 ;
menuid : 410600728 ;
from : oKwkYw0D7snKw9WJkTr_EzwW-SF0 ;
to : gh_6536061e4435 ;
time : 1489031665 ;
type : event ;

2017-03-09 11:54:25 params :
------------
Array:
rule : -2 ;
module :  ;
message : Array ;

2017-03-09 11:54:25 response :
------------

2017-03-09 11:54:43 trace :
------------
Array:
tousername : gh_6536061e4435 ;
fromusername : oKwkYw0D7snKw9WJkTr_EzwW-SF0 ;
createtime : 1489031683 ;
msgtype : event ;
event : VIEW ;
eventkey : http://kh39.61why.com/app/index.php?i=2&c=entry&eid=198 ;
menuid : 410600728 ;
from : oKwkYw0D7snKw9WJkTr_EzwW-SF0 ;
to : gh_6536061e4435 ;
time : 1489031683 ;
type : event ;

2017-03-09 11:54:43 params :
------------
Array:
rule : -2 ;
module :  ;
message : Array ;

2017-03-09 11:54:43 response :
------------

2017-03-09 11:55:09 trace :
------------
Array:
tousername : gh_6536061e4435 ;
fromusername : oKwkYw0D7snKw9WJkTr_EzwW-SF0 ;
createtime : 1489031709 ;
msgtype : event ;
event : VIEW ;
eventkey : http://kh39.61why.com/app/index.php?i=2&c=entry&eid=198 ;
menuid : 410600728 ;
from : oKwkYw0D7snKw9WJkTr_EzwW-SF0 ;
to : gh_6536061e4435 ;
time : 1489031709 ;
type : event ;

2017-03-09 11:55:09 params :
------------
Array:
rule : -2 ;
module :  ;
message : Array ;

2017-03-09 11:55:09 response :
------------

2017-03-09 11:55:59 trace :
------------
Array:
tousername : gh_6536061e4435 ;
fromusername : oKwkYw0D7snKw9WJkTr_EzwW-SF0 ;
createtime : 1489031759 ;
msgtype : event ;
event : VIEW ;
eventkey : http://kh39.61why.com/app/index.php?i=2&c=entry&eid=194 ;
menuid : 410600728 ;
from : oKwkYw0D7snKw9WJkTr_EzwW-SF0 ;
to : gh_6536061e4435 ;
time : 1489031759 ;
type : event ;

2017-03-09 11:55:59 params :
------------
Array:
rule : -2 ;
module :  ;
message : Array ;

2017-03-09 11:55:59 response :
------------

2017-03-09 12:00:41 trace :
------------
Array:
tousername : gh_6536061e4435 ;
fromusername : oKwkYw_EDe1hExGb1L86F-oexvmY ;
createtime : 1489032041 ;
msgtype : event ;
event : subscribe ;
eventkey : qrscene_d8aef4db56ee9b3875f012496226d43e ;
ticket : gQGI8DwAAAAAAAAAAS5odHRwOi8vd2VpeGluLnFxLmNvbS9xLzAyd21ZRjFrSDljbzMxMDAwMGcwN0QAAgQeFW5YAwQAAAAA ;
from : oKwkYw_EDe1hExGb1L86F-oexvmY ;
to : gh_6536061e4435 ;
time : 1489032041 ;
type : subscribe ;
scene : d8aef4db56ee9b3875f012496226d43e ;

2017-03-09 12:02:40 trace :
------------
Array:
tousername : gh_6536061e4435 ;
fromusername : oKwkYw_EDe1hExGb1L86F-oexvmY ;
createtime : 1489032160 ;
msgtype : event ;
event : VIEW ;
eventkey : http://kh39.61why.com/app/index.php?i=2&c=entry&eid=194 ;
menuid : 410600728 ;
from : oKwkYw_EDe1hExGb1L86F-oexvmY ;
to : gh_6536061e4435 ;
time : 1489032160 ;
type : event ;

2017-03-09 12:02:40 params :
------------
Array:
rule : -2 ;
module :  ;
message : Array ;

2017-03-09 12:02:40 response :
------------

2017-03-09 12:05:34 trace :
------------
Array:
tousername : gh_6536061e4435 ;
fromusername : oKwkYw5hiet9aIoMvpfdt0UcJyzc ;
createtime : 1489032334 ;
msgtype : event ;
event : VIEW ;
eventkey : http://kh39.61why.com/app/index.php?i=2&c=entry&eid=198 ;
menuid : 410600728 ;
from : oKwkYw5hiet9aIoMvpfdt0UcJyzc ;
to : gh_6536061e4435 ;
time : 1489032334 ;
type : event ;

2017-03-09 12:05:34 params :
------------
Array:
rule : -2 ;
module :  ;
message : Array ;

2017-03-09 12:05:34 response :
------------

2017-03-09 12:14:07 trace :
------------
Array:
tousername : gh_6536061e4435 ;
fromusername : oKwkYw0xRRwDK29pobW4DAl4fZu0 ;
createtime : 1489032847 ;
msgtype : event ;
event : VIEW ;
eventkey : http://kh39.61why.com/app/index.php?i=2&c=entry&eid=198 ;
menuid : 410600728 ;
from : oKwkYw0xRRwDK29pobW4DAl4fZu0 ;
to : gh_6536061e4435 ;
time : 1489032847 ;
type : event ;

2017-03-09 12:14:07 params :
------------
Array:
rule : -2 ;
module :  ;
message : Array ;

2017-03-09 12:14:07 response :
------------

2017-03-09 12:33:47 trace :
------------
Array:
tousername : gh_6536061e4435 ;
fromusername : oKwkYw_EDe1hExGb1L86F-oexvmY ;
createtime : 1489034027 ;
msgtype : event ;
event : VIEW ;
eventkey : http://kh39.61why.com/app/index.php?i=2&c=entry&eid=194 ;
menuid : 410600728 ;
from : oKwkYw_EDe1hExGb1L86F-oexvmY ;
to : gh_6536061e4435 ;
time : 1489034027 ;
type : event ;

2017-03-09 12:33:47 params :
------------
Array:
rule : -2 ;
module :  ;
message : Array ;

2017-03-09 12:33:47 response :
------------

2017-03-09 12:37:39 trace :
------------
Array:
tousername : gh_6536061e4435 ;
fromusername : oKwkYwyjERfw7XYg2QL9r-EmTJic ;
createtime : 1489034259 ;
msgtype : event ;
event : VIEW ;
eventkey : http://kh39.61why.com/app/index.php?i=2&c=entry&eid=194 ;
menuid : 410600728 ;
from : oKwkYwyjERfw7XYg2QL9r-EmTJic ;
to : gh_6536061e4435 ;
time : 1489034259 ;
type : event ;

2017-03-09 12:37:39 params :
------------
Array:
rule : -2 ;
module :  ;
message : Array ;

2017-03-09 12:37:39 response :
------------

2017-03-09 12:42:13 trace :
------------
Array:
tousername : gh_6536061e4435 ;
fromusername : oKwkYw5hiet9aIoMvpfdt0UcJyzc ;
createtime : 1489034533 ;
msgtype : event ;
event : VIEW ;
eventkey : http://kh39.61why.com/app/index.php?i=2&c=entry&eid=194 ;
menuid : 410600728 ;
from : oKwkYw5hiet9aIoMvpfdt0UcJyzc ;
to : gh_6536061e4435 ;
time : 1489034533 ;
type : event ;

2017-03-09 12:42:13 params :
------------
Array:
rule : -2 ;
module :  ;
message : Array ;

2017-03-09 12:42:13 response :
------------

2017-03-09 12:44:51 trace :
------------
Array:
tousername : gh_6536061e4435 ;
fromusername : oKwkYwyjERfw7XYg2QL9r-EmTJic ;
createtime : 1489034691 ;
msgtype : event ;
event : VIEW ;
eventkey : http://kh39.61why.com/app/index.php?i=2&c=entry&eid=194 ;
menuid : 410600728 ;
from : oKwkYwyjERfw7XYg2QL9r-EmTJic ;
to : gh_6536061e4435 ;
time : 1489034691 ;
type : event ;

2017-03-09 12:44:51 params :
------------
Array:
rule : -2 ;
module :  ;
message : Array ;

2017-03-09 12:44:51 response :
------------

2017-03-09 12:54:28 trace :
------------
Array:
tousername : gh_6536061e4435 ;
fromusername : oKwkYw3l0eGz3H7e62pX1IDFxwCY ;
createtime : 1489035268 ;
msgtype : event ;
event : VIEW ;
eventkey : http://kh39.61why.com/app/index.php?i=2&c=entry&eid=194 ;
menuid : 410600728 ;
from : oKwkYw3l0eGz3H7e62pX1IDFxwCY ;
to : gh_6536061e4435 ;
time : 1489035268 ;
type : event ;

2017-03-09 12:54:28 params :
------------
Array:
rule : -2 ;
module :  ;
message : Array ;

2017-03-09 12:54:28 response :
------------

2017-03-09 13:15:11 trace :
------------
Array:
tousername : gh_6536061e4435 ;
fromusername : oKwkYwyjERfw7XYg2QL9r-EmTJic ;
createtime : 1489036511 ;
msgtype : event ;
event : CLICK ;
eventkey : 二维码 ;
from : oKwkYwyjERfw7XYg2QL9r-EmTJic ;
to : gh_6536061e4435 ;
time : 1489036511 ;
type : event ;

2017-03-09 13:15:14 trace :
------------
Array:
tousername : gh_6536061e4435 ;
fromusername : oKwkYwyjERfw7XYg2QL9r-EmTJic ;
createtime : 1489036514 ;
msgtype : event ;
event : CLICK ;
eventkey : 二维码 ;
from : oKwkYwyjERfw7XYg2QL9r-EmTJic ;
to : gh_6536061e4435 ;
time : 1489036514 ;
type : event ;

2017-03-09 13:24:47 trace :
------------
Array:
tousername : gh_6536061e4435 ;
fromusername : oKwkYw_EA3VpOigDUNydKbSRsLyY ;
createtime : 1489037087 ;
msgtype : event ;
event : VIEW ;
eventkey : http://kh39.61why.com/app/index.php?i=2&c=entry&eid=198 ;
menuid : 410600728 ;
from : oKwkYw_EA3VpOigDUNydKbSRsLyY ;
to : gh_6536061e4435 ;
time : 1489037087 ;
type : event ;

2017-03-09 13:24:47 params :
------------
Array:
rule : -2 ;
module :  ;
message : Array ;

2017-03-09 13:24:47 response :
------------

2017-03-09 13:49:38 trace :
------------
Array:
tousername : gh_6536061e4435 ;
fromusername : oKwkYwyjERfw7XYg2QL9r-EmTJic ;
createtime : 1489038578 ;
msgtype : event ;
event : VIEW ;
eventkey : http://kh39.61why.com/app/index.php?i=2&c=entry&eid=198 ;
menuid : 410600728 ;
from : oKwkYwyjERfw7XYg2QL9r-EmTJic ;
to : gh_6536061e4435 ;
time : 1489038578 ;
type : event ;

2017-03-09 13:49:38 params :
------------
Array:
rule : -2 ;
module :  ;
message : Array ;

2017-03-09 13:49:38 response :
------------

2017-03-09 13:50:01 trace :
------------
Array:
tousername : gh_6536061e4435 ;
fromusername : oKwkYw5hiet9aIoMvpfdt0UcJyzc ;
createtime : 1489038601 ;
msgtype : event ;
event : VIEW ;
eventkey : http://kh39.61why.com/app/index.php?i=2&c=entry&eid=198 ;
menuid : 410600728 ;
from : oKwkYw5hiet9aIoMvpfdt0UcJyzc ;
to : gh_6536061e4435 ;
time : 1489038601 ;
type : event ;

2017-03-09 13:50:01 params :
------------
Array:
rule : -2 ;
module :  ;
message : Array ;

2017-03-09 13:50:01 response :
------------

2017-03-09 14:15:42 trace :
------------
Array:
tousername : gh_6536061e4435 ;
fromusername : oKwkYw5S8zWw6zCS6dGdWuuV95fM ;
createtime : 1489040142 ;
msgtype : event ;
event : VIEW ;
eventkey : http://kh39.61why.com/app/index.php?i=2&c=entry&eid=198 ;
menuid : 410600728 ;
from : oKwkYw5S8zWw6zCS6dGdWuuV95fM ;
to : gh_6536061e4435 ;
time : 1489040142 ;
type : event ;

2017-03-09 14:15:42 params :
------------
Array:
rule : -2 ;
module :  ;
message : Array ;

2017-03-09 14:15:42 response :
------------

2017-03-09 14:20:57 trace :
------------
Array:
tousername : gh_6536061e4435 ;
fromusername : oKwkYwyjERfw7XYg2QL9r-EmTJic ;
createtime : 1489040457 ;
msgtype : event ;
event : VIEW ;
eventkey : http://kh39.61why.com/app/index.php?i=2&c=entry&eid=198 ;
menuid : 410600728 ;
from : oKwkYwyjERfw7XYg2QL9r-EmTJic ;
to : gh_6536061e4435 ;
time : 1489040457 ;
type : event ;

2017-03-09 14:20:57 params :
------------
Array:
rule : -2 ;
module :  ;
message : Array ;

2017-03-09 14:20:57 response :
------------

2017-03-09 14:31:20 trace :
------------
Array:
tousername : gh_6536061e4435 ;
fromusername : oKwkYwyjERfw7XYg2QL9r-EmTJic ;
createtime : 1489041080 ;
msgtype : event ;
event : VIEW ;
eventkey : http://kh39.61why.com/app/index.php?i=2&c=entry&eid=198 ;
menuid : 410600728 ;
from : oKwkYwyjERfw7XYg2QL9r-EmTJic ;
to : gh_6536061e4435 ;
time : 1489041080 ;
type : event ;

2017-03-09 14:31:20 params :
------------
Array:
rule : -2 ;
module :  ;
message : Array ;

2017-03-09 14:31:20 response :
------------

2017-03-09 14:33:01 trace :
------------
Array:
tousername : gh_6536061e4435 ;
fromusername : oKwkYwyjERfw7XYg2QL9r-EmTJic ;
createtime : 1489041181 ;
msgtype : event ;
event : CLICK ;
eventkey : 二维码 ;
from : oKwkYwyjERfw7XYg2QL9r-EmTJic ;
to : gh_6536061e4435 ;
time : 1489041181 ;
type : event ;

2017-03-09 14:33:07 trace :
------------
Array:
tousername : gh_6536061e4435 ;
fromusername : oKwkYwyjERfw7XYg2QL9r-EmTJic ;
createtime : 1489041187 ;
msgtype : event ;
event : VIEW ;
eventkey : http://kh39.61why.com/app/index.php?i=2&c=entry&eid=194 ;
menuid : 410600728 ;
from : oKwkYwyjERfw7XYg2QL9r-EmTJic ;
to : gh_6536061e4435 ;
time : 1489041187 ;
type : event ;

2017-03-09 14:33:07 params :
------------
Array:
rule : -2 ;
module :  ;
message : Array ;

2017-03-09 14:33:07 response :
------------

2017-03-09 14:36:22 trace :
------------
Array:
tousername : gh_6536061e4435 ;
fromusername : oKwkYwyjERfw7XYg2QL9r-EmTJic ;
createtime : 1489041382 ;
msgtype : event ;
event : VIEW ;
eventkey : http://kh39.61why.com/app/index.php?i=2&c=entry&eid=194 ;
menuid : 410600728 ;
from : oKwkYwyjERfw7XYg2QL9r-EmTJic ;
to : gh_6536061e4435 ;
time : 1489041382 ;
type : event ;

2017-03-09 14:36:22 params :
------------
Array:
rule : -2 ;
module :  ;
message : Array ;

2017-03-09 14:36:22 response :
------------

2017-03-09 14:37:10 trace :
------------
Array:
tousername : gh_6536061e4435 ;
fromusername : oKwkYwyjERfw7XYg2QL9r-EmTJic ;
createtime : 1489041430 ;
msgtype : event ;
event : SCAN ;
eventkey : 383ac9b8c7e554edb644bb8e09adc44d ;
ticket : gQFu8TwAAAAAAAAAAS5odHRwOi8vd2VpeGluLnFxLmNvbS9xLzAyVnFKTDB3SDljbzMxMDAwMGcwN1cAAgQDD7FYAwQAAAAA ;
from : oKwkYwyjERfw7XYg2QL9r-EmTJic ;
to : gh_6536061e4435 ;
time : 1489041430 ;
type : subscribe ;
scene : 383ac9b8c7e554edb644bb8e09adc44d ;

2017-03-09 14:38:02 trace :
------------
Array:
tousername : gh_6536061e4435 ;
fromusername : oKwkYwyjERfw7XYg2QL9r-EmTJic ;
createtime : 1489041482 ;
msgtype : event ;
event : VIEW ;
eventkey : http://kh39.61why.com/app/index.php?i=2&c=entry&eid=194 ;
menuid : 410600728 ;
from : oKwkYwyjERfw7XYg2QL9r-EmTJic ;
to : gh_6536061e4435 ;
time : 1489041482 ;
type : event ;

2017-03-09 14:38:02 params :
------------
Array:
rule : -2 ;
module :  ;
message : Array ;

2017-03-09 14:38:02 response :
------------

2017-03-09 14:40:10 trace :
------------
Array:
tousername : gh_6536061e4435 ;
fromusername : oKwkYwyjERfw7XYg2QL9r-EmTJic ;
createtime : 1489041610 ;
msgtype : event ;
event : VIEW ;
eventkey : http://kh39.61why.com/app/index.php?i=2&c=entry&eid=194 ;
menuid : 410600728 ;
from : oKwkYwyjERfw7XYg2QL9r-EmTJic ;
to : gh_6536061e4435 ;
time : 1489041610 ;
type : event ;

2017-03-09 14:40:10 params :
------------
Array:
rule : -2 ;
module :  ;
message : Array ;

2017-03-09 14:40:10 response :
------------

2017-03-09 14:40:44 trace :
------------
Array:
tousername : gh_6536061e4435 ;
fromusername : oKwkYwyjERfw7XYg2QL9r-EmTJic ;
createtime : 1489041644 ;
msgtype : event ;
event : VIEW ;
eventkey : http://kh39.61why.com/app/index.php?i=2&c=entry&eid=194 ;
menuid : 410600728 ;
from : oKwkYwyjERfw7XYg2QL9r-EmTJic ;
to : gh_6536061e4435 ;
time : 1489041644 ;
type : event ;

2017-03-09 14:40:44 params :
------------
Array:
rule : -2 ;
module :  ;
message : Array ;

2017-03-09 14:40:44 response :
------------

2017-03-09 14:43:26 trace :
------------
Array:
tousername : gh_6536061e4435 ;
fromusername : oKwkYw5hiet9aIoMvpfdt0UcJyzc ;
createtime : 1489041806 ;
msgtype : event ;
event : VIEW ;
eventkey : http://kh39.61why.com/app/index.php?i=2&c=entry&eid=198 ;
menuid : 410600728 ;
from : oKwkYw5hiet9aIoMvpfdt0UcJyzc ;
to : gh_6536061e4435 ;
time : 1489041806 ;
type : event ;

2017-03-09 14:43:26 params :
------------
Array:
rule : -2 ;
module :  ;
message : Array ;

2017-03-09 14:43:26 response :
------------

2017-03-09 14:48:12 trace :
------------
Array:
tousername : gh_6536061e4435 ;
fromusername : oKwkYwyjERfw7XYg2QL9r-EmTJic ;
createtime : 1489042092 ;
msgtype : event ;
event : VIEW ;
eventkey : http://kh39.61why.com/app/index.php?i=2&c=entry&eid=198 ;
menuid : 410600728 ;
from : oKwkYwyjERfw7XYg2QL9r-EmTJic ;
to : gh_6536061e4435 ;
time : 1489042092 ;
type : event ;

2017-03-09 14:48:12 params :
------------
Array:
rule : -2 ;
module :  ;
message : Array ;

2017-03-09 14:48:12 response :
------------

2017-03-09 14:51:32 trace :
------------
Array:
tousername : gh_6536061e4435 ;
fromusername : oKwkYw2AvtOQWVWlszR3cLKUUa3E ;
createtime : 1489042292 ;
msgtype : event ;
event : VIEW ;
eventkey : http://kh39.61why.com/app/index.php?i=2&c=entry&eid=198 ;
menuid : 410600728 ;
from : oKwkYw2AvtOQWVWlszR3cLKUUa3E ;
to : gh_6536061e4435 ;
time : 1489042292 ;
type : event ;

2017-03-09 14:51:32 params :
------------
Array:
rule : -2 ;
module :  ;
message : Array ;

2017-03-09 14:51:32 response :
------------

2017-03-09 14:52:10 trace :
------------
Array:
tousername : gh_6536061e4435 ;
fromusername : oKwkYw5Hv5-mrEGrZ572fv2JrB_s ;
createtime : 1489042330 ;
msgtype : event ;
event : VIEW ;
eventkey : http://kh39.61why.com/app/index.php?i=2&c=entry&eid=194 ;
menuid : 410600728 ;
from : oKwkYw5Hv5-mrEGrZ572fv2JrB_s ;
to : gh_6536061e4435 ;
time : 1489042330 ;
type : event ;

2017-03-09 14:52:10 params :
------------
Array:
rule : -2 ;
module :  ;
message : Array ;

2017-03-09 14:52:10 response :
------------

2017-03-09 15:01:44 trace :
------------
Array:
tousername : gh_6536061e4435 ;
fromusername : oKwkYw_czhGJMhzRk-PvvkgFyKMI ;
createtime : 1489042904 ;
msgtype : event ;
event : VIEW ;
eventkey : http://kh39.61why.com/app/index.php?i=2&c=entry&eid=194 ;
menuid : 410600728 ;
from : oKwkYw_czhGJMhzRk-PvvkgFyKMI ;
to : gh_6536061e4435 ;
time : 1489042904 ;
type : event ;

2017-03-09 15:01:44 params :
------------
Array:
rule : -2 ;
module :  ;
message : Array ;

2017-03-09 15:01:44 response :
------------

2017-03-09 15:07:34 trace :
------------
Array:
tousername : gh_6536061e4435 ;
fromusername : oKwkYwyjERfw7XYg2QL9r-EmTJic ;
createtime : 1489043254 ;
msgtype : event ;
event : VIEW ;
eventkey : http://kh39.61why.com/app/index.php?i=2&c=entry&eid=194 ;
menuid : 410600728 ;
from : oKwkYwyjERfw7XYg2QL9r-EmTJic ;
to : gh_6536061e4435 ;
time : 1489043254 ;
type : event ;

2017-03-09 15:07:34 params :
------------
Array:
rule : -2 ;
module :  ;
message : Array ;

2017-03-09 15:07:34 response :
------------

2017-03-09 15:07:36 trace :
------------
Array:
tousername : gh_6536061e4435 ;
fromusername : oKwkYwyjERfw7XYg2QL9r-EmTJic ;
createtime : 1489043255 ;
msgtype : event ;
event : VIEW ;
eventkey : http://kh39.61why.com/app/index.php?i=2&c=entry&eid=198 ;
menuid : 410600728 ;
from : oKwkYwyjERfw7XYg2QL9r-EmTJic ;
to : gh_6536061e4435 ;
time : 1489043255 ;
type : event ;

2017-03-09 15:07:36 params :
------------
Array:
rule : -2 ;
module :  ;
message : Array ;

2017-03-09 15:07:36 response :
------------

2017-03-09 15:08:26 trace :
------------
Array:
tousername : gh_6536061e4435 ;
fromusername : oKwkYwyjERfw7XYg2QL9r-EmTJic ;
createtime : 1489043306 ;
msgtype : event ;
event : VIEW ;
eventkey : http://kh39.61why.com/app/index.php?i=2&c=entry&eid=198 ;
menuid : 410600728 ;
from : oKwkYwyjERfw7XYg2QL9r-EmTJic ;
to : gh_6536061e4435 ;
time : 1489043306 ;
type : event ;

2017-03-09 15:08:26 params :
------------
Array:
rule : -2 ;
module :  ;
message : Array ;

2017-03-09 15:08:26 response :
------------

2017-03-09 15:25:53 trace :
------------
Array:
tousername : gh_6536061e4435 ;
fromusername : oKwkYw0D7snKw9WJkTr_EzwW-SF0 ;
createtime : 1489044353 ;
msgtype : event ;
event : VIEW ;
eventkey : http://kh39.61why.com/app/index.php?i=2&c=entry&eid=198 ;
menuid : 410600728 ;
from : oKwkYw0D7snKw9WJkTr_EzwW-SF0 ;
to : gh_6536061e4435 ;
time : 1489044353 ;
type : event ;

2017-03-09 15:25:53 params :
------------
Array:
rule : -2 ;
module :  ;
message : Array ;

2017-03-09 15:25:53 response :
------------

2017-03-09 15:25:55 trace :
------------
Array:
tousername : gh_6536061e4435 ;
fromusername : oKwkYw0D7snKw9WJkTr_EzwW-SF0 ;
createtime : 1489044355 ;
msgtype : event ;
event : VIEW ;
eventkey : http://kh39.61why.com/app/index.php?i=2&c=entry&eid=194 ;
menuid : 410600728 ;
from : oKwkYw0D7snKw9WJkTr_EzwW-SF0 ;
to : gh_6536061e4435 ;
time : 1489044355 ;
type : event ;

2017-03-09 15:25:55 params :
------------
Array:
rule : -2 ;
module :  ;
message : Array ;

2017-03-09 15:25:55 response :
------------

2017-03-09 15:32:16 trace :
------------
Array:
tousername : gh_6536061e4435 ;
fromusername : oKwkYw9A27iCE2wbx5IXncAJ21Sw ;
createtime : 1489044736 ;
msgtype : event ;
event : VIEW ;
eventkey : http://kh39.61why.com/app/index.php?i=2&c=entry&eid=198 ;
menuid : 410600728 ;
from : oKwkYw9A27iCE2wbx5IXncAJ21Sw ;
to : gh_6536061e4435 ;
time : 1489044736 ;
type : event ;

2017-03-09 15:32:16 params :
------------
Array:
rule : -2 ;
module :  ;
message : Array ;

2017-03-09 15:32:16 response :
------------

2017-03-09 15:33:29 trace :
------------
Array:
tousername : gh_6536061e4435 ;
fromusername : oKwkYw9A27iCE2wbx5IXncAJ21Sw ;
createtime : 1489044809 ;
msgtype : event ;
event : VIEW ;
eventkey : http://kh39.61why.com/app/index.php?i=2&c=entry&eid=194 ;
menuid : 410600728 ;
from : oKwkYw9A27iCE2wbx5IXncAJ21Sw ;
to : gh_6536061e4435 ;
time : 1489044809 ;
type : event ;

2017-03-09 15:33:29 params :
------------
Array:
rule : -2 ;
module :  ;
message : Array ;

2017-03-09 15:33:29 response :
------------

2017-03-09 15:34:46 trace :
------------
Array:
tousername : gh_6536061e4435 ;
fromusername : oKwkYw3l0eGz3H7e62pX1IDFxwCY ;
createtime : 1489044886 ;
msgtype : event ;
event : VIEW ;
eventkey : http://kh39.61why.com/app/index.php?i=2&c=entry&eid=194 ;
menuid : 410600728 ;
from : oKwkYw3l0eGz3H7e62pX1IDFxwCY ;
to : gh_6536061e4435 ;
time : 1489044886 ;
type : event ;

2017-03-09 15:34:46 params :
------------
Array:
rule : -2 ;
module :  ;
message : Array ;

2017-03-09 15:34:46 response :
------------

2017-03-09 15:36:02 trace :
------------
Array:
tousername : gh_6536061e4435 ;
fromusername : oKwkYw9A27iCE2wbx5IXncAJ21Sw ;
createtime : 1489044962 ;
msgtype : event ;
event : VIEW ;
eventkey : http://kh39.61why.com/app/index.php?i=2&c=entry&eid=194 ;
menuid : 410600728 ;
from : oKwkYw9A27iCE2wbx5IXncAJ21Sw ;
to : gh_6536061e4435 ;
time : 1489044962 ;
type : event ;

2017-03-09 15:36:02 params :
------------
Array:
rule : -2 ;
module :  ;
message : Array ;

2017-03-09 15:36:02 response :
------------

2017-03-09 15:45:57 trace :
------------
Array:
tousername : gh_6536061e4435 ;
fromusername : oKwkYw4GCEbpC-zcToEX65-KcXI4 ;
createtime : 1489045557 ;
msgtype : event ;
event : VIEW ;
eventkey : http://kh39.61why.com/app/index.php?i=2&c=entry&eid=198 ;
menuid : 410600728 ;
from : oKwkYw4GCEbpC-zcToEX65-KcXI4 ;
to : gh_6536061e4435 ;
time : 1489045557 ;
type : event ;

2017-03-09 15:45:57 params :
------------
Array:
rule : -2 ;
module :  ;
message : Array ;

2017-03-09 15:45:57 response :
------------

2017-03-09 15:50:41 trace :
------------
Array:
tousername : gh_6536061e4435 ;
fromusername : oKwkYw4GCEbpC-zcToEX65-KcXI4 ;
createtime : 1489045841 ;
msgtype : event ;
event : VIEW ;
eventkey : http://kh39.61why.com/app/index.php?i=2&c=entry&eid=198 ;
menuid : 410600728 ;
from : oKwkYw4GCEbpC-zcToEX65-KcXI4 ;
to : gh_6536061e4435 ;
time : 1489045841 ;
type : event ;

2017-03-09 15:50:41 params :
------------
Array:
rule : -2 ;
module :  ;
message : Array ;

2017-03-09 15:50:41 response :
------------

2017-03-09 15:52:02 trace :
------------
Array:
tousername : gh_6536061e4435 ;
fromusername : oKwkYw0D7snKw9WJkTr_EzwW-SF0 ;
createtime : 1489045922 ;
msgtype : event ;
event : VIEW ;
eventkey : http://kh39.61why.com/app/index.php?i=2&c=entry&eid=198 ;
menuid : 410600728 ;
from : oKwkYw0D7snKw9WJkTr_EzwW-SF0 ;
to : gh_6536061e4435 ;
time : 1489045922 ;
type : event ;

2017-03-09 15:52:02 params :
------------
Array:
rule : -2 ;
module :  ;
message : Array ;

2017-03-09 15:52:02 response :
------------

2017-03-09 15:52:26 trace :
------------
Array:
tousername : gh_6536061e4435 ;
fromusername : oKwkYw0D7snKw9WJkTr_EzwW-SF0 ;
createtime : 1489045946 ;
msgtype : event ;
event : VIEW ;
eventkey : http://kh39.61why.com/app/index.php?i=2&c=entry&eid=194 ;
menuid : 410600728 ;
from : oKwkYw0D7snKw9WJkTr_EzwW-SF0 ;
to : gh_6536061e4435 ;
time : 1489045946 ;
type : event ;

2017-03-09 15:52:26 params :
------------
Array:
rule : -2 ;
module :  ;
message : Array ;

2017-03-09 15:52:26 response :
------------

2017-03-09 15:54:11 trace :
------------
Array:
tousername : gh_6536061e4435 ;
fromusername : oKwkYw0D7snKw9WJkTr_EzwW-SF0 ;
createtime : 1489046051 ;
msgtype : event ;
event : VIEW ;
eventkey : http://kh39.61why.com/app/index.php?i=2&c=entry&eid=194 ;
menuid : 410600728 ;
from : oKwkYw0D7snKw9WJkTr_EzwW-SF0 ;
to : gh_6536061e4435 ;
time : 1489046051 ;
type : event ;

2017-03-09 15:54:11 params :
------------
Array:
rule : -2 ;
module :  ;
message : Array ;

2017-03-09 15:54:11 response :
------------

2017-03-09 15:57:00 trace :
------------
Array:
tousername : gh_6536061e4435 ;
fromusername : oKwkYw0D7snKw9WJkTr_EzwW-SF0 ;
createtime : 1489046220 ;
msgtype : event ;
event : VIEW ;
eventkey : http://kh39.61why.com/app/index.php?i=2&c=entry&eid=194 ;
menuid : 410600728 ;
from : oKwkYw0D7snKw9WJkTr_EzwW-SF0 ;
to : gh_6536061e4435 ;
time : 1489046220 ;
type : event ;

2017-03-09 15:57:00 params :
------------
Array:
rule : -2 ;
module :  ;
message : Array ;

2017-03-09 15:57:00 response :
------------

2017-03-09 15:58:41 trace :
------------
Array:
tousername : gh_6536061e4435 ;
fromusername : oKwkYw0D7snKw9WJkTr_EzwW-SF0 ;
createtime : 1489046321 ;
msgtype : event ;
event : VIEW ;
eventkey : http://kh39.61why.com/app/index.php?i=2&c=entry&eid=194 ;
menuid : 410600728 ;
from : oKwkYw0D7snKw9WJkTr_EzwW-SF0 ;
to : gh_6536061e4435 ;
time : 1489046321 ;
type : event ;

2017-03-09 15:58:41 params :
------------
Array:
rule : -2 ;
module :  ;
message : Array ;

2017-03-09 15:58:41 response :
------------

2017-03-09 15:58:58 trace :
------------
Array:
tousername : gh_6536061e4435 ;
fromusername : oKwkYw0D7snKw9WJkTr_EzwW-SF0 ;
createtime : 1489046338 ;
msgtype : event ;
event : VIEW ;
eventkey : http://kh39.61why.com/app/index.php?i=2&c=entry&eid=198 ;
menuid : 410600728 ;
from : oKwkYw0D7snKw9WJkTr_EzwW-SF0 ;
to : gh_6536061e4435 ;
time : 1489046338 ;
type : event ;

2017-03-09 15:58:58 params :
------------
Array:
rule : -2 ;
module :  ;
message : Array ;

2017-03-09 15:58:58 response :
------------

2017-03-09 16:01:11 trace :
------------
Array:
tousername : gh_6536061e4435 ;
fromusername : oKwkYw9A27iCE2wbx5IXncAJ21Sw ;
createtime : 1489046471 ;
msgtype : event ;
event : VIEW ;
eventkey : http://kh39.61why.com/app/index.php?i=2&c=entry&eid=194 ;
menuid : 410600728 ;
from : oKwkYw9A27iCE2wbx5IXncAJ21Sw ;
to : gh_6536061e4435 ;
time : 1489046471 ;
type : event ;

2017-03-09 16:01:11 params :
------------
Array:
rule : -2 ;
module :  ;
message : Array ;

2017-03-09 16:01:11 response :
------------

2017-03-09 16:01:13 trace :
------------
Array:
tousername : gh_6536061e4435 ;
fromusername : oKwkYw9A27iCE2wbx5IXncAJ21Sw ;
createtime : 1489046473 ;
msgtype : event ;
event : VIEW ;
eventkey : http://kh39.61why.com/app/index.php?i=2&c=entry&eid=198 ;
menuid : 410600728 ;
from : oKwkYw9A27iCE2wbx5IXncAJ21Sw ;
to : gh_6536061e4435 ;
time : 1489046473 ;
type : event ;

2017-03-09 16:01:13 params :
------------
Array:
rule : -2 ;
module :  ;
message : Array ;

2017-03-09 16:01:13 response :
------------

2017-03-09 16:02:50 trace :
------------
Array:
tousername : gh_6536061e4435 ;
fromusername : oKwkYw9A27iCE2wbx5IXncAJ21Sw ;
createtime : 1489046570 ;
msgtype : event ;
event : VIEW ;
eventkey : http://kh39.61why.com/app/index.php?i=2&c=entry&eid=198 ;
menuid : 410600728 ;
from : oKwkYw9A27iCE2wbx5IXncAJ21Sw ;
to : gh_6536061e4435 ;
time : 1489046570 ;
type : event ;

2017-03-09 16:02:50 params :
------------
Array:
rule : -2 ;
module :  ;
message : Array ;

2017-03-09 16:02:50 response :
------------

2017-03-09 16:05:42 trace :
------------
Array:
tousername : gh_6536061e4435 ;
fromusername : oKwkYw4GCEbpC-zcToEX65-KcXI4 ;
createtime : 1489046741 ;
msgtype : event ;
event : VIEW ;
eventkey : http://kh39.61why.com/app/index.php?i=2&c=entry&eid=198 ;
menuid : 410600728 ;
from : oKwkYw4GCEbpC-zcToEX65-KcXI4 ;
to : gh_6536061e4435 ;
time : 1489046741 ;
type : event ;

2017-03-09 16:05:42 params :
------------
Array:
rule : -2 ;
module :  ;
message : Array ;

2017-03-09 16:05:42 response :
------------

2017-03-09 16:11:05 trace :
------------
Array:
tousername : gh_6536061e4435 ;
fromusername : oKwkYwyjERfw7XYg2QL9r-EmTJic ;
createtime : 1489047065 ;
msgtype : event ;
event : VIEW ;
eventkey : http://kh39.61why.com/app/index.php?i=2&c=entry&eid=198 ;
menuid : 410600728 ;
from : oKwkYwyjERfw7XYg2QL9r-EmTJic ;
to : gh_6536061e4435 ;
time : 1489047065 ;
type : event ;

2017-03-09 16:11:05 params :
------------
Array:
rule : -2 ;
module :  ;
message : Array ;

2017-03-09 16:11:05 response :
------------

2017-03-09 16:12:25 trace :
------------
Array:
tousername : gh_6536061e4435 ;
fromusername : oKwkYwyjERfw7XYg2QL9r-EmTJic ;
createtime : 1489047145 ;
msgtype : event ;
event : VIEW ;
eventkey : http://kh39.61why.com/app/index.php?i=2&c=entry&eid=198 ;
menuid : 410600728 ;
from : oKwkYwyjERfw7XYg2QL9r-EmTJic ;
to : gh_6536061e4435 ;
time : 1489047145 ;
type : event ;

2017-03-09 16:12:25 params :
------------
Array:
rule : -2 ;
module :  ;
message : Array ;

2017-03-09 16:12:25 response :
------------

2017-03-09 16:16:13 trace :
------------
Array:
tousername : gh_6536061e4435 ;
fromusername : oKwkYwwKa_aL23Yf3Ab-k4S4pGHU ;
createtime : 1489047373 ;
msgtype : event ;
event : CLICK ;
eventkey : 二维码 ;
from : oKwkYwwKa_aL23Yf3Ab-k4S4pGHU ;
to : gh_6536061e4435 ;
time : 1489047373 ;
type : event ;

2017-03-09 16:16:33 trace :
------------
Array:
tousername : gh_6536061e4435 ;
fromusername : oKwkYwwKa_aL23Yf3Ab-k4S4pGHU ;
createtime : 1489047393 ;
msgtype : event ;
event : VIEW ;
eventkey : http://kh39.61why.com/app/index.php?i=2&c=entry&eid=194 ;
menuid : 410600728 ;
from : oKwkYwwKa_aL23Yf3Ab-k4S4pGHU ;
to : gh_6536061e4435 ;
time : 1489047393 ;
type : event ;

2017-03-09 16:16:33 params :
------------
Array:
rule : -2 ;
module :  ;
message : Array ;

2017-03-09 16:16:33 response :
------------

2017-03-09 16:17:32 trace :
------------
Array:
tousername : gh_6536061e4435 ;
fromusername : oKwkYwwKa_aL23Yf3Ab-k4S4pGHU ;
createtime : 1489047452 ;
msgtype : event ;
event : CLICK ;
eventkey : 二维码 ;
from : oKwkYwwKa_aL23Yf3Ab-k4S4pGHU ;
to : gh_6536061e4435 ;
time : 1489047452 ;
type : event ;

2017-03-09 16:21:07 trace :
------------
Array:
tousername : gh_6536061e4435 ;
fromusername : oKwkYw2-i-Lq4tD9FQ1KUydmcxnA ;
createtime : 1489047667 ;
msgtype : event ;
event : VIEW ;
eventkey : http://kh39.61why.com/app/index.php?i=2&c=entry&eid=194 ;
menuid : 410600728 ;
from : oKwkYw2-i-Lq4tD9FQ1KUydmcxnA ;
to : gh_6536061e4435 ;
time : 1489047667 ;
type : event ;

2017-03-09 16:21:07 params :
------------
Array:
rule : -2 ;
module :  ;
message : Array ;

2017-03-09 16:21:07 response :
------------

2017-03-09 16:21:40 trace :
------------
Array:
tousername : gh_6536061e4435 ;
fromusername : oKwkYw2-i-Lq4tD9FQ1KUydmcxnA ;
createtime : 1489047700 ;
msgtype : event ;
event : VIEW ;
eventkey : http://kh39.61why.com/app/index.php?i=2&c=entry&eid=194 ;
menuid : 410600728 ;
from : oKwkYw2-i-Lq4tD9FQ1KUydmcxnA ;
to : gh_6536061e4435 ;
time : 1489047700 ;
type : event ;

2017-03-09 16:21:40 params :
------------
Array:
rule : -2 ;
module :  ;
message : Array ;

2017-03-09 16:21:40 response :
------------

2017-03-09 16:39:09 trace :
------------
Array:
tousername : gh_6536061e4435 ;
fromusername : oKwkYwwKa_aL23Yf3Ab-k4S4pGHU ;
createtime : 1489048749 ;
msgtype : event ;
event : VIEW ;
eventkey : http://kh39.61why.com/app/index.php?i=2&c=entry&eid=194 ;
menuid : 410600728 ;
from : oKwkYwwKa_aL23Yf3Ab-k4S4pGHU ;
to : gh_6536061e4435 ;
time : 1489048749 ;
type : event ;

2017-03-09 16:39:09 params :
------------
Array:
rule : -2 ;
module :  ;
message : Array ;

2017-03-09 16:39:09 response :
------------

2017-03-09 16:45:07 trace :
------------
Array:
tousername : gh_6536061e4435 ;
fromusername : oKwkYwwKa_aL23Yf3Ab-k4S4pGHU ;
createtime : 1489049107 ;
msgtype : event ;
event : VIEW ;
eventkey : http://kh39.61why.com/app/index.php?i=2&c=entry&eid=194 ;
menuid : 410600728 ;
from : oKwkYwwKa_aL23Yf3Ab-k4S4pGHU ;
to : gh_6536061e4435 ;
time : 1489049107 ;
type : event ;

2017-03-09 16:45:07 params :
------------
Array:
rule : -2 ;
module :  ;
message : Array ;

2017-03-09 16:45:07 response :
------------

2017-03-09 16:53:21 trace :
------------
Array:
tousername : gh_6536061e4435 ;
fromusername : oKwkYwwKa_aL23Yf3Ab-k4S4pGHU ;
createtime : 1489049601 ;
msgtype : event ;
event : VIEW ;
eventkey : http://kh39.61why.com/app/index.php?i=2&c=entry&eid=194 ;
menuid : 410600728 ;
from : oKwkYwwKa_aL23Yf3Ab-k4S4pGHU ;
to : gh_6536061e4435 ;
time : 1489049601 ;
type : event ;

2017-03-09 16:53:21 params :
------------
Array:
rule : -2 ;
module :  ;
message : Array ;

2017-03-09 16:53:21 response :
------------

2017-03-09 16:54:06 trace :
------------
Array:
tousername : gh_6536061e4435 ;
fromusername : oKwkYw_czhGJMhzRk-PvvkgFyKMI ;
createtime : 1489049646 ;
msgtype : event ;
event : CLICK ;
eventkey : 二维码 ;
from : oKwkYw_czhGJMhzRk-PvvkgFyKMI ;
to : gh_6536061e4435 ;
time : 1489049646 ;
type : event ;

2017-03-09 16:54:09 trace :
------------
Array:
tousername : gh_6536061e4435 ;
fromusername : oKwkYw_czhGJMhzRk-PvvkgFyKMI ;
createtime : 1489049649 ;
msgtype : event ;
event : VIEW ;
eventkey : http://kh39.61why.com/app/index.php?i=2&c=entry&eid=194 ;
menuid : 410600728 ;
from : oKwkYw_czhGJMhzRk-PvvkgFyKMI ;
to : gh_6536061e4435 ;
time : 1489049649 ;
type : event ;

2017-03-09 16:54:09 params :
------------
Array:
rule : -2 ;
module :  ;
message : Array ;

2017-03-09 16:54:09 response :
------------

2017-03-09 16:56:42 trace :
------------
Array:
tousername : gh_6536061e4435 ;
fromusername : oKwkYw_czhGJMhzRk-PvvkgFyKMI ;
createtime : 1489049802 ;
msgtype : event ;
event : VIEW ;
eventkey : http://kh39.61why.com/app/index.php?i=2&c=entry&eid=194 ;
menuid : 410600728 ;
from : oKwkYw_czhGJMhzRk-PvvkgFyKMI ;
to : gh_6536061e4435 ;
time : 1489049802 ;
type : event ;

2017-03-09 16:56:42 params :
------------
Array:
rule : -2 ;
module :  ;
message : Array ;

2017-03-09 16:56:42 response :
------------

2017-03-09 16:56:43 trace :
------------
Array:
tousername : gh_6536061e4435 ;
fromusername : oKwkYwwKa_aL23Yf3Ab-k4S4pGHU ;
createtime : 1489049803 ;
msgtype : event ;
event : VIEW ;
eventkey : http://kh39.61why.com/app/index.php?i=2&c=entry&eid=194 ;
menuid : 410600728 ;
from : oKwkYwwKa_aL23Yf3Ab-k4S4pGHU ;
to : gh_6536061e4435 ;
time : 1489049803 ;
type : event ;

2017-03-09 16:56:43 params :
------------
Array:
rule : -2 ;
module :  ;
message : Array ;

2017-03-09 16:56:43 response :
------------

2017-03-09 16:59:08 trace :
------------
Array:
tousername : gh_6536061e4435 ;
fromusername : oKwkYw_czhGJMhzRk-PvvkgFyKMI ;
createtime : 1489049948 ;
msgtype : event ;
event : VIEW ;
eventkey : http://kh39.61why.com/app/index.php?i=2&c=entry&eid=194 ;
menuid : 410600728 ;
from : oKwkYw_czhGJMhzRk-PvvkgFyKMI ;
to : gh_6536061e4435 ;
time : 1489049948 ;
type : event ;

2017-03-09 16:59:08 params :
------------
Array:
rule : -2 ;
module :  ;
message : Array ;

2017-03-09 16:59:08 response :
------------

2017-03-09 17:29:52 trace :
------------
Array:
tousername : gh_6536061e4435 ;
fromusername : oKwkYwz_FtGom2eSyG1qwUGFxNiA ;
createtime : 1489051792 ;
msgtype : event ;
event : VIEW ;
eventkey : http://kh39.61why.com/app/index.php?i=2&c=entry&eid=198 ;
menuid : 410600728 ;
from : oKwkYwz_FtGom2eSyG1qwUGFxNiA ;
to : gh_6536061e4435 ;
time : 1489051792 ;
type : event ;

2017-03-09 17:29:52 params :
------------
Array:
rule : -2 ;
module :  ;
message : Array ;

2017-03-09 17:29:52 response :
------------

2017-03-09 17:35:16 trace :
------------
Array:
tousername : gh_6536061e4435 ;
fromusername : oKwkYwwKa_aL23Yf3Ab-k4S4pGHU ;
createtime : 1489052116 ;
msgtype : event ;
event : VIEW ;
eventkey : http://kh39.61why.com/app/index.php?i=2&c=entry&eid=198 ;
menuid : 410600728 ;
from : oKwkYwwKa_aL23Yf3Ab-k4S4pGHU ;
to : gh_6536061e4435 ;
time : 1489052116 ;
type : event ;

2017-03-09 17:35:16 params :
------------
Array:
rule : -2 ;
module :  ;
message : Array ;

2017-03-09 17:35:16 response :
------------

2017-03-09 17:35:19 trace :
------------
Array:
tousername : gh_6536061e4435 ;
fromusername : oKwkYwwKa_aL23Yf3Ab-k4S4pGHU ;
createtime : 1489052119 ;
msgtype : event ;
event : VIEW ;
eventkey : http://kh39.61why.com/app/index.php?i=2&c=entry&eid=194 ;
menuid : 410600728 ;
from : oKwkYwwKa_aL23Yf3Ab-k4S4pGHU ;
to : gh_6536061e4435 ;
time : 1489052119 ;
type : event ;

2017-03-09 17:35:19 params :
------------
Array:
rule : -2 ;
module :  ;
message : Array ;

2017-03-09 17:35:19 response :
------------

2017-03-09 17:38:51 trace :
------------
Array:
tousername : gh_6536061e4435 ;
fromusername : oKwkYwwe6ND5Pg7cA6IK-UExrffU ;
createtime : 1489052331 ;
msgtype : event ;
event : VIEW ;
eventkey : http://kh39.61why.com/app/index.php?i=2&c=entry&eid=198 ;
menuid : 410600728 ;
from : oKwkYwwe6ND5Pg7cA6IK-UExrffU ;
to : gh_6536061e4435 ;
time : 1489052331 ;
type : event ;

2017-03-09 17:38:51 params :
------------
Array:
rule : -2 ;
module :  ;
message : Array ;

2017-03-09 17:38:51 response :
------------

2017-03-09 17:40:21 trace :
------------
Array:
tousername : gh_6536061e4435 ;
fromusername : oKwkYwwKa_aL23Yf3Ab-k4S4pGHU ;
createtime : 1489052421 ;
msgtype : event ;
event : CLICK ;
eventkey : 二维码 ;
from : oKwkYwwKa_aL23Yf3Ab-k4S4pGHU ;
to : gh_6536061e4435 ;
time : 1489052421 ;
type : event ;

2017-03-09 17:40:25 trace :
------------
Array:
tousername : gh_6536061e4435 ;
fromusername : oKwkYwwKa_aL23Yf3Ab-k4S4pGHU ;
createtime : 1489052425 ;
msgtype : event ;
event : VIEW ;
eventkey : http://kh39.61why.com/app/index.php?i=2&c=entry&eid=198 ;
menuid : 410600728 ;
from : oKwkYwwKa_aL23Yf3Ab-k4S4pGHU ;
to : gh_6536061e4435 ;
time : 1489052425 ;
type : event ;

2017-03-09 17:40:25 params :
------------
Array:
rule : -2 ;
module :  ;
message : Array ;

2017-03-09 17:40:25 response :
------------

2017-03-09 17:42:10 trace :
------------
Array:
tousername : gh_6536061e4435 ;
fromusername : oKwkYwxdGazpUQLKnjr_HrnPicQo ;
createtime : 1489052530 ;
msgtype : event ;
event : VIEW ;
eventkey : http://kh39.61why.com/app/index.php?i=2&c=entry&eid=198 ;
menuid : 410600728 ;
from : oKwkYwxdGazpUQLKnjr_HrnPicQo ;
to : gh_6536061e4435 ;
time : 1489052530 ;
type : event ;

2017-03-09 17:42:10 params :
------------
Array:
rule : -2 ;
module :  ;
message : Array ;

2017-03-09 17:42:10 response :
------------

2017-03-09 17:52:00 trace :
------------
Array:
tousername : gh_6536061e4435 ;
fromusername : oKwkYwyjERfw7XYg2QL9r-EmTJic ;
createtime : 1489053120 ;
msgtype : event ;
event : VIEW ;
eventkey : http://kh39.61why.com/app/index.php?i=2&c=entry&eid=198 ;
menuid : 410600728 ;
from : oKwkYwyjERfw7XYg2QL9r-EmTJic ;
to : gh_6536061e4435 ;
time : 1489053120 ;
type : event ;

2017-03-09 17:52:00 params :
------------
Array:
rule : -2 ;
module :  ;
message : Array ;

2017-03-09 17:52:00 response :
------------

2017-03-09 17:54:11 trace :
------------
Array:
tousername : gh_6536061e4435 ;
fromusername : oKwkYw0D7snKw9WJkTr_EzwW-SF0 ;
createtime : 1489053251 ;
msgtype : event ;
event : VIEW ;
eventkey : http://kh39.61why.com/app/index.php?i=2&c=entry&eid=198 ;
menuid : 410600728 ;
from : oKwkYw0D7snKw9WJkTr_EzwW-SF0 ;
to : gh_6536061e4435 ;
time : 1489053251 ;
type : event ;

2017-03-09 17:54:11 params :
------------
Array:
rule : -2 ;
module :  ;
message : Array ;

2017-03-09 17:54:11 response :
------------

2017-03-09 17:56:32 trace :
------------
Array:
tousername : gh_6536061e4435 ;
fromusername : oKwkYwyjERfw7XYg2QL9r-EmTJic ;
createtime : 1489053392 ;
msgtype : event ;
event : VIEW ;
eventkey : http://kh39.61why.com/app/index.php?i=2&c=entry&eid=198 ;
menuid : 410600728 ;
from : oKwkYwyjERfw7XYg2QL9r-EmTJic ;
to : gh_6536061e4435 ;
time : 1489053392 ;
type : event ;

2017-03-09 17:56:32 params :
------------
Array:
rule : -2 ;
module :  ;
message : Array ;

2017-03-09 17:56:32 response :
------------

2017-03-09 18:53:40 trace :
------------
Array:
tousername : gh_6536061e4435 ;
fromusername : oKwkYw2AvtOQWVWlszR3cLKUUa3E ;
createtime : 1489056820 ;
msgtype : event ;
event : VIEW ;
eventkey : http://kh39.61why.com/app/index.php?i=2&c=entry&eid=198 ;
menuid : 410600728 ;
from : oKwkYw2AvtOQWVWlszR3cLKUUa3E ;
to : gh_6536061e4435 ;
time : 1489056820 ;
type : event ;

2017-03-09 18:53:40 params :
------------
Array:
rule : -2 ;
module :  ;
message : Array ;

2017-03-09 18:53:40 response :
------------

2017-03-09 18:54:28 trace :
------------
Array:
tousername : gh_6536061e4435 ;
fromusername : oKwkYw9A27iCE2wbx5IXncAJ21Sw ;
createtime : 1489056868 ;
msgtype : event ;
event : VIEW ;
eventkey : http://kh39.61why.com/app/index.php?i=2&c=entry&eid=198 ;
menuid : 410600728 ;
from : oKwkYw9A27iCE2wbx5IXncAJ21Sw ;
to : gh_6536061e4435 ;
time : 1489056868 ;
type : event ;

2017-03-09 18:54:28 params :
------------
Array:
rule : -2 ;
module :  ;
message : Array ;

2017-03-09 18:54:28 response :
------------

2017-03-09 19:38:04 trace :
------------
Array:
tousername : gh_6536061e4435 ;
fromusername : oKwkYwxdGazpUQLKnjr_HrnPicQo ;
createtime : 1489059484 ;
msgtype : event ;
event : VIEW ;
eventkey : http://kh39.61why.com/app/index.php?i=2&c=entry&eid=198 ;
menuid : 410600728 ;
from : oKwkYwxdGazpUQLKnjr_HrnPicQo ;
to : gh_6536061e4435 ;
time : 1489059484 ;
type : event ;

2017-03-09 19:38:04 params :
------------
Array:
rule : -2 ;
module :  ;
message : Array ;

2017-03-09 19:38:04 response :
------------

2017-03-09 19:38:06 trace :
------------
Array:
tousername : gh_6536061e4435 ;
fromusername : oKwkYwxdGazpUQLKnjr_HrnPicQo ;
createtime : 1489059486 ;
msgtype : event ;
event : VIEW ;
eventkey : http://kh39.61why.com/app/index.php?i=2&c=entry&eid=198 ;
menuid : 410600728 ;
from : oKwkYwxdGazpUQLKnjr_HrnPicQo ;
to : gh_6536061e4435 ;
time : 1489059486 ;
type : event ;

2017-03-09 19:38:06 params :
------------
Array:
rule : -2 ;
module :  ;
message : Array ;

2017-03-09 19:38:06 response :
------------

2017-03-09 19:38:07 trace :
------------
Array:
tousername : gh_6536061e4435 ;
fromusername : oKwkYwxdGazpUQLKnjr_HrnPicQo ;
createtime : 1489059487 ;
msgtype : event ;
event : VIEW ;
eventkey : http://kh39.61why.com/app/index.php?i=2&c=entry&eid=198 ;
menuid : 410600728 ;
from : oKwkYwxdGazpUQLKnjr_HrnPicQo ;
to : gh_6536061e4435 ;
time : 1489059487 ;
type : event ;

2017-03-09 19:38:07 params :
------------
Array:
rule : -2 ;
module :  ;
message : Array ;

2017-03-09 19:38:07 response :
------------

2017-03-09 19:38:08 trace :
------------
Array:
tousername : gh_6536061e4435 ;
fromusername : oKwkYwxdGazpUQLKnjr_HrnPicQo ;
createtime : 1489059488 ;
msgtype : event ;
event : VIEW ;
eventkey : http://kh39.61why.com/app/index.php?i=2&c=entry&eid=198 ;
menuid : 410600728 ;
from : oKwkYwxdGazpUQLKnjr_HrnPicQo ;
to : gh_6536061e4435 ;
time : 1489059488 ;
type : event ;

2017-03-09 19:38:08 params :
------------
Array:
rule : -2 ;
module :  ;
message : Array ;

2017-03-09 19:38:08 response :
------------

2017-03-09 19:38:08 trace :
------------
Array:
tousername : gh_6536061e4435 ;
fromusername : oKwkYwxdGazpUQLKnjr_HrnPicQo ;
createtime : 1489059488 ;
msgtype : event ;
event : VIEW ;
eventkey : http://kh39.61why.com/app/index.php?i=2&c=entry&eid=198 ;
menuid : 410600728 ;
from : oKwkYwxdGazpUQLKnjr_HrnPicQo ;
to : gh_6536061e4435 ;
time : 1489059488 ;
type : event ;

2017-03-09 19:38:08 params :
------------
Array:
rule : -2 ;
module :  ;
message : Array ;

2017-03-09 19:38:08 response :
------------

2017-03-09 20:10:17 trace :
------------
Array:
tousername : gh_6536061e4435 ;
fromusername : oKwkYwywEpFgDWbwv_V6u_yoYYIo ;
createtime : 1489061417 ;
msgtype : event ;
event : VIEW ;
eventkey : http://kh39.61why.com/app/index.php?i=2&c=entry&eid=198 ;
menuid : 410600728 ;
from : oKwkYwywEpFgDWbwv_V6u_yoYYIo ;
to : gh_6536061e4435 ;
time : 1489061417 ;
type : event ;

2017-03-09 20:10:17 params :
------------
Array:
rule : -2 ;
module :  ;
message : Array ;

2017-03-09 20:10:17 response :
------------

2017-03-09 20:17:12 trace :
------------
Array:
tousername : gh_6536061e4435 ;
fromusername : oKwkYwywEpFgDWbwv_V6u_yoYYIo ;
createtime : 1489061831 ;
msgtype : event ;
event : VIEW ;
eventkey : http://kh39.61why.com/app/index.php?i=2&c=entry&eid=198 ;
menuid : 410600728 ;
from : oKwkYwywEpFgDWbwv_V6u_yoYYIo ;
to : gh_6536061e4435 ;
time : 1489061831 ;
type : event ;

2017-03-09 20:17:12 params :
------------
Array:
rule : -2 ;
module :  ;
message : Array ;

2017-03-09 20:17:12 response :
------------

2017-03-09 20:35:11 trace :
------------
Array:
tousername : gh_6536061e4435 ;
fromusername : oKwkYw_OE1LTE0JTlC0piaQbrmIM ;
createtime : 1489062911 ;
msgtype : event ;
event : VIEW ;
eventkey : http://kh39.61why.com/app/index.php?i=2&c=entry&eid=194 ;
menuid : 410600728 ;
from : oKwkYw_OE1LTE0JTlC0piaQbrmIM ;
to : gh_6536061e4435 ;
time : 1489062911 ;
type : event ;

2017-03-09 20:35:11 params :
------------
Array:
rule : -2 ;
module :  ;
message : Array ;

2017-03-09 20:35:11 response :
------------

2017-03-09 20:38:14 trace :
------------
Array:
tousername : gh_6536061e4435 ;
fromusername : oKwkYw_OE1LTE0JTlC0piaQbrmIM ;
createtime : 1489063094 ;
msgtype : event ;
event : VIEW ;
eventkey : http://kh39.61why.com/app/index.php?i=2&c=entry&eid=194 ;
menuid : 410600728 ;
from : oKwkYw_OE1LTE0JTlC0piaQbrmIM ;
to : gh_6536061e4435 ;
time : 1489063094 ;
type : event ;

2017-03-09 20:38:14 params :
------------
Array:
rule : -2 ;
module :  ;
message : Array ;

2017-03-09 20:38:14 response :
------------

2017-03-09 20:38:53 trace :
------------
Array:
tousername : gh_6536061e4435 ;
fromusername : oKwkYw_Vy4pTx1SrjnJJ2A3wCedw ;
createtime : 1489063133 ;
msgtype : event ;
event : VIEW ;
eventkey : http://kh39.61why.com/app/index.php?i=2&c=entry&eid=194 ;
menuid : 410600728 ;
from : oKwkYw_Vy4pTx1SrjnJJ2A3wCedw ;
to : gh_6536061e4435 ;
time : 1489063133 ;
type : event ;

2017-03-09 20:38:53 params :
------------
Array:
rule : -2 ;
module :  ;
message : Array ;

2017-03-09 20:38:53 response :
------------

2017-03-09 20:53:51 trace :
------------
Array:
tousername : gh_6536061e4435 ;
fromusername : oKwkYw3l0eGz3H7e62pX1IDFxwCY ;
createtime : 1489064031 ;
msgtype : event ;
event : VIEW ;
eventkey : http://kh39.61why.com/app/index.php?i=2&c=entry&eid=194 ;
menuid : 410600728 ;
from : oKwkYw3l0eGz3H7e62pX1IDFxwCY ;
to : gh_6536061e4435 ;
time : 1489064031 ;
type : event ;

2017-03-09 20:53:51 params :
------------
Array:
rule : -2 ;
module :  ;
message : Array ;

2017-03-09 20:53:51 response :
------------

2017-03-09 20:53:58 trace :
------------
Array:
tousername : gh_6536061e4435 ;
fromusername : oKwkYw7K9xHIr91Csk-qENfcagnM ;
createtime : 1489064038 ;
msgtype : event ;
event : VIEW ;
eventkey : http://kh39.61why.com/app/index.php?i=2&c=entry&eid=198 ;
menuid : 410600728 ;
from : oKwkYw7K9xHIr91Csk-qENfcagnM ;
to : gh_6536061e4435 ;
time : 1489064038 ;
type : event ;

2017-03-09 20:53:58 params :
------------
Array:
rule : -2 ;
module :  ;
message : Array ;

2017-03-09 20:53:58 response :
------------

2017-03-09 21:20:51 trace :
------------
Array:
tousername : gh_6536061e4435 ;
fromusername : oKwkYw2IGidvXw2ozBJYYceP05SA ;
createtime : 1489065651 ;
msgtype : event ;
event : CLICK ;
eventkey : 二维码 ;
from : oKwkYw2IGidvXw2ozBJYYceP05SA ;
to : gh_6536061e4435 ;
time : 1489065651 ;
type : event ;

2017-03-09 21:21:59 trace :
------------
Array:
tousername : gh_6536061e4435 ;
fromusername : oKwkYw8NxKtJECL7Yed9baGoZOGY ;
createtime : 1489065719 ;
msgtype : event ;
event : subscribe ;
eventkey : qrscene_0ff589404d4157e982e8692585ecdb9e ;
ticket : gQFh8TwAAAAAAAAAAS5odHRwOi8vd2VpeGluLnFxLmNvbS9xLzAyY21mdTBESDljbzMxMDAwMDAwN1AAAgQ5Da1YAwQAAAAA ;
from : oKwkYw8NxKtJECL7Yed9baGoZOGY ;
to : gh_6536061e4435 ;
time : 1489065719 ;
type : subscribe ;
scene : 0ff589404d4157e982e8692585ecdb9e ;

2017-03-09 21:22:07 trace :
------------
Array:
tousername : gh_6536061e4435 ;
fromusername : oKwkYw2IGidvXw2ozBJYYceP05SA ;
createtime : 1489065727 ;
msgtype : event ;
event : VIEW ;
eventkey : http://kh39.61why.com/app/index.php?i=2&c=entry&eid=198 ;
menuid : 410600728 ;
from : oKwkYw2IGidvXw2ozBJYYceP05SA ;
to : gh_6536061e4435 ;
time : 1489065727 ;
type : event ;

2017-03-09 21:22:07 params :
------------
Array:
rule : -2 ;
module :  ;
message : Array ;

2017-03-09 21:22:07 response :
------------

2017-03-09 21:27:22 trace :
------------
Array:
tousername : gh_6536061e4435 ;
fromusername : oKwkYw8NxKtJECL7Yed9baGoZOGY ;
createtime : 1489066041 ;
msgtype : event ;
event : VIEW ;
eventkey : http://kh39.61why.com/app/index.php?i=2&c=entry&eid=198 ;
menuid : 410600728 ;
from : oKwkYw8NxKtJECL7Yed9baGoZOGY ;
to : gh_6536061e4435 ;
time : 1489066041 ;
type : event ;

2017-03-09 21:27:22 params :
------------
Array:
rule : -2 ;
module :  ;
message : Array ;

2017-03-09 21:27:22 response :
------------

2017-03-09 22:30:53 trace :
------------
Array:
tousername : gh_6536061e4435 ;
fromusername : oKwkYwyjERfw7XYg2QL9r-EmTJic ;
createtime : 1489069853 ;
msgtype : event ;
event : VIEW ;
eventkey : http://kh39.61why.com/app/index.php?i=2&c=entry&eid=198 ;
menuid : 410600728 ;
from : oKwkYwyjERfw7XYg2QL9r-EmTJic ;
to : gh_6536061e4435 ;
time : 1489069853 ;
type : event ;

2017-03-09 22:30:53 params :
------------
Array:
rule : -2 ;
module :  ;
message : Array ;

2017-03-09 22:30:53 response :
------------

2017-03-09 22:37:08 trace :
------------
Array:
tousername : gh_6536061e4435 ;
fromusername : oKwkYw016auJvTi3w7dfcvucInrw ;
createtime : 1489070228 ;
msgtype : event ;
event : CLICK ;
eventkey : 二维码 ;
from : oKwkYw016auJvTi3w7dfcvucInrw ;
to : gh_6536061e4435 ;
time : 1489070228 ;
type : event ;

2017-03-09 22:37:31 trace :
------------
Array:
tousername : gh_6536061e4435 ;
fromusername : oKwkYw016auJvTi3w7dfcvucInrw ;
createtime : 1489070250 ;
msgtype : event ;
event : VIEW ;
eventkey : http://kh39.61why.com/app/index.php?i=2&c=entry&eid=198 ;
menuid : 410600728 ;
from : oKwkYw016auJvTi3w7dfcvucInrw ;
to : gh_6536061e4435 ;
time : 1489070250 ;
type : event ;

2017-03-09 22:37:31 params :
------------
Array:
rule : -2 ;
module :  ;
message : Array ;

2017-03-09 22:37:31 response :
------------

2017-03-09 22:39:30 trace :
------------
Array:
tousername : gh_6536061e4435 ;
fromusername : oKwkYw016auJvTi3w7dfcvucInrw ;
createtime : 1489070370 ;
msgtype : event ;
event : VIEW ;
eventkey : http://kh39.61why.com/app/index.php?i=2&c=entry&eid=198 ;
menuid : 410600728 ;
from : oKwkYw016auJvTi3w7dfcvucInrw ;
to : gh_6536061e4435 ;
time : 1489070370 ;
type : event ;

2017-03-09 22:39:30 params :
------------
Array:
rule : -2 ;
module :  ;
message : Array ;

2017-03-09 22:39:30 response :
------------

2017-03-09 23:12:03 trace :
------------
Array:
tousername : gh_6536061e4435 ;
fromusername : oKwkYw3AYm2BTknUlKfEyD8mW9hM ;
createtime : 1489072323 ;
msgtype : event ;
event : VIEW ;
eventkey : http://kh39.61why.com/app/index.php?i=2&c=entry&eid=198 ;
menuid : 410600728 ;
from : oKwkYw3AYm2BTknUlKfEyD8mW9hM ;
to : gh_6536061e4435 ;
time : 1489072323 ;
type : event ;

2017-03-09 23:12:03 params :
------------
Array:
rule : -2 ;
module :  ;
message : Array ;

2017-03-09 23:12:03 response :
------------

2017-03-09 23:30:54 trace :
------------
Array:
tousername : gh_6536061e4435 ;
fromusername : oKwkYwz9UZobw82xHrqPpBnrexx4 ;
createtime : 1489073454 ;
msgtype : event ;
event : VIEW ;
eventkey : http://kh39.61why.com/app/index.php?i=2&c=entry&eid=194 ;
menuid : 410600728 ;
from : oKwkYwz9UZobw82xHrqPpBnrexx4 ;
to : gh_6536061e4435 ;
time : 1489073454 ;
type : event ;

2017-03-09 23:30:54 params :
------------
Array:
rule : -2 ;
module :  ;
message : Array ;

2017-03-09 23:30:54 response :
------------

