2017-04-24 00:00:51 trace :
------------
Array:
tousername : gh_6536061e4435 ;
fromusername : oKwkYw5hiet9aIoMvpfdt0UcJyzc ;
createtime : 1492963251 ;
msgtype : event ;
event : VIEW ;
eventkey : http://kh39.61why.com/app/index.php?i=2&c=entry&eid=198 ;
menuid : 410600728 ;
from : oKwkYw5hiet9aIoMvpfdt0UcJyzc ;
to : gh_6536061e4435 ;
time : 1492963251 ;
type : event ;

2017-04-24 00:00:51 params :
------------
Array:
rule : -2 ;
module :  ;
message : Array ;

2017-04-24 00:00:51 response :
------------

2017-04-24 00:06:42 trace :
------------
Array:
tousername : gh_6536061e4435 ;
fromusername : oKwkYw4qq5Wib2yvYwvFQbiDxiRc ;
createtime : 1492963602 ;
msgtype : event ;
event : CLICK ;
eventkey : 二维码 ;
from : oKwkYw4qq5Wib2yvYwvFQbiDxiRc ;
to : gh_6536061e4435 ;
time : 1492963602 ;
type : event ;

2017-04-24 00:06:42 trace :
------------
Array:
tousername : gh_6536061e4435 ;
fromusername : oKwkYw4qq5Wib2yvYwvFQbiDxiRc ;
createtime : 1492963602 ;
msgtype : event ;
event : CLICK ;
eventkey : 二维码 ;
from : oKwkYw4qq5Wib2yvYwvFQbiDxiRc ;
to : gh_6536061e4435 ;
time : 1492963602 ;
type : event ;

2017-04-24 00:27:12 trace :
------------
Array:
tousername : gh_6536061e4435 ;
fromusername : oKwkYw1hdHu_NiSw4Dn_tLeEcWuc ;
createtime : 1492964832 ;
msgtype : event ;
event : VIEW ;
eventkey : http://kh39.61why.com/app/index.php?i=2&c=entry&eid=198 ;
menuid : 410600728 ;
from : oKwkYw1hdHu_NiSw4Dn_tLeEcWuc ;
to : gh_6536061e4435 ;
time : 1492964832 ;
type : event ;

2017-04-24 00:27:12 params :
------------
Array:
rule : -2 ;
module :  ;
message : Array ;

2017-04-24 00:27:12 response :
------------

2017-04-24 00:29:23 trace :
------------
Array:
tousername : gh_6536061e4435 ;
fromusername : oKwkYw1hdHu_NiSw4Dn_tLeEcWuc ;
createtime : 1492964963 ;
msgtype : event ;
event : VIEW ;
eventkey : http://kh39.61why.com/app/index.php?i=2&c=entry&eid=198 ;
menuid : 410600728 ;
from : oKwkYw1hdHu_NiSw4Dn_tLeEcWuc ;
to : gh_6536061e4435 ;
time : 1492964963 ;
type : event ;

2017-04-24 00:29:23 params :
------------
Array:
rule : -2 ;
module :  ;
message : Array ;

2017-04-24 00:29:23 response :
------------

2017-04-24 04:48:21 trace :
------------
Array:
tousername : gh_6536061e4435 ;
fromusername : oKwkYwxdGazpUQLKnjr_HrnPicQo ;
createtime : 1492980501 ;
msgtype : event ;
event : VIEW ;
eventkey : http://kh39.61why.com/app/index.php?i=2&c=entry&eid=198 ;
menuid : 410600728 ;
from : oKwkYwxdGazpUQLKnjr_HrnPicQo ;
to : gh_6536061e4435 ;
time : 1492980501 ;
type : event ;

2017-04-24 04:48:21 params :
------------
Array:
rule : -2 ;
module :  ;
message : Array ;

2017-04-24 04:48:21 response :
------------

2017-04-24 04:48:22 trace :
------------
Array:
tousername : gh_6536061e4435 ;
fromusername : oKwkYwxdGazpUQLKnjr_HrnPicQo ;
createtime : 1492980502 ;
msgtype : event ;
event : VIEW ;
eventkey : http://kh39.61why.com/app/index.php?i=2&c=entry&eid=198 ;
menuid : 410600728 ;
from : oKwkYwxdGazpUQLKnjr_HrnPicQo ;
to : gh_6536061e4435 ;
time : 1492980502 ;
type : event ;

2017-04-24 04:48:22 params :
------------
Array:
rule : -2 ;
module :  ;
message : Array ;

2017-04-24 04:48:22 response :
------------

2017-04-24 04:48:34 trace :
------------
Array:
tousername : gh_6536061e4435 ;
fromusername : oKwkYwxdGazpUQLKnjr_HrnPicQo ;
createtime : 1492980514 ;
msgtype : event ;
event : VIEW ;
eventkey : http://kh39.61why.com/app/index.php?i=2&c=entry&eid=198 ;
menuid : 410600728 ;
from : oKwkYwxdGazpUQLKnjr_HrnPicQo ;
to : gh_6536061e4435 ;
time : 1492980514 ;
type : event ;

2017-04-24 04:48:34 params :
------------
Array:
rule : -2 ;
module :  ;
message : Array ;

2017-04-24 04:48:34 response :
------------

2017-04-24 04:48:55 trace :
------------
Array:
tousername : gh_6536061e4435 ;
fromusername : oKwkYwxdGazpUQLKnjr_HrnPicQo ;
createtime : 1492980535 ;
msgtype : event ;
event : VIEW ;
eventkey : http://kh39.61why.com/app/index.php?i=2&c=entry&eid=198 ;
menuid : 410600728 ;
from : oKwkYwxdGazpUQLKnjr_HrnPicQo ;
to : gh_6536061e4435 ;
time : 1492980535 ;
type : event ;

2017-04-24 04:48:55 params :
------------
Array:
rule : -2 ;
module :  ;
message : Array ;

2017-04-24 04:48:55 response :
------------

2017-04-24 07:01:16 trace :
------------
Array:
tousername : gh_6536061e4435 ;
fromusername : oKwkYw_xwV8MKtwuj4zRQjiDMR7w ;
createtime : 1492988475 ;
msgtype : event ;
event : VIEW ;
eventkey : http://kh39.61why.com/app/index.php?i=2&c=entry&eid=198 ;
menuid : 410600728 ;
from : oKwkYw_xwV8MKtwuj4zRQjiDMR7w ;
to : gh_6536061e4435 ;
time : 1492988475 ;
type : event ;

2017-04-24 07:01:16 params :
------------
Array:
rule : -2 ;
module :  ;
message : Array ;

2017-04-24 07:01:16 response :
------------

2017-04-24 07:01:43 trace :
------------
Array:
tousername : gh_6536061e4435 ;
fromusername : oKwkYw_xwV8MKtwuj4zRQjiDMR7w ;
createtime : 1492988503 ;
msgtype : event ;
event : VIEW ;
eventkey : http://kh39.61why.com/app/index.php?i=2&c=entry&eid=194 ;
menuid : 410600728 ;
from : oKwkYw_xwV8MKtwuj4zRQjiDMR7w ;
to : gh_6536061e4435 ;
time : 1492988503 ;
type : event ;

2017-04-24 07:01:43 params :
------------
Array:
rule : -2 ;
module :  ;
message : Array ;

2017-04-24 07:01:43 response :
------------

2017-04-24 07:15:51 trace :
------------
Array:
tousername : gh_6536061e4435 ;
fromusername : oKwkYwz_FtGom2eSyG1qwUGFxNiA ;
createtime : 1492989351 ;
msgtype : event ;
event : VIEW ;
eventkey : http://kh39.61why.com/app/index.php?i=2&c=entry&eid=198 ;
menuid : 410600728 ;
from : oKwkYwz_FtGom2eSyG1qwUGFxNiA ;
to : gh_6536061e4435 ;
time : 1492989351 ;
type : event ;

2017-04-24 07:15:51 params :
------------
Array:
rule : -2 ;
module :  ;
message : Array ;

2017-04-24 07:15:51 response :
------------

2017-04-24 07:58:36 trace :
------------
Array:
tousername : gh_6536061e4435 ;
fromusername : oKwkYw5hiet9aIoMvpfdt0UcJyzc ;
createtime : 1492991916 ;
msgtype : event ;
event : VIEW ;
eventkey : http://kh39.61why.com/app/index.php?i=2&c=entry&eid=198 ;
menuid : 410600728 ;
from : oKwkYw5hiet9aIoMvpfdt0UcJyzc ;
to : gh_6536061e4435 ;
time : 1492991916 ;
type : event ;

2017-04-24 07:58:36 params :
------------
Array:
rule : -2 ;
module :  ;
message : Array ;

2017-04-24 07:58:36 response :
------------

2017-04-24 09:12:08 trace :
------------
Array:
tousername : gh_6536061e4435 ;
fromusername : oKwkYw1KQ5ff5BZ0dgvipwLgZRns ;
createtime : 1492996328 ;
msgtype : event ;
event : VIEW ;
eventkey : http://kh39.61why.com/app/index.php?i=2&c=entry&eid=198 ;
menuid : 410600728 ;
from : oKwkYw1KQ5ff5BZ0dgvipwLgZRns ;
to : gh_6536061e4435 ;
time : 1492996328 ;
type : event ;

2017-04-24 09:12:08 params :
------------
Array:
rule : -2 ;
module :  ;
message : Array ;

2017-04-24 09:12:08 response :
------------

2017-04-24 09:13:58 trace :
------------
Array:
tousername : gh_6536061e4435 ;
fromusername : oKwkYw_532dKmvIZZ3V8peibAP0Q ;
createtime : 1492996438 ;
msgtype : event ;
event : VIEW ;
eventkey : http://kh39.61why.com/app/index.php?i=2&c=entry&eid=194 ;
menuid : 410600728 ;
from : oKwkYw_532dKmvIZZ3V8peibAP0Q ;
to : gh_6536061e4435 ;
time : 1492996438 ;
type : event ;

2017-04-24 09:13:58 params :
------------
Array:
rule : -2 ;
module :  ;
message : Array ;

2017-04-24 09:13:58 response :
------------

2017-04-24 09:15:19 trace :
------------
Array:
tousername : gh_6536061e4435 ;
fromusername : oKwkYw_532dKmvIZZ3V8peibAP0Q ;
createtime : 1492996519 ;
msgtype : event ;
event : VIEW ;
eventkey : http://kh39.61why.com/app/index.php?i=2&c=entry&eid=194 ;
menuid : 410600728 ;
from : oKwkYw_532dKmvIZZ3V8peibAP0Q ;
to : gh_6536061e4435 ;
time : 1492996519 ;
type : event ;

2017-04-24 09:15:19 params :
------------
Array:
rule : -2 ;
module :  ;
message : Array ;

2017-04-24 09:15:19 response :
------------

2017-04-24 09:16:51 trace :
------------
Array:
tousername : gh_6536061e4435 ;
fromusername : oKwkYw_532dKmvIZZ3V8peibAP0Q ;
createtime : 1492996610 ;
msgtype : event ;
event : VIEW ;
eventkey : http://kh39.61why.com/app/index.php?i=2&c=entry&eid=194 ;
menuid : 410600728 ;
from : oKwkYw_532dKmvIZZ3V8peibAP0Q ;
to : gh_6536061e4435 ;
time : 1492996610 ;
type : event ;

2017-04-24 09:16:51 params :
------------
Array:
rule : -2 ;
module :  ;
message : Array ;

2017-04-24 09:16:51 response :
------------

2017-04-24 09:22:44 trace :
------------
Array:
tousername : gh_6536061e4435 ;
fromusername : oKwkYw_xZ14UQdvrJFuiI5E87n8w ;
createtime : 1492996964 ;
msgtype : event ;
event : VIEW ;
eventkey : http://kh39.61why.com/app/index.php?i=2&c=entry&eid=198 ;
menuid : 410600728 ;
from : oKwkYw_xZ14UQdvrJFuiI5E87n8w ;
to : gh_6536061e4435 ;
time : 1492996964 ;
type : event ;

2017-04-24 09:22:44 params :
------------
Array:
rule : -2 ;
module :  ;
message : Array ;

2017-04-24 09:22:44 response :
------------

2017-04-24 09:25:46 trace :
------------
Array:
tousername : gh_6536061e4435 ;
fromusername : oKwkYw_xZ14UQdvrJFuiI5E87n8w ;
createtime : 1492997146 ;
msgtype : event ;
event : VIEW ;
eventkey : http://kh39.61why.com/app/index.php?i=2&c=entry&eid=198 ;
menuid : 410600728 ;
from : oKwkYw_xZ14UQdvrJFuiI5E87n8w ;
to : gh_6536061e4435 ;
time : 1492997146 ;
type : event ;

2017-04-24 09:25:46 params :
------------
Array:
rule : -2 ;
module :  ;
message : Array ;

2017-04-24 09:25:46 response :
------------

2017-04-24 09:27:06 trace :
------------
Array:
tousername : gh_6536061e4435 ;
fromusername : oKwkYw1yj38KOhGZ_VHM2TrE79xY ;
createtime : 1492997226 ;
msgtype : event ;
event : VIEW ;
eventkey : http://kh39.61why.com/app/index.php?i=2&c=entry&eid=198 ;
menuid : 410600728 ;
from : oKwkYw1yj38KOhGZ_VHM2TrE79xY ;
to : gh_6536061e4435 ;
time : 1492997226 ;
type : event ;

2017-04-24 09:27:06 params :
------------
Array:
rule : -2 ;
module :  ;
message : Array ;

2017-04-24 09:27:06 response :
------------

2017-04-24 09:28:21 trace :
------------
Array:
tousername : gh_6536061e4435 ;
fromusername : oKwkYw1yj38KOhGZ_VHM2TrE79xY ;
createtime : 1492997300 ;
msgtype : event ;
event : VIEW ;
eventkey : http://kh39.61why.com/app/index.php?i=2&c=entry&eid=194 ;
menuid : 410600728 ;
from : oKwkYw1yj38KOhGZ_VHM2TrE79xY ;
to : gh_6536061e4435 ;
time : 1492997300 ;
type : event ;

2017-04-24 09:28:21 params :
------------
Array:
rule : -2 ;
module :  ;
message : Array ;

2017-04-24 09:28:21 response :
------------

2017-04-24 09:28:29 trace :
------------
Array:
tousername : gh_6536061e4435 ;
fromusername : oKwkYw1yj38KOhGZ_VHM2TrE79xY ;
createtime : 1492997309 ;
msgtype : event ;
event : VIEW ;
eventkey : http://kh39.61why.com/app/index.php?i=2&c=entry&eid=198 ;
menuid : 410600728 ;
from : oKwkYw1yj38KOhGZ_VHM2TrE79xY ;
to : gh_6536061e4435 ;
time : 1492997309 ;
type : event ;

2017-04-24 09:28:29 params :
------------
Array:
rule : -2 ;
module :  ;
message : Array ;

2017-04-24 09:28:29 response :
------------

2017-04-24 09:36:27 trace :
------------
Array:
tousername : gh_6536061e4435 ;
fromusername : oKwkYw_xZ14UQdvrJFuiI5E87n8w ;
createtime : 1492997787 ;
msgtype : event ;
event : VIEW ;
eventkey : http://kh39.61why.com/app/index.php?i=2&c=entry&eid=198 ;
menuid : 410600728 ;
from : oKwkYw_xZ14UQdvrJFuiI5E87n8w ;
to : gh_6536061e4435 ;
time : 1492997787 ;
type : event ;

2017-04-24 09:36:27 params :
------------
Array:
rule : -2 ;
module :  ;
message : Array ;

2017-04-24 09:36:27 response :
------------

2017-04-24 10:01:40 trace :
------------
Array:
tousername : gh_6536061e4435 ;
fromusername : oKwkYw_J9RB_cOVK9fQ1pD5O99Eo ;
createtime : 1492999300 ;
msgtype : event ;
event : VIEW ;
eventkey : http://kh39.61why.com/app/index.php?i=2&c=entry&eid=198 ;
menuid : 410600728 ;
from : oKwkYw_J9RB_cOVK9fQ1pD5O99Eo ;
to : gh_6536061e4435 ;
time : 1492999300 ;
type : event ;

2017-04-24 10:01:40 params :
------------
Array:
rule : -2 ;
module :  ;
message : Array ;

2017-04-24 10:01:40 response :
------------

2017-04-24 10:13:49 trace :
------------
Array:
tousername : gh_6536061e4435 ;
fromusername : oKwkYwzOeVd9ZIpv_dUc1dpsybjA ;
createtime : 1493000029 ;
msgtype : event ;
event : VIEW ;
eventkey : http://kh39.61why.com/app/index.php?i=2&c=entry&eid=198 ;
menuid : 410600728 ;
from : oKwkYwzOeVd9ZIpv_dUc1dpsybjA ;
to : gh_6536061e4435 ;
time : 1493000029 ;
type : event ;

2017-04-24 10:13:49 params :
------------
Array:
rule : -2 ;
module :  ;
message : Array ;

2017-04-24 10:13:49 response :
------------

2017-04-24 10:27:04 trace :
------------
Array:
tousername : gh_6536061e4435 ;
fromusername : oKwkYw1yj38KOhGZ_VHM2TrE79xY ;
createtime : 1493000824 ;
msgtype : event ;
event : VIEW ;
eventkey : http://kh39.61why.com/app/index.php?i=2&c=entry&eid=198 ;
menuid : 410600728 ;
from : oKwkYw1yj38KOhGZ_VHM2TrE79xY ;
to : gh_6536061e4435 ;
time : 1493000824 ;
type : event ;

2017-04-24 10:27:04 params :
------------
Array:
rule : -2 ;
module :  ;
message : Array ;

2017-04-24 10:27:04 response :
------------

2017-04-24 10:27:40 trace :
------------
Array:
tousername : gh_6536061e4435 ;
fromusername : oKwkYw1yj38KOhGZ_VHM2TrE79xY ;
createtime : 1493000860 ;
msgtype : event ;
event : VIEW ;
eventkey : http://kh39.61why.com/app/index.php?i=2&c=entry&eid=198 ;
menuid : 410600728 ;
from : oKwkYw1yj38KOhGZ_VHM2TrE79xY ;
to : gh_6536061e4435 ;
time : 1493000860 ;
type : event ;

2017-04-24 10:27:40 params :
------------
Array:
rule : -2 ;
module :  ;
message : Array ;

2017-04-24 10:27:40 response :
------------

2017-04-24 10:31:28 trace :
------------
Array:
tousername : gh_6536061e4435 ;
fromusername : oKwkYw5aHcyjux9ql6D7O9WEBmx4 ;
createtime : 1493001088 ;
msgtype : event ;
event : VIEW ;
eventkey : http://kh39.61why.com/app/index.php?i=2&c=entry&eid=198 ;
menuid : 410600728 ;
from : oKwkYw5aHcyjux9ql6D7O9WEBmx4 ;
to : gh_6536061e4435 ;
time : 1493001088 ;
type : event ;

2017-04-24 10:31:28 params :
------------
Array:
rule : -2 ;
module :  ;
message : Array ;

2017-04-24 10:31:28 response :
------------

2017-04-24 10:31:45 trace :
------------
Array:
tousername : gh_6536061e4435 ;
fromusername : oKwkYw9A27iCE2wbx5IXncAJ21Sw ;
createtime : 1493001105 ;
msgtype : event ;
event : VIEW ;
eventkey : http://kh39.61why.com/app/index.php?i=2&c=entry&eid=198 ;
menuid : 410600728 ;
from : oKwkYw9A27iCE2wbx5IXncAJ21Sw ;
to : gh_6536061e4435 ;
time : 1493001105 ;
type : event ;

2017-04-24 10:31:45 params :
------------
Array:
rule : -2 ;
module :  ;
message : Array ;

2017-04-24 10:31:45 response :
------------

2017-04-24 10:32:05 trace :
------------
Array:
tousername : gh_6536061e4435 ;
fromusername : oKwkYw5aHcyjux9ql6D7O9WEBmx4 ;
createtime : 1493001125 ;
msgtype : event ;
event : VIEW ;
eventkey : http://kh39.61why.com/app/index.php?i=2&c=entry&eid=198 ;
menuid : 410600728 ;
from : oKwkYw5aHcyjux9ql6D7O9WEBmx4 ;
to : gh_6536061e4435 ;
time : 1493001125 ;
type : event ;

2017-04-24 10:32:05 params :
------------
Array:
rule : -2 ;
module :  ;
message : Array ;

2017-04-24 10:32:05 response :
------------

2017-04-24 11:01:04 trace :
------------
Array:
tousername : gh_6536061e4435 ;
fromusername : oKwkYw5hiet9aIoMvpfdt0UcJyzc ;
createtime : 1493002864 ;
msgtype : event ;
event : VIEW ;
eventkey : http://kh39.61why.com/app/index.php?i=2&c=entry&eid=198 ;
menuid : 410600728 ;
from : oKwkYw5hiet9aIoMvpfdt0UcJyzc ;
to : gh_6536061e4435 ;
time : 1493002864 ;
type : event ;

2017-04-24 11:01:04 params :
------------
Array:
rule : -2 ;
module :  ;
message : Array ;

2017-04-24 11:01:04 response :
------------

2017-04-24 11:05:10 trace :
------------
Array:
tousername : gh_6536061e4435 ;
fromusername : oKwkYw5hiet9aIoMvpfdt0UcJyzc ;
createtime : 1493003110 ;
msgtype : event ;
event : VIEW ;
eventkey : http://kh39.61why.com/app/index.php?i=2&c=entry&eid=198 ;
menuid : 410600728 ;
from : oKwkYw5hiet9aIoMvpfdt0UcJyzc ;
to : gh_6536061e4435 ;
time : 1493003110 ;
type : event ;

2017-04-24 11:05:10 params :
------------
Array:
rule : -2 ;
module :  ;
message : Array ;

2017-04-24 11:05:10 response :
------------

2017-04-24 11:14:12 trace :
------------
Array:
tousername : gh_6536061e4435 ;
fromusername : oKwkYw5hiet9aIoMvpfdt0UcJyzc ;
createtime : 1493003651 ;
msgtype : event ;
event : VIEW ;
eventkey : http://kh39.61why.com/app/index.php?i=2&c=entry&eid=198 ;
menuid : 410600728 ;
from : oKwkYw5hiet9aIoMvpfdt0UcJyzc ;
to : gh_6536061e4435 ;
time : 1493003651 ;
type : event ;

2017-04-24 11:14:12 params :
------------
Array:
rule : -2 ;
module :  ;
message : Array ;

2017-04-24 11:14:12 response :
------------

2017-04-24 11:14:28 trace :
------------
Array:
tousername : gh_6536061e4435 ;
fromusername : oKwkYw5hiet9aIoMvpfdt0UcJyzc ;
createtime : 1493003668 ;
msgtype : event ;
event : VIEW ;
eventkey : http://kh39.61why.com/app/index.php?i=2&c=entry&eid=198 ;
menuid : 410600728 ;
from : oKwkYw5hiet9aIoMvpfdt0UcJyzc ;
to : gh_6536061e4435 ;
time : 1493003668 ;
type : event ;

2017-04-24 11:14:28 params :
------------
Array:
rule : -2 ;
module :  ;
message : Array ;

2017-04-24 11:14:28 response :
------------

2017-04-24 11:19:45 trace :
------------
Array:
tousername : gh_6536061e4435 ;
fromusername : oKwkYw2PtJ6qihR3w_jlMHN6xIgw ;
createtime : 1493003985 ;
msgtype : event ;
event : VIEW ;
eventkey : http://kh39.61why.com/app/index.php?i=2&c=entry&eid=198 ;
menuid : 410600728 ;
from : oKwkYw2PtJ6qihR3w_jlMHN6xIgw ;
to : gh_6536061e4435 ;
time : 1493003985 ;
type : event ;

2017-04-24 11:19:45 params :
------------
Array:
rule : -2 ;
module :  ;
message : Array ;

2017-04-24 11:19:45 response :
------------

2017-04-24 11:22:35 trace :
------------
Array:
tousername : gh_6536061e4435 ;
fromusername : oKwkYw5hiet9aIoMvpfdt0UcJyzc ;
createtime : 1493004155 ;
msgtype : event ;
event : VIEW ;
eventkey : http://kh39.61why.com/app/index.php?i=2&c=entry&eid=194 ;
menuid : 410600728 ;
from : oKwkYw5hiet9aIoMvpfdt0UcJyzc ;
to : gh_6536061e4435 ;
time : 1493004155 ;
type : event ;

2017-04-24 11:22:35 params :
------------
Array:
rule : -2 ;
module :  ;
message : Array ;

2017-04-24 11:22:35 response :
------------

2017-04-24 11:24:46 trace :
------------
Array:
tousername : gh_6536061e4435 ;
fromusername : oKwkYw2GQtULXEVQoC_lGDD2eW9A ;
createtime : 1493004285 ;
msgtype : event ;
event : VIEW ;
eventkey : http://kh39.61why.com/app/index.php?i=2&c=entry&eid=198 ;
menuid : 410600728 ;
from : oKwkYw2GQtULXEVQoC_lGDD2eW9A ;
to : gh_6536061e4435 ;
time : 1493004285 ;
type : event ;

2017-04-24 11:24:46 params :
------------
Array:
rule : -2 ;
module :  ;
message : Array ;

2017-04-24 11:24:46 response :
------------

2017-04-24 11:26:52 trace :
------------
Array:
tousername : gh_6536061e4435 ;
fromusername : oKwkYw5hiet9aIoMvpfdt0UcJyzc ;
createtime : 1493004412 ;
msgtype : event ;
event : VIEW ;
eventkey : http://kh39.61why.com/app/index.php?i=2&c=entry&eid=198 ;
menuid : 410600728 ;
from : oKwkYw5hiet9aIoMvpfdt0UcJyzc ;
to : gh_6536061e4435 ;
time : 1493004412 ;
type : event ;

2017-04-24 11:26:52 params :
------------
Array:
rule : -2 ;
module :  ;
message : Array ;

2017-04-24 11:26:52 response :
------------

2017-04-24 11:27:48 trace :
------------
Array:
tousername : gh_6536061e4435 ;
fromusername : oKwkYw5hiet9aIoMvpfdt0UcJyzc ;
createtime : 1493004468 ;
msgtype : event ;
event : VIEW ;
eventkey : http://kh39.61why.com/app/index.php?i=2&c=entry&eid=198 ;
menuid : 410600728 ;
from : oKwkYw5hiet9aIoMvpfdt0UcJyzc ;
to : gh_6536061e4435 ;
time : 1493004468 ;
type : event ;

2017-04-24 11:27:48 params :
------------
Array:
rule : -2 ;
module :  ;
message : Array ;

2017-04-24 11:27:48 response :
------------

2017-04-24 11:36:43 trace :
------------
Array:
tousername : gh_6536061e4435 ;
fromusername : oKwkYw5hiet9aIoMvpfdt0UcJyzc ;
createtime : 1493005003 ;
msgtype : event ;
event : VIEW ;
eventkey : http://kh39.61why.com/app/index.php?i=2&c=entry&eid=198 ;
menuid : 410600728 ;
from : oKwkYw5hiet9aIoMvpfdt0UcJyzc ;
to : gh_6536061e4435 ;
time : 1493005003 ;
type : event ;

2017-04-24 11:36:43 params :
------------
Array:
rule : -2 ;
module :  ;
message : Array ;

2017-04-24 11:36:43 response :
------------

2017-04-24 11:38:50 trace :
------------
Array:
tousername : gh_6536061e4435 ;
fromusername : oKwkYw5hiet9aIoMvpfdt0UcJyzc ;
createtime : 1493005130 ;
msgtype : event ;
event : VIEW ;
eventkey : http://kh39.61why.com/app/index.php?i=2&c=entry&eid=194 ;
menuid : 410600728 ;
from : oKwkYw5hiet9aIoMvpfdt0UcJyzc ;
to : gh_6536061e4435 ;
time : 1493005130 ;
type : event ;

2017-04-24 11:38:50 params :
------------
Array:
rule : -2 ;
module :  ;
message : Array ;

2017-04-24 11:38:50 response :
------------

2017-04-24 11:39:46 trace :
------------
Array:
tousername : gh_6536061e4435 ;
fromusername : oKwkYwyolZuGoXgz_4a6-ubUX5Vo ;
createtime : 1493005186 ;
msgtype : event ;
event : VIEW ;
eventkey : http://kh39.61why.com/app/index.php?i=2&c=entry&eid=198 ;
menuid : 410600728 ;
from : oKwkYwyolZuGoXgz_4a6-ubUX5Vo ;
to : gh_6536061e4435 ;
time : 1493005186 ;
type : event ;

2017-04-24 11:39:46 params :
------------
Array:
rule : -2 ;
module :  ;
message : Array ;

2017-04-24 11:39:46 response :
------------

2017-04-24 11:39:53 trace :
------------
Array:
tousername : gh_6536061e4435 ;
fromusername : oKwkYwyolZuGoXgz_4a6-ubUX5Vo ;
createtime : 1493005193 ;
msgtype : event ;
event : CLICK ;
eventkey : 二维码 ;
from : oKwkYwyolZuGoXgz_4a6-ubUX5Vo ;
to : gh_6536061e4435 ;
time : 1493005193 ;
type : event ;

2017-04-24 11:42:15 trace :
------------
Array:
tousername : gh_6536061e4435 ;
fromusername : oKwkYw0b_nY3vy2dlsZiutChx2qg ;
createtime : 1493005335 ;
msgtype : event ;
event : VIEW ;
eventkey : http://kh39.61why.com/app/index.php?i=2&c=entry&eid=198 ;
menuid : 410600728 ;
from : oKwkYw0b_nY3vy2dlsZiutChx2qg ;
to : gh_6536061e4435 ;
time : 1493005335 ;
type : event ;

2017-04-24 11:42:15 params :
------------
Array:
rule : -2 ;
module :  ;
message : Array ;

2017-04-24 11:42:15 response :
------------

2017-04-24 11:42:28 trace :
------------
Array:
tousername : gh_6536061e4435 ;
fromusername : oKwkYw3gwTfPj0Cv-qCgCb9i3bTk ;
createtime : 1493005348 ;
msgtype : event ;
event : VIEW ;
eventkey : http://kh39.61why.com/app/index.php?i=2&c=entry&eid=198 ;
menuid : 410600728 ;
from : oKwkYw3gwTfPj0Cv-qCgCb9i3bTk ;
to : gh_6536061e4435 ;
time : 1493005348 ;
type : event ;

2017-04-24 11:42:28 params :
------------
Array:
rule : -2 ;
module :  ;
message : Array ;

2017-04-24 11:42:28 response :
------------

2017-04-24 11:42:39 trace :
------------
Array:
tousername : gh_6536061e4435 ;
fromusername : oKwkYw5hiet9aIoMvpfdt0UcJyzc ;
createtime : 1493005359 ;
msgtype : event ;
event : VIEW ;
eventkey : http://kh39.61why.com/app/index.php?i=2&c=entry&eid=198 ;
menuid : 410600728 ;
from : oKwkYw5hiet9aIoMvpfdt0UcJyzc ;
to : gh_6536061e4435 ;
time : 1493005359 ;
type : event ;

2017-04-24 11:42:39 params :
------------
Array:
rule : -2 ;
module :  ;
message : Array ;

2017-04-24 11:42:39 response :
------------

2017-04-24 11:44:30 trace :
------------
Array:
tousername : gh_6536061e4435 ;
fromusername : oKwkYw0b_nY3vy2dlsZiutChx2qg ;
createtime : 1493005470 ;
msgtype : event ;
event : VIEW ;
eventkey : http://kh39.61why.com/app/index.php?i=2&c=entry&eid=198 ;
menuid : 410600728 ;
from : oKwkYw0b_nY3vy2dlsZiutChx2qg ;
to : gh_6536061e4435 ;
time : 1493005470 ;
type : event ;

2017-04-24 11:44:30 params :
------------
Array:
rule : -2 ;
module :  ;
message : Array ;

2017-04-24 11:44:30 response :
------------

2017-04-24 11:47:19 trace :
------------
Array:
tousername : gh_6536061e4435 ;
fromusername : oKwkYw5hiet9aIoMvpfdt0UcJyzc ;
createtime : 1493005639 ;
msgtype : event ;
event : VIEW ;
eventkey : http://kh39.61why.com/app/index.php?i=2&c=entry&eid=198 ;
menuid : 410600728 ;
from : oKwkYw5hiet9aIoMvpfdt0UcJyzc ;
to : gh_6536061e4435 ;
time : 1493005639 ;
type : event ;

2017-04-24 11:47:19 params :
------------
Array:
rule : -2 ;
module :  ;
message : Array ;

2017-04-24 11:47:19 response :
------------

2017-04-24 11:50:08 trace :
------------
Array:
tousername : gh_6536061e4435 ;
fromusername : oKwkYw41xhkNtWkiMRrscifut1Ww ;
createtime : 1493005808 ;
msgtype : event ;
event : VIEW ;
eventkey : http://kh39.61why.com/app/index.php?i=2&c=entry&eid=194 ;
menuid : 410600728 ;
from : oKwkYw41xhkNtWkiMRrscifut1Ww ;
to : gh_6536061e4435 ;
time : 1493005808 ;
type : event ;

2017-04-24 11:50:08 params :
------------
Array:
rule : -2 ;
module :  ;
message : Array ;

2017-04-24 11:50:08 response :
------------

2017-04-24 11:52:53 trace :
------------
Array:
tousername : gh_6536061e4435 ;
fromusername : oKwkYw3gwTfPj0Cv-qCgCb9i3bTk ;
createtime : 1493005973 ;
msgtype : event ;
event : VIEW ;
eventkey : http://kh39.61why.com/app/index.php?i=2&c=entry&eid=198 ;
menuid : 410600728 ;
from : oKwkYw3gwTfPj0Cv-qCgCb9i3bTk ;
to : gh_6536061e4435 ;
time : 1493005973 ;
type : event ;

2017-04-24 11:52:53 params :
------------
Array:
rule : -2 ;
module :  ;
message : Array ;

2017-04-24 11:52:53 response :
------------

2017-04-24 11:56:34 trace :
------------
Array:
tousername : gh_6536061e4435 ;
fromusername : oKwkYw5hiet9aIoMvpfdt0UcJyzc ;
createtime : 1493006194 ;
msgtype : event ;
event : VIEW ;
eventkey : http://kh39.61why.com/app/index.php?i=2&c=entry&eid=198 ;
menuid : 410600728 ;
from : oKwkYw5hiet9aIoMvpfdt0UcJyzc ;
to : gh_6536061e4435 ;
time : 1493006194 ;
type : event ;

2017-04-24 11:56:34 params :
------------
Array:
rule : -2 ;
module :  ;
message : Array ;

2017-04-24 11:56:34 response :
------------

2017-04-24 12:23:38 trace :
------------
Array:
tousername : gh_6536061e4435 ;
fromusername : oKwkYw5hiet9aIoMvpfdt0UcJyzc ;
createtime : 1493007818 ;
msgtype : event ;
event : VIEW ;
eventkey : http://kh39.61why.com/app/index.php?i=2&c=entry&eid=198 ;
menuid : 410600728 ;
from : oKwkYw5hiet9aIoMvpfdt0UcJyzc ;
to : gh_6536061e4435 ;
time : 1493007818 ;
type : event ;

2017-04-24 12:23:38 params :
------------
Array:
rule : -2 ;
module :  ;
message : Array ;

2017-04-24 12:23:38 response :
------------

2017-04-24 12:26:34 trace :
------------
Array:
tousername : gh_6536061e4435 ;
fromusername : oKwkYwxdGazpUQLKnjr_HrnPicQo ;
createtime : 1493007993 ;
msgtype : event ;
event : VIEW ;
eventkey : http://kh39.61why.com/app/index.php?i=2&c=entry&eid=198 ;
menuid : 410600728 ;
from : oKwkYwxdGazpUQLKnjr_HrnPicQo ;
to : gh_6536061e4435 ;
time : 1493007993 ;
type : event ;

2017-04-24 12:26:34 params :
------------
Array:
rule : -2 ;
module :  ;
message : Array ;

2017-04-24 12:26:34 response :
------------

2017-04-24 12:26:55 trace :
------------
Array:
tousername : gh_6536061e4435 ;
fromusername : oKwkYwxdGazpUQLKnjr_HrnPicQo ;
createtime : 1493008015 ;
msgtype : event ;
event : VIEW ;
eventkey : http://kh39.61why.com/app/index.php?i=2&c=entry&eid=198 ;
menuid : 410600728 ;
from : oKwkYwxdGazpUQLKnjr_HrnPicQo ;
to : gh_6536061e4435 ;
time : 1493008015 ;
type : event ;

2017-04-24 12:26:55 params :
------------
Array:
rule : -2 ;
module :  ;
message : Array ;

2017-04-24 12:26:55 response :
------------

2017-04-24 12:26:56 trace :
------------
Array:
tousername : gh_6536061e4435 ;
fromusername : oKwkYw9A27iCE2wbx5IXncAJ21Sw ;
createtime : 1493008016 ;
msgtype : event ;
event : VIEW ;
eventkey : http://kh39.61why.com/app/index.php?i=2&c=entry&eid=198 ;
menuid : 410600728 ;
from : oKwkYw9A27iCE2wbx5IXncAJ21Sw ;
to : gh_6536061e4435 ;
time : 1493008016 ;
type : event ;

2017-04-24 12:26:56 params :
------------
Array:
rule : -2 ;
module :  ;
message : Array ;

2017-04-24 12:26:56 response :
------------

2017-04-24 12:50:40 trace :
------------
Array:
tousername : gh_6536061e4435 ;
fromusername : oKwkYw5hiet9aIoMvpfdt0UcJyzc ;
createtime : 1493009440 ;
msgtype : event ;
event : VIEW ;
eventkey : http://kh39.61why.com/app/index.php?i=2&c=entry&eid=198 ;
menuid : 410600728 ;
from : oKwkYw5hiet9aIoMvpfdt0UcJyzc ;
to : gh_6536061e4435 ;
time : 1493009440 ;
type : event ;

2017-04-24 12:50:40 params :
------------
Array:
rule : -2 ;
module :  ;
message : Array ;

2017-04-24 12:50:40 response :
------------

2017-04-24 12:52:16 trace :
------------
Array:
tousername : gh_6536061e4435 ;
fromusername : oKwkYw5Hv5-mrEGrZ572fv2JrB_s ;
createtime : 1493009536 ;
msgtype : event ;
event : VIEW ;
eventkey : http://kh39.61why.com/app/index.php?i=2&c=entry&eid=198 ;
menuid : 410600728 ;
from : oKwkYw5Hv5-mrEGrZ572fv2JrB_s ;
to : gh_6536061e4435 ;
time : 1493009536 ;
type : event ;

2017-04-24 12:52:16 params :
------------
Array:
rule : -2 ;
module :  ;
message : Array ;

2017-04-24 12:52:16 response :
------------

2017-04-24 12:53:50 trace :
------------
Array:
tousername : gh_6536061e4435 ;
fromusername : oKwkYw5Hv5-mrEGrZ572fv2JrB_s ;
createtime : 1493009630 ;
msgtype : event ;
event : VIEW ;
eventkey : http://kh39.61why.com/app/index.php?i=2&c=entry&eid=198 ;
menuid : 410600728 ;
from : oKwkYw5Hv5-mrEGrZ572fv2JrB_s ;
to : gh_6536061e4435 ;
time : 1493009630 ;
type : event ;

2017-04-24 12:53:50 params :
------------
Array:
rule : -2 ;
module :  ;
message : Array ;

2017-04-24 12:53:50 response :
------------

2017-04-24 12:57:23 trace :
------------
Array:
tousername : gh_6536061e4435 ;
fromusername : oKwkYw5hiet9aIoMvpfdt0UcJyzc ;
createtime : 1493009843 ;
msgtype : event ;
event : VIEW ;
eventkey : http://kh39.61why.com/app/index.php?i=2&c=entry&eid=198 ;
menuid : 410600728 ;
from : oKwkYw5hiet9aIoMvpfdt0UcJyzc ;
to : gh_6536061e4435 ;
time : 1493009843 ;
type : event ;

2017-04-24 12:57:23 params :
------------
Array:
rule : -2 ;
module :  ;
message : Array ;

2017-04-24 12:57:23 response :
------------

2017-04-24 12:59:14 trace :
------------
Array:
tousername : gh_6536061e4435 ;
fromusername : oKwkYw5hiet9aIoMvpfdt0UcJyzc ;
createtime : 1493009954 ;
msgtype : event ;
event : VIEW ;
eventkey : http://kh39.61why.com/app/index.php?i=2&c=entry&eid=198 ;
menuid : 410600728 ;
from : oKwkYw5hiet9aIoMvpfdt0UcJyzc ;
to : gh_6536061e4435 ;
time : 1493009954 ;
type : event ;

2017-04-24 12:59:14 params :
------------
Array:
rule : -2 ;
module :  ;
message : Array ;

2017-04-24 12:59:14 response :
------------

2017-04-24 13:01:58 trace :
------------
Array:
tousername : gh_6536061e4435 ;
fromusername : oKwkYw5hiet9aIoMvpfdt0UcJyzc ;
createtime : 1493010118 ;
msgtype : event ;
event : VIEW ;
eventkey : http://kh39.61why.com/app/index.php?i=2&c=entry&eid=198 ;
menuid : 410600728 ;
from : oKwkYw5hiet9aIoMvpfdt0UcJyzc ;
to : gh_6536061e4435 ;
time : 1493010118 ;
type : event ;

2017-04-24 13:01:58 params :
------------
Array:
rule : -2 ;
module :  ;
message : Array ;

2017-04-24 13:01:58 response :
------------

2017-04-24 13:02:36 trace :
------------
Array:
tousername : gh_6536061e4435 ;
fromusername : oKwkYw5hiet9aIoMvpfdt0UcJyzc ;
createtime : 1493010156 ;
msgtype : event ;
event : VIEW ;
eventkey : http://kh39.61why.com/app/index.php?i=2&c=entry&eid=198 ;
menuid : 410600728 ;
from : oKwkYw5hiet9aIoMvpfdt0UcJyzc ;
to : gh_6536061e4435 ;
time : 1493010156 ;
type : event ;

2017-04-24 13:02:36 params :
------------
Array:
rule : -2 ;
module :  ;
message : Array ;

2017-04-24 13:02:36 response :
------------

2017-04-24 13:04:58 trace :
------------
Array:
tousername : gh_6536061e4435 ;
fromusername : oKwkYw5hiet9aIoMvpfdt0UcJyzc ;
createtime : 1493010298 ;
msgtype : event ;
event : VIEW ;
eventkey : http://kh39.61why.com/app/index.php?i=2&c=entry&eid=198 ;
menuid : 410600728 ;
from : oKwkYw5hiet9aIoMvpfdt0UcJyzc ;
to : gh_6536061e4435 ;
time : 1493010298 ;
type : event ;

2017-04-24 13:04:58 params :
------------
Array:
rule : -2 ;
module :  ;
message : Array ;

2017-04-24 13:04:58 response :
------------

2017-04-24 13:05:41 trace :
------------
Array:
tousername : gh_6536061e4435 ;
fromusername : oKwkYw5Hv5-mrEGrZ572fv2JrB_s ;
createtime : 1493010341 ;
msgtype : event ;
event : VIEW ;
eventkey : http://kh39.61why.com/app/index.php?i=2&c=entry&eid=198 ;
menuid : 410600728 ;
from : oKwkYw5Hv5-mrEGrZ572fv2JrB_s ;
to : gh_6536061e4435 ;
time : 1493010341 ;
type : event ;

2017-04-24 13:05:41 params :
------------
Array:
rule : -2 ;
module :  ;
message : Array ;

2017-04-24 13:05:41 response :
------------

2017-04-24 13:06:37 trace :
------------
Array:
tousername : gh_6536061e4435 ;
fromusername : oKwkYw5hiet9aIoMvpfdt0UcJyzc ;
createtime : 1493010397 ;
msgtype : event ;
event : VIEW ;
eventkey : http://kh39.61why.com/app/index.php?i=2&c=entry&eid=198 ;
menuid : 410600728 ;
from : oKwkYw5hiet9aIoMvpfdt0UcJyzc ;
to : gh_6536061e4435 ;
time : 1493010397 ;
type : event ;

2017-04-24 13:06:37 params :
------------
Array:
rule : -2 ;
module :  ;
message : Array ;

2017-04-24 13:06:37 response :
------------

2017-04-24 13:40:29 trace :
------------
Array:
tousername : gh_6536061e4435 ;
fromusername : oKwkYw1yj38KOhGZ_VHM2TrE79xY ;
createtime : 1493012429 ;
msgtype : event ;
event : VIEW ;
eventkey : http://kh39.61why.com/app/index.php?i=2&c=entry&eid=198 ;
menuid : 410600728 ;
from : oKwkYw1yj38KOhGZ_VHM2TrE79xY ;
to : gh_6536061e4435 ;
time : 1493012429 ;
type : event ;

2017-04-24 13:40:29 params :
------------
Array:
rule : -2 ;
module :  ;
message : Array ;

2017-04-24 13:40:29 response :
------------

2017-04-24 14:02:43 trace :
------------
Array:
tousername : gh_6536061e4435 ;
fromusername : oKwkYw5hiet9aIoMvpfdt0UcJyzc ;
createtime : 1493013763 ;
msgtype : event ;
event : VIEW ;
eventkey : http://kh39.61why.com/app/index.php?i=2&c=entry&eid=198 ;
menuid : 410600728 ;
from : oKwkYw5hiet9aIoMvpfdt0UcJyzc ;
to : gh_6536061e4435 ;
time : 1493013763 ;
type : event ;

2017-04-24 14:02:43 params :
------------
Array:
rule : -2 ;
module :  ;
message : Array ;

2017-04-24 14:02:43 response :
------------

2017-04-24 14:03:02 trace :
------------
Array:
tousername : gh_6536061e4435 ;
fromusername : oKwkYw5hiet9aIoMvpfdt0UcJyzc ;
createtime : 1493013782 ;
msgtype : event ;
event : VIEW ;
eventkey : http://kh39.61why.com/app/index.php?i=2&c=entry&eid=198 ;
menuid : 410600728 ;
from : oKwkYw5hiet9aIoMvpfdt0UcJyzc ;
to : gh_6536061e4435 ;
time : 1493013782 ;
type : event ;

2017-04-24 14:03:02 params :
------------
Array:
rule : -2 ;
module :  ;
message : Array ;

2017-04-24 14:03:02 response :
------------

2017-04-24 14:03:12 trace :
------------
Array:
tousername : gh_6536061e4435 ;
fromusername : oKwkYw2GQtULXEVQoC_lGDD2eW9A ;
createtime : 1493013792 ;
msgtype : event ;
event : VIEW ;
eventkey : http://kh39.61why.com/app/index.php?i=2&c=entry&eid=194 ;
menuid : 410600728 ;
from : oKwkYw2GQtULXEVQoC_lGDD2eW9A ;
to : gh_6536061e4435 ;
time : 1493013792 ;
type : event ;

2017-04-24 14:03:12 params :
------------
Array:
rule : -2 ;
module :  ;
message : Array ;

2017-04-24 14:03:12 response :
------------

2017-04-24 14:06:34 trace :
------------
Array:
tousername : gh_6536061e4435 ;
fromusername : oKwkYw5hiet9aIoMvpfdt0UcJyzc ;
createtime : 1493013994 ;
msgtype : event ;
event : VIEW ;
eventkey : http://kh39.61why.com/app/index.php?i=2&c=entry&eid=198 ;
menuid : 410600728 ;
from : oKwkYw5hiet9aIoMvpfdt0UcJyzc ;
to : gh_6536061e4435 ;
time : 1493013994 ;
type : event ;

2017-04-24 14:06:34 params :
------------
Array:
rule : -2 ;
module :  ;
message : Array ;

2017-04-24 14:06:34 response :
------------

2017-04-24 14:07:51 trace :
------------
Array:
tousername : gh_6536061e4435 ;
fromusername : oKwkYw5hiet9aIoMvpfdt0UcJyzc ;
createtime : 1493014071 ;
msgtype : event ;
event : VIEW ;
eventkey : http://kh39.61why.com/app/index.php?i=2&c=entry&eid=198 ;
menuid : 410600728 ;
from : oKwkYw5hiet9aIoMvpfdt0UcJyzc ;
to : gh_6536061e4435 ;
time : 1493014071 ;
type : event ;

2017-04-24 14:07:51 params :
------------
Array:
rule : -2 ;
module :  ;
message : Array ;

2017-04-24 14:07:51 response :
------------

2017-04-24 14:08:54 trace :
------------
Array:
tousername : gh_6536061e4435 ;
fromusername : oKwkYw03W1Pov3xT2Hvnj_ODN-Ug ;
createtime : 1493014134 ;
msgtype : event ;
event : VIEW ;
eventkey : http://kh39.61why.com/app/index.php?i=2&c=entry&eid=198 ;
menuid : 410600728 ;
from : oKwkYw03W1Pov3xT2Hvnj_ODN-Ug ;
to : gh_6536061e4435 ;
time : 1493014134 ;
type : event ;

2017-04-24 14:08:54 params :
------------
Array:
rule : -2 ;
module :  ;
message : Array ;

2017-04-24 14:08:54 response :
------------

2017-04-24 14:08:57 trace :
------------
Array:
tousername : gh_6536061e4435 ;
fromusername : oKwkYw2GQtULXEVQoC_lGDD2eW9A ;
createtime : 1493014137 ;
msgtype : event ;
event : VIEW ;
eventkey : http://kh39.61why.com/app/index.php?i=2&c=entry&eid=194 ;
menuid : 410600728 ;
from : oKwkYw2GQtULXEVQoC_lGDD2eW9A ;
to : gh_6536061e4435 ;
time : 1493014137 ;
type : event ;

2017-04-24 14:08:57 params :
------------
Array:
rule : -2 ;
module :  ;
message : Array ;

2017-04-24 14:08:57 response :
------------

2017-04-24 14:16:17 trace :
------------
Array:
tousername : gh_6536061e4435 ;
fromusername : oKwkYw2GQtULXEVQoC_lGDD2eW9A ;
createtime : 1493014577 ;
msgtype : event ;
event : CLICK ;
eventkey : 二维码 ;
from : oKwkYw2GQtULXEVQoC_lGDD2eW9A ;
to : gh_6536061e4435 ;
time : 1493014577 ;
type : event ;

2017-04-24 14:16:29 trace :
------------
Array:
tousername : gh_6536061e4435 ;
fromusername : oKwkYw3OR4ExOzStzc2bwa92S-Kw ;
createtime : 1493014589 ;
msgtype : event ;
event : subscribe ;
eventkey : qrscene_58e7c014437ec10291f940872aa978a5 ;
ticket : gQEQ8TwAAAAAAAAAAS5odHRwOi8vd2VpeGluLnFxLmNvbS9xLzAyaWU4UTB1SDljbzMxMDAwMDAwN0kAAgRaHvZYAwQAAAAA ;
from : oKwkYw3OR4ExOzStzc2bwa92S-Kw ;
to : gh_6536061e4435 ;
time : 1493014589 ;
type : subscribe ;
scene : 58e7c014437ec10291f940872aa978a5 ;

2017-04-24 14:16:32 trace :
------------
Array:
tousername : gh_6536061e4435 ;
fromusername : oKwkYw3OR4ExOzStzc2bwa92S-Kw ;
createtime : 1493014592 ;
msgtype : event ;
event : VIEW ;
eventkey : http://kh39.61why.com/app/index.php?i=2&c=entry&eid=198 ;
menuid : 410600728 ;
from : oKwkYw3OR4ExOzStzc2bwa92S-Kw ;
to : gh_6536061e4435 ;
time : 1493014592 ;
type : event ;

2017-04-24 14:16:32 params :
------------
Array:
rule : -2 ;
module :  ;
message : Array ;

2017-04-24 14:16:32 response :
------------

2017-04-24 14:19:41 trace :
------------
Array:
tousername : gh_6536061e4435 ;
fromusername : oKwkYw3OR4ExOzStzc2bwa92S-Kw ;
createtime : 1493014781 ;
msgtype : event ;
event : VIEW ;
eventkey : http://kh39.61why.com/app/index.php?i=2&c=entry&eid=194 ;
menuid : 410600728 ;
from : oKwkYw3OR4ExOzStzc2bwa92S-Kw ;
to : gh_6536061e4435 ;
time : 1493014781 ;
type : event ;

2017-04-24 14:19:41 params :
------------
Array:
rule : -2 ;
module :  ;
message : Array ;

2017-04-24 14:19:41 response :
------------

2017-04-24 14:23:16 trace :
------------
Array:
tousername : gh_6536061e4435 ;
fromusername : oKwkYw3OR4ExOzStzc2bwa92S-Kw ;
createtime : 1493014996 ;
msgtype : event ;
event : VIEW ;
eventkey : http://kh39.61why.com/app/index.php?i=2&c=entry&eid=194 ;
menuid : 410600728 ;
from : oKwkYw3OR4ExOzStzc2bwa92S-Kw ;
to : gh_6536061e4435 ;
time : 1493014996 ;
type : event ;

2017-04-24 14:23:16 params :
------------
Array:
rule : -2 ;
module :  ;
message : Array ;

2017-04-24 14:23:16 response :
------------

2017-04-24 14:25:07 trace :
------------
Array:
tousername : gh_6536061e4435 ;
fromusername : oKwkYw2GQtULXEVQoC_lGDD2eW9A ;
createtime : 1493015107 ;
msgtype : event ;
event : CLICK ;
eventkey : 二维码 ;
from : oKwkYw2GQtULXEVQoC_lGDD2eW9A ;
to : gh_6536061e4435 ;
time : 1493015107 ;
type : event ;

2017-04-24 14:28:01 trace :
------------
Array:
tousername : gh_6536061e4435 ;
fromusername : oKwkYw3OR4ExOzStzc2bwa92S-Kw ;
createtime : 1493015281 ;
msgtype : event ;
event : VIEW ;
eventkey : http://kh39.61why.com/app/index.php?i=2&c=entry&eid=198 ;
menuid : 410600728 ;
from : oKwkYw3OR4ExOzStzc2bwa92S-Kw ;
to : gh_6536061e4435 ;
time : 1493015281 ;
type : event ;

2017-04-24 14:28:01 params :
------------
Array:
rule : -2 ;
module :  ;
message : Array ;

2017-04-24 14:28:01 response :
------------

2017-04-24 14:28:04 trace :
------------
Array:
tousername : gh_6536061e4435 ;
fromusername : oKwkYw2GQtULXEVQoC_lGDD2eW9A ;
createtime : 1493015284 ;
msgtype : event ;
event : VIEW ;
eventkey : http://kh39.61why.com/app/index.php?i=2&c=entry&eid=194 ;
menuid : 410600728 ;
from : oKwkYw2GQtULXEVQoC_lGDD2eW9A ;
to : gh_6536061e4435 ;
time : 1493015284 ;
type : event ;

2017-04-24 14:28:04 params :
------------
Array:
rule : -2 ;
module :  ;
message : Array ;

2017-04-24 14:28:04 response :
------------

2017-04-24 14:31:42 trace :
------------
Array:
tousername : gh_6536061e4435 ;
fromusername : oKwkYw5S8zWw6zCS6dGdWuuV95fM ;
createtime : 1493015502 ;
msgtype : event ;
event : VIEW ;
eventkey : http://kh39.61why.com/app/index.php?i=2&c=entry&eid=194 ;
menuid : 410600728 ;
from : oKwkYw5S8zWw6zCS6dGdWuuV95fM ;
to : gh_6536061e4435 ;
time : 1493015502 ;
type : event ;

2017-04-24 14:31:42 params :
------------
Array:
rule : -2 ;
module :  ;
message : Array ;

2017-04-24 14:31:42 response :
------------

2017-04-24 14:32:22 trace :
------------
Array:
tousername : gh_6536061e4435 ;
fromusername : oKwkYw5S8zWw6zCS6dGdWuuV95fM ;
createtime : 1493015542 ;
msgtype : event ;
event : VIEW ;
eventkey : http://kh39.61why.com/app/index.php?i=2&c=entry&eid=194 ;
menuid : 410600728 ;
from : oKwkYw5S8zWw6zCS6dGdWuuV95fM ;
to : gh_6536061e4435 ;
time : 1493015542 ;
type : event ;

2017-04-24 14:32:22 params :
------------
Array:
rule : -2 ;
module :  ;
message : Array ;

2017-04-24 14:32:22 response :
------------

2017-04-24 14:32:47 trace :
------------
Array:
tousername : gh_6536061e4435 ;
fromusername : oKwkYw5S8zWw6zCS6dGdWuuV95fM ;
createtime : 1493015567 ;
msgtype : event ;
event : VIEW ;
eventkey : http://kh39.61why.com/app/index.php?i=2&c=entry&eid=194 ;
menuid : 410600728 ;
from : oKwkYw5S8zWw6zCS6dGdWuuV95fM ;
to : gh_6536061e4435 ;
time : 1493015567 ;
type : event ;

2017-04-24 14:32:47 params :
------------
Array:
rule : -2 ;
module :  ;
message : Array ;

2017-04-24 14:32:47 response :
------------

2017-04-24 14:38:19 trace :
------------
Array:
tousername : gh_6536061e4435 ;
fromusername : oKwkYw4yoUo9SG3ALemy_G25Q7kk ;
createtime : 1493015899 ;
msgtype : event ;
event : VIEW ;
eventkey : http://kh39.61why.com/app/index.php?i=2&c=entry&eid=198 ;
menuid : 410600728 ;
from : oKwkYw4yoUo9SG3ALemy_G25Q7kk ;
to : gh_6536061e4435 ;
time : 1493015899 ;
type : event ;

2017-04-24 14:38:19 params :
------------
Array:
rule : -2 ;
module :  ;
message : Array ;

2017-04-24 14:38:19 response :
------------

2017-04-24 14:38:56 trace :
------------
Array:
tousername : gh_6536061e4435 ;
fromusername : oKwkYw4yoUo9SG3ALemy_G25Q7kk ;
createtime : 1493015935 ;
msgtype : event ;
event : VIEW ;
eventkey : http://kh39.61why.com/app/index.php?i=2&c=entry&eid=194 ;
menuid : 410600728 ;
from : oKwkYw4yoUo9SG3ALemy_G25Q7kk ;
to : gh_6536061e4435 ;
time : 1493015935 ;
type : event ;

2017-04-24 14:38:56 params :
------------
Array:
rule : -2 ;
module :  ;
message : Array ;

2017-04-24 14:38:56 response :
------------

2017-04-24 14:48:16 trace :
------------
Array:
tousername : gh_6536061e4435 ;
fromusername : oKwkYw4yoUo9SG3ALemy_G25Q7kk ;
createtime : 1493016496 ;
msgtype : text ;
content : 可以用信用卡支付吗 ;
msgid : 6412457023120872871 ;
from : oKwkYw4yoUo9SG3ALemy_G25Q7kk ;
to : gh_6536061e4435 ;
time : 1493016496 ;
type : text ;
event :  ;
redirection :  ;
source :  ;

2017-04-24 14:48:16 params :
------------
Array:
rule : -2 ;
module :  ;
message : Array ;

2017-04-24 14:48:16 response :
------------

2017-04-24 15:00:12 trace :
------------
Array:
tousername : gh_0ad70057b777 ;
fromusername : o26ibjsrSJzYjD-yXvhf2mf0Ttf8 ;
createtime : 1493017212 ;
msgtype : event ;
event : VIEW ;
eventkey : http://kh39.61why.com/app/index.php?i=2&c=entry&eid=194 ;
menuid : 411738532 ;
from : o26ibjsrSJzYjD-yXvhf2mf0Ttf8 ;
to : gh_0ad70057b777 ;
time : 1493017212 ;
type : event ;

2017-04-24 15:00:12 params :
------------
Array:
rule : -2 ;
module :  ;
message : Array ;

2017-04-24 15:00:12 response :
------------

2017-04-24 15:00:40 trace :
------------
Array:
tousername : gh_0ad70057b777 ;
fromusername : o26ibjsrSJzYjD-yXvhf2mf0Ttf8 ;
createtime : 1493017240 ;
msgtype : event ;
event : VIEW ;
eventkey : http://kh39.61why.com/app/index.php?i=2&c=entry&eid=194 ;
menuid : 411738532 ;
from : o26ibjsrSJzYjD-yXvhf2mf0Ttf8 ;
to : gh_0ad70057b777 ;
time : 1493017240 ;
type : event ;

2017-04-24 15:00:40 params :
------------
Array:
rule : -2 ;
module :  ;
message : Array ;

2017-04-24 15:00:40 response :
------------

2017-04-24 15:01:12 trace :
------------
Array:
tousername : gh_0ad70057b777 ;
fromusername : o26ibjsrSJzYjD-yXvhf2mf0Ttf8 ;
createtime : 1493017272 ;
msgtype : event ;
event : VIEW ;
eventkey : http://kh39.61why.com/app/index.php?i=2&c=entry&eid=194 ;
menuid : 411738532 ;
from : o26ibjsrSJzYjD-yXvhf2mf0Ttf8 ;
to : gh_0ad70057b777 ;
time : 1493017272 ;
type : event ;

2017-04-24 15:01:12 params :
------------
Array:
rule : -2 ;
module :  ;
message : Array ;

2017-04-24 15:01:12 response :
------------

2017-04-24 15:02:06 trace :
------------
Array:
tousername : gh_0ad70057b777 ;
fromusername : o26ibjsrSJzYjD-yXvhf2mf0Ttf8 ;
createtime : 1493017326 ;
msgtype : event ;
event : VIEW ;
eventkey : http://kh39.61why.com/app/index.php?i=2&c=entry&eid=194 ;
menuid : 411738532 ;
from : o26ibjsrSJzYjD-yXvhf2mf0Ttf8 ;
to : gh_0ad70057b777 ;
time : 1493017326 ;
type : event ;

2017-04-24 15:02:06 params :
------------
Array:
rule : -2 ;
module :  ;
message : Array ;

2017-04-24 15:02:06 response :
------------

2017-04-24 15:02:26 trace :
------------
Array:
tousername : gh_0ad70057b777 ;
fromusername : o26ibjsrSJzYjD-yXvhf2mf0Ttf8 ;
createtime : 1493017346 ;
msgtype : event ;
event : VIEW ;
eventkey : http://kh39.61why.com/app/index.php?i=2&c=entry&eid=194 ;
menuid : 411738532 ;
from : o26ibjsrSJzYjD-yXvhf2mf0Ttf8 ;
to : gh_0ad70057b777 ;
time : 1493017346 ;
type : event ;

2017-04-24 15:02:26 params :
------------
Array:
rule : -2 ;
module :  ;
message : Array ;

2017-04-24 15:02:26 response :
------------

2017-04-24 15:02:58 trace :
------------
Array:
tousername : gh_6536061e4435 ;
fromusername : oKwkYw5Hv5-mrEGrZ572fv2JrB_s ;
createtime : 1493017378 ;
msgtype : event ;
event : VIEW ;
eventkey : http://kh39.61why.com/app/index.php?i=2&c=entry&eid=194 ;
menuid : 410600728 ;
from : oKwkYw5Hv5-mrEGrZ572fv2JrB_s ;
to : gh_6536061e4435 ;
time : 1493017378 ;
type : event ;

2017-04-24 15:02:58 params :
------------
Array:
rule : -2 ;
module :  ;
message : Array ;

2017-04-24 15:02:58 response :
------------

2017-04-24 15:03:13 trace :
------------
Array:
tousername : gh_0ad70057b777 ;
fromusername : o26ibjsrSJzYjD-yXvhf2mf0Ttf8 ;
createtime : 1493017393 ;
msgtype : event ;
event : VIEW ;
eventkey : http://kh39.61why.com/app/index.php?i=2&c=entry&eid=194 ;
menuid : 411738532 ;
from : o26ibjsrSJzYjD-yXvhf2mf0Ttf8 ;
to : gh_0ad70057b777 ;
time : 1493017393 ;
type : event ;

2017-04-24 15:03:13 params :
------------
Array:
rule : -2 ;
module :  ;
message : Array ;

2017-04-24 15:03:13 response :
------------

2017-04-24 15:03:29 trace :
------------
Array:
tousername : gh_0ad70057b777 ;
fromusername : o26ibjsrSJzYjD-yXvhf2mf0Ttf8 ;
createtime : 1493017409 ;
msgtype : event ;
event : VIEW ;
eventkey : http://kh39.61why.com/app/index.php?i=2&c=entry&eid=194 ;
menuid : 411738532 ;
from : o26ibjsrSJzYjD-yXvhf2mf0Ttf8 ;
to : gh_0ad70057b777 ;
time : 1493017409 ;
type : event ;

2017-04-24 15:03:29 params :
------------
Array:
rule : -2 ;
module :  ;
message : Array ;

2017-04-24 15:03:29 response :
------------

2017-04-24 15:04:23 trace :
------------
Array:
tousername : gh_6536061e4435 ;
fromusername : oKwkYw5wRJb56uOuYOGreEnhO0Z0 ;
createtime : 1493017463 ;
msgtype : event ;
event : VIEW ;
eventkey : http://kh39.61why.com/app/index.php?i=2&c=entry&eid=194 ;
menuid : 410600728 ;
from : oKwkYw5wRJb56uOuYOGreEnhO0Z0 ;
to : gh_6536061e4435 ;
time : 1493017463 ;
type : event ;

2017-04-24 15:04:23 params :
------------
Array:
rule : -2 ;
module :  ;
message : Array ;

2017-04-24 15:04:23 response :
------------

2017-04-24 15:04:53 trace :
------------
Array:
tousername : gh_6536061e4435 ;
fromusername : oKwkYw5wRJb56uOuYOGreEnhO0Z0 ;
createtime : 1493017493 ;
msgtype : event ;
event : VIEW ;
eventkey : http://kh39.61why.com/app/index.php?i=2&c=entry&eid=194 ;
menuid : 410600728 ;
from : oKwkYw5wRJb56uOuYOGreEnhO0Z0 ;
to : gh_6536061e4435 ;
time : 1493017493 ;
type : event ;

2017-04-24 15:04:53 params :
------------
Array:
rule : -2 ;
module :  ;
message : Array ;

2017-04-24 15:04:53 response :
------------

2017-04-24 15:05:14 trace :
------------
Array:
tousername : gh_6536061e4435 ;
fromusername : oKwkYw5wRJb56uOuYOGreEnhO0Z0 ;
createtime : 1493017514 ;
msgtype : event ;
event : VIEW ;
eventkey : http://kh39.61why.com/app/index.php?i=2&c=entry&eid=194 ;
menuid : 410600728 ;
from : oKwkYw5wRJb56uOuYOGreEnhO0Z0 ;
to : gh_6536061e4435 ;
time : 1493017514 ;
type : event ;

2017-04-24 15:05:14 params :
------------
Array:
rule : -2 ;
module :  ;
message : Array ;

2017-04-24 15:05:14 response :
------------

2017-04-24 15:05:30 trace :
------------
Array:
tousername : gh_6536061e4435 ;
fromusername : oKwkYw5wRJb56uOuYOGreEnhO0Z0 ;
createtime : 1493017530 ;
msgtype : event ;
event : VIEW ;
eventkey : http://kh39.61why.com/app/index.php?i=2&c=entry&eid=194 ;
menuid : 410600728 ;
from : oKwkYw5wRJb56uOuYOGreEnhO0Z0 ;
to : gh_6536061e4435 ;
time : 1493017530 ;
type : event ;

2017-04-24 15:05:30 params :
------------
Array:
rule : -2 ;
module :  ;
message : Array ;

2017-04-24 15:05:30 response :
------------

2017-04-24 15:05:38 trace :
------------
Array:
tousername : gh_6536061e4435 ;
fromusername : oKwkYw7K9xHIr91Csk-qENfcagnM ;
createtime : 1493017538 ;
msgtype : event ;
event : VIEW ;
eventkey : http://kh39.61why.com/app/index.php?i=2&c=entry&eid=194 ;
menuid : 410600728 ;
from : oKwkYw7K9xHIr91Csk-qENfcagnM ;
to : gh_6536061e4435 ;
time : 1493017538 ;
type : event ;

2017-04-24 15:05:38 params :
------------
Array:
rule : -2 ;
module :  ;
message : Array ;

2017-04-24 15:05:38 response :
------------

2017-04-24 15:05:40 trace :
------------
Array:
tousername : gh_6536061e4435 ;
fromusername : oKwkYw5wRJb56uOuYOGreEnhO0Z0 ;
createtime : 1493017540 ;
msgtype : event ;
event : VIEW ;
eventkey : http://kh39.61why.com/app/index.php?i=2&c=entry&eid=198 ;
menuid : 410600728 ;
from : oKwkYw5wRJb56uOuYOGreEnhO0Z0 ;
to : gh_6536061e4435 ;
time : 1493017540 ;
type : event ;

2017-04-24 15:05:40 params :
------------
Array:
rule : -2 ;
module :  ;
message : Array ;

2017-04-24 15:05:40 response :
------------

2017-04-24 15:05:44 trace :
------------
Array:
tousername : gh_6536061e4435 ;
fromusername : oKwkYw7K9xHIr91Csk-qENfcagnM ;
createtime : 1493017544 ;
msgtype : event ;
event : VIEW ;
eventkey : http://kh39.61why.com/app/index.php?i=2&c=entry&eid=194 ;
menuid : 410600728 ;
from : oKwkYw7K9xHIr91Csk-qENfcagnM ;
to : gh_6536061e4435 ;
time : 1493017544 ;
type : event ;

2017-04-24 15:05:44 params :
------------
Array:
rule : -2 ;
module :  ;
message : Array ;

2017-04-24 15:05:44 response :
------------

2017-04-24 15:07:37 trace :
------------
Array:
tousername : gh_6536061e4435 ;
fromusername : oKwkYw5wRJb56uOuYOGreEnhO0Z0 ;
createtime : 1493017657 ;
msgtype : event ;
event : VIEW ;
eventkey : http://kh39.61why.com/app/index.php?i=2&c=entry&eid=194 ;
menuid : 410600728 ;
from : oKwkYw5wRJb56uOuYOGreEnhO0Z0 ;
to : gh_6536061e4435 ;
time : 1493017657 ;
type : event ;

2017-04-24 15:07:37 params :
------------
Array:
rule : -2 ;
module :  ;
message : Array ;

2017-04-24 15:07:37 response :
------------

2017-04-24 15:07:40 trace :
------------
Array:
tousername : gh_6536061e4435 ;
fromusername : oKwkYw5wRJb56uOuYOGreEnhO0Z0 ;
createtime : 1493017660 ;
msgtype : event ;
event : VIEW ;
eventkey : http://kh39.61why.com/app/index.php?i=2&c=entry&eid=194 ;
menuid : 410600728 ;
from : oKwkYw5wRJb56uOuYOGreEnhO0Z0 ;
to : gh_6536061e4435 ;
time : 1493017660 ;
type : event ;

2017-04-24 15:07:40 params :
------------
Array:
rule : -2 ;
module :  ;
message : Array ;

2017-04-24 15:07:40 response :
------------

2017-04-24 15:07:42 trace :
------------
Array:
tousername : gh_6536061e4435 ;
fromusername : oKwkYw5wRJb56uOuYOGreEnhO0Z0 ;
createtime : 1493017662 ;
msgtype : event ;
event : VIEW ;
eventkey : http://kh39.61why.com/app/index.php?i=2&c=entry&eid=194 ;
menuid : 410600728 ;
from : oKwkYw5wRJb56uOuYOGreEnhO0Z0 ;
to : gh_6536061e4435 ;
time : 1493017662 ;
type : event ;

2017-04-24 15:07:42 params :
------------
Array:
rule : -2 ;
module :  ;
message : Array ;

2017-04-24 15:07:42 response :
------------

2017-04-24 15:07:43 trace :
------------
Array:
tousername : gh_6536061e4435 ;
fromusername : oKwkYw5wRJb56uOuYOGreEnhO0Z0 ;
createtime : 1493017662 ;
msgtype : event ;
event : VIEW ;
eventkey : http://kh39.61why.com/app/index.php?i=2&c=entry&eid=194 ;
menuid : 410600728 ;
from : oKwkYw5wRJb56uOuYOGreEnhO0Z0 ;
to : gh_6536061e4435 ;
time : 1493017662 ;
type : event ;

2017-04-24 15:07:43 params :
------------
Array:
rule : -2 ;
module :  ;
message : Array ;

2017-04-24 15:07:43 response :
------------

2017-04-24 15:10:26 trace :
------------
Array:
tousername : gh_6536061e4435 ;
fromusername : oKwkYw5wRJb56uOuYOGreEnhO0Z0 ;
createtime : 1493017826 ;
msgtype : event ;
event : VIEW ;
eventkey : http://kh39.61why.com/app/index.php?i=2&c=entry&eid=198 ;
menuid : 410600728 ;
from : oKwkYw5wRJb56uOuYOGreEnhO0Z0 ;
to : gh_6536061e4435 ;
time : 1493017826 ;
type : event ;

2017-04-24 15:10:26 params :
------------
Array:
rule : -2 ;
module :  ;
message : Array ;

2017-04-24 15:10:26 response :
------------

2017-04-24 15:11:21 trace :
------------
Array:
tousername : gh_6536061e4435 ;
fromusername : oKwkYw5wRJb56uOuYOGreEnhO0Z0 ;
createtime : 1493017881 ;
msgtype : event ;
event : VIEW ;
eventkey : http://kh39.61why.com/app/index.php?i=2&c=entry&eid=198 ;
menuid : 410600728 ;
from : oKwkYw5wRJb56uOuYOGreEnhO0Z0 ;
to : gh_6536061e4435 ;
time : 1493017881 ;
type : event ;

2017-04-24 15:11:21 params :
------------
Array:
rule : -2 ;
module :  ;
message : Array ;

2017-04-24 15:11:21 response :
------------

2017-04-24 15:12:15 trace :
------------
Array:
tousername : gh_0ad70057b777 ;
fromusername : o26ibjsrSJzYjD-yXvhf2mf0Ttf8 ;
createtime : 1493017935 ;
msgtype : event ;
event : VIEW ;
eventkey : http://kh39.61why.com/app/index.php?i=2&c=entry&eid=198 ;
menuid : 411738532 ;
from : o26ibjsrSJzYjD-yXvhf2mf0Ttf8 ;
to : gh_0ad70057b777 ;
time : 1493017935 ;
type : event ;

2017-04-24 15:12:15 params :
------------
Array:
rule : -2 ;
module :  ;
message : Array ;

2017-04-24 15:12:15 response :
------------

2017-04-24 15:14:49 trace :
------------
Array:
tousername : gh_6536061e4435 ;
fromusername : oKwkYw5wRJb56uOuYOGreEnhO0Z0 ;
createtime : 1493018089 ;
msgtype : event ;
event : VIEW ;
eventkey : http://kh39.61why.com/app/index.php?i=2&c=entry&eid=198 ;
menuid : 410600728 ;
from : oKwkYw5wRJb56uOuYOGreEnhO0Z0 ;
to : gh_6536061e4435 ;
time : 1493018089 ;
type : event ;

2017-04-24 15:14:49 params :
------------
Array:
rule : -2 ;
module :  ;
message : Array ;

2017-04-24 15:14:49 response :
------------

2017-04-24 15:19:55 trace :
------------
Array:
tousername : gh_6536061e4435 ;
fromusername : oKwkYw5wRJb56uOuYOGreEnhO0Z0 ;
createtime : 1493018395 ;
msgtype : event ;
event : VIEW ;
eventkey : http://kh39.61why.com/app/index.php?i=2&c=entry&eid=198 ;
menuid : 410600728 ;
from : oKwkYw5wRJb56uOuYOGreEnhO0Z0 ;
to : gh_6536061e4435 ;
time : 1493018395 ;
type : event ;

2017-04-24 15:19:55 params :
------------
Array:
rule : -2 ;
module :  ;
message : Array ;

2017-04-24 15:19:55 response :
------------

2017-04-24 15:20:06 trace :
------------
Array:
tousername : gh_6536061e4435 ;
fromusername : oKwkYw5wRJb56uOuYOGreEnhO0Z0 ;
createtime : 1493018406 ;
msgtype : event ;
event : CLICK ;
eventkey : 二维码 ;
from : oKwkYw5wRJb56uOuYOGreEnhO0Z0 ;
to : gh_6536061e4435 ;
time : 1493018406 ;
type : event ;

2017-04-24 15:20:19 trace :
------------
Array:
tousername : gh_6536061e4435 ;
fromusername : oKwkYw5wRJb56uOuYOGreEnhO0Z0 ;
createtime : 1493018419 ;
msgtype : event ;
event : SCAN ;
eventkey : f7788d456b48019a895208eae9f7f59f ;
ticket : gQHz8TwAAAAAAAAAAS5odHRwOi8vd2VpeGluLnFxLmNvbS9xLzAyMWhmUDFsSDljbzMxMDAwMGcwN2wAAgTTqMZYAwQAAAAA ;
from : oKwkYw5wRJb56uOuYOGreEnhO0Z0 ;
to : gh_6536061e4435 ;
time : 1493018419 ;
type : subscribe ;
scene : f7788d456b48019a895208eae9f7f59f ;

2017-04-24 15:20:26 trace :
------------
Array:
tousername : gh_6536061e4435 ;
fromusername : oKwkYw5wRJb56uOuYOGreEnhO0Z0 ;
createtime : 1493018425 ;
msgtype : event ;
event : VIEW ;
eventkey : http://kh39.61why.com/app/index.php?i=2&c=entry&eid=198 ;
menuid : 410600728 ;
from : oKwkYw5wRJb56uOuYOGreEnhO0Z0 ;
to : gh_6536061e4435 ;
time : 1493018425 ;
type : event ;

2017-04-24 15:20:26 params :
------------
Array:
rule : -2 ;
module :  ;
message : Array ;

2017-04-24 15:20:26 response :
------------

2017-04-24 15:32:03 trace :
------------
Array:
tousername : gh_6536061e4435 ;
fromusername : oKwkYw5wRJb56uOuYOGreEnhO0Z0 ;
createtime : 1493019123 ;
msgtype : event ;
event : VIEW ;
eventkey : http://kh39.61why.com/app/index.php?i=2&c=entry&eid=198 ;
menuid : 410600728 ;
from : oKwkYw5wRJb56uOuYOGreEnhO0Z0 ;
to : gh_6536061e4435 ;
time : 1493019123 ;
type : event ;

2017-04-24 15:32:03 params :
------------
Array:
rule : -2 ;
module :  ;
message : Array ;

2017-04-24 15:32:03 response :
------------

2017-04-24 15:35:23 trace :
------------
Array:
tousername : gh_6536061e4435 ;
fromusername : oKwkYw5wRJb56uOuYOGreEnhO0Z0 ;
createtime : 1493019323 ;
msgtype : event ;
event : VIEW ;
eventkey : http://kh39.61why.com/app/index.php?i=2&c=entry&eid=198 ;
menuid : 410600728 ;
from : oKwkYw5wRJb56uOuYOGreEnhO0Z0 ;
to : gh_6536061e4435 ;
time : 1493019323 ;
type : event ;

2017-04-24 15:35:23 params :
------------
Array:
rule : -2 ;
module :  ;
message : Array ;

2017-04-24 15:35:23 response :
------------

2017-04-24 15:45:13 trace :
------------
Array:
tousername : gh_6536061e4435 ;
fromusername : oKwkYw22rCbBSaALxIaH8w23nsLQ ;
createtime : 1493019913 ;
msgtype : event ;
event : VIEW ;
eventkey : http://kh39.61why.com/app/index.php?i=2&c=entry&eid=194 ;
menuid : 410600728 ;
from : oKwkYw22rCbBSaALxIaH8w23nsLQ ;
to : gh_6536061e4435 ;
time : 1493019913 ;
type : event ;

2017-04-24 15:45:13 params :
------------
Array:
rule : -2 ;
module :  ;
message : Array ;

2017-04-24 15:45:13 response :
------------

2017-04-24 15:47:28 trace :
------------
Array:
tousername : gh_6536061e4435 ;
fromusername : oKwkYw5wRJb56uOuYOGreEnhO0Z0 ;
createtime : 1493020048 ;
msgtype : event ;
event : VIEW ;
eventkey : http://kh39.61why.com/app/index.php?i=2&c=entry&eid=198 ;
menuid : 410600728 ;
from : oKwkYw5wRJb56uOuYOGreEnhO0Z0 ;
to : gh_6536061e4435 ;
time : 1493020048 ;
type : event ;

2017-04-24 15:47:28 params :
------------
Array:
rule : -2 ;
module :  ;
message : Array ;

2017-04-24 15:47:28 response :
------------

2017-04-24 15:52:01 trace :
------------
Array:
tousername : gh_6536061e4435 ;
fromusername : oKwkYw0b_nY3vy2dlsZiutChx2qg ;
createtime : 1493020321 ;
msgtype : event ;
event : VIEW ;
eventkey : http://kh39.61why.com/app/index.php?i=2&c=entry&eid=198 ;
menuid : 410600728 ;
from : oKwkYw0b_nY3vy2dlsZiutChx2qg ;
to : gh_6536061e4435 ;
time : 1493020321 ;
type : event ;

2017-04-24 15:52:01 params :
------------
Array:
rule : -2 ;
module :  ;
message : Array ;

2017-04-24 15:52:01 response :
------------

2017-04-24 16:03:30 trace :
------------
Array:
tousername : gh_6536061e4435 ;
fromusername : oKwkYw9A27iCE2wbx5IXncAJ21Sw ;
createtime : 1493021010 ;
msgtype : event ;
event : VIEW ;
eventkey : http://kh39.61why.com/app/index.php?i=2&c=entry&eid=198 ;
menuid : 410600728 ;
from : oKwkYw9A27iCE2wbx5IXncAJ21Sw ;
to : gh_6536061e4435 ;
time : 1493021010 ;
type : event ;

2017-04-24 16:03:30 params :
------------
Array:
rule : -2 ;
module :  ;
message : Array ;

2017-04-24 16:03:30 response :
------------

2017-04-24 16:03:40 trace :
------------
Array:
tousername : gh_6536061e4435 ;
fromusername : oKwkYw9A27iCE2wbx5IXncAJ21Sw ;
createtime : 1493021020 ;
msgtype : event ;
event : VIEW ;
eventkey : http://kh39.61why.com/app/index.php?i=2&c=entry&eid=198 ;
menuid : 410600728 ;
from : oKwkYw9A27iCE2wbx5IXncAJ21Sw ;
to : gh_6536061e4435 ;
time : 1493021020 ;
type : event ;

2017-04-24 16:03:40 params :
------------
Array:
rule : -2 ;
module :  ;
message : Array ;

2017-04-24 16:03:40 response :
------------

2017-04-24 16:05:03 trace :
------------
Array:
tousername : gh_6536061e4435 ;
fromusername : oKwkYw9A27iCE2wbx5IXncAJ21Sw ;
createtime : 1493021103 ;
msgtype : event ;
event : VIEW ;
eventkey : http://kh39.61why.com/app/index.php?i=2&c=entry&eid=194 ;
menuid : 410600728 ;
from : oKwkYw9A27iCE2wbx5IXncAJ21Sw ;
to : gh_6536061e4435 ;
time : 1493021103 ;
type : event ;

2017-04-24 16:05:03 params :
------------
Array:
rule : -2 ;
module :  ;
message : Array ;

2017-04-24 16:05:03 response :
------------

2017-04-24 16:26:04 trace :
------------
Array:
tousername : gh_6536061e4435 ;
fromusername : oKwkYw22rCbBSaALxIaH8w23nsLQ ;
createtime : 1493022364 ;
msgtype : event ;
event : VIEW ;
eventkey : http://kh39.61why.com/app/index.php?i=2&c=entry&eid=194 ;
menuid : 410600728 ;
from : oKwkYw22rCbBSaALxIaH8w23nsLQ ;
to : gh_6536061e4435 ;
time : 1493022364 ;
type : event ;

2017-04-24 16:26:04 params :
------------
Array:
rule : -2 ;
module :  ;
message : Array ;

2017-04-24 16:26:04 response :
------------

2017-04-24 16:39:38 trace :
------------
Array:
tousername : gh_6536061e4435 ;
fromusername : oKwkYw0AIpFiGcZK10quYHjFAg8U ;
createtime : 1493023178 ;
msgtype : event ;
event : VIEW ;
eventkey : http://kh39.61why.com/app/index.php?i=2&c=entry&eid=198 ;
menuid : 410600728 ;
from : oKwkYw0AIpFiGcZK10quYHjFAg8U ;
to : gh_6536061e4435 ;
time : 1493023178 ;
type : event ;

2017-04-24 16:39:38 params :
------------
Array:
rule : -2 ;
module :  ;
message : Array ;

2017-04-24 16:39:38 response :
------------

2017-04-24 16:39:57 trace :
------------
Array:
tousername : gh_6536061e4435 ;
fromusername : oKwkYw0AIpFiGcZK10quYHjFAg8U ;
createtime : 1493023197 ;
msgtype : event ;
event : VIEW ;
eventkey : http://kh39.61why.com/app/index.php?i=2&c=entry&eid=198 ;
menuid : 410600728 ;
from : oKwkYw0AIpFiGcZK10quYHjFAg8U ;
to : gh_6536061e4435 ;
time : 1493023197 ;
type : event ;

2017-04-24 16:39:57 params :
------------
Array:
rule : -2 ;
module :  ;
message : Array ;

2017-04-24 16:39:57 response :
------------

2017-04-24 17:43:26 trace :
------------
Array:
tousername : gh_6536061e4435 ;
fromusername : oKwkYw1KQ5ff5BZ0dgvipwLgZRns ;
createtime : 1493027006 ;
msgtype : event ;
event : VIEW ;
eventkey : http://kh39.61why.com/app/index.php?i=2&c=entry&eid=198 ;
menuid : 410600728 ;
from : oKwkYw1KQ5ff5BZ0dgvipwLgZRns ;
to : gh_6536061e4435 ;
time : 1493027006 ;
type : event ;

2017-04-24 17:43:26 params :
------------
Array:
rule : -2 ;
module :  ;
message : Array ;

2017-04-24 17:43:26 response :
------------

2017-04-24 17:58:29 trace :
------------
Array:
tousername : gh_6536061e4435 ;
fromusername : oKwkYwxNktKN91t3OllqwAT3C1GI ;
createtime : 1493027909 ;
msgtype : event ;
event : VIEW ;
eventkey : http://kh39.61why.com/app/index.php?i=2&c=entry&eid=198 ;
menuid : 410600728 ;
from : oKwkYwxNktKN91t3OllqwAT3C1GI ;
to : gh_6536061e4435 ;
time : 1493027909 ;
type : event ;

2017-04-24 17:58:29 params :
------------
Array:
rule : -2 ;
module :  ;
message : Array ;

2017-04-24 17:58:29 response :
------------

2017-04-24 18:15:45 trace :
------------
Array:
tousername : gh_6536061e4435 ;
fromusername : oKwkYw8Si4l5EAFOUh7wTfsnqZws ;
createtime : 1493028944 ;
msgtype : event ;
event : subscribe ;
eventkey : Array ;
from : oKwkYw8Si4l5EAFOUh7wTfsnqZws ;
to : gh_6536061e4435 ;
time : 1493028944 ;
type : subscribe ;

2017-04-24 18:15:45 params :
------------
Array:
rule : -2 ;
module :  ;
message : Array ;

2017-04-24 18:15:45 response :
------------

2017-04-24 18:15:50 trace :
------------
Array:
tousername : gh_6536061e4435 ;
fromusername : oKwkYw8Si4l5EAFOUh7wTfsnqZws ;
createtime : 1493028950 ;
msgtype : event ;
event : VIEW ;
eventkey : http://kh39.61why.com/app/index.php?i=2&c=entry&eid=194 ;
menuid : 410600728 ;
from : oKwkYw8Si4l5EAFOUh7wTfsnqZws ;
to : gh_6536061e4435 ;
time : 1493028950 ;
type : event ;

2017-04-24 18:15:50 params :
------------
Array:
rule : -2 ;
module :  ;
message : Array ;

2017-04-24 18:15:50 response :
------------

2017-04-24 18:58:41 trace :
------------
Array:
tousername : gh_6536061e4435 ;
fromusername : oKwkYwz_FtGom2eSyG1qwUGFxNiA ;
createtime : 1493031521 ;
msgtype : event ;
event : VIEW ;
eventkey : http://kh39.61why.com/app/index.php?i=2&c=entry&eid=198 ;
menuid : 410600728 ;
from : oKwkYwz_FtGom2eSyG1qwUGFxNiA ;
to : gh_6536061e4435 ;
time : 1493031521 ;
type : event ;

2017-04-24 18:58:41 params :
------------
Array:
rule : -2 ;
module :  ;
message : Array ;

2017-04-24 18:58:41 response :
------------

2017-04-24 19:30:08 trace :
------------
Array:
tousername : gh_6536061e4435 ;
fromusername : oKwkYwz_FtGom2eSyG1qwUGFxNiA ;
createtime : 1493033408 ;
msgtype : event ;
event : VIEW ;
eventkey : http://kh39.61why.com/app/index.php?i=2&c=entry&eid=194 ;
menuid : 410600728 ;
from : oKwkYwz_FtGom2eSyG1qwUGFxNiA ;
to : gh_6536061e4435 ;
time : 1493033408 ;
type : event ;

2017-04-24 19:30:08 params :
------------
Array:
rule : -2 ;
module :  ;
message : Array ;

2017-04-24 19:30:08 response :
------------

2017-04-24 20:25:50 trace :
------------
Array:
tousername : gh_6536061e4435 ;
fromusername : oKwkYw0b_nY3vy2dlsZiutChx2qg ;
createtime : 1493036749 ;
msgtype : event ;
event : VIEW ;
eventkey : http://kh39.61why.com/app/index.php?i=2&c=entry&eid=198 ;
menuid : 410600728 ;
from : oKwkYw0b_nY3vy2dlsZiutChx2qg ;
to : gh_6536061e4435 ;
time : 1493036749 ;
type : event ;

2017-04-24 20:25:50 params :
------------
Array:
rule : -2 ;
module :  ;
message : Array ;

2017-04-24 20:25:50 response :
------------

2017-04-24 20:45:25 trace :
------------
Array:
tousername : gh_6536061e4435 ;
fromusername : oKwkYwxdGazpUQLKnjr_HrnPicQo ;
createtime : 1493037925 ;
msgtype : event ;
event : VIEW ;
eventkey : http://kh39.61why.com/app/index.php?i=2&c=entry&eid=198 ;
menuid : 410600728 ;
from : oKwkYwxdGazpUQLKnjr_HrnPicQo ;
to : gh_6536061e4435 ;
time : 1493037925 ;
type : event ;

2017-04-24 20:45:25 params :
------------
Array:
rule : -2 ;
module :  ;
message : Array ;

2017-04-24 20:45:25 response :
------------

2017-04-24 20:45:48 trace :
------------
Array:
tousername : gh_6536061e4435 ;
fromusername : oKwkYwxdGazpUQLKnjr_HrnPicQo ;
createtime : 1493037948 ;
msgtype : event ;
event : VIEW ;
eventkey : http://kh39.61why.com/app/index.php?i=2&c=entry&eid=194 ;
menuid : 410600728 ;
from : oKwkYwxdGazpUQLKnjr_HrnPicQo ;
to : gh_6536061e4435 ;
time : 1493037948 ;
type : event ;

2017-04-24 20:45:48 params :
------------
Array:
rule : -2 ;
module :  ;
message : Array ;

2017-04-24 20:45:48 response :
------------

2017-04-24 21:53:39 trace :
------------
Array:
tousername : gh_6536061e4435 ;
fromusername : oKwkYw1KQ5ff5BZ0dgvipwLgZRns ;
createtime : 1493042018 ;
msgtype : event ;
event : VIEW ;
eventkey : http://kh39.61why.com/app/index.php?i=2&c=entry&eid=198 ;
menuid : 410600728 ;
from : oKwkYw1KQ5ff5BZ0dgvipwLgZRns ;
to : gh_6536061e4435 ;
time : 1493042018 ;
type : event ;

2017-04-24 21:53:39 params :
------------
Array:
rule : -2 ;
module :  ;
message : Array ;

2017-04-24 21:53:39 response :
------------

2017-04-24 22:06:11 trace :
------------
Array:
tousername : gh_6536061e4435 ;
fromusername : oKwkYwwe6ND5Pg7cA6IK-UExrffU ;
createtime : 1493042771 ;
msgtype : event ;
event : VIEW ;
eventkey : http://kh39.61why.com/app/index.php?i=2&c=entry&eid=198 ;
menuid : 410600728 ;
from : oKwkYwwe6ND5Pg7cA6IK-UExrffU ;
to : gh_6536061e4435 ;
time : 1493042771 ;
type : event ;

2017-04-24 22:06:11 params :
------------
Array:
rule : -2 ;
module :  ;
message : Array ;

2017-04-24 22:06:11 response :
------------

2017-04-24 22:16:55 trace :
------------
Array:
tousername : gh_6536061e4435 ;
fromusername : oKwkYww7WM_XIm0hZlfkZPjf6xoc ;
createtime : 1493043415 ;
msgtype : event ;
event : VIEW ;
eventkey : http://kh39.61why.com/app/index.php?i=2&c=entry&eid=198 ;
menuid : 410600728 ;
from : oKwkYww7WM_XIm0hZlfkZPjf6xoc ;
to : gh_6536061e4435 ;
time : 1493043415 ;
type : event ;

2017-04-24 22:16:55 params :
------------
Array:
rule : -2 ;
module :  ;
message : Array ;

2017-04-24 22:16:55 response :
------------

2017-04-24 22:17:35 trace :
------------
Array:
tousername : gh_6536061e4435 ;
fromusername : oKwkYwywEpFgDWbwv_V6u_yoYYIo ;
createtime : 1493043455 ;
msgtype : event ;
event : VIEW ;
eventkey : http://kh39.61why.com/app/index.php?i=2&c=entry&eid=194 ;
menuid : 410600728 ;
from : oKwkYwywEpFgDWbwv_V6u_yoYYIo ;
to : gh_6536061e4435 ;
time : 1493043455 ;
type : event ;

2017-04-24 22:17:35 params :
------------
Array:
rule : -2 ;
module :  ;
message : Array ;

2017-04-24 22:17:35 response :
------------

2017-04-24 22:25:11 trace :
------------
Array:
tousername : gh_6536061e4435 ;
fromusername : oKwkYw2GQtULXEVQoC_lGDD2eW9A ;
createtime : 1493043911 ;
msgtype : event ;
event : VIEW ;
eventkey : http://kh39.61why.com/app/index.php?i=2&c=entry&eid=194 ;
menuid : 410600728 ;
from : oKwkYw2GQtULXEVQoC_lGDD2eW9A ;
to : gh_6536061e4435 ;
time : 1493043911 ;
type : event ;

2017-04-24 22:25:11 params :
------------
Array:
rule : -2 ;
module :  ;
message : Array ;

2017-04-24 22:25:11 response :
------------

2017-04-24 22:47:03 trace :
------------
Array:
tousername : gh_6536061e4435 ;
fromusername : oKwkYw1hdHu_NiSw4Dn_tLeEcWuc ;
createtime : 1493045223 ;
msgtype : event ;
event : VIEW ;
eventkey : http://kh39.61why.com/app/index.php?i=2&c=entry&eid=198 ;
menuid : 410600728 ;
from : oKwkYw1hdHu_NiSw4Dn_tLeEcWuc ;
to : gh_6536061e4435 ;
time : 1493045223 ;
type : event ;

2017-04-24 22:47:03 params :
------------
Array:
rule : -2 ;
module :  ;
message : Array ;

2017-04-24 22:47:03 response :
------------

2017-04-24 22:47:27 trace :
------------
Array:
tousername : gh_6536061e4435 ;
fromusername : oKwkYw2IGidvXw2ozBJYYceP05SA ;
createtime : 1493045247 ;
msgtype : event ;
event : CLICK ;
eventkey : 二维码 ;
from : oKwkYw2IGidvXw2ozBJYYceP05SA ;
to : gh_6536061e4435 ;
time : 1493045247 ;
type : event ;

2017-04-24 22:55:00 trace :
------------
Array:
tousername : gh_6536061e4435 ;
fromusername : oKwkYw_Fxr_G4dbCEalo9jm4IbOI ;
createtime : 1493045699 ;
msgtype : event ;
event : SCAN ;
eventkey : 5bd61231a9c4e379f1aa8eaa274fa12c ;
ticket : gQFY8TwAAAAAAAAAAS5odHRwOi8vd2VpeGluLnFxLmNvbS9xLzAyZG1FbTFBSDljbzMxMDAwMDAwNzEAAgReGs1YAwQAAAAA ;
from : oKwkYw_Fxr_G4dbCEalo9jm4IbOI ;
to : gh_6536061e4435 ;
time : 1493045699 ;
type : subscribe ;
scene : 5bd61231a9c4e379f1aa8eaa274fa12c ;

2017-04-24 22:55:08 trace :
------------
Array:
tousername : gh_6536061e4435 ;
fromusername : oKwkYw_Fxr_G4dbCEalo9jm4IbOI ;
createtime : 1493045707 ;
msgtype : event ;
event : VIEW ;
eventkey : http://kh39.61why.com/app/index.php?i=2&c=entry&eid=194 ;
menuid : 410600728 ;
from : oKwkYw_Fxr_G4dbCEalo9jm4IbOI ;
to : gh_6536061e4435 ;
time : 1493045707 ;
type : event ;

2017-04-24 22:55:08 params :
------------
Array:
rule : -2 ;
module :  ;
message : Array ;

2017-04-24 22:55:08 response :
------------

2017-04-24 22:56:18 trace :
------------
Array:
tousername : gh_6536061e4435 ;
fromusername : oKwkYw_Fxr_G4dbCEalo9jm4IbOI ;
createtime : 1493045777 ;
msgtype : event ;
event : VIEW ;
eventkey : http://kh39.61why.com/app/index.php?i=2&c=entry&eid=194 ;
menuid : 410600728 ;
from : oKwkYw_Fxr_G4dbCEalo9jm4IbOI ;
to : gh_6536061e4435 ;
time : 1493045777 ;
type : event ;

2017-04-24 22:56:18 params :
------------
Array:
rule : -2 ;
module :  ;
message : Array ;

2017-04-24 22:56:18 response :
------------

2017-04-24 23:29:43 trace :
------------
Array:
tousername : gh_6536061e4435 ;
fromusername : oKwkYw2IGidvXw2ozBJYYceP05SA ;
createtime : 1493047783 ;
msgtype : event ;
event : VIEW ;
eventkey : http://kh39.61why.com/app/index.php?i=2&c=entry&eid=194 ;
menuid : 410600728 ;
from : oKwkYw2IGidvXw2ozBJYYceP05SA ;
to : gh_6536061e4435 ;
time : 1493047783 ;
type : event ;

2017-04-24 23:29:43 params :
------------
Array:
rule : -2 ;
module :  ;
message : Array ;

2017-04-24 23:29:43 response :
------------

2017-04-24 23:38:55 trace :
------------
Array:
tousername : gh_6536061e4435 ;
fromusername : oKwkYw9A27iCE2wbx5IXncAJ21Sw ;
createtime : 1493048335 ;
msgtype : event ;
event : VIEW ;
eventkey : http://kh39.61why.com/app/index.php?i=2&c=entry&eid=198 ;
menuid : 410600728 ;
from : oKwkYw9A27iCE2wbx5IXncAJ21Sw ;
to : gh_6536061e4435 ;
time : 1493048335 ;
type : event ;

2017-04-24 23:38:55 params :
------------
Array:
rule : -2 ;
module :  ;
message : Array ;

2017-04-24 23:38:55 response :
------------

2017-04-24 23:55:23 trace :
------------
Array:
tousername : gh_6536061e4435 ;
fromusername : oKwkYw0b_nY3vy2dlsZiutChx2qg ;
createtime : 1493049323 ;
msgtype : event ;
event : VIEW ;
eventkey : http://kh39.61why.com/app/index.php?i=2&c=entry&eid=198 ;
menuid : 410600728 ;
from : oKwkYw0b_nY3vy2dlsZiutChx2qg ;
to : gh_6536061e4435 ;
time : 1493049323 ;
type : event ;

2017-04-24 23:55:23 params :
------------
Array:
rule : -2 ;
module :  ;
message : Array ;

2017-04-24 23:55:23 response :
------------

