2017-05-07 00:00:00 trace :
------------
Array:
tousername : gh_6536061e4435 ;
fromusername : oKwkYwxdGazpUQLKnjr_HrnPicQo ;
createtime : 1494086400 ;
msgtype : event ;
event : VIEW ;
eventkey : http://kh39.61why.com/app/index.php?i=2&c=entry&eid=198 ;
menuid : 410600728 ;
from : oKwkYwxdGazpUQLKnjr_HrnPicQo ;
to : gh_6536061e4435 ;
time : 1494086400 ;
type : event ;

2017-05-07 00:00:00 params :
------------
Array:
rule : -2 ;
module :  ;
message : Array ;

2017-05-07 00:00:00 response :
------------

2017-05-07 00:07:31 trace :
------------
Array:
tousername : gh_6536061e4435 ;
fromusername : oKwkYw0D7snKw9WJkTr_EzwW-SF0 ;
createtime : 1494086851 ;
msgtype : event ;
event : VIEW ;
eventkey : http://kh39.61why.com/app/index.php?i=2&c=entry&eid=198 ;
menuid : 410600728 ;
from : oKwkYw0D7snKw9WJkTr_EzwW-SF0 ;
to : gh_6536061e4435 ;
time : 1494086851 ;
type : event ;

2017-05-07 00:07:31 params :
------------
Array:
rule : -2 ;
module :  ;
message : Array ;

2017-05-07 00:07:31 response :
------------

2017-05-07 00:37:30 trace :
------------
Array:
tousername : gh_6536061e4435 ;
fromusername : oKwkYw07OK3MciV6IDhGEI3qJFBU ;
createtime : 1494088650 ;
msgtype : event ;
event : VIEW ;
eventkey : http://kh39.61why.com/app/index.php?i=2&c=entry&eid=198 ;
menuid : 410600728 ;
from : oKwkYw07OK3MciV6IDhGEI3qJFBU ;
to : gh_6536061e4435 ;
time : 1494088650 ;
type : event ;

2017-05-07 00:37:30 params :
------------
Array:
rule : -2 ;
module :  ;
message : Array ;

2017-05-07 00:37:30 response :
------------

2017-05-07 01:19:19 trace :
------------
Array:
tousername : gh_6536061e4435 ;
fromusername : oKwkYw9A27iCE2wbx5IXncAJ21Sw ;
createtime : 1494091159 ;
msgtype : event ;
event : VIEW ;
eventkey : http://kh39.61why.com/app/index.php?i=2&c=entry&eid=194 ;
menuid : 410600728 ;
from : oKwkYw9A27iCE2wbx5IXncAJ21Sw ;
to : gh_6536061e4435 ;
time : 1494091159 ;
type : event ;

2017-05-07 01:19:19 params :
------------
Array:
rule : -2 ;
module :  ;
message : Array ;

2017-05-07 01:19:19 response :
------------

2017-05-07 01:30:57 trace :
------------
Array:
tousername : gh_6536061e4435 ;
fromusername : oKwkYw_xwV8MKtwuj4zRQjiDMR7w ;
createtime : 1494091857 ;
msgtype : event ;
event : VIEW ;
eventkey : http://kh39.61why.com/app/index.php?i=2&c=entry&eid=198 ;
menuid : 410600728 ;
from : oKwkYw_xwV8MKtwuj4zRQjiDMR7w ;
to : gh_6536061e4435 ;
time : 1494091857 ;
type : event ;

2017-05-07 01:30:57 params :
------------
Array:
rule : -2 ;
module :  ;
message : Array ;

2017-05-07 01:30:57 response :
------------

2017-05-07 02:56:39 trace :
------------
Array:
tousername : gh_6536061e4435 ;
fromusername : oKwkYw0b_nY3vy2dlsZiutChx2qg ;
createtime : 1494096998 ;
msgtype : event ;
event : VIEW ;
eventkey : http://kh39.61why.com/app/index.php?i=2&c=entry&eid=198 ;
menuid : 410600728 ;
from : oKwkYw0b_nY3vy2dlsZiutChx2qg ;
to : gh_6536061e4435 ;
time : 1494096998 ;
type : event ;

2017-05-07 02:56:39 params :
------------
Array:
rule : -2 ;
module :  ;
message : Array ;

2017-05-07 02:56:39 response :
------------

2017-05-07 03:19:36 trace :
------------
Array:
tousername : gh_6536061e4435 ;
fromusername : oKwkYw9A27iCE2wbx5IXncAJ21Sw ;
createtime : 1494098376 ;
msgtype : event ;
event : VIEW ;
eventkey : http://kh39.61why.com/app/index.php?i=2&c=entry&eid=194 ;
menuid : 410600728 ;
from : oKwkYw9A27iCE2wbx5IXncAJ21Sw ;
to : gh_6536061e4435 ;
time : 1494098376 ;
type : event ;

2017-05-07 03:19:36 params :
------------
Array:
rule : -2 ;
module :  ;
message : Array ;

2017-05-07 03:19:36 response :
------------

2017-05-07 03:24:29 trace :
------------
Array:
tousername : gh_6536061e4435 ;
fromusername : oKwkYw9A27iCE2wbx5IXncAJ21Sw ;
createtime : 1494098669 ;
msgtype : event ;
event : VIEW ;
eventkey : http://kh39.61why.com/app/index.php?i=2&c=entry&eid=198 ;
menuid : 410600728 ;
from : oKwkYw9A27iCE2wbx5IXncAJ21Sw ;
to : gh_6536061e4435 ;
time : 1494098669 ;
type : event ;

2017-05-07 03:24:29 params :
------------
Array:
rule : -2 ;
module :  ;
message : Array ;

2017-05-07 03:24:29 response :
------------

2017-05-07 03:25:37 trace :
------------
Array:
tousername : gh_6536061e4435 ;
fromusername : oKwkYw9A27iCE2wbx5IXncAJ21Sw ;
createtime : 1494098737 ;
msgtype : event ;
event : VIEW ;
eventkey : http://kh39.61why.com/app/index.php?i=2&c=entry&eid=198 ;
menuid : 410600728 ;
from : oKwkYw9A27iCE2wbx5IXncAJ21Sw ;
to : gh_6536061e4435 ;
time : 1494098737 ;
type : event ;

2017-05-07 03:25:37 params :
------------
Array:
rule : -2 ;
module :  ;
message : Array ;

2017-05-07 03:25:37 response :
------------

2017-05-07 04:58:13 trace :
------------
Array:
tousername : gh_6536061e4435 ;
fromusername : oKwkYw75sooAOgkxpTleAXb8DGEE ;
createtime : 1494104293 ;
msgtype : event ;
event : VIEW ;
eventkey : http://kh39.61why.com/app/index.php?i=2&c=entry&eid=198 ;
menuid : 410600728 ;
from : oKwkYw75sooAOgkxpTleAXb8DGEE ;
to : gh_6536061e4435 ;
time : 1494104293 ;
type : event ;

2017-05-07 04:58:13 params :
------------
Array:
rule : -2 ;
module :  ;
message : Array ;

2017-05-07 04:58:13 response :
------------

2017-05-07 06:31:35 trace :
------------
Array:
tousername : gh_6536061e4435 ;
fromusername : oKwkYw5hiet9aIoMvpfdt0UcJyzc ;
createtime : 1494109894 ;
msgtype : event ;
event : VIEW ;
eventkey : http://kh39.61why.com/app/index.php?i=2&c=entry&eid=198 ;
menuid : 410600728 ;
from : oKwkYw5hiet9aIoMvpfdt0UcJyzc ;
to : gh_6536061e4435 ;
time : 1494109894 ;
type : event ;

2017-05-07 06:31:35 params :
------------
Array:
rule : -2 ;
module :  ;
message : Array ;

2017-05-07 06:31:35 response :
------------

2017-05-07 06:48:53 trace :
------------
Array:
tousername : gh_6536061e4435 ;
fromusername : oKwkYwzWT-xhzsNHFAG7KMifYmA0 ;
createtime : 1494110933 ;
msgtype : event ;
event : VIEW ;
eventkey : http://kh39.61why.com/app/index.php?i=2&c=entry&eid=198 ;
menuid : 410600728 ;
from : oKwkYwzWT-xhzsNHFAG7KMifYmA0 ;
to : gh_6536061e4435 ;
time : 1494110933 ;
type : event ;

2017-05-07 06:48:53 params :
------------
Array:
rule : -2 ;
module :  ;
message : Array ;

2017-05-07 06:48:53 response :
------------

2017-05-07 06:49:59 trace :
------------
Array:
tousername : gh_6536061e4435 ;
fromusername : oKwkYwzWT-xhzsNHFAG7KMifYmA0 ;
createtime : 1494110999 ;
msgtype : event ;
event : VIEW ;
eventkey : http://kh39.61why.com/app/index.php?i=2&c=entry&eid=198 ;
menuid : 410600728 ;
from : oKwkYwzWT-xhzsNHFAG7KMifYmA0 ;
to : gh_6536061e4435 ;
time : 1494110999 ;
type : event ;

2017-05-07 06:49:59 params :
------------
Array:
rule : -2 ;
module :  ;
message : Array ;

2017-05-07 06:49:59 response :
------------

2017-05-07 07:35:22 trace :
------------
Array:
tousername : gh_6536061e4435 ;
fromusername : oKwkYw0b_nY3vy2dlsZiutChx2qg ;
createtime : 1494113722 ;
msgtype : event ;
event : VIEW ;
eventkey : http://kh39.61why.com/app/index.php?i=2&c=entry&eid=198 ;
menuid : 410600728 ;
from : oKwkYw0b_nY3vy2dlsZiutChx2qg ;
to : gh_6536061e4435 ;
time : 1494113722 ;
type : event ;

2017-05-07 07:35:23 params :
------------
Array:
rule : -2 ;
module :  ;
message : Array ;

2017-05-07 07:35:23 response :
------------

2017-05-07 08:48:27 trace :
------------
Array:
tousername : gh_6536061e4435 ;
fromusername : oKwkYwwGYxsxiD_YuZwsLkj42MY8 ;
createtime : 1494118107 ;
msgtype : event ;
event : VIEW ;
eventkey : http://kh39.61why.com/app/index.php?i=2&c=entry&eid=198 ;
menuid : 410600728 ;
from : oKwkYwwGYxsxiD_YuZwsLkj42MY8 ;
to : gh_6536061e4435 ;
time : 1494118107 ;
type : event ;

2017-05-07 08:48:27 params :
------------
Array:
rule : -2 ;
module :  ;
message : Array ;

2017-05-07 08:48:27 response :
------------

2017-05-07 09:02:46 trace :
------------
Array:
tousername : gh_6536061e4435 ;
fromusername : oKwkYw1CJjODVg18eC55sUWQ-tjA ;
createtime : 1494118966 ;
msgtype : event ;
event : VIEW ;
eventkey : http://kh39.61why.com/app/index.php?i=2&c=entry&eid=194 ;
menuid : 410600728 ;
from : oKwkYw1CJjODVg18eC55sUWQ-tjA ;
to : gh_6536061e4435 ;
time : 1494118966 ;
type : event ;

2017-05-07 09:02:46 params :
------------
Array:
rule : -2 ;
module :  ;
message : Array ;

2017-05-07 09:02:46 response :
------------

2017-05-07 09:05:49 trace :
------------
Array:
tousername : gh_6536061e4435 ;
fromusername : oKwkYw1CJjODVg18eC55sUWQ-tjA ;
createtime : 1494119149 ;
msgtype : event ;
event : VIEW ;
eventkey : http://kh39.61why.com/app/index.php?i=2&c=entry&eid=198 ;
menuid : 410600728 ;
from : oKwkYw1CJjODVg18eC55sUWQ-tjA ;
to : gh_6536061e4435 ;
time : 1494119149 ;
type : event ;

2017-05-07 09:05:49 params :
------------
Array:
rule : -2 ;
module :  ;
message : Array ;

2017-05-07 09:05:49 response :
------------

2017-05-07 09:06:03 trace :
------------
Array:
tousername : gh_6536061e4435 ;
fromusername : oKwkYw1CJjODVg18eC55sUWQ-tjA ;
createtime : 1494119163 ;
msgtype : event ;
event : VIEW ;
eventkey : http://kh39.61why.com/app/index.php?i=2&c=entry&eid=198 ;
menuid : 410600728 ;
from : oKwkYw1CJjODVg18eC55sUWQ-tjA ;
to : gh_6536061e4435 ;
time : 1494119163 ;
type : event ;

2017-05-07 09:06:03 params :
------------
Array:
rule : -2 ;
module :  ;
message : Array ;

2017-05-07 09:06:03 response :
------------

2017-05-07 09:09:48 trace :
------------
Array:
tousername : gh_6536061e4435 ;
fromusername : oKwkYw7K9xHIr91Csk-qENfcagnM ;
createtime : 1494119388 ;
msgtype : event ;
event : VIEW ;
eventkey : http://kh39.61why.com/app/index.php?i=2&c=entry&eid=194 ;
menuid : 410600728 ;
from : oKwkYw7K9xHIr91Csk-qENfcagnM ;
to : gh_6536061e4435 ;
time : 1494119388 ;
type : event ;

2017-05-07 09:09:48 params :
------------
Array:
rule : -2 ;
module :  ;
message : Array ;

2017-05-07 09:09:48 response :
------------

2017-05-07 09:15:08 trace :
------------
Array:
tousername : gh_6536061e4435 ;
fromusername : oKwkYw5wRJb56uOuYOGreEnhO0Z0 ;
createtime : 1494119708 ;
msgtype : event ;
event : VIEW ;
eventkey : http://kh39.61why.com/app/index.php?i=2&c=entry&eid=194 ;
menuid : 410600728 ;
from : oKwkYw5wRJb56uOuYOGreEnhO0Z0 ;
to : gh_6536061e4435 ;
time : 1494119708 ;
type : event ;

2017-05-07 09:15:08 params :
------------
Array:
rule : -2 ;
module :  ;
message : Array ;

2017-05-07 09:15:08 response :
------------

2017-05-07 09:31:09 trace :
------------
Array:
tousername : gh_6536061e4435 ;
fromusername : oKwkYw_czhGJMhzRk-PvvkgFyKMI ;
createtime : 1494120669 ;
msgtype : event ;
event : VIEW ;
eventkey : http://kh39.61why.com/app/index.php?i=2&c=entry&eid=194 ;
menuid : 410600728 ;
from : oKwkYw_czhGJMhzRk-PvvkgFyKMI ;
to : gh_6536061e4435 ;
time : 1494120669 ;
type : event ;

2017-05-07 09:31:09 params :
------------
Array:
rule : -2 ;
module :  ;
message : Array ;

2017-05-07 09:31:09 response :
------------

2017-05-07 09:48:55 trace :
------------
Array:
tousername : gh_6536061e4435 ;
fromusername : oKwkYw5aHcyjux9ql6D7O9WEBmx4 ;
createtime : 1494121735 ;
msgtype : event ;
event : VIEW ;
eventkey : http://kh39.61why.com/app/index.php?i=2&c=entry&eid=198 ;
menuid : 410600728 ;
from : oKwkYw5aHcyjux9ql6D7O9WEBmx4 ;
to : gh_6536061e4435 ;
time : 1494121735 ;
type : event ;

2017-05-07 09:48:55 params :
------------
Array:
rule : -2 ;
module :  ;
message : Array ;

2017-05-07 09:48:55 response :
------------

2017-05-07 09:56:24 trace :
------------
Array:
tousername : gh_6536061e4435 ;
fromusername : oKwkYw4GMAD-D6foX8vb4dICPy1k ;
createtime : 1494122184 ;
msgtype : event ;
event : VIEW ;
eventkey : http://kh39.61why.com/app/index.php?i=2&c=entry&eid=194 ;
menuid : 410600728 ;
from : oKwkYw4GMAD-D6foX8vb4dICPy1k ;
to : gh_6536061e4435 ;
time : 1494122184 ;
type : event ;

2017-05-07 09:56:24 params :
------------
Array:
rule : -2 ;
module :  ;
message : Array ;

2017-05-07 09:56:24 response :
------------

2017-05-07 10:17:29 trace :
------------
Array:
tousername : gh_6536061e4435 ;
fromusername : oKwkYw0D7snKw9WJkTr_EzwW-SF0 ;
createtime : 1494123449 ;
msgtype : event ;
event : VIEW ;
eventkey : http://kh39.61why.com/app/index.php?i=2&c=entry&eid=198 ;
menuid : 410600728 ;
from : oKwkYw0D7snKw9WJkTr_EzwW-SF0 ;
to : gh_6536061e4435 ;
time : 1494123449 ;
type : event ;

2017-05-07 10:17:29 params :
------------
Array:
rule : -2 ;
module :  ;
message : Array ;

2017-05-07 10:17:29 response :
------------

2017-05-07 10:31:45 trace :
------------
Array:
tousername : gh_6536061e4435 ;
fromusername : oKwkYw9jtdtXMlUF-dZFaN58BaEs ;
createtime : 1494124305 ;
msgtype : event ;
event : VIEW ;
eventkey : http://kh39.61why.com/app/index.php?i=2&c=entry&eid=198 ;
menuid : 410600728 ;
from : oKwkYw9jtdtXMlUF-dZFaN58BaEs ;
to : gh_6536061e4435 ;
time : 1494124305 ;
type : event ;

2017-05-07 10:31:45 params :
------------
Array:
rule : -2 ;
module :  ;
message : Array ;

2017-05-07 10:31:45 response :
------------

2017-05-07 11:17:00 trace :
------------
Array:
tousername : gh_6536061e4435 ;
fromusername : oKwkYwxty_SXZ8peZV8Ho1lzyyLY ;
createtime : 1494127019 ;
msgtype : event ;
event : subscribe ;
eventkey : qrscene_8b56176c32187399cf82a8c8088fbc9b ;
ticket : gQHq8DwAAAAAAAAAAS5odHRwOi8vd2VpeGluLnFxLmNvbS9xLzAyYm5yYjBiSDljbzMxMDAwMGcwN1cAAgQ2Es1YAwQAAAAA ;
from : oKwkYwxty_SXZ8peZV8Ho1lzyyLY ;
to : gh_6536061e4435 ;
time : 1494127019 ;
type : subscribe ;
scene : 8b56176c32187399cf82a8c8088fbc9b ;

2017-05-07 11:17:07 trace :
------------
Array:
tousername : gh_6536061e4435 ;
fromusername : oKwkYwxty_SXZ8peZV8Ho1lzyyLY ;
createtime : 1494127027 ;
msgtype : event ;
event : CLICK ;
eventkey : 二维码 ;
from : oKwkYwxty_SXZ8peZV8Ho1lzyyLY ;
to : gh_6536061e4435 ;
time : 1494127027 ;
type : event ;

2017-05-07 11:17:28 trace :
------------
Array:
tousername : gh_6536061e4435 ;
fromusername : oKwkYwxty_SXZ8peZV8Ho1lzyyLY ;
createtime : 1494127048 ;
msgtype : event ;
event : VIEW ;
eventkey : http://kh39.61why.com/app/index.php?i=2&c=entry&eid=194 ;
menuid : 410600728 ;
from : oKwkYwxty_SXZ8peZV8Ho1lzyyLY ;
to : gh_6536061e4435 ;
time : 1494127048 ;
type : event ;

2017-05-07 11:17:28 params :
------------
Array:
rule : -2 ;
module :  ;
message : Array ;

2017-05-07 11:17:28 response :
------------

2017-05-07 11:19:53 trace :
------------
Array:
tousername : gh_6536061e4435 ;
fromusername : oKwkYwxty_SXZ8peZV8Ho1lzyyLY ;
createtime : 1494127193 ;
msgtype : event ;
event : VIEW ;
eventkey : http://kh39.61why.com/app/index.php?i=2&c=entry&eid=194 ;
menuid : 410600728 ;
from : oKwkYwxty_SXZ8peZV8Ho1lzyyLY ;
to : gh_6536061e4435 ;
time : 1494127193 ;
type : event ;

2017-05-07 11:19:53 params :
------------
Array:
rule : -2 ;
module :  ;
message : Array ;

2017-05-07 11:19:53 response :
------------

2017-05-07 11:28:13 trace :
------------
Array:
tousername : gh_6536061e4435 ;
fromusername : oKwkYw_czhGJMhzRk-PvvkgFyKMI ;
createtime : 1494127692 ;
msgtype : event ;
event : VIEW ;
eventkey : http://kh39.61why.com/app/index.php?i=2&c=entry&eid=194 ;
menuid : 410600728 ;
from : oKwkYw_czhGJMhzRk-PvvkgFyKMI ;
to : gh_6536061e4435 ;
time : 1494127692 ;
type : event ;

2017-05-07 11:28:13 params :
------------
Array:
rule : -2 ;
module :  ;
message : Array ;

2017-05-07 11:28:13 response :
------------

2017-05-07 11:28:13 trace :
------------
Array:
tousername : gh_6536061e4435 ;
fromusername : oKwkYw-Jzt9vcJOeHhxwdj1KzfJo ;
createtime : 1494127693 ;
msgtype : event ;
event : SCAN ;
eventkey : 5a204d2bae5a6c7ee18d5cc557bafbe0 ;
ticket : gQHc8TwAAAAAAAAAAS5odHRwOi8vd2VpeGluLnFxLmNvbS9xLzAySWVwbjBLSDljbzMxMDAwMGcwNzcAAgS3tQVZAwQAAAAA ;
from : oKwkYw-Jzt9vcJOeHhxwdj1KzfJo ;
to : gh_6536061e4435 ;
time : 1494127693 ;
type : subscribe ;
scene : 5a204d2bae5a6c7ee18d5cc557bafbe0 ;

2017-05-07 11:28:17 trace :
------------
Array:
tousername : gh_6536061e4435 ;
fromusername : oKwkYw-Jzt9vcJOeHhxwdj1KzfJo ;
createtime : 1494127697 ;
msgtype : event ;
event : VIEW ;
eventkey : http://kh39.61why.com/app/index.php?i=2&c=entry&eid=198 ;
menuid : 410600728 ;
from : oKwkYw-Jzt9vcJOeHhxwdj1KzfJo ;
to : gh_6536061e4435 ;
time : 1494127697 ;
type : event ;

2017-05-07 11:28:17 params :
------------
Array:
rule : -2 ;
module :  ;
message : Array ;

2017-05-07 11:28:17 response :
------------

2017-05-07 11:28:29 trace :
------------
Array:
tousername : gh_6536061e4435 ;
fromusername : oKwkYwxty_SXZ8peZV8Ho1lzyyLY ;
createtime : 1494127709 ;
msgtype : event ;
event : VIEW ;
eventkey : http://kh39.61why.com/app/index.php?i=2&c=entry&eid=194 ;
menuid : 410600728 ;
from : oKwkYwxty_SXZ8peZV8Ho1lzyyLY ;
to : gh_6536061e4435 ;
time : 1494127709 ;
type : event ;

2017-05-07 11:28:29 params :
------------
Array:
rule : -2 ;
module :  ;
message : Array ;

2017-05-07 11:28:29 response :
------------

2017-05-07 11:28:48 trace :
------------
Array:
tousername : gh_6536061e4435 ;
fromusername : oKwkYw-Jzt9vcJOeHhxwdj1KzfJo ;
createtime : 1494127728 ;
msgtype : event ;
event : VIEW ;
eventkey : http://kh39.61why.com/app/index.php?i=2&c=entry&eid=194 ;
menuid : 410600728 ;
from : oKwkYw-Jzt9vcJOeHhxwdj1KzfJo ;
to : gh_6536061e4435 ;
time : 1494127728 ;
type : event ;

2017-05-07 11:28:48 params :
------------
Array:
rule : -2 ;
module :  ;
message : Array ;

2017-05-07 11:28:48 response :
------------

2017-05-07 11:29:22 trace :
------------
Array:
tousername : gh_6536061e4435 ;
fromusername : oKwkYw-Jzt9vcJOeHhxwdj1KzfJo ;
createtime : 1494127762 ;
msgtype : event ;
event : SCAN ;
eventkey : 5a204d2bae5a6c7ee18d5cc557bafbe0 ;
ticket : gQHc8TwAAAAAAAAAAS5odHRwOi8vd2VpeGluLnFxLmNvbS9xLzAySWVwbjBLSDljbzMxMDAwMGcwNzcAAgS3tQVZAwQAAAAA ;
from : oKwkYw-Jzt9vcJOeHhxwdj1KzfJo ;
to : gh_6536061e4435 ;
time : 1494127762 ;
type : subscribe ;
scene : 5a204d2bae5a6c7ee18d5cc557bafbe0 ;

2017-05-07 11:29:33 trace :
------------
Array:
tousername : gh_6536061e4435 ;
fromusername : oKwkYw-Jzt9vcJOeHhxwdj1KzfJo ;
createtime : 1494127773 ;
msgtype : event ;
event : VIEW ;
eventkey : http://kh39.61why.com/app/index.php?i=2&c=entry&eid=194 ;
menuid : 410600728 ;
from : oKwkYw-Jzt9vcJOeHhxwdj1KzfJo ;
to : gh_6536061e4435 ;
time : 1494127773 ;
type : event ;

2017-05-07 11:29:33 params :
------------
Array:
rule : -2 ;
module :  ;
message : Array ;

2017-05-07 11:29:33 response :
------------

2017-05-07 12:29:22 trace :
------------
Array:
tousername : gh_6536061e4435 ;
fromusername : oKwkYw5wRJb56uOuYOGreEnhO0Z0 ;
createtime : 1494131361 ;
msgtype : event ;
event : VIEW ;
eventkey : http://kh39.61why.com/app/index.php?i=2&c=entry&eid=194 ;
menuid : 410600728 ;
from : oKwkYw5wRJb56uOuYOGreEnhO0Z0 ;
to : gh_6536061e4435 ;
time : 1494131361 ;
type : event ;

2017-05-07 12:29:22 params :
------------
Array:
rule : -2 ;
module :  ;
message : Array ;

2017-05-07 12:29:22 response :
------------

2017-05-07 12:31:29 trace :
------------
Array:
tousername : gh_6536061e4435 ;
fromusername : oKwkYw5wRJb56uOuYOGreEnhO0Z0 ;
createtime : 1494131489 ;
msgtype : event ;
event : VIEW ;
eventkey : http://kh39.61why.com/app/index.php?i=2&c=entry&eid=194 ;
menuid : 410600728 ;
from : oKwkYw5wRJb56uOuYOGreEnhO0Z0 ;
to : gh_6536061e4435 ;
time : 1494131489 ;
type : event ;

2017-05-07 12:31:29 params :
------------
Array:
rule : -2 ;
module :  ;
message : Array ;

2017-05-07 12:31:29 response :
------------

2017-05-07 12:38:24 trace :
------------
Array:
tousername : gh_6536061e4435 ;
fromusername : oKwkYw3pyqAgBJicNKgUrIOgTaK4 ;
createtime : 1494131903 ;
msgtype : event ;
event : SCAN ;
eventkey : 6da2ad433865648eb77dfae629fd8295 ;
ticket : gQGr8TwAAAAAAAAAAS5odHRwOi8vd2VpeGluLnFxLmNvbS9xLzAyWFMzTTFFSDljbzMxMDAwMHcwN1gAAgT2ENJYAwQAAAAA ;
from : oKwkYw3pyqAgBJicNKgUrIOgTaK4 ;
to : gh_6536061e4435 ;
time : 1494131903 ;
type : subscribe ;
scene : 6da2ad433865648eb77dfae629fd8295 ;

2017-05-07 12:38:30 trace :
------------
Array:
tousername : gh_6536061e4435 ;
fromusername : oKwkYw3pyqAgBJicNKgUrIOgTaK4 ;
createtime : 1494131909 ;
msgtype : event ;
event : CLICK ;
eventkey : 二维码 ;
from : oKwkYw3pyqAgBJicNKgUrIOgTaK4 ;
to : gh_6536061e4435 ;
time : 1494131909 ;
type : event ;

2017-05-07 12:38:59 trace :
------------
Array:
tousername : gh_6536061e4435 ;
fromusername : oKwkYw3pyqAgBJicNKgUrIOgTaK4 ;
createtime : 1494131939 ;
msgtype : event ;
event : VIEW ;
eventkey : http://kh39.61why.com/app/index.php?i=2&c=entry&eid=194 ;
menuid : 410600728 ;
from : oKwkYw3pyqAgBJicNKgUrIOgTaK4 ;
to : gh_6536061e4435 ;
time : 1494131939 ;
type : event ;

2017-05-07 12:38:59 params :
------------
Array:
rule : -2 ;
module :  ;
message : Array ;

2017-05-07 12:38:59 response :
------------

2017-05-07 12:46:25 trace :
------------
Array:
tousername : gh_6536061e4435 ;
fromusername : oKwkYw1yj38KOhGZ_VHM2TrE79xY ;
createtime : 1494132385 ;
msgtype : event ;
event : VIEW ;
eventkey : http://kh39.61why.com/app/index.php?i=2&c=entry&eid=198 ;
menuid : 410600728 ;
from : oKwkYw1yj38KOhGZ_VHM2TrE79xY ;
to : gh_6536061e4435 ;
time : 1494132385 ;
type : event ;

2017-05-07 12:46:25 params :
------------
Array:
rule : -2 ;
module :  ;
message : Array ;

2017-05-07 12:46:25 response :
------------

2017-05-07 12:47:55 trace :
------------
Array:
tousername : gh_6536061e4435 ;
fromusername : oKwkYw3pyqAgBJicNKgUrIOgTaK4 ;
createtime : 1494132475 ;
msgtype : event ;
event : VIEW ;
eventkey : http://kh39.61why.com/app/index.php?i=2&c=entry&eid=194 ;
menuid : 410600728 ;
from : oKwkYw3pyqAgBJicNKgUrIOgTaK4 ;
to : gh_6536061e4435 ;
time : 1494132475 ;
type : event ;

2017-05-07 12:47:55 params :
------------
Array:
rule : -2 ;
module :  ;
message : Array ;

2017-05-07 12:47:55 response :
------------

2017-05-07 12:48:23 trace :
------------
Array:
tousername : gh_6536061e4435 ;
fromusername : oKwkYw3pyqAgBJicNKgUrIOgTaK4 ;
createtime : 1494132503 ;
msgtype : event ;
event : VIEW ;
eventkey : http://kh39.61why.com/app/index.php?i=2&c=entry&eid=194 ;
menuid : 410600728 ;
from : oKwkYw3pyqAgBJicNKgUrIOgTaK4 ;
to : gh_6536061e4435 ;
time : 1494132503 ;
type : event ;

2017-05-07 12:48:23 params :
------------
Array:
rule : -2 ;
module :  ;
message : Array ;

2017-05-07 12:48:23 response :
------------

2017-05-07 12:49:42 trace :
------------
Array:
tousername : gh_6536061e4435 ;
fromusername : oKwkYw3pyqAgBJicNKgUrIOgTaK4 ;
createtime : 1494132582 ;
msgtype : event ;
event : VIEW ;
eventkey : http://kh39.61why.com/app/index.php?i=2&c=entry&eid=194 ;
menuid : 410600728 ;
from : oKwkYw3pyqAgBJicNKgUrIOgTaK4 ;
to : gh_6536061e4435 ;
time : 1494132582 ;
type : event ;

2017-05-07 12:49:42 params :
------------
Array:
rule : -2 ;
module :  ;
message : Array ;

2017-05-07 12:49:42 response :
------------

2017-05-07 12:51:48 trace :
------------
Array:
tousername : gh_6536061e4435 ;
fromusername : oKwkYw3pyqAgBJicNKgUrIOgTaK4 ;
createtime : 1494132708 ;
msgtype : event ;
event : VIEW ;
eventkey : http://kh39.61why.com/app/index.php?i=2&c=entry&eid=194 ;
menuid : 410600728 ;
from : oKwkYw3pyqAgBJicNKgUrIOgTaK4 ;
to : gh_6536061e4435 ;
time : 1494132708 ;
type : event ;

2017-05-07 12:51:48 params :
------------
Array:
rule : -2 ;
module :  ;
message : Array ;

2017-05-07 12:51:48 response :
------------

2017-05-07 12:54:16 trace :
------------
Array:
tousername : gh_6536061e4435 ;
fromusername : oKwkYw1yj38KOhGZ_VHM2TrE79xY ;
createtime : 1494132856 ;
msgtype : event ;
event : VIEW ;
eventkey : http://kh39.61why.com/app/index.php?i=2&c=entry&eid=194 ;
menuid : 410600728 ;
from : oKwkYw1yj38KOhGZ_VHM2TrE79xY ;
to : gh_6536061e4435 ;
time : 1494132856 ;
type : event ;

2017-05-07 12:54:16 params :
------------
Array:
rule : -2 ;
module :  ;
message : Array ;

2017-05-07 12:54:16 response :
------------

2017-05-07 12:56:13 trace :
------------
Array:
tousername : gh_6536061e4435 ;
fromusername : oKwkYw1yj38KOhGZ_VHM2TrE79xY ;
createtime : 1494132973 ;
msgtype : event ;
event : VIEW ;
eventkey : http://kh39.61why.com/app/index.php?i=2&c=entry&eid=198 ;
menuid : 410600728 ;
from : oKwkYw1yj38KOhGZ_VHM2TrE79xY ;
to : gh_6536061e4435 ;
time : 1494132973 ;
type : event ;

2017-05-07 12:56:13 params :
------------
Array:
rule : -2 ;
module :  ;
message : Array ;

2017-05-07 12:56:13 response :
------------

2017-05-07 12:56:19 trace :
------------
Array:
tousername : gh_6536061e4435 ;
fromusername : oKwkYw0b_nY3vy2dlsZiutChx2qg ;
createtime : 1494132979 ;
msgtype : event ;
event : VIEW ;
eventkey : http://kh39.61why.com/app/index.php?i=2&c=entry&eid=198 ;
menuid : 410600728 ;
from : oKwkYw0b_nY3vy2dlsZiutChx2qg ;
to : gh_6536061e4435 ;
time : 1494132979 ;
type : event ;

2017-05-07 12:56:19 params :
------------
Array:
rule : -2 ;
module :  ;
message : Array ;

2017-05-07 12:56:19 response :
------------

2017-05-07 13:04:49 trace :
------------
Array:
tousername : gh_6536061e4435 ;
fromusername : oKwkYw1yj38KOhGZ_VHM2TrE79xY ;
createtime : 1494133489 ;
msgtype : event ;
event : VIEW ;
eventkey : http://kh39.61why.com/app/index.php?i=2&c=entry&eid=194 ;
menuid : 410600728 ;
from : oKwkYw1yj38KOhGZ_VHM2TrE79xY ;
to : gh_6536061e4435 ;
time : 1494133489 ;
type : event ;

2017-05-07 13:04:49 params :
------------
Array:
rule : -2 ;
module :  ;
message : Array ;

2017-05-07 13:04:49 response :
------------

2017-05-07 13:07:44 trace :
------------
Array:
tousername : gh_6536061e4435 ;
fromusername : oKwkYwz26xVNskFhWIkzAGbnllpM ;
createtime : 1494133664 ;
msgtype : event ;
event : VIEW ;
eventkey : http://kh39.61why.com/app/index.php?i=2&c=entry&eid=194 ;
menuid : 410600728 ;
from : oKwkYwz26xVNskFhWIkzAGbnllpM ;
to : gh_6536061e4435 ;
time : 1494133664 ;
type : event ;

2017-05-07 13:07:44 params :
------------
Array:
rule : -2 ;
module :  ;
message : Array ;

2017-05-07 13:07:44 response :
------------

2017-05-07 13:26:43 trace :
------------
Array:
tousername : gh_6536061e4435 ;
fromusername : oKwkYw0D7snKw9WJkTr_EzwW-SF0 ;
createtime : 1494134803 ;
msgtype : event ;
event : VIEW ;
eventkey : http://kh39.61why.com/app/index.php?i=2&c=entry&eid=198 ;
menuid : 410600728 ;
from : oKwkYw0D7snKw9WJkTr_EzwW-SF0 ;
to : gh_6536061e4435 ;
time : 1494134803 ;
type : event ;

2017-05-07 13:26:43 params :
------------
Array:
rule : -2 ;
module :  ;
message : Array ;

2017-05-07 13:26:43 response :
------------

2017-05-07 13:42:03 trace :
------------
Array:
tousername : gh_6536061e4435 ;
fromusername : oKwkYw_xwV8MKtwuj4zRQjiDMR7w ;
createtime : 1494135722 ;
msgtype : event ;
event : VIEW ;
eventkey : http://kh39.61why.com/app/index.php?i=2&c=entry&eid=198 ;
menuid : 410600728 ;
from : oKwkYw_xwV8MKtwuj4zRQjiDMR7w ;
to : gh_6536061e4435 ;
time : 1494135722 ;
type : event ;

2017-05-07 13:42:03 params :
------------
Array:
rule : -2 ;
module :  ;
message : Array ;

2017-05-07 13:42:03 response :
------------

2017-05-07 13:43:01 trace :
------------
Array:
tousername : gh_6536061e4435 ;
fromusername : oKwkYw_xwV8MKtwuj4zRQjiDMR7w ;
createtime : 1494135781 ;
msgtype : event ;
event : VIEW ;
eventkey : http://kh39.61why.com/app/index.php?i=2&c=entry&eid=194 ;
menuid : 410600728 ;
from : oKwkYw_xwV8MKtwuj4zRQjiDMR7w ;
to : gh_6536061e4435 ;
time : 1494135781 ;
type : event ;

2017-05-07 13:43:01 params :
------------
Array:
rule : -2 ;
module :  ;
message : Array ;

2017-05-07 13:43:01 response :
------------

2017-05-07 14:05:48 trace :
------------
Array:
tousername : gh_6536061e4435 ;
fromusername : oKwkYwwxTQxkn5OupefKkoLyRWpM ;
createtime : 1494137148 ;
msgtype : event ;
event : VIEW ;
eventkey : http://kh39.61why.com/app/index.php?i=2&c=entry&eid=198 ;
menuid : 410600728 ;
from : oKwkYwwxTQxkn5OupefKkoLyRWpM ;
to : gh_6536061e4435 ;
time : 1494137148 ;
type : event ;

2017-05-07 14:05:48 params :
------------
Array:
rule : -2 ;
module :  ;
message : Array ;

2017-05-07 14:05:48 response :
------------

2017-05-07 14:06:47 trace :
------------
Array:
tousername : gh_6536061e4435 ;
fromusername : oKwkYwwxTQxkn5OupefKkoLyRWpM ;
createtime : 1494137206 ;
msgtype : event ;
event : VIEW ;
eventkey : http://kh39.61why.com/app/index.php?i=2&c=entry&eid=198 ;
menuid : 410600728 ;
from : oKwkYwwxTQxkn5OupefKkoLyRWpM ;
to : gh_6536061e4435 ;
time : 1494137206 ;
type : event ;

2017-05-07 14:06:47 params :
------------
Array:
rule : -2 ;
module :  ;
message : Array ;

2017-05-07 14:06:47 response :
------------

2017-05-07 14:26:41 trace :
------------
Array:
tousername : gh_6536061e4435 ;
fromusername : oKwkYwwxTQxkn5OupefKkoLyRWpM ;
createtime : 1494138400 ;
msgtype : event ;
event : VIEW ;
eventkey : http://kh39.61why.com/app/index.php?i=2&c=entry&eid=198 ;
menuid : 410600728 ;
from : oKwkYwwxTQxkn5OupefKkoLyRWpM ;
to : gh_6536061e4435 ;
time : 1494138400 ;
type : event ;

2017-05-07 14:26:41 params :
------------
Array:
rule : -2 ;
module :  ;
message : Array ;

2017-05-07 14:26:41 response :
------------

2017-05-07 14:33:07 trace :
------------
Array:
tousername : gh_6536061e4435 ;
fromusername : oKwkYwwxTQxkn5OupefKkoLyRWpM ;
createtime : 1494138787 ;
msgtype : event ;
event : VIEW ;
eventkey : http://kh39.61why.com/app/index.php?i=2&c=entry&eid=198 ;
menuid : 410600728 ;
from : oKwkYwwxTQxkn5OupefKkoLyRWpM ;
to : gh_6536061e4435 ;
time : 1494138787 ;
type : event ;

2017-05-07 14:33:07 params :
------------
Array:
rule : -2 ;
module :  ;
message : Array ;

2017-05-07 14:33:07 response :
------------

2017-05-07 14:34:45 trace :
------------
Array:
tousername : gh_6536061e4435 ;
fromusername : oKwkYwwxTQxkn5OupefKkoLyRWpM ;
createtime : 1494138885 ;
msgtype : event ;
event : CLICK ;
eventkey : 二维码 ;
from : oKwkYwwxTQxkn5OupefKkoLyRWpM ;
to : gh_6536061e4435 ;
time : 1494138885 ;
type : event ;

2017-05-07 14:34:52 trace :
------------
Array:
tousername : gh_6536061e4435 ;
fromusername : oKwkYwwxTQxkn5OupefKkoLyRWpM ;
createtime : 1494138892 ;
msgtype : event ;
event : VIEW ;
eventkey : http://kh39.61why.com/app/index.php?i=2&c=entry&eid=198 ;
menuid : 410600728 ;
from : oKwkYwwxTQxkn5OupefKkoLyRWpM ;
to : gh_6536061e4435 ;
time : 1494138892 ;
type : event ;

2017-05-07 14:34:52 params :
------------
Array:
rule : -2 ;
module :  ;
message : Array ;

2017-05-07 14:34:52 response :
------------

2017-05-07 14:40:17 trace :
------------
Array:
tousername : gh_6536061e4435 ;
fromusername : oKwkYw1yj38KOhGZ_VHM2TrE79xY ;
createtime : 1494139216 ;
msgtype : event ;
event : VIEW ;
eventkey : http://kh39.61why.com/app/index.php?i=2&c=entry&eid=194 ;
menuid : 410600728 ;
from : oKwkYw1yj38KOhGZ_VHM2TrE79xY ;
to : gh_6536061e4435 ;
time : 1494139216 ;
type : event ;

2017-05-07 14:40:17 params :
------------
Array:
rule : -2 ;
module :  ;
message : Array ;

2017-05-07 14:40:17 response :
------------

2017-05-07 14:40:28 trace :
------------
Array:
tousername : gh_6536061e4435 ;
fromusername : oKwkYw1hdHu_NiSw4Dn_tLeEcWuc ;
createtime : 1494139228 ;
msgtype : event ;
event : VIEW ;
eventkey : http://kh39.61why.com/app/index.php?i=2&c=entry&eid=198 ;
menuid : 410600728 ;
from : oKwkYw1hdHu_NiSw4Dn_tLeEcWuc ;
to : gh_6536061e4435 ;
time : 1494139228 ;
type : event ;

2017-05-07 14:40:28 params :
------------
Array:
rule : -2 ;
module :  ;
message : Array ;

2017-05-07 14:40:28 response :
------------

2017-05-07 14:41:11 trace :
------------
Array:
tousername : gh_6536061e4435 ;
fromusername : oKwkYw1yj38KOhGZ_VHM2TrE79xY ;
createtime : 1494139271 ;
msgtype : event ;
event : VIEW ;
eventkey : http://kh39.61why.com/app/index.php?i=2&c=entry&eid=194 ;
menuid : 410600728 ;
from : oKwkYw1yj38KOhGZ_VHM2TrE79xY ;
to : gh_6536061e4435 ;
time : 1494139271 ;
type : event ;

2017-05-07 14:41:11 params :
------------
Array:
rule : -2 ;
module :  ;
message : Array ;

2017-05-07 14:41:11 response :
------------

2017-05-07 14:41:12 trace :
------------
Array:
tousername : gh_6536061e4435 ;
fromusername : oKwkYw1hdHu_NiSw4Dn_tLeEcWuc ;
createtime : 1494139271 ;
msgtype : event ;
event : VIEW ;
eventkey : http://kh39.61why.com/app/index.php?i=2&c=entry&eid=198 ;
menuid : 410600728 ;
from : oKwkYw1hdHu_NiSw4Dn_tLeEcWuc ;
to : gh_6536061e4435 ;
time : 1494139271 ;
type : event ;

2017-05-07 14:41:12 params :
------------
Array:
rule : -2 ;
module :  ;
message : Array ;

2017-05-07 14:41:12 response :
------------

2017-05-07 14:41:14 trace :
------------
Array:
tousername : gh_6536061e4435 ;
fromusername : oKwkYw1yj38KOhGZ_VHM2TrE79xY ;
createtime : 1494139273 ;
msgtype : event ;
event : VIEW ;
eventkey : http://kh39.61why.com/app/index.php?i=2&c=entry&eid=198 ;
menuid : 410600728 ;
from : oKwkYw1yj38KOhGZ_VHM2TrE79xY ;
to : gh_6536061e4435 ;
time : 1494139273 ;
type : event ;

2017-05-07 14:41:14 params :
------------
Array:
rule : -2 ;
module :  ;
message : Array ;

2017-05-07 14:41:14 response :
------------

2017-05-07 14:42:04 trace :
------------
Array:
tousername : gh_6536061e4435 ;
fromusername : oKwkYw1hdHu_NiSw4Dn_tLeEcWuc ;
createtime : 1494139324 ;
msgtype : event ;
event : VIEW ;
eventkey : http://kh39.61why.com/app/index.php?i=2&c=entry&eid=198 ;
menuid : 410600728 ;
from : oKwkYw1hdHu_NiSw4Dn_tLeEcWuc ;
to : gh_6536061e4435 ;
time : 1494139324 ;
type : event ;

2017-05-07 14:42:04 params :
------------
Array:
rule : -2 ;
module :  ;
message : Array ;

2017-05-07 14:42:04 response :
------------

2017-05-07 14:42:30 trace :
------------
Array:
tousername : gh_6536061e4435 ;
fromusername : oKwkYwzdETExXz28cRu1TDU-MA3g ;
createtime : 1494139350 ;
msgtype : event ;
event : VIEW ;
eventkey : http://kh39.61why.com/app/index.php?i=2&c=entry&eid=198 ;
menuid : 410600728 ;
from : oKwkYwzdETExXz28cRu1TDU-MA3g ;
to : gh_6536061e4435 ;
time : 1494139350 ;
type : event ;

2017-05-07 14:42:30 params :
------------
Array:
rule : -2 ;
module :  ;
message : Array ;

2017-05-07 14:42:30 response :
------------

2017-05-07 14:42:55 trace :
------------
Array:
tousername : gh_6536061e4435 ;
fromusername : oKwkYwzWT-xhzsNHFAG7KMifYmA0 ;
createtime : 1494139375 ;
msgtype : event ;
event : VIEW ;
eventkey : http://kh39.61why.com/app/index.php?i=2&c=entry&eid=194 ;
menuid : 410600728 ;
from : oKwkYwzWT-xhzsNHFAG7KMifYmA0 ;
to : gh_6536061e4435 ;
time : 1494139375 ;
type : event ;

2017-05-07 14:42:55 params :
------------
Array:
rule : -2 ;
module :  ;
message : Array ;

2017-05-07 14:42:55 response :
------------

2017-05-07 14:51:55 trace :
------------
Array:
tousername : gh_6536061e4435 ;
fromusername : oKwkYwzWT-xhzsNHFAG7KMifYmA0 ;
createtime : 1494139915 ;
msgtype : event ;
event : VIEW ;
eventkey : http://kh39.61why.com/app/index.php?i=2&c=entry&eid=194 ;
menuid : 410600728 ;
from : oKwkYwzWT-xhzsNHFAG7KMifYmA0 ;
to : gh_6536061e4435 ;
time : 1494139915 ;
type : event ;

2017-05-07 14:51:55 params :
------------
Array:
rule : -2 ;
module :  ;
message : Array ;

2017-05-07 14:51:55 response :
------------

2017-05-07 15:04:30 trace :
------------
Array:
tousername : gh_6536061e4435 ;
fromusername : oKwkYw1KQ5ff5BZ0dgvipwLgZRns ;
createtime : 1494140670 ;
msgtype : event ;
event : VIEW ;
eventkey : http://kh39.61why.com/app/index.php?i=2&c=entry&eid=198 ;
menuid : 410600728 ;
from : oKwkYw1KQ5ff5BZ0dgvipwLgZRns ;
to : gh_6536061e4435 ;
time : 1494140670 ;
type : event ;

2017-05-07 15:04:30 params :
------------
Array:
rule : -2 ;
module :  ;
message : Array ;

2017-05-07 15:04:30 response :
------------

2017-05-07 15:46:09 trace :
------------
Array:
tousername : gh_6536061e4435 ;
fromusername : oKwkYw73fcUnWiyMDDBQMAekYhZI ;
createtime : 1494143169 ;
msgtype : event ;
event : VIEW ;
eventkey : http://kh39.61why.com/app/index.php?i=2&c=entry&eid=198 ;
menuid : 410600728 ;
from : oKwkYw73fcUnWiyMDDBQMAekYhZI ;
to : gh_6536061e4435 ;
time : 1494143169 ;
type : event ;

2017-05-07 15:46:09 params :
------------
Array:
rule : -2 ;
module :  ;
message : Array ;

2017-05-07 15:46:09 response :
------------

2017-05-07 15:46:29 trace :
------------
Array:
tousername : gh_6536061e4435 ;
fromusername : oKwkYw73fcUnWiyMDDBQMAekYhZI ;
createtime : 1494143189 ;
msgtype : event ;
event : VIEW ;
eventkey : http://kh39.61why.com/app/index.php?i=2&c=entry&eid=198 ;
menuid : 410600728 ;
from : oKwkYw73fcUnWiyMDDBQMAekYhZI ;
to : gh_6536061e4435 ;
time : 1494143189 ;
type : event ;

2017-05-07 15:46:29 params :
------------
Array:
rule : -2 ;
module :  ;
message : Array ;

2017-05-07 15:46:29 response :
------------

2017-05-07 15:47:31 trace :
------------
Array:
tousername : gh_6536061e4435 ;
fromusername : oKwkYw73fcUnWiyMDDBQMAekYhZI ;
createtime : 1494143251 ;
msgtype : event ;
event : VIEW ;
eventkey : http://kh39.61why.com/app/index.php?i=2&c=entry&eid=198 ;
menuid : 410600728 ;
from : oKwkYw73fcUnWiyMDDBQMAekYhZI ;
to : gh_6536061e4435 ;
time : 1494143251 ;
type : event ;

2017-05-07 15:47:31 params :
------------
Array:
rule : -2 ;
module :  ;
message : Array ;

2017-05-07 15:47:31 response :
------------

2017-05-07 15:48:10 trace :
------------
Array:
tousername : gh_6536061e4435 ;
fromusername : oKwkYw73fcUnWiyMDDBQMAekYhZI ;
createtime : 1494143290 ;
msgtype : event ;
event : VIEW ;
eventkey : http://kh39.61why.com/app/index.php?i=2&c=entry&eid=194 ;
menuid : 410600728 ;
from : oKwkYw73fcUnWiyMDDBQMAekYhZI ;
to : gh_6536061e4435 ;
time : 1494143290 ;
type : event ;

2017-05-07 15:48:10 params :
------------
Array:
rule : -2 ;
module :  ;
message : Array ;

2017-05-07 15:48:10 response :
------------

2017-05-07 16:05:31 trace :
------------
Array:
tousername : gh_6536061e4435 ;
fromusername : oKwkYw5JLE-jb9kCik-hGFpwoJUo ;
createtime : 1494144331 ;
msgtype : event ;
event : subscribe ;
eventkey : qrscene_8b56176c32187399cf82a8c8088fbc9b ;
ticket : gQHq8DwAAAAAAAAAAS5odHRwOi8vd2VpeGluLnFxLmNvbS9xLzAyYm5yYjBiSDljbzMxMDAwMGcwN1cAAgQ2Es1YAwQAAAAA ;
from : oKwkYw5JLE-jb9kCik-hGFpwoJUo ;
to : gh_6536061e4435 ;
time : 1494144331 ;
type : subscribe ;
scene : 8b56176c32187399cf82a8c8088fbc9b ;

2017-05-07 16:05:37 trace :
------------
Array:
tousername : gh_6536061e4435 ;
fromusername : oKwkYw5JLE-jb9kCik-hGFpwoJUo ;
createtime : 1494144337 ;
msgtype : event ;
event : CLICK ;
eventkey : 二维码 ;
from : oKwkYw5JLE-jb9kCik-hGFpwoJUo ;
to : gh_6536061e4435 ;
time : 1494144337 ;
type : event ;

2017-05-07 16:05:55 trace :
------------
Array:
tousername : gh_6536061e4435 ;
fromusername : oKwkYw_czhGJMhzRk-PvvkgFyKMI ;
createtime : 1494144354 ;
msgtype : event ;
event : VIEW ;
eventkey : http://kh39.61why.com/app/index.php?i=2&c=entry&eid=194 ;
menuid : 410600728 ;
from : oKwkYw_czhGJMhzRk-PvvkgFyKMI ;
to : gh_6536061e4435 ;
time : 1494144354 ;
type : event ;

2017-05-07 16:05:55 params :
------------
Array:
rule : -2 ;
module :  ;
message : Array ;

2017-05-07 16:05:55 response :
------------

2017-05-07 16:06:41 trace :
------------
Array:
tousername : gh_6536061e4435 ;
fromusername : oKwkYw5JLE-jb9kCik-hGFpwoJUo ;
createtime : 1494144401 ;
msgtype : event ;
event : VIEW ;
eventkey : http://kh39.61why.com/app/index.php?i=2&c=entry&eid=194 ;
menuid : 410600728 ;
from : oKwkYw5JLE-jb9kCik-hGFpwoJUo ;
to : gh_6536061e4435 ;
time : 1494144401 ;
type : event ;

2017-05-07 16:06:41 params :
------------
Array:
rule : -2 ;
module :  ;
message : Array ;

2017-05-07 16:06:41 response :
------------

2017-05-07 16:06:55 trace :
------------
Array:
tousername : gh_6536061e4435 ;
fromusername : oKwkYw_czhGJMhzRk-PvvkgFyKMI ;
createtime : 1494144415 ;
msgtype : event ;
event : VIEW ;
eventkey : http://kh39.61why.com/app/index.php?i=2&c=entry&eid=198 ;
menuid : 410600728 ;
from : oKwkYw_czhGJMhzRk-PvvkgFyKMI ;
to : gh_6536061e4435 ;
time : 1494144415 ;
type : event ;

2017-05-07 16:06:55 params :
------------
Array:
rule : -2 ;
module :  ;
message : Array ;

2017-05-07 16:06:55 response :
------------

2017-05-07 16:06:57 trace :
------------
Array:
tousername : gh_6536061e4435 ;
fromusername : oKwkYw5JLE-jb9kCik-hGFpwoJUo ;
createtime : 1494144417 ;
msgtype : event ;
event : VIEW ;
eventkey : http://kh39.61why.com/app/index.php?i=2&c=entry&eid=198 ;
menuid : 410600728 ;
from : oKwkYw5JLE-jb9kCik-hGFpwoJUo ;
to : gh_6536061e4435 ;
time : 1494144417 ;
type : event ;

2017-05-07 16:06:57 params :
------------
Array:
rule : -2 ;
module :  ;
message : Array ;

2017-05-07 16:06:57 response :
------------

2017-05-07 16:12:41 trace :
------------
Array:
tousername : gh_6536061e4435 ;
fromusername : oKwkYw5JLE-jb9kCik-hGFpwoJUo ;
createtime : 1494144761 ;
msgtype : event ;
event : VIEW ;
eventkey : http://kh39.61why.com/app/index.php?i=2&c=entry&eid=198 ;
menuid : 410600728 ;
from : oKwkYw5JLE-jb9kCik-hGFpwoJUo ;
to : gh_6536061e4435 ;
time : 1494144761 ;
type : event ;

2017-05-07 16:12:41 params :
------------
Array:
rule : -2 ;
module :  ;
message : Array ;

2017-05-07 16:12:41 response :
------------

2017-05-07 16:16:07 trace :
------------
Array:
tousername : gh_6536061e4435 ;
fromusername : oKwkYw9jtdtXMlUF-dZFaN58BaEs ;
createtime : 1494144967 ;
msgtype : event ;
event : VIEW ;
eventkey : http://kh39.61why.com/app/index.php?i=2&c=entry&eid=198 ;
menuid : 410600728 ;
from : oKwkYw9jtdtXMlUF-dZFaN58BaEs ;
to : gh_6536061e4435 ;
time : 1494144967 ;
type : event ;

2017-05-07 16:16:07 params :
------------
Array:
rule : -2 ;
module :  ;
message : Array ;

2017-05-07 16:16:07 response :
------------

2017-05-07 16:38:29 trace :
------------
Array:
tousername : gh_6536061e4435 ;
fromusername : oKwkYwzWT-xhzsNHFAG7KMifYmA0 ;
createtime : 1494146309 ;
msgtype : event ;
event : VIEW ;
eventkey : http://kh39.61why.com/app/index.php?i=2&c=entry&eid=194 ;
menuid : 410600728 ;
from : oKwkYwzWT-xhzsNHFAG7KMifYmA0 ;
to : gh_6536061e4435 ;
time : 1494146309 ;
type : event ;

2017-05-07 16:38:29 params :
------------
Array:
rule : -2 ;
module :  ;
message : Array ;

2017-05-07 16:38:29 response :
------------

2017-05-07 16:38:29 trace :
------------
Array:
tousername : gh_6536061e4435 ;
fromusername : oKwkYwzWT-xhzsNHFAG7KMifYmA0 ;
createtime : 1494146309 ;
msgtype : event ;
event : VIEW ;
eventkey : http://kh39.61why.com/app/index.php?i=2&c=entry&eid=198 ;
menuid : 410600728 ;
from : oKwkYwzWT-xhzsNHFAG7KMifYmA0 ;
to : gh_6536061e4435 ;
time : 1494146309 ;
type : event ;

2017-05-07 16:38:29 params :
------------
Array:
rule : -2 ;
module :  ;
message : Array ;

2017-05-07 16:38:29 response :
------------

2017-05-07 16:47:08 trace :
------------
Array:
tousername : gh_6536061e4435 ;
fromusername : oKwkYw3pyqAgBJicNKgUrIOgTaK4 ;
createtime : 1494146828 ;
msgtype : event ;
event : VIEW ;
eventkey : http://kh39.61why.com/app/index.php?i=2&c=entry&eid=194 ;
menuid : 410600728 ;
from : oKwkYw3pyqAgBJicNKgUrIOgTaK4 ;
to : gh_6536061e4435 ;
time : 1494146828 ;
type : event ;

2017-05-07 16:47:08 params :
------------
Array:
rule : -2 ;
module :  ;
message : Array ;

2017-05-07 16:47:08 response :
------------

2017-05-07 16:47:35 trace :
------------
Array:
tousername : gh_6536061e4435 ;
fromusername : oKwkYw3pyqAgBJicNKgUrIOgTaK4 ;
createtime : 1494146855 ;
msgtype : event ;
event : VIEW ;
eventkey : http://kh39.61why.com/app/index.php?i=2&c=entry&eid=194 ;
menuid : 410600728 ;
from : oKwkYw3pyqAgBJicNKgUrIOgTaK4 ;
to : gh_6536061e4435 ;
time : 1494146855 ;
type : event ;

2017-05-07 16:47:35 params :
------------
Array:
rule : -2 ;
module :  ;
message : Array ;

2017-05-07 16:47:35 response :
------------

2017-05-07 16:48:42 trace :
------------
Array:
tousername : gh_6536061e4435 ;
fromusername : oKwkYw3pyqAgBJicNKgUrIOgTaK4 ;
createtime : 1494146922 ;
msgtype : event ;
event : VIEW ;
eventkey : http://kh39.61why.com/app/index.php?i=2&c=entry&eid=198 ;
menuid : 410600728 ;
from : oKwkYw3pyqAgBJicNKgUrIOgTaK4 ;
to : gh_6536061e4435 ;
time : 1494146922 ;
type : event ;

2017-05-07 16:48:42 params :
------------
Array:
rule : -2 ;
module :  ;
message : Array ;

2017-05-07 16:48:42 response :
------------

2017-05-07 16:51:35 trace :
------------
Array:
tousername : gh_6536061e4435 ;
fromusername : oKwkYwzWT-xhzsNHFAG7KMifYmA0 ;
createtime : 1494147095 ;
msgtype : event ;
event : VIEW ;
eventkey : http://kh39.61why.com/app/index.php?i=2&c=entry&eid=194 ;
menuid : 410600728 ;
from : oKwkYwzWT-xhzsNHFAG7KMifYmA0 ;
to : gh_6536061e4435 ;
time : 1494147095 ;
type : event ;

2017-05-07 16:51:35 params :
------------
Array:
rule : -2 ;
module :  ;
message : Array ;

2017-05-07 16:51:35 response :
------------

2017-05-07 16:52:46 trace :
------------
Array:
tousername : gh_6536061e4435 ;
fromusername : oKwkYw5Hv5-mrEGrZ572fv2JrB_s ;
createtime : 1494147166 ;
msgtype : event ;
event : TEMPLATESENDJOBFINISH ;
msgid : 412828323 ;
status : success ;
from : oKwkYw5Hv5-mrEGrZ572fv2JrB_s ;
to : gh_6536061e4435 ;
time : 1494147166 ;
type : event ;

2017-05-07 16:52:46 params :
------------
Array:
rule : -2 ;
module :  ;
message : Array ;

2017-05-07 16:52:46 response :
------------

2017-05-07 16:52:46 trace :
------------
Array:
tousername : gh_6536061e4435 ;
fromusername : oKwkYw7K9xHIr91Csk-qENfcagnM ;
createtime : 1494147166 ;
msgtype : event ;
event : TEMPLATESENDJOBFINISH ;
msgid : 412828324 ;
status : success ;
from : oKwkYw7K9xHIr91Csk-qENfcagnM ;
to : gh_6536061e4435 ;
time : 1494147166 ;
type : event ;

2017-05-07 16:52:46 params :
------------
Array:
rule : -2 ;
module :  ;
message : Array ;

2017-05-07 16:52:46 response :
------------

2017-05-07 16:53:02 trace :
------------
Array:
tousername : gh_6536061e4435 ;
fromusername : oKwkYw5Hv5-mrEGrZ572fv2JrB_s ;
createtime : 1494147182 ;
msgtype : event ;
event : TEMPLATESENDJOBFINISH ;
msgid : 412828329 ;
status : success ;
from : oKwkYw5Hv5-mrEGrZ572fv2JrB_s ;
to : gh_6536061e4435 ;
time : 1494147182 ;
type : event ;

2017-05-07 16:53:02 params :
------------
Array:
rule : -2 ;
module :  ;
message : Array ;

2017-05-07 16:53:02 response :
------------

2017-05-07 16:53:02 trace :
------------
Array:
tousername : gh_6536061e4435 ;
fromusername : oKwkYw7K9xHIr91Csk-qENfcagnM ;
createtime : 1494147182 ;
msgtype : event ;
event : TEMPLATESENDJOBFINISH ;
msgid : 412828330 ;
status : success ;
from : oKwkYw7K9xHIr91Csk-qENfcagnM ;
to : gh_6536061e4435 ;
time : 1494147182 ;
type : event ;

2017-05-07 16:53:02 params :
------------
Array:
rule : -2 ;
module :  ;
message : Array ;

2017-05-07 16:53:02 response :
------------

2017-05-07 16:53:16 trace :
------------
Array:
tousername : gh_6536061e4435 ;
fromusername : oKwkYw3pyqAgBJicNKgUrIOgTaK4 ;
createtime : 1494147196 ;
msgtype : event ;
event : VIEW ;
eventkey : http://kh39.61why.com/app/index.php?i=2&c=entry&eid=194 ;
menuid : 410600728 ;
from : oKwkYw3pyqAgBJicNKgUrIOgTaK4 ;
to : gh_6536061e4435 ;
time : 1494147196 ;
type : event ;

2017-05-07 16:53:16 params :
------------
Array:
rule : -2 ;
module :  ;
message : Array ;

2017-05-07 16:53:16 response :
------------

2017-05-07 17:22:17 trace :
------------
Array:
tousername : gh_6536061e4435 ;
fromusername : oKwkYw_nikTtt2VKfB83ZMqz-nHs ;
createtime : 1494148937 ;
msgtype : event ;
event : VIEW ;
eventkey : http://kh39.61why.com/app/index.php?i=2&c=entry&eid=198 ;
menuid : 410600728 ;
from : oKwkYw_nikTtt2VKfB83ZMqz-nHs ;
to : gh_6536061e4435 ;
time : 1494148937 ;
type : event ;

2017-05-07 17:22:18 params :
------------
Array:
rule : -2 ;
module :  ;
message : Array ;

2017-05-07 17:22:18 response :
------------

2017-05-07 17:40:12 trace :
------------
Array:
tousername : gh_6536061e4435 ;
fromusername : oKwkYw_9tsX3Fwnkhaat1Cuin9Iw ;
createtime : 1494150012 ;
msgtype : event ;
event : subscribe ;
eventkey : qrscene_cb1b99bc2ed45e08205928ea100f0830 ;
ticket : gQG58DwAAAAAAAAAAS5odHRwOi8vd2VpeGluLnFxLmNvbS9xLzAySHI3azFuSDljbzMxMDAwME0wNzUAAgR8NwlZAwQAAAAA ;
from : oKwkYw_9tsX3Fwnkhaat1Cuin9Iw ;
to : gh_6536061e4435 ;
time : 1494150012 ;
type : subscribe ;
scene : cb1b99bc2ed45e08205928ea100f0830 ;

2017-05-07 18:24:37 trace :
------------
Array:
tousername : gh_6536061e4435 ;
fromusername : oKwkYwzWT-xhzsNHFAG7KMifYmA0 ;
createtime : 1494152677 ;
msgtype : event ;
event : VIEW ;
eventkey : http://kh39.61why.com/app/index.php?i=2&c=entry&eid=194 ;
menuid : 410600728 ;
from : oKwkYwzWT-xhzsNHFAG7KMifYmA0 ;
to : gh_6536061e4435 ;
time : 1494152677 ;
type : event ;

2017-05-07 18:24:37 params :
------------
Array:
rule : -2 ;
module :  ;
message : Array ;

2017-05-07 18:24:37 response :
------------

2017-05-07 18:59:40 trace :
------------
Array:
tousername : gh_6536061e4435 ;
fromusername : oKwkYw07OK3MciV6IDhGEI3qJFBU ;
createtime : 1494154780 ;
msgtype : event ;
event : VIEW ;
eventkey : http://kh39.61why.com/app/index.php?i=2&c=entry&eid=198 ;
menuid : 410600728 ;
from : oKwkYw07OK3MciV6IDhGEI3qJFBU ;
to : gh_6536061e4435 ;
time : 1494154780 ;
type : event ;

2017-05-07 18:59:40 params :
------------
Array:
rule : -2 ;
module :  ;
message : Array ;

2017-05-07 18:59:40 response :
------------

2017-05-07 19:16:32 trace :
------------
Array:
tousername : gh_6536061e4435 ;
fromusername : oKwkYw_nikTtt2VKfB83ZMqz-nHs ;
createtime : 1494155791 ;
msgtype : event ;
event : VIEW ;
eventkey : http://kh39.61why.com/app/index.php?i=2&c=entry&eid=198 ;
menuid : 410600728 ;
from : oKwkYw_nikTtt2VKfB83ZMqz-nHs ;
to : gh_6536061e4435 ;
time : 1494155791 ;
type : event ;

2017-05-07 19:16:32 params :
------------
Array:
rule : -2 ;
module :  ;
message : Array ;

2017-05-07 19:16:32 response :
------------

2017-05-07 20:04:01 trace :
------------
Array:
tousername : gh_6536061e4435 ;
fromusername : oKwkYwzdETExXz28cRu1TDU-MA3g ;
createtime : 1494158641 ;
msgtype : event ;
event : VIEW ;
eventkey : http://kh39.61why.com/app/index.php?i=2&c=entry&eid=198 ;
menuid : 410600728 ;
from : oKwkYwzdETExXz28cRu1TDU-MA3g ;
to : gh_6536061e4435 ;
time : 1494158641 ;
type : event ;

2017-05-07 20:04:01 params :
------------
Array:
rule : -2 ;
module :  ;
message : Array ;

2017-05-07 20:04:01 response :
------------

2017-05-07 20:11:05 trace :
------------
Array:
tousername : gh_6536061e4435 ;
fromusername : oKwkYw03W1Pov3xT2Hvnj_ODN-Ug ;
createtime : 1494159065 ;
msgtype : event ;
event : VIEW ;
eventkey : http://kh39.61why.com/app/index.php?i=2&c=entry&eid=198 ;
menuid : 410600728 ;
from : oKwkYw03W1Pov3xT2Hvnj_ODN-Ug ;
to : gh_6536061e4435 ;
time : 1494159065 ;
type : event ;

2017-05-07 20:11:05 params :
------------
Array:
rule : -2 ;
module :  ;
message : Array ;

2017-05-07 20:11:05 response :
------------

2017-05-07 20:23:59 trace :
------------
Array:
tousername : gh_6536061e4435 ;
fromusername : oKwkYw5ohR9Qc7vxrDGOdrxpN0q4 ;
createtime : 1494159839 ;
msgtype : event ;
event : VIEW ;
eventkey : http://kh39.61why.com/app/index.php?i=2&c=entry&eid=198 ;
menuid : 410600728 ;
from : oKwkYw5ohR9Qc7vxrDGOdrxpN0q4 ;
to : gh_6536061e4435 ;
time : 1494159839 ;
type : event ;

2017-05-07 20:23:59 params :
------------
Array:
rule : -2 ;
module :  ;
message : Array ;

2017-05-07 20:23:59 response :
------------

2017-05-07 20:34:05 trace :
------------
Array:
tousername : gh_6536061e4435 ;
fromusername : oKwkYw2AH_0zjso0wK9plR8nSe7E ;
createtime : 1494160445 ;
msgtype : event ;
event : subscribe ;
eventkey : Array ;
from : oKwkYw2AH_0zjso0wK9plR8nSe7E ;
to : gh_6536061e4435 ;
time : 1494160445 ;
type : subscribe ;

2017-05-07 20:34:05 params :
------------
Array:
rule : -2 ;
module :  ;
message : Array ;

2017-05-07 20:34:05 response :
------------

2017-05-07 20:44:59 trace :
------------
Array:
tousername : gh_6536061e4435 ;
fromusername : oKwkYwzWT-xhzsNHFAG7KMifYmA0 ;
createtime : 1494161098 ;
msgtype : event ;
event : VIEW ;
eventkey : http://kh39.61why.com/app/index.php?i=2&c=entry&eid=194 ;
menuid : 410600728 ;
from : oKwkYwzWT-xhzsNHFAG7KMifYmA0 ;
to : gh_6536061e4435 ;
time : 1494161098 ;
type : event ;

2017-05-07 20:44:59 params :
------------
Array:
rule : -2 ;
module :  ;
message : Array ;

2017-05-07 20:44:59 response :
------------

2017-05-07 23:00:33 trace :
------------
Array:
tousername : gh_6536061e4435 ;
fromusername : oKwkYwxty_SXZ8peZV8Ho1lzyyLY ;
createtime : 1494169233 ;
msgtype : event ;
event : VIEW ;
eventkey : http://kh39.61why.com/app/index.php?i=2&c=entry&eid=194 ;
menuid : 410600728 ;
from : oKwkYwxty_SXZ8peZV8Ho1lzyyLY ;
to : gh_6536061e4435 ;
time : 1494169233 ;
type : event ;

2017-05-07 23:00:33 params :
------------
Array:
rule : -2 ;
module :  ;
message : Array ;

2017-05-07 23:00:33 response :
------------

2017-05-07 23:01:45 trace :
------------
Array:
tousername : gh_6536061e4435 ;
fromusername : oKwkYwxty_SXZ8peZV8Ho1lzyyLY ;
createtime : 1494169305 ;
msgtype : event ;
event : VIEW ;
eventkey : http://kh39.61why.com/app/index.php?i=2&c=entry&eid=194 ;
menuid : 410600728 ;
from : oKwkYwxty_SXZ8peZV8Ho1lzyyLY ;
to : gh_6536061e4435 ;
time : 1494169305 ;
type : event ;

2017-05-07 23:01:45 params :
------------
Array:
rule : -2 ;
module :  ;
message : Array ;

2017-05-07 23:01:45 response :
------------

2017-05-07 23:06:18 trace :
------------
Array:
tousername : gh_6536061e4435 ;
fromusername : oKwkYwxty_SXZ8peZV8Ho1lzyyLY ;
createtime : 1494169578 ;
msgtype : event ;
event : VIEW ;
eventkey : http://kh39.61why.com/app/index.php?i=2&c=entry&eid=194 ;
menuid : 410600728 ;
from : oKwkYwxty_SXZ8peZV8Ho1lzyyLY ;
to : gh_6536061e4435 ;
time : 1494169578 ;
type : event ;

2017-05-07 23:06:18 params :
------------
Array:
rule : -2 ;
module :  ;
message : Array ;

2017-05-07 23:06:18 response :
------------

2017-05-07 23:15:20 trace :
------------
Array:
tousername : gh_6536061e4435 ;
fromusername : oKwkYwxdGazpUQLKnjr_HrnPicQo ;
createtime : 1494170120 ;
msgtype : event ;
event : VIEW ;
eventkey : http://kh39.61why.com/app/index.php?i=2&c=entry&eid=198 ;
menuid : 410600728 ;
from : oKwkYwxdGazpUQLKnjr_HrnPicQo ;
to : gh_6536061e4435 ;
time : 1494170120 ;
type : event ;

2017-05-07 23:15:20 params :
------------
Array:
rule : -2 ;
module :  ;
message : Array ;

2017-05-07 23:15:20 response :
------------

