2017-03-03 00:17:55 trace :
------------
Array:
tousername : gh_6536061e4435 ;
fromusername : oKwkYw9A27iCE2wbx5IXncAJ21Sw ;
createtime : 1488471475 ;
msgtype : event ;
event : VIEW ;
eventkey : http://kh39.61why.com/app/index.php?i=2&c=entry&eid=198 ;
menuid : 410600728 ;
from : oKwkYw9A27iCE2wbx5IXncAJ21Sw ;
to : gh_6536061e4435 ;
time : 1488471475 ;
type : event ;

2017-03-03 00:17:55 params :
------------
Array:
rule : -2 ;
module :  ;
message : Array ;

2017-03-03 00:17:55 response :
------------

2017-03-03 00:44:38 trace :
------------
Array:
tousername : gh_6536061e4435 ;
fromusername : oKwkYw07OK3MciV6IDhGEI3qJFBU ;
createtime : 1488473078 ;
msgtype : event ;
event : VIEW ;
eventkey : http://kh39.61why.com/app/index.php?i=2&c=entry&eid=198 ;
menuid : 410600728 ;
from : oKwkYw07OK3MciV6IDhGEI3qJFBU ;
to : gh_6536061e4435 ;
time : 1488473078 ;
type : event ;

2017-03-03 00:44:38 params :
------------
Array:
rule : -2 ;
module :  ;
message : Array ;

2017-03-03 00:44:38 response :
------------

2017-03-03 02:02:12 trace :
------------
Array:
tousername : gh_6536061e4435 ;
fromusername : oKwkYwzcwyOoY6b_n5vhR2KgLKTs ;
createtime : 1488477732 ;
msgtype : event ;
event : VIEW ;
eventkey : http://kh39.61why.com/app/index.php?i=2&c=entry&eid=194 ;
menuid : 410600728 ;
from : oKwkYwzcwyOoY6b_n5vhR2KgLKTs ;
to : gh_6536061e4435 ;
time : 1488477732 ;
type : event ;

2017-03-03 02:02:12 params :
------------
Array:
rule : -2 ;
module :  ;
message : Array ;

2017-03-03 02:02:12 response :
------------

2017-03-03 06:26:15 trace :
------------
Array:
tousername : gh_6536061e4435 ;
fromusername : oKwkYw8e33SsKCgQqmRH91AsxTTA ;
createtime : 1488493575 ;
msgtype : event ;
event : VIEW ;
eventkey : http://kh39.61why.com/app/index.php?i=2&c=entry&eid=198 ;
menuid : 410600728 ;
from : oKwkYw8e33SsKCgQqmRH91AsxTTA ;
to : gh_6536061e4435 ;
time : 1488493575 ;
type : event ;

2017-03-03 06:26:15 params :
------------
Array:
rule : -2 ;
module :  ;
message : Array ;

2017-03-03 06:26:15 response :
------------

2017-03-03 06:51:21 trace :
------------
Array:
tousername : gh_0ad70057b777 ;
fromusername : o26ibjpHLyh6XG3BwmLb1ZhG-amY ;
createtime : 1488495081 ;
msgtype : event ;
event : VIEW ;
eventkey : http://kh39.61why.com/app/index.php?i=2&c=entry&eid=198 ;
menuid : 411738532 ;
from : o26ibjpHLyh6XG3BwmLb1ZhG-amY ;
to : gh_0ad70057b777 ;
time : 1488495081 ;
type : event ;

2017-03-03 06:51:21 params :
------------
Array:
rule : -2 ;
module :  ;
message : Array ;

2017-03-03 06:51:21 response :
------------

2017-03-03 06:52:28 trace :
------------
Array:
tousername : gh_6536061e4435 ;
fromusername : oKwkYw6-hrqgy_u99tLQdVw6APNU ;
createtime : 1488495147 ;
msgtype : event ;
event : VIEW ;
eventkey : http://kh39.61why.com/app/index.php?i=2&c=entry&eid=194 ;
menuid : 410600728 ;
from : oKwkYw6-hrqgy_u99tLQdVw6APNU ;
to : gh_6536061e4435 ;
time : 1488495147 ;
type : event ;

2017-03-03 06:52:28 params :
------------
Array:
rule : -2 ;
module :  ;
message : Array ;

2017-03-03 06:52:28 response :
------------

2017-03-03 06:54:15 trace :
------------
Array:
tousername : gh_6536061e4435 ;
fromusername : oKwkYw6-hrqgy_u99tLQdVw6APNU ;
createtime : 1488495255 ;
msgtype : event ;
event : VIEW ;
eventkey : http://kh39.61why.com/app/index.php?i=2&c=entry&eid=198 ;
menuid : 410600728 ;
from : oKwkYw6-hrqgy_u99tLQdVw6APNU ;
to : gh_6536061e4435 ;
time : 1488495255 ;
type : event ;

2017-03-03 06:54:15 params :
------------
Array:
rule : -2 ;
module :  ;
message : Array ;

2017-03-03 06:54:15 response :
------------

2017-03-03 06:54:39 trace :
------------
Array:
tousername : gh_6536061e4435 ;
fromusername : oKwkYw6-hrqgy_u99tLQdVw6APNU ;
createtime : 1488495279 ;
msgtype : event ;
event : VIEW ;
eventkey : http://kh39.61why.com/app/index.php?i=2&c=entry&eid=194 ;
menuid : 410600728 ;
from : oKwkYw6-hrqgy_u99tLQdVw6APNU ;
to : gh_6536061e4435 ;
time : 1488495279 ;
type : event ;

2017-03-03 06:54:39 params :
------------
Array:
rule : -2 ;
module :  ;
message : Array ;

2017-03-03 06:54:39 response :
------------

2017-03-03 06:55:29 trace :
------------
Array:
tousername : gh_6536061e4435 ;
fromusername : oKwkYw6-hrqgy_u99tLQdVw6APNU ;
createtime : 1488495328 ;
msgtype : event ;
event : CLICK ;
eventkey : 二维码 ;
from : oKwkYw6-hrqgy_u99tLQdVw6APNU ;
to : gh_6536061e4435 ;
time : 1488495328 ;
type : event ;

2017-03-03 06:55:43 trace :
------------
Array:
tousername : gh_6536061e4435 ;
fromusername : oKwkYw6-hrqgy_u99tLQdVw6APNU ;
createtime : 1488495343 ;
msgtype : event ;
event : VIEW ;
eventkey : http://kh39.61why.com/app/index.php?i=2&c=entry&eid=194 ;
menuid : 410600728 ;
from : oKwkYw6-hrqgy_u99tLQdVw6APNU ;
to : gh_6536061e4435 ;
time : 1488495343 ;
type : event ;

2017-03-03 06:55:43 params :
------------
Array:
rule : -2 ;
module :  ;
message : Array ;

2017-03-03 06:55:43 response :
------------

2017-03-03 07:16:57 trace :
------------
Array:
tousername : gh_6536061e4435 ;
fromusername : oKwkYw5Hv5-mrEGrZ572fv2JrB_s ;
createtime : 1488496617 ;
msgtype : event ;
event : VIEW ;
eventkey : http://kh39.61why.com/app/index.php?i=2&c=entry&eid=198 ;
menuid : 410600728 ;
from : oKwkYw5Hv5-mrEGrZ572fv2JrB_s ;
to : gh_6536061e4435 ;
time : 1488496617 ;
type : event ;

2017-03-03 07:16:57 params :
------------
Array:
rule : -2 ;
module :  ;
message : Array ;

2017-03-03 07:16:57 response :
------------

2017-03-03 07:17:45 trace :
------------
Array:
tousername : gh_6536061e4435 ;
fromusername : oKwkYw5Hv5-mrEGrZ572fv2JrB_s ;
createtime : 1488496665 ;
msgtype : event ;
event : VIEW ;
eventkey : http://kh39.61why.com/app/index.php?i=2&c=entry&eid=198 ;
menuid : 410600728 ;
from : oKwkYw5Hv5-mrEGrZ572fv2JrB_s ;
to : gh_6536061e4435 ;
time : 1488496665 ;
type : event ;

2017-03-03 07:17:45 params :
------------
Array:
rule : -2 ;
module :  ;
message : Array ;

2017-03-03 07:17:45 response :
------------

2017-03-03 07:33:17 trace :
------------
Array:
tousername : gh_6536061e4435 ;
fromusername : oKwkYw5hiet9aIoMvpfdt0UcJyzc ;
createtime : 1488497597 ;
msgtype : event ;
event : VIEW ;
eventkey : http://kh39.61why.com/app/index.php?i=2&c=entry&eid=198 ;
menuid : 410600728 ;
from : oKwkYw5hiet9aIoMvpfdt0UcJyzc ;
to : gh_6536061e4435 ;
time : 1488497597 ;
type : event ;

2017-03-03 07:33:17 params :
------------
Array:
rule : -2 ;
module :  ;
message : Array ;

2017-03-03 07:33:17 response :
------------

2017-03-03 09:36:12 trace :
------------
Array:
tousername : gh_6536061e4435 ;
fromusername : oKwkYw22rCbBSaALxIaH8w23nsLQ ;
createtime : 1488504972 ;
msgtype : event ;
event : CLICK ;
eventkey : 二维码 ;
from : oKwkYw22rCbBSaALxIaH8w23nsLQ ;
to : gh_6536061e4435 ;
time : 1488504972 ;
type : event ;

2017-03-03 09:36:13 trace :
------------
Array:
tousername : gh_6536061e4435 ;
fromusername : oKwkYw22rCbBSaALxIaH8w23nsLQ ;
createtime : 1488504973 ;
msgtype : event ;
event : VIEW ;
eventkey : http://kh39.61why.com/app/index.php?i=2&c=entry&eid=198 ;
menuid : 410600728 ;
from : oKwkYw22rCbBSaALxIaH8w23nsLQ ;
to : gh_6536061e4435 ;
time : 1488504973 ;
type : event ;

2017-03-03 09:36:13 params :
------------
Array:
rule : -2 ;
module :  ;
message : Array ;

2017-03-03 09:36:13 response :
------------

2017-03-03 09:37:41 trace :
------------
Array:
tousername : gh_6536061e4435 ;
fromusername : oKwkYw1W5I_NaF5L3vS4x72I1tao ;
createtime : 1488505061 ;
msgtype : event ;
event : VIEW ;
eventkey : http://kh39.61why.com/app/index.php?i=2&c=entry&eid=198 ;
menuid : 410600728 ;
from : oKwkYw1W5I_NaF5L3vS4x72I1tao ;
to : gh_6536061e4435 ;
time : 1488505061 ;
type : event ;

2017-03-03 09:37:41 params :
------------
Array:
rule : -2 ;
module :  ;
message : Array ;

2017-03-03 09:37:41 response :
------------

2017-03-03 09:39:47 trace :
------------
Array:
tousername : gh_6536061e4435 ;
fromusername : oKwkYw1W5I_NaF5L3vS4x72I1tao ;
createtime : 1488505187 ;
msgtype : event ;
event : VIEW ;
eventkey : http://kh39.61why.com/app/index.php?i=2&c=entry&eid=198 ;
menuid : 410600728 ;
from : oKwkYw1W5I_NaF5L3vS4x72I1tao ;
to : gh_6536061e4435 ;
time : 1488505187 ;
type : event ;

2017-03-03 09:39:47 params :
------------
Array:
rule : -2 ;
module :  ;
message : Array ;

2017-03-03 09:39:47 response :
------------

2017-03-03 09:40:16 trace :
------------
Array:
tousername : gh_6536061e4435 ;
fromusername : oKwkYw1W5I_NaF5L3vS4x72I1tao ;
createtime : 1488505216 ;
msgtype : event ;
event : CLICK ;
eventkey : 二维码 ;
from : oKwkYw1W5I_NaF5L3vS4x72I1tao ;
to : gh_6536061e4435 ;
time : 1488505216 ;
type : event ;

2017-03-03 09:40:22 trace :
------------
Array:
tousername : gh_6536061e4435 ;
fromusername : oKwkYw1W5I_NaF5L3vS4x72I1tao ;
createtime : 1488505222 ;
msgtype : event ;
event : VIEW ;
eventkey : http://kh39.61why.com/app/index.php?i=2&c=entry&eid=198 ;
menuid : 410600728 ;
from : oKwkYw1W5I_NaF5L3vS4x72I1tao ;
to : gh_6536061e4435 ;
time : 1488505222 ;
type : event ;

2017-03-03 09:40:22 params :
------------
Array:
rule : -2 ;
module :  ;
message : Array ;

2017-03-03 09:40:22 response :
------------

2017-03-03 09:43:40 trace :
------------
Array:
tousername : gh_6536061e4435 ;
fromusername : oKwkYw1yj38KOhGZ_VHM2TrE79xY ;
createtime : 1488505420 ;
msgtype : event ;
event : VIEW ;
eventkey : http://kh39.61why.com/app/index.php?i=2&c=entry&eid=198 ;
menuid : 410600728 ;
from : oKwkYw1yj38KOhGZ_VHM2TrE79xY ;
to : gh_6536061e4435 ;
time : 1488505420 ;
type : event ;

2017-03-03 09:43:40 params :
------------
Array:
rule : -2 ;
module :  ;
message : Array ;

2017-03-03 09:43:40 response :
------------

2017-03-03 09:43:55 trace :
------------
Array:
tousername : gh_6536061e4435 ;
fromusername : oKwkYw6-hrqgy_u99tLQdVw6APNU ;
createtime : 1488505435 ;
msgtype : event ;
event : VIEW ;
eventkey : http://kh39.61why.com/app/index.php?i=2&c=entry&eid=198 ;
menuid : 410600728 ;
from : oKwkYw6-hrqgy_u99tLQdVw6APNU ;
to : gh_6536061e4435 ;
time : 1488505435 ;
type : event ;

2017-03-03 09:43:55 params :
------------
Array:
rule : -2 ;
module :  ;
message : Array ;

2017-03-03 09:43:55 response :
------------

2017-03-03 09:44:58 trace :
------------
Array:
tousername : gh_6536061e4435 ;
fromusername : oKwkYw1W5I_NaF5L3vS4x72I1tao ;
createtime : 1488505498 ;
msgtype : event ;
event : VIEW ;
eventkey : http://kh39.61why.com/app/index.php?i=2&c=entry&eid=194 ;
menuid : 410600728 ;
from : oKwkYw1W5I_NaF5L3vS4x72I1tao ;
to : gh_6536061e4435 ;
time : 1488505498 ;
type : event ;

2017-03-03 09:44:58 params :
------------
Array:
rule : -2 ;
module :  ;
message : Array ;

2017-03-03 09:44:58 response :
------------

2017-03-03 10:36:40 trace :
------------
Array:
tousername : gh_6536061e4435 ;
fromusername : oKwkYw_xZ14UQdvrJFuiI5E87n8w ;
createtime : 1488508600 ;
msgtype : event ;
event : VIEW ;
eventkey : http://kh39.61why.com/app/index.php?i=2&c=entry&eid=198 ;
menuid : 410600728 ;
from : oKwkYw_xZ14UQdvrJFuiI5E87n8w ;
to : gh_6536061e4435 ;
time : 1488508600 ;
type : event ;

2017-03-03 10:36:40 params :
------------
Array:
rule : -2 ;
module :  ;
message : Array ;

2017-03-03 10:36:40 response :
------------

2017-03-03 11:23:49 trace :
------------
Array:
tousername : gh_6536061e4435 ;
fromusername : oKwkYwz175I9MLDI9fncvktaxEu8 ;
createtime : 1488511429 ;
msgtype : event ;
event : VIEW ;
eventkey : http://kh39.61why.com/app/index.php?i=2&c=entry&eid=198 ;
menuid : 410600728 ;
from : oKwkYwz175I9MLDI9fncvktaxEu8 ;
to : gh_6536061e4435 ;
time : 1488511429 ;
type : event ;

2017-03-03 11:23:49 params :
------------
Array:
rule : -2 ;
module :  ;
message : Array ;

2017-03-03 11:23:49 response :
------------

2017-03-03 11:23:50 trace :
------------
Array:
tousername : gh_6536061e4435 ;
fromusername : oKwkYwz175I9MLDI9fncvktaxEu8 ;
createtime : 1488511430 ;
msgtype : event ;
event : VIEW ;
eventkey : http://kh39.61why.com/app/index.php?i=2&c=entry&eid=198 ;
menuid : 410600728 ;
from : oKwkYwz175I9MLDI9fncvktaxEu8 ;
to : gh_6536061e4435 ;
time : 1488511430 ;
type : event ;

2017-03-03 11:23:50 params :
------------
Array:
rule : -2 ;
module :  ;
message : Array ;

2017-03-03 11:23:50 response :
------------

2017-03-03 12:51:30 trace :
------------
Array:
tousername : gh_6536061e4435 ;
fromusername : oKwkYw8e33SsKCgQqmRH91AsxTTA ;
createtime : 1488516690 ;
msgtype : event ;
event : VIEW ;
eventkey : http://kh39.61why.com/app/index.php?i=2&c=entry&eid=198 ;
menuid : 410600728 ;
from : oKwkYw8e33SsKCgQqmRH91AsxTTA ;
to : gh_6536061e4435 ;
time : 1488516690 ;
type : event ;

2017-03-03 12:51:30 params :
------------
Array:
rule : -2 ;
module :  ;
message : Array ;

2017-03-03 12:51:30 response :
------------

2017-03-03 12:54:56 trace :
------------
Array:
tousername : gh_6536061e4435 ;
fromusername : oKwkYw8e33SsKCgQqmRH91AsxTTA ;
createtime : 1488516896 ;
msgtype : event ;
event : VIEW ;
eventkey : http://kh39.61why.com/app/index.php?i=2&c=entry&eid=198 ;
menuid : 410600728 ;
from : oKwkYw8e33SsKCgQqmRH91AsxTTA ;
to : gh_6536061e4435 ;
time : 1488516896 ;
type : event ;

2017-03-03 12:54:56 params :
------------
Array:
rule : -2 ;
module :  ;
message : Array ;

2017-03-03 12:54:56 response :
------------

2017-03-03 13:03:00 trace :
------------
Array:
tousername : gh_6536061e4435 ;
fromusername : oKwkYwywEpFgDWbwv_V6u_yoYYIo ;
createtime : 1488517380 ;
msgtype : event ;
event : VIEW ;
eventkey : http://kh39.61why.com/app/index.php?i=2&c=entry&eid=194 ;
menuid : 410600728 ;
from : oKwkYwywEpFgDWbwv_V6u_yoYYIo ;
to : gh_6536061e4435 ;
time : 1488517380 ;
type : event ;

2017-03-03 13:03:00 params :
------------
Array:
rule : -2 ;
module :  ;
message : Array ;

2017-03-03 13:03:00 response :
------------

2017-03-03 13:10:18 trace :
------------
Array:
tousername : gh_6536061e4435 ;
fromusername : oKwkYwywEpFgDWbwv_V6u_yoYYIo ;
createtime : 1488517818 ;
msgtype : event ;
event : VIEW ;
eventkey : http://kh39.61why.com/app/index.php?i=2&c=entry&eid=194 ;
menuid : 410600728 ;
from : oKwkYwywEpFgDWbwv_V6u_yoYYIo ;
to : gh_6536061e4435 ;
time : 1488517818 ;
type : event ;

2017-03-03 13:10:18 params :
------------
Array:
rule : -2 ;
module :  ;
message : Array ;

2017-03-03 13:10:18 response :
------------

2017-03-03 13:10:56 trace :
------------
Array:
tousername : gh_6536061e4435 ;
fromusername : oKwkYwywEpFgDWbwv_V6u_yoYYIo ;
createtime : 1488517856 ;
msgtype : event ;
event : VIEW ;
eventkey : http://kh39.61why.com/app/index.php?i=2&c=entry&eid=198 ;
menuid : 410600728 ;
from : oKwkYwywEpFgDWbwv_V6u_yoYYIo ;
to : gh_6536061e4435 ;
time : 1488517856 ;
type : event ;

2017-03-03 13:10:56 params :
------------
Array:
rule : -2 ;
module :  ;
message : Array ;

2017-03-03 13:10:56 response :
------------

2017-03-03 13:18:51 trace :
------------
Array:
tousername : gh_6536061e4435 ;
fromusername : oKwkYw2UXglWUZg6imtsIqchHsio ;
createtime : 1488518331 ;
msgtype : event ;
event : subscribe ;
eventkey : Array ;
from : oKwkYw2UXglWUZg6imtsIqchHsio ;
to : gh_6536061e4435 ;
time : 1488518331 ;
type : subscribe ;

2017-03-03 13:18:51 params :
------------
Array:
rule : -2 ;
module :  ;
message : Array ;

2017-03-03 13:18:51 response :
------------

2017-03-03 13:19:01 trace :
------------
Array:
tousername : gh_6536061e4435 ;
fromusername : oKwkYw2UXglWUZg6imtsIqchHsio ;
createtime : 1488518340 ;
msgtype : event ;
event : CLICK ;
eventkey : 二维码 ;
from : oKwkYw2UXglWUZg6imtsIqchHsio ;
to : gh_6536061e4435 ;
time : 1488518340 ;
type : event ;

2017-03-03 13:19:08 trace :
------------
Array:
tousername : gh_6536061e4435 ;
fromusername : oKwkYw2UXglWUZg6imtsIqchHsio ;
createtime : 1488518348 ;
msgtype : event ;
event : CLICK ;
eventkey : 二维码 ;
from : oKwkYw2UXglWUZg6imtsIqchHsio ;
to : gh_6536061e4435 ;
time : 1488518348 ;
type : event ;

2017-03-03 13:19:10 trace :
------------
Array:
tousername : gh_6536061e4435 ;
fromusername : oKwkYw2UXglWUZg6imtsIqchHsio ;
createtime : 1488518350 ;
msgtype : event ;
event : VIEW ;
eventkey : http://kh39.61why.com/app/index.php?i=2&c=entry&eid=198 ;
menuid : 410600728 ;
from : oKwkYw2UXglWUZg6imtsIqchHsio ;
to : gh_6536061e4435 ;
time : 1488518350 ;
type : event ;

2017-03-03 13:19:10 params :
------------
Array:
rule : -2 ;
module :  ;
message : Array ;

2017-03-03 13:19:10 response :
------------

2017-03-03 13:21:32 trace :
------------
Array:
tousername : gh_6536061e4435 ;
fromusername : oKwkYw5Hv5-mrEGrZ572fv2JrB_s ;
createtime : 1488518492 ;
msgtype : event ;
event : VIEW ;
eventkey : http://kh39.61why.com/app/index.php?i=2&c=entry&eid=198 ;
menuid : 410600728 ;
from : oKwkYw5Hv5-mrEGrZ572fv2JrB_s ;
to : gh_6536061e4435 ;
time : 1488518492 ;
type : event ;

2017-03-03 13:21:32 params :
------------
Array:
rule : -2 ;
module :  ;
message : Array ;

2017-03-03 13:21:32 response :
------------

2017-03-03 14:11:53 trace :
------------
Array:
tousername : gh_6536061e4435 ;
fromusername : oKwkYw03W1Pov3xT2Hvnj_ODN-Ug ;
createtime : 1488521513 ;
msgtype : event ;
event : VIEW ;
eventkey : http://kh39.61why.com/app/index.php?i=2&c=entry&eid=198 ;
menuid : 410600728 ;
from : oKwkYw03W1Pov3xT2Hvnj_ODN-Ug ;
to : gh_6536061e4435 ;
time : 1488521513 ;
type : event ;

2017-03-03 14:11:53 params :
------------
Array:
rule : -2 ;
module :  ;
message : Array ;

2017-03-03 14:11:53 response :
------------

2017-03-03 14:13:57 trace :
------------
Array:
tousername : gh_6536061e4435 ;
fromusername : oKwkYw5hiet9aIoMvpfdt0UcJyzc ;
createtime : 1488521637 ;
msgtype : event ;
event : VIEW ;
eventkey : http://kh39.61why.com/app/index.php?i=2&c=entry&eid=198 ;
menuid : 410600728 ;
from : oKwkYw5hiet9aIoMvpfdt0UcJyzc ;
to : gh_6536061e4435 ;
time : 1488521637 ;
type : event ;

2017-03-03 14:13:57 params :
------------
Array:
rule : -2 ;
module :  ;
message : Array ;

2017-03-03 14:13:57 response :
------------

2017-03-03 14:37:30 trace :
------------
Array:
tousername : gh_6536061e4435 ;
fromusername : oKwkYwyA8e8lnMGuMx9k-4BQiemU ;
createtime : 1488523050 ;
msgtype : event ;
event : VIEW ;
eventkey : http://kh39.61why.com/app/index.php?i=2&c=entry&eid=198 ;
menuid : 410600728 ;
from : oKwkYwyA8e8lnMGuMx9k-4BQiemU ;
to : gh_6536061e4435 ;
time : 1488523050 ;
type : event ;

2017-03-03 14:37:30 params :
------------
Array:
rule : -2 ;
module :  ;
message : Array ;

2017-03-03 14:37:30 response :
------------

2017-03-03 14:37:57 trace :
------------
Array:
tousername : gh_6536061e4435 ;
fromusername : oKwkYwyA8e8lnMGuMx9k-4BQiemU ;
createtime : 1488523077 ;
msgtype : event ;
event : VIEW ;
eventkey : http://kh39.61why.com/app/index.php?i=2&c=entry&eid=198 ;
menuid : 410600728 ;
from : oKwkYwyA8e8lnMGuMx9k-4BQiemU ;
to : gh_6536061e4435 ;
time : 1488523077 ;
type : event ;

2017-03-03 14:37:57 params :
------------
Array:
rule : -2 ;
module :  ;
message : Array ;

2017-03-03 14:37:57 response :
------------

2017-03-03 15:11:49 trace :
------------
Array:
tousername : gh_6536061e4435 ;
fromusername : oKwkYw5S8zWw6zCS6dGdWuuV95fM ;
createtime : 1488525109 ;
msgtype : event ;
event : VIEW ;
eventkey : http://kh39.61why.com/app/index.php?i=2&c=entry&eid=198 ;
menuid : 410600728 ;
from : oKwkYw5S8zWw6zCS6dGdWuuV95fM ;
to : gh_6536061e4435 ;
time : 1488525109 ;
type : event ;

2017-03-03 15:11:49 params :
------------
Array:
rule : -2 ;
module :  ;
message : Array ;

2017-03-03 15:11:49 response :
------------

2017-03-03 15:21:17 trace :
------------
Array:
tousername : gh_0ad70057b777 ;
fromusername : o26ibjke2z2_VAwWQFOmK8rRcxH4 ;
createtime : 1488525677 ;
msgtype : event ;
event : VIEW ;
eventkey : http://kh39.61why.com/app/index.php?i=2&c=entry&eid=198 ;
menuid : 411738532 ;
from : o26ibjke2z2_VAwWQFOmK8rRcxH4 ;
to : gh_0ad70057b777 ;
time : 1488525677 ;
type : event ;

2017-03-03 15:21:17 params :
------------
Array:
rule : -2 ;
module :  ;
message : Array ;

2017-03-03 15:21:17 response :
------------

2017-03-03 15:22:29 trace :
------------
Array:
tousername : gh_6536061e4435 ;
fromusername : oKwkYw5S8zWw6zCS6dGdWuuV95fM ;
createtime : 1488525749 ;
msgtype : event ;
event : VIEW ;
eventkey : http://kh39.61why.com/app/index.php?i=2&c=entry&eid=198 ;
menuid : 410600728 ;
from : oKwkYw5S8zWw6zCS6dGdWuuV95fM ;
to : gh_6536061e4435 ;
time : 1488525749 ;
type : event ;

2017-03-03 15:22:29 params :
------------
Array:
rule : -2 ;
module :  ;
message : Array ;

2017-03-03 15:22:29 response :
------------

2017-03-03 15:23:48 trace :
------------
Array:
tousername : gh_6536061e4435 ;
fromusername : oKwkYw5S8zWw6zCS6dGdWuuV95fM ;
createtime : 1488525828 ;
msgtype : event ;
event : VIEW ;
eventkey : http://kh39.61why.com/app/index.php?i=2&c=entry&eid=198 ;
menuid : 410600728 ;
from : oKwkYw5S8zWw6zCS6dGdWuuV95fM ;
to : gh_6536061e4435 ;
time : 1488525828 ;
type : event ;

2017-03-03 15:23:48 params :
------------
Array:
rule : -2 ;
module :  ;
message : Array ;

2017-03-03 15:23:48 response :
------------

2017-03-03 15:27:56 trace :
------------
Array:
tousername : gh_6536061e4435 ;
fromusername : oKwkYw5S8zWw6zCS6dGdWuuV95fM ;
createtime : 1488526076 ;
msgtype : event ;
event : VIEW ;
eventkey : http://kh39.61why.com/app/index.php?i=2&c=entry&eid=198 ;
menuid : 410600728 ;
from : oKwkYw5S8zWw6zCS6dGdWuuV95fM ;
to : gh_6536061e4435 ;
time : 1488526076 ;
type : event ;

2017-03-03 15:27:56 params :
------------
Array:
rule : -2 ;
module :  ;
message : Array ;

2017-03-03 15:27:56 response :
------------

2017-03-03 15:28:41 trace :
------------
Array:
tousername : gh_6536061e4435 ;
fromusername : oKwkYwyA8e8lnMGuMx9k-4BQiemU ;
createtime : 1488526121 ;
msgtype : event ;
event : VIEW ;
eventkey : http://kh39.61why.com/app/index.php?i=2&c=entry&eid=198 ;
menuid : 410600728 ;
from : oKwkYwyA8e8lnMGuMx9k-4BQiemU ;
to : gh_6536061e4435 ;
time : 1488526121 ;
type : event ;

2017-03-03 15:28:41 params :
------------
Array:
rule : -2 ;
module :  ;
message : Array ;

2017-03-03 15:28:41 response :
------------

2017-03-03 15:29:21 trace :
------------
Array:
tousername : gh_6536061e4435 ;
fromusername : oKwkYw1W5I_NaF5L3vS4x72I1tao ;
createtime : 1488526160 ;
msgtype : event ;
event : VIEW ;
eventkey : http://kh39.61why.com/app/index.php?i=2&c=entry&eid=198 ;
menuid : 410600728 ;
from : oKwkYw1W5I_NaF5L3vS4x72I1tao ;
to : gh_6536061e4435 ;
time : 1488526160 ;
type : event ;

2017-03-03 15:29:21 params :
------------
Array:
rule : -2 ;
module :  ;
message : Array ;

2017-03-03 15:29:21 response :
------------

2017-03-03 15:44:04 trace :
------------
Array:
tousername : gh_6536061e4435 ;
fromusername : oKwkYw8e33SsKCgQqmRH91AsxTTA ;
createtime : 1488527044 ;
msgtype : event ;
event : VIEW ;
eventkey : http://kh39.61why.com/app/index.php?i=2&c=entry&eid=198 ;
menuid : 410600728 ;
from : oKwkYw8e33SsKCgQqmRH91AsxTTA ;
to : gh_6536061e4435 ;
time : 1488527044 ;
type : event ;

2017-03-03 15:44:04 params :
------------
Array:
rule : -2 ;
module :  ;
message : Array ;

2017-03-03 15:44:04 response :
------------

2017-03-03 15:51:02 trace :
------------
Array:
tousername : gh_6536061e4435 ;
fromusername : oKwkYw5S8zWw6zCS6dGdWuuV95fM ;
createtime : 1488527462 ;
msgtype : event ;
event : VIEW ;
eventkey : http://kh39.61why.com/app/index.php?i=2&c=entry&eid=198 ;
menuid : 410600728 ;
from : oKwkYw5S8zWw6zCS6dGdWuuV95fM ;
to : gh_6536061e4435 ;
time : 1488527462 ;
type : event ;

2017-03-03 15:51:02 params :
------------
Array:
rule : -2 ;
module :  ;
message : Array ;

2017-03-03 15:51:02 response :
------------

2017-03-03 15:56:54 trace :
------------
Array:
tousername : gh_6536061e4435 ;
fromusername : oKwkYw03W1Pov3xT2Hvnj_ODN-Ug ;
createtime : 1488527814 ;
msgtype : event ;
event : VIEW ;
eventkey : http://kh39.61why.com/app/index.php?i=2&c=entry&eid=198 ;
menuid : 410600728 ;
from : oKwkYw03W1Pov3xT2Hvnj_ODN-Ug ;
to : gh_6536061e4435 ;
time : 1488527814 ;
type : event ;

2017-03-03 15:56:54 params :
------------
Array:
rule : -2 ;
module :  ;
message : Array ;

2017-03-03 15:56:54 response :
------------

2017-03-03 16:19:29 trace :
------------
Array:
tousername : gh_6536061e4435 ;
fromusername : oKwkYw1jFIpveeL2BhfmYgU7GBqs ;
createtime : 1488529169 ;
msgtype : event ;
event : VIEW ;
eventkey : http://kh39.61why.com/app/index.php?i=2&c=entry&eid=194 ;
menuid : 410600728 ;
from : oKwkYw1jFIpveeL2BhfmYgU7GBqs ;
to : gh_6536061e4435 ;
time : 1488529169 ;
type : event ;

2017-03-03 16:19:29 params :
------------
Array:
rule : -2 ;
module :  ;
message : Array ;

2017-03-03 16:19:29 response :
------------

2017-03-03 16:27:05 trace :
------------
Array:
tousername : gh_6536061e4435 ;
fromusername : oKwkYw7K9xHIr91Csk-qENfcagnM ;
createtime : 1488529625 ;
msgtype : event ;
event : VIEW ;
eventkey : http://kh39.61why.com/app/index.php?i=2&c=entry&eid=198 ;
menuid : 410600728 ;
from : oKwkYw7K9xHIr91Csk-qENfcagnM ;
to : gh_6536061e4435 ;
time : 1488529625 ;
type : event ;

2017-03-03 16:27:05 params :
------------
Array:
rule : -2 ;
module :  ;
message : Array ;

2017-03-03 16:27:05 response :
------------

2017-03-03 16:27:20 trace :
------------
Array:
tousername : gh_6536061e4435 ;
fromusername : oKwkYw7K9xHIr91Csk-qENfcagnM ;
createtime : 1488529640 ;
msgtype : event ;
event : VIEW ;
eventkey : http://kh39.61why.com/app/index.php?i=2&c=entry&eid=198 ;
menuid : 410600728 ;
from : oKwkYw7K9xHIr91Csk-qENfcagnM ;
to : gh_6536061e4435 ;
time : 1488529640 ;
type : event ;

2017-03-03 16:27:20 params :
------------
Array:
rule : -2 ;
module :  ;
message : Array ;

2017-03-03 16:27:20 response :
------------

2017-03-03 16:33:23 trace :
------------
Array:
tousername : gh_6536061e4435 ;
fromusername : oKwkYw5S8zWw6zCS6dGdWuuV95fM ;
createtime : 1488530003 ;
msgtype : event ;
event : VIEW ;
eventkey : http://kh39.61why.com/app/index.php?i=2&c=entry&eid=198 ;
menuid : 410600728 ;
from : oKwkYw5S8zWw6zCS6dGdWuuV95fM ;
to : gh_6536061e4435 ;
time : 1488530003 ;
type : event ;

2017-03-03 16:33:23 params :
------------
Array:
rule : -2 ;
module :  ;
message : Array ;

2017-03-03 16:33:23 response :
------------

2017-03-03 16:34:02 trace :
------------
Array:
tousername : gh_6536061e4435 ;
fromusername : oKwkYw3l0eGz3H7e62pX1IDFxwCY ;
createtime : 1488530042 ;
msgtype : event ;
event : VIEW ;
eventkey : http://kh39.61why.com/app/index.php?i=2&c=entry&eid=194 ;
menuid : 410600728 ;
from : oKwkYw3l0eGz3H7e62pX1IDFxwCY ;
to : gh_6536061e4435 ;
time : 1488530042 ;
type : event ;

2017-03-03 16:34:02 params :
------------
Array:
rule : -2 ;
module :  ;
message : Array ;

2017-03-03 16:34:02 response :
------------

2017-03-03 17:15:33 trace :
------------
Array:
tousername : gh_6536061e4435 ;
fromusername : oKwkYw03W1Pov3xT2Hvnj_ODN-Ug ;
createtime : 1488532533 ;
msgtype : event ;
event : VIEW ;
eventkey : http://kh39.61why.com/app/index.php?i=2&c=entry&eid=198 ;
menuid : 410600728 ;
from : oKwkYw03W1Pov3xT2Hvnj_ODN-Ug ;
to : gh_6536061e4435 ;
time : 1488532533 ;
type : event ;

2017-03-03 17:15:33 params :
------------
Array:
rule : -2 ;
module :  ;
message : Array ;

2017-03-03 17:15:33 response :
------------

2017-03-03 17:26:57 trace :
------------
Array:
tousername : gh_6536061e4435 ;
fromusername : oKwkYw1hdHu_NiSw4Dn_tLeEcWuc ;
createtime : 1488533217 ;
msgtype : event ;
event : CLICK ;
eventkey : 二维码 ;
from : oKwkYw1hdHu_NiSw4Dn_tLeEcWuc ;
to : gh_6536061e4435 ;
time : 1488533217 ;
type : event ;

2017-03-03 17:27:17 trace :
------------
Array:
tousername : gh_6536061e4435 ;
fromusername : oKwkYw_5ySXv3y9ezI2JuRpOPU2s ;
createtime : 1488533237 ;
msgtype : event ;
event : subscribe ;
eventkey : qrscene_21e9a3548a908ff6b3b3ab4ec321b02d ;
ticket : gQFk8jwAAAAAAAAAAS5odHRwOi8vd2VpeGluLnFxLmNvbS9xLzAyQk5iYTEtSDljbzMxMDAwMGcwN0sAAgTooqJYAwQAAAAA ;
from : oKwkYw_5ySXv3y9ezI2JuRpOPU2s ;
to : gh_6536061e4435 ;
time : 1488533237 ;
type : subscribe ;
scene : 21e9a3548a908ff6b3b3ab4ec321b02d ;

2017-03-03 17:38:05 trace :
------------
Array:
tousername : gh_6536061e4435 ;
fromusername : oKwkYw1hdHu_NiSw4Dn_tLeEcWuc ;
createtime : 1488533885 ;
msgtype : event ;
event : VIEW ;
eventkey : http://kh39.61why.com/app/index.php?i=2&c=entry&eid=198 ;
menuid : 410600728 ;
from : oKwkYw1hdHu_NiSw4Dn_tLeEcWuc ;
to : gh_6536061e4435 ;
time : 1488533885 ;
type : event ;

2017-03-03 17:38:05 params :
------------
Array:
rule : -2 ;
module :  ;
message : Array ;

2017-03-03 17:38:05 response :
------------

2017-03-03 17:38:23 trace :
------------
Array:
tousername : gh_6536061e4435 ;
fromusername : oKwkYw1hdHu_NiSw4Dn_tLeEcWuc ;
createtime : 1488533903 ;
msgtype : event ;
event : VIEW ;
eventkey : http://kh39.61why.com/app/index.php?i=2&c=entry&eid=198 ;
menuid : 410600728 ;
from : oKwkYw1hdHu_NiSw4Dn_tLeEcWuc ;
to : gh_6536061e4435 ;
time : 1488533903 ;
type : event ;

2017-03-03 17:38:23 params :
------------
Array:
rule : -2 ;
module :  ;
message : Array ;

2017-03-03 17:38:23 response :
------------

2017-03-03 17:38:34 trace :
------------
Array:
tousername : gh_6536061e4435 ;
fromusername : oKwkYw1hdHu_NiSw4Dn_tLeEcWuc ;
createtime : 1488533914 ;
msgtype : event ;
event : VIEW ;
eventkey : http://kh39.61why.com/app/index.php?i=2&c=entry&eid=198 ;
menuid : 410600728 ;
from : oKwkYw1hdHu_NiSw4Dn_tLeEcWuc ;
to : gh_6536061e4435 ;
time : 1488533914 ;
type : event ;

2017-03-03 17:38:34 params :
------------
Array:
rule : -2 ;
module :  ;
message : Array ;

2017-03-03 17:38:34 response :
------------

2017-03-03 17:41:59 trace :
------------
Array:
tousername : gh_6536061e4435 ;
fromusername : oKwkYw_5ySXv3y9ezI2JuRpOPU2s ;
createtime : 1488534119 ;
msgtype : event ;
event : VIEW ;
eventkey : http://kh39.61why.com/app/index.php?i=2&c=entry&eid=194 ;
menuid : 410600728 ;
from : oKwkYw_5ySXv3y9ezI2JuRpOPU2s ;
to : gh_6536061e4435 ;
time : 1488534119 ;
type : event ;

2017-03-03 17:41:59 params :
------------
Array:
rule : -2 ;
module :  ;
message : Array ;

2017-03-03 17:41:59 response :
------------

2017-03-03 17:42:02 trace :
------------
Array:
tousername : gh_6536061e4435 ;
fromusername : oKwkYw_5ySXv3y9ezI2JuRpOPU2s ;
createtime : 1488534122 ;
msgtype : event ;
event : VIEW ;
eventkey : http://kh39.61why.com/app/index.php?i=2&c=entry&eid=194 ;
menuid : 410600728 ;
from : oKwkYw_5ySXv3y9ezI2JuRpOPU2s ;
to : gh_6536061e4435 ;
time : 1488534122 ;
type : event ;

2017-03-03 17:42:02 params :
------------
Array:
rule : -2 ;
module :  ;
message : Array ;

2017-03-03 17:42:02 response :
------------

2017-03-03 17:42:27 trace :
------------
Array:
tousername : gh_6536061e4435 ;
fromusername : oKwkYw_5ySXv3y9ezI2JuRpOPU2s ;
createtime : 1488534146 ;
msgtype : event ;
event : VIEW ;
eventkey : http://kh39.61why.com/app/index.php?i=2&c=entry&eid=194 ;
menuid : 410600728 ;
from : oKwkYw_5ySXv3y9ezI2JuRpOPU2s ;
to : gh_6536061e4435 ;
time : 1488534146 ;
type : event ;

2017-03-03 17:42:27 params :
------------
Array:
rule : -2 ;
module :  ;
message : Array ;

2017-03-03 17:42:27 response :
------------

2017-03-03 17:43:45 trace :
------------
Array:
tousername : gh_6536061e4435 ;
fromusername : oKwkYw5S8zWw6zCS6dGdWuuV95fM ;
createtime : 1488534225 ;
msgtype : event ;
event : VIEW ;
eventkey : http://kh39.61why.com/app/index.php?i=2&c=entry&eid=198 ;
menuid : 410600728 ;
from : oKwkYw5S8zWw6zCS6dGdWuuV95fM ;
to : gh_6536061e4435 ;
time : 1488534225 ;
type : event ;

2017-03-03 17:43:45 params :
------------
Array:
rule : -2 ;
module :  ;
message : Array ;

2017-03-03 17:43:45 response :
------------

2017-03-03 17:45:34 trace :
------------
Array:
tousername : gh_6536061e4435 ;
fromusername : oKwkYw5S8zWw6zCS6dGdWuuV95fM ;
createtime : 1488534334 ;
msgtype : event ;
event : VIEW ;
eventkey : http://kh39.61why.com/app/index.php?i=2&c=entry&eid=198 ;
menuid : 410600728 ;
from : oKwkYw5S8zWw6zCS6dGdWuuV95fM ;
to : gh_6536061e4435 ;
time : 1488534334 ;
type : event ;

2017-03-03 17:45:34 params :
------------
Array:
rule : -2 ;
module :  ;
message : Array ;

2017-03-03 17:45:34 response :
------------

2017-03-03 17:50:46 trace :
------------
Array:
tousername : gh_6536061e4435 ;
fromusername : oKwkYw_5ySXv3y9ezI2JuRpOPU2s ;
createtime : 1488534646 ;
msgtype : event ;
event : VIEW ;
eventkey : http://kh39.61why.com/app/index.php?i=2&c=entry&eid=194 ;
menuid : 410600728 ;
from : oKwkYw_5ySXv3y9ezI2JuRpOPU2s ;
to : gh_6536061e4435 ;
time : 1488534646 ;
type : event ;

2017-03-03 17:50:46 params :
------------
Array:
rule : -2 ;
module :  ;
message : Array ;

2017-03-03 17:50:46 response :
------------

2017-03-03 18:01:46 trace :
------------
Array:
tousername : gh_6536061e4435 ;
fromusername : oKwkYw3l0eGz3H7e62pX1IDFxwCY ;
createtime : 1488535306 ;
msgtype : event ;
event : VIEW ;
eventkey : http://kh39.61why.com/app/index.php?i=2&c=entry&eid=194 ;
menuid : 410600728 ;
from : oKwkYw3l0eGz3H7e62pX1IDFxwCY ;
to : gh_6536061e4435 ;
time : 1488535306 ;
type : event ;

2017-03-03 18:01:46 params :
------------
Array:
rule : -2 ;
module :  ;
message : Array ;

2017-03-03 18:01:46 response :
------------

2017-03-03 18:25:36 trace :
------------
Array:
tousername : gh_6536061e4435 ;
fromusername : oKwkYw_xZ14UQdvrJFuiI5E87n8w ;
createtime : 1488536736 ;
msgtype : event ;
event : VIEW ;
eventkey : http://kh39.61why.com/app/index.php?i=2&c=entry&eid=198 ;
menuid : 410600728 ;
from : oKwkYw_xZ14UQdvrJFuiI5E87n8w ;
to : gh_6536061e4435 ;
time : 1488536736 ;
type : event ;

2017-03-03 18:25:36 params :
------------
Array:
rule : -2 ;
module :  ;
message : Array ;

2017-03-03 18:25:36 response :
------------

2017-03-03 18:25:52 trace :
------------
Array:
tousername : gh_6536061e4435 ;
fromusername : oKwkYw_xZ14UQdvrJFuiI5E87n8w ;
createtime : 1488536752 ;
msgtype : event ;
event : VIEW ;
eventkey : http://kh39.61why.com/app/index.php?i=2&c=entry&eid=198 ;
menuid : 410600728 ;
from : oKwkYw_xZ14UQdvrJFuiI5E87n8w ;
to : gh_6536061e4435 ;
time : 1488536752 ;
type : event ;

2017-03-03 18:25:52 params :
------------
Array:
rule : -2 ;
module :  ;
message : Array ;

2017-03-03 18:25:52 response :
------------

2017-03-03 19:12:54 trace :
------------
Array:
tousername : gh_6536061e4435 ;
fromusername : oKwkYw5S8zWw6zCS6dGdWuuV95fM ;
createtime : 1488539574 ;
msgtype : event ;
event : VIEW ;
eventkey : http://kh39.61why.com/app/index.php?i=2&c=entry&eid=198 ;
menuid : 410600728 ;
from : oKwkYw5S8zWw6zCS6dGdWuuV95fM ;
to : gh_6536061e4435 ;
time : 1488539574 ;
type : event ;

2017-03-03 19:12:54 params :
------------
Array:
rule : -2 ;
module :  ;
message : Array ;

2017-03-03 19:12:54 response :
------------

2017-03-03 20:01:04 trace :
------------
Array:
tousername : gh_6536061e4435 ;
fromusername : oKwkYw_czhGJMhzRk-PvvkgFyKMI ;
createtime : 1488542463 ;
msgtype : event ;
event : VIEW ;
eventkey : http://kh39.61why.com/app/index.php?i=2&c=entry&eid=194 ;
menuid : 410600728 ;
from : oKwkYw_czhGJMhzRk-PvvkgFyKMI ;
to : gh_6536061e4435 ;
time : 1488542463 ;
type : event ;

2017-03-03 20:01:04 params :
------------
Array:
rule : -2 ;
module :  ;
message : Array ;

2017-03-03 20:01:04 response :
------------

2017-03-03 20:58:57 trace :
------------
Array:
tousername : gh_6536061e4435 ;
fromusername : oKwkYwz_FtGom2eSyG1qwUGFxNiA ;
createtime : 1488545937 ;
msgtype : event ;
event : VIEW ;
eventkey : http://kh39.61why.com/app/index.php?i=2&c=entry&eid=198 ;
menuid : 410600728 ;
from : oKwkYwz_FtGom2eSyG1qwUGFxNiA ;
to : gh_6536061e4435 ;
time : 1488545937 ;
type : event ;

2017-03-03 20:58:57 params :
------------
Array:
rule : -2 ;
module :  ;
message : Array ;

2017-03-03 20:58:57 response :
------------

2017-03-03 20:59:21 trace :
------------
Array:
tousername : gh_6536061e4435 ;
fromusername : oKwkYwz_FtGom2eSyG1qwUGFxNiA ;
createtime : 1488545961 ;
msgtype : event ;
event : VIEW ;
eventkey : http://kh39.61why.com/app/index.php?i=2&c=entry&eid=198 ;
menuid : 410600728 ;
from : oKwkYwz_FtGom2eSyG1qwUGFxNiA ;
to : gh_6536061e4435 ;
time : 1488545961 ;
type : event ;

2017-03-03 20:59:21 params :
------------
Array:
rule : -2 ;
module :  ;
message : Array ;

2017-03-03 20:59:21 response :
------------

2017-03-03 21:02:12 trace :
------------
Array:
tousername : gh_6536061e4435 ;
fromusername : oKwkYw1yj38KOhGZ_VHM2TrE79xY ;
createtime : 1488546131 ;
msgtype : event ;
event : VIEW ;
eventkey : http://kh39.61why.com/app/index.php?i=2&c=entry&eid=198 ;
menuid : 410600728 ;
from : oKwkYw1yj38KOhGZ_VHM2TrE79xY ;
to : gh_6536061e4435 ;
time : 1488546131 ;
type : event ;

2017-03-03 21:02:12 params :
------------
Array:
rule : -2 ;
module :  ;
message : Array ;

2017-03-03 21:02:12 response :
------------

2017-03-03 21:07:26 trace :
------------
Array:
tousername : gh_6536061e4435 ;
fromusername : oKwkYw07OK3MciV6IDhGEI3qJFBU ;
createtime : 1488546446 ;
msgtype : event ;
event : VIEW ;
eventkey : http://kh39.61why.com/app/index.php?i=2&c=entry&eid=198 ;
menuid : 410600728 ;
from : oKwkYw07OK3MciV6IDhGEI3qJFBU ;
to : gh_6536061e4435 ;
time : 1488546446 ;
type : event ;

2017-03-03 21:07:26 params :
------------
Array:
rule : -2 ;
module :  ;
message : Array ;

2017-03-03 21:07:26 response :
------------

2017-03-03 21:33:46 trace :
------------
Array:
tousername : gh_6536061e4435 ;
fromusername : oKwkYw8ymNesUSuslekugBdj73NA ;
createtime : 1488548026 ;
msgtype : event ;
event : CLICK ;
eventkey : 二维码 ;
from : oKwkYw8ymNesUSuslekugBdj73NA ;
to : gh_6536061e4435 ;
time : 1488548026 ;
type : event ;

2017-03-03 21:34:27 trace :
------------
Array:
tousername : gh_6536061e4435 ;
fromusername : oKwkYw8ymNesUSuslekugBdj73NA ;
createtime : 1488548067 ;
msgtype : event ;
event : SCAN ;
eventkey : b3a772d0c2d26326ec059977fde96a8d ;
ticket : gQHQ8TwAAAAAAAAAAS5odHRwOi8vd2VpeGluLnFxLmNvbS9xLzAyZVZkUjE1SDljbzMxMDAwMHcwN3IAAgQKt6JYAwQAAAAA ;
from : oKwkYw8ymNesUSuslekugBdj73NA ;
to : gh_6536061e4435 ;
time : 1488548067 ;
type : subscribe ;
scene : b3a772d0c2d26326ec059977fde96a8d ;

2017-03-03 21:34:34 trace :
------------
Array:
tousername : gh_6536061e4435 ;
fromusername : oKwkYw8ymNesUSuslekugBdj73NA ;
createtime : 1488548074 ;
msgtype : event ;
event : CLICK ;
eventkey : 二维码 ;
from : oKwkYw8ymNesUSuslekugBdj73NA ;
to : gh_6536061e4435 ;
time : 1488548074 ;
type : event ;

2017-03-03 21:37:30 trace :
------------
Array:
tousername : gh_6536061e4435 ;
fromusername : oKwkYw8ymNesUSuslekugBdj73NA ;
createtime : 1488548250 ;
msgtype : event ;
event : SCAN ;
eventkey : b3a772d0c2d26326ec059977fde96a8d ;
ticket : gQHQ8TwAAAAAAAAAAS5odHRwOi8vd2VpeGluLnFxLmNvbS9xLzAyZVZkUjE1SDljbzMxMDAwMHcwN3IAAgQKt6JYAwQAAAAA ;
from : oKwkYw8ymNesUSuslekugBdj73NA ;
to : gh_6536061e4435 ;
time : 1488548250 ;
type : subscribe ;
scene : b3a772d0c2d26326ec059977fde96a8d ;

2017-03-03 21:46:44 trace :
------------
Array:
tousername : gh_6536061e4435 ;
fromusername : oKwkYw0wycvcARBu3LHWHCxOd3a0 ;
createtime : 1488548804 ;
msgtype : event ;
event : VIEW ;
eventkey : http://kh39.61why.com/app/index.php?i=2&c=entry&eid=198 ;
menuid : 410600728 ;
from : oKwkYw0wycvcARBu3LHWHCxOd3a0 ;
to : gh_6536061e4435 ;
time : 1488548804 ;
type : event ;

2017-03-03 21:46:44 params :
------------
Array:
rule : -2 ;
module :  ;
message : Array ;

2017-03-03 21:46:44 response :
------------

2017-03-03 21:47:00 trace :
------------
Array:
tousername : gh_6536061e4435 ;
fromusername : oKwkYw0wycvcARBu3LHWHCxOd3a0 ;
createtime : 1488548820 ;
msgtype : event ;
event : VIEW ;
eventkey : http://kh39.61why.com/app/index.php?i=2&c=entry&eid=198 ;
menuid : 410600728 ;
from : oKwkYw0wycvcARBu3LHWHCxOd3a0 ;
to : gh_6536061e4435 ;
time : 1488548820 ;
type : event ;

2017-03-03 21:47:00 params :
------------
Array:
rule : -2 ;
module :  ;
message : Array ;

2017-03-03 21:47:00 response :
------------

2017-03-03 22:06:08 trace :
------------
Array:
tousername : gh_6536061e4435 ;
fromusername : oKwkYw8e33SsKCgQqmRH91AsxTTA ;
createtime : 1488549967 ;
msgtype : event ;
event : VIEW ;
eventkey : http://kh39.61why.com/app/index.php?i=2&c=entry&eid=198 ;
menuid : 410600728 ;
from : oKwkYw8e33SsKCgQqmRH91AsxTTA ;
to : gh_6536061e4435 ;
time : 1488549967 ;
type : event ;

2017-03-03 22:06:08 params :
------------
Array:
rule : -2 ;
module :  ;
message : Array ;

2017-03-03 22:06:08 response :
------------

2017-03-03 22:06:23 trace :
------------
Array:
tousername : gh_6536061e4435 ;
fromusername : oKwkYw8e33SsKCgQqmRH91AsxTTA ;
createtime : 1488549983 ;
msgtype : event ;
event : VIEW ;
eventkey : http://kh39.61why.com/app/index.php?i=2&c=entry&eid=198 ;
menuid : 410600728 ;
from : oKwkYw8e33SsKCgQqmRH91AsxTTA ;
to : gh_6536061e4435 ;
time : 1488549983 ;
type : event ;

2017-03-03 22:06:23 params :
------------
Array:
rule : -2 ;
module :  ;
message : Array ;

2017-03-03 22:06:23 response :
------------

2017-03-03 23:16:33 trace :
------------
Array:
tousername : gh_6536061e4435 ;
fromusername : oKwkYwygZj3Jo-avOMzMfCUtJAEI ;
createtime : 1488554193 ;
msgtype : event ;
event : VIEW ;
eventkey : http://kh39.61why.com/app/index.php?i=2&c=entry&eid=198 ;
menuid : 410600728 ;
from : oKwkYwygZj3Jo-avOMzMfCUtJAEI ;
to : gh_6536061e4435 ;
time : 1488554193 ;
type : event ;

2017-03-03 23:16:33 params :
------------
Array:
rule : -2 ;
module :  ;
message : Array ;

2017-03-03 23:16:33 response :
------------

2017-03-03 23:18:05 trace :
------------
Array:
tousername : gh_6536061e4435 ;
fromusername : oKwkYwygZj3Jo-avOMzMfCUtJAEI ;
createtime : 1488554285 ;
msgtype : event ;
event : VIEW ;
eventkey : http://kh39.61why.com/app/index.php?i=2&c=entry&eid=198 ;
menuid : 410600728 ;
from : oKwkYwygZj3Jo-avOMzMfCUtJAEI ;
to : gh_6536061e4435 ;
time : 1488554285 ;
type : event ;

2017-03-03 23:18:05 params :
------------
Array:
rule : -2 ;
module :  ;
message : Array ;

2017-03-03 23:18:05 response :
------------

2017-03-03 23:19:23 trace :
------------
Array:
tousername : gh_6536061e4435 ;
fromusername : oKwkYw91VUym9q_FVeSKCdssqhgA ;
createtime : 1488554363 ;
msgtype : event ;
event : VIEW ;
eventkey : http://kh39.61why.com/app/index.php?i=2&c=entry&eid=198 ;
menuid : 410600728 ;
from : oKwkYw91VUym9q_FVeSKCdssqhgA ;
to : gh_6536061e4435 ;
time : 1488554363 ;
type : event ;

2017-03-03 23:19:23 params :
------------
Array:
rule : -2 ;
module :  ;
message : Array ;

2017-03-03 23:19:23 response :
------------

2017-03-03 23:19:29 trace :
------------
Array:
tousername : gh_6536061e4435 ;
fromusername : oKwkYw91VUym9q_FVeSKCdssqhgA ;
createtime : 1488554369 ;
msgtype : event ;
event : VIEW ;
eventkey : http://kh39.61why.com/app/index.php?i=2&c=entry&eid=198 ;
menuid : 410600728 ;
from : oKwkYw91VUym9q_FVeSKCdssqhgA ;
to : gh_6536061e4435 ;
time : 1488554369 ;
type : event ;

2017-03-03 23:19:29 params :
------------
Array:
rule : -2 ;
module :  ;
message : Array ;

2017-03-03 23:19:29 response :
------------

