2017-02-22 00:06:04 trace :
------------
Array:
tousername : gh_6536061e4435 ;
fromusername : oKwkYwwzUkpA6TQ4JcHTMcXSLnmU ;
createtime : 1487693164 ;
msgtype : event ;
event : VIEW ;
eventkey : http://kh39.61why.com/app/index.php?i=2&c=entry&eid=194 ;
menuid : 410600728 ;
from : oKwkYwwzUkpA6TQ4JcHTMcXSLnmU ;
to : gh_6536061e4435 ;
time : 1487693164 ;
type : event ;

2017-02-22 00:06:04 params :
------------
Array:
rule : -2 ;
module :  ;
message : Array ;

2017-02-22 00:06:04 response :
------------

2017-02-22 00:10:33 trace :
------------
Array:
tousername : gh_6536061e4435 ;
fromusername : oKwkYwwzUkpA6TQ4JcHTMcXSLnmU ;
createtime : 1487693433 ;
msgtype : event ;
event : VIEW ;
eventkey : http://kh39.61why.com/app/index.php?i=2&c=entry&eid=198 ;
menuid : 410600728 ;
from : oKwkYwwzUkpA6TQ4JcHTMcXSLnmU ;
to : gh_6536061e4435 ;
time : 1487693433 ;
type : event ;

2017-02-22 00:10:33 params :
------------
Array:
rule : -2 ;
module :  ;
message : Array ;

2017-02-22 00:10:33 response :
------------

2017-02-22 00:54:57 trace :
------------
Array:
tousername : gh_6536061e4435 ;
fromusername : oKwkYwwzUkpA6TQ4JcHTMcXSLnmU ;
createtime : 1487696097 ;
msgtype : event ;
event : VIEW ;
eventkey : http://kh39.61why.com/app/index.php?i=2&c=entry&eid=198 ;
menuid : 410600728 ;
from : oKwkYwwzUkpA6TQ4JcHTMcXSLnmU ;
to : gh_6536061e4435 ;
time : 1487696097 ;
type : event ;

2017-02-22 00:54:57 params :
------------
Array:
rule : -2 ;
module :  ;
message : Array ;

2017-02-22 00:54:57 response :
------------

2017-02-22 00:55:06 trace :
------------
Array:
tousername : gh_6536061e4435 ;
fromusername : oKwkYwwzUkpA6TQ4JcHTMcXSLnmU ;
createtime : 1487696106 ;
msgtype : event ;
event : VIEW ;
eventkey : http://kh39.61why.com/app/index.php?i=2&c=entry&eid=194 ;
menuid : 410600728 ;
from : oKwkYwwzUkpA6TQ4JcHTMcXSLnmU ;
to : gh_6536061e4435 ;
time : 1487696106 ;
type : event ;

2017-02-22 00:55:06 params :
------------
Array:
rule : -2 ;
module :  ;
message : Array ;

2017-02-22 00:55:06 response :
------------

2017-02-22 00:55:44 trace :
------------
Array:
tousername : gh_6536061e4435 ;
fromusername : oKwkYwwzUkpA6TQ4JcHTMcXSLnmU ;
createtime : 1487696144 ;
msgtype : event ;
event : VIEW ;
eventkey : http://kh39.61why.com/app/index.php?i=2&c=entry&eid=194 ;
menuid : 410600728 ;
from : oKwkYwwzUkpA6TQ4JcHTMcXSLnmU ;
to : gh_6536061e4435 ;
time : 1487696144 ;
type : event ;

2017-02-22 00:55:44 params :
------------
Array:
rule : -2 ;
module :  ;
message : Array ;

2017-02-22 00:55:44 response :
------------

2017-02-22 02:06:19 trace :
------------
Array:
tousername : gh_6536061e4435 ;
fromusername : oKwkYwz_FtGom2eSyG1qwUGFxNiA ;
createtime : 1487700379 ;
msgtype : event ;
event : VIEW ;
eventkey : http://kh39.61why.com/app/index.php?i=2&c=entry&eid=198 ;
menuid : 410600728 ;
from : oKwkYwz_FtGom2eSyG1qwUGFxNiA ;
to : gh_6536061e4435 ;
time : 1487700379 ;
type : event ;

2017-02-22 02:06:19 params :
------------
Array:
rule : -2 ;
module :  ;
message : Array ;

2017-02-22 02:06:19 response :
------------

2017-02-22 02:09:16 trace :
------------
Array:
tousername : gh_6536061e4435 ;
fromusername : oKwkYw0D7snKw9WJkTr_EzwW-SF0 ;
createtime : 1487700556 ;
msgtype : event ;
event : VIEW ;
eventkey : http://kh39.61why.com/app/index.php?i=2&c=entry&eid=198 ;
menuid : 410600728 ;
from : oKwkYw0D7snKw9WJkTr_EzwW-SF0 ;
to : gh_6536061e4435 ;
time : 1487700556 ;
type : event ;

2017-02-22 02:09:16 params :
------------
Array:
rule : -2 ;
module :  ;
message : Array ;

2017-02-22 02:09:16 response :
------------

2017-02-22 02:09:42 trace :
------------
Array:
tousername : gh_6536061e4435 ;
fromusername : oKwkYw0D7snKw9WJkTr_EzwW-SF0 ;
createtime : 1487700582 ;
msgtype : event ;
event : VIEW ;
eventkey : http://kh39.61why.com/app/index.php?i=2&c=entry&eid=198 ;
menuid : 410600728 ;
from : oKwkYw0D7snKw9WJkTr_EzwW-SF0 ;
to : gh_6536061e4435 ;
time : 1487700582 ;
type : event ;

2017-02-22 02:09:42 params :
------------
Array:
rule : -2 ;
module :  ;
message : Array ;

2017-02-22 02:09:42 response :
------------

2017-02-22 02:34:17 trace :
------------
Array:
tousername : gh_6536061e4435 ;
fromusername : oKwkYwz_FtGom2eSyG1qwUGFxNiA ;
createtime : 1487702057 ;
msgtype : event ;
event : VIEW ;
eventkey : http://kh39.61why.com/app/index.php?i=2&c=entry&eid=198 ;
menuid : 410600728 ;
from : oKwkYwz_FtGom2eSyG1qwUGFxNiA ;
to : gh_6536061e4435 ;
time : 1487702057 ;
type : event ;

2017-02-22 02:34:17 params :
------------
Array:
rule : -2 ;
module :  ;
message : Array ;

2017-02-22 02:34:17 response :
------------

2017-02-22 02:34:28 trace :
------------
Array:
tousername : gh_6536061e4435 ;
fromusername : oKwkYwz_FtGom2eSyG1qwUGFxNiA ;
createtime : 1487702068 ;
msgtype : event ;
event : VIEW ;
eventkey : http://kh39.61why.com/app/index.php?i=2&c=entry&eid=194 ;
menuid : 410600728 ;
from : oKwkYwz_FtGom2eSyG1qwUGFxNiA ;
to : gh_6536061e4435 ;
time : 1487702068 ;
type : event ;

2017-02-22 02:34:28 params :
------------
Array:
rule : -2 ;
module :  ;
message : Array ;

2017-02-22 02:34:28 response :
------------

2017-02-22 03:12:14 trace :
------------
Array:
tousername : gh_6536061e4435 ;
fromusername : oKwkYwxFgXIh1yCBSlU79Xb3oFcU ;
createtime : 1487704334 ;
msgtype : event ;
event : CLICK ;
eventkey : 二维码 ;
from : oKwkYwxFgXIh1yCBSlU79Xb3oFcU ;
to : gh_6536061e4435 ;
time : 1487704334 ;
type : event ;

2017-02-22 03:12:20 trace :
------------
Array:
tousername : gh_6536061e4435 ;
fromusername : oKwkYwxFgXIh1yCBSlU79Xb3oFcU ;
createtime : 1487704340 ;
msgtype : event ;
event : CLICK ;
eventkey : 二维码 ;
from : oKwkYwxFgXIh1yCBSlU79Xb3oFcU ;
to : gh_6536061e4435 ;
time : 1487704340 ;
type : event ;

2017-02-22 03:12:36 trace :
------------
Array:
tousername : gh_6536061e4435 ;
fromusername : oKwkYwxFgXIh1yCBSlU79Xb3oFcU ;
createtime : 1487704356 ;
msgtype : event ;
event : SCAN ;
eventkey : 5717f03cf4730434f6d38618df402cb4 ;
ticket : gQFx8jwAAAAAAAAAAS5odHRwOi8vd2VpeGluLnFxLmNvbS9xLzAyODc3bjE0SDljbzMxMDAwMGcwN1YAAgQPkaxYAwQAAAAA ;
from : oKwkYwxFgXIh1yCBSlU79Xb3oFcU ;
to : gh_6536061e4435 ;
time : 1487704356 ;
type : subscribe ;
scene : 5717f03cf4730434f6d38618df402cb4 ;

2017-02-22 03:13:09 trace :
------------
Array:
tousername : gh_6536061e4435 ;
fromusername : oKwkYwxFgXIh1yCBSlU79Xb3oFcU ;
createtime : 1487704389 ;
msgtype : event ;
event : SCAN ;
eventkey : 5717f03cf4730434f6d38618df402cb4 ;
ticket : gQFx8jwAAAAAAAAAAS5odHRwOi8vd2VpeGluLnFxLmNvbS9xLzAyODc3bjE0SDljbzMxMDAwMGcwN1YAAgQPkaxYAwQAAAAA ;
from : oKwkYwxFgXIh1yCBSlU79Xb3oFcU ;
to : gh_6536061e4435 ;
time : 1487704389 ;
type : subscribe ;
scene : 5717f03cf4730434f6d38618df402cb4 ;

2017-02-22 03:13:17 trace :
------------
Array:
tousername : gh_6536061e4435 ;
fromusername : oKwkYwxFgXIh1yCBSlU79Xb3oFcU ;
createtime : 1487704397 ;
msgtype : event ;
event : VIEW ;
eventkey : http://kh39.61why.com/app/index.php?i=2&c=entry&eid=198 ;
menuid : 410600728 ;
from : oKwkYwxFgXIh1yCBSlU79Xb3oFcU ;
to : gh_6536061e4435 ;
time : 1487704397 ;
type : event ;

2017-02-22 03:13:17 params :
------------
Array:
rule : -2 ;
module :  ;
message : Array ;

2017-02-22 03:13:17 response :
------------

2017-02-22 03:15:09 trace :
------------
Array:
tousername : gh_6536061e4435 ;
fromusername : oKwkYwxFgXIh1yCBSlU79Xb3oFcU ;
createtime : 1487704509 ;
msgtype : event ;
event : SCAN ;
eventkey : 5717f03cf4730434f6d38618df402cb4 ;
ticket : gQFx8jwAAAAAAAAAAS5odHRwOi8vd2VpeGluLnFxLmNvbS9xLzAyODc3bjE0SDljbzMxMDAwMGcwN1YAAgQPkaxYAwQAAAAA ;
from : oKwkYwxFgXIh1yCBSlU79Xb3oFcU ;
to : gh_6536061e4435 ;
time : 1487704509 ;
type : subscribe ;
scene : 5717f03cf4730434f6d38618df402cb4 ;

2017-02-22 03:15:15 trace :
------------
Array:
tousername : gh_6536061e4435 ;
fromusername : oKwkYwxFgXIh1yCBSlU79Xb3oFcU ;
createtime : 1487704515 ;
msgtype : event ;
event : VIEW ;
eventkey : http://kh39.61why.com/app/index.php?i=2&c=entry&eid=194 ;
menuid : 410600728 ;
from : oKwkYwxFgXIh1yCBSlU79Xb3oFcU ;
to : gh_6536061e4435 ;
time : 1487704515 ;
type : event ;

2017-02-22 03:15:15 params :
------------
Array:
rule : -2 ;
module :  ;
message : Array ;

2017-02-22 03:15:15 response :
------------

2017-02-22 07:46:21 trace :
------------
Array:
tousername : gh_6536061e4435 ;
fromusername : oKwkYw5hiet9aIoMvpfdt0UcJyzc ;
createtime : 1487720780 ;
msgtype : event ;
event : VIEW ;
eventkey : http://kh39.61why.com/app/index.php?i=2&c=entry&eid=198 ;
menuid : 410600728 ;
from : oKwkYw5hiet9aIoMvpfdt0UcJyzc ;
to : gh_6536061e4435 ;
time : 1487720780 ;
type : event ;

2017-02-22 07:46:21 params :
------------
Array:
rule : -2 ;
module :  ;
message : Array ;

2017-02-22 07:46:21 response :
------------

2017-02-22 07:47:47 trace :
------------
Array:
tousername : gh_6536061e4435 ;
fromusername : oKwkYw5hiet9aIoMvpfdt0UcJyzc ;
createtime : 1487720867 ;
msgtype : event ;
event : VIEW ;
eventkey : http://kh39.61why.com/app/index.php?i=2&c=entry&eid=198 ;
menuid : 410600728 ;
from : oKwkYw5hiet9aIoMvpfdt0UcJyzc ;
to : gh_6536061e4435 ;
time : 1487720867 ;
type : event ;

2017-02-22 07:47:47 params :
------------
Array:
rule : -2 ;
module :  ;
message : Array ;

2017-02-22 07:47:47 response :
------------

2017-02-22 08:26:20 trace :
------------
Array:
tousername : gh_6536061e4435 ;
fromusername : oKwkYwyEsoX6PwCcdSAelWnIXlpg ;
createtime : 1487723180 ;
msgtype : event ;
event : VIEW ;
eventkey : http://kh39.61why.com/app/index.php?i=2&c=entry&eid=194 ;
menuid : 410600728 ;
from : oKwkYwyEsoX6PwCcdSAelWnIXlpg ;
to : gh_6536061e4435 ;
time : 1487723180 ;
type : event ;

2017-02-22 08:26:20 params :
------------
Array:
rule : -2 ;
module :  ;
message : Array ;

2017-02-22 08:26:20 response :
------------

2017-02-22 08:26:28 trace :
------------
Array:
tousername : gh_6536061e4435 ;
fromusername : oKwkYwyEsoX6PwCcdSAelWnIXlpg ;
createtime : 1487723188 ;
msgtype : event ;
event : VIEW ;
eventkey : http://kh39.61why.com/app/index.php?i=2&c=entry&eid=198 ;
menuid : 410600728 ;
from : oKwkYwyEsoX6PwCcdSAelWnIXlpg ;
to : gh_6536061e4435 ;
time : 1487723188 ;
type : event ;

2017-02-22 08:26:28 params :
------------
Array:
rule : -2 ;
module :  ;
message : Array ;

2017-02-22 08:26:28 response :
------------

2017-02-22 09:12:56 trace :
------------
Array:
tousername : gh_6536061e4435 ;
fromusername : oKwkYw8e33SsKCgQqmRH91AsxTTA ;
createtime : 1487725976 ;
msgtype : event ;
event : VIEW ;
eventkey : http://kh39.61why.com/app/index.php?i=2&c=entry&eid=198 ;
menuid : 410600728 ;
from : oKwkYw8e33SsKCgQqmRH91AsxTTA ;
to : gh_6536061e4435 ;
time : 1487725976 ;
type : event ;

2017-02-22 09:12:56 params :
------------
Array:
rule : -2 ;
module :  ;
message : Array ;

2017-02-22 09:12:56 response :
------------

2017-02-22 09:13:23 trace :
------------
Array:
tousername : gh_6536061e4435 ;
fromusername : oKwkYw8e33SsKCgQqmRH91AsxTTA ;
createtime : 1487726003 ;
msgtype : event ;
event : VIEW ;
eventkey : http://kh39.61why.com/app/index.php?i=2&c=entry&eid=198 ;
menuid : 410600728 ;
from : oKwkYw8e33SsKCgQqmRH91AsxTTA ;
to : gh_6536061e4435 ;
time : 1487726003 ;
type : event ;

2017-02-22 09:13:23 params :
------------
Array:
rule : -2 ;
module :  ;
message : Array ;

2017-02-22 09:13:23 response :
------------

2017-02-22 09:38:13 trace :
------------
Array:
tousername : gh_6536061e4435 ;
fromusername : oKwkYwywEpFgDWbwv_V6u_yoYYIo ;
createtime : 1487727493 ;
msgtype : event ;
event : VIEW ;
eventkey : http://kh39.61why.com/app/index.php?i=2&c=entry&eid=198 ;
menuid : 410600728 ;
from : oKwkYwywEpFgDWbwv_V6u_yoYYIo ;
to : gh_6536061e4435 ;
time : 1487727493 ;
type : event ;

2017-02-22 09:38:13 params :
------------
Array:
rule : -2 ;
module :  ;
message : Array ;

2017-02-22 09:38:13 response :
------------

2017-02-22 09:40:00 trace :
------------
Array:
tousername : gh_6536061e4435 ;
fromusername : oKwkYw07OK3MciV6IDhGEI3qJFBU ;
createtime : 1487727600 ;
msgtype : event ;
event : VIEW ;
eventkey : http://kh39.61why.com/app/index.php?i=2&c=entry&eid=198 ;
menuid : 410600728 ;
from : oKwkYw07OK3MciV6IDhGEI3qJFBU ;
to : gh_6536061e4435 ;
time : 1487727600 ;
type : event ;

2017-02-22 09:40:00 params :
------------
Array:
rule : -2 ;
module :  ;
message : Array ;

2017-02-22 09:40:00 response :
------------

2017-02-22 09:40:32 trace :
------------
Array:
tousername : gh_6536061e4435 ;
fromusername : oKwkYw07OK3MciV6IDhGEI3qJFBU ;
createtime : 1487727632 ;
msgtype : event ;
event : VIEW ;
eventkey : http://kh39.61why.com/app/index.php?i=2&c=entry&eid=198 ;
menuid : 410600728 ;
from : oKwkYw07OK3MciV6IDhGEI3qJFBU ;
to : gh_6536061e4435 ;
time : 1487727632 ;
type : event ;

2017-02-22 09:40:32 params :
------------
Array:
rule : -2 ;
module :  ;
message : Array ;

2017-02-22 09:40:32 response :
------------

2017-02-22 09:40:52 trace :
------------
Array:
tousername : gh_6536061e4435 ;
fromusername : oKwkYw07OK3MciV6IDhGEI3qJFBU ;
createtime : 1487727652 ;
msgtype : event ;
event : VIEW ;
eventkey : http://kh39.61why.com/app/index.php?i=2&c=entry&eid=198 ;
menuid : 410600728 ;
from : oKwkYw07OK3MciV6IDhGEI3qJFBU ;
to : gh_6536061e4435 ;
time : 1487727652 ;
type : event ;

2017-02-22 09:40:52 params :
------------
Array:
rule : -2 ;
module :  ;
message : Array ;

2017-02-22 09:40:52 response :
------------

2017-02-22 09:42:59 trace :
------------
Array:
tousername : gh_6536061e4435 ;
fromusername : oKwkYw07OK3MciV6IDhGEI3qJFBU ;
createtime : 1487727778 ;
msgtype : event ;
event : VIEW ;
eventkey : http://kh39.61why.com/app/index.php?i=2&c=entry&eid=194 ;
menuid : 410600728 ;
from : oKwkYw07OK3MciV6IDhGEI3qJFBU ;
to : gh_6536061e4435 ;
time : 1487727778 ;
type : event ;

2017-02-22 09:42:59 params :
------------
Array:
rule : -2 ;
module :  ;
message : Array ;

2017-02-22 09:42:59 response :
------------

2017-02-22 09:43:01 trace :
------------
Array:
tousername : gh_6536061e4435 ;
fromusername : oKwkYw07OK3MciV6IDhGEI3qJFBU ;
createtime : 1487727781 ;
msgtype : event ;
event : VIEW ;
eventkey : http://kh39.61why.com/app/index.php?i=2&c=entry&eid=198 ;
menuid : 410600728 ;
from : oKwkYw07OK3MciV6IDhGEI3qJFBU ;
to : gh_6536061e4435 ;
time : 1487727781 ;
type : event ;

2017-02-22 09:43:01 params :
------------
Array:
rule : -2 ;
module :  ;
message : Array ;

2017-02-22 09:43:01 response :
------------

2017-02-22 09:45:06 trace :
------------
Array:
tousername : gh_6536061e4435 ;
fromusername : oKwkYwywEpFgDWbwv_V6u_yoYYIo ;
createtime : 1487727906 ;
msgtype : event ;
event : VIEW ;
eventkey : http://kh39.61why.com/app/index.php?i=2&c=entry&eid=194 ;
menuid : 410600728 ;
from : oKwkYwywEpFgDWbwv_V6u_yoYYIo ;
to : gh_6536061e4435 ;
time : 1487727906 ;
type : event ;

2017-02-22 09:45:06 params :
------------
Array:
rule : -2 ;
module :  ;
message : Array ;

2017-02-22 09:45:06 response :
------------

2017-02-22 10:08:46 trace :
------------
Array:
tousername : gh_6536061e4435 ;
fromusername : oKwkYwwzUkpA6TQ4JcHTMcXSLnmU ;
createtime : 1487729326 ;
msgtype : event ;
event : VIEW ;
eventkey : http://kh39.61why.com/app/index.php?i=2&c=entry&eid=194 ;
menuid : 410600728 ;
from : oKwkYwwzUkpA6TQ4JcHTMcXSLnmU ;
to : gh_6536061e4435 ;
time : 1487729326 ;
type : event ;

2017-02-22 10:08:46 params :
------------
Array:
rule : -2 ;
module :  ;
message : Array ;

2017-02-22 10:08:46 response :
------------

2017-02-22 10:58:26 trace :
------------
Array:
tousername : gh_6536061e4435 ;
fromusername : oKwkYwwzUkpA6TQ4JcHTMcXSLnmU ;
createtime : 1487732306 ;
msgtype : event ;
event : VIEW ;
eventkey : http://kh39.61why.com/app/index.php?i=2&c=entry&eid=194 ;
menuid : 410600728 ;
from : oKwkYwwzUkpA6TQ4JcHTMcXSLnmU ;
to : gh_6536061e4435 ;
time : 1487732306 ;
type : event ;

2017-02-22 10:58:26 params :
------------
Array:
rule : -2 ;
module :  ;
message : Array ;

2017-02-22 10:58:26 response :
------------

2017-02-22 11:30:19 trace :
------------
Array:
tousername : gh_6536061e4435 ;
fromusername : oKwkYw_-LfE0iX0oo03ymSiCwFYI ;
createtime : 1487734219 ;
msgtype : event ;
event : subscribe ;
eventkey : Array ;
from : oKwkYw_-LfE0iX0oo03ymSiCwFYI ;
to : gh_6536061e4435 ;
time : 1487734219 ;
type : subscribe ;

2017-02-22 11:30:19 params :
------------
Array:
rule : -2 ;
module :  ;
message : Array ;

2017-02-22 11:30:19 response :
------------

2017-02-22 11:30:25 trace :
------------
Array:
tousername : gh_6536061e4435 ;
fromusername : oKwkYw_-LfE0iX0oo03ymSiCwFYI ;
createtime : 1487734225 ;
msgtype : event ;
event : VIEW ;
eventkey : http://kh39.61why.com/app/index.php?i=2&c=entry&eid=194 ;
menuid : 410600728 ;
from : oKwkYw_-LfE0iX0oo03ymSiCwFYI ;
to : gh_6536061e4435 ;
time : 1487734225 ;
type : event ;

2017-02-22 11:30:25 params :
------------
Array:
rule : -2 ;
module :  ;
message : Array ;

2017-02-22 11:30:25 response :
------------

2017-02-22 11:46:09 trace :
------------
Array:
tousername : gh_6536061e4435 ;
fromusername : oKwkYw1hdHu_NiSw4Dn_tLeEcWuc ;
createtime : 1487735169 ;
msgtype : event ;
event : CLICK ;
eventkey : 二维码 ;
from : oKwkYw1hdHu_NiSw4Dn_tLeEcWuc ;
to : gh_6536061e4435 ;
time : 1487735169 ;
type : event ;

2017-02-22 11:46:11 trace :
------------
Array:
tousername : gh_6536061e4435 ;
fromusername : oKwkYw1hdHu_NiSw4Dn_tLeEcWuc ;
createtime : 1487735170 ;
msgtype : event ;
event : CLICK ;
eventkey : 二维码 ;
from : oKwkYw1hdHu_NiSw4Dn_tLeEcWuc ;
to : gh_6536061e4435 ;
time : 1487735170 ;
type : event ;

2017-02-22 11:46:20 trace :
------------
Array:
tousername : gh_6536061e4435 ;
fromusername : oKwkYw_-LfE0iX0oo03ymSiCwFYI ;
createtime : 1487735180 ;
msgtype : event ;
event : VIEW ;
eventkey : http://kh39.61why.com/app/index.php?i=2&c=entry&eid=198 ;
menuid : 410600728 ;
from : oKwkYw_-LfE0iX0oo03ymSiCwFYI ;
to : gh_6536061e4435 ;
time : 1487735180 ;
type : event ;

2017-02-22 11:46:20 params :
------------
Array:
rule : -2 ;
module :  ;
message : Array ;

2017-02-22 11:46:20 response :
------------

2017-02-22 11:46:35 trace :
------------
Array:
tousername : gh_6536061e4435 ;
fromusername : oKwkYw2IGidvXw2ozBJYYceP05SA ;
createtime : 1487735194 ;
msgtype : event ;
event : subscribe ;
eventkey : qrscene_21e9a3548a908ff6b3b3ab4ec321b02d ;
ticket : gQFk8jwAAAAAAAAAAS5odHRwOi8vd2VpeGluLnFxLmNvbS9xLzAyQk5iYTEtSDljbzMxMDAwMGcwN0sAAgTooqJYAwQAAAAA ;
from : oKwkYw2IGidvXw2ozBJYYceP05SA ;
to : gh_6536061e4435 ;
time : 1487735194 ;
type : subscribe ;
scene : 21e9a3548a908ff6b3b3ab4ec321b02d ;

2017-02-22 11:46:40 trace :
------------
Array:
tousername : gh_6536061e4435 ;
fromusername : oKwkYw2IGidvXw2ozBJYYceP05SA ;
createtime : 1487735200 ;
msgtype : event ;
event : VIEW ;
eventkey : http://kh39.61why.com/app/index.php?i=2&c=entry&eid=198 ;
menuid : 410600728 ;
from : oKwkYw2IGidvXw2ozBJYYceP05SA ;
to : gh_6536061e4435 ;
time : 1487735200 ;
type : event ;

2017-02-22 11:46:40 params :
------------
Array:
rule : -2 ;
module :  ;
message : Array ;

2017-02-22 11:46:40 response :
------------

2017-02-22 11:46:56 trace :
------------
Array:
tousername : gh_6536061e4435 ;
fromusername : oKwkYw9ju59dM4iRrx2krbhLL3i8 ;
createtime : 1487735216 ;
msgtype : event ;
event : subscribe ;
eventkey : qrscene_21e9a3548a908ff6b3b3ab4ec321b02d ;
ticket : gQFk8jwAAAAAAAAAAS5odHRwOi8vd2VpeGluLnFxLmNvbS9xLzAyQk5iYTEtSDljbzMxMDAwMGcwN0sAAgTooqJYAwQAAAAA ;
from : oKwkYw9ju59dM4iRrx2krbhLL3i8 ;
to : gh_6536061e4435 ;
time : 1487735216 ;
type : subscribe ;
scene : 21e9a3548a908ff6b3b3ab4ec321b02d ;

2017-02-22 11:47:16 trace :
------------
Array:
tousername : gh_6536061e4435 ;
fromusername : oKwkYw9ju59dM4iRrx2krbhLL3i8 ;
createtime : 1487735236 ;
msgtype : event ;
event : VIEW ;
eventkey : http://kh39.61why.com/app/index.php?i=2&c=entry&eid=198 ;
menuid : 410600728 ;
from : oKwkYw9ju59dM4iRrx2krbhLL3i8 ;
to : gh_6536061e4435 ;
time : 1487735236 ;
type : event ;

2017-02-22 11:47:16 params :
------------
Array:
rule : -2 ;
module :  ;
message : Array ;

2017-02-22 11:47:16 response :
------------

2017-02-22 11:47:17 trace :
------------
Array:
tousername : gh_6536061e4435 ;
fromusername : oKwkYw2IGidvXw2ozBJYYceP05SA ;
createtime : 1487735237 ;
msgtype : event ;
event : VIEW ;
eventkey : http://kh39.61why.com/app/index.php?i=2&c=entry&eid=198 ;
menuid : 410600728 ;
from : oKwkYw2IGidvXw2ozBJYYceP05SA ;
to : gh_6536061e4435 ;
time : 1487735237 ;
type : event ;

2017-02-22 11:47:17 params :
------------
Array:
rule : -2 ;
module :  ;
message : Array ;

2017-02-22 11:47:17 response :
------------

2017-02-22 11:47:19 trace :
------------
Array:
tousername : gh_6536061e4435 ;
fromusername : oKwkYw1hdHu_NiSw4Dn_tLeEcWuc ;
createtime : 1487735239 ;
msgtype : event ;
event : VIEW ;
eventkey : http://kh39.61why.com/app/index.php?i=2&c=entry&eid=198 ;
menuid : 410600728 ;
from : oKwkYw1hdHu_NiSw4Dn_tLeEcWuc ;
to : gh_6536061e4435 ;
time : 1487735239 ;
type : event ;

2017-02-22 11:47:19 params :
------------
Array:
rule : -2 ;
module :  ;
message : Array ;

2017-02-22 11:47:19 response :
------------

2017-02-22 11:47:49 trace :
------------
Array:
tousername : gh_6536061e4435 ;
fromusername : oKwkYw_-LfE0iX0oo03ymSiCwFYI ;
createtime : 1487735269 ;
msgtype : event ;
event : VIEW ;
eventkey : http://kh39.61why.com/app/index.php?i=2&c=entry&eid=198 ;
menuid : 410600728 ;
from : oKwkYw_-LfE0iX0oo03ymSiCwFYI ;
to : gh_6536061e4435 ;
time : 1487735269 ;
type : event ;

2017-02-22 11:47:49 params :
------------
Array:
rule : -2 ;
module :  ;
message : Array ;

2017-02-22 11:47:49 response :
------------

2017-02-22 11:48:00 trace :
------------
Array:
tousername : gh_6536061e4435 ;
fromusername : oKwkYw1hdHu_NiSw4Dn_tLeEcWuc ;
createtime : 1487735280 ;
msgtype : event ;
event : VIEW ;
eventkey : http://kh39.61why.com/app/index.php?i=2&c=entry&eid=194 ;
menuid : 410600728 ;
from : oKwkYw1hdHu_NiSw4Dn_tLeEcWuc ;
to : gh_6536061e4435 ;
time : 1487735280 ;
type : event ;

2017-02-22 11:48:00 params :
------------
Array:
rule : -2 ;
module :  ;
message : Array ;

2017-02-22 11:48:00 response :
------------

2017-02-22 11:48:16 trace :
------------
Array:
tousername : gh_6536061e4435 ;
fromusername : oKwkYw1hdHu_NiSw4Dn_tLeEcWuc ;
createtime : 1487735296 ;
msgtype : event ;
event : VIEW ;
eventkey : http://kh39.61why.com/app/index.php?i=2&c=entry&eid=194 ;
menuid : 410600728 ;
from : oKwkYw1hdHu_NiSw4Dn_tLeEcWuc ;
to : gh_6536061e4435 ;
time : 1487735296 ;
type : event ;

2017-02-22 11:48:16 params :
------------
Array:
rule : -2 ;
module :  ;
message : Array ;

2017-02-22 11:48:16 response :
------------

2017-02-22 11:48:17 trace :
------------
Array:
tousername : gh_6536061e4435 ;
fromusername : oKwkYw2IGidvXw2ozBJYYceP05SA ;
createtime : 1487735297 ;
msgtype : event ;
event : VIEW ;
eventkey : http://kh39.61why.com/app/index.php?i=2&c=entry&eid=198 ;
menuid : 410600728 ;
from : oKwkYw2IGidvXw2ozBJYYceP05SA ;
to : gh_6536061e4435 ;
time : 1487735297 ;
type : event ;

2017-02-22 11:48:17 params :
------------
Array:
rule : -2 ;
module :  ;
message : Array ;

2017-02-22 11:48:17 response :
------------

2017-02-22 11:49:21 trace :
------------
Array:
tousername : gh_6536061e4435 ;
fromusername : oKwkYw1hdHu_NiSw4Dn_tLeEcWuc ;
createtime : 1487735361 ;
msgtype : event ;
event : VIEW ;
eventkey : http://kh39.61why.com/app/index.php?i=2&c=entry&eid=198 ;
menuid : 410600728 ;
from : oKwkYw1hdHu_NiSw4Dn_tLeEcWuc ;
to : gh_6536061e4435 ;
time : 1487735361 ;
type : event ;

2017-02-22 11:49:21 params :
------------
Array:
rule : -2 ;
module :  ;
message : Array ;

2017-02-22 11:49:21 response :
------------

2017-02-22 11:49:52 trace :
------------
Array:
tousername : gh_6536061e4435 ;
fromusername : oKwkYw7Bkin9Cejh8Z-6PzFdyV4E ;
createtime : 1487735392 ;
msgtype : event ;
event : VIEW ;
eventkey : http://kh39.61why.com/app/index.php?i=2&c=entry&eid=194 ;
menuid : 410600728 ;
from : oKwkYw7Bkin9Cejh8Z-6PzFdyV4E ;
to : gh_6536061e4435 ;
time : 1487735392 ;
type : event ;

2017-02-22 11:49:52 params :
------------
Array:
rule : -2 ;
module :  ;
message : Array ;

2017-02-22 11:49:52 response :
------------

2017-02-22 11:52:40 trace :
------------
Array:
tousername : gh_6536061e4435 ;
fromusername : oKwkYw2IGidvXw2ozBJYYceP05SA ;
createtime : 1487735560 ;
msgtype : event ;
event : VIEW ;
eventkey : http://kh39.61why.com/app/index.php?i=2&c=entry&eid=194 ;
menuid : 410600728 ;
from : oKwkYw2IGidvXw2ozBJYYceP05SA ;
to : gh_6536061e4435 ;
time : 1487735560 ;
type : event ;

2017-02-22 11:52:40 params :
------------
Array:
rule : -2 ;
module :  ;
message : Array ;

2017-02-22 11:52:40 response :
------------

2017-02-22 11:53:03 trace :
------------
Array:
tousername : gh_6536061e4435 ;
fromusername : oKwkYw9ju59dM4iRrx2krbhLL3i8 ;
createtime : 1487735583 ;
msgtype : event ;
event : VIEW ;
eventkey : http://kh39.61why.com/app/index.php?i=2&c=entry&eid=198 ;
menuid : 410600728 ;
from : oKwkYw9ju59dM4iRrx2krbhLL3i8 ;
to : gh_6536061e4435 ;
time : 1487735583 ;
type : event ;

2017-02-22 11:53:03 params :
------------
Array:
rule : -2 ;
module :  ;
message : Array ;

2017-02-22 11:53:03 response :
------------

2017-02-22 11:53:10 trace :
------------
Array:
tousername : gh_6536061e4435 ;
fromusername : oKwkYw2IGidvXw2ozBJYYceP05SA ;
createtime : 1487735590 ;
msgtype : event ;
event : VIEW ;
eventkey : http://kh39.61why.com/app/index.php?i=2&c=entry&eid=194 ;
menuid : 410600728 ;
from : oKwkYw2IGidvXw2ozBJYYceP05SA ;
to : gh_6536061e4435 ;
time : 1487735590 ;
type : event ;

2017-02-22 11:53:10 params :
------------
Array:
rule : -2 ;
module :  ;
message : Array ;

2017-02-22 11:53:10 response :
------------

2017-02-22 11:55:01 trace :
------------
Array:
tousername : gh_6536061e4435 ;
fromusername : oKwkYw7Bkin9Cejh8Z-6PzFdyV4E ;
createtime : 1487735701 ;
msgtype : event ;
event : VIEW ;
eventkey : http://kh39.61why.com/app/index.php?i=2&c=entry&eid=194 ;
menuid : 410600728 ;
from : oKwkYw7Bkin9Cejh8Z-6PzFdyV4E ;
to : gh_6536061e4435 ;
time : 1487735701 ;
type : event ;

2017-02-22 11:55:01 params :
------------
Array:
rule : -2 ;
module :  ;
message : Array ;

2017-02-22 11:55:01 response :
------------

2017-02-22 11:55:57 trace :
------------
Array:
tousername : gh_6536061e4435 ;
fromusername : oKwkYw7Bkin9Cejh8Z-6PzFdyV4E ;
createtime : 1487735757 ;
msgtype : event ;
event : VIEW ;
eventkey : http://kh39.61why.com/app/index.php?i=2&c=entry&eid=194 ;
menuid : 410600728 ;
from : oKwkYw7Bkin9Cejh8Z-6PzFdyV4E ;
to : gh_6536061e4435 ;
time : 1487735757 ;
type : event ;

2017-02-22 11:55:57 params :
------------
Array:
rule : -2 ;
module :  ;
message : Array ;

2017-02-22 11:55:57 response :
------------

2017-02-22 11:56:46 trace :
------------
Array:
tousername : gh_6536061e4435 ;
fromusername : oKwkYw2IGidvXw2ozBJYYceP05SA ;
createtime : 1487735806 ;
msgtype : event ;
event : VIEW ;
eventkey : http://kh39.61why.com/app/index.php?i=2&c=entry&eid=198 ;
menuid : 410600728 ;
from : oKwkYw2IGidvXw2ozBJYYceP05SA ;
to : gh_6536061e4435 ;
time : 1487735806 ;
type : event ;

2017-02-22 11:56:46 params :
------------
Array:
rule : -2 ;
module :  ;
message : Array ;

2017-02-22 11:56:46 response :
------------

2017-02-22 11:58:58 trace :
------------
Array:
tousername : gh_6536061e4435 ;
fromusername : oKwkYw_-LfE0iX0oo03ymSiCwFYI ;
createtime : 1487735938 ;
msgtype : event ;
event : CLICK ;
eventkey : 二维码 ;
from : oKwkYw_-LfE0iX0oo03ymSiCwFYI ;
to : gh_6536061e4435 ;
time : 1487735938 ;
type : event ;

2017-02-22 11:59:41 trace :
------------
Array:
tousername : gh_6536061e4435 ;
fromusername : oKwkYw1hdHu_NiSw4Dn_tLeEcWuc ;
createtime : 1487735981 ;
msgtype : event ;
event : VIEW ;
eventkey : http://kh39.61why.com/app/index.php?i=2&c=entry&eid=194 ;
menuid : 410600728 ;
from : oKwkYw1hdHu_NiSw4Dn_tLeEcWuc ;
to : gh_6536061e4435 ;
time : 1487735981 ;
type : event ;

2017-02-22 11:59:41 params :
------------
Array:
rule : -2 ;
module :  ;
message : Array ;

2017-02-22 11:59:41 response :
------------

2017-02-22 12:01:55 trace :
------------
Array:
tousername : gh_6536061e4435 ;
fromusername : oKwkYw2IGidvXw2ozBJYYceP05SA ;
createtime : 1487736115 ;
msgtype : event ;
event : VIEW ;
eventkey : http://kh39.61why.com/app/index.php?i=2&c=entry&eid=198 ;
menuid : 410600728 ;
from : oKwkYw2IGidvXw2ozBJYYceP05SA ;
to : gh_6536061e4435 ;
time : 1487736115 ;
type : event ;

2017-02-22 12:01:55 params :
------------
Array:
rule : -2 ;
module :  ;
message : Array ;

2017-02-22 12:01:55 response :
------------

2017-02-22 12:02:01 trace :
------------
Array:
tousername : gh_6536061e4435 ;
fromusername : oKwkYw2IGidvXw2ozBJYYceP05SA ;
createtime : 1487736121 ;
msgtype : event ;
event : CLICK ;
eventkey : 二维码 ;
from : oKwkYw2IGidvXw2ozBJYYceP05SA ;
to : gh_6536061e4435 ;
time : 1487736121 ;
type : event ;

2017-02-22 12:02:54 trace :
------------
Array:
tousername : gh_6536061e4435 ;
fromusername : oKwkYw2IGidvXw2ozBJYYceP05SA ;
createtime : 1487736174 ;
msgtype : event ;
event : VIEW ;
eventkey : http://kh39.61why.com/app/index.php?i=2&c=entry&eid=198 ;
menuid : 410600728 ;
from : oKwkYw2IGidvXw2ozBJYYceP05SA ;
to : gh_6536061e4435 ;
time : 1487736174 ;
type : event ;

2017-02-22 12:02:54 params :
------------
Array:
rule : -2 ;
module :  ;
message : Array ;

2017-02-22 12:02:54 response :
------------

2017-02-22 12:03:03 trace :
------------
Array:
tousername : gh_6536061e4435 ;
fromusername : oKwkYw_-LfE0iX0oo03ymSiCwFYI ;
createtime : 1487736183 ;
msgtype : event ;
event : SCAN ;
eventkey : b16ec5e9f396887d91074eeb985f2eda ;
ticket : gQFF8jwAAAAAAAAAAS5odHRwOi8vd2VpeGluLnFxLmNvbS9xLzAyelJCRzEwSDljbzMxMDAwME0wN3AAAgSCDK1YAwQAAAAA ;
from : oKwkYw_-LfE0iX0oo03ymSiCwFYI ;
to : gh_6536061e4435 ;
time : 1487736183 ;
type : subscribe ;
scene : b16ec5e9f396887d91074eeb985f2eda ;

2017-02-22 12:03:10 trace :
------------
Array:
tousername : gh_6536061e4435 ;
fromusername : oKwkYw2IGidvXw2ozBJYYceP05SA ;
createtime : 1487736189 ;
msgtype : event ;
event : VIEW ;
eventkey : http://kh39.61why.com/app/index.php?i=2&c=entry&eid=198 ;
menuid : 410600728 ;
from : oKwkYw2IGidvXw2ozBJYYceP05SA ;
to : gh_6536061e4435 ;
time : 1487736189 ;
type : event ;

2017-02-22 12:03:10 params :
------------
Array:
rule : -2 ;
module :  ;
message : Array ;

2017-02-22 12:03:10 response :
------------

2017-02-22 12:03:10 trace :
------------
Array:
tousername : gh_6536061e4435 ;
fromusername : oKwkYw_-LfE0iX0oo03ymSiCwFYI ;
createtime : 1487736190 ;
msgtype : event ;
event : VIEW ;
eventkey : http://kh39.61why.com/app/index.php?i=2&c=entry&eid=198 ;
menuid : 410600728 ;
from : oKwkYw_-LfE0iX0oo03ymSiCwFYI ;
to : gh_6536061e4435 ;
time : 1487736190 ;
type : event ;

2017-02-22 12:03:10 params :
------------
Array:
rule : -2 ;
module :  ;
message : Array ;

2017-02-22 12:03:10 response :
------------

2017-02-22 12:05:52 trace :
------------
Array:
tousername : gh_6536061e4435 ;
fromusername : oKwkYw2IGidvXw2ozBJYYceP05SA ;
createtime : 1487736352 ;
msgtype : event ;
event : VIEW ;
eventkey : http://kh39.61why.com/app/index.php?i=2&c=entry&eid=198 ;
menuid : 410600728 ;
from : oKwkYw2IGidvXw2ozBJYYceP05SA ;
to : gh_6536061e4435 ;
time : 1487736352 ;
type : event ;

2017-02-22 12:05:52 params :
------------
Array:
rule : -2 ;
module :  ;
message : Array ;

2017-02-22 12:05:52 response :
------------

2017-02-22 12:06:44 trace :
------------
Array:
tousername : gh_6536061e4435 ;
fromusername : oKwkYw2IGidvXw2ozBJYYceP05SA ;
createtime : 1487736404 ;
msgtype : event ;
event : VIEW ;
eventkey : http://kh39.61why.com/app/index.php?i=2&c=entry&eid=198 ;
menuid : 410600728 ;
from : oKwkYw2IGidvXw2ozBJYYceP05SA ;
to : gh_6536061e4435 ;
time : 1487736404 ;
type : event ;

2017-02-22 12:06:44 params :
------------
Array:
rule : -2 ;
module :  ;
message : Array ;

2017-02-22 12:06:44 response :
------------

2017-02-22 12:06:51 trace :
------------
Array:
tousername : gh_6536061e4435 ;
fromusername : oKwkYw2IGidvXw2ozBJYYceP05SA ;
createtime : 1487736411 ;
msgtype : event ;
event : CLICK ;
eventkey : 二维码 ;
from : oKwkYw2IGidvXw2ozBJYYceP05SA ;
to : gh_6536061e4435 ;
time : 1487736411 ;
type : event ;

2017-02-22 12:07:16 trace :
------------
Array:
tousername : gh_6536061e4435 ;
fromusername : oKwkYw2IGidvXw2ozBJYYceP05SA ;
createtime : 1487736436 ;
msgtype : event ;
event : VIEW ;
eventkey : http://kh39.61why.com/app/index.php?i=2&c=entry&eid=198 ;
menuid : 410600728 ;
from : oKwkYw2IGidvXw2ozBJYYceP05SA ;
to : gh_6536061e4435 ;
time : 1487736436 ;
type : event ;

2017-02-22 12:07:16 params :
------------
Array:
rule : -2 ;
module :  ;
message : Array ;

2017-02-22 12:07:16 response :
------------

2017-02-22 12:07:44 trace :
------------
Array:
tousername : gh_6536061e4435 ;
fromusername : oKwkYw2IGidvXw2ozBJYYceP05SA ;
createtime : 1487736464 ;
msgtype : event ;
event : VIEW ;
eventkey : http://kh39.61why.com/app/index.php?i=2&c=entry&eid=198 ;
menuid : 410600728 ;
from : oKwkYw2IGidvXw2ozBJYYceP05SA ;
to : gh_6536061e4435 ;
time : 1487736464 ;
type : event ;

2017-02-22 12:07:44 params :
------------
Array:
rule : -2 ;
module :  ;
message : Array ;

2017-02-22 12:07:44 response :
------------

2017-02-22 12:07:57 trace :
------------
Array:
tousername : gh_6536061e4435 ;
fromusername : oKwkYw2IGidvXw2ozBJYYceP05SA ;
createtime : 1487736477 ;
msgtype : event ;
event : CLICK ;
eventkey : 二维码 ;
from : oKwkYw2IGidvXw2ozBJYYceP05SA ;
to : gh_6536061e4435 ;
time : 1487736477 ;
type : event ;

2017-02-22 12:10:28 trace :
------------
Array:
tousername : gh_6536061e4435 ;
fromusername : oKwkYw5Hv5-mrEGrZ572fv2JrB_s ;
createtime : 1487736628 ;
msgtype : event ;
event : CLICK ;
eventkey : 二维码 ;
from : oKwkYw5Hv5-mrEGrZ572fv2JrB_s ;
to : gh_6536061e4435 ;
time : 1487736628 ;
type : event ;

2017-02-22 12:11:05 trace :
------------
Array:
tousername : gh_6536061e4435 ;
fromusername : oKwkYw2IGidvXw2ozBJYYceP05SA ;
createtime : 1487736665 ;
msgtype : event ;
event : VIEW ;
eventkey : http://kh39.61why.com/app/index.php?i=2&c=entry&eid=198 ;
menuid : 410600728 ;
from : oKwkYw2IGidvXw2ozBJYYceP05SA ;
to : gh_6536061e4435 ;
time : 1487736665 ;
type : event ;

2017-02-22 12:11:05 params :
------------
Array:
rule : -2 ;
module :  ;
message : Array ;

2017-02-22 12:11:05 response :
------------

2017-02-22 12:11:15 trace :
------------
Array:
tousername : gh_6536061e4435 ;
fromusername : oKwkYw2IGidvXw2ozBJYYceP05SA ;
createtime : 1487736675 ;
msgtype : event ;
event : CLICK ;
eventkey : 二维码 ;
from : oKwkYw2IGidvXw2ozBJYYceP05SA ;
to : gh_6536061e4435 ;
time : 1487736675 ;
type : event ;

2017-02-22 12:12:45 trace :
------------
Array:
tousername : gh_6536061e4435 ;
fromusername : oKwkYw7Bkin9Cejh8Z-6PzFdyV4E ;
createtime : 1487736765 ;
msgtype : event ;
event : CLICK ;
eventkey : 二维码 ;
from : oKwkYw7Bkin9Cejh8Z-6PzFdyV4E ;
to : gh_6536061e4435 ;
time : 1487736765 ;
type : event ;

2017-02-22 12:12:50 trace :
------------
Array:
tousername : gh_6536061e4435 ;
fromusername : oKwkYw_-LfE0iX0oo03ymSiCwFYI ;
createtime : 1487736770 ;
msgtype : event ;
event : CLICK ;
eventkey : 二维码 ;
from : oKwkYw_-LfE0iX0oo03ymSiCwFYI ;
to : gh_6536061e4435 ;
time : 1487736770 ;
type : event ;

2017-02-22 12:12:58 trace :
------------
Array:
tousername : gh_6536061e4435 ;
fromusername : oKwkYw_-LfE0iX0oo03ymSiCwFYI ;
createtime : 1487736778 ;
msgtype : event ;
event : VIEW ;
eventkey : http://kh39.61why.com/app/index.php?i=2&c=entry&eid=194 ;
menuid : 410600728 ;
from : oKwkYw_-LfE0iX0oo03ymSiCwFYI ;
to : gh_6536061e4435 ;
time : 1487736778 ;
type : event ;

2017-02-22 12:12:58 params :
------------
Array:
rule : -2 ;
module :  ;
message : Array ;

2017-02-22 12:12:58 response :
------------

2017-02-22 12:13:33 trace :
------------
Array:
tousername : gh_6536061e4435 ;
fromusername : oKwkYw9ju59dM4iRrx2krbhLL3i8 ;
createtime : 1487736813 ;
msgtype : event ;
event : CLICK ;
eventkey : 二维码 ;
from : oKwkYw9ju59dM4iRrx2krbhLL3i8 ;
to : gh_6536061e4435 ;
time : 1487736813 ;
type : event ;

2017-02-22 12:13:38 trace :
------------
Array:
tousername : gh_6536061e4435 ;
fromusername : oKwkYw1hdHu_NiSw4Dn_tLeEcWuc ;
createtime : 1487736818 ;
msgtype : event ;
event : VIEW ;
eventkey : http://kh39.61why.com/app/index.php?i=2&c=entry&eid=194 ;
menuid : 410600728 ;
from : oKwkYw1hdHu_NiSw4Dn_tLeEcWuc ;
to : gh_6536061e4435 ;
time : 1487736818 ;
type : event ;

2017-02-22 12:13:38 params :
------------
Array:
rule : -2 ;
module :  ;
message : Array ;

2017-02-22 12:13:38 response :
------------

2017-02-22 12:13:42 trace :
------------
Array:
tousername : gh_6536061e4435 ;
fromusername : oKwkYw0D7snKw9WJkTr_EzwW-SF0 ;
createtime : 1487736821 ;
msgtype : event ;
event : VIEW ;
eventkey : http://kh39.61why.com/app/index.php?i=2&c=entry&eid=198 ;
menuid : 410600728 ;
from : oKwkYw0D7snKw9WJkTr_EzwW-SF0 ;
to : gh_6536061e4435 ;
time : 1487736821 ;
type : event ;

2017-02-22 12:13:42 params :
------------
Array:
rule : -2 ;
module :  ;
message : Array ;

2017-02-22 12:13:42 response :
------------

2017-02-22 12:13:57 trace :
------------
Array:
tousername : gh_6536061e4435 ;
fromusername : oKwkYw2IGidvXw2ozBJYYceP05SA ;
createtime : 1487736837 ;
msgtype : event ;
event : VIEW ;
eventkey : http://kh39.61why.com/app/index.php?i=2&c=entry&eid=194 ;
menuid : 410600728 ;
from : oKwkYw2IGidvXw2ozBJYYceP05SA ;
to : gh_6536061e4435 ;
time : 1487736837 ;
type : event ;

2017-02-22 12:13:57 params :
------------
Array:
rule : -2 ;
module :  ;
message : Array ;

2017-02-22 12:13:57 response :
------------

2017-02-22 12:14:14 trace :
------------
Array:
tousername : gh_6536061e4435 ;
fromusername : oKwkYw7Bkin9Cejh8Z-6PzFdyV4E ;
createtime : 1487736854 ;
msgtype : event ;
event : CLICK ;
eventkey : 二维码 ;
from : oKwkYw7Bkin9Cejh8Z-6PzFdyV4E ;
to : gh_6536061e4435 ;
time : 1487736854 ;
type : event ;

2017-02-22 12:14:28 trace :
------------
Array:
tousername : gh_6536061e4435 ;
fromusername : oKwkYw7Bkin9Cejh8Z-6PzFdyV4E ;
createtime : 1487736868 ;
msgtype : event ;
event : VIEW ;
eventkey : http://kh39.61why.com/app/index.php?i=2&c=entry&eid=198 ;
menuid : 410600728 ;
from : oKwkYw7Bkin9Cejh8Z-6PzFdyV4E ;
to : gh_6536061e4435 ;
time : 1487736868 ;
type : event ;

2017-02-22 12:14:28 params :
------------
Array:
rule : -2 ;
module :  ;
message : Array ;

2017-02-22 12:14:28 response :
------------

2017-02-22 12:14:32 trace :
------------
Array:
tousername : gh_6536061e4435 ;
fromusername : oKwkYw9ju59dM4iRrx2krbhLL3i8 ;
createtime : 1487736872 ;
msgtype : event ;
event : VIEW ;
eventkey : http://kh39.61why.com/app/index.php?i=2&c=entry&eid=198 ;
menuid : 410600728 ;
from : oKwkYw9ju59dM4iRrx2krbhLL3i8 ;
to : gh_6536061e4435 ;
time : 1487736872 ;
type : event ;

2017-02-22 12:14:32 params :
------------
Array:
rule : -2 ;
module :  ;
message : Array ;

2017-02-22 12:14:32 response :
------------

2017-02-22 12:14:39 trace :
------------
Array:
tousername : gh_6536061e4435 ;
fromusername : oKwkYw_-LfE0iX0oo03ymSiCwFYI ;
createtime : 1487736879 ;
msgtype : event ;
event : VIEW ;
eventkey : http://kh39.61why.com/app/index.php?i=2&c=entry&eid=198 ;
menuid : 410600728 ;
from : oKwkYw_-LfE0iX0oo03ymSiCwFYI ;
to : gh_6536061e4435 ;
time : 1487736879 ;
type : event ;

2017-02-22 12:14:39 params :
------------
Array:
rule : -2 ;
module :  ;
message : Array ;

2017-02-22 12:14:39 response :
------------

2017-02-22 12:14:43 trace :
------------
Array:
tousername : gh_6536061e4435 ;
fromusername : oKwkYw7Bkin9Cejh8Z-6PzFdyV4E ;
createtime : 1487736883 ;
msgtype : event ;
event : VIEW ;
eventkey : http://kh39.61why.com/app/index.php?i=2&c=entry&eid=198 ;
menuid : 410600728 ;
from : oKwkYw7Bkin9Cejh8Z-6PzFdyV4E ;
to : gh_6536061e4435 ;
time : 1487736883 ;
type : event ;

2017-02-22 12:14:43 params :
------------
Array:
rule : -2 ;
module :  ;
message : Array ;

2017-02-22 12:14:43 response :
------------

2017-02-22 12:15:09 trace :
------------
Array:
tousername : gh_6536061e4435 ;
fromusername : oKwkYw_-LfE0iX0oo03ymSiCwFYI ;
createtime : 1487736909 ;
msgtype : event ;
event : VIEW ;
eventkey : http://kh39.61why.com/app/index.php?i=2&c=entry&eid=198 ;
menuid : 410600728 ;
from : oKwkYw_-LfE0iX0oo03ymSiCwFYI ;
to : gh_6536061e4435 ;
time : 1487736909 ;
type : event ;

2017-02-22 12:15:09 params :
------------
Array:
rule : -2 ;
module :  ;
message : Array ;

2017-02-22 12:15:09 response :
------------

2017-02-22 12:15:20 trace :
------------
Array:
tousername : gh_6536061e4435 ;
fromusername : oKwkYw1hdHu_NiSw4Dn_tLeEcWuc ;
createtime : 1487736920 ;
msgtype : event ;
event : VIEW ;
eventkey : http://kh39.61why.com/app/index.php?i=2&c=entry&eid=198 ;
menuid : 410600728 ;
from : oKwkYw1hdHu_NiSw4Dn_tLeEcWuc ;
to : gh_6536061e4435 ;
time : 1487736920 ;
type : event ;

2017-02-22 12:15:20 params :
------------
Array:
rule : -2 ;
module :  ;
message : Array ;

2017-02-22 12:15:20 response :
------------

2017-02-22 12:15:20 trace :
------------
Array:
tousername : gh_6536061e4435 ;
fromusername : oKwkYw_-LfE0iX0oo03ymSiCwFYI ;
createtime : 1487736920 ;
msgtype : event ;
event : VIEW ;
eventkey : http://kh39.61why.com/app/index.php?i=2&c=entry&eid=194 ;
menuid : 410600728 ;
from : oKwkYw_-LfE0iX0oo03ymSiCwFYI ;
to : gh_6536061e4435 ;
time : 1487736920 ;
type : event ;

2017-02-22 12:15:20 params :
------------
Array:
rule : -2 ;
module :  ;
message : Array ;

2017-02-22 12:15:20 response :
------------

2017-02-22 12:15:26 trace :
------------
Array:
tousername : gh_6536061e4435 ;
fromusername : oKwkYw_-LfE0iX0oo03ymSiCwFYI ;
createtime : 1487736926 ;
msgtype : event ;
event : CLICK ;
eventkey : 二维码 ;
from : oKwkYw_-LfE0iX0oo03ymSiCwFYI ;
to : gh_6536061e4435 ;
time : 1487736926 ;
type : event ;

2017-02-22 12:15:35 trace :
------------
Array:
tousername : gh_6536061e4435 ;
fromusername : oKwkYw_-LfE0iX0oo03ymSiCwFYI ;
createtime : 1487736934 ;
msgtype : event ;
event : VIEW ;
eventkey : http://kh39.61why.com/app/index.php?i=2&c=entry&eid=198 ;
menuid : 410600728 ;
from : oKwkYw_-LfE0iX0oo03ymSiCwFYI ;
to : gh_6536061e4435 ;
time : 1487736934 ;
type : event ;

2017-02-22 12:15:35 params :
------------
Array:
rule : -2 ;
module :  ;
message : Array ;

2017-02-22 12:15:35 response :
------------

2017-02-22 12:17:56 trace :
------------
Array:
tousername : gh_6536061e4435 ;
fromusername : oKwkYw2IGidvXw2ozBJYYceP05SA ;
createtime : 1487737076 ;
msgtype : event ;
event : VIEW ;
eventkey : http://kh39.61why.com/app/index.php?i=2&c=entry&eid=194 ;
menuid : 410600728 ;
from : oKwkYw2IGidvXw2ozBJYYceP05SA ;
to : gh_6536061e4435 ;
time : 1487737076 ;
type : event ;

2017-02-22 12:17:56 params :
------------
Array:
rule : -2 ;
module :  ;
message : Array ;

2017-02-22 12:17:56 response :
------------

2017-02-22 12:17:58 trace :
------------
Array:
tousername : gh_6536061e4435 ;
fromusername : oKwkYw2IGidvXw2ozBJYYceP05SA ;
createtime : 1487737078 ;
msgtype : event ;
event : VIEW ;
eventkey : http://kh39.61why.com/app/index.php?i=2&c=entry&eid=194 ;
menuid : 410600728 ;
from : oKwkYw2IGidvXw2ozBJYYceP05SA ;
to : gh_6536061e4435 ;
time : 1487737078 ;
type : event ;

2017-02-22 12:17:58 params :
------------
Array:
rule : -2 ;
module :  ;
message : Array ;

2017-02-22 12:17:58 response :
------------

2017-02-22 12:32:30 trace :
------------
Array:
tousername : gh_6536061e4435 ;
fromusername : oKwkYw07OK3MciV6IDhGEI3qJFBU ;
createtime : 1487737950 ;
msgtype : event ;
event : VIEW ;
eventkey : http://kh39.61why.com/app/index.php?i=2&c=entry&eid=198 ;
menuid : 410600728 ;
from : oKwkYw07OK3MciV6IDhGEI3qJFBU ;
to : gh_6536061e4435 ;
time : 1487737950 ;
type : event ;

2017-02-22 12:32:30 params :
------------
Array:
rule : -2 ;
module :  ;
message : Array ;

2017-02-22 12:32:30 response :
------------

2017-02-22 12:33:24 trace :
------------
Array:
tousername : gh_6536061e4435 ;
fromusername : oKwkYw07OK3MciV6IDhGEI3qJFBU ;
createtime : 1487738004 ;
msgtype : event ;
event : VIEW ;
eventkey : http://kh39.61why.com/app/index.php?i=2&c=entry&eid=198 ;
menuid : 410600728 ;
from : oKwkYw07OK3MciV6IDhGEI3qJFBU ;
to : gh_6536061e4435 ;
time : 1487738004 ;
type : event ;

2017-02-22 12:33:24 params :
------------
Array:
rule : -2 ;
module :  ;
message : Array ;

2017-02-22 12:33:24 response :
------------

2017-02-22 12:33:32 trace :
------------
Array:
tousername : gh_6536061e4435 ;
fromusername : oKwkYw2IGidvXw2ozBJYYceP05SA ;
createtime : 1487738012 ;
msgtype : event ;
event : VIEW ;
eventkey : http://kh39.61why.com/app/index.php?i=2&c=entry&eid=198 ;
menuid : 410600728 ;
from : oKwkYw2IGidvXw2ozBJYYceP05SA ;
to : gh_6536061e4435 ;
time : 1487738012 ;
type : event ;

2017-02-22 12:33:32 params :
------------
Array:
rule : -2 ;
module :  ;
message : Array ;

2017-02-22 12:33:32 response :
------------

2017-02-22 12:35:14 trace :
------------
Array:
tousername : gh_6536061e4435 ;
fromusername : oKwkYw07OK3MciV6IDhGEI3qJFBU ;
createtime : 1487738114 ;
msgtype : event ;
event : VIEW ;
eventkey : http://kh39.61why.com/app/index.php?i=2&c=entry&eid=194 ;
menuid : 410600728 ;
from : oKwkYw07OK3MciV6IDhGEI3qJFBU ;
to : gh_6536061e4435 ;
time : 1487738114 ;
type : event ;

2017-02-22 12:35:14 params :
------------
Array:
rule : -2 ;
module :  ;
message : Array ;

2017-02-22 12:35:14 response :
------------

2017-02-22 12:35:51 trace :
------------
Array:
tousername : gh_6536061e4435 ;
fromusername : oKwkYw2IGidvXw2ozBJYYceP05SA ;
createtime : 1487738151 ;
msgtype : event ;
event : VIEW ;
eventkey : http://kh39.61why.com/app/index.php?i=2&c=entry&eid=198 ;
menuid : 410600728 ;
from : oKwkYw2IGidvXw2ozBJYYceP05SA ;
to : gh_6536061e4435 ;
time : 1487738151 ;
type : event ;

2017-02-22 12:35:51 params :
------------
Array:
rule : -2 ;
module :  ;
message : Array ;

2017-02-22 12:35:51 response :
------------

2017-02-22 12:36:14 trace :
------------
Array:
tousername : gh_6536061e4435 ;
fromusername : oKwkYw07OK3MciV6IDhGEI3qJFBU ;
createtime : 1487738174 ;
msgtype : event ;
event : VIEW ;
eventkey : http://kh39.61why.com/app/index.php?i=2&c=entry&eid=194 ;
menuid : 410600728 ;
from : oKwkYw07OK3MciV6IDhGEI3qJFBU ;
to : gh_6536061e4435 ;
time : 1487738174 ;
type : event ;

2017-02-22 12:36:14 params :
------------
Array:
rule : -2 ;
module :  ;
message : Array ;

2017-02-22 12:36:14 response :
------------

2017-02-22 12:36:19 trace :
------------
Array:
tousername : gh_6536061e4435 ;
fromusername : oKwkYw1hdHu_NiSw4Dn_tLeEcWuc ;
createtime : 1487738179 ;
msgtype : event ;
event : VIEW ;
eventkey : http://kh39.61why.com/app/index.php?i=2&c=entry&eid=198 ;
menuid : 410600728 ;
from : oKwkYw1hdHu_NiSw4Dn_tLeEcWuc ;
to : gh_6536061e4435 ;
time : 1487738179 ;
type : event ;

2017-02-22 12:36:19 params :
------------
Array:
rule : -2 ;
module :  ;
message : Array ;

2017-02-22 12:36:19 response :
------------

2017-02-22 12:52:24 trace :
------------
Array:
tousername : gh_6536061e4435 ;
fromusername : oKwkYw2IGidvXw2ozBJYYceP05SA ;
createtime : 1487739144 ;
msgtype : event ;
event : VIEW ;
eventkey : http://kh39.61why.com/app/index.php?i=2&c=entry&eid=194 ;
menuid : 410600728 ;
from : oKwkYw2IGidvXw2ozBJYYceP05SA ;
to : gh_6536061e4435 ;
time : 1487739144 ;
type : event ;

2017-02-22 12:52:24 params :
------------
Array:
rule : -2 ;
module :  ;
message : Array ;

2017-02-22 12:52:24 response :
------------

2017-02-22 13:08:27 trace :
------------
Array:
tousername : gh_6536061e4435 ;
fromusername : oKwkYwxRXLqXa1bRe-yzyc0K7by0 ;
createtime : 1487740107 ;
msgtype : event ;
event : VIEW ;
eventkey : http://kh39.61why.com/app/index.php?i=2&c=entry&eid=198 ;
menuid : 410600728 ;
from : oKwkYwxRXLqXa1bRe-yzyc0K7by0 ;
to : gh_6536061e4435 ;
time : 1487740107 ;
type : event ;

2017-02-22 13:08:27 params :
------------
Array:
rule : -2 ;
module :  ;
message : Array ;

2017-02-22 13:08:27 response :
------------

2017-02-22 13:09:21 trace :
------------
Array:
tousername : gh_6536061e4435 ;
fromusername : oKwkYw2IGidvXw2ozBJYYceP05SA ;
createtime : 1487740160 ;
msgtype : event ;
event : VIEW ;
eventkey : http://kh39.61why.com/app/index.php?i=2&c=entry&eid=198 ;
menuid : 410600728 ;
from : oKwkYw2IGidvXw2ozBJYYceP05SA ;
to : gh_6536061e4435 ;
time : 1487740160 ;
type : event ;

2017-02-22 13:09:21 params :
------------
Array:
rule : -2 ;
module :  ;
message : Array ;

2017-02-22 13:09:21 response :
------------

2017-02-22 14:05:11 trace :
------------
Array:
tousername : gh_6536061e4435 ;
fromusername : oKwkYw_cP_mkS6WWNjszue0ChK4M ;
createtime : 1487743511 ;
msgtype : event ;
event : CLICK ;
eventkey : 二维码 ;
from : oKwkYw_cP_mkS6WWNjszue0ChK4M ;
to : gh_6536061e4435 ;
time : 1487743511 ;
type : event ;

2017-02-22 14:05:12 trace :
------------
Array:
tousername : gh_6536061e4435 ;
fromusername : oKwkYw_cP_mkS6WWNjszue0ChK4M ;
createtime : 1487743512 ;
msgtype : event ;
event : VIEW ;
eventkey : http://kh39.61why.com/app/index.php?i=2&c=entry&eid=198 ;
menuid : 410600728 ;
from : oKwkYw_cP_mkS6WWNjszue0ChK4M ;
to : gh_6536061e4435 ;
time : 1487743512 ;
type : event ;

2017-02-22 14:05:12 params :
------------
Array:
rule : -2 ;
module :  ;
message : Array ;

2017-02-22 14:05:12 response :
------------

2017-02-22 14:23:59 trace :
------------
Array:
tousername : gh_6536061e4435 ;
fromusername : oKwkYw5Hv5-mrEGrZ572fv2JrB_s ;
createtime : 1487744639 ;
msgtype : event ;
event : VIEW ;
eventkey : http://kh39.61why.com/app/index.php?i=2&c=entry&eid=194 ;
menuid : 410600728 ;
from : oKwkYw5Hv5-mrEGrZ572fv2JrB_s ;
to : gh_6536061e4435 ;
time : 1487744639 ;
type : event ;

2017-02-22 14:23:59 params :
------------
Array:
rule : -2 ;
module :  ;
message : Array ;

2017-02-22 14:23:59 response :
------------

2017-02-22 14:25:38 trace :
------------
Array:
tousername : gh_6536061e4435 ;
fromusername : oKwkYw5Hv5-mrEGrZ572fv2JrB_s ;
createtime : 1487744738 ;
msgtype : event ;
event : VIEW ;
eventkey : http://kh39.61why.com/app/index.php?i=2&c=entry&eid=194 ;
menuid : 410600728 ;
from : oKwkYw5Hv5-mrEGrZ572fv2JrB_s ;
to : gh_6536061e4435 ;
time : 1487744738 ;
type : event ;

2017-02-22 14:25:38 params :
------------
Array:
rule : -2 ;
module :  ;
message : Array ;

2017-02-22 14:25:38 response :
------------

2017-02-22 14:25:40 trace :
------------
Array:
tousername : gh_6536061e4435 ;
fromusername : oKwkYw5Hv5-mrEGrZ572fv2JrB_s ;
createtime : 1487744739 ;
msgtype : event ;
event : VIEW ;
eventkey : http://kh39.61why.com/app/index.php?i=2&c=entry&eid=198 ;
menuid : 410600728 ;
from : oKwkYw5Hv5-mrEGrZ572fv2JrB_s ;
to : gh_6536061e4435 ;
time : 1487744739 ;
type : event ;

2017-02-22 14:25:40 params :
------------
Array:
rule : -2 ;
module :  ;
message : Array ;

2017-02-22 14:25:40 response :
------------

2017-02-22 14:28:07 trace :
------------
Array:
tousername : gh_6536061e4435 ;
fromusername : oKwkYw-Mhk63_Z5csr6ny2U1Tjjk ;
createtime : 1487744887 ;
msgtype : event ;
event : VIEW ;
eventkey : http://kh39.61why.com/app/index.php?i=2&c=entry&eid=198 ;
menuid : 410600728 ;
from : oKwkYw-Mhk63_Z5csr6ny2U1Tjjk ;
to : gh_6536061e4435 ;
time : 1487744887 ;
type : event ;

2017-02-22 14:28:07 params :
------------
Array:
rule : -2 ;
module :  ;
message : Array ;

2017-02-22 14:28:07 response :
------------

2017-02-22 15:06:51 trace :
------------
Array:
tousername : gh_6536061e4435 ;
fromusername : oKwkYw0D7snKw9WJkTr_EzwW-SF0 ;
createtime : 1487747211 ;
msgtype : event ;
event : VIEW ;
eventkey : http://kh39.61why.com/app/index.php?i=2&c=entry&eid=198 ;
menuid : 410600728 ;
from : oKwkYw0D7snKw9WJkTr_EzwW-SF0 ;
to : gh_6536061e4435 ;
time : 1487747211 ;
type : event ;

2017-02-22 15:06:51 params :
------------
Array:
rule : -2 ;
module :  ;
message : Array ;

2017-02-22 15:06:51 response :
------------

2017-02-22 15:07:58 trace :
------------
Array:
tousername : gh_6536061e4435 ;
fromusername : oKwkYw0D7snKw9WJkTr_EzwW-SF0 ;
createtime : 1487747278 ;
msgtype : event ;
event : VIEW ;
eventkey : http://kh39.61why.com/app/index.php?i=2&c=entry&eid=194 ;
menuid : 410600728 ;
from : oKwkYw0D7snKw9WJkTr_EzwW-SF0 ;
to : gh_6536061e4435 ;
time : 1487747278 ;
type : event ;

2017-02-22 15:07:58 params :
------------
Array:
rule : -2 ;
module :  ;
message : Array ;

2017-02-22 15:07:58 response :
------------

2017-02-22 15:15:21 trace :
------------
Array:
tousername : gh_6536061e4435 ;
fromusername : oKwkYw_cP_mkS6WWNjszue0ChK4M ;
createtime : 1487747721 ;
msgtype : event ;
event : CLICK ;
eventkey : 二维码 ;
from : oKwkYw_cP_mkS6WWNjszue0ChK4M ;
to : gh_6536061e4435 ;
time : 1487747721 ;
type : event ;

2017-02-22 15:15:21 trace :
------------
Array:
tousername : gh_6536061e4435 ;
fromusername : oKwkYw_cP_mkS6WWNjszue0ChK4M ;
createtime : 1487747721 ;
msgtype : event ;
event : VIEW ;
eventkey : http://kh39.61why.com/app/index.php?i=2&c=entry&eid=198 ;
menuid : 410600728 ;
from : oKwkYw_cP_mkS6WWNjszue0ChK4M ;
to : gh_6536061e4435 ;
time : 1487747721 ;
type : event ;

2017-02-22 15:15:21 params :
------------
Array:
rule : -2 ;
module :  ;
message : Array ;

2017-02-22 15:15:21 response :
------------

2017-02-22 15:16:00 trace :
------------
Array:
tousername : gh_6536061e4435 ;
fromusername : oKwkYw_cP_mkS6WWNjszue0ChK4M ;
createtime : 1487747760 ;
msgtype : event ;
event : VIEW ;
eventkey : http://kh39.61why.com/app/index.php?i=2&c=entry&eid=198 ;
menuid : 410600728 ;
from : oKwkYw_cP_mkS6WWNjszue0ChK4M ;
to : gh_6536061e4435 ;
time : 1487747760 ;
type : event ;

2017-02-22 15:16:00 params :
------------
Array:
rule : -2 ;
module :  ;
message : Array ;

2017-02-22 15:16:00 response :
------------

2017-02-22 15:16:08 trace :
------------
Array:
tousername : gh_6536061e4435 ;
fromusername : oKwkYw_cP_mkS6WWNjszue0ChK4M ;
createtime : 1487747768 ;
msgtype : event ;
event : VIEW ;
eventkey : http://kh39.61why.com/app/index.php?i=2&c=entry&eid=198 ;
menuid : 410600728 ;
from : oKwkYw_cP_mkS6WWNjszue0ChK4M ;
to : gh_6536061e4435 ;
time : 1487747768 ;
type : event ;

2017-02-22 15:16:08 params :
------------
Array:
rule : -2 ;
module :  ;
message : Array ;

2017-02-22 15:16:08 response :
------------

2017-02-22 15:16:14 trace :
------------
Array:
tousername : gh_6536061e4435 ;
fromusername : oKwkYw_cP_mkS6WWNjszue0ChK4M ;
createtime : 1487747774 ;
msgtype : event ;
event : VIEW ;
eventkey : http://kh39.61why.com/app/index.php?i=2&c=entry&eid=198 ;
menuid : 410600728 ;
from : oKwkYw_cP_mkS6WWNjszue0ChK4M ;
to : gh_6536061e4435 ;
time : 1487747774 ;
type : event ;

2017-02-22 15:16:14 params :
------------
Array:
rule : -2 ;
module :  ;
message : Array ;

2017-02-22 15:16:14 response :
------------

2017-02-22 15:18:25 trace :
------------
Array:
tousername : gh_6536061e4435 ;
fromusername : oKwkYwxdGazpUQLKnjr_HrnPicQo ;
createtime : 1487747905 ;
msgtype : event ;
event : VIEW ;
eventkey : http://kh39.61why.com/app/index.php?i=2&c=entry&eid=198 ;
menuid : 410600728 ;
from : oKwkYwxdGazpUQLKnjr_HrnPicQo ;
to : gh_6536061e4435 ;
time : 1487747905 ;
type : event ;

2017-02-22 15:18:25 params :
------------
Array:
rule : -2 ;
module :  ;
message : Array ;

2017-02-22 15:18:25 response :
------------

2017-02-22 15:18:40 trace :
------------
Array:
tousername : gh_6536061e4435 ;
fromusername : oKwkYw_cP_mkS6WWNjszue0ChK4M ;
createtime : 1487747920 ;
msgtype : event ;
event : CLICK ;
eventkey : 二维码 ;
from : oKwkYw_cP_mkS6WWNjszue0ChK4M ;
to : gh_6536061e4435 ;
time : 1487747920 ;
type : event ;

2017-02-22 15:19:19 trace :
------------
Array:
tousername : gh_6536061e4435 ;
fromusername : oKwkYw_cP_mkS6WWNjszue0ChK4M ;
createtime : 1487747959 ;
msgtype : event ;
event : CLICK ;
eventkey : 二维码 ;
from : oKwkYw_cP_mkS6WWNjszue0ChK4M ;
to : gh_6536061e4435 ;
time : 1487747959 ;
type : event ;

2017-02-22 15:19:20 trace :
------------
Array:
tousername : gh_6536061e4435 ;
fromusername : oKwkYw_cP_mkS6WWNjszue0ChK4M ;
createtime : 1487747960 ;
msgtype : event ;
event : VIEW ;
eventkey : http://kh39.61why.com/app/index.php?i=2&c=entry&eid=198 ;
menuid : 410600728 ;
from : oKwkYw_cP_mkS6WWNjszue0ChK4M ;
to : gh_6536061e4435 ;
time : 1487747960 ;
type : event ;

2017-02-22 15:19:20 params :
------------
Array:
rule : -2 ;
module :  ;
message : Array ;

2017-02-22 15:19:20 response :
------------

2017-02-22 15:19:49 trace :
------------
Array:
tousername : gh_6536061e4435 ;
fromusername : oKwkYwxdGazpUQLKnjr_HrnPicQo ;
createtime : 1487747989 ;
msgtype : event ;
event : VIEW ;
eventkey : http://kh39.61why.com/app/index.php?i=2&c=entry&eid=198 ;
menuid : 410600728 ;
from : oKwkYwxdGazpUQLKnjr_HrnPicQo ;
to : gh_6536061e4435 ;
time : 1487747989 ;
type : event ;

2017-02-22 15:19:49 params :
------------
Array:
rule : -2 ;
module :  ;
message : Array ;

2017-02-22 15:19:49 response :
------------

2017-02-22 15:23:44 trace :
------------
Array:
tousername : gh_6536061e4435 ;
fromusername : oKwkYw5Hv5-mrEGrZ572fv2JrB_s ;
createtime : 1487748224 ;
msgtype : event ;
event : VIEW ;
eventkey : http://kh39.61why.com/app/index.php?i=2&c=entry&eid=198 ;
menuid : 410600728 ;
from : oKwkYw5Hv5-mrEGrZ572fv2JrB_s ;
to : gh_6536061e4435 ;
time : 1487748224 ;
type : event ;

2017-02-22 15:23:44 params :
------------
Array:
rule : -2 ;
module :  ;
message : Array ;

2017-02-22 15:23:44 response :
------------

2017-02-22 15:28:06 trace :
------------
Array:
tousername : gh_6536061e4435 ;
fromusername : oKwkYw0D7snKw9WJkTr_EzwW-SF0 ;
createtime : 1487748486 ;
msgtype : event ;
event : VIEW ;
eventkey : http://kh39.61why.com/app/index.php?i=2&c=entry&eid=198 ;
menuid : 410600728 ;
from : oKwkYw0D7snKw9WJkTr_EzwW-SF0 ;
to : gh_6536061e4435 ;
time : 1487748486 ;
type : event ;

2017-02-22 15:28:06 params :
------------
Array:
rule : -2 ;
module :  ;
message : Array ;

2017-02-22 15:28:06 response :
------------

2017-02-22 15:42:24 trace :
------------
Array:
tousername : gh_6536061e4435 ;
fromusername : oKwkYw5hiet9aIoMvpfdt0UcJyzc ;
createtime : 1487749344 ;
msgtype : event ;
event : VIEW ;
eventkey : http://kh39.61why.com/app/index.php?i=2&c=entry&eid=198 ;
menuid : 410600728 ;
from : oKwkYw5hiet9aIoMvpfdt0UcJyzc ;
to : gh_6536061e4435 ;
time : 1487749344 ;
type : event ;

2017-02-22 15:42:24 params :
------------
Array:
rule : -2 ;
module :  ;
message : Array ;

2017-02-22 15:42:24 response :
------------

2017-02-22 15:46:21 trace :
------------
Array:
tousername : gh_6536061e4435 ;
fromusername : oKwkYw5Hv5-mrEGrZ572fv2JrB_s ;
createtime : 1487749581 ;
msgtype : event ;
event : VIEW ;
eventkey : http://kh39.61why.com/app/index.php?i=2&c=entry&eid=198 ;
menuid : 410600728 ;
from : oKwkYw5Hv5-mrEGrZ572fv2JrB_s ;
to : gh_6536061e4435 ;
time : 1487749581 ;
type : event ;

2017-02-22 15:46:21 params :
------------
Array:
rule : -2 ;
module :  ;
message : Array ;

2017-02-22 15:46:21 response :
------------

2017-02-22 15:48:29 trace :
------------
Array:
tousername : gh_6536061e4435 ;
fromusername : oKwkYwxdGazpUQLKnjr_HrnPicQo ;
createtime : 1487749709 ;
msgtype : event ;
event : VIEW ;
eventkey : http://kh39.61why.com/app/index.php?i=2&c=entry&eid=198 ;
menuid : 410600728 ;
from : oKwkYwxdGazpUQLKnjr_HrnPicQo ;
to : gh_6536061e4435 ;
time : 1487749709 ;
type : event ;

2017-02-22 15:48:29 params :
------------
Array:
rule : -2 ;
module :  ;
message : Array ;

2017-02-22 15:48:29 response :
------------

2017-02-22 15:50:32 trace :
------------
Array:
tousername : gh_6536061e4435 ;
fromusername : oKwkYwxdGazpUQLKnjr_HrnPicQo ;
createtime : 1487749832 ;
msgtype : event ;
event : VIEW ;
eventkey : http://kh39.61why.com/app/index.php?i=2&c=entry&eid=198 ;
menuid : 410600728 ;
from : oKwkYwxdGazpUQLKnjr_HrnPicQo ;
to : gh_6536061e4435 ;
time : 1487749832 ;
type : event ;

2017-02-22 15:50:32 params :
------------
Array:
rule : -2 ;
module :  ;
message : Array ;

2017-02-22 15:50:32 response :
------------

2017-02-22 15:51:09 trace :
------------
Array:
tousername : gh_6536061e4435 ;
fromusername : oKwkYwxdGazpUQLKnjr_HrnPicQo ;
createtime : 1487749869 ;
msgtype : event ;
event : VIEW ;
eventkey : http://kh39.61why.com/app/index.php?i=2&c=entry&eid=198 ;
menuid : 410600728 ;
from : oKwkYwxdGazpUQLKnjr_HrnPicQo ;
to : gh_6536061e4435 ;
time : 1487749869 ;
type : event ;

2017-02-22 15:51:09 params :
------------
Array:
rule : -2 ;
module :  ;
message : Array ;

2017-02-22 15:51:09 response :
------------

2017-02-22 15:51:53 trace :
------------
Array:
tousername : gh_6536061e4435 ;
fromusername : oKwkYwxdGazpUQLKnjr_HrnPicQo ;
createtime : 1487749913 ;
msgtype : event ;
event : VIEW ;
eventkey : http://kh39.61why.com/app/index.php?i=2&c=entry&eid=198 ;
menuid : 410600728 ;
from : oKwkYwxdGazpUQLKnjr_HrnPicQo ;
to : gh_6536061e4435 ;
time : 1487749913 ;
type : event ;

2017-02-22 15:51:53 params :
------------
Array:
rule : -2 ;
module :  ;
message : Array ;

2017-02-22 15:51:53 response :
------------

2017-02-22 15:57:10 trace :
------------
Array:
tousername : gh_6536061e4435 ;
fromusername : oKwkYwxdGazpUQLKnjr_HrnPicQo ;
createtime : 1487750230 ;
msgtype : event ;
event : VIEW ;
eventkey : http://kh39.61why.com/app/index.php?i=2&c=entry&eid=198 ;
menuid : 410600728 ;
from : oKwkYwxdGazpUQLKnjr_HrnPicQo ;
to : gh_6536061e4435 ;
time : 1487750230 ;
type : event ;

2017-02-22 15:57:10 params :
------------
Array:
rule : -2 ;
module :  ;
message : Array ;

2017-02-22 15:57:10 response :
------------

2017-02-22 15:58:13 trace :
------------
Array:
tousername : gh_6536061e4435 ;
fromusername : oKwkYw5S8zWw6zCS6dGdWuuV95fM ;
createtime : 1487750293 ;
msgtype : event ;
event : VIEW ;
eventkey : http://kh39.61why.com/app/index.php?i=2&c=entry&eid=194 ;
menuid : 410600728 ;
from : oKwkYw5S8zWw6zCS6dGdWuuV95fM ;
to : gh_6536061e4435 ;
time : 1487750293 ;
type : event ;

2017-02-22 15:58:13 params :
------------
Array:
rule : -2 ;
module :  ;
message : Array ;

2017-02-22 15:58:13 response :
------------

2017-02-22 15:58:23 trace :
------------
Array:
tousername : gh_6536061e4435 ;
fromusername : oKwkYw5S8zWw6zCS6dGdWuuV95fM ;
createtime : 1487750303 ;
msgtype : event ;
event : VIEW ;
eventkey : http://kh39.61why.com/app/index.php?i=2&c=entry&eid=194 ;
menuid : 410600728 ;
from : oKwkYw5S8zWw6zCS6dGdWuuV95fM ;
to : gh_6536061e4435 ;
time : 1487750303 ;
type : event ;

2017-02-22 15:58:23 params :
------------
Array:
rule : -2 ;
module :  ;
message : Array ;

2017-02-22 15:58:23 response :
------------

2017-02-22 16:01:04 trace :
------------
Array:
tousername : gh_6536061e4435 ;
fromusername : oKwkYwxdGazpUQLKnjr_HrnPicQo ;
createtime : 1487750464 ;
msgtype : event ;
event : VIEW ;
eventkey : http://kh39.61why.com/app/index.php?i=2&c=entry&eid=198 ;
menuid : 410600728 ;
from : oKwkYwxdGazpUQLKnjr_HrnPicQo ;
to : gh_6536061e4435 ;
time : 1487750464 ;
type : event ;

2017-02-22 16:01:04 params :
------------
Array:
rule : -2 ;
module :  ;
message : Array ;

2017-02-22 16:01:04 response :
------------

2017-02-22 16:01:36 trace :
------------
Array:
tousername : gh_6536061e4435 ;
fromusername : oKwkYw5S8zWw6zCS6dGdWuuV95fM ;
createtime : 1487750496 ;
msgtype : event ;
event : VIEW ;
eventkey : http://kh39.61why.com/app/index.php?i=2&c=entry&eid=194 ;
menuid : 410600728 ;
from : oKwkYw5S8zWw6zCS6dGdWuuV95fM ;
to : gh_6536061e4435 ;
time : 1487750496 ;
type : event ;

2017-02-22 16:01:36 params :
------------
Array:
rule : -2 ;
module :  ;
message : Array ;

2017-02-22 16:01:36 response :
------------

2017-02-22 16:01:50 trace :
------------
Array:
tousername : gh_6536061e4435 ;
fromusername : oKwkYw5S8zWw6zCS6dGdWuuV95fM ;
createtime : 1487750510 ;
msgtype : event ;
event : VIEW ;
eventkey : http://kh39.61why.com/app/index.php?i=2&c=entry&eid=194 ;
menuid : 410600728 ;
from : oKwkYw5S8zWw6zCS6dGdWuuV95fM ;
to : gh_6536061e4435 ;
time : 1487750510 ;
type : event ;

2017-02-22 16:01:50 params :
------------
Array:
rule : -2 ;
module :  ;
message : Array ;

2017-02-22 16:01:50 response :
------------

2017-02-22 16:05:09 trace :
------------
Array:
tousername : gh_6536061e4435 ;
fromusername : oKwkYwxdGazpUQLKnjr_HrnPicQo ;
createtime : 1487750709 ;
msgtype : event ;
event : VIEW ;
eventkey : http://kh39.61why.com/app/index.php?i=2&c=entry&eid=198 ;
menuid : 410600728 ;
from : oKwkYwxdGazpUQLKnjr_HrnPicQo ;
to : gh_6536061e4435 ;
time : 1487750709 ;
type : event ;

2017-02-22 16:05:09 params :
------------
Array:
rule : -2 ;
module :  ;
message : Array ;

2017-02-22 16:05:09 response :
------------

2017-02-22 16:13:32 trace :
------------
Array:
tousername : gh_6536061e4435 ;
fromusername : oKwkYwxdGazpUQLKnjr_HrnPicQo ;
createtime : 1487751212 ;
msgtype : event ;
event : VIEW ;
eventkey : http://kh39.61why.com/app/index.php?i=2&c=entry&eid=198 ;
menuid : 410600728 ;
from : oKwkYwxdGazpUQLKnjr_HrnPicQo ;
to : gh_6536061e4435 ;
time : 1487751212 ;
type : event ;

2017-02-22 16:13:32 params :
------------
Array:
rule : -2 ;
module :  ;
message : Array ;

2017-02-22 16:13:32 response :
------------

2017-02-22 16:14:08 trace :
------------
Array:
tousername : gh_6536061e4435 ;
fromusername : oKwkYwxdGazpUQLKnjr_HrnPicQo ;
createtime : 1487751248 ;
msgtype : event ;
event : VIEW ;
eventkey : http://kh39.61why.com/app/index.php?i=2&c=entry&eid=198 ;
menuid : 410600728 ;
from : oKwkYwxdGazpUQLKnjr_HrnPicQo ;
to : gh_6536061e4435 ;
time : 1487751248 ;
type : event ;

2017-02-22 16:14:08 params :
------------
Array:
rule : -2 ;
module :  ;
message : Array ;

2017-02-22 16:14:08 response :
------------

2017-02-22 16:14:52 trace :
------------
Array:
tousername : gh_6536061e4435 ;
fromusername : oKwkYwxdGazpUQLKnjr_HrnPicQo ;
createtime : 1487751292 ;
msgtype : event ;
event : VIEW ;
eventkey : http://kh39.61why.com/app/index.php?i=2&c=entry&eid=198 ;
menuid : 410600728 ;
from : oKwkYwxdGazpUQLKnjr_HrnPicQo ;
to : gh_6536061e4435 ;
time : 1487751292 ;
type : event ;

2017-02-22 16:14:52 params :
------------
Array:
rule : -2 ;
module :  ;
message : Array ;

2017-02-22 16:14:52 response :
------------

2017-02-22 16:18:10 trace :
------------
Array:
tousername : gh_6536061e4435 ;
fromusername : oKwkYwxdGazpUQLKnjr_HrnPicQo ;
createtime : 1487751489 ;
msgtype : event ;
event : VIEW ;
eventkey : http://kh39.61why.com/app/index.php?i=2&c=entry&eid=198 ;
menuid : 410600728 ;
from : oKwkYwxdGazpUQLKnjr_HrnPicQo ;
to : gh_6536061e4435 ;
time : 1487751489 ;
type : event ;

2017-02-22 16:18:10 params :
------------
Array:
rule : -2 ;
module :  ;
message : Array ;

2017-02-22 16:18:10 response :
------------

2017-02-22 16:18:30 trace :
------------
Array:
tousername : gh_6536061e4435 ;
fromusername : oKwkYwxdGazpUQLKnjr_HrnPicQo ;
createtime : 1487751510 ;
msgtype : event ;
event : VIEW ;
eventkey : http://kh39.61why.com/app/index.php?i=2&c=entry&eid=198 ;
menuid : 410600728 ;
from : oKwkYwxdGazpUQLKnjr_HrnPicQo ;
to : gh_6536061e4435 ;
time : 1487751510 ;
type : event ;

2017-02-22 16:18:30 params :
------------
Array:
rule : -2 ;
module :  ;
message : Array ;

2017-02-22 16:18:30 response :
------------

2017-02-22 16:23:51 trace :
------------
Array:
tousername : gh_6536061e4435 ;
fromusername : oKwkYw5hiet9aIoMvpfdt0UcJyzc ;
createtime : 1487751831 ;
msgtype : event ;
event : VIEW ;
eventkey : http://kh39.61why.com/app/index.php?i=2&c=entry&eid=198 ;
menuid : 410600728 ;
from : oKwkYw5hiet9aIoMvpfdt0UcJyzc ;
to : gh_6536061e4435 ;
time : 1487751831 ;
type : event ;

2017-02-22 16:23:51 params :
------------
Array:
rule : -2 ;
module :  ;
message : Array ;

2017-02-22 16:23:51 response :
------------

2017-02-22 16:24:18 trace :
------------
Array:
tousername : gh_6536061e4435 ;
fromusername : oKwkYwxdGazpUQLKnjr_HrnPicQo ;
createtime : 1487751858 ;
msgtype : event ;
event : VIEW ;
eventkey : http://kh39.61why.com/app/index.php?i=2&c=entry&eid=198 ;
menuid : 410600728 ;
from : oKwkYwxdGazpUQLKnjr_HrnPicQo ;
to : gh_6536061e4435 ;
time : 1487751858 ;
type : event ;

2017-02-22 16:24:18 params :
------------
Array:
rule : -2 ;
module :  ;
message : Array ;

2017-02-22 16:24:18 response :
------------

2017-02-22 16:28:04 trace :
------------
Array:
tousername : gh_6536061e4435 ;
fromusername : oKwkYw5S8zWw6zCS6dGdWuuV95fM ;
createtime : 1487752084 ;
msgtype : event ;
event : VIEW ;
eventkey : http://kh39.61why.com/app/index.php?i=2&c=entry&eid=194 ;
menuid : 410600728 ;
from : oKwkYw5S8zWw6zCS6dGdWuuV95fM ;
to : gh_6536061e4435 ;
time : 1487752084 ;
type : event ;

2017-02-22 16:28:04 params :
------------
Array:
rule : -2 ;
module :  ;
message : Array ;

2017-02-22 16:28:04 response :
------------

2017-02-22 16:28:55 trace :
------------
Array:
tousername : gh_6536061e4435 ;
fromusername : oKwkYw5S8zWw6zCS6dGdWuuV95fM ;
createtime : 1487752135 ;
msgtype : event ;
event : VIEW ;
eventkey : http://kh39.61why.com/app/index.php?i=2&c=entry&eid=194 ;
menuid : 410600728 ;
from : oKwkYw5S8zWw6zCS6dGdWuuV95fM ;
to : gh_6536061e4435 ;
time : 1487752135 ;
type : event ;

2017-02-22 16:28:55 params :
------------
Array:
rule : -2 ;
module :  ;
message : Array ;

2017-02-22 16:28:55 response :
------------

2017-02-22 16:32:42 trace :
------------
Array:
tousername : gh_6536061e4435 ;
fromusername : oKwkYw0D7snKw9WJkTr_EzwW-SF0 ;
createtime : 1487752362 ;
msgtype : event ;
event : VIEW ;
eventkey : http://kh39.61why.com/app/index.php?i=2&c=entry&eid=198 ;
menuid : 410600728 ;
from : oKwkYw0D7snKw9WJkTr_EzwW-SF0 ;
to : gh_6536061e4435 ;
time : 1487752362 ;
type : event ;

2017-02-22 16:32:42 params :
------------
Array:
rule : -2 ;
module :  ;
message : Array ;

2017-02-22 16:32:42 response :
------------

2017-02-22 16:34:38 trace :
------------
Array:
tousername : gh_6536061e4435 ;
fromusername : oKwkYw5S8zWw6zCS6dGdWuuV95fM ;
createtime : 1487752478 ;
msgtype : event ;
event : VIEW ;
eventkey : http://kh39.61why.com/app/index.php?i=2&c=entry&eid=194 ;
menuid : 410600728 ;
from : oKwkYw5S8zWw6zCS6dGdWuuV95fM ;
to : gh_6536061e4435 ;
time : 1487752478 ;
type : event ;

2017-02-22 16:34:38 params :
------------
Array:
rule : -2 ;
module :  ;
message : Array ;

2017-02-22 16:34:38 response :
------------

2017-02-22 16:34:53 trace :
------------
Array:
tousername : gh_6536061e4435 ;
fromusername : oKwkYw5S8zWw6zCS6dGdWuuV95fM ;
createtime : 1487752493 ;
msgtype : event ;
event : VIEW ;
eventkey : http://kh39.61why.com/app/index.php?i=2&c=entry&eid=194 ;
menuid : 410600728 ;
from : oKwkYw5S8zWw6zCS6dGdWuuV95fM ;
to : gh_6536061e4435 ;
time : 1487752493 ;
type : event ;

2017-02-22 16:34:53 params :
------------
Array:
rule : -2 ;
module :  ;
message : Array ;

2017-02-22 16:34:53 response :
------------

2017-02-22 16:48:59 trace :
------------
Array:
tousername : gh_6536061e4435 ;
fromusername : oKwkYwwzUkpA6TQ4JcHTMcXSLnmU ;
createtime : 1487753338 ;
msgtype : event ;
event : VIEW ;
eventkey : http://kh39.61why.com/app/index.php?i=2&c=entry&eid=194 ;
menuid : 410600728 ;
from : oKwkYwwzUkpA6TQ4JcHTMcXSLnmU ;
to : gh_6536061e4435 ;
time : 1487753338 ;
type : event ;

2017-02-22 16:48:59 params :
------------
Array:
rule : -2 ;
module :  ;
message : Array ;

2017-02-22 16:48:59 response :
------------

2017-02-22 16:49:28 trace :
------------
Array:
tousername : gh_6536061e4435 ;
fromusername : oKwkYwwzUkpA6TQ4JcHTMcXSLnmU ;
createtime : 1487753367 ;
msgtype : event ;
event : VIEW ;
eventkey : http://kh39.61why.com/app/index.php?i=2&c=entry&eid=194 ;
menuid : 410600728 ;
from : oKwkYwwzUkpA6TQ4JcHTMcXSLnmU ;
to : gh_6536061e4435 ;
time : 1487753367 ;
type : event ;

2017-02-22 16:49:28 params :
------------
Array:
rule : -2 ;
module :  ;
message : Array ;

2017-02-22 16:49:28 response :
------------

2017-02-22 16:53:59 trace :
------------
Array:
tousername : gh_6536061e4435 ;
fromusername : oKwkYwwzUkpA6TQ4JcHTMcXSLnmU ;
createtime : 1487753639 ;
msgtype : event ;
event : VIEW ;
eventkey : http://kh39.61why.com/app/index.php?i=2&c=entry&eid=194 ;
menuid : 410600728 ;
from : oKwkYwwzUkpA6TQ4JcHTMcXSLnmU ;
to : gh_6536061e4435 ;
time : 1487753639 ;
type : event ;

2017-02-22 16:53:59 params :
------------
Array:
rule : -2 ;
module :  ;
message : Array ;

2017-02-22 16:53:59 response :
------------

2017-02-22 16:57:57 trace :
------------
Array:
tousername : gh_6536061e4435 ;
fromusername : oKwkYwwzUkpA6TQ4JcHTMcXSLnmU ;
createtime : 1487753877 ;
msgtype : event ;
event : VIEW ;
eventkey : http://kh39.61why.com/app/index.php?i=2&c=entry&eid=194 ;
menuid : 410600728 ;
from : oKwkYwwzUkpA6TQ4JcHTMcXSLnmU ;
to : gh_6536061e4435 ;
time : 1487753877 ;
type : event ;

2017-02-22 16:57:57 params :
------------
Array:
rule : -2 ;
module :  ;
message : Array ;

2017-02-22 16:57:57 response :
------------

2017-02-22 16:58:27 trace :
------------
Array:
tousername : gh_6536061e4435 ;
fromusername : oKwkYwwzUkpA6TQ4JcHTMcXSLnmU ;
createtime : 1487753907 ;
msgtype : event ;
event : VIEW ;
eventkey : http://kh39.61why.com/app/index.php?i=2&c=entry&eid=194 ;
menuid : 410600728 ;
from : oKwkYwwzUkpA6TQ4JcHTMcXSLnmU ;
to : gh_6536061e4435 ;
time : 1487753907 ;
type : event ;

2017-02-22 16:58:27 params :
------------
Array:
rule : -2 ;
module :  ;
message : Array ;

2017-02-22 16:58:27 response :
------------

2017-02-22 16:59:11 trace :
------------
Array:
tousername : gh_6536061e4435 ;
fromusername : oKwkYwwzUkpA6TQ4JcHTMcXSLnmU ;
createtime : 1487753951 ;
msgtype : event ;
event : VIEW ;
eventkey : http://kh39.61why.com/app/index.php?i=2&c=entry&eid=194 ;
menuid : 410600728 ;
from : oKwkYwwzUkpA6TQ4JcHTMcXSLnmU ;
to : gh_6536061e4435 ;
time : 1487753951 ;
type : event ;

2017-02-22 16:59:11 params :
------------
Array:
rule : -2 ;
module :  ;
message : Array ;

2017-02-22 16:59:11 response :
------------

2017-02-22 17:12:57 trace :
------------
Array:
tousername : gh_6536061e4435 ;
fromusername : oKwkYw_czhGJMhzRk-PvvkgFyKMI ;
createtime : 1487754777 ;
msgtype : event ;
event : VIEW ;
eventkey : http://kh39.61why.com/app/index.php?i=2&c=entry&eid=194 ;
menuid : 410600728 ;
from : oKwkYw_czhGJMhzRk-PvvkgFyKMI ;
to : gh_6536061e4435 ;
time : 1487754777 ;
type : event ;

2017-02-22 17:12:57 params :
------------
Array:
rule : -2 ;
module :  ;
message : Array ;

2017-02-22 17:12:57 response :
------------

2017-02-22 17:13:52 trace :
------------
Array:
tousername : gh_6536061e4435 ;
fromusername : oKwkYw-orMSeEm6OsxCjVktaDmoE ;
createtime : 1487754832 ;
msgtype : event ;
event : subscribe ;
eventkey : Array ;
from : oKwkYw-orMSeEm6OsxCjVktaDmoE ;
to : gh_6536061e4435 ;
time : 1487754832 ;
type : subscribe ;

2017-02-22 17:13:52 params :
------------
Array:
rule : -2 ;
module :  ;
message : Array ;

2017-02-22 17:13:52 response :
------------

2017-02-22 17:15:08 trace :
------------
Array:
tousername : gh_6536061e4435 ;
fromusername : oKwkYw-orMSeEm6OsxCjVktaDmoE ;
createtime : 1487754908 ;
msgtype : event ;
event : VIEW ;
eventkey : http://kh39.61why.com/app/index.php?i=2&c=entry&eid=194 ;
menuid : 410600728 ;
from : oKwkYw-orMSeEm6OsxCjVktaDmoE ;
to : gh_6536061e4435 ;
time : 1487754908 ;
type : event ;

2017-02-22 17:15:08 params :
------------
Array:
rule : -2 ;
module :  ;
message : Array ;

2017-02-22 17:15:08 response :
------------

2017-02-22 17:15:27 trace :
------------
Array:
tousername : gh_6536061e4435 ;
fromusername : oKwkYw-orMSeEm6OsxCjVktaDmoE ;
createtime : 1487754927 ;
msgtype : event ;
event : VIEW ;
eventkey : http://kh39.61why.com/app/index.php?i=2&c=entry&eid=194 ;
menuid : 410600728 ;
from : oKwkYw-orMSeEm6OsxCjVktaDmoE ;
to : gh_6536061e4435 ;
time : 1487754927 ;
type : event ;

2017-02-22 17:15:27 params :
------------
Array:
rule : -2 ;
module :  ;
message : Array ;

2017-02-22 17:15:27 response :
------------

2017-02-22 17:17:42 trace :
------------
Array:
tousername : gh_6536061e4435 ;
fromusername : oKwkYw-orMSeEm6OsxCjVktaDmoE ;
createtime : 1487755062 ;
msgtype : event ;
event : VIEW ;
eventkey : http://kh39.61why.com/app/index.php?i=2&c=entry&eid=194 ;
menuid : 410600728 ;
from : oKwkYw-orMSeEm6OsxCjVktaDmoE ;
to : gh_6536061e4435 ;
time : 1487755062 ;
type : event ;

2017-02-22 17:17:42 params :
------------
Array:
rule : -2 ;
module :  ;
message : Array ;

2017-02-22 17:17:42 response :
------------

2017-02-22 17:18:23 trace :
------------
Array:
tousername : gh_6536061e4435 ;
fromusername : oKwkYw-orMSeEm6OsxCjVktaDmoE ;
createtime : 1487755103 ;
msgtype : event ;
event : CLICK ;
eventkey : 二维码 ;
from : oKwkYw-orMSeEm6OsxCjVktaDmoE ;
to : gh_6536061e4435 ;
time : 1487755103 ;
type : event ;

2017-02-22 17:19:26 trace :
------------
Array:
tousername : gh_6536061e4435 ;
fromusername : oKwkYw5hiet9aIoMvpfdt0UcJyzc ;
createtime : 1487755165 ;
msgtype : event ;
event : VIEW ;
eventkey : http://kh39.61why.com/app/index.php?i=2&c=entry&eid=198 ;
menuid : 410600728 ;
from : oKwkYw5hiet9aIoMvpfdt0UcJyzc ;
to : gh_6536061e4435 ;
time : 1487755165 ;
type : event ;

2017-02-22 17:19:26 params :
------------
Array:
rule : -2 ;
module :  ;
message : Array ;

2017-02-22 17:19:26 response :
------------

2017-02-22 17:20:00 trace :
------------
Array:
tousername : gh_6536061e4435 ;
fromusername : oKwkYw5hiet9aIoMvpfdt0UcJyzc ;
createtime : 1487755200 ;
msgtype : event ;
event : VIEW ;
eventkey : http://kh39.61why.com/app/index.php?i=2&c=entry&eid=198 ;
menuid : 410600728 ;
from : oKwkYw5hiet9aIoMvpfdt0UcJyzc ;
to : gh_6536061e4435 ;
time : 1487755200 ;
type : event ;

2017-02-22 17:20:00 params :
------------
Array:
rule : -2 ;
module :  ;
message : Array ;

2017-02-22 17:20:00 response :
------------

2017-02-22 17:20:18 trace :
------------
Array:
tousername : gh_6536061e4435 ;
fromusername : oKwkYw_cP_mkS6WWNjszue0ChK4M ;
createtime : 1487755218 ;
msgtype : event ;
event : VIEW ;
eventkey : http://kh39.61why.com/app/index.php?i=2&c=entry&eid=194 ;
menuid : 410600728 ;
from : oKwkYw_cP_mkS6WWNjszue0ChK4M ;
to : gh_6536061e4435 ;
time : 1487755218 ;
type : event ;

2017-02-22 17:20:18 params :
------------
Array:
rule : -2 ;
module :  ;
message : Array ;

2017-02-22 17:20:18 response :
------------

2017-02-22 17:20:41 trace :
------------
Array:
tousername : gh_6536061e4435 ;
fromusername : oKwkYw_cP_mkS6WWNjszue0ChK4M ;
createtime : 1487755241 ;
msgtype : event ;
event : VIEW ;
eventkey : http://kh39.61why.com/app/index.php?i=2&c=entry&eid=194 ;
menuid : 410600728 ;
from : oKwkYw_cP_mkS6WWNjszue0ChK4M ;
to : gh_6536061e4435 ;
time : 1487755241 ;
type : event ;

2017-02-22 17:20:41 params :
------------
Array:
rule : -2 ;
module :  ;
message : Array ;

2017-02-22 17:20:41 response :
------------

2017-02-22 17:21:07 trace :
------------
Array:
tousername : gh_6536061e4435 ;
fromusername : oKwkYw_cP_mkS6WWNjszue0ChK4M ;
createtime : 1487755267 ;
msgtype : event ;
event : VIEW ;
eventkey : http://kh39.61why.com/app/index.php?i=2&c=entry&eid=194 ;
menuid : 410600728 ;
from : oKwkYw_cP_mkS6WWNjszue0ChK4M ;
to : gh_6536061e4435 ;
time : 1487755267 ;
type : event ;

2017-02-22 17:21:07 params :
------------
Array:
rule : -2 ;
module :  ;
message : Array ;

2017-02-22 17:21:07 response :
------------

2017-02-22 17:22:04 trace :
------------
Array:
tousername : gh_6536061e4435 ;
fromusername : oKwkYw_cP_mkS6WWNjszue0ChK4M ;
createtime : 1487755324 ;
msgtype : event ;
event : VIEW ;
eventkey : http://kh39.61why.com/app/index.php?i=2&c=entry&eid=194 ;
menuid : 410600728 ;
from : oKwkYw_cP_mkS6WWNjszue0ChK4M ;
to : gh_6536061e4435 ;
time : 1487755324 ;
type : event ;

2017-02-22 17:22:04 params :
------------
Array:
rule : -2 ;
module :  ;
message : Array ;

2017-02-22 17:22:04 response :
------------

2017-02-22 17:22:07 trace :
------------
Array:
tousername : gh_6536061e4435 ;
fromusername : oKwkYw_cP_mkS6WWNjszue0ChK4M ;
createtime : 1487755326 ;
msgtype : event ;
event : VIEW ;
eventkey : http://kh39.61why.com/app/index.php?i=2&c=entry&eid=194 ;
menuid : 410600728 ;
from : oKwkYw_cP_mkS6WWNjszue0ChK4M ;
to : gh_6536061e4435 ;
time : 1487755326 ;
type : event ;

2017-02-22 17:22:07 params :
------------
Array:
rule : -2 ;
module :  ;
message : Array ;

2017-02-22 17:22:07 response :
------------

2017-02-22 17:22:25 trace :
------------
Array:
tousername : gh_6536061e4435 ;
fromusername : oKwkYw_cP_mkS6WWNjszue0ChK4M ;
createtime : 1487755345 ;
msgtype : event ;
event : VIEW ;
eventkey : http://kh39.61why.com/app/index.php?i=2&c=entry&eid=194 ;
menuid : 410600728 ;
from : oKwkYw_cP_mkS6WWNjszue0ChK4M ;
to : gh_6536061e4435 ;
time : 1487755345 ;
type : event ;

2017-02-22 17:22:25 params :
------------
Array:
rule : -2 ;
module :  ;
message : Array ;

2017-02-22 17:22:25 response :
------------

2017-02-22 17:23:03 trace :
------------
Array:
tousername : gh_6536061e4435 ;
fromusername : oKwkYw_cP_mkS6WWNjszue0ChK4M ;
createtime : 1487755383 ;
msgtype : event ;
event : VIEW ;
eventkey : http://kh39.61why.com/app/index.php?i=2&c=entry&eid=198 ;
menuid : 410600728 ;
from : oKwkYw_cP_mkS6WWNjszue0ChK4M ;
to : gh_6536061e4435 ;
time : 1487755383 ;
type : event ;

2017-02-22 17:23:03 params :
------------
Array:
rule : -2 ;
module :  ;
message : Array ;

2017-02-22 17:23:03 response :
------------

2017-02-22 17:27:02 trace :
------------
Array:
tousername : gh_6536061e4435 ;
fromusername : oKwkYw9oQd9oP62y3bjX2qdY9Zbs ;
createtime : 1487755622 ;
msgtype : event ;
event : VIEW ;
eventkey : http://kh39.61why.com/app/index.php?i=2&c=entry&eid=194 ;
menuid : 410600728 ;
from : oKwkYw9oQd9oP62y3bjX2qdY9Zbs ;
to : gh_6536061e4435 ;
time : 1487755622 ;
type : event ;

2017-02-22 17:27:02 params :
------------
Array:
rule : -2 ;
module :  ;
message : Array ;

2017-02-22 17:27:02 response :
------------

2017-02-22 17:31:31 trace :
------------
Array:
tousername : gh_6536061e4435 ;
fromusername : oKwkYwwzUkpA6TQ4JcHTMcXSLnmU ;
createtime : 1487755891 ;
msgtype : event ;
event : VIEW ;
eventkey : http://kh39.61why.com/app/index.php?i=2&c=entry&eid=194 ;
menuid : 410600728 ;
from : oKwkYwwzUkpA6TQ4JcHTMcXSLnmU ;
to : gh_6536061e4435 ;
time : 1487755891 ;
type : event ;

2017-02-22 17:31:31 params :
------------
Array:
rule : -2 ;
module :  ;
message : Array ;

2017-02-22 17:31:31 response :
------------

2017-02-22 17:44:09 trace :
------------
Array:
tousername : gh_6536061e4435 ;
fromusername : oKwkYw5hiet9aIoMvpfdt0UcJyzc ;
createtime : 1487756649 ;
msgtype : event ;
event : VIEW ;
eventkey : http://kh39.61why.com/app/index.php?i=2&c=entry&eid=198 ;
menuid : 410600728 ;
from : oKwkYw5hiet9aIoMvpfdt0UcJyzc ;
to : gh_6536061e4435 ;
time : 1487756649 ;
type : event ;

2017-02-22 17:44:09 params :
------------
Array:
rule : -2 ;
module :  ;
message : Array ;

2017-02-22 17:44:09 response :
------------

2017-02-22 17:47:38 trace :
------------
Array:
tousername : gh_6536061e4435 ;
fromusername : oKwkYw5hiet9aIoMvpfdt0UcJyzc ;
createtime : 1487756858 ;
msgtype : event ;
event : VIEW ;
eventkey : http://kh39.61why.com/app/index.php?i=2&c=entry&eid=198 ;
menuid : 410600728 ;
from : oKwkYw5hiet9aIoMvpfdt0UcJyzc ;
to : gh_6536061e4435 ;
time : 1487756858 ;
type : event ;

2017-02-22 17:47:38 params :
------------
Array:
rule : -2 ;
module :  ;
message : Array ;

2017-02-22 17:47:38 response :
------------

2017-02-22 17:55:05 trace :
------------
Array:
tousername : gh_6536061e4435 ;
fromusername : oKwkYwz_FtGom2eSyG1qwUGFxNiA ;
createtime : 1487757305 ;
msgtype : event ;
event : VIEW ;
eventkey : http://kh39.61why.com/app/index.php?i=2&c=entry&eid=198 ;
menuid : 410600728 ;
from : oKwkYwz_FtGom2eSyG1qwUGFxNiA ;
to : gh_6536061e4435 ;
time : 1487757305 ;
type : event ;

2017-02-22 17:55:05 params :
------------
Array:
rule : -2 ;
module :  ;
message : Array ;

2017-02-22 17:55:05 response :
------------

2017-02-22 18:46:15 trace :
------------
Array:
tousername : gh_6536061e4435 ;
fromusername : oKwkYw5hiet9aIoMvpfdt0UcJyzc ;
createtime : 1487760375 ;
msgtype : event ;
event : VIEW ;
eventkey : http://kh39.61why.com/app/index.php?i=2&c=entry&eid=198 ;
menuid : 410600728 ;
from : oKwkYw5hiet9aIoMvpfdt0UcJyzc ;
to : gh_6536061e4435 ;
time : 1487760375 ;
type : event ;

2017-02-22 18:46:15 params :
------------
Array:
rule : -2 ;
module :  ;
message : Array ;

2017-02-22 18:46:15 response :
------------

2017-02-22 20:27:03 trace :
------------
Array:
tousername : gh_6536061e4435 ;
fromusername : oKwkYw5S8zWw6zCS6dGdWuuV95fM ;
createtime : 1487766423 ;
msgtype : event ;
event : VIEW ;
eventkey : http://kh39.61why.com/app/index.php?i=2&c=entry&eid=198 ;
menuid : 410600728 ;
from : oKwkYw5S8zWw6zCS6dGdWuuV95fM ;
to : gh_6536061e4435 ;
time : 1487766423 ;
type : event ;

2017-02-22 20:27:03 params :
------------
Array:
rule : -2 ;
module :  ;
message : Array ;

2017-02-22 20:27:03 response :
------------

2017-02-22 20:34:59 trace :
------------
Array:
tousername : gh_6536061e4435 ;
fromusername : oKwkYw0D7snKw9WJkTr_EzwW-SF0 ;
createtime : 1487766899 ;
msgtype : event ;
event : VIEW ;
eventkey : http://kh39.61why.com/app/index.php?i=2&c=entry&eid=198 ;
menuid : 410600728 ;
from : oKwkYw0D7snKw9WJkTr_EzwW-SF0 ;
to : gh_6536061e4435 ;
time : 1487766899 ;
type : event ;

2017-02-22 20:34:59 params :
------------
Array:
rule : -2 ;
module :  ;
message : Array ;

2017-02-22 20:34:59 response :
------------

2017-02-22 20:36:56 trace :
------------
Array:
tousername : gh_6536061e4435 ;
fromusername : oKwkYw5S8zWw6zCS6dGdWuuV95fM ;
createtime : 1487767016 ;
msgtype : event ;
event : VIEW ;
eventkey : http://kh39.61why.com/app/index.php?i=2&c=entry&eid=194 ;
menuid : 410600728 ;
from : oKwkYw5S8zWw6zCS6dGdWuuV95fM ;
to : gh_6536061e4435 ;
time : 1487767016 ;
type : event ;

2017-02-22 20:36:56 params :
------------
Array:
rule : -2 ;
module :  ;
message : Array ;

2017-02-22 20:36:56 response :
------------

2017-02-22 20:42:08 trace :
------------
Array:
tousername : gh_6536061e4435 ;
fromusername : oKwkYw-F5tnNot3jyJt0KNuAe6_Y ;
createtime : 1487767327 ;
msgtype : event ;
event : subscribe ;
eventkey : qrscene_25e80a82210e13a931a20cc3adf9f337 ;
ticket : gQHL8DwAAAAAAAAAAS5odHRwOi8vd2VpeGluLnFxLmNvbS9xLzAyUHBwYTFxSDljbzMxMDAwME0wNzIAAgSpX25YAwQAAAAA ;
from : oKwkYw-F5tnNot3jyJt0KNuAe6_Y ;
to : gh_6536061e4435 ;
time : 1487767327 ;
type : subscribe ;
scene : 25e80a82210e13a931a20cc3adf9f337 ;

2017-02-22 20:42:13 trace :
------------
Array:
tousername : gh_6536061e4435 ;
fromusername : oKwkYw-F5tnNot3jyJt0KNuAe6_Y ;
createtime : 1487767333 ;
msgtype : event ;
event : VIEW ;
eventkey : http://kh39.61why.com/app/index.php?i=2&c=entry&eid=198 ;
menuid : 410600728 ;
from : oKwkYw-F5tnNot3jyJt0KNuAe6_Y ;
to : gh_6536061e4435 ;
time : 1487767333 ;
type : event ;

2017-02-22 20:42:13 params :
------------
Array:
rule : -2 ;
module :  ;
message : Array ;

2017-02-22 20:42:13 response :
------------

2017-02-22 20:42:21 trace :
------------
Array:
tousername : gh_6536061e4435 ;
fromusername : oKwkYw-F5tnNot3jyJt0KNuAe6_Y ;
createtime : 1487767341 ;
msgtype : event ;
event : VIEW ;
eventkey : http://kh39.61why.com/app/index.php?i=2&c=entry&eid=194 ;
menuid : 410600728 ;
from : oKwkYw-F5tnNot3jyJt0KNuAe6_Y ;
to : gh_6536061e4435 ;
time : 1487767341 ;
type : event ;

2017-02-22 20:42:21 params :
------------
Array:
rule : -2 ;
module :  ;
message : Array ;

2017-02-22 20:42:21 response :
------------

2017-02-22 20:43:27 trace :
------------
Array:
tousername : gh_6536061e4435 ;
fromusername : oKwkYw-F5tnNot3jyJt0KNuAe6_Y ;
createtime : 1487767407 ;
msgtype : event ;
event : CLICK ;
eventkey : 二维码 ;
from : oKwkYw-F5tnNot3jyJt0KNuAe6_Y ;
to : gh_6536061e4435 ;
time : 1487767407 ;
type : event ;

2017-02-22 20:45:14 trace :
------------
Array:
tousername : gh_6536061e4435 ;
fromusername : oKwkYw6DKXakhRR5-FCg7x_RUOlo ;
createtime : 1487767514 ;
msgtype : event ;
event : subscribe ;
eventkey : qrscene_72326a5617c1da674bdd905cf6388505 ;
ticket : gQEh8DwAAAAAAAAAAS5odHRwOi8vd2VpeGluLnFxLmNvbS9xLzAybG14TDBGSDljbzMxMDAwMGcwN2IAAgRvGW5YAwQAAAAA ;
from : oKwkYw6DKXakhRR5-FCg7x_RUOlo ;
to : gh_6536061e4435 ;
time : 1487767514 ;
type : subscribe ;
scene : 72326a5617c1da674bdd905cf6388505 ;

2017-02-22 20:45:18 trace :
------------
Array:
tousername : gh_6536061e4435 ;
fromusername : oKwkYw6DKXakhRR5-FCg7x_RUOlo ;
createtime : 1487767518 ;
msgtype : event ;
event : VIEW ;
eventkey : http://kh39.61why.com/app/index.php?i=2&c=entry&eid=194 ;
menuid : 410600728 ;
from : oKwkYw6DKXakhRR5-FCg7x_RUOlo ;
to : gh_6536061e4435 ;
time : 1487767518 ;
type : event ;

2017-02-22 20:45:18 params :
------------
Array:
rule : -2 ;
module :  ;
message : Array ;

2017-02-22 20:45:18 response :
------------

2017-02-22 20:52:08 trace :
------------
Array:
tousername : gh_6536061e4435 ;
fromusername : oKwkYw_cP_mkS6WWNjszue0ChK4M ;
createtime : 1487767928 ;
msgtype : event ;
event : VIEW ;
eventkey : http://kh39.61why.com/app/index.php?i=2&c=entry&eid=194 ;
menuid : 410600728 ;
from : oKwkYw_cP_mkS6WWNjszue0ChK4M ;
to : gh_6536061e4435 ;
time : 1487767928 ;
type : event ;

2017-02-22 20:52:08 params :
------------
Array:
rule : -2 ;
module :  ;
message : Array ;

2017-02-22 20:52:08 response :
------------

2017-02-22 20:52:37 trace :
------------
Array:
tousername : gh_6536061e4435 ;
fromusername : oKwkYw_cP_mkS6WWNjszue0ChK4M ;
createtime : 1487767957 ;
msgtype : event ;
event : CLICK ;
eventkey : 二维码 ;
from : oKwkYw_cP_mkS6WWNjszue0ChK4M ;
to : gh_6536061e4435 ;
time : 1487767957 ;
type : event ;

2017-02-22 20:52:39 trace :
------------
Array:
tousername : gh_6536061e4435 ;
fromusername : oKwkYw_cP_mkS6WWNjszue0ChK4M ;
createtime : 1487767958 ;
msgtype : event ;
event : VIEW ;
eventkey : http://kh39.61why.com/app/index.php?i=2&c=entry&eid=198 ;
menuid : 410600728 ;
from : oKwkYw_cP_mkS6WWNjszue0ChK4M ;
to : gh_6536061e4435 ;
time : 1487767958 ;
type : event ;

2017-02-22 20:52:39 params :
------------
Array:
rule : -2 ;
module :  ;
message : Array ;

2017-02-22 20:52:39 response :
------------

2017-02-22 20:54:56 trace :
------------
Array:
tousername : gh_6536061e4435 ;
fromusername : oKwkYw14DUkfNWCZVoTtlf2fmt-8 ;
createtime : 1487768096 ;
msgtype : event ;
event : subscribe ;
eventkey : qrscene_0cc1fdefd74d993e35cbe9798ddea3ff ;
ticket : gQHx8TwAAAAAAAAAAS5odHRwOi8vd2VpeGluLnFxLmNvbS9xLzAyNjhLeTFYSDljbzMxMDAwME0wN1cAAgRvh61YAwQAAAAA ;
from : oKwkYw14DUkfNWCZVoTtlf2fmt-8 ;
to : gh_6536061e4435 ;
time : 1487768096 ;
type : subscribe ;
scene : 0cc1fdefd74d993e35cbe9798ddea3ff ;

2017-02-22 20:56:24 trace :
------------
Array:
tousername : gh_6536061e4435 ;
fromusername : oKwkYw_cP_mkS6WWNjszue0ChK4M ;
createtime : 1487768184 ;
msgtype : event ;
event : VIEW ;
eventkey : http://kh39.61why.com/app/index.php?i=2&c=entry&eid=198 ;
menuid : 410600728 ;
from : oKwkYw_cP_mkS6WWNjszue0ChK4M ;
to : gh_6536061e4435 ;
time : 1487768184 ;
type : event ;

2017-02-22 20:56:24 params :
------------
Array:
rule : -2 ;
module :  ;
message : Array ;

2017-02-22 20:56:24 response :
------------

2017-02-22 21:30:33 trace :
------------
Array:
tousername : gh_6536061e4435 ;
fromusername : oKwkYw_cP_mkS6WWNjszue0ChK4M ;
createtime : 1487770233 ;
msgtype : event ;
event : VIEW ;
eventkey : http://kh39.61why.com/app/index.php?i=2&c=entry&eid=198 ;
menuid : 410600728 ;
from : oKwkYw_cP_mkS6WWNjszue0ChK4M ;
to : gh_6536061e4435 ;
time : 1487770233 ;
type : event ;

2017-02-22 21:30:33 params :
------------
Array:
rule : -2 ;
module :  ;
message : Array ;

2017-02-22 21:30:33 response :
------------

2017-02-22 21:37:34 trace :
------------
Array:
tousername : gh_6536061e4435 ;
fromusername : oKwkYw_cP_mkS6WWNjszue0ChK4M ;
createtime : 1487770654 ;
msgtype : event ;
event : VIEW ;
eventkey : http://kh39.61why.com/app/index.php?i=2&c=entry&eid=198 ;
menuid : 410600728 ;
from : oKwkYw_cP_mkS6WWNjszue0ChK4M ;
to : gh_6536061e4435 ;
time : 1487770654 ;
type : event ;

2017-02-22 21:37:34 params :
------------
Array:
rule : -2 ;
module :  ;
message : Array ;

2017-02-22 21:37:34 response :
------------

2017-02-22 22:16:06 trace :
------------
Array:
tousername : gh_6536061e4435 ;
fromusername : oKwkYw7K9xHIr91Csk-qENfcagnM ;
createtime : 1487772965 ;
msgtype : event ;
event : VIEW ;
eventkey : http://kh39.61why.com/app/index.php?i=2&c=entry&eid=198 ;
menuid : 410600728 ;
from : oKwkYw7K9xHIr91Csk-qENfcagnM ;
to : gh_6536061e4435 ;
time : 1487772965 ;
type : event ;

2017-02-22 22:16:06 params :
------------
Array:
rule : -2 ;
module :  ;
message : Array ;

2017-02-22 22:16:06 response :
------------

2017-02-22 22:30:20 trace :
------------
Array:
tousername : gh_6536061e4435 ;
fromusername : oKwkYw07OK3MciV6IDhGEI3qJFBU ;
createtime : 1487773820 ;
msgtype : event ;
event : VIEW ;
eventkey : http://kh39.61why.com/app/index.php?i=2&c=entry&eid=198 ;
menuid : 410600728 ;
from : oKwkYw07OK3MciV6IDhGEI3qJFBU ;
to : gh_6536061e4435 ;
time : 1487773820 ;
type : event ;

2017-02-22 22:30:20 params :
------------
Array:
rule : -2 ;
module :  ;
message : Array ;

2017-02-22 22:30:20 response :
------------

2017-02-22 22:39:28 trace :
------------
Array:
tousername : gh_6536061e4435 ;
fromusername : oKwkYw5aHcyjux9ql6D7O9WEBmx4 ;
createtime : 1487774368 ;
msgtype : event ;
event : VIEW ;
eventkey : http://kh39.61why.com/app/index.php?i=2&c=entry&eid=198 ;
menuid : 410600728 ;
from : oKwkYw5aHcyjux9ql6D7O9WEBmx4 ;
to : gh_6536061e4435 ;
time : 1487774368 ;
type : event ;

2017-02-22 22:39:28 params :
------------
Array:
rule : -2 ;
module :  ;
message : Array ;

2017-02-22 22:39:28 response :
------------

2017-02-22 22:40:06 trace :
------------
Array:
tousername : gh_6536061e4435 ;
fromusername : oKwkYw5aHcyjux9ql6D7O9WEBmx4 ;
createtime : 1487774406 ;
msgtype : event ;
event : VIEW ;
eventkey : http://kh39.61why.com/app/index.php?i=2&c=entry&eid=198 ;
menuid : 410600728 ;
from : oKwkYw5aHcyjux9ql6D7O9WEBmx4 ;
to : gh_6536061e4435 ;
time : 1487774406 ;
type : event ;

2017-02-22 22:40:06 params :
------------
Array:
rule : -2 ;
module :  ;
message : Array ;

2017-02-22 22:40:06 response :
------------

2017-02-22 23:33:30 trace :
------------
Array:
tousername : gh_6536061e4435 ;
fromusername : oKwkYwywEpFgDWbwv_V6u_yoYYIo ;
createtime : 1487777610 ;
msgtype : event ;
event : VIEW ;
eventkey : http://kh39.61why.com/app/index.php?i=2&c=entry&eid=194 ;
menuid : 410600728 ;
from : oKwkYwywEpFgDWbwv_V6u_yoYYIo ;
to : gh_6536061e4435 ;
time : 1487777610 ;
type : event ;

2017-02-22 23:33:30 params :
------------
Array:
rule : -2 ;
module :  ;
message : Array ;

2017-02-22 23:33:30 response :
------------

2017-02-22 23:34:06 trace :
------------
Array:
tousername : gh_6536061e4435 ;
fromusername : oKwkYwywEpFgDWbwv_V6u_yoYYIo ;
createtime : 1487777646 ;
msgtype : event ;
event : VIEW ;
eventkey : http://kh39.61why.com/app/index.php?i=2&c=entry&eid=194 ;
menuid : 410600728 ;
from : oKwkYwywEpFgDWbwv_V6u_yoYYIo ;
to : gh_6536061e4435 ;
time : 1487777646 ;
type : event ;

2017-02-22 23:34:06 params :
------------
Array:
rule : -2 ;
module :  ;
message : Array ;

2017-02-22 23:34:06 response :
------------

2017-02-22 23:34:33 trace :
------------
Array:
tousername : gh_6536061e4435 ;
fromusername : oKwkYwywEpFgDWbwv_V6u_yoYYIo ;
createtime : 1487777673 ;
msgtype : event ;
event : VIEW ;
eventkey : http://kh39.61why.com/app/index.php?i=2&c=entry&eid=194 ;
menuid : 410600728 ;
from : oKwkYwywEpFgDWbwv_V6u_yoYYIo ;
to : gh_6536061e4435 ;
time : 1487777673 ;
type : event ;

2017-02-22 23:34:33 params :
------------
Array:
rule : -2 ;
module :  ;
message : Array ;

2017-02-22 23:34:33 response :
------------

2017-02-22 23:44:15 trace :
------------
Array:
tousername : gh_6536061e4435 ;
fromusername : oKwkYwywEpFgDWbwv_V6u_yoYYIo ;
createtime : 1487778255 ;
msgtype : event ;
event : VIEW ;
eventkey : http://kh39.61why.com/app/index.php?i=2&c=entry&eid=198 ;
menuid : 410600728 ;
from : oKwkYwywEpFgDWbwv_V6u_yoYYIo ;
to : gh_6536061e4435 ;
time : 1487778255 ;
type : event ;

2017-02-22 23:44:15 params :
------------
Array:
rule : -2 ;
module :  ;
message : Array ;

2017-02-22 23:44:15 response :
------------

2017-02-22 23:44:52 trace :
------------
Array:
tousername : gh_6536061e4435 ;
fromusername : oKwkYwywEpFgDWbwv_V6u_yoYYIo ;
createtime : 1487778292 ;
msgtype : event ;
event : VIEW ;
eventkey : http://kh39.61why.com/app/index.php?i=2&c=entry&eid=198 ;
menuid : 410600728 ;
from : oKwkYwywEpFgDWbwv_V6u_yoYYIo ;
to : gh_6536061e4435 ;
time : 1487778292 ;
type : event ;

2017-02-22 23:44:52 params :
------------
Array:
rule : -2 ;
module :  ;
message : Array ;

2017-02-22 23:44:52 response :
------------

