2017-03-26 00:00:19 trace :
------------
Array:
tousername : gh_6536061e4435 ;
fromusername : oKwkYw9ju59dM4iRrx2krbhLL3i8 ;
createtime : 1490457619 ;
msgtype : event ;
event : VIEW ;
eventkey : http://kh39.61why.com/app/index.php?i=2&c=entry&eid=194 ;
menuid : 410600728 ;
from : oKwkYw9ju59dM4iRrx2krbhLL3i8 ;
to : gh_6536061e4435 ;
time : 1490457619 ;
type : event ;

2017-03-26 00:00:19 params :
------------
Array:
rule : -2 ;
module :  ;
message : Array ;

2017-03-26 00:00:19 response :
------------

2017-03-26 13:34:37 trace :
------------
Array:
tousername : gh_6536061e4435 ;
fromusername : oKwkYwwe6ND5Pg7cA6IK-UExrffU ;
createtime : 1490506477 ;
msgtype : event ;
event : CLICK ;
eventkey : 二维码 ;
from : oKwkYwwe6ND5Pg7cA6IK-UExrffU ;
to : gh_6536061e4435 ;
time : 1490506477 ;
type : event ;

2017-03-26 13:34:37 trace :
------------
Array:
tousername : gh_6536061e4435 ;
fromusername : oKwkYwwe6ND5Pg7cA6IK-UExrffU ;
createtime : 1490506477 ;
msgtype : event ;
event : CLICK ;
eventkey : 二维码 ;
from : oKwkYwwe6ND5Pg7cA6IK-UExrffU ;
to : gh_6536061e4435 ;
time : 1490506477 ;
type : event ;

2017-03-26 13:34:41 trace :
------------
Array:
tousername : gh_6536061e4435 ;
fromusername : oKwkYwwe6ND5Pg7cA6IK-UExrffU ;
createtime : 1490506477 ;
msgtype : event ;
event : CLICK ;
eventkey : 二维码 ;
from : oKwkYwwe6ND5Pg7cA6IK-UExrffU ;
to : gh_6536061e4435 ;
time : 1490506477 ;
type : event ;

2017-03-26 13:34:41 trace :
------------
Array:
tousername : gh_6536061e4435 ;
fromusername : oKwkYwwe6ND5Pg7cA6IK-UExrffU ;
createtime : 1490506477 ;
msgtype : event ;
event : CLICK ;
eventkey : 二维码 ;
from : oKwkYwwe6ND5Pg7cA6IK-UExrffU ;
to : gh_6536061e4435 ;
time : 1490506477 ;
type : event ;

2017-03-26 13:36:44 trace :
------------
Array:
tousername : gh_6536061e4435 ;
fromusername : oKwkYwyolZuGoXgz_4a6-ubUX5Vo ;
createtime : 1490506605 ;
msgtype : event ;
event : VIEW ;
eventkey : http://kh39.61why.com/app/index.php?i=2&c=entry&eid=194 ;
menuid : 410600728 ;
from : oKwkYwyolZuGoXgz_4a6-ubUX5Vo ;
to : gh_6536061e4435 ;
time : 1490506605 ;
type : event ;

2017-03-26 13:36:44 params :
------------
Array:
rule : -2 ;
module :  ;
message : Array ;

2017-03-26 13:36:44 response :
------------

2017-03-26 13:56:55 trace :
------------
Array:
tousername : gh_6536061e4435 ;
fromusername : oKwkYw_czhGJMhzRk-PvvkgFyKMI ;
createtime : 1490507815 ;
msgtype : event ;
event : VIEW ;
eventkey : http://kh39.61why.com/app/index.php?i=2&c=entry&eid=194 ;
menuid : 410600728 ;
from : oKwkYw_czhGJMhzRk-PvvkgFyKMI ;
to : gh_6536061e4435 ;
time : 1490507815 ;
type : event ;

2017-03-26 13:56:55 params :
------------
Array:
rule : -2 ;
module :  ;
message : Array ;

2017-03-26 13:56:55 response :
------------

2017-03-26 14:29:59 trace :
------------
Array:
tousername : gh_6536061e4435 ;
fromusername : oKwkYw7K9xHIr91Csk-qENfcagnM ;
createtime : 1490509799 ;
msgtype : event ;
event : VIEW ;
eventkey : http://kh39.61why.com/app/index.php?i=2&c=entry&eid=194 ;
menuid : 410600728 ;
from : oKwkYw7K9xHIr91Csk-qENfcagnM ;
to : gh_6536061e4435 ;
time : 1490509799 ;
type : event ;

2017-03-26 14:29:59 params :
------------
Array:
rule : -2 ;
module :  ;
message : Array ;

2017-03-26 14:29:59 response :
------------

2017-03-26 14:33:21 trace :
------------
Array:
tousername : gh_6536061e4435 ;
fromusername : oKwkYw7K9xHIr91Csk-qENfcagnM ;
createtime : 1490510001 ;
msgtype : event ;
event : CLICK ;
eventkey : 二维码 ;
from : oKwkYw7K9xHIr91Csk-qENfcagnM ;
to : gh_6536061e4435 ;
time : 1490510001 ;
type : event ;

2017-03-26 14:33:33 trace :
------------
Array:
tousername : gh_6536061e4435 ;
fromusername : oKwkYwwJjzbEj43aT8Vblad51UXg ;
createtime : 1490510012 ;
msgtype : event ;
event : subscribe ;
eventkey : qrscene_25e80a82210e13a931a20cc3adf9f337 ;
ticket : gQHL8DwAAAAAAAAAAS5odHRwOi8vd2VpeGluLnFxLmNvbS9xLzAyUHBwYTFxSDljbzMxMDAwME0wNzIAAgSpX25YAwQAAAAA ;
from : oKwkYwwJjzbEj43aT8Vblad51UXg ;
to : gh_6536061e4435 ;
time : 1490510012 ;
type : subscribe ;
scene : 25e80a82210e13a931a20cc3adf9f337 ;

2017-03-26 14:33:36 trace :
------------
Array:
tousername : gh_6536061e4435 ;
fromusername : oKwkYwwJjzbEj43aT8Vblad51UXg ;
createtime : 1490510016 ;
msgtype : event ;
event : VIEW ;
eventkey : http://kh39.61why.com/app/index.php?i=2&c=entry&eid=198 ;
menuid : 410600728 ;
from : oKwkYwwJjzbEj43aT8Vblad51UXg ;
to : gh_6536061e4435 ;
time : 1490510016 ;
type : event ;

2017-03-26 14:33:36 params :
------------
Array:
rule : -2 ;
module :  ;
message : Array ;

2017-03-26 14:33:36 response :
------------

2017-03-26 14:33:40 trace :
------------
Array:
tousername : gh_6536061e4435 ;
fromusername : oKwkYwwJjzbEj43aT8Vblad51UXg ;
createtime : 1490510020 ;
msgtype : event ;
event : VIEW ;
eventkey : http://kh39.61why.com/app/index.php?i=2&c=entry&eid=194 ;
menuid : 410600728 ;
from : oKwkYwwJjzbEj43aT8Vblad51UXg ;
to : gh_6536061e4435 ;
time : 1490510020 ;
type : event ;

2017-03-26 14:33:40 params :
------------
Array:
rule : -2 ;
module :  ;
message : Array ;

2017-03-26 14:33:40 response :
------------

2017-03-26 14:52:02 trace :
------------
Array:
tousername : gh_6536061e4435 ;
fromusername : oKwkYwwJjzbEj43aT8Vblad51UXg ;
createtime : 1490511121 ;
msgtype : event ;
event : VIEW ;
eventkey : http://kh39.61why.com/app/index.php?i=2&c=entry&eid=194 ;
menuid : 410600728 ;
from : oKwkYwwJjzbEj43aT8Vblad51UXg ;
to : gh_6536061e4435 ;
time : 1490511121 ;
type : event ;

2017-03-26 14:52:02 params :
------------
Array:
rule : -2 ;
module :  ;
message : Array ;

2017-03-26 14:52:02 response :
------------

2017-03-26 14:56:54 trace :
------------
Array:
tousername : gh_6536061e4435 ;
fromusername : oKwkYw7UVKNHg19MzY9HddqyJMKU ;
createtime : 1490511413 ;
msgtype : event ;
event : CLICK ;
eventkey : 二维码 ;
from : oKwkYw7UVKNHg19MzY9HddqyJMKU ;
to : gh_6536061e4435 ;
time : 1490511413 ;
type : event ;

2017-03-26 14:57:31 trace :
------------
Array:
tousername : gh_6536061e4435 ;
fromusername : oKwkYw5c-4RriDuXnzX1uaaTHlYo ;
createtime : 1490511451 ;
msgtype : event ;
event : VIEW ;
eventkey : http://kh39.61why.com/app/index.php?i=2&c=entry&eid=194 ;
menuid : 410600728 ;
from : oKwkYw5c-4RriDuXnzX1uaaTHlYo ;
to : gh_6536061e4435 ;
time : 1490511451 ;
type : event ;

2017-03-26 14:57:31 params :
------------
Array:
rule : -2 ;
module :  ;
message : Array ;

2017-03-26 14:57:31 response :
------------

2017-03-26 14:59:36 trace :
------------
Array:
tousername : gh_6536061e4435 ;
fromusername : oKwkYw5c-4RriDuXnzX1uaaTHlYo ;
createtime : 1490511576 ;
msgtype : event ;
event : VIEW ;
eventkey : http://kh39.61why.com/app/index.php?i=2&c=entry&eid=194 ;
menuid : 410600728 ;
from : oKwkYw5c-4RriDuXnzX1uaaTHlYo ;
to : gh_6536061e4435 ;
time : 1490511576 ;
type : event ;

2017-03-26 14:59:36 params :
------------
Array:
rule : -2 ;
module :  ;
message : Array ;

2017-03-26 14:59:36 response :
------------

2017-03-26 15:06:38 trace :
------------
Array:
tousername : gh_6536061e4435 ;
fromusername : oKwkYw3OHRCQa6CoHaKYywAhba24 ;
createtime : 1490511998 ;
msgtype : event ;
event : VIEW ;
eventkey : http://kh39.61why.com/app/index.php?i=2&c=entry&eid=194 ;
menuid : 410600728 ;
from : oKwkYw3OHRCQa6CoHaKYywAhba24 ;
to : gh_6536061e4435 ;
time : 1490511998 ;
type : event ;

2017-03-26 15:06:38 params :
------------
Array:
rule : -2 ;
module :  ;
message : Array ;

2017-03-26 15:06:38 response :
------------

2017-03-26 15:12:37 trace :
------------
Array:
tousername : gh_6536061e4435 ;
fromusername : oKwkYw5Hv5-mrEGrZ572fv2JrB_s ;
createtime : 1490512357 ;
msgtype : event ;
event : VIEW ;
eventkey : http://kh39.61why.com/app/index.php?i=2&c=entry&eid=194 ;
menuid : 410600728 ;
from : oKwkYw5Hv5-mrEGrZ572fv2JrB_s ;
to : gh_6536061e4435 ;
time : 1490512357 ;
type : event ;

2017-03-26 15:12:37 params :
------------
Array:
rule : -2 ;
module :  ;
message : Array ;

2017-03-26 15:12:37 response :
------------

2017-03-26 15:22:33 trace :
------------
Array:
tousername : gh_6536061e4435 ;
fromusername : oKwkYw5hiet9aIoMvpfdt0UcJyzc ;
createtime : 1490512953 ;
msgtype : event ;
event : VIEW ;
eventkey : http://kh39.61why.com/app/index.php?i=2&c=entry&eid=198 ;
menuid : 410600728 ;
from : oKwkYw5hiet9aIoMvpfdt0UcJyzc ;
to : gh_6536061e4435 ;
time : 1490512953 ;
type : event ;

2017-03-26 15:22:33 params :
------------
Array:
rule : -2 ;
module :  ;
message : Array ;

2017-03-26 15:22:33 response :
------------

2017-03-26 15:23:31 trace :
------------
Array:
tousername : gh_6536061e4435 ;
fromusername : oKwkYw5Hv5-mrEGrZ572fv2JrB_s ;
createtime : 1490513011 ;
msgtype : event ;
event : VIEW ;
eventkey : http://kh39.61why.com/app/index.php?i=2&c=entry&eid=198 ;
menuid : 410600728 ;
from : oKwkYw5Hv5-mrEGrZ572fv2JrB_s ;
to : gh_6536061e4435 ;
time : 1490513011 ;
type : event ;

2017-03-26 15:23:31 params :
------------
Array:
rule : -2 ;
module :  ;
message : Array ;

2017-03-26 15:23:31 response :
------------

2017-03-26 15:24:38 trace :
------------
Array:
tousername : gh_6536061e4435 ;
fromusername : oKwkYw5hiet9aIoMvpfdt0UcJyzc ;
createtime : 1490513078 ;
msgtype : event ;
event : SCAN ;
eventkey : d8aef4db56ee9b3875f012496226d43e ;
ticket : gQGI8DwAAAAAAAAAAS5odHRwOi8vd2VpeGluLnFxLmNvbS9xLzAyd21ZRjFrSDljbzMxMDAwMGcwN0QAAgQeFW5YAwQAAAAA ;
from : oKwkYw5hiet9aIoMvpfdt0UcJyzc ;
to : gh_6536061e4435 ;
time : 1490513078 ;
type : subscribe ;
scene : d8aef4db56ee9b3875f012496226d43e ;

2017-03-26 15:24:53 trace :
------------
Array:
tousername : gh_6536061e4435 ;
fromusername : oKwkYw5hiet9aIoMvpfdt0UcJyzc ;
createtime : 1490513093 ;
msgtype : event ;
event : VIEW ;
eventkey : http://kh39.61why.com/app/index.php?i=2&c=entry&eid=198 ;
menuid : 410600728 ;
from : oKwkYw5hiet9aIoMvpfdt0UcJyzc ;
to : gh_6536061e4435 ;
time : 1490513093 ;
type : event ;

2017-03-26 15:24:53 params :
------------
Array:
rule : -2 ;
module :  ;
message : Array ;

2017-03-26 15:24:53 response :
------------

2017-03-26 15:25:43 trace :
------------
Array:
tousername : gh_6536061e4435 ;
fromusername : oKwkYw5hiet9aIoMvpfdt0UcJyzc ;
createtime : 1490513143 ;
msgtype : event ;
event : VIEW ;
eventkey : http://kh39.61why.com/app/index.php?i=2&c=entry&eid=198 ;
menuid : 410600728 ;
from : oKwkYw5hiet9aIoMvpfdt0UcJyzc ;
to : gh_6536061e4435 ;
time : 1490513143 ;
type : event ;

2017-03-26 15:25:43 params :
------------
Array:
rule : -2 ;
module :  ;
message : Array ;

2017-03-26 15:25:43 response :
------------

2017-03-26 16:15:30 trace :
------------
Array:
tousername : gh_6536061e4435 ;
fromusername : oKwkYw9A27iCE2wbx5IXncAJ21Sw ;
createtime : 1490516130 ;
msgtype : event ;
event : VIEW ;
eventkey : http://kh39.61why.com/app/index.php?i=2&c=entry&eid=198 ;
menuid : 410600728 ;
from : oKwkYw9A27iCE2wbx5IXncAJ21Sw ;
to : gh_6536061e4435 ;
time : 1490516130 ;
type : event ;

2017-03-26 16:15:30 params :
------------
Array:
rule : -2 ;
module :  ;
message : Array ;

2017-03-26 16:15:30 response :
------------

2017-03-26 16:15:55 trace :
------------
Array:
tousername : gh_6536061e4435 ;
fromusername : oKwkYw3l0eGz3H7e62pX1IDFxwCY ;
createtime : 1490516155 ;
msgtype : event ;
event : VIEW ;
eventkey : http://kh39.61why.com/app/index.php?i=2&c=entry&eid=198 ;
menuid : 410600728 ;
from : oKwkYw3l0eGz3H7e62pX1IDFxwCY ;
to : gh_6536061e4435 ;
time : 1490516155 ;
type : event ;

2017-03-26 16:15:55 params :
------------
Array:
rule : -2 ;
module :  ;
message : Array ;

2017-03-26 16:15:55 response :
------------

2017-03-26 16:26:42 trace :
------------
Array:
tousername : gh_6536061e4435 ;
fromusername : oKwkYw22rCbBSaALxIaH8w23nsLQ ;
createtime : 1490516802 ;
msgtype : event ;
event : VIEW ;
eventkey : http://kh39.61why.com/app/index.php?i=2&c=entry&eid=194 ;
menuid : 410600728 ;
from : oKwkYw22rCbBSaALxIaH8w23nsLQ ;
to : gh_6536061e4435 ;
time : 1490516802 ;
type : event ;

2017-03-26 16:26:42 params :
------------
Array:
rule : -2 ;
module :  ;
message : Array ;

2017-03-26 16:26:42 response :
------------

2017-03-26 16:26:48 trace :
------------
Array:
tousername : gh_6536061e4435 ;
fromusername : oKwkYw9A27iCE2wbx5IXncAJ21Sw ;
createtime : 1490516808 ;
msgtype : event ;
event : VIEW ;
eventkey : http://kh39.61why.com/app/index.php?i=2&c=entry&eid=198 ;
menuid : 410600728 ;
from : oKwkYw9A27iCE2wbx5IXncAJ21Sw ;
to : gh_6536061e4435 ;
time : 1490516808 ;
type : event ;

2017-03-26 16:26:48 params :
------------
Array:
rule : -2 ;
module :  ;
message : Array ;

2017-03-26 16:26:48 response :
------------

2017-03-26 16:27:02 trace :
------------
Array:
tousername : gh_6536061e4435 ;
fromusername : oKwkYw22rCbBSaALxIaH8w23nsLQ ;
createtime : 1490516822 ;
msgtype : event ;
event : VIEW ;
eventkey : http://kh39.61why.com/app/index.php?i=2&c=entry&eid=198 ;
menuid : 410600728 ;
from : oKwkYw22rCbBSaALxIaH8w23nsLQ ;
to : gh_6536061e4435 ;
time : 1490516822 ;
type : event ;

2017-03-26 16:27:02 params :
------------
Array:
rule : -2 ;
module :  ;
message : Array ;

2017-03-26 16:27:02 response :
------------

2017-03-26 16:27:27 trace :
------------
Array:
tousername : gh_6536061e4435 ;
fromusername : oKwkYw5hiet9aIoMvpfdt0UcJyzc ;
createtime : 1490516836 ;
msgtype : event ;
event : VIEW ;
eventkey : http://kh39.61why.com/app/index.php?i=2&c=entry&eid=198 ;
menuid : 410600728 ;
from : oKwkYw5hiet9aIoMvpfdt0UcJyzc ;
to : gh_6536061e4435 ;
time : 1490516836 ;
type : event ;

2017-03-26 16:27:27 params :
------------
Array:
rule : -2 ;
module :  ;
message : Array ;

2017-03-26 16:27:27 response :
------------

2017-03-26 16:49:25 trace :
------------
Array:
tousername : gh_6536061e4435 ;
fromusername : oKwkYwwe6ND5Pg7cA6IK-UExrffU ;
createtime : 1490518165 ;
msgtype : event ;
event : VIEW ;
eventkey : http://kh39.61why.com/app/index.php?i=2&c=entry&eid=198 ;
menuid : 410600728 ;
from : oKwkYwwe6ND5Pg7cA6IK-UExrffU ;
to : gh_6536061e4435 ;
time : 1490518165 ;
type : event ;

2017-03-26 16:49:25 params :
------------
Array:
rule : -2 ;
module :  ;
message : Array ;

2017-03-26 16:49:25 response :
------------

2017-03-26 16:50:06 trace :
------------
Array:
tousername : gh_6536061e4435 ;
fromusername : oKwkYw9A27iCE2wbx5IXncAJ21Sw ;
createtime : 1490518206 ;
msgtype : event ;
event : VIEW ;
eventkey : http://kh39.61why.com/app/index.php?i=2&c=entry&eid=194 ;
menuid : 410600728 ;
from : oKwkYw9A27iCE2wbx5IXncAJ21Sw ;
to : gh_6536061e4435 ;
time : 1490518206 ;
type : event ;

2017-03-26 16:50:06 params :
------------
Array:
rule : -2 ;
module :  ;
message : Array ;

2017-03-26 16:50:06 response :
------------

2017-03-26 16:51:45 trace :
------------
Array:
tousername : gh_6536061e4435 ;
fromusername : oKwkYwwe6ND5Pg7cA6IK-UExrffU ;
createtime : 1490518305 ;
msgtype : event ;
event : VIEW ;
eventkey : http://kh39.61why.com/app/index.php?i=2&c=entry&eid=194 ;
menuid : 410600728 ;
from : oKwkYwwe6ND5Pg7cA6IK-UExrffU ;
to : gh_6536061e4435 ;
time : 1490518305 ;
type : event ;

2017-03-26 16:51:45 params :
------------
Array:
rule : -2 ;
module :  ;
message : Array ;

2017-03-26 16:51:45 response :
------------

2017-03-26 16:51:50 trace :
------------
Array:
tousername : gh_6536061e4435 ;
fromusername : oKwkYwwe6ND5Pg7cA6IK-UExrffU ;
createtime : 1490518310 ;
msgtype : event ;
event : VIEW ;
eventkey : http://kh39.61why.com/app/index.php?i=2&c=entry&eid=198 ;
menuid : 410600728 ;
from : oKwkYwwe6ND5Pg7cA6IK-UExrffU ;
to : gh_6536061e4435 ;
time : 1490518310 ;
type : event ;

2017-03-26 16:51:50 params :
------------
Array:
rule : -2 ;
module :  ;
message : Array ;

2017-03-26 16:51:50 response :
------------

2017-03-26 16:55:27 trace :
------------
Array:
tousername : gh_6536061e4435 ;
fromusername : oKwkYwz2JDaK35xveJd2iWNSLC5Y ;
createtime : 1490518527 ;
msgtype : event ;
event : CLICK ;
eventkey : 二维码 ;
from : oKwkYwz2JDaK35xveJd2iWNSLC5Y ;
to : gh_6536061e4435 ;
time : 1490518527 ;
type : event ;

2017-03-26 16:55:39 trace :
------------
Array:
tousername : gh_6536061e4435 ;
fromusername : oKwkYwz2JDaK35xveJd2iWNSLC5Y ;
createtime : 1490518539 ;
msgtype : event ;
event : VIEW ;
eventkey : http://kh39.61why.com/app/index.php?i=2&c=entry&eid=194 ;
menuid : 410600728 ;
from : oKwkYwz2JDaK35xveJd2iWNSLC5Y ;
to : gh_6536061e4435 ;
time : 1490518539 ;
type : event ;

2017-03-26 16:55:39 params :
------------
Array:
rule : -2 ;
module :  ;
message : Array ;

2017-03-26 16:55:39 response :
------------

2017-03-26 16:59:09 trace :
------------
Array:
tousername : gh_6536061e4435 ;
fromusername : oKwkYwxdGazpUQLKnjr_HrnPicQo ;
createtime : 1490518748 ;
msgtype : event ;
event : VIEW ;
eventkey : http://kh39.61why.com/app/index.php?i=2&c=entry&eid=198 ;
menuid : 410600728 ;
from : oKwkYwxdGazpUQLKnjr_HrnPicQo ;
to : gh_6536061e4435 ;
time : 1490518748 ;
type : event ;

2017-03-26 16:59:09 params :
------------
Array:
rule : -2 ;
module :  ;
message : Array ;

2017-03-26 16:59:09 response :
------------

2017-03-26 17:23:21 trace :
------------
Array:
tousername : gh_6536061e4435 ;
fromusername : oKwkYwwzUkpA6TQ4JcHTMcXSLnmU ;
createtime : 1490520201 ;
msgtype : event ;
event : VIEW ;
eventkey : http://kh39.61why.com/app/index.php?i=2&c=entry&eid=198 ;
menuid : 410600728 ;
from : oKwkYwwzUkpA6TQ4JcHTMcXSLnmU ;
to : gh_6536061e4435 ;
time : 1490520201 ;
type : event ;

2017-03-26 17:23:21 params :
------------
Array:
rule : -2 ;
module :  ;
message : Array ;

2017-03-26 17:23:21 response :
------------

2017-03-26 17:35:31 trace :
------------
Array:
tousername : gh_6536061e4435 ;
fromusername : oKwkYw87Cwvzi0S0zTYXqcoQwWQ8 ;
createtime : 1490520931 ;
msgtype : event ;
event : VIEW ;
eventkey : http://kh39.61why.com/app/index.php?i=2&c=entry&eid=194 ;
menuid : 410600728 ;
from : oKwkYw87Cwvzi0S0zTYXqcoQwWQ8 ;
to : gh_6536061e4435 ;
time : 1490520931 ;
type : event ;

2017-03-26 17:35:31 params :
------------
Array:
rule : -2 ;
module :  ;
message : Array ;

2017-03-26 17:35:31 response :
------------

2017-03-26 17:35:43 trace :
------------
Array:
tousername : gh_6536061e4435 ;
fromusername : oKwkYw91VUym9q_FVeSKCdssqhgA ;
createtime : 1490520943 ;
msgtype : event ;
event : VIEW ;
eventkey : http://kh39.61why.com/app/index.php?i=2&c=entry&eid=198 ;
menuid : 410600728 ;
from : oKwkYw91VUym9q_FVeSKCdssqhgA ;
to : gh_6536061e4435 ;
time : 1490520943 ;
type : event ;

2017-03-26 17:35:43 params :
------------
Array:
rule : -2 ;
module :  ;
message : Array ;

2017-03-26 17:35:43 response :
------------

2017-03-26 17:39:00 trace :
------------
Array:
tousername : gh_6536061e4435 ;
fromusername : oKwkYwz_FtGom2eSyG1qwUGFxNiA ;
createtime : 1490521140 ;
msgtype : event ;
event : VIEW ;
eventkey : http://kh39.61why.com/app/index.php?i=2&c=entry&eid=198 ;
menuid : 410600728 ;
from : oKwkYwz_FtGom2eSyG1qwUGFxNiA ;
to : gh_6536061e4435 ;
time : 1490521140 ;
type : event ;

2017-03-26 17:39:00 params :
------------
Array:
rule : -2 ;
module :  ;
message : Array ;

2017-03-26 17:39:00 response :
------------

2017-03-26 17:54:51 trace :
------------
Array:
tousername : gh_6536061e4435 ;
fromusername : oKwkYw_xZ14UQdvrJFuiI5E87n8w ;
createtime : 1490522091 ;
msgtype : event ;
event : VIEW ;
eventkey : http://kh39.61why.com/app/index.php?i=2&c=entry&eid=198 ;
menuid : 410600728 ;
from : oKwkYw_xZ14UQdvrJFuiI5E87n8w ;
to : gh_6536061e4435 ;
time : 1490522091 ;
type : event ;

2017-03-26 17:54:51 params :
------------
Array:
rule : -2 ;
module :  ;
message : Array ;

2017-03-26 17:54:51 response :
------------

2017-03-26 17:56:57 trace :
------------
Array:
tousername : gh_6536061e4435 ;
fromusername : oKwkYw5hiet9aIoMvpfdt0UcJyzc ;
createtime : 1490522217 ;
msgtype : event ;
event : VIEW ;
eventkey : http://kh39.61why.com/app/index.php?i=2&c=entry&eid=198 ;
menuid : 410600728 ;
from : oKwkYw5hiet9aIoMvpfdt0UcJyzc ;
to : gh_6536061e4435 ;
time : 1490522217 ;
type : event ;

2017-03-26 17:56:57 params :
------------
Array:
rule : -2 ;
module :  ;
message : Array ;

2017-03-26 17:56:57 response :
------------

2017-03-26 18:09:11 trace :
------------
Array:
tousername : gh_6536061e4435 ;
fromusername : oKwkYw5hiet9aIoMvpfdt0UcJyzc ;
createtime : 1490522951 ;
msgtype : event ;
event : VIEW ;
eventkey : http://kh39.61why.com/app/index.php?i=2&c=entry&eid=198 ;
menuid : 410600728 ;
from : oKwkYw5hiet9aIoMvpfdt0UcJyzc ;
to : gh_6536061e4435 ;
time : 1490522951 ;
type : event ;

2017-03-26 18:09:11 params :
------------
Array:
rule : -2 ;
module :  ;
message : Array ;

2017-03-26 18:09:11 response :
------------

2017-03-26 18:12:11 trace :
------------
Array:
tousername : gh_6536061e4435 ;
fromusername : oKwkYw5hiet9aIoMvpfdt0UcJyzc ;
createtime : 1490523131 ;
msgtype : event ;
event : VIEW ;
eventkey : http://kh39.61why.com/app/index.php?i=2&c=entry&eid=198 ;
menuid : 410600728 ;
from : oKwkYw5hiet9aIoMvpfdt0UcJyzc ;
to : gh_6536061e4435 ;
time : 1490523131 ;
type : event ;

2017-03-26 18:12:11 params :
------------
Array:
rule : -2 ;
module :  ;
message : Array ;

2017-03-26 18:12:11 response :
------------

2017-03-26 18:12:14 trace :
------------
Array:
tousername : gh_6536061e4435 ;
fromusername : oKwkYwyolZuGoXgz_4a6-ubUX5Vo ;
createtime : 1490523134 ;
msgtype : event ;
event : VIEW ;
eventkey : http://kh39.61why.com/app/index.php?i=2&c=entry&eid=194 ;
menuid : 410600728 ;
from : oKwkYwyolZuGoXgz_4a6-ubUX5Vo ;
to : gh_6536061e4435 ;
time : 1490523134 ;
type : event ;

2017-03-26 18:12:14 params :
------------
Array:
rule : -2 ;
module :  ;
message : Array ;

2017-03-26 18:12:14 response :
------------

2017-03-26 18:32:23 trace :
------------
Array:
tousername : gh_6536061e4435 ;
fromusername : oKwkYw5hiet9aIoMvpfdt0UcJyzc ;
createtime : 1490524343 ;
msgtype : event ;
event : VIEW ;
eventkey : http://kh39.61why.com/app/index.php?i=2&c=entry&eid=198 ;
menuid : 410600728 ;
from : oKwkYw5hiet9aIoMvpfdt0UcJyzc ;
to : gh_6536061e4435 ;
time : 1490524343 ;
type : event ;

2017-03-26 18:32:23 params :
------------
Array:
rule : -2 ;
module :  ;
message : Array ;

2017-03-26 18:32:23 response :
------------

2017-03-26 18:34:14 trace :
------------
Array:
tousername : gh_6536061e4435 ;
fromusername : oKwkYwzcwyOoY6b_n5vhR2KgLKTs ;
createtime : 1490524454 ;
msgtype : event ;
event : VIEW ;
eventkey : http://kh39.61why.com/app/index.php?i=2&c=entry&eid=194 ;
menuid : 410600728 ;
from : oKwkYwzcwyOoY6b_n5vhR2KgLKTs ;
to : gh_6536061e4435 ;
time : 1490524454 ;
type : event ;

2017-03-26 18:34:14 params :
------------
Array:
rule : -2 ;
module :  ;
message : Array ;

2017-03-26 18:34:14 response :
------------

2017-03-26 18:43:25 trace :
------------
Array:
tousername : gh_6536061e4435 ;
fromusername : oKwkYw5hiet9aIoMvpfdt0UcJyzc ;
createtime : 1490525005 ;
msgtype : event ;
event : VIEW ;
eventkey : http://kh39.61why.com/app/index.php?i=2&c=entry&eid=198 ;
menuid : 410600728 ;
from : oKwkYw5hiet9aIoMvpfdt0UcJyzc ;
to : gh_6536061e4435 ;
time : 1490525005 ;
type : event ;

2017-03-26 18:43:25 params :
------------
Array:
rule : -2 ;
module :  ;
message : Array ;

2017-03-26 18:43:25 response :
------------

2017-03-26 18:44:52 trace :
------------
Array:
tousername : gh_6536061e4435 ;
fromusername : oKwkYw5hiet9aIoMvpfdt0UcJyzc ;
createtime : 1490525091 ;
msgtype : event ;
event : VIEW ;
eventkey : http://kh39.61why.com/app/index.php?i=2&c=entry&eid=198 ;
menuid : 410600728 ;
from : oKwkYw5hiet9aIoMvpfdt0UcJyzc ;
to : gh_6536061e4435 ;
time : 1490525091 ;
type : event ;

2017-03-26 18:44:52 params :
------------
Array:
rule : -2 ;
module :  ;
message : Array ;

2017-03-26 18:44:52 response :
------------

2017-03-26 18:52:13 trace :
------------
Array:
tousername : gh_6536061e4435 ;
fromusername : oKwkYw7UVKNHg19MzY9HddqyJMKU ;
createtime : 1490525533 ;
msgtype : event ;
event : VIEW ;
eventkey : http://kh39.61why.com/app/index.php?i=2&c=entry&eid=194 ;
menuid : 410600728 ;
from : oKwkYw7UVKNHg19MzY9HddqyJMKU ;
to : gh_6536061e4435 ;
time : 1490525533 ;
type : event ;

2017-03-26 18:52:13 params :
------------
Array:
rule : -2 ;
module :  ;
message : Array ;

2017-03-26 18:52:13 response :
------------

2017-03-26 18:55:02 trace :
------------
Array:
tousername : gh_6536061e4435 ;
fromusername : oKwkYwwzUkpA6TQ4JcHTMcXSLnmU ;
createtime : 1490525702 ;
msgtype : event ;
event : VIEW ;
eventkey : http://kh39.61why.com/app/index.php?i=2&c=entry&eid=198 ;
menuid : 410600728 ;
from : oKwkYwwzUkpA6TQ4JcHTMcXSLnmU ;
to : gh_6536061e4435 ;
time : 1490525702 ;
type : event ;

2017-03-26 18:55:02 params :
------------
Array:
rule : -2 ;
module :  ;
message : Array ;

2017-03-26 18:55:02 response :
------------

2017-03-26 18:55:37 trace :
------------
Array:
tousername : gh_6536061e4435 ;
fromusername : oKwkYwwzUkpA6TQ4JcHTMcXSLnmU ;
createtime : 1490525736 ;
msgtype : event ;
event : VIEW ;
eventkey : http://kh39.61why.com/app/index.php?i=2&c=entry&eid=198 ;
menuid : 410600728 ;
from : oKwkYwwzUkpA6TQ4JcHTMcXSLnmU ;
to : gh_6536061e4435 ;
time : 1490525736 ;
type : event ;

2017-03-26 18:55:37 params :
------------
Array:
rule : -2 ;
module :  ;
message : Array ;

2017-03-26 18:55:37 response :
------------

2017-03-26 18:58:20 trace :
------------
Array:
tousername : gh_6536061e4435 ;
fromusername : oKwkYw5S8zWw6zCS6dGdWuuV95fM ;
createtime : 1490525900 ;
msgtype : event ;
event : VIEW ;
eventkey : http://kh39.61why.com/app/index.php?i=2&c=entry&eid=198 ;
menuid : 410600728 ;
from : oKwkYw5S8zWw6zCS6dGdWuuV95fM ;
to : gh_6536061e4435 ;
time : 1490525900 ;
type : event ;

2017-03-26 18:58:20 params :
------------
Array:
rule : -2 ;
module :  ;
message : Array ;

2017-03-26 18:58:20 response :
------------

2017-03-26 19:16:23 trace :
------------
Array:
tousername : gh_6536061e4435 ;
fromusername : oKwkYw5c-4RriDuXnzX1uaaTHlYo ;
createtime : 1490526982 ;
msgtype : event ;
event : CLICK ;
eventkey : 二维码 ;
from : oKwkYw5c-4RriDuXnzX1uaaTHlYo ;
to : gh_6536061e4435 ;
time : 1490526982 ;
type : event ;

2017-03-26 19:21:51 trace :
------------
Array:
tousername : gh_6536061e4435 ;
fromusername : oKwkYwzcwyOoY6b_n5vhR2KgLKTs ;
createtime : 1490527311 ;
msgtype : event ;
event : VIEW ;
eventkey : http://kh39.61why.com/app/index.php?i=2&c=entry&eid=194 ;
menuid : 410600728 ;
from : oKwkYwzcwyOoY6b_n5vhR2KgLKTs ;
to : gh_6536061e4435 ;
time : 1490527311 ;
type : event ;

2017-03-26 19:21:51 params :
------------
Array:
rule : -2 ;
module :  ;
message : Array ;

2017-03-26 19:21:51 response :
------------

2017-03-26 19:25:08 trace :
------------
Array:
tousername : gh_6536061e4435 ;
fromusername : oKwkYw7K9xHIr91Csk-qENfcagnM ;
createtime : 1490527508 ;
msgtype : event ;
event : VIEW ;
eventkey : http://kh39.61why.com/app/index.php?i=2&c=entry&eid=198 ;
menuid : 410600728 ;
from : oKwkYw7K9xHIr91Csk-qENfcagnM ;
to : gh_6536061e4435 ;
time : 1490527508 ;
type : event ;

2017-03-26 19:25:08 params :
------------
Array:
rule : -2 ;
module :  ;
message : Array ;

2017-03-26 19:25:08 response :
------------

2017-03-26 19:46:04 trace :
------------
Array:
tousername : gh_6536061e4435 ;
fromusername : oKwkYwxdGazpUQLKnjr_HrnPicQo ;
createtime : 1490528764 ;
msgtype : event ;
event : VIEW ;
eventkey : http://kh39.61why.com/app/index.php?i=2&c=entry&eid=198 ;
menuid : 410600728 ;
from : oKwkYwxdGazpUQLKnjr_HrnPicQo ;
to : gh_6536061e4435 ;
time : 1490528764 ;
type : event ;

2017-03-26 19:46:04 params :
------------
Array:
rule : -2 ;
module :  ;
message : Array ;

2017-03-26 19:46:04 response :
------------

2017-03-26 19:46:40 trace :
------------
Array:
tousername : gh_6536061e4435 ;
fromusername : oKwkYw0D7snKw9WJkTr_EzwW-SF0 ;
createtime : 1490528800 ;
msgtype : event ;
event : VIEW ;
eventkey : http://kh39.61why.com/app/index.php?i=2&c=entry&eid=198 ;
menuid : 410600728 ;
from : oKwkYw0D7snKw9WJkTr_EzwW-SF0 ;
to : gh_6536061e4435 ;
time : 1490528800 ;
type : event ;

2017-03-26 19:46:40 params :
------------
Array:
rule : -2 ;
module :  ;
message : Array ;

2017-03-26 19:46:40 response :
------------

2017-03-26 20:08:44 trace :
------------
Array:
tousername : gh_6536061e4435 ;
fromusername : oKwkYwyA8e8lnMGuMx9k-4BQiemU ;
createtime : 1490530124 ;
msgtype : event ;
event : CLICK ;
eventkey : 二维码 ;
from : oKwkYwyA8e8lnMGuMx9k-4BQiemU ;
to : gh_6536061e4435 ;
time : 1490530124 ;
type : event ;

2017-03-26 20:28:24 trace :
------------
Array:
tousername : gh_6536061e4435 ;
fromusername : oKwkYwxARASLQisBOfob_1dczJfg ;
createtime : 1490531303 ;
msgtype : event ;
event : subscribe ;
eventkey : qrscene_d8aef4db56ee9b3875f012496226d43e ;
ticket : gQGI8DwAAAAAAAAAAS5odHRwOi8vd2VpeGluLnFxLmNvbS9xLzAyd21ZRjFrSDljbzMxMDAwMGcwN0QAAgQeFW5YAwQAAAAA ;
from : oKwkYwxARASLQisBOfob_1dczJfg ;
to : gh_6536061e4435 ;
time : 1490531303 ;
type : subscribe ;
scene : d8aef4db56ee9b3875f012496226d43e ;

2017-03-26 20:35:24 trace :
------------
Array:
tousername : gh_0ad70057b777 ;
fromusername : o26ibjsrSJzYjD-yXvhf2mf0Ttf8 ;
createtime : 1490531724 ;
msgtype : event ;
event : VIEW ;
eventkey : http://kh39.61why.com/app/index.php?i=2&c=entry&eid=198 ;
menuid : 411738532 ;
from : o26ibjsrSJzYjD-yXvhf2mf0Ttf8 ;
to : gh_0ad70057b777 ;
time : 1490531724 ;
type : event ;

2017-03-26 20:35:24 params :
------------
Array:
rule : -2 ;
module :  ;
message : Array ;

2017-03-26 20:35:24 response :
------------

2017-03-26 20:39:35 trace :
------------
Array:
tousername : gh_6536061e4435 ;
fromusername : oKwkYw5hiet9aIoMvpfdt0UcJyzc ;
createtime : 1490531975 ;
msgtype : event ;
event : VIEW ;
eventkey : http://kh39.61why.com/app/index.php?i=2&c=entry&eid=198 ;
menuid : 410600728 ;
from : oKwkYw5hiet9aIoMvpfdt0UcJyzc ;
to : gh_6536061e4435 ;
time : 1490531975 ;
type : event ;

2017-03-26 20:39:35 params :
------------
Array:
rule : -2 ;
module :  ;
message : Array ;

2017-03-26 20:39:35 response :
------------

2017-03-26 20:45:58 trace :
------------
Array:
tousername : gh_6536061e4435 ;
fromusername : oKwkYw5hiet9aIoMvpfdt0UcJyzc ;
createtime : 1490532357 ;
msgtype : event ;
event : VIEW ;
eventkey : http://kh39.61why.com/app/index.php?i=2&c=entry&eid=198 ;
menuid : 410600728 ;
from : oKwkYw5hiet9aIoMvpfdt0UcJyzc ;
to : gh_6536061e4435 ;
time : 1490532357 ;
type : event ;

2017-03-26 20:45:58 params :
------------
Array:
rule : -2 ;
module :  ;
message : Array ;

2017-03-26 20:45:58 response :
------------

2017-03-26 20:52:08 trace :
------------
Array:
tousername : gh_6536061e4435 ;
fromusername : oKwkYwxdGazpUQLKnjr_HrnPicQo ;
createtime : 1490532728 ;
msgtype : event ;
event : VIEW ;
eventkey : http://kh39.61why.com/app/index.php?i=2&c=entry&eid=198 ;
menuid : 410600728 ;
from : oKwkYwxdGazpUQLKnjr_HrnPicQo ;
to : gh_6536061e4435 ;
time : 1490532728 ;
type : event ;

2017-03-26 20:52:08 params :
------------
Array:
rule : -2 ;
module :  ;
message : Array ;

2017-03-26 20:52:08 response :
------------

2017-03-26 20:52:21 trace :
------------
Array:
tousername : gh_6536061e4435 ;
fromusername : oKwkYwxdGazpUQLKnjr_HrnPicQo ;
createtime : 1490532741 ;
msgtype : event ;
event : VIEW ;
eventkey : http://kh39.61why.com/app/index.php?i=2&c=entry&eid=198 ;
menuid : 410600728 ;
from : oKwkYwxdGazpUQLKnjr_HrnPicQo ;
to : gh_6536061e4435 ;
time : 1490532741 ;
type : event ;

2017-03-26 20:52:21 params :
------------
Array:
rule : -2 ;
module :  ;
message : Array ;

2017-03-26 20:52:21 response :
------------

2017-03-26 20:52:39 trace :
------------
Array:
tousername : gh_6536061e4435 ;
fromusername : oKwkYw5hiet9aIoMvpfdt0UcJyzc ;
createtime : 1490532759 ;
msgtype : event ;
event : VIEW ;
eventkey : http://kh39.61why.com/app/index.php?i=2&c=entry&eid=198 ;
menuid : 410600728 ;
from : oKwkYw5hiet9aIoMvpfdt0UcJyzc ;
to : gh_6536061e4435 ;
time : 1490532759 ;
type : event ;

2017-03-26 20:52:39 params :
------------
Array:
rule : -2 ;
module :  ;
message : Array ;

2017-03-26 20:52:39 response :
------------

2017-03-26 20:55:33 trace :
------------
Array:
tousername : gh_6536061e4435 ;
fromusername : oKwkYwxARASLQisBOfob_1dczJfg ;
createtime : 1490532933 ;
msgtype : event ;
event : SCAN ;
eventkey : d8aef4db56ee9b3875f012496226d43e ;
ticket : gQGI8DwAAAAAAAAAAS5odHRwOi8vd2VpeGluLnFxLmNvbS9xLzAyd21ZRjFrSDljbzMxMDAwMGcwN0QAAgQeFW5YAwQAAAAA ;
from : oKwkYwxARASLQisBOfob_1dczJfg ;
to : gh_6536061e4435 ;
time : 1490532933 ;
type : subscribe ;
scene : d8aef4db56ee9b3875f012496226d43e ;

2017-03-26 20:55:36 trace :
------------
Array:
tousername : gh_6536061e4435 ;
fromusername : oKwkYwxARASLQisBOfob_1dczJfg ;
createtime : 1490532936 ;
msgtype : event ;
event : VIEW ;
eventkey : http://kh39.61why.com/app/index.php?i=2&c=entry&eid=194 ;
menuid : 410600728 ;
from : oKwkYwxARASLQisBOfob_1dczJfg ;
to : gh_6536061e4435 ;
time : 1490532936 ;
type : event ;

2017-03-26 20:55:36 params :
------------
Array:
rule : -2 ;
module :  ;
message : Array ;

2017-03-26 20:55:36 response :
------------

2017-03-26 20:57:12 trace :
------------
Array:
tousername : gh_6536061e4435 ;
fromusername : oKwkYw5hiet9aIoMvpfdt0UcJyzc ;
createtime : 1490533032 ;
msgtype : event ;
event : VIEW ;
eventkey : http://kh39.61why.com/app/index.php?i=2&c=entry&eid=194 ;
menuid : 410600728 ;
from : oKwkYw5hiet9aIoMvpfdt0UcJyzc ;
to : gh_6536061e4435 ;
time : 1490533032 ;
type : event ;

2017-03-26 20:57:12 params :
------------
Array:
rule : -2 ;
module :  ;
message : Array ;

2017-03-26 20:57:12 response :
------------

2017-03-26 21:04:32 trace :
------------
Array:
tousername : gh_6536061e4435 ;
fromusername : oKwkYw5hiet9aIoMvpfdt0UcJyzc ;
createtime : 1490533472 ;
msgtype : event ;
event : VIEW ;
eventkey : http://kh39.61why.com/app/index.php?i=2&c=entry&eid=198 ;
menuid : 410600728 ;
from : oKwkYw5hiet9aIoMvpfdt0UcJyzc ;
to : gh_6536061e4435 ;
time : 1490533472 ;
type : event ;

2017-03-26 21:04:32 params :
------------
Array:
rule : -2 ;
module :  ;
message : Array ;

2017-03-26 21:04:32 response :
------------

2017-03-26 21:05:28 trace :
------------
Array:
tousername : gh_6536061e4435 ;
fromusername : oKwkYw3R07sZc0juT3TD9P04pq8k ;
createtime : 1490533528 ;
msgtype : event ;
event : VIEW ;
eventkey : http://kh39.61why.com/app/index.php?i=2&c=entry&eid=194 ;
menuid : 410600728 ;
from : oKwkYw3R07sZc0juT3TD9P04pq8k ;
to : gh_6536061e4435 ;
time : 1490533528 ;
type : event ;

2017-03-26 21:05:28 params :
------------
Array:
rule : -2 ;
module :  ;
message : Array ;

2017-03-26 21:05:28 response :
------------

2017-03-26 21:19:05 trace :
------------
Array:
tousername : gh_6536061e4435 ;
fromusername : oKwkYw87Cwvzi0S0zTYXqcoQwWQ8 ;
createtime : 1490534345 ;
msgtype : event ;
event : VIEW ;
eventkey : http://kh39.61why.com/app/index.php?i=2&c=entry&eid=198 ;
menuid : 410600728 ;
from : oKwkYw87Cwvzi0S0zTYXqcoQwWQ8 ;
to : gh_6536061e4435 ;
time : 1490534345 ;
type : event ;

2017-03-26 21:19:05 params :
------------
Array:
rule : -2 ;
module :  ;
message : Array ;

2017-03-26 21:19:05 response :
------------

2017-03-26 21:44:31 trace :
------------
Array:
tousername : gh_6536061e4435 ;
fromusername : oKwkYw_J9RB_cOVK9fQ1pD5O99Eo ;
createtime : 1490535871 ;
msgtype : event ;
event : VIEW ;
eventkey : http://kh39.61why.com/app/index.php?i=2&c=entry&eid=198 ;
menuid : 410600728 ;
from : oKwkYw_J9RB_cOVK9fQ1pD5O99Eo ;
to : gh_6536061e4435 ;
time : 1490535871 ;
type : event ;

2017-03-26 21:44:31 params :
------------
Array:
rule : -2 ;
module :  ;
message : Array ;

2017-03-26 21:44:31 response :
------------

2017-03-26 21:46:05 trace :
------------
Array:
tousername : gh_6536061e4435 ;
fromusername : oKwkYw_J9RB_cOVK9fQ1pD5O99Eo ;
createtime : 1490535964 ;
msgtype : event ;
event : VIEW ;
eventkey : http://kh39.61why.com/app/index.php?i=2&c=entry&eid=198 ;
menuid : 410600728 ;
from : oKwkYw_J9RB_cOVK9fQ1pD5O99Eo ;
to : gh_6536061e4435 ;
time : 1490535964 ;
type : event ;

2017-03-26 21:46:05 params :
------------
Array:
rule : -2 ;
module :  ;
message : Array ;

2017-03-26 21:46:05 response :
------------

2017-03-26 21:58:52 trace :
------------
Array:
tousername : gh_6536061e4435 ;
fromusername : oKwkYw5hiet9aIoMvpfdt0UcJyzc ;
createtime : 1490536732 ;
msgtype : event ;
event : VIEW ;
eventkey : http://kh39.61why.com/app/index.php?i=2&c=entry&eid=198 ;
menuid : 410600728 ;
from : oKwkYw5hiet9aIoMvpfdt0UcJyzc ;
to : gh_6536061e4435 ;
time : 1490536732 ;
type : event ;

2017-03-26 21:58:52 params :
------------
Array:
rule : -2 ;
module :  ;
message : Array ;

2017-03-26 21:58:52 response :
------------

2017-03-26 22:03:09 trace :
------------
Array:
tousername : gh_6536061e4435 ;
fromusername : oKwkYw1hdHu_NiSw4Dn_tLeEcWuc ;
createtime : 1490536989 ;
msgtype : event ;
event : VIEW ;
eventkey : http://kh39.61why.com/app/index.php?i=2&c=entry&eid=198 ;
menuid : 410600728 ;
from : oKwkYw1hdHu_NiSw4Dn_tLeEcWuc ;
to : gh_6536061e4435 ;
time : 1490536989 ;
type : event ;

2017-03-26 22:03:09 params :
------------
Array:
rule : -2 ;
module :  ;
message : Array ;

2017-03-26 22:03:09 response :
------------

2017-03-26 22:15:26 trace :
------------
Array:
tousername : gh_6536061e4435 ;
fromusername : oKwkYw_J9RB_cOVK9fQ1pD5O99Eo ;
createtime : 1490537726 ;
msgtype : event ;
event : VIEW ;
eventkey : http://kh39.61why.com/app/index.php?i=2&c=entry&eid=194 ;
menuid : 410600728 ;
from : oKwkYw_J9RB_cOVK9fQ1pD5O99Eo ;
to : gh_6536061e4435 ;
time : 1490537726 ;
type : event ;

2017-03-26 22:15:26 params :
------------
Array:
rule : -2 ;
module :  ;
message : Array ;

2017-03-26 22:15:26 response :
------------

2017-03-26 22:18:28 trace :
------------
Array:
tousername : gh_6536061e4435 ;
fromusername : oKwkYw_J9RB_cOVK9fQ1pD5O99Eo ;
createtime : 1490537908 ;
msgtype : event ;
event : VIEW ;
eventkey : http://kh39.61why.com/app/index.php?i=2&c=entry&eid=198 ;
menuid : 410600728 ;
from : oKwkYw_J9RB_cOVK9fQ1pD5O99Eo ;
to : gh_6536061e4435 ;
time : 1490537908 ;
type : event ;

2017-03-26 22:18:28 params :
------------
Array:
rule : -2 ;
module :  ;
message : Array ;

2017-03-26 22:18:28 response :
------------

2017-03-26 22:19:08 trace :
------------
Array:
tousername : gh_6536061e4435 ;
fromusername : oKwkYw9A27iCE2wbx5IXncAJ21Sw ;
createtime : 1490537948 ;
msgtype : event ;
event : VIEW ;
eventkey : http://kh39.61why.com/app/index.php?i=2&c=entry&eid=198 ;
menuid : 410600728 ;
from : oKwkYw9A27iCE2wbx5IXncAJ21Sw ;
to : gh_6536061e4435 ;
time : 1490537948 ;
type : event ;

2017-03-26 22:19:08 params :
------------
Array:
rule : -2 ;
module :  ;
message : Array ;

2017-03-26 22:19:08 response :
------------

2017-03-26 22:30:42 trace :
------------
Array:
tousername : gh_6536061e4435 ;
fromusername : oKwkYw1hdHu_NiSw4Dn_tLeEcWuc ;
createtime : 1490538642 ;
msgtype : event ;
event : VIEW ;
eventkey : http://kh39.61why.com/app/index.php?i=2&c=entry&eid=198 ;
menuid : 410600728 ;
from : oKwkYw1hdHu_NiSw4Dn_tLeEcWuc ;
to : gh_6536061e4435 ;
time : 1490538642 ;
type : event ;

2017-03-26 22:30:42 params :
------------
Array:
rule : -2 ;
module :  ;
message : Array ;

2017-03-26 22:30:42 response :
------------

2017-03-26 22:40:33 trace :
------------
Array:
tousername : gh_6536061e4435 ;
fromusername : oKwkYw5hiet9aIoMvpfdt0UcJyzc ;
createtime : 1490539233 ;
msgtype : event ;
event : VIEW ;
eventkey : http://kh39.61why.com/app/index.php?i=2&c=entry&eid=198 ;
menuid : 410600728 ;
from : oKwkYw5hiet9aIoMvpfdt0UcJyzc ;
to : gh_6536061e4435 ;
time : 1490539233 ;
type : event ;

2017-03-26 22:40:33 params :
------------
Array:
rule : -2 ;
module :  ;
message : Array ;

2017-03-26 22:40:33 response :
------------

2017-03-26 23:20:15 trace :
------------
Array:
tousername : gh_6536061e4435 ;
fromusername : oKwkYw9A27iCE2wbx5IXncAJ21Sw ;
createtime : 1490541615 ;
msgtype : event ;
event : VIEW ;
eventkey : http://kh39.61why.com/app/index.php?i=2&c=entry&eid=198 ;
menuid : 410600728 ;
from : oKwkYw9A27iCE2wbx5IXncAJ21Sw ;
to : gh_6536061e4435 ;
time : 1490541615 ;
type : event ;

2017-03-26 23:20:15 params :
------------
Array:
rule : -2 ;
module :  ;
message : Array ;

2017-03-26 23:20:15 response :
------------

