2017-04-10 01:02:14 trace :
------------
Array:
tousername : gh_6536061e4435 ;
fromusername : oKwkYw_xwV8MKtwuj4zRQjiDMR7w ;
createtime : 1491757334 ;
msgtype : event ;
event : VIEW ;
eventkey : http://kh39.61why.com/app/index.php?i=2&c=entry&eid=198 ;
menuid : 410600728 ;
from : oKwkYw_xwV8MKtwuj4zRQjiDMR7w ;
to : gh_6536061e4435 ;
time : 1491757334 ;
type : event ;

2017-04-10 01:02:14 params :
------------
Array:
rule : -2 ;
module :  ;
message : Array ;

2017-04-10 01:02:14 response :
------------

2017-04-10 01:04:02 trace :
------------
Array:
tousername : gh_6536061e4435 ;
fromusername : oKwkYw_xwV8MKtwuj4zRQjiDMR7w ;
createtime : 1491757442 ;
msgtype : event ;
event : VIEW ;
eventkey : http://kh39.61why.com/app/index.php?i=2&c=entry&eid=194 ;
menuid : 410600728 ;
from : oKwkYw_xwV8MKtwuj4zRQjiDMR7w ;
to : gh_6536061e4435 ;
time : 1491757442 ;
type : event ;

2017-04-10 01:04:02 params :
------------
Array:
rule : -2 ;
module :  ;
message : Array ;

2017-04-10 01:04:02 response :
------------

2017-04-10 01:05:48 trace :
------------
Array:
tousername : gh_6536061e4435 ;
fromusername : oKwkYw_xwV8MKtwuj4zRQjiDMR7w ;
createtime : 1491757548 ;
msgtype : event ;
event : VIEW ;
eventkey : http://kh39.61why.com/app/index.php?i=2&c=entry&eid=194 ;
menuid : 410600728 ;
from : oKwkYw_xwV8MKtwuj4zRQjiDMR7w ;
to : gh_6536061e4435 ;
time : 1491757548 ;
type : event ;

2017-04-10 01:05:48 params :
------------
Array:
rule : -2 ;
module :  ;
message : Array ;

2017-04-10 01:05:48 response :
------------

2017-04-10 01:06:49 trace :
------------
Array:
tousername : gh_6536061e4435 ;
fromusername : oKwkYw_xwV8MKtwuj4zRQjiDMR7w ;
createtime : 1491757609 ;
msgtype : event ;
event : VIEW ;
eventkey : http://kh39.61why.com/app/index.php?i=2&c=entry&eid=198 ;
menuid : 410600728 ;
from : oKwkYw_xwV8MKtwuj4zRQjiDMR7w ;
to : gh_6536061e4435 ;
time : 1491757609 ;
type : event ;

2017-04-10 01:06:49 params :
------------
Array:
rule : -2 ;
module :  ;
message : Array ;

2017-04-10 01:06:49 response :
------------

2017-04-10 06:47:17 trace :
------------
Array:
tousername : gh_6536061e4435 ;
fromusername : oKwkYw_xZ14UQdvrJFuiI5E87n8w ;
createtime : 1491778037 ;
msgtype : event ;
event : VIEW ;
eventkey : http://kh39.61why.com/app/index.php?i=2&c=entry&eid=198 ;
menuid : 410600728 ;
from : oKwkYw_xZ14UQdvrJFuiI5E87n8w ;
to : gh_6536061e4435 ;
time : 1491778037 ;
type : event ;

2017-04-10 06:47:17 params :
------------
Array:
rule : -2 ;
module :  ;
message : Array ;

2017-04-10 06:47:17 response :
------------

2017-04-10 06:48:40 trace :
------------
Array:
tousername : gh_6536061e4435 ;
fromusername : oKwkYw_xZ14UQdvrJFuiI5E87n8w ;
createtime : 1491778120 ;
msgtype : event ;
event : VIEW ;
eventkey : http://kh39.61why.com/app/index.php?i=2&c=entry&eid=198 ;
menuid : 410600728 ;
from : oKwkYw_xZ14UQdvrJFuiI5E87n8w ;
to : gh_6536061e4435 ;
time : 1491778120 ;
type : event ;

2017-04-10 06:48:40 params :
------------
Array:
rule : -2 ;
module :  ;
message : Array ;

2017-04-10 06:48:40 response :
------------

2017-04-10 07:28:38 trace :
------------
Array:
tousername : gh_6536061e4435 ;
fromusername : oKwkYw5hiet9aIoMvpfdt0UcJyzc ;
createtime : 1491780518 ;
msgtype : event ;
event : VIEW ;
eventkey : http://kh39.61why.com/app/index.php?i=2&c=entry&eid=198 ;
menuid : 410600728 ;
from : oKwkYw5hiet9aIoMvpfdt0UcJyzc ;
to : gh_6536061e4435 ;
time : 1491780518 ;
type : event ;

2017-04-10 07:28:38 params :
------------
Array:
rule : -2 ;
module :  ;
message : Array ;

2017-04-10 07:28:38 response :
------------

2017-04-10 08:19:30 trace :
------------
Array:
tousername : gh_6536061e4435 ;
fromusername : oKwkYw7UVKNHg19MzY9HddqyJMKU ;
createtime : 1491783570 ;
msgtype : event ;
event : CLICK ;
eventkey : 二维码 ;
from : oKwkYw7UVKNHg19MzY9HddqyJMKU ;
to : gh_6536061e4435 ;
time : 1491783570 ;
type : event ;

2017-04-10 08:20:21 trace :
------------
Array:
tousername : gh_6536061e4435 ;
fromusername : oKwkYw5GciWWi5_EQTdQ9lKA0-3s ;
createtime : 1491783621 ;
msgtype : event ;
event : subscribe ;
eventkey : qrscene_3b38436bcb8ff1c532b5b224ac74e381 ;
ticket : gQHn8TwAAAAAAAAAAS5odHRwOi8vd2VpeGluLnFxLmNvbS9xLzAyUTFfQzBhSDljbzMxMDAwMDAwN2IAAgQb1dVYAwQAAAAA ;
from : oKwkYw5GciWWi5_EQTdQ9lKA0-3s ;
to : gh_6536061e4435 ;
time : 1491783621 ;
type : subscribe ;
scene : 3b38436bcb8ff1c532b5b224ac74e381 ;

2017-04-10 08:20:28 trace :
------------
Array:
tousername : gh_6536061e4435 ;
fromusername : oKwkYw5GciWWi5_EQTdQ9lKA0-3s ;
createtime : 1491783628 ;
msgtype : event ;
event : VIEW ;
eventkey : http://kh39.61why.com/app/index.php?i=2&c=entry&eid=194 ;
menuid : 410600728 ;
from : oKwkYw5GciWWi5_EQTdQ9lKA0-3s ;
to : gh_6536061e4435 ;
time : 1491783628 ;
type : event ;

2017-04-10 08:20:28 params :
------------
Array:
rule : -2 ;
module :  ;
message : Array ;

2017-04-10 08:20:28 response :
------------

2017-04-10 08:23:37 trace :
------------
Array:
tousername : gh_6536061e4435 ;
fromusername : oKwkYw5GciWWi5_EQTdQ9lKA0-3s ;
createtime : 1491783817 ;
msgtype : event ;
event : CLICK ;
eventkey : 二维码 ;
from : oKwkYw5GciWWi5_EQTdQ9lKA0-3s ;
to : gh_6536061e4435 ;
time : 1491783817 ;
type : event ;

2017-04-10 08:23:59 trace :
------------
Array:
tousername : gh_6536061e4435 ;
fromusername : oKwkYw5GciWWi5_EQTdQ9lKA0-3s ;
createtime : 1491783839 ;
msgtype : event ;
event : VIEW ;
eventkey : http://kh39.61why.com/app/index.php?i=2&c=entry&eid=194 ;
menuid : 410600728 ;
from : oKwkYw5GciWWi5_EQTdQ9lKA0-3s ;
to : gh_6536061e4435 ;
time : 1491783839 ;
type : event ;

2017-04-10 08:23:59 params :
------------
Array:
rule : -2 ;
module :  ;
message : Array ;

2017-04-10 08:23:59 response :
------------

2017-04-10 08:38:25 trace :
------------
Array:
tousername : gh_6536061e4435 ;
fromusername : oKwkYw7K9xHIr91Csk-qENfcagnM ;
createtime : 1491784705 ;
msgtype : event ;
event : CLICK ;
eventkey : 二维码 ;
from : oKwkYw7K9xHIr91Csk-qENfcagnM ;
to : gh_6536061e4435 ;
time : 1491784705 ;
type : event ;

2017-04-10 09:08:39 trace :
------------
Array:
tousername : gh_6536061e4435 ;
fromusername : oKwkYw9UMAa_W9kI9ZCjvdzk-fL4 ;
createtime : 1491786519 ;
msgtype : event ;
event : VIEW ;
eventkey : http://kh39.61why.com/app/index.php?i=2&c=entry&eid=198 ;
menuid : 410600728 ;
from : oKwkYw9UMAa_W9kI9ZCjvdzk-fL4 ;
to : gh_6536061e4435 ;
time : 1491786519 ;
type : event ;

2017-04-10 09:08:39 params :
------------
Array:
rule : -2 ;
module :  ;
message : Array ;

2017-04-10 09:08:39 response :
------------

2017-04-10 09:09:25 trace :
------------
Array:
tousername : gh_6536061e4435 ;
fromusername : oKwkYwwyE0inF2iTlc0v8LAu99yU ;
createtime : 1491786565 ;
msgtype : event ;
event : VIEW ;
eventkey : http://kh39.61why.com/app/index.php?i=2&c=entry&eid=194 ;
menuid : 410600728 ;
from : oKwkYwwyE0inF2iTlc0v8LAu99yU ;
to : gh_6536061e4435 ;
time : 1491786565 ;
type : event ;

2017-04-10 09:09:25 params :
------------
Array:
rule : -2 ;
module :  ;
message : Array ;

2017-04-10 09:09:25 response :
------------

2017-04-10 09:20:52 trace :
------------
Array:
tousername : gh_6536061e4435 ;
fromusername : oKwkYw4R6Y0t1gRXcaEG6SDBQfjQ ;
createtime : 1491787252 ;
msgtype : event ;
event : VIEW ;
eventkey : http://kh39.61why.com/app/index.php?i=2&c=entry&eid=198 ;
menuid : 410600728 ;
from : oKwkYw4R6Y0t1gRXcaEG6SDBQfjQ ;
to : gh_6536061e4435 ;
time : 1491787252 ;
type : event ;

2017-04-10 09:20:52 params :
------------
Array:
rule : -2 ;
module :  ;
message : Array ;

2017-04-10 09:20:52 response :
------------

2017-04-10 09:21:24 trace :
------------
Array:
tousername : gh_6536061e4435 ;
fromusername : oKwkYw9UMAa_W9kI9ZCjvdzk-fL4 ;
createtime : 1491787284 ;
msgtype : event ;
event : VIEW ;
eventkey : http://kh39.61why.com/app/index.php?i=2&c=entry&eid=194 ;
menuid : 410600728 ;
from : oKwkYw9UMAa_W9kI9ZCjvdzk-fL4 ;
to : gh_6536061e4435 ;
time : 1491787284 ;
type : event ;

2017-04-10 09:21:24 params :
------------
Array:
rule : -2 ;
module :  ;
message : Array ;

2017-04-10 09:21:24 response :
------------

2017-04-10 09:40:41 trace :
------------
Array:
tousername : gh_6536061e4435 ;
fromusername : oKwkYw9UMAa_W9kI9ZCjvdzk-fL4 ;
createtime : 1491788441 ;
msgtype : event ;
event : VIEW ;
eventkey : http://kh39.61why.com/app/index.php?i=2&c=entry&eid=194 ;
menuid : 410600728 ;
from : oKwkYw9UMAa_W9kI9ZCjvdzk-fL4 ;
to : gh_6536061e4435 ;
time : 1491788441 ;
type : event ;

2017-04-10 09:40:42 params :
------------
Array:
rule : -2 ;
module :  ;
message : Array ;

2017-04-10 09:40:42 response :
------------

2017-04-10 09:51:29 trace :
------------
Array:
tousername : gh_6536061e4435 ;
fromusername : oKwkYw_9YUO2R6_g49xq01inGKao ;
createtime : 1491789089 ;
msgtype : event ;
event : CLICK ;
eventkey : 二维码 ;
from : oKwkYw_9YUO2R6_g49xq01inGKao ;
to : gh_6536061e4435 ;
time : 1491789089 ;
type : event ;

2017-04-10 09:51:30 trace :
------------
Array:
tousername : gh_6536061e4435 ;
fromusername : oKwkYw_9YUO2R6_g49xq01inGKao ;
createtime : 1491789090 ;
msgtype : event ;
event : CLICK ;
eventkey : 二维码 ;
from : oKwkYw_9YUO2R6_g49xq01inGKao ;
to : gh_6536061e4435 ;
time : 1491789090 ;
type : event ;

2017-04-10 09:51:32 trace :
------------
Array:
tousername : gh_6536061e4435 ;
fromusername : oKwkYw_9YUO2R6_g49xq01inGKao ;
createtime : 1491789092 ;
msgtype : event ;
event : CLICK ;
eventkey : 二维码 ;
from : oKwkYw_9YUO2R6_g49xq01inGKao ;
to : gh_6536061e4435 ;
time : 1491789092 ;
type : event ;

2017-04-10 09:51:33 trace :
------------
Array:
tousername : gh_6536061e4435 ;
fromusername : oKwkYw_9YUO2R6_g49xq01inGKao ;
createtime : 1491789093 ;
msgtype : event ;
event : CLICK ;
eventkey : 二维码 ;
from : oKwkYw_9YUO2R6_g49xq01inGKao ;
to : gh_6536061e4435 ;
time : 1491789093 ;
type : event ;

2017-04-10 09:52:08 trace :
------------
Array:
tousername : gh_6536061e4435 ;
fromusername : oKwkYw0AMieDEEUAShT-6s5BgQWY ;
createtime : 1491789128 ;
msgtype : event ;
event : subscribe ;
eventkey : qrscene_7e3a3abc742468a0715a6f0b05a8902f ;
ticket : gQG_8TwAAAAAAAAAAS5odHRwOi8vd2VpeGluLnFxLmNvbS9xLzAyZnEzXzFRSDljbzMxMDAwMHcwN1QAAgRIjapYAwQAAAAA ;
from : oKwkYw0AMieDEEUAShT-6s5BgQWY ;
to : gh_6536061e4435 ;
time : 1491789128 ;
type : subscribe ;
scene : 7e3a3abc742468a0715a6f0b05a8902f ;

2017-04-10 09:52:16 trace :
------------
Array:
tousername : gh_6536061e4435 ;
fromusername : oKwkYw0AMieDEEUAShT-6s5BgQWY ;
createtime : 1491789135 ;
msgtype : event ;
event : VIEW ;
eventkey : http://kh39.61why.com/app/index.php?i=2&c=entry&eid=194 ;
menuid : 410600728 ;
from : oKwkYw0AMieDEEUAShT-6s5BgQWY ;
to : gh_6536061e4435 ;
time : 1491789135 ;
type : event ;

2017-04-10 09:52:16 params :
------------
Array:
rule : -2 ;
module :  ;
message : Array ;

2017-04-10 09:52:16 response :
------------

2017-04-10 09:59:12 trace :
------------
Array:
tousername : gh_6536061e4435 ;
fromusername : oKwkYwwGYxsxiD_YuZwsLkj42MY8 ;
createtime : 1491789552 ;
msgtype : event ;
event : VIEW ;
eventkey : http://kh39.61why.com/app/index.php?i=2&c=entry&eid=198 ;
menuid : 410600728 ;
from : oKwkYwwGYxsxiD_YuZwsLkj42MY8 ;
to : gh_6536061e4435 ;
time : 1491789552 ;
type : event ;

2017-04-10 09:59:12 params :
------------
Array:
rule : -2 ;
module :  ;
message : Array ;

2017-04-10 09:59:12 response :
------------

2017-04-10 10:13:35 trace :
------------
Array:
tousername : gh_6536061e4435 ;
fromusername : oKwkYw1yj38KOhGZ_VHM2TrE79xY ;
createtime : 1491790415 ;
msgtype : event ;
event : VIEW ;
eventkey : http://kh39.61why.com/app/index.php?i=2&c=entry&eid=198 ;
menuid : 410600728 ;
from : oKwkYw1yj38KOhGZ_VHM2TrE79xY ;
to : gh_6536061e4435 ;
time : 1491790415 ;
type : event ;

2017-04-10 10:13:35 params :
------------
Array:
rule : -2 ;
module :  ;
message : Array ;

2017-04-10 10:13:35 response :
------------

2017-04-10 10:21:42 trace :
------------
Array:
tousername : gh_6536061e4435 ;
fromusername : oKwkYw0Lffxa65YQCLVZZ6tPc_NA ;
createtime : 1491790902 ;
msgtype : event ;
event : VIEW ;
eventkey : http://kh39.61why.com/app/index.php?i=2&c=entry&eid=198 ;
menuid : 410600728 ;
from : oKwkYw0Lffxa65YQCLVZZ6tPc_NA ;
to : gh_6536061e4435 ;
time : 1491790902 ;
type : event ;

2017-04-10 10:21:42 params :
------------
Array:
rule : -2 ;
module :  ;
message : Array ;

2017-04-10 10:21:42 response :
------------

2017-04-10 10:33:36 trace :
------------
Array:
tousername : gh_6536061e4435 ;
fromusername : oKwkYw5hiet9aIoMvpfdt0UcJyzc ;
createtime : 1491791616 ;
msgtype : event ;
event : VIEW ;
eventkey : http://kh39.61why.com/app/index.php?i=2&c=entry&eid=198 ;
menuid : 410600728 ;
from : oKwkYw5hiet9aIoMvpfdt0UcJyzc ;
to : gh_6536061e4435 ;
time : 1491791616 ;
type : event ;

2017-04-10 10:33:36 params :
------------
Array:
rule : -2 ;
module :  ;
message : Array ;

2017-04-10 10:33:36 response :
------------

2017-04-10 10:34:09 trace :
------------
Array:
tousername : gh_6536061e4435 ;
fromusername : oKwkYw5hiet9aIoMvpfdt0UcJyzc ;
createtime : 1491791649 ;
msgtype : event ;
event : VIEW ;
eventkey : http://kh39.61why.com/app/index.php?i=2&c=entry&eid=194 ;
menuid : 410600728 ;
from : oKwkYw5hiet9aIoMvpfdt0UcJyzc ;
to : gh_6536061e4435 ;
time : 1491791649 ;
type : event ;

2017-04-10 10:34:09 params :
------------
Array:
rule : -2 ;
module :  ;
message : Array ;

2017-04-10 10:34:09 response :
------------

2017-04-10 10:35:13 trace :
------------
Array:
tousername : gh_6536061e4435 ;
fromusername : oKwkYw7Bkin9Cejh8Z-6PzFdyV4E ;
createtime : 1491791713 ;
msgtype : event ;
event : CLICK ;
eventkey : 二维码 ;
from : oKwkYw7Bkin9Cejh8Z-6PzFdyV4E ;
to : gh_6536061e4435 ;
time : 1491791713 ;
type : event ;

2017-04-10 10:35:15 trace :
------------
Array:
tousername : gh_6536061e4435 ;
fromusername : oKwkYw7Bkin9Cejh8Z-6PzFdyV4E ;
createtime : 1491791715 ;
msgtype : event ;
event : VIEW ;
eventkey : http://kh39.61why.com/app/index.php?i=2&c=entry&eid=198 ;
menuid : 410600728 ;
from : oKwkYw7Bkin9Cejh8Z-6PzFdyV4E ;
to : gh_6536061e4435 ;
time : 1491791715 ;
type : event ;

2017-04-10 10:35:15 params :
------------
Array:
rule : -2 ;
module :  ;
message : Array ;

2017-04-10 10:35:15 response :
------------

2017-04-10 10:35:16 trace :
------------
Array:
tousername : gh_6536061e4435 ;
fromusername : oKwkYw7Bkin9Cejh8Z-6PzFdyV4E ;
createtime : 1491791715 ;
msgtype : event ;
event : VIEW ;
eventkey : http://kh39.61why.com/app/index.php?i=2&c=entry&eid=198 ;
menuid : 410600728 ;
from : oKwkYw7Bkin9Cejh8Z-6PzFdyV4E ;
to : gh_6536061e4435 ;
time : 1491791715 ;
type : event ;

2017-04-10 10:35:16 params :
------------
Array:
rule : -2 ;
module :  ;
message : Array ;

2017-04-10 10:35:16 response :
------------

2017-04-10 10:35:17 trace :
------------
Array:
tousername : gh_6536061e4435 ;
fromusername : oKwkYw7Bkin9Cejh8Z-6PzFdyV4E ;
createtime : 1491791717 ;
msgtype : event ;
event : VIEW ;
eventkey : http://kh39.61why.com/app/index.php?i=2&c=entry&eid=198 ;
menuid : 410600728 ;
from : oKwkYw7Bkin9Cejh8Z-6PzFdyV4E ;
to : gh_6536061e4435 ;
time : 1491791717 ;
type : event ;

2017-04-10 10:35:17 params :
------------
Array:
rule : -2 ;
module :  ;
message : Array ;

2017-04-10 10:35:17 response :
------------

2017-04-10 10:37:57 trace :
------------
Array:
tousername : gh_6536061e4435 ;
fromusername : oKwkYw5hiet9aIoMvpfdt0UcJyzc ;
createtime : 1491791877 ;
msgtype : event ;
event : VIEW ;
eventkey : http://kh39.61why.com/app/index.php?i=2&c=entry&eid=194 ;
menuid : 410600728 ;
from : oKwkYw5hiet9aIoMvpfdt0UcJyzc ;
to : gh_6536061e4435 ;
time : 1491791877 ;
type : event ;

2017-04-10 10:37:57 params :
------------
Array:
rule : -2 ;
module :  ;
message : Array ;

2017-04-10 10:37:57 response :
------------

2017-04-10 10:43:32 trace :
------------
Array:
tousername : gh_6536061e4435 ;
fromusername : oKwkYwywEpFgDWbwv_V6u_yoYYIo ;
createtime : 1491792212 ;
msgtype : event ;
event : VIEW ;
eventkey : http://kh39.61why.com/app/index.php?i=2&c=entry&eid=198 ;
menuid : 410600728 ;
from : oKwkYwywEpFgDWbwv_V6u_yoYYIo ;
to : gh_6536061e4435 ;
time : 1491792212 ;
type : event ;

2017-04-10 10:43:32 params :
------------
Array:
rule : -2 ;
module :  ;
message : Array ;

2017-04-10 10:43:32 response :
------------

2017-04-10 10:43:42 trace :
------------
Array:
tousername : gh_6536061e4435 ;
fromusername : oKwkYwzAxW1ankwPcu4pqbwb8ZXU ;
createtime : 1491792222 ;
msgtype : event ;
event : VIEW ;
eventkey : http://kh39.61why.com/app/index.php?i=2&c=entry&eid=198 ;
menuid : 410600728 ;
from : oKwkYwzAxW1ankwPcu4pqbwb8ZXU ;
to : gh_6536061e4435 ;
time : 1491792222 ;
type : event ;

2017-04-10 10:43:42 params :
------------
Array:
rule : -2 ;
module :  ;
message : Array ;

2017-04-10 10:43:42 response :
------------

2017-04-10 10:43:54 trace :
------------
Array:
tousername : gh_6536061e4435 ;
fromusername : oKwkYwzAxW1ankwPcu4pqbwb8ZXU ;
createtime : 1491792234 ;
msgtype : event ;
event : VIEW ;
eventkey : http://kh39.61why.com/app/index.php?i=2&c=entry&eid=194 ;
menuid : 410600728 ;
from : oKwkYwzAxW1ankwPcu4pqbwb8ZXU ;
to : gh_6536061e4435 ;
time : 1491792234 ;
type : event ;

2017-04-10 10:43:54 params :
------------
Array:
rule : -2 ;
module :  ;
message : Array ;

2017-04-10 10:43:54 response :
------------

2017-04-10 10:49:59 trace :
------------
Array:
tousername : gh_6536061e4435 ;
fromusername : oKwkYw5aZVLzwkFAF7c8MByCIFLc ;
createtime : 1491792599 ;
msgtype : event ;
event : subscribe ;
eventkey : qrscene_d8aef4db56ee9b3875f012496226d43e ;
ticket : gQGI8DwAAAAAAAAAAS5odHRwOi8vd2VpeGluLnFxLmNvbS9xLzAyd21ZRjFrSDljbzMxMDAwMGcwN0QAAgQeFW5YAwQAAAAA ;
from : oKwkYw5aZVLzwkFAF7c8MByCIFLc ;
to : gh_6536061e4435 ;
time : 1491792599 ;
type : subscribe ;
scene : d8aef4db56ee9b3875f012496226d43e ;

2017-04-10 10:50:02 trace :
------------
Array:
tousername : gh_6536061e4435 ;
fromusername : oKwkYw5aZVLzwkFAF7c8MByCIFLc ;
createtime : 1491792602 ;
msgtype : event ;
event : VIEW ;
eventkey : http://kh39.61why.com/app/index.php?i=2&c=entry&eid=194 ;
menuid : 410600728 ;
from : oKwkYw5aZVLzwkFAF7c8MByCIFLc ;
to : gh_6536061e4435 ;
time : 1491792602 ;
type : event ;

2017-04-10 10:50:02 params :
------------
Array:
rule : -2 ;
module :  ;
message : Array ;

2017-04-10 10:50:02 response :
------------

2017-04-10 10:55:05 trace :
------------
Array:
tousername : gh_6536061e4435 ;
fromusername : oKwkYwywEpFgDWbwv_V6u_yoYYIo ;
createtime : 1491792905 ;
msgtype : event ;
event : VIEW ;
eventkey : http://kh39.61why.com/app/index.php?i=2&c=entry&eid=194 ;
menuid : 410600728 ;
from : oKwkYwywEpFgDWbwv_V6u_yoYYIo ;
to : gh_6536061e4435 ;
time : 1491792905 ;
type : event ;

2017-04-10 10:55:05 params :
------------
Array:
rule : -2 ;
module :  ;
message : Array ;

2017-04-10 10:55:05 response :
------------

2017-04-10 11:02:55 trace :
------------
Array:
tousername : gh_6536061e4435 ;
fromusername : oKwkYwywEpFgDWbwv_V6u_yoYYIo ;
createtime : 1491793375 ;
msgtype : event ;
event : VIEW ;
eventkey : http://kh39.61why.com/app/index.php?i=2&c=entry&eid=194 ;
menuid : 410600728 ;
from : oKwkYwywEpFgDWbwv_V6u_yoYYIo ;
to : gh_6536061e4435 ;
time : 1491793375 ;
type : event ;

2017-04-10 11:02:55 params :
------------
Array:
rule : -2 ;
module :  ;
message : Array ;

2017-04-10 11:02:55 response :
------------

2017-04-10 11:07:01 trace :
------------
Array:
tousername : gh_6536061e4435 ;
fromusername : oKwkYwyA8e8lnMGuMx9k-4BQiemU ;
createtime : 1491793621 ;
msgtype : event ;
event : VIEW ;
eventkey : http://kh39.61why.com/app/index.php?i=2&c=entry&eid=198 ;
menuid : 410600728 ;
from : oKwkYwyA8e8lnMGuMx9k-4BQiemU ;
to : gh_6536061e4435 ;
time : 1491793621 ;
type : event ;

2017-04-10 11:07:01 params :
------------
Array:
rule : -2 ;
module :  ;
message : Array ;

2017-04-10 11:07:01 response :
------------

2017-04-10 11:10:28 trace :
------------
Array:
tousername : gh_6536061e4435 ;
fromusername : oKwkYw7Bkin9Cejh8Z-6PzFdyV4E ;
createtime : 1491793828 ;
msgtype : event ;
event : VIEW ;
eventkey : http://kh39.61why.com/app/index.php?i=2&c=entry&eid=198 ;
menuid : 410600728 ;
from : oKwkYw7Bkin9Cejh8Z-6PzFdyV4E ;
to : gh_6536061e4435 ;
time : 1491793828 ;
type : event ;

2017-04-10 11:10:28 params :
------------
Array:
rule : -2 ;
module :  ;
message : Array ;

2017-04-10 11:10:28 response :
------------

2017-04-10 11:11:39 trace :
------------
Array:
tousername : gh_6536061e4435 ;
fromusername : oKwkYw5Hv5-mrEGrZ572fv2JrB_s ;
createtime : 1491793899 ;
msgtype : event ;
event : VIEW ;
eventkey : http://kh39.61why.com/app/index.php?i=2&c=entry&eid=194 ;
menuid : 410600728 ;
from : oKwkYw5Hv5-mrEGrZ572fv2JrB_s ;
to : gh_6536061e4435 ;
time : 1491793899 ;
type : event ;

2017-04-10 11:11:39 params :
------------
Array:
rule : -2 ;
module :  ;
message : Array ;

2017-04-10 11:11:39 response :
------------

2017-04-10 11:11:52 trace :
------------
Array:
tousername : gh_6536061e4435 ;
fromusername : oKwkYw5Hv5-mrEGrZ572fv2JrB_s ;
createtime : 1491793912 ;
msgtype : event ;
event : VIEW ;
eventkey : http://kh39.61why.com/app/index.php?i=2&c=entry&eid=194 ;
menuid : 410600728 ;
from : oKwkYw5Hv5-mrEGrZ572fv2JrB_s ;
to : gh_6536061e4435 ;
time : 1491793912 ;
type : event ;

2017-04-10 11:11:52 params :
------------
Array:
rule : -2 ;
module :  ;
message : Array ;

2017-04-10 11:11:52 response :
------------

2017-04-10 11:13:28 trace :
------------
Array:
tousername : gh_6536061e4435 ;
fromusername : oKwkYw0b_nY3vy2dlsZiutChx2qg ;
createtime : 1491794008 ;
msgtype : event ;
event : VIEW ;
eventkey : http://kh39.61why.com/app/index.php?i=2&c=entry&eid=198 ;
menuid : 410600728 ;
from : oKwkYw0b_nY3vy2dlsZiutChx2qg ;
to : gh_6536061e4435 ;
time : 1491794008 ;
type : event ;

2017-04-10 11:13:28 params :
------------
Array:
rule : -2 ;
module :  ;
message : Array ;

2017-04-10 11:13:28 response :
------------

2017-04-10 11:14:22 trace :
------------
Array:
tousername : gh_6536061e4435 ;
fromusername : oKwkYw5Hv5-mrEGrZ572fv2JrB_s ;
createtime : 1491794062 ;
msgtype : event ;
event : CLICK ;
eventkey : 二维码 ;
from : oKwkYw5Hv5-mrEGrZ572fv2JrB_s ;
to : gh_6536061e4435 ;
time : 1491794062 ;
type : event ;

2017-04-10 11:14:30 trace :
------------
Array:
tousername : gh_6536061e4435 ;
fromusername : oKwkYw5Hv5-mrEGrZ572fv2JrB_s ;
createtime : 1491794070 ;
msgtype : event ;
event : VIEW ;
eventkey : http://kh39.61why.com/app/index.php?i=2&c=entry&eid=194 ;
menuid : 410600728 ;
from : oKwkYw5Hv5-mrEGrZ572fv2JrB_s ;
to : gh_6536061e4435 ;
time : 1491794070 ;
type : event ;

2017-04-10 11:14:30 params :
------------
Array:
rule : -2 ;
module :  ;
message : Array ;

2017-04-10 11:14:30 response :
------------

2017-04-10 11:38:11 trace :
------------
Array:
tousername : gh_6536061e4435 ;
fromusername : oKwkYw7Bkin9Cejh8Z-6PzFdyV4E ;
createtime : 1491795491 ;
msgtype : event ;
event : VIEW ;
eventkey : http://kh39.61why.com/app/index.php?i=2&c=entry&eid=198 ;
menuid : 410600728 ;
from : oKwkYw7Bkin9Cejh8Z-6PzFdyV4E ;
to : gh_6536061e4435 ;
time : 1491795491 ;
type : event ;

2017-04-10 11:38:11 params :
------------
Array:
rule : -2 ;
module :  ;
message : Array ;

2017-04-10 11:38:11 response :
------------

2017-04-10 11:47:00 trace :
------------
Array:
tousername : gh_6536061e4435 ;
fromusername : oKwkYw5Hv5-mrEGrZ572fv2JrB_s ;
createtime : 1491796020 ;
msgtype : event ;
event : VIEW ;
eventkey : http://kh39.61why.com/app/index.php?i=2&c=entry&eid=194 ;
menuid : 410600728 ;
from : oKwkYw5Hv5-mrEGrZ572fv2JrB_s ;
to : gh_6536061e4435 ;
time : 1491796020 ;
type : event ;

2017-04-10 11:47:00 params :
------------
Array:
rule : -2 ;
module :  ;
message : Array ;

2017-04-10 11:47:00 response :
------------

2017-04-10 11:50:15 trace :
------------
Array:
tousername : gh_6536061e4435 ;
fromusername : oKwkYw5hiet9aIoMvpfdt0UcJyzc ;
createtime : 1491796215 ;
msgtype : event ;
event : VIEW ;
eventkey : http://kh39.61why.com/app/index.php?i=2&c=entry&eid=198 ;
menuid : 410600728 ;
from : oKwkYw5hiet9aIoMvpfdt0UcJyzc ;
to : gh_6536061e4435 ;
time : 1491796215 ;
type : event ;

2017-04-10 11:50:15 params :
------------
Array:
rule : -2 ;
module :  ;
message : Array ;

2017-04-10 11:50:15 response :
------------

2017-04-10 12:05:46 trace :
------------
Array:
tousername : gh_6536061e4435 ;
fromusername : oKwkYw7Vp_SvB1oKymd6C32TBT98 ;
createtime : 1491797146 ;
msgtype : event ;
event : VIEW ;
eventkey : http://kh39.61why.com/app/index.php?i=2&c=entry&eid=198 ;
menuid : 410600728 ;
from : oKwkYw7Vp_SvB1oKymd6C32TBT98 ;
to : gh_6536061e4435 ;
time : 1491797146 ;
type : event ;

2017-04-10 12:05:46 params :
------------
Array:
rule : -2 ;
module :  ;
message : Array ;

2017-04-10 12:05:46 response :
------------

2017-04-10 12:08:27 trace :
------------
Array:
tousername : gh_6536061e4435 ;
fromusername : oKwkYw5Hv5-mrEGrZ572fv2JrB_s ;
createtime : 1491797307 ;
msgtype : event ;
event : VIEW ;
eventkey : http://kh39.61why.com/app/index.php?i=2&c=entry&eid=194 ;
menuid : 410600728 ;
from : oKwkYw5Hv5-mrEGrZ572fv2JrB_s ;
to : gh_6536061e4435 ;
time : 1491797307 ;
type : event ;

2017-04-10 12:08:27 params :
------------
Array:
rule : -2 ;
module :  ;
message : Array ;

2017-04-10 12:08:27 response :
------------

2017-04-10 12:19:35 trace :
------------
Array:
tousername : gh_6536061e4435 ;
fromusername : oKwkYw7Vp_SvB1oKymd6C32TBT98 ;
createtime : 1491797975 ;
msgtype : event ;
event : VIEW ;
eventkey : http://kh39.61why.com/app/index.php?i=2&c=entry&eid=194 ;
menuid : 410600728 ;
from : oKwkYw7Vp_SvB1oKymd6C32TBT98 ;
to : gh_6536061e4435 ;
time : 1491797975 ;
type : event ;

2017-04-10 12:19:35 params :
------------
Array:
rule : -2 ;
module :  ;
message : Array ;

2017-04-10 12:19:35 response :
------------

2017-04-10 12:40:31 trace :
------------
Array:
tousername : gh_6536061e4435 ;
fromusername : oKwkYw_bAZRIJXV7HdLATQ_honPU ;
createtime : 1491799231 ;
msgtype : event ;
event : subscribe ;
eventkey : qrscene_d8aef4db56ee9b3875f012496226d43e ;
ticket : gQGI8DwAAAAAAAAAAS5odHRwOi8vd2VpeGluLnFxLmNvbS9xLzAyd21ZRjFrSDljbzMxMDAwMGcwN0QAAgQeFW5YAwQAAAAA ;
from : oKwkYw_bAZRIJXV7HdLATQ_honPU ;
to : gh_6536061e4435 ;
time : 1491799231 ;
type : subscribe ;
scene : d8aef4db56ee9b3875f012496226d43e ;

2017-04-10 12:40:55 trace :
------------
Array:
tousername : gh_6536061e4435 ;
fromusername : oKwkYw_bAZRIJXV7HdLATQ_honPU ;
createtime : 1491799255 ;
msgtype : event ;
event : VIEW ;
eventkey : http://kh39.61why.com/app/index.php?i=2&c=entry&eid=194 ;
menuid : 410600728 ;
from : oKwkYw_bAZRIJXV7HdLATQ_honPU ;
to : gh_6536061e4435 ;
time : 1491799255 ;
type : event ;

2017-04-10 12:40:55 params :
------------
Array:
rule : -2 ;
module :  ;
message : Array ;

2017-04-10 12:40:55 response :
------------

2017-04-10 12:41:52 trace :
------------
Array:
tousername : gh_6536061e4435 ;
fromusername : oKwkYw_bAZRIJXV7HdLATQ_honPU ;
createtime : 1491799312 ;
msgtype : event ;
event : VIEW ;
eventkey : http://kh39.61why.com/app/index.php?i=2&c=entry&eid=198 ;
menuid : 410600728 ;
from : oKwkYw_bAZRIJXV7HdLATQ_honPU ;
to : gh_6536061e4435 ;
time : 1491799312 ;
type : event ;

2017-04-10 12:41:52 params :
------------
Array:
rule : -2 ;
module :  ;
message : Array ;

2017-04-10 12:41:52 response :
------------

2017-04-10 12:47:21 trace :
------------
Array:
tousername : gh_6536061e4435 ;
fromusername : oKwkYw5Hv5-mrEGrZ572fv2JrB_s ;
createtime : 1491799641 ;
msgtype : event ;
event : VIEW ;
eventkey : http://kh39.61why.com/app/index.php?i=2&c=entry&eid=194 ;
menuid : 410600728 ;
from : oKwkYw5Hv5-mrEGrZ572fv2JrB_s ;
to : gh_6536061e4435 ;
time : 1491799641 ;
type : event ;

2017-04-10 12:47:21 params :
------------
Array:
rule : -2 ;
module :  ;
message : Array ;

2017-04-10 12:47:21 response :
------------

2017-04-10 13:06:44 trace :
------------
Array:
tousername : gh_6536061e4435 ;
fromusername : oKwkYw5Hv5-mrEGrZ572fv2JrB_s ;
createtime : 1491800804 ;
msgtype : event ;
event : VIEW ;
eventkey : http://kh39.61why.com/app/index.php?i=2&c=entry&eid=194 ;
menuid : 410600728 ;
from : oKwkYw5Hv5-mrEGrZ572fv2JrB_s ;
to : gh_6536061e4435 ;
time : 1491800804 ;
type : event ;

2017-04-10 13:06:44 params :
------------
Array:
rule : -2 ;
module :  ;
message : Array ;

2017-04-10 13:06:44 response :
------------

2017-04-10 13:32:08 trace :
------------
Array:
tousername : gh_6536061e4435 ;
fromusername : oKwkYw7Bkin9Cejh8Z-6PzFdyV4E ;
createtime : 1491802328 ;
msgtype : event ;
event : VIEW ;
eventkey : http://kh39.61why.com/app/index.php?i=2&c=entry&eid=194 ;
menuid : 410600728 ;
from : oKwkYw7Bkin9Cejh8Z-6PzFdyV4E ;
to : gh_6536061e4435 ;
time : 1491802328 ;
type : event ;

2017-04-10 13:32:08 params :
------------
Array:
rule : -2 ;
module :  ;
message : Array ;

2017-04-10 13:32:08 response :
------------

2017-04-10 13:32:53 trace :
------------
Array:
tousername : gh_6536061e4435 ;
fromusername : oKwkYw7Bkin9Cejh8Z-6PzFdyV4E ;
createtime : 1491802373 ;
msgtype : event ;
event : VIEW ;
eventkey : http://kh39.61why.com/app/index.php?i=2&c=entry&eid=194 ;
menuid : 410600728 ;
from : oKwkYw7Bkin9Cejh8Z-6PzFdyV4E ;
to : gh_6536061e4435 ;
time : 1491802373 ;
type : event ;

2017-04-10 13:32:53 params :
------------
Array:
rule : -2 ;
module :  ;
message : Array ;

2017-04-10 13:32:53 response :
------------

2017-04-10 13:43:44 trace :
------------
Array:
tousername : gh_6536061e4435 ;
fromusername : oKwkYw7pQ-JqP9vIIA8GLv7-Wtjk ;
createtime : 1491803024 ;
msgtype : event ;
event : CLICK ;
eventkey : 二维码 ;
from : oKwkYw7pQ-JqP9vIIA8GLv7-Wtjk ;
to : gh_6536061e4435 ;
time : 1491803024 ;
type : event ;

2017-04-10 13:44:05 trace :
------------
Array:
tousername : gh_6536061e4435 ;
fromusername : oKwkYw3l0eGz3H7e62pX1IDFxwCY ;
createtime : 1491803044 ;
msgtype : event ;
event : VIEW ;
eventkey : http://kh39.61why.com/app/index.php?i=2&c=entry&eid=194 ;
menuid : 410600728 ;
from : oKwkYw3l0eGz3H7e62pX1IDFxwCY ;
to : gh_6536061e4435 ;
time : 1491803044 ;
type : event ;

2017-04-10 13:44:05 params :
------------
Array:
rule : -2 ;
module :  ;
message : Array ;

2017-04-10 13:44:05 response :
------------

2017-04-10 13:44:22 trace :
------------
Array:
tousername : gh_6536061e4435 ;
fromusername : oKwkYw7pQ-JqP9vIIA8GLv7-Wtjk ;
createtime : 1491803062 ;
msgtype : event ;
event : SCAN ;
eventkey : 5f8fbff8a0229d99519cd90f84b997f0 ;
ticket : gQGY8TwAAAAAAAAAAS5odHRwOi8vd2VpeGluLnFxLmNvbS9xLzAya0lsdzFBSDljbzMxMDAwMHcwN0QAAgSRG_tYAwQAAAAA ;
from : oKwkYw7pQ-JqP9vIIA8GLv7-Wtjk ;
to : gh_6536061e4435 ;
time : 1491803062 ;
type : subscribe ;
scene : 5f8fbff8a0229d99519cd90f84b997f0 ;

2017-04-10 13:44:28 trace :
------------
Array:
tousername : gh_6536061e4435 ;
fromusername : oKwkYw7pQ-JqP9vIIA8GLv7-Wtjk ;
createtime : 1491803068 ;
msgtype : event ;
event : CLICK ;
eventkey : 二维码 ;
from : oKwkYw7pQ-JqP9vIIA8GLv7-Wtjk ;
to : gh_6536061e4435 ;
time : 1491803068 ;
type : event ;

2017-04-10 13:44:31 trace :
------------
Array:
tousername : gh_6536061e4435 ;
fromusername : oKwkYw7pQ-JqP9vIIA8GLv7-Wtjk ;
createtime : 1491803071 ;
msgtype : event ;
event : VIEW ;
eventkey : http://kh39.61why.com/app/index.php?i=2&c=entry&eid=198 ;
menuid : 410600728 ;
from : oKwkYw7pQ-JqP9vIIA8GLv7-Wtjk ;
to : gh_6536061e4435 ;
time : 1491803071 ;
type : event ;

2017-04-10 13:44:31 params :
------------
Array:
rule : -2 ;
module :  ;
message : Array ;

2017-04-10 13:44:31 response :
------------

2017-04-10 13:45:39 trace :
------------
Array:
tousername : gh_6536061e4435 ;
fromusername : oKwkYw3l0eGz3H7e62pX1IDFxwCY ;
createtime : 1491803138 ;
msgtype : event ;
event : VIEW ;
eventkey : http://kh39.61why.com/app/index.php?i=2&c=entry&eid=194 ;
menuid : 410600728 ;
from : oKwkYw3l0eGz3H7e62pX1IDFxwCY ;
to : gh_6536061e4435 ;
time : 1491803138 ;
type : event ;

2017-04-10 13:45:39 params :
------------
Array:
rule : -2 ;
module :  ;
message : Array ;

2017-04-10 13:45:39 response :
------------

2017-04-10 13:45:44 trace :
------------
Array:
tousername : gh_6536061e4435 ;
fromusername : oKwkYw0BA1YP8keawD-5iFhFImKU ;
createtime : 1491803144 ;
msgtype : event ;
event : subscribe ;
eventkey : qrscene_525d94ad43118a6754b57f549669d6e3 ;
ticket : gQHD8DwAAAAAAAAAAS5odHRwOi8vd2VpeGluLnFxLmNvbS9xLzAyWW8tODBzSDljbzMxMDAwMHcwN3AAAgSKf3BYAwQAAAAA ;
from : oKwkYw0BA1YP8keawD-5iFhFImKU ;
to : gh_6536061e4435 ;
time : 1491803144 ;
type : subscribe ;
scene : 525d94ad43118a6754b57f549669d6e3 ;

2017-04-10 13:45:51 trace :
------------
Array:
tousername : gh_6536061e4435 ;
fromusername : oKwkYw0BA1YP8keawD-5iFhFImKU ;
createtime : 1491803151 ;
msgtype : event ;
event : VIEW ;
eventkey : http://kh39.61why.com/app/index.php?i=2&c=entry&eid=194 ;
menuid : 410600728 ;
from : oKwkYw0BA1YP8keawD-5iFhFImKU ;
to : gh_6536061e4435 ;
time : 1491803151 ;
type : event ;

2017-04-10 13:45:51 params :
------------
Array:
rule : -2 ;
module :  ;
message : Array ;

2017-04-10 13:45:51 response :
------------

2017-04-10 13:45:51 trace :
------------
Array:
tousername : gh_6536061e4435 ;
fromusername : oKwkYw0BA1YP8keawD-5iFhFImKU ;
createtime : 1491803151 ;
msgtype : event ;
event : VIEW ;
eventkey : http://kh39.61why.com/app/index.php?i=2&c=entry&eid=194 ;
menuid : 410600728 ;
from : oKwkYw0BA1YP8keawD-5iFhFImKU ;
to : gh_6536061e4435 ;
time : 1491803151 ;
type : event ;

2017-04-10 13:45:51 params :
------------
Array:
rule : -2 ;
module :  ;
message : Array ;

2017-04-10 13:45:51 response :
------------

2017-04-10 13:53:47 trace :
------------
Array:
tousername : gh_6536061e4435 ;
fromusername : oKwkYwwyE0inF2iTlc0v8LAu99yU ;
createtime : 1491803627 ;
msgtype : event ;
event : VIEW ;
eventkey : http://kh39.61why.com/app/index.php?i=2&c=entry&eid=194 ;
menuid : 410600728 ;
from : oKwkYwwyE0inF2iTlc0v8LAu99yU ;
to : gh_6536061e4435 ;
time : 1491803627 ;
type : event ;

2017-04-10 13:53:47 params :
------------
Array:
rule : -2 ;
module :  ;
message : Array ;

2017-04-10 13:53:47 response :
------------

2017-04-10 14:01:15 trace :
------------
Array:
tousername : gh_6536061e4435 ;
fromusername : oKwkYw0BA1YP8keawD-5iFhFImKU ;
createtime : 1491804075 ;
msgtype : event ;
event : SCAN ;
eventkey : 525d94ad43118a6754b57f549669d6e3 ;
ticket : gQHD8DwAAAAAAAAAAS5odHRwOi8vd2VpeGluLnFxLmNvbS9xLzAyWW8tODBzSDljbzMxMDAwMHcwN3AAAgSKf3BYAwQAAAAA ;
from : oKwkYw0BA1YP8keawD-5iFhFImKU ;
to : gh_6536061e4435 ;
time : 1491804075 ;
type : subscribe ;
scene : 525d94ad43118a6754b57f549669d6e3 ;

2017-04-10 14:01:15 trace :
------------
Array:
tousername : gh_6536061e4435 ;
fromusername : oKwkYw0BA1YP8keawD-5iFhFImKU ;
createtime : 1491804075 ;
msgtype : event ;
event : SCAN ;
eventkey : 525d94ad43118a6754b57f549669d6e3 ;
ticket : gQHD8DwAAAAAAAAAAS5odHRwOi8vd2VpeGluLnFxLmNvbS9xLzAyWW8tODBzSDljbzMxMDAwMHcwN3AAAgSKf3BYAwQAAAAA ;
from : oKwkYw0BA1YP8keawD-5iFhFImKU ;
to : gh_6536061e4435 ;
time : 1491804075 ;
type : subscribe ;
scene : 525d94ad43118a6754b57f549669d6e3 ;

2017-04-10 14:01:22 trace :
------------
Array:
tousername : gh_6536061e4435 ;
fromusername : oKwkYw0BA1YP8keawD-5iFhFImKU ;
createtime : 1491804082 ;
msgtype : event ;
event : VIEW ;
eventkey : http://kh39.61why.com/app/index.php?i=2&c=entry&eid=198 ;
menuid : 410600728 ;
from : oKwkYw0BA1YP8keawD-5iFhFImKU ;
to : gh_6536061e4435 ;
time : 1491804082 ;
type : event ;

2017-04-10 14:01:22 params :
------------
Array:
rule : -2 ;
module :  ;
message : Array ;

2017-04-10 14:01:22 response :
------------

2017-04-10 14:01:30 trace :
------------
Array:
tousername : gh_6536061e4435 ;
fromusername : oKwkYw0BA1YP8keawD-5iFhFImKU ;
createtime : 1491804090 ;
msgtype : event ;
event : VIEW ;
eventkey : http://kh39.61why.com/app/index.php?i=2&c=entry&eid=194 ;
menuid : 410600728 ;
from : oKwkYw0BA1YP8keawD-5iFhFImKU ;
to : gh_6536061e4435 ;
time : 1491804090 ;
type : event ;

2017-04-10 14:01:30 params :
------------
Array:
rule : -2 ;
module :  ;
message : Array ;

2017-04-10 14:01:30 response :
------------

2017-04-10 14:05:37 trace :
------------
Array:
tousername : gh_6536061e4435 ;
fromusername : oKwkYw0BA1YP8keawD-5iFhFImKU ;
createtime : 1491804337 ;
msgtype : event ;
event : CLICK ;
eventkey : 二维码 ;
from : oKwkYw0BA1YP8keawD-5iFhFImKU ;
to : gh_6536061e4435 ;
time : 1491804337 ;
type : event ;

2017-04-10 14:05:45 trace :
------------
Array:
tousername : gh_6536061e4435 ;
fromusername : oKwkYw0BA1YP8keawD-5iFhFImKU ;
createtime : 1491804345 ;
msgtype : event ;
event : VIEW ;
eventkey : http://kh39.61why.com/app/index.php?i=2&c=entry&eid=194 ;
menuid : 410600728 ;
from : oKwkYw0BA1YP8keawD-5iFhFImKU ;
to : gh_6536061e4435 ;
time : 1491804345 ;
type : event ;

2017-04-10 14:05:45 params :
------------
Array:
rule : -2 ;
module :  ;
message : Array ;

2017-04-10 14:05:45 response :
------------

2017-04-10 14:09:17 trace :
------------
Array:
tousername : gh_6536061e4435 ;
fromusername : oKwkYw5Hv5-mrEGrZ572fv2JrB_s ;
createtime : 1491804557 ;
msgtype : event ;
event : VIEW ;
eventkey : http://kh39.61why.com/app/index.php?i=2&c=entry&eid=194 ;
menuid : 410600728 ;
from : oKwkYw5Hv5-mrEGrZ572fv2JrB_s ;
to : gh_6536061e4435 ;
time : 1491804557 ;
type : event ;

2017-04-10 14:09:17 params :
------------
Array:
rule : -2 ;
module :  ;
message : Array ;

2017-04-10 14:09:17 response :
------------

2017-04-10 14:12:43 trace :
------------
Array:
tousername : gh_6536061e4435 ;
fromusername : oKwkYwywEpFgDWbwv_V6u_yoYYIo ;
createtime : 1491804763 ;
msgtype : event ;
event : VIEW ;
eventkey : http://kh39.61why.com/app/index.php?i=2&c=entry&eid=198 ;
menuid : 410600728 ;
from : oKwkYwywEpFgDWbwv_V6u_yoYYIo ;
to : gh_6536061e4435 ;
time : 1491804763 ;
type : event ;

2017-04-10 14:12:43 params :
------------
Array:
rule : -2 ;
module :  ;
message : Array ;

2017-04-10 14:12:43 response :
------------

2017-04-10 15:04:47 trace :
------------
Array:
tousername : gh_6536061e4435 ;
fromusername : oKwkYwwYq4EhByxPFosA0Iv5zEok ;
createtime : 1491807887 ;
msgtype : event ;
event : VIEW ;
eventkey : http://kh39.61why.com/app/index.php?i=2&c=entry&eid=198 ;
menuid : 410600728 ;
from : oKwkYwwYq4EhByxPFosA0Iv5zEok ;
to : gh_6536061e4435 ;
time : 1491807887 ;
type : event ;

2017-04-10 15:04:47 params :
------------
Array:
rule : -2 ;
module :  ;
message : Array ;

2017-04-10 15:04:47 response :
------------

2017-04-10 15:16:20 trace :
------------
Array:
tousername : gh_6536061e4435 ;
fromusername : oKwkYw7CiI1KpzXiwSOrgb0ephJc ;
createtime : 1491808579 ;
msgtype : event ;
event : VIEW ;
eventkey : http://kh39.61why.com/app/index.php?i=2&c=entry&eid=194 ;
menuid : 410600728 ;
from : oKwkYw7CiI1KpzXiwSOrgb0ephJc ;
to : gh_6536061e4435 ;
time : 1491808579 ;
type : event ;

2017-04-10 15:16:20 params :
------------
Array:
rule : -2 ;
module :  ;
message : Array ;

2017-04-10 15:16:20 response :
------------

2017-04-10 15:56:21 trace :
------------
Array:
tousername : gh_6536061e4435 ;
fromusername : oKwkYw1yj38KOhGZ_VHM2TrE79xY ;
createtime : 1491810981 ;
msgtype : event ;
event : VIEW ;
eventkey : http://kh39.61why.com/app/index.php?i=2&c=entry&eid=198 ;
menuid : 410600728 ;
from : oKwkYw1yj38KOhGZ_VHM2TrE79xY ;
to : gh_6536061e4435 ;
time : 1491810981 ;
type : event ;

2017-04-10 15:56:21 params :
------------
Array:
rule : -2 ;
module :  ;
message : Array ;

2017-04-10 15:56:21 response :
------------

2017-04-10 15:56:45 trace :
------------
Array:
tousername : gh_6536061e4435 ;
fromusername : oKwkYw0h6VxgZ9uOJHMl9V2-_zXY ;
createtime : 1491811005 ;
msgtype : event ;
event : VIEW ;
eventkey : http://kh39.61why.com/app/index.php?i=2&c=entry&eid=194 ;
menuid : 410600728 ;
from : oKwkYw0h6VxgZ9uOJHMl9V2-_zXY ;
to : gh_6536061e4435 ;
time : 1491811005 ;
type : event ;

2017-04-10 15:56:45 params :
------------
Array:
rule : -2 ;
module :  ;
message : Array ;

2017-04-10 15:56:45 response :
------------

2017-04-10 15:57:36 trace :
------------
Array:
tousername : gh_6536061e4435 ;
fromusername : oKwkYw1yj38KOhGZ_VHM2TrE79xY ;
createtime : 1491811056 ;
msgtype : event ;
event : VIEW ;
eventkey : http://kh39.61why.com/app/index.php?i=2&c=entry&eid=198 ;
menuid : 410600728 ;
from : oKwkYw1yj38KOhGZ_VHM2TrE79xY ;
to : gh_6536061e4435 ;
time : 1491811056 ;
type : event ;

2017-04-10 15:57:36 params :
------------
Array:
rule : -2 ;
module :  ;
message : Array ;

2017-04-10 15:57:36 response :
------------

2017-04-10 16:10:27 trace :
------------
Array:
tousername : gh_6536061e4435 ;
fromusername : oKwkYwxdGazpUQLKnjr_HrnPicQo ;
createtime : 1491811827 ;
msgtype : event ;
event : VIEW ;
eventkey : http://kh39.61why.com/app/index.php?i=2&c=entry&eid=198 ;
menuid : 410600728 ;
from : oKwkYwxdGazpUQLKnjr_HrnPicQo ;
to : gh_6536061e4435 ;
time : 1491811827 ;
type : event ;

2017-04-10 16:10:27 params :
------------
Array:
rule : -2 ;
module :  ;
message : Array ;

2017-04-10 16:10:27 response :
------------

2017-04-10 16:30:26 trace :
------------
Array:
tousername : gh_6536061e4435 ;
fromusername : oKwkYwxdGazpUQLKnjr_HrnPicQo ;
createtime : 1491813026 ;
msgtype : event ;
event : VIEW ;
eventkey : http://kh39.61why.com/app/index.php?i=2&c=entry&eid=194 ;
menuid : 410600728 ;
from : oKwkYwxdGazpUQLKnjr_HrnPicQo ;
to : gh_6536061e4435 ;
time : 1491813026 ;
type : event ;

2017-04-10 16:30:26 params :
------------
Array:
rule : -2 ;
module :  ;
message : Array ;

2017-04-10 16:30:26 response :
------------

2017-04-10 16:32:09 trace :
------------
Array:
tousername : gh_6536061e4435 ;
fromusername : oKwkYw2VsJaVw6U-2omv4FpFl6ss ;
createtime : 1491813129 ;
msgtype : event ;
event : subscribe ;
eventkey : Array ;
from : oKwkYw2VsJaVw6U-2omv4FpFl6ss ;
to : gh_6536061e4435 ;
time : 1491813129 ;
type : subscribe ;

2017-04-10 16:32:09 params :
------------
Array:
rule : -2 ;
module :  ;
message : Array ;

2017-04-10 16:32:09 response :
------------

2017-04-10 16:32:13 trace :
------------
Array:
tousername : gh_6536061e4435 ;
fromusername : oKwkYw1hdHu_NiSw4Dn_tLeEcWuc ;
createtime : 1491813133 ;
msgtype : event ;
event : CLICK ;
eventkey : 二维码 ;
from : oKwkYw1hdHu_NiSw4Dn_tLeEcWuc ;
to : gh_6536061e4435 ;
time : 1491813133 ;
type : event ;

2017-04-10 16:32:14 trace :
------------
Array:
tousername : gh_6536061e4435 ;
fromusername : oKwkYw2VsJaVw6U-2omv4FpFl6ss ;
createtime : 1491813134 ;
msgtype : event ;
event : VIEW ;
eventkey : http://kh39.61why.com/app/index.php?i=2&c=entry&eid=194 ;
menuid : 410600728 ;
from : oKwkYw2VsJaVw6U-2omv4FpFl6ss ;
to : gh_6536061e4435 ;
time : 1491813134 ;
type : event ;

2017-04-10 16:32:14 params :
------------
Array:
rule : -2 ;
module :  ;
message : Array ;

2017-04-10 16:32:14 response :
------------

2017-04-10 16:38:12 trace :
------------
Array:
tousername : gh_6536061e4435 ;
fromusername : oKwkYw84feTgpJWpsESujx9yTaGM ;
createtime : 1491813492 ;
msgtype : event ;
event : subscribe ;
eventkey : qrscene_21e9a3548a908ff6b3b3ab4ec321b02d ;
ticket : gQFk8jwAAAAAAAAAAS5odHRwOi8vd2VpeGluLnFxLmNvbS9xLzAyQk5iYTEtSDljbzMxMDAwMGcwN0sAAgTooqJYAwQAAAAA ;
from : oKwkYw84feTgpJWpsESujx9yTaGM ;
to : gh_6536061e4435 ;
time : 1491813492 ;
type : subscribe ;
scene : 21e9a3548a908ff6b3b3ab4ec321b02d ;

2017-04-10 16:38:21 trace :
------------
Array:
tousername : gh_6536061e4435 ;
fromusername : oKwkYw84feTgpJWpsESujx9yTaGM ;
createtime : 1491813501 ;
msgtype : event ;
event : CLICK ;
eventkey : 二维码 ;
from : oKwkYw84feTgpJWpsESujx9yTaGM ;
to : gh_6536061e4435 ;
time : 1491813501 ;
type : event ;

2017-04-10 16:38:32 trace :
------------
Array:
tousername : gh_6536061e4435 ;
fromusername : oKwkYw84feTgpJWpsESujx9yTaGM ;
createtime : 1491813512 ;
msgtype : event ;
event : VIEW ;
eventkey : http://kh39.61why.com/app/index.php?i=2&c=entry&eid=194 ;
menuid : 410600728 ;
from : oKwkYw84feTgpJWpsESujx9yTaGM ;
to : gh_6536061e4435 ;
time : 1491813512 ;
type : event ;

2017-04-10 16:38:32 params :
------------
Array:
rule : -2 ;
module :  ;
message : Array ;

2017-04-10 16:38:32 response :
------------

2017-04-10 16:53:31 trace :
------------
Array:
tousername : gh_6536061e4435 ;
fromusername : oKwkYw9JjaWmWJIk9_vbpq3JbefU ;
createtime : 1491814411 ;
msgtype : event ;
event : subscribe ;
eventkey : qrscene_3b38436bcb8ff1c532b5b224ac74e381 ;
ticket : gQHn8TwAAAAAAAAAAS5odHRwOi8vd2VpeGluLnFxLmNvbS9xLzAyUTFfQzBhSDljbzMxMDAwMDAwN2IAAgQb1dVYAwQAAAAA ;
from : oKwkYw9JjaWmWJIk9_vbpq3JbefU ;
to : gh_6536061e4435 ;
time : 1491814411 ;
type : subscribe ;
scene : 3b38436bcb8ff1c532b5b224ac74e381 ;

2017-04-10 16:53:40 trace :
------------
Array:
tousername : gh_6536061e4435 ;
fromusername : oKwkYw9JjaWmWJIk9_vbpq3JbefU ;
createtime : 1491814420 ;
msgtype : event ;
event : VIEW ;
eventkey : http://kh39.61why.com/app/index.php?i=2&c=entry&eid=194 ;
menuid : 410600728 ;
from : oKwkYw9JjaWmWJIk9_vbpq3JbefU ;
to : gh_6536061e4435 ;
time : 1491814420 ;
type : event ;

2017-04-10 16:53:40 params :
------------
Array:
rule : -2 ;
module :  ;
message : Array ;

2017-04-10 16:53:40 response :
------------

2017-04-10 16:55:38 trace :
------------
Array:
tousername : gh_6536061e4435 ;
fromusername : oKwkYw4JhrDgEtsmoyMwYrX-YgGg ;
createtime : 1491814538 ;
msgtype : event ;
event : VIEW ;
eventkey : http://kh39.61why.com/app/index.php?i=2&c=entry&eid=194 ;
menuid : 410600728 ;
from : oKwkYw4JhrDgEtsmoyMwYrX-YgGg ;
to : gh_6536061e4435 ;
time : 1491814538 ;
type : event ;

2017-04-10 16:55:38 params :
------------
Array:
rule : -2 ;
module :  ;
message : Array ;

2017-04-10 16:55:38 response :
------------

2017-04-10 16:55:50 trace :
------------
Array:
tousername : gh_6536061e4435 ;
fromusername : oKwkYw9JjaWmWJIk9_vbpq3JbefU ;
createtime : 1491814550 ;
msgtype : event ;
event : VIEW ;
eventkey : http://kh39.61why.com/app/index.php?i=2&c=entry&eid=194 ;
menuid : 410600728 ;
from : oKwkYw9JjaWmWJIk9_vbpq3JbefU ;
to : gh_6536061e4435 ;
time : 1491814550 ;
type : event ;

2017-04-10 16:55:50 params :
------------
Array:
rule : -2 ;
module :  ;
message : Array ;

2017-04-10 16:55:50 response :
------------

2017-04-10 17:00:12 trace :
------------
Array:
tousername : gh_6536061e4435 ;
fromusername : oKwkYw7UVKNHg19MzY9HddqyJMKU ;
createtime : 1491814812 ;
msgtype : event ;
event : VIEW ;
eventkey : http://kh39.61why.com/app/index.php?i=2&c=entry&eid=194 ;
menuid : 410600728 ;
from : oKwkYw7UVKNHg19MzY9HddqyJMKU ;
to : gh_6536061e4435 ;
time : 1491814812 ;
type : event ;

2017-04-10 17:00:12 params :
------------
Array:
rule : -2 ;
module :  ;
message : Array ;

2017-04-10 17:00:12 response :
------------

2017-04-10 17:04:04 trace :
------------
Array:
tousername : gh_6536061e4435 ;
fromusername : oKwkYw3OHRCQa6CoHaKYywAhba24 ;
createtime : 1491815044 ;
msgtype : event ;
event : VIEW ;
eventkey : http://kh39.61why.com/app/index.php?i=2&c=entry&eid=198 ;
menuid : 410600728 ;
from : oKwkYw3OHRCQa6CoHaKYywAhba24 ;
to : gh_6536061e4435 ;
time : 1491815044 ;
type : event ;

2017-04-10 17:04:04 params :
------------
Array:
rule : -2 ;
module :  ;
message : Array ;

2017-04-10 17:04:04 response :
------------

2017-04-10 17:05:52 trace :
------------
Array:
tousername : gh_6536061e4435 ;
fromusername : oKwkYw3OHRCQa6CoHaKYywAhba24 ;
createtime : 1491815152 ;
msgtype : event ;
event : VIEW ;
eventkey : http://kh39.61why.com/app/index.php?i=2&c=entry&eid=194 ;
menuid : 410600728 ;
from : oKwkYw3OHRCQa6CoHaKYywAhba24 ;
to : gh_6536061e4435 ;
time : 1491815152 ;
type : event ;

2017-04-10 17:05:52 params :
------------
Array:
rule : -2 ;
module :  ;
message : Array ;

2017-04-10 17:05:52 response :
------------

2017-04-10 17:17:47 trace :
------------
Array:
tousername : gh_6536061e4435 ;
fromusername : oKwkYw9JjaWmWJIk9_vbpq3JbefU ;
createtime : 1491815867 ;
msgtype : event ;
event : VIEW ;
eventkey : http://kh39.61why.com/app/index.php?i=2&c=entry&eid=194 ;
menuid : 410600728 ;
from : oKwkYw9JjaWmWJIk9_vbpq3JbefU ;
to : gh_6536061e4435 ;
time : 1491815867 ;
type : event ;

2017-04-10 17:17:47 params :
------------
Array:
rule : -2 ;
module :  ;
message : Array ;

2017-04-10 17:17:47 response :
------------

2017-04-10 17:31:50 trace :
------------
Array:
tousername : gh_6536061e4435 ;
fromusername : oKwkYw5hiet9aIoMvpfdt0UcJyzc ;
createtime : 1491816710 ;
msgtype : event ;
event : VIEW ;
eventkey : http://kh39.61why.com/app/index.php?i=2&c=entry&eid=198 ;
menuid : 410600728 ;
from : oKwkYw5hiet9aIoMvpfdt0UcJyzc ;
to : gh_6536061e4435 ;
time : 1491816710 ;
type : event ;

2017-04-10 17:31:50 params :
------------
Array:
rule : -2 ;
module :  ;
message : Array ;

2017-04-10 17:31:50 response :
------------

2017-04-10 17:57:27 trace :
------------
Array:
tousername : gh_6536061e4435 ;
fromusername : oKwkYw5hiet9aIoMvpfdt0UcJyzc ;
createtime : 1491818247 ;
msgtype : event ;
event : VIEW ;
eventkey : http://kh39.61why.com/app/index.php?i=2&c=entry&eid=198 ;
menuid : 410600728 ;
from : oKwkYw5hiet9aIoMvpfdt0UcJyzc ;
to : gh_6536061e4435 ;
time : 1491818247 ;
type : event ;

2017-04-10 17:57:27 params :
------------
Array:
rule : -2 ;
module :  ;
message : Array ;

2017-04-10 17:57:27 response :
------------

2017-04-10 18:09:38 trace :
------------
Array:
tousername : gh_6536061e4435 ;
fromusername : oKwkYw5hiet9aIoMvpfdt0UcJyzc ;
createtime : 1491818978 ;
msgtype : event ;
event : VIEW ;
eventkey : http://kh39.61why.com/app/index.php?i=2&c=entry&eid=198 ;
menuid : 410600728 ;
from : oKwkYw5hiet9aIoMvpfdt0UcJyzc ;
to : gh_6536061e4435 ;
time : 1491818978 ;
type : event ;

2017-04-10 18:09:38 params :
------------
Array:
rule : -2 ;
module :  ;
message : Array ;

2017-04-10 18:09:38 response :
------------

2017-04-10 18:11:55 trace :
------------
Array:
tousername : gh_6536061e4435 ;
fromusername : oKwkYw5aHcyjux9ql6D7O9WEBmx4 ;
createtime : 1491819115 ;
msgtype : event ;
event : VIEW ;
eventkey : http://kh39.61why.com/app/index.php?i=2&c=entry&eid=198 ;
menuid : 410600728 ;
from : oKwkYw5aHcyjux9ql6D7O9WEBmx4 ;
to : gh_6536061e4435 ;
time : 1491819115 ;
type : event ;

2017-04-10 18:11:55 params :
------------
Array:
rule : -2 ;
module :  ;
message : Array ;

2017-04-10 18:11:55 response :
------------

2017-04-10 18:17:09 trace :
------------
Array:
tousername : gh_6536061e4435 ;
fromusername : oKwkYw2nImHKWKIupSQheHQb875o ;
createtime : 1491819429 ;
msgtype : event ;
event : VIEW ;
eventkey : http://kh39.61why.com/app/index.php?i=2&c=entry&eid=198 ;
menuid : 410600728 ;
from : oKwkYw2nImHKWKIupSQheHQb875o ;
to : gh_6536061e4435 ;
time : 1491819429 ;
type : event ;

2017-04-10 18:17:09 params :
------------
Array:
rule : -2 ;
module :  ;
message : Array ;

2017-04-10 18:17:09 response :
------------

2017-04-10 18:44:24 trace :
------------
Array:
tousername : gh_6536061e4435 ;
fromusername : oKwkYw5hiet9aIoMvpfdt0UcJyzc ;
createtime : 1491821063 ;
msgtype : event ;
event : VIEW ;
eventkey : http://kh39.61why.com/app/index.php?i=2&c=entry&eid=198 ;
menuid : 410600728 ;
from : oKwkYw5hiet9aIoMvpfdt0UcJyzc ;
to : gh_6536061e4435 ;
time : 1491821063 ;
type : event ;

2017-04-10 18:44:24 params :
------------
Array:
rule : -2 ;
module :  ;
message : Array ;

2017-04-10 18:44:24 response :
------------

2017-04-10 19:04:10 trace :
------------
Array:
tousername : gh_6536061e4435 ;
fromusername : oKwkYw9A27iCE2wbx5IXncAJ21Sw ;
createtime : 1491822250 ;
msgtype : event ;
event : VIEW ;
eventkey : http://kh39.61why.com/app/index.php?i=2&c=entry&eid=198 ;
menuid : 410600728 ;
from : oKwkYw9A27iCE2wbx5IXncAJ21Sw ;
to : gh_6536061e4435 ;
time : 1491822250 ;
type : event ;

2017-04-10 19:04:10 params :
------------
Array:
rule : -2 ;
module :  ;
message : Array ;

2017-04-10 19:04:10 response :
------------

2017-04-10 19:09:06 trace :
------------
Array:
tousername : gh_6536061e4435 ;
fromusername : oKwkYw0h6VxgZ9uOJHMl9V2-_zXY ;
createtime : 1491822546 ;
msgtype : event ;
event : VIEW ;
eventkey : http://kh39.61why.com/app/index.php?i=2&c=entry&eid=194 ;
menuid : 410600728 ;
from : oKwkYw0h6VxgZ9uOJHMl9V2-_zXY ;
to : gh_6536061e4435 ;
time : 1491822546 ;
type : event ;

2017-04-10 19:09:06 params :
------------
Array:
rule : -2 ;
module :  ;
message : Array ;

2017-04-10 19:09:06 response :
------------

2017-04-10 19:10:03 trace :
------------
Array:
tousername : gh_6536061e4435 ;
fromusername : oKwkYw0h6VxgZ9uOJHMl9V2-_zXY ;
createtime : 1491822603 ;
msgtype : event ;
event : VIEW ;
eventkey : http://kh39.61why.com/app/index.php?i=2&c=entry&eid=194 ;
menuid : 410600728 ;
from : oKwkYw0h6VxgZ9uOJHMl9V2-_zXY ;
to : gh_6536061e4435 ;
time : 1491822603 ;
type : event ;

2017-04-10 19:10:03 params :
------------
Array:
rule : -2 ;
module :  ;
message : Array ;

2017-04-10 19:10:03 response :
------------

2017-04-10 19:10:19 trace :
------------
Array:
tousername : gh_6536061e4435 ;
fromusername : oKwkYw5hiet9aIoMvpfdt0UcJyzc ;
createtime : 1491822619 ;
msgtype : event ;
event : VIEW ;
eventkey : http://kh39.61why.com/app/index.php?i=2&c=entry&eid=198 ;
menuid : 410600728 ;
from : oKwkYw5hiet9aIoMvpfdt0UcJyzc ;
to : gh_6536061e4435 ;
time : 1491822619 ;
type : event ;

2017-04-10 19:10:19 params :
------------
Array:
rule : -2 ;
module :  ;
message : Array ;

2017-04-10 19:10:19 response :
------------

2017-04-10 19:27:38 trace :
------------
Array:
tousername : gh_6536061e4435 ;
fromusername : oKwkYw5hiet9aIoMvpfdt0UcJyzc ;
createtime : 1491823658 ;
msgtype : event ;
event : VIEW ;
eventkey : http://kh39.61why.com/app/index.php?i=2&c=entry&eid=198 ;
menuid : 410600728 ;
from : oKwkYw5hiet9aIoMvpfdt0UcJyzc ;
to : gh_6536061e4435 ;
time : 1491823658 ;
type : event ;

2017-04-10 19:27:38 params :
------------
Array:
rule : -2 ;
module :  ;
message : Array ;

2017-04-10 19:27:38 response :
------------

2017-04-10 19:45:35 trace :
------------
Array:
tousername : gh_6536061e4435 ;
fromusername : oKwkYw5hiet9aIoMvpfdt0UcJyzc ;
createtime : 1491824735 ;
msgtype : event ;
event : VIEW ;
eventkey : http://kh39.61why.com/app/index.php?i=2&c=entry&eid=198 ;
menuid : 410600728 ;
from : oKwkYw5hiet9aIoMvpfdt0UcJyzc ;
to : gh_6536061e4435 ;
time : 1491824735 ;
type : event ;

2017-04-10 19:45:35 params :
------------
Array:
rule : -2 ;
module :  ;
message : Array ;

2017-04-10 19:45:35 response :
------------

2017-04-10 20:09:56 trace :
------------
Array:
tousername : gh_6536061e4435 ;
fromusername : oKwkYw03W1Pov3xT2Hvnj_ODN-Ug ;
createtime : 1491826195 ;
msgtype : event ;
event : VIEW ;
eventkey : http://kh39.61why.com/app/index.php?i=2&c=entry&eid=198 ;
menuid : 410600728 ;
from : oKwkYw03W1Pov3xT2Hvnj_ODN-Ug ;
to : gh_6536061e4435 ;
time : 1491826195 ;
type : event ;

2017-04-10 20:09:56 params :
------------
Array:
rule : -2 ;
module :  ;
message : Array ;

2017-04-10 20:09:56 response :
------------

2017-04-10 20:10:01 trace :
------------
Array:
tousername : gh_6536061e4435 ;
fromusername : oKwkYw03W1Pov3xT2Hvnj_ODN-Ug ;
createtime : 1491826201 ;
msgtype : event ;
event : CLICK ;
eventkey : 二维码 ;
from : oKwkYw03W1Pov3xT2Hvnj_ODN-Ug ;
to : gh_6536061e4435 ;
time : 1491826201 ;
type : event ;

2017-04-10 20:10:02 trace :
------------
Array:
tousername : gh_6536061e4435 ;
fromusername : oKwkYw03W1Pov3xT2Hvnj_ODN-Ug ;
createtime : 1491826202 ;
msgtype : event ;
event : CLICK ;
eventkey : 二维码 ;
from : oKwkYw03W1Pov3xT2Hvnj_ODN-Ug ;
to : gh_6536061e4435 ;
time : 1491826202 ;
type : event ;

2017-04-10 20:10:05 trace :
------------
Array:
tousername : gh_6536061e4435 ;
fromusername : oKwkYw03W1Pov3xT2Hvnj_ODN-Ug ;
createtime : 1491826205 ;
msgtype : event ;
event : CLICK ;
eventkey : 二维码 ;
from : oKwkYw03W1Pov3xT2Hvnj_ODN-Ug ;
to : gh_6536061e4435 ;
time : 1491826205 ;
type : event ;

2017-04-10 20:10:24 trace :
------------
Array:
tousername : gh_6536061e4435 ;
fromusername : oKwkYw03W1Pov3xT2Hvnj_ODN-Ug ;
createtime : 1491826224 ;
msgtype : event ;
event : SCAN ;
eventkey : c9caedee976956323f0e5b1ced84652f ;
ticket : gQHx8DwAAAAAAAAAAS5odHRwOi8vd2VpeGluLnFxLmNvbS9xLzAyQW14TjFDSDljbzMxMDAwMDAwN28AAgQadutYAwQAAAAA ;
from : oKwkYw03W1Pov3xT2Hvnj_ODN-Ug ;
to : gh_6536061e4435 ;
time : 1491826224 ;
type : subscribe ;
scene : c9caedee976956323f0e5b1ced84652f ;

2017-04-10 20:10:39 trace :
------------
Array:
tousername : gh_6536061e4435 ;
fromusername : oKwkYw03W1Pov3xT2Hvnj_ODN-Ug ;
createtime : 1491826239 ;
msgtype : event ;
event : VIEW ;
eventkey : http://kh39.61why.com/app/index.php?i=2&c=entry&eid=198 ;
menuid : 410600728 ;
from : oKwkYw03W1Pov3xT2Hvnj_ODN-Ug ;
to : gh_6536061e4435 ;
time : 1491826239 ;
type : event ;

2017-04-10 20:10:39 params :
------------
Array:
rule : -2 ;
module :  ;
message : Array ;

2017-04-10 20:10:39 response :
------------

2017-04-10 20:12:00 trace :
------------
Array:
tousername : gh_6536061e4435 ;
fromusername : oKwkYw5hiet9aIoMvpfdt0UcJyzc ;
createtime : 1491826320 ;
msgtype : event ;
event : VIEW ;
eventkey : http://kh39.61why.com/app/index.php?i=2&c=entry&eid=198 ;
menuid : 410600728 ;
from : oKwkYw5hiet9aIoMvpfdt0UcJyzc ;
to : gh_6536061e4435 ;
time : 1491826320 ;
type : event ;

2017-04-10 20:12:00 params :
------------
Array:
rule : -2 ;
module :  ;
message : Array ;

2017-04-10 20:12:00 response :
------------

2017-04-10 20:38:06 trace :
------------
Array:
tousername : gh_6536061e4435 ;
fromusername : oKwkYw4dnr4D-TrwD7861OagGW2g ;
createtime : 1491827886 ;
msgtype : event ;
event : SCAN ;
eventkey : d8aef4db56ee9b3875f012496226d43e ;
ticket : gQGI8DwAAAAAAAAAAS5odHRwOi8vd2VpeGluLnFxLmNvbS9xLzAyd21ZRjFrSDljbzMxMDAwMGcwN0QAAgQeFW5YAwQAAAAA ;
from : oKwkYw4dnr4D-TrwD7861OagGW2g ;
to : gh_6536061e4435 ;
time : 1491827886 ;
type : subscribe ;
scene : d8aef4db56ee9b3875f012496226d43e ;

2017-04-10 20:38:10 trace :
------------
Array:
tousername : gh_6536061e4435 ;
fromusername : oKwkYw4dnr4D-TrwD7861OagGW2g ;
createtime : 1491827890 ;
msgtype : event ;
event : VIEW ;
eventkey : http://kh39.61why.com/app/index.php?i=2&c=entry&eid=194 ;
menuid : 410600728 ;
from : oKwkYw4dnr4D-TrwD7861OagGW2g ;
to : gh_6536061e4435 ;
time : 1491827890 ;
type : event ;

2017-04-10 20:38:10 params :
------------
Array:
rule : -2 ;
module :  ;
message : Array ;

2017-04-10 20:38:10 response :
------------

2017-04-10 21:27:27 trace :
------------
Array:
tousername : gh_6536061e4435 ;
fromusername : oKwkYwxdGazpUQLKnjr_HrnPicQo ;
createtime : 1491830847 ;
msgtype : event ;
event : VIEW ;
eventkey : http://kh39.61why.com/app/index.php?i=2&c=entry&eid=198 ;
menuid : 410600728 ;
from : oKwkYwxdGazpUQLKnjr_HrnPicQo ;
to : gh_6536061e4435 ;
time : 1491830847 ;
type : event ;

2017-04-10 21:27:27 params :
------------
Array:
rule : -2 ;
module :  ;
message : Array ;

2017-04-10 21:27:27 response :
------------

2017-04-10 21:52:04 trace :
------------
Array:
tousername : gh_6536061e4435 ;
fromusername : oKwkYw5hiet9aIoMvpfdt0UcJyzc ;
createtime : 1491832323 ;
msgtype : event ;
event : VIEW ;
eventkey : http://kh39.61why.com/app/index.php?i=2&c=entry&eid=198 ;
menuid : 410600728 ;
from : oKwkYw5hiet9aIoMvpfdt0UcJyzc ;
to : gh_6536061e4435 ;
time : 1491832323 ;
type : event ;

2017-04-10 21:52:04 params :
------------
Array:
rule : -2 ;
module :  ;
message : Array ;

2017-04-10 21:52:04 response :
------------

2017-04-10 21:52:47 trace :
------------
Array:
tousername : gh_6536061e4435 ;
fromusername : oKwkYw5hiet9aIoMvpfdt0UcJyzc ;
createtime : 1491832367 ;
msgtype : event ;
event : VIEW ;
eventkey : http://kh39.61why.com/app/index.php?i=2&c=entry&eid=198 ;
menuid : 410600728 ;
from : oKwkYw5hiet9aIoMvpfdt0UcJyzc ;
to : gh_6536061e4435 ;
time : 1491832367 ;
type : event ;

2017-04-10 21:52:47 params :
------------
Array:
rule : -2 ;
module :  ;
message : Array ;

2017-04-10 21:52:47 response :
------------

2017-04-10 22:17:27 trace :
------------
Array:
tousername : gh_6536061e4435 ;
fromusername : oKwkYwxdGazpUQLKnjr_HrnPicQo ;
createtime : 1491833846 ;
msgtype : event ;
event : VIEW ;
eventkey : http://kh39.61why.com/app/index.php?i=2&c=entry&eid=198 ;
menuid : 410600728 ;
from : oKwkYwxdGazpUQLKnjr_HrnPicQo ;
to : gh_6536061e4435 ;
time : 1491833846 ;
type : event ;

2017-04-10 22:17:27 params :
------------
Array:
rule : -2 ;
module :  ;
message : Array ;

2017-04-10 22:17:27 response :
------------

2017-04-10 22:17:28 trace :
------------
Array:
tousername : gh_6536061e4435 ;
fromusername : oKwkYwxdGazpUQLKnjr_HrnPicQo ;
createtime : 1491833848 ;
msgtype : event ;
event : VIEW ;
eventkey : http://kh39.61why.com/app/index.php?i=2&c=entry&eid=198 ;
menuid : 410600728 ;
from : oKwkYwxdGazpUQLKnjr_HrnPicQo ;
to : gh_6536061e4435 ;
time : 1491833848 ;
type : event ;

2017-04-10 22:17:28 params :
------------
Array:
rule : -2 ;
module :  ;
message : Array ;

2017-04-10 22:17:28 response :
------------

2017-04-10 23:03:23 trace :
------------
Array:
tousername : gh_6536061e4435 ;
fromusername : oKwkYw5hiet9aIoMvpfdt0UcJyzc ;
createtime : 1491836602 ;
msgtype : event ;
event : VIEW ;
eventkey : http://kh39.61why.com/app/index.php?i=2&c=entry&eid=198 ;
menuid : 410600728 ;
from : oKwkYw5hiet9aIoMvpfdt0UcJyzc ;
to : gh_6536061e4435 ;
time : 1491836602 ;
type : event ;

2017-04-10 23:03:23 params :
------------
Array:
rule : -2 ;
module :  ;
message : Array ;

2017-04-10 23:03:23 response :
------------

2017-04-10 23:03:52 trace :
------------
Array:
tousername : gh_6536061e4435 ;
fromusername : oKwkYw9A27iCE2wbx5IXncAJ21Sw ;
createtime : 1491836632 ;
msgtype : event ;
event : VIEW ;
eventkey : http://kh39.61why.com/app/index.php?i=2&c=entry&eid=194 ;
menuid : 410600728 ;
from : oKwkYw9A27iCE2wbx5IXncAJ21Sw ;
to : gh_6536061e4435 ;
time : 1491836632 ;
type : event ;

2017-04-10 23:03:52 params :
------------
Array:
rule : -2 ;
module :  ;
message : Array ;

2017-04-10 23:03:52 response :
------------

2017-04-10 23:03:57 trace :
------------
Array:
tousername : gh_6536061e4435 ;
fromusername : oKwkYw9A27iCE2wbx5IXncAJ21Sw ;
createtime : 1491836637 ;
msgtype : event ;
event : VIEW ;
eventkey : http://kh39.61why.com/app/index.php?i=2&c=entry&eid=198 ;
menuid : 410600728 ;
from : oKwkYw9A27iCE2wbx5IXncAJ21Sw ;
to : gh_6536061e4435 ;
time : 1491836637 ;
type : event ;

2017-04-10 23:03:57 params :
------------
Array:
rule : -2 ;
module :  ;
message : Array ;

2017-04-10 23:03:57 response :
------------

2017-04-10 23:04:00 trace :
------------
Array:
tousername : gh_6536061e4435 ;
fromusername : oKwkYw5hiet9aIoMvpfdt0UcJyzc ;
createtime : 1491836640 ;
msgtype : event ;
event : VIEW ;
eventkey : http://kh39.61why.com/app/index.php?i=2&c=entry&eid=198 ;
menuid : 410600728 ;
from : oKwkYw5hiet9aIoMvpfdt0UcJyzc ;
to : gh_6536061e4435 ;
time : 1491836640 ;
type : event ;

2017-04-10 23:04:00 params :
------------
Array:
rule : -2 ;
module :  ;
message : Array ;

2017-04-10 23:04:00 response :
------------

2017-04-10 23:04:28 trace :
------------
Array:
tousername : gh_6536061e4435 ;
fromusername : oKwkYw9A27iCE2wbx5IXncAJ21Sw ;
createtime : 1491836668 ;
msgtype : event ;
event : VIEW ;
eventkey : http://kh39.61why.com/app/index.php?i=2&c=entry&eid=194 ;
menuid : 410600728 ;
from : oKwkYw9A27iCE2wbx5IXncAJ21Sw ;
to : gh_6536061e4435 ;
time : 1491836668 ;
type : event ;

2017-04-10 23:04:28 params :
------------
Array:
rule : -2 ;
module :  ;
message : Array ;

2017-04-10 23:04:28 response :
------------

2017-04-10 23:04:33 trace :
------------
Array:
tousername : gh_6536061e4435 ;
fromusername : oKwkYw9A27iCE2wbx5IXncAJ21Sw ;
createtime : 1491836673 ;
msgtype : event ;
event : VIEW ;
eventkey : http://kh39.61why.com/app/index.php?i=2&c=entry&eid=198 ;
menuid : 410600728 ;
from : oKwkYw9A27iCE2wbx5IXncAJ21Sw ;
to : gh_6536061e4435 ;
time : 1491836673 ;
type : event ;

2017-04-10 23:04:33 params :
------------
Array:
rule : -2 ;
module :  ;
message : Array ;

2017-04-10 23:04:33 response :
------------

2017-04-10 23:13:21 trace :
------------
Array:
tousername : gh_6536061e4435 ;
fromusername : oKwkYw5hiet9aIoMvpfdt0UcJyzc ;
createtime : 1491837201 ;
msgtype : event ;
event : VIEW ;
eventkey : http://kh39.61why.com/app/index.php?i=2&c=entry&eid=198 ;
menuid : 410600728 ;
from : oKwkYw5hiet9aIoMvpfdt0UcJyzc ;
to : gh_6536061e4435 ;
time : 1491837201 ;
type : event ;

2017-04-10 23:13:22 params :
------------
Array:
rule : -2 ;
module :  ;
message : Array ;

2017-04-10 23:13:22 response :
------------

2017-04-10 23:14:43 trace :
------------
Array:
tousername : gh_6536061e4435 ;
fromusername : oKwkYw5hiet9aIoMvpfdt0UcJyzc ;
createtime : 1491837283 ;
msgtype : event ;
event : VIEW ;
eventkey : http://kh39.61why.com/app/index.php?i=2&c=entry&eid=198 ;
menuid : 410600728 ;
from : oKwkYw5hiet9aIoMvpfdt0UcJyzc ;
to : gh_6536061e4435 ;
time : 1491837283 ;
type : event ;

2017-04-10 23:14:43 params :
------------
Array:
rule : -2 ;
module :  ;
message : Array ;

2017-04-10 23:14:43 response :
------------

2017-04-10 23:16:07 trace :
------------
Array:
tousername : gh_6536061e4435 ;
fromusername : oKwkYw5hiet9aIoMvpfdt0UcJyzc ;
createtime : 1491837367 ;
msgtype : event ;
event : VIEW ;
eventkey : http://kh39.61why.com/app/index.php?i=2&c=entry&eid=198 ;
menuid : 410600728 ;
from : oKwkYw5hiet9aIoMvpfdt0UcJyzc ;
to : gh_6536061e4435 ;
time : 1491837367 ;
type : event ;

2017-04-10 23:16:07 params :
------------
Array:
rule : -2 ;
module :  ;
message : Array ;

2017-04-10 23:16:07 response :
------------

2017-04-10 23:18:09 trace :
------------
Array:
tousername : gh_6536061e4435 ;
fromusername : oKwkYw5hiet9aIoMvpfdt0UcJyzc ;
createtime : 1491837489 ;
msgtype : event ;
event : VIEW ;
eventkey : http://kh39.61why.com/app/index.php?i=2&c=entry&eid=198 ;
menuid : 410600728 ;
from : oKwkYw5hiet9aIoMvpfdt0UcJyzc ;
to : gh_6536061e4435 ;
time : 1491837489 ;
type : event ;

2017-04-10 23:18:09 params :
------------
Array:
rule : -2 ;
module :  ;
message : Array ;

2017-04-10 23:18:09 response :
------------

2017-04-10 23:30:57 trace :
------------
Array:
tousername : gh_6536061e4435 ;
fromusername : oKwkYw9A27iCE2wbx5IXncAJ21Sw ;
createtime : 1491838257 ;
msgtype : event ;
event : VIEW ;
eventkey : http://kh39.61why.com/app/index.php?i=2&c=entry&eid=198 ;
menuid : 410600728 ;
from : oKwkYw9A27iCE2wbx5IXncAJ21Sw ;
to : gh_6536061e4435 ;
time : 1491838257 ;
type : event ;

2017-04-10 23:30:57 params :
------------
Array:
rule : -2 ;
module :  ;
message : Array ;

2017-04-10 23:30:57 response :
------------

