2017-05-01 00:00:02 trace :
------------
Array:
tousername : gh_6536061e4435 ;
fromusername : oKwkYw5hiet9aIoMvpfdt0UcJyzc ;
createtime : 1493568002 ;
msgtype : event ;
event : VIEW ;
eventkey : http://kh39.61why.com/app/index.php?i=2&c=entry&eid=198 ;
menuid : 410600728 ;
from : oKwkYw5hiet9aIoMvpfdt0UcJyzc ;
to : gh_6536061e4435 ;
time : 1493568002 ;
type : event ;

2017-05-01 00:00:02 params :
------------
Array:
rule : -2 ;
module :  ;
message : Array ;

2017-05-01 00:00:02 response :
------------

2017-05-01 00:01:26 trace :
------------
Array:
tousername : gh_6536061e4435 ;
fromusername : oKwkYw-pxdfzJgcA3EAdBqBKlzSI ;
createtime : 1493568086 ;
msgtype : event ;
event : VIEW ;
eventkey : http://kh39.61why.com/app/index.php?i=2&c=entry&eid=194 ;
menuid : 410600728 ;
from : oKwkYw-pxdfzJgcA3EAdBqBKlzSI ;
to : gh_6536061e4435 ;
time : 1493568086 ;
type : event ;

2017-05-01 00:01:26 params :
------------
Array:
rule : -2 ;
module :  ;
message : Array ;

2017-05-01 00:01:26 response :
------------

2017-05-01 00:01:47 trace :
------------
Array:
tousername : gh_6536061e4435 ;
fromusername : oKwkYw5Hv5-mrEGrZ572fv2JrB_s ;
createtime : 1493568107 ;
msgtype : event ;
event : TEMPLATESENDJOBFINISH ;
msgid : 412549485 ;
status : success ;
from : oKwkYw5Hv5-mrEGrZ572fv2JrB_s ;
to : gh_6536061e4435 ;
time : 1493568107 ;
type : event ;

2017-05-01 00:01:47 params :
------------
Array:
rule : -2 ;
module :  ;
message : Array ;

2017-05-01 00:01:47 response :
------------

2017-05-01 00:01:47 trace :
------------
Array:
tousername : gh_6536061e4435 ;
fromusername : oKwkYw7K9xHIr91Csk-qENfcagnM ;
createtime : 1493568107 ;
msgtype : event ;
event : TEMPLATESENDJOBFINISH ;
msgid : 412549486 ;
status : success ;
from : oKwkYw7K9xHIr91Csk-qENfcagnM ;
to : gh_6536061e4435 ;
time : 1493568107 ;
type : event ;

2017-05-01 00:01:47 params :
------------
Array:
rule : -2 ;
module :  ;
message : Array ;

2017-05-01 00:01:47 response :
------------

2017-05-01 00:01:51 trace :
------------
Array:
tousername : gh_6536061e4435 ;
fromusername : oKwkYw5Hv5-mrEGrZ572fv2JrB_s ;
createtime : 1493568111 ;
msgtype : event ;
event : TEMPLATESENDJOBFINISH ;
msgid : 412549488 ;
status : success ;
from : oKwkYw5Hv5-mrEGrZ572fv2JrB_s ;
to : gh_6536061e4435 ;
time : 1493568111 ;
type : event ;

2017-05-01 00:01:51 params :
------------
Array:
rule : -2 ;
module :  ;
message : Array ;

2017-05-01 00:01:51 response :
------------

2017-05-01 00:01:51 trace :
------------
Array:
tousername : gh_6536061e4435 ;
fromusername : oKwkYw7K9xHIr91Csk-qENfcagnM ;
createtime : 1493568111 ;
msgtype : event ;
event : TEMPLATESENDJOBFINISH ;
msgid : 412549489 ;
status : success ;
from : oKwkYw7K9xHIr91Csk-qENfcagnM ;
to : gh_6536061e4435 ;
time : 1493568111 ;
type : event ;

2017-05-01 00:01:52 params :
------------
Array:
rule : -2 ;
module :  ;
message : Array ;

2017-05-01 00:01:52 response :
------------

2017-05-01 00:03:10 trace :
------------
Array:
tousername : gh_6536061e4435 ;
fromusername : oKwkYw9A27iCE2wbx5IXncAJ21Sw ;
createtime : 1493568190 ;
msgtype : event ;
event : VIEW ;
eventkey : http://kh39.61why.com/app/index.php?i=2&c=entry&eid=194 ;
menuid : 410600728 ;
from : oKwkYw9A27iCE2wbx5IXncAJ21Sw ;
to : gh_6536061e4435 ;
time : 1493568190 ;
type : event ;

2017-05-01 00:03:10 params :
------------
Array:
rule : -2 ;
module :  ;
message : Array ;

2017-05-01 00:03:10 response :
------------

2017-05-01 00:05:29 trace :
------------
Array:
tousername : gh_6536061e4435 ;
fromusername : oKwkYw5hiet9aIoMvpfdt0UcJyzc ;
createtime : 1493568329 ;
msgtype : event ;
event : VIEW ;
eventkey : http://kh39.61why.com/app/index.php?i=2&c=entry&eid=194 ;
menuid : 410600728 ;
from : oKwkYw5hiet9aIoMvpfdt0UcJyzc ;
to : gh_6536061e4435 ;
time : 1493568329 ;
type : event ;

2017-05-01 00:05:29 params :
------------
Array:
rule : -2 ;
module :  ;
message : Array ;

2017-05-01 00:05:29 response :
------------

2017-05-01 00:12:41 trace :
------------
Array:
tousername : gh_6536061e4435 ;
fromusername : oKwkYw9A27iCE2wbx5IXncAJ21Sw ;
createtime : 1493568761 ;
msgtype : event ;
event : VIEW ;
eventkey : http://kh39.61why.com/app/index.php?i=2&c=entry&eid=198 ;
menuid : 410600728 ;
from : oKwkYw9A27iCE2wbx5IXncAJ21Sw ;
to : gh_6536061e4435 ;
time : 1493568761 ;
type : event ;

2017-05-01 00:12:41 params :
------------
Array:
rule : -2 ;
module :  ;
message : Array ;

2017-05-01 00:12:41 response :
------------

2017-05-01 00:15:33 trace :
------------
Array:
tousername : gh_6536061e4435 ;
fromusername : oKwkYw1CJjODVg18eC55sUWQ-tjA ;
createtime : 1493568933 ;
msgtype : event ;
event : VIEW ;
eventkey : http://kh39.61why.com/app/index.php?i=2&c=entry&eid=194 ;
menuid : 410600728 ;
from : oKwkYw1CJjODVg18eC55sUWQ-tjA ;
to : gh_6536061e4435 ;
time : 1493568933 ;
type : event ;

2017-05-01 00:15:33 params :
------------
Array:
rule : -2 ;
module :  ;
message : Array ;

2017-05-01 00:15:33 response :
------------

2017-05-01 01:09:11 trace :
------------
Array:
tousername : gh_6536061e4435 ;
fromusername : oKwkYwxdGazpUQLKnjr_HrnPicQo ;
createtime : 1493572151 ;
msgtype : event ;
event : VIEW ;
eventkey : http://kh39.61why.com/app/index.php?i=2&c=entry&eid=198 ;
menuid : 410600728 ;
from : oKwkYwxdGazpUQLKnjr_HrnPicQo ;
to : gh_6536061e4435 ;
time : 1493572151 ;
type : event ;

2017-05-01 01:09:11 params :
------------
Array:
rule : -2 ;
module :  ;
message : Array ;

2017-05-01 01:09:11 response :
------------

2017-05-01 01:37:05 trace :
------------
Array:
tousername : gh_6536061e4435 ;
fromusername : oKwkYw9A27iCE2wbx5IXncAJ21Sw ;
createtime : 1493573825 ;
msgtype : event ;
event : VIEW ;
eventkey : http://kh39.61why.com/app/index.php?i=2&c=entry&eid=198 ;
menuid : 410600728 ;
from : oKwkYw9A27iCE2wbx5IXncAJ21Sw ;
to : gh_6536061e4435 ;
time : 1493573825 ;
type : event ;

2017-05-01 01:37:05 params :
------------
Array:
rule : -2 ;
module :  ;
message : Array ;

2017-05-01 01:37:05 response :
------------

2017-05-01 01:37:07 trace :
------------
Array:
tousername : gh_6536061e4435 ;
fromusername : oKwkYw9A27iCE2wbx5IXncAJ21Sw ;
createtime : 1493573827 ;
msgtype : event ;
event : VIEW ;
eventkey : http://kh39.61why.com/app/index.php?i=2&c=entry&eid=194 ;
menuid : 410600728 ;
from : oKwkYw9A27iCE2wbx5IXncAJ21Sw ;
to : gh_6536061e4435 ;
time : 1493573827 ;
type : event ;

2017-05-01 01:37:07 params :
------------
Array:
rule : -2 ;
module :  ;
message : Array ;

2017-05-01 01:37:07 response :
------------

2017-05-01 01:38:16 trace :
------------
Array:
tousername : gh_6536061e4435 ;
fromusername : oKwkYw-fVR-_RHmGH6_Sx4PZrrT8 ;
createtime : 1493573896 ;
msgtype : event ;
event : VIEW ;
eventkey : http://kh39.61why.com/app/index.php?i=2&c=entry&eid=194 ;
menuid : 410600728 ;
from : oKwkYw-fVR-_RHmGH6_Sx4PZrrT8 ;
to : gh_6536061e4435 ;
time : 1493573896 ;
type : event ;

2017-05-01 01:38:16 params :
------------
Array:
rule : -2 ;
module :  ;
message : Array ;

2017-05-01 01:38:16 response :
------------

2017-05-01 01:38:55 trace :
------------
Array:
tousername : gh_6536061e4435 ;
fromusername : oKwkYw-fVR-_RHmGH6_Sx4PZrrT8 ;
createtime : 1493573935 ;
msgtype : event ;
event : VIEW ;
eventkey : http://kh39.61why.com/app/index.php?i=2&c=entry&eid=194 ;
menuid : 410600728 ;
from : oKwkYw-fVR-_RHmGH6_Sx4PZrrT8 ;
to : gh_6536061e4435 ;
time : 1493573935 ;
type : event ;

2017-05-01 01:38:55 params :
------------
Array:
rule : -2 ;
module :  ;
message : Array ;

2017-05-01 01:38:55 response :
------------

2017-05-01 01:40:14 trace :
------------
Array:
tousername : gh_6536061e4435 ;
fromusername : oKwkYw9A27iCE2wbx5IXncAJ21Sw ;
createtime : 1493574014 ;
msgtype : event ;
event : VIEW ;
eventkey : http://kh39.61why.com/app/index.php?i=2&c=entry&eid=194 ;
menuid : 410600728 ;
from : oKwkYw9A27iCE2wbx5IXncAJ21Sw ;
to : gh_6536061e4435 ;
time : 1493574014 ;
type : event ;

2017-05-01 01:40:14 params :
------------
Array:
rule : -2 ;
module :  ;
message : Array ;

2017-05-01 01:40:14 response :
------------

2017-05-01 01:41:19 trace :
------------
Array:
tousername : gh_6536061e4435 ;
fromusername : oKwkYw9A27iCE2wbx5IXncAJ21Sw ;
createtime : 1493574079 ;
msgtype : event ;
event : VIEW ;
eventkey : http://kh39.61why.com/app/index.php?i=2&c=entry&eid=194 ;
menuid : 410600728 ;
from : oKwkYw9A27iCE2wbx5IXncAJ21Sw ;
to : gh_6536061e4435 ;
time : 1493574079 ;
type : event ;

2017-05-01 01:41:19 params :
------------
Array:
rule : -2 ;
module :  ;
message : Array ;

2017-05-01 01:41:19 response :
------------

2017-05-01 01:53:19 trace :
------------
Array:
tousername : gh_6536061e4435 ;
fromusername : oKwkYwxvuf-tpihH4JfwgwBHcXBM ;
createtime : 1493574799 ;
msgtype : event ;
event : VIEW ;
eventkey : http://kh39.61why.com/app/index.php?i=2&c=entry&eid=198 ;
menuid : 410600728 ;
from : oKwkYwxvuf-tpihH4JfwgwBHcXBM ;
to : gh_6536061e4435 ;
time : 1493574799 ;
type : event ;

2017-05-01 01:53:19 params :
------------
Array:
rule : -2 ;
module :  ;
message : Array ;

2017-05-01 01:53:19 response :
------------

2017-05-01 01:55:54 trace :
------------
Array:
tousername : gh_6536061e4435 ;
fromusername : oKwkYwxvuf-tpihH4JfwgwBHcXBM ;
createtime : 1493574954 ;
msgtype : event ;
event : VIEW ;
eventkey : http://kh39.61why.com/app/index.php?i=2&c=entry&eid=198 ;
menuid : 410600728 ;
from : oKwkYwxvuf-tpihH4JfwgwBHcXBM ;
to : gh_6536061e4435 ;
time : 1493574954 ;
type : event ;

2017-05-01 01:55:54 params :
------------
Array:
rule : -2 ;
module :  ;
message : Array ;

2017-05-01 01:55:54 response :
------------

2017-05-01 02:11:50 trace :
------------
Array:
tousername : gh_6536061e4435 ;
fromusername : oKwkYw9A27iCE2wbx5IXncAJ21Sw ;
createtime : 1493575910 ;
msgtype : event ;
event : VIEW ;
eventkey : http://kh39.61why.com/app/index.php?i=2&c=entry&eid=194 ;
menuid : 410600728 ;
from : oKwkYw9A27iCE2wbx5IXncAJ21Sw ;
to : gh_6536061e4435 ;
time : 1493575910 ;
type : event ;

2017-05-01 02:11:50 params :
------------
Array:
rule : -2 ;
module :  ;
message : Array ;

2017-05-01 02:11:50 response :
------------

2017-05-01 05:55:04 trace :
------------
Array:
tousername : gh_6536061e4435 ;
fromusername : oKwkYwz_FtGom2eSyG1qwUGFxNiA ;
createtime : 1493589303 ;
msgtype : event ;
event : VIEW ;
eventkey : http://kh39.61why.com/app/index.php?i=2&c=entry&eid=198 ;
menuid : 410600728 ;
from : oKwkYwz_FtGom2eSyG1qwUGFxNiA ;
to : gh_6536061e4435 ;
time : 1493589303 ;
type : event ;

2017-05-01 05:55:04 params :
------------
Array:
rule : -2 ;
module :  ;
message : Array ;

2017-05-01 05:55:04 response :
------------

2017-05-01 06:14:03 trace :
------------
Array:
tousername : gh_6536061e4435 ;
fromusername : oKwkYw_nikTtt2VKfB83ZMqz-nHs ;
createtime : 1493590443 ;
msgtype : event ;
event : VIEW ;
eventkey : http://kh39.61why.com/app/index.php?i=2&c=entry&eid=194 ;
menuid : 410600728 ;
from : oKwkYw_nikTtt2VKfB83ZMqz-nHs ;
to : gh_6536061e4435 ;
time : 1493590443 ;
type : event ;

2017-05-01 06:14:03 params :
------------
Array:
rule : -2 ;
module :  ;
message : Array ;

2017-05-01 06:14:03 response :
------------

2017-05-01 06:15:05 trace :
------------
Array:
tousername : gh_6536061e4435 ;
fromusername : oKwkYw_nikTtt2VKfB83ZMqz-nHs ;
createtime : 1493590505 ;
msgtype : event ;
event : VIEW ;
eventkey : http://kh39.61why.com/app/index.php?i=2&c=entry&eid=194 ;
menuid : 410600728 ;
from : oKwkYw_nikTtt2VKfB83ZMqz-nHs ;
to : gh_6536061e4435 ;
time : 1493590505 ;
type : event ;

2017-05-01 06:15:05 params :
------------
Array:
rule : -2 ;
module :  ;
message : Array ;

2017-05-01 06:15:05 response :
------------

2017-05-01 06:21:23 trace :
------------
Array:
tousername : gh_6536061e4435 ;
fromusername : oKwkYw_nikTtt2VKfB83ZMqz-nHs ;
createtime : 1493590883 ;
msgtype : event ;
event : VIEW ;
eventkey : http://kh39.61why.com/app/index.php?i=2&c=entry&eid=194 ;
menuid : 410600728 ;
from : oKwkYw_nikTtt2VKfB83ZMqz-nHs ;
to : gh_6536061e4435 ;
time : 1493590883 ;
type : event ;

2017-05-01 06:21:23 params :
------------
Array:
rule : -2 ;
module :  ;
message : Array ;

2017-05-01 06:21:23 response :
------------

2017-05-01 06:40:45 trace :
------------
Array:
tousername : gh_6536061e4435 ;
fromusername : oKwkYw5Hv5-mrEGrZ572fv2JrB_s ;
createtime : 1493592044 ;
msgtype : event ;
event : TEMPLATESENDJOBFINISH ;
msgid : 412552631 ;
status : success ;
from : oKwkYw5Hv5-mrEGrZ572fv2JrB_s ;
to : gh_6536061e4435 ;
time : 1493592044 ;
type : event ;

2017-05-01 06:40:45 params :
------------
Array:
rule : -2 ;
module :  ;
message : Array ;

2017-05-01 06:40:45 response :
------------

2017-05-01 06:40:45 trace :
------------
Array:
tousername : gh_6536061e4435 ;
fromusername : oKwkYw7K9xHIr91Csk-qENfcagnM ;
createtime : 1493592045 ;
msgtype : event ;
event : TEMPLATESENDJOBFINISH ;
msgid : 412552632 ;
status : success ;
from : oKwkYw7K9xHIr91Csk-qENfcagnM ;
to : gh_6536061e4435 ;
time : 1493592045 ;
type : event ;

2017-05-01 06:40:45 params :
------------
Array:
rule : -2 ;
module :  ;
message : Array ;

2017-05-01 06:40:45 response :
------------

2017-05-01 06:41:01 trace :
------------
Array:
tousername : gh_6536061e4435 ;
fromusername : oKwkYw5Hv5-mrEGrZ572fv2JrB_s ;
createtime : 1493592061 ;
msgtype : event ;
event : TEMPLATESENDJOBFINISH ;
msgid : 412552636 ;
status : success ;
from : oKwkYw5Hv5-mrEGrZ572fv2JrB_s ;
to : gh_6536061e4435 ;
time : 1493592061 ;
type : event ;

2017-05-01 06:41:01 params :
------------
Array:
rule : -2 ;
module :  ;
message : Array ;

2017-05-01 06:41:01 response :
------------

2017-05-01 06:41:01 trace :
------------
Array:
tousername : gh_6536061e4435 ;
fromusername : oKwkYw7K9xHIr91Csk-qENfcagnM ;
createtime : 1493592061 ;
msgtype : event ;
event : TEMPLATESENDJOBFINISH ;
msgid : 412552637 ;
status : success ;
from : oKwkYw7K9xHIr91Csk-qENfcagnM ;
to : gh_6536061e4435 ;
time : 1493592061 ;
type : event ;

2017-05-01 06:41:01 params :
------------
Array:
rule : -2 ;
module :  ;
message : Array ;

2017-05-01 06:41:01 response :
------------

2017-05-01 06:44:05 trace :
------------
Array:
tousername : gh_6536061e4435 ;
fromusername : oKwkYw1CJjODVg18eC55sUWQ-tjA ;
createtime : 1493592244 ;
msgtype : event ;
event : VIEW ;
eventkey : http://kh39.61why.com/app/index.php?i=2&c=entry&eid=194 ;
menuid : 410600728 ;
from : oKwkYw1CJjODVg18eC55sUWQ-tjA ;
to : gh_6536061e4435 ;
time : 1493592244 ;
type : event ;

2017-05-01 06:44:05 params :
------------
Array:
rule : -2 ;
module :  ;
message : Array ;

2017-05-01 06:44:05 response :
------------

2017-05-01 06:48:40 trace :
------------
Array:
tousername : gh_6536061e4435 ;
fromusername : oKwkYw5Hv5-mrEGrZ572fv2JrB_s ;
createtime : 1493592520 ;
msgtype : event ;
event : TEMPLATESENDJOBFINISH ;
msgid : 412552682 ;
status : success ;
from : oKwkYw5Hv5-mrEGrZ572fv2JrB_s ;
to : gh_6536061e4435 ;
time : 1493592520 ;
type : event ;

2017-05-01 06:48:40 params :
------------
Array:
rule : -2 ;
module :  ;
message : Array ;

2017-05-01 06:48:40 response :
------------

2017-05-01 06:48:40 trace :
------------
Array:
tousername : gh_6536061e4435 ;
fromusername : oKwkYw7K9xHIr91Csk-qENfcagnM ;
createtime : 1493592520 ;
msgtype : event ;
event : TEMPLATESENDJOBFINISH ;
msgid : 412552683 ;
status : success ;
from : oKwkYw7K9xHIr91Csk-qENfcagnM ;
to : gh_6536061e4435 ;
time : 1493592520 ;
type : event ;

2017-05-01 06:48:40 params :
------------
Array:
rule : -2 ;
module :  ;
message : Array ;

2017-05-01 06:48:40 response :
------------

2017-05-01 06:54:37 trace :
------------
Array:
tousername : gh_6536061e4435 ;
fromusername : oKwkYw_nikTtt2VKfB83ZMqz-nHs ;
createtime : 1493592877 ;
msgtype : event ;
event : VIEW ;
eventkey : http://kh39.61why.com/app/index.php?i=2&c=entry&eid=194 ;
menuid : 410600728 ;
from : oKwkYw_nikTtt2VKfB83ZMqz-nHs ;
to : gh_6536061e4435 ;
time : 1493592877 ;
type : event ;

2017-05-01 06:54:37 params :
------------
Array:
rule : -2 ;
module :  ;
message : Array ;

2017-05-01 06:54:37 response :
------------

2017-05-01 06:55:09 trace :
------------
Array:
tousername : gh_6536061e4435 ;
fromusername : oKwkYw_nikTtt2VKfB83ZMqz-nHs ;
createtime : 1493592909 ;
msgtype : event ;
event : VIEW ;
eventkey : http://kh39.61why.com/app/index.php?i=2&c=entry&eid=194 ;
menuid : 410600728 ;
from : oKwkYw_nikTtt2VKfB83ZMqz-nHs ;
to : gh_6536061e4435 ;
time : 1493592909 ;
type : event ;

2017-05-01 06:55:09 params :
------------
Array:
rule : -2 ;
module :  ;
message : Array ;

2017-05-01 06:55:09 response :
------------

2017-05-01 06:59:26 trace :
------------
Array:
tousername : gh_6536061e4435 ;
fromusername : oKwkYw_nikTtt2VKfB83ZMqz-nHs ;
createtime : 1493593166 ;
msgtype : event ;
event : VIEW ;
eventkey : http://kh39.61why.com/app/index.php?i=2&c=entry&eid=198 ;
menuid : 410600728 ;
from : oKwkYw_nikTtt2VKfB83ZMqz-nHs ;
to : gh_6536061e4435 ;
time : 1493593166 ;
type : event ;

2017-05-01 06:59:26 params :
------------
Array:
rule : -2 ;
module :  ;
message : Array ;

2017-05-01 06:59:26 response :
------------

2017-05-01 07:11:03 trace :
------------
Array:
tousername : gh_6536061e4435 ;
fromusername : oKwkYw_xwV8MKtwuj4zRQjiDMR7w ;
createtime : 1493593863 ;
msgtype : event ;
event : VIEW ;
eventkey : http://kh39.61why.com/app/index.php?i=2&c=entry&eid=198 ;
menuid : 410600728 ;
from : oKwkYw_xwV8MKtwuj4zRQjiDMR7w ;
to : gh_6536061e4435 ;
time : 1493593863 ;
type : event ;

2017-05-01 07:11:03 params :
------------
Array:
rule : -2 ;
module :  ;
message : Array ;

2017-05-01 07:11:03 response :
------------

2017-05-01 07:11:11 trace :
------------
Array:
tousername : gh_6536061e4435 ;
fromusername : oKwkYw0Lffxa65YQCLVZZ6tPc_NA ;
createtime : 1493593871 ;
msgtype : event ;
event : VIEW ;
eventkey : http://kh39.61why.com/app/index.php?i=2&c=entry&eid=198 ;
menuid : 410600728 ;
from : oKwkYw0Lffxa65YQCLVZZ6tPc_NA ;
to : gh_6536061e4435 ;
time : 1493593871 ;
type : event ;

2017-05-01 07:11:11 params :
------------
Array:
rule : -2 ;
module :  ;
message : Array ;

2017-05-01 07:11:11 response :
------------

2017-05-01 07:13:28 trace :
------------
Array:
tousername : gh_6536061e4435 ;
fromusername : oKwkYw_nikTtt2VKfB83ZMqz-nHs ;
createtime : 1493594008 ;
msgtype : event ;
event : VIEW ;
eventkey : http://kh39.61why.com/app/index.php?i=2&c=entry&eid=198 ;
menuid : 410600728 ;
from : oKwkYw_nikTtt2VKfB83ZMqz-nHs ;
to : gh_6536061e4435 ;
time : 1493594008 ;
type : event ;

2017-05-01 07:13:28 params :
------------
Array:
rule : -2 ;
module :  ;
message : Array ;

2017-05-01 07:13:28 response :
------------

2017-05-01 07:18:18 trace :
------------
Array:
tousername : gh_6536061e4435 ;
fromusername : oKwkYw_nikTtt2VKfB83ZMqz-nHs ;
createtime : 1493594297 ;
msgtype : event ;
event : VIEW ;
eventkey : http://kh39.61why.com/app/index.php?i=2&c=entry&eid=198 ;
menuid : 410600728 ;
from : oKwkYw_nikTtt2VKfB83ZMqz-nHs ;
to : gh_6536061e4435 ;
time : 1493594297 ;
type : event ;

2017-05-01 07:18:18 params :
------------
Array:
rule : -2 ;
module :  ;
message : Array ;

2017-05-01 07:18:18 response :
------------

2017-05-01 07:20:35 trace :
------------
Array:
tousername : gh_6536061e4435 ;
fromusername : oKwkYw5Hv5-mrEGrZ572fv2JrB_s ;
createtime : 1493594434 ;
msgtype : event ;
event : TEMPLATESENDJOBFINISH ;
msgid : 412552857 ;
status : success ;
from : oKwkYw5Hv5-mrEGrZ572fv2JrB_s ;
to : gh_6536061e4435 ;
time : 1493594434 ;
type : event ;

2017-05-01 07:20:35 params :
------------
Array:
rule : -2 ;
module :  ;
message : Array ;

2017-05-01 07:20:35 response :
------------

2017-05-01 07:20:35 trace :
------------
Array:
tousername : gh_6536061e4435 ;
fromusername : oKwkYw7K9xHIr91Csk-qENfcagnM ;
createtime : 1493594435 ;
msgtype : event ;
event : TEMPLATESENDJOBFINISH ;
msgid : 412552858 ;
status : success ;
from : oKwkYw7K9xHIr91Csk-qENfcagnM ;
to : gh_6536061e4435 ;
time : 1493594435 ;
type : event ;

2017-05-01 07:20:35 params :
------------
Array:
rule : -2 ;
module :  ;
message : Array ;

2017-05-01 07:20:35 response :
------------

2017-05-01 07:36:00 trace :
------------
Array:
tousername : gh_6536061e4435 ;
fromusername : oKwkYw_nikTtt2VKfB83ZMqz-nHs ;
createtime : 1493595360 ;
msgtype : event ;
event : VIEW ;
eventkey : http://kh39.61why.com/app/index.php?i=2&c=entry&eid=198 ;
menuid : 410600728 ;
from : oKwkYw_nikTtt2VKfB83ZMqz-nHs ;
to : gh_6536061e4435 ;
time : 1493595360 ;
type : event ;

2017-05-01 07:36:00 params :
------------
Array:
rule : -2 ;
module :  ;
message : Array ;

2017-05-01 07:36:00 response :
------------

2017-05-01 07:56:37 trace :
------------
Array:
tousername : gh_6536061e4435 ;
fromusername : oKwkYw_nikTtt2VKfB83ZMqz-nHs ;
createtime : 1493596597 ;
msgtype : event ;
event : VIEW ;
eventkey : http://kh39.61why.com/app/index.php?i=2&c=entry&eid=198 ;
menuid : 410600728 ;
from : oKwkYw_nikTtt2VKfB83ZMqz-nHs ;
to : gh_6536061e4435 ;
time : 1493596597 ;
type : event ;

2017-05-01 07:56:37 params :
------------
Array:
rule : -2 ;
module :  ;
message : Array ;

2017-05-01 07:56:37 response :
------------

2017-05-01 07:56:38 trace :
------------
Array:
tousername : gh_6536061e4435 ;
fromusername : oKwkYw_nikTtt2VKfB83ZMqz-nHs ;
createtime : 1493596598 ;
msgtype : event ;
event : VIEW ;
eventkey : http://kh39.61why.com/app/index.php?i=2&c=entry&eid=198 ;
menuid : 410600728 ;
from : oKwkYw_nikTtt2VKfB83ZMqz-nHs ;
to : gh_6536061e4435 ;
time : 1493596598 ;
type : event ;

2017-05-01 07:56:38 params :
------------
Array:
rule : -2 ;
module :  ;
message : Array ;

2017-05-01 07:56:38 response :
------------

2017-05-01 07:57:43 trace :
------------
Array:
tousername : gh_6536061e4435 ;
fromusername : oKwkYw0b_nY3vy2dlsZiutChx2qg ;
createtime : 1493596663 ;
msgtype : event ;
event : VIEW ;
eventkey : http://kh39.61why.com/app/index.php?i=2&c=entry&eid=198 ;
menuid : 410600728 ;
from : oKwkYw0b_nY3vy2dlsZiutChx2qg ;
to : gh_6536061e4435 ;
time : 1493596663 ;
type : event ;

2017-05-01 07:57:43 params :
------------
Array:
rule : -2 ;
module :  ;
message : Array ;

2017-05-01 07:57:43 response :
------------

2017-05-01 08:06:46 trace :
------------
Array:
tousername : gh_6536061e4435 ;
fromusername : oKwkYw_nikTtt2VKfB83ZMqz-nHs ;
createtime : 1493597206 ;
msgtype : event ;
event : VIEW ;
eventkey : http://kh39.61why.com/app/index.php?i=2&c=entry&eid=194 ;
menuid : 410600728 ;
from : oKwkYw_nikTtt2VKfB83ZMqz-nHs ;
to : gh_6536061e4435 ;
time : 1493597206 ;
type : event ;

2017-05-01 08:06:46 params :
------------
Array:
rule : -2 ;
module :  ;
message : Array ;

2017-05-01 08:06:46 response :
------------

2017-05-01 08:06:48 trace :
------------
Array:
tousername : gh_6536061e4435 ;
fromusername : oKwkYw_nikTtt2VKfB83ZMqz-nHs ;
createtime : 1493597208 ;
msgtype : event ;
event : VIEW ;
eventkey : http://kh39.61why.com/app/index.php?i=2&c=entry&eid=194 ;
menuid : 410600728 ;
from : oKwkYw_nikTtt2VKfB83ZMqz-nHs ;
to : gh_6536061e4435 ;
time : 1493597208 ;
type : event ;

2017-05-01 08:06:48 params :
------------
Array:
rule : -2 ;
module :  ;
message : Array ;

2017-05-01 08:06:48 response :
------------

2017-05-01 08:10:42 trace :
------------
Array:
tousername : gh_6536061e4435 ;
fromusername : oKwkYw5hiet9aIoMvpfdt0UcJyzc ;
createtime : 1493597442 ;
msgtype : event ;
event : VIEW ;
eventkey : http://kh39.61why.com/app/index.php?i=2&c=entry&eid=198 ;
menuid : 410600728 ;
from : oKwkYw5hiet9aIoMvpfdt0UcJyzc ;
to : gh_6536061e4435 ;
time : 1493597442 ;
type : event ;

2017-05-01 08:10:42 params :
------------
Array:
rule : -2 ;
module :  ;
message : Array ;

2017-05-01 08:10:42 response :
------------

2017-05-01 08:11:32 trace :
------------
Array:
tousername : gh_6536061e4435 ;
fromusername : oKwkYw5hiet9aIoMvpfdt0UcJyzc ;
createtime : 1493597492 ;
msgtype : event ;
event : VIEW ;
eventkey : http://kh39.61why.com/app/index.php?i=2&c=entry&eid=194 ;
menuid : 410600728 ;
from : oKwkYw5hiet9aIoMvpfdt0UcJyzc ;
to : gh_6536061e4435 ;
time : 1493597492 ;
type : event ;

2017-05-01 08:11:32 params :
------------
Array:
rule : -2 ;
module :  ;
message : Array ;

2017-05-01 08:11:32 response :
------------

2017-05-01 08:55:40 trace :
------------
Array:
tousername : gh_6536061e4435 ;
fromusername : oKwkYw5hiet9aIoMvpfdt0UcJyzc ;
createtime : 1493600140 ;
msgtype : event ;
event : VIEW ;
eventkey : http://kh39.61why.com/app/index.php?i=2&c=entry&eid=198 ;
menuid : 410600728 ;
from : oKwkYw5hiet9aIoMvpfdt0UcJyzc ;
to : gh_6536061e4435 ;
time : 1493600140 ;
type : event ;

2017-05-01 08:55:40 params :
------------
Array:
rule : -2 ;
module :  ;
message : Array ;

2017-05-01 08:55:40 response :
------------

2017-05-01 08:56:07 trace :
------------
Array:
tousername : gh_6536061e4435 ;
fromusername : oKwkYw5hiet9aIoMvpfdt0UcJyzc ;
createtime : 1493600167 ;
msgtype : event ;
event : VIEW ;
eventkey : http://kh39.61why.com/app/index.php?i=2&c=entry&eid=194 ;
menuid : 410600728 ;
from : oKwkYw5hiet9aIoMvpfdt0UcJyzc ;
to : gh_6536061e4435 ;
time : 1493600167 ;
type : event ;

2017-05-01 08:56:07 params :
------------
Array:
rule : -2 ;
module :  ;
message : Array ;

2017-05-01 08:56:07 response :
------------

2017-05-01 09:08:08 trace :
------------
Array:
tousername : gh_6536061e4435 ;
fromusername : oKwkYwz_hG22VPfc5GVstIWSUK3Y ;
createtime : 1493600888 ;
msgtype : event ;
event : VIEW ;
eventkey : http://kh39.61why.com/app/index.php?i=2&c=entry&eid=194 ;
menuid : 410600728 ;
from : oKwkYwz_hG22VPfc5GVstIWSUK3Y ;
to : gh_6536061e4435 ;
time : 1493600888 ;
type : event ;

2017-05-01 09:08:08 params :
------------
Array:
rule : -2 ;
module :  ;
message : Array ;

2017-05-01 09:08:08 response :
------------

2017-05-01 09:09:54 trace :
------------
Array:
tousername : gh_6536061e4435 ;
fromusername : oKwkYwz_hG22VPfc5GVstIWSUK3Y ;
createtime : 1493600993 ;
msgtype : event ;
event : CLICK ;
eventkey : 二维码 ;
from : oKwkYwz_hG22VPfc5GVstIWSUK3Y ;
to : gh_6536061e4435 ;
time : 1493600993 ;
type : event ;

2017-05-01 09:12:15 trace :
------------
Array:
tousername : gh_6536061e4435 ;
fromusername : oKwkYw-CfYTh4gRGFbVdRvBbBgkA ;
createtime : 1493601135 ;
msgtype : event ;
event : VIEW ;
eventkey : http://kh39.61why.com/app/index.php?i=2&c=entry&eid=194 ;
menuid : 410600728 ;
from : oKwkYw-CfYTh4gRGFbVdRvBbBgkA ;
to : gh_6536061e4435 ;
time : 1493601135 ;
type : event ;

2017-05-01 09:12:15 params :
------------
Array:
rule : -2 ;
module :  ;
message : Array ;

2017-05-01 09:12:15 response :
------------

2017-05-01 09:18:45 trace :
------------
Array:
tousername : gh_6536061e4435 ;
fromusername : oKwkYw3TXBn0c2AvD2CmaXLOL-Ws ;
createtime : 1493601525 ;
msgtype : event ;
event : VIEW ;
eventkey : http://kh39.61why.com/app/index.php?i=2&c=entry&eid=194 ;
menuid : 410600728 ;
from : oKwkYw3TXBn0c2AvD2CmaXLOL-Ws ;
to : gh_6536061e4435 ;
time : 1493601525 ;
type : event ;

2017-05-01 09:18:45 params :
------------
Array:
rule : -2 ;
module :  ;
message : Array ;

2017-05-01 09:18:45 response :
------------

2017-05-01 09:28:05 trace :
------------
Array:
tousername : gh_6536061e4435 ;
fromusername : oKwkYw7i_bmTYKaB31-Gt_7MuMmM ;
createtime : 1493602085 ;
msgtype : event ;
event : subscribe ;
eventkey : Array ;
from : oKwkYw7i_bmTYKaB31-Gt_7MuMmM ;
to : gh_6536061e4435 ;
time : 1493602085 ;
type : subscribe ;

2017-05-01 09:28:05 params :
------------
Array:
rule : -2 ;
module :  ;
message : Array ;

2017-05-01 09:28:05 response :
------------

2017-05-01 09:57:31 trace :
------------
Array:
tousername : gh_6536061e4435 ;
fromusername : oKwkYw7i_bmTYKaB31-Gt_7MuMmM ;
createtime : 1493603851 ;
msgtype : event ;
event : CLICK ;
eventkey : 二维码 ;
from : oKwkYw7i_bmTYKaB31-Gt_7MuMmM ;
to : gh_6536061e4435 ;
time : 1493603851 ;
type : event ;

2017-05-01 09:57:41 trace :
------------
Array:
tousername : gh_6536061e4435 ;
fromusername : oKwkYw7i_bmTYKaB31-Gt_7MuMmM ;
createtime : 1493603861 ;
msgtype : event ;
event : VIEW ;
eventkey : http://kh39.61why.com/app/index.php?i=2&c=entry&eid=194 ;
menuid : 410600728 ;
from : oKwkYw7i_bmTYKaB31-Gt_7MuMmM ;
to : gh_6536061e4435 ;
time : 1493603861 ;
type : event ;

2017-05-01 09:57:41 params :
------------
Array:
rule : -2 ;
module :  ;
message : Array ;

2017-05-01 09:57:41 response :
------------

2017-05-01 10:26:04 trace :
------------
Array:
tousername : gh_6536061e4435 ;
fromusername : oKwkYw6o3a7otZOCvv25dRVHQX_I ;
createtime : 1493605563 ;
msgtype : event ;
event : VIEW ;
eventkey : http://kh39.61why.com/app/index.php?i=2&c=entry&eid=194 ;
menuid : 410600728 ;
from : oKwkYw6o3a7otZOCvv25dRVHQX_I ;
to : gh_6536061e4435 ;
time : 1493605563 ;
type : event ;

2017-05-01 10:26:04 params :
------------
Array:
rule : -2 ;
module :  ;
message : Array ;

2017-05-01 10:26:04 response :
------------

2017-05-01 10:34:02 trace :
------------
Array:
tousername : gh_6536061e4435 ;
fromusername : oKwkYw7dl1VnB3y_UbbGHnoqsaJ4 ;
createtime : 1493606042 ;
msgtype : event ;
event : subscribe ;
eventkey : qrscene_16cb2f583132d9450a549ebc4ff2f844 ;
ticket : gQHv8DwAAAAAAAAAAS5odHRwOi8vd2VpeGluLnFxLmNvbS9xLzAyelI1bDBFSDljbzMxMDAwME0wN2QAAgQSWQVZAwQAAAAA ;
from : oKwkYw7dl1VnB3y_UbbGHnoqsaJ4 ;
to : gh_6536061e4435 ;
time : 1493606042 ;
type : subscribe ;
scene : 16cb2f583132d9450a549ebc4ff2f844 ;

2017-05-01 10:34:10 trace :
------------
Array:
tousername : gh_6536061e4435 ;
fromusername : oKwkYw7dl1VnB3y_UbbGHnoqsaJ4 ;
createtime : 1493606050 ;
msgtype : event ;
event : VIEW ;
eventkey : http://kh39.61why.com/app/index.php?i=2&c=entry&eid=198 ;
menuid : 410600728 ;
from : oKwkYw7dl1VnB3y_UbbGHnoqsaJ4 ;
to : gh_6536061e4435 ;
time : 1493606050 ;
type : event ;

2017-05-01 10:34:10 params :
------------
Array:
rule : -2 ;
module :  ;
message : Array ;

2017-05-01 10:34:10 response :
------------

2017-05-01 10:36:44 trace :
------------
Array:
tousername : gh_6536061e4435 ;
fromusername : oKwkYw6o3a7otZOCvv25dRVHQX_I ;
createtime : 1493606204 ;
msgtype : event ;
event : VIEW ;
eventkey : http://kh39.61why.com/app/index.php?i=2&c=entry&eid=194 ;
menuid : 410600728 ;
from : oKwkYw6o3a7otZOCvv25dRVHQX_I ;
to : gh_6536061e4435 ;
time : 1493606204 ;
type : event ;

2017-05-01 10:36:44 params :
------------
Array:
rule : -2 ;
module :  ;
message : Array ;

2017-05-01 10:36:44 response :
------------

2017-05-01 10:37:53 trace :
------------
Array:
tousername : gh_6536061e4435 ;
fromusername : oKwkYw22rCbBSaALxIaH8w23nsLQ ;
createtime : 1493606273 ;
msgtype : event ;
event : VIEW ;
eventkey : http://kh39.61why.com/app/index.php?i=2&c=entry&eid=194 ;
menuid : 410600728 ;
from : oKwkYw22rCbBSaALxIaH8w23nsLQ ;
to : gh_6536061e4435 ;
time : 1493606273 ;
type : event ;

2017-05-01 10:37:53 params :
------------
Array:
rule : -2 ;
module :  ;
message : Array ;

2017-05-01 10:37:53 response :
------------

2017-05-01 10:38:27 trace :
------------
Array:
tousername : gh_6536061e4435 ;
fromusername : oKwkYw7K9xHIr91Csk-qENfcagnM ;
createtime : 1493606307 ;
msgtype : event ;
event : VIEW ;
eventkey : http://kh39.61why.com/app/index.php?i=2&c=entry&eid=194 ;
menuid : 410600728 ;
from : oKwkYw7K9xHIr91Csk-qENfcagnM ;
to : gh_6536061e4435 ;
time : 1493606307 ;
type : event ;

2017-05-01 10:38:27 params :
------------
Array:
rule : -2 ;
module :  ;
message : Array ;

2017-05-01 10:38:27 response :
------------

2017-05-01 10:44:27 trace :
------------
Array:
tousername : gh_6536061e4435 ;
fromusername : oKwkYw5hiet9aIoMvpfdt0UcJyzc ;
createtime : 1493606666 ;
msgtype : event ;
event : VIEW ;
eventkey : http://kh39.61why.com/app/index.php?i=2&c=entry&eid=198 ;
menuid : 410600728 ;
from : oKwkYw5hiet9aIoMvpfdt0UcJyzc ;
to : gh_6536061e4435 ;
time : 1493606666 ;
type : event ;

2017-05-01 10:44:27 params :
------------
Array:
rule : -2 ;
module :  ;
message : Array ;

2017-05-01 10:44:27 response :
------------

2017-05-01 10:45:56 trace :
------------
Array:
tousername : gh_6536061e4435 ;
fromusername : oKwkYw_czhGJMhzRk-PvvkgFyKMI ;
createtime : 1493606756 ;
msgtype : event ;
event : VIEW ;
eventkey : http://kh39.61why.com/app/index.php?i=2&c=entry&eid=194 ;
menuid : 410600728 ;
from : oKwkYw_czhGJMhzRk-PvvkgFyKMI ;
to : gh_6536061e4435 ;
time : 1493606756 ;
type : event ;

2017-05-01 10:45:56 params :
------------
Array:
rule : -2 ;
module :  ;
message : Array ;

2017-05-01 10:45:56 response :
------------

2017-05-01 10:48:41 trace :
------------
Array:
tousername : gh_6536061e4435 ;
fromusername : oKwkYw_czhGJMhzRk-PvvkgFyKMI ;
createtime : 1493606921 ;
msgtype : event ;
event : VIEW ;
eventkey : http://kh39.61why.com/app/index.php?i=2&c=entry&eid=194 ;
menuid : 410600728 ;
from : oKwkYw_czhGJMhzRk-PvvkgFyKMI ;
to : gh_6536061e4435 ;
time : 1493606921 ;
type : event ;

2017-05-01 10:48:41 params :
------------
Array:
rule : -2 ;
module :  ;
message : Array ;

2017-05-01 10:48:41 response :
------------

2017-05-01 10:51:42 trace :
------------
Array:
tousername : gh_6536061e4435 ;
fromusername : oKwkYw0AxVB8dpKdrnGu82ok9IZc ;
createtime : 1493607102 ;
msgtype : event ;
event : VIEW ;
eventkey : http://kh39.61why.com/app/index.php?i=2&c=entry&eid=194 ;
menuid : 410600728 ;
from : oKwkYw0AxVB8dpKdrnGu82ok9IZc ;
to : gh_6536061e4435 ;
time : 1493607102 ;
type : event ;

2017-05-01 10:51:42 params :
------------
Array:
rule : -2 ;
module :  ;
message : Array ;

2017-05-01 10:51:42 response :
------------

2017-05-01 10:54:26 trace :
------------
Array:
tousername : gh_6536061e4435 ;
fromusername : oKwkYw0AxVB8dpKdrnGu82ok9IZc ;
createtime : 1493607266 ;
msgtype : event ;
event : VIEW ;
eventkey : http://kh39.61why.com/app/index.php?i=2&c=entry&eid=194 ;
menuid : 410600728 ;
from : oKwkYw0AxVB8dpKdrnGu82ok9IZc ;
to : gh_6536061e4435 ;
time : 1493607266 ;
type : event ;

2017-05-01 10:54:26 params :
------------
Array:
rule : -2 ;
module :  ;
message : Array ;

2017-05-01 10:54:26 response :
------------

2017-05-01 10:54:34 trace :
------------
Array:
tousername : gh_6536061e4435 ;
fromusername : oKwkYw1CJjODVg18eC55sUWQ-tjA ;
createtime : 1493607274 ;
msgtype : event ;
event : VIEW ;
eventkey : http://kh39.61why.com/app/index.php?i=2&c=entry&eid=194 ;
menuid : 410600728 ;
from : oKwkYw1CJjODVg18eC55sUWQ-tjA ;
to : gh_6536061e4435 ;
time : 1493607274 ;
type : event ;

2017-05-01 10:54:34 params :
------------
Array:
rule : -2 ;
module :  ;
message : Array ;

2017-05-01 10:54:34 response :
------------

2017-05-01 10:56:27 trace :
------------
Array:
tousername : gh_6536061e4435 ;
fromusername : oKwkYw7dl1VnB3y_UbbGHnoqsaJ4 ;
createtime : 1493607387 ;
msgtype : event ;
event : CLICK ;
eventkey : 二维码 ;
from : oKwkYw7dl1VnB3y_UbbGHnoqsaJ4 ;
to : gh_6536061e4435 ;
time : 1493607387 ;
type : event ;

2017-05-01 10:57:14 trace :
------------
Array:
tousername : gh_6536061e4435 ;
fromusername : oKwkYw7K9xHIr91Csk-qENfcagnM ;
createtime : 1493607433 ;
msgtype : event ;
event : VIEW ;
eventkey : http://kh39.61why.com/app/index.php?i=2&c=entry&eid=194 ;
menuid : 410600728 ;
from : oKwkYw7K9xHIr91Csk-qENfcagnM ;
to : gh_6536061e4435 ;
time : 1493607433 ;
type : event ;

2017-05-01 10:57:14 params :
------------
Array:
rule : -2 ;
module :  ;
message : Array ;

2017-05-01 10:57:14 response :
------------

2017-05-01 10:57:25 trace :
------------
Array:
tousername : gh_6536061e4435 ;
fromusername : oKwkYw7dl1VnB3y_UbbGHnoqsaJ4 ;
createtime : 1493607445 ;
msgtype : event ;
event : VIEW ;
eventkey : http://kh39.61why.com/app/index.php?i=2&c=entry&eid=194 ;
menuid : 410600728 ;
from : oKwkYw7dl1VnB3y_UbbGHnoqsaJ4 ;
to : gh_6536061e4435 ;
time : 1493607445 ;
type : event ;

2017-05-01 10:57:25 params :
------------
Array:
rule : -2 ;
module :  ;
message : Array ;

2017-05-01 10:57:25 response :
------------

2017-05-01 10:57:51 trace :
------------
Array:
tousername : gh_6536061e4435 ;
fromusername : oKwkYw0AxVB8dpKdrnGu82ok9IZc ;
createtime : 1493607471 ;
msgtype : event ;
event : VIEW ;
eventkey : http://kh39.61why.com/app/index.php?i=2&c=entry&eid=194 ;
menuid : 410600728 ;
from : oKwkYw0AxVB8dpKdrnGu82ok9IZc ;
to : gh_6536061e4435 ;
time : 1493607471 ;
type : event ;

2017-05-01 10:57:51 params :
------------
Array:
rule : -2 ;
module :  ;
message : Array ;

2017-05-01 10:57:51 response :
------------

2017-05-01 11:00:08 trace :
------------
Array:
tousername : gh_6536061e4435 ;
fromusername : oKwkYw0AxVB8dpKdrnGu82ok9IZc ;
createtime : 1493607608 ;
msgtype : event ;
event : VIEW ;
eventkey : http://kh39.61why.com/app/index.php?i=2&c=entry&eid=194 ;
menuid : 410600728 ;
from : oKwkYw0AxVB8dpKdrnGu82ok9IZc ;
to : gh_6536061e4435 ;
time : 1493607608 ;
type : event ;

2017-05-01 11:00:08 params :
------------
Array:
rule : -2 ;
module :  ;
message : Array ;

2017-05-01 11:00:08 response :
------------

2017-05-01 11:04:57 trace :
------------
Array:
tousername : gh_6536061e4435 ;
fromusername : oKwkYw0AxVB8dpKdrnGu82ok9IZc ;
createtime : 1493607897 ;
msgtype : event ;
event : VIEW ;
eventkey : http://kh39.61why.com/app/index.php?i=2&c=entry&eid=194 ;
menuid : 410600728 ;
from : oKwkYw0AxVB8dpKdrnGu82ok9IZc ;
to : gh_6536061e4435 ;
time : 1493607897 ;
type : event ;

2017-05-01 11:04:57 params :
------------
Array:
rule : -2 ;
module :  ;
message : Array ;

2017-05-01 11:04:57 response :
------------

2017-05-01 11:05:25 trace :
------------
Array:
tousername : gh_6536061e4435 ;
fromusername : oKwkYw0b_nY3vy2dlsZiutChx2qg ;
createtime : 1493607925 ;
msgtype : event ;
event : VIEW ;
eventkey : http://kh39.61why.com/app/index.php?i=2&c=entry&eid=198 ;
menuid : 410600728 ;
from : oKwkYw0b_nY3vy2dlsZiutChx2qg ;
to : gh_6536061e4435 ;
time : 1493607925 ;
type : event ;

2017-05-01 11:05:25 params :
------------
Array:
rule : -2 ;
module :  ;
message : Array ;

2017-05-01 11:05:25 response :
------------

2017-05-01 11:06:51 trace :
------------
Array:
tousername : gh_6536061e4435 ;
fromusername : oKwkYw_czhGJMhzRk-PvvkgFyKMI ;
createtime : 1493608011 ;
msgtype : event ;
event : VIEW ;
eventkey : http://kh39.61why.com/app/index.php?i=2&c=entry&eid=194 ;
menuid : 410600728 ;
from : oKwkYw_czhGJMhzRk-PvvkgFyKMI ;
to : gh_6536061e4435 ;
time : 1493608011 ;
type : event ;

2017-05-01 11:06:51 params :
------------
Array:
rule : -2 ;
module :  ;
message : Array ;

2017-05-01 11:06:51 response :
------------

2017-05-01 11:09:32 trace :
------------
Array:
tousername : gh_6536061e4435 ;
fromusername : oKwkYw0b_nY3vy2dlsZiutChx2qg ;
createtime : 1493608172 ;
msgtype : event ;
event : VIEW ;
eventkey : http://kh39.61why.com/app/index.php?i=2&c=entry&eid=198 ;
menuid : 410600728 ;
from : oKwkYw0b_nY3vy2dlsZiutChx2qg ;
to : gh_6536061e4435 ;
time : 1493608172 ;
type : event ;

2017-05-01 11:09:32 params :
------------
Array:
rule : -2 ;
module :  ;
message : Array ;

2017-05-01 11:09:32 response :
------------

2017-05-01 11:09:51 trace :
------------
Array:
tousername : gh_6536061e4435 ;
fromusername : oKwkYw0b_nY3vy2dlsZiutChx2qg ;
createtime : 1493608191 ;
msgtype : event ;
event : VIEW ;
eventkey : http://kh39.61why.com/app/index.php?i=2&c=entry&eid=198 ;
menuid : 410600728 ;
from : oKwkYw0b_nY3vy2dlsZiutChx2qg ;
to : gh_6536061e4435 ;
time : 1493608191 ;
type : event ;

2017-05-01 11:09:51 params :
------------
Array:
rule : -2 ;
module :  ;
message : Array ;

2017-05-01 11:09:51 response :
------------

2017-05-01 11:10:16 trace :
------------
Array:
tousername : gh_6536061e4435 ;
fromusername : oKwkYw0b_nY3vy2dlsZiutChx2qg ;
createtime : 1493608216 ;
msgtype : event ;
event : VIEW ;
eventkey : http://kh39.61why.com/app/index.php?i=2&c=entry&eid=194 ;
menuid : 410600728 ;
from : oKwkYw0b_nY3vy2dlsZiutChx2qg ;
to : gh_6536061e4435 ;
time : 1493608216 ;
type : event ;

2017-05-01 11:10:16 params :
------------
Array:
rule : -2 ;
module :  ;
message : Array ;

2017-05-01 11:10:16 response :
------------

2017-05-01 11:11:15 trace :
------------
Array:
tousername : gh_6536061e4435 ;
fromusername : oKwkYw0AxVB8dpKdrnGu82ok9IZc ;
createtime : 1493608275 ;
msgtype : event ;
event : VIEW ;
eventkey : http://kh39.61why.com/app/index.php?i=2&c=entry&eid=194 ;
menuid : 410600728 ;
from : oKwkYw0AxVB8dpKdrnGu82ok9IZc ;
to : gh_6536061e4435 ;
time : 1493608275 ;
type : event ;

2017-05-01 11:11:15 params :
------------
Array:
rule : -2 ;
module :  ;
message : Array ;

2017-05-01 11:11:15 response :
------------

2017-05-01 11:12:05 trace :
------------
Array:
tousername : gh_6536061e4435 ;
fromusername : oKwkYw0b_nY3vy2dlsZiutChx2qg ;
createtime : 1493608325 ;
msgtype : event ;
event : VIEW ;
eventkey : http://kh39.61why.com/app/index.php?i=2&c=entry&eid=194 ;
menuid : 410600728 ;
from : oKwkYw0b_nY3vy2dlsZiutChx2qg ;
to : gh_6536061e4435 ;
time : 1493608325 ;
type : event ;

2017-05-01 11:12:05 params :
------------
Array:
rule : -2 ;
module :  ;
message : Array ;

2017-05-01 11:12:05 response :
------------

2017-05-01 11:13:21 trace :
------------
Array:
tousername : gh_6536061e4435 ;
fromusername : oKwkYw0b_nY3vy2dlsZiutChx2qg ;
createtime : 1493608401 ;
msgtype : event ;
event : VIEW ;
eventkey : http://kh39.61why.com/app/index.php?i=2&c=entry&eid=194 ;
menuid : 410600728 ;
from : oKwkYw0b_nY3vy2dlsZiutChx2qg ;
to : gh_6536061e4435 ;
time : 1493608401 ;
type : event ;

2017-05-01 11:13:21 params :
------------
Array:
rule : -2 ;
module :  ;
message : Array ;

2017-05-01 11:13:21 response :
------------

2017-05-01 11:13:27 trace :
------------
Array:
tousername : gh_6536061e4435 ;
fromusername : oKwkYw0AxVB8dpKdrnGu82ok9IZc ;
createtime : 1493608407 ;
msgtype : event ;
event : VIEW ;
eventkey : http://kh39.61why.com/app/index.php?i=2&c=entry&eid=194 ;
menuid : 410600728 ;
from : oKwkYw0AxVB8dpKdrnGu82ok9IZc ;
to : gh_6536061e4435 ;
time : 1493608407 ;
type : event ;

2017-05-01 11:13:27 params :
------------
Array:
rule : -2 ;
module :  ;
message : Array ;

2017-05-01 11:13:27 response :
------------

2017-05-01 11:14:37 trace :
------------
Array:
tousername : gh_6536061e4435 ;
fromusername : oKwkYw0AxVB8dpKdrnGu82ok9IZc ;
createtime : 1493608477 ;
msgtype : event ;
event : VIEW ;
eventkey : http://kh39.61why.com/app/index.php?i=2&c=entry&eid=194 ;
menuid : 410600728 ;
from : oKwkYw0AxVB8dpKdrnGu82ok9IZc ;
to : gh_6536061e4435 ;
time : 1493608477 ;
type : event ;

2017-05-01 11:14:37 params :
------------
Array:
rule : -2 ;
module :  ;
message : Array ;

2017-05-01 11:14:37 response :
------------

2017-05-01 11:16:00 trace :
------------
Array:
tousername : gh_6536061e4435 ;
fromusername : oKwkYw1W5I_NaF5L3vS4x72I1tao ;
createtime : 1493608560 ;
msgtype : event ;
event : VIEW ;
eventkey : http://kh39.61why.com/app/index.php?i=2&c=entry&eid=194 ;
menuid : 410600728 ;
from : oKwkYw1W5I_NaF5L3vS4x72I1tao ;
to : gh_6536061e4435 ;
time : 1493608560 ;
type : event ;

2017-05-01 11:16:00 params :
------------
Array:
rule : -2 ;
module :  ;
message : Array ;

2017-05-01 11:16:00 response :
------------

2017-05-01 11:17:36 trace :
------------
Array:
tousername : gh_6536061e4435 ;
fromusername : oKwkYw7K9xHIr91Csk-qENfcagnM ;
createtime : 1493608656 ;
msgtype : event ;
event : VIEW ;
eventkey : http://kh39.61why.com/app/index.php?i=2&c=entry&eid=194 ;
menuid : 410600728 ;
from : oKwkYw7K9xHIr91Csk-qENfcagnM ;
to : gh_6536061e4435 ;
time : 1493608656 ;
type : event ;

2017-05-01 11:17:36 params :
------------
Array:
rule : -2 ;
module :  ;
message : Array ;

2017-05-01 11:17:36 response :
------------

2017-05-01 11:18:55 trace :
------------
Array:
tousername : gh_6536061e4435 ;
fromusername : oKwkYw6jd4LrcBSoddlrrxyPalOI ;
createtime : 1493608735 ;
msgtype : event ;
event : VIEW ;
eventkey : http://kh39.61why.com/app/index.php?i=2&c=entry&eid=198 ;
menuid : 410600728 ;
from : oKwkYw6jd4LrcBSoddlrrxyPalOI ;
to : gh_6536061e4435 ;
time : 1493608735 ;
type : event ;

2017-05-01 11:18:55 params :
------------
Array:
rule : -2 ;
module :  ;
message : Array ;

2017-05-01 11:18:55 response :
------------

2017-05-01 11:23:06 trace :
------------
Array:
tousername : gh_6536061e4435 ;
fromusername : oKwkYw7K9xHIr91Csk-qENfcagnM ;
createtime : 1493608986 ;
msgtype : event ;
event : VIEW ;
eventkey : http://kh39.61why.com/app/index.php?i=2&c=entry&eid=194 ;
menuid : 410600728 ;
from : oKwkYw7K9xHIr91Csk-qENfcagnM ;
to : gh_6536061e4435 ;
time : 1493608986 ;
type : event ;

2017-05-01 11:23:06 params :
------------
Array:
rule : -2 ;
module :  ;
message : Array ;

2017-05-01 11:23:06 response :
------------

2017-05-01 11:27:05 trace :
------------
Array:
tousername : gh_6536061e4435 ;
fromusername : oKwkYw7K9xHIr91Csk-qENfcagnM ;
createtime : 1493609224 ;
msgtype : event ;
event : VIEW ;
eventkey : http://kh39.61why.com/app/index.php?i=2&c=entry&eid=194 ;
menuid : 410600728 ;
from : oKwkYw7K9xHIr91Csk-qENfcagnM ;
to : gh_6536061e4435 ;
time : 1493609224 ;
type : event ;

2017-05-01 11:27:05 params :
------------
Array:
rule : -2 ;
module :  ;
message : Array ;

2017-05-01 11:27:05 response :
------------

2017-05-01 11:47:45 trace :
------------
Array:
tousername : gh_6536061e4435 ;
fromusername : oKwkYw5hiet9aIoMvpfdt0UcJyzc ;
createtime : 1493610465 ;
msgtype : event ;
event : VIEW ;
eventkey : http://kh39.61why.com/app/index.php?i=2&c=entry&eid=198 ;
menuid : 410600728 ;
from : oKwkYw5hiet9aIoMvpfdt0UcJyzc ;
to : gh_6536061e4435 ;
time : 1493610465 ;
type : event ;

2017-05-01 11:47:45 params :
------------
Array:
rule : -2 ;
module :  ;
message : Array ;

2017-05-01 11:47:45 response :
------------

2017-05-01 11:52:39 trace :
------------
Array:
tousername : gh_6536061e4435 ;
fromusername : oKwkYw1CJjODVg18eC55sUWQ-tjA ;
createtime : 1493610759 ;
msgtype : event ;
event : VIEW ;
eventkey : http://kh39.61why.com/app/index.php?i=2&c=entry&eid=194 ;
menuid : 410600728 ;
from : oKwkYw1CJjODVg18eC55sUWQ-tjA ;
to : gh_6536061e4435 ;
time : 1493610759 ;
type : event ;

2017-05-01 11:52:39 params :
------------
Array:
rule : -2 ;
module :  ;
message : Array ;

2017-05-01 11:52:39 response :
------------

2017-05-01 11:54:32 trace :
------------
Array:
tousername : gh_6536061e4435 ;
fromusername : oKwkYw1hdHu_NiSw4Dn_tLeEcWuc ;
createtime : 1493610872 ;
msgtype : event ;
event : VIEW ;
eventkey : http://kh39.61why.com/app/index.php?i=2&c=entry&eid=198 ;
menuid : 410600728 ;
from : oKwkYw1hdHu_NiSw4Dn_tLeEcWuc ;
to : gh_6536061e4435 ;
time : 1493610872 ;
type : event ;

2017-05-01 11:54:32 params :
------------
Array:
rule : -2 ;
module :  ;
message : Array ;

2017-05-01 11:54:32 response :
------------

2017-05-01 12:01:57 trace :
------------
Array:
tousername : gh_6536061e4435 ;
fromusername : oKwkYw0b_nY3vy2dlsZiutChx2qg ;
createtime : 1493611317 ;
msgtype : event ;
event : VIEW ;
eventkey : http://kh39.61why.com/app/index.php?i=2&c=entry&eid=194 ;
menuid : 410600728 ;
from : oKwkYw0b_nY3vy2dlsZiutChx2qg ;
to : gh_6536061e4435 ;
time : 1493611317 ;
type : event ;

2017-05-01 12:01:57 params :
------------
Array:
rule : -2 ;
module :  ;
message : Array ;

2017-05-01 12:01:57 response :
------------

2017-05-01 12:03:20 trace :
------------
Array:
tousername : gh_6536061e4435 ;
fromusername : oKwkYw0b_nY3vy2dlsZiutChx2qg ;
createtime : 1493611400 ;
msgtype : event ;
event : CLICK ;
eventkey : 二维码 ;
from : oKwkYw0b_nY3vy2dlsZiutChx2qg ;
to : gh_6536061e4435 ;
time : 1493611400 ;
type : event ;

2017-05-01 12:13:16 trace :
------------
Array:
tousername : gh_6536061e4435 ;
fromusername : oKwkYwxdGazpUQLKnjr_HrnPicQo ;
createtime : 1493611996 ;
msgtype : event ;
event : VIEW ;
eventkey : http://kh39.61why.com/app/index.php?i=2&c=entry&eid=198 ;
menuid : 410600728 ;
from : oKwkYwxdGazpUQLKnjr_HrnPicQo ;
to : gh_6536061e4435 ;
time : 1493611996 ;
type : event ;

2017-05-01 12:13:16 params :
------------
Array:
rule : -2 ;
module :  ;
message : Array ;

2017-05-01 12:13:16 response :
------------

2017-05-01 12:13:54 trace :
------------
Array:
tousername : gh_6536061e4435 ;
fromusername : oKwkYwxdGazpUQLKnjr_HrnPicQo ;
createtime : 1493612034 ;
msgtype : event ;
event : VIEW ;
eventkey : http://kh39.61why.com/app/index.php?i=2&c=entry&eid=198 ;
menuid : 410600728 ;
from : oKwkYwxdGazpUQLKnjr_HrnPicQo ;
to : gh_6536061e4435 ;
time : 1493612034 ;
type : event ;

2017-05-01 12:13:54 params :
------------
Array:
rule : -2 ;
module :  ;
message : Array ;

2017-05-01 12:13:54 response :
------------

2017-05-01 12:14:13 trace :
------------
Array:
tousername : gh_6536061e4435 ;
fromusername : oKwkYwxdGazpUQLKnjr_HrnPicQo ;
createtime : 1493612053 ;
msgtype : event ;
event : VIEW ;
eventkey : http://kh39.61why.com/app/index.php?i=2&c=entry&eid=198 ;
menuid : 410600728 ;
from : oKwkYwxdGazpUQLKnjr_HrnPicQo ;
to : gh_6536061e4435 ;
time : 1493612053 ;
type : event ;

2017-05-01 12:14:13 params :
------------
Array:
rule : -2 ;
module :  ;
message : Array ;

2017-05-01 12:14:13 response :
------------

2017-05-01 12:15:02 trace :
------------
Array:
tousername : gh_6536061e4435 ;
fromusername : oKwkYwxdGazpUQLKnjr_HrnPicQo ;
createtime : 1493612102 ;
msgtype : event ;
event : VIEW ;
eventkey : http://kh39.61why.com/app/index.php?i=2&c=entry&eid=198 ;
menuid : 410600728 ;
from : oKwkYwxdGazpUQLKnjr_HrnPicQo ;
to : gh_6536061e4435 ;
time : 1493612102 ;
type : event ;

2017-05-01 12:15:02 params :
------------
Array:
rule : -2 ;
module :  ;
message : Array ;

2017-05-01 12:15:02 response :
------------

2017-05-01 12:15:19 trace :
------------
Array:
tousername : gh_6536061e4435 ;
fromusername : oKwkYwxdGazpUQLKnjr_HrnPicQo ;
createtime : 1493612119 ;
msgtype : event ;
event : VIEW ;
eventkey : http://kh39.61why.com/app/index.php?i=2&c=entry&eid=198 ;
menuid : 410600728 ;
from : oKwkYwxdGazpUQLKnjr_HrnPicQo ;
to : gh_6536061e4435 ;
time : 1493612119 ;
type : event ;

2017-05-01 12:15:19 params :
------------
Array:
rule : -2 ;
module :  ;
message : Array ;

2017-05-01 12:15:19 response :
------------

2017-05-01 12:16:38 trace :
------------
Array:
tousername : gh_6536061e4435 ;
fromusername : oKwkYw1CJjODVg18eC55sUWQ-tjA ;
createtime : 1493612198 ;
msgtype : event ;
event : VIEW ;
eventkey : http://kh39.61why.com/app/index.php?i=2&c=entry&eid=198 ;
menuid : 410600728 ;
from : oKwkYw1CJjODVg18eC55sUWQ-tjA ;
to : gh_6536061e4435 ;
time : 1493612198 ;
type : event ;

2017-05-01 12:16:38 params :
------------
Array:
rule : -2 ;
module :  ;
message : Array ;

2017-05-01 12:16:38 response :
------------

2017-05-01 12:23:28 trace :
------------
Array:
tousername : gh_6536061e4435 ;
fromusername : oKwkYw_j8aXAdcXoetleE_NUJK4E ;
createtime : 1493612608 ;
msgtype : event ;
event : subscribe ;
eventkey : qrscene_8b56176c32187399cf82a8c8088fbc9b ;
ticket : gQHq8DwAAAAAAAAAAS5odHRwOi8vd2VpeGluLnFxLmNvbS9xLzAyYm5yYjBiSDljbzMxMDAwMGcwN1cAAgQ2Es1YAwQAAAAA ;
from : oKwkYw_j8aXAdcXoetleE_NUJK4E ;
to : gh_6536061e4435 ;
time : 1493612608 ;
type : subscribe ;
scene : 8b56176c32187399cf82a8c8088fbc9b ;

2017-05-01 12:23:56 trace :
------------
Array:
tousername : gh_6536061e4435 ;
fromusername : oKwkYw_j8aXAdcXoetleE_NUJK4E ;
createtime : 1493612636 ;
msgtype : event ;
event : VIEW ;
eventkey : http://kh39.61why.com/app/index.php?i=2&c=entry&eid=194 ;
menuid : 410600728 ;
from : oKwkYw_j8aXAdcXoetleE_NUJK4E ;
to : gh_6536061e4435 ;
time : 1493612636 ;
type : event ;

2017-05-01 12:23:56 params :
------------
Array:
rule : -2 ;
module :  ;
message : Array ;

2017-05-01 12:23:56 response :
------------

2017-05-01 12:24:02 trace :
------------
Array:
tousername : gh_6536061e4435 ;
fromusername : oKwkYw9sBK_8LiK4B2l7AREyd5-Q ;
createtime : 1493612641 ;
msgtype : event ;
event : subscribe ;
eventkey : qrscene_8b56176c32187399cf82a8c8088fbc9b ;
ticket : gQHq8DwAAAAAAAAAAS5odHRwOi8vd2VpeGluLnFxLmNvbS9xLzAyYm5yYjBiSDljbzMxMDAwMGcwN1cAAgQ2Es1YAwQAAAAA ;
from : oKwkYw9sBK_8LiK4B2l7AREyd5-Q ;
to : gh_6536061e4435 ;
time : 1493612641 ;
type : subscribe ;
scene : 8b56176c32187399cf82a8c8088fbc9b ;

2017-05-01 12:24:07 trace :
------------
Array:
tousername : gh_6536061e4435 ;
fromusername : oKwkYw9sBK_8LiK4B2l7AREyd5-Q ;
createtime : 1493612647 ;
msgtype : event ;
event : VIEW ;
eventkey : http://kh39.61why.com/app/index.php?i=2&c=entry&eid=194 ;
menuid : 410600728 ;
from : oKwkYw9sBK_8LiK4B2l7AREyd5-Q ;
to : gh_6536061e4435 ;
time : 1493612647 ;
type : event ;

2017-05-01 12:24:07 params :
------------
Array:
rule : -2 ;
module :  ;
message : Array ;

2017-05-01 12:24:07 response :
------------

2017-05-01 12:24:08 trace :
------------
Array:
tousername : gh_6536061e4435 ;
fromusername : oKwkYw_j8aXAdcXoetleE_NUJK4E ;
createtime : 1493612647 ;
msgtype : event ;
event : VIEW ;
eventkey : http://kh39.61why.com/app/index.php?i=2&c=entry&eid=198 ;
menuid : 410600728 ;
from : oKwkYw_j8aXAdcXoetleE_NUJK4E ;
to : gh_6536061e4435 ;
time : 1493612647 ;
type : event ;

2017-05-01 12:24:08 params :
------------
Array:
rule : -2 ;
module :  ;
message : Array ;

2017-05-01 12:24:08 response :
------------

2017-05-01 12:24:28 trace :
------------
Array:
tousername : gh_6536061e4435 ;
fromusername : oKwkYw_j8aXAdcXoetleE_NUJK4E ;
createtime : 1493612668 ;
msgtype : event ;
event : CLICK ;
eventkey : 二维码 ;
from : oKwkYw_j8aXAdcXoetleE_NUJK4E ;
to : gh_6536061e4435 ;
time : 1493612668 ;
type : event ;

2017-05-01 12:24:32 trace :
------------
Array:
tousername : gh_6536061e4435 ;
fromusername : oKwkYw_czhGJMhzRk-PvvkgFyKMI ;
createtime : 1493612672 ;
msgtype : event ;
event : VIEW ;
eventkey : http://kh39.61why.com/app/index.php?i=2&c=entry&eid=194 ;
menuid : 410600728 ;
from : oKwkYw_czhGJMhzRk-PvvkgFyKMI ;
to : gh_6536061e4435 ;
time : 1493612672 ;
type : event ;

2017-05-01 12:24:32 params :
------------
Array:
rule : -2 ;
module :  ;
message : Array ;

2017-05-01 12:24:32 response :
------------

2017-05-01 12:24:34 trace :
------------
Array:
tousername : gh_6536061e4435 ;
fromusername : oKwkYw_j8aXAdcXoetleE_NUJK4E ;
createtime : 1493612674 ;
msgtype : event ;
event : VIEW ;
eventkey : http://kh39.61why.com/app/index.php?i=2&c=entry&eid=194 ;
menuid : 410600728 ;
from : oKwkYw_j8aXAdcXoetleE_NUJK4E ;
to : gh_6536061e4435 ;
time : 1493612674 ;
type : event ;

2017-05-01 12:24:34 params :
------------
Array:
rule : -2 ;
module :  ;
message : Array ;

2017-05-01 12:24:34 response :
------------

2017-05-01 12:25:24 trace :
------------
Array:
tousername : gh_6536061e4435 ;
fromusername : oKwkYw_j8aXAdcXoetleE_NUJK4E ;
createtime : 1493612724 ;
msgtype : event ;
event : VIEW ;
eventkey : http://kh39.61why.com/app/index.php?i=2&c=entry&eid=194 ;
menuid : 410600728 ;
from : oKwkYw_j8aXAdcXoetleE_NUJK4E ;
to : gh_6536061e4435 ;
time : 1493612724 ;
type : event ;

2017-05-01 12:25:24 params :
------------
Array:
rule : -2 ;
module :  ;
message : Array ;

2017-05-01 12:25:24 response :
------------

2017-05-01 12:30:56 trace :
------------
Array:
tousername : gh_6536061e4435 ;
fromusername : oKwkYw8hXxnYoe4JmHSUwU7Kf7rY ;
createtime : 1493613056 ;
msgtype : event ;
event : VIEW ;
eventkey : http://kh39.61why.com/app/index.php?i=2&c=entry&eid=194 ;
menuid : 410600728 ;
from : oKwkYw8hXxnYoe4JmHSUwU7Kf7rY ;
to : gh_6536061e4435 ;
time : 1493613056 ;
type : event ;

2017-05-01 12:30:56 params :
------------
Array:
rule : -2 ;
module :  ;
message : Array ;

2017-05-01 12:30:56 response :
------------

2017-05-01 12:31:21 trace :
------------
Array:
tousername : gh_6536061e4435 ;
fromusername : oKwkYw8hXxnYoe4JmHSUwU7Kf7rY ;
createtime : 1493613081 ;
msgtype : event ;
event : VIEW ;
eventkey : http://kh39.61why.com/app/index.php?i=2&c=entry&eid=194 ;
menuid : 410600728 ;
from : oKwkYw8hXxnYoe4JmHSUwU7Kf7rY ;
to : gh_6536061e4435 ;
time : 1493613081 ;
type : event ;

2017-05-01 12:31:21 params :
------------
Array:
rule : -2 ;
module :  ;
message : Array ;

2017-05-01 12:31:21 response :
------------

2017-05-01 12:34:09 trace :
------------
Array:
tousername : gh_6536061e4435 ;
fromusername : oKwkYw7i_bmTYKaB31-Gt_7MuMmM ;
createtime : 1493613249 ;
msgtype : event ;
event : VIEW ;
eventkey : http://kh39.61why.com/app/index.php?i=2&c=entry&eid=194 ;
menuid : 410600728 ;
from : oKwkYw7i_bmTYKaB31-Gt_7MuMmM ;
to : gh_6536061e4435 ;
time : 1493613249 ;
type : event ;

2017-05-01 12:34:09 params :
------------
Array:
rule : -2 ;
module :  ;
message : Array ;

2017-05-01 12:34:09 response :
------------

2017-05-01 12:37:34 trace :
------------
Array:
tousername : gh_6536061e4435 ;
fromusername : oKwkYw7i_bmTYKaB31-Gt_7MuMmM ;
createtime : 1493613454 ;
msgtype : event ;
event : VIEW ;
eventkey : http://kh39.61why.com/app/index.php?i=2&c=entry&eid=194 ;
menuid : 410600728 ;
from : oKwkYw7i_bmTYKaB31-Gt_7MuMmM ;
to : gh_6536061e4435 ;
time : 1493613454 ;
type : event ;

2017-05-01 12:37:34 params :
------------
Array:
rule : -2 ;
module :  ;
message : Array ;

2017-05-01 12:37:34 response :
------------

2017-05-01 12:38:24 trace :
------------
Array:
tousername : gh_6536061e4435 ;
fromusername : oKwkYw_j8aXAdcXoetleE_NUJK4E ;
createtime : 1493613504 ;
msgtype : event ;
event : SCAN ;
eventkey : 9591d3f4103f26416e0345e430004b8e ;
ticket : gQEg8TwAAAAAAAAAAS5odHRwOi8vd2VpeGluLnFxLmNvbS9xLzAyMTdreTB2SDljbzMxMDAwME0wN1gAAgR9uAZZAwQAAAAA ;
from : oKwkYw_j8aXAdcXoetleE_NUJK4E ;
to : gh_6536061e4435 ;
time : 1493613504 ;
type : subscribe ;
scene : 9591d3f4103f26416e0345e430004b8e ;

2017-05-01 12:40:17 trace :
------------
Array:
tousername : gh_6536061e4435 ;
fromusername : oKwkYw0AxVB8dpKdrnGu82ok9IZc ;
createtime : 1493613617 ;
msgtype : event ;
event : VIEW ;
eventkey : http://kh39.61why.com/app/index.php?i=2&c=entry&eid=194 ;
menuid : 410600728 ;
from : oKwkYw0AxVB8dpKdrnGu82ok9IZc ;
to : gh_6536061e4435 ;
time : 1493613617 ;
type : event ;

2017-05-01 12:40:17 params :
------------
Array:
rule : -2 ;
module :  ;
message : Array ;

2017-05-01 12:40:17 response :
------------

2017-05-01 12:42:18 trace :
------------
Array:
tousername : gh_6536061e4435 ;
fromusername : oKwkYw0AxVB8dpKdrnGu82ok9IZc ;
createtime : 1493613738 ;
msgtype : event ;
event : VIEW ;
eventkey : http://kh39.61why.com/app/index.php?i=2&c=entry&eid=194 ;
menuid : 410600728 ;
from : oKwkYw0AxVB8dpKdrnGu82ok9IZc ;
to : gh_6536061e4435 ;
time : 1493613738 ;
type : event ;

2017-05-01 12:42:18 params :
------------
Array:
rule : -2 ;
module :  ;
message : Array ;

2017-05-01 12:42:18 response :
------------

2017-05-01 12:42:35 trace :
------------
Array:
tousername : gh_6536061e4435 ;
fromusername : oKwkYw0AxVB8dpKdrnGu82ok9IZc ;
createtime : 1493613755 ;
msgtype : event ;
event : VIEW ;
eventkey : http://kh39.61why.com/app/index.php?i=2&c=entry&eid=194 ;
menuid : 410600728 ;
from : oKwkYw0AxVB8dpKdrnGu82ok9IZc ;
to : gh_6536061e4435 ;
time : 1493613755 ;
type : event ;

2017-05-01 12:42:35 params :
------------
Array:
rule : -2 ;
module :  ;
message : Array ;

2017-05-01 12:42:35 response :
------------

2017-05-01 12:46:10 trace :
------------
Array:
tousername : gh_6536061e4435 ;
fromusername : oKwkYw0AxVB8dpKdrnGu82ok9IZc ;
createtime : 1493613970 ;
msgtype : event ;
event : VIEW ;
eventkey : http://kh39.61why.com/app/index.php?i=2&c=entry&eid=198 ;
menuid : 410600728 ;
from : oKwkYw0AxVB8dpKdrnGu82ok9IZc ;
to : gh_6536061e4435 ;
time : 1493613970 ;
type : event ;

2017-05-01 12:46:10 params :
------------
Array:
rule : -2 ;
module :  ;
message : Array ;

2017-05-01 12:46:10 response :
------------

2017-05-01 12:52:29 trace :
------------
Array:
tousername : gh_6536061e4435 ;
fromusername : oKwkYw7i_bmTYKaB31-Gt_7MuMmM ;
createtime : 1493614349 ;
msgtype : event ;
event : CLICK ;
eventkey : 二维码 ;
from : oKwkYw7i_bmTYKaB31-Gt_7MuMmM ;
to : gh_6536061e4435 ;
time : 1493614349 ;
type : event ;

2017-05-01 13:14:11 trace :
------------
Array:
tousername : gh_6536061e4435 ;
fromusername : oKwkYwxdGazpUQLKnjr_HrnPicQo ;
createtime : 1493615651 ;
msgtype : event ;
event : VIEW ;
eventkey : http://kh39.61why.com/app/index.php?i=2&c=entry&eid=198 ;
menuid : 410600728 ;
from : oKwkYwxdGazpUQLKnjr_HrnPicQo ;
to : gh_6536061e4435 ;
time : 1493615651 ;
type : event ;

2017-05-01 13:14:11 params :
------------
Array:
rule : -2 ;
module :  ;
message : Array ;

2017-05-01 13:14:11 response :
------------

2017-05-01 13:14:57 trace :
------------
Array:
tousername : gh_6536061e4435 ;
fromusername : oKwkYwxdGazpUQLKnjr_HrnPicQo ;
createtime : 1493615697 ;
msgtype : event ;
event : VIEW ;
eventkey : http://kh39.61why.com/app/index.php?i=2&c=entry&eid=194 ;
menuid : 410600728 ;
from : oKwkYwxdGazpUQLKnjr_HrnPicQo ;
to : gh_6536061e4435 ;
time : 1493615697 ;
type : event ;

2017-05-01 13:14:57 params :
------------
Array:
rule : -2 ;
module :  ;
message : Array ;

2017-05-01 13:14:57 response :
------------

2017-05-01 13:17:32 trace :
------------
Array:
tousername : gh_6536061e4435 ;
fromusername : oKwkYw1CJjODVg18eC55sUWQ-tjA ;
createtime : 1493615852 ;
msgtype : event ;
event : VIEW ;
eventkey : http://kh39.61why.com/app/index.php?i=2&c=entry&eid=194 ;
menuid : 410600728 ;
from : oKwkYw1CJjODVg18eC55sUWQ-tjA ;
to : gh_6536061e4435 ;
time : 1493615852 ;
type : event ;

2017-05-01 13:17:32 params :
------------
Array:
rule : -2 ;
module :  ;
message : Array ;

2017-05-01 13:17:32 response :
------------

2017-05-01 13:36:39 trace :
------------
Array:
tousername : gh_6536061e4435 ;
fromusername : oKwkYw3gwTfPj0Cv-qCgCb9i3bTk ;
createtime : 1493616999 ;
msgtype : event ;
event : VIEW ;
eventkey : http://kh39.61why.com/app/index.php?i=2&c=entry&eid=198 ;
menuid : 410600728 ;
from : oKwkYw3gwTfPj0Cv-qCgCb9i3bTk ;
to : gh_6536061e4435 ;
time : 1493616999 ;
type : event ;

2017-05-01 13:36:39 params :
------------
Array:
rule : -2 ;
module :  ;
message : Array ;

2017-05-01 13:36:39 response :
------------

2017-05-01 14:30:24 trace :
------------
Array:
tousername : gh_6536061e4435 ;
fromusername : oKwkYw2AvtOQWVWlszR3cLKUUa3E ;
createtime : 1493620224 ;
msgtype : event ;
event : VIEW ;
eventkey : http://kh39.61why.com/app/index.php?i=2&c=entry&eid=198 ;
menuid : 410600728 ;
from : oKwkYw2AvtOQWVWlszR3cLKUUa3E ;
to : gh_6536061e4435 ;
time : 1493620224 ;
type : event ;

2017-05-01 14:30:24 params :
------------
Array:
rule : -2 ;
module :  ;
message : Array ;

2017-05-01 14:30:24 response :
------------

2017-05-01 14:56:17 trace :
------------
Array:
tousername : gh_6536061e4435 ;
fromusername : oKwkYw_czhGJMhzRk-PvvkgFyKMI ;
createtime : 1493621777 ;
msgtype : event ;
event : VIEW ;
eventkey : http://kh39.61why.com/app/index.php?i=2&c=entry&eid=194 ;
menuid : 410600728 ;
from : oKwkYw_czhGJMhzRk-PvvkgFyKMI ;
to : gh_6536061e4435 ;
time : 1493621777 ;
type : event ;

2017-05-01 14:56:17 params :
------------
Array:
rule : -2 ;
module :  ;
message : Array ;

2017-05-01 14:56:17 response :
------------

2017-05-01 14:59:17 trace :
------------
Array:
tousername : gh_6536061e4435 ;
fromusername : oKwkYw_nikTtt2VKfB83ZMqz-nHs ;
createtime : 1493621957 ;
msgtype : event ;
event : CLICK ;
eventkey : 二维码 ;
from : oKwkYw_nikTtt2VKfB83ZMqz-nHs ;
to : gh_6536061e4435 ;
time : 1493621957 ;
type : event ;

2017-05-01 15:00:05 trace :
------------
Array:
tousername : gh_6536061e4435 ;
fromusername : oKwkYw_nikTtt2VKfB83ZMqz-nHs ;
createtime : 1493622005 ;
msgtype : event ;
event : VIEW ;
eventkey : http://kh39.61why.com/app/index.php?i=2&c=entry&eid=194 ;
menuid : 410600728 ;
from : oKwkYw_nikTtt2VKfB83ZMqz-nHs ;
to : gh_6536061e4435 ;
time : 1493622005 ;
type : event ;

2017-05-01 15:00:05 params :
------------
Array:
rule : -2 ;
module :  ;
message : Array ;

2017-05-01 15:00:05 response :
------------

2017-05-01 15:15:30 trace :
------------
Array:
tousername : gh_6536061e4435 ;
fromusername : oKwkYw1KQ5ff5BZ0dgvipwLgZRns ;
createtime : 1493622929 ;
msgtype : event ;
event : VIEW ;
eventkey : http://kh39.61why.com/app/index.php?i=2&c=entry&eid=198 ;
menuid : 410600728 ;
from : oKwkYw1KQ5ff5BZ0dgvipwLgZRns ;
to : gh_6536061e4435 ;
time : 1493622929 ;
type : event ;

2017-05-01 15:15:30 params :
------------
Array:
rule : -2 ;
module :  ;
message : Array ;

2017-05-01 15:15:30 response :
------------

2017-05-01 15:16:07 trace :
------------
Array:
tousername : gh_6536061e4435 ;
fromusername : oKwkYw7Bkin9Cejh8Z-6PzFdyV4E ;
createtime : 1493622967 ;
msgtype : event ;
event : VIEW ;
eventkey : http://kh39.61why.com/app/index.php?i=2&c=entry&eid=194 ;
menuid : 410600728 ;
from : oKwkYw7Bkin9Cejh8Z-6PzFdyV4E ;
to : gh_6536061e4435 ;
time : 1493622967 ;
type : event ;

2017-05-01 15:16:07 params :
------------
Array:
rule : -2 ;
module :  ;
message : Array ;

2017-05-01 15:16:07 response :
------------

2017-05-01 15:17:44 trace :
------------
Array:
tousername : gh_6536061e4435 ;
fromusername : oKwkYw7K9xHIr91Csk-qENfcagnM ;
createtime : 1493623064 ;
msgtype : event ;
event : VIEW ;
eventkey : http://kh39.61why.com/app/index.php?i=2&c=entry&eid=194 ;
menuid : 410600728 ;
from : oKwkYw7K9xHIr91Csk-qENfcagnM ;
to : gh_6536061e4435 ;
time : 1493623064 ;
type : event ;

2017-05-01 15:17:44 params :
------------
Array:
rule : -2 ;
module :  ;
message : Array ;

2017-05-01 15:17:44 response :
------------

2017-05-01 15:23:44 trace :
------------
Array:
tousername : gh_6536061e4435 ;
fromusername : oKwkYw9jtdtXMlUF-dZFaN58BaEs ;
createtime : 1493623423 ;
msgtype : event ;
event : VIEW ;
eventkey : http://kh39.61why.com/app/index.php?i=2&c=entry&eid=198 ;
menuid : 410600728 ;
from : oKwkYw9jtdtXMlUF-dZFaN58BaEs ;
to : gh_6536061e4435 ;
time : 1493623423 ;
type : event ;

2017-05-01 15:23:44 params :
------------
Array:
rule : -2 ;
module :  ;
message : Array ;

2017-05-01 15:23:44 response :
------------

2017-05-01 16:56:42 trace :
------------
Array:
tousername : gh_6536061e4435 ;
fromusername : oKwkYw0AxVB8dpKdrnGu82ok9IZc ;
createtime : 1493629002 ;
msgtype : event ;
event : VIEW ;
eventkey : http://kh39.61why.com/app/index.php?i=2&c=entry&eid=194 ;
menuid : 410600728 ;
from : oKwkYw0AxVB8dpKdrnGu82ok9IZc ;
to : gh_6536061e4435 ;
time : 1493629002 ;
type : event ;

2017-05-01 16:56:42 params :
------------
Array:
rule : -2 ;
module :  ;
message : Array ;

2017-05-01 16:56:42 response :
------------

2017-05-01 17:01:39 trace :
------------
Array:
tousername : gh_6536061e4435 ;
fromusername : oKwkYw0AxVB8dpKdrnGu82ok9IZc ;
createtime : 1493629299 ;
msgtype : event ;
event : VIEW ;
eventkey : http://kh39.61why.com/app/index.php?i=2&c=entry&eid=194 ;
menuid : 410600728 ;
from : oKwkYw0AxVB8dpKdrnGu82ok9IZc ;
to : gh_6536061e4435 ;
time : 1493629299 ;
type : event ;

2017-05-01 17:01:39 params :
------------
Array:
rule : -2 ;
module :  ;
message : Array ;

2017-05-01 17:01:39 response :
------------

2017-05-01 17:04:30 trace :
------------
Array:
tousername : gh_6536061e4435 ;
fromusername : oKwkYw0AxVB8dpKdrnGu82ok9IZc ;
createtime : 1493629469 ;
msgtype : event ;
event : VIEW ;
eventkey : http://kh39.61why.com/app/index.php?i=2&c=entry&eid=194 ;
menuid : 410600728 ;
from : oKwkYw0AxVB8dpKdrnGu82ok9IZc ;
to : gh_6536061e4435 ;
time : 1493629469 ;
type : event ;

2017-05-01 17:04:30 params :
------------
Array:
rule : -2 ;
module :  ;
message : Array ;

2017-05-01 17:04:30 response :
------------

2017-05-01 17:09:25 trace :
------------
Array:
tousername : gh_6536061e4435 ;
fromusername : oKwkYw_nikTtt2VKfB83ZMqz-nHs ;
createtime : 1493629765 ;
msgtype : event ;
event : CLICK ;
eventkey : 二维码 ;
from : oKwkYw_nikTtt2VKfB83ZMqz-nHs ;
to : gh_6536061e4435 ;
time : 1493629765 ;
type : event ;

2017-05-01 17:21:51 trace :
------------
Array:
tousername : gh_6536061e4435 ;
fromusername : oKwkYwwImlIqMTlJVYqicX-tScQw ;
createtime : 1493630511 ;
msgtype : event ;
event : subscribe ;
eventkey : qrscene_8b56176c32187399cf82a8c8088fbc9b ;
ticket : gQHq8DwAAAAAAAAAAS5odHRwOi8vd2VpeGluLnFxLmNvbS9xLzAyYm5yYjBiSDljbzMxMDAwMGcwN1cAAgQ2Es1YAwQAAAAA ;
from : oKwkYwwImlIqMTlJVYqicX-tScQw ;
to : gh_6536061e4435 ;
time : 1493630511 ;
type : subscribe ;
scene : 8b56176c32187399cf82a8c8088fbc9b ;

2017-05-01 17:21:58 trace :
------------
Array:
tousername : gh_6536061e4435 ;
fromusername : oKwkYwwImlIqMTlJVYqicX-tScQw ;
createtime : 1493630518 ;
msgtype : event ;
event : CLICK ;
eventkey : 二维码 ;
from : oKwkYwwImlIqMTlJVYqicX-tScQw ;
to : gh_6536061e4435 ;
time : 1493630518 ;
type : event ;

2017-05-01 17:22:14 trace :
------------
Array:
tousername : gh_6536061e4435 ;
fromusername : oKwkYwwImlIqMTlJVYqicX-tScQw ;
createtime : 1493630533 ;
msgtype : event ;
event : VIEW ;
eventkey : http://kh39.61why.com/app/index.php?i=2&c=entry&eid=194 ;
menuid : 410600728 ;
from : oKwkYwwImlIqMTlJVYqicX-tScQw ;
to : gh_6536061e4435 ;
time : 1493630533 ;
type : event ;

2017-05-01 17:22:14 params :
------------
Array:
rule : -2 ;
module :  ;
message : Array ;

2017-05-01 17:22:14 response :
------------

2017-05-01 17:28:16 trace :
------------
Array:
tousername : gh_6536061e4435 ;
fromusername : oKwkYwwImlIqMTlJVYqicX-tScQw ;
createtime : 1493630896 ;
msgtype : event ;
event : VIEW ;
eventkey : http://kh39.61why.com/app/index.php?i=2&c=entry&eid=198 ;
menuid : 410600728 ;
from : oKwkYwwImlIqMTlJVYqicX-tScQw ;
to : gh_6536061e4435 ;
time : 1493630896 ;
type : event ;

2017-05-01 17:28:16 params :
------------
Array:
rule : -2 ;
module :  ;
message : Array ;

2017-05-01 17:28:16 response :
------------

2017-05-01 17:28:21 trace :
------------
Array:
tousername : gh_6536061e4435 ;
fromusername : oKwkYwwImlIqMTlJVYqicX-tScQw ;
createtime : 1493630901 ;
msgtype : event ;
event : CLICK ;
eventkey : 二维码 ;
from : oKwkYwwImlIqMTlJVYqicX-tScQw ;
to : gh_6536061e4435 ;
time : 1493630901 ;
type : event ;

2017-05-01 17:29:10 trace :
------------
Array:
tousername : gh_6536061e4435 ;
fromusername : oKwkYwwImlIqMTlJVYqicX-tScQw ;
createtime : 1493630950 ;
msgtype : event ;
event : SCAN ;
eventkey : 8b56176c32187399cf82a8c8088fbc9b ;
ticket : gQHq8DwAAAAAAAAAAS5odHRwOi8vd2VpeGluLnFxLmNvbS9xLzAyYm5yYjBiSDljbzMxMDAwMGcwN1cAAgQ2Es1YAwQAAAAA ;
from : oKwkYwwImlIqMTlJVYqicX-tScQw ;
to : gh_6536061e4435 ;
time : 1493630950 ;
type : subscribe ;
scene : 8b56176c32187399cf82a8c8088fbc9b ;

2017-05-01 17:29:16 trace :
------------
Array:
tousername : gh_6536061e4435 ;
fromusername : oKwkYwwImlIqMTlJVYqicX-tScQw ;
createtime : 1493630956 ;
msgtype : event ;
event : CLICK ;
eventkey : 二维码 ;
from : oKwkYwwImlIqMTlJVYqicX-tScQw ;
to : gh_6536061e4435 ;
time : 1493630956 ;
type : event ;

2017-05-01 17:29:22 trace :
------------
Array:
tousername : gh_6536061e4435 ;
fromusername : oKwkYwwImlIqMTlJVYqicX-tScQw ;
createtime : 1493630962 ;
msgtype : event ;
event : SCAN ;
eventkey : d0ab2702a10d9fbcd8c5e21c105252e0 ;
ticket : gQEH8TwAAAAAAAAAAS5odHRwOi8vd2VpeGluLnFxLmNvbS9xLzAyNFlyaTBLSDljbzMxMDAwMHcwN1YAAgQ3-gZZAwQAAAAA ;
from : oKwkYwwImlIqMTlJVYqicX-tScQw ;
to : gh_6536061e4435 ;
time : 1493630962 ;
type : subscribe ;
scene : d0ab2702a10d9fbcd8c5e21c105252e0 ;

2017-05-01 17:29:26 trace :
------------
Array:
tousername : gh_6536061e4435 ;
fromusername : oKwkYwwImlIqMTlJVYqicX-tScQw ;
createtime : 1493630966 ;
msgtype : event ;
event : VIEW ;
eventkey : http://kh39.61why.com/app/index.php?i=2&c=entry&eid=198 ;
menuid : 410600728 ;
from : oKwkYwwImlIqMTlJVYqicX-tScQw ;
to : gh_6536061e4435 ;
time : 1493630966 ;
type : event ;

2017-05-01 17:29:26 params :
------------
Array:
rule : -2 ;
module :  ;
message : Array ;

2017-05-01 17:29:26 response :
------------

2017-05-01 17:32:21 trace :
------------
Array:
tousername : gh_6536061e4435 ;
fromusername : oKwkYw0D7snKw9WJkTr_EzwW-SF0 ;
createtime : 1493631141 ;
msgtype : event ;
event : VIEW ;
eventkey : http://kh39.61why.com/app/index.php?i=2&c=entry&eid=198 ;
menuid : 410600728 ;
from : oKwkYw0D7snKw9WJkTr_EzwW-SF0 ;
to : gh_6536061e4435 ;
time : 1493631141 ;
type : event ;

2017-05-01 17:32:21 params :
------------
Array:
rule : -2 ;
module :  ;
message : Array ;

2017-05-01 17:32:21 response :
------------

2017-05-01 17:37:06 trace :
------------
Array:
tousername : gh_6536061e4435 ;
fromusername : oKwkYwy9VKWpe-4VS0gnfhoEImn4 ;
createtime : 1493631426 ;
msgtype : event ;
event : subscribe ;
eventkey : qrscene_8b56176c32187399cf82a8c8088fbc9b ;
ticket : gQHq8DwAAAAAAAAAAS5odHRwOi8vd2VpeGluLnFxLmNvbS9xLzAyYm5yYjBiSDljbzMxMDAwMGcwN1cAAgQ2Es1YAwQAAAAA ;
from : oKwkYwy9VKWpe-4VS0gnfhoEImn4 ;
to : gh_6536061e4435 ;
time : 1493631426 ;
type : subscribe ;
scene : 8b56176c32187399cf82a8c8088fbc9b ;

2017-05-01 17:37:10 trace :
------------
Array:
tousername : gh_6536061e4435 ;
fromusername : oKwkYwy9VKWpe-4VS0gnfhoEImn4 ;
createtime : 1493631430 ;
msgtype : event ;
event : VIEW ;
eventkey : http://kh39.61why.com/app/index.php?i=2&c=entry&eid=194 ;
menuid : 410600728 ;
from : oKwkYwy9VKWpe-4VS0gnfhoEImn4 ;
to : gh_6536061e4435 ;
time : 1493631430 ;
type : event ;

2017-05-01 17:37:10 params :
------------
Array:
rule : -2 ;
module :  ;
message : Array ;

2017-05-01 17:37:10 response :
------------

2017-05-01 17:43:12 trace :
------------
Array:
tousername : gh_6536061e4435 ;
fromusername : oKwkYwy9VKWpe-4VS0gnfhoEImn4 ;
createtime : 1493631792 ;
msgtype : event ;
event : VIEW ;
eventkey : http://kh39.61why.com/app/index.php?i=2&c=entry&eid=194 ;
menuid : 410600728 ;
from : oKwkYwy9VKWpe-4VS0gnfhoEImn4 ;
to : gh_6536061e4435 ;
time : 1493631792 ;
type : event ;

2017-05-01 17:43:12 params :
------------
Array:
rule : -2 ;
module :  ;
message : Array ;

2017-05-01 17:43:12 response :
------------

2017-05-01 17:43:45 trace :
------------
Array:
tousername : gh_6536061e4435 ;
fromusername : oKwkYw5S8zWw6zCS6dGdWuuV95fM ;
createtime : 1493631825 ;
msgtype : event ;
event : VIEW ;
eventkey : http://kh39.61why.com/app/index.php?i=2&c=entry&eid=198 ;
menuid : 410600728 ;
from : oKwkYw5S8zWw6zCS6dGdWuuV95fM ;
to : gh_6536061e4435 ;
time : 1493631825 ;
type : event ;

2017-05-01 17:43:45 params :
------------
Array:
rule : -2 ;
module :  ;
message : Array ;

2017-05-01 17:43:45 response :
------------

2017-05-01 17:44:36 trace :
------------
Array:
tousername : gh_6536061e4435 ;
fromusername : oKwkYw5S8zWw6zCS6dGdWuuV95fM ;
createtime : 1493631876 ;
msgtype : event ;
event : VIEW ;
eventkey : http://kh39.61why.com/app/index.php?i=2&c=entry&eid=194 ;
menuid : 410600728 ;
from : oKwkYw5S8zWw6zCS6dGdWuuV95fM ;
to : gh_6536061e4435 ;
time : 1493631876 ;
type : event ;

2017-05-01 17:44:36 params :
------------
Array:
rule : -2 ;
module :  ;
message : Array ;

2017-05-01 17:44:36 response :
------------

2017-05-01 17:52:55 trace :
------------
Array:
tousername : gh_6536061e4435 ;
fromusername : oKwkYw6HCFVKIz-juFTf9SUqrHWI ;
createtime : 1493632375 ;
msgtype : event ;
event : subscribe ;
eventkey : qrscene_dd82de25fe918598e711962dceee00e3 ;
ticket : gQEI8jwAAAAAAAAAAS5odHRwOi8vd2VpeGluLnFxLmNvbS9xLzAyay1EbDFESDljbzMxMDAwME0wN2EAAgTAugVZAwQAAAAA ;
from : oKwkYw6HCFVKIz-juFTf9SUqrHWI ;
to : gh_6536061e4435 ;
time : 1493632375 ;
type : subscribe ;
scene : dd82de25fe918598e711962dceee00e3 ;

2017-05-01 18:07:39 trace :
------------
Array:
tousername : gh_6536061e4435 ;
fromusername : oKwkYw5S8zWw6zCS6dGdWuuV95fM ;
createtime : 1493633259 ;
msgtype : event ;
event : VIEW ;
eventkey : http://kh39.61why.com/app/index.php?i=2&c=entry&eid=198 ;
menuid : 410600728 ;
from : oKwkYw5S8zWw6zCS6dGdWuuV95fM ;
to : gh_6536061e4435 ;
time : 1493633259 ;
type : event ;

2017-05-01 18:07:39 params :
------------
Array:
rule : -2 ;
module :  ;
message : Array ;

2017-05-01 18:07:39 response :
------------

2017-05-01 18:13:59 trace :
------------
Array:
tousername : gh_6536061e4435 ;
fromusername : oKwkYwxdGazpUQLKnjr_HrnPicQo ;
createtime : 1493633639 ;
msgtype : event ;
event : VIEW ;
eventkey : http://kh39.61why.com/app/index.php?i=2&c=entry&eid=198 ;
menuid : 410600728 ;
from : oKwkYwxdGazpUQLKnjr_HrnPicQo ;
to : gh_6536061e4435 ;
time : 1493633639 ;
type : event ;

2017-05-01 18:13:59 params :
------------
Array:
rule : -2 ;
module :  ;
message : Array ;

2017-05-01 18:13:59 response :
------------

2017-05-01 18:26:57 trace :
------------
Array:
tousername : gh_6536061e4435 ;
fromusername : oKwkYw_nikTtt2VKfB83ZMqz-nHs ;
createtime : 1493634417 ;
msgtype : event ;
event : SCAN ;
eventkey : 5a204d2bae5a6c7ee18d5cc557bafbe0 ;
ticket : gQHc8TwAAAAAAAAAAS5odHRwOi8vd2VpeGluLnFxLmNvbS9xLzAySWVwbjBLSDljbzMxMDAwMGcwNzcAAgS3tQVZAwQAAAAA ;
from : oKwkYw_nikTtt2VKfB83ZMqz-nHs ;
to : gh_6536061e4435 ;
time : 1493634417 ;
type : subscribe ;
scene : 5a204d2bae5a6c7ee18d5cc557bafbe0 ;

2017-05-01 18:27:28 trace :
------------
Array:
tousername : gh_6536061e4435 ;
fromusername : oKwkYw_nikTtt2VKfB83ZMqz-nHs ;
createtime : 1493634448 ;
msgtype : event ;
event : VIEW ;
eventkey : http://kh39.61why.com/app/index.php?i=2&c=entry&eid=194 ;
menuid : 410600728 ;
from : oKwkYw_nikTtt2VKfB83ZMqz-nHs ;
to : gh_6536061e4435 ;
time : 1493634448 ;
type : event ;

2017-05-01 18:27:28 params :
------------
Array:
rule : -2 ;
module :  ;
message : Array ;

2017-05-01 18:27:28 response :
------------

2017-05-01 18:31:37 trace :
------------
Array:
tousername : gh_6536061e4435 ;
fromusername : oKwkYwxdGazpUQLKnjr_HrnPicQo ;
createtime : 1493634697 ;
msgtype : event ;
event : VIEW ;
eventkey : http://kh39.61why.com/app/index.php?i=2&c=entry&eid=198 ;
menuid : 410600728 ;
from : oKwkYwxdGazpUQLKnjr_HrnPicQo ;
to : gh_6536061e4435 ;
time : 1493634697 ;
type : event ;

2017-05-01 18:31:37 params :
------------
Array:
rule : -2 ;
module :  ;
message : Array ;

2017-05-01 18:31:37 response :
------------

2017-05-01 18:35:50 trace :
------------
Array:
tousername : gh_6536061e4435 ;
fromusername : oKwkYw0D7snKw9WJkTr_EzwW-SF0 ;
createtime : 1493634950 ;
msgtype : event ;
event : VIEW ;
eventkey : http://kh39.61why.com/app/index.php?i=2&c=entry&eid=198 ;
menuid : 410600728 ;
from : oKwkYw0D7snKw9WJkTr_EzwW-SF0 ;
to : gh_6536061e4435 ;
time : 1493634950 ;
type : event ;

2017-05-01 18:35:50 params :
------------
Array:
rule : -2 ;
module :  ;
message : Array ;

2017-05-01 18:35:50 response :
------------

2017-05-01 18:36:00 trace :
------------
Array:
tousername : gh_6536061e4435 ;
fromusername : oKwkYw0D7snKw9WJkTr_EzwW-SF0 ;
createtime : 1493634960 ;
msgtype : event ;
event : VIEW ;
eventkey : http://kh39.61why.com/app/index.php?i=2&c=entry&eid=198 ;
menuid : 410600728 ;
from : oKwkYw0D7snKw9WJkTr_EzwW-SF0 ;
to : gh_6536061e4435 ;
time : 1493634960 ;
type : event ;

2017-05-01 18:36:00 params :
------------
Array:
rule : -2 ;
module :  ;
message : Array ;

2017-05-01 18:36:00 response :
------------

2017-05-01 18:43:50 trace :
------------
Array:
tousername : gh_6536061e4435 ;
fromusername : oKwkYw5Hv5-mrEGrZ572fv2JrB_s ;
createtime : 1493635430 ;
msgtype : event ;
event : TEMPLATESENDJOBFINISH ;
msgid : 412579248 ;
status : success ;
from : oKwkYw5Hv5-mrEGrZ572fv2JrB_s ;
to : gh_6536061e4435 ;
time : 1493635430 ;
type : event ;

2017-05-01 18:43:50 params :
------------
Array:
rule : -2 ;
module :  ;
message : Array ;

2017-05-01 18:43:50 response :
------------

2017-05-01 18:43:51 trace :
------------
Array:
tousername : gh_6536061e4435 ;
fromusername : oKwkYw7K9xHIr91Csk-qENfcagnM ;
createtime : 1493635431 ;
msgtype : event ;
event : TEMPLATESENDJOBFINISH ;
msgid : 412579249 ;
status : success ;
from : oKwkYw7K9xHIr91Csk-qENfcagnM ;
to : gh_6536061e4435 ;
time : 1493635431 ;
type : event ;

2017-05-01 18:43:51 params :
------------
Array:
rule : -2 ;
module :  ;
message : Array ;

2017-05-01 18:43:51 response :
------------

2017-05-01 18:46:25 trace :
------------
Array:
tousername : gh_6536061e4435 ;
fromusername : oKwkYw_nikTtt2VKfB83ZMqz-nHs ;
createtime : 1493635585 ;
msgtype : event ;
event : VIEW ;
eventkey : http://kh39.61why.com/app/index.php?i=2&c=entry&eid=194 ;
menuid : 410600728 ;
from : oKwkYw_nikTtt2VKfB83ZMqz-nHs ;
to : gh_6536061e4435 ;
time : 1493635585 ;
type : event ;

2017-05-01 18:46:25 params :
------------
Array:
rule : -2 ;
module :  ;
message : Array ;

2017-05-01 18:46:25 response :
------------

2017-05-01 18:49:19 trace :
------------
Array:
tousername : gh_6536061e4435 ;
fromusername : oKwkYw5Hv5-mrEGrZ572fv2JrB_s ;
createtime : 1493635759 ;
msgtype : event ;
event : TEMPLATESENDJOBFINISH ;
msgid : 412579335 ;
status : success ;
from : oKwkYw5Hv5-mrEGrZ572fv2JrB_s ;
to : gh_6536061e4435 ;
time : 1493635759 ;
type : event ;

2017-05-01 18:49:19 params :
------------
Array:
rule : -2 ;
module :  ;
message : Array ;

2017-05-01 18:49:19 response :
------------

2017-05-01 18:49:19 trace :
------------
Array:
tousername : gh_6536061e4435 ;
fromusername : oKwkYw7K9xHIr91Csk-qENfcagnM ;
createtime : 1493635759 ;
msgtype : event ;
event : TEMPLATESENDJOBFINISH ;
msgid : 412579336 ;
status : success ;
from : oKwkYw7K9xHIr91Csk-qENfcagnM ;
to : gh_6536061e4435 ;
time : 1493635759 ;
type : event ;

2017-05-01 18:49:19 params :
------------
Array:
rule : -2 ;
module :  ;
message : Array ;

2017-05-01 18:49:19 response :
------------

2017-05-01 18:50:01 trace :
------------
Array:
tousername : gh_6536061e4435 ;
fromusername : oKwkYw5Hv5-mrEGrZ572fv2JrB_s ;
createtime : 1493635801 ;
msgtype : event ;
event : TEMPLATESENDJOBFINISH ;
msgid : 412579345 ;
status : success ;
from : oKwkYw5Hv5-mrEGrZ572fv2JrB_s ;
to : gh_6536061e4435 ;
time : 1493635801 ;
type : event ;

2017-05-01 18:50:01 params :
------------
Array:
rule : -2 ;
module :  ;
message : Array ;

2017-05-01 18:50:01 response :
------------

2017-05-01 18:50:01 trace :
------------
Array:
tousername : gh_6536061e4435 ;
fromusername : oKwkYw7K9xHIr91Csk-qENfcagnM ;
createtime : 1493635801 ;
msgtype : event ;
event : TEMPLATESENDJOBFINISH ;
msgid : 412579346 ;
status : success ;
from : oKwkYw7K9xHIr91Csk-qENfcagnM ;
to : gh_6536061e4435 ;
time : 1493635801 ;
type : event ;

2017-05-01 18:50:01 params :
------------
Array:
rule : -2 ;
module :  ;
message : Array ;

2017-05-01 18:50:01 response :
------------

2017-05-01 18:52:04 trace :
------------
Array:
tousername : gh_6536061e4435 ;
fromusername : oKwkYwxdGazpUQLKnjr_HrnPicQo ;
createtime : 1493635924 ;
msgtype : event ;
event : VIEW ;
eventkey : http://kh39.61why.com/app/index.php?i=2&c=entry&eid=198 ;
menuid : 410600728 ;
from : oKwkYwxdGazpUQLKnjr_HrnPicQo ;
to : gh_6536061e4435 ;
time : 1493635924 ;
type : event ;

2017-05-01 18:52:04 params :
------------
Array:
rule : -2 ;
module :  ;
message : Array ;

2017-05-01 18:52:04 response :
------------

2017-05-01 18:52:16 trace :
------------
Array:
tousername : gh_6536061e4435 ;
fromusername : oKwkYwxdGazpUQLKnjr_HrnPicQo ;
createtime : 1493635936 ;
msgtype : event ;
event : VIEW ;
eventkey : http://kh39.61why.com/app/index.php?i=2&c=entry&eid=198 ;
menuid : 410600728 ;
from : oKwkYwxdGazpUQLKnjr_HrnPicQo ;
to : gh_6536061e4435 ;
time : 1493635936 ;
type : event ;

2017-05-01 18:52:16 params :
------------
Array:
rule : -2 ;
module :  ;
message : Array ;

2017-05-01 18:52:16 response :
------------

2017-05-01 19:41:52 trace :
------------
Array:
tousername : gh_6536061e4435 ;
fromusername : oKwkYw3gwTfPj0Cv-qCgCb9i3bTk ;
createtime : 1493638912 ;
msgtype : event ;
event : VIEW ;
eventkey : http://kh39.61why.com/app/index.php?i=2&c=entry&eid=198 ;
menuid : 410600728 ;
from : oKwkYw3gwTfPj0Cv-qCgCb9i3bTk ;
to : gh_6536061e4435 ;
time : 1493638912 ;
type : event ;

2017-05-01 19:41:52 params :
------------
Array:
rule : -2 ;
module :  ;
message : Array ;

2017-05-01 19:41:52 response :
------------

2017-05-01 20:26:00 trace :
------------
Array:
tousername : gh_6536061e4435 ;
fromusername : oKwkYw_nikTtt2VKfB83ZMqz-nHs ;
createtime : 1493641559 ;
msgtype : event ;
event : VIEW ;
eventkey : http://kh39.61why.com/app/index.php?i=2&c=entry&eid=194 ;
menuid : 410600728 ;
from : oKwkYw_nikTtt2VKfB83ZMqz-nHs ;
to : gh_6536061e4435 ;
time : 1493641559 ;
type : event ;

2017-05-01 20:26:00 params :
------------
Array:
rule : -2 ;
module :  ;
message : Array ;

2017-05-01 20:26:00 response :
------------

2017-05-01 20:42:59 trace :
------------
Array:
tousername : gh_6536061e4435 ;
fromusername : oKwkYw6HCFVKIz-juFTf9SUqrHWI ;
createtime : 1493642579 ;
msgtype : event ;
event : VIEW ;
eventkey : http://kh39.61why.com/app/index.php?i=2&c=entry&eid=194 ;
menuid : 410600728 ;
from : oKwkYw6HCFVKIz-juFTf9SUqrHWI ;
to : gh_6536061e4435 ;
time : 1493642579 ;
type : event ;

2017-05-01 20:42:59 params :
------------
Array:
rule : -2 ;
module :  ;
message : Array ;

2017-05-01 20:42:59 response :
------------

2017-05-01 20:45:45 trace :
------------
Array:
tousername : gh_6536061e4435 ;
fromusername : oKwkYw0b_nY3vy2dlsZiutChx2qg ;
createtime : 1493642744 ;
msgtype : event ;
event : VIEW ;
eventkey : http://kh39.61why.com/app/index.php?i=2&c=entry&eid=198 ;
menuid : 410600728 ;
from : oKwkYw0b_nY3vy2dlsZiutChx2qg ;
to : gh_6536061e4435 ;
time : 1493642744 ;
type : event ;

2017-05-01 20:45:45 params :
------------
Array:
rule : -2 ;
module :  ;
message : Array ;

2017-05-01 20:45:45 response :
------------

2017-05-01 20:45:53 trace :
------------
Array:
tousername : gh_6536061e4435 ;
fromusername : oKwkYw0b_nY3vy2dlsZiutChx2qg ;
createtime : 1493642753 ;
msgtype : event ;
event : VIEW ;
eventkey : http://kh39.61why.com/app/index.php?i=2&c=entry&eid=198 ;
menuid : 410600728 ;
from : oKwkYw0b_nY3vy2dlsZiutChx2qg ;
to : gh_6536061e4435 ;
time : 1493642753 ;
type : event ;

2017-05-01 20:45:53 params :
------------
Array:
rule : -2 ;
module :  ;
message : Array ;

2017-05-01 20:45:53 response :
------------

2017-05-01 20:46:25 trace :
------------
Array:
tousername : gh_6536061e4435 ;
fromusername : oKwkYw0b_nY3vy2dlsZiutChx2qg ;
createtime : 1493642785 ;
msgtype : event ;
event : VIEW ;
eventkey : http://kh39.61why.com/app/index.php?i=2&c=entry&eid=198 ;
menuid : 410600728 ;
from : oKwkYw0b_nY3vy2dlsZiutChx2qg ;
to : gh_6536061e4435 ;
time : 1493642785 ;
type : event ;

2017-05-01 20:46:25 params :
------------
Array:
rule : -2 ;
module :  ;
message : Array ;

2017-05-01 20:46:25 response :
------------

2017-05-01 20:49:27 trace :
------------
Array:
tousername : gh_6536061e4435 ;
fromusername : oKwkYw1CJjODVg18eC55sUWQ-tjA ;
createtime : 1493642966 ;
msgtype : event ;
event : VIEW ;
eventkey : http://kh39.61why.com/app/index.php?i=2&c=entry&eid=194 ;
menuid : 410600728 ;
from : oKwkYw1CJjODVg18eC55sUWQ-tjA ;
to : gh_6536061e4435 ;
time : 1493642966 ;
type : event ;

2017-05-01 20:49:27 params :
------------
Array:
rule : -2 ;
module :  ;
message : Array ;

2017-05-01 20:49:27 response :
------------

2017-05-01 20:50:13 trace :
------------
Array:
tousername : gh_6536061e4435 ;
fromusername : oKwkYw1CJjODVg18eC55sUWQ-tjA ;
createtime : 1493643013 ;
msgtype : event ;
event : VIEW ;
eventkey : http://kh39.61why.com/app/index.php?i=2&c=entry&eid=198 ;
menuid : 410600728 ;
from : oKwkYw1CJjODVg18eC55sUWQ-tjA ;
to : gh_6536061e4435 ;
time : 1493643013 ;
type : event ;

2017-05-01 20:50:13 params :
------------
Array:
rule : -2 ;
module :  ;
message : Array ;

2017-05-01 20:50:13 response :
------------

2017-05-01 20:54:16 trace :
------------
Array:
tousername : gh_6536061e4435 ;
fromusername : oKwkYw0AxVB8dpKdrnGu82ok9IZc ;
createtime : 1493643256 ;
msgtype : event ;
event : VIEW ;
eventkey : http://kh39.61why.com/app/index.php?i=2&c=entry&eid=194 ;
menuid : 410600728 ;
from : oKwkYw0AxVB8dpKdrnGu82ok9IZc ;
to : gh_6536061e4435 ;
time : 1493643256 ;
type : event ;

2017-05-01 20:54:16 params :
------------
Array:
rule : -2 ;
module :  ;
message : Array ;

2017-05-01 20:54:16 response :
------------

2017-05-01 20:54:28 trace :
------------
Array:
tousername : gh_6536061e4435 ;
fromusername : oKwkYw-Wm9FQJwNO4FWlcxu8ihI4 ;
createtime : 1493643268 ;
msgtype : event ;
event : subscribe ;
eventkey : qrscene_dd82de25fe918598e711962dceee00e3 ;
ticket : gQEI8jwAAAAAAAAAAS5odHRwOi8vd2VpeGluLnFxLmNvbS9xLzAyay1EbDFESDljbzMxMDAwME0wN2EAAgTAugVZAwQAAAAA ;
from : oKwkYw-Wm9FQJwNO4FWlcxu8ihI4 ;
to : gh_6536061e4435 ;
time : 1493643268 ;
type : subscribe ;
scene : dd82de25fe918598e711962dceee00e3 ;

2017-05-01 20:54:34 trace :
------------
Array:
tousername : gh_6536061e4435 ;
fromusername : oKwkYw-Wm9FQJwNO4FWlcxu8ihI4 ;
createtime : 1493643274 ;
msgtype : event ;
event : VIEW ;
eventkey : http://kh39.61why.com/app/index.php?i=2&c=entry&eid=194 ;
menuid : 410600728 ;
from : oKwkYw-Wm9FQJwNO4FWlcxu8ihI4 ;
to : gh_6536061e4435 ;
time : 1493643274 ;
type : event ;

2017-05-01 20:54:34 params :
------------
Array:
rule : -2 ;
module :  ;
message : Array ;

2017-05-01 20:54:34 response :
------------

2017-05-01 20:59:46 trace :
------------
Array:
tousername : gh_6536061e4435 ;
fromusername : oKwkYw1CJjODVg18eC55sUWQ-tjA ;
createtime : 1493643586 ;
msgtype : event ;
event : VIEW ;
eventkey : http://kh39.61why.com/app/index.php?i=2&c=entry&eid=198 ;
menuid : 410600728 ;
from : oKwkYw1CJjODVg18eC55sUWQ-tjA ;
to : gh_6536061e4435 ;
time : 1493643586 ;
type : event ;

2017-05-01 20:59:46 params :
------------
Array:
rule : -2 ;
module :  ;
message : Array ;

2017-05-01 20:59:46 response :
------------

2017-05-01 21:00:17 trace :
------------
Array:
tousername : gh_6536061e4435 ;
fromusername : oKwkYw1yj38KOhGZ_VHM2TrE79xY ;
createtime : 1493643617 ;
msgtype : event ;
event : VIEW ;
eventkey : http://kh39.61why.com/app/index.php?i=2&c=entry&eid=198 ;
menuid : 410600728 ;
from : oKwkYw1yj38KOhGZ_VHM2TrE79xY ;
to : gh_6536061e4435 ;
time : 1493643617 ;
type : event ;

2017-05-01 21:00:17 params :
------------
Array:
rule : -2 ;
module :  ;
message : Array ;

2017-05-01 21:00:17 response :
------------

2017-05-01 21:10:43 trace :
------------
Array:
tousername : gh_6536061e4435 ;
fromusername : oKwkYw7K9xHIr91Csk-qENfcagnM ;
createtime : 1493644243 ;
msgtype : event ;
event : VIEW ;
eventkey : http://kh39.61why.com/app/index.php?i=2&c=entry&eid=194 ;
menuid : 410600728 ;
from : oKwkYw7K9xHIr91Csk-qENfcagnM ;
to : gh_6536061e4435 ;
time : 1493644243 ;
type : event ;

2017-05-01 21:10:43 params :
------------
Array:
rule : -2 ;
module :  ;
message : Array ;

2017-05-01 21:10:43 response :
------------

2017-05-01 21:10:46 trace :
------------
Array:
tousername : gh_6536061e4435 ;
fromusername : oKwkYw7K9xHIr91Csk-qENfcagnM ;
createtime : 1493644246 ;
msgtype : event ;
event : VIEW ;
eventkey : http://kh39.61why.com/app/index.php?i=2&c=entry&eid=198 ;
menuid : 410600728 ;
from : oKwkYw7K9xHIr91Csk-qENfcagnM ;
to : gh_6536061e4435 ;
time : 1493644246 ;
type : event ;

2017-05-01 21:10:46 params :
------------
Array:
rule : -2 ;
module :  ;
message : Array ;

2017-05-01 21:10:46 response :
------------

2017-05-01 21:11:11 trace :
------------
Array:
tousername : gh_6536061e4435 ;
fromusername : oKwkYw7K9xHIr91Csk-qENfcagnM ;
createtime : 1493644271 ;
msgtype : event ;
event : VIEW ;
eventkey : http://kh39.61why.com/app/index.php?i=2&c=entry&eid=198 ;
menuid : 410600728 ;
from : oKwkYw7K9xHIr91Csk-qENfcagnM ;
to : gh_6536061e4435 ;
time : 1493644271 ;
type : event ;

2017-05-01 21:11:11 params :
------------
Array:
rule : -2 ;
module :  ;
message : Array ;

2017-05-01 21:11:11 response :
------------

2017-05-01 21:36:58 trace :
------------
Array:
tousername : gh_6536061e4435 ;
fromusername : oKwkYw_nikTtt2VKfB83ZMqz-nHs ;
createtime : 1493645818 ;
msgtype : event ;
event : VIEW ;
eventkey : http://kh39.61why.com/app/index.php?i=2&c=entry&eid=194 ;
menuid : 410600728 ;
from : oKwkYw_nikTtt2VKfB83ZMqz-nHs ;
to : gh_6536061e4435 ;
time : 1493645818 ;
type : event ;

2017-05-01 21:36:58 params :
------------
Array:
rule : -2 ;
module :  ;
message : Array ;

2017-05-01 21:36:58 response :
------------

2017-05-01 21:37:59 trace :
------------
Array:
tousername : gh_6536061e4435 ;
fromusername : oKwkYw_nikTtt2VKfB83ZMqz-nHs ;
createtime : 1493645879 ;
msgtype : event ;
event : VIEW ;
eventkey : http://kh39.61why.com/app/index.php?i=2&c=entry&eid=198 ;
menuid : 410600728 ;
from : oKwkYw_nikTtt2VKfB83ZMqz-nHs ;
to : gh_6536061e4435 ;
time : 1493645879 ;
type : event ;

2017-05-01 21:37:59 params :
------------
Array:
rule : -2 ;
module :  ;
message : Array ;

2017-05-01 21:37:59 response :
------------

2017-05-01 21:45:48 trace :
------------
Array:
tousername : gh_6536061e4435 ;
fromusername : oKwkYw_nikTtt2VKfB83ZMqz-nHs ;
createtime : 1493646348 ;
msgtype : event ;
event : VIEW ;
eventkey : http://kh39.61why.com/app/index.php?i=2&c=entry&eid=194 ;
menuid : 410600728 ;
from : oKwkYw_nikTtt2VKfB83ZMqz-nHs ;
to : gh_6536061e4435 ;
time : 1493646348 ;
type : event ;

2017-05-01 21:45:48 params :
------------
Array:
rule : -2 ;
module :  ;
message : Array ;

2017-05-01 21:45:48 response :
------------

2017-05-01 21:55:58 trace :
------------
Array:
tousername : gh_6536061e4435 ;
fromusername : oKwkYw_nikTtt2VKfB83ZMqz-nHs ;
createtime : 1493646958 ;
msgtype : event ;
event : VIEW ;
eventkey : http://kh39.61why.com/app/index.php?i=2&c=entry&eid=198 ;
menuid : 410600728 ;
from : oKwkYw_nikTtt2VKfB83ZMqz-nHs ;
to : gh_6536061e4435 ;
time : 1493646958 ;
type : event ;

2017-05-01 21:55:58 params :
------------
Array:
rule : -2 ;
module :  ;
message : Array ;

2017-05-01 21:55:58 response :
------------

2017-05-01 21:58:28 trace :
------------
Array:
tousername : gh_6536061e4435 ;
fromusername : oKwkYw5Hv5-mrEGrZ572fv2JrB_s ;
createtime : 1493647108 ;
msgtype : event ;
event : TEMPLATESENDJOBFINISH ;
msgid : 412583519 ;
status : success ;
from : oKwkYw5Hv5-mrEGrZ572fv2JrB_s ;
to : gh_6536061e4435 ;
time : 1493647108 ;
type : event ;

2017-05-01 21:58:28 params :
------------
Array:
rule : -2 ;
module :  ;
message : Array ;

2017-05-01 21:58:28 response :
------------

2017-05-01 21:58:29 trace :
------------
Array:
tousername : gh_6536061e4435 ;
fromusername : oKwkYw7K9xHIr91Csk-qENfcagnM ;
createtime : 1493647109 ;
msgtype : event ;
event : TEMPLATESENDJOBFINISH ;
msgid : 412583520 ;
status : success ;
from : oKwkYw7K9xHIr91Csk-qENfcagnM ;
to : gh_6536061e4435 ;
time : 1493647109 ;
type : event ;

2017-05-01 21:58:29 params :
------------
Array:
rule : -2 ;
module :  ;
message : Array ;

2017-05-01 21:58:29 response :
------------

2017-05-01 22:20:38 trace :
------------
Array:
tousername : gh_6536061e4435 ;
fromusername : oKwkYw1CJjODVg18eC55sUWQ-tjA ;
createtime : 1493648438 ;
msgtype : event ;
event : VIEW ;
eventkey : http://kh39.61why.com/app/index.php?i=2&c=entry&eid=194 ;
menuid : 410600728 ;
from : oKwkYw1CJjODVg18eC55sUWQ-tjA ;
to : gh_6536061e4435 ;
time : 1493648438 ;
type : event ;

2017-05-01 22:20:38 params :
------------
Array:
rule : -2 ;
module :  ;
message : Array ;

2017-05-01 22:20:38 response :
------------

2017-05-01 22:23:52 trace :
------------
Array:
tousername : gh_6536061e4435 ;
fromusername : oKwkYw-Jzt9vcJOeHhxwdj1KzfJo ;
createtime : 1493648632 ;
msgtype : event ;
event : subscribe ;
eventkey : qrscene_5a204d2bae5a6c7ee18d5cc557bafbe0 ;
ticket : gQHc8TwAAAAAAAAAAS5odHRwOi8vd2VpeGluLnFxLmNvbS9xLzAySWVwbjBLSDljbzMxMDAwMGcwNzcAAgS3tQVZAwQAAAAA ;
from : oKwkYw-Jzt9vcJOeHhxwdj1KzfJo ;
to : gh_6536061e4435 ;
time : 1493648632 ;
type : subscribe ;
scene : 5a204d2bae5a6c7ee18d5cc557bafbe0 ;

2017-05-01 22:23:58 trace :
------------
Array:
tousername : gh_6536061e4435 ;
fromusername : oKwkYw-Jzt9vcJOeHhxwdj1KzfJo ;
createtime : 1493648638 ;
msgtype : event ;
event : CLICK ;
eventkey : 二维码 ;
from : oKwkYw-Jzt9vcJOeHhxwdj1KzfJo ;
to : gh_6536061e4435 ;
time : 1493648638 ;
type : event ;

2017-05-01 22:24:08 trace :
------------
Array:
tousername : gh_6536061e4435 ;
fromusername : oKwkYw1CJjODVg18eC55sUWQ-tjA ;
createtime : 1493648648 ;
msgtype : event ;
event : VIEW ;
eventkey : http://kh39.61why.com/app/index.php?i=2&c=entry&eid=194 ;
menuid : 410600728 ;
from : oKwkYw1CJjODVg18eC55sUWQ-tjA ;
to : gh_6536061e4435 ;
time : 1493648648 ;
type : event ;

2017-05-01 22:24:08 params :
------------
Array:
rule : -2 ;
module :  ;
message : Array ;

2017-05-01 22:24:08 response :
------------

2017-05-01 22:25:17 trace :
------------
Array:
tousername : gh_6536061e4435 ;
fromusername : oKwkYw_mR5KmK_WwWdVCqgHIT89A ;
createtime : 1493648717 ;
msgtype : event ;
event : subscribe ;
eventkey : qrscene_5a204d2bae5a6c7ee18d5cc557bafbe0 ;
ticket : gQHc8TwAAAAAAAAAAS5odHRwOi8vd2VpeGluLnFxLmNvbS9xLzAySWVwbjBLSDljbzMxMDAwMGcwNzcAAgS3tQVZAwQAAAAA ;
from : oKwkYw_mR5KmK_WwWdVCqgHIT89A ;
to : gh_6536061e4435 ;
time : 1493648717 ;
type : subscribe ;
scene : 5a204d2bae5a6c7ee18d5cc557bafbe0 ;

2017-05-01 22:25:45 trace :
------------
Array:
tousername : gh_6536061e4435 ;
fromusername : oKwkYw-Jzt9vcJOeHhxwdj1KzfJo ;
createtime : 1493648745 ;
msgtype : event ;
event : SCAN ;
eventkey : 5a204d2bae5a6c7ee18d5cc557bafbe0 ;
ticket : gQHc8TwAAAAAAAAAAS5odHRwOi8vd2VpeGluLnFxLmNvbS9xLzAySWVwbjBLSDljbzMxMDAwMGcwNzcAAgS3tQVZAwQAAAAA ;
from : oKwkYw-Jzt9vcJOeHhxwdj1KzfJo ;
to : gh_6536061e4435 ;
time : 1493648745 ;
type : subscribe ;
scene : 5a204d2bae5a6c7ee18d5cc557bafbe0 ;

2017-05-01 22:37:37 trace :
------------
Array:
tousername : gh_6536061e4435 ;
fromusername : oKwkYw5Hv5-mrEGrZ572fv2JrB_s ;
createtime : 1493649457 ;
msgtype : event ;
event : VIEW ;
eventkey : http://kh39.61why.com/app/index.php?i=2&c=entry&eid=198 ;
menuid : 410600728 ;
from : oKwkYw5Hv5-mrEGrZ572fv2JrB_s ;
to : gh_6536061e4435 ;
time : 1493649457 ;
type : event ;

2017-05-01 22:37:37 params :
------------
Array:
rule : -2 ;
module :  ;
message : Array ;

2017-05-01 22:37:37 response :
------------

2017-05-01 22:42:42 trace :
------------
Array:
tousername : gh_6536061e4435 ;
fromusername : oKwkYw0b_nY3vy2dlsZiutChx2qg ;
createtime : 1493649762 ;
msgtype : event ;
event : VIEW ;
eventkey : http://kh39.61why.com/app/index.php?i=2&c=entry&eid=198 ;
menuid : 410600728 ;
from : oKwkYw0b_nY3vy2dlsZiutChx2qg ;
to : gh_6536061e4435 ;
time : 1493649762 ;
type : event ;

2017-05-01 22:42:42 params :
------------
Array:
rule : -2 ;
module :  ;
message : Array ;

2017-05-01 22:42:42 response :
------------

2017-05-01 22:43:33 trace :
------------
Array:
tousername : gh_6536061e4435 ;
fromusername : oKwkYw5Hv5-mrEGrZ572fv2JrB_s ;
createtime : 1493649813 ;
msgtype : event ;
event : VIEW ;
eventkey : http://kh39.61why.com/app/index.php?i=2&c=entry&eid=194 ;
menuid : 410600728 ;
from : oKwkYw5Hv5-mrEGrZ572fv2JrB_s ;
to : gh_6536061e4435 ;
time : 1493649813 ;
type : event ;

2017-05-01 22:43:33 params :
------------
Array:
rule : -2 ;
module :  ;
message : Array ;

2017-05-01 22:43:33 response :
------------

2017-05-01 22:47:33 trace :
------------
Array:
tousername : gh_6536061e4435 ;
fromusername : oKwkYw_J9RB_cOVK9fQ1pD5O99Eo ;
createtime : 1493650052 ;
msgtype : event ;
event : VIEW ;
eventkey : http://kh39.61why.com/app/index.php?i=2&c=entry&eid=198 ;
menuid : 410600728 ;
from : oKwkYw_J9RB_cOVK9fQ1pD5O99Eo ;
to : gh_6536061e4435 ;
time : 1493650052 ;
type : event ;

2017-05-01 22:47:33 params :
------------
Array:
rule : -2 ;
module :  ;
message : Array ;

2017-05-01 22:47:33 response :
------------

2017-05-01 22:48:05 trace :
------------
Array:
tousername : gh_6536061e4435 ;
fromusername : oKwkYw_J9RB_cOVK9fQ1pD5O99Eo ;
createtime : 1493650085 ;
msgtype : event ;
event : VIEW ;
eventkey : http://kh39.61why.com/app/index.php?i=2&c=entry&eid=198 ;
menuid : 410600728 ;
from : oKwkYw_J9RB_cOVK9fQ1pD5O99Eo ;
to : gh_6536061e4435 ;
time : 1493650085 ;
type : event ;

2017-05-01 22:48:05 params :
------------
Array:
rule : -2 ;
module :  ;
message : Array ;

2017-05-01 22:48:05 response :
------------

2017-05-01 22:49:08 trace :
------------
Array:
tousername : gh_6536061e4435 ;
fromusername : oKwkYw9A27iCE2wbx5IXncAJ21Sw ;
createtime : 1493650148 ;
msgtype : event ;
event : VIEW ;
eventkey : http://kh39.61why.com/app/index.php?i=2&c=entry&eid=198 ;
menuid : 410600728 ;
from : oKwkYw9A27iCE2wbx5IXncAJ21Sw ;
to : gh_6536061e4435 ;
time : 1493650148 ;
type : event ;

2017-05-01 22:49:08 params :
------------
Array:
rule : -2 ;
module :  ;
message : Array ;

2017-05-01 22:49:08 response :
------------

2017-05-01 22:54:02 trace :
------------
Array:
tousername : gh_6536061e4435 ;
fromusername : oKwkYw5hiet9aIoMvpfdt0UcJyzc ;
createtime : 1493650441 ;
msgtype : event ;
event : VIEW ;
eventkey : http://kh39.61why.com/app/index.php?i=2&c=entry&eid=198 ;
menuid : 410600728 ;
from : oKwkYw5hiet9aIoMvpfdt0UcJyzc ;
to : gh_6536061e4435 ;
time : 1493650441 ;
type : event ;

2017-05-01 22:54:02 params :
------------
Array:
rule : -2 ;
module :  ;
message : Array ;

2017-05-01 22:54:02 response :
------------

