2017-03-27 02:01:05 trace :
------------
Array:
tousername : gh_6536061e4435 ;
fromusername : oKwkYw8hXxnYoe4JmHSUwU7Kf7rY ;
createtime : 1490551264 ;
msgtype : event ;
event : VIEW ;
eventkey : http://kh39.61why.com/app/index.php?i=2&c=entry&eid=194 ;
menuid : 410600728 ;
from : oKwkYw8hXxnYoe4JmHSUwU7Kf7rY ;
to : gh_6536061e4435 ;
time : 1490551264 ;
type : event ;

2017-03-27 02:01:05 params :
------------
Array:
rule : -2 ;
module :  ;
message : Array ;

2017-03-27 02:01:05 response :
------------

2017-03-27 07:01:58 trace :
------------
Array:
tousername : gh_6536061e4435 ;
fromusername : oKwkYw03W1Pov3xT2Hvnj_ODN-Ug ;
createtime : 1490569318 ;
msgtype : event ;
event : VIEW ;
eventkey : http://kh39.61why.com/app/index.php?i=2&c=entry&eid=198 ;
menuid : 410600728 ;
from : oKwkYw03W1Pov3xT2Hvnj_ODN-Ug ;
to : gh_6536061e4435 ;
time : 1490569318 ;
type : event ;

2017-03-27 07:01:58 params :
------------
Array:
rule : -2 ;
module :  ;
message : Array ;

2017-03-27 07:01:58 response :
------------

2017-03-27 07:39:09 trace :
------------
Array:
tousername : gh_6536061e4435 ;
fromusername : oKwkYw5hiet9aIoMvpfdt0UcJyzc ;
createtime : 1490571548 ;
msgtype : event ;
event : VIEW ;
eventkey : http://kh39.61why.com/app/index.php?i=2&c=entry&eid=198 ;
menuid : 410600728 ;
from : oKwkYw5hiet9aIoMvpfdt0UcJyzc ;
to : gh_6536061e4435 ;
time : 1490571548 ;
type : event ;

2017-03-27 07:39:09 params :
------------
Array:
rule : -2 ;
module :  ;
message : Array ;

2017-03-27 07:39:09 response :
------------

2017-03-27 08:29:30 trace :
------------
Array:
tousername : gh_6536061e4435 ;
fromusername : oKwkYw0Lffxa65YQCLVZZ6tPc_NA ;
createtime : 1490574570 ;
msgtype : event ;
event : VIEW ;
eventkey : http://kh39.61why.com/app/index.php?i=2&c=entry&eid=194 ;
menuid : 410600728 ;
from : oKwkYw0Lffxa65YQCLVZZ6tPc_NA ;
to : gh_6536061e4435 ;
time : 1490574570 ;
type : event ;

2017-03-27 08:29:31 params :
------------
Array:
rule : -2 ;
module :  ;
message : Array ;

2017-03-27 08:29:31 response :
------------

2017-03-27 08:32:16 trace :
------------
Array:
tousername : gh_6536061e4435 ;
fromusername : oKwkYw0Lffxa65YQCLVZZ6tPc_NA ;
createtime : 1490574736 ;
msgtype : event ;
event : VIEW ;
eventkey : http://kh39.61why.com/app/index.php?i=2&c=entry&eid=194 ;
menuid : 410600728 ;
from : oKwkYw0Lffxa65YQCLVZZ6tPc_NA ;
to : gh_6536061e4435 ;
time : 1490574736 ;
type : event ;

2017-03-27 08:32:16 params :
------------
Array:
rule : -2 ;
module :  ;
message : Array ;

2017-03-27 08:32:16 response :
------------

2017-03-27 08:45:33 trace :
------------
Array:
tousername : gh_6536061e4435 ;
fromusername : oKwkYw0Lffxa65YQCLVZZ6tPc_NA ;
createtime : 1490575533 ;
msgtype : event ;
event : VIEW ;
eventkey : http://kh39.61why.com/app/index.php?i=2&c=entry&eid=198 ;
menuid : 410600728 ;
from : oKwkYw0Lffxa65YQCLVZZ6tPc_NA ;
to : gh_6536061e4435 ;
time : 1490575533 ;
type : event ;

2017-03-27 08:45:33 params :
------------
Array:
rule : -2 ;
module :  ;
message : Array ;

2017-03-27 08:45:33 response :
------------

2017-03-27 08:53:10 trace :
------------
Array:
tousername : gh_6536061e4435 ;
fromusername : oKwkYw5hiet9aIoMvpfdt0UcJyzc ;
createtime : 1490575989 ;
msgtype : event ;
event : VIEW ;
eventkey : http://kh39.61why.com/app/index.php?i=2&c=entry&eid=198 ;
menuid : 410600728 ;
from : oKwkYw5hiet9aIoMvpfdt0UcJyzc ;
to : gh_6536061e4435 ;
time : 1490575989 ;
type : event ;

2017-03-27 08:53:10 params :
------------
Array:
rule : -2 ;
module :  ;
message : Array ;

2017-03-27 08:53:10 response :
------------

2017-03-27 08:56:06 trace :
------------
Array:
tousername : gh_6536061e4435 ;
fromusername : oKwkYw5hiet9aIoMvpfdt0UcJyzc ;
createtime : 1490576166 ;
msgtype : event ;
event : VIEW ;
eventkey : http://kh39.61why.com/app/index.php?i=2&c=entry&eid=198 ;
menuid : 410600728 ;
from : oKwkYw5hiet9aIoMvpfdt0UcJyzc ;
to : gh_6536061e4435 ;
time : 1490576166 ;
type : event ;

2017-03-27 08:56:06 params :
------------
Array:
rule : -2 ;
module :  ;
message : Array ;

2017-03-27 08:56:06 response :
------------

2017-03-27 09:17:46 trace :
------------
Array:
tousername : gh_6536061e4435 ;
fromusername : oKwkYw0D7snKw9WJkTr_EzwW-SF0 ;
createtime : 1490577466 ;
msgtype : event ;
event : VIEW ;
eventkey : http://kh39.61why.com/app/index.php?i=2&c=entry&eid=198 ;
menuid : 410600728 ;
from : oKwkYw0D7snKw9WJkTr_EzwW-SF0 ;
to : gh_6536061e4435 ;
time : 1490577466 ;
type : event ;

2017-03-27 09:17:46 params :
------------
Array:
rule : -2 ;
module :  ;
message : Array ;

2017-03-27 09:17:46 response :
------------

2017-03-27 09:19:28 trace :
------------
Array:
tousername : gh_6536061e4435 ;
fromusername : oKwkYwxdGazpUQLKnjr_HrnPicQo ;
createtime : 1490577568 ;
msgtype : event ;
event : VIEW ;
eventkey : http://kh39.61why.com/app/index.php?i=2&c=entry&eid=198 ;
menuid : 410600728 ;
from : oKwkYwxdGazpUQLKnjr_HrnPicQo ;
to : gh_6536061e4435 ;
time : 1490577568 ;
type : event ;

2017-03-27 09:19:28 params :
------------
Array:
rule : -2 ;
module :  ;
message : Array ;

2017-03-27 09:19:28 response :
------------

2017-03-27 09:22:43 trace :
------------
Array:
tousername : gh_6536061e4435 ;
fromusername : oKwkYw_xZ14UQdvrJFuiI5E87n8w ;
createtime : 1490577763 ;
msgtype : event ;
event : VIEW ;
eventkey : http://kh39.61why.com/app/index.php?i=2&c=entry&eid=198 ;
menuid : 410600728 ;
from : oKwkYw_xZ14UQdvrJFuiI5E87n8w ;
to : gh_6536061e4435 ;
time : 1490577763 ;
type : event ;

2017-03-27 09:22:43 params :
------------
Array:
rule : -2 ;
module :  ;
message : Array ;

2017-03-27 09:22:43 response :
------------

2017-03-27 09:38:32 trace :
------------
Array:
tousername : gh_6536061e4435 ;
fromusername : oKwkYw_BCVDADFlndJusmieVlYu4 ;
createtime : 1490578712 ;
msgtype : event ;
event : VIEW ;
eventkey : http://kh39.61why.com/app/index.php?i=2&c=entry&eid=194 ;
menuid : 410600728 ;
from : oKwkYw_BCVDADFlndJusmieVlYu4 ;
to : gh_6536061e4435 ;
time : 1490578712 ;
type : event ;

2017-03-27 09:38:32 params :
------------
Array:
rule : -2 ;
module :  ;
message : Array ;

2017-03-27 09:38:32 response :
------------

2017-03-27 10:18:16 trace :
------------
Array:
tousername : gh_6536061e4435 ;
fromusername : oKwkYw5hiet9aIoMvpfdt0UcJyzc ;
createtime : 1490581096 ;
msgtype : event ;
event : VIEW ;
eventkey : http://kh39.61why.com/app/index.php?i=2&c=entry&eid=198 ;
menuid : 410600728 ;
from : oKwkYw5hiet9aIoMvpfdt0UcJyzc ;
to : gh_6536061e4435 ;
time : 1490581096 ;
type : event ;

2017-03-27 10:18:16 params :
------------
Array:
rule : -2 ;
module :  ;
message : Array ;

2017-03-27 10:18:16 response :
------------

2017-03-27 10:22:30 trace :
------------
Array:
tousername : gh_6536061e4435 ;
fromusername : oKwkYwyolZuGoXgz_4a6-ubUX5Vo ;
createtime : 1490581350 ;
msgtype : event ;
event : VIEW ;
eventkey : http://kh39.61why.com/app/index.php?i=2&c=entry&eid=194 ;
menuid : 410600728 ;
from : oKwkYwyolZuGoXgz_4a6-ubUX5Vo ;
to : gh_6536061e4435 ;
time : 1490581350 ;
type : event ;

2017-03-27 10:22:30 params :
------------
Array:
rule : -2 ;
module :  ;
message : Array ;

2017-03-27 10:22:30 response :
------------

2017-03-27 10:50:14 trace :
------------
Array:
tousername : gh_6536061e4435 ;
fromusername : oKwkYw0D7snKw9WJkTr_EzwW-SF0 ;
createtime : 1490583014 ;
msgtype : event ;
event : VIEW ;
eventkey : http://kh39.61why.com/app/index.php?i=2&c=entry&eid=198 ;
menuid : 410600728 ;
from : oKwkYw0D7snKw9WJkTr_EzwW-SF0 ;
to : gh_6536061e4435 ;
time : 1490583014 ;
type : event ;

2017-03-27 10:50:14 params :
------------
Array:
rule : -2 ;
module :  ;
message : Array ;

2017-03-27 10:50:14 response :
------------

2017-03-27 10:58:17 trace :
------------
Array:
tousername : gh_6536061e4435 ;
fromusername : oKwkYw1lkyExK1uJ0pM15_ySZzw0 ;
createtime : 1490583497 ;
msgtype : event ;
event : subscribe ;
eventkey : qrscene_525d94ad43118a6754b57f549669d6e3 ;
ticket : gQHD8DwAAAAAAAAAAS5odHRwOi8vd2VpeGluLnFxLmNvbS9xLzAyWW8tODBzSDljbzMxMDAwMHcwN3AAAgSKf3BYAwQAAAAA ;
from : oKwkYw1lkyExK1uJ0pM15_ySZzw0 ;
to : gh_6536061e4435 ;
time : 1490583497 ;
type : subscribe ;
scene : 525d94ad43118a6754b57f549669d6e3 ;

2017-03-27 10:58:20 trace :
------------
Array:
tousername : gh_6536061e4435 ;
fromusername : oKwkYw1lkyExK1uJ0pM15_ySZzw0 ;
createtime : 1490583500 ;
msgtype : event ;
event : VIEW ;
eventkey : http://kh39.61why.com/app/index.php?i=2&c=entry&eid=194 ;
menuid : 410600728 ;
from : oKwkYw1lkyExK1uJ0pM15_ySZzw0 ;
to : gh_6536061e4435 ;
time : 1490583500 ;
type : event ;

2017-03-27 10:58:20 params :
------------
Array:
rule : -2 ;
module :  ;
message : Array ;

2017-03-27 10:58:20 response :
------------

2017-03-27 11:06:24 trace :
------------
Array:
tousername : gh_6536061e4435 ;
fromusername : oKwkYw1lkyExK1uJ0pM15_ySZzw0 ;
createtime : 1490583984 ;
msgtype : event ;
event : VIEW ;
eventkey : http://kh39.61why.com/app/index.php?i=2&c=entry&eid=194 ;
menuid : 410600728 ;
from : oKwkYw1lkyExK1uJ0pM15_ySZzw0 ;
to : gh_6536061e4435 ;
time : 1490583984 ;
type : event ;

2017-03-27 11:06:24 params :
------------
Array:
rule : -2 ;
module :  ;
message : Array ;

2017-03-27 11:06:24 response :
------------

2017-03-27 11:09:16 trace :
------------
Array:
tousername : gh_6536061e4435 ;
fromusername : oKwkYwwJjzbEj43aT8Vblad51UXg ;
createtime : 1490584156 ;
msgtype : event ;
event : VIEW ;
eventkey : http://kh39.61why.com/app/index.php?i=2&c=entry&eid=198 ;
menuid : 410600728 ;
from : oKwkYwwJjzbEj43aT8Vblad51UXg ;
to : gh_6536061e4435 ;
time : 1490584156 ;
type : event ;

2017-03-27 11:09:16 params :
------------
Array:
rule : -2 ;
module :  ;
message : Array ;

2017-03-27 11:09:16 response :
------------

2017-03-27 11:12:31 trace :
------------
Array:
tousername : gh_6536061e4435 ;
fromusername : oKwkYwwGYxsxiD_YuZwsLkj42MY8 ;
createtime : 1490584351 ;
msgtype : event ;
event : VIEW ;
eventkey : http://kh39.61why.com/app/index.php?i=2&c=entry&eid=194 ;
menuid : 410600728 ;
from : oKwkYwwGYxsxiD_YuZwsLkj42MY8 ;
to : gh_6536061e4435 ;
time : 1490584351 ;
type : event ;

2017-03-27 11:12:31 params :
------------
Array:
rule : -2 ;
module :  ;
message : Array ;

2017-03-27 11:12:31 response :
------------

2017-03-27 11:29:38 trace :
------------
Array:
tousername : gh_6536061e4435 ;
fromusername : oKwkYw7K9xHIr91Csk-qENfcagnM ;
createtime : 1490585378 ;
msgtype : event ;
event : VIEW ;
eventkey : http://kh39.61why.com/app/index.php?i=2&c=entry&eid=194 ;
menuid : 410600728 ;
from : oKwkYw7K9xHIr91Csk-qENfcagnM ;
to : gh_6536061e4435 ;
time : 1490585378 ;
type : event ;

2017-03-27 11:29:38 params :
------------
Array:
rule : -2 ;
module :  ;
message : Array ;

2017-03-27 11:29:38 response :
------------

2017-03-27 11:29:40 trace :
------------
Array:
tousername : gh_6536061e4435 ;
fromusername : oKwkYw0Lffxa65YQCLVZZ6tPc_NA ;
createtime : 1490585380 ;
msgtype : event ;
event : VIEW ;
eventkey : http://kh39.61why.com/app/index.php?i=2&c=entry&eid=194 ;
menuid : 410600728 ;
from : oKwkYw0Lffxa65YQCLVZZ6tPc_NA ;
to : gh_6536061e4435 ;
time : 1490585380 ;
type : event ;

2017-03-27 11:29:40 params :
------------
Array:
rule : -2 ;
module :  ;
message : Array ;

2017-03-27 11:29:40 response :
------------

2017-03-27 11:35:30 trace :
------------
Array:
tousername : gh_6536061e4435 ;
fromusername : oKwkYw87Cwvzi0S0zTYXqcoQwWQ8 ;
createtime : 1490585730 ;
msgtype : event ;
event : VIEW ;
eventkey : http://kh39.61why.com/app/index.php?i=2&c=entry&eid=198 ;
menuid : 410600728 ;
from : oKwkYw87Cwvzi0S0zTYXqcoQwWQ8 ;
to : gh_6536061e4435 ;
time : 1490585730 ;
type : event ;

2017-03-27 11:35:30 params :
------------
Array:
rule : -2 ;
module :  ;
message : Array ;

2017-03-27 11:35:30 response :
------------

2017-03-27 11:35:35 trace :
------------
Array:
tousername : gh_6536061e4435 ;
fromusername : oKwkYw87Cwvzi0S0zTYXqcoQwWQ8 ;
createtime : 1490585735 ;
msgtype : event ;
event : VIEW ;
eventkey : http://kh39.61why.com/app/index.php?i=2&c=entry&eid=198 ;
menuid : 410600728 ;
from : oKwkYw87Cwvzi0S0zTYXqcoQwWQ8 ;
to : gh_6536061e4435 ;
time : 1490585735 ;
type : event ;

2017-03-27 11:35:35 params :
------------
Array:
rule : -2 ;
module :  ;
message : Array ;

2017-03-27 11:35:35 response :
------------

2017-03-27 11:35:37 trace :
------------
Array:
tousername : gh_6536061e4435 ;
fromusername : oKwkYw87Cwvzi0S0zTYXqcoQwWQ8 ;
createtime : 1490585737 ;
msgtype : event ;
event : VIEW ;
eventkey : http://kh39.61why.com/app/index.php?i=2&c=entry&eid=198 ;
menuid : 410600728 ;
from : oKwkYw87Cwvzi0S0zTYXqcoQwWQ8 ;
to : gh_6536061e4435 ;
time : 1490585737 ;
type : event ;

2017-03-27 11:35:37 params :
------------
Array:
rule : -2 ;
module :  ;
message : Array ;

2017-03-27 11:35:37 response :
------------

2017-03-27 11:35:46 trace :
------------
Array:
tousername : gh_6536061e4435 ;
fromusername : oKwkYw87Cwvzi0S0zTYXqcoQwWQ8 ;
createtime : 1490585745 ;
msgtype : event ;
event : VIEW ;
eventkey : http://kh39.61why.com/app/index.php?i=2&c=entry&eid=194 ;
menuid : 410600728 ;
from : oKwkYw87Cwvzi0S0zTYXqcoQwWQ8 ;
to : gh_6536061e4435 ;
time : 1490585745 ;
type : event ;

2017-03-27 11:35:46 params :
------------
Array:
rule : -2 ;
module :  ;
message : Array ;

2017-03-27 11:35:46 response :
------------

2017-03-27 11:35:48 trace :
------------
Array:
tousername : gh_6536061e4435 ;
fromusername : oKwkYw87Cwvzi0S0zTYXqcoQwWQ8 ;
createtime : 1490585748 ;
msgtype : event ;
event : CLICK ;
eventkey : 二维码 ;
from : oKwkYw87Cwvzi0S0zTYXqcoQwWQ8 ;
to : gh_6536061e4435 ;
time : 1490585748 ;
type : event ;

2017-03-27 11:37:06 trace :
------------
Array:
tousername : gh_6536061e4435 ;
fromusername : oKwkYw87Cwvzi0S0zTYXqcoQwWQ8 ;
createtime : 1490585826 ;
msgtype : event ;
event : VIEW ;
eventkey : http://kh39.61why.com/app/index.php?i=2&c=entry&eid=198 ;
menuid : 410600728 ;
from : oKwkYw87Cwvzi0S0zTYXqcoQwWQ8 ;
to : gh_6536061e4435 ;
time : 1490585826 ;
type : event ;

2017-03-27 11:37:06 params :
------------
Array:
rule : -2 ;
module :  ;
message : Array ;

2017-03-27 11:37:06 response :
------------

2017-03-27 11:56:07 trace :
------------
Array:
tousername : gh_6536061e4435 ;
fromusername : oKwkYw5hiet9aIoMvpfdt0UcJyzc ;
createtime : 1490586967 ;
msgtype : event ;
event : VIEW ;
eventkey : http://kh39.61why.com/app/index.php?i=2&c=entry&eid=198 ;
menuid : 410600728 ;
from : oKwkYw5hiet9aIoMvpfdt0UcJyzc ;
to : gh_6536061e4435 ;
time : 1490586967 ;
type : event ;

2017-03-27 11:56:07 params :
------------
Array:
rule : -2 ;
module :  ;
message : Array ;

2017-03-27 11:56:07 response :
------------

2017-03-27 12:00:52 trace :
------------
Array:
tousername : gh_6536061e4435 ;
fromusername : oKwkYw0Ujb5Ml9uffRed2bfazE5c ;
createtime : 1490587252 ;
msgtype : event ;
event : MASSSENDJOBFINISH ;
msgid : 1000000028 ;
status : send success ;
totalcount : 724 ;
filtercount : 723 ;
sentcount : 723 ;
errorcount : 0 ;
copyrightcheckresult : Array ;
from : oKwkYw0Ujb5Ml9uffRed2bfazE5c ;
to : gh_6536061e4435 ;
time : 1490587252 ;
type : event ;

2017-03-27 12:00:52 params :
------------
Array:
rule : -2 ;
module :  ;
message : Array ;

2017-03-27 12:00:52 response :
------------

2017-03-27 12:02:28 trace :
------------
Array:
tousername : gh_6536061e4435 ;
fromusername : oKwkYw5VfOO4BErCvoCLe7RjCbYk ;
createtime : 1490587348 ;
msgtype : event ;
event : CLICK ;
eventkey : 二维码 ;
from : oKwkYw5VfOO4BErCvoCLe7RjCbYk ;
to : gh_6536061e4435 ;
time : 1490587348 ;
type : event ;

2017-03-27 12:02:44 trace :
------------
Array:
tousername : gh_6536061e4435 ;
fromusername : oKwkYw8e33SsKCgQqmRH91AsxTTA ;
createtime : 1490587364 ;
msgtype : event ;
event : VIEW ;
eventkey : http://kh39.61why.com/app/index.php?i=2&c=entry&eid=198 ;
menuid : 410600728 ;
from : oKwkYw8e33SsKCgQqmRH91AsxTTA ;
to : gh_6536061e4435 ;
time : 1490587364 ;
type : event ;

2017-03-27 12:02:44 params :
------------
Array:
rule : -2 ;
module :  ;
message : Array ;

2017-03-27 12:02:44 response :
------------

2017-03-27 12:02:56 trace :
------------
Array:
tousername : gh_6536061e4435 ;
fromusername : oKwkYw5VfOO4BErCvoCLe7RjCbYk ;
createtime : 1490587375 ;
msgtype : event ;
event : CLICK ;
eventkey : 二维码 ;
from : oKwkYw5VfOO4BErCvoCLe7RjCbYk ;
to : gh_6536061e4435 ;
time : 1490587375 ;
type : event ;

2017-03-27 12:02:59 trace :
------------
Array:
tousername : gh_6536061e4435 ;
fromusername : oKwkYw5VfOO4BErCvoCLe7RjCbYk ;
createtime : 1490587379 ;
msgtype : event ;
event : VIEW ;
eventkey : http://kh39.61why.com/app/index.php?i=2&c=entry&eid=198 ;
menuid : 410600728 ;
from : oKwkYw5VfOO4BErCvoCLe7RjCbYk ;
to : gh_6536061e4435 ;
time : 1490587379 ;
type : event ;

2017-03-27 12:02:59 params :
------------
Array:
rule : -2 ;
module :  ;
message : Array ;

2017-03-27 12:02:59 response :
------------

2017-03-27 12:03:52 trace :
------------
Array:
tousername : gh_6536061e4435 ;
fromusername : oKwkYw8e33SsKCgQqmRH91AsxTTA ;
createtime : 1490587431 ;
msgtype : event ;
event : VIEW ;
eventkey : http://kh39.61why.com/app/index.php?i=2&c=entry&eid=198 ;
menuid : 410600728 ;
from : oKwkYw8e33SsKCgQqmRH91AsxTTA ;
to : gh_6536061e4435 ;
time : 1490587431 ;
type : event ;

2017-03-27 12:03:52 params :
------------
Array:
rule : -2 ;
module :  ;
message : Array ;

2017-03-27 12:03:52 response :
------------

2017-03-27 12:06:22 trace :
------------
Array:
tousername : gh_6536061e4435 ;
fromusername : oKwkYw_J9RB_cOVK9fQ1pD5O99Eo ;
createtime : 1490587582 ;
msgtype : event ;
event : VIEW ;
eventkey : http://kh39.61why.com/app/index.php?i=2&c=entry&eid=198 ;
menuid : 410600728 ;
from : oKwkYw_J9RB_cOVK9fQ1pD5O99Eo ;
to : gh_6536061e4435 ;
time : 1490587582 ;
type : event ;

2017-03-27 12:06:23 params :
------------
Array:
rule : -2 ;
module :  ;
message : Array ;

2017-03-27 12:06:23 response :
------------

2017-03-27 12:06:23 trace :
------------
Array:
tousername : gh_6536061e4435 ;
fromusername : oKwkYw_J9RB_cOVK9fQ1pD5O99Eo ;
createtime : 1490587582 ;
msgtype : event ;
event : VIEW ;
eventkey : http://kh39.61why.com/app/index.php?i=2&c=entry&eid=194 ;
menuid : 410600728 ;
from : oKwkYw_J9RB_cOVK9fQ1pD5O99Eo ;
to : gh_6536061e4435 ;
time : 1490587582 ;
type : event ;

2017-03-27 12:06:23 params :
------------
Array:
rule : -2 ;
module :  ;
message : Array ;

2017-03-27 12:06:23 response :
------------

2017-03-27 12:10:59 trace :
------------
Array:
tousername : gh_6536061e4435 ;
fromusername : oKwkYw3TXBn0c2AvD2CmaXLOL-Ws ;
createtime : 1490587859 ;
msgtype : event ;
event : VIEW ;
eventkey : http://kh39.61why.com/app/index.php?i=2&c=entry&eid=194 ;
menuid : 410600728 ;
from : oKwkYw3TXBn0c2AvD2CmaXLOL-Ws ;
to : gh_6536061e4435 ;
time : 1490587859 ;
type : event ;

2017-03-27 12:10:59 params :
------------
Array:
rule : -2 ;
module :  ;
message : Array ;

2017-03-27 12:10:59 response :
------------

2017-03-27 12:12:35 trace :
------------
Array:
tousername : gh_6536061e4435 ;
fromusername : oKwkYw5aHcyjux9ql6D7O9WEBmx4 ;
createtime : 1490587954 ;
msgtype : event ;
event : VIEW ;
eventkey : http://kh39.61why.com/app/index.php?i=2&c=entry&eid=198 ;
menuid : 410600728 ;
from : oKwkYw5aHcyjux9ql6D7O9WEBmx4 ;
to : gh_6536061e4435 ;
time : 1490587954 ;
type : event ;

2017-03-27 12:12:35 params :
------------
Array:
rule : -2 ;
module :  ;
message : Array ;

2017-03-27 12:12:35 response :
------------

2017-03-27 12:15:47 trace :
------------
Array:
tousername : gh_6536061e4435 ;
fromusername : oKwkYw1yj38KOhGZ_VHM2TrE79xY ;
createtime : 1490588147 ;
msgtype : event ;
event : VIEW ;
eventkey : http://kh39.61why.com/app/index.php?i=2&c=entry&eid=198 ;
menuid : 410600728 ;
from : oKwkYw1yj38KOhGZ_VHM2TrE79xY ;
to : gh_6536061e4435 ;
time : 1490588147 ;
type : event ;

2017-03-27 12:15:47 params :
------------
Array:
rule : -2 ;
module :  ;
message : Array ;

2017-03-27 12:15:47 response :
------------

2017-03-27 12:17:44 trace :
------------
Array:
tousername : gh_6536061e4435 ;
fromusername : oKwkYwyolZuGoXgz_4a6-ubUX5Vo ;
createtime : 1490588264 ;
msgtype : event ;
event : VIEW ;
eventkey : http://kh39.61why.com/app/index.php?i=2&c=entry&eid=194 ;
menuid : 410600728 ;
from : oKwkYwyolZuGoXgz_4a6-ubUX5Vo ;
to : gh_6536061e4435 ;
time : 1490588264 ;
type : event ;

2017-03-27 12:17:44 params :
------------
Array:
rule : -2 ;
module :  ;
message : Array ;

2017-03-27 12:17:44 response :
------------

2017-03-27 12:19:31 trace :
------------
Array:
tousername : gh_6536061e4435 ;
fromusername : oKwkYwzfKFDl63oKxnOs7IuTCii4 ;
createtime : 1490588371 ;
msgtype : event ;
event : subscribe ;
eventkey : qrscene_d8aef4db56ee9b3875f012496226d43e ;
ticket : gQGI8DwAAAAAAAAAAS5odHRwOi8vd2VpeGluLnFxLmNvbS9xLzAyd21ZRjFrSDljbzMxMDAwMGcwN0QAAgQeFW5YAwQAAAAA ;
from : oKwkYwzfKFDl63oKxnOs7IuTCii4 ;
to : gh_6536061e4435 ;
time : 1490588371 ;
type : subscribe ;
scene : d8aef4db56ee9b3875f012496226d43e ;

2017-03-27 12:19:42 trace :
------------
Array:
tousername : gh_6536061e4435 ;
fromusername : oKwkYwzfKFDl63oKxnOs7IuTCii4 ;
createtime : 1490588382 ;
msgtype : event ;
event : VIEW ;
eventkey : http://kh39.61why.com/app/index.php?i=2&c=entry&eid=194 ;
menuid : 410600728 ;
from : oKwkYwzfKFDl63oKxnOs7IuTCii4 ;
to : gh_6536061e4435 ;
time : 1490588382 ;
type : event ;

2017-03-27 12:19:42 params :
------------
Array:
rule : -2 ;
module :  ;
message : Array ;

2017-03-27 12:19:42 response :
------------

2017-03-27 12:25:11 trace :
------------
Array:
tousername : gh_6536061e4435 ;
fromusername : oKwkYw12uR1BKryQGOb6eBiVsPno ;
createtime : 1490588710 ;
msgtype : event ;
event : CLICK ;
eventkey : 二维码 ;
from : oKwkYw12uR1BKryQGOb6eBiVsPno ;
to : gh_6536061e4435 ;
time : 1490588710 ;
type : event ;

2017-03-27 12:28:20 trace :
------------
Array:
tousername : gh_6536061e4435 ;
fromusername : oKwkYw07OK3MciV6IDhGEI3qJFBU ;
createtime : 1490588900 ;
msgtype : event ;
event : VIEW ;
eventkey : http://kh39.61why.com/app/index.php?i=2&c=entry&eid=198 ;
menuid : 410600728 ;
from : oKwkYw07OK3MciV6IDhGEI3qJFBU ;
to : gh_6536061e4435 ;
time : 1490588900 ;
type : event ;

2017-03-27 12:28:20 params :
------------
Array:
rule : -2 ;
module :  ;
message : Array ;

2017-03-27 12:28:20 response :
------------

2017-03-27 12:30:49 trace :
------------
Array:
tousername : gh_6536061e4435 ;
fromusername : oKwkYw5Hv5-mrEGrZ572fv2JrB_s ;
createtime : 1490589049 ;
msgtype : event ;
event : VIEW ;
eventkey : http://kh39.61why.com/app/index.php?i=2&c=entry&eid=198 ;
menuid : 410600728 ;
from : oKwkYw5Hv5-mrEGrZ572fv2JrB_s ;
to : gh_6536061e4435 ;
time : 1490589049 ;
type : event ;

2017-03-27 12:30:49 params :
------------
Array:
rule : -2 ;
module :  ;
message : Array ;

2017-03-27 12:30:49 response :
------------

2017-03-27 12:32:39 trace :
------------
Array:
tousername : gh_6536061e4435 ;
fromusername : oKwkYw5Hv5-mrEGrZ572fv2JrB_s ;
createtime : 1490589159 ;
msgtype : event ;
event : VIEW ;
eventkey : http://kh39.61why.com/app/index.php?i=2&c=entry&eid=198 ;
menuid : 410600728 ;
from : oKwkYw5Hv5-mrEGrZ572fv2JrB_s ;
to : gh_6536061e4435 ;
time : 1490589159 ;
type : event ;

2017-03-27 12:32:39 params :
------------
Array:
rule : -2 ;
module :  ;
message : Array ;

2017-03-27 12:32:39 response :
------------

2017-03-27 12:33:40 trace :
------------
Array:
tousername : gh_6536061e4435 ;
fromusername : oKwkYw5Hv5-mrEGrZ572fv2JrB_s ;
createtime : 1490589220 ;
msgtype : event ;
event : VIEW ;
eventkey : http://kh39.61why.com/app/index.php?i=2&c=entry&eid=198 ;
menuid : 410600728 ;
from : oKwkYw5Hv5-mrEGrZ572fv2JrB_s ;
to : gh_6536061e4435 ;
time : 1490589220 ;
type : event ;

2017-03-27 12:33:40 params :
------------
Array:
rule : -2 ;
module :  ;
message : Array ;

2017-03-27 12:33:40 response :
------------

2017-03-27 12:35:59 trace :
------------
Array:
tousername : gh_6536061e4435 ;
fromusername : oKwkYw_imcO7cqrgletDysQnULwk ;
createtime : 1490589359 ;
msgtype : event ;
event : VIEW ;
eventkey : http://kh39.61why.com/app/index.php?i=2&c=entry&eid=198 ;
menuid : 410600728 ;
from : oKwkYw_imcO7cqrgletDysQnULwk ;
to : gh_6536061e4435 ;
time : 1490589359 ;
type : event ;

2017-03-27 12:35:59 params :
------------
Array:
rule : -2 ;
module :  ;
message : Array ;

2017-03-27 12:35:59 response :
------------

2017-03-27 12:36:31 trace :
------------
Array:
tousername : gh_6536061e4435 ;
fromusername : oKwkYw5Hv5-mrEGrZ572fv2JrB_s ;
createtime : 1490589391 ;
msgtype : event ;
event : VIEW ;
eventkey : http://kh39.61why.com/app/index.php?i=2&c=entry&eid=198 ;
menuid : 410600728 ;
from : oKwkYw5Hv5-mrEGrZ572fv2JrB_s ;
to : gh_6536061e4435 ;
time : 1490589391 ;
type : event ;

2017-03-27 12:36:31 params :
------------
Array:
rule : -2 ;
module :  ;
message : Array ;

2017-03-27 12:36:31 response :
------------

2017-03-27 12:42:31 trace :
------------
Array:
tousername : gh_6536061e4435 ;
fromusername : oKwkYw87Cwvzi0S0zTYXqcoQwWQ8 ;
createtime : 1490589751 ;
msgtype : event ;
event : VIEW ;
eventkey : http://kh39.61why.com/app/index.php?i=2&c=entry&eid=198 ;
menuid : 410600728 ;
from : oKwkYw87Cwvzi0S0zTYXqcoQwWQ8 ;
to : gh_6536061e4435 ;
time : 1490589751 ;
type : event ;

2017-03-27 12:42:31 params :
------------
Array:
rule : -2 ;
module :  ;
message : Array ;

2017-03-27 12:42:31 response :
------------

2017-03-27 12:43:09 trace :
------------
Array:
tousername : gh_6536061e4435 ;
fromusername : oKwkYw87Cwvzi0S0zTYXqcoQwWQ8 ;
createtime : 1490589789 ;
msgtype : event ;
event : VIEW ;
eventkey : http://kh39.61why.com/app/index.php?i=2&c=entry&eid=194 ;
menuid : 410600728 ;
from : oKwkYw87Cwvzi0S0zTYXqcoQwWQ8 ;
to : gh_6536061e4435 ;
time : 1490589789 ;
type : event ;

2017-03-27 12:43:09 params :
------------
Array:
rule : -2 ;
module :  ;
message : Array ;

2017-03-27 12:43:09 response :
------------

2017-03-27 12:46:30 trace :
------------
Array:
tousername : gh_6536061e4435 ;
fromusername : oKwkYwy552o7_eUisSRD3QHthqs8 ;
createtime : 1490589990 ;
msgtype : event ;
event : VIEW ;
eventkey : http://kh39.61why.com/app/index.php?i=2&c=entry&eid=198 ;
menuid : 410600728 ;
from : oKwkYwy552o7_eUisSRD3QHthqs8 ;
to : gh_6536061e4435 ;
time : 1490589990 ;
type : event ;

2017-03-27 12:46:30 params :
------------
Array:
rule : -2 ;
module :  ;
message : Array ;

2017-03-27 12:46:30 response :
------------

2017-03-27 12:48:10 trace :
------------
Array:
tousername : gh_6536061e4435 ;
fromusername : oKwkYwy552o7_eUisSRD3QHthqs8 ;
createtime : 1490590090 ;
msgtype : event ;
event : VIEW ;
eventkey : http://kh39.61why.com/app/index.php?i=2&c=entry&eid=198 ;
menuid : 410600728 ;
from : oKwkYwy552o7_eUisSRD3QHthqs8 ;
to : gh_6536061e4435 ;
time : 1490590090 ;
type : event ;

2017-03-27 12:48:10 params :
------------
Array:
rule : -2 ;
module :  ;
message : Array ;

2017-03-27 12:48:10 response :
------------

2017-03-27 12:50:03 trace :
------------
Array:
tousername : gh_6536061e4435 ;
fromusername : oKwkYwy552o7_eUisSRD3QHthqs8 ;
createtime : 1490590203 ;
msgtype : event ;
event : VIEW ;
eventkey : http://kh39.61why.com/app/index.php?i=2&c=entry&eid=198 ;
menuid : 410600728 ;
from : oKwkYwy552o7_eUisSRD3QHthqs8 ;
to : gh_6536061e4435 ;
time : 1490590203 ;
type : event ;

2017-03-27 12:50:03 params :
------------
Array:
rule : -2 ;
module :  ;
message : Array ;

2017-03-27 12:50:03 response :
------------

2017-03-27 12:50:06 trace :
------------
Array:
tousername : gh_6536061e4435 ;
fromusername : oKwkYwy552o7_eUisSRD3QHthqs8 ;
createtime : 1490590206 ;
msgtype : event ;
event : VIEW ;
eventkey : http://kh39.61why.com/app/index.php?i=2&c=entry&eid=198 ;
menuid : 410600728 ;
from : oKwkYwy552o7_eUisSRD3QHthqs8 ;
to : gh_6536061e4435 ;
time : 1490590206 ;
type : event ;

2017-03-27 12:50:06 params :
------------
Array:
rule : -2 ;
module :  ;
message : Array ;

2017-03-27 12:50:06 response :
------------

2017-03-27 12:53:24 trace :
------------
Array:
tousername : gh_6536061e4435 ;
fromusername : oKwkYwy552o7_eUisSRD3QHthqs8 ;
createtime : 1490590404 ;
msgtype : event ;
event : VIEW ;
eventkey : http://kh39.61why.com/app/index.php?i=2&c=entry&eid=198 ;
menuid : 410600728 ;
from : oKwkYwy552o7_eUisSRD3QHthqs8 ;
to : gh_6536061e4435 ;
time : 1490590404 ;
type : event ;

2017-03-27 12:53:24 params :
------------
Array:
rule : -2 ;
module :  ;
message : Array ;

2017-03-27 12:53:24 response :
------------

2017-03-27 12:53:43 trace :
------------
Array:
tousername : gh_6536061e4435 ;
fromusername : oKwkYwy552o7_eUisSRD3QHthqs8 ;
createtime : 1490590423 ;
msgtype : event ;
event : VIEW ;
eventkey : http://kh39.61why.com/app/index.php?i=2&c=entry&eid=198 ;
menuid : 410600728 ;
from : oKwkYwy552o7_eUisSRD3QHthqs8 ;
to : gh_6536061e4435 ;
time : 1490590423 ;
type : event ;

2017-03-27 12:53:43 params :
------------
Array:
rule : -2 ;
module :  ;
message : Array ;

2017-03-27 12:53:43 response :
------------

2017-03-27 12:54:34 trace :
------------
Array:
tousername : gh_6536061e4435 ;
fromusername : oKwkYwwGkOZDvuC9Oxn4uTiCrm_g ;
createtime : 1490590474 ;
msgtype : event ;
event : VIEW ;
eventkey : http://kh39.61why.com/app/index.php?i=2&c=entry&eid=198 ;
menuid : 410600728 ;
from : oKwkYwwGkOZDvuC9Oxn4uTiCrm_g ;
to : gh_6536061e4435 ;
time : 1490590474 ;
type : event ;

2017-03-27 12:54:34 params :
------------
Array:
rule : -2 ;
module :  ;
message : Array ;

2017-03-27 12:54:34 response :
------------

2017-03-27 12:55:00 trace :
------------
Array:
tousername : gh_6536061e4435 ;
fromusername : oKwkYwy552o7_eUisSRD3QHthqs8 ;
createtime : 1490590500 ;
msgtype : event ;
event : VIEW ;
eventkey : http://kh39.61why.com/app/index.php?i=2&c=entry&eid=194 ;
menuid : 410600728 ;
from : oKwkYwy552o7_eUisSRD3QHthqs8 ;
to : gh_6536061e4435 ;
time : 1490590500 ;
type : event ;

2017-03-27 12:55:00 params :
------------
Array:
rule : -2 ;
module :  ;
message : Array ;

2017-03-27 12:55:00 response :
------------

2017-03-27 12:56:35 trace :
------------
Array:
tousername : gh_6536061e4435 ;
fromusername : oKwkYw5MuAi4yMyED2PueVZjXImw ;
createtime : 1490590594 ;
msgtype : event ;
event : CLICK ;
eventkey : 二维码 ;
from : oKwkYw5MuAi4yMyED2PueVZjXImw ;
to : gh_6536061e4435 ;
time : 1490590594 ;
type : event ;

2017-03-27 12:58:15 trace :
------------
Array:
tousername : gh_6536061e4435 ;
fromusername : oKwkYw03W1Pov3xT2Hvnj_ODN-Ug ;
createtime : 1490590695 ;
msgtype : event ;
event : VIEW ;
eventkey : http://kh39.61why.com/app/index.php?i=2&c=entry&eid=198 ;
menuid : 410600728 ;
from : oKwkYw03W1Pov3xT2Hvnj_ODN-Ug ;
to : gh_6536061e4435 ;
time : 1490590695 ;
type : event ;

2017-03-27 12:58:15 params :
------------
Array:
rule : -2 ;
module :  ;
message : Array ;

2017-03-27 12:58:15 response :
------------

2017-03-27 13:02:01 trace :
------------
Array:
tousername : gh_6536061e4435 ;
fromusername : oKwkYw5HVb-t00uKsr1S5TWyyr5s ;
createtime : 1490590921 ;
msgtype : event ;
event : CLICK ;
eventkey : 二维码 ;
from : oKwkYw5HVb-t00uKsr1S5TWyyr5s ;
to : gh_6536061e4435 ;
time : 1490590921 ;
type : event ;

2017-03-27 13:32:12 trace :
------------
Array:
tousername : gh_6536061e4435 ;
fromusername : oKwkYwz_FtGom2eSyG1qwUGFxNiA ;
createtime : 1490592731 ;
msgtype : event ;
event : VIEW ;
eventkey : http://kh39.61why.com/app/index.php?i=2&c=entry&eid=198 ;
menuid : 410600728 ;
from : oKwkYwz_FtGom2eSyG1qwUGFxNiA ;
to : gh_6536061e4435 ;
time : 1490592731 ;
type : event ;

2017-03-27 13:32:12 params :
------------
Array:
rule : -2 ;
module :  ;
message : Array ;

2017-03-27 13:32:12 response :
------------

2017-03-27 13:32:16 trace :
------------
Array:
tousername : gh_6536061e4435 ;
fromusername : oKwkYwz2JDaK35xveJd2iWNSLC5Y ;
createtime : 1490592736 ;
msgtype : event ;
event : VIEW ;
eventkey : http://kh39.61why.com/app/index.php?i=2&c=entry&eid=194 ;
menuid : 410600728 ;
from : oKwkYwz2JDaK35xveJd2iWNSLC5Y ;
to : gh_6536061e4435 ;
time : 1490592736 ;
type : event ;

2017-03-27 13:32:16 params :
------------
Array:
rule : -2 ;
module :  ;
message : Array ;

2017-03-27 13:32:16 response :
------------

2017-03-27 13:39:52 trace :
------------
Array:
tousername : gh_6536061e4435 ;
fromusername : oKwkYw8YyqElJTB50zUt-TkSPawA ;
createtime : 1490593192 ;
msgtype : event ;
event : VIEW ;
eventkey : http://kh39.61why.com/app/index.php?i=2&c=entry&eid=194 ;
menuid : 410600728 ;
from : oKwkYw8YyqElJTB50zUt-TkSPawA ;
to : gh_6536061e4435 ;
time : 1490593192 ;
type : event ;

2017-03-27 13:39:52 params :
------------
Array:
rule : -2 ;
module :  ;
message : Array ;

2017-03-27 13:39:52 response :
------------

2017-03-27 13:41:58 trace :
------------
Array:
tousername : gh_6536061e4435 ;
fromusername : oKwkYw8YyqElJTB50zUt-TkSPawA ;
createtime : 1490593318 ;
msgtype : event ;
event : VIEW ;
eventkey : http://kh39.61why.com/app/index.php?i=2&c=entry&eid=198 ;
menuid : 410600728 ;
from : oKwkYw8YyqElJTB50zUt-TkSPawA ;
to : gh_6536061e4435 ;
time : 1490593318 ;
type : event ;

2017-03-27 13:41:58 params :
------------
Array:
rule : -2 ;
module :  ;
message : Array ;

2017-03-27 13:41:58 response :
------------

2017-03-27 13:42:04 trace :
------------
Array:
tousername : gh_6536061e4435 ;
fromusername : oKwkYwyjERfw7XYg2QL9r-EmTJic ;
createtime : 1490593324 ;
msgtype : event ;
event : VIEW ;
eventkey : http://kh39.61why.com/app/index.php?i=2&c=entry&eid=198 ;
menuid : 410600728 ;
from : oKwkYwyjERfw7XYg2QL9r-EmTJic ;
to : gh_6536061e4435 ;
time : 1490593324 ;
type : event ;

2017-03-27 13:42:04 params :
------------
Array:
rule : -2 ;
module :  ;
message : Array ;

2017-03-27 13:42:04 response :
------------

2017-03-27 13:56:36 trace :
------------
Array:
tousername : gh_6536061e4435 ;
fromusername : oKwkYw3OHRCQa6CoHaKYywAhba24 ;
createtime : 1490594196 ;
msgtype : event ;
event : VIEW ;
eventkey : http://kh39.61why.com/app/index.php?i=2&c=entry&eid=194 ;
menuid : 410600728 ;
from : oKwkYw3OHRCQa6CoHaKYywAhba24 ;
to : gh_6536061e4435 ;
time : 1490594196 ;
type : event ;

2017-03-27 13:56:36 params :
------------
Array:
rule : -2 ;
module :  ;
message : Array ;

2017-03-27 13:56:36 response :
------------

2017-03-27 14:35:54 trace :
------------
Array:
tousername : gh_6536061e4435 ;
fromusername : oKwkYw2Js2oQmOyNqYkY8Ci6lRc8 ;
createtime : 1490596554 ;
msgtype : event ;
event : VIEW ;
eventkey : http://kh39.61why.com/app/index.php?i=2&c=entry&eid=194 ;
menuid : 410600728 ;
from : oKwkYw2Js2oQmOyNqYkY8Ci6lRc8 ;
to : gh_6536061e4435 ;
time : 1490596554 ;
type : event ;

2017-03-27 14:35:54 params :
------------
Array:
rule : -2 ;
module :  ;
message : Array ;

2017-03-27 14:35:54 response :
------------

2017-03-27 14:36:21 trace :
------------
Array:
tousername : gh_6536061e4435 ;
fromusername : oKwkYw2Js2oQmOyNqYkY8Ci6lRc8 ;
createtime : 1490596581 ;
msgtype : event ;
event : VIEW ;
eventkey : http://kh39.61why.com/app/index.php?i=2&c=entry&eid=194 ;
menuid : 410600728 ;
from : oKwkYw2Js2oQmOyNqYkY8Ci6lRc8 ;
to : gh_6536061e4435 ;
time : 1490596581 ;
type : event ;

2017-03-27 14:36:21 params :
------------
Array:
rule : -2 ;
module :  ;
message : Array ;

2017-03-27 14:36:21 response :
------------

2017-03-27 14:37:36 trace :
------------
Array:
tousername : gh_6536061e4435 ;
fromusername : oKwkYwyolZuGoXgz_4a6-ubUX5Vo ;
createtime : 1490596656 ;
msgtype : event ;
event : VIEW ;
eventkey : http://kh39.61why.com/app/index.php?i=2&c=entry&eid=194 ;
menuid : 410600728 ;
from : oKwkYwyolZuGoXgz_4a6-ubUX5Vo ;
to : gh_6536061e4435 ;
time : 1490596656 ;
type : event ;

2017-03-27 14:37:36 params :
------------
Array:
rule : -2 ;
module :  ;
message : Array ;

2017-03-27 14:37:36 response :
------------

2017-03-27 14:56:50 trace :
------------
Array:
tousername : gh_6536061e4435 ;
fromusername : oKwkYw5hiet9aIoMvpfdt0UcJyzc ;
createtime : 1490597810 ;
msgtype : event ;
event : VIEW ;
eventkey : http://kh39.61why.com/app/index.php?i=2&c=entry&eid=194 ;
menuid : 410600728 ;
from : oKwkYw5hiet9aIoMvpfdt0UcJyzc ;
to : gh_6536061e4435 ;
time : 1490597810 ;
type : event ;

2017-03-27 14:56:50 params :
------------
Array:
rule : -2 ;
module :  ;
message : Array ;

2017-03-27 14:56:50 response :
------------

2017-03-27 14:58:00 trace :
------------
Array:
tousername : gh_6536061e4435 ;
fromusername : oKwkYw9kdysBDH4lD9W6lSjDZIZQ ;
createtime : 1490597880 ;
msgtype : event ;
event : subscribe ;
eventkey : qrscene_d8aef4db56ee9b3875f012496226d43e ;
ticket : gQGI8DwAAAAAAAAAAS5odHRwOi8vd2VpeGluLnFxLmNvbS9xLzAyd21ZRjFrSDljbzMxMDAwMGcwN0QAAgQeFW5YAwQAAAAA ;
from : oKwkYw9kdysBDH4lD9W6lSjDZIZQ ;
to : gh_6536061e4435 ;
time : 1490597880 ;
type : subscribe ;
scene : d8aef4db56ee9b3875f012496226d43e ;

2017-03-27 14:58:17 trace :
------------
Array:
tousername : gh_6536061e4435 ;
fromusername : oKwkYw9kdysBDH4lD9W6lSjDZIZQ ;
createtime : 1490597886 ;
msgtype : event ;
event : VIEW ;
eventkey : http://kh39.61why.com/app/index.php?i=2&c=entry&eid=194 ;
menuid : 410600728 ;
from : oKwkYw9kdysBDH4lD9W6lSjDZIZQ ;
to : gh_6536061e4435 ;
time : 1490597886 ;
type : event ;

2017-03-27 14:58:17 params :
------------
Array:
rule : -2 ;
module :  ;
message : Array ;

2017-03-27 14:58:17 response :
------------

2017-03-27 14:58:22 trace :
------------
Array:
tousername : gh_6536061e4435 ;
fromusername : oKwkYw9kdysBDH4lD9W6lSjDZIZQ ;
createtime : 1490597902 ;
msgtype : event ;
event : VIEW ;
eventkey : http://kh39.61why.com/app/index.php?i=2&c=entry&eid=194 ;
menuid : 410600728 ;
from : oKwkYw9kdysBDH4lD9W6lSjDZIZQ ;
to : gh_6536061e4435 ;
time : 1490597902 ;
type : event ;

2017-03-27 14:58:22 params :
------------
Array:
rule : -2 ;
module :  ;
message : Array ;

2017-03-27 14:58:22 response :
------------

2017-03-27 14:58:24 trace :
------------
Array:
tousername : gh_6536061e4435 ;
fromusername : oKwkYw9kdysBDH4lD9W6lSjDZIZQ ;
createtime : 1490597904 ;
msgtype : event ;
event : VIEW ;
eventkey : http://kh39.61why.com/app/index.php?i=2&c=entry&eid=194 ;
menuid : 410600728 ;
from : oKwkYw9kdysBDH4lD9W6lSjDZIZQ ;
to : gh_6536061e4435 ;
time : 1490597904 ;
type : event ;

2017-03-27 14:58:24 params :
------------
Array:
rule : -2 ;
module :  ;
message : Array ;

2017-03-27 14:58:24 response :
------------

2017-03-27 14:59:31 trace :
------------
Array:
tousername : gh_6536061e4435 ;
fromusername : oKwkYw5Hv5-mrEGrZ572fv2JrB_s ;
createtime : 1490597971 ;
msgtype : event ;
event : VIEW ;
eventkey : http://kh39.61why.com/app/index.php?i=2&c=entry&eid=194 ;
menuid : 410600728 ;
from : oKwkYw5Hv5-mrEGrZ572fv2JrB_s ;
to : gh_6536061e4435 ;
time : 1490597971 ;
type : event ;

2017-03-27 14:59:31 params :
------------
Array:
rule : -2 ;
module :  ;
message : Array ;

2017-03-27 14:59:31 response :
------------

2017-03-27 15:00:53 trace :
------------
Array:
tousername : gh_6536061e4435 ;
fromusername : oKwkYw5hiet9aIoMvpfdt0UcJyzc ;
createtime : 1490598053 ;
msgtype : event ;
event : VIEW ;
eventkey : http://kh39.61why.com/app/index.php?i=2&c=entry&eid=198 ;
menuid : 410600728 ;
from : oKwkYw5hiet9aIoMvpfdt0UcJyzc ;
to : gh_6536061e4435 ;
time : 1490598053 ;
type : event ;

2017-03-27 15:00:53 params :
------------
Array:
rule : -2 ;
module :  ;
message : Array ;

2017-03-27 15:00:53 response :
------------

2017-03-27 15:04:14 trace :
------------
Array:
tousername : gh_6536061e4435 ;
fromusername : oKwkYwyolZuGoXgz_4a6-ubUX5Vo ;
createtime : 1490598254 ;
msgtype : event ;
event : VIEW ;
eventkey : http://kh39.61why.com/app/index.php?i=2&c=entry&eid=194 ;
menuid : 410600728 ;
from : oKwkYwyolZuGoXgz_4a6-ubUX5Vo ;
to : gh_6536061e4435 ;
time : 1490598254 ;
type : event ;

2017-03-27 15:04:14 params :
------------
Array:
rule : -2 ;
module :  ;
message : Array ;

2017-03-27 15:04:14 response :
------------

2017-03-27 15:08:13 trace :
------------
Array:
tousername : gh_6536061e4435 ;
fromusername : oKwkYw91VUym9q_FVeSKCdssqhgA ;
createtime : 1490598492 ;
msgtype : event ;
event : VIEW ;
eventkey : http://kh39.61why.com/app/index.php?i=2&c=entry&eid=198 ;
menuid : 410600728 ;
from : oKwkYw91VUym9q_FVeSKCdssqhgA ;
to : gh_6536061e4435 ;
time : 1490598492 ;
type : event ;

2017-03-27 15:08:13 params :
------------
Array:
rule : -2 ;
module :  ;
message : Array ;

2017-03-27 15:08:13 response :
------------

2017-03-27 15:08:40 trace :
------------
Array:
tousername : gh_6536061e4435 ;
fromusername : oKwkYw91VUym9q_FVeSKCdssqhgA ;
createtime : 1490598519 ;
msgtype : event ;
event : VIEW ;
eventkey : http://kh39.61why.com/app/index.php?i=2&c=entry&eid=198 ;
menuid : 410600728 ;
from : oKwkYw91VUym9q_FVeSKCdssqhgA ;
to : gh_6536061e4435 ;
time : 1490598519 ;
type : event ;

2017-03-27 15:08:40 params :
------------
Array:
rule : -2 ;
module :  ;
message : Array ;

2017-03-27 15:08:40 response :
------------

2017-03-27 15:17:14 trace :
------------
Array:
tousername : gh_6536061e4435 ;
fromusername : oKwkYwwenyAVeoaA8TPUA_uV6ekQ ;
createtime : 1490599034 ;
msgtype : event ;
event : subscribe ;
eventkey : qrscene_525d94ad43118a6754b57f549669d6e3 ;
ticket : gQHD8DwAAAAAAAAAAS5odHRwOi8vd2VpeGluLnFxLmNvbS9xLzAyWW8tODBzSDljbzMxMDAwMHcwN3AAAgSKf3BYAwQAAAAA ;
from : oKwkYwwenyAVeoaA8TPUA_uV6ekQ ;
to : gh_6536061e4435 ;
time : 1490599034 ;
type : subscribe ;
scene : 525d94ad43118a6754b57f549669d6e3 ;

2017-03-27 15:17:18 trace :
------------
Array:
tousername : gh_6536061e4435 ;
fromusername : oKwkYwwenyAVeoaA8TPUA_uV6ekQ ;
createtime : 1490599038 ;
msgtype : event ;
event : VIEW ;
eventkey : http://kh39.61why.com/app/index.php?i=2&c=entry&eid=194 ;
menuid : 410600728 ;
from : oKwkYwwenyAVeoaA8TPUA_uV6ekQ ;
to : gh_6536061e4435 ;
time : 1490599038 ;
type : event ;

2017-03-27 15:17:18 params :
------------
Array:
rule : -2 ;
module :  ;
message : Array ;

2017-03-27 15:17:18 response :
------------

2017-03-27 15:17:28 trace :
------------
Array:
tousername : gh_6536061e4435 ;
fromusername : oKwkYw5Hv5-mrEGrZ572fv2JrB_s ;
createtime : 1490599048 ;
msgtype : event ;
event : VIEW ;
eventkey : http://kh39.61why.com/app/index.php?i=2&c=entry&eid=194 ;
menuid : 410600728 ;
from : oKwkYw5Hv5-mrEGrZ572fv2JrB_s ;
to : gh_6536061e4435 ;
time : 1490599048 ;
type : event ;

2017-03-27 15:17:28 params :
------------
Array:
rule : -2 ;
module :  ;
message : Array ;

2017-03-27 15:17:28 response :
------------

2017-03-27 15:18:14 trace :
------------
Array:
tousername : gh_6536061e4435 ;
fromusername : oKwkYw5F2kU4C29u9bVkIqBsxkXE ;
createtime : 1490599093 ;
msgtype : event ;
event : subscribe ;
eventkey : qrscene_525d94ad43118a6754b57f549669d6e3 ;
ticket : gQHD8DwAAAAAAAAAAS5odHRwOi8vd2VpeGluLnFxLmNvbS9xLzAyWW8tODBzSDljbzMxMDAwMHcwN3AAAgSKf3BYAwQAAAAA ;
from : oKwkYw5F2kU4C29u9bVkIqBsxkXE ;
to : gh_6536061e4435 ;
time : 1490599093 ;
type : subscribe ;
scene : 525d94ad43118a6754b57f549669d6e3 ;

2017-03-27 15:18:16 trace :
------------
Array:
tousername : gh_6536061e4435 ;
fromusername : oKwkYw5F2kU4C29u9bVkIqBsxkXE ;
createtime : 1490599096 ;
msgtype : event ;
event : VIEW ;
eventkey : http://kh39.61why.com/app/index.php?i=2&c=entry&eid=194 ;
menuid : 410600728 ;
from : oKwkYw5F2kU4C29u9bVkIqBsxkXE ;
to : gh_6536061e4435 ;
time : 1490599096 ;
type : event ;

2017-03-27 15:18:16 params :
------------
Array:
rule : -2 ;
module :  ;
message : Array ;

2017-03-27 15:18:16 response :
------------

2017-03-27 15:18:42 trace :
------------
Array:
tousername : gh_6536061e4435 ;
fromusername : oKwkYwwenyAVeoaA8TPUA_uV6ekQ ;
createtime : 1490599122 ;
msgtype : event ;
event : SCAN ;
eventkey : 525d94ad43118a6754b57f549669d6e3 ;
ticket : gQHD8DwAAAAAAAAAAS5odHRwOi8vd2VpeGluLnFxLmNvbS9xLzAyWW8tODBzSDljbzMxMDAwMHcwN3AAAgSKf3BYAwQAAAAA ;
from : oKwkYwwenyAVeoaA8TPUA_uV6ekQ ;
to : gh_6536061e4435 ;
time : 1490599122 ;
type : subscribe ;
scene : 525d94ad43118a6754b57f549669d6e3 ;

2017-03-27 15:18:46 trace :
------------
Array:
tousername : gh_6536061e4435 ;
fromusername : oKwkYwwenyAVeoaA8TPUA_uV6ekQ ;
createtime : 1490599126 ;
msgtype : event ;
event : VIEW ;
eventkey : http://kh39.61why.com/app/index.php?i=2&c=entry&eid=194 ;
menuid : 410600728 ;
from : oKwkYwwenyAVeoaA8TPUA_uV6ekQ ;
to : gh_6536061e4435 ;
time : 1490599126 ;
type : event ;

2017-03-27 15:18:46 params :
------------
Array:
rule : -2 ;
module :  ;
message : Array ;

2017-03-27 15:18:46 response :
------------

2017-03-27 15:20:24 trace :
------------
Array:
tousername : gh_6536061e4435 ;
fromusername : oKwkYw40iRSVV8be71K6zisIgZPU ;
createtime : 1490599224 ;
msgtype : event ;
event : SCAN ;
eventkey : 525d94ad43118a6754b57f549669d6e3 ;
ticket : gQHD8DwAAAAAAAAAAS5odHRwOi8vd2VpeGluLnFxLmNvbS9xLzAyWW8tODBzSDljbzMxMDAwMHcwN3AAAgSKf3BYAwQAAAAA ;
from : oKwkYw40iRSVV8be71K6zisIgZPU ;
to : gh_6536061e4435 ;
time : 1490599224 ;
type : subscribe ;
scene : 525d94ad43118a6754b57f549669d6e3 ;

2017-03-27 15:20:35 trace :
------------
Array:
tousername : gh_6536061e4435 ;
fromusername : oKwkYw40iRSVV8be71K6zisIgZPU ;
createtime : 1490599234 ;
msgtype : event ;
event : VIEW ;
eventkey : http://kh39.61why.com/app/index.php?i=2&c=entry&eid=194 ;
menuid : 410600728 ;
from : oKwkYw40iRSVV8be71K6zisIgZPU ;
to : gh_6536061e4435 ;
time : 1490599234 ;
type : event ;

2017-03-27 15:20:35 params :
------------
Array:
rule : -2 ;
module :  ;
message : Array ;

2017-03-27 15:20:35 response :
------------

2017-03-27 15:50:25 trace :
------------
Array:
tousername : gh_6536061e4435 ;
fromusername : oKwkYw_czhGJMhzRk-PvvkgFyKMI ;
createtime : 1490601025 ;
msgtype : event ;
event : VIEW ;
eventkey : http://kh39.61why.com/app/index.php?i=2&c=entry&eid=194 ;
menuid : 410600728 ;
from : oKwkYw_czhGJMhzRk-PvvkgFyKMI ;
to : gh_6536061e4435 ;
time : 1490601025 ;
type : event ;

2017-03-27 15:50:25 params :
------------
Array:
rule : -2 ;
module :  ;
message : Array ;

2017-03-27 15:50:25 response :
------------

2017-03-27 16:00:45 trace :
------------
Array:
tousername : gh_6536061e4435 ;
fromusername : oKwkYw5Hv5-mrEGrZ572fv2JrB_s ;
createtime : 1490601645 ;
msgtype : event ;
event : VIEW ;
eventkey : http://kh39.61why.com/app/index.php?i=2&c=entry&eid=194 ;
menuid : 410600728 ;
from : oKwkYw5Hv5-mrEGrZ572fv2JrB_s ;
to : gh_6536061e4435 ;
time : 1490601645 ;
type : event ;

2017-03-27 16:00:45 params :
------------
Array:
rule : -2 ;
module :  ;
message : Array ;

2017-03-27 16:00:45 response :
------------

2017-03-27 16:01:44 trace :
------------
Array:
tousername : gh_6536061e4435 ;
fromusername : oKwkYw3ZsKiaEAR-1xn8ksj_942Q ;
createtime : 1490601704 ;
msgtype : event ;
event : VIEW ;
eventkey : http://kh39.61why.com/app/index.php?i=2&c=entry&eid=194 ;
menuid : 410600728 ;
from : oKwkYw3ZsKiaEAR-1xn8ksj_942Q ;
to : gh_6536061e4435 ;
time : 1490601704 ;
type : event ;

2017-03-27 16:01:44 params :
------------
Array:
rule : -2 ;
module :  ;
message : Array ;

2017-03-27 16:01:44 response :
------------

2017-03-27 16:12:05 trace :
------------
Array:
tousername : gh_6536061e4435 ;
fromusername : oKwkYwz2JDaK35xveJd2iWNSLC5Y ;
createtime : 1490602324 ;
msgtype : event ;
event : VIEW ;
eventkey : http://kh39.61why.com/app/index.php?i=2&c=entry&eid=194 ;
menuid : 410600728 ;
from : oKwkYwz2JDaK35xveJd2iWNSLC5Y ;
to : gh_6536061e4435 ;
time : 1490602324 ;
type : event ;

2017-03-27 16:12:05 params :
------------
Array:
rule : -2 ;
module :  ;
message : Array ;

2017-03-27 16:12:05 response :
------------

2017-03-27 16:33:33 trace :
------------
Array:
tousername : gh_6536061e4435 ;
fromusername : oKwkYwyolZuGoXgz_4a6-ubUX5Vo ;
createtime : 1490603612 ;
msgtype : event ;
event : VIEW ;
eventkey : http://kh39.61why.com/app/index.php?i=2&c=entry&eid=194 ;
menuid : 410600728 ;
from : oKwkYwyolZuGoXgz_4a6-ubUX5Vo ;
to : gh_6536061e4435 ;
time : 1490603612 ;
type : event ;

2017-03-27 16:33:33 params :
------------
Array:
rule : -2 ;
module :  ;
message : Array ;

2017-03-27 16:33:33 response :
------------

2017-03-27 16:36:27 trace :
------------
Array:
tousername : gh_6536061e4435 ;
fromusername : oKwkYw3OHRCQa6CoHaKYywAhba24 ;
createtime : 1490603787 ;
msgtype : event ;
event : VIEW ;
eventkey : http://kh39.61why.com/app/index.php?i=2&c=entry&eid=194 ;
menuid : 410600728 ;
from : oKwkYw3OHRCQa6CoHaKYywAhba24 ;
to : gh_6536061e4435 ;
time : 1490603787 ;
type : event ;

2017-03-27 16:36:27 params :
------------
Array:
rule : -2 ;
module :  ;
message : Array ;

2017-03-27 16:36:27 response :
------------

2017-03-27 16:36:42 trace :
------------
Array:
tousername : gh_6536061e4435 ;
fromusername : oKwkYw_UFOOuAth1t-Dv7Y6oXGhE ;
createtime : 1490603802 ;
msgtype : event ;
event : subscribe ;
eventkey : qrscene_d8aef4db56ee9b3875f012496226d43e ;
ticket : gQGI8DwAAAAAAAAAAS5odHRwOi8vd2VpeGluLnFxLmNvbS9xLzAyd21ZRjFrSDljbzMxMDAwMGcwN0QAAgQeFW5YAwQAAAAA ;
from : oKwkYw_UFOOuAth1t-Dv7Y6oXGhE ;
to : gh_6536061e4435 ;
time : 1490603802 ;
type : subscribe ;
scene : d8aef4db56ee9b3875f012496226d43e ;

2017-03-27 16:42:46 trace :
------------
Array:
tousername : gh_6536061e4435 ;
fromusername : oKwkYwz_FtGom2eSyG1qwUGFxNiA ;
createtime : 1490604166 ;
msgtype : event ;
event : VIEW ;
eventkey : http://kh39.61why.com/app/index.php?i=2&c=entry&eid=198 ;
menuid : 410600728 ;
from : oKwkYwz_FtGom2eSyG1qwUGFxNiA ;
to : gh_6536061e4435 ;
time : 1490604166 ;
type : event ;

2017-03-27 16:42:46 params :
------------
Array:
rule : -2 ;
module :  ;
message : Array ;

2017-03-27 16:42:46 response :
------------

2017-03-27 17:01:30 trace :
------------
Array:
tousername : gh_6536061e4435 ;
fromusername : oKwkYw5Hv5-mrEGrZ572fv2JrB_s ;
createtime : 1490605290 ;
msgtype : event ;
event : VIEW ;
eventkey : http://kh39.61why.com/app/index.php?i=2&c=entry&eid=194 ;
menuid : 410600728 ;
from : oKwkYw5Hv5-mrEGrZ572fv2JrB_s ;
to : gh_6536061e4435 ;
time : 1490605290 ;
type : event ;

2017-03-27 17:01:30 params :
------------
Array:
rule : -2 ;
module :  ;
message : Array ;

2017-03-27 17:01:30 response :
------------

2017-03-27 17:06:27 trace :
------------
Array:
tousername : gh_6536061e4435 ;
fromusername : oKwkYw-oueSDcnhZWi8VurxnJzsg ;
createtime : 1490605587 ;
msgtype : event ;
event : CLICK ;
eventkey : 二维码 ;
from : oKwkYw-oueSDcnhZWi8VurxnJzsg ;
to : gh_6536061e4435 ;
time : 1490605587 ;
type : event ;

2017-03-27 17:06:31 trace :
------------
Array:
tousername : gh_6536061e4435 ;
fromusername : oKwkYw-oueSDcnhZWi8VurxnJzsg ;
createtime : 1490605591 ;
msgtype : event ;
event : VIEW ;
eventkey : http://kh39.61why.com/app/index.php?i=2&c=entry&eid=198 ;
menuid : 410600728 ;
from : oKwkYw-oueSDcnhZWi8VurxnJzsg ;
to : gh_6536061e4435 ;
time : 1490605591 ;
type : event ;

2017-03-27 17:06:31 params :
------------
Array:
rule : -2 ;
module :  ;
message : Array ;

2017-03-27 17:06:31 response :
------------

2017-03-27 17:16:39 trace :
------------
Array:
tousername : gh_6536061e4435 ;
fromusername : oKwkYw3l0eGz3H7e62pX1IDFxwCY ;
createtime : 1490606199 ;
msgtype : event ;
event : VIEW ;
eventkey : http://kh39.61why.com/app/index.php?i=2&c=entry&eid=198 ;
menuid : 410600728 ;
from : oKwkYw3l0eGz3H7e62pX1IDFxwCY ;
to : gh_6536061e4435 ;
time : 1490606199 ;
type : event ;

2017-03-27 17:16:39 params :
------------
Array:
rule : -2 ;
module :  ;
message : Array ;

2017-03-27 17:16:39 response :
------------

2017-03-27 17:54:04 trace :
------------
Array:
tousername : gh_6536061e4435 ;
fromusername : oKwkYw5hiet9aIoMvpfdt0UcJyzc ;
createtime : 1490608444 ;
msgtype : event ;
event : VIEW ;
eventkey : http://kh39.61why.com/app/index.php?i=2&c=entry&eid=198 ;
menuid : 410600728 ;
from : oKwkYw5hiet9aIoMvpfdt0UcJyzc ;
to : gh_6536061e4435 ;
time : 1490608444 ;
type : event ;

2017-03-27 17:54:04 params :
------------
Array:
rule : -2 ;
module :  ;
message : Array ;

2017-03-27 17:54:04 response :
------------

2017-03-27 18:05:43 trace :
------------
Array:
tousername : gh_6536061e4435 ;
fromusername : oKwkYw5hiet9aIoMvpfdt0UcJyzc ;
createtime : 1490609143 ;
msgtype : event ;
event : VIEW ;
eventkey : http://kh39.61why.com/app/index.php?i=2&c=entry&eid=198 ;
menuid : 410600728 ;
from : oKwkYw5hiet9aIoMvpfdt0UcJyzc ;
to : gh_6536061e4435 ;
time : 1490609143 ;
type : event ;

2017-03-27 18:05:43 params :
------------
Array:
rule : -2 ;
module :  ;
message : Array ;

2017-03-27 18:05:43 response :
------------

2017-03-27 18:10:03 trace :
------------
Array:
tousername : gh_6536061e4435 ;
fromusername : oKwkYw5hiet9aIoMvpfdt0UcJyzc ;
createtime : 1490609403 ;
msgtype : event ;
event : VIEW ;
eventkey : http://kh39.61why.com/app/index.php?i=2&c=entry&eid=198 ;
menuid : 410600728 ;
from : oKwkYw5hiet9aIoMvpfdt0UcJyzc ;
to : gh_6536061e4435 ;
time : 1490609403 ;
type : event ;

2017-03-27 18:10:03 params :
------------
Array:
rule : -2 ;
module :  ;
message : Array ;

2017-03-27 18:10:03 response :
------------

2017-03-27 18:37:26 trace :
------------
Array:
tousername : gh_6536061e4435 ;
fromusername : oKwkYw8hXxnYoe4JmHSUwU7Kf7rY ;
createtime : 1490611046 ;
msgtype : event ;
event : VIEW ;
eventkey : http://kh39.61why.com/app/index.php?i=2&c=entry&eid=194 ;
menuid : 410600728 ;
from : oKwkYw8hXxnYoe4JmHSUwU7Kf7rY ;
to : gh_6536061e4435 ;
time : 1490611046 ;
type : event ;

2017-03-27 18:37:26 params :
------------
Array:
rule : -2 ;
module :  ;
message : Array ;

2017-03-27 18:37:26 response :
------------

2017-03-27 18:42:43 trace :
------------
Array:
tousername : gh_6536061e4435 ;
fromusername : oKwkYw5S8zWw6zCS6dGdWuuV95fM ;
createtime : 1490611363 ;
msgtype : event ;
event : VIEW ;
eventkey : http://kh39.61why.com/app/index.php?i=2&c=entry&eid=198 ;
menuid : 410600728 ;
from : oKwkYw5S8zWw6zCS6dGdWuuV95fM ;
to : gh_6536061e4435 ;
time : 1490611363 ;
type : event ;

2017-03-27 18:42:43 params :
------------
Array:
rule : -2 ;
module :  ;
message : Array ;

2017-03-27 18:42:43 response :
------------

2017-03-27 18:44:32 trace :
------------
Array:
tousername : gh_6536061e4435 ;
fromusername : oKwkYw5Hv5-mrEGrZ572fv2JrB_s ;
createtime : 1490611472 ;
msgtype : event ;
event : VIEW ;
eventkey : http://kh39.61why.com/app/index.php?i=2&c=entry&eid=194 ;
menuid : 410600728 ;
from : oKwkYw5Hv5-mrEGrZ572fv2JrB_s ;
to : gh_6536061e4435 ;
time : 1490611472 ;
type : event ;

2017-03-27 18:44:32 params :
------------
Array:
rule : -2 ;
module :  ;
message : Array ;

2017-03-27 18:44:32 response :
------------

2017-03-27 18:45:44 trace :
------------
Array:
tousername : gh_6536061e4435 ;
fromusername : oKwkYw8hXxnYoe4JmHSUwU7Kf7rY ;
createtime : 1490611544 ;
msgtype : event ;
event : VIEW ;
eventkey : http://kh39.61why.com/app/index.php?i=2&c=entry&eid=194 ;
menuid : 410600728 ;
from : oKwkYw8hXxnYoe4JmHSUwU7Kf7rY ;
to : gh_6536061e4435 ;
time : 1490611544 ;
type : event ;

2017-03-27 18:45:44 params :
------------
Array:
rule : -2 ;
module :  ;
message : Array ;

2017-03-27 18:45:44 response :
------------

2017-03-27 18:47:02 trace :
------------
Array:
tousername : gh_6536061e4435 ;
fromusername : oKwkYwxf-oCP53dRL_P2oI_G3nRM ;
createtime : 1490611622 ;
msgtype : event ;
event : subscribe ;
eventkey : qrscene_72326a5617c1da674bdd905cf6388505 ;
ticket : gQEh8DwAAAAAAAAAAS5odHRwOi8vd2VpeGluLnFxLmNvbS9xLzAybG14TDBGSDljbzMxMDAwMGcwN2IAAgRvGW5YAwQAAAAA ;
from : oKwkYwxf-oCP53dRL_P2oI_G3nRM ;
to : gh_6536061e4435 ;
time : 1490611622 ;
type : subscribe ;
scene : 72326a5617c1da674bdd905cf6388505 ;

2017-03-27 18:47:11 trace :
------------
Array:
tousername : gh_6536061e4435 ;
fromusername : oKwkYwxf-oCP53dRL_P2oI_G3nRM ;
createtime : 1490611631 ;
msgtype : event ;
event : VIEW ;
eventkey : http://kh39.61why.com/app/index.php?i=2&c=entry&eid=194 ;
menuid : 410600728 ;
from : oKwkYwxf-oCP53dRL_P2oI_G3nRM ;
to : gh_6536061e4435 ;
time : 1490611631 ;
type : event ;

2017-03-27 18:47:11 params :
------------
Array:
rule : -2 ;
module :  ;
message : Array ;

2017-03-27 18:47:11 response :
------------

2017-03-27 18:48:28 trace :
------------
Array:
tousername : gh_6536061e4435 ;
fromusername : oKwkYwxf-oCP53dRL_P2oI_G3nRM ;
createtime : 1490611708 ;
msgtype : event ;
event : VIEW ;
eventkey : http://kh39.61why.com/app/index.php?i=2&c=entry&eid=194 ;
menuid : 410600728 ;
from : oKwkYwxf-oCP53dRL_P2oI_G3nRM ;
to : gh_6536061e4435 ;
time : 1490611708 ;
type : event ;

2017-03-27 18:48:28 params :
------------
Array:
rule : -2 ;
module :  ;
message : Array ;

2017-03-27 18:48:28 response :
------------

2017-03-27 18:48:33 trace :
------------
Array:
tousername : gh_6536061e4435 ;
fromusername : oKwkYwxf-oCP53dRL_P2oI_G3nRM ;
createtime : 1490611713 ;
msgtype : event ;
event : VIEW ;
eventkey : http://kh39.61why.com/app/index.php?i=2&c=entry&eid=194 ;
menuid : 410600728 ;
from : oKwkYwxf-oCP53dRL_P2oI_G3nRM ;
to : gh_6536061e4435 ;
time : 1490611713 ;
type : event ;

2017-03-27 18:48:33 params :
------------
Array:
rule : -2 ;
module :  ;
message : Array ;

2017-03-27 18:48:33 response :
------------

2017-03-27 18:48:51 trace :
------------
Array:
tousername : gh_6536061e4435 ;
fromusername : oKwkYwxf-oCP53dRL_P2oI_G3nRM ;
createtime : 1490611731 ;
msgtype : event ;
event : VIEW ;
eventkey : http://kh39.61why.com/app/index.php?i=2&c=entry&eid=194 ;
menuid : 410600728 ;
from : oKwkYwxf-oCP53dRL_P2oI_G3nRM ;
to : gh_6536061e4435 ;
time : 1490611731 ;
type : event ;

2017-03-27 18:48:51 params :
------------
Array:
rule : -2 ;
module :  ;
message : Array ;

2017-03-27 18:48:51 response :
------------

2017-03-27 18:48:54 trace :
------------
Array:
tousername : gh_6536061e4435 ;
fromusername : oKwkYwxf-oCP53dRL_P2oI_G3nRM ;
createtime : 1490611733 ;
msgtype : event ;
event : VIEW ;
eventkey : http://kh39.61why.com/app/index.php?i=2&c=entry&eid=198 ;
menuid : 410600728 ;
from : oKwkYwxf-oCP53dRL_P2oI_G3nRM ;
to : gh_6536061e4435 ;
time : 1490611733 ;
type : event ;

2017-03-27 18:48:54 params :
------------
Array:
rule : -2 ;
module :  ;
message : Array ;

2017-03-27 18:48:54 response :
------------

2017-03-27 18:49:44 trace :
------------
Array:
tousername : gh_6536061e4435 ;
fromusername : oKwkYw5S8zWw6zCS6dGdWuuV95fM ;
createtime : 1490611784 ;
msgtype : event ;
event : VIEW ;
eventkey : http://kh39.61why.com/app/index.php?i=2&c=entry&eid=198 ;
menuid : 410600728 ;
from : oKwkYw5S8zWw6zCS6dGdWuuV95fM ;
to : gh_6536061e4435 ;
time : 1490611784 ;
type : event ;

2017-03-27 18:49:44 params :
------------
Array:
rule : -2 ;
module :  ;
message : Array ;

2017-03-27 18:49:44 response :
------------

2017-03-27 19:07:12 trace :
------------
Array:
tousername : gh_6536061e4435 ;
fromusername : oKwkYwyEsoX6PwCcdSAelWnIXlpg ;
createtime : 1490612831 ;
msgtype : event ;
event : VIEW ;
eventkey : http://kh39.61why.com/app/index.php?i=2&c=entry&eid=198 ;
menuid : 410600728 ;
from : oKwkYwyEsoX6PwCcdSAelWnIXlpg ;
to : gh_6536061e4435 ;
time : 1490612831 ;
type : event ;

2017-03-27 19:07:12 params :
------------
Array:
rule : -2 ;
module :  ;
message : Array ;

2017-03-27 19:07:12 response :
------------

2017-03-27 19:09:07 trace :
------------
Array:
tousername : gh_6536061e4435 ;
fromusername : oKwkYwwGYxsxiD_YuZwsLkj42MY8 ;
createtime : 1490612947 ;
msgtype : event ;
event : VIEW ;
eventkey : http://kh39.61why.com/app/index.php?i=2&c=entry&eid=194 ;
menuid : 410600728 ;
from : oKwkYwwGYxsxiD_YuZwsLkj42MY8 ;
to : gh_6536061e4435 ;
time : 1490612947 ;
type : event ;

2017-03-27 19:09:07 params :
------------
Array:
rule : -2 ;
module :  ;
message : Array ;

2017-03-27 19:09:07 response :
------------

2017-03-27 19:11:45 trace :
------------
Array:
tousername : gh_6536061e4435 ;
fromusername : oKwkYwwGYxsxiD_YuZwsLkj42MY8 ;
createtime : 1490613105 ;
msgtype : event ;
event : CLICK ;
eventkey : 二维码 ;
from : oKwkYwwGYxsxiD_YuZwsLkj42MY8 ;
to : gh_6536061e4435 ;
time : 1490613105 ;
type : event ;

2017-03-27 19:11:59 trace :
------------
Array:
tousername : gh_6536061e4435 ;
fromusername : oKwkYwwGYxsxiD_YuZwsLkj42MY8 ;
createtime : 1490613119 ;
msgtype : event ;
event : VIEW ;
eventkey : http://kh39.61why.com/app/index.php?i=2&c=entry&eid=194 ;
menuid : 410600728 ;
from : oKwkYwwGYxsxiD_YuZwsLkj42MY8 ;
to : gh_6536061e4435 ;
time : 1490613119 ;
type : event ;

2017-03-27 19:11:59 params :
------------
Array:
rule : -2 ;
module :  ;
message : Array ;

2017-03-27 19:11:59 response :
------------

2017-03-27 19:12:54 trace :
------------
Array:
tousername : gh_6536061e4435 ;
fromusername : oKwkYw_KfXMMkXYK_kkm-kuQrHWo ;
createtime : 1490613174 ;
msgtype : event ;
event : subscribe ;
eventkey : qrscene_aaf3025dca6958c13c1c8297ad9db3ab ;
ticket : gQFL8TwAAAAAAAAAAS5odHRwOi8vd2VpeGluLnFxLmNvbS9xLzAyVDk2NTF5SDljbzMxMDAwMHcwN1IAAgRy89hYAwQAAAAA ;
from : oKwkYw_KfXMMkXYK_kkm-kuQrHWo ;
to : gh_6536061e4435 ;
time : 1490613174 ;
type : subscribe ;
scene : aaf3025dca6958c13c1c8297ad9db3ab ;

2017-03-27 19:43:11 trace :
------------
Array:
tousername : gh_6536061e4435 ;
fromusername : oKwkYw4945-5eXLyl7mTmsX-jsYo ;
createtime : 1490614991 ;
msgtype : event ;
event : VIEW ;
eventkey : http://kh39.61why.com/app/index.php?i=2&c=entry&eid=194 ;
menuid : 410600728 ;
from : oKwkYw4945-5eXLyl7mTmsX-jsYo ;
to : gh_6536061e4435 ;
time : 1490614991 ;
type : event ;

2017-03-27 19:43:11 params :
------------
Array:
rule : -2 ;
module :  ;
message : Array ;

2017-03-27 19:43:11 response :
------------

2017-03-27 19:46:05 trace :
------------
Array:
tousername : gh_6536061e4435 ;
fromusername : oKwkYw4945-5eXLyl7mTmsX-jsYo ;
createtime : 1490615165 ;
msgtype : event ;
event : VIEW ;
eventkey : http://kh39.61why.com/app/index.php?i=2&c=entry&eid=198 ;
menuid : 410600728 ;
from : oKwkYw4945-5eXLyl7mTmsX-jsYo ;
to : gh_6536061e4435 ;
time : 1490615165 ;
type : event ;

2017-03-27 19:46:05 params :
------------
Array:
rule : -2 ;
module :  ;
message : Array ;

2017-03-27 19:46:05 response :
------------

2017-03-27 20:40:04 trace :
------------
Array:
tousername : gh_0ad70057b777 ;
fromusername : o26ibjm4HeKBdVExtai8qVX9Hnzc ;
createtime : 1490618404 ;
msgtype : event ;
event : subscribe ;
eventkey : Array ;
from : o26ibjm4HeKBdVExtai8qVX9Hnzc ;
to : gh_0ad70057b777 ;
time : 1490618404 ;
type : subscribe ;

2017-03-27 20:40:04 params :
------------
Array:
rule : -2 ;
module :  ;
message : Array ;

2017-03-27 20:40:04 response :
------------

2017-03-27 20:41:30 trace :
------------
Array:
tousername : gh_6536061e4435 ;
fromusername : oKwkYw0_7A5UMIZprBcouIPjxoF4 ;
createtime : 1490618490 ;
msgtype : event ;
event : VIEW ;
eventkey : http://kh39.61why.com/app/index.php?i=2&c=entry&eid=194 ;
menuid : 410600728 ;
from : oKwkYw0_7A5UMIZprBcouIPjxoF4 ;
to : gh_6536061e4435 ;
time : 1490618490 ;
type : event ;

2017-03-27 20:41:30 params :
------------
Array:
rule : -2 ;
module :  ;
message : Array ;

2017-03-27 20:41:30 response :
------------

2017-03-27 20:41:41 trace :
------------
Array:
tousername : gh_6536061e4435 ;
fromusername : oKwkYw0_7A5UMIZprBcouIPjxoF4 ;
createtime : 1490618501 ;
msgtype : event ;
event : VIEW ;
eventkey : http://kh39.61why.com/app/index.php?i=2&c=entry&eid=194 ;
menuid : 410600728 ;
from : oKwkYw0_7A5UMIZprBcouIPjxoF4 ;
to : gh_6536061e4435 ;
time : 1490618501 ;
type : event ;

2017-03-27 20:41:41 params :
------------
Array:
rule : -2 ;
module :  ;
message : Array ;

2017-03-27 20:41:41 response :
------------

2017-03-27 20:41:51 trace :
------------
Array:
tousername : gh_6536061e4435 ;
fromusername : oKwkYw0_7A5UMIZprBcouIPjxoF4 ;
createtime : 1490618511 ;
msgtype : event ;
event : CLICK ;
eventkey : 二维码 ;
from : oKwkYw0_7A5UMIZprBcouIPjxoF4 ;
to : gh_6536061e4435 ;
time : 1490618511 ;
type : event ;

2017-03-27 20:42:08 trace :
------------
Array:
tousername : gh_6536061e4435 ;
fromusername : oKwkYw0_7A5UMIZprBcouIPjxoF4 ;
createtime : 1490618528 ;
msgtype : event ;
event : VIEW ;
eventkey : http://kh39.61why.com/app/index.php?i=2&c=entry&eid=194 ;
menuid : 410600728 ;
from : oKwkYw0_7A5UMIZprBcouIPjxoF4 ;
to : gh_6536061e4435 ;
time : 1490618528 ;
type : event ;

2017-03-27 20:42:08 params :
------------
Array:
rule : -2 ;
module :  ;
message : Array ;

2017-03-27 20:42:08 response :
------------

2017-03-27 20:45:54 trace :
------------
Array:
tousername : gh_6536061e4435 ;
fromusername : oKwkYwz_FtGom2eSyG1qwUGFxNiA ;
createtime : 1490618754 ;
msgtype : event ;
event : VIEW ;
eventkey : http://kh39.61why.com/app/index.php?i=2&c=entry&eid=198 ;
menuid : 410600728 ;
from : oKwkYwz_FtGom2eSyG1qwUGFxNiA ;
to : gh_6536061e4435 ;
time : 1490618754 ;
type : event ;

2017-03-27 20:45:54 params :
------------
Array:
rule : -2 ;
module :  ;
message : Array ;

2017-03-27 20:45:54 response :
------------

2017-03-27 20:55:01 trace :
------------
Array:
tousername : gh_6536061e4435 ;
fromusername : oKwkYw9A27iCE2wbx5IXncAJ21Sw ;
createtime : 1490619301 ;
msgtype : event ;
event : VIEW ;
eventkey : http://kh39.61why.com/app/index.php?i=2&c=entry&eid=198 ;
menuid : 410600728 ;
from : oKwkYw9A27iCE2wbx5IXncAJ21Sw ;
to : gh_6536061e4435 ;
time : 1490619301 ;
type : event ;

2017-03-27 20:55:01 params :
------------
Array:
rule : -2 ;
module :  ;
message : Array ;

2017-03-27 20:55:01 response :
------------

2017-03-27 20:55:47 trace :
------------
Array:
tousername : gh_6536061e4435 ;
fromusername : oKwkYw9A27iCE2wbx5IXncAJ21Sw ;
createtime : 1490619347 ;
msgtype : event ;
event : VIEW ;
eventkey : http://kh39.61why.com/app/index.php?i=2&c=entry&eid=198 ;
menuid : 410600728 ;
from : oKwkYw9A27iCE2wbx5IXncAJ21Sw ;
to : gh_6536061e4435 ;
time : 1490619347 ;
type : event ;

2017-03-27 20:55:47 params :
------------
Array:
rule : -2 ;
module :  ;
message : Array ;

2017-03-27 20:55:47 response :
------------

2017-03-27 20:56:52 trace :
------------
Array:
tousername : gh_6536061e4435 ;
fromusername : oKwkYw9A27iCE2wbx5IXncAJ21Sw ;
createtime : 1490619412 ;
msgtype : event ;
event : VIEW ;
eventkey : http://kh39.61why.com/app/index.php?i=2&c=entry&eid=194 ;
menuid : 410600728 ;
from : oKwkYw9A27iCE2wbx5IXncAJ21Sw ;
to : gh_6536061e4435 ;
time : 1490619412 ;
type : event ;

2017-03-27 20:56:52 params :
------------
Array:
rule : -2 ;
module :  ;
message : Array ;

2017-03-27 20:56:52 response :
------------

2017-03-27 20:57:49 trace :
------------
Array:
tousername : gh_6536061e4435 ;
fromusername : oKwkYw9A27iCE2wbx5IXncAJ21Sw ;
createtime : 1490619469 ;
msgtype : event ;
event : VIEW ;
eventkey : http://kh39.61why.com/app/index.php?i=2&c=entry&eid=198 ;
menuid : 410600728 ;
from : oKwkYw9A27iCE2wbx5IXncAJ21Sw ;
to : gh_6536061e4435 ;
time : 1490619469 ;
type : event ;

2017-03-27 20:57:49 params :
------------
Array:
rule : -2 ;
module :  ;
message : Array ;

2017-03-27 20:57:49 response :
------------

2017-03-27 20:58:16 trace :
------------
Array:
tousername : gh_6536061e4435 ;
fromusername : oKwkYw9A27iCE2wbx5IXncAJ21Sw ;
createtime : 1490619496 ;
msgtype : event ;
event : VIEW ;
eventkey : http://kh39.61why.com/app/index.php?i=2&c=entry&eid=198 ;
menuid : 410600728 ;
from : oKwkYw9A27iCE2wbx5IXncAJ21Sw ;
to : gh_6536061e4435 ;
time : 1490619496 ;
type : event ;

2017-03-27 20:58:16 params :
------------
Array:
rule : -2 ;
module :  ;
message : Array ;

2017-03-27 20:58:16 response :
------------

2017-03-27 21:14:49 trace :
------------
Array:
tousername : gh_6536061e4435 ;
fromusername : oKwkYw_J9RB_cOVK9fQ1pD5O99Eo ;
createtime : 1490620489 ;
msgtype : event ;
event : VIEW ;
eventkey : http://kh39.61why.com/app/index.php?i=2&c=entry&eid=198 ;
menuid : 410600728 ;
from : oKwkYw_J9RB_cOVK9fQ1pD5O99Eo ;
to : gh_6536061e4435 ;
time : 1490620489 ;
type : event ;

2017-03-27 21:14:49 params :
------------
Array:
rule : -2 ;
module :  ;
message : Array ;

2017-03-27 21:14:49 response :
------------

2017-03-27 21:15:24 trace :
------------
Array:
tousername : gh_6536061e4435 ;
fromusername : oKwkYw_J9RB_cOVK9fQ1pD5O99Eo ;
createtime : 1490620523 ;
msgtype : event ;
event : VIEW ;
eventkey : http://kh39.61why.com/app/index.php?i=2&c=entry&eid=198 ;
menuid : 410600728 ;
from : oKwkYw_J9RB_cOVK9fQ1pD5O99Eo ;
to : gh_6536061e4435 ;
time : 1490620523 ;
type : event ;

2017-03-27 21:15:24 params :
------------
Array:
rule : -2 ;
module :  ;
message : Array ;

2017-03-27 21:15:24 response :
------------

2017-03-27 21:15:49 trace :
------------
Array:
tousername : gh_6536061e4435 ;
fromusername : oKwkYw_J9RB_cOVK9fQ1pD5O99Eo ;
createtime : 1490620549 ;
msgtype : event ;
event : VIEW ;
eventkey : http://kh39.61why.com/app/index.php?i=2&c=entry&eid=194 ;
menuid : 410600728 ;
from : oKwkYw_J9RB_cOVK9fQ1pD5O99Eo ;
to : gh_6536061e4435 ;
time : 1490620549 ;
type : event ;

2017-03-27 21:15:49 params :
------------
Array:
rule : -2 ;
module :  ;
message : Array ;

2017-03-27 21:15:49 response :
------------

2017-03-27 21:40:01 trace :
------------
Array:
tousername : gh_6536061e4435 ;
fromusername : oKwkYwwe6ND5Pg7cA6IK-UExrffU ;
createtime : 1490622001 ;
msgtype : event ;
event : VIEW ;
eventkey : http://kh39.61why.com/app/index.php?i=2&c=entry&eid=198 ;
menuid : 410600728 ;
from : oKwkYwwe6ND5Pg7cA6IK-UExrffU ;
to : gh_6536061e4435 ;
time : 1490622001 ;
type : event ;

2017-03-27 21:40:01 params :
------------
Array:
rule : -2 ;
module :  ;
message : Array ;

2017-03-27 21:40:01 response :
------------

2017-03-27 22:08:21 trace :
------------
Array:
tousername : gh_6536061e4435 ;
fromusername : oKwkYwxf-oCP53dRL_P2oI_G3nRM ;
createtime : 1490623701 ;
msgtype : event ;
event : VIEW ;
eventkey : http://kh39.61why.com/app/index.php?i=2&c=entry&eid=194 ;
menuid : 410600728 ;
from : oKwkYwxf-oCP53dRL_P2oI_G3nRM ;
to : gh_6536061e4435 ;
time : 1490623701 ;
type : event ;

2017-03-27 22:08:21 params :
------------
Array:
rule : -2 ;
module :  ;
message : Array ;

2017-03-27 22:08:21 response :
------------

2017-03-27 22:18:44 trace :
------------
Array:
tousername : gh_6536061e4435 ;
fromusername : oKwkYw_xZ14UQdvrJFuiI5E87n8w ;
createtime : 1490624324 ;
msgtype : event ;
event : VIEW ;
eventkey : http://kh39.61why.com/app/index.php?i=2&c=entry&eid=198 ;
menuid : 410600728 ;
from : oKwkYw_xZ14UQdvrJFuiI5E87n8w ;
to : gh_6536061e4435 ;
time : 1490624324 ;
type : event ;

2017-03-27 22:18:44 params :
------------
Array:
rule : -2 ;
module :  ;
message : Array ;

2017-03-27 22:18:44 response :
------------

2017-03-27 22:35:32 trace :
------------
Array:
tousername : gh_6536061e4435 ;
fromusername : oKwkYw5hiet9aIoMvpfdt0UcJyzc ;
createtime : 1490625332 ;
msgtype : event ;
event : VIEW ;
eventkey : http://kh39.61why.com/app/index.php?i=2&c=entry&eid=198 ;
menuid : 410600728 ;
from : oKwkYw5hiet9aIoMvpfdt0UcJyzc ;
to : gh_6536061e4435 ;
time : 1490625332 ;
type : event ;

2017-03-27 22:35:32 params :
------------
Array:
rule : -2 ;
module :  ;
message : Array ;

2017-03-27 22:35:32 response :
------------

2017-03-27 22:37:27 trace :
------------
Array:
tousername : gh_6536061e4435 ;
fromusername : oKwkYw5hiet9aIoMvpfdt0UcJyzc ;
createtime : 1490625447 ;
msgtype : event ;
event : VIEW ;
eventkey : http://kh39.61why.com/app/index.php?i=2&c=entry&eid=198 ;
menuid : 410600728 ;
from : oKwkYw5hiet9aIoMvpfdt0UcJyzc ;
to : gh_6536061e4435 ;
time : 1490625447 ;
type : event ;

2017-03-27 22:37:27 params :
------------
Array:
rule : -2 ;
module :  ;
message : Array ;

2017-03-27 22:37:27 response :
------------

2017-03-27 23:49:04 trace :
------------
Array:
tousername : gh_6536061e4435 ;
fromusername : oKwkYw9A27iCE2wbx5IXncAJ21Sw ;
createtime : 1490629744 ;
msgtype : event ;
event : VIEW ;
eventkey : http://kh39.61why.com/app/index.php?i=2&c=entry&eid=198 ;
menuid : 410600728 ;
from : oKwkYw9A27iCE2wbx5IXncAJ21Sw ;
to : gh_6536061e4435 ;
time : 1490629744 ;
type : event ;

2017-03-27 23:49:04 params :
------------
Array:
rule : -2 ;
module :  ;
message : Array ;

2017-03-27 23:49:04 response :
------------

2017-03-27 23:56:36 trace :
------------
Array:
tousername : gh_6536061e4435 ;
fromusername : oKwkYwxdGazpUQLKnjr_HrnPicQo ;
createtime : 1490630196 ;
msgtype : event ;
event : VIEW ;
eventkey : http://kh39.61why.com/app/index.php?i=2&c=entry&eid=198 ;
menuid : 410600728 ;
from : oKwkYwxdGazpUQLKnjr_HrnPicQo ;
to : gh_6536061e4435 ;
time : 1490630196 ;
type : event ;

2017-03-27 23:56:36 params :
------------
Array:
rule : -2 ;
module :  ;
message : Array ;

2017-03-27 23:56:36 response :
------------

