2017-01-23 00:44:18 trace :
------------
Array:
tousername : gh_6536061e4435 ;
fromusername : oKwkYw9A27iCE2wbx5IXncAJ21Sw ;
createtime : 1485103458 ;
msgtype : event ;
event : VIEW ;
eventkey : http://kh39.61why.com/app/index.php?i=2&c=entry&eid=194 ;
menuid : 410600728 ;
from : oKwkYw9A27iCE2wbx5IXncAJ21Sw ;
to : gh_6536061e4435 ;
time : 1485103458 ;
type : event ;

2017-01-23 00:44:18 params :
------------
Array:
rule : -2 ;
module :  ;
message : Array ;

2017-01-23 00:44:18 response :
------------

2017-01-23 00:44:21 trace :
------------
Array:
tousername : gh_6536061e4435 ;
fromusername : oKwkYw9A27iCE2wbx5IXncAJ21Sw ;
createtime : 1485103461 ;
msgtype : event ;
event : VIEW ;
eventkey : http://kh39.61why.com/app/index.php?i=2&c=entry&eid=198 ;
menuid : 410600728 ;
from : oKwkYw9A27iCE2wbx5IXncAJ21Sw ;
to : gh_6536061e4435 ;
time : 1485103461 ;
type : event ;

2017-01-23 00:44:21 params :
------------
Array:
rule : -2 ;
module :  ;
message : Array ;

2017-01-23 00:44:21 response :
------------

2017-01-23 04:21:00 trace :
------------
Array:
tousername : gh_6536061e4435 ;
fromusername : oKwkYw0D7snKw9WJkTr_EzwW-SF0 ;
createtime : 1485116460 ;
msgtype : event ;
event : VIEW ;
eventkey : http://kh39.61why.com/app/index.php?i=2&c=entry&eid=194 ;
menuid : 410600728 ;
from : oKwkYw0D7snKw9WJkTr_EzwW-SF0 ;
to : gh_6536061e4435 ;
time : 1485116460 ;
type : event ;

2017-01-23 04:21:00 params :
------------
Array:
rule : -2 ;
module :  ;
message : Array ;

2017-01-23 04:21:00 response :
------------

2017-01-23 04:23:39 trace :
------------
Array:
tousername : gh_6536061e4435 ;
fromusername : oKwkYw0D7snKw9WJkTr_EzwW-SF0 ;
createtime : 1485116619 ;
msgtype : event ;
event : VIEW ;
eventkey : http://kh39.61why.com/app/index.php?i=2&c=entry&eid=194 ;
menuid : 410600728 ;
from : oKwkYw0D7snKw9WJkTr_EzwW-SF0 ;
to : gh_6536061e4435 ;
time : 1485116619 ;
type : event ;

2017-01-23 04:23:39 params :
------------
Array:
rule : -2 ;
module :  ;
message : Array ;

2017-01-23 04:23:39 response :
------------

2017-01-23 04:50:55 trace :
------------
Array:
tousername : gh_6536061e4435 ;
fromusername : oKwkYw0D7snKw9WJkTr_EzwW-SF0 ;
createtime : 1485118255 ;
msgtype : event ;
event : VIEW ;
eventkey : http://kh39.61why.com/app/index.php?i=2&c=entry&eid=194 ;
menuid : 410600728 ;
from : oKwkYw0D7snKw9WJkTr_EzwW-SF0 ;
to : gh_6536061e4435 ;
time : 1485118255 ;
type : event ;

2017-01-23 04:50:55 params :
------------
Array:
rule : -2 ;
module :  ;
message : Array ;

2017-01-23 04:50:55 response :
------------

2017-01-23 04:51:57 trace :
------------
Array:
tousername : gh_6536061e4435 ;
fromusername : oKwkYw0D7snKw9WJkTr_EzwW-SF0 ;
createtime : 1485118317 ;
msgtype : event ;
event : VIEW ;
eventkey : http://kh39.61why.com/app/index.php?i=2&c=entry&eid=194 ;
menuid : 410600728 ;
from : oKwkYw0D7snKw9WJkTr_EzwW-SF0 ;
to : gh_6536061e4435 ;
time : 1485118317 ;
type : event ;

2017-01-23 04:51:57 params :
------------
Array:
rule : -2 ;
module :  ;
message : Array ;

2017-01-23 04:51:57 response :
------------

2017-01-23 07:44:19 trace :
------------
Array:
tousername : gh_6536061e4435 ;
fromusername : oKwkYw5hiet9aIoMvpfdt0UcJyzc ;
createtime : 1485128659 ;
msgtype : event ;
event : VIEW ;
eventkey : http://kh39.61why.com/app/index.php?i=2&c=entry&eid=198 ;
menuid : 410600728 ;
from : oKwkYw5hiet9aIoMvpfdt0UcJyzc ;
to : gh_6536061e4435 ;
time : 1485128659 ;
type : event ;

2017-01-23 07:44:19 params :
------------
Array:
rule : -2 ;
module :  ;
message : Array ;

2017-01-23 07:44:19 response :
------------

2017-01-23 07:48:05 trace :
------------
Array:
tousername : gh_6536061e4435 ;
fromusername : oKwkYw5hiet9aIoMvpfdt0UcJyzc ;
createtime : 1485128885 ;
msgtype : event ;
event : VIEW ;
eventkey : http://kh39.61why.com/app/index.php?i=2&c=entry&eid=198 ;
menuid : 410600728 ;
from : oKwkYw5hiet9aIoMvpfdt0UcJyzc ;
to : gh_6536061e4435 ;
time : 1485128885 ;
type : event ;

2017-01-23 07:48:05 params :
------------
Array:
rule : -2 ;
module :  ;
message : Array ;

2017-01-23 07:48:05 response :
------------

2017-01-23 08:26:51 trace :
------------
Array:
tousername : gh_6536061e4435 ;
fromusername : oKwkYw0D7snKw9WJkTr_EzwW-SF0 ;
createtime : 1485131211 ;
msgtype : event ;
event : VIEW ;
eventkey : http://kh39.61why.com/app/index.php?i=2&c=entry&eid=194 ;
menuid : 410600728 ;
from : oKwkYw0D7snKw9WJkTr_EzwW-SF0 ;
to : gh_6536061e4435 ;
time : 1485131211 ;
type : event ;

2017-01-23 08:26:51 params :
------------
Array:
rule : -2 ;
module :  ;
message : Array ;

2017-01-23 08:26:51 response :
------------

2017-01-23 09:12:59 trace :
------------
Array:
tousername : gh_6536061e4435 ;
fromusername : oKwkYw_imcO7cqrgletDysQnULwk ;
createtime : 1485133979 ;
msgtype : event ;
event : VIEW ;
eventkey : http://kh39.61why.com/app/index.php?i=2&c=entry&eid=198 ;
menuid : 410600728 ;
from : oKwkYw_imcO7cqrgletDysQnULwk ;
to : gh_6536061e4435 ;
time : 1485133979 ;
type : event ;

2017-01-23 09:12:59 params :
------------
Array:
rule : -2 ;
module :  ;
message : Array ;

2017-01-23 09:12:59 response :
------------

2017-01-23 09:17:47 trace :
------------
Array:
tousername : gh_6536061e4435 ;
fromusername : oKwkYw_imcO7cqrgletDysQnULwk ;
createtime : 1485134267 ;
msgtype : event ;
event : VIEW ;
eventkey : http://kh39.61why.com/app/index.php?i=2&c=entry&eid=198 ;
menuid : 410600728 ;
from : oKwkYw_imcO7cqrgletDysQnULwk ;
to : gh_6536061e4435 ;
time : 1485134267 ;
type : event ;

2017-01-23 09:17:47 params :
------------
Array:
rule : -2 ;
module :  ;
message : Array ;

2017-01-23 09:17:47 response :
------------

2017-01-23 11:53:35 trace :
------------
Array:
tousername : gh_6536061e4435 ;
fromusername : oKwkYw5hiet9aIoMvpfdt0UcJyzc ;
createtime : 1485143615 ;
msgtype : event ;
event : VIEW ;
eventkey : http://kh39.61why.com/app/index.php?i=2&c=entry&eid=198 ;
menuid : 410600728 ;
from : oKwkYw5hiet9aIoMvpfdt0UcJyzc ;
to : gh_6536061e4435 ;
time : 1485143615 ;
type : event ;

2017-01-23 11:53:35 params :
------------
Array:
rule : -2 ;
module :  ;
message : Array ;

2017-01-23 11:53:35 response :
------------

2017-01-23 12:05:39 trace :
------------
Array:
tousername : gh_6536061e4435 ;
fromusername : oKwkYw5hiet9aIoMvpfdt0UcJyzc ;
createtime : 1485144339 ;
msgtype : event ;
event : VIEW ;
eventkey : http://kh39.61why.com/app/index.php?i=2&c=entry&eid=198 ;
menuid : 410600728 ;
from : oKwkYw5hiet9aIoMvpfdt0UcJyzc ;
to : gh_6536061e4435 ;
time : 1485144339 ;
type : event ;

2017-01-23 12:05:39 params :
------------
Array:
rule : -2 ;
module :  ;
message : Array ;

2017-01-23 12:05:39 response :
------------

2017-01-23 12:26:33 trace :
------------
Array:
tousername : gh_6536061e4435 ;
fromusername : oKwkYwywEpFgDWbwv_V6u_yoYYIo ;
createtime : 1485145593 ;
msgtype : event ;
event : VIEW ;
eventkey : http://kh39.61why.com/app/index.php?i=2&c=entry&eid=198 ;
menuid : 410600728 ;
from : oKwkYwywEpFgDWbwv_V6u_yoYYIo ;
to : gh_6536061e4435 ;
time : 1485145593 ;
type : event ;

2017-01-23 12:26:33 params :
------------
Array:
rule : -2 ;
module :  ;
message : Array ;

2017-01-23 12:26:33 response :
------------

2017-01-23 13:02:56 trace :
------------
Array:
tousername : gh_6536061e4435 ;
fromusername : oKwkYw5hiet9aIoMvpfdt0UcJyzc ;
createtime : 1485147776 ;
msgtype : event ;
event : VIEW ;
eventkey : http://kh39.61why.com/app/index.php?i=2&c=entry&eid=198 ;
menuid : 410600728 ;
from : oKwkYw5hiet9aIoMvpfdt0UcJyzc ;
to : gh_6536061e4435 ;
time : 1485147776 ;
type : event ;

2017-01-23 13:02:56 params :
------------
Array:
rule : -2 ;
module :  ;
message : Array ;

2017-01-23 13:02:56 response :
------------

2017-01-23 16:31:58 trace :
------------
Array:
tousername : gh_6536061e4435 ;
fromusername : oKwkYwywEpFgDWbwv_V6u_yoYYIo ;
createtime : 1485160318 ;
msgtype : event ;
event : VIEW ;
eventkey : http://kh39.61why.com/app/index.php?i=2&c=entry&eid=198 ;
menuid : 410600728 ;
from : oKwkYwywEpFgDWbwv_V6u_yoYYIo ;
to : gh_6536061e4435 ;
time : 1485160318 ;
type : event ;

2017-01-23 16:31:58 params :
------------
Array:
rule : -2 ;
module :  ;
message : Array ;

2017-01-23 16:31:58 response :
------------

2017-01-23 17:27:59 trace :
------------
Array:
tousername : gh_0ad70057b777 ;
fromusername : o26ibjsrSJzYjD-yXvhf2mf0Ttf8 ;
createtime : 1485163679 ;
msgtype : event ;
event : VIEW ;
eventkey : http://kh39.61why.com/app/index.php?i=2&c=entry&eid=198 ;
menuid : 411738532 ;
from : o26ibjsrSJzYjD-yXvhf2mf0Ttf8 ;
to : gh_0ad70057b777 ;
time : 1485163679 ;
type : event ;

2017-01-23 17:27:59 params :
------------
Array:
rule : -2 ;
module :  ;
message : Array ;

2017-01-23 17:27:59 response :
------------

2017-01-23 19:50:39 trace :
------------
Array:
tousername : gh_6536061e4435 ;
fromusername : oKwkYw0D7snKw9WJkTr_EzwW-SF0 ;
createtime : 1485172239 ;
msgtype : event ;
event : VIEW ;
eventkey : http://kh39.61why.com/app/index.php?i=2&c=entry&eid=194 ;
menuid : 410600728 ;
from : oKwkYw0D7snKw9WJkTr_EzwW-SF0 ;
to : gh_6536061e4435 ;
time : 1485172239 ;
type : event ;

2017-01-23 19:50:39 params :
------------
Array:
rule : -2 ;
module :  ;
message : Array ;

2017-01-23 19:50:39 response :
------------

2017-01-23 20:07:00 trace :
------------
Array:
tousername : gh_6536061e4435 ;
fromusername : oKwkYw8e33SsKCgQqmRH91AsxTTA ;
createtime : 1485173220 ;
msgtype : event ;
event : VIEW ;
eventkey : http://kh39.61why.com/app/index.php?i=2&c=entry&eid=194 ;
menuid : 410600728 ;
from : oKwkYw8e33SsKCgQqmRH91AsxTTA ;
to : gh_6536061e4435 ;
time : 1485173220 ;
type : event ;

2017-01-23 20:07:00 params :
------------
Array:
rule : -2 ;
module :  ;
message : Array ;

2017-01-23 20:07:00 response :
------------

2017-01-23 20:12:14 trace :
------------
Array:
tousername : gh_6536061e4435 ;
fromusername : oKwkYw8e33SsKCgQqmRH91AsxTTA ;
createtime : 1485173534 ;
msgtype : event ;
event : VIEW ;
eventkey : http://kh39.61why.com/app/index.php?i=2&c=entry&eid=198 ;
menuid : 410600728 ;
from : oKwkYw8e33SsKCgQqmRH91AsxTTA ;
to : gh_6536061e4435 ;
time : 1485173534 ;
type : event ;

2017-01-23 20:12:14 params :
------------
Array:
rule : -2 ;
module :  ;
message : Array ;

2017-01-23 20:12:14 response :
------------

2017-01-23 20:54:34 trace :
------------
Array:
tousername : gh_0ad70057b777 ;
fromusername : o26ibjukT_4Ou7iXqVlLY0z0Bju8 ;
createtime : 1485176074 ;
msgtype : event ;
event : ShakearoundUserShake ;
chosenbeacon : Array ;
aroundbeacons : Array ;
chosenpageid : 816084 ;
from : o26ibjukT_4Ou7iXqVlLY0z0Bju8 ;
to : gh_0ad70057b777 ;
time : 1485176074 ;
type : event ;

2017-01-23 20:54:34 params :
------------
Array:
rule : -2 ;
module :  ;
message : Array ;

2017-01-23 20:54:34 response :
------------

2017-01-23 22:30:00 trace :
------------
Array:
tousername : gh_6536061e4435 ;
fromusername : oKwkYw07OK3MciV6IDhGEI3qJFBU ;
createtime : 1485181799 ;
msgtype : event ;
event : VIEW ;
eventkey : http://kh39.61why.com/app/index.php?i=2&c=entry&eid=194 ;
menuid : 410600728 ;
from : oKwkYw07OK3MciV6IDhGEI3qJFBU ;
to : gh_6536061e4435 ;
time : 1485181799 ;
type : event ;

2017-01-23 22:30:00 params :
------------
Array:
rule : -2 ;
module :  ;
message : Array ;

2017-01-23 22:30:00 response :
------------

