2017-03-07 02:57:52 trace :
------------
Array:
tousername : gh_6536061e4435 ;
fromusername : oKwkYw1hdHu_NiSw4Dn_tLeEcWuc ;
createtime : 1488826672 ;
msgtype : event ;
event : VIEW ;
eventkey : http://kh39.61why.com/app/index.php?i=2&c=entry&eid=198 ;
menuid : 410600728 ;
from : oKwkYw1hdHu_NiSw4Dn_tLeEcWuc ;
to : gh_6536061e4435 ;
time : 1488826672 ;
type : event ;

2017-03-07 02:57:52 params :
------------
Array:
rule : -2 ;
module :  ;
message : Array ;

2017-03-07 02:57:52 response :
------------

2017-03-07 03:10:08 trace :
------------
Array:
tousername : gh_6536061e4435 ;
fromusername : oKwkYw420BQ58lkEm5aUFQZAcWoQ ;
createtime : 1488827408 ;
msgtype : event ;
event : VIEW ;
eventkey : http://kh39.61why.com/app/index.php?i=2&c=entry&eid=194 ;
menuid : 410600728 ;
from : oKwkYw420BQ58lkEm5aUFQZAcWoQ ;
to : gh_6536061e4435 ;
time : 1488827408 ;
type : event ;

2017-03-07 03:10:08 params :
------------
Array:
rule : -2 ;
module :  ;
message : Array ;

2017-03-07 03:10:08 response :
------------

2017-03-07 03:50:31 trace :
------------
Array:
tousername : gh_6536061e4435 ;
fromusername : oKwkYw420BQ58lkEm5aUFQZAcWoQ ;
createtime : 1488829831 ;
msgtype : event ;
event : CLICK ;
eventkey : 二维码 ;
from : oKwkYw420BQ58lkEm5aUFQZAcWoQ ;
to : gh_6536061e4435 ;
time : 1488829831 ;
type : event ;

2017-03-07 07:43:52 trace :
------------
Array:
tousername : gh_6536061e4435 ;
fromusername : oKwkYw_xZ14UQdvrJFuiI5E87n8w ;
createtime : 1488843831 ;
msgtype : event ;
event : VIEW ;
eventkey : http://kh39.61why.com/app/index.php?i=2&c=entry&eid=198 ;
menuid : 410600728 ;
from : oKwkYw_xZ14UQdvrJFuiI5E87n8w ;
to : gh_6536061e4435 ;
time : 1488843831 ;
type : event ;

2017-03-07 07:43:52 params :
------------
Array:
rule : -2 ;
module :  ;
message : Array ;

2017-03-07 07:43:52 response :
------------

2017-03-07 07:59:27 trace :
------------
Array:
tousername : gh_6536061e4435 ;
fromusername : oKwkYwywxtQq-wIoXEPX7RQyBtoE ;
createtime : 1488844767 ;
msgtype : event ;
event : VIEW ;
eventkey : http://kh39.61why.com/app/index.php?i=2&c=entry&eid=198 ;
menuid : 410600728 ;
from : oKwkYwywxtQq-wIoXEPX7RQyBtoE ;
to : gh_6536061e4435 ;
time : 1488844767 ;
type : event ;

2017-03-07 07:59:27 params :
------------
Array:
rule : -2 ;
module :  ;
message : Array ;

2017-03-07 07:59:27 response :
------------

2017-03-07 08:02:57 trace :
------------
Array:
tousername : gh_6536061e4435 ;
fromusername : oKwkYw8e33SsKCgQqmRH91AsxTTA ;
createtime : 1488844977 ;
msgtype : event ;
event : VIEW ;
eventkey : http://kh39.61why.com/app/index.php?i=2&c=entry&eid=198 ;
menuid : 410600728 ;
from : oKwkYw8e33SsKCgQqmRH91AsxTTA ;
to : gh_6536061e4435 ;
time : 1488844977 ;
type : event ;

2017-03-07 08:02:57 params :
------------
Array:
rule : -2 ;
module :  ;
message : Array ;

2017-03-07 08:02:57 response :
------------

2017-03-07 08:21:19 trace :
------------
Array:
tousername : gh_6536061e4435 ;
fromusername : oKwkYw7EP3rUT9Rh4neqe4WQ2hko ;
createtime : 1488846079 ;
msgtype : event ;
event : VIEW ;
eventkey : http://kh39.61why.com/app/index.php?i=2&c=entry&eid=198 ;
menuid : 410600728 ;
from : oKwkYw7EP3rUT9Rh4neqe4WQ2hko ;
to : gh_6536061e4435 ;
time : 1488846079 ;
type : event ;

2017-03-07 08:21:19 params :
------------
Array:
rule : -2 ;
module :  ;
message : Array ;

2017-03-07 08:21:19 response :
------------

2017-03-07 08:28:34 trace :
------------
Array:
tousername : gh_6536061e4435 ;
fromusername : oKwkYw7EP3rUT9Rh4neqe4WQ2hko ;
createtime : 1488846514 ;
msgtype : event ;
event : VIEW ;
eventkey : http://kh39.61why.com/app/index.php?i=2&c=entry&eid=194 ;
menuid : 410600728 ;
from : oKwkYw7EP3rUT9Rh4neqe4WQ2hko ;
to : gh_6536061e4435 ;
time : 1488846514 ;
type : event ;

2017-03-07 08:28:34 params :
------------
Array:
rule : -2 ;
module :  ;
message : Array ;

2017-03-07 08:28:34 response :
------------

2017-03-07 08:34:19 trace :
------------
Array:
tousername : gh_6536061e4435 ;
fromusername : oKwkYw7EP3rUT9Rh4neqe4WQ2hko ;
createtime : 1488846858 ;
msgtype : event ;
event : VIEW ;
eventkey : http://kh39.61why.com/app/index.php?i=2&c=entry&eid=194 ;
menuid : 410600728 ;
from : oKwkYw7EP3rUT9Rh4neqe4WQ2hko ;
to : gh_6536061e4435 ;
time : 1488846858 ;
type : event ;

2017-03-07 08:34:19 params :
------------
Array:
rule : -2 ;
module :  ;
message : Array ;

2017-03-07 08:34:19 response :
------------

2017-03-07 08:35:03 trace :
------------
Array:
tousername : gh_6536061e4435 ;
fromusername : oKwkYw7EP3rUT9Rh4neqe4WQ2hko ;
createtime : 1488846903 ;
msgtype : event ;
event : VIEW ;
eventkey : http://kh39.61why.com/app/index.php?i=2&c=entry&eid=194 ;
menuid : 410600728 ;
from : oKwkYw7EP3rUT9Rh4neqe4WQ2hko ;
to : gh_6536061e4435 ;
time : 1488846903 ;
type : event ;

2017-03-07 08:35:03 params :
------------
Array:
rule : -2 ;
module :  ;
message : Array ;

2017-03-07 08:35:03 response :
------------

2017-03-07 08:37:34 trace :
------------
Array:
tousername : gh_6536061e4435 ;
fromusername : oKwkYw5HTagiq-psgJEdcchy6fCs ;
createtime : 1488847054 ;
msgtype : event ;
event : VIEW ;
eventkey : http://kh39.61why.com/app/index.php?i=2&c=entry&eid=194 ;
menuid : 410600728 ;
from : oKwkYw5HTagiq-psgJEdcchy6fCs ;
to : gh_6536061e4435 ;
time : 1488847054 ;
type : event ;

2017-03-07 08:37:34 params :
------------
Array:
rule : -2 ;
module :  ;
message : Array ;

2017-03-07 08:37:34 response :
------------

2017-03-07 08:41:45 trace :
------------
Array:
tousername : gh_6536061e4435 ;
fromusername : oKwkYw5HTagiq-psgJEdcchy6fCs ;
createtime : 1488847305 ;
msgtype : event ;
event : VIEW ;
eventkey : http://kh39.61why.com/app/index.php?i=2&c=entry&eid=194 ;
menuid : 410600728 ;
from : oKwkYw5HTagiq-psgJEdcchy6fCs ;
to : gh_6536061e4435 ;
time : 1488847305 ;
type : event ;

2017-03-07 08:41:45 params :
------------
Array:
rule : -2 ;
module :  ;
message : Array ;

2017-03-07 08:41:45 response :
------------

2017-03-07 09:11:43 trace :
------------
Array:
tousername : gh_6536061e4435 ;
fromusername : oKwkYw_EA3VpOigDUNydKbSRsLyY ;
createtime : 1488849103 ;
msgtype : event ;
event : VIEW ;
eventkey : http://kh39.61why.com/app/index.php?i=2&c=entry&eid=194 ;
menuid : 410600728 ;
from : oKwkYw_EA3VpOigDUNydKbSRsLyY ;
to : gh_6536061e4435 ;
time : 1488849103 ;
type : event ;

2017-03-07 09:11:43 params :
------------
Array:
rule : -2 ;
module :  ;
message : Array ;

2017-03-07 09:11:43 response :
------------

2017-03-07 09:29:53 trace :
------------
Array:
tousername : gh_6536061e4435 ;
fromusername : oKwkYw5aHcyjux9ql6D7O9WEBmx4 ;
createtime : 1488850192 ;
msgtype : event ;
event : VIEW ;
eventkey : http://kh39.61why.com/app/index.php?i=2&c=entry&eid=198 ;
menuid : 410600728 ;
from : oKwkYw5aHcyjux9ql6D7O9WEBmx4 ;
to : gh_6536061e4435 ;
time : 1488850192 ;
type : event ;

2017-03-07 09:29:53 params :
------------
Array:
rule : -2 ;
module :  ;
message : Array ;

2017-03-07 09:29:53 response :
------------

2017-03-07 09:35:41 trace :
------------
Array:
tousername : gh_6536061e4435 ;
fromusername : oKwkYw9A27iCE2wbx5IXncAJ21Sw ;
createtime : 1488850541 ;
msgtype : event ;
event : VIEW ;
eventkey : http://kh39.61why.com/app/index.php?i=2&c=entry&eid=198 ;
menuid : 410600728 ;
from : oKwkYw9A27iCE2wbx5IXncAJ21Sw ;
to : gh_6536061e4435 ;
time : 1488850541 ;
type : event ;

2017-03-07 09:35:41 params :
------------
Array:
rule : -2 ;
module :  ;
message : Array ;

2017-03-07 09:35:41 response :
------------

2017-03-07 09:35:46 trace :
------------
Array:
tousername : gh_6536061e4435 ;
fromusername : oKwkYw9A27iCE2wbx5IXncAJ21Sw ;
createtime : 1488850546 ;
msgtype : event ;
event : VIEW ;
eventkey : http://kh39.61why.com/app/index.php?i=2&c=entry&eid=198 ;
menuid : 410600728 ;
from : oKwkYw9A27iCE2wbx5IXncAJ21Sw ;
to : gh_6536061e4435 ;
time : 1488850546 ;
type : event ;

2017-03-07 09:35:46 params :
------------
Array:
rule : -2 ;
module :  ;
message : Array ;

2017-03-07 09:35:46 response :
------------

2017-03-07 09:35:49 trace :
------------
Array:
tousername : gh_6536061e4435 ;
fromusername : oKwkYw9A27iCE2wbx5IXncAJ21Sw ;
createtime : 1488850549 ;
msgtype : event ;
event : VIEW ;
eventkey : http://kh39.61why.com/app/index.php?i=2&c=entry&eid=194 ;
menuid : 410600728 ;
from : oKwkYw9A27iCE2wbx5IXncAJ21Sw ;
to : gh_6536061e4435 ;
time : 1488850549 ;
type : event ;

2017-03-07 09:35:49 params :
------------
Array:
rule : -2 ;
module :  ;
message : Array ;

2017-03-07 09:35:49 response :
------------

2017-03-07 09:45:35 trace :
------------
Array:
tousername : gh_6536061e4435 ;
fromusername : oKwkYw9A27iCE2wbx5IXncAJ21Sw ;
createtime : 1488851134 ;
msgtype : event ;
event : VIEW ;
eventkey : http://kh39.61why.com/app/index.php?i=2&c=entry&eid=194 ;
menuid : 410600728 ;
from : oKwkYw9A27iCE2wbx5IXncAJ21Sw ;
to : gh_6536061e4435 ;
time : 1488851134 ;
type : event ;

2017-03-07 09:45:35 params :
------------
Array:
rule : -2 ;
module :  ;
message : Array ;

2017-03-07 09:45:35 response :
------------

2017-03-07 09:46:08 trace :
------------
Array:
tousername : gh_6536061e4435 ;
fromusername : oKwkYw9A27iCE2wbx5IXncAJ21Sw ;
createtime : 1488851168 ;
msgtype : event ;
event : VIEW ;
eventkey : http://kh39.61why.com/app/index.php?i=2&c=entry&eid=194 ;
menuid : 410600728 ;
from : oKwkYw9A27iCE2wbx5IXncAJ21Sw ;
to : gh_6536061e4435 ;
time : 1488851168 ;
type : event ;

2017-03-07 09:46:08 params :
------------
Array:
rule : -2 ;
module :  ;
message : Array ;

2017-03-07 09:46:08 response :
------------

2017-03-07 09:56:13 trace :
------------
Array:
tousername : gh_6536061e4435 ;
fromusername : oKwkYw_czhGJMhzRk-PvvkgFyKMI ;
createtime : 1488851773 ;
msgtype : event ;
event : VIEW ;
eventkey : http://kh39.61why.com/app/index.php?i=2&c=entry&eid=194 ;
menuid : 410600728 ;
from : oKwkYw_czhGJMhzRk-PvvkgFyKMI ;
to : gh_6536061e4435 ;
time : 1488851773 ;
type : event ;

2017-03-07 09:56:13 params :
------------
Array:
rule : -2 ;
module :  ;
message : Array ;

2017-03-07 09:56:13 response :
------------

2017-03-07 10:05:26 trace :
------------
Array:
tousername : gh_6536061e4435 ;
fromusername : oKwkYw_n_1pc7ZEhjwJWuUjVushs ;
createtime : 1488852326 ;
msgtype : event ;
event : VIEW ;
eventkey : http://kh39.61why.com/app/index.php?i=2&c=entry&eid=194 ;
menuid : 410600728 ;
from : oKwkYw_n_1pc7ZEhjwJWuUjVushs ;
to : gh_6536061e4435 ;
time : 1488852326 ;
type : event ;

2017-03-07 10:05:26 params :
------------
Array:
rule : -2 ;
module :  ;
message : Array ;

2017-03-07 10:05:26 response :
------------

2017-03-07 10:06:03 trace :
------------
Array:
tousername : gh_6536061e4435 ;
fromusername : oKwkYw_czhGJMhzRk-PvvkgFyKMI ;
createtime : 1488852363 ;
msgtype : event ;
event : VIEW ;
eventkey : http://kh39.61why.com/app/index.php?i=2&c=entry&eid=194 ;
menuid : 410600728 ;
from : oKwkYw_czhGJMhzRk-PvvkgFyKMI ;
to : gh_6536061e4435 ;
time : 1488852363 ;
type : event ;

2017-03-07 10:06:03 params :
------------
Array:
rule : -2 ;
module :  ;
message : Array ;

2017-03-07 10:06:03 response :
------------

2017-03-07 10:07:10 trace :
------------
Array:
tousername : gh_6536061e4435 ;
fromusername : oKwkYw_n_1pc7ZEhjwJWuUjVushs ;
createtime : 1488852430 ;
msgtype : event ;
event : VIEW ;
eventkey : http://kh39.61why.com/app/index.php?i=2&c=entry&eid=198 ;
menuid : 410600728 ;
from : oKwkYw_n_1pc7ZEhjwJWuUjVushs ;
to : gh_6536061e4435 ;
time : 1488852430 ;
type : event ;

2017-03-07 10:07:10 params :
------------
Array:
rule : -2 ;
module :  ;
message : Array ;

2017-03-07 10:07:10 response :
------------

2017-03-07 10:37:19 trace :
------------
Array:
tousername : gh_6536061e4435 ;
fromusername : oKwkYw9oQd9oP62y3bjX2qdY9Zbs ;
createtime : 1488854239 ;
msgtype : event ;
event : VIEW ;
eventkey : http://kh39.61why.com/app/index.php?i=2&c=entry&eid=194 ;
menuid : 410600728 ;
from : oKwkYw9oQd9oP62y3bjX2qdY9Zbs ;
to : gh_6536061e4435 ;
time : 1488854239 ;
type : event ;

2017-03-07 10:37:19 params :
------------
Array:
rule : -2 ;
module :  ;
message : Array ;

2017-03-07 10:37:19 response :
------------

2017-03-07 10:39:46 trace :
------------
Array:
tousername : gh_6536061e4435 ;
fromusername : oKwkYw5S8zWw6zCS6dGdWuuV95fM ;
createtime : 1488854386 ;
msgtype : event ;
event : VIEW ;
eventkey : http://kh39.61why.com/app/index.php?i=2&c=entry&eid=198 ;
menuid : 410600728 ;
from : oKwkYw5S8zWw6zCS6dGdWuuV95fM ;
to : gh_6536061e4435 ;
time : 1488854386 ;
type : event ;

2017-03-07 10:39:46 params :
------------
Array:
rule : -2 ;
module :  ;
message : Array ;

2017-03-07 10:39:46 response :
------------

2017-03-07 11:01:26 trace :
------------
Array:
tousername : gh_0ad70057b777 ;
fromusername : o26ibjlZePiYI98m_kC21LYCDTrU ;
createtime : 1488855686 ;
msgtype : event ;
event : VIEW ;
eventkey : http://kh39.61why.com/app/index.php?i=2&c=entry&eid=194 ;
menuid : 411738532 ;
from : o26ibjlZePiYI98m_kC21LYCDTrU ;
to : gh_0ad70057b777 ;
time : 1488855686 ;
type : event ;

2017-03-07 11:01:26 params :
------------
Array:
rule : -2 ;
module :  ;
message : Array ;

2017-03-07 11:01:26 response :
------------

2017-03-07 11:02:23 trace :
------------
Array:
tousername : gh_0ad70057b777 ;
fromusername : o26ibjlZePiYI98m_kC21LYCDTrU ;
createtime : 1488855743 ;
msgtype : event ;
event : VIEW ;
eventkey : http://kh39.61why.com/app/index.php?i=2&c=entry&eid=194 ;
menuid : 411738532 ;
from : o26ibjlZePiYI98m_kC21LYCDTrU ;
to : gh_0ad70057b777 ;
time : 1488855743 ;
type : event ;

2017-03-07 11:02:23 params :
------------
Array:
rule : -2 ;
module :  ;
message : Array ;

2017-03-07 11:02:23 response :
------------

2017-03-07 11:02:45 trace :
------------
Array:
tousername : gh_0ad70057b777 ;
fromusername : o26ibju500i6koVn5cR-kgpjuUDI ;
createtime : 1488855765 ;
msgtype : event ;
event : subscribe ;
eventkey : Array ;
from : o26ibju500i6koVn5cR-kgpjuUDI ;
to : gh_0ad70057b777 ;
time : 1488855765 ;
type : subscribe ;

2017-03-07 11:02:45 params :
------------
Array:
rule : -2 ;
module :  ;
message : Array ;

2017-03-07 11:02:45 response :
------------

2017-03-07 11:02:47 trace :
------------
Array:
tousername : gh_0ad70057b777 ;
fromusername : o26ibju500i6koVn5cR-kgpjuUDI ;
createtime : 1488855766 ;
msgtype : event ;
event : VIEW ;
eventkey : http://kh39.61why.com/app/index.php?i=2&c=entry&eid=194 ;
menuid : 411738532 ;
from : o26ibju500i6koVn5cR-kgpjuUDI ;
to : gh_0ad70057b777 ;
time : 1488855766 ;
type : event ;

2017-03-07 11:02:47 params :
------------
Array:
rule : -2 ;
module :  ;
message : Array ;

2017-03-07 11:02:47 response :
------------

2017-03-07 11:15:38 trace :
------------
Array:
tousername : gh_6536061e4435 ;
fromusername : oKwkYw9A27iCE2wbx5IXncAJ21Sw ;
createtime : 1488856538 ;
msgtype : event ;
event : VIEW ;
eventkey : http://kh39.61why.com/app/index.php?i=2&c=entry&eid=194 ;
menuid : 410600728 ;
from : oKwkYw9A27iCE2wbx5IXncAJ21Sw ;
to : gh_6536061e4435 ;
time : 1488856538 ;
type : event ;

2017-03-07 11:15:38 params :
------------
Array:
rule : -2 ;
module :  ;
message : Array ;

2017-03-07 11:15:38 response :
------------

2017-03-07 11:15:49 trace :
------------
Array:
tousername : gh_6536061e4435 ;
fromusername : oKwkYw9A27iCE2wbx5IXncAJ21Sw ;
createtime : 1488856549 ;
msgtype : event ;
event : VIEW ;
eventkey : http://kh39.61why.com/app/index.php?i=2&c=entry&eid=198 ;
menuid : 410600728 ;
from : oKwkYw9A27iCE2wbx5IXncAJ21Sw ;
to : gh_6536061e4435 ;
time : 1488856549 ;
type : event ;

2017-03-07 11:15:49 params :
------------
Array:
rule : -2 ;
module :  ;
message : Array ;

2017-03-07 11:15:49 response :
------------

2017-03-07 11:16:06 trace :
------------
Array:
tousername : gh_6536061e4435 ;
fromusername : oKwkYw9A27iCE2wbx5IXncAJ21Sw ;
createtime : 1488856566 ;
msgtype : event ;
event : VIEW ;
eventkey : http://kh39.61why.com/app/index.php?i=2&c=entry&eid=198 ;
menuid : 410600728 ;
from : oKwkYw9A27iCE2wbx5IXncAJ21Sw ;
to : gh_6536061e4435 ;
time : 1488856566 ;
type : event ;

2017-03-07 11:16:06 params :
------------
Array:
rule : -2 ;
module :  ;
message : Array ;

2017-03-07 11:16:06 response :
------------

2017-03-07 11:17:35 trace :
------------
Array:
tousername : gh_6536061e4435 ;
fromusername : oKwkYw9A27iCE2wbx5IXncAJ21Sw ;
createtime : 1488856655 ;
msgtype : event ;
event : VIEW ;
eventkey : http://kh39.61why.com/app/index.php?i=2&c=entry&eid=198 ;
menuid : 410600728 ;
from : oKwkYw9A27iCE2wbx5IXncAJ21Sw ;
to : gh_6536061e4435 ;
time : 1488856655 ;
type : event ;

2017-03-07 11:17:35 params :
------------
Array:
rule : -2 ;
module :  ;
message : Array ;

2017-03-07 11:17:35 response :
------------

2017-03-07 11:17:51 trace :
------------
Array:
tousername : gh_6536061e4435 ;
fromusername : oKwkYw9A27iCE2wbx5IXncAJ21Sw ;
createtime : 1488856671 ;
msgtype : event ;
event : VIEW ;
eventkey : http://kh39.61why.com/app/index.php?i=2&c=entry&eid=198 ;
menuid : 410600728 ;
from : oKwkYw9A27iCE2wbx5IXncAJ21Sw ;
to : gh_6536061e4435 ;
time : 1488856671 ;
type : event ;

2017-03-07 11:17:51 params :
------------
Array:
rule : -2 ;
module :  ;
message : Array ;

2017-03-07 11:17:51 response :
------------

2017-03-07 11:18:32 trace :
------------
Array:
tousername : gh_6536061e4435 ;
fromusername : oKwkYw9A27iCE2wbx5IXncAJ21Sw ;
createtime : 1488856712 ;
msgtype : event ;
event : VIEW ;
eventkey : http://kh39.61why.com/app/index.php?i=2&c=entry&eid=198 ;
menuid : 410600728 ;
from : oKwkYw9A27iCE2wbx5IXncAJ21Sw ;
to : gh_6536061e4435 ;
time : 1488856712 ;
type : event ;

2017-03-07 11:18:32 params :
------------
Array:
rule : -2 ;
module :  ;
message : Array ;

2017-03-07 11:18:32 response :
------------

2017-03-07 11:18:43 trace :
------------
Array:
tousername : gh_6536061e4435 ;
fromusername : oKwkYw9A27iCE2wbx5IXncAJ21Sw ;
createtime : 1488856723 ;
msgtype : event ;
event : VIEW ;
eventkey : http://kh39.61why.com/app/index.php?i=2&c=entry&eid=198 ;
menuid : 410600728 ;
from : oKwkYw9A27iCE2wbx5IXncAJ21Sw ;
to : gh_6536061e4435 ;
time : 1488856723 ;
type : event ;

2017-03-07 11:18:43 params :
------------
Array:
rule : -2 ;
module :  ;
message : Array ;

2017-03-07 11:18:43 response :
------------

2017-03-07 11:20:17 trace :
------------
Array:
tousername : gh_6536061e4435 ;
fromusername : oKwkYw9A27iCE2wbx5IXncAJ21Sw ;
createtime : 1488856817 ;
msgtype : event ;
event : VIEW ;
eventkey : http://kh39.61why.com/app/index.php?i=2&c=entry&eid=198 ;
menuid : 410600728 ;
from : oKwkYw9A27iCE2wbx5IXncAJ21Sw ;
to : gh_6536061e4435 ;
time : 1488856817 ;
type : event ;

2017-03-07 11:20:17 params :
------------
Array:
rule : -2 ;
module :  ;
message : Array ;

2017-03-07 11:20:17 response :
------------

2017-03-07 11:22:43 trace :
------------
Array:
tousername : gh_6536061e4435 ;
fromusername : oKwkYw9A27iCE2wbx5IXncAJ21Sw ;
createtime : 1488856963 ;
msgtype : event ;
event : VIEW ;
eventkey : http://kh39.61why.com/app/index.php?i=2&c=entry&eid=194 ;
menuid : 410600728 ;
from : oKwkYw9A27iCE2wbx5IXncAJ21Sw ;
to : gh_6536061e4435 ;
time : 1488856963 ;
type : event ;

2017-03-07 11:22:43 params :
------------
Array:
rule : -2 ;
module :  ;
message : Array ;

2017-03-07 11:22:43 response :
------------

2017-03-07 11:25:54 trace :
------------
Array:
tousername : gh_6536061e4435 ;
fromusername : oKwkYw9A27iCE2wbx5IXncAJ21Sw ;
createtime : 1488857154 ;
msgtype : event ;
event : VIEW ;
eventkey : http://kh39.61why.com/app/index.php?i=2&c=entry&eid=198 ;
menuid : 410600728 ;
from : oKwkYw9A27iCE2wbx5IXncAJ21Sw ;
to : gh_6536061e4435 ;
time : 1488857154 ;
type : event ;

2017-03-07 11:25:54 params :
------------
Array:
rule : -2 ;
module :  ;
message : Array ;

2017-03-07 11:25:54 response :
------------

2017-03-07 11:25:56 trace :
------------
Array:
tousername : gh_6536061e4435 ;
fromusername : oKwkYw9A27iCE2wbx5IXncAJ21Sw ;
createtime : 1488857156 ;
msgtype : event ;
event : VIEW ;
eventkey : http://kh39.61why.com/app/index.php?i=2&c=entry&eid=194 ;
menuid : 410600728 ;
from : oKwkYw9A27iCE2wbx5IXncAJ21Sw ;
to : gh_6536061e4435 ;
time : 1488857156 ;
type : event ;

2017-03-07 11:25:56 params :
------------
Array:
rule : -2 ;
module :  ;
message : Array ;

2017-03-07 11:25:56 response :
------------

2017-03-07 11:27:38 trace :
------------
Array:
tousername : gh_6536061e4435 ;
fromusername : oKwkYw9A27iCE2wbx5IXncAJ21Sw ;
createtime : 1488857258 ;
msgtype : event ;
event : VIEW ;
eventkey : http://kh39.61why.com/app/index.php?i=2&c=entry&eid=194 ;
menuid : 410600728 ;
from : oKwkYw9A27iCE2wbx5IXncAJ21Sw ;
to : gh_6536061e4435 ;
time : 1488857258 ;
type : event ;

2017-03-07 11:27:38 params :
------------
Array:
rule : -2 ;
module :  ;
message : Array ;

2017-03-07 11:27:38 response :
------------

2017-03-07 11:30:09 trace :
------------
Array:
tousername : gh_6536061e4435 ;
fromusername : oKwkYw9A27iCE2wbx5IXncAJ21Sw ;
createtime : 1488857409 ;
msgtype : event ;
event : VIEW ;
eventkey : http://kh39.61why.com/app/index.php?i=2&c=entry&eid=198 ;
menuid : 410600728 ;
from : oKwkYw9A27iCE2wbx5IXncAJ21Sw ;
to : gh_6536061e4435 ;
time : 1488857409 ;
type : event ;

2017-03-07 11:30:09 params :
------------
Array:
rule : -2 ;
module :  ;
message : Array ;

2017-03-07 11:30:09 response :
------------

2017-03-07 11:34:45 trace :
------------
Array:
tousername : gh_6536061e4435 ;
fromusername : oKwkYw5Hv5-mrEGrZ572fv2JrB_s ;
createtime : 1488857685 ;
msgtype : event ;
event : VIEW ;
eventkey : http://kh39.61why.com/app/index.php?i=2&c=entry&eid=198 ;
menuid : 410600728 ;
from : oKwkYw5Hv5-mrEGrZ572fv2JrB_s ;
to : gh_6536061e4435 ;
time : 1488857685 ;
type : event ;

2017-03-07 11:34:45 params :
------------
Array:
rule : -2 ;
module :  ;
message : Array ;

2017-03-07 11:34:45 response :
------------

2017-03-07 11:37:03 trace :
------------
Array:
tousername : gh_6536061e4435 ;
fromusername : oKwkYw9oQd9oP62y3bjX2qdY9Zbs ;
createtime : 1488857823 ;
msgtype : event ;
event : VIEW ;
eventkey : http://kh39.61why.com/app/index.php?i=2&c=entry&eid=198 ;
menuid : 410600728 ;
from : oKwkYw9oQd9oP62y3bjX2qdY9Zbs ;
to : gh_6536061e4435 ;
time : 1488857823 ;
type : event ;

2017-03-07 11:37:03 params :
------------
Array:
rule : -2 ;
module :  ;
message : Array ;

2017-03-07 11:37:03 response :
------------

2017-03-07 11:37:46 trace :
------------
Array:
tousername : gh_6536061e4435 ;
fromusername : oKwkYw9A27iCE2wbx5IXncAJ21Sw ;
createtime : 1488857866 ;
msgtype : event ;
event : VIEW ;
eventkey : http://kh39.61why.com/app/index.php?i=2&c=entry&eid=198 ;
menuid : 410600728 ;
from : oKwkYw9A27iCE2wbx5IXncAJ21Sw ;
to : gh_6536061e4435 ;
time : 1488857866 ;
type : event ;

2017-03-07 11:37:46 params :
------------
Array:
rule : -2 ;
module :  ;
message : Array ;

2017-03-07 11:37:46 response :
------------

2017-03-07 11:38:54 trace :
------------
Array:
tousername : gh_6536061e4435 ;
fromusername : oKwkYw03W1Pov3xT2Hvnj_ODN-Ug ;
createtime : 1488857934 ;
msgtype : event ;
event : VIEW ;
eventkey : http://kh39.61why.com/app/index.php?i=2&c=entry&eid=198 ;
menuid : 410600728 ;
from : oKwkYw03W1Pov3xT2Hvnj_ODN-Ug ;
to : gh_6536061e4435 ;
time : 1488857934 ;
type : event ;

2017-03-07 11:38:54 params :
------------
Array:
rule : -2 ;
module :  ;
message : Array ;

2017-03-07 11:38:54 response :
------------

2017-03-07 11:39:32 trace :
------------
Array:
tousername : gh_6536061e4435 ;
fromusername : oKwkYwywEpFgDWbwv_V6u_yoYYIo ;
createtime : 1488857972 ;
msgtype : event ;
event : VIEW ;
eventkey : http://kh39.61why.com/app/index.php?i=2&c=entry&eid=198 ;
menuid : 410600728 ;
from : oKwkYwywEpFgDWbwv_V6u_yoYYIo ;
to : gh_6536061e4435 ;
time : 1488857972 ;
type : event ;

2017-03-07 11:39:32 params :
------------
Array:
rule : -2 ;
module :  ;
message : Array ;

2017-03-07 11:39:32 response :
------------

2017-03-07 11:40:34 trace :
------------
Array:
tousername : gh_6536061e4435 ;
fromusername : oKwkYwywEpFgDWbwv_V6u_yoYYIo ;
createtime : 1488858034 ;
msgtype : event ;
event : VIEW ;
eventkey : http://kh39.61why.com/app/index.php?i=2&c=entry&eid=198 ;
menuid : 410600728 ;
from : oKwkYwywEpFgDWbwv_V6u_yoYYIo ;
to : gh_6536061e4435 ;
time : 1488858034 ;
type : event ;

2017-03-07 11:40:34 params :
------------
Array:
rule : -2 ;
module :  ;
message : Array ;

2017-03-07 11:40:34 response :
------------

2017-03-07 11:45:13 trace :
------------
Array:
tousername : gh_6536061e4435 ;
fromusername : oKwkYw9A27iCE2wbx5IXncAJ21Sw ;
createtime : 1488858312 ;
msgtype : event ;
event : VIEW ;
eventkey : http://kh39.61why.com/app/index.php?i=2&c=entry&eid=198 ;
menuid : 410600728 ;
from : oKwkYw9A27iCE2wbx5IXncAJ21Sw ;
to : gh_6536061e4435 ;
time : 1488858312 ;
type : event ;

2017-03-07 11:45:13 params :
------------
Array:
rule : -2 ;
module :  ;
message : Array ;

2017-03-07 11:45:13 response :
------------

2017-03-07 11:53:09 trace :
------------
Array:
tousername : gh_6536061e4435 ;
fromusername : oKwkYw3l0eGz3H7e62pX1IDFxwCY ;
createtime : 1488858789 ;
msgtype : event ;
event : VIEW ;
eventkey : http://kh39.61why.com/app/index.php?i=2&c=entry&eid=194 ;
menuid : 410600728 ;
from : oKwkYw3l0eGz3H7e62pX1IDFxwCY ;
to : gh_6536061e4435 ;
time : 1488858789 ;
type : event ;

2017-03-07 11:53:09 params :
------------
Array:
rule : -2 ;
module :  ;
message : Array ;

2017-03-07 11:53:09 response :
------------

2017-03-07 12:01:09 trace :
------------
Array:
tousername : gh_6536061e4435 ;
fromusername : oKwkYw3l0eGz3H7e62pX1IDFxwCY ;
createtime : 1488859269 ;
msgtype : event ;
event : CLICK ;
eventkey : 二维码 ;
from : oKwkYw3l0eGz3H7e62pX1IDFxwCY ;
to : gh_6536061e4435 ;
time : 1488859269 ;
type : event ;

2017-03-07 12:12:06 trace :
------------
Array:
tousername : gh_6536061e4435 ;
fromusername : oKwkYw9A27iCE2wbx5IXncAJ21Sw ;
createtime : 1488859926 ;
msgtype : event ;
event : VIEW ;
eventkey : http://kh39.61why.com/app/index.php?i=2&c=entry&eid=198 ;
menuid : 410600728 ;
from : oKwkYw9A27iCE2wbx5IXncAJ21Sw ;
to : gh_6536061e4435 ;
time : 1488859926 ;
type : event ;

2017-03-07 12:12:06 params :
------------
Array:
rule : -2 ;
module :  ;
message : Array ;

2017-03-07 12:12:06 response :
------------

2017-03-07 12:13:24 trace :
------------
Array:
tousername : gh_6536061e4435 ;
fromusername : oKwkYw3l0eGz3H7e62pX1IDFxwCY ;
createtime : 1488860003 ;
msgtype : event ;
event : VIEW ;
eventkey : http://kh39.61why.com/app/index.php?i=2&c=entry&eid=194 ;
menuid : 410600728 ;
from : oKwkYw3l0eGz3H7e62pX1IDFxwCY ;
to : gh_6536061e4435 ;
time : 1488860003 ;
type : event ;

2017-03-07 12:13:24 params :
------------
Array:
rule : -2 ;
module :  ;
message : Array ;

2017-03-07 12:13:24 response :
------------

2017-03-07 12:19:44 trace :
------------
Array:
tousername : gh_6536061e4435 ;
fromusername : oKwkYw9A27iCE2wbx5IXncAJ21Sw ;
createtime : 1488860384 ;
msgtype : event ;
event : VIEW ;
eventkey : http://kh39.61why.com/app/index.php?i=2&c=entry&eid=198 ;
menuid : 410600728 ;
from : oKwkYw9A27iCE2wbx5IXncAJ21Sw ;
to : gh_6536061e4435 ;
time : 1488860384 ;
type : event ;

2017-03-07 12:19:44 params :
------------
Array:
rule : -2 ;
module :  ;
message : Array ;

2017-03-07 12:19:44 response :
------------

2017-03-07 12:29:46 trace :
------------
Array:
tousername : gh_6536061e4435 ;
fromusername : oKwkYw9oQd9oP62y3bjX2qdY9Zbs ;
createtime : 1488860985 ;
msgtype : event ;
event : VIEW ;
eventkey : http://kh39.61why.com/app/index.php?i=2&c=entry&eid=194 ;
menuid : 410600728 ;
from : oKwkYw9oQd9oP62y3bjX2qdY9Zbs ;
to : gh_6536061e4435 ;
time : 1488860985 ;
type : event ;

2017-03-07 12:29:46 params :
------------
Array:
rule : -2 ;
module :  ;
message : Array ;

2017-03-07 12:29:46 response :
------------

2017-03-07 13:08:35 trace :
------------
Array:
tousername : gh_6536061e4435 ;
fromusername : oKwkYw9A27iCE2wbx5IXncAJ21Sw ;
createtime : 1488863315 ;
msgtype : event ;
event : VIEW ;
eventkey : http://kh39.61why.com/app/index.php?i=2&c=entry&eid=198 ;
menuid : 410600728 ;
from : oKwkYw9A27iCE2wbx5IXncAJ21Sw ;
to : gh_6536061e4435 ;
time : 1488863315 ;
type : event ;

2017-03-07 13:08:35 params :
------------
Array:
rule : -2 ;
module :  ;
message : Array ;

2017-03-07 13:08:35 response :
------------

2017-03-07 13:09:40 trace :
------------
Array:
tousername : gh_6536061e4435 ;
fromusername : oKwkYw9A27iCE2wbx5IXncAJ21Sw ;
createtime : 1488863379 ;
msgtype : event ;
event : VIEW ;
eventkey : http://kh39.61why.com/app/index.php?i=2&c=entry&eid=198 ;
menuid : 410600728 ;
from : oKwkYw9A27iCE2wbx5IXncAJ21Sw ;
to : gh_6536061e4435 ;
time : 1488863379 ;
type : event ;

2017-03-07 13:09:40 params :
------------
Array:
rule : -2 ;
module :  ;
message : Array ;

2017-03-07 13:09:40 response :
------------

2017-03-07 13:26:28 trace :
------------
Array:
tousername : gh_6536061e4435 ;
fromusername : oKwkYw5Dp4tlKSSiryNzRnBoKJ-A ;
createtime : 1488864387 ;
msgtype : event ;
event : VIEW ;
eventkey : http://kh39.61why.com/app/index.php?i=2&c=entry&eid=194 ;
menuid : 410600728 ;
from : oKwkYw5Dp4tlKSSiryNzRnBoKJ-A ;
to : gh_6536061e4435 ;
time : 1488864387 ;
type : event ;

2017-03-07 13:26:28 params :
------------
Array:
rule : -2 ;
module :  ;
message : Array ;

2017-03-07 13:26:28 response :
------------

2017-03-07 14:24:15 trace :
------------
Array:
tousername : gh_6536061e4435 ;
fromusername : oKwkYw1hdHu_NiSw4Dn_tLeEcWuc ;
createtime : 1488867855 ;
msgtype : event ;
event : VIEW ;
eventkey : http://kh39.61why.com/app/index.php?i=2&c=entry&eid=198 ;
menuid : 410600728 ;
from : oKwkYw1hdHu_NiSw4Dn_tLeEcWuc ;
to : gh_6536061e4435 ;
time : 1488867855 ;
type : event ;

2017-03-07 14:24:15 params :
------------
Array:
rule : -2 ;
module :  ;
message : Array ;

2017-03-07 14:24:15 response :
------------

2017-03-07 14:24:35 trace :
------------
Array:
tousername : gh_6536061e4435 ;
fromusername : oKwkYw5YZ18mPZ1C5KYmx2_Sa294 ;
createtime : 1488867875 ;
msgtype : event ;
event : subscribe ;
eventkey : qrscene_21e9a3548a908ff6b3b3ab4ec321b02d ;
ticket : gQFk8jwAAAAAAAAAAS5odHRwOi8vd2VpeGluLnFxLmNvbS9xLzAyQk5iYTEtSDljbzMxMDAwMGcwN0sAAgTooqJYAwQAAAAA ;
from : oKwkYw5YZ18mPZ1C5KYmx2_Sa294 ;
to : gh_6536061e4435 ;
time : 1488867875 ;
type : subscribe ;
scene : 21e9a3548a908ff6b3b3ab4ec321b02d ;

2017-03-07 14:48:20 trace :
------------
Array:
tousername : gh_6536061e4435 ;
fromusername : oKwkYw8e33SsKCgQqmRH91AsxTTA ;
createtime : 1488869300 ;
msgtype : event ;
event : VIEW ;
eventkey : http://kh39.61why.com/app/index.php?i=2&c=entry&eid=198 ;
menuid : 410600728 ;
from : oKwkYw8e33SsKCgQqmRH91AsxTTA ;
to : gh_6536061e4435 ;
time : 1488869300 ;
type : event ;

2017-03-07 14:48:20 params :
------------
Array:
rule : -2 ;
module :  ;
message : Array ;

2017-03-07 14:48:20 response :
------------

2017-03-07 15:18:09 trace :
------------
Array:
tousername : gh_6536061e4435 ;
fromusername : oKwkYw_EA3VpOigDUNydKbSRsLyY ;
createtime : 1488871089 ;
msgtype : event ;
event : VIEW ;
eventkey : http://kh39.61why.com/app/index.php?i=2&c=entry&eid=194 ;
menuid : 410600728 ;
from : oKwkYw_EA3VpOigDUNydKbSRsLyY ;
to : gh_6536061e4435 ;
time : 1488871089 ;
type : event ;

2017-03-07 15:18:09 params :
------------
Array:
rule : -2 ;
module :  ;
message : Array ;

2017-03-07 15:18:09 response :
------------

2017-03-07 15:27:18 trace :
------------
Array:
tousername : gh_6536061e4435 ;
fromusername : oKwkYw_EA3VpOigDUNydKbSRsLyY ;
createtime : 1488871637 ;
msgtype : event ;
event : VIEW ;
eventkey : http://kh39.61why.com/app/index.php?i=2&c=entry&eid=198 ;
menuid : 410600728 ;
from : oKwkYw_EA3VpOigDUNydKbSRsLyY ;
to : gh_6536061e4435 ;
time : 1488871637 ;
type : event ;

2017-03-07 15:27:18 params :
------------
Array:
rule : -2 ;
module :  ;
message : Array ;

2017-03-07 15:27:18 response :
------------

2017-03-07 15:36:22 trace :
------------
Array:
tousername : gh_6536061e4435 ;
fromusername : oKwkYwwXdWLV8859qCR__3G3Y3zk ;
createtime : 1488872182 ;
msgtype : event ;
event : subscribe ;
eventkey : qrscene_21e9a3548a908ff6b3b3ab4ec321b02d ;
ticket : gQFk8jwAAAAAAAAAAS5odHRwOi8vd2VpeGluLnFxLmNvbS9xLzAyQk5iYTEtSDljbzMxMDAwMGcwN0sAAgTooqJYAwQAAAAA ;
from : oKwkYwwXdWLV8859qCR__3G3Y3zk ;
to : gh_6536061e4435 ;
time : 1488872182 ;
type : subscribe ;
scene : 21e9a3548a908ff6b3b3ab4ec321b02d ;

2017-03-07 15:43:06 trace :
------------
Array:
tousername : gh_6536061e4435 ;
fromusername : oKwkYwwKa_aL23Yf3Ab-k4S4pGHU ;
createtime : 1488872585 ;
msgtype : event ;
event : subscribe ;
eventkey : Array ;
from : oKwkYwwKa_aL23Yf3Ab-k4S4pGHU ;
to : gh_6536061e4435 ;
time : 1488872585 ;
type : subscribe ;

2017-03-07 15:43:06 params :
------------
Array:
rule : -2 ;
module :  ;
message : Array ;

2017-03-07 15:43:06 response :
------------

2017-03-07 15:43:10 trace :
------------
Array:
tousername : gh_6536061e4435 ;
fromusername : oKwkYwwKa_aL23Yf3Ab-k4S4pGHU ;
createtime : 1488872589 ;
msgtype : event ;
event : VIEW ;
eventkey : http://kh39.61why.com/app/index.php?i=2&c=entry&eid=194 ;
menuid : 410600728 ;
from : oKwkYwwKa_aL23Yf3Ab-k4S4pGHU ;
to : gh_6536061e4435 ;
time : 1488872589 ;
type : event ;

2017-03-07 15:43:10 params :
------------
Array:
rule : -2 ;
module :  ;
message : Array ;

2017-03-07 15:43:10 response :
------------

2017-03-07 16:03:19 trace :
------------
Array:
tousername : gh_6536061e4435 ;
fromusername : oKwkYwyA8e8lnMGuMx9k-4BQiemU ;
createtime : 1488873799 ;
msgtype : event ;
event : VIEW ;
eventkey : http://kh39.61why.com/app/index.php?i=2&c=entry&eid=198 ;
menuid : 410600728 ;
from : oKwkYwyA8e8lnMGuMx9k-4BQiemU ;
to : gh_6536061e4435 ;
time : 1488873799 ;
type : event ;

2017-03-07 16:03:19 params :
------------
Array:
rule : -2 ;
module :  ;
message : Array ;

2017-03-07 16:03:19 response :
------------

2017-03-07 16:03:25 trace :
------------
Array:
tousername : gh_6536061e4435 ;
fromusername : oKwkYw22rCbBSaALxIaH8w23nsLQ ;
createtime : 1488873805 ;
msgtype : event ;
event : VIEW ;
eventkey : http://kh39.61why.com/app/index.php?i=2&c=entry&eid=198 ;
menuid : 410600728 ;
from : oKwkYw22rCbBSaALxIaH8w23nsLQ ;
to : gh_6536061e4435 ;
time : 1488873805 ;
type : event ;

2017-03-07 16:03:25 params :
------------
Array:
rule : -2 ;
module :  ;
message : Array ;

2017-03-07 16:03:25 response :
------------

2017-03-07 16:03:25 trace :
------------
Array:
tousername : gh_6536061e4435 ;
fromusername : oKwkYw7K9xHIr91Csk-qENfcagnM ;
createtime : 1488873805 ;
msgtype : event ;
event : VIEW ;
eventkey : http://kh39.61why.com/app/index.php?i=2&c=entry&eid=198 ;
menuid : 410600728 ;
from : oKwkYw7K9xHIr91Csk-qENfcagnM ;
to : gh_6536061e4435 ;
time : 1488873805 ;
type : event ;

2017-03-07 16:03:25 params :
------------
Array:
rule : -2 ;
module :  ;
message : Array ;

2017-03-07 16:03:25 response :
------------

2017-03-07 16:03:49 trace :
------------
Array:
tousername : gh_6536061e4435 ;
fromusername : oKwkYw7K9xHIr91Csk-qENfcagnM ;
createtime : 1488873829 ;
msgtype : event ;
event : VIEW ;
eventkey : http://kh39.61why.com/app/index.php?i=2&c=entry&eid=198 ;
menuid : 410600728 ;
from : oKwkYw7K9xHIr91Csk-qENfcagnM ;
to : gh_6536061e4435 ;
time : 1488873829 ;
type : event ;

2017-03-07 16:03:49 params :
------------
Array:
rule : -2 ;
module :  ;
message : Array ;

2017-03-07 16:03:49 response :
------------

2017-03-07 16:03:57 trace :
------------
Array:
tousername : gh_6536061e4435 ;
fromusername : oKwkYwwYq4EhByxPFosA0Iv5zEok ;
createtime : 1488873837 ;
msgtype : event ;
event : VIEW ;
eventkey : http://kh39.61why.com/app/index.php?i=2&c=entry&eid=198 ;
menuid : 410600728 ;
from : oKwkYwwYq4EhByxPFosA0Iv5zEok ;
to : gh_6536061e4435 ;
time : 1488873837 ;
type : event ;

2017-03-07 16:03:57 params :
------------
Array:
rule : -2 ;
module :  ;
message : Array ;

2017-03-07 16:03:57 response :
------------

2017-03-07 16:04:06 trace :
------------
Array:
tousername : gh_6536061e4435 ;
fromusername : oKwkYwyA8e8lnMGuMx9k-4BQiemU ;
createtime : 1488873846 ;
msgtype : event ;
event : CLICK ;
eventkey : 二维码 ;
from : oKwkYwyA8e8lnMGuMx9k-4BQiemU ;
to : gh_6536061e4435 ;
time : 1488873846 ;
type : event ;

2017-03-07 16:04:20 trace :
------------
Array:
tousername : gh_6536061e4435 ;
fromusername : oKwkYw7Bkin9Cejh8Z-6PzFdyV4E ;
createtime : 1488873860 ;
msgtype : event ;
event : CLICK ;
eventkey : 二维码 ;
from : oKwkYw7Bkin9Cejh8Z-6PzFdyV4E ;
to : gh_6536061e4435 ;
time : 1488873860 ;
type : event ;

2017-03-07 16:04:26 trace :
------------
Array:
tousername : gh_6536061e4435 ;
fromusername : oKwkYw_czhGJMhzRk-PvvkgFyKMI ;
createtime : 1488873866 ;
msgtype : event ;
event : CLICK ;
eventkey : 二维码 ;
from : oKwkYw_czhGJMhzRk-PvvkgFyKMI ;
to : gh_6536061e4435 ;
time : 1488873866 ;
type : event ;

2017-03-07 16:04:56 trace :
------------
Array:
tousername : gh_6536061e4435 ;
fromusername : oKwkYw_czhGJMhzRk-PvvkgFyKMI ;
createtime : 1488873896 ;
msgtype : event ;
event : SCAN ;
eventkey : 636ca9d638263f0a265f937cc84b4e67 ;
ticket : gQER8DwAAAAAAAAAAS5odHRwOi8vd2VpeGluLnFxLmNvbS9xLzAydnd5QTBlSDljbzMxMDAwMDAwN3kAAgQvW3NYAwQAAAAA ;
from : oKwkYw_czhGJMhzRk-PvvkgFyKMI ;
to : gh_6536061e4435 ;
time : 1488873896 ;
type : subscribe ;
scene : 636ca9d638263f0a265f937cc84b4e67 ;

2017-03-07 16:05:03 trace :
------------
Array:
tousername : gh_6536061e4435 ;
fromusername : oKwkYwyA8e8lnMGuMx9k-4BQiemU ;
createtime : 1488873903 ;
msgtype : event ;
event : VIEW ;
eventkey : http://kh39.61why.com/app/index.php?i=2&c=entry&eid=198 ;
menuid : 410600728 ;
from : oKwkYwyA8e8lnMGuMx9k-4BQiemU ;
to : gh_6536061e4435 ;
time : 1488873903 ;
type : event ;

2017-03-07 16:05:03 params :
------------
Array:
rule : -2 ;
module :  ;
message : Array ;

2017-03-07 16:05:03 response :
------------

2017-03-07 16:05:04 trace :
------------
Array:
tousername : gh_6536061e4435 ;
fromusername : oKwkYwwYq4EhByxPFosA0Iv5zEok ;
createtime : 1488873904 ;
msgtype : event ;
event : VIEW ;
eventkey : http://kh39.61why.com/app/index.php?i=2&c=entry&eid=194 ;
menuid : 410600728 ;
from : oKwkYwwYq4EhByxPFosA0Iv5zEok ;
to : gh_6536061e4435 ;
time : 1488873904 ;
type : event ;

2017-03-07 16:05:04 params :
------------
Array:
rule : -2 ;
module :  ;
message : Array ;

2017-03-07 16:05:04 response :
------------

2017-03-07 16:05:10 trace :
------------
Array:
tousername : gh_6536061e4435 ;
fromusername : oKwkYw_czhGJMhzRk-PvvkgFyKMI ;
createtime : 1488873910 ;
msgtype : event ;
event : SCAN ;
eventkey : 636ca9d638263f0a265f937cc84b4e67 ;
ticket : gQER8DwAAAAAAAAAAS5odHRwOi8vd2VpeGluLnFxLmNvbS9xLzAydnd5QTBlSDljbzMxMDAwMDAwN3kAAgQvW3NYAwQAAAAA ;
from : oKwkYw_czhGJMhzRk-PvvkgFyKMI ;
to : gh_6536061e4435 ;
time : 1488873910 ;
type : subscribe ;
scene : 636ca9d638263f0a265f937cc84b4e67 ;

2017-03-07 16:05:14 trace :
------------
Array:
tousername : gh_6536061e4435 ;
fromusername : oKwkYwyA8e8lnMGuMx9k-4BQiemU ;
createtime : 1488873914 ;
msgtype : event ;
event : VIEW ;
eventkey : http://kh39.61why.com/app/index.php?i=2&c=entry&eid=198 ;
menuid : 410600728 ;
from : oKwkYwyA8e8lnMGuMx9k-4BQiemU ;
to : gh_6536061e4435 ;
time : 1488873914 ;
type : event ;

2017-03-07 16:05:14 params :
------------
Array:
rule : -2 ;
module :  ;
message : Array ;

2017-03-07 16:05:14 response :
------------

2017-03-07 16:05:36 trace :
------------
Array:
tousername : gh_6536061e4435 ;
fromusername : oKwkYw_czhGJMhzRk-PvvkgFyKMI ;
createtime : 1488873936 ;
msgtype : event ;
event : VIEW ;
eventkey : http://kh39.61why.com/app/index.php?i=2&c=entry&eid=194 ;
menuid : 410600728 ;
from : oKwkYw_czhGJMhzRk-PvvkgFyKMI ;
to : gh_6536061e4435 ;
time : 1488873936 ;
type : event ;

2017-03-07 16:05:36 params :
------------
Array:
rule : -2 ;
module :  ;
message : Array ;

2017-03-07 16:05:36 response :
------------

2017-03-07 16:06:51 trace :
------------
Array:
tousername : gh_6536061e4435 ;
fromusername : oKwkYwwXdWLV8859qCR__3G3Y3zk ;
createtime : 1488874010 ;
msgtype : event ;
event : VIEW ;
eventkey : http://kh39.61why.com/app/index.php?i=2&c=entry&eid=194 ;
menuid : 410600728 ;
from : oKwkYwwXdWLV8859qCR__3G3Y3zk ;
to : gh_6536061e4435 ;
time : 1488874010 ;
type : event ;

2017-03-07 16:06:51 params :
------------
Array:
rule : -2 ;
module :  ;
message : Array ;

2017-03-07 16:06:51 response :
------------

2017-03-07 16:23:34 trace :
------------
Array:
tousername : gh_6536061e4435 ;
fromusername : oKwkYwwKa_aL23Yf3Ab-k4S4pGHU ;
createtime : 1488875014 ;
msgtype : event ;
event : VIEW ;
eventkey : http://kh39.61why.com/app/index.php?i=2&c=entry&eid=194 ;
menuid : 410600728 ;
from : oKwkYwwKa_aL23Yf3Ab-k4S4pGHU ;
to : gh_6536061e4435 ;
time : 1488875014 ;
type : event ;

2017-03-07 16:23:34 params :
------------
Array:
rule : -2 ;
module :  ;
message : Array ;

2017-03-07 16:23:34 response :
------------

2017-03-07 16:23:42 trace :
------------
Array:
tousername : gh_6536061e4435 ;
fromusername : oKwkYwwKa_aL23Yf3Ab-k4S4pGHU ;
createtime : 1488875022 ;
msgtype : event ;
event : VIEW ;
eventkey : http://kh39.61why.com/app/index.php?i=2&c=entry&eid=194 ;
menuid : 410600728 ;
from : oKwkYwwKa_aL23Yf3Ab-k4S4pGHU ;
to : gh_6536061e4435 ;
time : 1488875022 ;
type : event ;

2017-03-07 16:23:42 params :
------------
Array:
rule : -2 ;
module :  ;
message : Array ;

2017-03-07 16:23:42 response :
------------

2017-03-07 16:26:32 trace :
------------
Array:
tousername : gh_6536061e4435 ;
fromusername : oKwkYwwKa_aL23Yf3Ab-k4S4pGHU ;
createtime : 1488875192 ;
msgtype : event ;
event : VIEW ;
eventkey : http://kh39.61why.com/app/index.php?i=2&c=entry&eid=194 ;
menuid : 410600728 ;
from : oKwkYwwKa_aL23Yf3Ab-k4S4pGHU ;
to : gh_6536061e4435 ;
time : 1488875192 ;
type : event ;

2017-03-07 16:26:32 params :
------------
Array:
rule : -2 ;
module :  ;
message : Array ;

2017-03-07 16:26:32 response :
------------

2017-03-07 16:29:10 trace :
------------
Array:
tousername : gh_6536061e4435 ;
fromusername : oKwkYwwKa_aL23Yf3Ab-k4S4pGHU ;
createtime : 1488875350 ;
msgtype : event ;
event : CLICK ;
eventkey : 二维码 ;
from : oKwkYwwKa_aL23Yf3Ab-k4S4pGHU ;
to : gh_6536061e4435 ;
time : 1488875350 ;
type : event ;

2017-03-07 16:29:17 trace :
------------
Array:
tousername : gh_6536061e4435 ;
fromusername : oKwkYwwKa_aL23Yf3Ab-k4S4pGHU ;
createtime : 1488875357 ;
msgtype : event ;
event : VIEW ;
eventkey : http://kh39.61why.com/app/index.php?i=2&c=entry&eid=194 ;
menuid : 410600728 ;
from : oKwkYwwKa_aL23Yf3Ab-k4S4pGHU ;
to : gh_6536061e4435 ;
time : 1488875357 ;
type : event ;

2017-03-07 16:29:17 params :
------------
Array:
rule : -2 ;
module :  ;
message : Array ;

2017-03-07 16:29:17 response :
------------

2017-03-07 16:29:27 trace :
------------
Array:
tousername : gh_6536061e4435 ;
fromusername : oKwkYwwKa_aL23Yf3Ab-k4S4pGHU ;
createtime : 1488875366 ;
msgtype : event ;
event : VIEW ;
eventkey : http://kh39.61why.com/app/index.php?i=2&c=entry&eid=194 ;
menuid : 410600728 ;
from : oKwkYwwKa_aL23Yf3Ab-k4S4pGHU ;
to : gh_6536061e4435 ;
time : 1488875366 ;
type : event ;

2017-03-07 16:29:27 params :
------------
Array:
rule : -2 ;
module :  ;
message : Array ;

2017-03-07 16:29:27 response :
------------

2017-03-07 16:53:47 trace :
------------
Array:
tousername : gh_6536061e4435 ;
fromusername : oKwkYwz9UZobw82xHrqPpBnrexx4 ;
createtime : 1488876827 ;
msgtype : event ;
event : subscribe ;
eventkey : Array ;
from : oKwkYwz9UZobw82xHrqPpBnrexx4 ;
to : gh_6536061e4435 ;
time : 1488876827 ;
type : subscribe ;

2017-03-07 16:53:47 params :
------------
Array:
rule : -2 ;
module :  ;
message : Array ;

2017-03-07 16:53:47 response :
------------

2017-03-07 16:53:54 trace :
------------
Array:
tousername : gh_6536061e4435 ;
fromusername : oKwkYwz9UZobw82xHrqPpBnrexx4 ;
createtime : 1488876834 ;
msgtype : event ;
event : VIEW ;
eventkey : http://kh39.61why.com/app/index.php?i=2&c=entry&eid=194 ;
menuid : 410600728 ;
from : oKwkYwz9UZobw82xHrqPpBnrexx4 ;
to : gh_6536061e4435 ;
time : 1488876834 ;
type : event ;

2017-03-07 16:53:54 params :
------------
Array:
rule : -2 ;
module :  ;
message : Array ;

2017-03-07 16:53:54 response :
------------

2017-03-07 16:57:44 trace :
------------
Array:
tousername : gh_6536061e4435 ;
fromusername : oKwkYw1wnbZ_B4bbD60B2F8-4dSg ;
createtime : 1488877064 ;
msgtype : event ;
event : subscribe ;
eventkey : Array ;
from : oKwkYw1wnbZ_B4bbD60B2F8-4dSg ;
to : gh_6536061e4435 ;
time : 1488877064 ;
type : subscribe ;

2017-03-07 16:57:44 params :
------------
Array:
rule : -2 ;
module :  ;
message : Array ;

2017-03-07 16:57:44 response :
------------

2017-03-07 16:57:46 trace :
------------
Array:
tousername : gh_6536061e4435 ;
fromusername : oKwkYw1wnbZ_B4bbD60B2F8-4dSg ;
createtime : 1488877066 ;
msgtype : event ;
event : VIEW ;
eventkey : http://kh39.61why.com/app/index.php?i=2&c=entry&eid=194 ;
menuid : 410600728 ;
from : oKwkYw1wnbZ_B4bbD60B2F8-4dSg ;
to : gh_6536061e4435 ;
time : 1488877066 ;
type : event ;

2017-03-07 16:57:46 params :
------------
Array:
rule : -2 ;
module :  ;
message : Array ;

2017-03-07 16:57:46 response :
------------

2017-03-07 17:01:23 trace :
------------
Array:
tousername : gh_6536061e4435 ;
fromusername : oKwkYw1wnbZ_B4bbD60B2F8-4dSg ;
createtime : 1488877283 ;
msgtype : event ;
event : VIEW ;
eventkey : http://kh39.61why.com/app/index.php?i=2&c=entry&eid=194 ;
menuid : 410600728 ;
from : oKwkYw1wnbZ_B4bbD60B2F8-4dSg ;
to : gh_6536061e4435 ;
time : 1488877283 ;
type : event ;

2017-03-07 17:01:23 params :
------------
Array:
rule : -2 ;
module :  ;
message : Array ;

2017-03-07 17:01:23 response :
------------

2017-03-07 17:06:41 trace :
------------
Array:
tousername : gh_6536061e4435 ;
fromusername : oKwkYw3l0eGz3H7e62pX1IDFxwCY ;
createtime : 1488877601 ;
msgtype : event ;
event : CLICK ;
eventkey : 二维码 ;
from : oKwkYw3l0eGz3H7e62pX1IDFxwCY ;
to : gh_6536061e4435 ;
time : 1488877601 ;
type : event ;

2017-03-07 17:07:41 trace :
------------
Array:
tousername : gh_6536061e4435 ;
fromusername : oKwkYwz9UZobw82xHrqPpBnrexx4 ;
createtime : 1488877661 ;
msgtype : event ;
event : SCAN ;
eventkey : f95f10c42c72e64f510cf695af230ced ;
ticket : gQGu8TwAAAAAAAAAAS5odHRwOi8vd2VpeGluLnFxLmNvbS9xLzAyOFRGUTFBSDljbzMxMDAwMDAwN3AAAgSOFG5YAwQAAAAA ;
from : oKwkYwz9UZobw82xHrqPpBnrexx4 ;
to : gh_6536061e4435 ;
time : 1488877661 ;
type : subscribe ;
scene : f95f10c42c72e64f510cf695af230ced ;

2017-03-07 17:07:47 trace :
------------
Array:
tousername : gh_6536061e4435 ;
fromusername : oKwkYw1wnbZ_B4bbD60B2F8-4dSg ;
createtime : 1488877667 ;
msgtype : event ;
event : SCAN ;
eventkey : f95f10c42c72e64f510cf695af230ced ;
ticket : gQGu8TwAAAAAAAAAAS5odHRwOi8vd2VpeGluLnFxLmNvbS9xLzAyOFRGUTFBSDljbzMxMDAwMDAwN3AAAgSOFG5YAwQAAAAA ;
from : oKwkYw1wnbZ_B4bbD60B2F8-4dSg ;
to : gh_6536061e4435 ;
time : 1488877667 ;
type : subscribe ;
scene : f95f10c42c72e64f510cf695af230ced ;

2017-03-07 17:07:53 trace :
------------
Array:
tousername : gh_6536061e4435 ;
fromusername : oKwkYw4ZBjn_U54j0V5E72t67-l4 ;
createtime : 1488877673 ;
msgtype : event ;
event : subscribe ;
eventkey : qrscene_f95f10c42c72e64f510cf695af230ced ;
ticket : gQGu8TwAAAAAAAAAAS5odHRwOi8vd2VpeGluLnFxLmNvbS9xLzAyOFRGUTFBSDljbzMxMDAwMDAwN3AAAgSOFG5YAwQAAAAA ;
from : oKwkYw4ZBjn_U54j0V5E72t67-l4 ;
to : gh_6536061e4435 ;
time : 1488877673 ;
type : subscribe ;
scene : f95f10c42c72e64f510cf695af230ced ;

2017-03-07 17:07:56 trace :
------------
Array:
tousername : gh_6536061e4435 ;
fromusername : oKwkYw4ZBjn_U54j0V5E72t67-l4 ;
createtime : 1488877676 ;
msgtype : event ;
event : VIEW ;
eventkey : http://kh39.61why.com/app/index.php?i=2&c=entry&eid=194 ;
menuid : 410600728 ;
from : oKwkYw4ZBjn_U54j0V5E72t67-l4 ;
to : gh_6536061e4435 ;
time : 1488877676 ;
type : event ;

2017-03-07 17:07:56 params :
------------
Array:
rule : -2 ;
module :  ;
message : Array ;

2017-03-07 17:07:56 response :
------------

2017-03-07 17:08:31 trace :
------------
Array:
tousername : gh_6536061e4435 ;
fromusername : oKwkYw3l0eGz3H7e62pX1IDFxwCY ;
createtime : 1488877710 ;
msgtype : event ;
event : VIEW ;
eventkey : http://kh39.61why.com/app/index.php?i=2&c=entry&eid=198 ;
menuid : 410600728 ;
from : oKwkYw3l0eGz3H7e62pX1IDFxwCY ;
to : gh_6536061e4435 ;
time : 1488877710 ;
type : event ;

2017-03-07 17:08:31 params :
------------
Array:
rule : -2 ;
module :  ;
message : Array ;

2017-03-07 17:08:31 response :
------------

2017-03-07 17:08:38 trace :
------------
Array:
tousername : gh_6536061e4435 ;
fromusername : oKwkYwwXdWLV8859qCR__3G3Y3zk ;
createtime : 1488877717 ;
msgtype : event ;
event : CLICK ;
eventkey : 二维码 ;
from : oKwkYwwXdWLV8859qCR__3G3Y3zk ;
to : gh_6536061e4435 ;
time : 1488877717 ;
type : event ;

2017-03-07 17:08:46 trace :
------------
Array:
tousername : gh_6536061e4435 ;
fromusername : oKwkYwwXdWLV8859qCR__3G3Y3zk ;
createtime : 1488877726 ;
msgtype : event ;
event : VIEW ;
eventkey : http://kh39.61why.com/app/index.php?i=2&c=entry&eid=198 ;
menuid : 410600728 ;
from : oKwkYwwXdWLV8859qCR__3G3Y3zk ;
to : gh_6536061e4435 ;
time : 1488877726 ;
type : event ;

2017-03-07 17:08:46 params :
------------
Array:
rule : -2 ;
module :  ;
message : Array ;

2017-03-07 17:08:46 response :
------------

2017-03-07 17:09:02 trace :
------------
Array:
tousername : gh_6536061e4435 ;
fromusername : oKwkYwz9UZobw82xHrqPpBnrexx4 ;
createtime : 1488877742 ;
msgtype : event ;
event : SCAN ;
eventkey : f95f10c42c72e64f510cf695af230ced ;
ticket : gQGu8TwAAAAAAAAAAS5odHRwOi8vd2VpeGluLnFxLmNvbS9xLzAyOFRGUTFBSDljbzMxMDAwMDAwN3AAAgSOFG5YAwQAAAAA ;
from : oKwkYwz9UZobw82xHrqPpBnrexx4 ;
to : gh_6536061e4435 ;
time : 1488877742 ;
type : subscribe ;
scene : f95f10c42c72e64f510cf695af230ced ;

2017-03-07 17:09:12 trace :
------------
Array:
tousername : gh_6536061e4435 ;
fromusername : oKwkYwz9UZobw82xHrqPpBnrexx4 ;
createtime : 1488877752 ;
msgtype : event ;
event : CLICK ;
eventkey : 二维码 ;
from : oKwkYwz9UZobw82xHrqPpBnrexx4 ;
to : gh_6536061e4435 ;
time : 1488877752 ;
type : event ;

2017-03-07 17:09:41 trace :
------------
Array:
tousername : gh_6536061e4435 ;
fromusername : oKwkYwwXdWLV8859qCR__3G3Y3zk ;
createtime : 1488877781 ;
msgtype : event ;
event : VIEW ;
eventkey : http://kh39.61why.com/app/index.php?i=2&c=entry&eid=194 ;
menuid : 410600728 ;
from : oKwkYwwXdWLV8859qCR__3G3Y3zk ;
to : gh_6536061e4435 ;
time : 1488877781 ;
type : event ;

2017-03-07 17:09:41 params :
------------
Array:
rule : -2 ;
module :  ;
message : Array ;

2017-03-07 17:09:41 response :
------------

2017-03-07 17:10:06 trace :
------------
Array:
tousername : gh_6536061e4435 ;
fromusername : oKwkYw3l0eGz3H7e62pX1IDFxwCY ;
createtime : 1488877806 ;
msgtype : event ;
event : VIEW ;
eventkey : http://kh39.61why.com/app/index.php?i=2&c=entry&eid=198 ;
menuid : 410600728 ;
from : oKwkYw3l0eGz3H7e62pX1IDFxwCY ;
to : gh_6536061e4435 ;
time : 1488877806 ;
type : event ;

2017-03-07 17:10:06 params :
------------
Array:
rule : -2 ;
module :  ;
message : Array ;

2017-03-07 17:10:06 response :
------------

2017-03-07 17:10:18 trace :
------------
Array:
tousername : gh_6536061e4435 ;
fromusername : oKwkYwz9UZobw82xHrqPpBnrexx4 ;
createtime : 1488877818 ;
msgtype : event ;
event : CLICK ;
eventkey : 二维码 ;
from : oKwkYwz9UZobw82xHrqPpBnrexx4 ;
to : gh_6536061e4435 ;
time : 1488877818 ;
type : event ;

2017-03-07 17:10:53 trace :
------------
Array:
tousername : gh_6536061e4435 ;
fromusername : oKwkYw4ZBjn_U54j0V5E72t67-l4 ;
createtime : 1488877852 ;
msgtype : event ;
event : VIEW ;
eventkey : http://kh39.61why.com/app/index.php?i=2&c=entry&eid=194 ;
menuid : 410600728 ;
from : oKwkYw4ZBjn_U54j0V5E72t67-l4 ;
to : gh_6536061e4435 ;
time : 1488877852 ;
type : event ;

2017-03-07 17:10:53 params :
------------
Array:
rule : -2 ;
module :  ;
message : Array ;

2017-03-07 17:10:53 response :
------------

2017-03-07 17:11:32 trace :
------------
Array:
tousername : gh_6536061e4435 ;
fromusername : oKwkYw_Vy4pTx1SrjnJJ2A3wCedw ;
createtime : 1488877892 ;
msgtype : event ;
event : VIEW ;
eventkey : http://kh39.61why.com/app/index.php?i=2&c=entry&eid=194 ;
menuid : 410600728 ;
from : oKwkYw_Vy4pTx1SrjnJJ2A3wCedw ;
to : gh_6536061e4435 ;
time : 1488877892 ;
type : event ;

2017-03-07 17:11:32 params :
------------
Array:
rule : -2 ;
module :  ;
message : Array ;

2017-03-07 17:11:32 response :
------------

2017-03-07 17:12:22 trace :
------------
Array:
tousername : gh_6536061e4435 ;
fromusername : oKwkYw3l0eGz3H7e62pX1IDFxwCY ;
createtime : 1488877942 ;
msgtype : event ;
event : VIEW ;
eventkey : http://kh39.61why.com/app/index.php?i=2&c=entry&eid=198 ;
menuid : 410600728 ;
from : oKwkYw3l0eGz3H7e62pX1IDFxwCY ;
to : gh_6536061e4435 ;
time : 1488877942 ;
type : event ;

2017-03-07 17:12:22 params :
------------
Array:
rule : -2 ;
module :  ;
message : Array ;

2017-03-07 17:12:22 response :
------------

2017-03-07 17:12:27 trace :
------------
Array:
tousername : gh_6536061e4435 ;
fromusername : oKwkYw3raLT8_i3c6LKzbMyTgsUU ;
createtime : 1488877947 ;
msgtype : event ;
event : subscribe ;
eventkey : Array ;
from : oKwkYw3raLT8_i3c6LKzbMyTgsUU ;
to : gh_6536061e4435 ;
time : 1488877947 ;
type : subscribe ;

2017-03-07 17:12:27 params :
------------
Array:
rule : -2 ;
module :  ;
message : Array ;

2017-03-07 17:12:27 response :
------------

2017-03-07 17:16:19 trace :
------------
Array:
tousername : gh_6536061e4435 ;
fromusername : oKwkYwwXdWLV8859qCR__3G3Y3zk ;
createtime : 1488878179 ;
msgtype : event ;
event : VIEW ;
eventkey : http://kh39.61why.com/app/index.php?i=2&c=entry&eid=198 ;
menuid : 410600728 ;
from : oKwkYwwXdWLV8859qCR__3G3Y3zk ;
to : gh_6536061e4435 ;
time : 1488878179 ;
type : event ;

2017-03-07 17:16:19 params :
------------
Array:
rule : -2 ;
module :  ;
message : Array ;

2017-03-07 17:16:19 response :
------------

2017-03-07 17:16:41 trace :
------------
Array:
tousername : gh_6536061e4435 ;
fromusername : oKwkYwwXdWLV8859qCR__3G3Y3zk ;
createtime : 1488878201 ;
msgtype : event ;
event : VIEW ;
eventkey : http://kh39.61why.com/app/index.php?i=2&c=entry&eid=194 ;
menuid : 410600728 ;
from : oKwkYwwXdWLV8859qCR__3G3Y3zk ;
to : gh_6536061e4435 ;
time : 1488878201 ;
type : event ;

2017-03-07 17:16:41 params :
------------
Array:
rule : -2 ;
module :  ;
message : Array ;

2017-03-07 17:16:41 response :
------------

2017-03-07 17:23:21 trace :
------------
Array:
tousername : gh_6536061e4435 ;
fromusername : oKwkYw4_w5zxpJAdDOtFc1BfJfxA ;
createtime : 1488878601 ;
msgtype : event ;
event : VIEW ;
eventkey : http://kh39.61why.com/app/index.php?i=2&c=entry&eid=194 ;
menuid : 410600728 ;
from : oKwkYw4_w5zxpJAdDOtFc1BfJfxA ;
to : gh_6536061e4435 ;
time : 1488878601 ;
type : event ;

2017-03-07 17:23:21 params :
------------
Array:
rule : -2 ;
module :  ;
message : Array ;

2017-03-07 17:23:21 response :
------------

2017-03-07 17:25:16 trace :
------------
Array:
tousername : gh_6536061e4435 ;
fromusername : oKwkYw4_w5zxpJAdDOtFc1BfJfxA ;
createtime : 1488878716 ;
msgtype : event ;
event : VIEW ;
eventkey : http://kh39.61why.com/app/index.php?i=2&c=entry&eid=194 ;
menuid : 410600728 ;
from : oKwkYw4_w5zxpJAdDOtFc1BfJfxA ;
to : gh_6536061e4435 ;
time : 1488878716 ;
type : event ;

2017-03-07 17:25:16 params :
------------
Array:
rule : -2 ;
module :  ;
message : Array ;

2017-03-07 17:25:16 response :
------------

2017-03-07 17:38:55 trace :
------------
Array:
tousername : gh_6536061e4435 ;
fromusername : oKwkYwxL48nBNl6NqClmf7HIMjMw ;
createtime : 1488879535 ;
msgtype : event ;
event : VIEW ;
eventkey : http://kh39.61why.com/app/index.php?i=2&c=entry&eid=198 ;
menuid : 410600728 ;
from : oKwkYwxL48nBNl6NqClmf7HIMjMw ;
to : gh_6536061e4435 ;
time : 1488879535 ;
type : event ;

2017-03-07 17:38:55 params :
------------
Array:
rule : -2 ;
module :  ;
message : Array ;

2017-03-07 17:38:55 response :
------------

2017-03-07 17:40:04 trace :
------------
Array:
tousername : gh_6536061e4435 ;
fromusername : oKwkYw3l0eGz3H7e62pX1IDFxwCY ;
createtime : 1488879604 ;
msgtype : event ;
event : VIEW ;
eventkey : http://kh39.61why.com/app/index.php?i=2&c=entry&eid=194 ;
menuid : 410600728 ;
from : oKwkYw3l0eGz3H7e62pX1IDFxwCY ;
to : gh_6536061e4435 ;
time : 1488879604 ;
type : event ;

2017-03-07 17:40:04 params :
------------
Array:
rule : -2 ;
module :  ;
message : Array ;

2017-03-07 17:40:04 response :
------------

2017-03-07 17:40:06 trace :
------------
Array:
tousername : gh_6536061e4435 ;
fromusername : oKwkYw3l0eGz3H7e62pX1IDFxwCY ;
createtime : 1488879606 ;
msgtype : event ;
event : VIEW ;
eventkey : http://kh39.61why.com/app/index.php?i=2&c=entry&eid=198 ;
menuid : 410600728 ;
from : oKwkYw3l0eGz3H7e62pX1IDFxwCY ;
to : gh_6536061e4435 ;
time : 1488879606 ;
type : event ;

2017-03-07 17:40:06 params :
------------
Array:
rule : -2 ;
module :  ;
message : Array ;

2017-03-07 17:40:06 response :
------------

2017-03-07 17:41:05 trace :
------------
Array:
tousername : gh_6536061e4435 ;
fromusername : oKwkYw3l0eGz3H7e62pX1IDFxwCY ;
createtime : 1488879665 ;
msgtype : event ;
event : VIEW ;
eventkey : http://kh39.61why.com/app/index.php?i=2&c=entry&eid=198 ;
menuid : 410600728 ;
from : oKwkYw3l0eGz3H7e62pX1IDFxwCY ;
to : gh_6536061e4435 ;
time : 1488879665 ;
type : event ;

2017-03-07 17:41:05 params :
------------
Array:
rule : -2 ;
module :  ;
message : Array ;

2017-03-07 17:41:05 response :
------------

2017-03-07 17:45:20 trace :
------------
Array:
tousername : gh_6536061e4435 ;
fromusername : oKwkYwwXdWLV8859qCR__3G3Y3zk ;
createtime : 1488879920 ;
msgtype : event ;
event : VIEW ;
eventkey : http://kh39.61why.com/app/index.php?i=2&c=entry&eid=198 ;
menuid : 410600728 ;
from : oKwkYwwXdWLV8859qCR__3G3Y3zk ;
to : gh_6536061e4435 ;
time : 1488879920 ;
type : event ;

2017-03-07 17:45:20 params :
------------
Array:
rule : -2 ;
module :  ;
message : Array ;

2017-03-07 17:45:20 response :
------------

2017-03-07 17:45:41 trace :
------------
Array:
tousername : gh_6536061e4435 ;
fromusername : oKwkYwwXdWLV8859qCR__3G3Y3zk ;
createtime : 1488879941 ;
msgtype : event ;
event : CLICK ;
eventkey : 二维码 ;
from : oKwkYwwXdWLV8859qCR__3G3Y3zk ;
to : gh_6536061e4435 ;
time : 1488879941 ;
type : event ;

2017-03-07 17:45:55 trace :
------------
Array:
tousername : gh_6536061e4435 ;
fromusername : oKwkYwwXdWLV8859qCR__3G3Y3zk ;
createtime : 1488879955 ;
msgtype : event ;
event : VIEW ;
eventkey : http://kh39.61why.com/app/index.php?i=2&c=entry&eid=198 ;
menuid : 410600728 ;
from : oKwkYwwXdWLV8859qCR__3G3Y3zk ;
to : gh_6536061e4435 ;
time : 1488879955 ;
type : event ;

2017-03-07 17:45:55 params :
------------
Array:
rule : -2 ;
module :  ;
message : Array ;

2017-03-07 17:45:55 response :
------------

2017-03-07 18:04:13 trace :
------------
Array:
tousername : gh_6536061e4435 ;
fromusername : oKwkYw2AvtOQWVWlszR3cLKUUa3E ;
createtime : 1488881053 ;
msgtype : event ;
event : VIEW ;
eventkey : http://kh39.61why.com/app/index.php?i=2&c=entry&eid=198 ;
menuid : 410600728 ;
from : oKwkYw2AvtOQWVWlszR3cLKUUa3E ;
to : gh_6536061e4435 ;
time : 1488881053 ;
type : event ;

2017-03-07 18:04:13 params :
------------
Array:
rule : -2 ;
module :  ;
message : Array ;

2017-03-07 18:04:13 response :
------------

2017-03-07 18:16:51 trace :
------------
Array:
tousername : gh_6536061e4435 ;
fromusername : oKwkYw03W1Pov3xT2Hvnj_ODN-Ug ;
createtime : 1488881811 ;
msgtype : event ;
event : VIEW ;
eventkey : http://kh39.61why.com/app/index.php?i=2&c=entry&eid=198 ;
menuid : 410600728 ;
from : oKwkYw03W1Pov3xT2Hvnj_ODN-Ug ;
to : gh_6536061e4435 ;
time : 1488881811 ;
type : event ;

2017-03-07 18:16:51 params :
------------
Array:
rule : -2 ;
module :  ;
message : Array ;

2017-03-07 18:16:51 response :
------------

2017-03-07 18:36:49 trace :
------------
Array:
tousername : gh_6536061e4435 ;
fromusername : oKwkYwwYq4EhByxPFosA0Iv5zEok ;
createtime : 1488883008 ;
msgtype : event ;
event : VIEW ;
eventkey : http://kh39.61why.com/app/index.php?i=2&c=entry&eid=194 ;
menuid : 410600728 ;
from : oKwkYwwYq4EhByxPFosA0Iv5zEok ;
to : gh_6536061e4435 ;
time : 1488883008 ;
type : event ;

2017-03-07 18:36:49 params :
------------
Array:
rule : -2 ;
module :  ;
message : Array ;

2017-03-07 18:36:49 response :
------------

2017-03-07 18:37:35 trace :
------------
Array:
tousername : gh_6536061e4435 ;
fromusername : oKwkYw22rCbBSaALxIaH8w23nsLQ ;
createtime : 1488883055 ;
msgtype : event ;
event : VIEW ;
eventkey : http://kh39.61why.com/app/index.php?i=2&c=entry&eid=194 ;
menuid : 410600728 ;
from : oKwkYw22rCbBSaALxIaH8w23nsLQ ;
to : gh_6536061e4435 ;
time : 1488883055 ;
type : event ;

2017-03-07 18:37:35 params :
------------
Array:
rule : -2 ;
module :  ;
message : Array ;

2017-03-07 18:37:35 response :
------------

2017-03-07 18:42:14 trace :
------------
Array:
tousername : gh_6536061e4435 ;
fromusername : oKwkYw22rCbBSaALxIaH8w23nsLQ ;
createtime : 1488883334 ;
msgtype : event ;
event : VIEW ;
eventkey : http://kh39.61why.com/app/index.php?i=2&c=entry&eid=198 ;
menuid : 410600728 ;
from : oKwkYw22rCbBSaALxIaH8w23nsLQ ;
to : gh_6536061e4435 ;
time : 1488883334 ;
type : event ;

2017-03-07 18:42:14 params :
------------
Array:
rule : -2 ;
module :  ;
message : Array ;

2017-03-07 18:42:14 response :
------------

2017-03-07 18:53:04 trace :
------------
Array:
tousername : gh_6536061e4435 ;
fromusername : oKwkYw5hiet9aIoMvpfdt0UcJyzc ;
createtime : 1488883984 ;
msgtype : event ;
event : VIEW ;
eventkey : http://kh39.61why.com/app/index.php?i=2&c=entry&eid=198 ;
menuid : 410600728 ;
from : oKwkYw5hiet9aIoMvpfdt0UcJyzc ;
to : gh_6536061e4435 ;
time : 1488883984 ;
type : event ;

2017-03-07 18:53:04 params :
------------
Array:
rule : -2 ;
module :  ;
message : Array ;

2017-03-07 18:53:04 response :
------------

2017-03-07 18:53:18 trace :
------------
Array:
tousername : gh_6536061e4435 ;
fromusername : oKwkYw5hiet9aIoMvpfdt0UcJyzc ;
createtime : 1488883998 ;
msgtype : event ;
event : VIEW ;
eventkey : http://kh39.61why.com/app/index.php?i=2&c=entry&eid=198 ;
menuid : 410600728 ;
from : oKwkYw5hiet9aIoMvpfdt0UcJyzc ;
to : gh_6536061e4435 ;
time : 1488883998 ;
type : event ;

2017-03-07 18:53:18 params :
------------
Array:
rule : -2 ;
module :  ;
message : Array ;

2017-03-07 18:53:18 response :
------------

2017-03-07 19:26:15 trace :
------------
Array:
tousername : gh_6536061e4435 ;
fromusername : oKwkYw03W1Pov3xT2Hvnj_ODN-Ug ;
createtime : 1488885974 ;
msgtype : event ;
event : VIEW ;
eventkey : http://kh39.61why.com/app/index.php?i=2&c=entry&eid=198 ;
menuid : 410600728 ;
from : oKwkYw03W1Pov3xT2Hvnj_ODN-Ug ;
to : gh_6536061e4435 ;
time : 1488885974 ;
type : event ;

2017-03-07 19:26:15 params :
------------
Array:
rule : -2 ;
module :  ;
message : Array ;

2017-03-07 19:26:15 response :
------------

2017-03-07 20:08:06 trace :
------------
Array:
tousername : gh_6536061e4435 ;
fromusername : oKwkYw3l0eGz3H7e62pX1IDFxwCY ;
createtime : 1488888486 ;
msgtype : event ;
event : VIEW ;
eventkey : http://kh39.61why.com/app/index.php?i=2&c=entry&eid=198 ;
menuid : 410600728 ;
from : oKwkYw3l0eGz3H7e62pX1IDFxwCY ;
to : gh_6536061e4435 ;
time : 1488888486 ;
type : event ;

2017-03-07 20:08:06 params :
------------
Array:
rule : -2 ;
module :  ;
message : Array ;

2017-03-07 20:08:06 response :
------------

2017-03-07 20:09:11 trace :
------------
Array:
tousername : gh_6536061e4435 ;
fromusername : oKwkYw4ZBjn_U54j0V5E72t67-l4 ;
createtime : 1488888551 ;
msgtype : event ;
event : VIEW ;
eventkey : http://kh39.61why.com/app/index.php?i=2&c=entry&eid=194 ;
menuid : 410600728 ;
from : oKwkYw4ZBjn_U54j0V5E72t67-l4 ;
to : gh_6536061e4435 ;
time : 1488888551 ;
type : event ;

2017-03-07 20:09:11 params :
------------
Array:
rule : -2 ;
module :  ;
message : Array ;

2017-03-07 20:09:11 response :
------------

2017-03-07 20:09:16 trace :
------------
Array:
tousername : gh_6536061e4435 ;
fromusername : oKwkYw4ZBjn_U54j0V5E72t67-l4 ;
createtime : 1488888556 ;
msgtype : event ;
event : VIEW ;
eventkey : http://kh39.61why.com/app/index.php?i=2&c=entry&eid=194 ;
menuid : 410600728 ;
from : oKwkYw4ZBjn_U54j0V5E72t67-l4 ;
to : gh_6536061e4435 ;
time : 1488888556 ;
type : event ;

2017-03-07 20:09:16 params :
------------
Array:
rule : -2 ;
module :  ;
message : Array ;

2017-03-07 20:09:16 response :
------------

2017-03-07 20:09:18 trace :
------------
Array:
tousername : gh_6536061e4435 ;
fromusername : oKwkYw4ZBjn_U54j0V5E72t67-l4 ;
createtime : 1488888558 ;
msgtype : event ;
event : VIEW ;
eventkey : http://kh39.61why.com/app/index.php?i=2&c=entry&eid=198 ;
menuid : 410600728 ;
from : oKwkYw4ZBjn_U54j0V5E72t67-l4 ;
to : gh_6536061e4435 ;
time : 1488888558 ;
type : event ;

2017-03-07 20:09:18 params :
------------
Array:
rule : -2 ;
module :  ;
message : Array ;

2017-03-07 20:09:18 response :
------------

2017-03-07 20:09:31 trace :
------------
Array:
tousername : gh_6536061e4435 ;
fromusername : oKwkYw3l0eGz3H7e62pX1IDFxwCY ;
createtime : 1488888571 ;
msgtype : event ;
event : VIEW ;
eventkey : http://kh39.61why.com/app/index.php?i=2&c=entry&eid=198 ;
menuid : 410600728 ;
from : oKwkYw3l0eGz3H7e62pX1IDFxwCY ;
to : gh_6536061e4435 ;
time : 1488888571 ;
type : event ;

2017-03-07 20:09:31 params :
------------
Array:
rule : -2 ;
module :  ;
message : Array ;

2017-03-07 20:09:31 response :
------------

2017-03-07 20:12:33 trace :
------------
Array:
tousername : gh_6536061e4435 ;
fromusername : oKwkYw4ZBjn_U54j0V5E72t67-l4 ;
createtime : 1488888753 ;
msgtype : event ;
event : VIEW ;
eventkey : http://kh39.61why.com/app/index.php?i=2&c=entry&eid=194 ;
menuid : 410600728 ;
from : oKwkYw4ZBjn_U54j0V5E72t67-l4 ;
to : gh_6536061e4435 ;
time : 1488888753 ;
type : event ;

2017-03-07 20:12:33 params :
------------
Array:
rule : -2 ;
module :  ;
message : Array ;

2017-03-07 20:12:33 response :
------------

2017-03-07 20:23:35 trace :
------------
Array:
tousername : gh_6536061e4435 ;
fromusername : oKwkYw5hiet9aIoMvpfdt0UcJyzc ;
createtime : 1488889415 ;
msgtype : event ;
event : VIEW ;
eventkey : http://kh39.61why.com/app/index.php?i=2&c=entry&eid=198 ;
menuid : 410600728 ;
from : oKwkYw5hiet9aIoMvpfdt0UcJyzc ;
to : gh_6536061e4435 ;
time : 1488889415 ;
type : event ;

2017-03-07 20:23:35 params :
------------
Array:
rule : -2 ;
module :  ;
message : Array ;

2017-03-07 20:23:35 response :
------------

2017-03-07 20:24:43 trace :
------------
Array:
tousername : gh_6536061e4435 ;
fromusername : oKwkYw4ZBjn_U54j0V5E72t67-l4 ;
createtime : 1488889483 ;
msgtype : event ;
event : SCAN ;
eventkey : f95f10c42c72e64f510cf695af230ced ;
ticket : gQGu8TwAAAAAAAAAAS5odHRwOi8vd2VpeGluLnFxLmNvbS9xLzAyOFRGUTFBSDljbzMxMDAwMDAwN3AAAgSOFG5YAwQAAAAA ;
from : oKwkYw4ZBjn_U54j0V5E72t67-l4 ;
to : gh_6536061e4435 ;
time : 1488889483 ;
type : subscribe ;
scene : f95f10c42c72e64f510cf695af230ced ;

2017-03-07 20:24:47 trace :
------------
Array:
tousername : gh_6536061e4435 ;
fromusername : oKwkYw4ZBjn_U54j0V5E72t67-l4 ;
createtime : 1488889487 ;
msgtype : event ;
event : VIEW ;
eventkey : http://kh39.61why.com/app/index.php?i=2&c=entry&eid=198 ;
menuid : 410600728 ;
from : oKwkYw4ZBjn_U54j0V5E72t67-l4 ;
to : gh_6536061e4435 ;
time : 1488889487 ;
type : event ;

2017-03-07 20:24:47 params :
------------
Array:
rule : -2 ;
module :  ;
message : Array ;

2017-03-07 20:24:47 response :
------------

2017-03-07 20:25:22 trace :
------------
Array:
tousername : gh_6536061e4435 ;
fromusername : oKwkYw5hiet9aIoMvpfdt0UcJyzc ;
createtime : 1488889521 ;
msgtype : event ;
event : VIEW ;
eventkey : http://kh39.61why.com/app/index.php?i=2&c=entry&eid=194 ;
menuid : 410600728 ;
from : oKwkYw5hiet9aIoMvpfdt0UcJyzc ;
to : gh_6536061e4435 ;
time : 1488889521 ;
type : event ;

2017-03-07 20:25:22 params :
------------
Array:
rule : -2 ;
module :  ;
message : Array ;

2017-03-07 20:25:22 response :
------------

2017-03-07 20:26:09 trace :
------------
Array:
tousername : gh_6536061e4435 ;
fromusername : oKwkYw5hiet9aIoMvpfdt0UcJyzc ;
createtime : 1488889569 ;
msgtype : event ;
event : VIEW ;
eventkey : http://kh39.61why.com/app/index.php?i=2&c=entry&eid=198 ;
menuid : 410600728 ;
from : oKwkYw5hiet9aIoMvpfdt0UcJyzc ;
to : gh_6536061e4435 ;
time : 1488889569 ;
type : event ;

2017-03-07 20:26:09 params :
------------
Array:
rule : -2 ;
module :  ;
message : Array ;

2017-03-07 20:26:09 response :
------------

2017-03-07 20:26:22 trace :
------------
Array:
tousername : gh_6536061e4435 ;
fromusername : oKwkYw7vNzbWuwO9Bl_6mJmk-WQA ;
createtime : 1488889582 ;
msgtype : event ;
event : subscribe ;
eventkey : Array ;
from : oKwkYw7vNzbWuwO9Bl_6mJmk-WQA ;
to : gh_6536061e4435 ;
time : 1488889582 ;
type : subscribe ;

2017-03-07 20:26:22 params :
------------
Array:
rule : -2 ;
module :  ;
message : Array ;

2017-03-07 20:26:22 response :
------------

2017-03-07 20:26:29 trace :
------------
Array:
tousername : gh_6536061e4435 ;
fromusername : oKwkYw7vNzbWuwO9Bl_6mJmk-WQA ;
createtime : 1488889589 ;
msgtype : event ;
event : VIEW ;
eventkey : http://kh39.61why.com/app/index.php?i=2&c=entry&eid=194 ;
menuid : 410600728 ;
from : oKwkYw7vNzbWuwO9Bl_6mJmk-WQA ;
to : gh_6536061e4435 ;
time : 1488889589 ;
type : event ;

2017-03-07 20:26:29 params :
------------
Array:
rule : -2 ;
module :  ;
message : Array ;

2017-03-07 20:26:29 response :
------------

2017-03-07 20:28:15 trace :
------------
Array:
tousername : gh_6536061e4435 ;
fromusername : oKwkYw7vNzbWuwO9Bl_6mJmk-WQA ;
createtime : 1488889695 ;
msgtype : event ;
event : VIEW ;
eventkey : http://kh39.61why.com/app/index.php?i=2&c=entry&eid=198 ;
menuid : 410600728 ;
from : oKwkYw7vNzbWuwO9Bl_6mJmk-WQA ;
to : gh_6536061e4435 ;
time : 1488889695 ;
type : event ;

2017-03-07 20:28:15 params :
------------
Array:
rule : -2 ;
module :  ;
message : Array ;

2017-03-07 20:28:15 response :
------------

2017-03-07 20:34:11 trace :
------------
Array:
tousername : gh_6536061e4435 ;
fromusername : oKwkYw9A27iCE2wbx5IXncAJ21Sw ;
createtime : 1488890051 ;
msgtype : event ;
event : CLICK ;
eventkey : 二维码 ;
from : oKwkYw9A27iCE2wbx5IXncAJ21Sw ;
to : gh_6536061e4435 ;
time : 1488890051 ;
type : event ;

2017-03-07 20:34:34 trace :
------------
Array:
tousername : gh_6536061e4435 ;
fromusername : oKwkYw9A27iCE2wbx5IXncAJ21Sw ;
createtime : 1488890074 ;
msgtype : event ;
event : VIEW ;
eventkey : http://kh39.61why.com/app/index.php?i=2&c=entry&eid=194 ;
menuid : 410600728 ;
from : oKwkYw9A27iCE2wbx5IXncAJ21Sw ;
to : gh_6536061e4435 ;
time : 1488890074 ;
type : event ;

2017-03-07 20:34:34 params :
------------
Array:
rule : -2 ;
module :  ;
message : Array ;

2017-03-07 20:34:34 response :
------------

2017-03-07 20:35:19 trace :
------------
Array:
tousername : gh_6536061e4435 ;
fromusername : oKwkYwz9UZobw82xHrqPpBnrexx4 ;
createtime : 1488890118 ;
msgtype : event ;
event : SCAN ;
eventkey : 512d29bda477a30e4f7cb841a6d857e1 ;
ticket : gQGP8DwAAAAAAAAAAS5odHRwOi8vd2VpeGluLnFxLmNvbS9xLzAyS2pxZTB2SDljbzMxMDAwMDAwN1MAAgQ_BG5YAwQAAAAA ;
from : oKwkYwz9UZobw82xHrqPpBnrexx4 ;
to : gh_6536061e4435 ;
time : 1488890118 ;
type : subscribe ;
scene : 512d29bda477a30e4f7cb841a6d857e1 ;

2017-03-07 20:40:16 trace :
------------
Array:
tousername : gh_6536061e4435 ;
fromusername : oKwkYw5Q3BQ-lZH2ojMZ7hLNym_c ;
createtime : 1488890416 ;
msgtype : event ;
event : subscribe ;
eventkey : Array ;
from : oKwkYw5Q3BQ-lZH2ojMZ7hLNym_c ;
to : gh_6536061e4435 ;
time : 1488890416 ;
type : subscribe ;

2017-03-07 20:40:16 params :
------------
Array:
rule : -2 ;
module :  ;
message : Array ;

2017-03-07 20:40:16 response :
------------

2017-03-07 20:40:18 trace :
------------
Array:
tousername : gh_6536061e4435 ;
fromusername : oKwkYw5Q3BQ-lZH2ojMZ7hLNym_c ;
createtime : 1488890418 ;
msgtype : event ;
event : VIEW ;
eventkey : http://kh39.61why.com/app/index.php?i=2&c=entry&eid=194 ;
menuid : 410600728 ;
from : oKwkYw5Q3BQ-lZH2ojMZ7hLNym_c ;
to : gh_6536061e4435 ;
time : 1488890418 ;
type : event ;

2017-03-07 20:40:18 params :
------------
Array:
rule : -2 ;
module :  ;
message : Array ;

2017-03-07 20:40:18 response :
------------

2017-03-07 20:54:36 trace :
------------
Array:
tousername : gh_6536061e4435 ;
fromusername : oKwkYwxw08Bo0BNjQDNrsMwkQbuA ;
createtime : 1488891276 ;
msgtype : event ;
event : VIEW ;
eventkey : http://kh39.61why.com/app/index.php?i=2&c=entry&eid=194 ;
menuid : 410600728 ;
from : oKwkYwxw08Bo0BNjQDNrsMwkQbuA ;
to : gh_6536061e4435 ;
time : 1488891276 ;
type : event ;

2017-03-07 20:54:36 params :
------------
Array:
rule : -2 ;
module :  ;
message : Array ;

2017-03-07 20:54:36 response :
------------

2017-03-07 20:57:10 trace :
------------
Array:
tousername : gh_6536061e4435 ;
fromusername : oKwkYwxw08Bo0BNjQDNrsMwkQbuA ;
createtime : 1488891430 ;
msgtype : event ;
event : VIEW ;
eventkey : http://kh39.61why.com/app/index.php?i=2&c=entry&eid=194 ;
menuid : 410600728 ;
from : oKwkYwxw08Bo0BNjQDNrsMwkQbuA ;
to : gh_6536061e4435 ;
time : 1488891430 ;
type : event ;

2017-03-07 20:57:10 params :
------------
Array:
rule : -2 ;
module :  ;
message : Array ;

2017-03-07 20:57:10 response :
------------

2017-03-07 20:58:25 trace :
------------
Array:
tousername : gh_6536061e4435 ;
fromusername : oKwkYw3raLT8_i3c6LKzbMyTgsUU ;
createtime : 1488891505 ;
msgtype : event ;
event : VIEW ;
eventkey : http://kh39.61why.com/app/index.php?i=2&c=entry&eid=194 ;
menuid : 410600728 ;
from : oKwkYw3raLT8_i3c6LKzbMyTgsUU ;
to : gh_6536061e4435 ;
time : 1488891505 ;
type : event ;

2017-03-07 20:58:25 params :
------------
Array:
rule : -2 ;
module :  ;
message : Array ;

2017-03-07 20:58:25 response :
------------

2017-03-07 21:02:06 trace :
------------
Array:
tousername : gh_6536061e4435 ;
fromusername : oKwkYw3raLT8_i3c6LKzbMyTgsUU ;
createtime : 1488891725 ;
msgtype : event ;
event : VIEW ;
eventkey : http://kh39.61why.com/app/index.php?i=2&c=entry&eid=194 ;
menuid : 410600728 ;
from : oKwkYw3raLT8_i3c6LKzbMyTgsUU ;
to : gh_6536061e4435 ;
time : 1488891725 ;
type : event ;

2017-03-07 21:02:06 params :
------------
Array:
rule : -2 ;
module :  ;
message : Array ;

2017-03-07 21:02:06 response :
------------

2017-03-07 21:02:33 trace :
------------
Array:
tousername : gh_6536061e4435 ;
fromusername : oKwkYw3raLT8_i3c6LKzbMyTgsUU ;
createtime : 1488891753 ;
msgtype : event ;
event : VIEW ;
eventkey : http://kh39.61why.com/app/index.php?i=2&c=entry&eid=194 ;
menuid : 410600728 ;
from : oKwkYw3raLT8_i3c6LKzbMyTgsUU ;
to : gh_6536061e4435 ;
time : 1488891753 ;
type : event ;

2017-03-07 21:02:33 params :
------------
Array:
rule : -2 ;
module :  ;
message : Array ;

2017-03-07 21:02:33 response :
------------

2017-03-07 21:24:07 trace :
------------
Array:
tousername : gh_6536061e4435 ;
fromusername : oKwkYw0BngguT3HNX0-64_l9qzgE ;
createtime : 1488893047 ;
msgtype : event ;
event : subscribe ;
eventkey : Array ;
from : oKwkYw0BngguT3HNX0-64_l9qzgE ;
to : gh_6536061e4435 ;
time : 1488893047 ;
type : subscribe ;

2017-03-07 21:24:07 params :
------------
Array:
rule : -2 ;
module :  ;
message : Array ;

2017-03-07 21:24:07 response :
------------

2017-03-07 21:24:13 trace :
------------
Array:
tousername : gh_6536061e4435 ;
fromusername : oKwkYw0BngguT3HNX0-64_l9qzgE ;
createtime : 1488893053 ;
msgtype : event ;
event : VIEW ;
eventkey : http://kh39.61why.com/app/index.php?i=2&c=entry&eid=194 ;
menuid : 410600728 ;
from : oKwkYw0BngguT3HNX0-64_l9qzgE ;
to : gh_6536061e4435 ;
time : 1488893053 ;
type : event ;

2017-03-07 21:24:13 params :
------------
Array:
rule : -2 ;
module :  ;
message : Array ;

2017-03-07 21:24:13 response :
------------

2017-03-07 21:24:53 trace :
------------
Array:
tousername : gh_6536061e4435 ;
fromusername : oKwkYw0BngguT3HNX0-64_l9qzgE ;
createtime : 1488893093 ;
msgtype : event ;
event : VIEW ;
eventkey : http://kh39.61why.com/app/index.php?i=2&c=entry&eid=198 ;
menuid : 410600728 ;
from : oKwkYw0BngguT3HNX0-64_l9qzgE ;
to : gh_6536061e4435 ;
time : 1488893093 ;
type : event ;

2017-03-07 21:24:53 params :
------------
Array:
rule : -2 ;
module :  ;
message : Array ;

2017-03-07 21:24:53 response :
------------

2017-03-07 21:33:05 trace :
------------
Array:
tousername : gh_6536061e4435 ;
fromusername : oKwkYwwYq4EhByxPFosA0Iv5zEok ;
createtime : 1488893585 ;
msgtype : event ;
event : VIEW ;
eventkey : http://kh39.61why.com/app/index.php?i=2&c=entry&eid=194 ;
menuid : 410600728 ;
from : oKwkYwwYq4EhByxPFosA0Iv5zEok ;
to : gh_6536061e4435 ;
time : 1488893585 ;
type : event ;

2017-03-07 21:33:05 params :
------------
Array:
rule : -2 ;
module :  ;
message : Array ;

2017-03-07 21:33:05 response :
------------

2017-03-07 21:35:21 trace :
------------
Array:
tousername : gh_6536061e4435 ;
fromusername : oKwkYw0BngguT3HNX0-64_l9qzgE ;
createtime : 1488893720 ;
msgtype : event ;
event : VIEW ;
eventkey : http://kh39.61why.com/app/index.php?i=2&c=entry&eid=194 ;
menuid : 410600728 ;
from : oKwkYw0BngguT3HNX0-64_l9qzgE ;
to : gh_6536061e4435 ;
time : 1488893720 ;
type : event ;

2017-03-07 21:35:21 params :
------------
Array:
rule : -2 ;
module :  ;
message : Array ;

2017-03-07 21:35:21 response :
------------

2017-03-07 21:39:40 trace :
------------
Array:
tousername : gh_6536061e4435 ;
fromusername : oKwkYwywEpFgDWbwv_V6u_yoYYIo ;
createtime : 1488893980 ;
msgtype : event ;
event : VIEW ;
eventkey : http://kh39.61why.com/app/index.php?i=2&c=entry&eid=198 ;
menuid : 410600728 ;
from : oKwkYwywEpFgDWbwv_V6u_yoYYIo ;
to : gh_6536061e4435 ;
time : 1488893980 ;
type : event ;

2017-03-07 21:39:40 params :
------------
Array:
rule : -2 ;
module :  ;
message : Array ;

2017-03-07 21:39:40 response :
------------

2017-03-07 21:40:21 trace :
------------
Array:
tousername : gh_6536061e4435 ;
fromusername : oKwkYwywEpFgDWbwv_V6u_yoYYIo ;
createtime : 1488894021 ;
msgtype : event ;
event : VIEW ;
eventkey : http://kh39.61why.com/app/index.php?i=2&c=entry&eid=194 ;
menuid : 410600728 ;
from : oKwkYwywEpFgDWbwv_V6u_yoYYIo ;
to : gh_6536061e4435 ;
time : 1488894021 ;
type : event ;

2017-03-07 21:40:21 params :
------------
Array:
rule : -2 ;
module :  ;
message : Array ;

2017-03-07 21:40:21 response :
------------

2017-03-07 22:14:16 trace :
------------
Array:
tousername : gh_6536061e4435 ;
fromusername : oKwkYw9A27iCE2wbx5IXncAJ21Sw ;
createtime : 1488896056 ;
msgtype : event ;
event : VIEW ;
eventkey : http://kh39.61why.com/app/index.php?i=2&c=entry&eid=198 ;
menuid : 410600728 ;
from : oKwkYw9A27iCE2wbx5IXncAJ21Sw ;
to : gh_6536061e4435 ;
time : 1488896056 ;
type : event ;

2017-03-07 22:14:16 params :
------------
Array:
rule : -2 ;
module :  ;
message : Array ;

2017-03-07 22:14:16 response :
------------

2017-03-07 22:20:58 trace :
------------
Array:
tousername : gh_6536061e4435 ;
fromusername : oKwkYw0D7snKw9WJkTr_EzwW-SF0 ;
createtime : 1488896458 ;
msgtype : event ;
event : VIEW ;
eventkey : http://kh39.61why.com/app/index.php?i=2&c=entry&eid=198 ;
menuid : 410600728 ;
from : oKwkYw0D7snKw9WJkTr_EzwW-SF0 ;
to : gh_6536061e4435 ;
time : 1488896458 ;
type : event ;

2017-03-07 22:20:58 params :
------------
Array:
rule : -2 ;
module :  ;
message : Array ;

2017-03-07 22:20:58 response :
------------

2017-03-07 22:45:46 trace :
------------
Array:
tousername : gh_6536061e4435 ;
fromusername : oKwkYwz9UZobw82xHrqPpBnrexx4 ;
createtime : 1488897946 ;
msgtype : event ;
event : VIEW ;
eventkey : http://kh39.61why.com/app/index.php?i=2&c=entry&eid=194 ;
menuid : 410600728 ;
from : oKwkYwz9UZobw82xHrqPpBnrexx4 ;
to : gh_6536061e4435 ;
time : 1488897946 ;
type : event ;

2017-03-07 22:45:46 params :
------------
Array:
rule : -2 ;
module :  ;
message : Array ;

2017-03-07 22:45:46 response :
------------

2017-03-07 23:05:51 trace :
------------
Array:
tousername : gh_6536061e4435 ;
fromusername : oKwkYw4ZBjn_U54j0V5E72t67-l4 ;
createtime : 1488899151 ;
msgtype : event ;
event : VIEW ;
eventkey : http://kh39.61why.com/app/index.php?i=2&c=entry&eid=198 ;
menuid : 410600728 ;
from : oKwkYw4ZBjn_U54j0V5E72t67-l4 ;
to : gh_6536061e4435 ;
time : 1488899151 ;
type : event ;

2017-03-07 23:05:51 params :
------------
Array:
rule : -2 ;
module :  ;
message : Array ;

2017-03-07 23:05:51 response :
------------

2017-03-07 23:05:54 trace :
------------
Array:
tousername : gh_6536061e4435 ;
fromusername : oKwkYw4ZBjn_U54j0V5E72t67-l4 ;
createtime : 1488899154 ;
msgtype : event ;
event : CLICK ;
eventkey : 二维码 ;
from : oKwkYw4ZBjn_U54j0V5E72t67-l4 ;
to : gh_6536061e4435 ;
time : 1488899154 ;
type : event ;

2017-03-07 23:06:32 trace :
------------
Array:
tousername : gh_6536061e4435 ;
fromusername : oKwkYw4ZBjn_U54j0V5E72t67-l4 ;
createtime : 1488899192 ;
msgtype : event ;
event : VIEW ;
eventkey : http://kh39.61why.com/app/index.php?i=2&c=entry&eid=198 ;
menuid : 410600728 ;
from : oKwkYw4ZBjn_U54j0V5E72t67-l4 ;
to : gh_6536061e4435 ;
time : 1488899192 ;
type : event ;

2017-03-07 23:06:32 params :
------------
Array:
rule : -2 ;
module :  ;
message : Array ;

2017-03-07 23:06:32 response :
------------

2017-03-07 23:50:40 trace :
------------
Array:
tousername : gh_6536061e4435 ;
fromusername : oKwkYw6lvIr-L1nyUp1xF82VYSmo ;
createtime : 1488901840 ;
msgtype : event ;
event : SCAN ;
eventkey : 512d29bda477a30e4f7cb841a6d857e1 ;
ticket : gQGP8DwAAAAAAAAAAS5odHRwOi8vd2VpeGluLnFxLmNvbS9xLzAyS2pxZTB2SDljbzMxMDAwMDAwN1MAAgQ_BG5YAwQAAAAA ;
from : oKwkYw6lvIr-L1nyUp1xF82VYSmo ;
to : gh_6536061e4435 ;
time : 1488901840 ;
type : subscribe ;
scene : 512d29bda477a30e4f7cb841a6d857e1 ;

2017-03-07 23:51:04 trace :
------------
Array:
tousername : gh_6536061e4435 ;
fromusername : oKwkYw6lvIr-L1nyUp1xF82VYSmo ;
createtime : 1488901864 ;
msgtype : event ;
event : VIEW ;
eventkey : http://kh39.61why.com/app/index.php?i=2&c=entry&eid=194 ;
menuid : 410600728 ;
from : oKwkYw6lvIr-L1nyUp1xF82VYSmo ;
to : gh_6536061e4435 ;
time : 1488901864 ;
type : event ;

2017-03-07 23:51:04 params :
------------
Array:
rule : -2 ;
module :  ;
message : Array ;

2017-03-07 23:51:04 response :
------------

2017-03-07 23:55:38 trace :
------------
Array:
tousername : gh_6536061e4435 ;
fromusername : oKwkYw9A27iCE2wbx5IXncAJ21Sw ;
createtime : 1488902138 ;
msgtype : event ;
event : VIEW ;
eventkey : http://kh39.61why.com/app/index.php?i=2&c=entry&eid=198 ;
menuid : 410600728 ;
from : oKwkYw9A27iCE2wbx5IXncAJ21Sw ;
to : gh_6536061e4435 ;
time : 1488902138 ;
type : event ;

2017-03-07 23:55:38 params :
------------
Array:
rule : -2 ;
module :  ;
message : Array ;

2017-03-07 23:55:38 response :
------------

2017-03-07 23:57:00 trace :
------------
Array:
tousername : gh_6536061e4435 ;
fromusername : oKwkYw9A27iCE2wbx5IXncAJ21Sw ;
createtime : 1488902220 ;
msgtype : event ;
event : VIEW ;
eventkey : http://kh39.61why.com/app/index.php?i=2&c=entry&eid=198 ;
menuid : 410600728 ;
from : oKwkYw9A27iCE2wbx5IXncAJ21Sw ;
to : gh_6536061e4435 ;
time : 1488902220 ;
type : event ;

2017-03-07 23:57:00 params :
------------
Array:
rule : -2 ;
module :  ;
message : Array ;

2017-03-07 23:57:00 response :
------------

2017-03-07 23:57:42 trace :
------------
Array:
tousername : gh_6536061e4435 ;
fromusername : oKwkYw9A27iCE2wbx5IXncAJ21Sw ;
createtime : 1488902262 ;
msgtype : event ;
event : VIEW ;
eventkey : http://kh39.61why.com/app/index.php?i=2&c=entry&eid=198 ;
menuid : 410600728 ;
from : oKwkYw9A27iCE2wbx5IXncAJ21Sw ;
to : gh_6536061e4435 ;
time : 1488902262 ;
type : event ;

2017-03-07 23:57:42 params :
------------
Array:
rule : -2 ;
module :  ;
message : Array ;

2017-03-07 23:57:42 response :
------------

2017-03-07 23:59:10 trace :
------------
Array:
tousername : gh_6536061e4435 ;
fromusername : oKwkYw9A27iCE2wbx5IXncAJ21Sw ;
createtime : 1488902350 ;
msgtype : event ;
event : VIEW ;
eventkey : http://kh39.61why.com/app/index.php?i=2&c=entry&eid=198 ;
menuid : 410600728 ;
from : oKwkYw9A27iCE2wbx5IXncAJ21Sw ;
to : gh_6536061e4435 ;
time : 1488902350 ;
type : event ;

2017-03-07 23:59:10 params :
------------
Array:
rule : -2 ;
module :  ;
message : Array ;

2017-03-07 23:59:10 response :
------------

2017-03-07 23:59:27 trace :
------------
Array:
tousername : gh_6536061e4435 ;
fromusername : oKwkYw9A27iCE2wbx5IXncAJ21Sw ;
createtime : 1488902367 ;
msgtype : event ;
event : VIEW ;
eventkey : http://kh39.61why.com/app/index.php?i=2&c=entry&eid=194 ;
menuid : 410600728 ;
from : oKwkYw9A27iCE2wbx5IXncAJ21Sw ;
to : gh_6536061e4435 ;
time : 1488902367 ;
type : event ;

2017-03-07 23:59:27 params :
------------
Array:
rule : -2 ;
module :  ;
message : Array ;

2017-03-07 23:59:27 response :
------------

