2017-05-05 00:25:09 trace :
------------
Array:
tousername : gh_6536061e4435 ;
fromusername : oKwkYwxdGazpUQLKnjr_HrnPicQo ;
createtime : 1493915108 ;
msgtype : event ;
event : VIEW ;
eventkey : http://kh39.61why.com/app/index.php?i=2&c=entry&eid=198 ;
menuid : 410600728 ;
from : oKwkYwxdGazpUQLKnjr_HrnPicQo ;
to : gh_6536061e4435 ;
time : 1493915108 ;
type : event ;

2017-05-05 00:25:09 params :
------------
Array:
rule : -2 ;
module :  ;
message : Array ;

2017-05-05 00:25:09 response :
------------

2017-05-05 05:49:16 trace :
------------
Array:
tousername : gh_6536061e4435 ;
fromusername : oKwkYw5Hv5-mrEGrZ572fv2JrB_s ;
createtime : 1493934555 ;
msgtype : event ;
event : VIEW ;
eventkey : http://kh39.61why.com/app/index.php?i=2&c=entry&eid=194 ;
menuid : 410600728 ;
from : oKwkYw5Hv5-mrEGrZ572fv2JrB_s ;
to : gh_6536061e4435 ;
time : 1493934555 ;
type : event ;

2017-05-05 05:49:16 params :
------------
Array:
rule : -2 ;
module :  ;
message : Array ;

2017-05-05 05:49:16 response :
------------

2017-05-05 07:09:14 trace :
------------
Array:
tousername : gh_6536061e4435 ;
fromusername : oKwkYw5hiet9aIoMvpfdt0UcJyzc ;
createtime : 1493939353 ;
msgtype : event ;
event : VIEW ;
eventkey : http://kh39.61why.com/app/index.php?i=2&c=entry&eid=198 ;
menuid : 410600728 ;
from : oKwkYw5hiet9aIoMvpfdt0UcJyzc ;
to : gh_6536061e4435 ;
time : 1493939353 ;
type : event ;

2017-05-05 07:09:14 params :
------------
Array:
rule : -2 ;
module :  ;
message : Array ;

2017-05-05 07:09:14 response :
------------

2017-05-05 07:09:49 trace :
------------
Array:
tousername : gh_6536061e4435 ;
fromusername : oKwkYw5hiet9aIoMvpfdt0UcJyzc ;
createtime : 1493939389 ;
msgtype : event ;
event : VIEW ;
eventkey : http://kh39.61why.com/app/index.php?i=2&c=entry&eid=194 ;
menuid : 410600728 ;
from : oKwkYw5hiet9aIoMvpfdt0UcJyzc ;
to : gh_6536061e4435 ;
time : 1493939389 ;
type : event ;

2017-05-05 07:09:49 params :
------------
Array:
rule : -2 ;
module :  ;
message : Array ;

2017-05-05 07:09:49 response :
------------

2017-05-05 07:32:08 trace :
------------
Array:
tousername : gh_6536061e4435 ;
fromusername : oKwkYw5hiet9aIoMvpfdt0UcJyzc ;
createtime : 1493940728 ;
msgtype : event ;
event : VIEW ;
eventkey : http://kh39.61why.com/app/index.php?i=2&c=entry&eid=198 ;
menuid : 410600728 ;
from : oKwkYw5hiet9aIoMvpfdt0UcJyzc ;
to : gh_6536061e4435 ;
time : 1493940728 ;
type : event ;

2017-05-05 07:32:08 params :
------------
Array:
rule : -2 ;
module :  ;
message : Array ;

2017-05-05 07:32:08 response :
------------

2017-05-05 07:37:42 trace :
------------
Array:
tousername : gh_6536061e4435 ;
fromusername : oKwkYw0b_nY3vy2dlsZiutChx2qg ;
createtime : 1493941062 ;
msgtype : event ;
event : VIEW ;
eventkey : http://kh39.61why.com/app/index.php?i=2&c=entry&eid=198 ;
menuid : 410600728 ;
from : oKwkYw0b_nY3vy2dlsZiutChx2qg ;
to : gh_6536061e4435 ;
time : 1493941062 ;
type : event ;

2017-05-05 07:37:42 params :
------------
Array:
rule : -2 ;
module :  ;
message : Array ;

2017-05-05 07:37:42 response :
------------

2017-05-05 07:38:43 trace :
------------
Array:
tousername : gh_6536061e4435 ;
fromusername : oKwkYw1KQ5ff5BZ0dgvipwLgZRns ;
createtime : 1493941123 ;
msgtype : event ;
event : VIEW ;
eventkey : http://kh39.61why.com/app/index.php?i=2&c=entry&eid=198 ;
menuid : 410600728 ;
from : oKwkYw1KQ5ff5BZ0dgvipwLgZRns ;
to : gh_6536061e4435 ;
time : 1493941123 ;
type : event ;

2017-05-05 07:38:43 params :
------------
Array:
rule : -2 ;
module :  ;
message : Array ;

2017-05-05 07:38:43 response :
------------

2017-05-05 08:08:03 trace :
------------
Array:
tousername : gh_6536061e4435 ;
fromusername : oKwkYw1yj38KOhGZ_VHM2TrE79xY ;
createtime : 1493942883 ;
msgtype : event ;
event : VIEW ;
eventkey : http://kh39.61why.com/app/index.php?i=2&c=entry&eid=198 ;
menuid : 410600728 ;
from : oKwkYw1yj38KOhGZ_VHM2TrE79xY ;
to : gh_6536061e4435 ;
time : 1493942883 ;
type : event ;

2017-05-05 08:08:03 params :
------------
Array:
rule : -2 ;
module :  ;
message : Array ;

2017-05-05 08:08:03 response :
------------

2017-05-05 08:38:41 trace :
------------
Array:
tousername : gh_6536061e4435 ;
fromusername : oKwkYw73fcUnWiyMDDBQMAekYhZI ;
createtime : 1493944721 ;
msgtype : event ;
event : VIEW ;
eventkey : http://kh39.61why.com/app/index.php?i=2&c=entry&eid=198 ;
menuid : 410600728 ;
from : oKwkYw73fcUnWiyMDDBQMAekYhZI ;
to : gh_6536061e4435 ;
time : 1493944721 ;
type : event ;

2017-05-05 08:38:41 params :
------------
Array:
rule : -2 ;
module :  ;
message : Array ;

2017-05-05 08:38:41 response :
------------

2017-05-05 08:46:30 trace :
------------
Array:
tousername : gh_6536061e4435 ;
fromusername : oKwkYw73fcUnWiyMDDBQMAekYhZI ;
createtime : 1493945190 ;
msgtype : event ;
event : VIEW ;
eventkey : http://kh39.61why.com/app/index.php?i=2&c=entry&eid=198 ;
menuid : 410600728 ;
from : oKwkYw73fcUnWiyMDDBQMAekYhZI ;
to : gh_6536061e4435 ;
time : 1493945190 ;
type : event ;

2017-05-05 08:46:30 params :
------------
Array:
rule : -2 ;
module :  ;
message : Array ;

2017-05-05 08:46:30 response :
------------

2017-05-05 08:48:33 trace :
------------
Array:
tousername : gh_6536061e4435 ;
fromusername : oKwkYw0D7snKw9WJkTr_EzwW-SF0 ;
createtime : 1493945313 ;
msgtype : event ;
event : VIEW ;
eventkey : http://kh39.61why.com/app/index.php?i=2&c=entry&eid=198 ;
menuid : 410600728 ;
from : oKwkYw0D7snKw9WJkTr_EzwW-SF0 ;
to : gh_6536061e4435 ;
time : 1493945313 ;
type : event ;

2017-05-05 08:48:33 params :
------------
Array:
rule : -2 ;
module :  ;
message : Array ;

2017-05-05 08:48:33 response :
------------

2017-05-05 09:01:59 trace :
------------
Array:
tousername : gh_6536061e4435 ;
fromusername : oKwkYw73fcUnWiyMDDBQMAekYhZI ;
createtime : 1493946119 ;
msgtype : event ;
event : VIEW ;
eventkey : http://kh39.61why.com/app/index.php?i=2&c=entry&eid=198 ;
menuid : 410600728 ;
from : oKwkYw73fcUnWiyMDDBQMAekYhZI ;
to : gh_6536061e4435 ;
time : 1493946119 ;
type : event ;

2017-05-05 09:01:59 params :
------------
Array:
rule : -2 ;
module :  ;
message : Array ;

2017-05-05 09:01:59 response :
------------

2017-05-05 09:07:18 trace :
------------
Array:
tousername : gh_6536061e4435 ;
fromusername : oKwkYw0h6VxgZ9uOJHMl9V2-_zXY ;
createtime : 1493946438 ;
msgtype : event ;
event : VIEW ;
eventkey : http://kh39.61why.com/app/index.php?i=2&c=entry&eid=194 ;
menuid : 410600728 ;
from : oKwkYw0h6VxgZ9uOJHMl9V2-_zXY ;
to : gh_6536061e4435 ;
time : 1493946438 ;
type : event ;

2017-05-05 09:07:18 params :
------------
Array:
rule : -2 ;
module :  ;
message : Array ;

2017-05-05 09:07:18 response :
------------

2017-05-05 09:07:26 trace :
------------
Array:
tousername : gh_6536061e4435 ;
fromusername : oKwkYw0h6VxgZ9uOJHMl9V2-_zXY ;
createtime : 1493946446 ;
msgtype : event ;
event : VIEW ;
eventkey : http://kh39.61why.com/app/index.php?i=2&c=entry&eid=198 ;
menuid : 410600728 ;
from : oKwkYw0h6VxgZ9uOJHMl9V2-_zXY ;
to : gh_6536061e4435 ;
time : 1493946446 ;
type : event ;

2017-05-05 09:07:26 params :
------------
Array:
rule : -2 ;
module :  ;
message : Array ;

2017-05-05 09:07:26 response :
------------

2017-05-05 09:11:50 trace :
------------
Array:
tousername : gh_6536061e4435 ;
fromusername : oKwkYwzJWpPf07eC3V01yGDXpxsc ;
createtime : 1493946710 ;
msgtype : event ;
event : VIEW ;
eventkey : http://kh39.61why.com/app/index.php?i=2&c=entry&eid=198 ;
menuid : 410600728 ;
from : oKwkYwzJWpPf07eC3V01yGDXpxsc ;
to : gh_6536061e4435 ;
time : 1493946710 ;
type : event ;

2017-05-05 09:11:50 params :
------------
Array:
rule : -2 ;
module :  ;
message : Array ;

2017-05-05 09:11:50 response :
------------

2017-05-05 09:16:04 trace :
------------
Array:
tousername : gh_6536061e4435 ;
fromusername : oKwkYw73fcUnWiyMDDBQMAekYhZI ;
createtime : 1493946964 ;
msgtype : event ;
event : VIEW ;
eventkey : http://kh39.61why.com/app/index.php?i=2&c=entry&eid=194 ;
menuid : 410600728 ;
from : oKwkYw73fcUnWiyMDDBQMAekYhZI ;
to : gh_6536061e4435 ;
time : 1493946964 ;
type : event ;

2017-05-05 09:16:04 params :
------------
Array:
rule : -2 ;
module :  ;
message : Array ;

2017-05-05 09:16:04 response :
------------

2017-05-05 09:18:24 trace :
------------
Array:
tousername : gh_6536061e4435 ;
fromusername : oKwkYw73fcUnWiyMDDBQMAekYhZI ;
createtime : 1493947104 ;
msgtype : event ;
event : VIEW ;
eventkey : http://kh39.61why.com/app/index.php?i=2&c=entry&eid=198 ;
menuid : 410600728 ;
from : oKwkYw73fcUnWiyMDDBQMAekYhZI ;
to : gh_6536061e4435 ;
time : 1493947104 ;
type : event ;

2017-05-05 09:18:24 params :
------------
Array:
rule : -2 ;
module :  ;
message : Array ;

2017-05-05 09:18:24 response :
------------

2017-05-05 09:20:52 trace :
------------
Array:
tousername : gh_6536061e4435 ;
fromusername : oKwkYw5Hv5-mrEGrZ572fv2JrB_s ;
createtime : 1493947252 ;
msgtype : event ;
event : TEMPLATESENDJOBFINISH ;
msgid : 412736783 ;
status : success ;
from : oKwkYw5Hv5-mrEGrZ572fv2JrB_s ;
to : gh_6536061e4435 ;
time : 1493947252 ;
type : event ;

2017-05-05 09:20:52 params :
------------
Array:
rule : -2 ;
module :  ;
message : Array ;

2017-05-05 09:20:52 response :
------------

2017-05-05 09:20:53 trace :
------------
Array:
tousername : gh_6536061e4435 ;
fromusername : oKwkYw7K9xHIr91Csk-qENfcagnM ;
createtime : 1493947252 ;
msgtype : event ;
event : TEMPLATESENDJOBFINISH ;
msgid : 412736784 ;
status : success ;
from : oKwkYw7K9xHIr91Csk-qENfcagnM ;
to : gh_6536061e4435 ;
time : 1493947252 ;
type : event ;

2017-05-05 09:20:53 params :
------------
Array:
rule : -2 ;
module :  ;
message : Array ;

2017-05-05 09:20:53 response :
------------

2017-05-05 09:21:02 trace :
------------
Array:
tousername : gh_6536061e4435 ;
fromusername : oKwkYw5Hv5-mrEGrZ572fv2JrB_s ;
createtime : 1493947262 ;
msgtype : event ;
event : TEMPLATESENDJOBFINISH ;
msgid : 412736786 ;
status : success ;
from : oKwkYw5Hv5-mrEGrZ572fv2JrB_s ;
to : gh_6536061e4435 ;
time : 1493947262 ;
type : event ;

2017-05-05 09:21:02 params :
------------
Array:
rule : -2 ;
module :  ;
message : Array ;

2017-05-05 09:21:02 response :
------------

2017-05-05 09:21:02 trace :
------------
Array:
tousername : gh_6536061e4435 ;
fromusername : oKwkYw7K9xHIr91Csk-qENfcagnM ;
createtime : 1493947262 ;
msgtype : event ;
event : TEMPLATESENDJOBFINISH ;
msgid : 412736787 ;
status : success ;
from : oKwkYw7K9xHIr91Csk-qENfcagnM ;
to : gh_6536061e4435 ;
time : 1493947262 ;
type : event ;

2017-05-05 09:21:02 params :
------------
Array:
rule : -2 ;
module :  ;
message : Array ;

2017-05-05 09:21:02 response :
------------

2017-05-05 09:21:35 trace :
------------
Array:
tousername : gh_6536061e4435 ;
fromusername : oKwkYw5Hv5-mrEGrZ572fv2JrB_s ;
createtime : 1493947295 ;
msgtype : event ;
event : VIEW ;
eventkey : http://kh39.61why.com/app/index.php?i=2&c=entry&eid=198 ;
menuid : 410600728 ;
from : oKwkYw5Hv5-mrEGrZ572fv2JrB_s ;
to : gh_6536061e4435 ;
time : 1493947295 ;
type : event ;

2017-05-05 09:21:35 params :
------------
Array:
rule : -2 ;
module :  ;
message : Array ;

2017-05-05 09:21:35 response :
------------

2017-05-05 09:21:37 trace :
------------
Array:
tousername : gh_6536061e4435 ;
fromusername : oKwkYw73fcUnWiyMDDBQMAekYhZI ;
createtime : 1493947297 ;
msgtype : event ;
event : VIEW ;
eventkey : http://kh39.61why.com/app/index.php?i=2&c=entry&eid=198 ;
menuid : 410600728 ;
from : oKwkYw73fcUnWiyMDDBQMAekYhZI ;
to : gh_6536061e4435 ;
time : 1493947297 ;
type : event ;

2017-05-05 09:21:37 params :
------------
Array:
rule : -2 ;
module :  ;
message : Array ;

2017-05-05 09:21:37 response :
------------

2017-05-05 09:37:29 trace :
------------
Array:
tousername : gh_6536061e4435 ;
fromusername : oKwkYwz2_4i8MLv7Wo45fQdptofY ;
createtime : 1493948249 ;
msgtype : event ;
event : CLICK ;
eventkey : 二维码 ;
from : oKwkYwz2_4i8MLv7Wo45fQdptofY ;
to : gh_6536061e4435 ;
time : 1493948249 ;
type : event ;

2017-05-05 09:43:28 trace :
------------
Array:
tousername : gh_6536061e4435 ;
fromusername : oKwkYw0Lffxa65YQCLVZZ6tPc_NA ;
createtime : 1493948608 ;
msgtype : event ;
event : VIEW ;
eventkey : http://kh39.61why.com/app/index.php?i=2&c=entry&eid=198 ;
menuid : 410600728 ;
from : oKwkYw0Lffxa65YQCLVZZ6tPc_NA ;
to : gh_6536061e4435 ;
time : 1493948608 ;
type : event ;

2017-05-05 09:43:28 params :
------------
Array:
rule : -2 ;
module :  ;
message : Array ;

2017-05-05 09:43:28 response :
------------

2017-05-05 09:49:43 trace :
------------
Array:
tousername : gh_6536061e4435 ;
fromusername : oKwkYw7hJUuGdCdeObYkYaF6d9xo ;
createtime : 1493948983 ;
msgtype : event ;
event : subscribe ;
eventkey : qrscene_96821dd1107839a5b9baa5482257d38b ;
ticket : gQHD8TwAAAAAAAAAAS5odHRwOi8vd2VpeGluLnFxLmNvbS9xLzAydnQtdzBPSDljbzMxMDAwME0wN2MAAgTDpQpZAwQAAAAA ;
from : oKwkYw7hJUuGdCdeObYkYaF6d9xo ;
to : gh_6536061e4435 ;
time : 1493948983 ;
type : subscribe ;
scene : 96821dd1107839a5b9baa5482257d38b ;

2017-05-05 09:50:46 trace :
------------
Array:
tousername : gh_6536061e4435 ;
fromusername : oKwkYw0D7snKw9WJkTr_EzwW-SF0 ;
createtime : 1493949046 ;
msgtype : event ;
event : VIEW ;
eventkey : http://kh39.61why.com/app/index.php?i=2&c=entry&eid=198 ;
menuid : 410600728 ;
from : oKwkYw0D7snKw9WJkTr_EzwW-SF0 ;
to : gh_6536061e4435 ;
time : 1493949046 ;
type : event ;

2017-05-05 09:50:46 params :
------------
Array:
rule : -2 ;
module :  ;
message : Array ;

2017-05-05 09:50:46 response :
------------

2017-05-05 09:51:58 trace :
------------
Array:
tousername : gh_6536061e4435 ;
fromusername : oKwkYw9cxY2YTK4xmAI5slFwH7_4 ;
createtime : 1493949117 ;
msgtype : event ;
event : subscribe ;
eventkey : Array ;
from : oKwkYw9cxY2YTK4xmAI5slFwH7_4 ;
to : gh_6536061e4435 ;
time : 1493949117 ;
type : subscribe ;

2017-05-05 09:51:58 params :
------------
Array:
rule : -2 ;
module :  ;
message : Array ;

2017-05-05 09:51:58 response :
------------

2017-05-05 09:52:12 trace :
------------
Array:
tousername : gh_6536061e4435 ;
fromusername : oKwkYw9cxY2YTK4xmAI5slFwH7_4 ;
createtime : 1493949132 ;
msgtype : event ;
event : VIEW ;
eventkey : http://kh39.61why.com/app/index.php?i=2&c=entry&eid=194 ;
menuid : 410600728 ;
from : oKwkYw9cxY2YTK4xmAI5slFwH7_4 ;
to : gh_6536061e4435 ;
time : 1493949132 ;
type : event ;

2017-05-05 09:52:12 params :
------------
Array:
rule : -2 ;
module :  ;
message : Array ;

2017-05-05 09:52:12 response :
------------

2017-05-05 09:53:44 trace :
------------
Array:
tousername : gh_6536061e4435 ;
fromusername : oKwkYwz2_4i8MLv7Wo45fQdptofY ;
createtime : 1493949224 ;
msgtype : event ;
event : VIEW ;
eventkey : http://kh39.61why.com/app/index.php?i=2&c=entry&eid=194 ;
menuid : 410600728 ;
from : oKwkYwz2_4i8MLv7Wo45fQdptofY ;
to : gh_6536061e4435 ;
time : 1493949224 ;
type : event ;

2017-05-05 09:53:44 params :
------------
Array:
rule : -2 ;
module :  ;
message : Array ;

2017-05-05 09:53:44 response :
------------

2017-05-05 09:54:09 trace :
------------
Array:
tousername : gh_6536061e4435 ;
fromusername : oKwkYwz2_4i8MLv7Wo45fQdptofY ;
createtime : 1493949249 ;
msgtype : event ;
event : VIEW ;
eventkey : http://kh39.61why.com/app/index.php?i=2&c=entry&eid=194 ;
menuid : 410600728 ;
from : oKwkYwz2_4i8MLv7Wo45fQdptofY ;
to : gh_6536061e4435 ;
time : 1493949249 ;
type : event ;

2017-05-05 09:54:09 params :
------------
Array:
rule : -2 ;
module :  ;
message : Array ;

2017-05-05 09:54:09 response :
------------

2017-05-05 09:58:24 trace :
------------
Array:
tousername : gh_6536061e4435 ;
fromusername : oKwkYw9cxY2YTK4xmAI5slFwH7_4 ;
createtime : 1493949503 ;
msgtype : event ;
event : VIEW ;
eventkey : http://kh39.61why.com/app/index.php?i=2&c=entry&eid=194 ;
menuid : 410600728 ;
from : oKwkYw9cxY2YTK4xmAI5slFwH7_4 ;
to : gh_6536061e4435 ;
time : 1493949503 ;
type : event ;

2017-05-05 09:58:24 params :
------------
Array:
rule : -2 ;
module :  ;
message : Array ;

2017-05-05 09:58:24 response :
------------

2017-05-05 09:58:24 trace :
------------
Array:
tousername : gh_6536061e4435 ;
fromusername : oKwkYw9cxY2YTK4xmAI5slFwH7_4 ;
createtime : 1493949503 ;
msgtype : event ;
event : VIEW ;
eventkey : http://kh39.61why.com/app/index.php?i=2&c=entry&eid=194 ;
menuid : 410600728 ;
from : oKwkYw9cxY2YTK4xmAI5slFwH7_4 ;
to : gh_6536061e4435 ;
time : 1493949503 ;
type : event ;

2017-05-05 09:58:24 params :
------------
Array:
rule : -2 ;
module :  ;
message : Array ;

2017-05-05 09:58:24 response :
------------

2017-05-05 09:59:42 trace :
------------
Array:
tousername : gh_6536061e4435 ;
fromusername : oKwkYw9cxY2YTK4xmAI5slFwH7_4 ;
createtime : 1493949582 ;
msgtype : event ;
event : VIEW ;
eventkey : http://kh39.61why.com/app/index.php?i=2&c=entry&eid=194 ;
menuid : 410600728 ;
from : oKwkYw9cxY2YTK4xmAI5slFwH7_4 ;
to : gh_6536061e4435 ;
time : 1493949582 ;
type : event ;

2017-05-05 09:59:42 params :
------------
Array:
rule : -2 ;
module :  ;
message : Array ;

2017-05-05 09:59:42 response :
------------

2017-05-05 10:02:36 trace :
------------
Array:
tousername : gh_6536061e4435 ;
fromusername : oKwkYw9cxY2YTK4xmAI5slFwH7_4 ;
createtime : 1493949756 ;
msgtype : event ;
event : VIEW ;
eventkey : http://kh39.61why.com/app/index.php?i=2&c=entry&eid=194 ;
menuid : 410600728 ;
from : oKwkYw9cxY2YTK4xmAI5slFwH7_4 ;
to : gh_6536061e4435 ;
time : 1493949756 ;
type : event ;

2017-05-05 10:02:36 params :
------------
Array:
rule : -2 ;
module :  ;
message : Array ;

2017-05-05 10:02:36 response :
------------

2017-05-05 10:03:30 trace :
------------
Array:
tousername : gh_6536061e4435 ;
fromusername : oKwkYw9cxY2YTK4xmAI5slFwH7_4 ;
createtime : 1493949810 ;
msgtype : event ;
event : VIEW ;
eventkey : http://kh39.61why.com/app/index.php?i=2&c=entry&eid=194 ;
menuid : 410600728 ;
from : oKwkYw9cxY2YTK4xmAI5slFwH7_4 ;
to : gh_6536061e4435 ;
time : 1493949810 ;
type : event ;

2017-05-05 10:03:30 params :
------------
Array:
rule : -2 ;
module :  ;
message : Array ;

2017-05-05 10:03:30 response :
------------

2017-05-05 10:06:53 trace :
------------
Array:
tousername : gh_6536061e4435 ;
fromusername : oKwkYw9cxY2YTK4xmAI5slFwH7_4 ;
createtime : 1493950013 ;
msgtype : event ;
event : VIEW ;
eventkey : http://kh39.61why.com/app/index.php?i=2&c=entry&eid=194 ;
menuid : 410600728 ;
from : oKwkYw9cxY2YTK4xmAI5slFwH7_4 ;
to : gh_6536061e4435 ;
time : 1493950013 ;
type : event ;

2017-05-05 10:06:53 params :
------------
Array:
rule : -2 ;
module :  ;
message : Array ;

2017-05-05 10:06:53 response :
------------

2017-05-05 10:14:43 trace :
------------
Array:
tousername : gh_6536061e4435 ;
fromusername : oKwkYw7Bkin9Cejh8Z-6PzFdyV4E ;
createtime : 1493950483 ;
msgtype : event ;
event : VIEW ;
eventkey : http://kh39.61why.com/app/index.php?i=2&c=entry&eid=198 ;
menuid : 410600728 ;
from : oKwkYw7Bkin9Cejh8Z-6PzFdyV4E ;
to : gh_6536061e4435 ;
time : 1493950483 ;
type : event ;

2017-05-05 10:14:43 params :
------------
Array:
rule : -2 ;
module :  ;
message : Array ;

2017-05-05 10:14:43 response :
------------

2017-05-05 10:18:53 trace :
------------
Array:
tousername : gh_6536061e4435 ;
fromusername : oKwkYw7hJUuGdCdeObYkYaF6d9xo ;
createtime : 1493950733 ;
msgtype : event ;
event : CLICK ;
eventkey : 二维码 ;
from : oKwkYw7hJUuGdCdeObYkYaF6d9xo ;
to : gh_6536061e4435 ;
time : 1493950733 ;
type : event ;

2017-05-05 10:19:12 trace :
------------
Array:
tousername : gh_6536061e4435 ;
fromusername : oKwkYw7hJUuGdCdeObYkYaF6d9xo ;
createtime : 1493950752 ;
msgtype : event ;
event : VIEW ;
eventkey : http://kh39.61why.com/app/index.php?i=2&c=entry&eid=194 ;
menuid : 410600728 ;
from : oKwkYw7hJUuGdCdeObYkYaF6d9xo ;
to : gh_6536061e4435 ;
time : 1493950752 ;
type : event ;

2017-05-05 10:19:12 params :
------------
Array:
rule : -2 ;
module :  ;
message : Array ;

2017-05-05 10:19:12 response :
------------

2017-05-05 10:19:50 trace :
------------
Array:
tousername : gh_6536061e4435 ;
fromusername : oKwkYw7hJUuGdCdeObYkYaF6d9xo ;
createtime : 1493950790 ;
msgtype : event ;
event : VIEW ;
eventkey : http://kh39.61why.com/app/index.php?i=2&c=entry&eid=194 ;
menuid : 410600728 ;
from : oKwkYw7hJUuGdCdeObYkYaF6d9xo ;
to : gh_6536061e4435 ;
time : 1493950790 ;
type : event ;

2017-05-05 10:19:50 params :
------------
Array:
rule : -2 ;
module :  ;
message : Array ;

2017-05-05 10:19:50 response :
------------

2017-05-05 10:23:18 trace :
------------
Array:
tousername : gh_6536061e4435 ;
fromusername : oKwkYw7pQ-JqP9vIIA8GLv7-Wtjk ;
createtime : 1493950998 ;
msgtype : event ;
event : VIEW ;
eventkey : http://kh39.61why.com/app/index.php?i=2&c=entry&eid=198 ;
menuid : 410600728 ;
from : oKwkYw7pQ-JqP9vIIA8GLv7-Wtjk ;
to : gh_6536061e4435 ;
time : 1493950998 ;
type : event ;

2017-05-05 10:23:18 params :
------------
Array:
rule : -2 ;
module :  ;
message : Array ;

2017-05-05 10:23:18 response :
------------

2017-05-05 10:23:49 trace :
------------
Array:
tousername : gh_6536061e4435 ;
fromusername : oKwkYw7pQ-JqP9vIIA8GLv7-Wtjk ;
createtime : 1493951029 ;
msgtype : event ;
event : VIEW ;
eventkey : http://kh39.61why.com/app/index.php?i=2&c=entry&eid=198 ;
menuid : 410600728 ;
from : oKwkYw7pQ-JqP9vIIA8GLv7-Wtjk ;
to : gh_6536061e4435 ;
time : 1493951029 ;
type : event ;

2017-05-05 10:23:49 params :
------------
Array:
rule : -2 ;
module :  ;
message : Array ;

2017-05-05 10:23:49 response :
------------

2017-05-05 10:24:14 trace :
------------
Array:
tousername : gh_6536061e4435 ;
fromusername : oKwkYw7pQ-JqP9vIIA8GLv7-Wtjk ;
createtime : 1493951054 ;
msgtype : event ;
event : VIEW ;
eventkey : http://kh39.61why.com/app/index.php?i=2&c=entry&eid=198 ;
menuid : 410600728 ;
from : oKwkYw7pQ-JqP9vIIA8GLv7-Wtjk ;
to : gh_6536061e4435 ;
time : 1493951054 ;
type : event ;

2017-05-05 10:24:14 params :
------------
Array:
rule : -2 ;
module :  ;
message : Array ;

2017-05-05 10:24:14 response :
------------

2017-05-05 10:25:25 trace :
------------
Array:
tousername : gh_6536061e4435 ;
fromusername : oKwkYw7pQ-JqP9vIIA8GLv7-Wtjk ;
createtime : 1493951125 ;
msgtype : event ;
event : CLICK ;
eventkey : 二维码 ;
from : oKwkYw7pQ-JqP9vIIA8GLv7-Wtjk ;
to : gh_6536061e4435 ;
time : 1493951125 ;
type : event ;

2017-05-05 10:29:26 trace :
------------
Array:
tousername : gh_6536061e4435 ;
fromusername : oKwkYw1hdHu_NiSw4Dn_tLeEcWuc ;
createtime : 1493951366 ;
msgtype : event ;
event : VIEW ;
eventkey : http://kh39.61why.com/app/index.php?i=2&c=entry&eid=198 ;
menuid : 410600728 ;
from : oKwkYw1hdHu_NiSw4Dn_tLeEcWuc ;
to : gh_6536061e4435 ;
time : 1493951366 ;
type : event ;

2017-05-05 10:29:26 params :
------------
Array:
rule : -2 ;
module :  ;
message : Array ;

2017-05-05 10:29:26 response :
------------

2017-05-05 10:37:48 trace :
------------
Array:
tousername : gh_6536061e4435 ;
fromusername : oKwkYw8QrMqQZDscIE3N-jvo8hmI ;
createtime : 1493951868 ;
msgtype : event ;
event : VIEW ;
eventkey : http://kh39.61why.com/app/index.php?i=2&c=entry&eid=194 ;
menuid : 410600728 ;
from : oKwkYw8QrMqQZDscIE3N-jvo8hmI ;
to : gh_6536061e4435 ;
time : 1493951868 ;
type : event ;

2017-05-05 10:37:48 params :
------------
Array:
rule : -2 ;
module :  ;
message : Array ;

2017-05-05 10:37:48 response :
------------

2017-05-05 10:43:48 trace :
------------
Array:
tousername : gh_6536061e4435 ;
fromusername : oKwkYw_xZ14UQdvrJFuiI5E87n8w ;
createtime : 1493952228 ;
msgtype : event ;
event : VIEW ;
eventkey : http://kh39.61why.com/app/index.php?i=2&c=entry&eid=198 ;
menuid : 410600728 ;
from : oKwkYw_xZ14UQdvrJFuiI5E87n8w ;
to : gh_6536061e4435 ;
time : 1493952228 ;
type : event ;

2017-05-05 10:43:48 params :
------------
Array:
rule : -2 ;
module :  ;
message : Array ;

2017-05-05 10:43:48 response :
------------

2017-05-05 10:43:50 trace :
------------
Array:
tousername : gh_6536061e4435 ;
fromusername : oKwkYw_xZ14UQdvrJFuiI5E87n8w ;
createtime : 1493952230 ;
msgtype : event ;
event : VIEW ;
eventkey : http://kh39.61why.com/app/index.php?i=2&c=entry&eid=198 ;
menuid : 410600728 ;
from : oKwkYw_xZ14UQdvrJFuiI5E87n8w ;
to : gh_6536061e4435 ;
time : 1493952230 ;
type : event ;

2017-05-05 10:43:50 params :
------------
Array:
rule : -2 ;
module :  ;
message : Array ;

2017-05-05 10:43:50 response :
------------

2017-05-05 10:51:32 trace :
------------
Array:
tousername : gh_6536061e4435 ;
fromusername : oKwkYw9cxY2YTK4xmAI5slFwH7_4 ;
createtime : 1493952692 ;
msgtype : event ;
event : VIEW ;
eventkey : http://kh39.61why.com/app/index.php?i=2&c=entry&eid=194 ;
menuid : 410600728 ;
from : oKwkYw9cxY2YTK4xmAI5slFwH7_4 ;
to : gh_6536061e4435 ;
time : 1493952692 ;
type : event ;

2017-05-05 10:51:32 params :
------------
Array:
rule : -2 ;
module :  ;
message : Array ;

2017-05-05 10:51:32 response :
------------

2017-05-05 10:52:29 trace :
------------
Array:
tousername : gh_6536061e4435 ;
fromusername : oKwkYw9cxY2YTK4xmAI5slFwH7_4 ;
createtime : 1493952749 ;
msgtype : event ;
event : VIEW ;
eventkey : http://kh39.61why.com/app/index.php?i=2&c=entry&eid=194 ;
menuid : 410600728 ;
from : oKwkYw9cxY2YTK4xmAI5slFwH7_4 ;
to : gh_6536061e4435 ;
time : 1493952749 ;
type : event ;

2017-05-05 10:52:29 params :
------------
Array:
rule : -2 ;
module :  ;
message : Array ;

2017-05-05 10:52:29 response :
------------

2017-05-05 10:53:10 trace :
------------
Array:
tousername : gh_6536061e4435 ;
fromusername : oKwkYw9cxY2YTK4xmAI5slFwH7_4 ;
createtime : 1493952790 ;
msgtype : event ;
event : VIEW ;
eventkey : http://kh39.61why.com/app/index.php?i=2&c=entry&eid=198 ;
menuid : 410600728 ;
from : oKwkYw9cxY2YTK4xmAI5slFwH7_4 ;
to : gh_6536061e4435 ;
time : 1493952790 ;
type : event ;

2017-05-05 10:53:10 params :
------------
Array:
rule : -2 ;
module :  ;
message : Array ;

2017-05-05 10:53:10 response :
------------

2017-05-05 10:58:14 trace :
------------
Array:
tousername : gh_6536061e4435 ;
fromusername : oKwkYw9cxY2YTK4xmAI5slFwH7_4 ;
createtime : 1493953094 ;
msgtype : event ;
event : VIEW ;
eventkey : http://kh39.61why.com/app/index.php?i=2&c=entry&eid=194 ;
menuid : 410600728 ;
from : oKwkYw9cxY2YTK4xmAI5slFwH7_4 ;
to : gh_6536061e4435 ;
time : 1493953094 ;
type : event ;

2017-05-05 10:58:14 params :
------------
Array:
rule : -2 ;
module :  ;
message : Array ;

2017-05-05 10:58:14 response :
------------

2017-05-05 10:58:26 trace :
------------
Array:
tousername : gh_6536061e4435 ;
fromusername : oKwkYw9cxY2YTK4xmAI5slFwH7_4 ;
createtime : 1493953106 ;
msgtype : event ;
event : VIEW ;
eventkey : http://kh39.61why.com/app/index.php?i=2&c=entry&eid=198 ;
menuid : 410600728 ;
from : oKwkYw9cxY2YTK4xmAI5slFwH7_4 ;
to : gh_6536061e4435 ;
time : 1493953106 ;
type : event ;

2017-05-05 10:58:26 params :
------------
Array:
rule : -2 ;
module :  ;
message : Array ;

2017-05-05 10:58:26 response :
------------

2017-05-05 11:02:09 trace :
------------
Array:
tousername : gh_6536061e4435 ;
fromusername : oKwkYw7Bkin9Cejh8Z-6PzFdyV4E ;
createtime : 1493953328 ;
msgtype : event ;
event : VIEW ;
eventkey : http://kh39.61why.com/app/index.php?i=2&c=entry&eid=194 ;
menuid : 410600728 ;
from : oKwkYw7Bkin9Cejh8Z-6PzFdyV4E ;
to : gh_6536061e4435 ;
time : 1493953328 ;
type : event ;

2017-05-05 11:02:09 params :
------------
Array:
rule : -2 ;
module :  ;
message : Array ;

2017-05-05 11:02:09 response :
------------

2017-05-05 11:06:44 trace :
------------
Array:
tousername : gh_6536061e4435 ;
fromusername : oKwkYw07OK3MciV6IDhGEI3qJFBU ;
createtime : 1493953603 ;
msgtype : event ;
event : VIEW ;
eventkey : http://kh39.61why.com/app/index.php?i=2&c=entry&eid=198 ;
menuid : 410600728 ;
from : oKwkYw07OK3MciV6IDhGEI3qJFBU ;
to : gh_6536061e4435 ;
time : 1493953603 ;
type : event ;

2017-05-05 11:06:44 params :
------------
Array:
rule : -2 ;
module :  ;
message : Array ;

2017-05-05 11:06:44 response :
------------

2017-05-05 11:06:47 trace :
------------
Array:
tousername : gh_6536061e4435 ;
fromusername : oKwkYw07OK3MciV6IDhGEI3qJFBU ;
createtime : 1493953607 ;
msgtype : event ;
event : VIEW ;
eventkey : http://kh39.61why.com/app/index.php?i=2&c=entry&eid=194 ;
menuid : 410600728 ;
from : oKwkYw07OK3MciV6IDhGEI3qJFBU ;
to : gh_6536061e4435 ;
time : 1493953607 ;
type : event ;

2017-05-05 11:06:47 params :
------------
Array:
rule : -2 ;
module :  ;
message : Array ;

2017-05-05 11:06:47 response :
------------

2017-05-05 11:06:58 trace :
------------
Array:
tousername : gh_6536061e4435 ;
fromusername : oKwkYw5hiet9aIoMvpfdt0UcJyzc ;
createtime : 1493953618 ;
msgtype : event ;
event : VIEW ;
eventkey : http://kh39.61why.com/app/index.php?i=2&c=entry&eid=198 ;
menuid : 410600728 ;
from : oKwkYw5hiet9aIoMvpfdt0UcJyzc ;
to : gh_6536061e4435 ;
time : 1493953618 ;
type : event ;

2017-05-05 11:06:58 params :
------------
Array:
rule : -2 ;
module :  ;
message : Array ;

2017-05-05 11:06:58 response :
------------

2017-05-05 11:08:27 trace :
------------
Array:
tousername : gh_6536061e4435 ;
fromusername : oKwkYw07OK3MciV6IDhGEI3qJFBU ;
createtime : 1493953707 ;
msgtype : event ;
event : VIEW ;
eventkey : http://kh39.61why.com/app/index.php?i=2&c=entry&eid=198 ;
menuid : 410600728 ;
from : oKwkYw07OK3MciV6IDhGEI3qJFBU ;
to : gh_6536061e4435 ;
time : 1493953707 ;
type : event ;

2017-05-05 11:08:27 params :
------------
Array:
rule : -2 ;
module :  ;
message : Array ;

2017-05-05 11:08:27 response :
------------

2017-05-05 11:10:04 trace :
------------
Array:
tousername : gh_6536061e4435 ;
fromusername : oKwkYw5hiet9aIoMvpfdt0UcJyzc ;
createtime : 1493953804 ;
msgtype : event ;
event : VIEW ;
eventkey : http://kh39.61why.com/app/index.php?i=2&c=entry&eid=194 ;
menuid : 410600728 ;
from : oKwkYw5hiet9aIoMvpfdt0UcJyzc ;
to : gh_6536061e4435 ;
time : 1493953804 ;
type : event ;

2017-05-05 11:10:04 params :
------------
Array:
rule : -2 ;
module :  ;
message : Array ;

2017-05-05 11:10:04 response :
------------

2017-05-05 11:10:31 trace :
------------
Array:
tousername : gh_6536061e4435 ;
fromusername : oKwkYw07OK3MciV6IDhGEI3qJFBU ;
createtime : 1493953831 ;
msgtype : event ;
event : VIEW ;
eventkey : http://kh39.61why.com/app/index.php?i=2&c=entry&eid=198 ;
menuid : 410600728 ;
from : oKwkYw07OK3MciV6IDhGEI3qJFBU ;
to : gh_6536061e4435 ;
time : 1493953831 ;
type : event ;

2017-05-05 11:10:31 params :
------------
Array:
rule : -2 ;
module :  ;
message : Array ;

2017-05-05 11:10:31 response :
------------

2017-05-05 11:16:45 trace :
------------
Array:
tousername : gh_6536061e4435 ;
fromusername : oKwkYw9A27iCE2wbx5IXncAJ21Sw ;
createtime : 1493954205 ;
msgtype : event ;
event : VIEW ;
eventkey : http://kh39.61why.com/app/index.php?i=2&c=entry&eid=198 ;
menuid : 410600728 ;
from : oKwkYw9A27iCE2wbx5IXncAJ21Sw ;
to : gh_6536061e4435 ;
time : 1493954205 ;
type : event ;

2017-05-05 11:16:45 params :
------------
Array:
rule : -2 ;
module :  ;
message : Array ;

2017-05-05 11:16:45 response :
------------

2017-05-05 11:28:36 trace :
------------
Array:
tousername : gh_6536061e4435 ;
fromusername : oKwkYw5aHcyjux9ql6D7O9WEBmx4 ;
createtime : 1493954915 ;
msgtype : event ;
event : VIEW ;
eventkey : http://kh39.61why.com/app/index.php?i=2&c=entry&eid=198 ;
menuid : 410600728 ;
from : oKwkYw5aHcyjux9ql6D7O9WEBmx4 ;
to : gh_6536061e4435 ;
time : 1493954915 ;
type : event ;

2017-05-05 11:28:36 params :
------------
Array:
rule : -2 ;
module :  ;
message : Array ;

2017-05-05 11:28:36 response :
------------

2017-05-05 11:32:50 trace :
------------
Array:
tousername : gh_6536061e4435 ;
fromusername : oKwkYw7hJUuGdCdeObYkYaF6d9xo ;
createtime : 1493955170 ;
msgtype : event ;
event : VIEW ;
eventkey : http://kh39.61why.com/app/index.php?i=2&c=entry&eid=194 ;
menuid : 410600728 ;
from : oKwkYw7hJUuGdCdeObYkYaF6d9xo ;
to : gh_6536061e4435 ;
time : 1493955170 ;
type : event ;

2017-05-05 11:32:50 params :
------------
Array:
rule : -2 ;
module :  ;
message : Array ;

2017-05-05 11:32:50 response :
------------

2017-05-05 11:33:27 trace :
------------
Array:
tousername : gh_6536061e4435 ;
fromusername : oKwkYw7hJUuGdCdeObYkYaF6d9xo ;
createtime : 1493955207 ;
msgtype : event ;
event : VIEW ;
eventkey : http://kh39.61why.com/app/index.php?i=2&c=entry&eid=194 ;
menuid : 410600728 ;
from : oKwkYw7hJUuGdCdeObYkYaF6d9xo ;
to : gh_6536061e4435 ;
time : 1493955207 ;
type : event ;

2017-05-05 11:33:27 params :
------------
Array:
rule : -2 ;
module :  ;
message : Array ;

2017-05-05 11:33:27 response :
------------

2017-05-05 11:39:52 trace :
------------
Array:
tousername : gh_6536061e4435 ;
fromusername : oKwkYw7xVetNAEM1_YifAbzUe9f8 ;
createtime : 1493955592 ;
msgtype : event ;
event : subscribe ;
eventkey : qrscene_f95f10c42c72e64f510cf695af230ced ;
ticket : gQGu8TwAAAAAAAAAAS5odHRwOi8vd2VpeGluLnFxLmNvbS9xLzAyOFRGUTFBSDljbzMxMDAwMDAwN3AAAgSOFG5YAwQAAAAA ;
from : oKwkYw7xVetNAEM1_YifAbzUe9f8 ;
to : gh_6536061e4435 ;
time : 1493955592 ;
type : subscribe ;
scene : f95f10c42c72e64f510cf695af230ced ;

2017-05-05 11:39:58 trace :
------------
Array:
tousername : gh_6536061e4435 ;
fromusername : oKwkYw7xVetNAEM1_YifAbzUe9f8 ;
createtime : 1493955598 ;
msgtype : event ;
event : VIEW ;
eventkey : http://kh39.61why.com/app/index.php?i=2&c=entry&eid=194 ;
menuid : 410600728 ;
from : oKwkYw7xVetNAEM1_YifAbzUe9f8 ;
to : gh_6536061e4435 ;
time : 1493955598 ;
type : event ;

2017-05-05 11:39:58 params :
------------
Array:
rule : -2 ;
module :  ;
message : Array ;

2017-05-05 11:39:58 response :
------------

2017-05-05 11:46:24 trace :
------------
Array:
tousername : gh_6536061e4435 ;
fromusername : oKwkYw7K9xHIr91Csk-qENfcagnM ;
createtime : 1493955984 ;
msgtype : event ;
event : VIEW ;
eventkey : http://kh39.61why.com/app/index.php?i=2&c=entry&eid=194 ;
menuid : 410600728 ;
from : oKwkYw7K9xHIr91Csk-qENfcagnM ;
to : gh_6536061e4435 ;
time : 1493955984 ;
type : event ;

2017-05-05 11:46:24 params :
------------
Array:
rule : -2 ;
module :  ;
message : Array ;

2017-05-05 11:46:24 response :
------------

2017-05-05 11:57:47 trace :
------------
Array:
tousername : gh_6536061e4435 ;
fromusername : oKwkYwwbOv_BcOTeeTmgTpcPYN8o ;
createtime : 1493956667 ;
msgtype : event ;
event : VIEW ;
eventkey : http://kh39.61why.com/app/index.php?i=2&c=entry&eid=198 ;
menuid : 410600728 ;
from : oKwkYwwbOv_BcOTeeTmgTpcPYN8o ;
to : gh_6536061e4435 ;
time : 1493956667 ;
type : event ;

2017-05-05 11:57:47 params :
------------
Array:
rule : -2 ;
module :  ;
message : Array ;

2017-05-05 11:57:47 response :
------------

2017-05-05 12:26:20 trace :
------------
Array:
tousername : gh_6536061e4435 ;
fromusername : oKwkYw5hiet9aIoMvpfdt0UcJyzc ;
createtime : 1493958380 ;
msgtype : event ;
event : VIEW ;
eventkey : http://kh39.61why.com/app/index.php?i=2&c=entry&eid=194 ;
menuid : 410600728 ;
from : oKwkYw5hiet9aIoMvpfdt0UcJyzc ;
to : gh_6536061e4435 ;
time : 1493958380 ;
type : event ;

2017-05-05 12:26:20 params :
------------
Array:
rule : -2 ;
module :  ;
message : Array ;

2017-05-05 12:26:20 response :
------------

2017-05-05 12:27:38 trace :
------------
Array:
tousername : gh_6536061e4435 ;
fromusername : oKwkYw5hiet9aIoMvpfdt0UcJyzc ;
createtime : 1493958458 ;
msgtype : event ;
event : CLICK ;
eventkey : 二维码 ;
from : oKwkYw5hiet9aIoMvpfdt0UcJyzc ;
to : gh_6536061e4435 ;
time : 1493958458 ;
type : event ;

2017-05-05 12:28:15 trace :
------------
Array:
tousername : gh_6536061e4435 ;
fromusername : oKwkYw_L58UlkYIG36vgC-LRk8D8 ;
createtime : 1493958494 ;
msgtype : event ;
event : subscribe ;
eventkey : qrscene_d8aef4db56ee9b3875f012496226d43e ;
ticket : gQGI8DwAAAAAAAAAAS5odHRwOi8vd2VpeGluLnFxLmNvbS9xLzAyd21ZRjFrSDljbzMxMDAwMGcwN0QAAgQeFW5YAwQAAAAA ;
from : oKwkYw_L58UlkYIG36vgC-LRk8D8 ;
to : gh_6536061e4435 ;
time : 1493958494 ;
type : subscribe ;
scene : d8aef4db56ee9b3875f012496226d43e ;

2017-05-05 12:28:19 trace :
------------
Array:
tousername : gh_6536061e4435 ;
fromusername : oKwkYw_L58UlkYIG36vgC-LRk8D8 ;
createtime : 1493958499 ;
msgtype : event ;
event : VIEW ;
eventkey : http://kh39.61why.com/app/index.php?i=2&c=entry&eid=194 ;
menuid : 410600728 ;
from : oKwkYw_L58UlkYIG36vgC-LRk8D8 ;
to : gh_6536061e4435 ;
time : 1493958499 ;
type : event ;

2017-05-05 12:28:19 params :
------------
Array:
rule : -2 ;
module :  ;
message : Array ;

2017-05-05 12:28:19 response :
------------

2017-05-05 12:29:13 trace :
------------
Array:
tousername : gh_6536061e4435 ;
fromusername : oKwkYw5hiet9aIoMvpfdt0UcJyzc ;
createtime : 1493958553 ;
msgtype : event ;
event : VIEW ;
eventkey : http://kh39.61why.com/app/index.php?i=2&c=entry&eid=198 ;
menuid : 410600728 ;
from : oKwkYw5hiet9aIoMvpfdt0UcJyzc ;
to : gh_6536061e4435 ;
time : 1493958553 ;
type : event ;

2017-05-05 12:29:13 params :
------------
Array:
rule : -2 ;
module :  ;
message : Array ;

2017-05-05 12:29:13 response :
------------

2017-05-05 12:29:45 trace :
------------
Array:
tousername : gh_6536061e4435 ;
fromusername : oKwkYw5sXngGX51w2pfx18xZ6HjM ;
createtime : 1493958585 ;
msgtype : event ;
event : subscribe ;
eventkey : qrscene_d8aef4db56ee9b3875f012496226d43e ;
ticket : gQGI8DwAAAAAAAAAAS5odHRwOi8vd2VpeGluLnFxLmNvbS9xLzAyd21ZRjFrSDljbzMxMDAwMGcwN0QAAgQeFW5YAwQAAAAA ;
from : oKwkYw5sXngGX51w2pfx18xZ6HjM ;
to : gh_6536061e4435 ;
time : 1493958585 ;
type : subscribe ;
scene : d8aef4db56ee9b3875f012496226d43e ;

2017-05-05 12:31:57 trace :
------------
Array:
tousername : gh_6536061e4435 ;
fromusername : oKwkYw5sXngGX51w2pfx18xZ6HjM ;
createtime : 1493958716 ;
msgtype : event ;
event : VIEW ;
eventkey : http://kh39.61why.com/app/index.php?i=2&c=entry&eid=194 ;
menuid : 410600728 ;
from : oKwkYw5sXngGX51w2pfx18xZ6HjM ;
to : gh_6536061e4435 ;
time : 1493958716 ;
type : event ;

2017-05-05 12:31:57 params :
------------
Array:
rule : -2 ;
module :  ;
message : Array ;

2017-05-05 12:31:57 response :
------------

2017-05-05 12:34:05 trace :
------------
Array:
tousername : gh_6536061e4435 ;
fromusername : oKwkYw5sXngGX51w2pfx18xZ6HjM ;
createtime : 1493958845 ;
msgtype : event ;
event : VIEW ;
eventkey : http://kh39.61why.com/app/index.php?i=2&c=entry&eid=194 ;
menuid : 410600728 ;
from : oKwkYw5sXngGX51w2pfx18xZ6HjM ;
to : gh_6536061e4435 ;
time : 1493958845 ;
type : event ;

2017-05-05 12:34:05 params :
------------
Array:
rule : -2 ;
module :  ;
message : Array ;

2017-05-05 12:34:05 response :
------------

2017-05-05 12:41:24 trace :
------------
Array:
tousername : gh_6536061e4435 ;
fromusername : oKwkYw_L58UlkYIG36vgC-LRk8D8 ;
createtime : 1493959284 ;
msgtype : event ;
event : VIEW ;
eventkey : http://kh39.61why.com/app/index.php?i=2&c=entry&eid=198 ;
menuid : 410600728 ;
from : oKwkYw_L58UlkYIG36vgC-LRk8D8 ;
to : gh_6536061e4435 ;
time : 1493959284 ;
type : event ;

2017-05-05 12:41:24 params :
------------
Array:
rule : -2 ;
module :  ;
message : Array ;

2017-05-05 12:41:24 response :
------------

2017-05-05 12:42:42 trace :
------------
Array:
tousername : gh_6536061e4435 ;
fromusername : oKwkYw_L58UlkYIG36vgC-LRk8D8 ;
createtime : 1493959362 ;
msgtype : event ;
event : VIEW ;
eventkey : http://kh39.61why.com/app/index.php?i=2&c=entry&eid=198 ;
menuid : 410600728 ;
from : oKwkYw_L58UlkYIG36vgC-LRk8D8 ;
to : gh_6536061e4435 ;
time : 1493959362 ;
type : event ;

2017-05-05 12:42:42 params :
------------
Array:
rule : -2 ;
module :  ;
message : Array ;

2017-05-05 12:42:42 response :
------------

2017-05-05 12:43:14 trace :
------------
Array:
tousername : gh_6536061e4435 ;
fromusername : oKwkYw5hiet9aIoMvpfdt0UcJyzc ;
createtime : 1493959394 ;
msgtype : event ;
event : VIEW ;
eventkey : http://kh39.61why.com/app/index.php?i=2&c=entry&eid=198 ;
menuid : 410600728 ;
from : oKwkYw5hiet9aIoMvpfdt0UcJyzc ;
to : gh_6536061e4435 ;
time : 1493959394 ;
type : event ;

2017-05-05 12:43:14 params :
------------
Array:
rule : -2 ;
module :  ;
message : Array ;

2017-05-05 12:43:14 response :
------------

2017-05-05 12:51:25 trace :
------------
Array:
tousername : gh_6536061e4435 ;
fromusername : oKwkYw5hiet9aIoMvpfdt0UcJyzc ;
createtime : 1493959885 ;
msgtype : event ;
event : VIEW ;
eventkey : http://kh39.61why.com/app/index.php?i=2&c=entry&eid=198 ;
menuid : 410600728 ;
from : oKwkYw5hiet9aIoMvpfdt0UcJyzc ;
to : gh_6536061e4435 ;
time : 1493959885 ;
type : event ;

2017-05-05 12:51:25 params :
------------
Array:
rule : -2 ;
module :  ;
message : Array ;

2017-05-05 12:51:25 response :
------------

2017-05-05 12:54:24 trace :
------------
Array:
tousername : gh_6536061e4435 ;
fromusername : oKwkYw_nikTtt2VKfB83ZMqz-nHs ;
createtime : 1493960064 ;
msgtype : event ;
event : VIEW ;
eventkey : http://kh39.61why.com/app/index.php?i=2&c=entry&eid=194 ;
menuid : 410600728 ;
from : oKwkYw_nikTtt2VKfB83ZMqz-nHs ;
to : gh_6536061e4435 ;
time : 1493960064 ;
type : event ;

2017-05-05 12:54:24 params :
------------
Array:
rule : -2 ;
module :  ;
message : Array ;

2017-05-05 12:54:24 response :
------------

2017-05-05 13:03:45 trace :
------------
Array:
tousername : gh_6536061e4435 ;
fromusername : oKwkYw_nikTtt2VKfB83ZMqz-nHs ;
createtime : 1493960625 ;
msgtype : event ;
event : VIEW ;
eventkey : http://kh39.61why.com/app/index.php?i=2&c=entry&eid=194 ;
menuid : 410600728 ;
from : oKwkYw_nikTtt2VKfB83ZMqz-nHs ;
to : gh_6536061e4435 ;
time : 1493960625 ;
type : event ;

2017-05-05 13:03:45 params :
------------
Array:
rule : -2 ;
module :  ;
message : Array ;

2017-05-05 13:03:45 response :
------------

2017-05-05 13:28:14 trace :
------------
Array:
tousername : gh_6536061e4435 ;
fromusername : oKwkYw_nikTtt2VKfB83ZMqz-nHs ;
createtime : 1493962094 ;
msgtype : event ;
event : VIEW ;
eventkey : http://kh39.61why.com/app/index.php?i=2&c=entry&eid=198 ;
menuid : 410600728 ;
from : oKwkYw_nikTtt2VKfB83ZMqz-nHs ;
to : gh_6536061e4435 ;
time : 1493962094 ;
type : event ;

2017-05-05 13:28:14 params :
------------
Array:
rule : -2 ;
module :  ;
message : Array ;

2017-05-05 13:28:14 response :
------------

2017-05-05 13:30:35 trace :
------------
Array:
tousername : gh_6536061e4435 ;
fromusername : oKwkYw33vcW5yZ9mMXWzzr2NRAlY ;
createtime : 1493962235 ;
msgtype : event ;
event : VIEW ;
eventkey : http://kh39.61why.com/app/index.php?i=2&c=entry&eid=198 ;
menuid : 410600728 ;
from : oKwkYw33vcW5yZ9mMXWzzr2NRAlY ;
to : gh_6536061e4435 ;
time : 1493962235 ;
type : event ;

2017-05-05 13:30:35 params :
------------
Array:
rule : -2 ;
module :  ;
message : Array ;

2017-05-05 13:30:35 response :
------------

2017-05-05 13:31:50 trace :
------------
Array:
tousername : gh_6536061e4435 ;
fromusername : oKwkYw_nikTtt2VKfB83ZMqz-nHs ;
createtime : 1493962310 ;
msgtype : event ;
event : VIEW ;
eventkey : http://kh39.61why.com/app/index.php?i=2&c=entry&eid=194 ;
menuid : 410600728 ;
from : oKwkYw_nikTtt2VKfB83ZMqz-nHs ;
to : gh_6536061e4435 ;
time : 1493962310 ;
type : event ;

2017-05-05 13:31:50 params :
------------
Array:
rule : -2 ;
module :  ;
message : Array ;

2017-05-05 13:31:50 response :
------------

2017-05-05 13:32:09 trace :
------------
Array:
tousername : gh_6536061e4435 ;
fromusername : oKwkYw_nikTtt2VKfB83ZMqz-nHs ;
createtime : 1493962329 ;
msgtype : event ;
event : VIEW ;
eventkey : http://kh39.61why.com/app/index.php?i=2&c=entry&eid=194 ;
menuid : 410600728 ;
from : oKwkYw_nikTtt2VKfB83ZMqz-nHs ;
to : gh_6536061e4435 ;
time : 1493962329 ;
type : event ;

2017-05-05 13:32:09 params :
------------
Array:
rule : -2 ;
module :  ;
message : Array ;

2017-05-05 13:32:09 response :
------------

2017-05-05 13:33:19 trace :
------------
Array:
tousername : gh_6536061e4435 ;
fromusername : oKwkYw33vcW5yZ9mMXWzzr2NRAlY ;
createtime : 1493962398 ;
msgtype : event ;
event : VIEW ;
eventkey : http://kh39.61why.com/app/index.php?i=2&c=entry&eid=198 ;
menuid : 410600728 ;
from : oKwkYw33vcW5yZ9mMXWzzr2NRAlY ;
to : gh_6536061e4435 ;
time : 1493962398 ;
type : event ;

2017-05-05 13:33:19 params :
------------
Array:
rule : -2 ;
module :  ;
message : Array ;

2017-05-05 13:33:19 response :
------------

2017-05-05 13:36:34 trace :
------------
Array:
tousername : gh_6536061e4435 ;
fromusername : oKwkYw_nikTtt2VKfB83ZMqz-nHs ;
createtime : 1493962594 ;
msgtype : event ;
event : CLICK ;
eventkey : 二维码 ;
from : oKwkYw_nikTtt2VKfB83ZMqz-nHs ;
to : gh_6536061e4435 ;
time : 1493962594 ;
type : event ;

2017-05-05 13:41:22 trace :
------------
Array:
tousername : gh_6536061e4435 ;
fromusername : oKwkYw33vcW5yZ9mMXWzzr2NRAlY ;
createtime : 1493962882 ;
msgtype : event ;
event : VIEW ;
eventkey : http://kh39.61why.com/app/index.php?i=2&c=entry&eid=198 ;
menuid : 410600728 ;
from : oKwkYw33vcW5yZ9mMXWzzr2NRAlY ;
to : gh_6536061e4435 ;
time : 1493962882 ;
type : event ;

2017-05-05 13:41:22 params :
------------
Array:
rule : -2 ;
module :  ;
message : Array ;

2017-05-05 13:41:22 response :
------------

2017-05-05 13:42:02 trace :
------------
Array:
tousername : gh_6536061e4435 ;
fromusername : oKwkYw9X3_x-lSjK1PSurxVvT8R4 ;
createtime : 1493962922 ;
msgtype : event ;
event : subscribe ;
eventkey : qrscene_5a204d2bae5a6c7ee18d5cc557bafbe0 ;
ticket : gQHc8TwAAAAAAAAAAS5odHRwOi8vd2VpeGluLnFxLmNvbS9xLzAySWVwbjBLSDljbzMxMDAwMGcwNzcAAgS3tQVZAwQAAAAA ;
from : oKwkYw9X3_x-lSjK1PSurxVvT8R4 ;
to : gh_6536061e4435 ;
time : 1493962922 ;
type : subscribe ;
scene : 5a204d2bae5a6c7ee18d5cc557bafbe0 ;

2017-05-05 13:42:12 trace :
------------
Array:
tousername : gh_6536061e4435 ;
fromusername : oKwkYw9X3_x-lSjK1PSurxVvT8R4 ;
createtime : 1493962931 ;
msgtype : event ;
event : VIEW ;
eventkey : http://kh39.61why.com/app/index.php?i=2&c=entry&eid=194 ;
menuid : 410600728 ;
from : oKwkYw9X3_x-lSjK1PSurxVvT8R4 ;
to : gh_6536061e4435 ;
time : 1493962931 ;
type : event ;

2017-05-05 13:42:12 params :
------------
Array:
rule : -2 ;
module :  ;
message : Array ;

2017-05-05 13:42:12 response :
------------

2017-05-05 13:42:18 trace :
------------
Array:
tousername : gh_6536061e4435 ;
fromusername : oKwkYw_nikTtt2VKfB83ZMqz-nHs ;
createtime : 1493962938 ;
msgtype : event ;
event : VIEW ;
eventkey : http://kh39.61why.com/app/index.php?i=2&c=entry&eid=198 ;
menuid : 410600728 ;
from : oKwkYw_nikTtt2VKfB83ZMqz-nHs ;
to : gh_6536061e4435 ;
time : 1493962938 ;
type : event ;

2017-05-05 13:42:18 params :
------------
Array:
rule : -2 ;
module :  ;
message : Array ;

2017-05-05 13:42:18 response :
------------

2017-05-05 13:44:14 trace :
------------
Array:
tousername : gh_6536061e4435 ;
fromusername : oKwkYw5hiet9aIoMvpfdt0UcJyzc ;
createtime : 1493963054 ;
msgtype : event ;
event : VIEW ;
eventkey : http://kh39.61why.com/app/index.php?i=2&c=entry&eid=198 ;
menuid : 410600728 ;
from : oKwkYw5hiet9aIoMvpfdt0UcJyzc ;
to : gh_6536061e4435 ;
time : 1493963054 ;
type : event ;

2017-05-05 13:44:14 params :
------------
Array:
rule : -2 ;
module :  ;
message : Array ;

2017-05-05 13:44:14 response :
------------

2017-05-05 13:44:37 trace :
------------
Array:
tousername : gh_6536061e4435 ;
fromusername : oKwkYw9X3_x-lSjK1PSurxVvT8R4 ;
createtime : 1493963077 ;
msgtype : event ;
event : VIEW ;
eventkey : http://kh39.61why.com/app/index.php?i=2&c=entry&eid=194 ;
menuid : 410600728 ;
from : oKwkYw9X3_x-lSjK1PSurxVvT8R4 ;
to : gh_6536061e4435 ;
time : 1493963077 ;
type : event ;

2017-05-05 13:44:37 params :
------------
Array:
rule : -2 ;
module :  ;
message : Array ;

2017-05-05 13:44:37 response :
------------

2017-05-05 13:54:17 trace :
------------
Array:
tousername : gh_6536061e4435 ;
fromusername : oKwkYw5hiet9aIoMvpfdt0UcJyzc ;
createtime : 1493963657 ;
msgtype : event ;
event : VIEW ;
eventkey : http://kh39.61why.com/app/index.php?i=2&c=entry&eid=194 ;
menuid : 410600728 ;
from : oKwkYw5hiet9aIoMvpfdt0UcJyzc ;
to : gh_6536061e4435 ;
time : 1493963657 ;
type : event ;

2017-05-05 13:54:17 params :
------------
Array:
rule : -2 ;
module :  ;
message : Array ;

2017-05-05 13:54:17 response :
------------

2017-05-05 13:54:23 trace :
------------
Array:
tousername : gh_6536061e4435 ;
fromusername : oKwkYw9X3_x-lSjK1PSurxVvT8R4 ;
createtime : 1493963663 ;
msgtype : event ;
event : CLICK ;
eventkey : 二维码 ;
from : oKwkYw9X3_x-lSjK1PSurxVvT8R4 ;
to : gh_6536061e4435 ;
time : 1493963663 ;
type : event ;

2017-05-05 13:54:36 trace :
------------
Array:
tousername : gh_6536061e4435 ;
fromusername : oKwkYw9X3_x-lSjK1PSurxVvT8R4 ;
createtime : 1493963676 ;
msgtype : event ;
event : VIEW ;
eventkey : http://kh39.61why.com/app/index.php?i=2&c=entry&eid=198 ;
menuid : 410600728 ;
from : oKwkYw9X3_x-lSjK1PSurxVvT8R4 ;
to : gh_6536061e4435 ;
time : 1493963676 ;
type : event ;

2017-05-05 13:54:36 params :
------------
Array:
rule : -2 ;
module :  ;
message : Array ;

2017-05-05 13:54:36 response :
------------

2017-05-05 14:11:49 trace :
------------
Array:
tousername : gh_6536061e4435 ;
fromusername : oKwkYw0jEdFBiLwtjq9_Jt57RgsY ;
createtime : 1493964709 ;
msgtype : event ;
event : subscribe ;
eventkey : Array ;
from : oKwkYw0jEdFBiLwtjq9_Jt57RgsY ;
to : gh_6536061e4435 ;
time : 1493964709 ;
type : subscribe ;

2017-05-05 14:11:49 params :
------------
Array:
rule : -2 ;
module :  ;
message : Array ;

2017-05-05 14:11:49 response :
------------

2017-05-05 14:11:51 trace :
------------
Array:
tousername : gh_6536061e4435 ;
fromusername : oKwkYw0jEdFBiLwtjq9_Jt57RgsY ;
createtime : 1493964711 ;
msgtype : event ;
event : CLICK ;
eventkey : 二维码 ;
from : oKwkYw0jEdFBiLwtjq9_Jt57RgsY ;
to : gh_6536061e4435 ;
time : 1493964711 ;
type : event ;

2017-05-05 14:11:57 trace :
------------
Array:
tousername : gh_6536061e4435 ;
fromusername : oKwkYw0jEdFBiLwtjq9_Jt57RgsY ;
createtime : 1493964716 ;
msgtype : text ;
content : 用的你们的润滑油，已投 ;
msgid : 6416529597010672707 ;
from : oKwkYw0jEdFBiLwtjq9_Jt57RgsY ;
to : gh_6536061e4435 ;
time : 1493964716 ;
type : text ;
event :  ;
redirection :  ;
source :  ;

2017-05-05 14:11:57 params :
------------
Array:
rule : -2 ;
module :  ;
message : Array ;

2017-05-05 14:11:57 response :
------------

2017-05-05 14:11:59 trace :
------------
Array:
tousername : gh_6536061e4435 ;
fromusername : oKwkYw0jEdFBiLwtjq9_Jt57RgsY ;
createtime : 1493964719 ;
msgtype : link ;
title : 2017年度中国润滑油十大品牌评选网络投票_品牌排行网 ;
description : 您的品牌已入榜，请关注排名 ;
url : http://mp.weixin.qq.com/s?__biz=MzA3NzI1NzUyNA==&mid=504265779&idx=1&sn=37a915f3ff8e6e0ff2e4d5b008a7209f&chksm=04ae126833d99b7ed9bd50291d70e168d6b1e361a94b7856d351128fcdaef4eaa3ce2655907d&scene=20#rd ;
msgid : 6416529609895574597 ;
from : oKwkYw0jEdFBiLwtjq9_Jt57RgsY ;
to : gh_6536061e4435 ;
time : 1493964719 ;
type : link ;
event :  ;

2017-05-05 14:11:59 params :
------------
Array:
rule : -2 ;
module :  ;
message : Array ;

2017-05-05 14:11:59 response :
------------

2017-05-05 14:12:00 trace :
------------
Array:
tousername : gh_0ad70057b777 ;
fromusername : o26ibjmUlPvkKJJvyoelt_9zw7v4 ;
createtime : 1493964720 ;
msgtype : event ;
event : subscribe ;
eventkey : Array ;
from : o26ibjmUlPvkKJJvyoelt_9zw7v4 ;
to : gh_0ad70057b777 ;
time : 1493964720 ;
type : subscribe ;

2017-05-05 14:12:00 params :
------------
Array:
rule : -2 ;
module :  ;
message : Array ;

2017-05-05 14:12:00 response :
------------

2017-05-05 14:12:05 trace :
------------
Array:
tousername : gh_0ad70057b777 ;
fromusername : o26ibjmUlPvkKJJvyoelt_9zw7v4 ;
createtime : 1493964725 ;
msgtype : link ;
title : 2017年度中国润滑油十大品牌评选网络投票_品牌排行网 ;
description : 您的品牌已入榜，请关注排名 ;
url : http://mp.weixin.qq.com/s?__biz=MzA3NzI1NzUyNA==&mid=504265779&idx=1&sn=37a915f3ff8e6e0ff2e4d5b008a7209f&chksm=04ae126833d99b7ed9bd50291d70e168d6b1e361a94b7856d351128fcdaef4eaa3ce2655907d&scene=20#rd ;
msgid : 6416529635666499662 ;
from : o26ibjmUlPvkKJJvyoelt_9zw7v4 ;
to : gh_0ad70057b777 ;
time : 1493964725 ;
type : link ;
event :  ;

2017-05-05 14:12:05 params :
------------
Array:
rule : -2 ;
module :  ;
message : Array ;

2017-05-05 14:12:05 response :
------------

2017-05-05 14:12:06 trace :
------------
Array:
tousername : gh_0ad70057b777 ;
fromusername : o26ibjmUlPvkKJJvyoelt_9zw7v4 ;
createtime : 1493964725 ;
msgtype : text ;
content : 用的你们的润滑油，已投 ;
msgid : 6416529635666499663 ;
from : o26ibjmUlPvkKJJvyoelt_9zw7v4 ;
to : gh_0ad70057b777 ;
time : 1493964725 ;
type : text ;
event :  ;
redirection :  ;
source :  ;

2017-05-05 14:12:06 params :
------------
Array:
rule : -2 ;
module :  ;
message : Array ;

2017-05-05 14:12:06 response :
------------

2017-05-05 14:21:07 trace :
------------
Array:
tousername : gh_6536061e4435 ;
fromusername : oKwkYw9A27iCE2wbx5IXncAJ21Sw ;
createtime : 1493965267 ;
msgtype : event ;
event : VIEW ;
eventkey : http://kh39.61why.com/app/index.php?i=2&c=entry&eid=198 ;
menuid : 410600728 ;
from : oKwkYw9A27iCE2wbx5IXncAJ21Sw ;
to : gh_6536061e4435 ;
time : 1493965267 ;
type : event ;

2017-05-05 14:21:07 params :
------------
Array:
rule : -2 ;
module :  ;
message : Array ;

2017-05-05 14:21:07 response :
------------

2017-05-05 14:26:34 trace :
------------
Array:
tousername : gh_6536061e4435 ;
fromusername : oKwkYw7hJUuGdCdeObYkYaF6d9xo ;
createtime : 1493965594 ;
msgtype : event ;
event : VIEW ;
eventkey : http://kh39.61why.com/app/index.php?i=2&c=entry&eid=194 ;
menuid : 410600728 ;
from : oKwkYw7hJUuGdCdeObYkYaF6d9xo ;
to : gh_6536061e4435 ;
time : 1493965594 ;
type : event ;

2017-05-05 14:26:34 params :
------------
Array:
rule : -2 ;
module :  ;
message : Array ;

2017-05-05 14:26:34 response :
------------

2017-05-05 14:26:50 trace :
------------
Array:
tousername : gh_6536061e4435 ;
fromusername : oKwkYw0b_nY3vy2dlsZiutChx2qg ;
createtime : 1493965610 ;
msgtype : event ;
event : VIEW ;
eventkey : http://kh39.61why.com/app/index.php?i=2&c=entry&eid=198 ;
menuid : 410600728 ;
from : oKwkYw0b_nY3vy2dlsZiutChx2qg ;
to : gh_6536061e4435 ;
time : 1493965610 ;
type : event ;

2017-05-05 14:26:50 params :
------------
Array:
rule : -2 ;
module :  ;
message : Array ;

2017-05-05 14:26:50 response :
------------

2017-05-05 14:27:10 trace :
------------
Array:
tousername : gh_6536061e4435 ;
fromusername : oKwkYw0b_nY3vy2dlsZiutChx2qg ;
createtime : 1493965630 ;
msgtype : event ;
event : VIEW ;
eventkey : http://kh39.61why.com/app/index.php?i=2&c=entry&eid=198 ;
menuid : 410600728 ;
from : oKwkYw0b_nY3vy2dlsZiutChx2qg ;
to : gh_6536061e4435 ;
time : 1493965630 ;
type : event ;

2017-05-05 14:27:10 params :
------------
Array:
rule : -2 ;
module :  ;
message : Array ;

2017-05-05 14:27:10 response :
------------

2017-05-05 14:36:10 trace :
------------
Array:
tousername : gh_6536061e4435 ;
fromusername : oKwkYw0b_nY3vy2dlsZiutChx2qg ;
createtime : 1493966169 ;
msgtype : event ;
event : VIEW ;
eventkey : http://kh39.61why.com/app/index.php?i=2&c=entry&eid=198 ;
menuid : 410600728 ;
from : oKwkYw0b_nY3vy2dlsZiutChx2qg ;
to : gh_6536061e4435 ;
time : 1493966169 ;
type : event ;

2017-05-05 14:36:10 params :
------------
Array:
rule : -2 ;
module :  ;
message : Array ;

2017-05-05 14:36:10 response :
------------

2017-05-05 14:38:45 trace :
------------
Array:
tousername : gh_6536061e4435 ;
fromusername : oKwkYw0b_nY3vy2dlsZiutChx2qg ;
createtime : 1493966325 ;
msgtype : event ;
event : VIEW ;
eventkey : http://kh39.61why.com/app/index.php?i=2&c=entry&eid=198 ;
menuid : 410600728 ;
from : oKwkYw0b_nY3vy2dlsZiutChx2qg ;
to : gh_6536061e4435 ;
time : 1493966325 ;
type : event ;

2017-05-05 14:38:45 params :
------------
Array:
rule : -2 ;
module :  ;
message : Array ;

2017-05-05 14:38:45 response :
------------

2017-05-05 14:50:55 trace :
------------
Array:
tousername : gh_6536061e4435 ;
fromusername : oKwkYw3l0eGz3H7e62pX1IDFxwCY ;
createtime : 1493967055 ;
msgtype : event ;
event : VIEW ;
eventkey : http://kh39.61why.com/app/index.php?i=2&c=entry&eid=198 ;
menuid : 410600728 ;
from : oKwkYw3l0eGz3H7e62pX1IDFxwCY ;
to : gh_6536061e4435 ;
time : 1493967055 ;
type : event ;

2017-05-05 14:50:55 params :
------------
Array:
rule : -2 ;
module :  ;
message : Array ;

2017-05-05 14:50:55 response :
------------

2017-05-05 14:53:53 trace :
------------
Array:
tousername : gh_6536061e4435 ;
fromusername : oKwkYw3l0eGz3H7e62pX1IDFxwCY ;
createtime : 1493967233 ;
msgtype : event ;
event : VIEW ;
eventkey : http://kh39.61why.com/app/index.php?i=2&c=entry&eid=198 ;
menuid : 410600728 ;
from : oKwkYw3l0eGz3H7e62pX1IDFxwCY ;
to : gh_6536061e4435 ;
time : 1493967233 ;
type : event ;

2017-05-05 14:53:53 params :
------------
Array:
rule : -2 ;
module :  ;
message : Array ;

2017-05-05 14:53:53 response :
------------

2017-05-05 14:57:51 trace :
------------
Array:
tousername : gh_6536061e4435 ;
fromusername : oKwkYw_nikTtt2VKfB83ZMqz-nHs ;
createtime : 1493967471 ;
msgtype : event ;
event : VIEW ;
eventkey : http://kh39.61why.com/app/index.php?i=2&c=entry&eid=194 ;
menuid : 410600728 ;
from : oKwkYw_nikTtt2VKfB83ZMqz-nHs ;
to : gh_6536061e4435 ;
time : 1493967471 ;
type : event ;

2017-05-05 14:57:51 params :
------------
Array:
rule : -2 ;
module :  ;
message : Array ;

2017-05-05 14:57:51 response :
------------

2017-05-05 14:58:09 trace :
------------
Array:
tousername : gh_6536061e4435 ;
fromusername : oKwkYw_nikTtt2VKfB83ZMqz-nHs ;
createtime : 1493967489 ;
msgtype : event ;
event : VIEW ;
eventkey : http://kh39.61why.com/app/index.php?i=2&c=entry&eid=198 ;
menuid : 410600728 ;
from : oKwkYw_nikTtt2VKfB83ZMqz-nHs ;
to : gh_6536061e4435 ;
time : 1493967489 ;
type : event ;

2017-05-05 14:58:09 params :
------------
Array:
rule : -2 ;
module :  ;
message : Array ;

2017-05-05 14:58:09 response :
------------

2017-05-05 14:59:49 trace :
------------
Array:
tousername : gh_6536061e4435 ;
fromusername : oKwkYw6o3a7otZOCvv25dRVHQX_I ;
createtime : 1493967589 ;
msgtype : event ;
event : VIEW ;
eventkey : http://kh39.61why.com/app/index.php?i=2&c=entry&eid=198 ;
menuid : 410600728 ;
from : oKwkYw6o3a7otZOCvv25dRVHQX_I ;
to : gh_6536061e4435 ;
time : 1493967589 ;
type : event ;

2017-05-05 14:59:49 params :
------------
Array:
rule : -2 ;
module :  ;
message : Array ;

2017-05-05 14:59:49 response :
------------

2017-05-05 14:59:57 trace :
------------
Array:
tousername : gh_6536061e4435 ;
fromusername : oKwkYw6o3a7otZOCvv25dRVHQX_I ;
createtime : 1493967597 ;
msgtype : event ;
event : VIEW ;
eventkey : http://kh39.61why.com/app/index.php?i=2&c=entry&eid=198 ;
menuid : 410600728 ;
from : oKwkYw6o3a7otZOCvv25dRVHQX_I ;
to : gh_6536061e4435 ;
time : 1493967597 ;
type : event ;

2017-05-05 14:59:57 params :
------------
Array:
rule : -2 ;
module :  ;
message : Array ;

2017-05-05 14:59:57 response :
------------

2017-05-05 15:00:25 trace :
------------
Array:
tousername : gh_6536061e4435 ;
fromusername : oKwkYw6o3a7otZOCvv25dRVHQX_I ;
createtime : 1493967625 ;
msgtype : event ;
event : VIEW ;
eventkey : http://kh39.61why.com/app/index.php?i=2&c=entry&eid=198 ;
menuid : 410600728 ;
from : oKwkYw6o3a7otZOCvv25dRVHQX_I ;
to : gh_6536061e4435 ;
time : 1493967625 ;
type : event ;

2017-05-05 15:00:25 params :
------------
Array:
rule : -2 ;
module :  ;
message : Array ;

2017-05-05 15:00:25 response :
------------

2017-05-05 15:01:57 trace :
------------
Array:
tousername : gh_6536061e4435 ;
fromusername : oKwkYw6o3a7otZOCvv25dRVHQX_I ;
createtime : 1493967717 ;
msgtype : event ;
event : VIEW ;
eventkey : http://kh39.61why.com/app/index.php?i=2&c=entry&eid=198 ;
menuid : 410600728 ;
from : oKwkYw6o3a7otZOCvv25dRVHQX_I ;
to : gh_6536061e4435 ;
time : 1493967717 ;
type : event ;

2017-05-05 15:01:57 params :
------------
Array:
rule : -2 ;
module :  ;
message : Array ;

2017-05-05 15:01:57 response :
------------

2017-05-05 15:08:53 trace :
------------
Array:
tousername : gh_6536061e4435 ;
fromusername : oKwkYwwbOv_BcOTeeTmgTpcPYN8o ;
createtime : 1493968133 ;
msgtype : event ;
event : VIEW ;
eventkey : http://kh39.61why.com/app/index.php?i=2&c=entry&eid=194 ;
menuid : 410600728 ;
from : oKwkYwwbOv_BcOTeeTmgTpcPYN8o ;
to : gh_6536061e4435 ;
time : 1493968133 ;
type : event ;

2017-05-05 15:08:53 params :
------------
Array:
rule : -2 ;
module :  ;
message : Array ;

2017-05-05 15:08:53 response :
------------

2017-05-05 15:13:19 trace :
------------
Array:
tousername : gh_6536061e4435 ;
fromusername : oKwkYw5hiet9aIoMvpfdt0UcJyzc ;
createtime : 1493968398 ;
msgtype : event ;
event : VIEW ;
eventkey : http://kh39.61why.com/app/index.php?i=2&c=entry&eid=198 ;
menuid : 410600728 ;
from : oKwkYw5hiet9aIoMvpfdt0UcJyzc ;
to : gh_6536061e4435 ;
time : 1493968398 ;
type : event ;

2017-05-05 15:13:19 params :
------------
Array:
rule : -2 ;
module :  ;
message : Array ;

2017-05-05 15:13:19 response :
------------

2017-05-05 15:27:53 trace :
------------
Array:
tousername : gh_6536061e4435 ;
fromusername : oKwkYw3l0eGz3H7e62pX1IDFxwCY ;
createtime : 1493969273 ;
msgtype : event ;
event : VIEW ;
eventkey : http://kh39.61why.com/app/index.php?i=2&c=entry&eid=198 ;
menuid : 410600728 ;
from : oKwkYw3l0eGz3H7e62pX1IDFxwCY ;
to : gh_6536061e4435 ;
time : 1493969273 ;
type : event ;

2017-05-05 15:27:53 params :
------------
Array:
rule : -2 ;
module :  ;
message : Array ;

2017-05-05 15:27:53 response :
------------

2017-05-05 15:27:54 trace :
------------
Array:
tousername : gh_6536061e4435 ;
fromusername : oKwkYw9A27iCE2wbx5IXncAJ21Sw ;
createtime : 1493969274 ;
msgtype : event ;
event : VIEW ;
eventkey : http://kh39.61why.com/app/index.php?i=2&c=entry&eid=194 ;
menuid : 410600728 ;
from : oKwkYw9A27iCE2wbx5IXncAJ21Sw ;
to : gh_6536061e4435 ;
time : 1493969274 ;
type : event ;

2017-05-05 15:27:54 params :
------------
Array:
rule : -2 ;
module :  ;
message : Array ;

2017-05-05 15:27:54 response :
------------

2017-05-05 15:28:47 trace :
------------
Array:
tousername : gh_6536061e4435 ;
fromusername : oKwkYw9A27iCE2wbx5IXncAJ21Sw ;
createtime : 1493969326 ;
msgtype : event ;
event : VIEW ;
eventkey : http://kh39.61why.com/app/index.php?i=2&c=entry&eid=198 ;
menuid : 410600728 ;
from : oKwkYw9A27iCE2wbx5IXncAJ21Sw ;
to : gh_6536061e4435 ;
time : 1493969326 ;
type : event ;

2017-05-05 15:28:47 params :
------------
Array:
rule : -2 ;
module :  ;
message : Array ;

2017-05-05 15:28:47 response :
------------

2017-05-05 15:33:02 trace :
------------
Array:
tousername : gh_6536061e4435 ;
fromusername : oKwkYw3l0eGz3H7e62pX1IDFxwCY ;
createtime : 1493969582 ;
msgtype : event ;
event : VIEW ;
eventkey : http://kh39.61why.com/app/index.php?i=2&c=entry&eid=198 ;
menuid : 410600728 ;
from : oKwkYw3l0eGz3H7e62pX1IDFxwCY ;
to : gh_6536061e4435 ;
time : 1493969582 ;
type : event ;

2017-05-05 15:33:02 params :
------------
Array:
rule : -2 ;
module :  ;
message : Array ;

2017-05-05 15:33:02 response :
------------

2017-05-05 15:39:54 trace :
------------
Array:
tousername : gh_6536061e4435 ;
fromusername : oKwkYw3l0eGz3H7e62pX1IDFxwCY ;
createtime : 1493969994 ;
msgtype : event ;
event : VIEW ;
eventkey : http://kh39.61why.com/app/index.php?i=2&c=entry&eid=198 ;
menuid : 410600728 ;
from : oKwkYw3l0eGz3H7e62pX1IDFxwCY ;
to : gh_6536061e4435 ;
time : 1493969994 ;
type : event ;

2017-05-05 15:39:54 params :
------------
Array:
rule : -2 ;
module :  ;
message : Array ;

2017-05-05 15:39:54 response :
------------

2017-05-05 15:40:20 trace :
------------
Array:
tousername : gh_6536061e4435 ;
fromusername : oKwkYw3l0eGz3H7e62pX1IDFxwCY ;
createtime : 1493970020 ;
msgtype : event ;
event : VIEW ;
eventkey : http://kh39.61why.com/app/index.php?i=2&c=entry&eid=198 ;
menuid : 410600728 ;
from : oKwkYw3l0eGz3H7e62pX1IDFxwCY ;
to : gh_6536061e4435 ;
time : 1493970020 ;
type : event ;

2017-05-05 15:40:20 params :
------------
Array:
rule : -2 ;
module :  ;
message : Array ;

2017-05-05 15:40:20 response :
------------

2017-05-05 15:50:30 trace :
------------
Array:
tousername : gh_6536061e4435 ;
fromusername : oKwkYwwbOv_BcOTeeTmgTpcPYN8o ;
createtime : 1493970630 ;
msgtype : event ;
event : VIEW ;
eventkey : http://kh39.61why.com/app/index.php?i=2&c=entry&eid=194 ;
menuid : 410600728 ;
from : oKwkYwwbOv_BcOTeeTmgTpcPYN8o ;
to : gh_6536061e4435 ;
time : 1493970630 ;
type : event ;

2017-05-05 15:50:30 params :
------------
Array:
rule : -2 ;
module :  ;
message : Array ;

2017-05-05 15:50:30 response :
------------

2017-05-05 16:28:27 trace :
------------
Array:
tousername : gh_6536061e4435 ;
fromusername : oKwkYw7K9xHIr91Csk-qENfcagnM ;
createtime : 1493972907 ;
msgtype : event ;
event : VIEW ;
eventkey : http://kh39.61why.com/app/index.php?i=2&c=entry&eid=194 ;
menuid : 410600728 ;
from : oKwkYw7K9xHIr91Csk-qENfcagnM ;
to : gh_6536061e4435 ;
time : 1493972907 ;
type : event ;

2017-05-05 16:28:27 params :
------------
Array:
rule : -2 ;
module :  ;
message : Array ;

2017-05-05 16:28:27 response :
------------

2017-05-05 16:30:06 trace :
------------
Array:
tousername : gh_6536061e4435 ;
fromusername : oKwkYw7K9xHIr91Csk-qENfcagnM ;
createtime : 1493973006 ;
msgtype : event ;
event : VIEW ;
eventkey : http://kh39.61why.com/app/index.php?i=2&c=entry&eid=194 ;
menuid : 410600728 ;
from : oKwkYw7K9xHIr91Csk-qENfcagnM ;
to : gh_6536061e4435 ;
time : 1493973006 ;
type : event ;

2017-05-05 16:30:06 params :
------------
Array:
rule : -2 ;
module :  ;
message : Array ;

2017-05-05 16:30:06 response :
------------

2017-05-05 16:35:44 trace :
------------
Array:
tousername : gh_6536061e4435 ;
fromusername : oKwkYw1yj38KOhGZ_VHM2TrE79xY ;
createtime : 1493973344 ;
msgtype : event ;
event : VIEW ;
eventkey : http://kh39.61why.com/app/index.php?i=2&c=entry&eid=198 ;
menuid : 410600728 ;
from : oKwkYw1yj38KOhGZ_VHM2TrE79xY ;
to : gh_6536061e4435 ;
time : 1493973344 ;
type : event ;

2017-05-05 16:35:44 params :
------------
Array:
rule : -2 ;
module :  ;
message : Array ;

2017-05-05 16:35:44 response :
------------

2017-05-05 16:37:26 trace :
------------
Array:
tousername : gh_6536061e4435 ;
fromusername : oKwkYw5hiet9aIoMvpfdt0UcJyzc ;
createtime : 1493973446 ;
msgtype : event ;
event : VIEW ;
eventkey : http://kh39.61why.com/app/index.php?i=2&c=entry&eid=198 ;
menuid : 410600728 ;
from : oKwkYw5hiet9aIoMvpfdt0UcJyzc ;
to : gh_6536061e4435 ;
time : 1493973446 ;
type : event ;

2017-05-05 16:37:26 params :
------------
Array:
rule : -2 ;
module :  ;
message : Array ;

2017-05-05 16:37:26 response :
------------

2017-05-05 16:43:23 trace :
------------
Array:
tousername : gh_6536061e4435 ;
fromusername : oKwkYw5hiet9aIoMvpfdt0UcJyzc ;
createtime : 1493973803 ;
msgtype : event ;
event : VIEW ;
eventkey : http://kh39.61why.com/app/index.php?i=2&c=entry&eid=198 ;
menuid : 410600728 ;
from : oKwkYw5hiet9aIoMvpfdt0UcJyzc ;
to : gh_6536061e4435 ;
time : 1493973803 ;
type : event ;

2017-05-05 16:43:23 params :
------------
Array:
rule : -2 ;
module :  ;
message : Array ;

2017-05-05 16:43:23 response :
------------

2017-05-05 16:46:09 trace :
------------
Array:
tousername : gh_6536061e4435 ;
fromusername : oKwkYw-tqK8xkvcaQbRv_U9d40LU ;
createtime : 1493973969 ;
msgtype : event ;
event : subscribe ;
eventkey : qrscene_1a94a66aa7bcee77a410a695a6420983 ;
ticket : gQEM8DwAAAAAAAAAAS5odHRwOi8vd2VpeGluLnFxLmNvbS9xLzAySWRfdzFiSDljbzMxMDAwMGcwNzQAAgRNdXRYAwQAAAAA ;
from : oKwkYw-tqK8xkvcaQbRv_U9d40LU ;
to : gh_6536061e4435 ;
time : 1493973969 ;
type : subscribe ;
scene : 1a94a66aa7bcee77a410a695a6420983 ;

2017-05-05 16:46:12 trace :
------------
Array:
tousername : gh_6536061e4435 ;
fromusername : oKwkYw5hiet9aIoMvpfdt0UcJyzc ;
createtime : 1493973972 ;
msgtype : event ;
event : VIEW ;
eventkey : http://kh39.61why.com/app/index.php?i=2&c=entry&eid=194 ;
menuid : 410600728 ;
from : oKwkYw5hiet9aIoMvpfdt0UcJyzc ;
to : gh_6536061e4435 ;
time : 1493973972 ;
type : event ;

2017-05-05 16:46:12 params :
------------
Array:
rule : -2 ;
module :  ;
message : Array ;

2017-05-05 16:46:12 response :
------------

2017-05-05 16:46:14 trace :
------------
Array:
tousername : gh_6536061e4435 ;
fromusername : oKwkYw-tqK8xkvcaQbRv_U9d40LU ;
createtime : 1493973974 ;
msgtype : event ;
event : VIEW ;
eventkey : http://kh39.61why.com/app/index.php?i=2&c=entry&eid=194 ;
menuid : 410600728 ;
from : oKwkYw-tqK8xkvcaQbRv_U9d40LU ;
to : gh_6536061e4435 ;
time : 1493973974 ;
type : event ;

2017-05-05 16:46:14 params :
------------
Array:
rule : -2 ;
module :  ;
message : Array ;

2017-05-05 16:46:14 response :
------------

2017-05-05 16:46:22 trace :
------------
Array:
tousername : gh_6536061e4435 ;
fromusername : oKwkYw-tqK8xkvcaQbRv_U9d40LU ;
createtime : 1493973982 ;
msgtype : event ;
event : SCAN ;
eventkey : 1a94a66aa7bcee77a410a695a6420983 ;
ticket : gQEM8DwAAAAAAAAAAS5odHRwOi8vd2VpeGluLnFxLmNvbS9xLzAySWRfdzFiSDljbzMxMDAwMGcwNzQAAgRNdXRYAwQAAAAA ;
from : oKwkYw-tqK8xkvcaQbRv_U9d40LU ;
to : gh_6536061e4435 ;
time : 1493973982 ;
type : subscribe ;
scene : 1a94a66aa7bcee77a410a695a6420983 ;

2017-05-05 16:46:29 trace :
------------
Array:
tousername : gh_6536061e4435 ;
fromusername : oKwkYw-tqK8xkvcaQbRv_U9d40LU ;
createtime : 1493973989 ;
msgtype : event ;
event : VIEW ;
eventkey : http://kh39.61why.com/app/index.php?i=2&c=entry&eid=194 ;
menuid : 410600728 ;
from : oKwkYw-tqK8xkvcaQbRv_U9d40LU ;
to : gh_6536061e4435 ;
time : 1493973989 ;
type : event ;

2017-05-05 16:46:29 params :
------------
Array:
rule : -2 ;
module :  ;
message : Array ;

2017-05-05 16:46:29 response :
------------

2017-05-05 16:46:58 trace :
------------
Array:
tousername : gh_6536061e4435 ;
fromusername : oKwkYwxNUlKygYCkLWWPVhUw_mH8 ;
createtime : 1493974018 ;
msgtype : event ;
event : subscribe ;
eventkey : qrscene_1a94a66aa7bcee77a410a695a6420983 ;
ticket : gQEM8DwAAAAAAAAAAS5odHRwOi8vd2VpeGluLnFxLmNvbS9xLzAySWRfdzFiSDljbzMxMDAwMGcwNzQAAgRNdXRYAwQAAAAA ;
from : oKwkYwxNUlKygYCkLWWPVhUw_mH8 ;
to : gh_6536061e4435 ;
time : 1493974018 ;
type : subscribe ;
scene : 1a94a66aa7bcee77a410a695a6420983 ;

2017-05-05 16:47:04 trace :
------------
Array:
tousername : gh_6536061e4435 ;
fromusername : oKwkYwxNUlKygYCkLWWPVhUw_mH8 ;
createtime : 1493974024 ;
msgtype : event ;
event : VIEW ;
eventkey : http://kh39.61why.com/app/index.php?i=2&c=entry&eid=194 ;
menuid : 410600728 ;
from : oKwkYwxNUlKygYCkLWWPVhUw_mH8 ;
to : gh_6536061e4435 ;
time : 1493974024 ;
type : event ;

2017-05-05 16:47:04 params :
------------
Array:
rule : -2 ;
module :  ;
message : Array ;

2017-05-05 16:47:04 response :
------------

2017-05-05 16:55:33 trace :
------------
Array:
tousername : gh_6536061e4435 ;
fromusername : oKwkYwxdGazpUQLKnjr_HrnPicQo ;
createtime : 1493974533 ;
msgtype : event ;
event : VIEW ;
eventkey : http://kh39.61why.com/app/index.php?i=2&c=entry&eid=198 ;
menuid : 410600728 ;
from : oKwkYwxdGazpUQLKnjr_HrnPicQo ;
to : gh_6536061e4435 ;
time : 1493974533 ;
type : event ;

2017-05-05 16:55:33 params :
------------
Array:
rule : -2 ;
module :  ;
message : Array ;

2017-05-05 16:55:33 response :
------------

2017-05-05 16:56:20 trace :
------------
Array:
tousername : gh_6536061e4435 ;
fromusername : oKwkYw0D7snKw9WJkTr_EzwW-SF0 ;
createtime : 1493974580 ;
msgtype : event ;
event : VIEW ;
eventkey : http://kh39.61why.com/app/index.php?i=2&c=entry&eid=198 ;
menuid : 410600728 ;
from : oKwkYw0D7snKw9WJkTr_EzwW-SF0 ;
to : gh_6536061e4435 ;
time : 1493974580 ;
type : event ;

2017-05-05 16:56:20 params :
------------
Array:
rule : -2 ;
module :  ;
message : Array ;

2017-05-05 16:56:20 response :
------------

2017-05-05 17:09:53 trace :
------------
Array:
tousername : gh_6536061e4435 ;
fromusername : oKwkYw0b_nY3vy2dlsZiutChx2qg ;
createtime : 1493975393 ;
msgtype : event ;
event : VIEW ;
eventkey : http://kh39.61why.com/app/index.php?i=2&c=entry&eid=194 ;
menuid : 410600728 ;
from : oKwkYw0b_nY3vy2dlsZiutChx2qg ;
to : gh_6536061e4435 ;
time : 1493975393 ;
type : event ;

2017-05-05 17:09:53 params :
------------
Array:
rule : -2 ;
module :  ;
message : Array ;

2017-05-05 17:09:53 response :
------------

2017-05-05 17:10:58 trace :
------------
Array:
tousername : gh_6536061e4435 ;
fromusername : oKwkYw5Hv5-mrEGrZ572fv2JrB_s ;
createtime : 1493975458 ;
msgtype : event ;
event : TEMPLATESENDJOBFINISH ;
msgid : 412749396 ;
status : success ;
from : oKwkYw5Hv5-mrEGrZ572fv2JrB_s ;
to : gh_6536061e4435 ;
time : 1493975458 ;
type : event ;

2017-05-05 17:10:58 params :
------------
Array:
rule : -2 ;
module :  ;
message : Array ;

2017-05-05 17:10:58 response :
------------

2017-05-05 17:10:58 trace :
------------
Array:
tousername : gh_6536061e4435 ;
fromusername : oKwkYw7K9xHIr91Csk-qENfcagnM ;
createtime : 1493975458 ;
msgtype : event ;
event : TEMPLATESENDJOBFINISH ;
msgid : 412749398 ;
status : success ;
from : oKwkYw7K9xHIr91Csk-qENfcagnM ;
to : gh_6536061e4435 ;
time : 1493975458 ;
type : event ;

2017-05-05 17:10:58 params :
------------
Array:
rule : -2 ;
module :  ;
message : Array ;

2017-05-05 17:10:58 response :
------------

2017-05-05 17:13:51 trace :
------------
Array:
tousername : gh_6536061e4435 ;
fromusername : oKwkYw0b_nY3vy2dlsZiutChx2qg ;
createtime : 1493975631 ;
msgtype : event ;
event : VIEW ;
eventkey : http://kh39.61why.com/app/index.php?i=2&c=entry&eid=198 ;
menuid : 410600728 ;
from : oKwkYw0b_nY3vy2dlsZiutChx2qg ;
to : gh_6536061e4435 ;
time : 1493975631 ;
type : event ;

2017-05-05 17:13:51 params :
------------
Array:
rule : -2 ;
module :  ;
message : Array ;

2017-05-05 17:13:51 response :
------------

2017-05-05 17:53:05 trace :
------------
Array:
tousername : gh_6536061e4435 ;
fromusername : oKwkYw2AvtOQWVWlszR3cLKUUa3E ;
createtime : 1493977985 ;
msgtype : event ;
event : VIEW ;
eventkey : http://kh39.61why.com/app/index.php?i=2&c=entry&eid=198 ;
menuid : 410600728 ;
from : oKwkYw2AvtOQWVWlszR3cLKUUa3E ;
to : gh_6536061e4435 ;
time : 1493977985 ;
type : event ;

2017-05-05 17:53:05 params :
------------
Array:
rule : -2 ;
module :  ;
message : Array ;

2017-05-05 17:53:05 response :
------------

2017-05-05 18:27:36 trace :
------------
Array:
tousername : gh_6536061e4435 ;
fromusername : oKwkYw2qGJyFlLhJocpy6L2tigl4 ;
createtime : 1493980056 ;
msgtype : event ;
event : VIEW ;
eventkey : http://kh39.61why.com/app/index.php?i=2&c=entry&eid=194 ;
menuid : 410600728 ;
from : oKwkYw2qGJyFlLhJocpy6L2tigl4 ;
to : gh_6536061e4435 ;
time : 1493980056 ;
type : event ;

2017-05-05 18:27:36 params :
------------
Array:
rule : -2 ;
module :  ;
message : Array ;

2017-05-05 18:27:36 response :
------------

2017-05-05 18:29:22 trace :
------------
Array:
tousername : gh_6536061e4435 ;
fromusername : oKwkYwwbkOuE01weDajc9cwdNJEQ ;
createtime : 1493980162 ;
msgtype : event ;
event : subscribe ;
eventkey : Array ;
from : oKwkYwwbkOuE01weDajc9cwdNJEQ ;
to : gh_6536061e4435 ;
time : 1493980162 ;
type : subscribe ;

2017-05-05 18:29:22 params :
------------
Array:
rule : -2 ;
module :  ;
message : Array ;

2017-05-05 18:29:22 response :
------------

2017-05-05 18:30:40 trace :
------------
Array:
tousername : gh_6536061e4435 ;
fromusername : oKwkYw0qw6msEldGWfr7z-K7FIJQ ;
createtime : 1493980240 ;
msgtype : event ;
event : subscribe ;
eventkey : Array ;
from : oKwkYw0qw6msEldGWfr7z-K7FIJQ ;
to : gh_6536061e4435 ;
time : 1493980240 ;
type : subscribe ;

2017-05-05 18:30:40 params :
------------
Array:
rule : -2 ;
module :  ;
message : Array ;

2017-05-05 18:30:40 response :
------------

2017-05-05 18:30:45 trace :
------------
Array:
tousername : gh_6536061e4435 ;
fromusername : oKwkYw0qw6msEldGWfr7z-K7FIJQ ;
createtime : 1493980245 ;
msgtype : event ;
event : VIEW ;
eventkey : http://kh39.61why.com/app/index.php?i=2&c=entry&eid=194 ;
menuid : 410600728 ;
from : oKwkYw0qw6msEldGWfr7z-K7FIJQ ;
to : gh_6536061e4435 ;
time : 1493980245 ;
type : event ;

2017-05-05 18:30:45 params :
------------
Array:
rule : -2 ;
module :  ;
message : Array ;

2017-05-05 18:30:45 response :
------------

2017-05-05 18:33:34 trace :
------------
Array:
tousername : gh_6536061e4435 ;
fromusername : oKwkYw_i-fAkMyBCIhUvKgiE6si8 ;
createtime : 1493980414 ;
msgtype : event ;
event : subscribe ;
eventkey : Array ;
from : oKwkYw_i-fAkMyBCIhUvKgiE6si8 ;
to : gh_6536061e4435 ;
time : 1493980414 ;
type : subscribe ;

2017-05-05 18:33:34 params :
------------
Array:
rule : -2 ;
module :  ;
message : Array ;

2017-05-05 18:33:34 response :
------------

2017-05-05 18:57:55 trace :
------------
Array:
tousername : gh_6536061e4435 ;
fromusername : oKwkYwzdETExXz28cRu1TDU-MA3g ;
createtime : 1493981875 ;
msgtype : event ;
event : VIEW ;
eventkey : http://kh39.61why.com/app/index.php?i=2&c=entry&eid=198 ;
menuid : 410600728 ;
from : oKwkYwzdETExXz28cRu1TDU-MA3g ;
to : gh_6536061e4435 ;
time : 1493981875 ;
type : event ;

2017-05-05 18:57:55 params :
------------
Array:
rule : -2 ;
module :  ;
message : Array ;

2017-05-05 18:57:55 response :
------------

2017-05-05 20:13:05 trace :
------------
Array:
tousername : gh_6536061e4435 ;
fromusername : oKwkYw3l0eGz3H7e62pX1IDFxwCY ;
createtime : 1493986385 ;
msgtype : event ;
event : VIEW ;
eventkey : http://kh39.61why.com/app/index.php?i=2&c=entry&eid=198 ;
menuid : 410600728 ;
from : oKwkYw3l0eGz3H7e62pX1IDFxwCY ;
to : gh_6536061e4435 ;
time : 1493986385 ;
type : event ;

2017-05-05 20:13:05 params :
------------
Array:
rule : -2 ;
module :  ;
message : Array ;

2017-05-05 20:13:05 response :
------------

2017-05-05 20:13:07 trace :
------------
Array:
tousername : gh_6536061e4435 ;
fromusername : oKwkYw3l0eGz3H7e62pX1IDFxwCY ;
createtime : 1493986387 ;
msgtype : event ;
event : VIEW ;
eventkey : http://kh39.61why.com/app/index.php?i=2&c=entry&eid=194 ;
menuid : 410600728 ;
from : oKwkYw3l0eGz3H7e62pX1IDFxwCY ;
to : gh_6536061e4435 ;
time : 1493986387 ;
type : event ;

2017-05-05 20:13:07 params :
------------
Array:
rule : -2 ;
module :  ;
message : Array ;

2017-05-05 20:13:07 response :
------------

2017-05-05 20:30:06 trace :
------------
Array:
tousername : gh_6536061e4435 ;
fromusername : oKwkYw7K9xHIr91Csk-qENfcagnM ;
createtime : 1493987405 ;
msgtype : event ;
event : VIEW ;
eventkey : http://kh39.61why.com/app/index.php?i=2&c=entry&eid=194 ;
menuid : 410600728 ;
from : oKwkYw7K9xHIr91Csk-qENfcagnM ;
to : gh_6536061e4435 ;
time : 1493987405 ;
type : event ;

2017-05-05 20:30:06 params :
------------
Array:
rule : -2 ;
module :  ;
message : Array ;

2017-05-05 20:30:06 response :
------------

2017-05-05 21:05:36 trace :
------------
Array:
tousername : gh_6536061e4435 ;
fromusername : oKwkYwzdETExXz28cRu1TDU-MA3g ;
createtime : 1493989536 ;
msgtype : event ;
event : VIEW ;
eventkey : http://kh39.61why.com/app/index.php?i=2&c=entry&eid=198 ;
menuid : 410600728 ;
from : oKwkYwzdETExXz28cRu1TDU-MA3g ;
to : gh_6536061e4435 ;
time : 1493989536 ;
type : event ;

2017-05-05 21:05:36 params :
------------
Array:
rule : -2 ;
module :  ;
message : Array ;

2017-05-05 21:05:36 response :
------------

2017-05-05 21:15:57 trace :
------------
Array:
tousername : gh_6536061e4435 ;
fromusername : oKwkYw0AxVB8dpKdrnGu82ok9IZc ;
createtime : 1493990157 ;
msgtype : event ;
event : VIEW ;
eventkey : http://kh39.61why.com/app/index.php?i=2&c=entry&eid=194 ;
menuid : 410600728 ;
from : oKwkYw0AxVB8dpKdrnGu82ok9IZc ;
to : gh_6536061e4435 ;
time : 1493990157 ;
type : event ;

2017-05-05 21:15:57 params :
------------
Array:
rule : -2 ;
module :  ;
message : Array ;

2017-05-05 21:15:57 response :
------------

2017-05-05 21:24:45 trace :
------------
Array:
tousername : gh_6536061e4435 ;
fromusername : oKwkYw5wRJb56uOuYOGreEnhO0Z0 ;
createtime : 1493990685 ;
msgtype : event ;
event : VIEW ;
eventkey : http://kh39.61why.com/app/index.php?i=2&c=entry&eid=194 ;
menuid : 410600728 ;
from : oKwkYw5wRJb56uOuYOGreEnhO0Z0 ;
to : gh_6536061e4435 ;
time : 1493990685 ;
type : event ;

2017-05-05 21:24:45 params :
------------
Array:
rule : -2 ;
module :  ;
message : Array ;

2017-05-05 21:24:45 response :
------------

2017-05-05 22:19:54 trace :
------------
Array:
tousername : gh_6536061e4435 ;
fromusername : oKwkYwxvuf-tpihH4JfwgwBHcXBM ;
createtime : 1493993994 ;
msgtype : event ;
event : VIEW ;
eventkey : http://kh39.61why.com/app/index.php?i=2&c=entry&eid=198 ;
menuid : 410600728 ;
from : oKwkYwxvuf-tpihH4JfwgwBHcXBM ;
to : gh_6536061e4435 ;
time : 1493993994 ;
type : event ;

2017-05-05 22:19:54 params :
------------
Array:
rule : -2 ;
module :  ;
message : Array ;

2017-05-05 22:19:54 response :
------------

2017-05-05 22:20:39 trace :
------------
Array:
tousername : gh_6536061e4435 ;
fromusername : oKwkYwxvuf-tpihH4JfwgwBHcXBM ;
createtime : 1493994039 ;
msgtype : event ;
event : VIEW ;
eventkey : http://kh39.61why.com/app/index.php?i=2&c=entry&eid=198 ;
menuid : 410600728 ;
from : oKwkYwxvuf-tpihH4JfwgwBHcXBM ;
to : gh_6536061e4435 ;
time : 1493994039 ;
type : event ;

2017-05-05 22:20:39 params :
------------
Array:
rule : -2 ;
module :  ;
message : Array ;

2017-05-05 22:20:39 response :
------------

2017-05-05 22:25:50 trace :
------------
Array:
tousername : gh_6536061e4435 ;
fromusername : oKwkYwxvuf-tpihH4JfwgwBHcXBM ;
createtime : 1493994350 ;
msgtype : event ;
event : VIEW ;
eventkey : http://kh39.61why.com/app/index.php?i=2&c=entry&eid=194 ;
menuid : 410600728 ;
from : oKwkYwxvuf-tpihH4JfwgwBHcXBM ;
to : gh_6536061e4435 ;
time : 1493994350 ;
type : event ;

2017-05-05 22:25:50 params :
------------
Array:
rule : -2 ;
module :  ;
message : Array ;

2017-05-05 22:25:50 response :
------------

2017-05-05 22:27:55 trace :
------------
Array:
tousername : gh_6536061e4435 ;
fromusername : oKwkYwxvuf-tpihH4JfwgwBHcXBM ;
createtime : 1493994475 ;
msgtype : event ;
event : VIEW ;
eventkey : http://kh39.61why.com/app/index.php?i=2&c=entry&eid=194 ;
menuid : 410600728 ;
from : oKwkYwxvuf-tpihH4JfwgwBHcXBM ;
to : gh_6536061e4435 ;
time : 1493994475 ;
type : event ;

2017-05-05 22:27:55 params :
------------
Array:
rule : -2 ;
module :  ;
message : Array ;

2017-05-05 22:27:55 response :
------------

2017-05-05 23:11:09 trace :
------------
Array:
tousername : gh_6536061e4435 ;
fromusername : oKwkYw5sXngGX51w2pfx18xZ6HjM ;
createtime : 1493997069 ;
msgtype : event ;
event : VIEW ;
eventkey : http://kh39.61why.com/app/index.php?i=2&c=entry&eid=198 ;
menuid : 410600728 ;
from : oKwkYw5sXngGX51w2pfx18xZ6HjM ;
to : gh_6536061e4435 ;
time : 1493997069 ;
type : event ;

2017-05-05 23:11:09 params :
------------
Array:
rule : -2 ;
module :  ;
message : Array ;

2017-05-05 23:11:09 response :
------------

2017-05-05 23:11:48 trace :
------------
Array:
tousername : gh_6536061e4435 ;
fromusername : oKwkYw5sXngGX51w2pfx18xZ6HjM ;
createtime : 1493997108 ;
msgtype : event ;
event : VIEW ;
eventkey : http://kh39.61why.com/app/index.php?i=2&c=entry&eid=194 ;
menuid : 410600728 ;
from : oKwkYw5sXngGX51w2pfx18xZ6HjM ;
to : gh_6536061e4435 ;
time : 1493997108 ;
type : event ;

2017-05-05 23:11:48 params :
------------
Array:
rule : -2 ;
module :  ;
message : Array ;

2017-05-05 23:11:48 response :
------------

2017-05-05 23:14:51 trace :
------------
Array:
tousername : gh_6536061e4435 ;
fromusername : oKwkYw5sXngGX51w2pfx18xZ6HjM ;
createtime : 1493997290 ;
msgtype : event ;
event : VIEW ;
eventkey : http://kh39.61why.com/app/index.php?i=2&c=entry&eid=194 ;
menuid : 410600728 ;
from : oKwkYw5sXngGX51w2pfx18xZ6HjM ;
to : gh_6536061e4435 ;
time : 1493997290 ;
type : event ;

2017-05-05 23:14:51 params :
------------
Array:
rule : -2 ;
module :  ;
message : Array ;

2017-05-05 23:14:51 response :
------------

2017-05-05 23:17:51 trace :
------------
Array:
tousername : gh_6536061e4435 ;
fromusername : oKwkYw5sXngGX51w2pfx18xZ6HjM ;
createtime : 1493997471 ;
msgtype : event ;
event : VIEW ;
eventkey : http://kh39.61why.com/app/index.php?i=2&c=entry&eid=194 ;
menuid : 410600728 ;
from : oKwkYw5sXngGX51w2pfx18xZ6HjM ;
to : gh_6536061e4435 ;
time : 1493997471 ;
type : event ;

2017-05-05 23:17:51 params :
------------
Array:
rule : -2 ;
module :  ;
message : Array ;

2017-05-05 23:17:51 response :
------------

2017-05-05 23:18:01 trace :
------------
Array:
tousername : gh_6536061e4435 ;
fromusername : oKwkYw5sXngGX51w2pfx18xZ6HjM ;
createtime : 1493997481 ;
msgtype : event ;
event : VIEW ;
eventkey : http://kh39.61why.com/app/index.php?i=2&c=entry&eid=194 ;
menuid : 410600728 ;
from : oKwkYw5sXngGX51w2pfx18xZ6HjM ;
to : gh_6536061e4435 ;
time : 1493997481 ;
type : event ;

2017-05-05 23:18:01 params :
------------
Array:
rule : -2 ;
module :  ;
message : Array ;

2017-05-05 23:18:01 response :
------------

2017-05-05 23:24:12 trace :
------------
Array:
tousername : gh_6536061e4435 ;
fromusername : oKwkYw5sXngGX51w2pfx18xZ6HjM ;
createtime : 1493997852 ;
msgtype : event ;
event : VIEW ;
eventkey : http://kh39.61why.com/app/index.php?i=2&c=entry&eid=194 ;
menuid : 410600728 ;
from : oKwkYw5sXngGX51w2pfx18xZ6HjM ;
to : gh_6536061e4435 ;
time : 1493997852 ;
type : event ;

2017-05-05 23:24:12 params :
------------
Array:
rule : -2 ;
module :  ;
message : Array ;

2017-05-05 23:24:12 response :
------------

2017-05-05 23:37:18 trace :
------------
Array:
tousername : gh_6536061e4435 ;
fromusername : oKwkYw07OK3MciV6IDhGEI3qJFBU ;
createtime : 1493998638 ;
msgtype : event ;
event : VIEW ;
eventkey : http://kh39.61why.com/app/index.php?i=2&c=entry&eid=198 ;
menuid : 410600728 ;
from : oKwkYw07OK3MciV6IDhGEI3qJFBU ;
to : gh_6536061e4435 ;
time : 1493998638 ;
type : event ;

2017-05-05 23:37:18 params :
------------
Array:
rule : -2 ;
module :  ;
message : Array ;

2017-05-05 23:37:18 response :
------------

