2017-04-08 00:02:39 trace :
------------
Array:
tousername : gh_6536061e4435 ;
fromusername : oKwkYw2GQtULXEVQoC_lGDD2eW9A ;
createtime : 1491580959 ;
msgtype : event ;
event : VIEW ;
eventkey : http://kh39.61why.com/app/index.php?i=2&c=entry&eid=194 ;
menuid : 410600728 ;
from : oKwkYw2GQtULXEVQoC_lGDD2eW9A ;
to : gh_6536061e4435 ;
time : 1491580959 ;
type : event ;

2017-04-08 00:02:39 params :
------------
Array:
rule : -2 ;
module :  ;
message : Array ;

2017-04-08 00:02:39 response :
------------

2017-04-08 00:05:53 trace :
------------
Array:
tousername : gh_6536061e4435 ;
fromusername : oKwkYw2GQtULXEVQoC_lGDD2eW9A ;
createtime : 1491581153 ;
msgtype : event ;
event : VIEW ;
eventkey : http://kh39.61why.com/app/index.php?i=2&c=entry&eid=194 ;
menuid : 410600728 ;
from : oKwkYw2GQtULXEVQoC_lGDD2eW9A ;
to : gh_6536061e4435 ;
time : 1491581153 ;
type : event ;

2017-04-08 00:05:53 params :
------------
Array:
rule : -2 ;
module :  ;
message : Array ;

2017-04-08 00:05:53 response :
------------

2017-04-08 00:07:33 trace :
------------
Array:
tousername : gh_6536061e4435 ;
fromusername : oKwkYw2GQtULXEVQoC_lGDD2eW9A ;
createtime : 1491581252 ;
msgtype : event ;
event : VIEW ;
eventkey : http://kh39.61why.com/app/index.php?i=2&c=entry&eid=198 ;
menuid : 410600728 ;
from : oKwkYw2GQtULXEVQoC_lGDD2eW9A ;
to : gh_6536061e4435 ;
time : 1491581252 ;
type : event ;

2017-04-08 00:07:33 params :
------------
Array:
rule : -2 ;
module :  ;
message : Array ;

2017-04-08 00:07:33 response :
------------

2017-04-08 05:46:54 trace :
------------
Array:
tousername : gh_6536061e4435 ;
fromusername : oKwkYwywEpFgDWbwv_V6u_yoYYIo ;
createtime : 1491601614 ;
msgtype : event ;
event : VIEW ;
eventkey : http://kh39.61why.com/app/index.php?i=2&c=entry&eid=198 ;
menuid : 410600728 ;
from : oKwkYwywEpFgDWbwv_V6u_yoYYIo ;
to : gh_6536061e4435 ;
time : 1491601614 ;
type : event ;

2017-04-08 05:46:54 params :
------------
Array:
rule : -2 ;
module :  ;
message : Array ;

2017-04-08 05:46:54 response :
------------

2017-04-08 06:29:00 trace :
------------
Array:
tousername : gh_6536061e4435 ;
fromusername : oKwkYw1KQ5ff5BZ0dgvipwLgZRns ;
createtime : 1491604140 ;
msgtype : event ;
event : VIEW ;
eventkey : http://kh39.61why.com/app/index.php?i=2&c=entry&eid=198 ;
menuid : 410600728 ;
from : oKwkYw1KQ5ff5BZ0dgvipwLgZRns ;
to : gh_6536061e4435 ;
time : 1491604140 ;
type : event ;

2017-04-08 06:29:00 params :
------------
Array:
rule : -2 ;
module :  ;
message : Array ;

2017-04-08 06:29:00 response :
------------

2017-04-08 06:29:25 trace :
------------
Array:
tousername : gh_6536061e4435 ;
fromusername : oKwkYw1KQ5ff5BZ0dgvipwLgZRns ;
createtime : 1491604165 ;
msgtype : event ;
event : VIEW ;
eventkey : http://kh39.61why.com/app/index.php?i=2&c=entry&eid=198 ;
menuid : 410600728 ;
from : oKwkYw1KQ5ff5BZ0dgvipwLgZRns ;
to : gh_6536061e4435 ;
time : 1491604165 ;
type : event ;

2017-04-08 06:29:25 params :
------------
Array:
rule : -2 ;
module :  ;
message : Array ;

2017-04-08 06:29:25 response :
------------

2017-04-08 06:30:28 trace :
------------
Array:
tousername : gh_6536061e4435 ;
fromusername : oKwkYwz_FtGom2eSyG1qwUGFxNiA ;
createtime : 1491604228 ;
msgtype : event ;
event : VIEW ;
eventkey : http://kh39.61why.com/app/index.php?i=2&c=entry&eid=198 ;
menuid : 410600728 ;
from : oKwkYwz_FtGom2eSyG1qwUGFxNiA ;
to : gh_6536061e4435 ;
time : 1491604228 ;
type : event ;

2017-04-08 06:30:28 params :
------------
Array:
rule : -2 ;
module :  ;
message : Array ;

2017-04-08 06:30:28 response :
------------

2017-04-08 07:41:32 trace :
------------
Array:
tousername : gh_6536061e4435 ;
fromusername : oKwkYw5hiet9aIoMvpfdt0UcJyzc ;
createtime : 1491608492 ;
msgtype : event ;
event : VIEW ;
eventkey : http://kh39.61why.com/app/index.php?i=2&c=entry&eid=198 ;
menuid : 410600728 ;
from : oKwkYw5hiet9aIoMvpfdt0UcJyzc ;
to : gh_6536061e4435 ;
time : 1491608492 ;
type : event ;

2017-04-08 07:41:32 params :
------------
Array:
rule : -2 ;
module :  ;
message : Array ;

2017-04-08 07:41:32 response :
------------

2017-04-08 08:16:22 trace :
------------
Array:
tousername : gh_6536061e4435 ;
fromusername : oKwkYw9jtdtXMlUF-dZFaN58BaEs ;
createtime : 1491610582 ;
msgtype : event ;
event : VIEW ;
eventkey : http://kh39.61why.com/app/index.php?i=2&c=entry&eid=198 ;
menuid : 410600728 ;
from : oKwkYw9jtdtXMlUF-dZFaN58BaEs ;
to : gh_6536061e4435 ;
time : 1491610582 ;
type : event ;

2017-04-08 08:16:22 params :
------------
Array:
rule : -2 ;
module :  ;
message : Array ;

2017-04-08 08:16:22 response :
------------

2017-04-08 08:16:47 trace :
------------
Array:
tousername : gh_6536061e4435 ;
fromusername : oKwkYw9jtdtXMlUF-dZFaN58BaEs ;
createtime : 1491610607 ;
msgtype : event ;
event : VIEW ;
eventkey : http://kh39.61why.com/app/index.php?i=2&c=entry&eid=198 ;
menuid : 410600728 ;
from : oKwkYw9jtdtXMlUF-dZFaN58BaEs ;
to : gh_6536061e4435 ;
time : 1491610607 ;
type : event ;

2017-04-08 08:16:47 params :
------------
Array:
rule : -2 ;
module :  ;
message : Array ;

2017-04-08 08:16:47 response :
------------

2017-04-08 08:24:32 trace :
------------
Array:
tousername : gh_6536061e4435 ;
fromusername : oKwkYw5S8zWw6zCS6dGdWuuV95fM ;
createtime : 1491611071 ;
msgtype : event ;
event : VIEW ;
eventkey : http://kh39.61why.com/app/index.php?i=2&c=entry&eid=198 ;
menuid : 410600728 ;
from : oKwkYw5S8zWw6zCS6dGdWuuV95fM ;
to : gh_6536061e4435 ;
time : 1491611071 ;
type : event ;

2017-04-08 08:24:32 params :
------------
Array:
rule : -2 ;
module :  ;
message : Array ;

2017-04-08 08:24:32 response :
------------

2017-04-08 09:06:30 trace :
------------
Array:
tousername : gh_6536061e4435 ;
fromusername : oKwkYw0Lffxa65YQCLVZZ6tPc_NA ;
createtime : 1491613590 ;
msgtype : event ;
event : VIEW ;
eventkey : http://kh39.61why.com/app/index.php?i=2&c=entry&eid=198 ;
menuid : 410600728 ;
from : oKwkYw0Lffxa65YQCLVZZ6tPc_NA ;
to : gh_6536061e4435 ;
time : 1491613590 ;
type : event ;

2017-04-08 09:06:30 params :
------------
Array:
rule : -2 ;
module :  ;
message : Array ;

2017-04-08 09:06:30 response :
------------

2017-04-08 09:06:46 trace :
------------
Array:
tousername : gh_6536061e4435 ;
fromusername : oKwkYw0Lffxa65YQCLVZZ6tPc_NA ;
createtime : 1491613606 ;
msgtype : event ;
event : VIEW ;
eventkey : http://kh39.61why.com/app/index.php?i=2&c=entry&eid=198 ;
menuid : 410600728 ;
from : oKwkYw0Lffxa65YQCLVZZ6tPc_NA ;
to : gh_6536061e4435 ;
time : 1491613606 ;
type : event ;

2017-04-08 09:06:46 params :
------------
Array:
rule : -2 ;
module :  ;
message : Array ;

2017-04-08 09:06:46 response :
------------

2017-04-08 10:36:32 trace :
------------
Array:
tousername : gh_6536061e4435 ;
fromusername : oKwkYw7pQ-JqP9vIIA8GLv7-Wtjk ;
createtime : 1491618992 ;
msgtype : event ;
event : subscribe ;
eventkey : qrscene_d8aef4db56ee9b3875f012496226d43e ;
ticket : gQGI8DwAAAAAAAAAAS5odHRwOi8vd2VpeGluLnFxLmNvbS9xLzAyd21ZRjFrSDljbzMxMDAwMGcwN0QAAgQeFW5YAwQAAAAA ;
from : oKwkYw7pQ-JqP9vIIA8GLv7-Wtjk ;
to : gh_6536061e4435 ;
time : 1491618992 ;
type : subscribe ;
scene : d8aef4db56ee9b3875f012496226d43e ;

2017-04-08 10:36:36 trace :
------------
Array:
tousername : gh_6536061e4435 ;
fromusername : oKwkYw7pQ-JqP9vIIA8GLv7-Wtjk ;
createtime : 1491618996 ;
msgtype : event ;
event : VIEW ;
eventkey : http://kh39.61why.com/app/index.php?i=2&c=entry&eid=194 ;
menuid : 410600728 ;
from : oKwkYw7pQ-JqP9vIIA8GLv7-Wtjk ;
to : gh_6536061e4435 ;
time : 1491618996 ;
type : event ;

2017-04-08 10:36:36 params :
------------
Array:
rule : -2 ;
module :  ;
message : Array ;

2017-04-08 10:36:36 response :
------------

2017-04-08 10:36:40 trace :
------------
Array:
tousername : gh_6536061e4435 ;
fromusername : oKwkYw7pQ-JqP9vIIA8GLv7-Wtjk ;
createtime : 1491619000 ;
msgtype : event ;
event : VIEW ;
eventkey : http://kh39.61why.com/app/index.php?i=2&c=entry&eid=198 ;
menuid : 410600728 ;
from : oKwkYw7pQ-JqP9vIIA8GLv7-Wtjk ;
to : gh_6536061e4435 ;
time : 1491619000 ;
type : event ;

2017-04-08 10:36:40 params :
------------
Array:
rule : -2 ;
module :  ;
message : Array ;

2017-04-08 10:36:40 response :
------------

2017-04-08 10:37:51 trace :
------------
Array:
tousername : gh_6536061e4435 ;
fromusername : oKwkYw5hiet9aIoMvpfdt0UcJyzc ;
createtime : 1491619070 ;
msgtype : event ;
event : VIEW ;
eventkey : http://kh39.61why.com/app/index.php?i=2&c=entry&eid=198 ;
menuid : 410600728 ;
from : oKwkYw5hiet9aIoMvpfdt0UcJyzc ;
to : gh_6536061e4435 ;
time : 1491619070 ;
type : event ;

2017-04-08 10:37:51 params :
------------
Array:
rule : -2 ;
module :  ;
message : Array ;

2017-04-08 10:37:51 response :
------------

2017-04-08 10:40:10 trace :
------------
Array:
tousername : gh_6536061e4435 ;
fromusername : oKwkYwyolZuGoXgz_4a6-ubUX5Vo ;
createtime : 1491619210 ;
msgtype : event ;
event : VIEW ;
eventkey : http://kh39.61why.com/app/index.php?i=2&c=entry&eid=194 ;
menuid : 410600728 ;
from : oKwkYwyolZuGoXgz_4a6-ubUX5Vo ;
to : gh_6536061e4435 ;
time : 1491619210 ;
type : event ;

2017-04-08 10:40:10 params :
------------
Array:
rule : -2 ;
module :  ;
message : Array ;

2017-04-08 10:40:10 response :
------------

2017-04-08 10:41:54 trace :
------------
Array:
tousername : gh_6536061e4435 ;
fromusername : oKwkYw5hiet9aIoMvpfdt0UcJyzc ;
createtime : 1491619314 ;
msgtype : event ;
event : VIEW ;
eventkey : http://kh39.61why.com/app/index.php?i=2&c=entry&eid=198 ;
menuid : 410600728 ;
from : oKwkYw5hiet9aIoMvpfdt0UcJyzc ;
to : gh_6536061e4435 ;
time : 1491619314 ;
type : event ;

2017-04-08 10:41:54 params :
------------
Array:
rule : -2 ;
module :  ;
message : Array ;

2017-04-08 10:41:54 response :
------------

2017-04-08 10:42:42 trace :
------------
Array:
tousername : gh_6536061e4435 ;
fromusername : oKwkYw7pQ-JqP9vIIA8GLv7-Wtjk ;
createtime : 1491619362 ;
msgtype : event ;
event : VIEW ;
eventkey : http://kh39.61why.com/app/index.php?i=2&c=entry&eid=194 ;
menuid : 410600728 ;
from : oKwkYw7pQ-JqP9vIIA8GLv7-Wtjk ;
to : gh_6536061e4435 ;
time : 1491619362 ;
type : event ;

2017-04-08 10:42:42 params :
------------
Array:
rule : -2 ;
module :  ;
message : Array ;

2017-04-08 10:42:42 response :
------------

2017-04-08 10:42:52 trace :
------------
Array:
tousername : gh_6536061e4435 ;
fromusername : oKwkYw5hiet9aIoMvpfdt0UcJyzc ;
createtime : 1491619372 ;
msgtype : event ;
event : VIEW ;
eventkey : http://kh39.61why.com/app/index.php?i=2&c=entry&eid=198 ;
menuid : 410600728 ;
from : oKwkYw5hiet9aIoMvpfdt0UcJyzc ;
to : gh_6536061e4435 ;
time : 1491619372 ;
type : event ;

2017-04-08 10:42:52 params :
------------
Array:
rule : -2 ;
module :  ;
message : Array ;

2017-04-08 10:42:52 response :
------------

2017-04-08 10:45:05 trace :
------------
Array:
tousername : gh_6536061e4435 ;
fromusername : oKwkYw9UMAa_W9kI9ZCjvdzk-fL4 ;
createtime : 1491619505 ;
msgtype : event ;
event : VIEW ;
eventkey : http://kh39.61why.com/app/index.php?i=2&c=entry&eid=194 ;
menuid : 410600728 ;
from : oKwkYw9UMAa_W9kI9ZCjvdzk-fL4 ;
to : gh_6536061e4435 ;
time : 1491619505 ;
type : event ;

2017-04-08 10:45:05 params :
------------
Array:
rule : -2 ;
module :  ;
message : Array ;

2017-04-08 10:45:05 response :
------------

2017-04-08 10:45:56 trace :
------------
Array:
tousername : gh_6536061e4435 ;
fromusername : oKwkYw9UMAa_W9kI9ZCjvdzk-fL4 ;
createtime : 1491619556 ;
msgtype : event ;
event : VIEW ;
eventkey : http://kh39.61why.com/app/index.php?i=2&c=entry&eid=198 ;
menuid : 410600728 ;
from : oKwkYw9UMAa_W9kI9ZCjvdzk-fL4 ;
to : gh_6536061e4435 ;
time : 1491619556 ;
type : event ;

2017-04-08 10:45:56 params :
------------
Array:
rule : -2 ;
module :  ;
message : Array ;

2017-04-08 10:45:56 response :
------------

2017-04-08 10:49:32 trace :
------------
Array:
tousername : gh_6536061e4435 ;
fromusername : oKwkYw9UMAa_W9kI9ZCjvdzk-fL4 ;
createtime : 1491619772 ;
msgtype : event ;
event : VIEW ;
eventkey : http://kh39.61why.com/app/index.php?i=2&c=entry&eid=194 ;
menuid : 410600728 ;
from : oKwkYw9UMAa_W9kI9ZCjvdzk-fL4 ;
to : gh_6536061e4435 ;
time : 1491619772 ;
type : event ;

2017-04-08 10:49:32 params :
------------
Array:
rule : -2 ;
module :  ;
message : Array ;

2017-04-08 10:49:32 response :
------------

2017-04-08 11:14:00 trace :
------------
Array:
tousername : gh_6536061e4435 ;
fromusername : oKwkYw9UMAa_W9kI9ZCjvdzk-fL4 ;
createtime : 1491621240 ;
msgtype : event ;
event : VIEW ;
eventkey : http://kh39.61why.com/app/index.php?i=2&c=entry&eid=198 ;
menuid : 410600728 ;
from : oKwkYw9UMAa_W9kI9ZCjvdzk-fL4 ;
to : gh_6536061e4435 ;
time : 1491621240 ;
type : event ;

2017-04-08 11:14:00 params :
------------
Array:
rule : -2 ;
module :  ;
message : Array ;

2017-04-08 11:14:00 response :
------------

2017-04-08 11:51:08 trace :
------------
Array:
tousername : gh_6536061e4435 ;
fromusername : oKwkYwwP5EnH7tgvTEjD6Ce0mfUs ;
createtime : 1491623468 ;
msgtype : event ;
event : VIEW ;
eventkey : http://kh39.61why.com/app/index.php?i=2&c=entry&eid=198 ;
menuid : 410600728 ;
from : oKwkYwwP5EnH7tgvTEjD6Ce0mfUs ;
to : gh_6536061e4435 ;
time : 1491623468 ;
type : event ;

2017-04-08 11:51:08 params :
------------
Array:
rule : -2 ;
module :  ;
message : Array ;

2017-04-08 11:51:08 response :
------------

2017-04-08 12:05:32 trace :
------------
Array:
tousername : gh_6536061e4435 ;
fromusername : oKwkYw9UMAa_W9kI9ZCjvdzk-fL4 ;
createtime : 1491624332 ;
msgtype : event ;
event : VIEW ;
eventkey : http://kh39.61why.com/app/index.php?i=2&c=entry&eid=198 ;
menuid : 410600728 ;
from : oKwkYw9UMAa_W9kI9ZCjvdzk-fL4 ;
to : gh_6536061e4435 ;
time : 1491624332 ;
type : event ;

2017-04-08 12:05:32 params :
------------
Array:
rule : -2 ;
module :  ;
message : Array ;

2017-04-08 12:05:32 response :
------------

2017-04-08 12:05:39 trace :
------------
Array:
tousername : gh_6536061e4435 ;
fromusername : oKwkYw9UMAa_W9kI9ZCjvdzk-fL4 ;
createtime : 1491624339 ;
msgtype : event ;
event : CLICK ;
eventkey : 二维码 ;
from : oKwkYw9UMAa_W9kI9ZCjvdzk-fL4 ;
to : gh_6536061e4435 ;
time : 1491624339 ;
type : event ;

2017-04-08 12:06:20 trace :
------------
Array:
tousername : gh_6536061e4435 ;
fromusername : oKwkYw9UMAa_W9kI9ZCjvdzk-fL4 ;
createtime : 1491624379 ;
msgtype : event ;
event : VIEW ;
eventkey : http://kh39.61why.com/app/index.php?i=2&c=entry&eid=198 ;
menuid : 410600728 ;
from : oKwkYw9UMAa_W9kI9ZCjvdzk-fL4 ;
to : gh_6536061e4435 ;
time : 1491624379 ;
type : event ;

2017-04-08 12:06:20 params :
------------
Array:
rule : -2 ;
module :  ;
message : Array ;

2017-04-08 12:06:20 response :
------------

2017-04-08 12:08:36 trace :
------------
Array:
tousername : gh_6536061e4435 ;
fromusername : oKwkYw9UMAa_W9kI9ZCjvdzk-fL4 ;
createtime : 1491624516 ;
msgtype : event ;
event : VIEW ;
eventkey : http://kh39.61why.com/app/index.php?i=2&c=entry&eid=198 ;
menuid : 410600728 ;
from : oKwkYw9UMAa_W9kI9ZCjvdzk-fL4 ;
to : gh_6536061e4435 ;
time : 1491624516 ;
type : event ;

2017-04-08 12:08:36 params :
------------
Array:
rule : -2 ;
module :  ;
message : Array ;

2017-04-08 12:08:36 response :
------------

2017-04-08 12:10:58 trace :
------------
Array:
tousername : gh_6536061e4435 ;
fromusername : oKwkYw9UMAa_W9kI9ZCjvdzk-fL4 ;
createtime : 1491624658 ;
msgtype : event ;
event : VIEW ;
eventkey : http://kh39.61why.com/app/index.php?i=2&c=entry&eid=194 ;
menuid : 410600728 ;
from : oKwkYw9UMAa_W9kI9ZCjvdzk-fL4 ;
to : gh_6536061e4435 ;
time : 1491624658 ;
type : event ;

2017-04-08 12:10:58 params :
------------
Array:
rule : -2 ;
module :  ;
message : Array ;

2017-04-08 12:10:58 response :
------------

2017-04-08 12:22:11 trace :
------------
Array:
tousername : gh_6536061e4435 ;
fromusername : oKwkYw5Hv5-mrEGrZ572fv2JrB_s ;
createtime : 1491625331 ;
msgtype : event ;
event : VIEW ;
eventkey : http://kh39.61why.com/app/index.php?i=2&c=entry&eid=198 ;
menuid : 410600728 ;
from : oKwkYw5Hv5-mrEGrZ572fv2JrB_s ;
to : gh_6536061e4435 ;
time : 1491625331 ;
type : event ;

2017-04-08 12:22:11 params :
------------
Array:
rule : -2 ;
module :  ;
message : Array ;

2017-04-08 12:22:11 response :
------------

2017-04-08 12:30:23 trace :
------------
Array:
tousername : gh_6536061e4435 ;
fromusername : oKwkYw9UMAa_W9kI9ZCjvdzk-fL4 ;
createtime : 1491625823 ;
msgtype : event ;
event : VIEW ;
eventkey : http://kh39.61why.com/app/index.php?i=2&c=entry&eid=198 ;
menuid : 410600728 ;
from : oKwkYw9UMAa_W9kI9ZCjvdzk-fL4 ;
to : gh_6536061e4435 ;
time : 1491625823 ;
type : event ;

2017-04-08 12:30:23 params :
------------
Array:
rule : -2 ;
module :  ;
message : Array ;

2017-04-08 12:30:23 response :
------------

2017-04-08 12:30:27 trace :
------------
Array:
tousername : gh_6536061e4435 ;
fromusername : oKwkYw9UMAa_W9kI9ZCjvdzk-fL4 ;
createtime : 1491625826 ;
msgtype : event ;
event : VIEW ;
eventkey : http://kh39.61why.com/app/index.php?i=2&c=entry&eid=194 ;
menuid : 410600728 ;
from : oKwkYw9UMAa_W9kI9ZCjvdzk-fL4 ;
to : gh_6536061e4435 ;
time : 1491625826 ;
type : event ;

2017-04-08 12:30:27 params :
------------
Array:
rule : -2 ;
module :  ;
message : Array ;

2017-04-08 12:30:27 response :
------------

2017-04-08 12:33:11 trace :
------------
Array:
tousername : gh_6536061e4435 ;
fromusername : oKwkYw2AvtOQWVWlszR3cLKUUa3E ;
createtime : 1491625991 ;
msgtype : event ;
event : VIEW ;
eventkey : http://kh39.61why.com/app/index.php?i=2&c=entry&eid=198 ;
menuid : 410600728 ;
from : oKwkYw2AvtOQWVWlszR3cLKUUa3E ;
to : gh_6536061e4435 ;
time : 1491625991 ;
type : event ;

2017-04-08 12:33:11 params :
------------
Array:
rule : -2 ;
module :  ;
message : Array ;

2017-04-08 12:33:11 response :
------------

2017-04-08 12:33:39 trace :
------------
Array:
tousername : gh_6536061e4435 ;
fromusername : oKwkYw2AvtOQWVWlszR3cLKUUa3E ;
createtime : 1491626019 ;
msgtype : event ;
event : VIEW ;
eventkey : http://kh39.61why.com/app/index.php?i=2&c=entry&eid=198 ;
menuid : 410600728 ;
from : oKwkYw2AvtOQWVWlszR3cLKUUa3E ;
to : gh_6536061e4435 ;
time : 1491626019 ;
type : event ;

2017-04-08 12:33:39 params :
------------
Array:
rule : -2 ;
module :  ;
message : Array ;

2017-04-08 12:33:39 response :
------------

2017-04-08 13:07:24 trace :
------------
Array:
tousername : gh_6536061e4435 ;
fromusername : oKwkYw5Hv5-mrEGrZ572fv2JrB_s ;
createtime : 1491628044 ;
msgtype : event ;
event : VIEW ;
eventkey : http://kh39.61why.com/app/index.php?i=2&c=entry&eid=194 ;
menuid : 410600728 ;
from : oKwkYw5Hv5-mrEGrZ572fv2JrB_s ;
to : gh_6536061e4435 ;
time : 1491628044 ;
type : event ;

2017-04-08 13:07:24 params :
------------
Array:
rule : -2 ;
module :  ;
message : Array ;

2017-04-08 13:07:24 response :
------------

2017-04-08 13:18:02 trace :
------------
Array:
tousername : gh_6536061e4435 ;
fromusername : oKwkYw_J9RB_cOVK9fQ1pD5O99Eo ;
createtime : 1491628682 ;
msgtype : event ;
event : VIEW ;
eventkey : http://kh39.61why.com/app/index.php?i=2&c=entry&eid=198 ;
menuid : 410600728 ;
from : oKwkYw_J9RB_cOVK9fQ1pD5O99Eo ;
to : gh_6536061e4435 ;
time : 1491628682 ;
type : event ;

2017-04-08 13:18:02 params :
------------
Array:
rule : -2 ;
module :  ;
message : Array ;

2017-04-08 13:18:02 response :
------------

2017-04-08 13:22:10 trace :
------------
Array:
tousername : gh_6536061e4435 ;
fromusername : oKwkYw5Hv5-mrEGrZ572fv2JrB_s ;
createtime : 1491628929 ;
msgtype : event ;
event : VIEW ;
eventkey : http://kh39.61why.com/app/index.php?i=2&c=entry&eid=194 ;
menuid : 410600728 ;
from : oKwkYw5Hv5-mrEGrZ572fv2JrB_s ;
to : gh_6536061e4435 ;
time : 1491628929 ;
type : event ;

2017-04-08 13:22:10 params :
------------
Array:
rule : -2 ;
module :  ;
message : Array ;

2017-04-08 13:22:10 response :
------------

2017-04-08 13:26:32 trace :
------------
Array:
tousername : gh_6536061e4435 ;
fromusername : oKwkYw5Hv5-mrEGrZ572fv2JrB_s ;
createtime : 1491629192 ;
msgtype : event ;
event : CLICK ;
eventkey : 二维码 ;
from : oKwkYw5Hv5-mrEGrZ572fv2JrB_s ;
to : gh_6536061e4435 ;
time : 1491629192 ;
type : event ;

2017-04-08 13:36:16 trace :
------------
Array:
tousername : gh_6536061e4435 ;
fromusername : oKwkYw5Hv5-mrEGrZ572fv2JrB_s ;
createtime : 1491629776 ;
msgtype : event ;
event : VIEW ;
eventkey : http://kh39.61why.com/app/index.php?i=2&c=entry&eid=198 ;
menuid : 410600728 ;
from : oKwkYw5Hv5-mrEGrZ572fv2JrB_s ;
to : gh_6536061e4435 ;
time : 1491629776 ;
type : event ;

2017-04-08 13:36:16 params :
------------
Array:
rule : -2 ;
module :  ;
message : Array ;

2017-04-08 13:36:16 response :
------------

2017-04-08 13:36:18 trace :
------------
Array:
tousername : gh_6536061e4435 ;
fromusername : oKwkYw5Hv5-mrEGrZ572fv2JrB_s ;
createtime : 1491629777 ;
msgtype : event ;
event : VIEW ;
eventkey : http://kh39.61why.com/app/index.php?i=2&c=entry&eid=194 ;
menuid : 410600728 ;
from : oKwkYw5Hv5-mrEGrZ572fv2JrB_s ;
to : gh_6536061e4435 ;
time : 1491629777 ;
type : event ;

2017-04-08 13:36:18 params :
------------
Array:
rule : -2 ;
module :  ;
message : Array ;

2017-04-08 13:36:18 response :
------------

2017-04-08 13:47:12 trace :
------------
Array:
tousername : gh_6536061e4435 ;
fromusername : oKwkYw9UMAa_W9kI9ZCjvdzk-fL4 ;
createtime : 1491630432 ;
msgtype : event ;
event : VIEW ;
eventkey : http://kh39.61why.com/app/index.php?i=2&c=entry&eid=198 ;
menuid : 410600728 ;
from : oKwkYw9UMAa_W9kI9ZCjvdzk-fL4 ;
to : gh_6536061e4435 ;
time : 1491630432 ;
type : event ;

2017-04-08 13:47:12 params :
------------
Array:
rule : -2 ;
module :  ;
message : Array ;

2017-04-08 13:47:12 response :
------------

2017-04-08 13:47:43 trace :
------------
Array:
tousername : gh_6536061e4435 ;
fromusername : oKwkYw9UMAa_W9kI9ZCjvdzk-fL4 ;
createtime : 1491630463 ;
msgtype : event ;
event : VIEW ;
eventkey : http://kh39.61why.com/app/index.php?i=2&c=entry&eid=198 ;
menuid : 410600728 ;
from : oKwkYw9UMAa_W9kI9ZCjvdzk-fL4 ;
to : gh_6536061e4435 ;
time : 1491630463 ;
type : event ;

2017-04-08 13:47:43 params :
------------
Array:
rule : -2 ;
module :  ;
message : Array ;

2017-04-08 13:47:43 response :
------------

2017-04-08 13:49:25 trace :
------------
Array:
tousername : gh_6536061e4435 ;
fromusername : oKwkYw9UMAa_W9kI9ZCjvdzk-fL4 ;
createtime : 1491630565 ;
msgtype : event ;
event : VIEW ;
eventkey : http://kh39.61why.com/app/index.php?i=2&c=entry&eid=198 ;
menuid : 410600728 ;
from : oKwkYw9UMAa_W9kI9ZCjvdzk-fL4 ;
to : gh_6536061e4435 ;
time : 1491630565 ;
type : event ;

2017-04-08 13:49:25 params :
------------
Array:
rule : -2 ;
module :  ;
message : Array ;

2017-04-08 13:49:25 response :
------------

2017-04-08 14:11:37 trace :
------------
Array:
tousername : gh_6536061e4435 ;
fromusername : oKwkYw9U1lD4Xnn83SiURsqYRwjQ ;
createtime : 1491631897 ;
msgtype : event ;
event : VIEW ;
eventkey : http://kh39.61why.com/app/index.php?i=2&c=entry&eid=198 ;
menuid : 410600728 ;
from : oKwkYw9U1lD4Xnn83SiURsqYRwjQ ;
to : gh_6536061e4435 ;
time : 1491631897 ;
type : event ;

2017-04-08 14:11:37 params :
------------
Array:
rule : -2 ;
module :  ;
message : Array ;

2017-04-08 14:11:37 response :
------------

2017-04-08 14:11:58 trace :
------------
Array:
tousername : gh_6536061e4435 ;
fromusername : oKwkYw5hiet9aIoMvpfdt0UcJyzc ;
createtime : 1491631918 ;
msgtype : event ;
event : VIEW ;
eventkey : http://kh39.61why.com/app/index.php?i=2&c=entry&eid=198 ;
menuid : 410600728 ;
from : oKwkYw5hiet9aIoMvpfdt0UcJyzc ;
to : gh_6536061e4435 ;
time : 1491631918 ;
type : event ;

2017-04-08 14:11:58 params :
------------
Array:
rule : -2 ;
module :  ;
message : Array ;

2017-04-08 14:11:58 response :
------------

2017-04-08 14:12:19 trace :
------------
Array:
tousername : gh_6536061e4435 ;
fromusername : oKwkYw9U1lD4Xnn83SiURsqYRwjQ ;
createtime : 1491631939 ;
msgtype : event ;
event : VIEW ;
eventkey : http://kh39.61why.com/app/index.php?i=2&c=entry&eid=194 ;
menuid : 410600728 ;
from : oKwkYw9U1lD4Xnn83SiURsqYRwjQ ;
to : gh_6536061e4435 ;
time : 1491631939 ;
type : event ;

2017-04-08 14:12:19 params :
------------
Array:
rule : -2 ;
module :  ;
message : Array ;

2017-04-08 14:12:19 response :
------------

2017-04-08 14:38:38 trace :
------------
Array:
tousername : gh_6536061e4435 ;
fromusername : oKwkYw-pxdfzJgcA3EAdBqBKlzSI ;
createtime : 1491633518 ;
msgtype : event ;
event : VIEW ;
eventkey : http://kh39.61why.com/app/index.php?i=2&c=entry&eid=198 ;
menuid : 410600728 ;
from : oKwkYw-pxdfzJgcA3EAdBqBKlzSI ;
to : gh_6536061e4435 ;
time : 1491633518 ;
type : event ;

2017-04-08 14:38:38 params :
------------
Array:
rule : -2 ;
module :  ;
message : Array ;

2017-04-08 14:38:38 response :
------------

2017-04-08 14:39:26 trace :
------------
Array:
tousername : gh_6536061e4435 ;
fromusername : oKwkYw5hiet9aIoMvpfdt0UcJyzc ;
createtime : 1491633566 ;
msgtype : event ;
event : VIEW ;
eventkey : http://kh39.61why.com/app/index.php?i=2&c=entry&eid=198 ;
menuid : 410600728 ;
from : oKwkYw5hiet9aIoMvpfdt0UcJyzc ;
to : gh_6536061e4435 ;
time : 1491633566 ;
type : event ;

2017-04-08 14:39:26 params :
------------
Array:
rule : -2 ;
module :  ;
message : Array ;

2017-04-08 14:39:26 response :
------------

2017-04-08 15:18:14 trace :
------------
Array:
tousername : gh_6536061e4435 ;
fromusername : oKwkYwxHki1BQaraXPMTJYxwF9Z0 ;
createtime : 1491635893 ;
msgtype : event ;
event : VIEW ;
eventkey : http://kh39.61why.com/app/index.php?i=2&c=entry&eid=194 ;
menuid : 410600728 ;
from : oKwkYwxHki1BQaraXPMTJYxwF9Z0 ;
to : gh_6536061e4435 ;
time : 1491635893 ;
type : event ;

2017-04-08 15:18:14 params :
------------
Array:
rule : -2 ;
module :  ;
message : Array ;

2017-04-08 15:18:14 response :
------------

2017-04-08 15:20:03 trace :
------------
Array:
tousername : gh_6536061e4435 ;
fromusername : oKwkYwxHki1BQaraXPMTJYxwF9Z0 ;
createtime : 1491636003 ;
msgtype : event ;
event : CLICK ;
eventkey : 二维码 ;
from : oKwkYwxHki1BQaraXPMTJYxwF9Z0 ;
to : gh_6536061e4435 ;
time : 1491636003 ;
type : event ;

2017-04-08 15:20:50 trace :
------------
Array:
tousername : gh_6536061e4435 ;
fromusername : oKwkYwxHki1BQaraXPMTJYxwF9Z0 ;
createtime : 1491636050 ;
msgtype : event ;
event : VIEW ;
eventkey : http://kh39.61why.com/app/index.php?i=2&c=entry&eid=198 ;
menuid : 410600728 ;
from : oKwkYwxHki1BQaraXPMTJYxwF9Z0 ;
to : gh_6536061e4435 ;
time : 1491636050 ;
type : event ;

2017-04-08 15:20:50 params :
------------
Array:
rule : -2 ;
module :  ;
message : Array ;

2017-04-08 15:20:50 response :
------------

2017-04-08 15:23:04 trace :
------------
Array:
tousername : gh_6536061e4435 ;
fromusername : oKwkYwxHki1BQaraXPMTJYxwF9Z0 ;
createtime : 1491636184 ;
msgtype : event ;
event : VIEW ;
eventkey : http://kh39.61why.com/app/index.php?i=2&c=entry&eid=198 ;
menuid : 410600728 ;
from : oKwkYwxHki1BQaraXPMTJYxwF9Z0 ;
to : gh_6536061e4435 ;
time : 1491636184 ;
type : event ;

2017-04-08 15:23:04 params :
------------
Array:
rule : -2 ;
module :  ;
message : Array ;

2017-04-08 15:23:04 response :
------------

2017-04-08 15:50:51 trace :
------------
Array:
tousername : gh_6536061e4435 ;
fromusername : oKwkYw5hiet9aIoMvpfdt0UcJyzc ;
createtime : 1491637851 ;
msgtype : event ;
event : VIEW ;
eventkey : http://kh39.61why.com/app/index.php?i=2&c=entry&eid=198 ;
menuid : 410600728 ;
from : oKwkYw5hiet9aIoMvpfdt0UcJyzc ;
to : gh_6536061e4435 ;
time : 1491637851 ;
type : event ;

2017-04-08 15:50:51 params :
------------
Array:
rule : -2 ;
module :  ;
message : Array ;

2017-04-08 15:50:51 response :
------------

2017-04-08 15:51:16 trace :
------------
Array:
tousername : gh_6536061e4435 ;
fromusername : oKwkYw9A27iCE2wbx5IXncAJ21Sw ;
createtime : 1491637876 ;
msgtype : event ;
event : VIEW ;
eventkey : http://kh39.61why.com/app/index.php?i=2&c=entry&eid=194 ;
menuid : 410600728 ;
from : oKwkYw9A27iCE2wbx5IXncAJ21Sw ;
to : gh_6536061e4435 ;
time : 1491637876 ;
type : event ;

2017-04-08 15:51:16 params :
------------
Array:
rule : -2 ;
module :  ;
message : Array ;

2017-04-08 15:51:16 response :
------------

2017-04-08 16:08:40 trace :
------------
Array:
tousername : gh_6536061e4435 ;
fromusername : oKwkYw-B6Vcs7OrvtxsJiUm6yWfE ;
createtime : 1491638920 ;
msgtype : event ;
event : subscribe ;
eventkey : qrscene_d8aef4db56ee9b3875f012496226d43e ;
ticket : gQGI8DwAAAAAAAAAAS5odHRwOi8vd2VpeGluLnFxLmNvbS9xLzAyd21ZRjFrSDljbzMxMDAwMGcwN0QAAgQeFW5YAwQAAAAA ;
from : oKwkYw-B6Vcs7OrvtxsJiUm6yWfE ;
to : gh_6536061e4435 ;
time : 1491638920 ;
type : subscribe ;
scene : d8aef4db56ee9b3875f012496226d43e ;

2017-04-08 16:08:44 trace :
------------
Array:
tousername : gh_6536061e4435 ;
fromusername : oKwkYw-B6Vcs7OrvtxsJiUm6yWfE ;
createtime : 1491638924 ;
msgtype : event ;
event : VIEW ;
eventkey : http://kh39.61why.com/app/index.php?i=2&c=entry&eid=198 ;
menuid : 410600728 ;
from : oKwkYw-B6Vcs7OrvtxsJiUm6yWfE ;
to : gh_6536061e4435 ;
time : 1491638924 ;
type : event ;

2017-04-08 16:08:44 params :
------------
Array:
rule : -2 ;
module :  ;
message : Array ;

2017-04-08 16:08:44 response :
------------

2017-04-08 16:10:32 trace :
------------
Array:
tousername : gh_6536061e4435 ;
fromusername : oKwkYw-B6Vcs7OrvtxsJiUm6yWfE ;
createtime : 1491639032 ;
msgtype : event ;
event : VIEW ;
eventkey : http://kh39.61why.com/app/index.php?i=2&c=entry&eid=194 ;
menuid : 410600728 ;
from : oKwkYw-B6Vcs7OrvtxsJiUm6yWfE ;
to : gh_6536061e4435 ;
time : 1491639032 ;
type : event ;

2017-04-08 16:10:32 params :
------------
Array:
rule : -2 ;
module :  ;
message : Array ;

2017-04-08 16:10:32 response :
------------

2017-04-08 16:13:18 trace :
------------
Array:
tousername : gh_6536061e4435 ;
fromusername : oKwkYw-B6Vcs7OrvtxsJiUm6yWfE ;
createtime : 1491639198 ;
msgtype : event ;
event : VIEW ;
eventkey : http://kh39.61why.com/app/index.php?i=2&c=entry&eid=194 ;
menuid : 410600728 ;
from : oKwkYw-B6Vcs7OrvtxsJiUm6yWfE ;
to : gh_6536061e4435 ;
time : 1491639198 ;
type : event ;

2017-04-08 16:13:18 params :
------------
Array:
rule : -2 ;
module :  ;
message : Array ;

2017-04-08 16:13:18 response :
------------

2017-04-08 16:17:21 trace :
------------
Array:
tousername : gh_6536061e4435 ;
fromusername : oKwkYw-B6Vcs7OrvtxsJiUm6yWfE ;
createtime : 1491639441 ;
msgtype : event ;
event : VIEW ;
eventkey : http://kh39.61why.com/app/index.php?i=2&c=entry&eid=198 ;
menuid : 410600728 ;
from : oKwkYw-B6Vcs7OrvtxsJiUm6yWfE ;
to : gh_6536061e4435 ;
time : 1491639441 ;
type : event ;

2017-04-08 16:17:21 params :
------------
Array:
rule : -2 ;
module :  ;
message : Array ;

2017-04-08 16:17:21 response :
------------

2017-04-08 16:17:41 trace :
------------
Array:
tousername : gh_6536061e4435 ;
fromusername : oKwkYw-B6Vcs7OrvtxsJiUm6yWfE ;
createtime : 1491639461 ;
msgtype : event ;
event : VIEW ;
eventkey : http://kh39.61why.com/app/index.php?i=2&c=entry&eid=198 ;
menuid : 410600728 ;
from : oKwkYw-B6Vcs7OrvtxsJiUm6yWfE ;
to : gh_6536061e4435 ;
time : 1491639461 ;
type : event ;

2017-04-08 16:17:41 params :
------------
Array:
rule : -2 ;
module :  ;
message : Array ;

2017-04-08 16:17:41 response :
------------

2017-04-08 16:29:55 trace :
------------
Array:
tousername : gh_6536061e4435 ;
fromusername : oKwkYw5S8zWw6zCS6dGdWuuV95fM ;
createtime : 1491640195 ;
msgtype : event ;
event : VIEW ;
eventkey : http://kh39.61why.com/app/index.php?i=2&c=entry&eid=198 ;
menuid : 410600728 ;
from : oKwkYw5S8zWw6zCS6dGdWuuV95fM ;
to : gh_6536061e4435 ;
time : 1491640195 ;
type : event ;

2017-04-08 16:29:55 params :
------------
Array:
rule : -2 ;
module :  ;
message : Array ;

2017-04-08 16:29:55 response :
------------

2017-04-08 16:30:27 trace :
------------
Array:
tousername : gh_6536061e4435 ;
fromusername : oKwkYwzypQFTUfSdPWARHkGtRFPE ;
createtime : 1491640227 ;
msgtype : event ;
event : VIEW ;
eventkey : http://kh39.61why.com/app/index.php?i=2&c=entry&eid=198 ;
menuid : 410600728 ;
from : oKwkYwzypQFTUfSdPWARHkGtRFPE ;
to : gh_6536061e4435 ;
time : 1491640227 ;
type : event ;

2017-04-08 16:30:27 params :
------------
Array:
rule : -2 ;
module :  ;
message : Array ;

2017-04-08 16:30:27 response :
------------

2017-04-08 16:51:34 trace :
------------
Array:
tousername : gh_6536061e4435 ;
fromusername : oKwkYw34Zb7X8lGRzWbfsVzPXfuo ;
createtime : 1491641494 ;
msgtype : event ;
event : VIEW ;
eventkey : http://kh39.61why.com/app/index.php?i=2&c=entry&eid=194 ;
menuid : 410600728 ;
from : oKwkYw34Zb7X8lGRzWbfsVzPXfuo ;
to : gh_6536061e4435 ;
time : 1491641494 ;
type : event ;

2017-04-08 16:51:34 params :
------------
Array:
rule : -2 ;
module :  ;
message : Array ;

2017-04-08 16:51:34 response :
------------

2017-04-08 16:52:31 trace :
------------
Array:
tousername : gh_6536061e4435 ;
fromusername : oKwkYw34Zb7X8lGRzWbfsVzPXfuo ;
createtime : 1491641551 ;
msgtype : event ;
event : VIEW ;
eventkey : http://kh39.61why.com/app/index.php?i=2&c=entry&eid=194 ;
menuid : 410600728 ;
from : oKwkYw34Zb7X8lGRzWbfsVzPXfuo ;
to : gh_6536061e4435 ;
time : 1491641551 ;
type : event ;

2017-04-08 16:52:31 params :
------------
Array:
rule : -2 ;
module :  ;
message : Array ;

2017-04-08 16:52:31 response :
------------

2017-04-08 16:53:33 trace :
------------
Array:
tousername : gh_6536061e4435 ;
fromusername : oKwkYw34Zb7X8lGRzWbfsVzPXfuo ;
createtime : 1491641613 ;
msgtype : event ;
event : VIEW ;
eventkey : http://kh39.61why.com/app/index.php?i=2&c=entry&eid=194 ;
menuid : 410600728 ;
from : oKwkYw34Zb7X8lGRzWbfsVzPXfuo ;
to : gh_6536061e4435 ;
time : 1491641613 ;
type : event ;

2017-04-08 16:53:33 params :
------------
Array:
rule : -2 ;
module :  ;
message : Array ;

2017-04-08 16:53:33 response :
------------

2017-04-08 16:58:06 trace :
------------
Array:
tousername : gh_6536061e4435 ;
fromusername : oKwkYw34Zb7X8lGRzWbfsVzPXfuo ;
createtime : 1491641886 ;
msgtype : event ;
event : VIEW ;
eventkey : http://kh39.61why.com/app/index.php?i=2&c=entry&eid=194 ;
menuid : 410600728 ;
from : oKwkYw34Zb7X8lGRzWbfsVzPXfuo ;
to : gh_6536061e4435 ;
time : 1491641886 ;
type : event ;

2017-04-08 16:58:06 params :
------------
Array:
rule : -2 ;
module :  ;
message : Array ;

2017-04-08 16:58:06 response :
------------

2017-04-08 16:58:59 trace :
------------
Array:
tousername : gh_6536061e4435 ;
fromusername : oKwkYw5hiet9aIoMvpfdt0UcJyzc ;
createtime : 1491641938 ;
msgtype : event ;
event : VIEW ;
eventkey : http://kh39.61why.com/app/index.php?i=2&c=entry&eid=198 ;
menuid : 410600728 ;
from : oKwkYw5hiet9aIoMvpfdt0UcJyzc ;
to : gh_6536061e4435 ;
time : 1491641938 ;
type : event ;

2017-04-08 16:58:59 params :
------------
Array:
rule : -2 ;
module :  ;
message : Array ;

2017-04-08 16:58:59 response :
------------

2017-04-08 17:04:22 trace :
------------
Array:
tousername : gh_6536061e4435 ;
fromusername : oKwkYwwt4gqhPzNYlNXyFnD_oxso ;
createtime : 1491642262 ;
msgtype : event ;
event : subscribe ;
eventkey : qrscene_d8aef4db56ee9b3875f012496226d43e ;
ticket : gQGI8DwAAAAAAAAAAS5odHRwOi8vd2VpeGluLnFxLmNvbS9xLzAyd21ZRjFrSDljbzMxMDAwMGcwN0QAAgQeFW5YAwQAAAAA ;
from : oKwkYwwt4gqhPzNYlNXyFnD_oxso ;
to : gh_6536061e4435 ;
time : 1491642262 ;
type : subscribe ;
scene : d8aef4db56ee9b3875f012496226d43e ;

2017-04-08 17:04:30 trace :
------------
Array:
tousername : gh_6536061e4435 ;
fromusername : oKwkYwwt4gqhPzNYlNXyFnD_oxso ;
createtime : 1491642270 ;
msgtype : event ;
event : VIEW ;
eventkey : http://kh39.61why.com/app/index.php?i=2&c=entry&eid=194 ;
menuid : 410600728 ;
from : oKwkYwwt4gqhPzNYlNXyFnD_oxso ;
to : gh_6536061e4435 ;
time : 1491642270 ;
type : event ;

2017-04-08 17:04:30 params :
------------
Array:
rule : -2 ;
module :  ;
message : Array ;

2017-04-08 17:04:30 response :
------------

2017-04-08 17:06:43 trace :
------------
Array:
tousername : gh_6536061e4435 ;
fromusername : oKwkYw9A27iCE2wbx5IXncAJ21Sw ;
createtime : 1491642403 ;
msgtype : event ;
event : VIEW ;
eventkey : http://kh39.61why.com/app/index.php?i=2&c=entry&eid=194 ;
menuid : 410600728 ;
from : oKwkYw9A27iCE2wbx5IXncAJ21Sw ;
to : gh_6536061e4435 ;
time : 1491642403 ;
type : event ;

2017-04-08 17:06:43 params :
------------
Array:
rule : -2 ;
module :  ;
message : Array ;

2017-04-08 17:06:43 response :
------------

2017-04-08 17:06:45 trace :
------------
Array:
tousername : gh_6536061e4435 ;
fromusername : oKwkYw9A27iCE2wbx5IXncAJ21Sw ;
createtime : 1491642405 ;
msgtype : event ;
event : VIEW ;
eventkey : http://kh39.61why.com/app/index.php?i=2&c=entry&eid=198 ;
menuid : 410600728 ;
from : oKwkYw9A27iCE2wbx5IXncAJ21Sw ;
to : gh_6536061e4435 ;
time : 1491642405 ;
type : event ;

2017-04-08 17:06:45 params :
------------
Array:
rule : -2 ;
module :  ;
message : Array ;

2017-04-08 17:06:45 response :
------------

2017-04-08 17:09:24 trace :
------------
Array:
tousername : gh_6536061e4435 ;
fromusername : oKwkYw5S8zWw6zCS6dGdWuuV95fM ;
createtime : 1491642564 ;
msgtype : event ;
event : VIEW ;
eventkey : http://kh39.61why.com/app/index.php?i=2&c=entry&eid=194 ;
menuid : 410600728 ;
from : oKwkYw5S8zWw6zCS6dGdWuuV95fM ;
to : gh_6536061e4435 ;
time : 1491642564 ;
type : event ;

2017-04-08 17:09:24 params :
------------
Array:
rule : -2 ;
module :  ;
message : Array ;

2017-04-08 17:09:24 response :
------------

2017-04-08 17:10:06 trace :
------------
Array:
tousername : gh_6536061e4435 ;
fromusername : oKwkYw5S8zWw6zCS6dGdWuuV95fM ;
createtime : 1491642605 ;
msgtype : event ;
event : VIEW ;
eventkey : http://kh39.61why.com/app/index.php?i=2&c=entry&eid=198 ;
menuid : 410600728 ;
from : oKwkYw5S8zWw6zCS6dGdWuuV95fM ;
to : gh_6536061e4435 ;
time : 1491642605 ;
type : event ;

2017-04-08 17:10:06 params :
------------
Array:
rule : -2 ;
module :  ;
message : Array ;

2017-04-08 17:10:06 response :
------------

2017-04-08 17:14:25 trace :
------------
Array:
tousername : gh_6536061e4435 ;
fromusername : oKwkYwwt4gqhPzNYlNXyFnD_oxso ;
createtime : 1491642864 ;
msgtype : event ;
event : CLICK ;
eventkey : 二维码 ;
from : oKwkYwwt4gqhPzNYlNXyFnD_oxso ;
to : gh_6536061e4435 ;
time : 1491642864 ;
type : event ;

2017-04-08 17:15:58 trace :
------------
Array:
tousername : gh_6536061e4435 ;
fromusername : oKwkYwwt4gqhPzNYlNXyFnD_oxso ;
createtime : 1491642958 ;
msgtype : event ;
event : VIEW ;
eventkey : http://kh39.61why.com/app/index.php?i=2&c=entry&eid=194 ;
menuid : 410600728 ;
from : oKwkYwwt4gqhPzNYlNXyFnD_oxso ;
to : gh_6536061e4435 ;
time : 1491642958 ;
type : event ;

2017-04-08 17:15:58 params :
------------
Array:
rule : -2 ;
module :  ;
message : Array ;

2017-04-08 17:15:58 response :
------------

2017-04-08 17:16:59 trace :
------------
Array:
tousername : gh_6536061e4435 ;
fromusername : oKwkYw34Zb7X8lGRzWbfsVzPXfuo ;
createtime : 1491643019 ;
msgtype : event ;
event : VIEW ;
eventkey : http://kh39.61why.com/app/index.php?i=2&c=entry&eid=194 ;
menuid : 410600728 ;
from : oKwkYw34Zb7X8lGRzWbfsVzPXfuo ;
to : gh_6536061e4435 ;
time : 1491643019 ;
type : event ;

2017-04-08 17:16:59 params :
------------
Array:
rule : -2 ;
module :  ;
message : Array ;

2017-04-08 17:16:59 response :
------------

2017-04-08 17:31:14 trace :
------------
Array:
tousername : gh_6536061e4435 ;
fromusername : oKwkYw5hiet9aIoMvpfdt0UcJyzc ;
createtime : 1491643874 ;
msgtype : event ;
event : VIEW ;
eventkey : http://kh39.61why.com/app/index.php?i=2&c=entry&eid=198 ;
menuid : 410600728 ;
from : oKwkYw5hiet9aIoMvpfdt0UcJyzc ;
to : gh_6536061e4435 ;
time : 1491643874 ;
type : event ;

2017-04-08 17:31:14 params :
------------
Array:
rule : -2 ;
module :  ;
message : Array ;

2017-04-08 17:31:14 response :
------------

2017-04-08 17:32:37 trace :
------------
Array:
tousername : gh_6536061e4435 ;
fromusername : oKwkYw5hiet9aIoMvpfdt0UcJyzc ;
createtime : 1491643957 ;
msgtype : event ;
event : VIEW ;
eventkey : http://kh39.61why.com/app/index.php?i=2&c=entry&eid=198 ;
menuid : 410600728 ;
from : oKwkYw5hiet9aIoMvpfdt0UcJyzc ;
to : gh_6536061e4435 ;
time : 1491643957 ;
type : event ;

2017-04-08 17:32:37 params :
------------
Array:
rule : -2 ;
module :  ;
message : Array ;

2017-04-08 17:32:37 response :
------------

2017-04-08 17:34:27 trace :
------------
Array:
tousername : gh_6536061e4435 ;
fromusername : oKwkYw5hiet9aIoMvpfdt0UcJyzc ;
createtime : 1491644067 ;
msgtype : event ;
event : VIEW ;
eventkey : http://kh39.61why.com/app/index.php?i=2&c=entry&eid=198 ;
menuid : 410600728 ;
from : oKwkYw5hiet9aIoMvpfdt0UcJyzc ;
to : gh_6536061e4435 ;
time : 1491644067 ;
type : event ;

2017-04-08 17:34:27 params :
------------
Array:
rule : -2 ;
module :  ;
message : Array ;

2017-04-08 17:34:27 response :
------------

2017-04-08 17:36:39 trace :
------------
Array:
tousername : gh_6536061e4435 ;
fromusername : oKwkYw5hiet9aIoMvpfdt0UcJyzc ;
createtime : 1491644199 ;
msgtype : event ;
event : VIEW ;
eventkey : http://kh39.61why.com/app/index.php?i=2&c=entry&eid=198 ;
menuid : 410600728 ;
from : oKwkYw5hiet9aIoMvpfdt0UcJyzc ;
to : gh_6536061e4435 ;
time : 1491644199 ;
type : event ;

2017-04-08 17:36:39 params :
------------
Array:
rule : -2 ;
module :  ;
message : Array ;

2017-04-08 17:36:39 response :
------------

2017-04-08 17:58:47 trace :
------------
Array:
tousername : gh_6536061e4435 ;
fromusername : oKwkYw0D7snKw9WJkTr_EzwW-SF0 ;
createtime : 1491645527 ;
msgtype : event ;
event : VIEW ;
eventkey : http://kh39.61why.com/app/index.php?i=2&c=entry&eid=198 ;
menuid : 410600728 ;
from : oKwkYw0D7snKw9WJkTr_EzwW-SF0 ;
to : gh_6536061e4435 ;
time : 1491645527 ;
type : event ;

2017-04-08 17:58:47 params :
------------
Array:
rule : -2 ;
module :  ;
message : Array ;

2017-04-08 17:58:47 response :
------------

2017-04-08 18:00:23 trace :
------------
Array:
tousername : gh_6536061e4435 ;
fromusername : oKwkYw5hiet9aIoMvpfdt0UcJyzc ;
createtime : 1491645622 ;
msgtype : event ;
event : VIEW ;
eventkey : http://kh39.61why.com/app/index.php?i=2&c=entry&eid=198 ;
menuid : 410600728 ;
from : oKwkYw5hiet9aIoMvpfdt0UcJyzc ;
to : gh_6536061e4435 ;
time : 1491645622 ;
type : event ;

2017-04-08 18:00:23 params :
------------
Array:
rule : -2 ;
module :  ;
message : Array ;

2017-04-08 18:00:23 response :
------------

2017-04-08 18:00:40 trace :
------------
Array:
tousername : gh_6536061e4435 ;
fromusername : oKwkYw5hiet9aIoMvpfdt0UcJyzc ;
createtime : 1491645640 ;
msgtype : event ;
event : VIEW ;
eventkey : http://kh39.61why.com/app/index.php?i=2&c=entry&eid=198 ;
menuid : 410600728 ;
from : oKwkYw5hiet9aIoMvpfdt0UcJyzc ;
to : gh_6536061e4435 ;
time : 1491645640 ;
type : event ;

2017-04-08 18:00:40 params :
------------
Array:
rule : -2 ;
module :  ;
message : Array ;

2017-04-08 18:00:40 response :
------------

2017-04-08 18:08:44 trace :
------------
Array:
tousername : gh_6536061e4435 ;
fromusername : oKwkYw7Bkin9Cejh8Z-6PzFdyV4E ;
createtime : 1491646123 ;
msgtype : event ;
event : CLICK ;
eventkey : 二维码 ;
from : oKwkYw7Bkin9Cejh8Z-6PzFdyV4E ;
to : gh_6536061e4435 ;
time : 1491646123 ;
type : event ;

2017-04-08 18:08:47 trace :
------------
Array:
tousername : gh_6536061e4435 ;
fromusername : oKwkYw7Bkin9Cejh8Z-6PzFdyV4E ;
createtime : 1491646127 ;
msgtype : event ;
event : VIEW ;
eventkey : http://kh39.61why.com/app/index.php?i=2&c=entry&eid=198 ;
menuid : 410600728 ;
from : oKwkYw7Bkin9Cejh8Z-6PzFdyV4E ;
to : gh_6536061e4435 ;
time : 1491646127 ;
type : event ;

2017-04-08 18:08:47 params :
------------
Array:
rule : -2 ;
module :  ;
message : Array ;

2017-04-08 18:08:47 response :
------------

2017-04-08 18:14:29 trace :
------------
Array:
tousername : gh_6536061e4435 ;
fromusername : oKwkYw5S8zWw6zCS6dGdWuuV95fM ;
createtime : 1491646469 ;
msgtype : event ;
event : VIEW ;
eventkey : http://kh39.61why.com/app/index.php?i=2&c=entry&eid=198 ;
menuid : 410600728 ;
from : oKwkYw5S8zWw6zCS6dGdWuuV95fM ;
to : gh_6536061e4435 ;
time : 1491646469 ;
type : event ;

2017-04-08 18:14:29 params :
------------
Array:
rule : -2 ;
module :  ;
message : Array ;

2017-04-08 18:14:29 response :
------------

2017-04-08 18:30:00 trace :
------------
Array:
tousername : gh_6536061e4435 ;
fromusername : oKwkYw0D7snKw9WJkTr_EzwW-SF0 ;
createtime : 1491647400 ;
msgtype : event ;
event : VIEW ;
eventkey : http://kh39.61why.com/app/index.php?i=2&c=entry&eid=198 ;
menuid : 410600728 ;
from : oKwkYw0D7snKw9WJkTr_EzwW-SF0 ;
to : gh_6536061e4435 ;
time : 1491647400 ;
type : event ;

2017-04-08 18:30:00 params :
------------
Array:
rule : -2 ;
module :  ;
message : Array ;

2017-04-08 18:30:00 response :
------------

2017-04-08 18:40:46 trace :
------------
Array:
tousername : gh_6536061e4435 ;
fromusername : oKwkYw5hiet9aIoMvpfdt0UcJyzc ;
createtime : 1491648046 ;
msgtype : event ;
event : VIEW ;
eventkey : http://kh39.61why.com/app/index.php?i=2&c=entry&eid=198 ;
menuid : 410600728 ;
from : oKwkYw5hiet9aIoMvpfdt0UcJyzc ;
to : gh_6536061e4435 ;
time : 1491648046 ;
type : event ;

2017-04-08 18:40:46 params :
------------
Array:
rule : -2 ;
module :  ;
message : Array ;

2017-04-08 18:40:46 response :
------------

2017-04-08 19:07:42 trace :
------------
Array:
tousername : gh_6536061e4435 ;
fromusername : oKwkYw_J9RB_cOVK9fQ1pD5O99Eo ;
createtime : 1491649662 ;
msgtype : event ;
event : VIEW ;
eventkey : http://kh39.61why.com/app/index.php?i=2&c=entry&eid=198 ;
menuid : 410600728 ;
from : oKwkYw_J9RB_cOVK9fQ1pD5O99Eo ;
to : gh_6536061e4435 ;
time : 1491649662 ;
type : event ;

2017-04-08 19:07:42 params :
------------
Array:
rule : -2 ;
module :  ;
message : Array ;

2017-04-08 19:07:42 response :
------------

2017-04-08 19:23:45 trace :
------------
Array:
tousername : gh_6536061e4435 ;
fromusername : oKwkYw9UMAa_W9kI9ZCjvdzk-fL4 ;
createtime : 1491650625 ;
msgtype : event ;
event : VIEW ;
eventkey : http://kh39.61why.com/app/index.php?i=2&c=entry&eid=194 ;
menuid : 410600728 ;
from : oKwkYw9UMAa_W9kI9ZCjvdzk-fL4 ;
to : gh_6536061e4435 ;
time : 1491650625 ;
type : event ;

2017-04-08 19:23:45 params :
------------
Array:
rule : -2 ;
module :  ;
message : Array ;

2017-04-08 19:23:45 response :
------------

2017-04-08 19:27:24 trace :
------------
Array:
tousername : gh_6536061e4435 ;
fromusername : oKwkYw9UMAa_W9kI9ZCjvdzk-fL4 ;
createtime : 1491650844 ;
msgtype : event ;
event : VIEW ;
eventkey : http://kh39.61why.com/app/index.php?i=2&c=entry&eid=194 ;
menuid : 410600728 ;
from : oKwkYw9UMAa_W9kI9ZCjvdzk-fL4 ;
to : gh_6536061e4435 ;
time : 1491650844 ;
type : event ;

2017-04-08 19:27:24 params :
------------
Array:
rule : -2 ;
module :  ;
message : Array ;

2017-04-08 19:27:24 response :
------------

2017-04-08 19:29:37 trace :
------------
Array:
tousername : gh_6536061e4435 ;
fromusername : oKwkYw9UMAa_W9kI9ZCjvdzk-fL4 ;
createtime : 1491650977 ;
msgtype : event ;
event : VIEW ;
eventkey : http://kh39.61why.com/app/index.php?i=2&c=entry&eid=194 ;
menuid : 410600728 ;
from : oKwkYw9UMAa_W9kI9ZCjvdzk-fL4 ;
to : gh_6536061e4435 ;
time : 1491650977 ;
type : event ;

2017-04-08 19:29:37 params :
------------
Array:
rule : -2 ;
module :  ;
message : Array ;

2017-04-08 19:29:37 response :
------------

2017-04-08 19:32:43 trace :
------------
Array:
tousername : gh_6536061e4435 ;
fromusername : oKwkYw9UMAa_W9kI9ZCjvdzk-fL4 ;
createtime : 1491651163 ;
msgtype : event ;
event : VIEW ;
eventkey : http://kh39.61why.com/app/index.php?i=2&c=entry&eid=194 ;
menuid : 410600728 ;
from : oKwkYw9UMAa_W9kI9ZCjvdzk-fL4 ;
to : gh_6536061e4435 ;
time : 1491651163 ;
type : event ;

2017-04-08 19:32:43 params :
------------
Array:
rule : -2 ;
module :  ;
message : Array ;

2017-04-08 19:32:43 response :
------------

2017-04-08 19:35:56 trace :
------------
Array:
tousername : gh_6536061e4435 ;
fromusername : oKwkYw9UMAa_W9kI9ZCjvdzk-fL4 ;
createtime : 1491651355 ;
msgtype : event ;
event : VIEW ;
eventkey : http://kh39.61why.com/app/index.php?i=2&c=entry&eid=198 ;
menuid : 410600728 ;
from : oKwkYw9UMAa_W9kI9ZCjvdzk-fL4 ;
to : gh_6536061e4435 ;
time : 1491651355 ;
type : event ;

2017-04-08 19:35:56 params :
------------
Array:
rule : -2 ;
module :  ;
message : Array ;

2017-04-08 19:35:56 response :
------------

2017-04-08 19:37:33 trace :
------------
Array:
tousername : gh_6536061e4435 ;
fromusername : oKwkYw9UMAa_W9kI9ZCjvdzk-fL4 ;
createtime : 1491651453 ;
msgtype : event ;
event : VIEW ;
eventkey : http://kh39.61why.com/app/index.php?i=2&c=entry&eid=198 ;
menuid : 410600728 ;
from : oKwkYw9UMAa_W9kI9ZCjvdzk-fL4 ;
to : gh_6536061e4435 ;
time : 1491651453 ;
type : event ;

2017-04-08 19:37:33 params :
------------
Array:
rule : -2 ;
module :  ;
message : Array ;

2017-04-08 19:37:33 response :
------------

2017-04-08 19:39:38 trace :
------------
Array:
tousername : gh_6536061e4435 ;
fromusername : oKwkYw9A27iCE2wbx5IXncAJ21Sw ;
createtime : 1491651578 ;
msgtype : event ;
event : VIEW ;
eventkey : http://kh39.61why.com/app/index.php?i=2&c=entry&eid=194 ;
menuid : 410600728 ;
from : oKwkYw9A27iCE2wbx5IXncAJ21Sw ;
to : gh_6536061e4435 ;
time : 1491651578 ;
type : event ;

2017-04-08 19:39:38 params :
------------
Array:
rule : -2 ;
module :  ;
message : Array ;

2017-04-08 19:39:38 response :
------------

2017-04-08 19:39:41 trace :
------------
Array:
tousername : gh_6536061e4435 ;
fromusername : oKwkYw9A27iCE2wbx5IXncAJ21Sw ;
createtime : 1491651581 ;
msgtype : event ;
event : VIEW ;
eventkey : http://kh39.61why.com/app/index.php?i=2&c=entry&eid=198 ;
menuid : 410600728 ;
from : oKwkYw9A27iCE2wbx5IXncAJ21Sw ;
to : gh_6536061e4435 ;
time : 1491651581 ;
type : event ;

2017-04-08 19:39:41 params :
------------
Array:
rule : -2 ;
module :  ;
message : Array ;

2017-04-08 19:39:41 response :
------------

2017-04-08 19:40:30 trace :
------------
Array:
tousername : gh_6536061e4435 ;
fromusername : oKwkYw9A27iCE2wbx5IXncAJ21Sw ;
createtime : 1491651630 ;
msgtype : event ;
event : VIEW ;
eventkey : http://kh39.61why.com/app/index.php?i=2&c=entry&eid=198 ;
menuid : 410600728 ;
from : oKwkYw9A27iCE2wbx5IXncAJ21Sw ;
to : gh_6536061e4435 ;
time : 1491651630 ;
type : event ;

2017-04-08 19:40:30 params :
------------
Array:
rule : -2 ;
module :  ;
message : Array ;

2017-04-08 19:40:30 response :
------------

2017-04-08 19:43:21 trace :
------------
Array:
tousername : gh_6536061e4435 ;
fromusername : oKwkYwz_FtGom2eSyG1qwUGFxNiA ;
createtime : 1491651801 ;
msgtype : event ;
event : VIEW ;
eventkey : http://kh39.61why.com/app/index.php?i=2&c=entry&eid=198 ;
menuid : 410600728 ;
from : oKwkYwz_FtGom2eSyG1qwUGFxNiA ;
to : gh_6536061e4435 ;
time : 1491651801 ;
type : event ;

2017-04-08 19:43:21 params :
------------
Array:
rule : -2 ;
module :  ;
message : Array ;

2017-04-08 19:43:21 response :
------------

2017-04-08 19:49:50 trace :
------------
Array:
tousername : gh_6536061e4435 ;
fromusername : oKwkYw9A27iCE2wbx5IXncAJ21Sw ;
createtime : 1491652190 ;
msgtype : event ;
event : VIEW ;
eventkey : http://kh39.61why.com/app/index.php?i=2&c=entry&eid=198 ;
menuid : 410600728 ;
from : oKwkYw9A27iCE2wbx5IXncAJ21Sw ;
to : gh_6536061e4435 ;
time : 1491652190 ;
type : event ;

2017-04-08 19:49:50 params :
------------
Array:
rule : -2 ;
module :  ;
message : Array ;

2017-04-08 19:49:50 response :
------------

2017-04-08 19:58:42 trace :
------------
Array:
tousername : gh_6536061e4435 ;
fromusername : oKwkYw9A27iCE2wbx5IXncAJ21Sw ;
createtime : 1491652722 ;
msgtype : event ;
event : VIEW ;
eventkey : http://kh39.61why.com/app/index.php?i=2&c=entry&eid=198 ;
menuid : 410600728 ;
from : oKwkYw9A27iCE2wbx5IXncAJ21Sw ;
to : gh_6536061e4435 ;
time : 1491652722 ;
type : event ;

2017-04-08 19:58:42 params :
------------
Array:
rule : -2 ;
module :  ;
message : Array ;

2017-04-08 19:58:42 response :
------------

2017-04-08 20:42:40 trace :
------------
Array:
tousername : gh_6536061e4435 ;
fromusername : oKwkYwywEpFgDWbwv_V6u_yoYYIo ;
createtime : 1491655360 ;
msgtype : event ;
event : VIEW ;
eventkey : http://kh39.61why.com/app/index.php?i=2&c=entry&eid=198 ;
menuid : 410600728 ;
from : oKwkYwywEpFgDWbwv_V6u_yoYYIo ;
to : gh_6536061e4435 ;
time : 1491655360 ;
type : event ;

2017-04-08 20:42:40 params :
------------
Array:
rule : -2 ;
module :  ;
message : Array ;

2017-04-08 20:42:40 response :
------------

2017-04-08 20:50:40 trace :
------------
Array:
tousername : gh_6536061e4435 ;
fromusername : oKwkYw5hiet9aIoMvpfdt0UcJyzc ;
createtime : 1491655839 ;
msgtype : event ;
event : VIEW ;
eventkey : http://kh39.61why.com/app/index.php?i=2&c=entry&eid=198 ;
menuid : 410600728 ;
from : oKwkYw5hiet9aIoMvpfdt0UcJyzc ;
to : gh_6536061e4435 ;
time : 1491655839 ;
type : event ;

2017-04-08 20:50:40 params :
------------
Array:
rule : -2 ;
module :  ;
message : Array ;

2017-04-08 20:50:40 response :
------------

2017-04-08 21:02:52 trace :
------------
Array:
tousername : gh_6536061e4435 ;
fromusername : oKwkYw9A27iCE2wbx5IXncAJ21Sw ;
createtime : 1491656572 ;
msgtype : event ;
event : VIEW ;
eventkey : http://kh39.61why.com/app/index.php?i=2&c=entry&eid=194 ;
menuid : 410600728 ;
from : oKwkYw9A27iCE2wbx5IXncAJ21Sw ;
to : gh_6536061e4435 ;
time : 1491656572 ;
type : event ;

2017-04-08 21:02:52 params :
------------
Array:
rule : -2 ;
module :  ;
message : Array ;

2017-04-08 21:02:52 response :
------------

2017-04-08 21:13:50 trace :
------------
Array:
tousername : gh_6536061e4435 ;
fromusername : oKwkYw9A27iCE2wbx5IXncAJ21Sw ;
createtime : 1491657229 ;
msgtype : event ;
event : VIEW ;
eventkey : http://kh39.61why.com/app/index.php?i=2&c=entry&eid=194 ;
menuid : 410600728 ;
from : oKwkYw9A27iCE2wbx5IXncAJ21Sw ;
to : gh_6536061e4435 ;
time : 1491657229 ;
type : event ;

2017-04-08 21:13:50 params :
------------
Array:
rule : -2 ;
module :  ;
message : Array ;

2017-04-08 21:13:50 response :
------------

2017-04-08 21:14:50 trace :
------------
Array:
tousername : gh_6536061e4435 ;
fromusername : oKwkYw9A27iCE2wbx5IXncAJ21Sw ;
createtime : 1491657290 ;
msgtype : event ;
event : VIEW ;
eventkey : http://kh39.61why.com/app/index.php?i=2&c=entry&eid=194 ;
menuid : 410600728 ;
from : oKwkYw9A27iCE2wbx5IXncAJ21Sw ;
to : gh_6536061e4435 ;
time : 1491657290 ;
type : event ;

2017-04-08 21:14:50 params :
------------
Array:
rule : -2 ;
module :  ;
message : Array ;

2017-04-08 21:14:50 response :
------------

2017-04-08 21:18:55 trace :
------------
Array:
tousername : gh_6536061e4435 ;
fromusername : oKwkYw5hiet9aIoMvpfdt0UcJyzc ;
createtime : 1491657535 ;
msgtype : event ;
event : VIEW ;
eventkey : http://kh39.61why.com/app/index.php?i=2&c=entry&eid=198 ;
menuid : 410600728 ;
from : oKwkYw5hiet9aIoMvpfdt0UcJyzc ;
to : gh_6536061e4435 ;
time : 1491657535 ;
type : event ;

2017-04-08 21:18:55 params :
------------
Array:
rule : -2 ;
module :  ;
message : Array ;

2017-04-08 21:18:55 response :
------------

2017-04-08 21:19:12 trace :
------------
Array:
tousername : gh_6536061e4435 ;
fromusername : oKwkYw3EalqxTar_erXWNtpqIAeY ;
createtime : 1491657552 ;
msgtype : event ;
event : VIEW ;
eventkey : http://kh39.61why.com/app/index.php?i=2&c=entry&eid=194 ;
menuid : 410600728 ;
from : oKwkYw3EalqxTar_erXWNtpqIAeY ;
to : gh_6536061e4435 ;
time : 1491657552 ;
type : event ;

2017-04-08 21:19:12 params :
------------
Array:
rule : -2 ;
module :  ;
message : Array ;

2017-04-08 21:19:12 response :
------------

2017-04-08 21:20:18 trace :
------------
Array:
tousername : gh_6536061e4435 ;
fromusername : oKwkYw5hiet9aIoMvpfdt0UcJyzc ;
createtime : 1491657618 ;
msgtype : event ;
event : VIEW ;
eventkey : http://kh39.61why.com/app/index.php?i=2&c=entry&eid=194 ;
menuid : 410600728 ;
from : oKwkYw5hiet9aIoMvpfdt0UcJyzc ;
to : gh_6536061e4435 ;
time : 1491657618 ;
type : event ;

2017-04-08 21:20:18 params :
------------
Array:
rule : -2 ;
module :  ;
message : Array ;

2017-04-08 21:20:18 response :
------------

2017-04-08 21:30:39 trace :
------------
Array:
tousername : gh_6536061e4435 ;
fromusername : oKwkYw5hiet9aIoMvpfdt0UcJyzc ;
createtime : 1491658239 ;
msgtype : event ;
event : VIEW ;
eventkey : http://kh39.61why.com/app/index.php?i=2&c=entry&eid=198 ;
menuid : 410600728 ;
from : oKwkYw5hiet9aIoMvpfdt0UcJyzc ;
to : gh_6536061e4435 ;
time : 1491658239 ;
type : event ;

2017-04-08 21:30:39 params :
------------
Array:
rule : -2 ;
module :  ;
message : Array ;

2017-04-08 21:30:39 response :
------------

2017-04-08 21:38:48 trace :
------------
Array:
tousername : gh_6536061e4435 ;
fromusername : oKwkYw5hiet9aIoMvpfdt0UcJyzc ;
createtime : 1491658728 ;
msgtype : event ;
event : VIEW ;
eventkey : http://kh39.61why.com/app/index.php?i=2&c=entry&eid=198 ;
menuid : 410600728 ;
from : oKwkYw5hiet9aIoMvpfdt0UcJyzc ;
to : gh_6536061e4435 ;
time : 1491658728 ;
type : event ;

2017-04-08 21:38:48 params :
------------
Array:
rule : -2 ;
module :  ;
message : Array ;

2017-04-08 21:38:48 response :
------------

2017-04-08 21:47:08 trace :
------------
Array:
tousername : gh_6536061e4435 ;
fromusername : oKwkYw5hiet9aIoMvpfdt0UcJyzc ;
createtime : 1491659228 ;
msgtype : event ;
event : VIEW ;
eventkey : http://kh39.61why.com/app/index.php?i=2&c=entry&eid=198 ;
menuid : 410600728 ;
from : oKwkYw5hiet9aIoMvpfdt0UcJyzc ;
to : gh_6536061e4435 ;
time : 1491659228 ;
type : event ;

2017-04-08 21:47:08 params :
------------
Array:
rule : -2 ;
module :  ;
message : Array ;

2017-04-08 21:47:08 response :
------------

2017-04-08 21:47:32 trace :
------------
Array:
tousername : gh_6536061e4435 ;
fromusername : oKwkYwxdGazpUQLKnjr_HrnPicQo ;
createtime : 1491659252 ;
msgtype : event ;
event : VIEW ;
eventkey : http://kh39.61why.com/app/index.php?i=2&c=entry&eid=198 ;
menuid : 410600728 ;
from : oKwkYwxdGazpUQLKnjr_HrnPicQo ;
to : gh_6536061e4435 ;
time : 1491659252 ;
type : event ;

2017-04-08 21:47:32 params :
------------
Array:
rule : -2 ;
module :  ;
message : Array ;

2017-04-08 21:47:32 response :
------------

2017-04-08 21:48:39 trace :
------------
Array:
tousername : gh_6536061e4435 ;
fromusername : oKwkYwxdGazpUQLKnjr_HrnPicQo ;
createtime : 1491659319 ;
msgtype : event ;
event : VIEW ;
eventkey : http://kh39.61why.com/app/index.php?i=2&c=entry&eid=194 ;
menuid : 410600728 ;
from : oKwkYwxdGazpUQLKnjr_HrnPicQo ;
to : gh_6536061e4435 ;
time : 1491659319 ;
type : event ;

2017-04-08 21:48:39 params :
------------
Array:
rule : -2 ;
module :  ;
message : Array ;

2017-04-08 21:48:39 response :
------------

2017-04-08 21:50:41 trace :
------------
Array:
tousername : gh_6536061e4435 ;
fromusername : oKwkYwxdGazpUQLKnjr_HrnPicQo ;
createtime : 1491659441 ;
msgtype : event ;
event : VIEW ;
eventkey : http://kh39.61why.com/app/index.php?i=2&c=entry&eid=194 ;
menuid : 410600728 ;
from : oKwkYwxdGazpUQLKnjr_HrnPicQo ;
to : gh_6536061e4435 ;
time : 1491659441 ;
type : event ;

2017-04-08 21:50:41 params :
------------
Array:
rule : -2 ;
module :  ;
message : Array ;

2017-04-08 21:50:41 response :
------------

2017-04-08 21:55:25 trace :
------------
Array:
tousername : gh_6536061e4435 ;
fromusername : oKwkYwxdGazpUQLKnjr_HrnPicQo ;
createtime : 1491659725 ;
msgtype : event ;
event : VIEW ;
eventkey : http://kh39.61why.com/app/index.php?i=2&c=entry&eid=198 ;
menuid : 410600728 ;
from : oKwkYwxdGazpUQLKnjr_HrnPicQo ;
to : gh_6536061e4435 ;
time : 1491659725 ;
type : event ;

2017-04-08 21:55:25 params :
------------
Array:
rule : -2 ;
module :  ;
message : Array ;

2017-04-08 21:55:25 response :
------------

2017-04-08 22:49:18 trace :
------------
Array:
tousername : gh_6536061e4435 ;
fromusername : oKwkYw_J9RB_cOVK9fQ1pD5O99Eo ;
createtime : 1491662958 ;
msgtype : event ;
event : VIEW ;
eventkey : http://kh39.61why.com/app/index.php?i=2&c=entry&eid=198 ;
menuid : 410600728 ;
from : oKwkYw_J9RB_cOVK9fQ1pD5O99Eo ;
to : gh_6536061e4435 ;
time : 1491662958 ;
type : event ;

2017-04-08 22:49:18 params :
------------
Array:
rule : -2 ;
module :  ;
message : Array ;

2017-04-08 22:49:18 response :
------------

