2017-03-13 01:27:13 trace :
------------
Array:
tousername : gh_6536061e4435 ;
fromusername : oKwkYw9A27iCE2wbx5IXncAJ21Sw ;
createtime : 1489339633 ;
msgtype : event ;
event : VIEW ;
eventkey : http://kh39.61why.com/app/index.php?i=2&c=entry&eid=194 ;
menuid : 410600728 ;
from : oKwkYw9A27iCE2wbx5IXncAJ21Sw ;
to : gh_6536061e4435 ;
time : 1489339633 ;
type : event ;

2017-03-13 01:27:13 params :
------------
Array:
rule : -2 ;
module :  ;
message : Array ;

2017-03-13 01:27:13 response :
------------

2017-03-13 01:27:38 trace :
------------
Array:
tousername : gh_6536061e4435 ;
fromusername : oKwkYw9A27iCE2wbx5IXncAJ21Sw ;
createtime : 1489339658 ;
msgtype : event ;
event : VIEW ;
eventkey : http://kh39.61why.com/app/index.php?i=2&c=entry&eid=198 ;
menuid : 410600728 ;
from : oKwkYw9A27iCE2wbx5IXncAJ21Sw ;
to : gh_6536061e4435 ;
time : 1489339658 ;
type : event ;

2017-03-13 01:27:38 params :
------------
Array:
rule : -2 ;
module :  ;
message : Array ;

2017-03-13 01:27:38 response :
------------

2017-03-13 07:17:04 trace :
------------
Array:
tousername : gh_6536061e4435 ;
fromusername : oKwkYw0D7snKw9WJkTr_EzwW-SF0 ;
createtime : 1489360624 ;
msgtype : event ;
event : VIEW ;
eventkey : http://kh39.61why.com/app/index.php?i=2&c=entry&eid=198 ;
menuid : 410600728 ;
from : oKwkYw0D7snKw9WJkTr_EzwW-SF0 ;
to : gh_6536061e4435 ;
time : 1489360624 ;
type : event ;

2017-03-13 07:17:05 params :
------------
Array:
rule : -2 ;
module :  ;
message : Array ;

2017-03-13 07:17:05 response :
------------

2017-03-13 07:17:32 trace :
------------
Array:
tousername : gh_6536061e4435 ;
fromusername : oKwkYw0D7snKw9WJkTr_EzwW-SF0 ;
createtime : 1489360652 ;
msgtype : event ;
event : VIEW ;
eventkey : http://kh39.61why.com/app/index.php?i=2&c=entry&eid=194 ;
menuid : 410600728 ;
from : oKwkYw0D7snKw9WJkTr_EzwW-SF0 ;
to : gh_6536061e4435 ;
time : 1489360652 ;
type : event ;

2017-03-13 07:17:32 params :
------------
Array:
rule : -2 ;
module :  ;
message : Array ;

2017-03-13 07:17:32 response :
------------

2017-03-13 07:58:19 trace :
------------
Array:
tousername : gh_6536061e4435 ;
fromusername : oKwkYw5hiet9aIoMvpfdt0UcJyzc ;
createtime : 1489363099 ;
msgtype : event ;
event : VIEW ;
eventkey : http://kh39.61why.com/app/index.php?i=2&c=entry&eid=198 ;
menuid : 410600728 ;
from : oKwkYw5hiet9aIoMvpfdt0UcJyzc ;
to : gh_6536061e4435 ;
time : 1489363099 ;
type : event ;

2017-03-13 07:58:19 params :
------------
Array:
rule : -2 ;
module :  ;
message : Array ;

2017-03-13 07:58:19 response :
------------

2017-03-13 08:00:10 trace :
------------
Array:
tousername : gh_6536061e4435 ;
fromusername : oKwkYw5hiet9aIoMvpfdt0UcJyzc ;
createtime : 1489363210 ;
msgtype : event ;
event : VIEW ;
eventkey : http://kh39.61why.com/app/index.php?i=2&c=entry&eid=198 ;
menuid : 410600728 ;
from : oKwkYw5hiet9aIoMvpfdt0UcJyzc ;
to : gh_6536061e4435 ;
time : 1489363210 ;
type : event ;

2017-03-13 08:00:10 params :
------------
Array:
rule : -2 ;
module :  ;
message : Array ;

2017-03-13 08:00:10 response :
------------

2017-03-13 08:00:16 trace :
------------
Array:
tousername : gh_6536061e4435 ;
fromusername : oKwkYw9A27iCE2wbx5IXncAJ21Sw ;
createtime : 1489363216 ;
msgtype : event ;
event : VIEW ;
eventkey : http://kh39.61why.com/app/index.php?i=2&c=entry&eid=198 ;
menuid : 410600728 ;
from : oKwkYw9A27iCE2wbx5IXncAJ21Sw ;
to : gh_6536061e4435 ;
time : 1489363216 ;
type : event ;

2017-03-13 08:00:16 params :
------------
Array:
rule : -2 ;
module :  ;
message : Array ;

2017-03-13 08:00:16 response :
------------

2017-03-13 08:00:20 trace :
------------
Array:
tousername : gh_6536061e4435 ;
fromusername : oKwkYw5hiet9aIoMvpfdt0UcJyzc ;
createtime : 1489363220 ;
msgtype : event ;
event : VIEW ;
eventkey : http://kh39.61why.com/app/index.php?i=2&c=entry&eid=198 ;
menuid : 410600728 ;
from : oKwkYw5hiet9aIoMvpfdt0UcJyzc ;
to : gh_6536061e4435 ;
time : 1489363220 ;
type : event ;

2017-03-13 08:00:20 params :
------------
Array:
rule : -2 ;
module :  ;
message : Array ;

2017-03-13 08:00:20 response :
------------

2017-03-13 08:42:36 trace :
------------
Array:
tousername : gh_6536061e4435 ;
fromusername : oKwkYw0D7snKw9WJkTr_EzwW-SF0 ;
createtime : 1489365756 ;
msgtype : event ;
event : VIEW ;
eventkey : http://kh39.61why.com/app/index.php?i=2&c=entry&eid=198 ;
menuid : 410600728 ;
from : oKwkYw0D7snKw9WJkTr_EzwW-SF0 ;
to : gh_6536061e4435 ;
time : 1489365756 ;
type : event ;

2017-03-13 08:42:36 params :
------------
Array:
rule : -2 ;
module :  ;
message : Array ;

2017-03-13 08:42:36 response :
------------

2017-03-13 09:42:40 trace :
------------
Array:
tousername : gh_6536061e4435 ;
fromusername : oKwkYwxdGazpUQLKnjr_HrnPicQo ;
createtime : 1489369360 ;
msgtype : event ;
event : VIEW ;
eventkey : http://kh39.61why.com/app/index.php?i=2&c=entry&eid=198 ;
menuid : 410600728 ;
from : oKwkYwxdGazpUQLKnjr_HrnPicQo ;
to : gh_6536061e4435 ;
time : 1489369360 ;
type : event ;

2017-03-13 09:42:40 params :
------------
Array:
rule : -2 ;
module :  ;
message : Array ;

2017-03-13 09:42:40 response :
------------

2017-03-13 09:44:26 trace :
------------
Array:
tousername : gh_6536061e4435 ;
fromusername : oKwkYw0D7snKw9WJkTr_EzwW-SF0 ;
createtime : 1489369466 ;
msgtype : event ;
event : VIEW ;
eventkey : http://kh39.61why.com/app/index.php?i=2&c=entry&eid=198 ;
menuid : 410600728 ;
from : oKwkYw0D7snKw9WJkTr_EzwW-SF0 ;
to : gh_6536061e4435 ;
time : 1489369466 ;
type : event ;

2017-03-13 09:44:26 params :
------------
Array:
rule : -2 ;
module :  ;
message : Array ;

2017-03-13 09:44:26 response :
------------

2017-03-13 09:54:24 trace :
------------
Array:
tousername : gh_6536061e4435 ;
fromusername : oKwkYw5Hv5-mrEGrZ572fv2JrB_s ;
createtime : 1489370064 ;
msgtype : event ;
event : VIEW ;
eventkey : http://kh39.61why.com/app/index.php?i=2&c=entry&eid=194 ;
menuid : 410600728 ;
from : oKwkYw5Hv5-mrEGrZ572fv2JrB_s ;
to : gh_6536061e4435 ;
time : 1489370064 ;
type : event ;

2017-03-13 09:54:24 params :
------------
Array:
rule : -2 ;
module :  ;
message : Array ;

2017-03-13 09:54:24 response :
------------

2017-03-13 10:21:05 trace :
------------
Array:
tousername : gh_6536061e4435 ;
fromusername : oKwkYw_xZ14UQdvrJFuiI5E87n8w ;
createtime : 1489371665 ;
msgtype : event ;
event : VIEW ;
eventkey : http://kh39.61why.com/app/index.php?i=2&c=entry&eid=198 ;
menuid : 410600728 ;
from : oKwkYw_xZ14UQdvrJFuiI5E87n8w ;
to : gh_6536061e4435 ;
time : 1489371665 ;
type : event ;

2017-03-13 10:21:05 params :
------------
Array:
rule : -2 ;
module :  ;
message : Array ;

2017-03-13 10:21:05 response :
------------

2017-03-13 10:28:04 trace :
------------
Array:
tousername : gh_6536061e4435 ;
fromusername : oKwkYwwGkOZDvuC9Oxn4uTiCrm_g ;
createtime : 1489372084 ;
msgtype : event ;
event : VIEW ;
eventkey : http://kh39.61why.com/app/index.php?i=2&c=entry&eid=194 ;
menuid : 410600728 ;
from : oKwkYwwGkOZDvuC9Oxn4uTiCrm_g ;
to : gh_6536061e4435 ;
time : 1489372084 ;
type : event ;

2017-03-13 10:28:04 params :
------------
Array:
rule : -2 ;
module :  ;
message : Array ;

2017-03-13 10:28:04 response :
------------

2017-03-13 10:49:56 trace :
------------
Array:
tousername : gh_6536061e4435 ;
fromusername : oKwkYw0D7snKw9WJkTr_EzwW-SF0 ;
createtime : 1489373396 ;
msgtype : event ;
event : VIEW ;
eventkey : http://kh39.61why.com/app/index.php?i=2&c=entry&eid=198 ;
menuid : 410600728 ;
from : oKwkYw0D7snKw9WJkTr_EzwW-SF0 ;
to : gh_6536061e4435 ;
time : 1489373396 ;
type : event ;

2017-03-13 10:49:56 params :
------------
Array:
rule : -2 ;
module :  ;
message : Array ;

2017-03-13 10:49:56 response :
------------

2017-03-13 10:59:02 trace :
------------
Array:
tousername : gh_6536061e4435 ;
fromusername : oKwkYw3l0eGz3H7e62pX1IDFxwCY ;
createtime : 1489373942 ;
msgtype : event ;
event : VIEW ;
eventkey : http://kh39.61why.com/app/index.php?i=2&c=entry&eid=194 ;
menuid : 410600728 ;
from : oKwkYw3l0eGz3H7e62pX1IDFxwCY ;
to : gh_6536061e4435 ;
time : 1489373942 ;
type : event ;

2017-03-13 10:59:02 params :
------------
Array:
rule : -2 ;
module :  ;
message : Array ;

2017-03-13 10:59:02 response :
------------

2017-03-13 11:02:35 trace :
------------
Array:
tousername : gh_6536061e4435 ;
fromusername : oKwkYw0tFZYI_i3KdEVaV2X_KHRg ;
createtime : 1489374155 ;
msgtype : event ;
event : subscribe ;
eventkey : qrscene_f95f10c42c72e64f510cf695af230ced ;
ticket : gQGu8TwAAAAAAAAAAS5odHRwOi8vd2VpeGluLnFxLmNvbS9xLzAyOFRGUTFBSDljbzMxMDAwMDAwN3AAAgSOFG5YAwQAAAAA ;
from : oKwkYw0tFZYI_i3KdEVaV2X_KHRg ;
to : gh_6536061e4435 ;
time : 1489374155 ;
type : subscribe ;
scene : f95f10c42c72e64f510cf695af230ced ;

2017-03-13 11:02:46 trace :
------------
Array:
tousername : gh_6536061e4435 ;
fromusername : oKwkYw0tFZYI_i3KdEVaV2X_KHRg ;
createtime : 1489374166 ;
msgtype : event ;
event : VIEW ;
eventkey : http://kh39.61why.com/app/index.php?i=2&c=entry&eid=194 ;
menuid : 410600728 ;
from : oKwkYw0tFZYI_i3KdEVaV2X_KHRg ;
to : gh_6536061e4435 ;
time : 1489374166 ;
type : event ;

2017-03-13 11:02:46 params :
------------
Array:
rule : -2 ;
module :  ;
message : Array ;

2017-03-13 11:02:46 response :
------------

2017-03-13 11:02:49 trace :
------------
Array:
tousername : gh_6536061e4435 ;
fromusername : oKwkYw3l0eGz3H7e62pX1IDFxwCY ;
createtime : 1489374169 ;
msgtype : event ;
event : VIEW ;
eventkey : http://kh39.61why.com/app/index.php?i=2&c=entry&eid=198 ;
menuid : 410600728 ;
from : oKwkYw3l0eGz3H7e62pX1IDFxwCY ;
to : gh_6536061e4435 ;
time : 1489374169 ;
type : event ;

2017-03-13 11:02:49 params :
------------
Array:
rule : -2 ;
module :  ;
message : Array ;

2017-03-13 11:02:49 response :
------------

2017-03-13 11:05:52 trace :
------------
Array:
tousername : gh_6536061e4435 ;
fromusername : oKwkYw5hiet9aIoMvpfdt0UcJyzc ;
createtime : 1489374352 ;
msgtype : event ;
event : VIEW ;
eventkey : http://kh39.61why.com/app/index.php?i=2&c=entry&eid=198 ;
menuid : 410600728 ;
from : oKwkYw5hiet9aIoMvpfdt0UcJyzc ;
to : gh_6536061e4435 ;
time : 1489374352 ;
type : event ;

2017-03-13 11:05:52 params :
------------
Array:
rule : -2 ;
module :  ;
message : Array ;

2017-03-13 11:05:52 response :
------------

2017-03-13 11:06:51 trace :
------------
Array:
tousername : gh_6536061e4435 ;
fromusername : oKwkYw5hiet9aIoMvpfdt0UcJyzc ;
createtime : 1489374411 ;
msgtype : event ;
event : VIEW ;
eventkey : http://kh39.61why.com/app/index.php?i=2&c=entry&eid=198 ;
menuid : 410600728 ;
from : oKwkYw5hiet9aIoMvpfdt0UcJyzc ;
to : gh_6536061e4435 ;
time : 1489374411 ;
type : event ;

2017-03-13 11:06:51 params :
------------
Array:
rule : -2 ;
module :  ;
message : Array ;

2017-03-13 11:06:51 response :
------------

2017-03-13 11:08:51 trace :
------------
Array:
tousername : gh_6536061e4435 ;
fromusername : oKwkYw0tFZYI_i3KdEVaV2X_KHRg ;
createtime : 1489374531 ;
msgtype : event ;
event : VIEW ;
eventkey : http://kh39.61why.com/app/index.php?i=2&c=entry&eid=194 ;
menuid : 410600728 ;
from : oKwkYw0tFZYI_i3KdEVaV2X_KHRg ;
to : gh_6536061e4435 ;
time : 1489374531 ;
type : event ;

2017-03-13 11:08:51 params :
------------
Array:
rule : -2 ;
module :  ;
message : Array ;

2017-03-13 11:08:51 response :
------------

2017-03-13 11:09:15 trace :
------------
Array:
tousername : gh_6536061e4435 ;
fromusername : oKwkYwxHqBodnArSlJeoNNDnyvcg ;
createtime : 1489374555 ;
msgtype : event ;
event : subscribe ;
eventkey : Array ;
from : oKwkYwxHqBodnArSlJeoNNDnyvcg ;
to : gh_6536061e4435 ;
time : 1489374555 ;
type : subscribe ;

2017-03-13 11:09:15 params :
------------
Array:
rule : -2 ;
module :  ;
message : Array ;

2017-03-13 11:09:15 response :
------------

2017-03-13 11:09:23 trace :
------------
Array:
tousername : gh_6536061e4435 ;
fromusername : oKwkYwxHqBodnArSlJeoNNDnyvcg ;
createtime : 1489374563 ;
msgtype : event ;
event : CLICK ;
eventkey : 二维码 ;
from : oKwkYwxHqBodnArSlJeoNNDnyvcg ;
to : gh_6536061e4435 ;
time : 1489374563 ;
type : event ;

2017-03-13 11:09:31 trace :
------------
Array:
tousername : gh_6536061e4435 ;
fromusername : oKwkYwxHqBodnArSlJeoNNDnyvcg ;
createtime : 1489374571 ;
msgtype : event ;
event : VIEW ;
eventkey : http://kh39.61why.com/app/index.php?i=2&c=entry&eid=194 ;
menuid : 410600728 ;
from : oKwkYwxHqBodnArSlJeoNNDnyvcg ;
to : gh_6536061e4435 ;
time : 1489374571 ;
type : event ;

2017-03-13 11:09:31 params :
------------
Array:
rule : -2 ;
module :  ;
message : Array ;

2017-03-13 11:09:31 response :
------------

2017-03-13 11:38:46 trace :
------------
Array:
tousername : gh_6536061e4435 ;
fromusername : oKwkYw5hiet9aIoMvpfdt0UcJyzc ;
createtime : 1489376326 ;
msgtype : event ;
event : VIEW ;
eventkey : http://kh39.61why.com/app/index.php?i=2&c=entry&eid=198 ;
menuid : 410600728 ;
from : oKwkYw5hiet9aIoMvpfdt0UcJyzc ;
to : gh_6536061e4435 ;
time : 1489376326 ;
type : event ;

2017-03-13 11:38:46 params :
------------
Array:
rule : -2 ;
module :  ;
message : Array ;

2017-03-13 11:38:46 response :
------------

2017-03-13 11:38:55 trace :
------------
Array:
tousername : gh_6536061e4435 ;
fromusername : oKwkYwy552o7_eUisSRD3QHthqs8 ;
createtime : 1489376335 ;
msgtype : event ;
event : VIEW ;
eventkey : http://kh39.61why.com/app/index.php?i=2&c=entry&eid=194 ;
menuid : 410600728 ;
from : oKwkYwy552o7_eUisSRD3QHthqs8 ;
to : gh_6536061e4435 ;
time : 1489376335 ;
type : event ;

2017-03-13 11:38:55 params :
------------
Array:
rule : -2 ;
module :  ;
message : Array ;

2017-03-13 11:38:55 response :
------------

2017-03-13 11:43:20 trace :
------------
Array:
tousername : gh_6536061e4435 ;
fromusername : oKwkYw_EA3VpOigDUNydKbSRsLyY ;
createtime : 1489376600 ;
msgtype : event ;
event : VIEW ;
eventkey : http://kh39.61why.com/app/index.php?i=2&c=entry&eid=194 ;
menuid : 410600728 ;
from : oKwkYw_EA3VpOigDUNydKbSRsLyY ;
to : gh_6536061e4435 ;
time : 1489376600 ;
type : event ;

2017-03-13 11:43:20 params :
------------
Array:
rule : -2 ;
module :  ;
message : Array ;

2017-03-13 11:43:20 response :
------------

2017-03-13 11:47:21 trace :
------------
Array:
tousername : gh_6536061e4435 ;
fromusername : oKwkYwy552o7_eUisSRD3QHthqs8 ;
createtime : 1489376840 ;
msgtype : text ;
content : 王朔，明可达产品上架后告之 ;
msgid : 6396824819631099334 ;
from : oKwkYwy552o7_eUisSRD3QHthqs8 ;
to : gh_6536061e4435 ;
time : 1489376840 ;
type : text ;
event :  ;
redirection :  ;
source :  ;

2017-03-13 11:47:21 params :
------------
Array:
rule : -2 ;
module :  ;
message : Array ;

2017-03-13 11:47:21 response :
------------

2017-03-13 12:03:30 trace :
------------
Array:
tousername : gh_6536061e4435 ;
fromusername : oKwkYwyjAOywSERaOGg5yRC_88dk ;
createtime : 1489377810 ;
msgtype : event ;
event : subscribe ;
eventkey : qrscene_f95f10c42c72e64f510cf695af230ced ;
ticket : gQGu8TwAAAAAAAAAAS5odHRwOi8vd2VpeGluLnFxLmNvbS9xLzAyOFRGUTFBSDljbzMxMDAwMDAwN3AAAgSOFG5YAwQAAAAA ;
from : oKwkYwyjAOywSERaOGg5yRC_88dk ;
to : gh_6536061e4435 ;
time : 1489377810 ;
type : subscribe ;
scene : f95f10c42c72e64f510cf695af230ced ;

2017-03-13 12:03:47 trace :
------------
Array:
tousername : gh_6536061e4435 ;
fromusername : oKwkYwyjAOywSERaOGg5yRC_88dk ;
createtime : 1489377827 ;
msgtype : event ;
event : VIEW ;
eventkey : http://kh39.61why.com/app/index.php?i=2&c=entry&eid=194 ;
menuid : 410600728 ;
from : oKwkYwyjAOywSERaOGg5yRC_88dk ;
to : gh_6536061e4435 ;
time : 1489377827 ;
type : event ;

2017-03-13 12:03:47 params :
------------
Array:
rule : -2 ;
module :  ;
message : Array ;

2017-03-13 12:03:47 response :
------------

2017-03-13 12:04:16 trace :
------------
Array:
tousername : gh_6536061e4435 ;
fromusername : oKwkYw_cP_mkS6WWNjszue0ChK4M ;
createtime : 1489377856 ;
msgtype : event ;
event : CLICK ;
eventkey : 二维码 ;
from : oKwkYw_cP_mkS6WWNjszue0ChK4M ;
to : gh_6536061e4435 ;
time : 1489377856 ;
type : event ;

2017-03-13 12:10:52 trace :
------------
Array:
tousername : gh_6536061e4435 ;
fromusername : oKwkYwz_FtGom2eSyG1qwUGFxNiA ;
createtime : 1489378252 ;
msgtype : event ;
event : VIEW ;
eventkey : http://kh39.61why.com/app/index.php?i=2&c=entry&eid=198 ;
menuid : 410600728 ;
from : oKwkYwz_FtGom2eSyG1qwUGFxNiA ;
to : gh_6536061e4435 ;
time : 1489378252 ;
type : event ;

2017-03-13 12:10:52 params :
------------
Array:
rule : -2 ;
module :  ;
message : Array ;

2017-03-13 12:10:52 response :
------------

2017-03-13 12:14:08 trace :
------------
Array:
tousername : gh_6536061e4435 ;
fromusername : oKwkYwxdGazpUQLKnjr_HrnPicQo ;
createtime : 1489378448 ;
msgtype : event ;
event : VIEW ;
eventkey : http://kh39.61why.com/app/index.php?i=2&c=entry&eid=198 ;
menuid : 410600728 ;
from : oKwkYwxdGazpUQLKnjr_HrnPicQo ;
to : gh_6536061e4435 ;
time : 1489378448 ;
type : event ;

2017-03-13 12:14:08 params :
------------
Array:
rule : -2 ;
module :  ;
message : Array ;

2017-03-13 12:14:08 response :
------------

2017-03-13 12:18:34 trace :
------------
Array:
tousername : gh_6536061e4435 ;
fromusername : oKwkYw5hiet9aIoMvpfdt0UcJyzc ;
createtime : 1489378714 ;
msgtype : event ;
event : VIEW ;
eventkey : http://kh39.61why.com/app/index.php?i=2&c=entry&eid=198 ;
menuid : 410600728 ;
from : oKwkYw5hiet9aIoMvpfdt0UcJyzc ;
to : gh_6536061e4435 ;
time : 1489378714 ;
type : event ;

2017-03-13 12:18:34 params :
------------
Array:
rule : -2 ;
module :  ;
message : Array ;

2017-03-13 12:18:34 response :
------------

2017-03-13 12:25:56 trace :
------------
Array:
tousername : gh_6536061e4435 ;
fromusername : oKwkYw9A27iCE2wbx5IXncAJ21Sw ;
createtime : 1489379156 ;
msgtype : event ;
event : VIEW ;
eventkey : http://kh39.61why.com/app/index.php?i=2&c=entry&eid=198 ;
menuid : 410600728 ;
from : oKwkYw9A27iCE2wbx5IXncAJ21Sw ;
to : gh_6536061e4435 ;
time : 1489379156 ;
type : event ;

2017-03-13 12:25:56 params :
------------
Array:
rule : -2 ;
module :  ;
message : Array ;

2017-03-13 12:25:56 response :
------------

2017-03-13 12:27:05 trace :
------------
Array:
tousername : gh_6536061e4435 ;
fromusername : oKwkYw9A27iCE2wbx5IXncAJ21Sw ;
createtime : 1489379225 ;
msgtype : event ;
event : VIEW ;
eventkey : http://kh39.61why.com/app/index.php?i=2&c=entry&eid=198 ;
menuid : 410600728 ;
from : oKwkYw9A27iCE2wbx5IXncAJ21Sw ;
to : gh_6536061e4435 ;
time : 1489379225 ;
type : event ;

2017-03-13 12:27:05 params :
------------
Array:
rule : -2 ;
module :  ;
message : Array ;

2017-03-13 12:27:05 response :
------------

2017-03-13 12:29:13 trace :
------------
Array:
tousername : gh_6536061e4435 ;
fromusername : oKwkYw9A27iCE2wbx5IXncAJ21Sw ;
createtime : 1489379353 ;
msgtype : event ;
event : VIEW ;
eventkey : http://kh39.61why.com/app/index.php?i=2&c=entry&eid=198 ;
menuid : 410600728 ;
from : oKwkYw9A27iCE2wbx5IXncAJ21Sw ;
to : gh_6536061e4435 ;
time : 1489379353 ;
type : event ;

2017-03-13 12:29:13 params :
------------
Array:
rule : -2 ;
module :  ;
message : Array ;

2017-03-13 12:29:13 response :
------------

2017-03-13 12:31:10 trace :
------------
Array:
tousername : gh_6536061e4435 ;
fromusername : oKwkYw9A27iCE2wbx5IXncAJ21Sw ;
createtime : 1489379470 ;
msgtype : event ;
event : VIEW ;
eventkey : http://kh39.61why.com/app/index.php?i=2&c=entry&eid=198 ;
menuid : 410600728 ;
from : oKwkYw9A27iCE2wbx5IXncAJ21Sw ;
to : gh_6536061e4435 ;
time : 1489379470 ;
type : event ;

2017-03-13 12:31:10 params :
------------
Array:
rule : -2 ;
module :  ;
message : Array ;

2017-03-13 12:31:10 response :
------------

2017-03-13 12:33:37 trace :
------------
Array:
tousername : gh_6536061e4435 ;
fromusername : oKwkYwy552o7_eUisSRD3QHthqs8 ;
createtime : 1489379617 ;
msgtype : event ;
event : VIEW ;
eventkey : http://kh39.61why.com/app/index.php?i=2&c=entry&eid=194 ;
menuid : 410600728 ;
from : oKwkYwy552o7_eUisSRD3QHthqs8 ;
to : gh_6536061e4435 ;
time : 1489379617 ;
type : event ;

2017-03-13 12:33:37 params :
------------
Array:
rule : -2 ;
module :  ;
message : Array ;

2017-03-13 12:33:37 response :
------------

2017-03-13 12:38:42 trace :
------------
Array:
tousername : gh_6536061e4435 ;
fromusername : oKwkYwxdGazpUQLKnjr_HrnPicQo ;
createtime : 1489379922 ;
msgtype : event ;
event : VIEW ;
eventkey : http://kh39.61why.com/app/index.php?i=2&c=entry&eid=198 ;
menuid : 410600728 ;
from : oKwkYwxdGazpUQLKnjr_HrnPicQo ;
to : gh_6536061e4435 ;
time : 1489379922 ;
type : event ;

2017-03-13 12:38:42 params :
------------
Array:
rule : -2 ;
module :  ;
message : Array ;

2017-03-13 12:38:42 response :
------------

2017-03-13 12:38:42 trace :
------------
Array:
tousername : gh_6536061e4435 ;
fromusername : oKwkYwxdGazpUQLKnjr_HrnPicQo ;
createtime : 1489379922 ;
msgtype : event ;
event : VIEW ;
eventkey : http://kh39.61why.com/app/index.php?i=2&c=entry&eid=198 ;
menuid : 410600728 ;
from : oKwkYwxdGazpUQLKnjr_HrnPicQo ;
to : gh_6536061e4435 ;
time : 1489379922 ;
type : event ;

2017-03-13 12:38:42 params :
------------
Array:
rule : -2 ;
module :  ;
message : Array ;

2017-03-13 12:38:42 response :
------------

2017-03-13 13:20:40 trace :
------------
Array:
tousername : gh_6536061e4435 ;
fromusername : oKwkYw22rCbBSaALxIaH8w23nsLQ ;
createtime : 1489382440 ;
msgtype : event ;
event : CLICK ;
eventkey : 二维码 ;
from : oKwkYw22rCbBSaALxIaH8w23nsLQ ;
to : gh_6536061e4435 ;
time : 1489382440 ;
type : event ;

2017-03-13 13:20:47 trace :
------------
Array:
tousername : gh_6536061e4435 ;
fromusername : oKwkYw22rCbBSaALxIaH8w23nsLQ ;
createtime : 1489382447 ;
msgtype : event ;
event : CLICK ;
eventkey : 二维码 ;
from : oKwkYw22rCbBSaALxIaH8w23nsLQ ;
to : gh_6536061e4435 ;
time : 1489382447 ;
type : event ;

2017-03-13 13:21:04 trace :
------------
Array:
tousername : gh_6536061e4435 ;
fromusername : oKwkYw6o3a7otZOCvv25dRVHQX_I ;
createtime : 1489382464 ;
msgtype : event ;
event : subscribe ;
eventkey : qrscene_00b75b629b0047609dd8822e8645fe38 ;
ticket : gQEm8TwAAAAAAAAAAS5odHRwOi8vd2VpeGluLnFxLmNvbS9xLzAyTTV3VjBuSDljbzMxMDAwMGcwN3QAAgSVAm5YAwQAAAAA ;
from : oKwkYw6o3a7otZOCvv25dRVHQX_I ;
to : gh_6536061e4435 ;
time : 1489382464 ;
type : subscribe ;
scene : 00b75b629b0047609dd8822e8645fe38 ;

2017-03-13 13:34:13 trace :
------------
Array:
tousername : gh_6536061e4435 ;
fromusername : oKwkYw1KQ5ff5BZ0dgvipwLgZRns ;
createtime : 1489383253 ;
msgtype : event ;
event : VIEW ;
eventkey : http://kh39.61why.com/app/index.php?i=2&c=entry&eid=198 ;
menuid : 410600728 ;
from : oKwkYw1KQ5ff5BZ0dgvipwLgZRns ;
to : gh_6536061e4435 ;
time : 1489383253 ;
type : event ;

2017-03-13 13:34:13 params :
------------
Array:
rule : -2 ;
module :  ;
message : Array ;

2017-03-13 13:34:13 response :
------------

2017-03-13 14:08:00 trace :
------------
Array:
tousername : gh_6536061e4435 ;
fromusername : oKwkYw2AvtOQWVWlszR3cLKUUa3E ;
createtime : 1489385280 ;
msgtype : event ;
event : VIEW ;
eventkey : http://kh39.61why.com/app/index.php?i=2&c=entry&eid=198 ;
menuid : 410600728 ;
from : oKwkYw2AvtOQWVWlszR3cLKUUa3E ;
to : gh_6536061e4435 ;
time : 1489385280 ;
type : event ;

2017-03-13 14:08:00 params :
------------
Array:
rule : -2 ;
module :  ;
message : Array ;

2017-03-13 14:08:00 response :
------------

2017-03-13 14:08:11 trace :
------------
Array:
tousername : gh_6536061e4435 ;
fromusername : oKwkYw2AvtOQWVWlszR3cLKUUa3E ;
createtime : 1489385291 ;
msgtype : event ;
event : VIEW ;
eventkey : http://kh39.61why.com/app/index.php?i=2&c=entry&eid=198 ;
menuid : 410600728 ;
from : oKwkYw2AvtOQWVWlszR3cLKUUa3E ;
to : gh_6536061e4435 ;
time : 1489385291 ;
type : event ;

2017-03-13 14:08:11 params :
------------
Array:
rule : -2 ;
module :  ;
message : Array ;

2017-03-13 14:08:11 response :
------------

2017-03-13 14:08:38 trace :
------------
Array:
tousername : gh_6536061e4435 ;
fromusername : oKwkYw2AvtOQWVWlszR3cLKUUa3E ;
createtime : 1489385318 ;
msgtype : event ;
event : VIEW ;
eventkey : http://kh39.61why.com/app/index.php?i=2&c=entry&eid=198 ;
menuid : 410600728 ;
from : oKwkYw2AvtOQWVWlszR3cLKUUa3E ;
to : gh_6536061e4435 ;
time : 1489385318 ;
type : event ;

2017-03-13 14:08:38 params :
------------
Array:
rule : -2 ;
module :  ;
message : Array ;

2017-03-13 14:08:38 response :
------------

2017-03-13 14:09:21 trace :
------------
Array:
tousername : gh_6536061e4435 ;
fromusername : oKwkYw2AvtOQWVWlszR3cLKUUa3E ;
createtime : 1489385361 ;
msgtype : event ;
event : VIEW ;
eventkey : http://kh39.61why.com/app/index.php?i=2&c=entry&eid=198 ;
menuid : 410600728 ;
from : oKwkYw2AvtOQWVWlszR3cLKUUa3E ;
to : gh_6536061e4435 ;
time : 1489385361 ;
type : event ;

2017-03-13 14:09:21 params :
------------
Array:
rule : -2 ;
module :  ;
message : Array ;

2017-03-13 14:09:21 response :
------------

2017-03-13 14:10:02 trace :
------------
Array:
tousername : gh_6536061e4435 ;
fromusername : oKwkYw2AvtOQWVWlszR3cLKUUa3E ;
createtime : 1489385402 ;
msgtype : event ;
event : VIEW ;
eventkey : http://kh39.61why.com/app/index.php?i=2&c=entry&eid=198 ;
menuid : 410600728 ;
from : oKwkYw2AvtOQWVWlszR3cLKUUa3E ;
to : gh_6536061e4435 ;
time : 1489385402 ;
type : event ;

2017-03-13 14:10:02 params :
------------
Array:
rule : -2 ;
module :  ;
message : Array ;

2017-03-13 14:10:02 response :
------------

2017-03-13 14:11:08 trace :
------------
Array:
tousername : gh_6536061e4435 ;
fromusername : oKwkYw2AvtOQWVWlszR3cLKUUa3E ;
createtime : 1489385468 ;
msgtype : event ;
event : VIEW ;
eventkey : http://kh39.61why.com/app/index.php?i=2&c=entry&eid=194 ;
menuid : 410600728 ;
from : oKwkYw2AvtOQWVWlszR3cLKUUa3E ;
to : gh_6536061e4435 ;
time : 1489385468 ;
type : event ;

2017-03-13 14:11:08 params :
------------
Array:
rule : -2 ;
module :  ;
message : Array ;

2017-03-13 14:11:08 response :
------------

2017-03-13 14:38:11 trace :
------------
Array:
tousername : gh_6536061e4435 ;
fromusername : oKwkYw2AvtOQWVWlszR3cLKUUa3E ;
createtime : 1489387091 ;
msgtype : event ;
event : VIEW ;
eventkey : http://kh39.61why.com/app/index.php?i=2&c=entry&eid=198 ;
menuid : 410600728 ;
from : oKwkYw2AvtOQWVWlszR3cLKUUa3E ;
to : gh_6536061e4435 ;
time : 1489387091 ;
type : event ;

2017-03-13 14:38:11 params :
------------
Array:
rule : -2 ;
module :  ;
message : Array ;

2017-03-13 14:38:11 response :
------------

2017-03-13 14:39:45 trace :
------------
Array:
tousername : gh_6536061e4435 ;
fromusername : oKwkYw2AvtOQWVWlszR3cLKUUa3E ;
createtime : 1489387184 ;
msgtype : event ;
event : VIEW ;
eventkey : http://kh39.61why.com/app/index.php?i=2&c=entry&eid=198 ;
menuid : 410600728 ;
from : oKwkYw2AvtOQWVWlszR3cLKUUa3E ;
to : gh_6536061e4435 ;
time : 1489387184 ;
type : event ;

2017-03-13 14:39:45 params :
------------
Array:
rule : -2 ;
module :  ;
message : Array ;

2017-03-13 14:39:45 response :
------------

2017-03-13 14:41:14 trace :
------------
Array:
tousername : gh_6536061e4435 ;
fromusername : oKwkYw2AvtOQWVWlszR3cLKUUa3E ;
createtime : 1489387274 ;
msgtype : event ;
event : VIEW ;
eventkey : http://kh39.61why.com/app/index.php?i=2&c=entry&eid=198 ;
menuid : 410600728 ;
from : oKwkYw2AvtOQWVWlszR3cLKUUa3E ;
to : gh_6536061e4435 ;
time : 1489387274 ;
type : event ;

2017-03-13 14:41:14 params :
------------
Array:
rule : -2 ;
module :  ;
message : Array ;

2017-03-13 14:41:14 response :
------------

2017-03-13 14:41:27 trace :
------------
Array:
tousername : gh_6536061e4435 ;
fromusername : oKwkYw2AvtOQWVWlszR3cLKUUa3E ;
createtime : 1489387286 ;
msgtype : event ;
event : CLICK ;
eventkey : 二维码 ;
from : oKwkYw2AvtOQWVWlszR3cLKUUa3E ;
to : gh_6536061e4435 ;
time : 1489387286 ;
type : event ;

2017-03-13 14:54:44 trace :
------------
Array:
tousername : gh_6536061e4435 ;
fromusername : oKwkYwy552o7_eUisSRD3QHthqs8 ;
createtime : 1489388084 ;
msgtype : event ;
event : VIEW ;
eventkey : http://kh39.61why.com/app/index.php?i=2&c=entry&eid=194 ;
menuid : 410600728 ;
from : oKwkYwy552o7_eUisSRD3QHthqs8 ;
to : gh_6536061e4435 ;
time : 1489388084 ;
type : event ;

2017-03-13 14:54:44 params :
------------
Array:
rule : -2 ;
module :  ;
message : Array ;

2017-03-13 14:54:44 response :
------------

2017-03-13 14:54:56 trace :
------------
Array:
tousername : gh_6536061e4435 ;
fromusername : oKwkYwy552o7_eUisSRD3QHthqs8 ;
createtime : 1489388096 ;
msgtype : event ;
event : VIEW ;
eventkey : http://kh39.61why.com/app/index.php?i=2&c=entry&eid=194 ;
menuid : 410600728 ;
from : oKwkYwy552o7_eUisSRD3QHthqs8 ;
to : gh_6536061e4435 ;
time : 1489388096 ;
type : event ;

2017-03-13 14:54:56 params :
------------
Array:
rule : -2 ;
module :  ;
message : Array ;

2017-03-13 14:54:56 response :
------------

2017-03-13 14:58:39 trace :
------------
Array:
tousername : gh_6536061e4435 ;
fromusername : oKwkYw4_w5zxpJAdDOtFc1BfJfxA ;
createtime : 1489388318 ;
msgtype : event ;
event : VIEW ;
eventkey : http://kh39.61why.com/app/index.php?i=2&c=entry&eid=198 ;
menuid : 410600728 ;
from : oKwkYw4_w5zxpJAdDOtFc1BfJfxA ;
to : gh_6536061e4435 ;
time : 1489388318 ;
type : event ;

2017-03-13 14:58:39 params :
------------
Array:
rule : -2 ;
module :  ;
message : Array ;

2017-03-13 14:58:39 response :
------------

2017-03-13 14:59:23 trace :
------------
Array:
tousername : gh_6536061e4435 ;
fromusername : oKwkYw0Ujb5Ml9uffRed2bfazE5c ;
createtime : 1489388362 ;
msgtype : event ;
event : MASSSENDJOBFINISH ;
msgid : 1000000026 ;
status : send success ;
totalcount : 645 ;
filtercount : 644 ;
sentcount : 644 ;
errorcount : 0 ;
copyrightcheckresult : Array ;
from : oKwkYw0Ujb5Ml9uffRed2bfazE5c ;
to : gh_6536061e4435 ;
time : 1489388362 ;
type : event ;

2017-03-13 14:59:23 params :
------------
Array:
rule : -2 ;
module :  ;
message : Array ;

2017-03-13 14:59:23 response :
------------

2017-03-13 15:00:50 trace :
------------
Array:
tousername : gh_6536061e4435 ;
fromusername : oKwkYw-oueSDcnhZWi8VurxnJzsg ;
createtime : 1489388450 ;
msgtype : event ;
event : VIEW ;
eventkey : http://kh39.61why.com/app/index.php?i=2&c=entry&eid=194 ;
menuid : 410600728 ;
from : oKwkYw-oueSDcnhZWi8VurxnJzsg ;
to : gh_6536061e4435 ;
time : 1489388450 ;
type : event ;

2017-03-13 15:00:50 params :
------------
Array:
rule : -2 ;
module :  ;
message : Array ;

2017-03-13 15:00:50 response :
------------

2017-03-13 15:03:51 trace :
------------
Array:
tousername : gh_6536061e4435 ;
fromusername : oKwkYwyjERfw7XYg2QL9r-EmTJic ;
createtime : 1489388631 ;
msgtype : event ;
event : VIEW ;
eventkey : http://kh39.61why.com/app/index.php?i=2&c=entry&eid=198 ;
menuid : 410600728 ;
from : oKwkYwyjERfw7XYg2QL9r-EmTJic ;
to : gh_6536061e4435 ;
time : 1489388631 ;
type : event ;

2017-03-13 15:03:51 params :
------------
Array:
rule : -2 ;
module :  ;
message : Array ;

2017-03-13 15:03:51 response :
------------

2017-03-13 15:05:11 trace :
------------
Array:
tousername : gh_6536061e4435 ;
fromusername : oKwkYwyjERfw7XYg2QL9r-EmTJic ;
createtime : 1489388711 ;
msgtype : event ;
event : VIEW ;
eventkey : http://kh39.61why.com/app/index.php?i=2&c=entry&eid=194 ;
menuid : 410600728 ;
from : oKwkYwyjERfw7XYg2QL9r-EmTJic ;
to : gh_6536061e4435 ;
time : 1489388711 ;
type : event ;

2017-03-13 15:05:11 params :
------------
Array:
rule : -2 ;
module :  ;
message : Array ;

2017-03-13 15:05:11 response :
------------

2017-03-13 15:06:11 trace :
------------
Array:
tousername : gh_6536061e4435 ;
fromusername : oKwkYwyjERfw7XYg2QL9r-EmTJic ;
createtime : 1489388771 ;
msgtype : event ;
event : VIEW ;
eventkey : http://kh39.61why.com/app/index.php?i=2&c=entry&eid=194 ;
menuid : 410600728 ;
from : oKwkYwyjERfw7XYg2QL9r-EmTJic ;
to : gh_6536061e4435 ;
time : 1489388771 ;
type : event ;

2017-03-13 15:06:11 params :
------------
Array:
rule : -2 ;
module :  ;
message : Array ;

2017-03-13 15:06:11 response :
------------

2017-03-13 15:06:30 trace :
------------
Array:
tousername : gh_6536061e4435 ;
fromusername : oKwkYw_cP_mkS6WWNjszue0ChK4M ;
createtime : 1489388790 ;
msgtype : event ;
event : CLICK ;
eventkey : 二维码 ;
from : oKwkYw_cP_mkS6WWNjszue0ChK4M ;
to : gh_6536061e4435 ;
time : 1489388790 ;
type : event ;

2017-03-13 15:06:30 trace :
------------
Array:
tousername : gh_6536061e4435 ;
fromusername : oKwkYw_cP_mkS6WWNjszue0ChK4M ;
createtime : 1489388790 ;
msgtype : event ;
event : VIEW ;
eventkey : http://kh39.61why.com/app/index.php?i=2&c=entry&eid=198 ;
menuid : 410600728 ;
from : oKwkYw_cP_mkS6WWNjszue0ChK4M ;
to : gh_6536061e4435 ;
time : 1489388790 ;
type : event ;

2017-03-13 15:06:30 params :
------------
Array:
rule : -2 ;
module :  ;
message : Array ;

2017-03-13 15:06:30 response :
------------

2017-03-13 15:06:57 trace :
------------
Array:
tousername : gh_6536061e4435 ;
fromusername : oKwkYw0Lffxa65YQCLVZZ6tPc_NA ;
createtime : 1489388817 ;
msgtype : event ;
event : VIEW ;
eventkey : http://kh39.61why.com/app/index.php?i=2&c=entry&eid=198 ;
menuid : 410600728 ;
from : oKwkYw0Lffxa65YQCLVZZ6tPc_NA ;
to : gh_6536061e4435 ;
time : 1489388817 ;
type : event ;

2017-03-13 15:06:57 params :
------------
Array:
rule : -2 ;
module :  ;
message : Array ;

2017-03-13 15:06:57 response :
------------

2017-03-13 15:18:37 trace :
------------
Array:
tousername : gh_6536061e4435 ;
fromusername : oKwkYw4C5jfrmt6M622hmQ1WoayQ ;
createtime : 1489389517 ;
msgtype : event ;
event : VIEW ;
eventkey : http://kh39.61why.com/app/index.php?i=2&c=entry&eid=194 ;
menuid : 410600728 ;
from : oKwkYw4C5jfrmt6M622hmQ1WoayQ ;
to : gh_6536061e4435 ;
time : 1489389517 ;
type : event ;

2017-03-13 15:18:37 params :
------------
Array:
rule : -2 ;
module :  ;
message : Array ;

2017-03-13 15:18:37 response :
------------

2017-03-13 15:26:47 trace :
------------
Array:
tousername : gh_6536061e4435 ;
fromusername : oKwkYwwGkOZDvuC9Oxn4uTiCrm_g ;
createtime : 1489390007 ;
msgtype : event ;
event : VIEW ;
eventkey : http://kh39.61why.com/app/index.php?i=2&c=entry&eid=194 ;
menuid : 410600728 ;
from : oKwkYwwGkOZDvuC9Oxn4uTiCrm_g ;
to : gh_6536061e4435 ;
time : 1489390007 ;
type : event ;

2017-03-13 15:26:47 params :
------------
Array:
rule : -2 ;
module :  ;
message : Array ;

2017-03-13 15:26:47 response :
------------

2017-03-13 15:26:49 trace :
------------
Array:
tousername : gh_6536061e4435 ;
fromusername : oKwkYwwGkOZDvuC9Oxn4uTiCrm_g ;
createtime : 1489390009 ;
msgtype : event ;
event : VIEW ;
eventkey : http://kh39.61why.com/app/index.php?i=2&c=entry&eid=198 ;
menuid : 410600728 ;
from : oKwkYwwGkOZDvuC9Oxn4uTiCrm_g ;
to : gh_6536061e4435 ;
time : 1489390009 ;
type : event ;

2017-03-13 15:26:49 params :
------------
Array:
rule : -2 ;
module :  ;
message : Array ;

2017-03-13 15:26:49 response :
------------

2017-03-13 15:39:16 trace :
------------
Array:
tousername : gh_6536061e4435 ;
fromusername : oKwkYw0FHCJ7ae3-c1NWzfFi6rfY ;
createtime : 1489390756 ;
msgtype : event ;
event : CLICK ;
eventkey : 二维码 ;
from : oKwkYw0FHCJ7ae3-c1NWzfFi6rfY ;
to : gh_6536061e4435 ;
time : 1489390756 ;
type : event ;

2017-03-13 15:39:59 trace :
------------
Array:
tousername : gh_6536061e4435 ;
fromusername : oKwkYw-STH1eRRgVqDsuzlRhPMxU ;
createtime : 1489390799 ;
msgtype : event ;
event : VIEW ;
eventkey : http://kh39.61why.com/app/index.php?i=2&c=entry&eid=198 ;
menuid : 410600728 ;
from : oKwkYw-STH1eRRgVqDsuzlRhPMxU ;
to : gh_6536061e4435 ;
time : 1489390799 ;
type : event ;

2017-03-13 15:39:59 params :
------------
Array:
rule : -2 ;
module :  ;
message : Array ;

2017-03-13 15:39:59 response :
------------

2017-03-13 15:40:30 trace :
------------
Array:
tousername : gh_6536061e4435 ;
fromusername : oKwkYw22rCbBSaALxIaH8w23nsLQ ;
createtime : 1489390830 ;
msgtype : event ;
event : VIEW ;
eventkey : http://kh39.61why.com/app/index.php?i=2&c=entry&eid=194 ;
menuid : 410600728 ;
from : oKwkYw22rCbBSaALxIaH8w23nsLQ ;
to : gh_6536061e4435 ;
time : 1489390830 ;
type : event ;

2017-03-13 15:40:30 params :
------------
Array:
rule : -2 ;
module :  ;
message : Array ;

2017-03-13 15:40:30 response :
------------

2017-03-13 15:50:48 trace :
------------
Array:
tousername : gh_6536061e4435 ;
fromusername : oKwkYwxQtzc6m26vczqJwlL949Os ;
createtime : 1489391448 ;
msgtype : event ;
event : VIEW ;
eventkey : http://kh39.61why.com/app/index.php?i=2&c=entry&eid=194 ;
menuid : 410600728 ;
from : oKwkYwxQtzc6m26vczqJwlL949Os ;
to : gh_6536061e4435 ;
time : 1489391448 ;
type : event ;

2017-03-13 15:50:48 params :
------------
Array:
rule : -2 ;
module :  ;
message : Array ;

2017-03-13 15:50:48 response :
------------

2017-03-13 15:52:40 trace :
------------
Array:
tousername : gh_6536061e4435 ;
fromusername : oKwkYwxQtzc6m26vczqJwlL949Os ;
createtime : 1489391560 ;
msgtype : event ;
event : CLICK ;
eventkey : 二维码 ;
from : oKwkYwxQtzc6m26vczqJwlL949Os ;
to : gh_6536061e4435 ;
time : 1489391560 ;
type : event ;

2017-03-13 15:52:42 trace :
------------
Array:
tousername : gh_6536061e4435 ;
fromusername : oKwkYwxQtzc6m26vczqJwlL949Os ;
createtime : 1489391562 ;
msgtype : event ;
event : CLICK ;
eventkey : 二维码 ;
from : oKwkYwxQtzc6m26vczqJwlL949Os ;
to : gh_6536061e4435 ;
time : 1489391562 ;
type : event ;

2017-03-13 16:06:05 trace :
------------
Array:
tousername : gh_6536061e4435 ;
fromusername : oKwkYw22rCbBSaALxIaH8w23nsLQ ;
createtime : 1489392365 ;
msgtype : event ;
event : VIEW ;
eventkey : http://kh39.61why.com/app/index.php?i=2&c=entry&eid=198 ;
menuid : 410600728 ;
from : oKwkYw22rCbBSaALxIaH8w23nsLQ ;
to : gh_6536061e4435 ;
time : 1489392365 ;
type : event ;

2017-03-13 16:06:05 params :
------------
Array:
rule : -2 ;
module :  ;
message : Array ;

2017-03-13 16:06:05 response :
------------

2017-03-13 16:08:31 trace :
------------
Array:
tousername : gh_6536061e4435 ;
fromusername : oKwkYwy552o7_eUisSRD3QHthqs8 ;
createtime : 1489392511 ;
msgtype : event ;
event : VIEW ;
eventkey : http://kh39.61why.com/app/index.php?i=2&c=entry&eid=198 ;
menuid : 410600728 ;
from : oKwkYwy552o7_eUisSRD3QHthqs8 ;
to : gh_6536061e4435 ;
time : 1489392511 ;
type : event ;

2017-03-13 16:08:31 params :
------------
Array:
rule : -2 ;
module :  ;
message : Array ;

2017-03-13 16:08:31 response :
------------

2017-03-13 16:11:15 trace :
------------
Array:
tousername : gh_6536061e4435 ;
fromusername : oKwkYwy552o7_eUisSRD3QHthqs8 ;
createtime : 1489392675 ;
msgtype : event ;
event : VIEW ;
eventkey : http://kh39.61why.com/app/index.php?i=2&c=entry&eid=198 ;
menuid : 410600728 ;
from : oKwkYwy552o7_eUisSRD3QHthqs8 ;
to : gh_6536061e4435 ;
time : 1489392675 ;
type : event ;

2017-03-13 16:11:15 params :
------------
Array:
rule : -2 ;
module :  ;
message : Array ;

2017-03-13 16:11:15 response :
------------

2017-03-13 16:14:50 trace :
------------
Array:
tousername : gh_6536061e4435 ;
fromusername : oKwkYwy552o7_eUisSRD3QHthqs8 ;
createtime : 1489392890 ;
msgtype : event ;
event : VIEW ;
eventkey : http://kh39.61why.com/app/index.php?i=2&c=entry&eid=198 ;
menuid : 410600728 ;
from : oKwkYwy552o7_eUisSRD3QHthqs8 ;
to : gh_6536061e4435 ;
time : 1489392890 ;
type : event ;

2017-03-13 16:14:50 params :
------------
Array:
rule : -2 ;
module :  ;
message : Array ;

2017-03-13 16:14:50 response :
------------

2017-03-13 16:16:45 trace :
------------
Array:
tousername : gh_6536061e4435 ;
fromusername : oKwkYwy552o7_eUisSRD3QHthqs8 ;
createtime : 1489393005 ;
msgtype : event ;
event : VIEW ;
eventkey : http://kh39.61why.com/app/index.php?i=2&c=entry&eid=198 ;
menuid : 410600728 ;
from : oKwkYwy552o7_eUisSRD3QHthqs8 ;
to : gh_6536061e4435 ;
time : 1489393005 ;
type : event ;

2017-03-13 16:16:45 params :
------------
Array:
rule : -2 ;
module :  ;
message : Array ;

2017-03-13 16:16:45 response :
------------

2017-03-13 16:17:06 trace :
------------
Array:
tousername : gh_6536061e4435 ;
fromusername : oKwkYw5hiet9aIoMvpfdt0UcJyzc ;
createtime : 1489393026 ;
msgtype : event ;
event : VIEW ;
eventkey : http://kh39.61why.com/app/index.php?i=2&c=entry&eid=198 ;
menuid : 410600728 ;
from : oKwkYw5hiet9aIoMvpfdt0UcJyzc ;
to : gh_6536061e4435 ;
time : 1489393026 ;
type : event ;

2017-03-13 16:17:06 params :
------------
Array:
rule : -2 ;
module :  ;
message : Array ;

2017-03-13 16:17:06 response :
------------

2017-03-13 16:17:55 trace :
------------
Array:
tousername : gh_6536061e4435 ;
fromusername : oKwkYwy552o7_eUisSRD3QHthqs8 ;
createtime : 1489393075 ;
msgtype : event ;
event : VIEW ;
eventkey : http://kh39.61why.com/app/index.php?i=2&c=entry&eid=198 ;
menuid : 410600728 ;
from : oKwkYwy552o7_eUisSRD3QHthqs8 ;
to : gh_6536061e4435 ;
time : 1489393075 ;
type : event ;

2017-03-13 16:17:55 params :
------------
Array:
rule : -2 ;
module :  ;
message : Array ;

2017-03-13 16:17:55 response :
------------

2017-03-13 16:18:08 trace :
------------
Array:
tousername : gh_6536061e4435 ;
fromusername : oKwkYw22rCbBSaALxIaH8w23nsLQ ;
createtime : 1489393087 ;
msgtype : event ;
event : VIEW ;
eventkey : http://kh39.61why.com/app/index.php?i=2&c=entry&eid=198 ;
menuid : 410600728 ;
from : oKwkYw22rCbBSaALxIaH8w23nsLQ ;
to : gh_6536061e4435 ;
time : 1489393087 ;
type : event ;

2017-03-13 16:18:08 params :
------------
Array:
rule : -2 ;
module :  ;
message : Array ;

2017-03-13 16:18:08 response :
------------

2017-03-13 16:18:12 trace :
------------
Array:
tousername : gh_6536061e4435 ;
fromusername : oKwkYwy552o7_eUisSRD3QHthqs8 ;
createtime : 1489393092 ;
msgtype : event ;
event : VIEW ;
eventkey : http://kh39.61why.com/app/index.php?i=2&c=entry&eid=198 ;
menuid : 410600728 ;
from : oKwkYwy552o7_eUisSRD3QHthqs8 ;
to : gh_6536061e4435 ;
time : 1489393092 ;
type : event ;

2017-03-13 16:18:12 params :
------------
Array:
rule : -2 ;
module :  ;
message : Array ;

2017-03-13 16:18:12 response :
------------

2017-03-13 16:20:17 trace :
------------
Array:
tousername : gh_6536061e4435 ;
fromusername : oKwkYwy552o7_eUisSRD3QHthqs8 ;
createtime : 1489393217 ;
msgtype : event ;
event : VIEW ;
eventkey : http://kh39.61why.com/app/index.php?i=2&c=entry&eid=198 ;
menuid : 410600728 ;
from : oKwkYwy552o7_eUisSRD3QHthqs8 ;
to : gh_6536061e4435 ;
time : 1489393217 ;
type : event ;

2017-03-13 16:20:17 params :
------------
Array:
rule : -2 ;
module :  ;
message : Array ;

2017-03-13 16:20:17 response :
------------

2017-03-13 16:24:16 trace :
------------
Array:
tousername : gh_6536061e4435 ;
fromusername : oKwkYwy552o7_eUisSRD3QHthqs8 ;
createtime : 1489393456 ;
msgtype : event ;
event : VIEW ;
eventkey : http://kh39.61why.com/app/index.php?i=2&c=entry&eid=198 ;
menuid : 410600728 ;
from : oKwkYwy552o7_eUisSRD3QHthqs8 ;
to : gh_6536061e4435 ;
time : 1489393456 ;
type : event ;

2017-03-13 16:24:16 params :
------------
Array:
rule : -2 ;
module :  ;
message : Array ;

2017-03-13 16:24:16 response :
------------

2017-03-13 16:27:07 trace :
------------
Array:
tousername : gh_6536061e4435 ;
fromusername : oKwkYw7vNzbWuwO9Bl_6mJmk-WQA ;
createtime : 1489393626 ;
msgtype : event ;
event : VIEW ;
eventkey : http://kh39.61why.com/app/index.php?i=2&c=entry&eid=194 ;
menuid : 410600728 ;
from : oKwkYw7vNzbWuwO9Bl_6mJmk-WQA ;
to : gh_6536061e4435 ;
time : 1489393626 ;
type : event ;

2017-03-13 16:27:07 params :
------------
Array:
rule : -2 ;
module :  ;
message : Array ;

2017-03-13 16:27:07 response :
------------

2017-03-13 16:28:43 trace :
------------
Array:
tousername : gh_6536061e4435 ;
fromusername : oKwkYw7vNzbWuwO9Bl_6mJmk-WQA ;
createtime : 1489393723 ;
msgtype : event ;
event : VIEW ;
eventkey : http://kh39.61why.com/app/index.php?i=2&c=entry&eid=194 ;
menuid : 410600728 ;
from : oKwkYw7vNzbWuwO9Bl_6mJmk-WQA ;
to : gh_6536061e4435 ;
time : 1489393723 ;
type : event ;

2017-03-13 16:28:43 params :
------------
Array:
rule : -2 ;
module :  ;
message : Array ;

2017-03-13 16:28:43 response :
------------

2017-03-13 16:30:38 trace :
------------
Array:
tousername : gh_6536061e4435 ;
fromusername : oKwkYwwzUkpA6TQ4JcHTMcXSLnmU ;
createtime : 1489393838 ;
msgtype : event ;
event : VIEW ;
eventkey : http://kh39.61why.com/app/index.php?i=2&c=entry&eid=198 ;
menuid : 410600728 ;
from : oKwkYwwzUkpA6TQ4JcHTMcXSLnmU ;
to : gh_6536061e4435 ;
time : 1489393838 ;
type : event ;

2017-03-13 16:30:38 params :
------------
Array:
rule : -2 ;
module :  ;
message : Array ;

2017-03-13 16:30:38 response :
------------

2017-03-13 16:31:06 trace :
------------
Array:
tousername : gh_6536061e4435 ;
fromusername : oKwkYw7vNzbWuwO9Bl_6mJmk-WQA ;
createtime : 1489393866 ;
msgtype : event ;
event : VIEW ;
eventkey : http://kh39.61why.com/app/index.php?i=2&c=entry&eid=194 ;
menuid : 410600728 ;
from : oKwkYw7vNzbWuwO9Bl_6mJmk-WQA ;
to : gh_6536061e4435 ;
time : 1489393866 ;
type : event ;

2017-03-13 16:31:06 params :
------------
Array:
rule : -2 ;
module :  ;
message : Array ;

2017-03-13 16:31:06 response :
------------

2017-03-13 16:31:56 trace :
------------
Array:
tousername : gh_6536061e4435 ;
fromusername : oKwkYwy552o7_eUisSRD3QHthqs8 ;
createtime : 1489393916 ;
msgtype : event ;
event : CLICK ;
eventkey : 二维码 ;
from : oKwkYwy552o7_eUisSRD3QHthqs8 ;
to : gh_6536061e4435 ;
time : 1489393916 ;
type : event ;

2017-03-13 16:31:56 trace :
------------
Array:
tousername : gh_6536061e4435 ;
fromusername : oKwkYwy552o7_eUisSRD3QHthqs8 ;
createtime : 1489393916 ;
msgtype : event ;
event : CLICK ;
eventkey : 二维码 ;
from : oKwkYwy552o7_eUisSRD3QHthqs8 ;
to : gh_6536061e4435 ;
time : 1489393916 ;
type : event ;

2017-03-13 16:32:13 trace :
------------
Array:
tousername : gh_6536061e4435 ;
fromusername : oKwkYw7vNzbWuwO9Bl_6mJmk-WQA ;
createtime : 1489393933 ;
msgtype : event ;
event : VIEW ;
eventkey : http://kh39.61why.com/app/index.php?i=2&c=entry&eid=198 ;
menuid : 410600728 ;
from : oKwkYw7vNzbWuwO9Bl_6mJmk-WQA ;
to : gh_6536061e4435 ;
time : 1489393933 ;
type : event ;

2017-03-13 16:32:13 params :
------------
Array:
rule : -2 ;
module :  ;
message : Array ;

2017-03-13 16:32:13 response :
------------

2017-03-13 16:34:21 trace :
------------
Array:
tousername : gh_6536061e4435 ;
fromusername : oKwkYw7vNzbWuwO9Bl_6mJmk-WQA ;
createtime : 1489394061 ;
msgtype : event ;
event : VIEW ;
eventkey : http://kh39.61why.com/app/index.php?i=2&c=entry&eid=194 ;
menuid : 410600728 ;
from : oKwkYw7vNzbWuwO9Bl_6mJmk-WQA ;
to : gh_6536061e4435 ;
time : 1489394061 ;
type : event ;

2017-03-13 16:34:21 params :
------------
Array:
rule : -2 ;
module :  ;
message : Array ;

2017-03-13 16:34:21 response :
------------

2017-03-13 16:35:38 trace :
------------
Array:
tousername : gh_6536061e4435 ;
fromusername : oKwkYw7vNzbWuwO9Bl_6mJmk-WQA ;
createtime : 1489394138 ;
msgtype : event ;
event : VIEW ;
eventkey : http://kh39.61why.com/app/index.php?i=2&c=entry&eid=194 ;
menuid : 410600728 ;
from : oKwkYw7vNzbWuwO9Bl_6mJmk-WQA ;
to : gh_6536061e4435 ;
time : 1489394138 ;
type : event ;

2017-03-13 16:35:38 params :
------------
Array:
rule : -2 ;
module :  ;
message : Array ;

2017-03-13 16:35:38 response :
------------

2017-03-13 16:44:00 trace :
------------
Array:
tousername : gh_6536061e4435 ;
fromusername : oKwkYwz175I9MLDI9fncvktaxEu8 ;
createtime : 1489394640 ;
msgtype : event ;
event : VIEW ;
eventkey : http://kh39.61why.com/app/index.php?i=2&c=entry&eid=198 ;
menuid : 410600728 ;
from : oKwkYwz175I9MLDI9fncvktaxEu8 ;
to : gh_6536061e4435 ;
time : 1489394640 ;
type : event ;

2017-03-13 16:44:00 params :
------------
Array:
rule : -2 ;
module :  ;
message : Array ;

2017-03-13 16:44:00 response :
------------

2017-03-13 17:15:27 trace :
------------
Array:
tousername : gh_6536061e4435 ;
fromusername : oKwkYw3l0eGz3H7e62pX1IDFxwCY ;
createtime : 1489396527 ;
msgtype : event ;
event : VIEW ;
eventkey : http://kh39.61why.com/app/index.php?i=2&c=entry&eid=194 ;
menuid : 410600728 ;
from : oKwkYw3l0eGz3H7e62pX1IDFxwCY ;
to : gh_6536061e4435 ;
time : 1489396527 ;
type : event ;

2017-03-13 17:15:27 params :
------------
Array:
rule : -2 ;
module :  ;
message : Array ;

2017-03-13 17:15:27 response :
------------

2017-03-13 17:43:03 trace :
------------
Array:
tousername : gh_6536061e4435 ;
fromusername : oKwkYw3l0eGz3H7e62pX1IDFxwCY ;
createtime : 1489398183 ;
msgtype : event ;
event : VIEW ;
eventkey : http://kh39.61why.com/app/index.php?i=2&c=entry&eid=198 ;
menuid : 410600728 ;
from : oKwkYw3l0eGz3H7e62pX1IDFxwCY ;
to : gh_6536061e4435 ;
time : 1489398183 ;
type : event ;

2017-03-13 17:43:03 params :
------------
Array:
rule : -2 ;
module :  ;
message : Array ;

2017-03-13 17:43:03 response :
------------

2017-03-13 17:43:32 trace :
------------
Array:
tousername : gh_6536061e4435 ;
fromusername : oKwkYw3l0eGz3H7e62pX1IDFxwCY ;
createtime : 1489398212 ;
msgtype : event ;
event : VIEW ;
eventkey : http://kh39.61why.com/app/index.php?i=2&c=entry&eid=194 ;
menuid : 410600728 ;
from : oKwkYw3l0eGz3H7e62pX1IDFxwCY ;
to : gh_6536061e4435 ;
time : 1489398212 ;
type : event ;

2017-03-13 17:43:32 params :
------------
Array:
rule : -2 ;
module :  ;
message : Array ;

2017-03-13 17:43:32 response :
------------

2017-03-13 17:52:48 trace :
------------
Array:
tousername : gh_6536061e4435 ;
fromusername : oKwkYw_xZ14UQdvrJFuiI5E87n8w ;
createtime : 1489398768 ;
msgtype : event ;
event : VIEW ;
eventkey : http://kh39.61why.com/app/index.php?i=2&c=entry&eid=198 ;
menuid : 410600728 ;
from : oKwkYw_xZ14UQdvrJFuiI5E87n8w ;
to : gh_6536061e4435 ;
time : 1489398768 ;
type : event ;

2017-03-13 17:52:48 params :
------------
Array:
rule : -2 ;
module :  ;
message : Array ;

2017-03-13 17:52:48 response :
------------

2017-03-13 18:23:30 trace :
------------
Array:
tousername : gh_6536061e4435 ;
fromusername : oKwkYw0D7snKw9WJkTr_EzwW-SF0 ;
createtime : 1489400610 ;
msgtype : event ;
event : VIEW ;
eventkey : http://kh39.61why.com/app/index.php?i=2&c=entry&eid=194 ;
menuid : 410600728 ;
from : oKwkYw0D7snKw9WJkTr_EzwW-SF0 ;
to : gh_6536061e4435 ;
time : 1489400610 ;
type : event ;

2017-03-13 18:23:30 params :
------------
Array:
rule : -2 ;
module :  ;
message : Array ;

2017-03-13 18:23:30 response :
------------

2017-03-13 18:24:31 trace :
------------
Array:
tousername : gh_6536061e4435 ;
fromusername : oKwkYw9A27iCE2wbx5IXncAJ21Sw ;
createtime : 1489400671 ;
msgtype : event ;
event : VIEW ;
eventkey : http://kh39.61why.com/app/index.php?i=2&c=entry&eid=194 ;
menuid : 410600728 ;
from : oKwkYw9A27iCE2wbx5IXncAJ21Sw ;
to : gh_6536061e4435 ;
time : 1489400671 ;
type : event ;

2017-03-13 18:24:31 params :
------------
Array:
rule : -2 ;
module :  ;
message : Array ;

2017-03-13 18:24:31 response :
------------

2017-03-13 18:24:37 trace :
------------
Array:
tousername : gh_6536061e4435 ;
fromusername : oKwkYw9A27iCE2wbx5IXncAJ21Sw ;
createtime : 1489400677 ;
msgtype : event ;
event : VIEW ;
eventkey : http://kh39.61why.com/app/index.php?i=2&c=entry&eid=198 ;
menuid : 410600728 ;
from : oKwkYw9A27iCE2wbx5IXncAJ21Sw ;
to : gh_6536061e4435 ;
time : 1489400677 ;
type : event ;

2017-03-13 18:24:37 params :
------------
Array:
rule : -2 ;
module :  ;
message : Array ;

2017-03-13 18:24:37 response :
------------

2017-03-13 18:32:58 trace :
------------
Array:
tousername : gh_6536061e4435 ;
fromusername : oKwkYwy552o7_eUisSRD3QHthqs8 ;
createtime : 1489401178 ;
msgtype : event ;
event : VIEW ;
eventkey : http://kh39.61why.com/app/index.php?i=2&c=entry&eid=194 ;
menuid : 410600728 ;
from : oKwkYwy552o7_eUisSRD3QHthqs8 ;
to : gh_6536061e4435 ;
time : 1489401178 ;
type : event ;

2017-03-13 18:32:58 params :
------------
Array:
rule : -2 ;
module :  ;
message : Array ;

2017-03-13 18:32:58 response :
------------

2017-03-13 18:35:34 trace :
------------
Array:
tousername : gh_6536061e4435 ;
fromusername : oKwkYwy552o7_eUisSRD3QHthqs8 ;
createtime : 1489401334 ;
msgtype : event ;
event : VIEW ;
eventkey : http://kh39.61why.com/app/index.php?i=2&c=entry&eid=198 ;
menuid : 410600728 ;
from : oKwkYwy552o7_eUisSRD3QHthqs8 ;
to : gh_6536061e4435 ;
time : 1489401334 ;
type : event ;

2017-03-13 18:35:34 params :
------------
Array:
rule : -2 ;
module :  ;
message : Array ;

2017-03-13 18:35:34 response :
------------

2017-03-13 18:36:13 trace :
------------
Array:
tousername : gh_6536061e4435 ;
fromusername : oKwkYwy552o7_eUisSRD3QHthqs8 ;
createtime : 1489401373 ;
msgtype : event ;
event : VIEW ;
eventkey : http://kh39.61why.com/app/index.php?i=2&c=entry&eid=198 ;
menuid : 410600728 ;
from : oKwkYwy552o7_eUisSRD3QHthqs8 ;
to : gh_6536061e4435 ;
time : 1489401373 ;
type : event ;

2017-03-13 18:36:13 params :
------------
Array:
rule : -2 ;
module :  ;
message : Array ;

2017-03-13 18:36:13 response :
------------

2017-03-13 19:23:24 trace :
------------
Array:
tousername : gh_6536061e4435 ;
fromusername : oKwkYwygZj3Jo-avOMzMfCUtJAEI ;
createtime : 1489404204 ;
msgtype : event ;
event : VIEW ;
eventkey : http://kh39.61why.com/app/index.php?i=2&c=entry&eid=198 ;
menuid : 410600728 ;
from : oKwkYwygZj3Jo-avOMzMfCUtJAEI ;
to : gh_6536061e4435 ;
time : 1489404204 ;
type : event ;

2017-03-13 19:23:24 params :
------------
Array:
rule : -2 ;
module :  ;
message : Array ;

2017-03-13 19:23:24 response :
------------

2017-03-13 19:25:30 trace :
------------
Array:
tousername : gh_6536061e4435 ;
fromusername : oKwkYwygZj3Jo-avOMzMfCUtJAEI ;
createtime : 1489404330 ;
msgtype : event ;
event : VIEW ;
eventkey : http://kh39.61why.com/app/index.php?i=2&c=entry&eid=198 ;
menuid : 410600728 ;
from : oKwkYwygZj3Jo-avOMzMfCUtJAEI ;
to : gh_6536061e4435 ;
time : 1489404330 ;
type : event ;

2017-03-13 19:25:30 params :
------------
Array:
rule : -2 ;
module :  ;
message : Array ;

2017-03-13 19:25:30 response :
------------

2017-03-13 19:54:34 trace :
------------
Array:
tousername : gh_6536061e4435 ;
fromusername : oKwkYw03W1Pov3xT2Hvnj_ODN-Ug ;
createtime : 1489406074 ;
msgtype : event ;
event : VIEW ;
eventkey : http://kh39.61why.com/app/index.php?i=2&c=entry&eid=198 ;
menuid : 410600728 ;
from : oKwkYw03W1Pov3xT2Hvnj_ODN-Ug ;
to : gh_6536061e4435 ;
time : 1489406074 ;
type : event ;

2017-03-13 19:54:34 params :
------------
Array:
rule : -2 ;
module :  ;
message : Array ;

2017-03-13 19:54:34 response :
------------

2017-03-13 20:11:11 trace :
------------
Array:
tousername : gh_6536061e4435 ;
fromusername : oKwkYw5Hv5-mrEGrZ572fv2JrB_s ;
createtime : 1489407071 ;
msgtype : event ;
event : VIEW ;
eventkey : http://kh39.61why.com/app/index.php?i=2&c=entry&eid=194 ;
menuid : 410600728 ;
from : oKwkYw5Hv5-mrEGrZ572fv2JrB_s ;
to : gh_6536061e4435 ;
time : 1489407071 ;
type : event ;

2017-03-13 20:11:11 params :
------------
Array:
rule : -2 ;
module :  ;
message : Array ;

2017-03-13 20:11:11 response :
------------

2017-03-13 20:12:18 trace :
------------
Array:
tousername : gh_6536061e4435 ;
fromusername : oKwkYw5hiet9aIoMvpfdt0UcJyzc ;
createtime : 1489407138 ;
msgtype : event ;
event : VIEW ;
eventkey : http://kh39.61why.com/app/index.php?i=2&c=entry&eid=198 ;
menuid : 410600728 ;
from : oKwkYw5hiet9aIoMvpfdt0UcJyzc ;
to : gh_6536061e4435 ;
time : 1489407138 ;
type : event ;

2017-03-13 20:12:18 params :
------------
Array:
rule : -2 ;
module :  ;
message : Array ;

2017-03-13 20:12:18 response :
------------

2017-03-13 20:44:37 trace :
------------
Array:
tousername : gh_6536061e4435 ;
fromusername : oKwkYw_F-GZmzaL-Nzo1W4vnyojI ;
createtime : 1489409077 ;
msgtype : event ;
event : VIEW ;
eventkey : http://kh39.61why.com/app/index.php?i=2&c=entry&eid=194 ;
menuid : 410600728 ;
from : oKwkYw_F-GZmzaL-Nzo1W4vnyojI ;
to : gh_6536061e4435 ;
time : 1489409077 ;
type : event ;

2017-03-13 20:44:37 params :
------------
Array:
rule : -2 ;
module :  ;
message : Array ;

2017-03-13 20:44:37 response :
------------

2017-03-13 20:57:46 trace :
------------
Array:
tousername : gh_6536061e4435 ;
fromusername : oKwkYw_cP_mkS6WWNjszue0ChK4M ;
createtime : 1489409866 ;
msgtype : event ;
event : CLICK ;
eventkey : 二维码 ;
from : oKwkYw_cP_mkS6WWNjszue0ChK4M ;
to : gh_6536061e4435 ;
time : 1489409866 ;
type : event ;

2017-03-13 20:57:47 trace :
------------
Array:
tousername : gh_6536061e4435 ;
fromusername : oKwkYw_cP_mkS6WWNjszue0ChK4M ;
createtime : 1489409866 ;
msgtype : event ;
event : VIEW ;
eventkey : http://kh39.61why.com/app/index.php?i=2&c=entry&eid=198 ;
menuid : 410600728 ;
from : oKwkYw_cP_mkS6WWNjszue0ChK4M ;
to : gh_6536061e4435 ;
time : 1489409866 ;
type : event ;

2017-03-13 20:57:47 params :
------------
Array:
rule : -2 ;
module :  ;
message : Array ;

2017-03-13 20:57:47 response :
------------

2017-03-13 20:57:49 trace :
------------
Array:
tousername : gh_6536061e4435 ;
fromusername : oKwkYw_cP_mkS6WWNjszue0ChK4M ;
createtime : 1489409869 ;
msgtype : event ;
event : VIEW ;
eventkey : http://kh39.61why.com/app/index.php?i=2&c=entry&eid=198 ;
menuid : 410600728 ;
from : oKwkYw_cP_mkS6WWNjszue0ChK4M ;
to : gh_6536061e4435 ;
time : 1489409869 ;
type : event ;

2017-03-13 20:57:49 params :
------------
Array:
rule : -2 ;
module :  ;
message : Array ;

2017-03-13 20:57:49 response :
------------

2017-03-13 20:57:50 trace :
------------
Array:
tousername : gh_0ad70057b777 ;
fromusername : o26ibjsrSJzYjD-yXvhf2mf0Ttf8 ;
createtime : 1489409870 ;
msgtype : event ;
event : VIEW ;
eventkey : http://kh39.61why.com/app/index.php?i=2&c=entry&eid=198 ;
menuid : 411738532 ;
from : o26ibjsrSJzYjD-yXvhf2mf0Ttf8 ;
to : gh_0ad70057b777 ;
time : 1489409870 ;
type : event ;

2017-03-13 20:57:50 params :
------------
Array:
rule : -2 ;
module :  ;
message : Array ;

2017-03-13 20:57:50 response :
------------

2017-03-13 20:58:23 trace :
------------
Array:
tousername : gh_0ad70057b777 ;
fromusername : o26ibjsrSJzYjD-yXvhf2mf0Ttf8 ;
createtime : 1489409903 ;
msgtype : event ;
event : VIEW ;
eventkey : http://kh39.61why.com/app/index.php?i=2&c=entry&eid=198 ;
menuid : 411738532 ;
from : o26ibjsrSJzYjD-yXvhf2mf0Ttf8 ;
to : gh_0ad70057b777 ;
time : 1489409903 ;
type : event ;

2017-03-13 20:58:23 params :
------------
Array:
rule : -2 ;
module :  ;
message : Array ;

2017-03-13 20:58:23 response :
------------

2017-03-13 21:15:02 trace :
------------
Array:
tousername : gh_6536061e4435 ;
fromusername : oKwkYwy552o7_eUisSRD3QHthqs8 ;
createtime : 1489410902 ;
msgtype : event ;
event : VIEW ;
eventkey : http://kh39.61why.com/app/index.php?i=2&c=entry&eid=194 ;
menuid : 410600728 ;
from : oKwkYwy552o7_eUisSRD3QHthqs8 ;
to : gh_6536061e4435 ;
time : 1489410902 ;
type : event ;

2017-03-13 21:15:02 params :
------------
Array:
rule : -2 ;
module :  ;
message : Array ;

2017-03-13 21:15:02 response :
------------

2017-03-13 21:15:04 trace :
------------
Array:
tousername : gh_6536061e4435 ;
fromusername : oKwkYwy552o7_eUisSRD3QHthqs8 ;
createtime : 1489410904 ;
msgtype : event ;
event : VIEW ;
eventkey : http://kh39.61why.com/app/index.php?i=2&c=entry&eid=194 ;
menuid : 410600728 ;
from : oKwkYwy552o7_eUisSRD3QHthqs8 ;
to : gh_6536061e4435 ;
time : 1489410904 ;
type : event ;

2017-03-13 21:15:04 params :
------------
Array:
rule : -2 ;
module :  ;
message : Array ;

2017-03-13 21:15:04 response :
------------

2017-03-13 21:15:41 trace :
------------
Array:
tousername : gh_6536061e4435 ;
fromusername : oKwkYwy552o7_eUisSRD3QHthqs8 ;
createtime : 1489410941 ;
msgtype : event ;
event : VIEW ;
eventkey : http://kh39.61why.com/app/index.php?i=2&c=entry&eid=198 ;
menuid : 410600728 ;
from : oKwkYwy552o7_eUisSRD3QHthqs8 ;
to : gh_6536061e4435 ;
time : 1489410941 ;
type : event ;

2017-03-13 21:15:41 params :
------------
Array:
rule : -2 ;
module :  ;
message : Array ;

2017-03-13 21:15:41 response :
------------

2017-03-13 21:15:46 trace :
------------
Array:
tousername : gh_6536061e4435 ;
fromusername : oKwkYwy552o7_eUisSRD3QHthqs8 ;
createtime : 1489410946 ;
msgtype : event ;
event : CLICK ;
eventkey : 二维码 ;
from : oKwkYwy552o7_eUisSRD3QHthqs8 ;
to : gh_6536061e4435 ;
time : 1489410946 ;
type : event ;

2017-03-13 21:17:15 trace :
------------
Array:
tousername : gh_6536061e4435 ;
fromusername : oKwkYwy552o7_eUisSRD3QHthqs8 ;
createtime : 1489411035 ;
msgtype : event ;
event : CLICK ;
eventkey : 二维码 ;
from : oKwkYwy552o7_eUisSRD3QHthqs8 ;
to : gh_6536061e4435 ;
time : 1489411035 ;
type : event ;

2017-03-13 21:17:26 trace :
------------
Array:
tousername : gh_6536061e4435 ;
fromusername : oKwkYwy552o7_eUisSRD3QHthqs8 ;
createtime : 1489411046 ;
msgtype : event ;
event : VIEW ;
eventkey : http://kh39.61why.com/app/index.php?i=2&c=entry&eid=194 ;
menuid : 410600728 ;
from : oKwkYwy552o7_eUisSRD3QHthqs8 ;
to : gh_6536061e4435 ;
time : 1489411046 ;
type : event ;

2017-03-13 21:17:26 params :
------------
Array:
rule : -2 ;
module :  ;
message : Array ;

2017-03-13 21:17:26 response :
------------

2017-03-13 22:12:07 trace :
------------
Array:
tousername : gh_0ad70057b777 ;
fromusername : o26ibjsrSJzYjD-yXvhf2mf0Ttf8 ;
createtime : 1489414326 ;
msgtype : event ;
event : VIEW ;
eventkey : http://kh39.61why.com/app/index.php?i=2&c=entry&eid=198 ;
menuid : 411738532 ;
from : o26ibjsrSJzYjD-yXvhf2mf0Ttf8 ;
to : gh_0ad70057b777 ;
time : 1489414326 ;
type : event ;

2017-03-13 22:12:07 params :
------------
Array:
rule : -2 ;
module :  ;
message : Array ;

2017-03-13 22:12:07 response :
------------

2017-03-13 22:12:26 trace :
------------
Array:
tousername : gh_0ad70057b777 ;
fromusername : o26ibjsrSJzYjD-yXvhf2mf0Ttf8 ;
createtime : 1489414346 ;
msgtype : event ;
event : VIEW ;
eventkey : http://kh39.61why.com/app/index.php?i=2&c=entry&eid=198 ;
menuid : 411738532 ;
from : o26ibjsrSJzYjD-yXvhf2mf0Ttf8 ;
to : gh_0ad70057b777 ;
time : 1489414346 ;
type : event ;

2017-03-13 22:12:26 params :
------------
Array:
rule : -2 ;
module :  ;
message : Array ;

2017-03-13 22:12:26 response :
------------

2017-03-13 22:12:34 trace :
------------
Array:
tousername : gh_6536061e4435 ;
fromusername : oKwkYw5wRJb56uOuYOGreEnhO0Z0 ;
createtime : 1489414354 ;
msgtype : event ;
event : CLICK ;
eventkey : 二维码 ;
from : oKwkYw5wRJb56uOuYOGreEnhO0Z0 ;
to : gh_6536061e4435 ;
time : 1489414354 ;
type : event ;

2017-03-13 22:13:18 trace :
------------
Array:
tousername : gh_6536061e4435 ;
fromusername : oKwkYw4Hn--QR2f8CFw_XxuXDd78 ;
createtime : 1489414398 ;
msgtype : event ;
event : subscribe ;
eventkey : qrscene_f7788d456b48019a895208eae9f7f59f ;
ticket : gQHz8TwAAAAAAAAAAS5odHRwOi8vd2VpeGluLnFxLmNvbS9xLzAyMWhmUDFsSDljbzMxMDAwMGcwN2wAAgTTqMZYAwQAAAAA ;
from : oKwkYw4Hn--QR2f8CFw_XxuXDd78 ;
to : gh_6536061e4435 ;
time : 1489414398 ;
type : subscribe ;
scene : f7788d456b48019a895208eae9f7f59f ;

2017-03-13 22:13:24 trace :
------------
Array:
tousername : gh_6536061e4435 ;
fromusername : oKwkYw4Hn--QR2f8CFw_XxuXDd78 ;
createtime : 1489414404 ;
msgtype : event ;
event : VIEW ;
eventkey : http://kh39.61why.com/app/index.php?i=2&c=entry&eid=198 ;
menuid : 410600728 ;
from : oKwkYw4Hn--QR2f8CFw_XxuXDd78 ;
to : gh_6536061e4435 ;
time : 1489414404 ;
type : event ;

2017-03-13 22:13:24 params :
------------
Array:
rule : -2 ;
module :  ;
message : Array ;

2017-03-13 22:13:24 response :
------------

2017-03-13 22:20:43 trace :
------------
Array:
tousername : gh_6536061e4435 ;
fromusername : oKwkYw4Hn--QR2f8CFw_XxuXDd78 ;
createtime : 1489414843 ;
msgtype : event ;
event : VIEW ;
eventkey : http://kh39.61why.com/app/index.php?i=2&c=entry&eid=194 ;
menuid : 410600728 ;
from : oKwkYw4Hn--QR2f8CFw_XxuXDd78 ;
to : gh_6536061e4435 ;
time : 1489414843 ;
type : event ;

2017-03-13 22:20:43 params :
------------
Array:
rule : -2 ;
module :  ;
message : Array ;

2017-03-13 22:20:43 response :
------------

2017-03-13 22:21:36 trace :
------------
Array:
tousername : gh_6536061e4435 ;
fromusername : oKwkYw22rCbBSaALxIaH8w23nsLQ ;
createtime : 1489414896 ;
msgtype : event ;
event : VIEW ;
eventkey : http://kh39.61why.com/app/index.php?i=2&c=entry&eid=198 ;
menuid : 410600728 ;
from : oKwkYw22rCbBSaALxIaH8w23nsLQ ;
to : gh_6536061e4435 ;
time : 1489414896 ;
type : event ;

2017-03-13 22:21:36 params :
------------
Array:
rule : -2 ;
module :  ;
message : Array ;

2017-03-13 22:21:36 response :
------------

2017-03-13 22:21:45 trace :
------------
Array:
tousername : gh_6536061e4435 ;
fromusername : oKwkYw4Hn--QR2f8CFw_XxuXDd78 ;
createtime : 1489414905 ;
msgtype : event ;
event : VIEW ;
eventkey : http://kh39.61why.com/app/index.php?i=2&c=entry&eid=194 ;
menuid : 410600728 ;
from : oKwkYw4Hn--QR2f8CFw_XxuXDd78 ;
to : gh_6536061e4435 ;
time : 1489414905 ;
type : event ;

2017-03-13 22:21:45 params :
------------
Array:
rule : -2 ;
module :  ;
message : Array ;

2017-03-13 22:21:45 response :
------------

2017-03-13 22:25:09 trace :
------------
Array:
tousername : gh_6536061e4435 ;
fromusername : oKwkYw4Hn--QR2f8CFw_XxuXDd78 ;
createtime : 1489415109 ;
msgtype : event ;
event : VIEW ;
eventkey : http://kh39.61why.com/app/index.php?i=2&c=entry&eid=198 ;
menuid : 410600728 ;
from : oKwkYw4Hn--QR2f8CFw_XxuXDd78 ;
to : gh_6536061e4435 ;
time : 1489415109 ;
type : event ;

2017-03-13 22:25:09 params :
------------
Array:
rule : -2 ;
module :  ;
message : Array ;

2017-03-13 22:25:09 response :
------------

2017-03-13 22:31:38 trace :
------------
Array:
tousername : gh_6536061e4435 ;
fromusername : oKwkYw4Hn--QR2f8CFw_XxuXDd78 ;
createtime : 1489415498 ;
msgtype : event ;
event : VIEW ;
eventkey : http://kh39.61why.com/app/index.php?i=2&c=entry&eid=198 ;
menuid : 410600728 ;
from : oKwkYw4Hn--QR2f8CFw_XxuXDd78 ;
to : gh_6536061e4435 ;
time : 1489415498 ;
type : event ;

2017-03-13 22:31:38 params :
------------
Array:
rule : -2 ;
module :  ;
message : Array ;

2017-03-13 22:31:38 response :
------------

2017-03-13 22:32:23 trace :
------------
Array:
tousername : gh_6536061e4435 ;
fromusername : oKwkYw4Hn--QR2f8CFw_XxuXDd78 ;
createtime : 1489415543 ;
msgtype : event ;
event : VIEW ;
eventkey : http://kh39.61why.com/app/index.php?i=2&c=entry&eid=198 ;
menuid : 410600728 ;
from : oKwkYw4Hn--QR2f8CFw_XxuXDd78 ;
to : gh_6536061e4435 ;
time : 1489415543 ;
type : event ;

2017-03-13 22:32:23 params :
------------
Array:
rule : -2 ;
module :  ;
message : Array ;

2017-03-13 22:32:23 response :
------------

2017-03-13 22:32:28 trace :
------------
Array:
tousername : gh_6536061e4435 ;
fromusername : oKwkYw4Hn--QR2f8CFw_XxuXDd78 ;
createtime : 1489415548 ;
msgtype : event ;
event : CLICK ;
eventkey : 二维码 ;
from : oKwkYw4Hn--QR2f8CFw_XxuXDd78 ;
to : gh_6536061e4435 ;
time : 1489415548 ;
type : event ;

2017-03-13 22:34:19 trace :
------------
Array:
tousername : gh_6536061e4435 ;
fromusername : oKwkYw4Hn--QR2f8CFw_XxuXDd78 ;
createtime : 1489415659 ;
msgtype : event ;
event : VIEW ;
eventkey : http://kh39.61why.com/app/index.php?i=2&c=entry&eid=194 ;
menuid : 410600728 ;
from : oKwkYw4Hn--QR2f8CFw_XxuXDd78 ;
to : gh_6536061e4435 ;
time : 1489415659 ;
type : event ;

2017-03-13 22:34:19 params :
------------
Array:
rule : -2 ;
module :  ;
message : Array ;

2017-03-13 22:34:19 response :
------------

2017-03-13 22:36:33 trace :
------------
Array:
tousername : gh_6536061e4435 ;
fromusername : oKwkYwxdGazpUQLKnjr_HrnPicQo ;
createtime : 1489415793 ;
msgtype : event ;
event : VIEW ;
eventkey : http://kh39.61why.com/app/index.php?i=2&c=entry&eid=198 ;
menuid : 410600728 ;
from : oKwkYwxdGazpUQLKnjr_HrnPicQo ;
to : gh_6536061e4435 ;
time : 1489415793 ;
type : event ;

2017-03-13 22:36:33 params :
------------
Array:
rule : -2 ;
module :  ;
message : Array ;

2017-03-13 22:36:33 response :
------------

2017-03-13 22:49:59 trace :
------------
Array:
tousername : gh_6536061e4435 ;
fromusername : oKwkYw5aHcyjux9ql6D7O9WEBmx4 ;
createtime : 1489416599 ;
msgtype : event ;
event : VIEW ;
eventkey : http://kh39.61why.com/app/index.php?i=2&c=entry&eid=198 ;
menuid : 410600728 ;
from : oKwkYw5aHcyjux9ql6D7O9WEBmx4 ;
to : gh_6536061e4435 ;
time : 1489416599 ;
type : event ;

2017-03-13 22:49:59 params :
------------
Array:
rule : -2 ;
module :  ;
message : Array ;

2017-03-13 22:49:59 response :
------------

2017-03-13 23:12:31 trace :
------------
Array:
tousername : gh_6536061e4435 ;
fromusername : oKwkYwwGkOZDvuC9Oxn4uTiCrm_g ;
createtime : 1489417951 ;
msgtype : event ;
event : VIEW ;
eventkey : http://kh39.61why.com/app/index.php?i=2&c=entry&eid=198 ;
menuid : 410600728 ;
from : oKwkYwwGkOZDvuC9Oxn4uTiCrm_g ;
to : gh_6536061e4435 ;
time : 1489417951 ;
type : event ;

2017-03-13 23:12:31 params :
------------
Array:
rule : -2 ;
module :  ;
message : Array ;

2017-03-13 23:12:31 response :
------------

2017-03-13 23:12:52 trace :
------------
Array:
tousername : gh_6536061e4435 ;
fromusername : oKwkYw0D7snKw9WJkTr_EzwW-SF0 ;
createtime : 1489417972 ;
msgtype : event ;
event : VIEW ;
eventkey : http://kh39.61why.com/app/index.php?i=2&c=entry&eid=198 ;
menuid : 410600728 ;
from : oKwkYw0D7snKw9WJkTr_EzwW-SF0 ;
to : gh_6536061e4435 ;
time : 1489417972 ;
type : event ;

2017-03-13 23:12:52 params :
------------
Array:
rule : -2 ;
module :  ;
message : Array ;

2017-03-13 23:12:52 response :
------------

