2017-03-30 00:25:33 trace :
------------
Array:
tousername : gh_6536061e4435 ;
fromusername : oKwkYw0D7snKw9WJkTr_EzwW-SF0 ;
createtime : 1490804733 ;
msgtype : event ;
event : VIEW ;
eventkey : http://kh39.61why.com/app/index.php?i=2&c=entry&eid=198 ;
menuid : 410600728 ;
from : oKwkYw0D7snKw9WJkTr_EzwW-SF0 ;
to : gh_6536061e4435 ;
time : 1490804733 ;
type : event ;

2017-03-30 00:25:33 params :
------------
Array:
rule : -2 ;
module :  ;
message : Array ;

2017-03-30 00:25:33 response :
------------

2017-03-30 00:26:35 trace :
------------
Array:
tousername : gh_6536061e4435 ;
fromusername : oKwkYwxdGazpUQLKnjr_HrnPicQo ;
createtime : 1490804794 ;
msgtype : event ;
event : VIEW ;
eventkey : http://kh39.61why.com/app/index.php?i=2&c=entry&eid=198 ;
menuid : 410600728 ;
from : oKwkYwxdGazpUQLKnjr_HrnPicQo ;
to : gh_6536061e4435 ;
time : 1490804794 ;
type : event ;

2017-03-30 00:26:35 params :
------------
Array:
rule : -2 ;
module :  ;
message : Array ;

2017-03-30 00:26:35 response :
------------

2017-03-30 00:26:49 trace :
------------
Array:
tousername : gh_6536061e4435 ;
fromusername : oKwkYwxdGazpUQLKnjr_HrnPicQo ;
createtime : 1490804809 ;
msgtype : event ;
event : VIEW ;
eventkey : http://kh39.61why.com/app/index.php?i=2&c=entry&eid=198 ;
menuid : 410600728 ;
from : oKwkYwxdGazpUQLKnjr_HrnPicQo ;
to : gh_6536061e4435 ;
time : 1490804809 ;
type : event ;

2017-03-30 00:26:49 params :
------------
Array:
rule : -2 ;
module :  ;
message : Array ;

2017-03-30 00:26:49 response :
------------

2017-03-30 06:56:52 trace :
------------
Array:
tousername : gh_6536061e4435 ;
fromusername : oKwkYw4ZBjn_U54j0V5E72t67-l4 ;
createtime : 1490828212 ;
msgtype : event ;
event : VIEW ;
eventkey : http://kh39.61why.com/app/index.php?i=2&c=entry&eid=198 ;
menuid : 410600728 ;
from : oKwkYw4ZBjn_U54j0V5E72t67-l4 ;
to : gh_6536061e4435 ;
time : 1490828212 ;
type : event ;

2017-03-30 06:56:52 params :
------------
Array:
rule : -2 ;
module :  ;
message : Array ;

2017-03-30 06:56:52 response :
------------

2017-03-30 08:00:18 trace :
------------
Array:
tousername : gh_6536061e4435 ;
fromusername : oKwkYw5hiet9aIoMvpfdt0UcJyzc ;
createtime : 1490832018 ;
msgtype : event ;
event : VIEW ;
eventkey : http://kh39.61why.com/app/index.php?i=2&c=entry&eid=198 ;
menuid : 410600728 ;
from : oKwkYw5hiet9aIoMvpfdt0UcJyzc ;
to : gh_6536061e4435 ;
time : 1490832018 ;
type : event ;

2017-03-30 08:00:18 params :
------------
Array:
rule : -2 ;
module :  ;
message : Array ;

2017-03-30 08:00:18 response :
------------

2017-03-30 08:19:56 trace :
------------
Array:
tousername : gh_6536061e4435 ;
fromusername : oKwkYw0b_nY3vy2dlsZiutChx2qg ;
createtime : 1490833196 ;
msgtype : event ;
event : VIEW ;
eventkey : http://kh39.61why.com/app/index.php?i=2&c=entry&eid=194 ;
menuid : 410600728 ;
from : oKwkYw0b_nY3vy2dlsZiutChx2qg ;
to : gh_6536061e4435 ;
time : 1490833196 ;
type : event ;

2017-03-30 08:19:56 params :
------------
Array:
rule : -2 ;
module :  ;
message : Array ;

2017-03-30 08:19:56 response :
------------

2017-03-30 08:31:31 trace :
------------
Array:
tousername : gh_6536061e4435 ;
fromusername : oKwkYw03W1Pov3xT2Hvnj_ODN-Ug ;
createtime : 1490833891 ;
msgtype : event ;
event : VIEW ;
eventkey : http://kh39.61why.com/app/index.php?i=2&c=entry&eid=198 ;
menuid : 410600728 ;
from : oKwkYw03W1Pov3xT2Hvnj_ODN-Ug ;
to : gh_6536061e4435 ;
time : 1490833891 ;
type : event ;

2017-03-30 08:31:31 params :
------------
Array:
rule : -2 ;
module :  ;
message : Array ;

2017-03-30 08:31:31 response :
------------

2017-03-30 08:32:48 trace :
------------
Array:
tousername : gh_6536061e4435 ;
fromusername : oKwkYw03W1Pov3xT2Hvnj_ODN-Ug ;
createtime : 1490833968 ;
msgtype : event ;
event : VIEW ;
eventkey : http://kh39.61why.com/app/index.php?i=2&c=entry&eid=198 ;
menuid : 410600728 ;
from : oKwkYw03W1Pov3xT2Hvnj_ODN-Ug ;
to : gh_6536061e4435 ;
time : 1490833968 ;
type : event ;

2017-03-30 08:32:48 params :
------------
Array:
rule : -2 ;
module :  ;
message : Array ;

2017-03-30 08:32:48 response :
------------

2017-03-30 08:33:30 trace :
------------
Array:
tousername : gh_6536061e4435 ;
fromusername : oKwkYw6l6aevmN_8V31rnxoeHDgs ;
createtime : 1490834010 ;
msgtype : event ;
event : VIEW ;
eventkey : http://kh39.61why.com/app/index.php?i=2&c=entry&eid=198 ;
menuid : 410600728 ;
from : oKwkYw6l6aevmN_8V31rnxoeHDgs ;
to : gh_6536061e4435 ;
time : 1490834010 ;
type : event ;

2017-03-30 08:33:30 params :
------------
Array:
rule : -2 ;
module :  ;
message : Array ;

2017-03-30 08:33:30 response :
------------

2017-03-30 09:21:25 trace :
------------
Array:
tousername : gh_0ad70057b777 ;
fromusername : o26ibjsrSJzYjD-yXvhf2mf0Ttf8 ;
createtime : 1490836885 ;
msgtype : event ;
event : VIEW ;
eventkey : http://kh39.61why.com/app/index.php?i=2&c=entry&eid=198 ;
menuid : 411738532 ;
from : o26ibjsrSJzYjD-yXvhf2mf0Ttf8 ;
to : gh_0ad70057b777 ;
time : 1490836885 ;
type : event ;

2017-03-30 09:21:25 params :
------------
Array:
rule : -2 ;
module :  ;
message : Array ;

2017-03-30 09:21:25 response :
------------

2017-03-30 09:22:01 trace :
------------
Array:
tousername : gh_0ad70057b777 ;
fromusername : o26ibjsrSJzYjD-yXvhf2mf0Ttf8 ;
createtime : 1490836921 ;
msgtype : event ;
event : VIEW ;
eventkey : http://kh39.61why.com/app/index.php?i=2&c=entry&eid=198 ;
menuid : 411738532 ;
from : o26ibjsrSJzYjD-yXvhf2mf0Ttf8 ;
to : gh_0ad70057b777 ;
time : 1490836921 ;
type : event ;

2017-03-30 09:22:01 params :
------------
Array:
rule : -2 ;
module :  ;
message : Array ;

2017-03-30 09:22:01 response :
------------

2017-03-30 09:29:27 trace :
------------
Array:
tousername : gh_0ad70057b777 ;
fromusername : o26ibjrgXwDMMEsRnhpezjzTR-bw ;
createtime : 1490837367 ;
msgtype : event ;
event : VIEW ;
eventkey : http://kh39.61why.com/app/index.php?i=2&c=entry&eid=194 ;
menuid : 411738532 ;
from : o26ibjrgXwDMMEsRnhpezjzTR-bw ;
to : gh_0ad70057b777 ;
time : 1490837367 ;
type : event ;

2017-03-30 09:29:27 params :
------------
Array:
rule : -2 ;
module :  ;
message : Array ;

2017-03-30 09:29:27 response :
------------

2017-03-30 09:30:27 trace :
------------
Array:
tousername : gh_6536061e4435 ;
fromusername : oKwkYw4GMAD-D6foX8vb4dICPy1k ;
createtime : 1490837427 ;
msgtype : event ;
event : subscribe ;
eventkey : qrscene_d8aef4db56ee9b3875f012496226d43e ;
ticket : gQGI8DwAAAAAAAAAAS5odHRwOi8vd2VpeGluLnFxLmNvbS9xLzAyd21ZRjFrSDljbzMxMDAwMGcwN0QAAgQeFW5YAwQAAAAA ;
from : oKwkYw4GMAD-D6foX8vb4dICPy1k ;
to : gh_6536061e4435 ;
time : 1490837427 ;
type : subscribe ;
scene : d8aef4db56ee9b3875f012496226d43e ;

2017-03-30 09:30:43 trace :
------------
Array:
tousername : gh_6536061e4435 ;
fromusername : oKwkYw4GMAD-D6foX8vb4dICPy1k ;
createtime : 1490837443 ;
msgtype : event ;
event : VIEW ;
eventkey : http://kh39.61why.com/app/index.php?i=2&c=entry&eid=194 ;
menuid : 410600728 ;
from : oKwkYw4GMAD-D6foX8vb4dICPy1k ;
to : gh_6536061e4435 ;
time : 1490837443 ;
type : event ;

2017-03-30 09:30:43 params :
------------
Array:
rule : -2 ;
module :  ;
message : Array ;

2017-03-30 09:30:43 response :
------------

2017-03-30 09:31:14 trace :
------------
Array:
tousername : gh_6536061e4435 ;
fromusername : oKwkYw4GMAD-D6foX8vb4dICPy1k ;
createtime : 1490837474 ;
msgtype : event ;
event : VIEW ;
eventkey : http://kh39.61why.com/app/index.php?i=2&c=entry&eid=198 ;
menuid : 410600728 ;
from : oKwkYw4GMAD-D6foX8vb4dICPy1k ;
to : gh_6536061e4435 ;
time : 1490837474 ;
type : event ;

2017-03-30 09:31:14 params :
------------
Array:
rule : -2 ;
module :  ;
message : Array ;

2017-03-30 09:31:14 response :
------------

2017-03-30 09:32:45 trace :
------------
Array:
tousername : gh_6536061e4435 ;
fromusername : oKwkYw4GMAD-D6foX8vb4dICPy1k ;
createtime : 1490837565 ;
msgtype : event ;
event : VIEW ;
eventkey : http://kh39.61why.com/app/index.php?i=2&c=entry&eid=194 ;
menuid : 410600728 ;
from : oKwkYw4GMAD-D6foX8vb4dICPy1k ;
to : gh_6536061e4435 ;
time : 1490837565 ;
type : event ;

2017-03-30 09:32:45 params :
------------
Array:
rule : -2 ;
module :  ;
message : Array ;

2017-03-30 09:32:45 response :
------------

2017-03-30 09:39:13 trace :
------------
Array:
tousername : gh_6536061e4435 ;
fromusername : oKwkYw5hiet9aIoMvpfdt0UcJyzc ;
createtime : 1490837953 ;
msgtype : event ;
event : VIEW ;
eventkey : http://kh39.61why.com/app/index.php?i=2&c=entry&eid=198 ;
menuid : 410600728 ;
from : oKwkYw5hiet9aIoMvpfdt0UcJyzc ;
to : gh_6536061e4435 ;
time : 1490837953 ;
type : event ;

2017-03-30 09:39:14 params :
------------
Array:
rule : -2 ;
module :  ;
message : Array ;

2017-03-30 09:39:14 response :
------------

2017-03-30 09:41:44 trace :
------------
Array:
tousername : gh_6536061e4435 ;
fromusername : oKwkYw5hiet9aIoMvpfdt0UcJyzc ;
createtime : 1490838104 ;
msgtype : event ;
event : VIEW ;
eventkey : http://kh39.61why.com/app/index.php?i=2&c=entry&eid=198 ;
menuid : 410600728 ;
from : oKwkYw5hiet9aIoMvpfdt0UcJyzc ;
to : gh_6536061e4435 ;
time : 1490838104 ;
type : event ;

2017-03-30 09:41:44 params :
------------
Array:
rule : -2 ;
module :  ;
message : Array ;

2017-03-30 09:41:44 response :
------------

2017-03-30 09:47:58 trace :
------------
Array:
tousername : gh_6536061e4435 ;
fromusername : oKwkYwwenyAVeoaA8TPUA_uV6ekQ ;
createtime : 1490838478 ;
msgtype : event ;
event : SCAN ;
eventkey : 525d94ad43118a6754b57f549669d6e3 ;
ticket : gQHD8DwAAAAAAAAAAS5odHRwOi8vd2VpeGluLnFxLmNvbS9xLzAyWW8tODBzSDljbzMxMDAwMHcwN3AAAgSKf3BYAwQAAAAA ;
from : oKwkYwwenyAVeoaA8TPUA_uV6ekQ ;
to : gh_6536061e4435 ;
time : 1490838478 ;
type : subscribe ;
scene : 525d94ad43118a6754b57f549669d6e3 ;

2017-03-30 09:48:11 trace :
------------
Array:
tousername : gh_6536061e4435 ;
fromusername : oKwkYwwenyAVeoaA8TPUA_uV6ekQ ;
createtime : 1490838491 ;
msgtype : event ;
event : VIEW ;
eventkey : http://kh39.61why.com/app/index.php?i=2&c=entry&eid=194 ;
menuid : 410600728 ;
from : oKwkYwwenyAVeoaA8TPUA_uV6ekQ ;
to : gh_6536061e4435 ;
time : 1490838491 ;
type : event ;

2017-03-30 09:48:11 params :
------------
Array:
rule : -2 ;
module :  ;
message : Array ;

2017-03-30 09:48:11 response :
------------

2017-03-30 09:55:09 trace :
------------
Array:
tousername : gh_6536061e4435 ;
fromusername : oKwkYw4hbe1OXkvql6O2d58wQFss ;
createtime : 1490838909 ;
msgtype : event ;
event : VIEW ;
eventkey : http://kh39.61why.com/app/index.php?i=2&c=entry&eid=194 ;
menuid : 410600728 ;
from : oKwkYw4hbe1OXkvql6O2d58wQFss ;
to : gh_6536061e4435 ;
time : 1490838909 ;
type : event ;

2017-03-30 09:55:09 params :
------------
Array:
rule : -2 ;
module :  ;
message : Array ;

2017-03-30 09:55:09 response :
------------

2017-03-30 09:59:10 trace :
------------
Array:
tousername : gh_6536061e4435 ;
fromusername : oKwkYw3l0eGz3H7e62pX1IDFxwCY ;
createtime : 1490839150 ;
msgtype : event ;
event : VIEW ;
eventkey : http://kh39.61why.com/app/index.php?i=2&c=entry&eid=198 ;
menuid : 410600728 ;
from : oKwkYw3l0eGz3H7e62pX1IDFxwCY ;
to : gh_6536061e4435 ;
time : 1490839150 ;
type : event ;

2017-03-30 09:59:10 params :
------------
Array:
rule : -2 ;
module :  ;
message : Array ;

2017-03-30 09:59:10 response :
------------

2017-03-30 10:24:41 trace :
------------
Array:
tousername : gh_6536061e4435 ;
fromusername : oKwkYw4GMAD-D6foX8vb4dICPy1k ;
createtime : 1490840680 ;
msgtype : event ;
event : VIEW ;
eventkey : http://kh39.61why.com/app/index.php?i=2&c=entry&eid=194 ;
menuid : 410600728 ;
from : oKwkYw4GMAD-D6foX8vb4dICPy1k ;
to : gh_6536061e4435 ;
time : 1490840680 ;
type : event ;

2017-03-30 10:24:41 params :
------------
Array:
rule : -2 ;
module :  ;
message : Array ;

2017-03-30 10:24:41 response :
------------

2017-03-30 10:36:12 trace :
------------
Array:
tousername : gh_0ad70057b777 ;
fromusername : o26ibjsrSJzYjD-yXvhf2mf0Ttf8 ;
createtime : 1490841372 ;
msgtype : event ;
event : VIEW ;
eventkey : http://kh39.61why.com/app/index.php?i=2&c=entry&eid=198 ;
menuid : 411738532 ;
from : o26ibjsrSJzYjD-yXvhf2mf0Ttf8 ;
to : gh_0ad70057b777 ;
time : 1490841372 ;
type : event ;

2017-03-30 10:36:12 params :
------------
Array:
rule : -2 ;
module :  ;
message : Array ;

2017-03-30 10:36:12 response :
------------

2017-03-30 10:45:04 trace :
------------
Array:
tousername : gh_6536061e4435 ;
fromusername : oKwkYw5hiet9aIoMvpfdt0UcJyzc ;
createtime : 1490841904 ;
msgtype : event ;
event : CLICK ;
eventkey : 二维码 ;
from : oKwkYw5hiet9aIoMvpfdt0UcJyzc ;
to : gh_6536061e4435 ;
time : 1490841904 ;
type : event ;

2017-03-30 10:56:38 trace :
------------
Array:
tousername : gh_6536061e4435 ;
fromusername : oKwkYw0Lffxa65YQCLVZZ6tPc_NA ;
createtime : 1490842598 ;
msgtype : event ;
event : VIEW ;
eventkey : http://kh39.61why.com/app/index.php?i=2&c=entry&eid=198 ;
menuid : 410600728 ;
from : oKwkYw0Lffxa65YQCLVZZ6tPc_NA ;
to : gh_6536061e4435 ;
time : 1490842598 ;
type : event ;

2017-03-30 10:56:38 params :
------------
Array:
rule : -2 ;
module :  ;
message : Array ;

2017-03-30 10:56:38 response :
------------

2017-03-30 11:15:26 trace :
------------
Array:
tousername : gh_6536061e4435 ;
fromusername : oKwkYw5hiet9aIoMvpfdt0UcJyzc ;
createtime : 1490843726 ;
msgtype : event ;
event : VIEW ;
eventkey : http://kh39.61why.com/app/index.php?i=2&c=entry&eid=198 ;
menuid : 410600728 ;
from : oKwkYw5hiet9aIoMvpfdt0UcJyzc ;
to : gh_6536061e4435 ;
time : 1490843726 ;
type : event ;

2017-03-30 11:15:27 params :
------------
Array:
rule : -2 ;
module :  ;
message : Array ;

2017-03-30 11:15:27 response :
------------

2017-03-30 11:18:09 trace :
------------
Array:
tousername : gh_6536061e4435 ;
fromusername : oKwkYw0b_nY3vy2dlsZiutChx2qg ;
createtime : 1490843889 ;
msgtype : event ;
event : VIEW ;
eventkey : http://kh39.61why.com/app/index.php?i=2&c=entry&eid=194 ;
menuid : 410600728 ;
from : oKwkYw0b_nY3vy2dlsZiutChx2qg ;
to : gh_6536061e4435 ;
time : 1490843889 ;
type : event ;

2017-03-30 11:18:09 params :
------------
Array:
rule : -2 ;
module :  ;
message : Array ;

2017-03-30 11:18:09 response :
------------

2017-03-30 11:18:35 trace :
------------
Array:
tousername : gh_6536061e4435 ;
fromusername : oKwkYw0b_nY3vy2dlsZiutChx2qg ;
createtime : 1490843915 ;
msgtype : event ;
event : CLICK ;
eventkey : 二维码 ;
from : oKwkYw0b_nY3vy2dlsZiutChx2qg ;
to : gh_6536061e4435 ;
time : 1490843915 ;
type : event ;

2017-03-30 11:20:38 trace :
------------
Array:
tousername : gh_6536061e4435 ;
fromusername : oKwkYw5hiet9aIoMvpfdt0UcJyzc ;
createtime : 1490844038 ;
msgtype : event ;
event : VIEW ;
eventkey : http://kh39.61why.com/app/index.php?i=2&c=entry&eid=198 ;
menuid : 410600728 ;
from : oKwkYw5hiet9aIoMvpfdt0UcJyzc ;
to : gh_6536061e4435 ;
time : 1490844038 ;
type : event ;

2017-03-30 11:20:38 params :
------------
Array:
rule : -2 ;
module :  ;
message : Array ;

2017-03-30 11:20:38 response :
------------

2017-03-30 11:27:23 trace :
------------
Array:
tousername : gh_6536061e4435 ;
fromusername : oKwkYw5hiet9aIoMvpfdt0UcJyzc ;
createtime : 1490844442 ;
msgtype : event ;
event : VIEW ;
eventkey : http://kh39.61why.com/app/index.php?i=2&c=entry&eid=198 ;
menuid : 410600728 ;
from : oKwkYw5hiet9aIoMvpfdt0UcJyzc ;
to : gh_6536061e4435 ;
time : 1490844442 ;
type : event ;

2017-03-30 11:27:23 params :
------------
Array:
rule : -2 ;
module :  ;
message : Array ;

2017-03-30 11:27:23 response :
------------

2017-03-30 11:35:13 trace :
------------
Array:
tousername : gh_6536061e4435 ;
fromusername : oKwkYw5hiet9aIoMvpfdt0UcJyzc ;
createtime : 1490844913 ;
msgtype : event ;
event : VIEW ;
eventkey : http://kh39.61why.com/app/index.php?i=2&c=entry&eid=198 ;
menuid : 410600728 ;
from : oKwkYw5hiet9aIoMvpfdt0UcJyzc ;
to : gh_6536061e4435 ;
time : 1490844913 ;
type : event ;

2017-03-30 11:35:13 params :
------------
Array:
rule : -2 ;
module :  ;
message : Array ;

2017-03-30 11:35:13 response :
------------

2017-03-30 11:53:53 trace :
------------
Array:
tousername : gh_6536061e4435 ;
fromusername : oKwkYw9UMAa_W9kI9ZCjvdzk-fL4 ;
createtime : 1490846033 ;
msgtype : event ;
event : SCAN ;
eventkey : d8aef4db56ee9b3875f012496226d43e ;
ticket : gQGI8DwAAAAAAAAAAS5odHRwOi8vd2VpeGluLnFxLmNvbS9xLzAyd21ZRjFrSDljbzMxMDAwMGcwN0QAAgQeFW5YAwQAAAAA ;
from : oKwkYw9UMAa_W9kI9ZCjvdzk-fL4 ;
to : gh_6536061e4435 ;
time : 1490846033 ;
type : subscribe ;
scene : d8aef4db56ee9b3875f012496226d43e ;

2017-03-30 11:54:11 trace :
------------
Array:
tousername : gh_6536061e4435 ;
fromusername : oKwkYw9UMAa_W9kI9ZCjvdzk-fL4 ;
createtime : 1490846051 ;
msgtype : event ;
event : VIEW ;
eventkey : http://kh39.61why.com/app/index.php?i=2&c=entry&eid=194 ;
menuid : 410600728 ;
from : oKwkYw9UMAa_W9kI9ZCjvdzk-fL4 ;
to : gh_6536061e4435 ;
time : 1490846051 ;
type : event ;

2017-03-30 11:54:11 params :
------------
Array:
rule : -2 ;
module :  ;
message : Array ;

2017-03-30 11:54:11 response :
------------

2017-03-30 12:01:09 trace :
------------
Array:
tousername : gh_6536061e4435 ;
fromusername : oKwkYww7WM_XIm0hZlfkZPjf6xoc ;
createtime : 1490846469 ;
msgtype : event ;
event : subscribe ;
eventkey : qrscene_d8aef4db56ee9b3875f012496226d43e ;
ticket : gQGI8DwAAAAAAAAAAS5odHRwOi8vd2VpeGluLnFxLmNvbS9xLzAyd21ZRjFrSDljbzMxMDAwMGcwN0QAAgQeFW5YAwQAAAAA ;
from : oKwkYww7WM_XIm0hZlfkZPjf6xoc ;
to : gh_6536061e4435 ;
time : 1490846469 ;
type : subscribe ;
scene : d8aef4db56ee9b3875f012496226d43e ;

2017-03-30 12:01:11 trace :
------------
Array:
tousername : gh_6536061e4435 ;
fromusername : oKwkYww7WM_XIm0hZlfkZPjf6xoc ;
createtime : 1490846471 ;
msgtype : event ;
event : VIEW ;
eventkey : http://kh39.61why.com/app/index.php?i=2&c=entry&eid=194 ;
menuid : 410600728 ;
from : oKwkYww7WM_XIm0hZlfkZPjf6xoc ;
to : gh_6536061e4435 ;
time : 1490846471 ;
type : event ;

2017-03-30 12:01:11 params :
------------
Array:
rule : -2 ;
module :  ;
message : Array ;

2017-03-30 12:01:11 response :
------------

2017-03-30 12:02:18 trace :
------------
Array:
tousername : gh_6536061e4435 ;
fromusername : oKwkYww7WM_XIm0hZlfkZPjf6xoc ;
createtime : 1490846538 ;
msgtype : event ;
event : VIEW ;
eventkey : http://kh39.61why.com/app/index.php?i=2&c=entry&eid=194 ;
menuid : 410600728 ;
from : oKwkYww7WM_XIm0hZlfkZPjf6xoc ;
to : gh_6536061e4435 ;
time : 1490846538 ;
type : event ;

2017-03-30 12:02:18 params :
------------
Array:
rule : -2 ;
module :  ;
message : Array ;

2017-03-30 12:02:18 response :
------------

2017-03-30 12:26:09 trace :
------------
Array:
tousername : gh_6536061e4435 ;
fromusername : oKwkYwz_FtGom2eSyG1qwUGFxNiA ;
createtime : 1490847969 ;
msgtype : event ;
event : VIEW ;
eventkey : http://kh39.61why.com/app/index.php?i=2&c=entry&eid=198 ;
menuid : 410600728 ;
from : oKwkYwz_FtGom2eSyG1qwUGFxNiA ;
to : gh_6536061e4435 ;
time : 1490847969 ;
type : event ;

2017-03-30 12:26:09 params :
------------
Array:
rule : -2 ;
module :  ;
message : Array ;

2017-03-30 12:26:09 response :
------------

2017-03-30 12:30:34 trace :
------------
Array:
tousername : gh_6536061e4435 ;
fromusername : oKwkYww7WM_XIm0hZlfkZPjf6xoc ;
createtime : 1490848233 ;
msgtype : event ;
event : VIEW ;
eventkey : http://kh39.61why.com/app/index.php?i=2&c=entry&eid=194 ;
menuid : 410600728 ;
from : oKwkYww7WM_XIm0hZlfkZPjf6xoc ;
to : gh_6536061e4435 ;
time : 1490848233 ;
type : event ;

2017-03-30 12:30:34 params :
------------
Array:
rule : -2 ;
module :  ;
message : Array ;

2017-03-30 12:30:34 response :
------------

2017-03-30 12:31:17 trace :
------------
Array:
tousername : gh_6536061e4435 ;
fromusername : oKwkYww7WM_XIm0hZlfkZPjf6xoc ;
createtime : 1490848276 ;
msgtype : event ;
event : VIEW ;
eventkey : http://kh39.61why.com/app/index.php?i=2&c=entry&eid=198 ;
menuid : 410600728 ;
from : oKwkYww7WM_XIm0hZlfkZPjf6xoc ;
to : gh_6536061e4435 ;
time : 1490848276 ;
type : event ;

2017-03-30 12:31:17 params :
------------
Array:
rule : -2 ;
module :  ;
message : Array ;

2017-03-30 12:31:17 response :
------------

2017-03-30 13:18:55 trace :
------------
Array:
tousername : gh_0ad70057b777 ;
fromusername : o26ibjlZePiYI98m_kC21LYCDTrU ;
createtime : 1490851134 ;
msgtype : event ;
event : VIEW ;
eventkey : http://kh39.61why.com/app/index.php?i=2&c=entry&eid=194 ;
menuid : 411738532 ;
from : o26ibjlZePiYI98m_kC21LYCDTrU ;
to : gh_0ad70057b777 ;
time : 1490851134 ;
type : event ;

2017-03-30 13:18:55 params :
------------
Array:
rule : -2 ;
module :  ;
message : Array ;

2017-03-30 13:18:55 response :
------------

2017-03-30 13:20:21 trace :
------------
Array:
tousername : gh_0ad70057b777 ;
fromusername : o26ibjoiaD7Tye0zMDLUTws3K3Mw ;
createtime : 1490851221 ;
msgtype : event ;
event : subscribe ;
eventkey : Array ;
from : o26ibjoiaD7Tye0zMDLUTws3K3Mw ;
to : gh_0ad70057b777 ;
time : 1490851221 ;
type : subscribe ;

2017-03-30 13:20:21 params :
------------
Array:
rule : -2 ;
module :  ;
message : Array ;

2017-03-30 13:20:21 response :
------------

2017-03-30 13:20:26 trace :
------------
Array:
tousername : gh_0ad70057b777 ;
fromusername : o26ibjoiaD7Tye0zMDLUTws3K3Mw ;
createtime : 1490851226 ;
msgtype : event ;
event : VIEW ;
eventkey : http://kh39.61why.com/app/index.php?i=2&c=entry&eid=194 ;
menuid : 411738532 ;
from : o26ibjoiaD7Tye0zMDLUTws3K3Mw ;
to : gh_0ad70057b777 ;
time : 1490851226 ;
type : event ;

2017-03-30 13:20:26 params :
------------
Array:
rule : -2 ;
module :  ;
message : Array ;

2017-03-30 13:20:26 response :
------------

2017-03-30 13:20:55 trace :
------------
Array:
tousername : gh_0ad70057b777 ;
fromusername : o26ibjoiaD7Tye0zMDLUTws3K3Mw ;
createtime : 1490851255 ;
msgtype : event ;
event : VIEW ;
eventkey : http://kh39.61why.com/app/index.php?i=2&c=entry&eid=198 ;
menuid : 411738532 ;
from : o26ibjoiaD7Tye0zMDLUTws3K3Mw ;
to : gh_0ad70057b777 ;
time : 1490851255 ;
type : event ;

2017-03-30 13:20:55 params :
------------
Array:
rule : -2 ;
module :  ;
message : Array ;

2017-03-30 13:20:55 response :
------------

2017-03-30 13:26:06 trace :
------------
Array:
tousername : gh_0ad70057b777 ;
fromusername : o26ibjoiaD7Tye0zMDLUTws3K3Mw ;
createtime : 1490851566 ;
msgtype : event ;
event : VIEW ;
eventkey : http://kh39.61why.com/app/index.php?i=2&c=entry&eid=194 ;
menuid : 411738532 ;
from : o26ibjoiaD7Tye0zMDLUTws3K3Mw ;
to : gh_0ad70057b777 ;
time : 1490851566 ;
type : event ;

2017-03-30 13:26:06 params :
------------
Array:
rule : -2 ;
module :  ;
message : Array ;

2017-03-30 13:26:06 response :
------------

2017-03-30 13:26:26 trace :
------------
Array:
tousername : gh_0ad70057b777 ;
fromusername : o26ibjoiaD7Tye0zMDLUTws3K3Mw ;
createtime : 1490851586 ;
msgtype : event ;
event : VIEW ;
eventkey : http://kh39.61why.com/app/index.php?i=2&c=entry&eid=198 ;
menuid : 411738532 ;
from : o26ibjoiaD7Tye0zMDLUTws3K3Mw ;
to : gh_0ad70057b777 ;
time : 1490851586 ;
type : event ;

2017-03-30 13:26:26 params :
------------
Array:
rule : -2 ;
module :  ;
message : Array ;

2017-03-30 13:26:26 response :
------------

2017-03-30 13:26:52 trace :
------------
Array:
tousername : gh_6536061e4435 ;
fromusername : oKwkYwwGYxsxiD_YuZwsLkj42MY8 ;
createtime : 1490851611 ;
msgtype : event ;
event : VIEW ;
eventkey : http://kh39.61why.com/app/index.php?i=2&c=entry&eid=194 ;
menuid : 410600728 ;
from : oKwkYwwGYxsxiD_YuZwsLkj42MY8 ;
to : gh_6536061e4435 ;
time : 1490851611 ;
type : event ;

2017-03-30 13:26:52 params :
------------
Array:
rule : -2 ;
module :  ;
message : Array ;

2017-03-30 13:26:52 response :
------------

2017-03-30 14:41:08 trace :
------------
Array:
tousername : gh_6536061e4435 ;
fromusername : oKwkYw7K9xHIr91Csk-qENfcagnM ;
createtime : 1490856067 ;
msgtype : event ;
event : CLICK ;
eventkey : 二维码 ;
from : oKwkYw7K9xHIr91Csk-qENfcagnM ;
to : gh_6536061e4435 ;
time : 1490856067 ;
type : event ;

2017-03-30 14:41:19 trace :
------------
Array:
tousername : gh_6536061e4435 ;
fromusername : oKwkYw99ELSRFlscdiiOvBj2ZDIc ;
createtime : 1490856079 ;
msgtype : event ;
event : subscribe ;
eventkey : qrscene_25e80a82210e13a931a20cc3adf9f337 ;
ticket : gQHL8DwAAAAAAAAAAS5odHRwOi8vd2VpeGluLnFxLmNvbS9xLzAyUHBwYTFxSDljbzMxMDAwME0wNzIAAgSpX25YAwQAAAAA ;
from : oKwkYw99ELSRFlscdiiOvBj2ZDIc ;
to : gh_6536061e4435 ;
time : 1490856079 ;
type : subscribe ;
scene : 25e80a82210e13a931a20cc3adf9f337 ;

2017-03-30 14:41:24 trace :
------------
Array:
tousername : gh_6536061e4435 ;
fromusername : oKwkYwwA2Kwc4td7-MVJo3jvIiPM ;
createtime : 1490856084 ;
msgtype : event ;
event : subscribe ;
eventkey : qrscene_25e80a82210e13a931a20cc3adf9f337 ;
ticket : gQHL8DwAAAAAAAAAAS5odHRwOi8vd2VpeGluLnFxLmNvbS9xLzAyUHBwYTFxSDljbzMxMDAwME0wNzIAAgSpX25YAwQAAAAA ;
from : oKwkYwwA2Kwc4td7-MVJo3jvIiPM ;
to : gh_6536061e4435 ;
time : 1490856084 ;
type : subscribe ;
scene : 25e80a82210e13a931a20cc3adf9f337 ;

2017-03-30 14:41:37 trace :
------------
Array:
tousername : gh_6536061e4435 ;
fromusername : oKwkYw99ELSRFlscdiiOvBj2ZDIc ;
createtime : 1490856097 ;
msgtype : event ;
event : VIEW ;
eventkey : http://kh39.61why.com/app/index.php?i=2&c=entry&eid=194 ;
menuid : 410600728 ;
from : oKwkYw99ELSRFlscdiiOvBj2ZDIc ;
to : gh_6536061e4435 ;
time : 1490856097 ;
type : event ;

2017-03-30 14:41:37 params :
------------
Array:
rule : -2 ;
module :  ;
message : Array ;

2017-03-30 14:41:37 response :
------------

2017-03-30 14:41:42 trace :
------------
Array:
tousername : gh_6536061e4435 ;
fromusername : oKwkYwwA2Kwc4td7-MVJo3jvIiPM ;
createtime : 1490856102 ;
msgtype : event ;
event : VIEW ;
eventkey : http://kh39.61why.com/app/index.php?i=2&c=entry&eid=194 ;
menuid : 410600728 ;
from : oKwkYwwA2Kwc4td7-MVJo3jvIiPM ;
to : gh_6536061e4435 ;
time : 1490856102 ;
type : event ;

2017-03-30 14:41:42 params :
------------
Array:
rule : -2 ;
module :  ;
message : Array ;

2017-03-30 14:41:42 response :
------------

2017-03-30 14:41:46 trace :
------------
Array:
tousername : gh_6536061e4435 ;
fromusername : oKwkYwwA2Kwc4td7-MVJo3jvIiPM ;
createtime : 1490856106 ;
msgtype : event ;
event : VIEW ;
eventkey : http://kh39.61why.com/app/index.php?i=2&c=entry&eid=198 ;
menuid : 410600728 ;
from : oKwkYwwA2Kwc4td7-MVJo3jvIiPM ;
to : gh_6536061e4435 ;
time : 1490856106 ;
type : event ;

2017-03-30 14:41:46 params :
------------
Array:
rule : -2 ;
module :  ;
message : Array ;

2017-03-30 14:41:46 response :
------------

2017-03-30 14:41:51 trace :
------------
Array:
tousername : gh_6536061e4435 ;
fromusername : oKwkYwwA2Kwc4td7-MVJo3jvIiPM ;
createtime : 1490856111 ;
msgtype : event ;
event : VIEW ;
eventkey : http://kh39.61why.com/app/index.php?i=2&c=entry&eid=194 ;
menuid : 410600728 ;
from : oKwkYwwA2Kwc4td7-MVJo3jvIiPM ;
to : gh_6536061e4435 ;
time : 1490856111 ;
type : event ;

2017-03-30 14:41:51 params :
------------
Array:
rule : -2 ;
module :  ;
message : Array ;

2017-03-30 14:41:51 response :
------------

2017-03-30 14:42:04 trace :
------------
Array:
tousername : gh_6536061e4435 ;
fromusername : oKwkYw9A27iCE2wbx5IXncAJ21Sw ;
createtime : 1490856124 ;
msgtype : event ;
event : VIEW ;
eventkey : http://kh39.61why.com/app/index.php?i=2&c=entry&eid=198 ;
menuid : 410600728 ;
from : oKwkYw9A27iCE2wbx5IXncAJ21Sw ;
to : gh_6536061e4435 ;
time : 1490856124 ;
type : event ;

2017-03-30 14:42:04 params :
------------
Array:
rule : -2 ;
module :  ;
message : Array ;

2017-03-30 14:42:04 response :
------------

2017-03-30 14:42:17 trace :
------------
Array:
tousername : gh_6536061e4435 ;
fromusername : oKwkYwwA2Kwc4td7-MVJo3jvIiPM ;
createtime : 1490856137 ;
msgtype : event ;
event : VIEW ;
eventkey : http://kh39.61why.com/app/index.php?i=2&c=entry&eid=194 ;
menuid : 410600728 ;
from : oKwkYwwA2Kwc4td7-MVJo3jvIiPM ;
to : gh_6536061e4435 ;
time : 1490856137 ;
type : event ;

2017-03-30 14:42:17 params :
------------
Array:
rule : -2 ;
module :  ;
message : Array ;

2017-03-30 14:42:17 response :
------------

2017-03-30 14:42:36 trace :
------------
Array:
tousername : gh_6536061e4435 ;
fromusername : oKwkYw99ELSRFlscdiiOvBj2ZDIc ;
createtime : 1490856155 ;
msgtype : event ;
event : VIEW ;
eventkey : http://kh39.61why.com/app/index.php?i=2&c=entry&eid=194 ;
menuid : 410600728 ;
from : oKwkYw99ELSRFlscdiiOvBj2ZDIc ;
to : gh_6536061e4435 ;
time : 1490856155 ;
type : event ;

2017-03-30 14:42:36 params :
------------
Array:
rule : -2 ;
module :  ;
message : Array ;

2017-03-30 14:42:36 response :
------------

2017-03-30 14:43:27 trace :
------------
Array:
tousername : gh_6536061e4435 ;
fromusername : oKwkYwwA2Kwc4td7-MVJo3jvIiPM ;
createtime : 1490856207 ;
msgtype : event ;
event : VIEW ;
eventkey : http://kh39.61why.com/app/index.php?i=2&c=entry&eid=194 ;
menuid : 410600728 ;
from : oKwkYwwA2Kwc4td7-MVJo3jvIiPM ;
to : gh_6536061e4435 ;
time : 1490856207 ;
type : event ;

2017-03-30 14:43:27 params :
------------
Array:
rule : -2 ;
module :  ;
message : Array ;

2017-03-30 14:43:27 response :
------------

2017-03-30 14:45:34 trace :
------------
Array:
tousername : gh_6536061e4435 ;
fromusername : oKwkYwwA2Kwc4td7-MVJo3jvIiPM ;
createtime : 1490856334 ;
msgtype : event ;
event : VIEW ;
eventkey : http://kh39.61why.com/app/index.php?i=2&c=entry&eid=194 ;
menuid : 410600728 ;
from : oKwkYwwA2Kwc4td7-MVJo3jvIiPM ;
to : gh_6536061e4435 ;
time : 1490856334 ;
type : event ;

2017-03-30 14:45:34 params :
------------
Array:
rule : -2 ;
module :  ;
message : Array ;

2017-03-30 14:45:34 response :
------------

2017-03-30 14:46:09 trace :
------------
Array:
tousername : gh_6536061e4435 ;
fromusername : oKwkYw9A27iCE2wbx5IXncAJ21Sw ;
createtime : 1490856369 ;
msgtype : event ;
event : VIEW ;
eventkey : http://kh39.61why.com/app/index.php?i=2&c=entry&eid=198 ;
menuid : 410600728 ;
from : oKwkYw9A27iCE2wbx5IXncAJ21Sw ;
to : gh_6536061e4435 ;
time : 1490856369 ;
type : event ;

2017-03-30 14:46:09 params :
------------
Array:
rule : -2 ;
module :  ;
message : Array ;

2017-03-30 14:46:09 response :
------------

2017-03-30 14:46:29 trace :
------------
Array:
tousername : gh_6536061e4435 ;
fromusername : oKwkYw9A27iCE2wbx5IXncAJ21Sw ;
createtime : 1490856389 ;
msgtype : event ;
event : VIEW ;
eventkey : http://kh39.61why.com/app/index.php?i=2&c=entry&eid=194 ;
menuid : 410600728 ;
from : oKwkYw9A27iCE2wbx5IXncAJ21Sw ;
to : gh_6536061e4435 ;
time : 1490856389 ;
type : event ;

2017-03-30 14:46:29 params :
------------
Array:
rule : -2 ;
module :  ;
message : Array ;

2017-03-30 14:46:29 response :
------------

2017-03-30 14:46:34 trace :
------------
Array:
tousername : gh_6536061e4435 ;
fromusername : oKwkYw9A27iCE2wbx5IXncAJ21Sw ;
createtime : 1490856394 ;
msgtype : event ;
event : VIEW ;
eventkey : http://kh39.61why.com/app/index.php?i=2&c=entry&eid=198 ;
menuid : 410600728 ;
from : oKwkYw9A27iCE2wbx5IXncAJ21Sw ;
to : gh_6536061e4435 ;
time : 1490856394 ;
type : event ;

2017-03-30 14:46:34 params :
------------
Array:
rule : -2 ;
module :  ;
message : Array ;

2017-03-30 14:46:34 response :
------------

2017-03-30 14:47:01 trace :
------------
Array:
tousername : gh_6536061e4435 ;
fromusername : oKwkYwwA2Kwc4td7-MVJo3jvIiPM ;
createtime : 1490856421 ;
msgtype : event ;
event : CLICK ;
eventkey : 二维码 ;
from : oKwkYwwA2Kwc4td7-MVJo3jvIiPM ;
to : gh_6536061e4435 ;
time : 1490856421 ;
type : event ;

2017-03-30 14:47:17 trace :
------------
Array:
tousername : gh_6536061e4435 ;
fromusername : oKwkYwwA2Kwc4td7-MVJo3jvIiPM ;
createtime : 1490856436 ;
msgtype : event ;
event : VIEW ;
eventkey : http://kh39.61why.com/app/index.php?i=2&c=entry&eid=198 ;
menuid : 410600728 ;
from : oKwkYwwA2Kwc4td7-MVJo3jvIiPM ;
to : gh_6536061e4435 ;
time : 1490856436 ;
type : event ;

2017-03-30 14:47:17 params :
------------
Array:
rule : -2 ;
module :  ;
message : Array ;

2017-03-30 14:47:17 response :
------------

2017-03-30 14:47:22 trace :
------------
Array:
tousername : gh_6536061e4435 ;
fromusername : oKwkYw7K9xHIr91Csk-qENfcagnM ;
createtime : 1490856442 ;
msgtype : event ;
event : VIEW ;
eventkey : http://kh39.61why.com/app/index.php?i=2&c=entry&eid=198 ;
menuid : 410600728 ;
from : oKwkYw7K9xHIr91Csk-qENfcagnM ;
to : gh_6536061e4435 ;
time : 1490856442 ;
type : event ;

2017-03-30 14:47:22 params :
------------
Array:
rule : -2 ;
module :  ;
message : Array ;

2017-03-30 14:47:22 response :
------------

2017-03-30 14:47:51 trace :
------------
Array:
tousername : gh_6536061e4435 ;
fromusername : oKwkYwwA2Kwc4td7-MVJo3jvIiPM ;
createtime : 1490856471 ;
msgtype : event ;
event : VIEW ;
eventkey : http://kh39.61why.com/app/index.php?i=2&c=entry&eid=194 ;
menuid : 410600728 ;
from : oKwkYwwA2Kwc4td7-MVJo3jvIiPM ;
to : gh_6536061e4435 ;
time : 1490856471 ;
type : event ;

2017-03-30 14:47:51 params :
------------
Array:
rule : -2 ;
module :  ;
message : Array ;

2017-03-30 14:47:51 response :
------------

2017-03-30 14:47:59 trace :
------------
Array:
tousername : gh_6536061e4435 ;
fromusername : oKwkYwwA2Kwc4td7-MVJo3jvIiPM ;
createtime : 1490856479 ;
msgtype : event ;
event : CLICK ;
eventkey : 二维码 ;
from : oKwkYwwA2Kwc4td7-MVJo3jvIiPM ;
to : gh_6536061e4435 ;
time : 1490856479 ;
type : event ;

2017-03-30 14:48:16 trace :
------------
Array:
tousername : gh_6536061e4435 ;
fromusername : oKwkYw7oac0oxOZwdQ0pewOs-C9s ;
createtime : 1490856496 ;
msgtype : event ;
event : subscribe ;
eventkey : qrscene_afd4424743b78691ecda4747ffcfde0f ;
ticket : gQEj8jwAAAAAAAAAAS5odHRwOi8vd2VpeGluLnFxLmNvbS9xLzAyVldjMjFvSDljbzMxMDAwME0wNzYAAgTmqdxYAwQAAAAA ;
from : oKwkYw7oac0oxOZwdQ0pewOs-C9s ;
to : gh_6536061e4435 ;
time : 1490856496 ;
type : subscribe ;
scene : afd4424743b78691ecda4747ffcfde0f ;

2017-03-30 14:48:29 trace :
------------
Array:
tousername : gh_6536061e4435 ;
fromusername : oKwkYw7oac0oxOZwdQ0pewOs-C9s ;
createtime : 1490856509 ;
msgtype : event ;
event : VIEW ;
eventkey : http://kh39.61why.com/app/index.php?i=2&c=entry&eid=194 ;
menuid : 410600728 ;
from : oKwkYw7oac0oxOZwdQ0pewOs-C9s ;
to : gh_6536061e4435 ;
time : 1490856509 ;
type : event ;

2017-03-30 14:48:29 params :
------------
Array:
rule : -2 ;
module :  ;
message : Array ;

2017-03-30 14:48:29 response :
------------

2017-03-30 14:49:04 trace :
------------
Array:
tousername : gh_6536061e4435 ;
fromusername : oKwkYwwA2Kwc4td7-MVJo3jvIiPM ;
createtime : 1490856543 ;
msgtype : event ;
event : VIEW ;
eventkey : http://kh39.61why.com/app/index.php?i=2&c=entry&eid=194 ;
menuid : 410600728 ;
from : oKwkYwwA2Kwc4td7-MVJo3jvIiPM ;
to : gh_6536061e4435 ;
time : 1490856543 ;
type : event ;

2017-03-30 14:49:04 params :
------------
Array:
rule : -2 ;
module :  ;
message : Array ;

2017-03-30 14:49:04 response :
------------

2017-03-30 14:52:24 trace :
------------
Array:
tousername : gh_6536061e4435 ;
fromusername : oKwkYwwA2Kwc4td7-MVJo3jvIiPM ;
createtime : 1490856744 ;
msgtype : event ;
event : VIEW ;
eventkey : http://kh39.61why.com/app/index.php?i=2&c=entry&eid=198 ;
menuid : 410600728 ;
from : oKwkYwwA2Kwc4td7-MVJo3jvIiPM ;
to : gh_6536061e4435 ;
time : 1490856744 ;
type : event ;

2017-03-30 14:52:24 params :
------------
Array:
rule : -2 ;
module :  ;
message : Array ;

2017-03-30 14:52:24 response :
------------

2017-03-30 14:52:28 trace :
------------
Array:
tousername : gh_6536061e4435 ;
fromusername : oKwkYw7K9xHIr91Csk-qENfcagnM ;
createtime : 1490856748 ;
msgtype : event ;
event : VIEW ;
eventkey : http://kh39.61why.com/app/index.php?i=2&c=entry&eid=198 ;
menuid : 410600728 ;
from : oKwkYw7K9xHIr91Csk-qENfcagnM ;
to : gh_6536061e4435 ;
time : 1490856748 ;
type : event ;

2017-03-30 14:52:28 params :
------------
Array:
rule : -2 ;
module :  ;
message : Array ;

2017-03-30 14:52:28 response :
------------

2017-03-30 14:55:08 trace :
------------
Array:
tousername : gh_6536061e4435 ;
fromusername : oKwkYwwA2Kwc4td7-MVJo3jvIiPM ;
createtime : 1490856908 ;
msgtype : event ;
event : VIEW ;
eventkey : http://kh39.61why.com/app/index.php?i=2&c=entry&eid=198 ;
menuid : 410600728 ;
from : oKwkYwwA2Kwc4td7-MVJo3jvIiPM ;
to : gh_6536061e4435 ;
time : 1490856908 ;
type : event ;

2017-03-30 14:55:08 params :
------------
Array:
rule : -2 ;
module :  ;
message : Array ;

2017-03-30 14:55:08 response :
------------

2017-03-30 14:57:51 trace :
------------
Array:
tousername : gh_6536061e4435 ;
fromusername : oKwkYww2jxSkyouqmauRX7iH3fDY ;
createtime : 1490857070 ;
msgtype : event ;
event : subscribe ;
eventkey : qrscene_d8aef4db56ee9b3875f012496226d43e ;
ticket : gQGI8DwAAAAAAAAAAS5odHRwOi8vd2VpeGluLnFxLmNvbS9xLzAyd21ZRjFrSDljbzMxMDAwMGcwN0QAAgQeFW5YAwQAAAAA ;
from : oKwkYww2jxSkyouqmauRX7iH3fDY ;
to : gh_6536061e4435 ;
time : 1490857070 ;
type : subscribe ;
scene : d8aef4db56ee9b3875f012496226d43e ;

2017-03-30 14:57:53 trace :
------------
Array:
tousername : gh_6536061e4435 ;
fromusername : oKwkYww2jxSkyouqmauRX7iH3fDY ;
createtime : 1490857072 ;
msgtype : event ;
event : CLICK ;
eventkey : 二维码 ;
from : oKwkYww2jxSkyouqmauRX7iH3fDY ;
to : gh_6536061e4435 ;
time : 1490857072 ;
type : event ;

2017-03-30 14:57:56 trace :
------------
Array:
tousername : gh_6536061e4435 ;
fromusername : oKwkYww2jxSkyouqmauRX7iH3fDY ;
createtime : 1490857076 ;
msgtype : event ;
event : VIEW ;
eventkey : http://kh39.61why.com/app/index.php?i=2&c=entry&eid=198 ;
menuid : 410600728 ;
from : oKwkYww2jxSkyouqmauRX7iH3fDY ;
to : gh_6536061e4435 ;
time : 1490857076 ;
type : event ;

2017-03-30 14:57:56 params :
------------
Array:
rule : -2 ;
module :  ;
message : Array ;

2017-03-30 14:57:56 response :
------------

2017-03-30 15:00:10 trace :
------------
Array:
tousername : gh_6536061e4435 ;
fromusername : oKwkYw5hiet9aIoMvpfdt0UcJyzc ;
createtime : 1490857210 ;
msgtype : event ;
event : VIEW ;
eventkey : http://kh39.61why.com/app/index.php?i=2&c=entry&eid=198 ;
menuid : 410600728 ;
from : oKwkYw5hiet9aIoMvpfdt0UcJyzc ;
to : gh_6536061e4435 ;
time : 1490857210 ;
type : event ;

2017-03-30 15:00:10 params :
------------
Array:
rule : -2 ;
module :  ;
message : Array ;

2017-03-30 15:00:10 response :
------------

2017-03-30 15:00:23 trace :
------------
Array:
tousername : gh_6536061e4435 ;
fromusername : oKwkYwwA2Kwc4td7-MVJo3jvIiPM ;
createtime : 1490857223 ;
msgtype : event ;
event : VIEW ;
eventkey : http://kh39.61why.com/app/index.php?i=2&c=entry&eid=194 ;
menuid : 410600728 ;
from : oKwkYwwA2Kwc4td7-MVJo3jvIiPM ;
to : gh_6536061e4435 ;
time : 1490857223 ;
type : event ;

2017-03-30 15:00:23 params :
------------
Array:
rule : -2 ;
module :  ;
message : Array ;

2017-03-30 15:00:23 response :
------------

2017-03-30 15:00:59 trace :
------------
Array:
tousername : gh_6536061e4435 ;
fromusername : oKwkYwwA2Kwc4td7-MVJo3jvIiPM ;
createtime : 1490857259 ;
msgtype : event ;
event : VIEW ;
eventkey : http://kh39.61why.com/app/index.php?i=2&c=entry&eid=194 ;
menuid : 410600728 ;
from : oKwkYwwA2Kwc4td7-MVJo3jvIiPM ;
to : gh_6536061e4435 ;
time : 1490857259 ;
type : event ;

2017-03-30 15:00:59 params :
------------
Array:
rule : -2 ;
module :  ;
message : Array ;

2017-03-30 15:00:59 response :
------------

2017-03-30 15:07:56 trace :
------------
Array:
tousername : gh_6536061e4435 ;
fromusername : oKwkYwznZlDGJdofoiwd9whJHZME ;
createtime : 1490857676 ;
msgtype : event ;
event : subscribe ;
eventkey : Array ;
from : oKwkYwznZlDGJdofoiwd9whJHZME ;
to : gh_6536061e4435 ;
time : 1490857676 ;
type : subscribe ;

2017-03-30 15:07:56 params :
------------
Array:
rule : -2 ;
module :  ;
message : Array ;

2017-03-30 15:07:56 response :
------------

2017-03-30 15:08:22 trace :
------------
Array:
tousername : gh_6536061e4435 ;
fromusername : oKwkYwznZlDGJdofoiwd9whJHZME ;
createtime : 1490857702 ;
msgtype : event ;
event : VIEW ;
eventkey : http://kh39.61why.com/app/index.php?i=2&c=entry&eid=194 ;
menuid : 410600728 ;
from : oKwkYwznZlDGJdofoiwd9whJHZME ;
to : gh_6536061e4435 ;
time : 1490857702 ;
type : event ;

2017-03-30 15:08:22 params :
------------
Array:
rule : -2 ;
module :  ;
message : Array ;

2017-03-30 15:08:22 response :
------------

2017-03-30 15:11:20 trace :
------------
Array:
tousername : gh_6536061e4435 ;
fromusername : oKwkYw5hiet9aIoMvpfdt0UcJyzc ;
createtime : 1490857880 ;
msgtype : event ;
event : VIEW ;
eventkey : http://kh39.61why.com/app/index.php?i=2&c=entry&eid=198 ;
menuid : 410600728 ;
from : oKwkYw5hiet9aIoMvpfdt0UcJyzc ;
to : gh_6536061e4435 ;
time : 1490857880 ;
type : event ;

2017-03-30 15:11:20 params :
------------
Array:
rule : -2 ;
module :  ;
message : Array ;

2017-03-30 15:11:20 response :
------------

2017-03-30 15:11:37 trace :
------------
Array:
tousername : gh_6536061e4435 ;
fromusername : oKwkYww2jxSkyouqmauRX7iH3fDY ;
createtime : 1490857897 ;
msgtype : event ;
event : VIEW ;
eventkey : http://kh39.61why.com/app/index.php?i=2&c=entry&eid=198 ;
menuid : 410600728 ;
from : oKwkYww2jxSkyouqmauRX7iH3fDY ;
to : gh_6536061e4435 ;
time : 1490857897 ;
type : event ;

2017-03-30 15:11:37 params :
------------
Array:
rule : -2 ;
module :  ;
message : Array ;

2017-03-30 15:11:37 response :
------------

2017-03-30 15:13:38 trace :
------------
Array:
tousername : gh_6536061e4435 ;
fromusername : oKwkYww2jxSkyouqmauRX7iH3fDY ;
createtime : 1490858018 ;
msgtype : event ;
event : VIEW ;
eventkey : http://kh39.61why.com/app/index.php?i=2&c=entry&eid=198 ;
menuid : 410600728 ;
from : oKwkYww2jxSkyouqmauRX7iH3fDY ;
to : gh_6536061e4435 ;
time : 1490858018 ;
type : event ;

2017-03-30 15:13:38 params :
------------
Array:
rule : -2 ;
module :  ;
message : Array ;

2017-03-30 15:13:38 response :
------------

2017-03-30 15:17:56 trace :
------------
Array:
tousername : gh_6536061e4435 ;
fromusername : oKwkYw7K9xHIr91Csk-qENfcagnM ;
createtime : 1490858276 ;
msgtype : event ;
event : VIEW ;
eventkey : http://kh39.61why.com/app/index.php?i=2&c=entry&eid=194 ;
menuid : 410600728 ;
from : oKwkYw7K9xHIr91Csk-qENfcagnM ;
to : gh_6536061e4435 ;
time : 1490858276 ;
type : event ;

2017-03-30 15:17:56 params :
------------
Array:
rule : -2 ;
module :  ;
message : Array ;

2017-03-30 15:17:56 response :
------------

2017-03-30 15:18:55 trace :
------------
Array:
tousername : gh_6536061e4435 ;
fromusername : oKwkYw7K9xHIr91Csk-qENfcagnM ;
createtime : 1490858335 ;
msgtype : event ;
event : VIEW ;
eventkey : http://kh39.61why.com/app/index.php?i=2&c=entry&eid=194 ;
menuid : 410600728 ;
from : oKwkYw7K9xHIr91Csk-qENfcagnM ;
to : gh_6536061e4435 ;
time : 1490858335 ;
type : event ;

2017-03-30 15:18:55 params :
------------
Array:
rule : -2 ;
module :  ;
message : Array ;

2017-03-30 15:18:55 response :
------------

2017-03-30 15:19:13 trace :
------------
Array:
tousername : gh_6536061e4435 ;
fromusername : oKwkYwwA2Kwc4td7-MVJo3jvIiPM ;
createtime : 1490858353 ;
msgtype : event ;
event : VIEW ;
eventkey : http://kh39.61why.com/app/index.php?i=2&c=entry&eid=194 ;
menuid : 410600728 ;
from : oKwkYwwA2Kwc4td7-MVJo3jvIiPM ;
to : gh_6536061e4435 ;
time : 1490858353 ;
type : event ;

2017-03-30 15:19:13 params :
------------
Array:
rule : -2 ;
module :  ;
message : Array ;

2017-03-30 15:19:13 response :
------------

2017-03-30 15:19:37 trace :
------------
Array:
tousername : gh_6536061e4435 ;
fromusername : oKwkYw7K9xHIr91Csk-qENfcagnM ;
createtime : 1490858377 ;
msgtype : event ;
event : VIEW ;
eventkey : http://kh39.61why.com/app/index.php?i=2&c=entry&eid=194 ;
menuid : 410600728 ;
from : oKwkYw7K9xHIr91Csk-qENfcagnM ;
to : gh_6536061e4435 ;
time : 1490858377 ;
type : event ;

2017-03-30 15:19:37 params :
------------
Array:
rule : -2 ;
module :  ;
message : Array ;

2017-03-30 15:19:37 response :
------------

2017-03-30 15:23:37 trace :
------------
Array:
tousername : gh_6536061e4435 ;
fromusername : oKwkYwwA2Kwc4td7-MVJo3jvIiPM ;
createtime : 1490858617 ;
msgtype : event ;
event : VIEW ;
eventkey : http://kh39.61why.com/app/index.php?i=2&c=entry&eid=194 ;
menuid : 410600728 ;
from : oKwkYwwA2Kwc4td7-MVJo3jvIiPM ;
to : gh_6536061e4435 ;
time : 1490858617 ;
type : event ;

2017-03-30 15:23:37 params :
------------
Array:
rule : -2 ;
module :  ;
message : Array ;

2017-03-30 15:23:37 response :
------------

2017-03-30 15:23:45 trace :
------------
Array:
tousername : gh_6536061e4435 ;
fromusername : oKwkYwwA2Kwc4td7-MVJo3jvIiPM ;
createtime : 1490858625 ;
msgtype : event ;
event : CLICK ;
eventkey : 二维码 ;
from : oKwkYwwA2Kwc4td7-MVJo3jvIiPM ;
to : gh_6536061e4435 ;
time : 1490858625 ;
type : event ;

2017-03-30 15:24:03 trace :
------------
Array:
tousername : gh_6536061e4435 ;
fromusername : oKwkYwwA2Kwc4td7-MVJo3jvIiPM ;
createtime : 1490858643 ;
msgtype : event ;
event : VIEW ;
eventkey : http://kh39.61why.com/app/index.php?i=2&c=entry&eid=194 ;
menuid : 410600728 ;
from : oKwkYwwA2Kwc4td7-MVJo3jvIiPM ;
to : gh_6536061e4435 ;
time : 1490858643 ;
type : event ;

2017-03-30 15:24:03 params :
------------
Array:
rule : -2 ;
module :  ;
message : Array ;

2017-03-30 15:24:03 response :
------------

2017-03-30 15:25:38 trace :
------------
Array:
tousername : gh_6536061e4435 ;
fromusername : oKwkYw3l0eGz3H7e62pX1IDFxwCY ;
createtime : 1490858738 ;
msgtype : event ;
event : VIEW ;
eventkey : http://kh39.61why.com/app/index.php?i=2&c=entry&eid=198 ;
menuid : 410600728 ;
from : oKwkYw3l0eGz3H7e62pX1IDFxwCY ;
to : gh_6536061e4435 ;
time : 1490858738 ;
type : event ;

2017-03-30 15:25:38 params :
------------
Array:
rule : -2 ;
module :  ;
message : Array ;

2017-03-30 15:25:38 response :
------------

2017-03-30 15:34:13 trace :
------------
Array:
tousername : gh_6536061e4435 ;
fromusername : oKwkYw9A27iCE2wbx5IXncAJ21Sw ;
createtime : 1490859253 ;
msgtype : event ;
event : VIEW ;
eventkey : http://kh39.61why.com/app/index.php?i=2&c=entry&eid=198 ;
menuid : 410600728 ;
from : oKwkYw9A27iCE2wbx5IXncAJ21Sw ;
to : gh_6536061e4435 ;
time : 1490859253 ;
type : event ;

2017-03-30 15:34:13 params :
------------
Array:
rule : -2 ;
module :  ;
message : Array ;

2017-03-30 15:34:13 response :
------------

2017-03-30 15:36:33 trace :
------------
Array:
tousername : gh_6536061e4435 ;
fromusername : oKwkYw9A27iCE2wbx5IXncAJ21Sw ;
createtime : 1490859393 ;
msgtype : event ;
event : VIEW ;
eventkey : http://kh39.61why.com/app/index.php?i=2&c=entry&eid=198 ;
menuid : 410600728 ;
from : oKwkYw9A27iCE2wbx5IXncAJ21Sw ;
to : gh_6536061e4435 ;
time : 1490859393 ;
type : event ;

2017-03-30 15:36:33 params :
------------
Array:
rule : -2 ;
module :  ;
message : Array ;

2017-03-30 15:36:33 response :
------------

2017-03-30 15:37:20 trace :
------------
Array:
tousername : gh_6536061e4435 ;
fromusername : oKwkYw9A27iCE2wbx5IXncAJ21Sw ;
createtime : 1490859440 ;
msgtype : event ;
event : VIEW ;
eventkey : http://kh39.61why.com/app/index.php?i=2&c=entry&eid=194 ;
menuid : 410600728 ;
from : oKwkYw9A27iCE2wbx5IXncAJ21Sw ;
to : gh_6536061e4435 ;
time : 1490859440 ;
type : event ;

2017-03-30 15:37:20 params :
------------
Array:
rule : -2 ;
module :  ;
message : Array ;

2017-03-30 15:37:20 response :
------------

2017-03-30 15:38:49 trace :
------------
Array:
tousername : gh_6536061e4435 ;
fromusername : oKwkYw9A27iCE2wbx5IXncAJ21Sw ;
createtime : 1490859529 ;
msgtype : event ;
event : VIEW ;
eventkey : http://kh39.61why.com/app/index.php?i=2&c=entry&eid=198 ;
menuid : 410600728 ;
from : oKwkYw9A27iCE2wbx5IXncAJ21Sw ;
to : gh_6536061e4435 ;
time : 1490859529 ;
type : event ;

2017-03-30 15:38:49 params :
------------
Array:
rule : -2 ;
module :  ;
message : Array ;

2017-03-30 15:38:49 response :
------------

2017-03-30 15:38:54 trace :
------------
Array:
tousername : gh_6536061e4435 ;
fromusername : oKwkYw9A27iCE2wbx5IXncAJ21Sw ;
createtime : 1490859534 ;
msgtype : event ;
event : VIEW ;
eventkey : http://kh39.61why.com/app/index.php?i=2&c=entry&eid=194 ;
menuid : 410600728 ;
from : oKwkYw9A27iCE2wbx5IXncAJ21Sw ;
to : gh_6536061e4435 ;
time : 1490859534 ;
type : event ;

2017-03-30 15:38:54 params :
------------
Array:
rule : -2 ;
module :  ;
message : Array ;

2017-03-30 15:38:54 response :
------------

2017-03-30 15:42:15 trace :
------------
Array:
tousername : gh_6536061e4435 ;
fromusername : oKwkYw9A27iCE2wbx5IXncAJ21Sw ;
createtime : 1490859735 ;
msgtype : event ;
event : VIEW ;
eventkey : http://kh39.61why.com/app/index.php?i=2&c=entry&eid=194 ;
menuid : 410600728 ;
from : oKwkYw9A27iCE2wbx5IXncAJ21Sw ;
to : gh_6536061e4435 ;
time : 1490859735 ;
type : event ;

2017-03-30 15:42:15 params :
------------
Array:
rule : -2 ;
module :  ;
message : Array ;

2017-03-30 15:42:15 response :
------------

2017-03-30 15:45:25 trace :
------------
Array:
tousername : gh_6536061e4435 ;
fromusername : oKwkYw9A27iCE2wbx5IXncAJ21Sw ;
createtime : 1490859925 ;
msgtype : event ;
event : VIEW ;
eventkey : http://kh39.61why.com/app/index.php?i=2&c=entry&eid=194 ;
menuid : 410600728 ;
from : oKwkYw9A27iCE2wbx5IXncAJ21Sw ;
to : gh_6536061e4435 ;
time : 1490859925 ;
type : event ;

2017-03-30 15:45:25 params :
------------
Array:
rule : -2 ;
module :  ;
message : Array ;

2017-03-30 15:45:25 response :
------------

2017-03-30 15:47:33 trace :
------------
Array:
tousername : gh_6536061e4435 ;
fromusername : oKwkYw9A27iCE2wbx5IXncAJ21Sw ;
createtime : 1490860052 ;
msgtype : event ;
event : VIEW ;
eventkey : http://kh39.61why.com/app/index.php?i=2&c=entry&eid=194 ;
menuid : 410600728 ;
from : oKwkYw9A27iCE2wbx5IXncAJ21Sw ;
to : gh_6536061e4435 ;
time : 1490860052 ;
type : event ;

2017-03-30 15:47:33 params :
------------
Array:
rule : -2 ;
module :  ;
message : Array ;

2017-03-30 15:47:33 response :
------------

2017-03-30 15:52:15 trace :
------------
Array:
tousername : gh_6536061e4435 ;
fromusername : oKwkYw9A27iCE2wbx5IXncAJ21Sw ;
createtime : 1490860335 ;
msgtype : event ;
event : VIEW ;
eventkey : http://kh39.61why.com/app/index.php?i=2&c=entry&eid=198 ;
menuid : 410600728 ;
from : oKwkYw9A27iCE2wbx5IXncAJ21Sw ;
to : gh_6536061e4435 ;
time : 1490860335 ;
type : event ;

2017-03-30 15:52:15 params :
------------
Array:
rule : -2 ;
module :  ;
message : Array ;

2017-03-30 15:52:15 response :
------------

2017-03-30 15:55:53 trace :
------------
Array:
tousername : gh_6536061e4435 ;
fromusername : oKwkYw9A27iCE2wbx5IXncAJ21Sw ;
createtime : 1490860553 ;
msgtype : event ;
event : VIEW ;
eventkey : http://kh39.61why.com/app/index.php?i=2&c=entry&eid=198 ;
menuid : 410600728 ;
from : oKwkYw9A27iCE2wbx5IXncAJ21Sw ;
to : gh_6536061e4435 ;
time : 1490860553 ;
type : event ;

2017-03-30 15:55:53 params :
------------
Array:
rule : -2 ;
module :  ;
message : Array ;

2017-03-30 15:55:53 response :
------------

2017-03-30 16:03:57 trace :
------------
Array:
tousername : gh_6536061e4435 ;
fromusername : oKwkYw5hiet9aIoMvpfdt0UcJyzc ;
createtime : 1490861037 ;
msgtype : event ;
event : VIEW ;
eventkey : http://kh39.61why.com/app/index.php?i=2&c=entry&eid=198 ;
menuid : 410600728 ;
from : oKwkYw5hiet9aIoMvpfdt0UcJyzc ;
to : gh_6536061e4435 ;
time : 1490861037 ;
type : event ;

2017-03-30 16:03:57 params :
------------
Array:
rule : -2 ;
module :  ;
message : Array ;

2017-03-30 16:03:57 response :
------------

2017-03-30 16:04:10 trace :
------------
Array:
tousername : gh_6536061e4435 ;
fromusername : oKwkYw9A27iCE2wbx5IXncAJ21Sw ;
createtime : 1490861050 ;
msgtype : event ;
event : VIEW ;
eventkey : http://kh39.61why.com/app/index.php?i=2&c=entry&eid=198 ;
menuid : 410600728 ;
from : oKwkYw9A27iCE2wbx5IXncAJ21Sw ;
to : gh_6536061e4435 ;
time : 1490861050 ;
type : event ;

2017-03-30 16:04:10 params :
------------
Array:
rule : -2 ;
module :  ;
message : Array ;

2017-03-30 16:04:10 response :
------------

2017-03-30 16:06:55 trace :
------------
Array:
tousername : gh_6536061e4435 ;
fromusername : oKwkYw5hiet9aIoMvpfdt0UcJyzc ;
createtime : 1490861215 ;
msgtype : event ;
event : VIEW ;
eventkey : http://kh39.61why.com/app/index.php?i=2&c=entry&eid=198 ;
menuid : 410600728 ;
from : oKwkYw5hiet9aIoMvpfdt0UcJyzc ;
to : gh_6536061e4435 ;
time : 1490861215 ;
type : event ;

2017-03-30 16:06:55 params :
------------
Array:
rule : -2 ;
module :  ;
message : Array ;

2017-03-30 16:06:55 response :
------------

2017-03-30 16:16:19 trace :
------------
Array:
tousername : gh_6536061e4435 ;
fromusername : oKwkYw9A27iCE2wbx5IXncAJ21Sw ;
createtime : 1490861778 ;
msgtype : event ;
event : VIEW ;
eventkey : http://kh39.61why.com/app/index.php?i=2&c=entry&eid=194 ;
menuid : 410600728 ;
from : oKwkYw9A27iCE2wbx5IXncAJ21Sw ;
to : gh_6536061e4435 ;
time : 1490861778 ;
type : event ;

2017-03-30 16:16:19 params :
------------
Array:
rule : -2 ;
module :  ;
message : Array ;

2017-03-30 16:16:19 response :
------------

2017-03-30 16:18:17 trace :
------------
Array:
tousername : gh_6536061e4435 ;
fromusername : oKwkYw9A27iCE2wbx5IXncAJ21Sw ;
createtime : 1490861897 ;
msgtype : event ;
event : VIEW ;
eventkey : http://kh39.61why.com/app/index.php?i=2&c=entry&eid=194 ;
menuid : 410600728 ;
from : oKwkYw9A27iCE2wbx5IXncAJ21Sw ;
to : gh_6536061e4435 ;
time : 1490861897 ;
type : event ;

2017-03-30 16:18:17 params :
------------
Array:
rule : -2 ;
module :  ;
message : Array ;

2017-03-30 16:18:17 response :
------------

2017-03-30 16:20:40 trace :
------------
Array:
tousername : gh_6536061e4435 ;
fromusername : oKwkYw9A27iCE2wbx5IXncAJ21Sw ;
createtime : 1490862040 ;
msgtype : event ;
event : VIEW ;
eventkey : http://kh39.61why.com/app/index.php?i=2&c=entry&eid=194 ;
menuid : 410600728 ;
from : oKwkYw9A27iCE2wbx5IXncAJ21Sw ;
to : gh_6536061e4435 ;
time : 1490862040 ;
type : event ;

2017-03-30 16:20:40 params :
------------
Array:
rule : -2 ;
module :  ;
message : Array ;

2017-03-30 16:20:40 response :
------------

2017-03-30 16:31:22 trace :
------------
Array:
tousername : gh_6536061e4435 ;
fromusername : oKwkYw3l0eGz3H7e62pX1IDFxwCY ;
createtime : 1490862681 ;
msgtype : event ;
event : VIEW ;
eventkey : http://kh39.61why.com/app/index.php?i=2&c=entry&eid=194 ;
menuid : 410600728 ;
from : oKwkYw3l0eGz3H7e62pX1IDFxwCY ;
to : gh_6536061e4435 ;
time : 1490862681 ;
type : event ;

2017-03-30 16:31:22 params :
------------
Array:
rule : -2 ;
module :  ;
message : Array ;

2017-03-30 16:31:22 response :
------------

2017-03-30 16:32:22 trace :
------------
Array:
tousername : gh_6536061e4435 ;
fromusername : oKwkYw3l0eGz3H7e62pX1IDFxwCY ;
createtime : 1490862742 ;
msgtype : event ;
event : VIEW ;
eventkey : http://kh39.61why.com/app/index.php?i=2&c=entry&eid=198 ;
menuid : 410600728 ;
from : oKwkYw3l0eGz3H7e62pX1IDFxwCY ;
to : gh_6536061e4435 ;
time : 1490862742 ;
type : event ;

2017-03-30 16:32:22 params :
------------
Array:
rule : -2 ;
module :  ;
message : Array ;

2017-03-30 16:32:22 response :
------------

2017-03-30 16:32:23 trace :
------------
Array:
tousername : gh_6536061e4435 ;
fromusername : oKwkYw9A27iCE2wbx5IXncAJ21Sw ;
createtime : 1490862743 ;
msgtype : event ;
event : VIEW ;
eventkey : http://kh39.61why.com/app/index.php?i=2&c=entry&eid=194 ;
menuid : 410600728 ;
from : oKwkYw9A27iCE2wbx5IXncAJ21Sw ;
to : gh_6536061e4435 ;
time : 1490862743 ;
type : event ;

2017-03-30 16:32:23 params :
------------
Array:
rule : -2 ;
module :  ;
message : Array ;

2017-03-30 16:32:23 response :
------------

2017-03-30 16:41:49 trace :
------------
Array:
tousername : gh_0ad70057b777 ;
fromusername : o26ibjsrSJzYjD-yXvhf2mf0Ttf8 ;
createtime : 1490863309 ;
msgtype : event ;
event : VIEW ;
eventkey : http://kh39.61why.com/app/index.php?i=2&c=entry&eid=198 ;
menuid : 411738532 ;
from : o26ibjsrSJzYjD-yXvhf2mf0Ttf8 ;
to : gh_0ad70057b777 ;
time : 1490863309 ;
type : event ;

2017-03-30 16:41:49 params :
------------
Array:
rule : -2 ;
module :  ;
message : Array ;

2017-03-30 16:41:49 response :
------------

2017-03-30 16:48:01 trace :
------------
Array:
tousername : gh_6536061e4435 ;
fromusername : oKwkYwwYq4EhByxPFosA0Iv5zEok ;
createtime : 1490863680 ;
msgtype : event ;
event : subscribe ;
eventkey : Array ;
from : oKwkYwwYq4EhByxPFosA0Iv5zEok ;
to : gh_6536061e4435 ;
time : 1490863680 ;
type : subscribe ;

2017-03-30 16:48:01 params :
------------
Array:
rule : -2 ;
module :  ;
message : Array ;

2017-03-30 16:48:01 response :
------------

2017-03-30 16:48:09 trace :
------------
Array:
tousername : gh_6536061e4435 ;
fromusername : oKwkYwwYq4EhByxPFosA0Iv5zEok ;
createtime : 1490863688 ;
msgtype : event ;
event : CLICK ;
eventkey : 二维码 ;
from : oKwkYwwYq4EhByxPFosA0Iv5zEok ;
to : gh_6536061e4435 ;
time : 1490863688 ;
type : event ;

2017-03-30 16:48:18 trace :
------------
Array:
tousername : gh_6536061e4435 ;
fromusername : oKwkYwwYq4EhByxPFosA0Iv5zEok ;
createtime : 1490863698 ;
msgtype : event ;
event : VIEW ;
eventkey : http://kh39.61why.com/app/index.php?i=2&c=entry&eid=194 ;
menuid : 410600728 ;
from : oKwkYwwYq4EhByxPFosA0Iv5zEok ;
to : gh_6536061e4435 ;
time : 1490863698 ;
type : event ;

2017-03-30 16:48:18 params :
------------
Array:
rule : -2 ;
module :  ;
message : Array ;

2017-03-30 16:48:18 response :
------------

2017-03-30 16:58:50 trace :
------------
Array:
tousername : gh_0ad70057b777 ;
fromusername : o26ibjsrSJzYjD-yXvhf2mf0Ttf8 ;
createtime : 1490864330 ;
msgtype : event ;
event : VIEW ;
eventkey : http://kh39.61why.com/app/index.php?i=2&c=entry&eid=194 ;
menuid : 411738532 ;
from : o26ibjsrSJzYjD-yXvhf2mf0Ttf8 ;
to : gh_0ad70057b777 ;
time : 1490864330 ;
type : event ;

2017-03-30 16:58:50 params :
------------
Array:
rule : -2 ;
module :  ;
message : Array ;

2017-03-30 16:58:50 response :
------------

2017-03-30 17:10:40 trace :
------------
Array:
tousername : gh_6536061e4435 ;
fromusername : oKwkYw9A27iCE2wbx5IXncAJ21Sw ;
createtime : 1490865040 ;
msgtype : event ;
event : VIEW ;
eventkey : http://kh39.61why.com/app/index.php?i=2&c=entry&eid=194 ;
menuid : 410600728 ;
from : oKwkYw9A27iCE2wbx5IXncAJ21Sw ;
to : gh_6536061e4435 ;
time : 1490865040 ;
type : event ;

2017-03-30 17:10:40 params :
------------
Array:
rule : -2 ;
module :  ;
message : Array ;

2017-03-30 17:10:40 response :
------------

2017-03-30 17:10:42 trace :
------------
Array:
tousername : gh_6536061e4435 ;
fromusername : oKwkYw9A27iCE2wbx5IXncAJ21Sw ;
createtime : 1490865042 ;
msgtype : event ;
event : VIEW ;
eventkey : http://kh39.61why.com/app/index.php?i=2&c=entry&eid=198 ;
menuid : 410600728 ;
from : oKwkYw9A27iCE2wbx5IXncAJ21Sw ;
to : gh_6536061e4435 ;
time : 1490865042 ;
type : event ;

2017-03-30 17:10:42 params :
------------
Array:
rule : -2 ;
module :  ;
message : Array ;

2017-03-30 17:10:42 response :
------------

2017-03-30 17:10:48 trace :
------------
Array:
tousername : gh_6536061e4435 ;
fromusername : oKwkYw9A27iCE2wbx5IXncAJ21Sw ;
createtime : 1490865048 ;
msgtype : event ;
event : VIEW ;
eventkey : http://kh39.61why.com/app/index.php?i=2&c=entry&eid=194 ;
menuid : 410600728 ;
from : oKwkYw9A27iCE2wbx5IXncAJ21Sw ;
to : gh_6536061e4435 ;
time : 1490865048 ;
type : event ;

2017-03-30 17:10:48 params :
------------
Array:
rule : -2 ;
module :  ;
message : Array ;

2017-03-30 17:10:48 response :
------------

2017-03-30 17:10:57 trace :
------------
Array:
tousername : gh_6536061e4435 ;
fromusername : oKwkYwyA8e8lnMGuMx9k-4BQiemU ;
createtime : 1490865057 ;
msgtype : event ;
event : VIEW ;
eventkey : http://kh39.61why.com/app/index.php?i=2&c=entry&eid=198 ;
menuid : 410600728 ;
from : oKwkYwyA8e8lnMGuMx9k-4BQiemU ;
to : gh_6536061e4435 ;
time : 1490865057 ;
type : event ;

2017-03-30 17:10:57 params :
------------
Array:
rule : -2 ;
module :  ;
message : Array ;

2017-03-30 17:10:57 response :
------------

2017-03-30 17:11:04 trace :
------------
Array:
tousername : gh_6536061e4435 ;
fromusername : oKwkYwz_FtGom2eSyG1qwUGFxNiA ;
createtime : 1490865064 ;
msgtype : event ;
event : VIEW ;
eventkey : http://kh39.61why.com/app/index.php?i=2&c=entry&eid=198 ;
menuid : 410600728 ;
from : oKwkYwz_FtGom2eSyG1qwUGFxNiA ;
to : gh_6536061e4435 ;
time : 1490865064 ;
type : event ;

2017-03-30 17:11:04 params :
------------
Array:
rule : -2 ;
module :  ;
message : Array ;

2017-03-30 17:11:04 response :
------------

2017-03-30 17:11:21 trace :
------------
Array:
tousername : gh_6536061e4435 ;
fromusername : oKwkYw9A27iCE2wbx5IXncAJ21Sw ;
createtime : 1490865081 ;
msgtype : event ;
event : VIEW ;
eventkey : http://kh39.61why.com/app/index.php?i=2&c=entry&eid=194 ;
menuid : 410600728 ;
from : oKwkYw9A27iCE2wbx5IXncAJ21Sw ;
to : gh_6536061e4435 ;
time : 1490865081 ;
type : event ;

2017-03-30 17:11:21 params :
------------
Array:
rule : -2 ;
module :  ;
message : Array ;

2017-03-30 17:11:21 response :
------------

2017-03-30 17:12:19 trace :
------------
Array:
tousername : gh_6536061e4435 ;
fromusername : oKwkYwz175I9MLDI9fncvktaxEu8 ;
createtime : 1490865139 ;
msgtype : event ;
event : VIEW ;
eventkey : http://kh39.61why.com/app/index.php?i=2&c=entry&eid=198 ;
menuid : 410600728 ;
from : oKwkYwz175I9MLDI9fncvktaxEu8 ;
to : gh_6536061e4435 ;
time : 1490865139 ;
type : event ;

2017-03-30 17:12:19 params :
------------
Array:
rule : -2 ;
module :  ;
message : Array ;

2017-03-30 17:12:19 response :
------------

2017-03-30 17:12:32 trace :
------------
Array:
tousername : gh_6536061e4435 ;
fromusername : oKwkYw-Mhk63_Z5csr6ny2U1Tjjk ;
createtime : 1490865152 ;
msgtype : event ;
event : VIEW ;
eventkey : http://kh39.61why.com/app/index.php?i=2&c=entry&eid=198 ;
menuid : 410600728 ;
from : oKwkYw-Mhk63_Z5csr6ny2U1Tjjk ;
to : gh_6536061e4435 ;
time : 1490865152 ;
type : event ;

2017-03-30 17:12:32 params :
------------
Array:
rule : -2 ;
module :  ;
message : Array ;

2017-03-30 17:12:32 response :
------------

2017-03-30 17:13:37 trace :
------------
Array:
tousername : gh_6536061e4435 ;
fromusername : oKwkYwz175I9MLDI9fncvktaxEu8 ;
createtime : 1490865217 ;
msgtype : event ;
event : VIEW ;
eventkey : http://kh39.61why.com/app/index.php?i=2&c=entry&eid=198 ;
menuid : 410600728 ;
from : oKwkYwz175I9MLDI9fncvktaxEu8 ;
to : gh_6536061e4435 ;
time : 1490865217 ;
type : event ;

2017-03-30 17:13:37 params :
------------
Array:
rule : -2 ;
module :  ;
message : Array ;

2017-03-30 17:13:37 response :
------------

2017-03-30 17:13:48 trace :
------------
Array:
tousername : gh_6536061e4435 ;
fromusername : oKwkYw9A27iCE2wbx5IXncAJ21Sw ;
createtime : 1490865228 ;
msgtype : event ;
event : VIEW ;
eventkey : http://kh39.61why.com/app/index.php?i=2&c=entry&eid=194 ;
menuid : 410600728 ;
from : oKwkYw9A27iCE2wbx5IXncAJ21Sw ;
to : gh_6536061e4435 ;
time : 1490865228 ;
type : event ;

2017-03-30 17:13:48 params :
------------
Array:
rule : -2 ;
module :  ;
message : Array ;

2017-03-30 17:13:48 response :
------------

2017-03-30 17:14:51 trace :
------------
Array:
tousername : gh_6536061e4435 ;
fromusername : oKwkYw9A27iCE2wbx5IXncAJ21Sw ;
createtime : 1490865291 ;
msgtype : event ;
event : VIEW ;
eventkey : http://kh39.61why.com/app/index.php?i=2&c=entry&eid=198 ;
menuid : 410600728 ;
from : oKwkYw9A27iCE2wbx5IXncAJ21Sw ;
to : gh_6536061e4435 ;
time : 1490865291 ;
type : event ;

2017-03-30 17:14:51 params :
------------
Array:
rule : -2 ;
module :  ;
message : Array ;

2017-03-30 17:14:51 response :
------------

2017-03-30 17:14:51 trace :
------------
Array:
tousername : gh_6536061e4435 ;
fromusername : oKwkYw5Hv5-mrEGrZ572fv2JrB_s ;
createtime : 1490865291 ;
msgtype : event ;
event : VIEW ;
eventkey : http://kh39.61why.com/app/index.php?i=2&c=entry&eid=198 ;
menuid : 410600728 ;
from : oKwkYw5Hv5-mrEGrZ572fv2JrB_s ;
to : gh_6536061e4435 ;
time : 1490865291 ;
type : event ;

2017-03-30 17:14:51 params :
------------
Array:
rule : -2 ;
module :  ;
message : Array ;

2017-03-30 17:14:51 response :
------------

2017-03-30 17:14:53 trace :
------------
Array:
tousername : gh_6536061e4435 ;
fromusername : oKwkYw9A27iCE2wbx5IXncAJ21Sw ;
createtime : 1490865293 ;
msgtype : event ;
event : VIEW ;
eventkey : http://kh39.61why.com/app/index.php?i=2&c=entry&eid=194 ;
menuid : 410600728 ;
from : oKwkYw9A27iCE2wbx5IXncAJ21Sw ;
to : gh_6536061e4435 ;
time : 1490865293 ;
type : event ;

2017-03-30 17:14:53 params :
------------
Array:
rule : -2 ;
module :  ;
message : Array ;

2017-03-30 17:14:53 response :
------------

2017-03-30 17:15:06 trace :
------------
Array:
tousername : gh_6536061e4435 ;
fromusername : oKwkYwz175I9MLDI9fncvktaxEu8 ;
createtime : 1490865306 ;
msgtype : event ;
event : VIEW ;
eventkey : http://kh39.61why.com/app/index.php?i=2&c=entry&eid=198 ;
menuid : 410600728 ;
from : oKwkYwz175I9MLDI9fncvktaxEu8 ;
to : gh_6536061e4435 ;
time : 1490865306 ;
type : event ;

2017-03-30 17:15:06 params :
------------
Array:
rule : -2 ;
module :  ;
message : Array ;

2017-03-30 17:15:06 response :
------------

2017-03-30 17:16:02 trace :
------------
Array:
tousername : gh_6536061e4435 ;
fromusername : oKwkYw9A27iCE2wbx5IXncAJ21Sw ;
createtime : 1490865362 ;
msgtype : event ;
event : VIEW ;
eventkey : http://kh39.61why.com/app/index.php?i=2&c=entry&eid=198 ;
menuid : 410600728 ;
from : oKwkYw9A27iCE2wbx5IXncAJ21Sw ;
to : gh_6536061e4435 ;
time : 1490865362 ;
type : event ;

2017-03-30 17:16:02 params :
------------
Array:
rule : -2 ;
module :  ;
message : Array ;

2017-03-30 17:16:02 response :
------------

2017-03-30 17:16:50 trace :
------------
Array:
tousername : gh_6536061e4435 ;
fromusername : oKwkYw9A27iCE2wbx5IXncAJ21Sw ;
createtime : 1490865410 ;
msgtype : event ;
event : VIEW ;
eventkey : http://kh39.61why.com/app/index.php?i=2&c=entry&eid=198 ;
menuid : 410600728 ;
from : oKwkYw9A27iCE2wbx5IXncAJ21Sw ;
to : gh_6536061e4435 ;
time : 1490865410 ;
type : event ;

2017-03-30 17:16:50 params :
------------
Array:
rule : -2 ;
module :  ;
message : Array ;

2017-03-30 17:16:50 response :
------------

2017-03-30 17:18:22 trace :
------------
Array:
tousername : gh_6536061e4435 ;
fromusername : oKwkYw9A27iCE2wbx5IXncAJ21Sw ;
createtime : 1490865502 ;
msgtype : event ;
event : VIEW ;
eventkey : http://kh39.61why.com/app/index.php?i=2&c=entry&eid=198 ;
menuid : 410600728 ;
from : oKwkYw9A27iCE2wbx5IXncAJ21Sw ;
to : gh_6536061e4435 ;
time : 1490865502 ;
type : event ;

2017-03-30 17:18:22 params :
------------
Array:
rule : -2 ;
module :  ;
message : Array ;

2017-03-30 17:18:22 response :
------------

2017-03-30 17:20:12 trace :
------------
Array:
tousername : gh_6536061e4435 ;
fromusername : oKwkYw7UVKNHg19MzY9HddqyJMKU ;
createtime : 1490865612 ;
msgtype : event ;
event : CLICK ;
eventkey : 二维码 ;
from : oKwkYw7UVKNHg19MzY9HddqyJMKU ;
to : gh_6536061e4435 ;
time : 1490865612 ;
type : event ;

2017-03-30 17:20:44 trace :
------------
Array:
tousername : gh_6536061e4435 ;
fromusername : oKwkYw_SJV63Tp9oNraML7bv3f8k ;
createtime : 1490865644 ;
msgtype : event ;
event : subscribe ;
eventkey : qrscene_3b38436bcb8ff1c532b5b224ac74e381 ;
ticket : gQHn8TwAAAAAAAAAAS5odHRwOi8vd2VpeGluLnFxLmNvbS9xLzAyUTFfQzBhSDljbzMxMDAwMDAwN2IAAgQb1dVYAwQAAAAA ;
from : oKwkYw_SJV63Tp9oNraML7bv3f8k ;
to : gh_6536061e4435 ;
time : 1490865644 ;
type : subscribe ;
scene : 3b38436bcb8ff1c532b5b224ac74e381 ;

2017-03-30 17:20:49 trace :
------------
Array:
tousername : gh_6536061e4435 ;
fromusername : oKwkYw_SJV63Tp9oNraML7bv3f8k ;
createtime : 1490865649 ;
msgtype : event ;
event : VIEW ;
eventkey : http://kh39.61why.com/app/index.php?i=2&c=entry&eid=194 ;
menuid : 410600728 ;
from : oKwkYw_SJV63Tp9oNraML7bv3f8k ;
to : gh_6536061e4435 ;
time : 1490865649 ;
type : event ;

2017-03-30 17:20:49 params :
------------
Array:
rule : -2 ;
module :  ;
message : Array ;

2017-03-30 17:20:49 response :
------------

2017-03-30 17:21:13 trace :
------------
Array:
tousername : gh_6536061e4435 ;
fromusername : oKwkYw_SJV63Tp9oNraML7bv3f8k ;
createtime : 1490865673 ;
msgtype : event ;
event : VIEW ;
eventkey : http://kh39.61why.com/app/index.php?i=2&c=entry&eid=194 ;
menuid : 410600728 ;
from : oKwkYw_SJV63Tp9oNraML7bv3f8k ;
to : gh_6536061e4435 ;
time : 1490865673 ;
type : event ;

2017-03-30 17:21:13 params :
------------
Array:
rule : -2 ;
module :  ;
message : Array ;

2017-03-30 17:21:13 response :
------------

2017-03-30 17:21:22 trace :
------------
Array:
tousername : gh_6536061e4435 ;
fromusername : oKwkYw_SJV63Tp9oNraML7bv3f8k ;
createtime : 1490865681 ;
msgtype : event ;
event : VIEW ;
eventkey : http://kh39.61why.com/app/index.php?i=2&c=entry&eid=194 ;
menuid : 410600728 ;
from : oKwkYw_SJV63Tp9oNraML7bv3f8k ;
to : gh_6536061e4435 ;
time : 1490865681 ;
type : event ;

2017-03-30 17:21:22 params :
------------
Array:
rule : -2 ;
module :  ;
message : Array ;

2017-03-30 17:21:22 response :
------------

2017-03-30 17:22:07 trace :
------------
Array:
tousername : gh_6536061e4435 ;
fromusername : oKwkYw_SJV63Tp9oNraML7bv3f8k ;
createtime : 1490865727 ;
msgtype : event ;
event : VIEW ;
eventkey : http://kh39.61why.com/app/index.php?i=2&c=entry&eid=194 ;
menuid : 410600728 ;
from : oKwkYw_SJV63Tp9oNraML7bv3f8k ;
to : gh_6536061e4435 ;
time : 1490865727 ;
type : event ;

2017-03-30 17:22:07 params :
------------
Array:
rule : -2 ;
module :  ;
message : Array ;

2017-03-30 17:22:07 response :
------------

2017-03-30 17:22:38 trace :
------------
Array:
tousername : gh_6536061e4435 ;
fromusername : oKwkYw_SJV63Tp9oNraML7bv3f8k ;
createtime : 1490865757 ;
msgtype : event ;
event : VIEW ;
eventkey : http://kh39.61why.com/app/index.php?i=2&c=entry&eid=194 ;
menuid : 410600728 ;
from : oKwkYw_SJV63Tp9oNraML7bv3f8k ;
to : gh_6536061e4435 ;
time : 1490865757 ;
type : event ;

2017-03-30 17:22:38 params :
------------
Array:
rule : -2 ;
module :  ;
message : Array ;

2017-03-30 17:22:38 response :
------------

2017-03-30 17:22:59 trace :
------------
Array:
tousername : gh_6536061e4435 ;
fromusername : oKwkYw5c-4RriDuXnzX1uaaTHlYo ;
createtime : 1490865779 ;
msgtype : event ;
event : VIEW ;
eventkey : http://kh39.61why.com/app/index.php?i=2&c=entry&eid=194 ;
menuid : 410600728 ;
from : oKwkYw5c-4RriDuXnzX1uaaTHlYo ;
to : gh_6536061e4435 ;
time : 1490865779 ;
type : event ;

2017-03-30 17:22:59 params :
------------
Array:
rule : -2 ;
module :  ;
message : Array ;

2017-03-30 17:22:59 response :
------------

2017-03-30 17:33:35 trace :
------------
Array:
tousername : gh_6536061e4435 ;
fromusername : oKwkYw_9YUO2R6_g49xq01inGKao ;
createtime : 1490866415 ;
msgtype : event ;
event : VIEW ;
eventkey : http://kh39.61why.com/app/index.php?i=2&c=entry&eid=194 ;
menuid : 410600728 ;
from : oKwkYw_9YUO2R6_g49xq01inGKao ;
to : gh_6536061e4435 ;
time : 1490866415 ;
type : event ;

2017-03-30 17:33:35 params :
------------
Array:
rule : -2 ;
module :  ;
message : Array ;

2017-03-30 17:33:35 response :
------------

2017-03-30 17:48:09 trace :
------------
Array:
tousername : gh_6536061e4435 ;
fromusername : oKwkYw3TXBn0c2AvD2CmaXLOL-Ws ;
createtime : 1490867289 ;
msgtype : event ;
event : VIEW ;
eventkey : http://kh39.61why.com/app/index.php?i=2&c=entry&eid=194 ;
menuid : 410600728 ;
from : oKwkYw3TXBn0c2AvD2CmaXLOL-Ws ;
to : gh_6536061e4435 ;
time : 1490867289 ;
type : event ;

2017-03-30 17:48:09 params :
------------
Array:
rule : -2 ;
module :  ;
message : Array ;

2017-03-30 17:48:09 response :
------------

2017-03-30 18:36:08 trace :
------------
Array:
tousername : gh_6536061e4435 ;
fromusername : oKwkYwwGYxsxiD_YuZwsLkj42MY8 ;
createtime : 1490870168 ;
msgtype : event ;
event : VIEW ;
eventkey : http://kh39.61why.com/app/index.php?i=2&c=entry&eid=194 ;
menuid : 410600728 ;
from : oKwkYwwGYxsxiD_YuZwsLkj42MY8 ;
to : gh_6536061e4435 ;
time : 1490870168 ;
type : event ;

2017-03-30 18:36:08 params :
------------
Array:
rule : -2 ;
module :  ;
message : Array ;

2017-03-30 18:36:08 response :
------------

2017-03-30 18:42:09 trace :
------------
Array:
tousername : gh_6536061e4435 ;
fromusername : oKwkYw5hiet9aIoMvpfdt0UcJyzc ;
createtime : 1490870529 ;
msgtype : event ;
event : VIEW ;
eventkey : http://kh39.61why.com/app/index.php?i=2&c=entry&eid=198 ;
menuid : 410600728 ;
from : oKwkYw5hiet9aIoMvpfdt0UcJyzc ;
to : gh_6536061e4435 ;
time : 1490870529 ;
type : event ;

2017-03-30 18:42:09 params :
------------
Array:
rule : -2 ;
module :  ;
message : Array ;

2017-03-30 18:42:09 response :
------------

2017-03-30 19:15:32 trace :
------------
Array:
tousername : gh_6536061e4435 ;
fromusername : oKwkYw5hiet9aIoMvpfdt0UcJyzc ;
createtime : 1490872532 ;
msgtype : event ;
event : VIEW ;
eventkey : http://kh39.61why.com/app/index.php?i=2&c=entry&eid=198 ;
menuid : 410600728 ;
from : oKwkYw5hiet9aIoMvpfdt0UcJyzc ;
to : gh_6536061e4435 ;
time : 1490872532 ;
type : event ;

2017-03-30 19:15:32 params :
------------
Array:
rule : -2 ;
module :  ;
message : Array ;

2017-03-30 19:15:32 response :
------------

2017-03-30 19:27:44 trace :
------------
Array:
tousername : gh_6536061e4435 ;
fromusername : oKwkYwz_FtGom2eSyG1qwUGFxNiA ;
createtime : 1490873264 ;
msgtype : event ;
event : VIEW ;
eventkey : http://kh39.61why.com/app/index.php?i=2&c=entry&eid=198 ;
menuid : 410600728 ;
from : oKwkYwz_FtGom2eSyG1qwUGFxNiA ;
to : gh_6536061e4435 ;
time : 1490873264 ;
type : event ;

2017-03-30 19:27:44 params :
------------
Array:
rule : -2 ;
module :  ;
message : Array ;

2017-03-30 19:27:44 response :
------------

2017-03-30 19:34:32 trace :
------------
Array:
tousername : gh_6536061e4435 ;
fromusername : oKwkYw03W1Pov3xT2Hvnj_ODN-Ug ;
createtime : 1490873672 ;
msgtype : event ;
event : VIEW ;
eventkey : http://kh39.61why.com/app/index.php?i=2&c=entry&eid=198 ;
menuid : 410600728 ;
from : oKwkYw03W1Pov3xT2Hvnj_ODN-Ug ;
to : gh_6536061e4435 ;
time : 1490873672 ;
type : event ;

2017-03-30 19:34:32 params :
------------
Array:
rule : -2 ;
module :  ;
message : Array ;

2017-03-30 19:34:32 response :
------------

2017-03-30 19:34:48 trace :
------------
Array:
tousername : gh_6536061e4435 ;
fromusername : oKwkYw03W1Pov3xT2Hvnj_ODN-Ug ;
createtime : 1490873688 ;
msgtype : event ;
event : VIEW ;
eventkey : http://kh39.61why.com/app/index.php?i=2&c=entry&eid=194 ;
menuid : 410600728 ;
from : oKwkYw03W1Pov3xT2Hvnj_ODN-Ug ;
to : gh_6536061e4435 ;
time : 1490873688 ;
type : event ;

2017-03-30 19:34:48 params :
------------
Array:
rule : -2 ;
module :  ;
message : Array ;

2017-03-30 19:34:48 response :
------------

2017-03-30 19:57:20 trace :
------------
Array:
tousername : gh_6536061e4435 ;
fromusername : oKwkYw0b_nY3vy2dlsZiutChx2qg ;
createtime : 1490875040 ;
msgtype : event ;
event : VIEW ;
eventkey : http://kh39.61why.com/app/index.php?i=2&c=entry&eid=194 ;
menuid : 410600728 ;
from : oKwkYw0b_nY3vy2dlsZiutChx2qg ;
to : gh_6536061e4435 ;
time : 1490875040 ;
type : event ;

2017-03-30 19:57:20 params :
------------
Array:
rule : -2 ;
module :  ;
message : Array ;

2017-03-30 19:57:20 response :
------------

2017-03-30 20:36:38 trace :
------------
Array:
tousername : gh_6536061e4435 ;
fromusername : oKwkYw_J9RB_cOVK9fQ1pD5O99Eo ;
createtime : 1490877398 ;
msgtype : event ;
event : VIEW ;
eventkey : http://kh39.61why.com/app/index.php?i=2&c=entry&eid=198 ;
menuid : 410600728 ;
from : oKwkYw_J9RB_cOVK9fQ1pD5O99Eo ;
to : gh_6536061e4435 ;
time : 1490877398 ;
type : event ;

2017-03-30 20:36:38 params :
------------
Array:
rule : -2 ;
module :  ;
message : Array ;

2017-03-30 20:36:38 response :
------------

2017-03-30 20:39:08 trace :
------------
Array:
tousername : gh_6536061e4435 ;
fromusername : oKwkYwwA2Kwc4td7-MVJo3jvIiPM ;
createtime : 1490877548 ;
msgtype : event ;
event : VIEW ;
eventkey : http://kh39.61why.com/app/index.php?i=2&c=entry&eid=194 ;
menuid : 410600728 ;
from : oKwkYwwA2Kwc4td7-MVJo3jvIiPM ;
to : gh_6536061e4435 ;
time : 1490877548 ;
type : event ;

2017-03-30 20:39:08 params :
------------
Array:
rule : -2 ;
module :  ;
message : Array ;

2017-03-30 20:39:08 response :
------------

2017-03-30 20:40:57 trace :
------------
Array:
tousername : gh_6536061e4435 ;
fromusername : oKwkYw2pgarAU3eZ_UtCaHJkI190 ;
createtime : 1490877657 ;
msgtype : event ;
event : VIEW ;
eventkey : http://kh39.61why.com/app/index.php?i=2&c=entry&eid=194 ;
menuid : 410600728 ;
from : oKwkYw2pgarAU3eZ_UtCaHJkI190 ;
to : gh_6536061e4435 ;
time : 1490877657 ;
type : event ;

2017-03-30 20:40:57 params :
------------
Array:
rule : -2 ;
module :  ;
message : Array ;

2017-03-30 20:40:57 response :
------------

2017-03-30 20:41:12 trace :
------------
Array:
tousername : gh_6536061e4435 ;
fromusername : oKwkYw2pgarAU3eZ_UtCaHJkI190 ;
createtime : 1490877671 ;
msgtype : event ;
event : CLICK ;
eventkey : 二维码 ;
from : oKwkYw2pgarAU3eZ_UtCaHJkI190 ;
to : gh_6536061e4435 ;
time : 1490877671 ;
type : event ;

2017-03-30 20:41:13 trace :
------------
Array:
tousername : gh_6536061e4435 ;
fromusername : oKwkYw2pgarAU3eZ_UtCaHJkI190 ;
createtime : 1490877673 ;
msgtype : event ;
event : VIEW ;
eventkey : http://kh39.61why.com/app/index.php?i=2&c=entry&eid=198 ;
menuid : 410600728 ;
from : oKwkYw2pgarAU3eZ_UtCaHJkI190 ;
to : gh_6536061e4435 ;
time : 1490877673 ;
type : event ;

2017-03-30 20:41:13 params :
------------
Array:
rule : -2 ;
module :  ;
message : Array ;

2017-03-30 20:41:13 response :
------------

2017-03-30 20:46:17 trace :
------------
Array:
tousername : gh_6536061e4435 ;
fromusername : oKwkYw5hiet9aIoMvpfdt0UcJyzc ;
createtime : 1490877977 ;
msgtype : event ;
event : VIEW ;
eventkey : http://kh39.61why.com/app/index.php?i=2&c=entry&eid=198 ;
menuid : 410600728 ;
from : oKwkYw5hiet9aIoMvpfdt0UcJyzc ;
to : gh_6536061e4435 ;
time : 1490877977 ;
type : event ;

2017-03-30 20:46:17 params :
------------
Array:
rule : -2 ;
module :  ;
message : Array ;

2017-03-30 20:46:17 response :
------------

2017-03-30 20:49:06 trace :
------------
Array:
tousername : gh_6536061e4435 ;
fromusername : oKwkYw5hiet9aIoMvpfdt0UcJyzc ;
createtime : 1490878146 ;
msgtype : event ;
event : VIEW ;
eventkey : http://kh39.61why.com/app/index.php?i=2&c=entry&eid=194 ;
menuid : 410600728 ;
from : oKwkYw5hiet9aIoMvpfdt0UcJyzc ;
to : gh_6536061e4435 ;
time : 1490878146 ;
type : event ;

2017-03-30 20:49:06 params :
------------
Array:
rule : -2 ;
module :  ;
message : Array ;

2017-03-30 20:49:06 response :
------------

2017-03-30 21:01:03 trace :
------------
Array:
tousername : gh_6536061e4435 ;
fromusername : oKwkYw4pBByXgIZn3AIOofyFsRd8 ;
createtime : 1490878862 ;
msgtype : event ;
event : SCAN ;
eventkey : 25e80a82210e13a931a20cc3adf9f337 ;
ticket : gQHL8DwAAAAAAAAAAS5odHRwOi8vd2VpeGluLnFxLmNvbS9xLzAyUHBwYTFxSDljbzMxMDAwME0wNzIAAgSpX25YAwQAAAAA ;
from : oKwkYw4pBByXgIZn3AIOofyFsRd8 ;
to : gh_6536061e4435 ;
time : 1490878862 ;
type : subscribe ;
scene : 25e80a82210e13a931a20cc3adf9f337 ;

2017-03-30 21:01:06 trace :
------------
Array:
tousername : gh_6536061e4435 ;
fromusername : oKwkYw4pBByXgIZn3AIOofyFsRd8 ;
createtime : 1490878866 ;
msgtype : event ;
event : VIEW ;
eventkey : http://kh39.61why.com/app/index.php?i=2&c=entry&eid=194 ;
menuid : 410600728 ;
from : oKwkYw4pBByXgIZn3AIOofyFsRd8 ;
to : gh_6536061e4435 ;
time : 1490878866 ;
type : event ;

2017-03-30 21:01:06 params :
------------
Array:
rule : -2 ;
module :  ;
message : Array ;

2017-03-30 21:01:06 response :
------------

2017-03-30 21:02:55 trace :
------------
Array:
tousername : gh_6536061e4435 ;
fromusername : oKwkYw4pBByXgIZn3AIOofyFsRd8 ;
createtime : 1490878975 ;
msgtype : event ;
event : VIEW ;
eventkey : http://kh39.61why.com/app/index.php?i=2&c=entry&eid=198 ;
menuid : 410600728 ;
from : oKwkYw4pBByXgIZn3AIOofyFsRd8 ;
to : gh_6536061e4435 ;
time : 1490878975 ;
type : event ;

2017-03-30 21:02:55 params :
------------
Array:
rule : -2 ;
module :  ;
message : Array ;

2017-03-30 21:02:55 response :
------------

2017-03-30 21:27:23 trace :
------------
Array:
tousername : gh_6536061e4435 ;
fromusername : oKwkYw_J9RB_cOVK9fQ1pD5O99Eo ;
createtime : 1490880442 ;
msgtype : event ;
event : VIEW ;
eventkey : http://kh39.61why.com/app/index.php?i=2&c=entry&eid=198 ;
menuid : 410600728 ;
from : oKwkYw_J9RB_cOVK9fQ1pD5O99Eo ;
to : gh_6536061e4435 ;
time : 1490880442 ;
type : event ;

2017-03-30 21:27:23 params :
------------
Array:
rule : -2 ;
module :  ;
message : Array ;

2017-03-30 21:27:23 response :
------------

2017-03-30 21:41:08 trace :
------------
Array:
tousername : gh_6536061e4435 ;
fromusername : oKwkYw9A27iCE2wbx5IXncAJ21Sw ;
createtime : 1490881268 ;
msgtype : event ;
event : VIEW ;
eventkey : http://kh39.61why.com/app/index.php?i=2&c=entry&eid=198 ;
menuid : 410600728 ;
from : oKwkYw9A27iCE2wbx5IXncAJ21Sw ;
to : gh_6536061e4435 ;
time : 1490881268 ;
type : event ;

2017-03-30 21:41:08 params :
------------
Array:
rule : -2 ;
module :  ;
message : Array ;

2017-03-30 21:41:08 response :
------------

2017-03-30 21:41:39 trace :
------------
Array:
tousername : gh_6536061e4435 ;
fromusername : oKwkYw9A27iCE2wbx5IXncAJ21Sw ;
createtime : 1490881299 ;
msgtype : event ;
event : VIEW ;
eventkey : http://kh39.61why.com/app/index.php?i=2&c=entry&eid=198 ;
menuid : 410600728 ;
from : oKwkYw9A27iCE2wbx5IXncAJ21Sw ;
to : gh_6536061e4435 ;
time : 1490881299 ;
type : event ;

2017-03-30 21:41:39 params :
------------
Array:
rule : -2 ;
module :  ;
message : Array ;

2017-03-30 21:41:39 response :
------------

2017-03-30 21:41:40 trace :
------------
Array:
tousername : gh_6536061e4435 ;
fromusername : oKwkYwz_FtGom2eSyG1qwUGFxNiA ;
createtime : 1490881300 ;
msgtype : event ;
event : VIEW ;
eventkey : http://kh39.61why.com/app/index.php?i=2&c=entry&eid=198 ;
menuid : 410600728 ;
from : oKwkYwz_FtGom2eSyG1qwUGFxNiA ;
to : gh_6536061e4435 ;
time : 1490881300 ;
type : event ;

2017-03-30 21:41:40 params :
------------
Array:
rule : -2 ;
module :  ;
message : Array ;

2017-03-30 21:41:40 response :
------------

2017-03-30 21:44:31 trace :
------------
Array:
tousername : gh_6536061e4435 ;
fromusername : oKwkYw9A27iCE2wbx5IXncAJ21Sw ;
createtime : 1490881471 ;
msgtype : event ;
event : VIEW ;
eventkey : http://kh39.61why.com/app/index.php?i=2&c=entry&eid=198 ;
menuid : 410600728 ;
from : oKwkYw9A27iCE2wbx5IXncAJ21Sw ;
to : gh_6536061e4435 ;
time : 1490881471 ;
type : event ;

2017-03-30 21:44:31 params :
------------
Array:
rule : -2 ;
module :  ;
message : Array ;

2017-03-30 21:44:31 response :
------------

2017-03-30 22:06:19 trace :
------------
Array:
tousername : gh_6536061e4435 ;
fromusername : oKwkYw5hiet9aIoMvpfdt0UcJyzc ;
createtime : 1490882779 ;
msgtype : event ;
event : VIEW ;
eventkey : http://kh39.61why.com/app/index.php?i=2&c=entry&eid=198 ;
menuid : 410600728 ;
from : oKwkYw5hiet9aIoMvpfdt0UcJyzc ;
to : gh_6536061e4435 ;
time : 1490882779 ;
type : event ;

2017-03-30 22:06:19 params :
------------
Array:
rule : -2 ;
module :  ;
message : Array ;

2017-03-30 22:06:20 response :
------------

2017-03-30 22:07:49 trace :
------------
Array:
tousername : gh_6536061e4435 ;
fromusername : oKwkYwxdGazpUQLKnjr_HrnPicQo ;
createtime : 1490882869 ;
msgtype : event ;
event : VIEW ;
eventkey : http://kh39.61why.com/app/index.php?i=2&c=entry&eid=198 ;
menuid : 410600728 ;
from : oKwkYwxdGazpUQLKnjr_HrnPicQo ;
to : gh_6536061e4435 ;
time : 1490882869 ;
type : event ;

2017-03-30 22:07:49 params :
------------
Array:
rule : -2 ;
module :  ;
message : Array ;

2017-03-30 22:07:49 response :
------------

2017-03-30 22:07:50 trace :
------------
Array:
tousername : gh_6536061e4435 ;
fromusername : oKwkYwxdGazpUQLKnjr_HrnPicQo ;
createtime : 1490882870 ;
msgtype : event ;
event : VIEW ;
eventkey : http://kh39.61why.com/app/index.php?i=2&c=entry&eid=198 ;
menuid : 410600728 ;
from : oKwkYwxdGazpUQLKnjr_HrnPicQo ;
to : gh_6536061e4435 ;
time : 1490882870 ;
type : event ;

2017-03-30 22:07:50 params :
------------
Array:
rule : -2 ;
module :  ;
message : Array ;

2017-03-30 22:07:50 response :
------------

2017-03-30 22:24:51 trace :
------------
Array:
tousername : gh_6536061e4435 ;
fromusername : oKwkYwxdGazpUQLKnjr_HrnPicQo ;
createtime : 1490883890 ;
msgtype : event ;
event : VIEW ;
eventkey : http://kh39.61why.com/app/index.php?i=2&c=entry&eid=198 ;
menuid : 410600728 ;
from : oKwkYwxdGazpUQLKnjr_HrnPicQo ;
to : gh_6536061e4435 ;
time : 1490883890 ;
type : event ;

2017-03-30 22:24:51 params :
------------
Array:
rule : -2 ;
module :  ;
message : Array ;

2017-03-30 22:24:51 response :
------------

2017-03-30 22:24:52 trace :
------------
Array:
tousername : gh_6536061e4435 ;
fromusername : oKwkYwxdGazpUQLKnjr_HrnPicQo ;
createtime : 1490883892 ;
msgtype : event ;
event : VIEW ;
eventkey : http://kh39.61why.com/app/index.php?i=2&c=entry&eid=198 ;
menuid : 410600728 ;
from : oKwkYwxdGazpUQLKnjr_HrnPicQo ;
to : gh_6536061e4435 ;
time : 1490883892 ;
type : event ;

2017-03-30 22:24:52 params :
------------
Array:
rule : -2 ;
module :  ;
message : Array ;

2017-03-30 22:24:52 response :
------------

2017-03-30 22:43:33 trace :
------------
Array:
tousername : gh_6536061e4435 ;
fromusername : oKwkYw1hdHu_NiSw4Dn_tLeEcWuc ;
createtime : 1490885013 ;
msgtype : event ;
event : VIEW ;
eventkey : http://kh39.61why.com/app/index.php?i=2&c=entry&eid=194 ;
menuid : 410600728 ;
from : oKwkYw1hdHu_NiSw4Dn_tLeEcWuc ;
to : gh_6536061e4435 ;
time : 1490885013 ;
type : event ;

2017-03-30 22:43:33 params :
------------
Array:
rule : -2 ;
module :  ;
message : Array ;

2017-03-30 22:43:33 response :
------------

2017-03-30 22:43:34 trace :
------------
Array:
tousername : gh_6536061e4435 ;
fromusername : oKwkYw5Keflp0_CQs_3nYfCnWBiQ ;
createtime : 1490885014 ;
msgtype : event ;
event : subscribe ;
eventkey : qrscene_21e9a3548a908ff6b3b3ab4ec321b02d ;
ticket : gQFk8jwAAAAAAAAAAS5odHRwOi8vd2VpeGluLnFxLmNvbS9xLzAyQk5iYTEtSDljbzMxMDAwMGcwN0sAAgTooqJYAwQAAAAA ;
from : oKwkYw5Keflp0_CQs_3nYfCnWBiQ ;
to : gh_6536061e4435 ;
time : 1490885014 ;
type : subscribe ;
scene : 21e9a3548a908ff6b3b3ab4ec321b02d ;

2017-03-30 22:50:45 trace :
------------
Array:
tousername : gh_6536061e4435 ;
fromusername : oKwkYw5hiet9aIoMvpfdt0UcJyzc ;
createtime : 1490885445 ;
msgtype : event ;
event : VIEW ;
eventkey : http://kh39.61why.com/app/index.php?i=2&c=entry&eid=198 ;
menuid : 410600728 ;
from : oKwkYw5hiet9aIoMvpfdt0UcJyzc ;
to : gh_6536061e4435 ;
time : 1490885445 ;
type : event ;

2017-03-30 22:50:45 params :
------------
Array:
rule : -2 ;
module :  ;
message : Array ;

2017-03-30 22:50:45 response :
------------

2017-03-30 23:17:45 trace :
------------
Array:
tousername : gh_6536061e4435 ;
fromusername : oKwkYw07OK3MciV6IDhGEI3qJFBU ;
createtime : 1490887065 ;
msgtype : event ;
event : VIEW ;
eventkey : http://kh39.61why.com/app/index.php?i=2&c=entry&eid=198 ;
menuid : 410600728 ;
from : oKwkYw07OK3MciV6IDhGEI3qJFBU ;
to : gh_6536061e4435 ;
time : 1490887065 ;
type : event ;

2017-03-30 23:17:46 params :
------------
Array:
rule : -2 ;
module :  ;
message : Array ;

2017-03-30 23:17:46 response :
------------

