2017-03-19 00:01:15 trace :
------------
Array:
tousername : gh_6536061e4435 ;
fromusername : oKwkYwxdGazpUQLKnjr_HrnPicQo ;
createtime : 1489852875 ;
msgtype : event ;
event : VIEW ;
eventkey : http://kh39.61why.com/app/index.php?i=2&c=entry&eid=198 ;
menuid : 410600728 ;
from : oKwkYwxdGazpUQLKnjr_HrnPicQo ;
to : gh_6536061e4435 ;
time : 1489852875 ;
type : event ;

2017-03-19 00:01:15 params :
------------
Array:
rule : -2 ;
module :  ;
message : Array ;

2017-03-19 00:01:15 response :
------------

2017-03-19 00:01:16 trace :
------------
Array:
tousername : gh_6536061e4435 ;
fromusername : oKwkYwxdGazpUQLKnjr_HrnPicQo ;
createtime : 1489852876 ;
msgtype : event ;
event : VIEW ;
eventkey : http://kh39.61why.com/app/index.php?i=2&c=entry&eid=198 ;
menuid : 410600728 ;
from : oKwkYwxdGazpUQLKnjr_HrnPicQo ;
to : gh_6536061e4435 ;
time : 1489852876 ;
type : event ;

2017-03-19 00:01:16 params :
------------
Array:
rule : -2 ;
module :  ;
message : Array ;

2017-03-19 00:01:16 response :
------------

2017-03-19 00:01:35 trace :
------------
Array:
tousername : gh_6536061e4435 ;
fromusername : oKwkYwxdGazpUQLKnjr_HrnPicQo ;
createtime : 1489852895 ;
msgtype : event ;
event : VIEW ;
eventkey : http://kh39.61why.com/app/index.php?i=2&c=entry&eid=198 ;
menuid : 410600728 ;
from : oKwkYwxdGazpUQLKnjr_HrnPicQo ;
to : gh_6536061e4435 ;
time : 1489852895 ;
type : event ;

2017-03-19 00:01:35 params :
------------
Array:
rule : -2 ;
module :  ;
message : Array ;

2017-03-19 00:01:35 response :
------------

2017-03-19 00:24:41 trace :
------------
Array:
tousername : gh_6536061e4435 ;
fromusername : oKwkYwxdGazpUQLKnjr_HrnPicQo ;
createtime : 1489854281 ;
msgtype : event ;
event : VIEW ;
eventkey : http://kh39.61why.com/app/index.php?i=2&c=entry&eid=198 ;
menuid : 410600728 ;
from : oKwkYwxdGazpUQLKnjr_HrnPicQo ;
to : gh_6536061e4435 ;
time : 1489854281 ;
type : event ;

2017-03-19 00:24:41 params :
------------
Array:
rule : -2 ;
module :  ;
message : Array ;

2017-03-19 00:24:41 response :
------------

2017-03-19 00:25:03 trace :
------------
Array:
tousername : gh_6536061e4435 ;
fromusername : oKwkYwxdGazpUQLKnjr_HrnPicQo ;
createtime : 1489854303 ;
msgtype : event ;
event : VIEW ;
eventkey : http://kh39.61why.com/app/index.php?i=2&c=entry&eid=198 ;
menuid : 410600728 ;
from : oKwkYwxdGazpUQLKnjr_HrnPicQo ;
to : gh_6536061e4435 ;
time : 1489854303 ;
type : event ;

2017-03-19 00:25:03 params :
------------
Array:
rule : -2 ;
module :  ;
message : Array ;

2017-03-19 00:25:03 response :
------------

2017-03-19 00:42:18 trace :
------------
Array:
tousername : gh_6536061e4435 ;
fromusername : oKwkYw5K-9FC5U_jc_X-xu1Qj9qg ;
createtime : 1489855338 ;
msgtype : event ;
event : VIEW ;
eventkey : http://kh39.61why.com/app/index.php?i=2&c=entry&eid=198 ;
menuid : 410600728 ;
from : oKwkYw5K-9FC5U_jc_X-xu1Qj9qg ;
to : gh_6536061e4435 ;
time : 1489855338 ;
type : event ;

2017-03-19 00:42:18 params :
------------
Array:
rule : -2 ;
module :  ;
message : Array ;

2017-03-19 00:42:18 response :
------------

2017-03-19 00:44:22 trace :
------------
Array:
tousername : gh_6536061e4435 ;
fromusername : oKwkYw5K-9FC5U_jc_X-xu1Qj9qg ;
createtime : 1489855462 ;
msgtype : event ;
event : CLICK ;
eventkey : 二维码 ;
from : oKwkYw5K-9FC5U_jc_X-xu1Qj9qg ;
to : gh_6536061e4435 ;
time : 1489855462 ;
type : event ;

2017-03-19 00:44:31 trace :
------------
Array:
tousername : gh_6536061e4435 ;
fromusername : oKwkYw5K-9FC5U_jc_X-xu1Qj9qg ;
createtime : 1489855471 ;
msgtype : event ;
event : VIEW ;
eventkey : http://kh39.61why.com/app/index.php?i=2&c=entry&eid=194 ;
menuid : 410600728 ;
from : oKwkYw5K-9FC5U_jc_X-xu1Qj9qg ;
to : gh_6536061e4435 ;
time : 1489855471 ;
type : event ;

2017-03-19 00:44:32 params :
------------
Array:
rule : -2 ;
module :  ;
message : Array ;

2017-03-19 00:44:32 response :
------------

2017-03-19 02:30:08 trace :
------------
Array:
tousername : gh_6536061e4435 ;
fromusername : oKwkYwy552o7_eUisSRD3QHthqs8 ;
createtime : 1489861808 ;
msgtype : event ;
event : VIEW ;
eventkey : http://kh39.61why.com/app/index.php?i=2&c=entry&eid=198 ;
menuid : 410600728 ;
from : oKwkYwy552o7_eUisSRD3QHthqs8 ;
to : gh_6536061e4435 ;
time : 1489861808 ;
type : event ;

2017-03-19 02:30:08 params :
------------
Array:
rule : -2 ;
module :  ;
message : Array ;

2017-03-19 02:30:08 response :
------------

2017-03-19 03:31:09 trace :
------------
Array:
tousername : gh_6536061e4435 ;
fromusername : oKwkYw9A27iCE2wbx5IXncAJ21Sw ;
createtime : 1489865469 ;
msgtype : event ;
event : VIEW ;
eventkey : http://kh39.61why.com/app/index.php?i=2&c=entry&eid=198 ;
menuid : 410600728 ;
from : oKwkYw9A27iCE2wbx5IXncAJ21Sw ;
to : gh_6536061e4435 ;
time : 1489865469 ;
type : event ;

2017-03-19 03:31:09 params :
------------
Array:
rule : -2 ;
module :  ;
message : Array ;

2017-03-19 03:31:09 response :
------------

2017-03-19 08:36:13 trace :
------------
Array:
tousername : gh_6536061e4435 ;
fromusername : oKwkYwxdGazpUQLKnjr_HrnPicQo ;
createtime : 1489883772 ;
msgtype : event ;
event : VIEW ;
eventkey : http://kh39.61why.com/app/index.php?i=2&c=entry&eid=198 ;
menuid : 410600728 ;
from : oKwkYwxdGazpUQLKnjr_HrnPicQo ;
to : gh_6536061e4435 ;
time : 1489883772 ;
type : event ;

2017-03-19 08:36:13 params :
------------
Array:
rule : -2 ;
module :  ;
message : Array ;

2017-03-19 08:36:13 response :
------------

2017-03-19 08:36:59 trace :
------------
Array:
tousername : gh_6536061e4435 ;
fromusername : oKwkYwxdGazpUQLKnjr_HrnPicQo ;
createtime : 1489883819 ;
msgtype : event ;
event : VIEW ;
eventkey : http://kh39.61why.com/app/index.php?i=2&c=entry&eid=198 ;
menuid : 410600728 ;
from : oKwkYwxdGazpUQLKnjr_HrnPicQo ;
to : gh_6536061e4435 ;
time : 1489883819 ;
type : event ;

2017-03-19 08:36:59 params :
------------
Array:
rule : -2 ;
module :  ;
message : Array ;

2017-03-19 08:36:59 response :
------------

2017-03-19 09:17:51 trace :
------------
Array:
tousername : gh_6536061e4435 ;
fromusername : oKwkYw0wycvcARBu3LHWHCxOd3a0 ;
createtime : 1489886271 ;
msgtype : event ;
event : VIEW ;
eventkey : http://kh39.61why.com/app/index.php?i=2&c=entry&eid=194 ;
menuid : 410600728 ;
from : oKwkYw0wycvcARBu3LHWHCxOd3a0 ;
to : gh_6536061e4435 ;
time : 1489886271 ;
type : event ;

2017-03-19 09:17:51 params :
------------
Array:
rule : -2 ;
module :  ;
message : Array ;

2017-03-19 09:17:51 response :
------------

2017-03-19 09:18:07 trace :
------------
Array:
tousername : gh_6536061e4435 ;
fromusername : oKwkYw5S8zWw6zCS6dGdWuuV95fM ;
createtime : 1489886287 ;
msgtype : event ;
event : VIEW ;
eventkey : http://kh39.61why.com/app/index.php?i=2&c=entry&eid=198 ;
menuid : 410600728 ;
from : oKwkYw5S8zWw6zCS6dGdWuuV95fM ;
to : gh_6536061e4435 ;
time : 1489886287 ;
type : event ;

2017-03-19 09:18:07 params :
------------
Array:
rule : -2 ;
module :  ;
message : Array ;

2017-03-19 09:18:07 response :
------------

2017-03-19 09:33:40 trace :
------------
Array:
tousername : gh_6536061e4435 ;
fromusername : oKwkYw54lLZOUZNw0ytK2Shyx4Io ;
createtime : 1489887220 ;
msgtype : event ;
event : subscribe ;
eventkey : qrscene_5bd61231a9c4e379f1aa8eaa274fa12c ;
ticket : gQFY8TwAAAAAAAAAAS5odHRwOi8vd2VpeGluLnFxLmNvbS9xLzAyZG1FbTFBSDljbzMxMDAwMDAwNzEAAgReGs1YAwQAAAAA ;
from : oKwkYw54lLZOUZNw0ytK2Shyx4Io ;
to : gh_6536061e4435 ;
time : 1489887220 ;
type : subscribe ;
scene : 5bd61231a9c4e379f1aa8eaa274fa12c ;

2017-03-19 09:33:44 trace :
------------
Array:
tousername : gh_6536061e4435 ;
fromusername : oKwkYw54lLZOUZNw0ytK2Shyx4Io ;
createtime : 1489887224 ;
msgtype : event ;
event : VIEW ;
eventkey : http://kh39.61why.com/app/index.php?i=2&c=entry&eid=194 ;
menuid : 410600728 ;
from : oKwkYw54lLZOUZNw0ytK2Shyx4Io ;
to : gh_6536061e4435 ;
time : 1489887224 ;
type : event ;

2017-03-19 09:33:44 params :
------------
Array:
rule : -2 ;
module :  ;
message : Array ;

2017-03-19 09:33:44 response :
------------

2017-03-19 09:54:55 trace :
------------
Array:
tousername : gh_6536061e4435 ;
fromusername : oKwkYwxdGazpUQLKnjr_HrnPicQo ;
createtime : 1489888495 ;
msgtype : event ;
event : VIEW ;
eventkey : http://kh39.61why.com/app/index.php?i=2&c=entry&eid=198 ;
menuid : 410600728 ;
from : oKwkYwxdGazpUQLKnjr_HrnPicQo ;
to : gh_6536061e4435 ;
time : 1489888495 ;
type : event ;

2017-03-19 09:54:55 params :
------------
Array:
rule : -2 ;
module :  ;
message : Array ;

2017-03-19 09:54:55 response :
------------

2017-03-19 09:54:57 trace :
------------
Array:
tousername : gh_6536061e4435 ;
fromusername : oKwkYwxdGazpUQLKnjr_HrnPicQo ;
createtime : 1489888497 ;
msgtype : event ;
event : VIEW ;
eventkey : http://kh39.61why.com/app/index.php?i=2&c=entry&eid=198 ;
menuid : 410600728 ;
from : oKwkYwxdGazpUQLKnjr_HrnPicQo ;
to : gh_6536061e4435 ;
time : 1489888497 ;
type : event ;

2017-03-19 09:54:57 params :
------------
Array:
rule : -2 ;
module :  ;
message : Array ;

2017-03-19 09:54:57 response :
------------

2017-03-19 09:59:43 trace :
------------
Array:
tousername : gh_6536061e4435 ;
fromusername : oKwkYw1KQ5ff5BZ0dgvipwLgZRns ;
createtime : 1489888783 ;
msgtype : event ;
event : VIEW ;
eventkey : http://kh39.61why.com/app/index.php?i=2&c=entry&eid=198 ;
menuid : 410600728 ;
from : oKwkYw1KQ5ff5BZ0dgvipwLgZRns ;
to : gh_6536061e4435 ;
time : 1489888783 ;
type : event ;

2017-03-19 09:59:43 params :
------------
Array:
rule : -2 ;
module :  ;
message : Array ;

2017-03-19 09:59:43 response :
------------

2017-03-19 10:05:33 trace :
------------
Array:
tousername : gh_6536061e4435 ;
fromusername : oKwkYwxdGazpUQLKnjr_HrnPicQo ;
createtime : 1489889133 ;
msgtype : event ;
event : VIEW ;
eventkey : http://kh39.61why.com/app/index.php?i=2&c=entry&eid=198 ;
menuid : 410600728 ;
from : oKwkYwxdGazpUQLKnjr_HrnPicQo ;
to : gh_6536061e4435 ;
time : 1489889133 ;
type : event ;

2017-03-19 10:05:33 params :
------------
Array:
rule : -2 ;
module :  ;
message : Array ;

2017-03-19 10:05:33 response :
------------

2017-03-19 10:24:53 trace :
------------
Array:
tousername : gh_6536061e4435 ;
fromusername : oKwkYwxdGazpUQLKnjr_HrnPicQo ;
createtime : 1489890293 ;
msgtype : event ;
event : VIEW ;
eventkey : http://kh39.61why.com/app/index.php?i=2&c=entry&eid=198 ;
menuid : 410600728 ;
from : oKwkYwxdGazpUQLKnjr_HrnPicQo ;
to : gh_6536061e4435 ;
time : 1489890293 ;
type : event ;

2017-03-19 10:24:53 params :
------------
Array:
rule : -2 ;
module :  ;
message : Array ;

2017-03-19 10:24:53 response :
------------

2017-03-19 10:36:48 trace :
------------
Array:
tousername : gh_6536061e4435 ;
fromusername : oKwkYw3l0eGz3H7e62pX1IDFxwCY ;
createtime : 1489891007 ;
msgtype : event ;
event : VIEW ;
eventkey : http://kh39.61why.com/app/index.php?i=2&c=entry&eid=198 ;
menuid : 410600728 ;
from : oKwkYw3l0eGz3H7e62pX1IDFxwCY ;
to : gh_6536061e4435 ;
time : 1489891007 ;
type : event ;

2017-03-19 10:36:48 params :
------------
Array:
rule : -2 ;
module :  ;
message : Array ;

2017-03-19 10:36:48 response :
------------

2017-03-19 10:48:49 trace :
------------
Array:
tousername : gh_6536061e4435 ;
fromusername : oKwkYw9A27iCE2wbx5IXncAJ21Sw ;
createtime : 1489891729 ;
msgtype : event ;
event : VIEW ;
eventkey : http://kh39.61why.com/app/index.php?i=2&c=entry&eid=198 ;
menuid : 410600728 ;
from : oKwkYw9A27iCE2wbx5IXncAJ21Sw ;
to : gh_6536061e4435 ;
time : 1489891729 ;
type : event ;

2017-03-19 10:48:49 params :
------------
Array:
rule : -2 ;
module :  ;
message : Array ;

2017-03-19 10:48:49 response :
------------

2017-03-19 10:48:52 trace :
------------
Array:
tousername : gh_6536061e4435 ;
fromusername : oKwkYw9A27iCE2wbx5IXncAJ21Sw ;
createtime : 1489891732 ;
msgtype : event ;
event : VIEW ;
eventkey : http://kh39.61why.com/app/index.php?i=2&c=entry&eid=198 ;
menuid : 410600728 ;
from : oKwkYw9A27iCE2wbx5IXncAJ21Sw ;
to : gh_6536061e4435 ;
time : 1489891732 ;
type : event ;

2017-03-19 10:48:52 params :
------------
Array:
rule : -2 ;
module :  ;
message : Array ;

2017-03-19 10:48:52 response :
------------

2017-03-19 10:49:13 trace :
------------
Array:
tousername : gh_6536061e4435 ;
fromusername : oKwkYw9A27iCE2wbx5IXncAJ21Sw ;
createtime : 1489891753 ;
msgtype : event ;
event : VIEW ;
eventkey : http://kh39.61why.com/app/index.php?i=2&c=entry&eid=198 ;
menuid : 410600728 ;
from : oKwkYw9A27iCE2wbx5IXncAJ21Sw ;
to : gh_6536061e4435 ;
time : 1489891753 ;
type : event ;

2017-03-19 10:49:13 params :
------------
Array:
rule : -2 ;
module :  ;
message : Array ;

2017-03-19 10:49:13 response :
------------

2017-03-19 10:57:58 trace :
------------
Array:
tousername : gh_6536061e4435 ;
fromusername : oKwkYw9A27iCE2wbx5IXncAJ21Sw ;
createtime : 1489892278 ;
msgtype : event ;
event : VIEW ;
eventkey : http://kh39.61why.com/app/index.php?i=2&c=entry&eid=198 ;
menuid : 410600728 ;
from : oKwkYw9A27iCE2wbx5IXncAJ21Sw ;
to : gh_6536061e4435 ;
time : 1489892278 ;
type : event ;

2017-03-19 10:57:58 params :
------------
Array:
rule : -2 ;
module :  ;
message : Array ;

2017-03-19 10:57:58 response :
------------

2017-03-19 10:59:14 trace :
------------
Array:
tousername : gh_6536061e4435 ;
fromusername : oKwkYw5hiet9aIoMvpfdt0UcJyzc ;
createtime : 1489892354 ;
msgtype : event ;
event : VIEW ;
eventkey : http://kh39.61why.com/app/index.php?i=2&c=entry&eid=198 ;
menuid : 410600728 ;
from : oKwkYw5hiet9aIoMvpfdt0UcJyzc ;
to : gh_6536061e4435 ;
time : 1489892354 ;
type : event ;

2017-03-19 10:59:14 params :
------------
Array:
rule : -2 ;
module :  ;
message : Array ;

2017-03-19 10:59:14 response :
------------

2017-03-19 11:12:58 trace :
------------
Array:
tousername : gh_6536061e4435 ;
fromusername : oKwkYw9A27iCE2wbx5IXncAJ21Sw ;
createtime : 1489893178 ;
msgtype : event ;
event : VIEW ;
eventkey : http://kh39.61why.com/app/index.php?i=2&c=entry&eid=198 ;
menuid : 410600728 ;
from : oKwkYw9A27iCE2wbx5IXncAJ21Sw ;
to : gh_6536061e4435 ;
time : 1489893178 ;
type : event ;

2017-03-19 11:12:58 params :
------------
Array:
rule : -2 ;
module :  ;
message : Array ;

2017-03-19 11:12:58 response :
------------

2017-03-19 11:14:14 trace :
------------
Array:
tousername : gh_6536061e4435 ;
fromusername : oKwkYw9A27iCE2wbx5IXncAJ21Sw ;
createtime : 1489893254 ;
msgtype : event ;
event : VIEW ;
eventkey : http://kh39.61why.com/app/index.php?i=2&c=entry&eid=198 ;
menuid : 410600728 ;
from : oKwkYw9A27iCE2wbx5IXncAJ21Sw ;
to : gh_6536061e4435 ;
time : 1489893254 ;
type : event ;

2017-03-19 11:14:14 params :
------------
Array:
rule : -2 ;
module :  ;
message : Array ;

2017-03-19 11:14:14 response :
------------

2017-03-19 11:41:20 trace :
------------
Array:
tousername : gh_6536061e4435 ;
fromusername : oKwkYw1rxZCFlcyKZcwyQ7RXUcCM ;
createtime : 1489894879 ;
msgtype : event ;
event : VIEW ;
eventkey : http://kh39.61why.com/app/index.php?i=2&c=entry&eid=194 ;
menuid : 410600728 ;
from : oKwkYw1rxZCFlcyKZcwyQ7RXUcCM ;
to : gh_6536061e4435 ;
time : 1489894879 ;
type : event ;

2017-03-19 11:41:20 params :
------------
Array:
rule : -2 ;
module :  ;
message : Array ;

2017-03-19 11:41:20 response :
------------

2017-03-19 11:49:08 trace :
------------
Array:
tousername : gh_6536061e4435 ;
fromusername : oKwkYw_xZ14UQdvrJFuiI5E87n8w ;
createtime : 1489895348 ;
msgtype : event ;
event : VIEW ;
eventkey : http://kh39.61why.com/app/index.php?i=2&c=entry&eid=198 ;
menuid : 410600728 ;
from : oKwkYw_xZ14UQdvrJFuiI5E87n8w ;
to : gh_6536061e4435 ;
time : 1489895348 ;
type : event ;

2017-03-19 11:49:08 params :
------------
Array:
rule : -2 ;
module :  ;
message : Array ;

2017-03-19 11:49:08 response :
------------

2017-03-19 12:15:40 trace :
------------
Array:
tousername : gh_6536061e4435 ;
fromusername : oKwkYw9A27iCE2wbx5IXncAJ21Sw ;
createtime : 1489896940 ;
msgtype : event ;
event : VIEW ;
eventkey : http://kh39.61why.com/app/index.php?i=2&c=entry&eid=198 ;
menuid : 410600728 ;
from : oKwkYw9A27iCE2wbx5IXncAJ21Sw ;
to : gh_6536061e4435 ;
time : 1489896940 ;
type : event ;

2017-03-19 12:15:40 params :
------------
Array:
rule : -2 ;
module :  ;
message : Array ;

2017-03-19 12:15:40 response :
------------

2017-03-19 12:22:43 trace :
------------
Array:
tousername : gh_6536061e4435 ;
fromusername : oKwkYw5hiet9aIoMvpfdt0UcJyzc ;
createtime : 1489897363 ;
msgtype : event ;
event : VIEW ;
eventkey : http://kh39.61why.com/app/index.php?i=2&c=entry&eid=198 ;
menuid : 410600728 ;
from : oKwkYw5hiet9aIoMvpfdt0UcJyzc ;
to : gh_6536061e4435 ;
time : 1489897363 ;
type : event ;

2017-03-19 12:22:43 params :
------------
Array:
rule : -2 ;
module :  ;
message : Array ;

2017-03-19 12:22:43 response :
------------

2017-03-19 12:47:57 trace :
------------
Array:
tousername : gh_6536061e4435 ;
fromusername : oKwkYw_Fxr_G4dbCEalo9jm4IbOI ;
createtime : 1489898876 ;
msgtype : event ;
event : subscribe ;
eventkey : qrscene_5bd61231a9c4e379f1aa8eaa274fa12c ;
ticket : gQFY8TwAAAAAAAAAAS5odHRwOi8vd2VpeGluLnFxLmNvbS9xLzAyZG1FbTFBSDljbzMxMDAwMDAwNzEAAgReGs1YAwQAAAAA ;
from : oKwkYw_Fxr_G4dbCEalo9jm4IbOI ;
to : gh_6536061e4435 ;
time : 1489898876 ;
type : subscribe ;
scene : 5bd61231a9c4e379f1aa8eaa274fa12c ;

2017-03-19 12:50:41 trace :
------------
Array:
tousername : gh_6536061e4435 ;
fromusername : oKwkYw1_T_1LEhWUDjjUmg75Amik ;
createtime : 1489899040 ;
msgtype : event ;
event : subscribe ;
eventkey : qrscene_5bd61231a9c4e379f1aa8eaa274fa12c ;
ticket : gQFY8TwAAAAAAAAAAS5odHRwOi8vd2VpeGluLnFxLmNvbS9xLzAyZG1FbTFBSDljbzMxMDAwMDAwNzEAAgReGs1YAwQAAAAA ;
from : oKwkYw1_T_1LEhWUDjjUmg75Amik ;
to : gh_6536061e4435 ;
time : 1489899040 ;
type : subscribe ;
scene : 5bd61231a9c4e379f1aa8eaa274fa12c ;

2017-03-19 13:33:07 trace :
------------
Array:
tousername : gh_6536061e4435 ;
fromusername : oKwkYw9A27iCE2wbx5IXncAJ21Sw ;
createtime : 1489901587 ;
msgtype : event ;
event : VIEW ;
eventkey : http://kh39.61why.com/app/index.php?i=2&c=entry&eid=198 ;
menuid : 410600728 ;
from : oKwkYw9A27iCE2wbx5IXncAJ21Sw ;
to : gh_6536061e4435 ;
time : 1489901587 ;
type : event ;

2017-03-19 13:33:07 params :
------------
Array:
rule : -2 ;
module :  ;
message : Array ;

2017-03-19 13:33:07 response :
------------

2017-03-19 13:34:49 trace :
------------
Array:
tousername : gh_6536061e4435 ;
fromusername : oKwkYw9A27iCE2wbx5IXncAJ21Sw ;
createtime : 1489901689 ;
msgtype : event ;
event : VIEW ;
eventkey : http://kh39.61why.com/app/index.php?i=2&c=entry&eid=198 ;
menuid : 410600728 ;
from : oKwkYw9A27iCE2wbx5IXncAJ21Sw ;
to : gh_6536061e4435 ;
time : 1489901689 ;
type : event ;

2017-03-19 13:34:49 params :
------------
Array:
rule : -2 ;
module :  ;
message : Array ;

2017-03-19 13:34:49 response :
------------

2017-03-19 13:35:02 trace :
------------
Array:
tousername : gh_6536061e4435 ;
fromusername : oKwkYw9A27iCE2wbx5IXncAJ21Sw ;
createtime : 1489901702 ;
msgtype : event ;
event : VIEW ;
eventkey : http://kh39.61why.com/app/index.php?i=2&c=entry&eid=198 ;
menuid : 410600728 ;
from : oKwkYw9A27iCE2wbx5IXncAJ21Sw ;
to : gh_6536061e4435 ;
time : 1489901702 ;
type : event ;

2017-03-19 13:35:02 params :
------------
Array:
rule : -2 ;
module :  ;
message : Array ;

2017-03-19 13:35:02 response :
------------

2017-03-19 13:39:12 trace :
------------
Array:
tousername : gh_6536061e4435 ;
fromusername : oKwkYwxdGazpUQLKnjr_HrnPicQo ;
createtime : 1489901952 ;
msgtype : event ;
event : VIEW ;
eventkey : http://kh39.61why.com/app/index.php?i=2&c=entry&eid=198 ;
menuid : 410600728 ;
from : oKwkYwxdGazpUQLKnjr_HrnPicQo ;
to : gh_6536061e4435 ;
time : 1489901952 ;
type : event ;

2017-03-19 13:39:12 params :
------------
Array:
rule : -2 ;
module :  ;
message : Array ;

2017-03-19 13:39:12 response :
------------

2017-03-19 14:44:40 trace :
------------
Array:
tousername : gh_6536061e4435 ;
fromusername : oKwkYw5t9XB0Gpmu8i-KQ_Vo4rtg ;
createtime : 1489905879 ;
msgtype : event ;
event : SCAN ;
eventkey : 25e80a82210e13a931a20cc3adf9f337 ;
ticket : gQHL8DwAAAAAAAAAAS5odHRwOi8vd2VpeGluLnFxLmNvbS9xLzAyUHBwYTFxSDljbzMxMDAwME0wNzIAAgSpX25YAwQAAAAA ;
from : oKwkYw5t9XB0Gpmu8i-KQ_Vo4rtg ;
to : gh_6536061e4435 ;
time : 1489905879 ;
type : subscribe ;
scene : 25e80a82210e13a931a20cc3adf9f337 ;

2017-03-19 14:45:09 trace :
------------
Array:
tousername : gh_6536061e4435 ;
fromusername : oKwkYw0fJo5p-Zw3U2VfaQjubxik ;
createtime : 1489905908 ;
msgtype : event ;
event : subscribe ;
eventkey : qrscene_512d29bda477a30e4f7cb841a6d857e1 ;
ticket : gQGP8DwAAAAAAAAAAS5odHRwOi8vd2VpeGluLnFxLmNvbS9xLzAyS2pxZTB2SDljbzMxMDAwMDAwN1MAAgQ_BG5YAwQAAAAA ;
from : oKwkYw0fJo5p-Zw3U2VfaQjubxik ;
to : gh_6536061e4435 ;
time : 1489905908 ;
type : subscribe ;
scene : 512d29bda477a30e4f7cb841a6d857e1 ;

2017-03-19 14:53:28 trace :
------------
Array:
tousername : gh_6536061e4435 ;
fromusername : oKwkYwyEPGV-EmFCxq6uOm0qtEQA ;
createtime : 1489906408 ;
msgtype : event ;
event : subscribe ;
eventkey : qrscene_25e80a82210e13a931a20cc3adf9f337 ;
ticket : gQHL8DwAAAAAAAAAAS5odHRwOi8vd2VpeGluLnFxLmNvbS9xLzAyUHBwYTFxSDljbzMxMDAwME0wNzIAAgSpX25YAwQAAAAA ;
from : oKwkYwyEPGV-EmFCxq6uOm0qtEQA ;
to : gh_6536061e4435 ;
time : 1489906408 ;
type : subscribe ;
scene : 25e80a82210e13a931a20cc3adf9f337 ;

2017-03-19 14:53:31 trace :
------------
Array:
tousername : gh_6536061e4435 ;
fromusername : oKwkYwyEPGV-EmFCxq6uOm0qtEQA ;
createtime : 1489906411 ;
msgtype : event ;
event : VIEW ;
eventkey : http://kh39.61why.com/app/index.php?i=2&c=entry&eid=194 ;
menuid : 410600728 ;
from : oKwkYwyEPGV-EmFCxq6uOm0qtEQA ;
to : gh_6536061e4435 ;
time : 1489906411 ;
type : event ;

2017-03-19 14:53:31 params :
------------
Array:
rule : -2 ;
module :  ;
message : Array ;

2017-03-19 14:53:31 response :
------------

2017-03-19 15:53:50 trace :
------------
Array:
tousername : gh_6536061e4435 ;
fromusername : oKwkYw9jtdtXMlUF-dZFaN58BaEs ;
createtime : 1489910030 ;
msgtype : event ;
event : CLICK ;
eventkey : 二维码 ;
from : oKwkYw9jtdtXMlUF-dZFaN58BaEs ;
to : gh_6536061e4435 ;
time : 1489910030 ;
type : event ;

2017-03-19 16:02:08 trace :
------------
Array:
tousername : gh_6536061e4435 ;
fromusername : oKwkYw2qGJyFlLhJocpy6L2tigl4 ;
createtime : 1489910528 ;
msgtype : event ;
event : VIEW ;
eventkey : http://kh39.61why.com/app/index.php?i=2&c=entry&eid=194 ;
menuid : 410600728 ;
from : oKwkYw2qGJyFlLhJocpy6L2tigl4 ;
to : gh_6536061e4435 ;
time : 1489910528 ;
type : event ;

2017-03-19 16:02:08 params :
------------
Array:
rule : -2 ;
module :  ;
message : Array ;

2017-03-19 16:02:08 response :
------------

2017-03-19 16:02:38 trace :
------------
Array:
tousername : gh_6536061e4435 ;
fromusername : oKwkYw2qGJyFlLhJocpy6L2tigl4 ;
createtime : 1489910558 ;
msgtype : event ;
event : VIEW ;
eventkey : http://kh39.61why.com/app/index.php?i=2&c=entry&eid=194 ;
menuid : 410600728 ;
from : oKwkYw2qGJyFlLhJocpy6L2tigl4 ;
to : gh_6536061e4435 ;
time : 1489910558 ;
type : event ;

2017-03-19 16:02:38 params :
------------
Array:
rule : -2 ;
module :  ;
message : Array ;

2017-03-19 16:02:38 response :
------------

2017-03-19 16:04:05 trace :
------------
Array:
tousername : gh_6536061e4435 ;
fromusername : oKwkYwzxjLB-qaPdTTwNGEuXc1F8 ;
createtime : 1489910645 ;
msgtype : event ;
event : VIEW ;
eventkey : http://kh39.61why.com/app/index.php?i=2&c=entry&eid=194 ;
menuid : 410600728 ;
from : oKwkYwzxjLB-qaPdTTwNGEuXc1F8 ;
to : gh_6536061e4435 ;
time : 1489910645 ;
type : event ;

2017-03-19 16:04:05 params :
------------
Array:
rule : -2 ;
module :  ;
message : Array ;

2017-03-19 16:04:05 response :
------------

2017-03-19 16:05:27 trace :
------------
Array:
tousername : gh_6536061e4435 ;
fromusername : oKwkYwzxjLB-qaPdTTwNGEuXc1F8 ;
createtime : 1489910727 ;
msgtype : event ;
event : VIEW ;
eventkey : http://kh39.61why.com/app/index.php?i=2&c=entry&eid=194 ;
menuid : 410600728 ;
from : oKwkYwzxjLB-qaPdTTwNGEuXc1F8 ;
to : gh_6536061e4435 ;
time : 1489910727 ;
type : event ;

2017-03-19 16:05:27 params :
------------
Array:
rule : -2 ;
module :  ;
message : Array ;

2017-03-19 16:05:27 response :
------------

2017-03-19 16:10:44 trace :
------------
Array:
tousername : gh_6536061e4435 ;
fromusername : oKwkYw9A27iCE2wbx5IXncAJ21Sw ;
createtime : 1489911044 ;
msgtype : event ;
event : VIEW ;
eventkey : http://kh39.61why.com/app/index.php?i=2&c=entry&eid=198 ;
menuid : 410600728 ;
from : oKwkYw9A27iCE2wbx5IXncAJ21Sw ;
to : gh_6536061e4435 ;
time : 1489911044 ;
type : event ;

2017-03-19 16:10:44 params :
------------
Array:
rule : -2 ;
module :  ;
message : Array ;

2017-03-19 16:10:44 response :
------------

2017-03-19 16:11:11 trace :
------------
Array:
tousername : gh_6536061e4435 ;
fromusername : oKwkYwzxjLB-qaPdTTwNGEuXc1F8 ;
createtime : 1489911071 ;
msgtype : event ;
event : VIEW ;
eventkey : http://kh39.61why.com/app/index.php?i=2&c=entry&eid=194 ;
menuid : 410600728 ;
from : oKwkYwzxjLB-qaPdTTwNGEuXc1F8 ;
to : gh_6536061e4435 ;
time : 1489911071 ;
type : event ;

2017-03-19 16:11:11 params :
------------
Array:
rule : -2 ;
module :  ;
message : Array ;

2017-03-19 16:11:11 response :
------------

2017-03-19 16:11:49 trace :
------------
Array:
tousername : gh_6536061e4435 ;
fromusername : oKwkYwzxjLB-qaPdTTwNGEuXc1F8 ;
createtime : 1489911109 ;
msgtype : event ;
event : VIEW ;
eventkey : http://kh39.61why.com/app/index.php?i=2&c=entry&eid=198 ;
menuid : 410600728 ;
from : oKwkYwzxjLB-qaPdTTwNGEuXc1F8 ;
to : gh_6536061e4435 ;
time : 1489911109 ;
type : event ;

2017-03-19 16:11:49 params :
------------
Array:
rule : -2 ;
module :  ;
message : Array ;

2017-03-19 16:11:49 response :
------------

2017-03-19 16:15:05 trace :
------------
Array:
tousername : gh_6536061e4435 ;
fromusername : oKwkYw20Ts1Ug19-qVDWAtHmyqio ;
createtime : 1489911305 ;
msgtype : event ;
event : subscribe ;
eventkey : Array ;
from : oKwkYw20Ts1Ug19-qVDWAtHmyqio ;
to : gh_6536061e4435 ;
time : 1489911305 ;
type : subscribe ;

2017-03-19 16:15:05 params :
------------
Array:
rule : -2 ;
module :  ;
message : Array ;

2017-03-19 16:15:05 response :
------------

2017-03-19 16:15:13 trace :
------------
Array:
tousername : gh_6536061e4435 ;
fromusername : oKwkYw20Ts1Ug19-qVDWAtHmyqio ;
createtime : 1489911313 ;
msgtype : event ;
event : VIEW ;
eventkey : http://kh39.61why.com/app/index.php?i=2&c=entry&eid=194 ;
menuid : 410600728 ;
from : oKwkYw20Ts1Ug19-qVDWAtHmyqio ;
to : gh_6536061e4435 ;
time : 1489911313 ;
type : event ;

2017-03-19 16:15:13 params :
------------
Array:
rule : -2 ;
module :  ;
message : Array ;

2017-03-19 16:15:13 response :
------------

2017-03-19 16:17:04 trace :
------------
Array:
tousername : gh_6536061e4435 ;
fromusername : oKwkYw20Ts1Ug19-qVDWAtHmyqio ;
createtime : 1489911424 ;
msgtype : event ;
event : VIEW ;
eventkey : http://kh39.61why.com/app/index.php?i=2&c=entry&eid=198 ;
menuid : 410600728 ;
from : oKwkYw20Ts1Ug19-qVDWAtHmyqio ;
to : gh_6536061e4435 ;
time : 1489911424 ;
type : event ;

2017-03-19 16:17:04 params :
------------
Array:
rule : -2 ;
module :  ;
message : Array ;

2017-03-19 16:17:04 response :
------------

2017-03-19 16:17:32 trace :
------------
Array:
tousername : gh_6536061e4435 ;
fromusername : oKwkYw20Ts1Ug19-qVDWAtHmyqio ;
createtime : 1489911452 ;
msgtype : event ;
event : CLICK ;
eventkey : 二维码 ;
from : oKwkYw20Ts1Ug19-qVDWAtHmyqio ;
to : gh_6536061e4435 ;
time : 1489911452 ;
type : event ;

2017-03-19 16:26:36 trace :
------------
Array:
tousername : gh_6536061e4435 ;
fromusername : oKwkYwzxjLB-qaPdTTwNGEuXc1F8 ;
createtime : 1489911996 ;
msgtype : event ;
event : VIEW ;
eventkey : http://kh39.61why.com/app/index.php?i=2&c=entry&eid=194 ;
menuid : 410600728 ;
from : oKwkYwzxjLB-qaPdTTwNGEuXc1F8 ;
to : gh_6536061e4435 ;
time : 1489911996 ;
type : event ;

2017-03-19 16:26:36 params :
------------
Array:
rule : -2 ;
module :  ;
message : Array ;

2017-03-19 16:26:36 response :
------------

2017-03-19 16:28:14 trace :
------------
Array:
tousername : gh_6536061e4435 ;
fromusername : oKwkYwzxjLB-qaPdTTwNGEuXc1F8 ;
createtime : 1489912094 ;
msgtype : event ;
event : VIEW ;
eventkey : http://kh39.61why.com/app/index.php?i=2&c=entry&eid=194 ;
menuid : 410600728 ;
from : oKwkYwzxjLB-qaPdTTwNGEuXc1F8 ;
to : gh_6536061e4435 ;
time : 1489912094 ;
type : event ;

2017-03-19 16:28:14 params :
------------
Array:
rule : -2 ;
module :  ;
message : Array ;

2017-03-19 16:28:14 response :
------------

2017-03-19 16:28:14 trace :
------------
Array:
tousername : gh_6536061e4435 ;
fromusername : oKwkYw20Ts1Ug19-qVDWAtHmyqio ;
createtime : 1489912094 ;
msgtype : event ;
event : CLICK ;
eventkey : 二维码 ;
from : oKwkYw20Ts1Ug19-qVDWAtHmyqio ;
to : gh_6536061e4435 ;
time : 1489912094 ;
type : event ;

2017-03-19 16:29:17 trace :
------------
Array:
tousername : gh_6536061e4435 ;
fromusername : oKwkYwzxjLB-qaPdTTwNGEuXc1F8 ;
createtime : 1489912157 ;
msgtype : event ;
event : VIEW ;
eventkey : http://kh39.61why.com/app/index.php?i=2&c=entry&eid=194 ;
menuid : 410600728 ;
from : oKwkYwzxjLB-qaPdTTwNGEuXc1F8 ;
to : gh_6536061e4435 ;
time : 1489912157 ;
type : event ;

2017-03-19 16:29:17 params :
------------
Array:
rule : -2 ;
module :  ;
message : Array ;

2017-03-19 16:29:17 response :
------------

2017-03-19 16:29:47 trace :
------------
Array:
tousername : gh_6536061e4435 ;
fromusername : oKwkYwzxjLB-qaPdTTwNGEuXc1F8 ;
createtime : 1489912187 ;
msgtype : event ;
event : VIEW ;
eventkey : http://kh39.61why.com/app/index.php?i=2&c=entry&eid=194 ;
menuid : 410600728 ;
from : oKwkYwzxjLB-qaPdTTwNGEuXc1F8 ;
to : gh_6536061e4435 ;
time : 1489912187 ;
type : event ;

2017-03-19 16:29:47 params :
------------
Array:
rule : -2 ;
module :  ;
message : Array ;

2017-03-19 16:29:47 response :
------------

2017-03-19 16:30:39 trace :
------------
Array:
tousername : gh_6536061e4435 ;
fromusername : oKwkYwzxjLB-qaPdTTwNGEuXc1F8 ;
createtime : 1489912239 ;
msgtype : event ;
event : VIEW ;
eventkey : http://kh39.61why.com/app/index.php?i=2&c=entry&eid=194 ;
menuid : 410600728 ;
from : oKwkYwzxjLB-qaPdTTwNGEuXc1F8 ;
to : gh_6536061e4435 ;
time : 1489912239 ;
type : event ;

2017-03-19 16:30:39 params :
------------
Array:
rule : -2 ;
module :  ;
message : Array ;

2017-03-19 16:30:39 response :
------------

2017-03-19 16:32:34 trace :
------------
Array:
tousername : gh_6536061e4435 ;
fromusername : oKwkYw3l0eGz3H7e62pX1IDFxwCY ;
createtime : 1489912354 ;
msgtype : event ;
event : VIEW ;
eventkey : http://kh39.61why.com/app/index.php?i=2&c=entry&eid=194 ;
menuid : 410600728 ;
from : oKwkYw3l0eGz3H7e62pX1IDFxwCY ;
to : gh_6536061e4435 ;
time : 1489912354 ;
type : event ;

2017-03-19 16:32:34 params :
------------
Array:
rule : -2 ;
module :  ;
message : Array ;

2017-03-19 16:32:34 response :
------------

2017-03-19 16:49:15 trace :
------------
Array:
tousername : gh_6536061e4435 ;
fromusername : oKwkYw1NL3CxHDVFEjD3ThuCTSMk ;
createtime : 1489913355 ;
msgtype : event ;
event : VIEW ;
eventkey : http://kh39.61why.com/app/index.php?i=2&c=entry&eid=194 ;
menuid : 410600728 ;
from : oKwkYw1NL3CxHDVFEjD3ThuCTSMk ;
to : gh_6536061e4435 ;
time : 1489913355 ;
type : event ;

2017-03-19 16:49:15 params :
------------
Array:
rule : -2 ;
module :  ;
message : Array ;

2017-03-19 16:49:15 response :
------------

2017-03-19 16:55:59 trace :
------------
Array:
tousername : gh_6536061e4435 ;
fromusername : oKwkYw07OK3MciV6IDhGEI3qJFBU ;
createtime : 1489913759 ;
msgtype : event ;
event : VIEW ;
eventkey : http://kh39.61why.com/app/index.php?i=2&c=entry&eid=198 ;
menuid : 410600728 ;
from : oKwkYw07OK3MciV6IDhGEI3qJFBU ;
to : gh_6536061e4435 ;
time : 1489913759 ;
type : event ;

2017-03-19 16:55:59 params :
------------
Array:
rule : -2 ;
module :  ;
message : Array ;

2017-03-19 16:55:59 response :
------------

2017-03-19 17:39:02 trace :
------------
Array:
tousername : gh_6536061e4435 ;
fromusername : oKwkYwxdGazpUQLKnjr_HrnPicQo ;
createtime : 1489916342 ;
msgtype : event ;
event : VIEW ;
eventkey : http://kh39.61why.com/app/index.php?i=2&c=entry&eid=198 ;
menuid : 410600728 ;
from : oKwkYwxdGazpUQLKnjr_HrnPicQo ;
to : gh_6536061e4435 ;
time : 1489916342 ;
type : event ;

2017-03-19 17:39:02 params :
------------
Array:
rule : -2 ;
module :  ;
message : Array ;

2017-03-19 17:39:02 response :
------------

2017-03-19 17:40:09 trace :
------------
Array:
tousername : gh_6536061e4435 ;
fromusername : oKwkYwzxjLB-qaPdTTwNGEuXc1F8 ;
createtime : 1489916409 ;
msgtype : event ;
event : VIEW ;
eventkey : http://kh39.61why.com/app/index.php?i=2&c=entry&eid=194 ;
menuid : 410600728 ;
from : oKwkYwzxjLB-qaPdTTwNGEuXc1F8 ;
to : gh_6536061e4435 ;
time : 1489916409 ;
type : event ;

2017-03-19 17:40:09 params :
------------
Array:
rule : -2 ;
module :  ;
message : Array ;

2017-03-19 17:40:09 response :
------------

2017-03-19 18:31:15 trace :
------------
Array:
tousername : gh_6536061e4435 ;
fromusername : oKwkYw20Ts1Ug19-qVDWAtHmyqio ;
createtime : 1489919475 ;
msgtype : event ;
event : VIEW ;
eventkey : http://kh39.61why.com/app/index.php?i=2&c=entry&eid=194 ;
menuid : 410600728 ;
from : oKwkYw20Ts1Ug19-qVDWAtHmyqio ;
to : gh_6536061e4435 ;
time : 1489919475 ;
type : event ;

2017-03-19 18:31:15 params :
------------
Array:
rule : -2 ;
module :  ;
message : Array ;

2017-03-19 18:31:15 response :
------------

2017-03-19 18:32:32 trace :
------------
Array:
tousername : gh_6536061e4435 ;
fromusername : oKwkYwwP5EnH7tgvTEjD6Ce0mfUs ;
createtime : 1489919552 ;
msgtype : event ;
event : VIEW ;
eventkey : http://kh39.61why.com/app/index.php?i=2&c=entry&eid=198 ;
menuid : 410600728 ;
from : oKwkYwwP5EnH7tgvTEjD6Ce0mfUs ;
to : gh_6536061e4435 ;
time : 1489919552 ;
type : event ;

2017-03-19 18:32:32 params :
------------
Array:
rule : -2 ;
module :  ;
message : Array ;

2017-03-19 18:32:32 response :
------------

2017-03-19 18:46:42 trace :
------------
Array:
tousername : gh_6536061e4435 ;
fromusername : oKwkYw5lsruDKvSZ4lwO5LFJhhKU ;
createtime : 1489920402 ;
msgtype : event ;
event : VIEW ;
eventkey : http://kh39.61why.com/app/index.php?i=2&c=entry&eid=198 ;
menuid : 410600728 ;
from : oKwkYw5lsruDKvSZ4lwO5LFJhhKU ;
to : gh_6536061e4435 ;
time : 1489920402 ;
type : event ;

2017-03-19 18:46:42 params :
------------
Array:
rule : -2 ;
module :  ;
message : Array ;

2017-03-19 18:46:42 response :
------------

2017-03-19 18:47:22 trace :
------------
Array:
tousername : gh_6536061e4435 ;
fromusername : oKwkYw5lsruDKvSZ4lwO5LFJhhKU ;
createtime : 1489920442 ;
msgtype : event ;
event : VIEW ;
eventkey : http://kh39.61why.com/app/index.php?i=2&c=entry&eid=198 ;
menuid : 410600728 ;
from : oKwkYw5lsruDKvSZ4lwO5LFJhhKU ;
to : gh_6536061e4435 ;
time : 1489920442 ;
type : event ;

2017-03-19 18:47:22 params :
------------
Array:
rule : -2 ;
module :  ;
message : Array ;

2017-03-19 18:47:22 response :
------------

2017-03-19 19:30:31 trace :
------------
Array:
tousername : gh_6536061e4435 ;
fromusername : oKwkYw03W1Pov3xT2Hvnj_ODN-Ug ;
createtime : 1489923031 ;
msgtype : event ;
event : VIEW ;
eventkey : http://kh39.61why.com/app/index.php?i=2&c=entry&eid=198 ;
menuid : 410600728 ;
from : oKwkYw03W1Pov3xT2Hvnj_ODN-Ug ;
to : gh_6536061e4435 ;
time : 1489923031 ;
type : event ;

2017-03-19 19:30:31 params :
------------
Array:
rule : -2 ;
module :  ;
message : Array ;

2017-03-19 19:30:31 response :
------------

2017-03-19 19:45:08 trace :
------------
Array:
tousername : gh_6536061e4435 ;
fromusername : oKwkYw3AYm2BTknUlKfEyD8mW9hM ;
createtime : 1489923908 ;
msgtype : event ;
event : VIEW ;
eventkey : http://kh39.61why.com/app/index.php?i=2&c=entry&eid=198 ;
menuid : 410600728 ;
from : oKwkYw3AYm2BTknUlKfEyD8mW9hM ;
to : gh_6536061e4435 ;
time : 1489923908 ;
type : event ;

2017-03-19 19:45:08 params :
------------
Array:
rule : -2 ;
module :  ;
message : Array ;

2017-03-19 19:45:08 response :
------------

2017-03-19 19:45:28 trace :
------------
Array:
tousername : gh_6536061e4435 ;
fromusername : oKwkYw3AYm2BTknUlKfEyD8mW9hM ;
createtime : 1489923928 ;
msgtype : event ;
event : VIEW ;
eventkey : http://kh39.61why.com/app/index.php?i=2&c=entry&eid=198 ;
menuid : 410600728 ;
from : oKwkYw3AYm2BTknUlKfEyD8mW9hM ;
to : gh_6536061e4435 ;
time : 1489923928 ;
type : event ;

2017-03-19 19:45:28 params :
------------
Array:
rule : -2 ;
module :  ;
message : Array ;

2017-03-19 19:45:28 response :
------------

2017-03-19 20:10:50 trace :
------------
Array:
tousername : gh_6536061e4435 ;
fromusername : oKwkYw5hiet9aIoMvpfdt0UcJyzc ;
createtime : 1489925450 ;
msgtype : event ;
event : VIEW ;
eventkey : http://kh39.61why.com/app/index.php?i=2&c=entry&eid=198 ;
menuid : 410600728 ;
from : oKwkYw5hiet9aIoMvpfdt0UcJyzc ;
to : gh_6536061e4435 ;
time : 1489925450 ;
type : event ;

2017-03-19 20:10:50 params :
------------
Array:
rule : -2 ;
module :  ;
message : Array ;

2017-03-19 20:10:50 response :
------------

2017-03-19 21:31:57 trace :
------------
Array:
tousername : gh_6536061e4435 ;
fromusername : oKwkYw5hiet9aIoMvpfdt0UcJyzc ;
createtime : 1489930317 ;
msgtype : event ;
event : VIEW ;
eventkey : http://kh39.61why.com/app/index.php?i=2&c=entry&eid=198 ;
menuid : 410600728 ;
from : oKwkYw5hiet9aIoMvpfdt0UcJyzc ;
to : gh_6536061e4435 ;
time : 1489930317 ;
type : event ;

2017-03-19 21:31:57 params :
------------
Array:
rule : -2 ;
module :  ;
message : Array ;

2017-03-19 21:31:57 response :
------------

2017-03-19 22:09:16 trace :
------------
Array:
tousername : gh_6536061e4435 ;
fromusername : oKwkYw2AvtOQWVWlszR3cLKUUa3E ;
createtime : 1489932556 ;
msgtype : event ;
event : VIEW ;
eventkey : http://kh39.61why.com/app/index.php?i=2&c=entry&eid=198 ;
menuid : 410600728 ;
from : oKwkYw2AvtOQWVWlszR3cLKUUa3E ;
to : gh_6536061e4435 ;
time : 1489932556 ;
type : event ;

2017-03-19 22:09:16 params :
------------
Array:
rule : -2 ;
module :  ;
message : Array ;

2017-03-19 22:09:16 response :
------------

2017-03-19 22:29:00 trace :
------------
Array:
tousername : gh_6536061e4435 ;
fromusername : oKwkYw5hiet9aIoMvpfdt0UcJyzc ;
createtime : 1489933740 ;
msgtype : event ;
event : VIEW ;
eventkey : http://kh39.61why.com/app/index.php?i=2&c=entry&eid=198 ;
menuid : 410600728 ;
from : oKwkYw5hiet9aIoMvpfdt0UcJyzc ;
to : gh_6536061e4435 ;
time : 1489933740 ;
type : event ;

2017-03-19 22:29:00 params :
------------
Array:
rule : -2 ;
module :  ;
message : Array ;

2017-03-19 22:29:00 response :
------------

2017-03-19 22:54:52 trace :
------------
Array:
tousername : gh_6536061e4435 ;
fromusername : oKwkYwwaVVXZ7EzuknlzOhBMpq3Y ;
createtime : 1489935292 ;
msgtype : event ;
event : subscribe ;
eventkey : qrscene_8275000147529d5af76f19fd46fb12ee ;
ticket : gQEO8TwAAAAAAAAAAS5odHRwOi8vd2VpeGluLnFxLmNvbS9xLzAyT1Q1ZjBCSDljbzMxMDAwME0wN2QAAgRXb75YAwQAAAAA ;
from : oKwkYwwaVVXZ7EzuknlzOhBMpq3Y ;
to : gh_6536061e4435 ;
time : 1489935292 ;
type : subscribe ;
scene : 8275000147529d5af76f19fd46fb12ee ;

2017-03-19 22:54:57 trace :
------------
Array:
tousername : gh_6536061e4435 ;
fromusername : oKwkYwwaVVXZ7EzuknlzOhBMpq3Y ;
createtime : 1489935297 ;
msgtype : event ;
event : VIEW ;
eventkey : http://kh39.61why.com/app/index.php?i=2&c=entry&eid=194 ;
menuid : 410600728 ;
from : oKwkYwwaVVXZ7EzuknlzOhBMpq3Y ;
to : gh_6536061e4435 ;
time : 1489935297 ;
type : event ;

2017-03-19 22:54:57 params :
------------
Array:
rule : -2 ;
module :  ;
message : Array ;

2017-03-19 22:54:57 response :
------------

2017-03-19 23:03:59 trace :
------------
Array:
tousername : gh_6536061e4435 ;
fromusername : oKwkYwwaVVXZ7EzuknlzOhBMpq3Y ;
createtime : 1489935839 ;
msgtype : event ;
event : SCAN ;
eventkey : 8275000147529d5af76f19fd46fb12ee ;
ticket : gQEO8TwAAAAAAAAAAS5odHRwOi8vd2VpeGluLnFxLmNvbS9xLzAyT1Q1ZjBCSDljbzMxMDAwME0wN2QAAgRXb75YAwQAAAAA ;
from : oKwkYwwaVVXZ7EzuknlzOhBMpq3Y ;
to : gh_6536061e4435 ;
time : 1489935839 ;
type : subscribe ;
scene : 8275000147529d5af76f19fd46fb12ee ;

2017-03-19 23:04:02 trace :
------------
Array:
tousername : gh_6536061e4435 ;
fromusername : oKwkYwwaVVXZ7EzuknlzOhBMpq3Y ;
createtime : 1489935842 ;
msgtype : event ;
event : VIEW ;
eventkey : http://kh39.61why.com/app/index.php?i=2&c=entry&eid=194 ;
menuid : 410600728 ;
from : oKwkYwwaVVXZ7EzuknlzOhBMpq3Y ;
to : gh_6536061e4435 ;
time : 1489935842 ;
type : event ;

2017-03-19 23:04:02 params :
------------
Array:
rule : -2 ;
module :  ;
message : Array ;

2017-03-19 23:04:02 response :
------------

2017-03-19 23:07:51 trace :
------------
Array:
tousername : gh_6536061e4435 ;
fromusername : oKwkYwwKa_aL23Yf3Ab-k4S4pGHU ;
createtime : 1489936071 ;
msgtype : event ;
event : SCAN ;
eventkey : 8275000147529d5af76f19fd46fb12ee ;
ticket : gQEO8TwAAAAAAAAAAS5odHRwOi8vd2VpeGluLnFxLmNvbS9xLzAyT1Q1ZjBCSDljbzMxMDAwME0wN2QAAgRXb75YAwQAAAAA ;
from : oKwkYwwKa_aL23Yf3Ab-k4S4pGHU ;
to : gh_6536061e4435 ;
time : 1489936071 ;
type : subscribe ;
scene : 8275000147529d5af76f19fd46fb12ee ;

2017-03-19 23:07:54 trace :
------------
Array:
tousername : gh_6536061e4435 ;
fromusername : oKwkYwwKa_aL23Yf3Ab-k4S4pGHU ;
createtime : 1489936074 ;
msgtype : event ;
event : VIEW ;
eventkey : http://kh39.61why.com/app/index.php?i=2&c=entry&eid=194 ;
menuid : 410600728 ;
from : oKwkYwwKa_aL23Yf3Ab-k4S4pGHU ;
to : gh_6536061e4435 ;
time : 1489936074 ;
type : event ;

2017-03-19 23:07:54 params :
------------
Array:
rule : -2 ;
module :  ;
message : Array ;

2017-03-19 23:07:54 response :
------------

2017-03-19 23:10:40 trace :
------------
Array:
tousername : gh_6536061e4435 ;
fromusername : oKwkYwyjERfw7XYg2QL9r-EmTJic ;
createtime : 1489936240 ;
msgtype : event ;
event : VIEW ;
eventkey : http://kh39.61why.com/app/index.php?i=2&c=entry&eid=194 ;
menuid : 410600728 ;
from : oKwkYwyjERfw7XYg2QL9r-EmTJic ;
to : gh_6536061e4435 ;
time : 1489936240 ;
type : event ;

2017-03-19 23:10:40 params :
------------
Array:
rule : -2 ;
module :  ;
message : Array ;

2017-03-19 23:10:40 response :
------------

2017-03-19 23:11:37 trace :
------------
Array:
tousername : gh_6536061e4435 ;
fromusername : oKwkYwyjERfw7XYg2QL9r-EmTJic ;
createtime : 1489936297 ;
msgtype : event ;
event : VIEW ;
eventkey : http://kh39.61why.com/app/index.php?i=2&c=entry&eid=194 ;
menuid : 410600728 ;
from : oKwkYwyjERfw7XYg2QL9r-EmTJic ;
to : gh_6536061e4435 ;
time : 1489936297 ;
type : event ;

2017-03-19 23:11:37 params :
------------
Array:
rule : -2 ;
module :  ;
message : Array ;

2017-03-19 23:11:37 response :
------------

2017-03-19 23:12:14 trace :
------------
Array:
tousername : gh_6536061e4435 ;
fromusername : oKwkYwyjERfw7XYg2QL9r-EmTJic ;
createtime : 1489936333 ;
msgtype : event ;
event : VIEW ;
eventkey : http://kh39.61why.com/app/index.php?i=2&c=entry&eid=194 ;
menuid : 410600728 ;
from : oKwkYwyjERfw7XYg2QL9r-EmTJic ;
to : gh_6536061e4435 ;
time : 1489936333 ;
type : event ;

2017-03-19 23:12:14 params :
------------
Array:
rule : -2 ;
module :  ;
message : Array ;

2017-03-19 23:12:14 response :
------------

