2017-03-15 00:16:43 trace :
------------
Array:
tousername : gh_6536061e4435 ;
fromusername : oKwkYwznI9DVu--LEUKdF6nJ41w8 ;
createtime : 1489508203 ;
msgtype : event ;
event : subscribe ;
eventkey : Array ;
from : oKwkYwznI9DVu--LEUKdF6nJ41w8 ;
to : gh_6536061e4435 ;
time : 1489508203 ;
type : subscribe ;

2017-03-15 00:16:43 params :
------------
Array:
rule : -2 ;
module :  ;
message : Array ;

2017-03-15 00:16:43 response :
------------

2017-03-15 00:16:51 trace :
------------
Array:
tousername : gh_6536061e4435 ;
fromusername : oKwkYwznI9DVu--LEUKdF6nJ41w8 ;
createtime : 1489508211 ;
msgtype : event ;
event : VIEW ;
eventkey : http://kh39.61why.com/app/index.php?i=2&c=entry&eid=194 ;
menuid : 410600728 ;
from : oKwkYwznI9DVu--LEUKdF6nJ41w8 ;
to : gh_6536061e4435 ;
time : 1489508211 ;
type : event ;

2017-03-15 00:16:51 params :
------------
Array:
rule : -2 ;
module :  ;
message : Array ;

2017-03-15 00:16:51 response :
------------

2017-03-15 00:16:54 trace :
------------
Array:
tousername : gh_6536061e4435 ;
fromusername : oKwkYwznI9DVu--LEUKdF6nJ41w8 ;
createtime : 1489508214 ;
msgtype : event ;
event : VIEW ;
eventkey : http://kh39.61why.com/app/index.php?i=2&c=entry&eid=198 ;
menuid : 410600728 ;
from : oKwkYwznI9DVu--LEUKdF6nJ41w8 ;
to : gh_6536061e4435 ;
time : 1489508214 ;
type : event ;

2017-03-15 00:16:54 params :
------------
Array:
rule : -2 ;
module :  ;
message : Array ;

2017-03-15 00:16:54 response :
------------

2017-03-15 00:16:57 trace :
------------
Array:
tousername : gh_6536061e4435 ;
fromusername : oKwkYwznI9DVu--LEUKdF6nJ41w8 ;
createtime : 1489508217 ;
msgtype : event ;
event : VIEW ;
eventkey : http://kh39.61why.com/app/index.php?i=2&c=entry&eid=194 ;
menuid : 410600728 ;
from : oKwkYwznI9DVu--LEUKdF6nJ41w8 ;
to : gh_6536061e4435 ;
time : 1489508217 ;
type : event ;

2017-03-15 00:16:57 params :
------------
Array:
rule : -2 ;
module :  ;
message : Array ;

2017-03-15 00:16:57 response :
------------

2017-03-15 00:21:41 trace :
------------
Array:
tousername : gh_6536061e4435 ;
fromusername : oKwkYwznI9DVu--LEUKdF6nJ41w8 ;
createtime : 1489508501 ;
msgtype : event ;
event : CLICK ;
eventkey : 二维码 ;
from : oKwkYwznI9DVu--LEUKdF6nJ41w8 ;
to : gh_6536061e4435 ;
time : 1489508501 ;
type : event ;

2017-03-15 00:21:58 trace :
------------
Array:
tousername : gh_6536061e4435 ;
fromusername : oKwkYwznI9DVu--LEUKdF6nJ41w8 ;
createtime : 1489508518 ;
msgtype : event ;
event : VIEW ;
eventkey : http://kh39.61why.com/app/index.php?i=2&c=entry&eid=198 ;
menuid : 410600728 ;
from : oKwkYwznI9DVu--LEUKdF6nJ41w8 ;
to : gh_6536061e4435 ;
time : 1489508518 ;
type : event ;

2017-03-15 00:21:58 params :
------------
Array:
rule : -2 ;
module :  ;
message : Array ;

2017-03-15 00:21:58 response :
------------

2017-03-15 00:22:27 trace :
------------
Array:
tousername : gh_6536061e4435 ;
fromusername : oKwkYwznI9DVu--LEUKdF6nJ41w8 ;
createtime : 1489508547 ;
msgtype : event ;
event : VIEW ;
eventkey : http://kh39.61why.com/app/index.php?i=2&c=entry&eid=198 ;
menuid : 410600728 ;
from : oKwkYwznI9DVu--LEUKdF6nJ41w8 ;
to : gh_6536061e4435 ;
time : 1489508547 ;
type : event ;

2017-03-15 00:22:27 params :
------------
Array:
rule : -2 ;
module :  ;
message : Array ;

2017-03-15 00:22:27 response :
------------

2017-03-15 00:52:26 trace :
------------
Array:
tousername : gh_6536061e4435 ;
fromusername : oKwkYw1KQ5ff5BZ0dgvipwLgZRns ;
createtime : 1489510346 ;
msgtype : event ;
event : VIEW ;
eventkey : http://kh39.61why.com/app/index.php?i=2&c=entry&eid=198 ;
menuid : 410600728 ;
from : oKwkYw1KQ5ff5BZ0dgvipwLgZRns ;
to : gh_6536061e4435 ;
time : 1489510346 ;
type : event ;

2017-03-15 00:52:26 params :
------------
Array:
rule : -2 ;
module :  ;
message : Array ;

2017-03-15 00:52:26 response :
------------

2017-03-15 02:33:53 trace :
------------
Array:
tousername : gh_6536061e4435 ;
fromusername : oKwkYw64KUHw0krqzoIRoTOb5_z4 ;
createtime : 1489516433 ;
msgtype : event ;
event : VIEW ;
eventkey : http://kh39.61why.com/app/index.php?i=2&c=entry&eid=198 ;
menuid : 410600728 ;
from : oKwkYw64KUHw0krqzoIRoTOb5_z4 ;
to : gh_6536061e4435 ;
time : 1489516433 ;
type : event ;

2017-03-15 02:33:53 params :
------------
Array:
rule : -2 ;
module :  ;
message : Array ;

2017-03-15 02:33:53 response :
------------

2017-03-15 07:06:46 trace :
------------
Array:
tousername : gh_6536061e4435 ;
fromusername : oKwkYw0D7snKw9WJkTr_EzwW-SF0 ;
createtime : 1489532805 ;
msgtype : event ;
event : VIEW ;
eventkey : http://kh39.61why.com/app/index.php?i=2&c=entry&eid=198 ;
menuid : 410600728 ;
from : oKwkYw0D7snKw9WJkTr_EzwW-SF0 ;
to : gh_6536061e4435 ;
time : 1489532805 ;
type : event ;

2017-03-15 07:06:46 params :
------------
Array:
rule : -2 ;
module :  ;
message : Array ;

2017-03-15 07:06:46 response :
------------

2017-03-15 07:08:24 trace :
------------
Array:
tousername : gh_6536061e4435 ;
fromusername : oKwkYw03W1Pov3xT2Hvnj_ODN-Ug ;
createtime : 1489532904 ;
msgtype : event ;
event : VIEW ;
eventkey : http://kh39.61why.com/app/index.php?i=2&c=entry&eid=198 ;
menuid : 410600728 ;
from : oKwkYw03W1Pov3xT2Hvnj_ODN-Ug ;
to : gh_6536061e4435 ;
time : 1489532904 ;
type : event ;

2017-03-15 07:08:24 params :
------------
Array:
rule : -2 ;
module :  ;
message : Array ;

2017-03-15 07:08:24 response :
------------

2017-03-15 07:16:01 trace :
------------
Array:
tousername : gh_6536061e4435 ;
fromusername : oKwkYw2AvtOQWVWlszR3cLKUUa3E ;
createtime : 1489533360 ;
msgtype : event ;
event : VIEW ;
eventkey : http://kh39.61why.com/app/index.php?i=2&c=entry&eid=198 ;
menuid : 410600728 ;
from : oKwkYw2AvtOQWVWlszR3cLKUUa3E ;
to : gh_6536061e4435 ;
time : 1489533360 ;
type : event ;

2017-03-15 07:16:01 params :
------------
Array:
rule : -2 ;
module :  ;
message : Array ;

2017-03-15 07:16:01 response :
------------

2017-03-15 07:16:23 trace :
------------
Array:
tousername : gh_6536061e4435 ;
fromusername : oKwkYw2AvtOQWVWlszR3cLKUUa3E ;
createtime : 1489533382 ;
msgtype : event ;
event : VIEW ;
eventkey : http://kh39.61why.com/app/index.php?i=2&c=entry&eid=198 ;
menuid : 410600728 ;
from : oKwkYw2AvtOQWVWlszR3cLKUUa3E ;
to : gh_6536061e4435 ;
time : 1489533382 ;
type : event ;

2017-03-15 07:16:23 params :
------------
Array:
rule : -2 ;
module :  ;
message : Array ;

2017-03-15 07:16:23 response :
------------

2017-03-15 08:22:12 trace :
------------
Array:
tousername : gh_6536061e4435 ;
fromusername : oKwkYw1yTYMCkrZCf37KXIj8E-hI ;
createtime : 1489537332 ;
msgtype : event ;
event : CLICK ;
eventkey : 二维码 ;
from : oKwkYw1yTYMCkrZCf37KXIj8E-hI ;
to : gh_6536061e4435 ;
time : 1489537332 ;
type : event ;

2017-03-15 08:22:14 trace :
------------
Array:
tousername : gh_6536061e4435 ;
fromusername : oKwkYw1yTYMCkrZCf37KXIj8E-hI ;
createtime : 1489537334 ;
msgtype : event ;
event : CLICK ;
eventkey : 二维码 ;
from : oKwkYw1yTYMCkrZCf37KXIj8E-hI ;
to : gh_6536061e4435 ;
time : 1489537334 ;
type : event ;

2017-03-15 08:22:25 trace :
------------
Array:
tousername : gh_6536061e4435 ;
fromusername : oKwkYw1yTYMCkrZCf37KXIj8E-hI ;
createtime : 1489537345 ;
msgtype : event ;
event : CLICK ;
eventkey : 二维码 ;
from : oKwkYw1yTYMCkrZCf37KXIj8E-hI ;
to : gh_6536061e4435 ;
time : 1489537345 ;
type : event ;

2017-03-15 08:22:36 trace :
------------
Array:
tousername : gh_6536061e4435 ;
fromusername : oKwkYw1yTYMCkrZCf37KXIj8E-hI ;
createtime : 1489537356 ;
msgtype : event ;
event : VIEW ;
eventkey : http://kh39.61why.com/app/index.php?i=2&c=entry&eid=198 ;
menuid : 410600728 ;
from : oKwkYw1yTYMCkrZCf37KXIj8E-hI ;
to : gh_6536061e4435 ;
time : 1489537356 ;
type : event ;

2017-03-15 08:22:36 params :
------------
Array:
rule : -2 ;
module :  ;
message : Array ;

2017-03-15 08:22:36 response :
------------

2017-03-15 08:24:48 trace :
------------
Array:
tousername : gh_6536061e4435 ;
fromusername : oKwkYw9jtdtXMlUF-dZFaN58BaEs ;
createtime : 1489537488 ;
msgtype : event ;
event : VIEW ;
eventkey : http://kh39.61why.com/app/index.php?i=2&c=entry&eid=198 ;
menuid : 410600728 ;
from : oKwkYw9jtdtXMlUF-dZFaN58BaEs ;
to : gh_6536061e4435 ;
time : 1489537488 ;
type : event ;

2017-03-15 08:24:48 params :
------------
Array:
rule : -2 ;
module :  ;
message : Array ;

2017-03-15 08:24:48 response :
------------

2017-03-15 08:26:41 trace :
------------
Array:
tousername : gh_6536061e4435 ;
fromusername : oKwkYw5hiet9aIoMvpfdt0UcJyzc ;
createtime : 1489537601 ;
msgtype : event ;
event : VIEW ;
eventkey : http://kh39.61why.com/app/index.php?i=2&c=entry&eid=198 ;
menuid : 410600728 ;
from : oKwkYw5hiet9aIoMvpfdt0UcJyzc ;
to : gh_6536061e4435 ;
time : 1489537601 ;
type : event ;

2017-03-15 08:26:41 params :
------------
Array:
rule : -2 ;
module :  ;
message : Array ;

2017-03-15 08:26:41 response :
------------

2017-03-15 08:27:05 trace :
------------
Array:
tousername : gh_6536061e4435 ;
fromusername : oKwkYw9jtdtXMlUF-dZFaN58BaEs ;
createtime : 1489537625 ;
msgtype : event ;
event : VIEW ;
eventkey : http://kh39.61why.com/app/index.php?i=2&c=entry&eid=198 ;
menuid : 410600728 ;
from : oKwkYw9jtdtXMlUF-dZFaN58BaEs ;
to : gh_6536061e4435 ;
time : 1489537625 ;
type : event ;

2017-03-15 08:27:05 params :
------------
Array:
rule : -2 ;
module :  ;
message : Array ;

2017-03-15 08:27:05 response :
------------

2017-03-15 08:27:17 trace :
------------
Array:
tousername : gh_6536061e4435 ;
fromusername : oKwkYw73fcUnWiyMDDBQMAekYhZI ;
createtime : 1489537637 ;
msgtype : event ;
event : VIEW ;
eventkey : http://kh39.61why.com/app/index.php?i=2&c=entry&eid=194 ;
menuid : 410600728 ;
from : oKwkYw73fcUnWiyMDDBQMAekYhZI ;
to : gh_6536061e4435 ;
time : 1489537637 ;
type : event ;

2017-03-15 08:27:17 params :
------------
Array:
rule : -2 ;
module :  ;
message : Array ;

2017-03-15 08:27:17 response :
------------

2017-03-15 08:29:48 trace :
------------
Array:
tousername : gh_6536061e4435 ;
fromusername : oKwkYw73fcUnWiyMDDBQMAekYhZI ;
createtime : 1489537788 ;
msgtype : event ;
event : VIEW ;
eventkey : http://kh39.61why.com/app/index.php?i=2&c=entry&eid=198 ;
menuid : 410600728 ;
from : oKwkYw73fcUnWiyMDDBQMAekYhZI ;
to : gh_6536061e4435 ;
time : 1489537788 ;
type : event ;

2017-03-15 08:29:48 params :
------------
Array:
rule : -2 ;
module :  ;
message : Array ;

2017-03-15 08:29:48 response :
------------

2017-03-15 08:30:55 trace :
------------
Array:
tousername : gh_6536061e4435 ;
fromusername : oKwkYw73fcUnWiyMDDBQMAekYhZI ;
createtime : 1489537855 ;
msgtype : event ;
event : CLICK ;
eventkey : 二维码 ;
from : oKwkYw73fcUnWiyMDDBQMAekYhZI ;
to : gh_6536061e4435 ;
time : 1489537855 ;
type : event ;

2017-03-15 09:03:33 trace :
------------
Array:
tousername : gh_6536061e4435 ;
fromusername : oKwkYwxdGazpUQLKnjr_HrnPicQo ;
createtime : 1489539813 ;
msgtype : event ;
event : VIEW ;
eventkey : http://kh39.61why.com/app/index.php?i=2&c=entry&eid=198 ;
menuid : 410600728 ;
from : oKwkYwxdGazpUQLKnjr_HrnPicQo ;
to : gh_6536061e4435 ;
time : 1489539813 ;
type : event ;

2017-03-15 09:03:33 params :
------------
Array:
rule : -2 ;
module :  ;
message : Array ;

2017-03-15 09:03:33 response :
------------

2017-03-15 09:04:54 trace :
------------
Array:
tousername : gh_6536061e4435 ;
fromusername : oKwkYw0D7snKw9WJkTr_EzwW-SF0 ;
createtime : 1489539894 ;
msgtype : event ;
event : VIEW ;
eventkey : http://kh39.61why.com/app/index.php?i=2&c=entry&eid=198 ;
menuid : 410600728 ;
from : oKwkYw0D7snKw9WJkTr_EzwW-SF0 ;
to : gh_6536061e4435 ;
time : 1489539894 ;
type : event ;

2017-03-15 09:04:54 params :
------------
Array:
rule : -2 ;
module :  ;
message : Array ;

2017-03-15 09:04:54 response :
------------

2017-03-15 09:16:55 trace :
------------
Array:
tousername : gh_6536061e4435 ;
fromusername : oKwkYw0D7snKw9WJkTr_EzwW-SF0 ;
createtime : 1489540615 ;
msgtype : event ;
event : VIEW ;
eventkey : http://kh39.61why.com/app/index.php?i=2&c=entry&eid=198 ;
menuid : 410600728 ;
from : oKwkYw0D7snKw9WJkTr_EzwW-SF0 ;
to : gh_6536061e4435 ;
time : 1489540615 ;
type : event ;

2017-03-15 09:16:55 params :
------------
Array:
rule : -2 ;
module :  ;
message : Array ;

2017-03-15 09:16:55 response :
------------

2017-03-15 09:17:01 trace :
------------
Array:
tousername : gh_6536061e4435 ;
fromusername : oKwkYw0D7snKw9WJkTr_EzwW-SF0 ;
createtime : 1489540621 ;
msgtype : event ;
event : VIEW ;
eventkey : http://kh39.61why.com/app/index.php?i=2&c=entry&eid=194 ;
menuid : 410600728 ;
from : oKwkYw0D7snKw9WJkTr_EzwW-SF0 ;
to : gh_6536061e4435 ;
time : 1489540621 ;
type : event ;

2017-03-15 09:17:01 params :
------------
Array:
rule : -2 ;
module :  ;
message : Array ;

2017-03-15 09:17:01 response :
------------

2017-03-15 09:18:17 trace :
------------
Array:
tousername : gh_6536061e4435 ;
fromusername : oKwkYw0D7snKw9WJkTr_EzwW-SF0 ;
createtime : 1489540697 ;
msgtype : event ;
event : VIEW ;
eventkey : http://kh39.61why.com/app/index.php?i=2&c=entry&eid=198 ;
menuid : 410600728 ;
from : oKwkYw0D7snKw9WJkTr_EzwW-SF0 ;
to : gh_6536061e4435 ;
time : 1489540697 ;
type : event ;

2017-03-15 09:18:17 params :
------------
Array:
rule : -2 ;
module :  ;
message : Array ;

2017-03-15 09:18:17 response :
------------

2017-03-15 09:21:31 trace :
------------
Array:
tousername : gh_6536061e4435 ;
fromusername : oKwkYw0D7snKw9WJkTr_EzwW-SF0 ;
createtime : 1489540891 ;
msgtype : event ;
event : VIEW ;
eventkey : http://kh39.61why.com/app/index.php?i=2&c=entry&eid=198 ;
menuid : 410600728 ;
from : oKwkYw0D7snKw9WJkTr_EzwW-SF0 ;
to : gh_6536061e4435 ;
time : 1489540891 ;
type : event ;

2017-03-15 09:21:31 params :
------------
Array:
rule : -2 ;
module :  ;
message : Array ;

2017-03-15 09:21:31 response :
------------

2017-03-15 09:44:43 trace :
------------
Array:
tousername : gh_6536061e4435 ;
fromusername : oKwkYwy0WtlRuk_OFwdexqW-9FyY ;
createtime : 1489542283 ;
msgtype : event ;
event : VIEW ;
eventkey : http://kh39.61why.com/app/index.php?i=2&c=entry&eid=194 ;
menuid : 410600728 ;
from : oKwkYwy0WtlRuk_OFwdexqW-9FyY ;
to : gh_6536061e4435 ;
time : 1489542283 ;
type : event ;

2017-03-15 09:44:43 params :
------------
Array:
rule : -2 ;
module :  ;
message : Array ;

2017-03-15 09:44:43 response :
------------

2017-03-15 09:50:07 trace :
------------
Array:
tousername : gh_6536061e4435 ;
fromusername : oKwkYwy0WtlRuk_OFwdexqW-9FyY ;
createtime : 1489542607 ;
msgtype : event ;
event : VIEW ;
eventkey : http://kh39.61why.com/app/index.php?i=2&c=entry&eid=198 ;
menuid : 410600728 ;
from : oKwkYwy0WtlRuk_OFwdexqW-9FyY ;
to : gh_6536061e4435 ;
time : 1489542607 ;
type : event ;

2017-03-15 09:50:07 params :
------------
Array:
rule : -2 ;
module :  ;
message : Array ;

2017-03-15 09:50:07 response :
------------

2017-03-15 10:58:35 trace :
------------
Array:
tousername : gh_6536061e4435 ;
fromusername : oKwkYwz_FtGom2eSyG1qwUGFxNiA ;
createtime : 1489546714 ;
msgtype : event ;
event : VIEW ;
eventkey : http://kh39.61why.com/app/index.php?i=2&c=entry&eid=198 ;
menuid : 410600728 ;
from : oKwkYwz_FtGom2eSyG1qwUGFxNiA ;
to : gh_6536061e4435 ;
time : 1489546714 ;
type : event ;

2017-03-15 10:58:35 params :
------------
Array:
rule : -2 ;
module :  ;
message : Array ;

2017-03-15 10:58:35 response :
------------

2017-03-15 11:00:24 trace :
------------
Array:
tousername : gh_6536061e4435 ;
fromusername : oKwkYw2-i-Lq4tD9FQ1KUydmcxnA ;
createtime : 1489546824 ;
msgtype : event ;
event : VIEW ;
eventkey : http://kh39.61why.com/app/index.php?i=2&c=entry&eid=194 ;
menuid : 410600728 ;
from : oKwkYw2-i-Lq4tD9FQ1KUydmcxnA ;
to : gh_6536061e4435 ;
time : 1489546824 ;
type : event ;

2017-03-15 11:00:24 params :
------------
Array:
rule : -2 ;
module :  ;
message : Array ;

2017-03-15 11:00:24 response :
------------

2017-03-15 11:00:30 trace :
------------
Array:
tousername : gh_6536061e4435 ;
fromusername : oKwkYw2-i-Lq4tD9FQ1KUydmcxnA ;
createtime : 1489546830 ;
msgtype : event ;
event : CLICK ;
eventkey : 二维码 ;
from : oKwkYw2-i-Lq4tD9FQ1KUydmcxnA ;
to : gh_6536061e4435 ;
time : 1489546830 ;
type : event ;

2017-03-15 11:00:31 trace :
------------
Array:
tousername : gh_6536061e4435 ;
fromusername : oKwkYw2-i-Lq4tD9FQ1KUydmcxnA ;
createtime : 1489546831 ;
msgtype : event ;
event : VIEW ;
eventkey : http://kh39.61why.com/app/index.php?i=2&c=entry&eid=198 ;
menuid : 410600728 ;
from : oKwkYw2-i-Lq4tD9FQ1KUydmcxnA ;
to : gh_6536061e4435 ;
time : 1489546831 ;
type : event ;

2017-03-15 11:00:31 params :
------------
Array:
rule : -2 ;
module :  ;
message : Array ;

2017-03-15 11:00:31 response :
------------

2017-03-15 11:01:51 trace :
------------
Array:
tousername : gh_6536061e4435 ;
fromusername : oKwkYw2-i-Lq4tD9FQ1KUydmcxnA ;
createtime : 1489546911 ;
msgtype : event ;
event : VIEW ;
eventkey : http://kh39.61why.com/app/index.php?i=2&c=entry&eid=198 ;
menuid : 410600728 ;
from : oKwkYw2-i-Lq4tD9FQ1KUydmcxnA ;
to : gh_6536061e4435 ;
time : 1489546911 ;
type : event ;

2017-03-15 11:01:51 params :
------------
Array:
rule : -2 ;
module :  ;
message : Array ;

2017-03-15 11:01:51 response :
------------

2017-03-15 11:02:06 trace :
------------
Array:
tousername : gh_6536061e4435 ;
fromusername : oKwkYw2-i-Lq4tD9FQ1KUydmcxnA ;
createtime : 1489546926 ;
msgtype : event ;
event : VIEW ;
eventkey : http://kh39.61why.com/app/index.php?i=2&c=entry&eid=198 ;
menuid : 410600728 ;
from : oKwkYw2-i-Lq4tD9FQ1KUydmcxnA ;
to : gh_6536061e4435 ;
time : 1489546926 ;
type : event ;

2017-03-15 11:02:06 params :
------------
Array:
rule : -2 ;
module :  ;
message : Array ;

2017-03-15 11:02:06 response :
------------

2017-03-15 11:03:02 trace :
------------
Array:
tousername : gh_6536061e4435 ;
fromusername : oKwkYw2-i-Lq4tD9FQ1KUydmcxnA ;
createtime : 1489546982 ;
msgtype : event ;
event : VIEW ;
eventkey : http://kh39.61why.com/app/index.php?i=2&c=entry&eid=198 ;
menuid : 410600728 ;
from : oKwkYw2-i-Lq4tD9FQ1KUydmcxnA ;
to : gh_6536061e4435 ;
time : 1489546982 ;
type : event ;

2017-03-15 11:03:02 params :
------------
Array:
rule : -2 ;
module :  ;
message : Array ;

2017-03-15 11:03:02 response :
------------

2017-03-15 11:07:39 trace :
------------
Array:
tousername : gh_6536061e4435 ;
fromusername : oKwkYw2-i-Lq4tD9FQ1KUydmcxnA ;
createtime : 1489547258 ;
msgtype : event ;
event : VIEW ;
eventkey : http://kh39.61why.com/app/index.php?i=2&c=entry&eid=198 ;
menuid : 410600728 ;
from : oKwkYw2-i-Lq4tD9FQ1KUydmcxnA ;
to : gh_6536061e4435 ;
time : 1489547258 ;
type : event ;

2017-03-15 11:07:39 params :
------------
Array:
rule : -2 ;
module :  ;
message : Array ;

2017-03-15 11:07:39 response :
------------

2017-03-15 11:16:01 trace :
------------
Array:
tousername : gh_6536061e4435 ;
fromusername : oKwkYw2-i-Lq4tD9FQ1KUydmcxnA ;
createtime : 1489547761 ;
msgtype : event ;
event : VIEW ;
eventkey : http://kh39.61why.com/app/index.php?i=2&c=entry&eid=198 ;
menuid : 410600728 ;
from : oKwkYw2-i-Lq4tD9FQ1KUydmcxnA ;
to : gh_6536061e4435 ;
time : 1489547761 ;
type : event ;

2017-03-15 11:16:01 params :
------------
Array:
rule : -2 ;
module :  ;
message : Array ;

2017-03-15 11:16:01 response :
------------

2017-03-15 11:44:07 trace :
------------
Array:
tousername : gh_6536061e4435 ;
fromusername : oKwkYw2-i-Lq4tD9FQ1KUydmcxnA ;
createtime : 1489549447 ;
msgtype : event ;
event : VIEW ;
eventkey : http://kh39.61why.com/app/index.php?i=2&c=entry&eid=198 ;
menuid : 410600728 ;
from : oKwkYw2-i-Lq4tD9FQ1KUydmcxnA ;
to : gh_6536061e4435 ;
time : 1489549447 ;
type : event ;

2017-03-15 11:44:07 params :
------------
Array:
rule : -2 ;
module :  ;
message : Array ;

2017-03-15 11:44:07 response :
------------

2017-03-15 11:47:06 trace :
------------
Array:
tousername : gh_6536061e4435 ;
fromusername : oKwkYw5hiet9aIoMvpfdt0UcJyzc ;
createtime : 1489549625 ;
msgtype : event ;
event : VIEW ;
eventkey : http://kh39.61why.com/app/index.php?i=2&c=entry&eid=198 ;
menuid : 410600728 ;
from : oKwkYw5hiet9aIoMvpfdt0UcJyzc ;
to : gh_6536061e4435 ;
time : 1489549625 ;
type : event ;

2017-03-15 11:47:06 params :
------------
Array:
rule : -2 ;
module :  ;
message : Array ;

2017-03-15 11:47:06 response :
------------

2017-03-15 11:48:02 trace :
------------
Array:
tousername : gh_6536061e4435 ;
fromusername : oKwkYw5hiet9aIoMvpfdt0UcJyzc ;
createtime : 1489549682 ;
msgtype : event ;
event : VIEW ;
eventkey : http://kh39.61why.com/app/index.php?i=2&c=entry&eid=198 ;
menuid : 410600728 ;
from : oKwkYw5hiet9aIoMvpfdt0UcJyzc ;
to : gh_6536061e4435 ;
time : 1489549682 ;
type : event ;

2017-03-15 11:48:02 params :
------------
Array:
rule : -2 ;
module :  ;
message : Array ;

2017-03-15 11:48:02 response :
------------

2017-03-15 11:48:34 trace :
------------
Array:
tousername : gh_6536061e4435 ;
fromusername : oKwkYw5hiet9aIoMvpfdt0UcJyzc ;
createtime : 1489549714 ;
msgtype : event ;
event : VIEW ;
eventkey : http://kh39.61why.com/app/index.php?i=2&c=entry&eid=198 ;
menuid : 410600728 ;
from : oKwkYw5hiet9aIoMvpfdt0UcJyzc ;
to : gh_6536061e4435 ;
time : 1489549714 ;
type : event ;

2017-03-15 11:48:34 params :
------------
Array:
rule : -2 ;
module :  ;
message : Array ;

2017-03-15 11:48:34 response :
------------

2017-03-15 11:49:14 trace :
------------
Array:
tousername : gh_6536061e4435 ;
fromusername : oKwkYw5hiet9aIoMvpfdt0UcJyzc ;
createtime : 1489549754 ;
msgtype : event ;
event : VIEW ;
eventkey : http://kh39.61why.com/app/index.php?i=2&c=entry&eid=198 ;
menuid : 410600728 ;
from : oKwkYw5hiet9aIoMvpfdt0UcJyzc ;
to : gh_6536061e4435 ;
time : 1489549754 ;
type : event ;

2017-03-15 11:49:14 params :
------------
Array:
rule : -2 ;
module :  ;
message : Array ;

2017-03-15 11:49:14 response :
------------

2017-03-15 11:49:58 trace :
------------
Array:
tousername : gh_6536061e4435 ;
fromusername : oKwkYw5hiet9aIoMvpfdt0UcJyzc ;
createtime : 1489549798 ;
msgtype : event ;
event : VIEW ;
eventkey : http://kh39.61why.com/app/index.php?i=2&c=entry&eid=194 ;
menuid : 410600728 ;
from : oKwkYw5hiet9aIoMvpfdt0UcJyzc ;
to : gh_6536061e4435 ;
time : 1489549798 ;
type : event ;

2017-03-15 11:49:58 params :
------------
Array:
rule : -2 ;
module :  ;
message : Array ;

2017-03-15 11:49:58 response :
------------

2017-03-15 12:28:47 trace :
------------
Array:
tousername : gh_6536061e4435 ;
fromusername : oKwkYw1KQ5ff5BZ0dgvipwLgZRns ;
createtime : 1489552126 ;
msgtype : event ;
event : VIEW ;
eventkey : http://kh39.61why.com/app/index.php?i=2&c=entry&eid=198 ;
menuid : 410600728 ;
from : oKwkYw1KQ5ff5BZ0dgvipwLgZRns ;
to : gh_6536061e4435 ;
time : 1489552126 ;
type : event ;

2017-03-15 12:28:47 params :
------------
Array:
rule : -2 ;
module :  ;
message : Array ;

2017-03-15 12:28:47 response :
------------

2017-03-15 12:32:46 trace :
------------
Array:
tousername : gh_6536061e4435 ;
fromusername : oKwkYwyolZuGoXgz_4a6-ubUX5Vo ;
createtime : 1489552366 ;
msgtype : event ;
event : VIEW ;
eventkey : http://kh39.61why.com/app/index.php?i=2&c=entry&eid=194 ;
menuid : 410600728 ;
from : oKwkYwyolZuGoXgz_4a6-ubUX5Vo ;
to : gh_6536061e4435 ;
time : 1489552366 ;
type : event ;

2017-03-15 12:32:46 params :
------------
Array:
rule : -2 ;
module :  ;
message : Array ;

2017-03-15 12:32:46 response :
------------

2017-03-15 13:04:08 trace :
------------
Array:
tousername : gh_6536061e4435 ;
fromusername : oKwkYw_EA3VpOigDUNydKbSRsLyY ;
createtime : 1489554248 ;
msgtype : event ;
event : VIEW ;
eventkey : http://kh39.61why.com/app/index.php?i=2&c=entry&eid=194 ;
menuid : 410600728 ;
from : oKwkYw_EA3VpOigDUNydKbSRsLyY ;
to : gh_6536061e4435 ;
time : 1489554248 ;
type : event ;

2017-03-15 13:04:08 params :
------------
Array:
rule : -2 ;
module :  ;
message : Array ;

2017-03-15 13:04:08 response :
------------

2017-03-15 13:04:41 trace :
------------
Array:
tousername : gh_6536061e4435 ;
fromusername : oKwkYw_EA3VpOigDUNydKbSRsLyY ;
createtime : 1489554281 ;
msgtype : event ;
event : VIEW ;
eventkey : http://kh39.61why.com/app/index.php?i=2&c=entry&eid=198 ;
menuid : 410600728 ;
from : oKwkYw_EA3VpOigDUNydKbSRsLyY ;
to : gh_6536061e4435 ;
time : 1489554281 ;
type : event ;

2017-03-15 13:04:41 params :
------------
Array:
rule : -2 ;
module :  ;
message : Array ;

2017-03-15 13:04:41 response :
------------

2017-03-15 13:41:04 trace :
------------
Array:
tousername : gh_6536061e4435 ;
fromusername : oKwkYw7Bkin9Cejh8Z-6PzFdyV4E ;
createtime : 1489556464 ;
msgtype : event ;
event : SCAN ;
eventkey : 72326a5617c1da674bdd905cf6388505 ;
ticket : gQEh8DwAAAAAAAAAAS5odHRwOi8vd2VpeGluLnFxLmNvbS9xLzAybG14TDBGSDljbzMxMDAwMGcwN2IAAgRvGW5YAwQAAAAA ;
from : oKwkYw7Bkin9Cejh8Z-6PzFdyV4E ;
to : gh_6536061e4435 ;
time : 1489556464 ;
type : subscribe ;
scene : 72326a5617c1da674bdd905cf6388505 ;

2017-03-15 13:43:09 trace :
------------
Array:
tousername : gh_6536061e4435 ;
fromusername : oKwkYw6o3a7otZOCvv25dRVHQX_I ;
createtime : 1489556589 ;
msgtype : event ;
event : subscribe ;
eventkey : qrscene_72326a5617c1da674bdd905cf6388505 ;
ticket : gQEh8DwAAAAAAAAAAS5odHRwOi8vd2VpeGluLnFxLmNvbS9xLzAybG14TDBGSDljbzMxMDAwMGcwN2IAAgRvGW5YAwQAAAAA ;
from : oKwkYw6o3a7otZOCvv25dRVHQX_I ;
to : gh_6536061e4435 ;
time : 1489556589 ;
type : subscribe ;
scene : 72326a5617c1da674bdd905cf6388505 ;

2017-03-15 13:47:51 trace :
------------
Array:
tousername : gh_6536061e4435 ;
fromusername : oKwkYw1hdHu_NiSw4Dn_tLeEcWuc ;
createtime : 1489556871 ;
msgtype : event ;
event : CLICK ;
eventkey : 二维码 ;
from : oKwkYw1hdHu_NiSw4Dn_tLeEcWuc ;
to : gh_6536061e4435 ;
time : 1489556871 ;
type : event ;

2017-03-15 13:47:53 trace :
------------
Array:
tousername : gh_6536061e4435 ;
fromusername : oKwkYw1hdHu_NiSw4Dn_tLeEcWuc ;
createtime : 1489556873 ;
msgtype : event ;
event : CLICK ;
eventkey : 二维码 ;
from : oKwkYw1hdHu_NiSw4Dn_tLeEcWuc ;
to : gh_6536061e4435 ;
time : 1489556873 ;
type : event ;

2017-03-15 13:48:37 trace :
------------
Array:
tousername : gh_6536061e4435 ;
fromusername : oKwkYw4JhrDgEtsmoyMwYrX-YgGg ;
createtime : 1489556917 ;
msgtype : event ;
event : subscribe ;
eventkey : qrscene_21e9a3548a908ff6b3b3ab4ec321b02d ;
ticket : gQFk8jwAAAAAAAAAAS5odHRwOi8vd2VpeGluLnFxLmNvbS9xLzAyQk5iYTEtSDljbzMxMDAwMGcwN0sAAgTooqJYAwQAAAAA ;
from : oKwkYw4JhrDgEtsmoyMwYrX-YgGg ;
to : gh_6536061e4435 ;
time : 1489556917 ;
type : subscribe ;
scene : 21e9a3548a908ff6b3b3ab4ec321b02d ;

2017-03-15 13:48:55 trace :
------------
Array:
tousername : gh_6536061e4435 ;
fromusername : oKwkYw4JhrDgEtsmoyMwYrX-YgGg ;
createtime : 1489556935 ;
msgtype : event ;
event : VIEW ;
eventkey : http://kh39.61why.com/app/index.php?i=2&c=entry&eid=194 ;
menuid : 410600728 ;
from : oKwkYw4JhrDgEtsmoyMwYrX-YgGg ;
to : gh_6536061e4435 ;
time : 1489556935 ;
type : event ;

2017-03-15 13:48:55 params :
------------
Array:
rule : -2 ;
module :  ;
message : Array ;

2017-03-15 13:48:55 response :
------------

2017-03-15 14:04:35 trace :
------------
Array:
tousername : gh_6536061e4435 ;
fromusername : oKwkYw0AIpFiGcZK10quYHjFAg8U ;
createtime : 1489557875 ;
msgtype : event ;
event : SCAN ;
eventkey : 72326a5617c1da674bdd905cf6388505 ;
ticket : gQEh8DwAAAAAAAAAAS5odHRwOi8vd2VpeGluLnFxLmNvbS9xLzAybG14TDBGSDljbzMxMDAwMGcwN2IAAgRvGW5YAwQAAAAA ;
from : oKwkYw0AIpFiGcZK10quYHjFAg8U ;
to : gh_6536061e4435 ;
time : 1489557875 ;
type : subscribe ;
scene : 72326a5617c1da674bdd905cf6388505 ;

2017-03-15 14:04:35 trace :
------------
Array:
tousername : gh_6536061e4435 ;
fromusername : oKwkYw0AIpFiGcZK10quYHjFAg8U ;
createtime : 1489557875 ;
msgtype : event ;
event : SCAN ;
eventkey : 72326a5617c1da674bdd905cf6388505 ;
ticket : gQEh8DwAAAAAAAAAAS5odHRwOi8vd2VpeGluLnFxLmNvbS9xLzAybG14TDBGSDljbzMxMDAwMGcwN2IAAgRvGW5YAwQAAAAA ;
from : oKwkYw0AIpFiGcZK10quYHjFAg8U ;
to : gh_6536061e4435 ;
time : 1489557875 ;
type : subscribe ;
scene : 72326a5617c1da674bdd905cf6388505 ;

2017-03-15 14:05:21 trace :
------------
Array:
tousername : gh_6536061e4435 ;
fromusername : oKwkYw0AIpFiGcZK10quYHjFAg8U ;
createtime : 1489557921 ;
msgtype : event ;
event : subscribe ;
eventkey : qrscene_72326a5617c1da674bdd905cf6388505 ;
ticket : gQEh8DwAAAAAAAAAAS5odHRwOi8vd2VpeGluLnFxLmNvbS9xLzAybG14TDBGSDljbzMxMDAwMGcwN2IAAgRvGW5YAwQAAAAA ;
from : oKwkYw0AIpFiGcZK10quYHjFAg8U ;
to : gh_6536061e4435 ;
time : 1489557921 ;
type : subscribe ;
scene : 72326a5617c1da674bdd905cf6388505 ;

2017-03-15 14:49:09 trace :
------------
Array:
tousername : gh_6536061e4435 ;
fromusername : oKwkYw1hdHu_NiSw4Dn_tLeEcWuc ;
createtime : 1489560549 ;
msgtype : event ;
event : VIEW ;
eventkey : http://kh39.61why.com/app/index.php?i=2&c=entry&eid=198 ;
menuid : 410600728 ;
from : oKwkYw1hdHu_NiSw4Dn_tLeEcWuc ;
to : gh_6536061e4435 ;
time : 1489560549 ;
type : event ;

2017-03-15 14:49:09 params :
------------
Array:
rule : -2 ;
module :  ;
message : Array ;

2017-03-15 14:49:09 response :
------------

2017-03-15 15:00:46 trace :
------------
Array:
tousername : gh_6536061e4435 ;
fromusername : oKwkYw3l0eGz3H7e62pX1IDFxwCY ;
createtime : 1489561246 ;
msgtype : event ;
event : VIEW ;
eventkey : http://kh39.61why.com/app/index.php?i=2&c=entry&eid=194 ;
menuid : 410600728 ;
from : oKwkYw3l0eGz3H7e62pX1IDFxwCY ;
to : gh_6536061e4435 ;
time : 1489561246 ;
type : event ;

2017-03-15 15:00:46 params :
------------
Array:
rule : -2 ;
module :  ;
message : Array ;

2017-03-15 15:00:46 response :
------------

2017-03-15 15:05:50 trace :
------------
Array:
tousername : gh_6536061e4435 ;
fromusername : oKwkYw3l0eGz3H7e62pX1IDFxwCY ;
createtime : 1489561549 ;
msgtype : event ;
event : VIEW ;
eventkey : http://kh39.61why.com/app/index.php?i=2&c=entry&eid=194 ;
menuid : 410600728 ;
from : oKwkYw3l0eGz3H7e62pX1IDFxwCY ;
to : gh_6536061e4435 ;
time : 1489561549 ;
type : event ;

2017-03-15 15:05:50 params :
------------
Array:
rule : -2 ;
module :  ;
message : Array ;

2017-03-15 15:05:50 response :
------------

2017-03-15 15:06:02 trace :
------------
Array:
tousername : gh_6536061e4435 ;
fromusername : oKwkYw3l0eGz3H7e62pX1IDFxwCY ;
createtime : 1489561562 ;
msgtype : event ;
event : VIEW ;
eventkey : http://kh39.61why.com/app/index.php?i=2&c=entry&eid=194 ;
menuid : 410600728 ;
from : oKwkYw3l0eGz3H7e62pX1IDFxwCY ;
to : gh_6536061e4435 ;
time : 1489561562 ;
type : event ;

2017-03-15 15:06:02 params :
------------
Array:
rule : -2 ;
module :  ;
message : Array ;

2017-03-15 15:06:02 response :
------------

2017-03-15 15:11:52 trace :
------------
Array:
tousername : gh_6536061e4435 ;
fromusername : oKwkYw_czhGJMhzRk-PvvkgFyKMI ;
createtime : 1489561912 ;
msgtype : event ;
event : VIEW ;
eventkey : http://kh39.61why.com/app/index.php?i=2&c=entry&eid=194 ;
menuid : 410600728 ;
from : oKwkYw_czhGJMhzRk-PvvkgFyKMI ;
to : gh_6536061e4435 ;
time : 1489561912 ;
type : event ;

2017-03-15 15:11:52 params :
------------
Array:
rule : -2 ;
module :  ;
message : Array ;

2017-03-15 15:11:52 response :
------------

2017-03-15 15:12:39 trace :
------------
Array:
tousername : gh_6536061e4435 ;
fromusername : oKwkYw_J9RB_cOVK9fQ1pD5O99Eo ;
createtime : 1489561959 ;
msgtype : event ;
event : VIEW ;
eventkey : http://kh39.61why.com/app/index.php?i=2&c=entry&eid=194 ;
menuid : 410600728 ;
from : oKwkYw_J9RB_cOVK9fQ1pD5O99Eo ;
to : gh_6536061e4435 ;
time : 1489561959 ;
type : event ;

2017-03-15 15:12:39 params :
------------
Array:
rule : -2 ;
module :  ;
message : Array ;

2017-03-15 15:12:39 response :
------------

2017-03-15 15:14:09 trace :
------------
Array:
tousername : gh_6536061e4435 ;
fromusername : oKwkYw_J9RB_cOVK9fQ1pD5O99Eo ;
createtime : 1489562049 ;
msgtype : event ;
event : CLICK ;
eventkey : 二维码 ;
from : oKwkYw_J9RB_cOVK9fQ1pD5O99Eo ;
to : gh_6536061e4435 ;
time : 1489562049 ;
type : event ;

2017-03-15 15:14:14 trace :
------------
Array:
tousername : gh_6536061e4435 ;
fromusername : oKwkYw_J9RB_cOVK9fQ1pD5O99Eo ;
createtime : 1489562054 ;
msgtype : event ;
event : VIEW ;
eventkey : http://kh39.61why.com/app/index.php?i=2&c=entry&eid=198 ;
menuid : 410600728 ;
from : oKwkYw_J9RB_cOVK9fQ1pD5O99Eo ;
to : gh_6536061e4435 ;
time : 1489562054 ;
type : event ;

2017-03-15 15:14:14 params :
------------
Array:
rule : -2 ;
module :  ;
message : Array ;

2017-03-15 15:14:14 response :
------------

2017-03-15 15:14:31 trace :
------------
Array:
tousername : gh_6536061e4435 ;
fromusername : oKwkYw_J9RB_cOVK9fQ1pD5O99Eo ;
createtime : 1489562071 ;
msgtype : event ;
event : VIEW ;
eventkey : http://kh39.61why.com/app/index.php?i=2&c=entry&eid=198 ;
menuid : 410600728 ;
from : oKwkYw_J9RB_cOVK9fQ1pD5O99Eo ;
to : gh_6536061e4435 ;
time : 1489562071 ;
type : event ;

2017-03-15 15:14:31 params :
------------
Array:
rule : -2 ;
module :  ;
message : Array ;

2017-03-15 15:14:31 response :
------------

2017-03-15 15:45:47 trace :
------------
Array:
tousername : gh_6536061e4435 ;
fromusername : oKwkYw_cP_mkS6WWNjszue0ChK4M ;
createtime : 1489563947 ;
msgtype : event ;
event : VIEW ;
eventkey : http://kh39.61why.com/app/index.php?i=2&c=entry&eid=198 ;
menuid : 410600728 ;
from : oKwkYw_cP_mkS6WWNjszue0ChK4M ;
to : gh_6536061e4435 ;
time : 1489563947 ;
type : event ;

2017-03-15 15:45:47 params :
------------
Array:
rule : -2 ;
module :  ;
message : Array ;

2017-03-15 15:45:47 response :
------------

2017-03-15 16:08:55 trace :
------------
Array:
tousername : gh_6536061e4435 ;
fromusername : oKwkYw_J9RB_cOVK9fQ1pD5O99Eo ;
createtime : 1489565335 ;
msgtype : event ;
event : VIEW ;
eventkey : http://kh39.61why.com/app/index.php?i=2&c=entry&eid=198 ;
menuid : 410600728 ;
from : oKwkYw_J9RB_cOVK9fQ1pD5O99Eo ;
to : gh_6536061e4435 ;
time : 1489565335 ;
type : event ;

2017-03-15 16:08:55 params :
------------
Array:
rule : -2 ;
module :  ;
message : Array ;

2017-03-15 16:08:55 response :
------------

2017-03-15 16:17:59 trace :
------------
Array:
tousername : gh_6536061e4435 ;
fromusername : oKwkYw8lzpp-LDpVW0VwII6pE0DE ;
createtime : 1489565879 ;
msgtype : event ;
event : VIEW ;
eventkey : http://kh39.61why.com/app/index.php?i=2&c=entry&eid=198 ;
menuid : 410600728 ;
from : oKwkYw8lzpp-LDpVW0VwII6pE0DE ;
to : gh_6536061e4435 ;
time : 1489565879 ;
type : event ;

2017-03-15 16:17:59 params :
------------
Array:
rule : -2 ;
module :  ;
message : Array ;

2017-03-15 16:17:59 response :
------------

2017-03-15 16:20:38 trace :
------------
Array:
tousername : gh_6536061e4435 ;
fromusername : oKwkYw_cP_mkS6WWNjszue0ChK4M ;
createtime : 1489566038 ;
msgtype : event ;
event : VIEW ;
eventkey : http://kh39.61why.com/app/index.php?i=2&c=entry&eid=198 ;
menuid : 410600728 ;
from : oKwkYw_cP_mkS6WWNjszue0ChK4M ;
to : gh_6536061e4435 ;
time : 1489566038 ;
type : event ;

2017-03-15 16:20:38 params :
------------
Array:
rule : -2 ;
module :  ;
message : Array ;

2017-03-15 16:20:38 response :
------------

2017-03-15 16:21:20 trace :
------------
Array:
tousername : gh_6536061e4435 ;
fromusername : oKwkYw_cP_mkS6WWNjszue0ChK4M ;
createtime : 1489566080 ;
msgtype : text ;
content : http://kh39.61why.com/app/index.php?i=2&c=entry&mid=446&do=shop&m=sz_yi ;
msgid : 6397637599242229368 ;
from : oKwkYw_cP_mkS6WWNjszue0ChK4M ;
to : gh_6536061e4435 ;
time : 1489566080 ;
type : text ;
event :  ;
redirection :  ;
source :  ;

2017-03-15 16:21:20 params :
------------
Array:
rule : -2 ;
module :  ;
message : Array ;

2017-03-15 16:21:20 response :
------------

2017-03-15 16:21:52 trace :
------------
Array:
tousername : gh_6536061e4435 ;
fromusername : oKwkYw_cP_mkS6WWNjszue0ChK4M ;
createtime : 1489566112 ;
msgtype : event ;
event : CLICK ;
eventkey : 二维码 ;
from : oKwkYw_cP_mkS6WWNjszue0ChK4M ;
to : gh_6536061e4435 ;
time : 1489566112 ;
type : event ;

2017-03-15 16:21:54 trace :
------------
Array:
tousername : gh_6536061e4435 ;
fromusername : oKwkYw_cP_mkS6WWNjszue0ChK4M ;
createtime : 1489566114 ;
msgtype : event ;
event : VIEW ;
eventkey : http://kh39.61why.com/app/index.php?i=2&c=entry&eid=198 ;
menuid : 410600728 ;
from : oKwkYw_cP_mkS6WWNjszue0ChK4M ;
to : gh_6536061e4435 ;
time : 1489566114 ;
type : event ;

2017-03-15 16:21:54 params :
------------
Array:
rule : -2 ;
module :  ;
message : Array ;

2017-03-15 16:21:54 response :
------------

2017-03-15 16:26:19 trace :
------------
Array:
tousername : gh_6536061e4435 ;
fromusername : oKwkYw3l0eGz3H7e62pX1IDFxwCY ;
createtime : 1489566379 ;
msgtype : event ;
event : VIEW ;
eventkey : http://kh39.61why.com/app/index.php?i=2&c=entry&eid=194 ;
menuid : 410600728 ;
from : oKwkYw3l0eGz3H7e62pX1IDFxwCY ;
to : gh_6536061e4435 ;
time : 1489566379 ;
type : event ;

2017-03-15 16:26:19 params :
------------
Array:
rule : -2 ;
module :  ;
message : Array ;

2017-03-15 16:26:19 response :
------------

2017-03-15 16:34:13 trace :
------------
Array:
tousername : gh_6536061e4435 ;
fromusername : oKwkYw8lzpp-LDpVW0VwII6pE0DE ;
createtime : 1489566853 ;
msgtype : event ;
event : VIEW ;
eventkey : http://kh39.61why.com/app/index.php?i=2&c=entry&eid=198 ;
menuid : 410600728 ;
from : oKwkYw8lzpp-LDpVW0VwII6pE0DE ;
to : gh_6536061e4435 ;
time : 1489566853 ;
type : event ;

2017-03-15 16:34:13 params :
------------
Array:
rule : -2 ;
module :  ;
message : Array ;

2017-03-15 16:34:13 response :
------------

2017-03-15 16:52:12 trace :
------------
Array:
tousername : gh_6536061e4435 ;
fromusername : oKwkYw_cP_mkS6WWNjszue0ChK4M ;
createtime : 1489567931 ;
msgtype : text ;
content : u63152e7873944ded2b3df92c18cf16ef ;
msgid : 6397645549226694617 ;
from : oKwkYw_cP_mkS6WWNjszue0ChK4M ;
to : gh_6536061e4435 ;
time : 1489567931 ;
type : text ;
event :  ;
redirection :  ;
source :  ;

2017-03-15 16:52:12 params :
------------
Array:
rule : -2 ;
module :  ;
message : Array ;

2017-03-15 16:52:12 response :
------------

2017-03-15 16:52:25 trace :
------------
Array:
tousername : gh_6536061e4435 ;
fromusername : oKwkYw_cP_mkS6WWNjszue0ChK4M ;
createtime : 1489567945 ;
msgtype : text ;
content : http://hy6.61why.com/app/index.php?i=196&c=entry&m=sz_yi&do=shop&mid=u63152e7873944ded2b3df92c18cf16ef ;
msgid : 6397645609356236766 ;
from : oKwkYw_cP_mkS6WWNjszue0ChK4M ;
to : gh_6536061e4435 ;
time : 1489567945 ;
type : text ;
event :  ;
redirection :  ;
source :  ;

2017-03-15 16:52:25 params :
------------
Array:
rule : -2 ;
module :  ;
message : Array ;

2017-03-15 16:52:25 response :
------------

2017-03-15 17:42:28 trace :
------------
Array:
tousername : gh_6536061e4435 ;
fromusername : oKwkYwy552o7_eUisSRD3QHthqs8 ;
createtime : 1489570948 ;
msgtype : event ;
event : CLICK ;
eventkey : 二维码 ;
from : oKwkYwy552o7_eUisSRD3QHthqs8 ;
to : gh_6536061e4435 ;
time : 1489570948 ;
type : event ;

2017-03-15 17:46:38 trace :
------------
Array:
tousername : gh_6536061e4435 ;
fromusername : oKwkYw3l0eGz3H7e62pX1IDFxwCY ;
createtime : 1489571198 ;
msgtype : event ;
event : VIEW ;
eventkey : http://kh39.61why.com/app/index.php?i=2&c=entry&eid=194 ;
menuid : 410600728 ;
from : oKwkYw3l0eGz3H7e62pX1IDFxwCY ;
to : gh_6536061e4435 ;
time : 1489571198 ;
type : event ;

2017-03-15 17:46:38 params :
------------
Array:
rule : -2 ;
module :  ;
message : Array ;

2017-03-15 17:46:38 response :
------------

2017-03-15 17:50:32 trace :
------------
Array:
tousername : gh_6536061e4435 ;
fromusername : oKwkYwy552o7_eUisSRD3QHthqs8 ;
createtime : 1489571432 ;
msgtype : event ;
event : VIEW ;
eventkey : http://kh39.61why.com/app/index.php?i=2&c=entry&eid=198 ;
menuid : 410600728 ;
from : oKwkYwy552o7_eUisSRD3QHthqs8 ;
to : gh_6536061e4435 ;
time : 1489571432 ;
type : event ;

2017-03-15 17:50:32 params :
------------
Array:
rule : -2 ;
module :  ;
message : Array ;

2017-03-15 17:50:32 response :
------------

2017-03-15 17:56:25 trace :
------------
Array:
tousername : gh_6536061e4435 ;
fromusername : oKwkYwz5jocc5nln2_CmVmMxG6yU ;
createtime : 1489571785 ;
msgtype : event ;
event : subscribe ;
eventkey : qrscene_6ab24f9b8fbf776edb0b87013ba06278 ;
ticket : gQHe8TwAAAAAAAAAAS5odHRwOi8vd2VpeGluLnFxLmNvbS9xLzAyZWhEdDFUSDljbzMxMDAwMHcwN2EAAgS8tcJYAwQAAAAA ;
from : oKwkYwz5jocc5nln2_CmVmMxG6yU ;
to : gh_6536061e4435 ;
time : 1489571785 ;
type : subscribe ;
scene : 6ab24f9b8fbf776edb0b87013ba06278 ;

2017-03-15 17:56:33 trace :
------------
Array:
tousername : gh_6536061e4435 ;
fromusername : oKwkYwz5jocc5nln2_CmVmMxG6yU ;
createtime : 1489571793 ;
msgtype : event ;
event : CLICK ;
eventkey : 二维码 ;
from : oKwkYwz5jocc5nln2_CmVmMxG6yU ;
to : gh_6536061e4435 ;
time : 1489571793 ;
type : event ;

2017-03-15 17:56:43 trace :
------------
Array:
tousername : gh_6536061e4435 ;
fromusername : oKwkYwz5jocc5nln2_CmVmMxG6yU ;
createtime : 1489571803 ;
msgtype : event ;
event : SCAN ;
eventkey : 6ab24f9b8fbf776edb0b87013ba06278 ;
ticket : gQHe8TwAAAAAAAAAAS5odHRwOi8vd2VpeGluLnFxLmNvbS9xLzAyZWhEdDFUSDljbzMxMDAwMHcwN2EAAgS8tcJYAwQAAAAA ;
from : oKwkYwz5jocc5nln2_CmVmMxG6yU ;
to : gh_6536061e4435 ;
time : 1489571803 ;
type : subscribe ;
scene : 6ab24f9b8fbf776edb0b87013ba06278 ;

2017-03-15 17:59:01 trace :
------------
Array:
tousername : gh_6536061e4435 ;
fromusername : oKwkYwy552o7_eUisSRD3QHthqs8 ;
createtime : 1489571941 ;
msgtype : event ;
event : CLICK ;
eventkey : 二维码 ;
from : oKwkYwy552o7_eUisSRD3QHthqs8 ;
to : gh_6536061e4435 ;
time : 1489571941 ;
type : event ;

2017-03-15 18:02:38 trace :
------------
Array:
tousername : gh_6536061e4435 ;
fromusername : oKwkYwy552o7_eUisSRD3QHthqs8 ;
createtime : 1489572158 ;
msgtype : event ;
event : CLICK ;
eventkey : 二维码 ;
from : oKwkYwy552o7_eUisSRD3QHthqs8 ;
to : gh_6536061e4435 ;
time : 1489572158 ;
type : event ;

2017-03-15 18:02:45 trace :
------------
Array:
tousername : gh_6536061e4435 ;
fromusername : oKwkYwy552o7_eUisSRD3QHthqs8 ;
createtime : 1489572165 ;
msgtype : event ;
event : CLICK ;
eventkey : 二维码 ;
from : oKwkYwy552o7_eUisSRD3QHthqs8 ;
to : gh_6536061e4435 ;
time : 1489572165 ;
type : event ;

2017-03-15 18:02:46 trace :
------------
Array:
tousername : gh_6536061e4435 ;
fromusername : oKwkYwy552o7_eUisSRD3QHthqs8 ;
createtime : 1489572166 ;
msgtype : event ;
event : CLICK ;
eventkey : 二维码 ;
from : oKwkYwy552o7_eUisSRD3QHthqs8 ;
to : gh_6536061e4435 ;
time : 1489572166 ;
type : event ;

2017-03-15 18:03:47 trace :
------------
Array:
tousername : gh_6536061e4435 ;
fromusername : oKwkYwy552o7_eUisSRD3QHthqs8 ;
createtime : 1489572227 ;
msgtype : event ;
event : VIEW ;
eventkey : http://kh39.61why.com/app/index.php?i=2&c=entry&eid=194 ;
menuid : 410600728 ;
from : oKwkYwy552o7_eUisSRD3QHthqs8 ;
to : gh_6536061e4435 ;
time : 1489572227 ;
type : event ;

2017-03-15 18:03:47 params :
------------
Array:
rule : -2 ;
module :  ;
message : Array ;

2017-03-15 18:03:47 response :
------------

2017-03-15 18:07:10 trace :
------------
Array:
tousername : gh_6536061e4435 ;
fromusername : oKwkYwy552o7_eUisSRD3QHthqs8 ;
createtime : 1489572430 ;
msgtype : event ;
event : VIEW ;
eventkey : http://kh39.61why.com/app/index.php?i=2&c=entry&eid=198 ;
menuid : 410600728 ;
from : oKwkYwy552o7_eUisSRD3QHthqs8 ;
to : gh_6536061e4435 ;
time : 1489572430 ;
type : event ;

2017-03-15 18:07:10 params :
------------
Array:
rule : -2 ;
module :  ;
message : Array ;

2017-03-15 18:07:10 response :
------------

2017-03-15 18:08:55 trace :
------------
Array:
tousername : gh_6536061e4435 ;
fromusername : oKwkYwy552o7_eUisSRD3QHthqs8 ;
createtime : 1489572535 ;
msgtype : event ;
event : CLICK ;
eventkey : 二维码 ;
from : oKwkYwy552o7_eUisSRD3QHthqs8 ;
to : gh_6536061e4435 ;
time : 1489572535 ;
type : event ;

2017-03-15 18:09:21 trace :
------------
Array:
tousername : gh_6536061e4435 ;
fromusername : oKwkYwz5jocc5nln2_CmVmMxG6yU ;
createtime : 1489572561 ;
msgtype : event ;
event : subscribe ;
eventkey : qrscene_6ab24f9b8fbf776edb0b87013ba06278 ;
ticket : gQHe8TwAAAAAAAAAAS5odHRwOi8vd2VpeGluLnFxLmNvbS9xLzAyZWhEdDFUSDljbzMxMDAwMHcwN2EAAgS8tcJYAwQAAAAA ;
from : oKwkYwz5jocc5nln2_CmVmMxG6yU ;
to : gh_6536061e4435 ;
time : 1489572561 ;
type : subscribe ;
scene : 6ab24f9b8fbf776edb0b87013ba06278 ;

2017-03-15 18:09:26 trace :
------------
Array:
tousername : gh_6536061e4435 ;
fromusername : oKwkYwz5jocc5nln2_CmVmMxG6yU ;
createtime : 1489572566 ;
msgtype : event ;
event : VIEW ;
eventkey : http://kh39.61why.com/app/index.php?i=2&c=entry&eid=194 ;
menuid : 410600728 ;
from : oKwkYwz5jocc5nln2_CmVmMxG6yU ;
to : gh_6536061e4435 ;
time : 1489572566 ;
type : event ;

2017-03-15 18:09:26 params :
------------
Array:
rule : -2 ;
module :  ;
message : Array ;

2017-03-15 18:09:26 response :
------------

2017-03-15 18:30:42 trace :
------------
Array:
tousername : gh_6536061e4435 ;
fromusername : oKwkYwyjERfw7XYg2QL9r-EmTJic ;
createtime : 1489573841 ;
msgtype : event ;
event : VIEW ;
eventkey : http://kh39.61why.com/app/index.php?i=2&c=entry&eid=198 ;
menuid : 410600728 ;
from : oKwkYwyjERfw7XYg2QL9r-EmTJic ;
to : gh_6536061e4435 ;
time : 1489573841 ;
type : event ;

2017-03-15 18:30:42 params :
------------
Array:
rule : -2 ;
module :  ;
message : Array ;

2017-03-15 18:30:42 response :
------------

2017-03-15 18:36:12 trace :
------------
Array:
tousername : gh_6536061e4435 ;
fromusername : oKwkYw0AIpFiGcZK10quYHjFAg8U ;
createtime : 1489574172 ;
msgtype : event ;
event : VIEW ;
eventkey : http://kh39.61why.com/app/index.php?i=2&c=entry&eid=194 ;
menuid : 410600728 ;
from : oKwkYw0AIpFiGcZK10quYHjFAg8U ;
to : gh_6536061e4435 ;
time : 1489574172 ;
type : event ;

2017-03-15 18:36:12 params :
------------
Array:
rule : -2 ;
module :  ;
message : Array ;

2017-03-15 18:36:12 response :
------------

2017-03-15 18:50:19 trace :
------------
Array:
tousername : gh_6536061e4435 ;
fromusername : oKwkYwy552o7_eUisSRD3QHthqs8 ;
createtime : 1489575019 ;
msgtype : event ;
event : VIEW ;
eventkey : http://kh39.61why.com/app/index.php?i=2&c=entry&eid=198 ;
menuid : 410600728 ;
from : oKwkYwy552o7_eUisSRD3QHthqs8 ;
to : gh_6536061e4435 ;
time : 1489575019 ;
type : event ;

2017-03-15 18:50:19 params :
------------
Array:
rule : -2 ;
module :  ;
message : Array ;

2017-03-15 18:50:19 response :
------------

2017-03-15 18:51:41 trace :
------------
Array:
tousername : gh_6536061e4435 ;
fromusername : oKwkYwy552o7_eUisSRD3QHthqs8 ;
createtime : 1489575101 ;
msgtype : event ;
event : VIEW ;
eventkey : http://kh39.61why.com/app/index.php?i=2&c=entry&eid=198 ;
menuid : 410600728 ;
from : oKwkYwy552o7_eUisSRD3QHthqs8 ;
to : gh_6536061e4435 ;
time : 1489575101 ;
type : event ;

2017-03-15 18:51:41 params :
------------
Array:
rule : -2 ;
module :  ;
message : Array ;

2017-03-15 18:51:41 response :
------------

2017-03-15 19:30:42 trace :
------------
Array:
tousername : gh_6536061e4435 ;
fromusername : oKwkYw5S8zWw6zCS6dGdWuuV95fM ;
createtime : 1489577442 ;
msgtype : event ;
event : VIEW ;
eventkey : http://kh39.61why.com/app/index.php?i=2&c=entry&eid=198 ;
menuid : 410600728 ;
from : oKwkYw5S8zWw6zCS6dGdWuuV95fM ;
to : gh_6536061e4435 ;
time : 1489577442 ;
type : event ;

2017-03-15 19:30:42 params :
------------
Array:
rule : -2 ;
module :  ;
message : Array ;

2017-03-15 19:30:42 response :
------------

2017-03-15 19:31:18 trace :
------------
Array:
tousername : gh_6536061e4435 ;
fromusername : oKwkYw5S8zWw6zCS6dGdWuuV95fM ;
createtime : 1489577478 ;
msgtype : event ;
event : VIEW ;
eventkey : http://kh39.61why.com/app/index.php?i=2&c=entry&eid=194 ;
menuid : 410600728 ;
from : oKwkYw5S8zWw6zCS6dGdWuuV95fM ;
to : gh_6536061e4435 ;
time : 1489577478 ;
type : event ;

2017-03-15 19:31:18 params :
------------
Array:
rule : -2 ;
module :  ;
message : Array ;

2017-03-15 19:31:18 response :
------------

2017-03-15 19:38:38 trace :
------------
Array:
tousername : gh_6536061e4435 ;
fromusername : oKwkYw0w4lZ5-dd0xtiGGCxzkcbA ;
createtime : 1489577918 ;
msgtype : event ;
event : VIEW ;
eventkey : http://kh39.61why.com/app/index.php?i=2&c=entry&eid=194 ;
menuid : 410600728 ;
from : oKwkYw0w4lZ5-dd0xtiGGCxzkcbA ;
to : gh_6536061e4435 ;
time : 1489577918 ;
type : event ;

2017-03-15 19:38:38 params :
------------
Array:
rule : -2 ;
module :  ;
message : Array ;

2017-03-15 19:38:38 response :
------------

2017-03-15 19:43:13 trace :
------------
Array:
tousername : gh_6536061e4435 ;
fromusername : oKwkYw73fcUnWiyMDDBQMAekYhZI ;
createtime : 1489578193 ;
msgtype : event ;
event : VIEW ;
eventkey : http://kh39.61why.com/app/index.php?i=2&c=entry&eid=194 ;
menuid : 410600728 ;
from : oKwkYw73fcUnWiyMDDBQMAekYhZI ;
to : gh_6536061e4435 ;
time : 1489578193 ;
type : event ;

2017-03-15 19:43:13 params :
------------
Array:
rule : -2 ;
module :  ;
message : Array ;

2017-03-15 19:43:13 response :
------------

2017-03-15 19:43:38 trace :
------------
Array:
tousername : gh_6536061e4435 ;
fromusername : oKwkYw0w4lZ5-dd0xtiGGCxzkcbA ;
createtime : 1489578218 ;
msgtype : event ;
event : VIEW ;
eventkey : http://kh39.61why.com/app/index.php?i=2&c=entry&eid=194 ;
menuid : 410600728 ;
from : oKwkYw0w4lZ5-dd0xtiGGCxzkcbA ;
to : gh_6536061e4435 ;
time : 1489578218 ;
type : event ;

2017-03-15 19:43:38 params :
------------
Array:
rule : -2 ;
module :  ;
message : Array ;

2017-03-15 19:43:38 response :
------------

2017-03-15 19:53:25 trace :
------------
Array:
tousername : gh_6536061e4435 ;
fromusername : oKwkYw5aHcyjux9ql6D7O9WEBmx4 ;
createtime : 1489578805 ;
msgtype : event ;
event : VIEW ;
eventkey : http://kh39.61why.com/app/index.php?i=2&c=entry&eid=198 ;
menuid : 410600728 ;
from : oKwkYw5aHcyjux9ql6D7O9WEBmx4 ;
to : gh_6536061e4435 ;
time : 1489578805 ;
type : event ;

2017-03-15 19:53:25 params :
------------
Array:
rule : -2 ;
module :  ;
message : Array ;

2017-03-15 19:53:25 response :
------------

2017-03-15 19:53:25 trace :
------------
Array:
tousername : gh_6536061e4435 ;
fromusername : oKwkYw5aHcyjux9ql6D7O9WEBmx4 ;
createtime : 1489578805 ;
msgtype : event ;
event : VIEW ;
eventkey : http://kh39.61why.com/app/index.php?i=2&c=entry&eid=198 ;
menuid : 410600728 ;
from : oKwkYw5aHcyjux9ql6D7O9WEBmx4 ;
to : gh_6536061e4435 ;
time : 1489578805 ;
type : event ;

2017-03-15 19:53:25 params :
------------
Array:
rule : -2 ;
module :  ;
message : Array ;

2017-03-15 19:53:25 response :
------------

2017-03-15 20:22:31 trace :
------------
Array:
tousername : gh_6536061e4435 ;
fromusername : oKwkYw5hiet9aIoMvpfdt0UcJyzc ;
createtime : 1489580551 ;
msgtype : event ;
event : VIEW ;
eventkey : http://kh39.61why.com/app/index.php?i=2&c=entry&eid=198 ;
menuid : 410600728 ;
from : oKwkYw5hiet9aIoMvpfdt0UcJyzc ;
to : gh_6536061e4435 ;
time : 1489580551 ;
type : event ;

2017-03-15 20:22:31 params :
------------
Array:
rule : -2 ;
module :  ;
message : Array ;

2017-03-15 20:22:31 response :
------------

2017-03-15 20:25:51 trace :
------------
Array:
tousername : gh_6536061e4435 ;
fromusername : oKwkYw5hiet9aIoMvpfdt0UcJyzc ;
createtime : 1489580750 ;
msgtype : event ;
event : VIEW ;
eventkey : http://kh39.61why.com/app/index.php?i=2&c=entry&eid=198 ;
menuid : 410600728 ;
from : oKwkYw5hiet9aIoMvpfdt0UcJyzc ;
to : gh_6536061e4435 ;
time : 1489580750 ;
type : event ;

2017-03-15 20:25:51 params :
------------
Array:
rule : -2 ;
module :  ;
message : Array ;

2017-03-15 20:25:51 response :
------------

2017-03-15 20:27:17 trace :
------------
Array:
tousername : gh_6536061e4435 ;
fromusername : oKwkYwyolZuGoXgz_4a6-ubUX5Vo ;
createtime : 1489580836 ;
msgtype : event ;
event : VIEW ;
eventkey : http://kh39.61why.com/app/index.php?i=2&c=entry&eid=194 ;
menuid : 410600728 ;
from : oKwkYwyolZuGoXgz_4a6-ubUX5Vo ;
to : gh_6536061e4435 ;
time : 1489580836 ;
type : event ;

2017-03-15 20:27:17 params :
------------
Array:
rule : -2 ;
module :  ;
message : Array ;

2017-03-15 20:27:17 response :
------------

2017-03-15 20:28:38 trace :
------------
Array:
tousername : gh_6536061e4435 ;
fromusername : oKwkYwyolZuGoXgz_4a6-ubUX5Vo ;
createtime : 1489580918 ;
msgtype : event ;
event : VIEW ;
eventkey : http://kh39.61why.com/app/index.php?i=2&c=entry&eid=194 ;
menuid : 410600728 ;
from : oKwkYwyolZuGoXgz_4a6-ubUX5Vo ;
to : gh_6536061e4435 ;
time : 1489580918 ;
type : event ;

2017-03-15 20:28:38 params :
------------
Array:
rule : -2 ;
module :  ;
message : Array ;

2017-03-15 20:28:38 response :
------------

2017-03-15 20:29:02 trace :
------------
Array:
tousername : gh_6536061e4435 ;
fromusername : oKwkYwyolZuGoXgz_4a6-ubUX5Vo ;
createtime : 1489580942 ;
msgtype : event ;
event : VIEW ;
eventkey : http://kh39.61why.com/app/index.php?i=2&c=entry&eid=194 ;
menuid : 410600728 ;
from : oKwkYwyolZuGoXgz_4a6-ubUX5Vo ;
to : gh_6536061e4435 ;
time : 1489580942 ;
type : event ;

2017-03-15 20:29:02 params :
------------
Array:
rule : -2 ;
module :  ;
message : Array ;

2017-03-15 20:29:02 response :
------------

2017-03-15 20:29:47 trace :
------------
Array:
tousername : gh_6536061e4435 ;
fromusername : oKwkYwyolZuGoXgz_4a6-ubUX5Vo ;
createtime : 1489580987 ;
msgtype : event ;
event : VIEW ;
eventkey : http://kh39.61why.com/app/index.php?i=2&c=entry&eid=194 ;
menuid : 410600728 ;
from : oKwkYwyolZuGoXgz_4a6-ubUX5Vo ;
to : gh_6536061e4435 ;
time : 1489580987 ;
type : event ;

2017-03-15 20:29:47 params :
------------
Array:
rule : -2 ;
module :  ;
message : Array ;

2017-03-15 20:29:47 response :
------------

2017-03-15 20:29:55 trace :
------------
Array:
tousername : gh_6536061e4435 ;
fromusername : oKwkYw5hiet9aIoMvpfdt0UcJyzc ;
createtime : 1489580995 ;
msgtype : event ;
event : VIEW ;
eventkey : http://kh39.61why.com/app/index.php?i=2&c=entry&eid=198 ;
menuid : 410600728 ;
from : oKwkYw5hiet9aIoMvpfdt0UcJyzc ;
to : gh_6536061e4435 ;
time : 1489580995 ;
type : event ;

2017-03-15 20:29:55 params :
------------
Array:
rule : -2 ;
module :  ;
message : Array ;

2017-03-15 20:29:55 response :
------------

2017-03-15 20:31:52 trace :
------------
Array:
tousername : gh_6536061e4435 ;
fromusername : oKwkYw03W1Pov3xT2Hvnj_ODN-Ug ;
createtime : 1489581112 ;
msgtype : event ;
event : VIEW ;
eventkey : http://kh39.61why.com/app/index.php?i=2&c=entry&eid=198 ;
menuid : 410600728 ;
from : oKwkYw03W1Pov3xT2Hvnj_ODN-Ug ;
to : gh_6536061e4435 ;
time : 1489581112 ;
type : event ;

2017-03-15 20:31:52 params :
------------
Array:
rule : -2 ;
module :  ;
message : Array ;

2017-03-15 20:31:52 response :
------------

2017-03-15 20:38:22 trace :
------------
Array:
tousername : gh_6536061e4435 ;
fromusername : oKwkYw5hiet9aIoMvpfdt0UcJyzc ;
createtime : 1489581502 ;
msgtype : event ;
event : CLICK ;
eventkey : 二维码 ;
from : oKwkYw5hiet9aIoMvpfdt0UcJyzc ;
to : gh_6536061e4435 ;
time : 1489581502 ;
type : event ;

2017-03-15 20:40:56 trace :
------------
Array:
tousername : gh_6536061e4435 ;
fromusername : oKwkYwyolZuGoXgz_4a6-ubUX5Vo ;
createtime : 1489581656 ;
msgtype : event ;
event : VIEW ;
eventkey : http://kh39.61why.com/app/index.php?i=2&c=entry&eid=194 ;
menuid : 410600728 ;
from : oKwkYwyolZuGoXgz_4a6-ubUX5Vo ;
to : gh_6536061e4435 ;
time : 1489581656 ;
type : event ;

2017-03-15 20:40:56 params :
------------
Array:
rule : -2 ;
module :  ;
message : Array ;

2017-03-15 20:40:56 response :
------------

2017-03-15 20:41:17 trace :
------------
Array:
tousername : gh_6536061e4435 ;
fromusername : oKwkYw5hiet9aIoMvpfdt0UcJyzc ;
createtime : 1489581677 ;
msgtype : event ;
event : VIEW ;
eventkey : http://kh39.61why.com/app/index.php?i=2&c=entry&eid=198 ;
menuid : 410600728 ;
from : oKwkYw5hiet9aIoMvpfdt0UcJyzc ;
to : gh_6536061e4435 ;
time : 1489581677 ;
type : event ;

2017-03-15 20:41:17 params :
------------
Array:
rule : -2 ;
module :  ;
message : Array ;

2017-03-15 20:41:17 response :
------------

2017-03-15 20:43:40 trace :
------------
Array:
tousername : gh_6536061e4435 ;
fromusername : oKwkYwyolZuGoXgz_4a6-ubUX5Vo ;
createtime : 1489581820 ;
msgtype : event ;
event : VIEW ;
eventkey : http://kh39.61why.com/app/index.php?i=2&c=entry&eid=194 ;
menuid : 410600728 ;
from : oKwkYwyolZuGoXgz_4a6-ubUX5Vo ;
to : gh_6536061e4435 ;
time : 1489581820 ;
type : event ;

2017-03-15 20:43:40 params :
------------
Array:
rule : -2 ;
module :  ;
message : Array ;

2017-03-15 20:43:40 response :
------------

2017-03-15 20:43:45 trace :
------------
Array:
tousername : gh_6536061e4435 ;
fromusername : oKwkYwyolZuGoXgz_4a6-ubUX5Vo ;
createtime : 1489581825 ;
msgtype : event ;
event : CLICK ;
eventkey : 二维码 ;
from : oKwkYwyolZuGoXgz_4a6-ubUX5Vo ;
to : gh_6536061e4435 ;
time : 1489581825 ;
type : event ;

2017-03-15 20:45:49 trace :
------------
Array:
tousername : gh_6536061e4435 ;
fromusername : oKwkYw03W1Pov3xT2Hvnj_ODN-Ug ;
createtime : 1489581949 ;
msgtype : event ;
event : VIEW ;
eventkey : http://kh39.61why.com/app/index.php?i=2&c=entry&eid=198 ;
menuid : 410600728 ;
from : oKwkYw03W1Pov3xT2Hvnj_ODN-Ug ;
to : gh_6536061e4435 ;
time : 1489581949 ;
type : event ;

2017-03-15 20:45:49 params :
------------
Array:
rule : -2 ;
module :  ;
message : Array ;

2017-03-15 20:45:49 response :
------------

2017-03-15 20:47:37 trace :
------------
Array:
tousername : gh_6536061e4435 ;
fromusername : oKwkYw0w4lZ5-dd0xtiGGCxzkcbA ;
createtime : 1489582056 ;
msgtype : event ;
event : SCAN ;
eventkey : d8aef4db56ee9b3875f012496226d43e ;
ticket : gQGI8DwAAAAAAAAAAS5odHRwOi8vd2VpeGluLnFxLmNvbS9xLzAyd21ZRjFrSDljbzMxMDAwMGcwN0QAAgQeFW5YAwQAAAAA ;
from : oKwkYw0w4lZ5-dd0xtiGGCxzkcbA ;
to : gh_6536061e4435 ;
time : 1489582056 ;
type : subscribe ;
scene : d8aef4db56ee9b3875f012496226d43e ;

2017-03-15 20:47:52 trace :
------------
Array:
tousername : gh_6536061e4435 ;
fromusername : oKwkYw0w4lZ5-dd0xtiGGCxzkcbA ;
createtime : 1489582072 ;
msgtype : event ;
event : VIEW ;
eventkey : http://kh39.61why.com/app/index.php?i=2&c=entry&eid=198 ;
menuid : 410600728 ;
from : oKwkYw0w4lZ5-dd0xtiGGCxzkcbA ;
to : gh_6536061e4435 ;
time : 1489582072 ;
type : event ;

2017-03-15 20:47:52 params :
------------
Array:
rule : -2 ;
module :  ;
message : Array ;

2017-03-15 20:47:52 response :
------------

2017-03-15 20:49:45 trace :
------------
Array:
tousername : gh_6536061e4435 ;
fromusername : oKwkYw0w4lZ5-dd0xtiGGCxzkcbA ;
createtime : 1489582185 ;
msgtype : event ;
event : SCAN ;
eventkey : d8aef4db56ee9b3875f012496226d43e ;
ticket : gQGI8DwAAAAAAAAAAS5odHRwOi8vd2VpeGluLnFxLmNvbS9xLzAyd21ZRjFrSDljbzMxMDAwMGcwN0QAAgQeFW5YAwQAAAAA ;
from : oKwkYw0w4lZ5-dd0xtiGGCxzkcbA ;
to : gh_6536061e4435 ;
time : 1489582185 ;
type : subscribe ;
scene : d8aef4db56ee9b3875f012496226d43e ;

2017-03-15 21:08:36 trace :
------------
Array:
tousername : gh_6536061e4435 ;
fromusername : oKwkYw5hiet9aIoMvpfdt0UcJyzc ;
createtime : 1489583316 ;
msgtype : event ;
event : CLICK ;
eventkey : 二维码 ;
from : oKwkYw5hiet9aIoMvpfdt0UcJyzc ;
to : gh_6536061e4435 ;
time : 1489583316 ;
type : event ;

2017-03-15 21:09:12 trace :
------------
Array:
tousername : gh_6536061e4435 ;
fromusername : oKwkYw03W1Pov3xT2Hvnj_ODN-Ug ;
createtime : 1489583352 ;
msgtype : event ;
event : SCAN ;
eventkey : 1169885aff7e37d33933c2550d666501 ;
ticket : gQGw8DwAAAAAAAAAAS5odHRwOi8vd2VpeGluLnFxLmNvbS9xLzAyU283eTF0SDljbzMxMDAwMDAwN1kAAgR2v25YAwQAAAAA ;
from : oKwkYw03W1Pov3xT2Hvnj_ODN-Ug ;
to : gh_6536061e4435 ;
time : 1489583352 ;
type : subscribe ;
scene : 1169885aff7e37d33933c2550d666501 ;

2017-03-15 21:11:26 trace :
------------
Array:
tousername : gh_6536061e4435 ;
fromusername : oKwkYw5GZRkO5B91utznCp_EGPtQ ;
createtime : 1489583486 ;
msgtype : event ;
event : subscribe ;
eventkey : qrscene_d8aef4db56ee9b3875f012496226d43e ;
ticket : gQGI8DwAAAAAAAAAAS5odHRwOi8vd2VpeGluLnFxLmNvbS9xLzAyd21ZRjFrSDljbzMxMDAwMGcwN0QAAgQeFW5YAwQAAAAA ;
from : oKwkYw5GZRkO5B91utznCp_EGPtQ ;
to : gh_6536061e4435 ;
time : 1489583486 ;
type : subscribe ;
scene : d8aef4db56ee9b3875f012496226d43e ;

2017-03-15 21:20:19 trace :
------------
Array:
tousername : gh_6536061e4435 ;
fromusername : oKwkYw9A27iCE2wbx5IXncAJ21Sw ;
createtime : 1489584019 ;
msgtype : event ;
event : VIEW ;
eventkey : http://kh39.61why.com/app/index.php?i=2&c=entry&eid=194 ;
menuid : 410600728 ;
from : oKwkYw9A27iCE2wbx5IXncAJ21Sw ;
to : gh_6536061e4435 ;
time : 1489584019 ;
type : event ;

2017-03-15 21:20:19 params :
------------
Array:
rule : -2 ;
module :  ;
message : Array ;

2017-03-15 21:20:19 response :
------------

2017-03-15 21:23:02 trace :
------------
Array:
tousername : gh_6536061e4435 ;
fromusername : oKwkYw9A27iCE2wbx5IXncAJ21Sw ;
createtime : 1489584182 ;
msgtype : event ;
event : VIEW ;
eventkey : http://kh39.61why.com/app/index.php?i=2&c=entry&eid=198 ;
menuid : 410600728 ;
from : oKwkYw9A27iCE2wbx5IXncAJ21Sw ;
to : gh_6536061e4435 ;
time : 1489584182 ;
type : event ;

2017-03-15 21:23:02 params :
------------
Array:
rule : -2 ;
module :  ;
message : Array ;

2017-03-15 21:23:02 response :
------------

2017-03-15 21:23:29 trace :
------------
Array:
tousername : gh_6536061e4435 ;
fromusername : oKwkYw03W1Pov3xT2Hvnj_ODN-Ug ;
createtime : 1489584209 ;
msgtype : event ;
event : VIEW ;
eventkey : http://kh39.61why.com/app/index.php?i=2&c=entry&eid=198 ;
menuid : 410600728 ;
from : oKwkYw03W1Pov3xT2Hvnj_ODN-Ug ;
to : gh_6536061e4435 ;
time : 1489584209 ;
type : event ;

2017-03-15 21:23:29 params :
------------
Array:
rule : -2 ;
module :  ;
message : Array ;

2017-03-15 21:23:29 response :
------------

2017-03-15 21:24:30 trace :
------------
Array:
tousername : gh_6536061e4435 ;
fromusername : oKwkYw9A27iCE2wbx5IXncAJ21Sw ;
createtime : 1489584270 ;
msgtype : event ;
event : VIEW ;
eventkey : http://kh39.61why.com/app/index.php?i=2&c=entry&eid=194 ;
menuid : 410600728 ;
from : oKwkYw9A27iCE2wbx5IXncAJ21Sw ;
to : gh_6536061e4435 ;
time : 1489584270 ;
type : event ;

2017-03-15 21:24:30 params :
------------
Array:
rule : -2 ;
module :  ;
message : Array ;

2017-03-15 21:24:30 response :
------------

2017-03-15 21:24:32 trace :
------------
Array:
tousername : gh_6536061e4435 ;
fromusername : oKwkYw9A27iCE2wbx5IXncAJ21Sw ;
createtime : 1489584272 ;
msgtype : event ;
event : VIEW ;
eventkey : http://kh39.61why.com/app/index.php?i=2&c=entry&eid=198 ;
menuid : 410600728 ;
from : oKwkYw9A27iCE2wbx5IXncAJ21Sw ;
to : gh_6536061e4435 ;
time : 1489584272 ;
type : event ;

2017-03-15 21:24:32 params :
------------
Array:
rule : -2 ;
module :  ;
message : Array ;

2017-03-15 21:24:32 response :
------------

2017-03-15 21:26:13 trace :
------------
Array:
tousername : gh_6536061e4435 ;
fromusername : oKwkYw5hiet9aIoMvpfdt0UcJyzc ;
createtime : 1489584373 ;
msgtype : event ;
event : VIEW ;
eventkey : http://kh39.61why.com/app/index.php?i=2&c=entry&eid=198 ;
menuid : 410600728 ;
from : oKwkYw5hiet9aIoMvpfdt0UcJyzc ;
to : gh_6536061e4435 ;
time : 1489584373 ;
type : event ;

2017-03-15 21:26:13 params :
------------
Array:
rule : -2 ;
module :  ;
message : Array ;

2017-03-15 21:26:13 response :
------------

2017-03-15 21:26:45 trace :
------------
Array:
tousername : gh_6536061e4435 ;
fromusername : oKwkYw9A27iCE2wbx5IXncAJ21Sw ;
createtime : 1489584405 ;
msgtype : event ;
event : VIEW ;
eventkey : http://kh39.61why.com/app/index.php?i=2&c=entry&eid=198 ;
menuid : 410600728 ;
from : oKwkYw9A27iCE2wbx5IXncAJ21Sw ;
to : gh_6536061e4435 ;
time : 1489584405 ;
type : event ;

2017-03-15 21:26:45 params :
------------
Array:
rule : -2 ;
module :  ;
message : Array ;

2017-03-15 21:26:45 response :
------------

2017-03-15 21:28:15 trace :
------------
Array:
tousername : gh_6536061e4435 ;
fromusername : oKwkYw9A27iCE2wbx5IXncAJ21Sw ;
createtime : 1489584495 ;
msgtype : event ;
event : VIEW ;
eventkey : http://kh39.61why.com/app/index.php?i=2&c=entry&eid=198 ;
menuid : 410600728 ;
from : oKwkYw9A27iCE2wbx5IXncAJ21Sw ;
to : gh_6536061e4435 ;
time : 1489584495 ;
type : event ;

2017-03-15 21:28:15 params :
------------
Array:
rule : -2 ;
module :  ;
message : Array ;

2017-03-15 21:28:15 response :
------------

2017-03-15 21:33:14 trace :
------------
Array:
tousername : gh_6536061e4435 ;
fromusername : oKwkYw5hiet9aIoMvpfdt0UcJyzc ;
createtime : 1489584794 ;
msgtype : event ;
event : VIEW ;
eventkey : http://kh39.61why.com/app/index.php?i=2&c=entry&eid=198 ;
menuid : 410600728 ;
from : oKwkYw5hiet9aIoMvpfdt0UcJyzc ;
to : gh_6536061e4435 ;
time : 1489584794 ;
type : event ;

2017-03-15 21:33:14 params :
------------
Array:
rule : -2 ;
module :  ;
message : Array ;

2017-03-15 21:33:14 response :
------------

2017-03-15 21:38:14 trace :
------------
Array:
tousername : gh_6536061e4435 ;
fromusername : oKwkYw0b_nY3vy2dlsZiutChx2qg ;
createtime : 1489585094 ;
msgtype : event ;
event : subscribe ;
eventkey : qrscene_d8aef4db56ee9b3875f012496226d43e ;
ticket : gQGI8DwAAAAAAAAAAS5odHRwOi8vd2VpeGluLnFxLmNvbS9xLzAyd21ZRjFrSDljbzMxMDAwMGcwN0QAAgQeFW5YAwQAAAAA ;
from : oKwkYw0b_nY3vy2dlsZiutChx2qg ;
to : gh_6536061e4435 ;
time : 1489585094 ;
type : subscribe ;
scene : d8aef4db56ee9b3875f012496226d43e ;

2017-03-15 21:38:20 trace :
------------
Array:
tousername : gh_6536061e4435 ;
fromusername : oKwkYw0b_nY3vy2dlsZiutChx2qg ;
createtime : 1489585100 ;
msgtype : event ;
event : VIEW ;
eventkey : http://kh39.61why.com/app/index.php?i=2&c=entry&eid=194 ;
menuid : 410600728 ;
from : oKwkYw0b_nY3vy2dlsZiutChx2qg ;
to : gh_6536061e4435 ;
time : 1489585100 ;
type : event ;

2017-03-15 21:38:20 params :
------------
Array:
rule : -2 ;
module :  ;
message : Array ;

2017-03-15 21:38:20 response :
------------

2017-03-15 21:42:14 trace :
------------
Array:
tousername : gh_6536061e4435 ;
fromusername : oKwkYwwzUkpA6TQ4JcHTMcXSLnmU ;
createtime : 1489585334 ;
msgtype : event ;
event : VIEW ;
eventkey : http://kh39.61why.com/app/index.php?i=2&c=entry&eid=198 ;
menuid : 410600728 ;
from : oKwkYwwzUkpA6TQ4JcHTMcXSLnmU ;
to : gh_6536061e4435 ;
time : 1489585334 ;
type : event ;

2017-03-15 21:42:14 params :
------------
Array:
rule : -2 ;
module :  ;
message : Array ;

2017-03-15 21:42:14 response :
------------

2017-03-15 21:43:32 trace :
------------
Array:
tousername : gh_6536061e4435 ;
fromusername : oKwkYw0b_nY3vy2dlsZiutChx2qg ;
createtime : 1489585412 ;
msgtype : event ;
event : VIEW ;
eventkey : http://kh39.61why.com/app/index.php?i=2&c=entry&eid=194 ;
menuid : 410600728 ;
from : oKwkYw0b_nY3vy2dlsZiutChx2qg ;
to : gh_6536061e4435 ;
time : 1489585412 ;
type : event ;

2017-03-15 21:43:32 params :
------------
Array:
rule : -2 ;
module :  ;
message : Array ;

2017-03-15 21:43:32 response :
------------

2017-03-15 21:43:38 trace :
------------
Array:
tousername : gh_6536061e4435 ;
fromusername : oKwkYw0b_nY3vy2dlsZiutChx2qg ;
createtime : 1489585418 ;
msgtype : event ;
event : VIEW ;
eventkey : http://kh39.61why.com/app/index.php?i=2&c=entry&eid=198 ;
menuid : 410600728 ;
from : oKwkYw0b_nY3vy2dlsZiutChx2qg ;
to : gh_6536061e4435 ;
time : 1489585418 ;
type : event ;

2017-03-15 21:43:38 params :
------------
Array:
rule : -2 ;
module :  ;
message : Array ;

2017-03-15 21:43:38 response :
------------

2017-03-15 21:50:07 trace :
------------
Array:
tousername : gh_6536061e4435 ;
fromusername : oKwkYwyOcS5UKuZeBphLWoq4mrEs ;
createtime : 1489585807 ;
msgtype : event ;
event : subscribe ;
eventkey : qrscene_d8aef4db56ee9b3875f012496226d43e ;
ticket : gQGI8DwAAAAAAAAAAS5odHRwOi8vd2VpeGluLnFxLmNvbS9xLzAyd21ZRjFrSDljbzMxMDAwMGcwN0QAAgQeFW5YAwQAAAAA ;
from : oKwkYwyOcS5UKuZeBphLWoq4mrEs ;
to : gh_6536061e4435 ;
time : 1489585807 ;
type : subscribe ;
scene : d8aef4db56ee9b3875f012496226d43e ;

2017-03-15 21:50:21 trace :
------------
Array:
tousername : gh_6536061e4435 ;
fromusername : oKwkYwyOcS5UKuZeBphLWoq4mrEs ;
createtime : 1489585821 ;
msgtype : event ;
event : VIEW ;
eventkey : http://kh39.61why.com/app/index.php?i=2&c=entry&eid=194 ;
menuid : 410600728 ;
from : oKwkYwyOcS5UKuZeBphLWoq4mrEs ;
to : gh_6536061e4435 ;
time : 1489585821 ;
type : event ;

2017-03-15 21:50:21 params :
------------
Array:
rule : -2 ;
module :  ;
message : Array ;

2017-03-15 21:50:21 response :
------------

2017-03-15 21:52:57 trace :
------------
Array:
tousername : gh_6536061e4435 ;
fromusername : oKwkYwyOcS5UKuZeBphLWoq4mrEs ;
createtime : 1489585977 ;
msgtype : event ;
event : VIEW ;
eventkey : http://kh39.61why.com/app/index.php?i=2&c=entry&eid=194 ;
menuid : 410600728 ;
from : oKwkYwyOcS5UKuZeBphLWoq4mrEs ;
to : gh_6536061e4435 ;
time : 1489585977 ;
type : event ;

2017-03-15 21:52:57 params :
------------
Array:
rule : -2 ;
module :  ;
message : Array ;

2017-03-15 21:52:57 response :
------------

2017-03-15 22:11:33 trace :
------------
Array:
tousername : gh_6536061e4435 ;
fromusername : oKwkYw5hiet9aIoMvpfdt0UcJyzc ;
createtime : 1489587093 ;
msgtype : event ;
event : VIEW ;
eventkey : http://kh39.61why.com/app/index.php?i=2&c=entry&eid=198 ;
menuid : 410600728 ;
from : oKwkYw5hiet9aIoMvpfdt0UcJyzc ;
to : gh_6536061e4435 ;
time : 1489587093 ;
type : event ;

2017-03-15 22:11:33 params :
------------
Array:
rule : -2 ;
module :  ;
message : Array ;

2017-03-15 22:11:33 response :
------------

2017-03-15 22:19:33 trace :
------------
Array:
tousername : gh_6536061e4435 ;
fromusername : oKwkYw5hiet9aIoMvpfdt0UcJyzc ;
createtime : 1489587573 ;
msgtype : event ;
event : VIEW ;
eventkey : http://kh39.61why.com/app/index.php?i=2&c=entry&eid=198 ;
menuid : 410600728 ;
from : oKwkYw5hiet9aIoMvpfdt0UcJyzc ;
to : gh_6536061e4435 ;
time : 1489587573 ;
type : event ;

2017-03-15 22:19:33 params :
------------
Array:
rule : -2 ;
module :  ;
message : Array ;

2017-03-15 22:19:33 response :
------------

2017-03-15 22:27:45 trace :
------------
Array:
tousername : gh_6536061e4435 ;
fromusername : oKwkYw5hiet9aIoMvpfdt0UcJyzc ;
createtime : 1489588065 ;
msgtype : event ;
event : VIEW ;
eventkey : http://kh39.61why.com/app/index.php?i=2&c=entry&eid=198 ;
menuid : 410600728 ;
from : oKwkYw5hiet9aIoMvpfdt0UcJyzc ;
to : gh_6536061e4435 ;
time : 1489588065 ;
type : event ;

2017-03-15 22:27:45 params :
------------
Array:
rule : -2 ;
module :  ;
message : Array ;

2017-03-15 22:27:45 response :
------------

2017-03-15 22:28:15 trace :
------------
Array:
tousername : gh_6536061e4435 ;
fromusername : oKwkYw5hiet9aIoMvpfdt0UcJyzc ;
createtime : 1489588095 ;
msgtype : event ;
event : VIEW ;
eventkey : http://kh39.61why.com/app/index.php?i=2&c=entry&eid=194 ;
menuid : 410600728 ;
from : oKwkYw5hiet9aIoMvpfdt0UcJyzc ;
to : gh_6536061e4435 ;
time : 1489588095 ;
type : event ;

2017-03-15 22:28:15 params :
------------
Array:
rule : -2 ;
module :  ;
message : Array ;

2017-03-15 22:28:15 response :
------------

2017-03-15 22:29:03 trace :
------------
Array:
tousername : gh_6536061e4435 ;
fromusername : oKwkYw5hiet9aIoMvpfdt0UcJyzc ;
createtime : 1489588143 ;
msgtype : event ;
event : VIEW ;
eventkey : http://kh39.61why.com/app/index.php?i=2&c=entry&eid=198 ;
menuid : 410600728 ;
from : oKwkYw5hiet9aIoMvpfdt0UcJyzc ;
to : gh_6536061e4435 ;
time : 1489588143 ;
type : event ;

2017-03-15 22:29:03 params :
------------
Array:
rule : -2 ;
module :  ;
message : Array ;

2017-03-15 22:29:03 response :
------------

2017-03-15 22:33:52 trace :
------------
Array:
tousername : gh_6536061e4435 ;
fromusername : oKwkYw5hiet9aIoMvpfdt0UcJyzc ;
createtime : 1489588432 ;
msgtype : event ;
event : VIEW ;
eventkey : http://kh39.61why.com/app/index.php?i=2&c=entry&eid=198 ;
menuid : 410600728 ;
from : oKwkYw5hiet9aIoMvpfdt0UcJyzc ;
to : gh_6536061e4435 ;
time : 1489588432 ;
type : event ;

2017-03-15 22:33:52 params :
------------
Array:
rule : -2 ;
module :  ;
message : Array ;

2017-03-15 22:33:52 response :
------------

2017-03-15 22:34:11 trace :
------------
Array:
tousername : gh_6536061e4435 ;
fromusername : oKwkYw0uaUc-MZue8ETra21KCQ6E ;
createtime : 1489588451 ;
msgtype : event ;
event : subscribe ;
eventkey : qrscene_d8aef4db56ee9b3875f012496226d43e ;
ticket : gQGI8DwAAAAAAAAAAS5odHRwOi8vd2VpeGluLnFxLmNvbS9xLzAyd21ZRjFrSDljbzMxMDAwMGcwN0QAAgQeFW5YAwQAAAAA ;
from : oKwkYw0uaUc-MZue8ETra21KCQ6E ;
to : gh_6536061e4435 ;
time : 1489588451 ;
type : subscribe ;
scene : d8aef4db56ee9b3875f012496226d43e ;

2017-03-15 22:34:17 trace :
------------
Array:
tousername : gh_6536061e4435 ;
fromusername : oKwkYw0uaUc-MZue8ETra21KCQ6E ;
createtime : 1489588457 ;
msgtype : event ;
event : VIEW ;
eventkey : http://kh39.61why.com/app/index.php?i=2&c=entry&eid=198 ;
menuid : 410600728 ;
from : oKwkYw0uaUc-MZue8ETra21KCQ6E ;
to : gh_6536061e4435 ;
time : 1489588457 ;
type : event ;

2017-03-15 22:34:17 params :
------------
Array:
rule : -2 ;
module :  ;
message : Array ;

2017-03-15 22:34:17 response :
------------

2017-03-15 22:34:19 trace :
------------
Array:
tousername : gh_6536061e4435 ;
fromusername : oKwkYw0uaUc-MZue8ETra21KCQ6E ;
createtime : 1489588459 ;
msgtype : event ;
event : VIEW ;
eventkey : http://kh39.61why.com/app/index.php?i=2&c=entry&eid=194 ;
menuid : 410600728 ;
from : oKwkYw0uaUc-MZue8ETra21KCQ6E ;
to : gh_6536061e4435 ;
time : 1489588459 ;
type : event ;

2017-03-15 22:34:19 params :
------------
Array:
rule : -2 ;
module :  ;
message : Array ;

2017-03-15 22:34:19 response :
------------

2017-03-15 22:38:06 trace :
------------
Array:
tousername : gh_6536061e4435 ;
fromusername : oKwkYw6QPYo7OccTCbuG50bYRd8o ;
createtime : 1489588686 ;
msgtype : event ;
event : subscribe ;
eventkey : qrscene_d8aef4db56ee9b3875f012496226d43e ;
ticket : gQGI8DwAAAAAAAAAAS5odHRwOi8vd2VpeGluLnFxLmNvbS9xLzAyd21ZRjFrSDljbzMxMDAwMGcwN0QAAgQeFW5YAwQAAAAA ;
from : oKwkYw6QPYo7OccTCbuG50bYRd8o ;
to : gh_6536061e4435 ;
time : 1489588686 ;
type : subscribe ;
scene : d8aef4db56ee9b3875f012496226d43e ;

2017-03-15 22:38:16 trace :
------------
Array:
tousername : gh_6536061e4435 ;
fromusername : oKwkYw6QPYo7OccTCbuG50bYRd8o ;
createtime : 1489588695 ;
msgtype : event ;
event : VIEW ;
eventkey : http://kh39.61why.com/app/index.php?i=2&c=entry&eid=194 ;
menuid : 410600728 ;
from : oKwkYw6QPYo7OccTCbuG50bYRd8o ;
to : gh_6536061e4435 ;
time : 1489588695 ;
type : event ;

2017-03-15 22:38:16 params :
------------
Array:
rule : -2 ;
module :  ;
message : Array ;

2017-03-15 22:38:16 response :
------------

2017-03-15 22:44:44 trace :
------------
Array:
tousername : gh_6536061e4435 ;
fromusername : oKwkYwz0AFXFdhMchnCaesBTEXPE ;
createtime : 1489589084 ;
msgtype : event ;
event : SCAN ;
eventkey : d8aef4db56ee9b3875f012496226d43e ;
ticket : gQGI8DwAAAAAAAAAAS5odHRwOi8vd2VpeGluLnFxLmNvbS9xLzAyd21ZRjFrSDljbzMxMDAwMGcwN0QAAgQeFW5YAwQAAAAA ;
from : oKwkYwz0AFXFdhMchnCaesBTEXPE ;
to : gh_6536061e4435 ;
time : 1489589084 ;
type : subscribe ;
scene : d8aef4db56ee9b3875f012496226d43e ;

2017-03-15 22:44:53 trace :
------------
Array:
tousername : gh_6536061e4435 ;
fromusername : oKwkYwz0AFXFdhMchnCaesBTEXPE ;
createtime : 1489589093 ;
msgtype : event ;
event : VIEW ;
eventkey : http://kh39.61why.com/app/index.php?i=2&c=entry&eid=194 ;
menuid : 410600728 ;
from : oKwkYwz0AFXFdhMchnCaesBTEXPE ;
to : gh_6536061e4435 ;
time : 1489589093 ;
type : event ;

2017-03-15 22:44:53 params :
------------
Array:
rule : -2 ;
module :  ;
message : Array ;

2017-03-15 22:44:53 response :
------------

2017-03-15 22:50:37 trace :
------------
Array:
tousername : gh_6536061e4435 ;
fromusername : oKwkYwz0AFXFdhMchnCaesBTEXPE ;
createtime : 1489589437 ;
msgtype : event ;
event : CLICK ;
eventkey : 二维码 ;
from : oKwkYwz0AFXFdhMchnCaesBTEXPE ;
to : gh_6536061e4435 ;
time : 1489589437 ;
type : event ;

2017-03-15 22:51:16 trace :
------------
Array:
tousername : gh_6536061e4435 ;
fromusername : oKwkYwz0AFXFdhMchnCaesBTEXPE ;
createtime : 1489589476 ;
msgtype : event ;
event : SCAN ;
eventkey : e7c4e0b3c396016089e11f64f3d23e3b ;
ticket : gQGf8TwAAAAAAAAAAS5odHRwOi8vd2VpeGluLnFxLmNvbS9xLzAybzBURzBpSDljbzMxMDAwME0wN1oAAgS9VMlYAwQAAAAA ;
from : oKwkYwz0AFXFdhMchnCaesBTEXPE ;
to : gh_6536061e4435 ;
time : 1489589476 ;
type : subscribe ;
scene : e7c4e0b3c396016089e11f64f3d23e3b ;

2017-03-15 22:51:44 trace :
------------
Array:
tousername : gh_6536061e4435 ;
fromusername : oKwkYwz0AFXFdhMchnCaesBTEXPE ;
createtime : 1489589504 ;
msgtype : event ;
event : SCAN ;
eventkey : e7c4e0b3c396016089e11f64f3d23e3b ;
ticket : gQGf8TwAAAAAAAAAAS5odHRwOi8vd2VpeGluLnFxLmNvbS9xLzAybzBURzBpSDljbzMxMDAwME0wN1oAAgS9VMlYAwQAAAAA ;
from : oKwkYwz0AFXFdhMchnCaesBTEXPE ;
to : gh_6536061e4435 ;
time : 1489589504 ;
type : subscribe ;
scene : e7c4e0b3c396016089e11f64f3d23e3b ;

2017-03-15 22:51:47 trace :
------------
Array:
tousername : gh_6536061e4435 ;
fromusername : oKwkYwz0AFXFdhMchnCaesBTEXPE ;
createtime : 1489589507 ;
msgtype : event ;
event : VIEW ;
eventkey : http://kh39.61why.com/app/index.php?i=2&c=entry&eid=198 ;
menuid : 410600728 ;
from : oKwkYwz0AFXFdhMchnCaesBTEXPE ;
to : gh_6536061e4435 ;
time : 1489589507 ;
type : event ;

2017-03-15 22:51:47 params :
------------
Array:
rule : -2 ;
module :  ;
message : Array ;

2017-03-15 22:51:47 response :
------------

2017-03-15 22:53:24 trace :
------------
Array:
tousername : gh_6536061e4435 ;
fromusername : oKwkYw5hiet9aIoMvpfdt0UcJyzc ;
createtime : 1489589603 ;
msgtype : event ;
event : VIEW ;
eventkey : http://kh39.61why.com/app/index.php?i=2&c=entry&eid=198 ;
menuid : 410600728 ;
from : oKwkYw5hiet9aIoMvpfdt0UcJyzc ;
to : gh_6536061e4435 ;
time : 1489589603 ;
type : event ;

2017-03-15 22:53:24 params :
------------
Array:
rule : -2 ;
module :  ;
message : Array ;

2017-03-15 22:53:24 response :
------------

2017-03-15 22:55:35 trace :
------------
Array:
tousername : gh_6536061e4435 ;
fromusername : oKwkYw5hiet9aIoMvpfdt0UcJyzc ;
createtime : 1489589735 ;
msgtype : event ;
event : VIEW ;
eventkey : http://kh39.61why.com/app/index.php?i=2&c=entry&eid=198 ;
menuid : 410600728 ;
from : oKwkYw5hiet9aIoMvpfdt0UcJyzc ;
to : gh_6536061e4435 ;
time : 1489589735 ;
type : event ;

2017-03-15 22:55:35 params :
------------
Array:
rule : -2 ;
module :  ;
message : Array ;

2017-03-15 22:55:35 response :
------------

2017-03-15 22:57:32 trace :
------------
Array:
tousername : gh_6536061e4435 ;
fromusername : oKwkYw5hiet9aIoMvpfdt0UcJyzc ;
createtime : 1489589852 ;
msgtype : event ;
event : VIEW ;
eventkey : http://kh39.61why.com/app/index.php?i=2&c=entry&eid=198 ;
menuid : 410600728 ;
from : oKwkYw5hiet9aIoMvpfdt0UcJyzc ;
to : gh_6536061e4435 ;
time : 1489589852 ;
type : event ;

2017-03-15 22:57:32 params :
------------
Array:
rule : -2 ;
module :  ;
message : Array ;

2017-03-15 22:57:32 response :
------------

2017-03-15 22:59:42 trace :
------------
Array:
tousername : gh_6536061e4435 ;
fromusername : oKwkYw5hiet9aIoMvpfdt0UcJyzc ;
createtime : 1489589982 ;
msgtype : event ;
event : VIEW ;
eventkey : http://kh39.61why.com/app/index.php?i=2&c=entry&eid=198 ;
menuid : 410600728 ;
from : oKwkYw5hiet9aIoMvpfdt0UcJyzc ;
to : gh_6536061e4435 ;
time : 1489589982 ;
type : event ;

2017-03-15 22:59:42 params :
------------
Array:
rule : -2 ;
module :  ;
message : Array ;

2017-03-15 22:59:42 response :
------------

2017-03-15 23:04:44 trace :
------------
Array:
tousername : gh_6536061e4435 ;
fromusername : oKwkYw5hiet9aIoMvpfdt0UcJyzc ;
createtime : 1489590284 ;
msgtype : event ;
event : VIEW ;
eventkey : http://kh39.61why.com/app/index.php?i=2&c=entry&eid=198 ;
menuid : 410600728 ;
from : oKwkYw5hiet9aIoMvpfdt0UcJyzc ;
to : gh_6536061e4435 ;
time : 1489590284 ;
type : event ;

2017-03-15 23:04:44 params :
------------
Array:
rule : -2 ;
module :  ;
message : Array ;

2017-03-15 23:04:44 response :
------------

2017-03-15 23:05:27 trace :
------------
Array:
tousername : gh_6536061e4435 ;
fromusername : oKwkYw5hiet9aIoMvpfdt0UcJyzc ;
createtime : 1489590327 ;
msgtype : event ;
event : VIEW ;
eventkey : http://kh39.61why.com/app/index.php?i=2&c=entry&eid=194 ;
menuid : 410600728 ;
from : oKwkYw5hiet9aIoMvpfdt0UcJyzc ;
to : gh_6536061e4435 ;
time : 1489590327 ;
type : event ;

2017-03-15 23:05:27 params :
------------
Array:
rule : -2 ;
module :  ;
message : Array ;

2017-03-15 23:05:27 response :
------------

2017-03-15 23:28:49 trace :
------------
Array:
tousername : gh_6536061e4435 ;
fromusername : oKwkYw5hiet9aIoMvpfdt0UcJyzc ;
createtime : 1489591729 ;
msgtype : event ;
event : VIEW ;
eventkey : http://kh39.61why.com/app/index.php?i=2&c=entry&eid=198 ;
menuid : 410600728 ;
from : oKwkYw5hiet9aIoMvpfdt0UcJyzc ;
to : gh_6536061e4435 ;
time : 1489591729 ;
type : event ;

2017-03-15 23:28:49 params :
------------
Array:
rule : -2 ;
module :  ;
message : Array ;

2017-03-15 23:28:49 response :
------------

2017-03-15 23:29:26 trace :
------------
Array:
tousername : gh_6536061e4435 ;
fromusername : oKwkYw5hiet9aIoMvpfdt0UcJyzc ;
createtime : 1489591766 ;
msgtype : event ;
event : VIEW ;
eventkey : http://kh39.61why.com/app/index.php?i=2&c=entry&eid=198 ;
menuid : 410600728 ;
from : oKwkYw5hiet9aIoMvpfdt0UcJyzc ;
to : gh_6536061e4435 ;
time : 1489591766 ;
type : event ;

2017-03-15 23:29:26 params :
------------
Array:
rule : -2 ;
module :  ;
message : Array ;

2017-03-15 23:29:26 response :
------------

