2017-01-09 01:14:06 trace :
------------
Array:
tousername : gh_0ad70057b777 ;
fromusername : o26ibjis2h2G2rstAM1W3uOvo1SA ;
createtime : 1483895646 ;
msgtype : event ;
event : VIEW ;
eventkey : http://kh39.61why.com/app/index.php?i=2&c=entry&eid=194 ;
menuid : 411738532 ;
from : o26ibjis2h2G2rstAM1W3uOvo1SA ;
to : gh_0ad70057b777 ;
time : 1483895646 ;
type : event ;

2017-01-09 01:14:06 params :
------------
Array:
rule : -2 ;
module :  ;
message : Array ;

2017-01-09 01:14:06 response :
------------

2017-01-09 01:15:07 trace :
------------
Array:
tousername : gh_0ad70057b777 ;
fromusername : o26ibjis2h2G2rstAM1W3uOvo1SA ;
createtime : 1483895707 ;
msgtype : event ;
event : VIEW ;
eventkey : http://kh39.61why.com/app/index.php?i=2&c=entry&eid=194 ;
menuid : 411738532 ;
from : o26ibjis2h2G2rstAM1W3uOvo1SA ;
to : gh_0ad70057b777 ;
time : 1483895707 ;
type : event ;

2017-01-09 01:15:07 params :
------------
Array:
rule : -2 ;
module :  ;
message : Array ;

2017-01-09 01:15:07 response :
------------

2017-01-09 01:20:05 trace :
------------
Array:
tousername : gh_0ad70057b777 ;
fromusername : o26ibjis2h2G2rstAM1W3uOvo1SA ;
createtime : 1483896005 ;
msgtype : event ;
event : VIEW ;
eventkey : http://kh39.61why.com/app/index.php?i=2&c=entry&eid=198 ;
menuid : 411738532 ;
from : o26ibjis2h2G2rstAM1W3uOvo1SA ;
to : gh_0ad70057b777 ;
time : 1483896005 ;
type : event ;

2017-01-09 01:20:05 params :
------------
Array:
rule : -2 ;
module :  ;
message : Array ;

2017-01-09 01:20:05 response :
------------

2017-01-09 01:22:25 trace :
------------
Array:
tousername : gh_0ad70057b777 ;
fromusername : o26ibjis2h2G2rstAM1W3uOvo1SA ;
createtime : 1483896145 ;
msgtype : event ;
event : VIEW ;
eventkey : http://kh39.61why.com/app/index.php?i=2&c=entry&eid=194 ;
menuid : 411738532 ;
from : o26ibjis2h2G2rstAM1W3uOvo1SA ;
to : gh_0ad70057b777 ;
time : 1483896145 ;
type : event ;

2017-01-09 01:22:25 params :
------------
Array:
rule : -2 ;
module :  ;
message : Array ;

2017-01-09 01:22:25 response :
------------

2017-01-09 02:04:34 trace :
------------
Array:
tousername : gh_0ad70057b777 ;
fromusername : o26ibjis2h2G2rstAM1W3uOvo1SA ;
createtime : 1483898674 ;
msgtype : event ;
event : VIEW ;
eventkey : http://kh39.61why.com/app/index.php?i=2&c=entry&eid=194 ;
menuid : 411738532 ;
from : o26ibjis2h2G2rstAM1W3uOvo1SA ;
to : gh_0ad70057b777 ;
time : 1483898674 ;
type : event ;

2017-01-09 02:04:34 params :
------------
Array:
rule : -2 ;
module :  ;
message : Array ;

2017-01-09 02:04:34 response :
------------

2017-01-09 02:45:59 trace :
------------
Array:
tousername : gh_0ad70057b777 ;
fromusername : o26ibjis2h2G2rstAM1W3uOvo1SA ;
createtime : 1483901159 ;
msgtype : event ;
event : VIEW ;
eventkey : http://kh39.61why.com/app/index.php?i=2&c=entry&eid=194 ;
menuid : 411738532 ;
from : o26ibjis2h2G2rstAM1W3uOvo1SA ;
to : gh_0ad70057b777 ;
time : 1483901159 ;
type : event ;

2017-01-09 02:45:59 params :
------------
Array:
rule : -2 ;
module :  ;
message : Array ;

2017-01-09 02:45:59 response :
------------

2017-01-09 08:05:46 trace :
------------
Array:
tousername : gh_6536061e4435 ;
fromusername : oKwkYw8e33SsKCgQqmRH91AsxTTA ;
createtime : 1483920345 ;
msgtype : event ;
event : VIEW ;
eventkey : http://kh39.61why.com/app/index.php?i=2&c=entry&eid=198 ;
menuid : 410553954 ;
from : oKwkYw8e33SsKCgQqmRH91AsxTTA ;
to : gh_6536061e4435 ;
time : 1483920345 ;
type : event ;

2017-01-09 08:05:46 params :
------------
Array:
rule : -2 ;
module :  ;
message : Array ;

2017-01-09 08:05:46 response :
------------

2017-01-09 09:32:38 trace :
------------
Array:
tousername : gh_6536061e4435 ;
fromusername : oKwkYw22rCbBSaALxIaH8w23nsLQ ;
createtime : 1483925557 ;
msgtype : event ;
event : VIEW ;
eventkey : http://kh39.61why.com/app/index.php?i=2&c=entry&eid=194 ;
menuid : 410553954 ;
from : oKwkYw22rCbBSaALxIaH8w23nsLQ ;
to : gh_6536061e4435 ;
time : 1483925557 ;
type : event ;

2017-01-09 09:32:38 params :
------------
Array:
rule : -2 ;
module :  ;
message : Array ;

2017-01-09 09:32:38 response :
------------

2017-01-09 09:53:34 trace :
------------
Array:
tousername : gh_6536061e4435 ;
fromusername : oKwkYw5hiet9aIoMvpfdt0UcJyzc ;
createtime : 1483926814 ;
msgtype : event ;
event : VIEW ;
eventkey : http://kh39.61why.com/app/index.php?i=2&c=entry&eid=198 ;
menuid : 410553954 ;
from : oKwkYw5hiet9aIoMvpfdt0UcJyzc ;
to : gh_6536061e4435 ;
time : 1483926814 ;
type : event ;

2017-01-09 09:53:34 params :
------------
Array:
rule : -2 ;
module :  ;
message : Array ;

2017-01-09 09:53:34 response :
------------

2017-01-09 10:02:06 trace :
------------
Array:
tousername : gh_6536061e4435 ;
fromusername : oKwkYwyolZuGoXgz_4a6-ubUX5Vo ;
createtime : 1483927325 ;
msgtype : event ;
event : VIEW ;
eventkey : http://kh39.61why.com/app/index.php?i=2&c=entry&eid=194 ;
menuid : 410553954 ;
from : oKwkYwyolZuGoXgz_4a6-ubUX5Vo ;
to : gh_6536061e4435 ;
time : 1483927325 ;
type : event ;

2017-01-09 10:02:06 params :
------------
Array:
rule : -2 ;
module :  ;
message : Array ;

2017-01-09 10:02:06 response :
------------

2017-01-09 10:25:46 trace :
------------
Array:
tousername : gh_0ad70057b777 ;
fromusername : o26ibjis2h2G2rstAM1W3uOvo1SA ;
createtime : 1483928746 ;
msgtype : event ;
event : VIEW ;
eventkey : http://kh39.61why.com/app/index.php?i=2&c=entry&eid=194 ;
menuid : 411738532 ;
from : o26ibjis2h2G2rstAM1W3uOvo1SA ;
to : gh_0ad70057b777 ;
time : 1483928746 ;
type : event ;

2017-01-09 10:25:46 params :
------------
Array:
rule : -2 ;
module :  ;
message : Array ;

2017-01-09 10:25:46 response :
------------

2017-01-09 10:45:18 trace :
------------
Array:
tousername : gh_0ad70057b777 ;
fromusername : o26ibjis2h2G2rstAM1W3uOvo1SA ;
createtime : 1483929918 ;
msgtype : event ;
event : VIEW ;
eventkey : http://kh39.61why.com/app/index.php?i=2&c=entry&eid=194 ;
menuid : 411738532 ;
from : o26ibjis2h2G2rstAM1W3uOvo1SA ;
to : gh_0ad70057b777 ;
time : 1483929918 ;
type : event ;

2017-01-09 10:45:18 params :
------------
Array:
rule : -2 ;
module :  ;
message : Array ;

2017-01-09 10:45:18 response :
------------

2017-01-09 10:45:44 trace :
------------
Array:
tousername : gh_0ad70057b777 ;
fromusername : o26ibjis2h2G2rstAM1W3uOvo1SA ;
createtime : 1483929944 ;
msgtype : event ;
event : VIEW ;
eventkey : http://kh39.61why.com/app/index.php?i=2&c=entry&eid=194 ;
menuid : 411738532 ;
from : o26ibjis2h2G2rstAM1W3uOvo1SA ;
to : gh_0ad70057b777 ;
time : 1483929944 ;
type : event ;

2017-01-09 10:45:44 params :
------------
Array:
rule : -2 ;
module :  ;
message : Array ;

2017-01-09 10:45:44 response :
------------

2017-01-09 10:50:01 trace :
------------
Array:
tousername : gh_6536061e4435 ;
fromusername : oKwkYw7K9xHIr91Csk-qENfcagnM ;
createtime : 1483930200 ;
msgtype : event ;
event : VIEW ;
eventkey : http://kh39.61why.com/app/index.php?i=2&c=entry&eid=198 ;
menuid : 410553954 ;
from : oKwkYw7K9xHIr91Csk-qENfcagnM ;
to : gh_6536061e4435 ;
time : 1483930200 ;
type : event ;

2017-01-09 10:50:01 params :
------------
Array:
rule : -2 ;
module :  ;
message : Array ;

2017-01-09 10:50:01 response :
------------

2017-01-09 10:50:17 trace :
------------
Array:
tousername : gh_6536061e4435 ;
fromusername : oKwkYw7K9xHIr91Csk-qENfcagnM ;
createtime : 1483930217 ;
msgtype : event ;
event : VIEW ;
eventkey : http://kh39.61why.com/app/index.php?i=2&c=entry&eid=198 ;
menuid : 410553954 ;
from : oKwkYw7K9xHIr91Csk-qENfcagnM ;
to : gh_6536061e4435 ;
time : 1483930217 ;
type : event ;

2017-01-09 10:50:17 params :
------------
Array:
rule : -2 ;
module :  ;
message : Array ;

2017-01-09 10:50:17 response :
------------

2017-01-09 11:32:09 trace :
------------
Array:
tousername : gh_0ad70057b777 ;
fromusername : o26ibjis2h2G2rstAM1W3uOvo1SA ;
createtime : 1483932729 ;
msgtype : event ;
event : VIEW ;
eventkey : http://kh39.61why.com/app/index.php?i=2&c=entry&eid=194 ;
menuid : 411738532 ;
from : o26ibjis2h2G2rstAM1W3uOvo1SA ;
to : gh_0ad70057b777 ;
time : 1483932729 ;
type : event ;

2017-01-09 11:32:09 params :
------------
Array:
rule : -2 ;
module :  ;
message : Array ;

2017-01-09 11:32:09 response :
------------

2017-01-09 11:34:18 trace :
------------
Array:
tousername : gh_0ad70057b777 ;
fromusername : o26ibjis2h2G2rstAM1W3uOvo1SA ;
createtime : 1483932858 ;
msgtype : event ;
event : VIEW ;
eventkey : http://kh39.61why.com/app/index.php?i=2&c=entry&eid=194 ;
menuid : 411738532 ;
from : o26ibjis2h2G2rstAM1W3uOvo1SA ;
to : gh_0ad70057b777 ;
time : 1483932858 ;
type : event ;

2017-01-09 11:34:18 params :
------------
Array:
rule : -2 ;
module :  ;
message : Array ;

2017-01-09 11:34:18 response :
------------

2017-01-09 13:31:33 trace :
------------
Array:
tousername : gh_6536061e4435 ;
fromusername : oKwkYw22rCbBSaALxIaH8w23nsLQ ;
createtime : 1483939893 ;
msgtype : event ;
event : VIEW ;
eventkey : http://kh39.61why.com/app/index.php?i=2&c=entry&eid=198 ;
menuid : 410553954 ;
from : oKwkYw22rCbBSaALxIaH8w23nsLQ ;
to : gh_6536061e4435 ;
time : 1483939893 ;
type : event ;

2017-01-09 13:31:33 params :
------------
Array:
rule : -2 ;
module :  ;
message : Array ;

2017-01-09 13:31:33 response :
------------

2017-01-09 13:58:43 trace :
------------
Array:
tousername : gh_6536061e4435 ;
fromusername : oKwkYw7K9xHIr91Csk-qENfcagnM ;
createtime : 1483941523 ;
msgtype : event ;
event : VIEW ;
eventkey : http://kh39.61why.com/app/index.php?i=2&c=entry&eid=198 ;
menuid : 410553954 ;
from : oKwkYw7K9xHIr91Csk-qENfcagnM ;
to : gh_6536061e4435 ;
time : 1483941523 ;
type : event ;

2017-01-09 13:58:43 params :
------------
Array:
rule : -2 ;
module :  ;
message : Array ;

2017-01-09 13:58:43 response :
------------

2017-01-09 13:58:45 trace :
------------
Array:
tousername : gh_6536061e4435 ;
fromusername : oKwkYw7K9xHIr91Csk-qENfcagnM ;
createtime : 1483941525 ;
msgtype : event ;
event : VIEW ;
eventkey : http://kh39.61why.com/app/index.php?i=2&c=entry&eid=194 ;
menuid : 410553954 ;
from : oKwkYw7K9xHIr91Csk-qENfcagnM ;
to : gh_6536061e4435 ;
time : 1483941525 ;
type : event ;

2017-01-09 13:58:45 params :
------------
Array:
rule : -2 ;
module :  ;
message : Array ;

2017-01-09 13:58:45 response :
------------

2017-01-09 14:28:27 trace :
------------
Array:
tousername : gh_6536061e4435 ;
fromusername : oKwkYwzAxW1ankwPcu4pqbwb8ZXU ;
createtime : 1483943307 ;
msgtype : event ;
event : CLICK ;
eventkey : 二维码 ;
from : oKwkYwzAxW1ankwPcu4pqbwb8ZXU ;
to : gh_6536061e4435 ;
time : 1483943307 ;
type : event ;

2017-01-09 14:30:03 trace :
------------
Array:
tousername : gh_0ad70057b777 ;
fromusername : o26ibjlZePiYI98m_kC21LYCDTrU ;
createtime : 1483943403 ;
msgtype : event ;
event : VIEW ;
eventkey : http://kh39.61why.com/app/index.php?i=2&c=entry&eid=194 ;
menuid : 411738532 ;
from : o26ibjlZePiYI98m_kC21LYCDTrU ;
to : gh_0ad70057b777 ;
time : 1483943403 ;
type : event ;

2017-01-09 14:30:03 params :
------------
Array:
rule : -2 ;
module :  ;
message : Array ;

2017-01-09 14:30:03 response :
------------

2017-01-09 14:34:43 trace :
------------
Array:
tousername : gh_6536061e4435 ;
fromusername : oKwkYw22rCbBSaALxIaH8w23nsLQ ;
createtime : 1483943683 ;
msgtype : event ;
event : VIEW ;
eventkey : http://kh39.61why.com/app/index.php?i=2&c=entry&eid=194 ;
menuid : 410553954 ;
from : oKwkYw22rCbBSaALxIaH8w23nsLQ ;
to : gh_6536061e4435 ;
time : 1483943683 ;
type : event ;

2017-01-09 14:34:43 params :
------------
Array:
rule : -2 ;
module :  ;
message : Array ;

2017-01-09 14:34:43 response :
------------

2017-01-09 14:34:44 trace :
------------
Array:
tousername : gh_6536061e4435 ;
fromusername : oKwkYw7K9xHIr91Csk-qENfcagnM ;
createtime : 1483943684 ;
msgtype : event ;
event : CLICK ;
eventkey : 二维码 ;
from : oKwkYw7K9xHIr91Csk-qENfcagnM ;
to : gh_6536061e4435 ;
time : 1483943684 ;
type : event ;

2017-01-09 14:34:49 trace :
------------
Array:
tousername : gh_6536061e4435 ;
fromusername : oKwkYw7K9xHIr91Csk-qENfcagnM ;
createtime : 1483943689 ;
msgtype : event ;
event : CLICK ;
eventkey : 二维码 ;
from : oKwkYw7K9xHIr91Csk-qENfcagnM ;
to : gh_6536061e4435 ;
time : 1483943689 ;
type : event ;

2017-01-09 14:34:53 trace :
------------
Array:
tousername : gh_6536061e4435 ;
fromusername : oKwkYw7K9xHIr91Csk-qENfcagnM ;
createtime : 1483943693 ;
msgtype : event ;
event : VIEW ;
eventkey : http://kh39.61why.com/app/index.php?i=2&c=entry&eid=198 ;
menuid : 410553954 ;
from : oKwkYw7K9xHIr91Csk-qENfcagnM ;
to : gh_6536061e4435 ;
time : 1483943693 ;
type : event ;

2017-01-09 14:34:53 params :
------------
Array:
rule : -2 ;
module :  ;
message : Array ;

2017-01-09 14:34:53 response :
------------

2017-01-09 14:35:28 trace :
------------
Array:
tousername : gh_6536061e4435 ;
fromusername : oKwkYw22rCbBSaALxIaH8w23nsLQ ;
createtime : 1483943728 ;
msgtype : event ;
event : VIEW ;
eventkey : http://kh39.61why.com/app/index.php?i=2&c=entry&eid=194 ;
menuid : 410553954 ;
from : oKwkYw22rCbBSaALxIaH8w23nsLQ ;
to : gh_6536061e4435 ;
time : 1483943728 ;
type : event ;

2017-01-09 14:35:28 params :
------------
Array:
rule : -2 ;
module :  ;
message : Array ;

2017-01-09 14:35:28 response :
------------

2017-01-09 14:37:38 trace :
------------
Array:
tousername : gh_6536061e4435 ;
fromusername : oKwkYw7K9xHIr91Csk-qENfcagnM ;
createtime : 1483943858 ;
msgtype : event ;
event : CLICK ;
eventkey : 二维码 ;
from : oKwkYw7K9xHIr91Csk-qENfcagnM ;
to : gh_6536061e4435 ;
time : 1483943858 ;
type : event ;

2017-01-09 14:37:41 trace :
------------
Array:
tousername : gh_6536061e4435 ;
fromusername : oKwkYw7K9xHIr91Csk-qENfcagnM ;
createtime : 1483943861 ;
msgtype : event ;
event : CLICK ;
eventkey : 二维码 ;
from : oKwkYw7K9xHIr91Csk-qENfcagnM ;
to : gh_6536061e4435 ;
time : 1483943861 ;
type : event ;

2017-01-09 14:37:46 trace :
------------
Array:
tousername : gh_6536061e4435 ;
fromusername : oKwkYw7K9xHIr91Csk-qENfcagnM ;
createtime : 1483943866 ;
msgtype : event ;
event : VIEW ;
eventkey : http://kh39.61why.com/app/index.php?i=2&c=entry&eid=198 ;
menuid : 410553954 ;
from : oKwkYw7K9xHIr91Csk-qENfcagnM ;
to : gh_6536061e4435 ;
time : 1483943866 ;
type : event ;

2017-01-09 14:37:46 params :
------------
Array:
rule : -2 ;
module :  ;
message : Array ;

2017-01-09 14:37:46 response :
------------

2017-01-09 14:37:47 trace :
------------
Array:
tousername : gh_6536061e4435 ;
fromusername : oKwkYw5Hv5-mrEGrZ572fv2JrB_s ;
createtime : 1483943867 ;
msgtype : event ;
event : VIEW ;
eventkey : http://kh39.61why.com/app/index.php?i=2&c=entry&eid=198 ;
menuid : 410553954 ;
from : oKwkYw5Hv5-mrEGrZ572fv2JrB_s ;
to : gh_6536061e4435 ;
time : 1483943867 ;
type : event ;

2017-01-09 14:37:47 params :
------------
Array:
rule : -2 ;
module :  ;
message : Array ;

2017-01-09 14:37:47 response :
------------

2017-01-09 14:38:38 trace :
------------
Array:
tousername : gh_6536061e4435 ;
fromusername : oKwkYw7K9xHIr91Csk-qENfcagnM ;
createtime : 1483943918 ;
msgtype : event ;
event : CLICK ;
eventkey : 二维码 ;
from : oKwkYw7K9xHIr91Csk-qENfcagnM ;
to : gh_6536061e4435 ;
time : 1483943918 ;
type : event ;

2017-01-09 14:38:38 trace :
------------
Array:
tousername : gh_6536061e4435 ;
fromusername : oKwkYw7K9xHIr91Csk-qENfcagnM ;
createtime : 1483943918 ;
msgtype : event ;
event : CLICK ;
eventkey : 二维码 ;
from : oKwkYw7K9xHIr91Csk-qENfcagnM ;
to : gh_6536061e4435 ;
time : 1483943918 ;
type : event ;

2017-01-09 14:38:42 trace :
------------
Array:
tousername : gh_6536061e4435 ;
fromusername : oKwkYw7K9xHIr91Csk-qENfcagnM ;
createtime : 1483943921 ;
msgtype : event ;
event : VIEW ;
eventkey : http://kh39.61why.com/app/index.php?i=2&c=entry&eid=198 ;
menuid : 410553954 ;
from : oKwkYw7K9xHIr91Csk-qENfcagnM ;
to : gh_6536061e4435 ;
time : 1483943921 ;
type : event ;

2017-01-09 14:38:42 params :
------------
Array:
rule : -2 ;
module :  ;
message : Array ;

2017-01-09 14:38:42 response :
------------

2017-01-09 14:39:37 trace :
------------
Array:
tousername : gh_0ad70057b777 ;
fromusername : o26ibjsHYiV5vViwqIFfHXoJvyj8 ;
createtime : 1483943977 ;
msgtype : event ;
event : VIEW ;
eventkey : http://kh39.61why.com/app/index.php?i=2&c=entry&eid=194 ;
menuid : 411738532 ;
from : o26ibjsHYiV5vViwqIFfHXoJvyj8 ;
to : gh_0ad70057b777 ;
time : 1483943977 ;
type : event ;

2017-01-09 14:39:37 params :
------------
Array:
rule : -2 ;
module :  ;
message : Array ;

2017-01-09 14:39:37 response :
------------

2017-01-09 14:39:39 trace :
------------
Array:
tousername : gh_0ad70057b777 ;
fromusername : o26ibjsHYiV5vViwqIFfHXoJvyj8 ;
createtime : 1483943979 ;
msgtype : event ;
event : VIEW ;
eventkey : http://kh39.61why.com/app/index.php?i=2&c=entry&eid=198 ;
menuid : 411738532 ;
from : o26ibjsHYiV5vViwqIFfHXoJvyj8 ;
to : gh_0ad70057b777 ;
time : 1483943979 ;
type : event ;

2017-01-09 14:39:39 params :
------------
Array:
rule : -2 ;
module :  ;
message : Array ;

2017-01-09 14:39:39 response :
------------

2017-01-09 14:39:52 trace :
------------
Array:
tousername : gh_6536061e4435 ;
fromusername : oKwkYw74dQMxkkuNrHorySErKVKI ;
createtime : 1483943992 ;
msgtype : event ;
event : CLICK ;
eventkey : 二维码 ;
from : oKwkYw74dQMxkkuNrHorySErKVKI ;
to : gh_6536061e4435 ;
time : 1483943992 ;
type : event ;

2017-01-09 14:40:06 trace :
------------
Array:
tousername : gh_6536061e4435 ;
fromusername : oKwkYw74dQMxkkuNrHorySErKVKI ;
createtime : 1483944006 ;
msgtype : event ;
event : VIEW ;
eventkey : http://kh39.61why.com/app/index.php?i=2&c=entry&eid=198 ;
menuid : 410553954 ;
from : oKwkYw74dQMxkkuNrHorySErKVKI ;
to : gh_6536061e4435 ;
time : 1483944006 ;
type : event ;

2017-01-09 14:40:06 params :
------------
Array:
rule : -2 ;
module :  ;
message : Array ;

2017-01-09 14:40:06 response :
------------

2017-01-09 14:41:36 trace :
------------
Array:
tousername : gh_6536061e4435 ;
fromusername : oKwkYw22rCbBSaALxIaH8w23nsLQ ;
createtime : 1483944096 ;
msgtype : event ;
event : CLICK ;
eventkey : 二维码 ;
from : oKwkYw22rCbBSaALxIaH8w23nsLQ ;
to : gh_6536061e4435 ;
time : 1483944096 ;
type : event ;

2017-01-09 14:41:50 trace :
------------
Array:
tousername : gh_6536061e4435 ;
fromusername : oKwkYw74dQMxkkuNrHorySErKVKI ;
createtime : 1483944110 ;
msgtype : event ;
event : CLICK ;
eventkey : 二维码 ;
from : oKwkYw74dQMxkkuNrHorySErKVKI ;
to : gh_6536061e4435 ;
time : 1483944110 ;
type : event ;

2017-01-09 14:41:55 trace :
------------
Array:
tousername : gh_6536061e4435 ;
fromusername : oKwkYw74dQMxkkuNrHorySErKVKI ;
createtime : 1483944115 ;
msgtype : event ;
event : VIEW ;
eventkey : http://kh39.61why.com/app/index.php?i=2&c=entry&eid=198 ;
menuid : 410553954 ;
from : oKwkYw74dQMxkkuNrHorySErKVKI ;
to : gh_6536061e4435 ;
time : 1483944115 ;
type : event ;

2017-01-09 14:41:55 params :
------------
Array:
rule : -2 ;
module :  ;
message : Array ;

2017-01-09 14:41:55 response :
------------

2017-01-09 14:42:13 trace :
------------
Array:
tousername : gh_6536061e4435 ;
fromusername : oKwkYw5Hv5-mrEGrZ572fv2JrB_s ;
createtime : 1483944133 ;
msgtype : event ;
event : CLICK ;
eventkey : 二维码 ;
from : oKwkYw5Hv5-mrEGrZ572fv2JrB_s ;
to : gh_6536061e4435 ;
time : 1483944133 ;
type : event ;

2017-01-09 14:42:46 trace :
------------
Array:
tousername : gh_6536061e4435 ;
fromusername : oKwkYw7K9xHIr91Csk-qENfcagnM ;
createtime : 1483944166 ;
msgtype : event ;
event : CLICK ;
eventkey : 二维码 ;
from : oKwkYw7K9xHIr91Csk-qENfcagnM ;
to : gh_6536061e4435 ;
time : 1483944166 ;
type : event ;

2017-01-09 14:42:50 trace :
------------
Array:
tousername : gh_6536061e4435 ;
fromusername : oKwkYw7K9xHIr91Csk-qENfcagnM ;
createtime : 1483944170 ;
msgtype : event ;
event : CLICK ;
eventkey : 二维码 ;
from : oKwkYw7K9xHIr91Csk-qENfcagnM ;
to : gh_6536061e4435 ;
time : 1483944170 ;
type : event ;

2017-01-09 14:42:55 trace :
------------
Array:
tousername : gh_6536061e4435 ;
fromusername : oKwkYw5Hv5-mrEGrZ572fv2JrB_s ;
createtime : 1483944175 ;
msgtype : event ;
event : CLICK ;
eventkey : 二维码 ;
from : oKwkYw5Hv5-mrEGrZ572fv2JrB_s ;
to : gh_6536061e4435 ;
time : 1483944175 ;
type : event ;

2017-01-09 14:42:58 trace :
------------
Array:
tousername : gh_6536061e4435 ;
fromusername : oKwkYw22rCbBSaALxIaH8w23nsLQ ;
createtime : 1483944178 ;
msgtype : event ;
event : CLICK ;
eventkey : 二维码 ;
from : oKwkYw22rCbBSaALxIaH8w23nsLQ ;
to : gh_6536061e4435 ;
time : 1483944178 ;
type : event ;

2017-01-09 14:43:25 trace :
------------
Array:
tousername : gh_6536061e4435 ;
fromusername : oKwkYw2qGJyFlLhJocpy6L2tigl4 ;
createtime : 1483944205 ;
msgtype : event ;
event : subscribe ;
eventkey : Array ;
from : oKwkYw2qGJyFlLhJocpy6L2tigl4 ;
to : gh_6536061e4435 ;
time : 1483944205 ;
type : subscribe ;

2017-01-09 14:43:25 params :
------------
Array:
rule : -2 ;
module :  ;
message : Array ;

2017-01-09 14:43:25 response :
------------

2017-01-09 14:44:52 trace :
------------
Array:
tousername : gh_6536061e4435 ;
fromusername : oKwkYw0AIpFiGcZK10quYHjFAg8U ;
createtime : 1483944292 ;
msgtype : event ;
event : CLICK ;
eventkey : 二维码 ;
from : oKwkYw0AIpFiGcZK10quYHjFAg8U ;
to : gh_6536061e4435 ;
time : 1483944292 ;
type : event ;

2017-01-09 14:44:58 trace :
------------
Array:
tousername : gh_6536061e4435 ;
fromusername : oKwkYw0AIpFiGcZK10quYHjFAg8U ;
createtime : 1483944298 ;
msgtype : event ;
event : CLICK ;
eventkey : 二维码 ;
from : oKwkYw0AIpFiGcZK10quYHjFAg8U ;
to : gh_6536061e4435 ;
time : 1483944298 ;
type : event ;

2017-01-09 14:45:18 trace :
------------
Array:
tousername : gh_6536061e4435 ;
fromusername : oKwkYw4hbe1OXkvql6O2d58wQFss ;
createtime : 1483944318 ;
msgtype : event ;
event : subscribe ;
eventkey : qrscene_72326a5617c1da674bdd905cf6388505 ;
ticket : gQEh8DwAAAAAAAAAAS5odHRwOi8vd2VpeGluLnFxLmNvbS9xLzAybG14TDBGSDljbzMxMDAwMGcwN2IAAgRvGW5YAwQAAAAA ;
from : oKwkYw4hbe1OXkvql6O2d58wQFss ;
to : gh_6536061e4435 ;
time : 1483944318 ;
type : subscribe ;
scene : 72326a5617c1da674bdd905cf6388505 ;

2017-01-09 14:45:36 trace :
------------
Array:
tousername : gh_6536061e4435 ;
fromusername : oKwkYw4hbe1OXkvql6O2d58wQFss ;
createtime : 1483944335 ;
msgtype : event ;
event : VIEW ;
eventkey : http://kh39.61why.com/app/index.php?i=2&c=entry&eid=198 ;
menuid : 410553954 ;
from : oKwkYw4hbe1OXkvql6O2d58wQFss ;
to : gh_6536061e4435 ;
time : 1483944335 ;
type : event ;

2017-01-09 14:45:36 params :
------------
Array:
rule : -2 ;
module :  ;
message : Array ;

2017-01-09 14:45:36 response :
------------

2017-01-09 14:46:33 trace :
------------
Array:
tousername : gh_6536061e4435 ;
fromusername : oKwkYw0AIpFiGcZK10quYHjFAg8U ;
createtime : 1483944393 ;
msgtype : event ;
event : CLICK ;
eventkey : 二维码 ;
from : oKwkYw0AIpFiGcZK10quYHjFAg8U ;
to : gh_6536061e4435 ;
time : 1483944393 ;
type : event ;

2017-01-09 14:47:17 trace :
------------
Array:
tousername : gh_6536061e4435 ;
fromusername : oKwkYw74dQMxkkuNrHorySErKVKI ;
createtime : 1483944436 ;
msgtype : text ;
content : 11 ;
msgid : 6373492822111765794 ;
from : oKwkYw74dQMxkkuNrHorySErKVKI ;
to : gh_6536061e4435 ;
time : 1483944436 ;
type : text ;
event :  ;
redirection :  ;
source :  ;

2017-01-09 14:47:17 params :
------------
Array:
message : Array ;
module : basic ;
rule : 899 ;
priority : 0 ;
keyword : Array ;

2017-01-09 14:47:17 response :
------------
Array:
FromUserName : gh_6536061e4435 ;
ToUserName : oKwkYw74dQMxkkuNrHorySErKVKI ;
MsgType : text ;
Content : 欢迎光临 ;

2017-01-09 14:47:26 trace :
------------
Array:
tousername : gh_6536061e4435 ;
fromusername : oKwkYw0AIpFiGcZK10quYHjFAg8U ;
createtime : 1483944446 ;
msgtype : text ;
content : 11 ;
msgid : 6373492865061438757 ;
from : oKwkYw0AIpFiGcZK10quYHjFAg8U ;
to : gh_6536061e4435 ;
time : 1483944446 ;
type : text ;
event :  ;
redirection :  ;
source :  ;

2017-01-09 14:47:26 params :
------------
Array:
message : Array ;
module : basic ;
rule : 899 ;
priority : 0 ;
keyword : Array ;

2017-01-09 14:47:26 response :
------------
Array:
FromUserName : gh_6536061e4435 ;
ToUserName : oKwkYw0AIpFiGcZK10quYHjFAg8U ;
MsgType : text ;
Content : 欢迎光临 ;

2017-01-09 14:49:21 trace :
------------
Array:
tousername : gh_6536061e4435 ;
fromusername : oKwkYw4hbe1OXkvql6O2d58wQFss ;
createtime : 1483944561 ;
msgtype : event ;
event : VIEW ;
eventkey : http://kh39.61why.com/app/index.php?i=2&c=entry&eid=194 ;
menuid : 410553954 ;
from : oKwkYw4hbe1OXkvql6O2d58wQFss ;
to : gh_6536061e4435 ;
time : 1483944561 ;
type : event ;

2017-01-09 14:49:21 params :
------------
Array:
rule : -2 ;
module :  ;
message : Array ;

2017-01-09 14:49:21 response :
------------

2017-01-09 14:50:35 trace :
------------
Array:
tousername : gh_6536061e4435 ;
fromusername : oKwkYw2qGJyFlLhJocpy6L2tigl4 ;
createtime : 1483944635 ;
msgtype : event ;
event : VIEW ;
eventkey : http://kh39.61why.com/app/index.php?i=2&c=entry&eid=194 ;
menuid : 410553954 ;
from : oKwkYw2qGJyFlLhJocpy6L2tigl4 ;
to : gh_6536061e4435 ;
time : 1483944635 ;
type : event ;

2017-01-09 14:50:35 params :
------------
Array:
rule : -2 ;
module :  ;
message : Array ;

2017-01-09 14:50:35 response :
------------

2017-01-09 14:50:44 trace :
------------
Array:
tousername : gh_6536061e4435 ;
fromusername : oKwkYw2clLZI1CZaYmvnO6dg7ruY ;
createtime : 1483944644 ;
msgtype : event ;
event : subscribe ;
eventkey : Array ;
from : oKwkYw2clLZI1CZaYmvnO6dg7ruY ;
to : gh_6536061e4435 ;
time : 1483944644 ;
type : subscribe ;

2017-01-09 14:50:44 params :
------------
Array:
rule : -2 ;
module :  ;
message : Array ;

2017-01-09 14:50:44 response :
------------

2017-01-09 14:50:45 trace :
------------
Array:
tousername : gh_6536061e4435 ;
fromusername : oKwkYw2qGJyFlLhJocpy6L2tigl4 ;
createtime : 1483944644 ;
msgtype : event ;
event : VIEW ;
eventkey : http://kh39.61why.com/app/index.php?i=2&c=entry&eid=198 ;
menuid : 410553954 ;
from : oKwkYw2qGJyFlLhJocpy6L2tigl4 ;
to : gh_6536061e4435 ;
time : 1483944644 ;
type : event ;

2017-01-09 14:50:45 params :
------------
Array:
rule : -2 ;
module :  ;
message : Array ;

2017-01-09 14:50:45 response :
------------

2017-01-09 14:50:53 trace :
------------
Array:
tousername : gh_6536061e4435 ;
fromusername : oKwkYw2clLZI1CZaYmvnO6dg7ruY ;
createtime : 1483944652 ;
msgtype : event ;
event : VIEW ;
eventkey : http://kh39.61why.com/app/index.php?i=2&c=entry&eid=194 ;
menuid : 410600728 ;
from : oKwkYw2clLZI1CZaYmvnO6dg7ruY ;
to : gh_6536061e4435 ;
time : 1483944652 ;
type : event ;

2017-01-09 14:50:53 params :
------------
Array:
rule : -2 ;
module :  ;
message : Array ;

2017-01-09 14:50:53 response :
------------

2017-01-09 14:50:57 trace :
------------
Array:
tousername : gh_6536061e4435 ;
fromusername : oKwkYw2qGJyFlLhJocpy6L2tigl4 ;
createtime : 1483944657 ;
msgtype : event ;
event : CLICK ;
eventkey : 二维码 ;
from : oKwkYw2qGJyFlLhJocpy6L2tigl4 ;
to : gh_6536061e4435 ;
time : 1483944657 ;
type : event ;

2017-01-09 14:51:05 trace :
------------
Array:
tousername : gh_6536061e4435 ;
fromusername : oKwkYw2qGJyFlLhJocpy6L2tigl4 ;
createtime : 1483944665 ;
msgtype : event ;
event : VIEW ;
eventkey : http://kh39.61why.com/app/index.php?i=2&c=entry&eid=194 ;
menuid : 410600728 ;
from : oKwkYw2qGJyFlLhJocpy6L2tigl4 ;
to : gh_6536061e4435 ;
time : 1483944665 ;
type : event ;

2017-01-09 14:51:05 params :
------------
Array:
rule : -2 ;
module :  ;
message : Array ;

2017-01-09 14:51:05 response :
------------

2017-01-09 14:56:39 trace :
------------
Array:
tousername : gh_6536061e4435 ;
fromusername : oKwkYw4hbe1OXkvql6O2d58wQFss ;
createtime : 1483944999 ;
msgtype : event ;
event : VIEW ;
eventkey : http://kh39.61why.com/app/index.php?i=2&c=entry&eid=198 ;
menuid : 410553954 ;
from : oKwkYw4hbe1OXkvql6O2d58wQFss ;
to : gh_6536061e4435 ;
time : 1483944999 ;
type : event ;

2017-01-09 14:56:39 params :
------------
Array:
rule : -2 ;
module :  ;
message : Array ;

2017-01-09 14:56:39 response :
------------

2017-01-09 15:00:37 trace :
------------
Array:
tousername : gh_6536061e4435 ;
fromusername : oKwkYw74dQMxkkuNrHorySErKVKI ;
createtime : 1483945236 ;
msgtype : event ;
event : CLICK ;
eventkey : 二维码 ;
from : oKwkYw74dQMxkkuNrHorySErKVKI ;
to : gh_6536061e4435 ;
time : 1483945236 ;
type : event ;

2017-01-09 15:00:51 trace :
------------
Array:
tousername : gh_6536061e4435 ;
fromusername : oKwkYw74dQMxkkuNrHorySErKVKI ;
createtime : 1483945251 ;
msgtype : text ;
content : 二维码 ;
msgid : 6373496322510112125 ;
from : oKwkYw74dQMxkkuNrHorySErKVKI ;
to : gh_6536061e4435 ;
time : 1483945251 ;
type : text ;
event :  ;
redirection :  ;
source :  ;

2017-01-09 15:01:55 trace :
------------
Array:
tousername : gh_6536061e4435 ;
fromusername : oKwkYw0AIpFiGcZK10quYHjFAg8U ;
createtime : 1483945315 ;
msgtype : event ;
event : CLICK ;
eventkey : 二维码 ;
from : oKwkYw0AIpFiGcZK10quYHjFAg8U ;
to : gh_6536061e4435 ;
time : 1483945315 ;
type : event ;

2017-01-09 15:02:08 trace :
------------
Array:
tousername : gh_6536061e4435 ;
fromusername : oKwkYw0AIpFiGcZK10quYHjFAg8U ;
createtime : 1483945328 ;
msgtype : event ;
event : CLICK ;
eventkey : 二维码 ;
from : oKwkYw0AIpFiGcZK10quYHjFAg8U ;
to : gh_6536061e4435 ;
time : 1483945328 ;
type : event ;

2017-01-09 15:02:16 trace :
------------
Array:
tousername : gh_6536061e4435 ;
fromusername : oKwkYw0AIpFiGcZK10quYHjFAg8U ;
createtime : 1483945336 ;
msgtype : event ;
event : CLICK ;
eventkey : 二维码 ;
from : oKwkYw0AIpFiGcZK10quYHjFAg8U ;
to : gh_6536061e4435 ;
time : 1483945336 ;
type : event ;

2017-01-09 15:02:30 trace :
------------
Array:
tousername : gh_6536061e4435 ;
fromusername : oKwkYw0AIpFiGcZK10quYHjFAg8U ;
createtime : 1483945350 ;
msgtype : event ;
event : CLICK ;
eventkey : 二维码 ;
from : oKwkYw0AIpFiGcZK10quYHjFAg8U ;
to : gh_6536061e4435 ;
time : 1483945350 ;
type : event ;

2017-01-09 15:04:43 trace :
------------
Array:
tousername : gh_6536061e4435 ;
fromusername : oKwkYwwRfKrPQzTr-qMJbKLYom0I ;
createtime : 1483945483 ;
msgtype : event ;
event : subscribe ;
eventkey : Array ;
from : oKwkYwwRfKrPQzTr-qMJbKLYom0I ;
to : gh_6536061e4435 ;
time : 1483945483 ;
type : subscribe ;

2017-01-09 15:04:43 params :
------------
Array:
rule : -2 ;
module :  ;
message : Array ;

2017-01-09 15:04:43 response :
------------

2017-01-09 15:04:45 trace :
------------
Array:
tousername : gh_6536061e4435 ;
fromusername : oKwkYwwRfKrPQzTr-qMJbKLYom0I ;
createtime : 1483945485 ;
msgtype : event ;
event : CLICK ;
eventkey : 二维码 ;
from : oKwkYwwRfKrPQzTr-qMJbKLYom0I ;
to : gh_6536061e4435 ;
time : 1483945485 ;
type : event ;

2017-01-09 15:04:49 trace :
------------
Array:
tousername : gh_6536061e4435 ;
fromusername : oKwkYwwRfKrPQzTr-qMJbKLYom0I ;
createtime : 1483945489 ;
msgtype : event ;
event : CLICK ;
eventkey : 二维码 ;
from : oKwkYwwRfKrPQzTr-qMJbKLYom0I ;
to : gh_6536061e4435 ;
time : 1483945489 ;
type : event ;

2017-01-09 15:05:41 trace :
------------
Array:
tousername : gh_6536061e4435 ;
fromusername : oKwkYw0AIpFiGcZK10quYHjFAg8U ;
createtime : 1483945541 ;
msgtype : event ;
event : CLICK ;
eventkey : 二维码 ;
from : oKwkYw0AIpFiGcZK10quYHjFAg8U ;
to : gh_6536061e4435 ;
time : 1483945541 ;
type : event ;

2017-01-09 15:07:01 trace :
------------
Array:
tousername : gh_6536061e4435 ;
fromusername : oKwkYwwBjItm-FLwhgb31zJw29mE ;
createtime : 1483945621 ;
msgtype : event ;
event : CLICK ;
eventkey : 二维码 ;
from : oKwkYwwBjItm-FLwhgb31zJw29mE ;
to : gh_6536061e4435 ;
time : 1483945621 ;
type : event ;

2017-01-09 15:07:42 trace :
------------
Array:
tousername : gh_6536061e4435 ;
fromusername : oKwkYw74dQMxkkuNrHorySErKVKI ;
createtime : 1483945662 ;
msgtype : event ;
event : CLICK ;
eventkey : 二维码 ;
from : oKwkYw74dQMxkkuNrHorySErKVKI ;
to : gh_6536061e4435 ;
time : 1483945662 ;
type : event ;

2017-01-09 15:10:52 trace :
------------
Array:
tousername : gh_6536061e4435 ;
fromusername : oKwkYw0AIpFiGcZK10quYHjFAg8U ;
createtime : 1483945852 ;
msgtype : event ;
event : VIEW ;
eventkey : http://kh39.61why.com/app/index.php?i=2&c=entry&eid=198 ;
menuid : 410553954 ;
from : oKwkYw0AIpFiGcZK10quYHjFAg8U ;
to : gh_6536061e4435 ;
time : 1483945852 ;
type : event ;

2017-01-09 15:10:52 params :
------------
Array:
rule : -2 ;
module :  ;
message : Array ;

2017-01-09 15:10:52 response :
------------

2017-01-09 15:13:56 trace :
------------
Array:
tousername : gh_6536061e4435 ;
fromusername : oKwkYw2qGJyFlLhJocpy6L2tigl4 ;
createtime : 1483946036 ;
msgtype : event ;
event : VIEW ;
eventkey : http://kh39.61why.com/app/index.php?i=2&c=entry&eid=194 ;
menuid : 410600728 ;
from : oKwkYw2qGJyFlLhJocpy6L2tigl4 ;
to : gh_6536061e4435 ;
time : 1483946036 ;
type : event ;

2017-01-09 15:13:56 params :
------------
Array:
rule : -2 ;
module :  ;
message : Array ;

2017-01-09 15:13:56 response :
------------

2017-01-09 15:21:09 trace :
------------
Array:
tousername : gh_6536061e4435 ;
fromusername : oKwkYw22rCbBSaALxIaH8w23nsLQ ;
createtime : 1483946469 ;
msgtype : event ;
event : VIEW ;
eventkey : http://kh39.61why.com/app/index.php?i=2&c=entry&eid=194 ;
menuid : 410600728 ;
from : oKwkYw22rCbBSaALxIaH8w23nsLQ ;
to : gh_6536061e4435 ;
time : 1483946469 ;
type : event ;

2017-01-09 15:21:09 params :
------------
Array:
rule : -2 ;
module :  ;
message : Array ;

2017-01-09 15:21:09 response :
------------

2017-01-09 15:32:21 trace :
------------
Array:
tousername : gh_6536061e4435 ;
fromusername : oKwkYw7K9xHIr91Csk-qENfcagnM ;
createtime : 1483947141 ;
msgtype : event ;
event : VIEW ;
eventkey : http://kh39.61why.com/app/index.php?i=2&c=entry&eid=194 ;
menuid : 410600728 ;
from : oKwkYw7K9xHIr91Csk-qENfcagnM ;
to : gh_6536061e4435 ;
time : 1483947141 ;
type : event ;

2017-01-09 15:32:21 params :
------------
Array:
rule : -2 ;
module :  ;
message : Array ;

2017-01-09 15:32:21 response :
------------

2017-01-09 15:32:43 trace :
------------
Array:
tousername : gh_6536061e4435 ;
fromusername : oKwkYw7K9xHIr91Csk-qENfcagnM ;
createtime : 1483947163 ;
msgtype : event ;
event : VIEW ;
eventkey : http://kh39.61why.com/app/index.php?i=2&c=entry&eid=198 ;
menuid : 410600728 ;
from : oKwkYw7K9xHIr91Csk-qENfcagnM ;
to : gh_6536061e4435 ;
time : 1483947163 ;
type : event ;

2017-01-09 15:32:43 params :
------------
Array:
rule : -2 ;
module :  ;
message : Array ;

2017-01-09 15:32:43 response :
------------

2017-01-09 15:40:17 trace :
------------
Array:
tousername : gh_6536061e4435 ;
fromusername : oKwkYw22rCbBSaALxIaH8w23nsLQ ;
createtime : 1483947617 ;
msgtype : event ;
event : VIEW ;
eventkey : http://kh39.61why.com/app/index.php?i=2&c=entry&eid=198 ;
menuid : 410600728 ;
from : oKwkYw22rCbBSaALxIaH8w23nsLQ ;
to : gh_6536061e4435 ;
time : 1483947617 ;
type : event ;

2017-01-09 15:40:17 params :
------------
Array:
rule : -2 ;
module :  ;
message : Array ;

2017-01-09 15:40:17 response :
------------

2017-01-09 15:40:57 trace :
------------
Array:
tousername : gh_6536061e4435 ;
fromusername : oKwkYw5Hv5-mrEGrZ572fv2JrB_s ;
createtime : 1483947656 ;
msgtype : event ;
event : VIEW ;
eventkey : http://kh39.61why.com/app/index.php?i=2&c=entry&eid=194 ;
menuid : 410553954 ;
from : oKwkYw5Hv5-mrEGrZ572fv2JrB_s ;
to : gh_6536061e4435 ;
time : 1483947656 ;
type : event ;

2017-01-09 15:40:57 params :
------------
Array:
rule : -2 ;
module :  ;
message : Array ;

2017-01-09 15:40:57 response :
------------

2017-01-09 15:41:11 trace :
------------
Array:
tousername : gh_6536061e4435 ;
fromusername : oKwkYw5Hv5-mrEGrZ572fv2JrB_s ;
createtime : 1483947671 ;
msgtype : event ;
event : VIEW ;
eventkey : http://kh39.61why.com/app/index.php?i=2&c=entry&eid=194 ;
menuid : 410553954 ;
from : oKwkYw5Hv5-mrEGrZ572fv2JrB_s ;
to : gh_6536061e4435 ;
time : 1483947671 ;
type : event ;

2017-01-09 15:41:11 params :
------------
Array:
rule : -2 ;
module :  ;
message : Array ;

2017-01-09 15:41:11 response :
------------

2017-01-09 15:43:36 trace :
------------
Array:
tousername : gh_6536061e4435 ;
fromusername : oKwkYw22rCbBSaALxIaH8w23nsLQ ;
createtime : 1483947816 ;
msgtype : event ;
event : VIEW ;
eventkey : http://kh39.61why.com/app/index.php?i=2&c=entry&eid=198 ;
menuid : 410600728 ;
from : oKwkYw22rCbBSaALxIaH8w23nsLQ ;
to : gh_6536061e4435 ;
time : 1483947816 ;
type : event ;

2017-01-09 15:43:36 params :
------------
Array:
rule : -2 ;
module :  ;
message : Array ;

2017-01-09 15:43:36 response :
------------

2017-01-09 15:47:24 trace :
------------
Array:
tousername : gh_6536061e4435 ;
fromusername : oKwkYw7DLKkRh0nVtmeBCMhoKTmY ;
createtime : 1483948044 ;
msgtype : event ;
event : VIEW ;
eventkey : http://kh39.61why.com/app/index.php?i=2&c=entry&eid=194 ;
menuid : 410600728 ;
from : oKwkYw7DLKkRh0nVtmeBCMhoKTmY ;
to : gh_6536061e4435 ;
time : 1483948044 ;
type : event ;

2017-01-09 15:47:24 params :
------------
Array:
rule : -2 ;
module :  ;
message : Array ;

2017-01-09 15:47:24 response :
------------

2017-01-09 15:59:15 trace :
------------
Array:
tousername : gh_6536061e4435 ;
fromusername : oKwkYw5S8zWw6zCS6dGdWuuV95fM ;
createtime : 1483948754 ;
msgtype : event ;
event : VIEW ;
eventkey : http://kh39.61why.com/app/index.php?i=2&c=entry&eid=198 ;
menuid : 410600728 ;
from : oKwkYw5S8zWw6zCS6dGdWuuV95fM ;
to : gh_6536061e4435 ;
time : 1483948754 ;
type : event ;

2017-01-09 15:59:15 params :
------------
Array:
rule : -2 ;
module :  ;
message : Array ;

2017-01-09 15:59:15 response :
------------

2017-01-09 15:59:18 trace :
------------
Array:
tousername : gh_6536061e4435 ;
fromusername : oKwkYw5S8zWw6zCS6dGdWuuV95fM ;
createtime : 1483948758 ;
msgtype : event ;
event : VIEW ;
eventkey : http://kh39.61why.com/app/index.php?i=2&c=entry&eid=198 ;
menuid : 410600728 ;
from : oKwkYw5S8zWw6zCS6dGdWuuV95fM ;
to : gh_6536061e4435 ;
time : 1483948758 ;
type : event ;

2017-01-09 15:59:18 params :
------------
Array:
rule : -2 ;
module :  ;
message : Array ;

2017-01-09 15:59:18 response :
------------

2017-01-09 16:00:22 trace :
------------
Array:
tousername : gh_6536061e4435 ;
fromusername : oKwkYw5S8zWw6zCS6dGdWuuV95fM ;
createtime : 1483948822 ;
msgtype : event ;
event : VIEW ;
eventkey : http://kh39.61why.com/app/index.php?i=2&c=entry&eid=198 ;
menuid : 410600728 ;
from : oKwkYw5S8zWw6zCS6dGdWuuV95fM ;
to : gh_6536061e4435 ;
time : 1483948822 ;
type : event ;

2017-01-09 16:00:22 params :
------------
Array:
rule : -2 ;
module :  ;
message : Array ;

2017-01-09 16:00:22 response :
------------

2017-01-09 16:00:42 trace :
------------
Array:
tousername : gh_6536061e4435 ;
fromusername : oKwkYw5S8zWw6zCS6dGdWuuV95fM ;
createtime : 1483948842 ;
msgtype : event ;
event : VIEW ;
eventkey : http://kh39.61why.com/app/index.php?i=2&c=entry&eid=198 ;
menuid : 410600728 ;
from : oKwkYw5S8zWw6zCS6dGdWuuV95fM ;
to : gh_6536061e4435 ;
time : 1483948842 ;
type : event ;

2017-01-09 16:00:42 params :
------------
Array:
rule : -2 ;
module :  ;
message : Array ;

2017-01-09 16:00:42 response :
------------

2017-01-09 16:03:25 trace :
------------
Array:
tousername : gh_6536061e4435 ;
fromusername : oKwkYw74dQMxkkuNrHorySErKVKI ;
createtime : 1483949005 ;
msgtype : event ;
event : VIEW ;
eventkey : http://kh39.61why.com/app/index.php?i=2&c=entry&eid=194 ;
menuid : 410600728 ;
from : oKwkYw74dQMxkkuNrHorySErKVKI ;
to : gh_6536061e4435 ;
time : 1483949005 ;
type : event ;

2017-01-09 16:03:25 params :
------------
Array:
rule : -2 ;
module :  ;
message : Array ;

2017-01-09 16:03:25 response :
------------

2017-01-09 16:18:22 trace :
------------
Array:
tousername : gh_6536061e4435 ;
fromusername : oKwkYw5Hv5-mrEGrZ572fv2JrB_s ;
createtime : 1483949902 ;
msgtype : event ;
event : VIEW ;
eventkey : http://kh39.61why.com/app/index.php?i=2&c=entry&eid=194 ;
menuid : 410600728 ;
from : oKwkYw5Hv5-mrEGrZ572fv2JrB_s ;
to : gh_6536061e4435 ;
time : 1483949902 ;
type : event ;

2017-01-09 16:18:22 params :
------------
Array:
rule : -2 ;
module :  ;
message : Array ;

2017-01-09 16:18:22 response :
------------

2017-01-09 16:36:46 trace :
------------
Array:
tousername : gh_6536061e4435 ;
fromusername : oKwkYwwTlzliKWo4jhg2pThzXRJw ;
createtime : 1483951006 ;
msgtype : event ;
event : VIEW ;
eventkey : http://kh39.61why.com/app/index.php?i=2&c=entry&eid=198 ;
menuid : 410600728 ;
from : oKwkYwwTlzliKWo4jhg2pThzXRJw ;
to : gh_6536061e4435 ;
time : 1483951006 ;
type : event ;

2017-01-09 16:36:46 params :
------------
Array:
rule : -2 ;
module :  ;
message : Array ;

2017-01-09 16:36:46 response :
------------

2017-01-09 16:37:35 trace :
------------
Array:
tousername : gh_6536061e4435 ;
fromusername : oKwkYwz9Ir4W9DNoNIsQzZBAC8X8 ;
createtime : 1483951054 ;
msgtype : event ;
event : VIEW ;
eventkey : http://kh39.61why.com/app/index.php?i=2&c=entry&eid=194 ;
menuid : 410600728 ;
from : oKwkYwz9Ir4W9DNoNIsQzZBAC8X8 ;
to : gh_6536061e4435 ;
time : 1483951054 ;
type : event ;

2017-01-09 16:37:35 params :
------------
Array:
rule : -2 ;
module :  ;
message : Array ;

2017-01-09 16:37:35 response :
------------

2017-01-09 16:37:57 trace :
------------
Array:
tousername : gh_6536061e4435 ;
fromusername : oKwkYwz9Ir4W9DNoNIsQzZBAC8X8 ;
createtime : 1483951076 ;
msgtype : event ;
event : VIEW ;
eventkey : http://kh39.61why.com/app/index.php?i=2&c=entry&eid=198 ;
menuid : 410600728 ;
from : oKwkYwz9Ir4W9DNoNIsQzZBAC8X8 ;
to : gh_6536061e4435 ;
time : 1483951076 ;
type : event ;

2017-01-09 16:37:57 params :
------------
Array:
rule : -2 ;
module :  ;
message : Array ;

2017-01-09 16:37:57 response :
------------

2017-01-09 16:42:11 trace :
------------
Array:
tousername : gh_6536061e4435 ;
fromusername : oKwkYwwTlzliKWo4jhg2pThzXRJw ;
createtime : 1483951331 ;
msgtype : event ;
event : VIEW ;
eventkey : http://kh39.61why.com/app/index.php?i=2&c=entry&eid=198 ;
menuid : 410600728 ;
from : oKwkYwwTlzliKWo4jhg2pThzXRJw ;
to : gh_6536061e4435 ;
time : 1483951331 ;
type : event ;

2017-01-09 16:42:11 params :
------------
Array:
rule : -2 ;
module :  ;
message : Array ;

2017-01-09 16:42:11 response :
------------

2017-01-09 16:43:45 trace :
------------
Array:
tousername : gh_6536061e4435 ;
fromusername : oKwkYw5Hv5-mrEGrZ572fv2JrB_s ;
createtime : 1483951425 ;
msgtype : event ;
event : VIEW ;
eventkey : http://kh39.61why.com/app/index.php?i=2&c=entry&eid=194 ;
menuid : 410600728 ;
from : oKwkYw5Hv5-mrEGrZ572fv2JrB_s ;
to : gh_6536061e4435 ;
time : 1483951425 ;
type : event ;

2017-01-09 16:43:45 params :
------------
Array:
rule : -2 ;
module :  ;
message : Array ;

2017-01-09 16:43:45 response :
------------

2017-01-09 16:43:46 trace :
------------
Array:
tousername : gh_6536061e4435 ;
fromusername : oKwkYw5Hv5-mrEGrZ572fv2JrB_s ;
createtime : 1483951426 ;
msgtype : event ;
event : VIEW ;
eventkey : http://kh39.61why.com/app/index.php?i=2&c=entry&eid=194 ;
menuid : 410600728 ;
from : oKwkYw5Hv5-mrEGrZ572fv2JrB_s ;
to : gh_6536061e4435 ;
time : 1483951426 ;
type : event ;

2017-01-09 16:43:46 params :
------------
Array:
rule : -2 ;
module :  ;
message : Array ;

2017-01-09 16:43:46 response :
------------

2017-01-09 17:10:15 trace :
------------
Array:
tousername : gh_6536061e4435 ;
fromusername : oKwkYw9A27iCE2wbx5IXncAJ21Sw ;
createtime : 1483953015 ;
msgtype : event ;
event : VIEW ;
eventkey : http://kh39.61why.com/app/index.php?i=2&c=entry&eid=198 ;
menuid : 410600728 ;
from : oKwkYw9A27iCE2wbx5IXncAJ21Sw ;
to : gh_6536061e4435 ;
time : 1483953015 ;
type : event ;

2017-01-09 17:10:15 params :
------------
Array:
rule : -2 ;
module :  ;
message : Array ;

2017-01-09 17:10:15 response :
------------

2017-01-09 17:16:26 trace :
------------
Array:
tousername : gh_6536061e4435 ;
fromusername : oKwkYw7K9xHIr91Csk-qENfcagnM ;
createtime : 1483953386 ;
msgtype : event ;
event : VIEW ;
eventkey : http://kh39.61why.com/app/index.php?i=2&c=entry&eid=194 ;
menuid : 410600728 ;
from : oKwkYw7K9xHIr91Csk-qENfcagnM ;
to : gh_6536061e4435 ;
time : 1483953386 ;
type : event ;

2017-01-09 17:16:26 params :
------------
Array:
rule : -2 ;
module :  ;
message : Array ;

2017-01-09 17:16:26 response :
------------

2017-01-09 17:27:53 trace :
------------
Array:
tousername : gh_6536061e4435 ;
fromusername : oKwkYw7K9xHIr91Csk-qENfcagnM ;
createtime : 1483954073 ;
msgtype : event ;
event : CLICK ;
eventkey : 二维码 ;
from : oKwkYw7K9xHIr91Csk-qENfcagnM ;
to : gh_6536061e4435 ;
time : 1483954073 ;
type : event ;

2017-01-09 17:29:04 trace :
------------
Array:
tousername : gh_6536061e4435 ;
fromusername : oKwkYw-pxdfzJgcA3EAdBqBKlzSI ;
createtime : 1483954144 ;
msgtype : event ;
event : subscribe ;
eventkey : Array ;
from : oKwkYw-pxdfzJgcA3EAdBqBKlzSI ;
to : gh_6536061e4435 ;
time : 1483954144 ;
type : subscribe ;

2017-01-09 17:29:04 params :
------------
Array:
rule : -2 ;
module :  ;
message : Array ;

2017-01-09 17:29:04 response :
------------

2017-01-09 17:29:15 trace :
------------
Array:
tousername : gh_6536061e4435 ;
fromusername : oKwkYw0xQLFJISAFEGpBUjyq7SqE ;
createtime : 1483954155 ;
msgtype : event ;
event : subscribe ;
eventkey : Array ;
from : oKwkYw0xQLFJISAFEGpBUjyq7SqE ;
to : gh_6536061e4435 ;
time : 1483954155 ;
type : subscribe ;

2017-01-09 17:29:15 params :
------------
Array:
rule : -2 ;
module :  ;
message : Array ;

2017-01-09 17:29:15 response :
------------

2017-01-09 17:29:39 trace :
------------
Array:
tousername : gh_6536061e4435 ;
fromusername : oKwkYw0xQLFJISAFEGpBUjyq7SqE ;
createtime : 1483954179 ;
msgtype : event ;
event : VIEW ;
eventkey : http://kh39.61why.com/app/index.php?i=2&c=entry&eid=198 ;
menuid : 410600728 ;
from : oKwkYw0xQLFJISAFEGpBUjyq7SqE ;
to : gh_6536061e4435 ;
time : 1483954179 ;
type : event ;

2017-01-09 17:29:39 params :
------------
Array:
rule : -2 ;
module :  ;
message : Array ;

2017-01-09 17:29:39 response :
------------

2017-01-09 17:29:52 trace :
------------
Array:
tousername : gh_6536061e4435 ;
fromusername : oKwkYw0xQLFJISAFEGpBUjyq7SqE ;
createtime : 1483954192 ;
msgtype : event ;
event : VIEW ;
eventkey : http://kh39.61why.com/app/index.php?i=2&c=entry&eid=198 ;
menuid : 410600728 ;
from : oKwkYw0xQLFJISAFEGpBUjyq7SqE ;
to : gh_6536061e4435 ;
time : 1483954192 ;
type : event ;

2017-01-09 17:29:52 params :
------------
Array:
rule : -2 ;
module :  ;
message : Array ;

2017-01-09 17:29:52 response :
------------

2017-01-09 17:33:24 trace :
------------
Array:
tousername : gh_6536061e4435 ;
fromusername : oKwkYw-pxdfzJgcA3EAdBqBKlzSI ;
createtime : 1483954404 ;
msgtype : event ;
event : VIEW ;
eventkey : http://kh39.61why.com/app/index.php?i=2&c=entry&eid=198 ;
menuid : 410600728 ;
from : oKwkYw-pxdfzJgcA3EAdBqBKlzSI ;
to : gh_6536061e4435 ;
time : 1483954404 ;
type : event ;

2017-01-09 17:33:24 params :
------------
Array:
rule : -2 ;
module :  ;
message : Array ;

2017-01-09 17:33:24 response :
------------

2017-01-09 17:33:36 trace :
------------
Array:
tousername : gh_6536061e4435 ;
fromusername : oKwkYw7K9xHIr91Csk-qENfcagnM ;
createtime : 1483954416 ;
msgtype : event ;
event : VIEW ;
eventkey : http://kh39.61why.com/app/index.php?i=2&c=entry&eid=198 ;
menuid : 410600728 ;
from : oKwkYw7K9xHIr91Csk-qENfcagnM ;
to : gh_6536061e4435 ;
time : 1483954416 ;
type : event ;

2017-01-09 17:33:36 params :
------------
Array:
rule : -2 ;
module :  ;
message : Array ;

2017-01-09 17:33:36 response :
------------

2017-01-09 17:33:58 trace :
------------
Array:
tousername : gh_6536061e4435 ;
fromusername : oKwkYw-pxdfzJgcA3EAdBqBKlzSI ;
createtime : 1483954438 ;
msgtype : event ;
event : VIEW ;
eventkey : http://kh39.61why.com/app/index.php?i=2&c=entry&eid=198 ;
menuid : 410600728 ;
from : oKwkYw-pxdfzJgcA3EAdBqBKlzSI ;
to : gh_6536061e4435 ;
time : 1483954438 ;
type : event ;

2017-01-09 17:33:58 params :
------------
Array:
rule : -2 ;
module :  ;
message : Array ;

2017-01-09 17:33:58 response :
------------

2017-01-09 17:38:06 trace :
------------
Array:
tousername : gh_6536061e4435 ;
fromusername : oKwkYw7K9xHIr91Csk-qENfcagnM ;
createtime : 1483954686 ;
msgtype : event ;
event : VIEW ;
eventkey : http://kh39.61why.com/app/index.php?i=2&c=entry&eid=198 ;
menuid : 410600728 ;
from : oKwkYw7K9xHIr91Csk-qENfcagnM ;
to : gh_6536061e4435 ;
time : 1483954686 ;
type : event ;

2017-01-09 17:38:06 params :
------------
Array:
rule : -2 ;
module :  ;
message : Array ;

2017-01-09 17:38:06 response :
------------

2017-01-09 17:39:42 trace :
------------
Array:
tousername : gh_6536061e4435 ;
fromusername : oKwkYw7K9xHIr91Csk-qENfcagnM ;
createtime : 1483954782 ;
msgtype : event ;
event : VIEW ;
eventkey : http://kh39.61why.com/app/index.php?i=2&c=entry&eid=198 ;
menuid : 410600728 ;
from : oKwkYw7K9xHIr91Csk-qENfcagnM ;
to : gh_6536061e4435 ;
time : 1483954782 ;
type : event ;

2017-01-09 17:39:42 params :
------------
Array:
rule : -2 ;
module :  ;
message : Array ;

2017-01-09 17:39:42 response :
------------

2017-01-09 17:39:57 trace :
------------
Array:
tousername : gh_6536061e4435 ;
fromusername : oKwkYw7K9xHIr91Csk-qENfcagnM ;
createtime : 1483954797 ;
msgtype : event ;
event : VIEW ;
eventkey : http://kh39.61why.com/app/index.php?i=2&c=entry&eid=198 ;
menuid : 410600728 ;
from : oKwkYw7K9xHIr91Csk-qENfcagnM ;
to : gh_6536061e4435 ;
time : 1483954797 ;
type : event ;

2017-01-09 17:39:57 params :
------------
Array:
rule : -2 ;
module :  ;
message : Array ;

2017-01-09 17:39:57 response :
------------

2017-01-09 17:39:59 trace :
------------
Array:
tousername : gh_6536061e4435 ;
fromusername : oKwkYw7K9xHIr91Csk-qENfcagnM ;
createtime : 1483954799 ;
msgtype : event ;
event : VIEW ;
eventkey : http://kh39.61why.com/app/index.php?i=2&c=entry&eid=198 ;
menuid : 410600728 ;
from : oKwkYw7K9xHIr91Csk-qENfcagnM ;
to : gh_6536061e4435 ;
time : 1483954799 ;
type : event ;

2017-01-09 17:39:59 params :
------------
Array:
rule : -2 ;
module :  ;
message : Array ;

2017-01-09 17:39:59 response :
------------

2017-01-09 17:40:51 trace :
------------
Array:
tousername : gh_6536061e4435 ;
fromusername : oKwkYw7K9xHIr91Csk-qENfcagnM ;
createtime : 1483954851 ;
msgtype : event ;
event : VIEW ;
eventkey : http://kh39.61why.com/app/index.php?i=2&c=entry&eid=198 ;
menuid : 410600728 ;
from : oKwkYw7K9xHIr91Csk-qENfcagnM ;
to : gh_6536061e4435 ;
time : 1483954851 ;
type : event ;

2017-01-09 17:40:51 params :
------------
Array:
rule : -2 ;
module :  ;
message : Array ;

2017-01-09 17:40:51 response :
------------

2017-01-09 17:41:34 trace :
------------
Array:
tousername : gh_6536061e4435 ;
fromusername : oKwkYw7K9xHIr91Csk-qENfcagnM ;
createtime : 1483954894 ;
msgtype : event ;
event : CLICK ;
eventkey : 二维码 ;
from : oKwkYw7K9xHIr91Csk-qENfcagnM ;
to : gh_6536061e4435 ;
time : 1483954894 ;
type : event ;

2017-01-09 17:41:39 trace :
------------
Array:
tousername : gh_6536061e4435 ;
fromusername : oKwkYw22rCbBSaALxIaH8w23nsLQ ;
createtime : 1483954899 ;
msgtype : event ;
event : CLICK ;
eventkey : 二维码 ;
from : oKwkYw22rCbBSaALxIaH8w23nsLQ ;
to : gh_6536061e4435 ;
time : 1483954899 ;
type : event ;

2017-01-09 17:41:48 trace :
------------
Array:
tousername : gh_6536061e4435 ;
fromusername : oKwkYw7K9xHIr91Csk-qENfcagnM ;
createtime : 1483954907 ;
msgtype : event ;
event : VIEW ;
eventkey : http://kh39.61why.com/app/index.php?i=2&c=entry&eid=198 ;
menuid : 410600728 ;
from : oKwkYw7K9xHIr91Csk-qENfcagnM ;
to : gh_6536061e4435 ;
time : 1483954907 ;
type : event ;

2017-01-09 17:41:48 params :
------------
Array:
rule : -2 ;
module :  ;
message : Array ;

2017-01-09 17:41:48 response :
------------

2017-01-09 17:42:25 trace :
------------
Array:
tousername : gh_6536061e4435 ;
fromusername : oKwkYw22rCbBSaALxIaH8w23nsLQ ;
createtime : 1483954945 ;
msgtype : event ;
event : VIEW ;
eventkey : http://kh39.61why.com/app/index.php?i=2&c=entry&eid=198 ;
menuid : 410600728 ;
from : oKwkYw22rCbBSaALxIaH8w23nsLQ ;
to : gh_6536061e4435 ;
time : 1483954945 ;
type : event ;

2017-01-09 17:42:25 params :
------------
Array:
rule : -2 ;
module :  ;
message : Array ;

2017-01-09 17:42:25 response :
------------

2017-01-09 17:43:05 trace :
------------
Array:
tousername : gh_6536061e4435 ;
fromusername : oKwkYwyA8e8lnMGuMx9k-4BQiemU ;
createtime : 1483954985 ;
msgtype : event ;
event : VIEW ;
eventkey : http://kh39.61why.com/app/index.php?i=2&c=entry&eid=194 ;
menuid : 410600728 ;
from : oKwkYwyA8e8lnMGuMx9k-4BQiemU ;
to : gh_6536061e4435 ;
time : 1483954985 ;
type : event ;

2017-01-09 17:43:05 params :
------------
Array:
rule : -2 ;
module :  ;
message : Array ;

2017-01-09 17:43:05 response :
------------

2017-01-09 17:43:11 trace :
------------
Array:
tousername : gh_6536061e4435 ;
fromusername : oKwkYwyA8e8lnMGuMx9k-4BQiemU ;
createtime : 1483954991 ;
msgtype : event ;
event : CLICK ;
eventkey : 二维码 ;
from : oKwkYwyA8e8lnMGuMx9k-4BQiemU ;
to : gh_6536061e4435 ;
time : 1483954991 ;
type : event ;

2017-01-09 17:43:41 trace :
------------
Array:
tousername : gh_6536061e4435 ;
fromusername : oKwkYwyA8e8lnMGuMx9k-4BQiemU ;
createtime : 1483955021 ;
msgtype : event ;
event : SCAN ;
eventkey : 636ca9d638263f0a265f937cc84b4e67 ;
ticket : gQER8DwAAAAAAAAAAS5odHRwOi8vd2VpeGluLnFxLmNvbS9xLzAydnd5QTBlSDljbzMxMDAwMDAwN3kAAgQvW3NYAwQAAAAA ;
from : oKwkYwyA8e8lnMGuMx9k-4BQiemU ;
to : gh_6536061e4435 ;
time : 1483955021 ;
type : subscribe ;
scene : 636ca9d638263f0a265f937cc84b4e67 ;

2017-01-09 17:44:14 trace :
------------
Array:
tousername : gh_6536061e4435 ;
fromusername : oKwkYw-pxdfzJgcA3EAdBqBKlzSI ;
createtime : 1483955054 ;
msgtype : event ;
event : VIEW ;
eventkey : http://kh39.61why.com/app/index.php?i=2&c=entry&eid=198 ;
menuid : 410600728 ;
from : oKwkYw-pxdfzJgcA3EAdBqBKlzSI ;
to : gh_6536061e4435 ;
time : 1483955054 ;
type : event ;

2017-01-09 17:44:14 params :
------------
Array:
rule : -2 ;
module :  ;
message : Array ;

2017-01-09 17:44:14 response :
------------

2017-01-09 17:44:32 trace :
------------
Array:
tousername : gh_6536061e4435 ;
fromusername : oKwkYw-pxdfzJgcA3EAdBqBKlzSI ;
createtime : 1483955072 ;
msgtype : event ;
event : VIEW ;
eventkey : http://kh39.61why.com/app/index.php?i=2&c=entry&eid=198 ;
menuid : 410600728 ;
from : oKwkYw-pxdfzJgcA3EAdBqBKlzSI ;
to : gh_6536061e4435 ;
time : 1483955072 ;
type : event ;

2017-01-09 17:44:32 params :
------------
Array:
rule : -2 ;
module :  ;
message : Array ;

2017-01-09 17:44:32 response :
------------

2017-01-09 17:44:46 trace :
------------
Array:
tousername : gh_6536061e4435 ;
fromusername : oKwkYw-pxdfzJgcA3EAdBqBKlzSI ;
createtime : 1483955086 ;
msgtype : event ;
event : VIEW ;
eventkey : http://kh39.61why.com/app/index.php?i=2&c=entry&eid=194 ;
menuid : 410600728 ;
from : oKwkYw-pxdfzJgcA3EAdBqBKlzSI ;
to : gh_6536061e4435 ;
time : 1483955086 ;
type : event ;

2017-01-09 17:44:46 params :
------------
Array:
rule : -2 ;
module :  ;
message : Array ;

2017-01-09 17:44:46 response :
------------

2017-01-09 17:45:04 trace :
------------
Array:
tousername : gh_6536061e4435 ;
fromusername : oKwkYw-pxdfzJgcA3EAdBqBKlzSI ;
createtime : 1483955104 ;
msgtype : event ;
event : VIEW ;
eventkey : http://kh39.61why.com/app/index.php?i=2&c=entry&eid=194 ;
menuid : 410600728 ;
from : oKwkYw-pxdfzJgcA3EAdBqBKlzSI ;
to : gh_6536061e4435 ;
time : 1483955104 ;
type : event ;

2017-01-09 17:45:04 params :
------------
Array:
rule : -2 ;
module :  ;
message : Array ;

2017-01-09 17:45:04 response :
------------

2017-01-09 17:45:17 trace :
------------
Array:
tousername : gh_6536061e4435 ;
fromusername : oKwkYw-pxdfzJgcA3EAdBqBKlzSI ;
createtime : 1483955117 ;
msgtype : event ;
event : VIEW ;
eventkey : http://kh39.61why.com/app/index.php?i=2&c=entry&eid=194 ;
menuid : 410600728 ;
from : oKwkYw-pxdfzJgcA3EAdBqBKlzSI ;
to : gh_6536061e4435 ;
time : 1483955117 ;
type : event ;

2017-01-09 17:45:17 params :
------------
Array:
rule : -2 ;
module :  ;
message : Array ;

2017-01-09 17:45:17 response :
------------

2017-01-09 17:45:26 trace :
------------
Array:
tousername : gh_6536061e4435 ;
fromusername : oKwkYw-pxdfzJgcA3EAdBqBKlzSI ;
createtime : 1483955126 ;
msgtype : event ;
event : VIEW ;
eventkey : http://kh39.61why.com/app/index.php?i=2&c=entry&eid=198 ;
menuid : 410600728 ;
from : oKwkYw-pxdfzJgcA3EAdBqBKlzSI ;
to : gh_6536061e4435 ;
time : 1483955126 ;
type : event ;

2017-01-09 17:45:26 params :
------------
Array:
rule : -2 ;
module :  ;
message : Array ;

2017-01-09 17:45:26 response :
------------

2017-01-09 17:46:23 trace :
------------
Array:
tousername : gh_6536061e4435 ;
fromusername : oKwkYw-pxdfzJgcA3EAdBqBKlzSI ;
createtime : 1483955182 ;
msgtype : event ;
event : VIEW ;
eventkey : http://kh39.61why.com/app/index.php?i=2&c=entry&eid=198 ;
menuid : 410600728 ;
from : oKwkYw-pxdfzJgcA3EAdBqBKlzSI ;
to : gh_6536061e4435 ;
time : 1483955182 ;
type : event ;

2017-01-09 17:46:23 params :
------------
Array:
rule : -2 ;
module :  ;
message : Array ;

2017-01-09 17:46:23 response :
------------

2017-01-09 17:50:47 trace :
------------
Array:
tousername : gh_6536061e4435 ;
fromusername : oKwkYw0xQLFJISAFEGpBUjyq7SqE ;
createtime : 1483955447 ;
msgtype : event ;
event : VIEW ;
eventkey : http://kh39.61why.com/app/index.php?i=2&c=entry&eid=198 ;
menuid : 410600728 ;
from : oKwkYw0xQLFJISAFEGpBUjyq7SqE ;
to : gh_6536061e4435 ;
time : 1483955447 ;
type : event ;

2017-01-09 17:50:47 params :
------------
Array:
rule : -2 ;
module :  ;
message : Array ;

2017-01-09 17:50:47 response :
------------

2017-01-09 17:51:16 trace :
------------
Array:
tousername : gh_6536061e4435 ;
fromusername : oKwkYw16FOStcKByuvZ0x-jj8lR4 ;
createtime : 1483955476 ;
msgtype : event ;
event : VIEW ;
eventkey : http://kh39.61why.com/app/index.php?i=2&c=entry&eid=198 ;
menuid : 410600728 ;
from : oKwkYw16FOStcKByuvZ0x-jj8lR4 ;
to : gh_6536061e4435 ;
time : 1483955476 ;
type : event ;

2017-01-09 17:51:16 params :
------------
Array:
rule : -2 ;
module :  ;
message : Array ;

2017-01-09 17:51:16 response :
------------

2017-01-09 17:52:42 trace :
------------
Array:
tousername : gh_6536061e4435 ;
fromusername : oKwkYw-pxdfzJgcA3EAdBqBKlzSI ;
createtime : 1483955561 ;
msgtype : event ;
event : VIEW ;
eventkey : http://kh39.61why.com/app/index.php?i=2&c=entry&eid=194 ;
menuid : 410600728 ;
from : oKwkYw-pxdfzJgcA3EAdBqBKlzSI ;
to : gh_6536061e4435 ;
time : 1483955561 ;
type : event ;

2017-01-09 17:52:42 params :
------------
Array:
rule : -2 ;
module :  ;
message : Array ;

2017-01-09 17:52:42 response :
------------

2017-01-09 17:53:17 trace :
------------
Array:
tousername : gh_6536061e4435 ;
fromusername : oKwkYw-pxdfzJgcA3EAdBqBKlzSI ;
createtime : 1483955597 ;
msgtype : event ;
event : VIEW ;
eventkey : http://kh39.61why.com/app/index.php?i=2&c=entry&eid=194 ;
menuid : 410600728 ;
from : oKwkYw-pxdfzJgcA3EAdBqBKlzSI ;
to : gh_6536061e4435 ;
time : 1483955597 ;
type : event ;

2017-01-09 17:53:17 params :
------------
Array:
rule : -2 ;
module :  ;
message : Array ;

2017-01-09 17:53:17 response :
------------

2017-01-09 17:54:47 trace :
------------
Array:
tousername : gh_6536061e4435 ;
fromusername : oKwkYw-pxdfzJgcA3EAdBqBKlzSI ;
createtime : 1483955687 ;
msgtype : event ;
event : VIEW ;
eventkey : http://kh39.61why.com/app/index.php?i=2&c=entry&eid=194 ;
menuid : 410600728 ;
from : oKwkYw-pxdfzJgcA3EAdBqBKlzSI ;
to : gh_6536061e4435 ;
time : 1483955687 ;
type : event ;

2017-01-09 17:54:47 params :
------------
Array:
rule : -2 ;
module :  ;
message : Array ;

2017-01-09 17:54:47 response :
------------

2017-01-09 17:55:12 trace :
------------
Array:
tousername : gh_6536061e4435 ;
fromusername : oKwkYw7K9xHIr91Csk-qENfcagnM ;
createtime : 1483955712 ;
msgtype : event ;
event : VIEW ;
eventkey : http://kh39.61why.com/app/index.php?i=2&c=entry&eid=198 ;
menuid : 410600728 ;
from : oKwkYw7K9xHIr91Csk-qENfcagnM ;
to : gh_6536061e4435 ;
time : 1483955712 ;
type : event ;

2017-01-09 17:55:12 params :
------------
Array:
rule : -2 ;
module :  ;
message : Array ;

2017-01-09 17:55:12 response :
------------

2017-01-09 17:55:24 trace :
------------
Array:
tousername : gh_6536061e4435 ;
fromusername : oKwkYw-pxdfzJgcA3EAdBqBKlzSI ;
createtime : 1483955724 ;
msgtype : event ;
event : VIEW ;
eventkey : http://kh39.61why.com/app/index.php?i=2&c=entry&eid=194 ;
menuid : 410600728 ;
from : oKwkYw-pxdfzJgcA3EAdBqBKlzSI ;
to : gh_6536061e4435 ;
time : 1483955724 ;
type : event ;

2017-01-09 17:55:24 params :
------------
Array:
rule : -2 ;
module :  ;
message : Array ;

2017-01-09 17:55:24 response :
------------

2017-01-09 17:57:11 trace :
------------
Array:
tousername : gh_6536061e4435 ;
fromusername : oKwkYw16FOStcKByuvZ0x-jj8lR4 ;
createtime : 1483955831 ;
msgtype : event ;
event : VIEW ;
eventkey : http://kh39.61why.com/app/index.php?i=2&c=entry&eid=194 ;
menuid : 410600728 ;
from : oKwkYw16FOStcKByuvZ0x-jj8lR4 ;
to : gh_6536061e4435 ;
time : 1483955831 ;
type : event ;

2017-01-09 17:57:11 params :
------------
Array:
rule : -2 ;
module :  ;
message : Array ;

2017-01-09 17:57:11 response :
------------

2017-01-09 17:59:00 trace :
------------
Array:
tousername : gh_6536061e4435 ;
fromusername : oKwkYw-pxdfzJgcA3EAdBqBKlzSI ;
createtime : 1483955940 ;
msgtype : event ;
event : VIEW ;
eventkey : http://kh39.61why.com/app/index.php?i=2&c=entry&eid=198 ;
menuid : 410600728 ;
from : oKwkYw-pxdfzJgcA3EAdBqBKlzSI ;
to : gh_6536061e4435 ;
time : 1483955940 ;
type : event ;

2017-01-09 17:59:00 params :
------------
Array:
rule : -2 ;
module :  ;
message : Array ;

2017-01-09 17:59:00 response :
------------

2017-01-09 17:59:10 trace :
------------
Array:
tousername : gh_6536061e4435 ;
fromusername : oKwkYw0xQLFJISAFEGpBUjyq7SqE ;
createtime : 1483955950 ;
msgtype : event ;
event : VIEW ;
eventkey : http://kh39.61why.com/app/index.php?i=2&c=entry&eid=198 ;
menuid : 410600728 ;
from : oKwkYw0xQLFJISAFEGpBUjyq7SqE ;
to : gh_6536061e4435 ;
time : 1483955950 ;
type : event ;

2017-01-09 17:59:10 params :
------------
Array:
rule : -2 ;
module :  ;
message : Array ;

2017-01-09 17:59:10 response :
------------

2017-01-09 17:59:28 trace :
------------
Array:
tousername : gh_6536061e4435 ;
fromusername : oKwkYw0xQLFJISAFEGpBUjyq7SqE ;
createtime : 1483955968 ;
msgtype : event ;
event : VIEW ;
eventkey : http://kh39.61why.com/app/index.php?i=2&c=entry&eid=198 ;
menuid : 410600728 ;
from : oKwkYw0xQLFJISAFEGpBUjyq7SqE ;
to : gh_6536061e4435 ;
time : 1483955968 ;
type : event ;

2017-01-09 17:59:28 params :
------------
Array:
rule : -2 ;
module :  ;
message : Array ;

2017-01-09 17:59:28 response :
------------

2017-01-09 18:00:06 trace :
------------
Array:
tousername : gh_6536061e4435 ;
fromusername : oKwkYw-pxdfzJgcA3EAdBqBKlzSI ;
createtime : 1483956006 ;
msgtype : event ;
event : VIEW ;
eventkey : http://kh39.61why.com/app/index.php?i=2&c=entry&eid=198 ;
menuid : 410600728 ;
from : oKwkYw-pxdfzJgcA3EAdBqBKlzSI ;
to : gh_6536061e4435 ;
time : 1483956006 ;
type : event ;

2017-01-09 18:00:06 params :
------------
Array:
rule : -2 ;
module :  ;
message : Array ;

2017-01-09 18:00:06 response :
------------

2017-01-09 18:01:03 trace :
------------
Array:
tousername : gh_6536061e4435 ;
fromusername : oKwkYw-pxdfzJgcA3EAdBqBKlzSI ;
createtime : 1483956063 ;
msgtype : event ;
event : VIEW ;
eventkey : http://kh39.61why.com/app/index.php?i=2&c=entry&eid=194 ;
menuid : 410600728 ;
from : oKwkYw-pxdfzJgcA3EAdBqBKlzSI ;
to : gh_6536061e4435 ;
time : 1483956063 ;
type : event ;

2017-01-09 18:01:03 params :
------------
Array:
rule : -2 ;
module :  ;
message : Array ;

2017-01-09 18:01:03 response :
------------

2017-01-09 18:04:14 trace :
------------
Array:
tousername : gh_6536061e4435 ;
fromusername : oKwkYw0xQLFJISAFEGpBUjyq7SqE ;
createtime : 1483956254 ;
msgtype : event ;
event : CLICK ;
eventkey : 二维码 ;
from : oKwkYw0xQLFJISAFEGpBUjyq7SqE ;
to : gh_6536061e4435 ;
time : 1483956254 ;
type : event ;

2017-01-09 18:04:21 trace :
------------
Array:
tousername : gh_6536061e4435 ;
fromusername : oKwkYw0xQLFJISAFEGpBUjyq7SqE ;
createtime : 1483956261 ;
msgtype : event ;
event : VIEW ;
eventkey : http://kh39.61why.com/app/index.php?i=2&c=entry&eid=198 ;
menuid : 410600728 ;
from : oKwkYw0xQLFJISAFEGpBUjyq7SqE ;
to : gh_6536061e4435 ;
time : 1483956261 ;
type : event ;

2017-01-09 18:04:21 params :
------------
Array:
rule : -2 ;
module :  ;
message : Array ;

2017-01-09 18:04:21 response :
------------

2017-01-09 18:04:21 trace :
------------
Array:
tousername : gh_6536061e4435 ;
fromusername : oKwkYw16FOStcKByuvZ0x-jj8lR4 ;
createtime : 1483956261 ;
msgtype : event ;
event : CLICK ;
eventkey : 二维码 ;
from : oKwkYw16FOStcKByuvZ0x-jj8lR4 ;
to : gh_6536061e4435 ;
time : 1483956261 ;
type : event ;

2017-01-09 18:04:35 trace :
------------
Array:
tousername : gh_6536061e4435 ;
fromusername : oKwkYw_5SB4-JantlrURfIVJjz_E ;
createtime : 1483956275 ;
msgtype : event ;
event : subscribe ;
eventkey : qrscene_b741714e24e54448ac2a4194ff55e667 ;
ticket : gQE88DwAAAAAAAAAAS5odHRwOi8vd2VpeGluLnFxLmNvbS9xLzAySDRvazFtSDljbzMxMDAwMHcwN1MAAgQmYHNYAwQAAAAA ;
from : oKwkYw_5SB4-JantlrURfIVJjz_E ;
to : gh_6536061e4435 ;
time : 1483956275 ;
type : subscribe ;
scene : b741714e24e54448ac2a4194ff55e667 ;

2017-01-09 18:04:37 trace :
------------
Array:
tousername : gh_6536061e4435 ;
fromusername : oKwkYw0xQLFJISAFEGpBUjyq7SqE ;
createtime : 1483956277 ;
msgtype : event ;
event : VIEW ;
eventkey : http://kh39.61why.com/app/index.php?i=2&c=entry&eid=198 ;
menuid : 410600728 ;
from : oKwkYw0xQLFJISAFEGpBUjyq7SqE ;
to : gh_6536061e4435 ;
time : 1483956277 ;
type : event ;

2017-01-09 18:04:37 params :
------------
Array:
rule : -2 ;
module :  ;
message : Array ;

2017-01-09 18:04:37 response :
------------

2017-01-09 18:04:40 trace :
------------
Array:
tousername : gh_6536061e4435 ;
fromusername : oKwkYw_5SB4-JantlrURfIVJjz_E ;
createtime : 1483956280 ;
msgtype : event ;
event : VIEW ;
eventkey : http://kh39.61why.com/app/index.php?i=2&c=entry&eid=198 ;
menuid : 410600728 ;
from : oKwkYw_5SB4-JantlrURfIVJjz_E ;
to : gh_6536061e4435 ;
time : 1483956280 ;
type : event ;

2017-01-09 18:04:40 params :
------------
Array:
rule : -2 ;
module :  ;
message : Array ;

2017-01-09 18:04:40 response :
------------

2017-01-09 18:08:34 trace :
------------
Array:
tousername : gh_6536061e4435 ;
fromusername : oKwkYw16FOStcKByuvZ0x-jj8lR4 ;
createtime : 1483956514 ;
msgtype : event ;
event : VIEW ;
eventkey : http://kh39.61why.com/app/index.php?i=2&c=entry&eid=198 ;
menuid : 410600728 ;
from : oKwkYw16FOStcKByuvZ0x-jj8lR4 ;
to : gh_6536061e4435 ;
time : 1483956514 ;
type : event ;

2017-01-09 18:08:34 params :
------------
Array:
rule : -2 ;
module :  ;
message : Array ;

2017-01-09 18:08:34 response :
------------

2017-01-09 18:09:01 trace :
------------
Array:
tousername : gh_6536061e4435 ;
fromusername : oKwkYw0xQLFJISAFEGpBUjyq7SqE ;
createtime : 1483956541 ;
msgtype : event ;
event : VIEW ;
eventkey : http://kh39.61why.com/app/index.php?i=2&c=entry&eid=198 ;
menuid : 410600728 ;
from : oKwkYw0xQLFJISAFEGpBUjyq7SqE ;
to : gh_6536061e4435 ;
time : 1483956541 ;
type : event ;

2017-01-09 18:09:01 params :
------------
Array:
rule : -2 ;
module :  ;
message : Array ;

2017-01-09 18:09:01 response :
------------

2017-01-09 18:09:29 trace :
------------
Array:
tousername : gh_6536061e4435 ;
fromusername : oKwkYw16FOStcKByuvZ0x-jj8lR4 ;
createtime : 1483956569 ;
msgtype : event ;
event : CLICK ;
eventkey : 二维码 ;
from : oKwkYw16FOStcKByuvZ0x-jj8lR4 ;
to : gh_6536061e4435 ;
time : 1483956569 ;
type : event ;

2017-01-09 18:09:30 trace :
------------
Array:
tousername : gh_6536061e4435 ;
fromusername : oKwkYw16FOStcKByuvZ0x-jj8lR4 ;
createtime : 1483956570 ;
msgtype : event ;
event : CLICK ;
eventkey : 二维码 ;
from : oKwkYw16FOStcKByuvZ0x-jj8lR4 ;
to : gh_6536061e4435 ;
time : 1483956570 ;
type : event ;

2017-01-09 18:09:35 trace :
------------
Array:
tousername : gh_6536061e4435 ;
fromusername : oKwkYw0xQLFJISAFEGpBUjyq7SqE ;
createtime : 1483956575 ;
msgtype : event ;
event : VIEW ;
eventkey : http://kh39.61why.com/app/index.php?i=2&c=entry&eid=198 ;
menuid : 410600728 ;
from : oKwkYw0xQLFJISAFEGpBUjyq7SqE ;
to : gh_6536061e4435 ;
time : 1483956575 ;
type : event ;

2017-01-09 18:09:35 params :
------------
Array:
rule : -2 ;
module :  ;
message : Array ;

2017-01-09 18:09:35 response :
------------

2017-01-09 18:09:51 trace :
------------
Array:
tousername : gh_6536061e4435 ;
fromusername : oKwkYw-pxdfzJgcA3EAdBqBKlzSI ;
createtime : 1483956591 ;
msgtype : event ;
event : VIEW ;
eventkey : http://kh39.61why.com/app/index.php?i=2&c=entry&eid=198 ;
menuid : 410600728 ;
from : oKwkYw-pxdfzJgcA3EAdBqBKlzSI ;
to : gh_6536061e4435 ;
time : 1483956591 ;
type : event ;

2017-01-09 18:09:51 params :
------------
Array:
rule : -2 ;
module :  ;
message : Array ;

2017-01-09 18:09:51 response :
------------

2017-01-09 18:10:16 trace :
------------
Array:
tousername : gh_6536061e4435 ;
fromusername : oKwkYw-pxdfzJgcA3EAdBqBKlzSI ;
createtime : 1483956616 ;
msgtype : event ;
event : CLICK ;
eventkey : 二维码 ;
from : oKwkYw-pxdfzJgcA3EAdBqBKlzSI ;
to : gh_6536061e4435 ;
time : 1483956616 ;
type : event ;

2017-01-09 18:12:56 trace :
------------
Array:
tousername : gh_6536061e4435 ;
fromusername : oKwkYw16FOStcKByuvZ0x-jj8lR4 ;
createtime : 1483956776 ;
msgtype : event ;
event : VIEW ;
eventkey : http://kh39.61why.com/app/index.php?i=2&c=entry&eid=198 ;
menuid : 410600728 ;
from : oKwkYw16FOStcKByuvZ0x-jj8lR4 ;
to : gh_6536061e4435 ;
time : 1483956776 ;
type : event ;

2017-01-09 18:12:56 params :
------------
Array:
rule : -2 ;
module :  ;
message : Array ;

2017-01-09 18:12:56 response :
------------

2017-01-09 18:15:59 trace :
------------
Array:
tousername : gh_6536061e4435 ;
fromusername : oKwkYw8e33SsKCgQqmRH91AsxTTA ;
createtime : 1483956959 ;
msgtype : event ;
event : VIEW ;
eventkey : http://kh39.61why.com/app/index.php?i=2&c=entry&eid=198 ;
menuid : 410600728 ;
from : oKwkYw8e33SsKCgQqmRH91AsxTTA ;
to : gh_6536061e4435 ;
time : 1483956959 ;
type : event ;

2017-01-09 18:15:59 params :
------------
Array:
rule : -2 ;
module :  ;
message : Array ;

2017-01-09 18:15:59 response :
------------

2017-01-09 18:16:03 trace :
------------
Array:
tousername : gh_6536061e4435 ;
fromusername : oKwkYw8e33SsKCgQqmRH91AsxTTA ;
createtime : 1483956963 ;
msgtype : event ;
event : VIEW ;
eventkey : http://kh39.61why.com/app/index.php?i=2&c=entry&eid=198 ;
menuid : 410600728 ;
from : oKwkYw8e33SsKCgQqmRH91AsxTTA ;
to : gh_6536061e4435 ;
time : 1483956963 ;
type : event ;

2017-01-09 18:16:03 params :
------------
Array:
rule : -2 ;
module :  ;
message : Array ;

2017-01-09 18:16:03 response :
------------

2017-01-09 18:18:11 trace :
------------
Array:
tousername : gh_6536061e4435 ;
fromusername : oKwkYw8e33SsKCgQqmRH91AsxTTA ;
createtime : 1483957091 ;
msgtype : event ;
event : VIEW ;
eventkey : http://kh39.61why.com/app/index.php?i=2&c=entry&eid=198 ;
menuid : 410600728 ;
from : oKwkYw8e33SsKCgQqmRH91AsxTTA ;
to : gh_6536061e4435 ;
time : 1483957091 ;
type : event ;

2017-01-09 18:18:11 params :
------------
Array:
rule : -2 ;
module :  ;
message : Array ;

2017-01-09 18:18:11 response :
------------

2017-01-09 18:18:43 trace :
------------
Array:
tousername : gh_6536061e4435 ;
fromusername : oKwkYw8e33SsKCgQqmRH91AsxTTA ;
createtime : 1483957123 ;
msgtype : event ;
event : VIEW ;
eventkey : http://kh39.61why.com/app/index.php?i=2&c=entry&eid=198 ;
menuid : 410600728 ;
from : oKwkYw8e33SsKCgQqmRH91AsxTTA ;
to : gh_6536061e4435 ;
time : 1483957123 ;
type : event ;

2017-01-09 18:18:43 params :
------------
Array:
rule : -2 ;
module :  ;
message : Array ;

2017-01-09 18:18:43 response :
------------

2017-01-09 18:20:04 trace :
------------
Array:
tousername : gh_6536061e4435 ;
fromusername : oKwkYw16FOStcKByuvZ0x-jj8lR4 ;
createtime : 1483957204 ;
msgtype : event ;
event : VIEW ;
eventkey : http://kh39.61why.com/app/index.php?i=2&c=entry&eid=198 ;
menuid : 410600728 ;
from : oKwkYw16FOStcKByuvZ0x-jj8lR4 ;
to : gh_6536061e4435 ;
time : 1483957204 ;
type : event ;

2017-01-09 18:20:04 params :
------------
Array:
rule : -2 ;
module :  ;
message : Array ;

2017-01-09 18:20:04 response :
------------

2017-01-09 18:28:00 trace :
------------
Array:
tousername : gh_6536061e4435 ;
fromusername : oKwkYw16FOStcKByuvZ0x-jj8lR4 ;
createtime : 1483957680 ;
msgtype : event ;
event : VIEW ;
eventkey : http://kh39.61why.com/app/index.php?i=2&c=entry&eid=194 ;
menuid : 410600728 ;
from : oKwkYw16FOStcKByuvZ0x-jj8lR4 ;
to : gh_6536061e4435 ;
time : 1483957680 ;
type : event ;

2017-01-09 18:28:00 params :
------------
Array:
rule : -2 ;
module :  ;
message : Array ;

2017-01-09 18:28:00 response :
------------

2017-01-09 18:29:31 trace :
------------
Array:
tousername : gh_6536061e4435 ;
fromusername : oKwkYw16FOStcKByuvZ0x-jj8lR4 ;
createtime : 1483957770 ;
msgtype : event ;
event : VIEW ;
eventkey : http://kh39.61why.com/app/index.php?i=2&c=entry&eid=198 ;
menuid : 410600728 ;
from : oKwkYw16FOStcKByuvZ0x-jj8lR4 ;
to : gh_6536061e4435 ;
time : 1483957770 ;
type : event ;

2017-01-09 18:29:31 params :
------------
Array:
rule : -2 ;
module :  ;
message : Array ;

2017-01-09 18:29:31 response :
------------

2017-01-09 18:38:50 trace :
------------
Array:
tousername : gh_6536061e4435 ;
fromusername : oKwkYw7K9xHIr91Csk-qENfcagnM ;
createtime : 1483958330 ;
msgtype : event ;
event : VIEW ;
eventkey : http://kh39.61why.com/app/index.php?i=2&c=entry&eid=194 ;
menuid : 410600728 ;
from : oKwkYw7K9xHIr91Csk-qENfcagnM ;
to : gh_6536061e4435 ;
time : 1483958330 ;
type : event ;

2017-01-09 18:38:50 params :
------------
Array:
rule : -2 ;
module :  ;
message : Array ;

2017-01-09 18:38:50 response :
------------

2017-01-09 18:39:25 trace :
------------
Array:
tousername : gh_6536061e4435 ;
fromusername : oKwkYw-pxdfzJgcA3EAdBqBKlzSI ;
createtime : 1483958365 ;
msgtype : event ;
event : VIEW ;
eventkey : http://kh39.61why.com/app/index.php?i=2&c=entry&eid=198 ;
menuid : 410600728 ;
from : oKwkYw-pxdfzJgcA3EAdBqBKlzSI ;
to : gh_6536061e4435 ;
time : 1483958365 ;
type : event ;

2017-01-09 18:39:25 params :
------------
Array:
rule : -2 ;
module :  ;
message : Array ;

2017-01-09 18:39:25 response :
------------

2017-01-09 18:39:44 trace :
------------
Array:
tousername : gh_6536061e4435 ;
fromusername : oKwkYw16FOStcKByuvZ0x-jj8lR4 ;
createtime : 1483958384 ;
msgtype : event ;
event : VIEW ;
eventkey : http://kh39.61why.com/app/index.php?i=2&c=entry&eid=198 ;
menuid : 410600728 ;
from : oKwkYw16FOStcKByuvZ0x-jj8lR4 ;
to : gh_6536061e4435 ;
time : 1483958384 ;
type : event ;

2017-01-09 18:39:44 params :
------------
Array:
rule : -2 ;
module :  ;
message : Array ;

2017-01-09 18:39:44 response :
------------

2017-01-09 18:39:50 trace :
------------
Array:
tousername : gh_6536061e4435 ;
fromusername : oKwkYw_5SB4-JantlrURfIVJjz_E ;
createtime : 1483958390 ;
msgtype : event ;
event : VIEW ;
eventkey : http://kh39.61why.com/app/index.php?i=2&c=entry&eid=198 ;
menuid : 410600728 ;
from : oKwkYw_5SB4-JantlrURfIVJjz_E ;
to : gh_6536061e4435 ;
time : 1483958390 ;
type : event ;

2017-01-09 18:39:50 params :
------------
Array:
rule : -2 ;
module :  ;
message : Array ;

2017-01-09 18:39:50 response :
------------

2017-01-09 18:39:55 trace :
------------
Array:
tousername : gh_6536061e4435 ;
fromusername : oKwkYw-pxdfzJgcA3EAdBqBKlzSI ;
createtime : 1483958395 ;
msgtype : event ;
event : CLICK ;
eventkey : 二维码 ;
from : oKwkYw-pxdfzJgcA3EAdBqBKlzSI ;
to : gh_6536061e4435 ;
time : 1483958395 ;
type : event ;

2017-01-09 18:58:09 trace :
------------
Array:
tousername : gh_6536061e4435 ;
fromusername : oKwkYw5Hv5-mrEGrZ572fv2JrB_s ;
createtime : 1483959489 ;
msgtype : event ;
event : VIEW ;
eventkey : http://kh39.61why.com/app/index.php?i=2&c=entry&eid=198 ;
menuid : 410600728 ;
from : oKwkYw5Hv5-mrEGrZ572fv2JrB_s ;
to : gh_6536061e4435 ;
time : 1483959489 ;
type : event ;

2017-01-09 18:58:09 params :
------------
Array:
rule : -2 ;
module :  ;
message : Array ;

2017-01-09 18:58:09 response :
------------

2017-01-09 18:58:51 trace :
------------
Array:
tousername : gh_6536061e4435 ;
fromusername : oKwkYw5Hv5-mrEGrZ572fv2JrB_s ;
createtime : 1483959531 ;
msgtype : event ;
event : VIEW ;
eventkey : http://kh39.61why.com/app/index.php?i=2&c=entry&eid=198 ;
menuid : 410600728 ;
from : oKwkYw5Hv5-mrEGrZ572fv2JrB_s ;
to : gh_6536061e4435 ;
time : 1483959531 ;
type : event ;

2017-01-09 18:58:51 params :
------------
Array:
rule : -2 ;
module :  ;
message : Array ;

2017-01-09 18:58:51 response :
------------

2017-01-09 19:02:16 trace :
------------
Array:
tousername : gh_6536061e4435 ;
fromusername : oKwkYw0D7snKw9WJkTr_EzwW-SF0 ;
createtime : 1483959736 ;
msgtype : event ;
event : subscribe ;
eventkey : Array ;
from : oKwkYw0D7snKw9WJkTr_EzwW-SF0 ;
to : gh_6536061e4435 ;
time : 1483959736 ;
type : subscribe ;

2017-01-09 19:02:16 params :
------------
Array:
rule : -2 ;
module :  ;
message : Array ;

2017-01-09 19:02:16 response :
------------

2017-01-09 19:02:23 trace :
------------
Array:
tousername : gh_6536061e4435 ;
fromusername : oKwkYw0D7snKw9WJkTr_EzwW-SF0 ;
createtime : 1483959743 ;
msgtype : event ;
event : VIEW ;
eventkey : http://kh39.61why.com/app/index.php?i=2&c=entry&eid=194 ;
menuid : 410600728 ;
from : oKwkYw0D7snKw9WJkTr_EzwW-SF0 ;
to : gh_6536061e4435 ;
time : 1483959743 ;
type : event ;

2017-01-09 19:02:23 params :
------------
Array:
rule : -2 ;
module :  ;
message : Array ;

2017-01-09 19:02:23 response :
------------

2017-01-09 19:05:02 trace :
------------
Array:
tousername : gh_6536061e4435 ;
fromusername : oKwkYw_czhGJMhzRk-PvvkgFyKMI ;
createtime : 1483959901 ;
msgtype : event ;
event : VIEW ;
eventkey : http://kh39.61why.com/app/index.php?i=2&c=entry&eid=194 ;
menuid : 410600728 ;
from : oKwkYw_czhGJMhzRk-PvvkgFyKMI ;
to : gh_6536061e4435 ;
time : 1483959901 ;
type : event ;

2017-01-09 19:05:02 params :
------------
Array:
rule : -2 ;
module :  ;
message : Array ;

2017-01-09 19:05:02 response :
------------

2017-01-09 20:44:15 trace :
------------
Array:
tousername : gh_6536061e4435 ;
fromusername : oKwkYw8e33SsKCgQqmRH91AsxTTA ;
createtime : 1483965855 ;
msgtype : event ;
event : VIEW ;
eventkey : http://kh39.61why.com/app/index.php?i=2&c=entry&eid=198 ;
menuid : 410600728 ;
from : oKwkYw8e33SsKCgQqmRH91AsxTTA ;
to : gh_6536061e4435 ;
time : 1483965855 ;
type : event ;

2017-01-09 20:44:15 params :
------------
Array:
rule : -2 ;
module :  ;
message : Array ;

2017-01-09 20:44:15 response :
------------

2017-01-09 20:51:32 trace :
------------
Array:
tousername : gh_6536061e4435 ;
fromusername : oKwkYwzAxW1ankwPcu4pqbwb8ZXU ;
createtime : 1483966292 ;
msgtype : event ;
event : CLICK ;
eventkey : 二维码 ;
from : oKwkYwzAxW1ankwPcu4pqbwb8ZXU ;
to : gh_6536061e4435 ;
time : 1483966292 ;
type : event ;

2017-01-09 20:53:15 trace :
------------
Array:
tousername : gh_6536061e4435 ;
fromusername : oKwkYwzAxW1ankwPcu4pqbwb8ZXU ;
createtime : 1483966395 ;
msgtype : event ;
event : VIEW ;
eventkey : http://kh39.61why.com/app/index.php?i=2&c=entry&eid=198 ;
menuid : 410600728 ;
from : oKwkYwzAxW1ankwPcu4pqbwb8ZXU ;
to : gh_6536061e4435 ;
time : 1483966395 ;
type : event ;

2017-01-09 20:53:15 params :
------------
Array:
rule : -2 ;
module :  ;
message : Array ;

2017-01-09 20:53:15 response :
------------

2017-01-09 21:14:36 trace :
------------
Array:
tousername : gh_6536061e4435 ;
fromusername : oKwkYw3R07sZc0juT3TD9P04pq8k ;
createtime : 1483967676 ;
msgtype : event ;
event : subscribe ;
eventkey : Array ;
from : oKwkYw3R07sZc0juT3TD9P04pq8k ;
to : gh_6536061e4435 ;
time : 1483967676 ;
type : subscribe ;

2017-01-09 21:14:36 params :
------------
Array:
rule : -2 ;
module :  ;
message : Array ;

2017-01-09 21:14:36 response :
------------

2017-01-09 21:14:43 trace :
------------
Array:
tousername : gh_6536061e4435 ;
fromusername : oKwkYw3R07sZc0juT3TD9P04pq8k ;
createtime : 1483967683 ;
msgtype : event ;
event : VIEW ;
eventkey : http://kh39.61why.com/app/index.php?i=2&c=entry&eid=198 ;
menuid : 410600728 ;
from : oKwkYw3R07sZc0juT3TD9P04pq8k ;
to : gh_6536061e4435 ;
time : 1483967683 ;
type : event ;

2017-01-09 21:14:43 params :
------------
Array:
rule : -2 ;
module :  ;
message : Array ;

2017-01-09 21:14:43 response :
------------

2017-01-09 21:15:44 trace :
------------
Array:
tousername : gh_6536061e4435 ;
fromusername : oKwkYw3R07sZc0juT3TD9P04pq8k ;
createtime : 1483967744 ;
msgtype : event ;
event : VIEW ;
eventkey : http://kh39.61why.com/app/index.php?i=2&c=entry&eid=198 ;
menuid : 410600728 ;
from : oKwkYw3R07sZc0juT3TD9P04pq8k ;
to : gh_6536061e4435 ;
time : 1483967744 ;
type : event ;

2017-01-09 21:15:44 params :
------------
Array:
rule : -2 ;
module :  ;
message : Array ;

2017-01-09 21:15:44 response :
------------

2017-01-09 21:18:06 trace :
------------
Array:
tousername : gh_6536061e4435 ;
fromusername : oKwkYw9c4HK5siqmaNm8uhZDyY18 ;
createtime : 1483967886 ;
msgtype : event ;
event : subscribe ;
eventkey : Array ;
from : oKwkYw9c4HK5siqmaNm8uhZDyY18 ;
to : gh_6536061e4435 ;
time : 1483967886 ;
type : subscribe ;

2017-01-09 21:18:06 params :
------------
Array:
rule : -2 ;
module :  ;
message : Array ;

2017-01-09 21:18:06 response :
------------

2017-01-09 21:18:15 trace :
------------
Array:
tousername : gh_6536061e4435 ;
fromusername : oKwkYw9c4HK5siqmaNm8uhZDyY18 ;
createtime : 1483967895 ;
msgtype : event ;
event : VIEW ;
eventkey : http://kh39.61why.com/app/index.php?i=2&c=entry&eid=194 ;
menuid : 410600728 ;
from : oKwkYw9c4HK5siqmaNm8uhZDyY18 ;
to : gh_6536061e4435 ;
time : 1483967895 ;
type : event ;

2017-01-09 21:18:15 params :
------------
Array:
rule : -2 ;
module :  ;
message : Array ;

2017-01-09 21:18:15 response :
------------

2017-01-09 21:53:39 trace :
------------
Array:
tousername : gh_6536061e4435 ;
fromusername : oKwkYw7K9xHIr91Csk-qENfcagnM ;
createtime : 1483970019 ;
msgtype : event ;
event : VIEW ;
eventkey : http://kh39.61why.com/app/index.php?i=2&c=entry&eid=198 ;
menuid : 410600728 ;
from : oKwkYw7K9xHIr91Csk-qENfcagnM ;
to : gh_6536061e4435 ;
time : 1483970019 ;
type : event ;

2017-01-09 21:53:39 params :
------------
Array:
rule : -2 ;
module :  ;
message : Array ;

2017-01-09 21:53:39 response :
------------

2017-01-09 21:59:56 trace :
------------
Array:
tousername : gh_0ad70057b777 ;
fromusername : o26ibjis2h2G2rstAM1W3uOvo1SA ;
createtime : 1483970396 ;
msgtype : event ;
event : VIEW ;
eventkey : http://kh39.61why.com/app/index.php?i=2&c=entry&eid=194 ;
menuid : 411738532 ;
from : o26ibjis2h2G2rstAM1W3uOvo1SA ;
to : gh_0ad70057b777 ;
time : 1483970396 ;
type : event ;

2017-01-09 21:59:56 params :
------------
Array:
rule : -2 ;
module :  ;
message : Array ;

2017-01-09 21:59:56 response :
------------

2017-01-09 22:02:53 trace :
------------
Array:
tousername : gh_0ad70057b777 ;
fromusername : o26ibjis2h2G2rstAM1W3uOvo1SA ;
createtime : 1483970573 ;
msgtype : event ;
event : VIEW ;
eventkey : http://kh39.61why.com/app/index.php?i=2&c=entry&eid=194 ;
menuid : 411738532 ;
from : o26ibjis2h2G2rstAM1W3uOvo1SA ;
to : gh_0ad70057b777 ;
time : 1483970573 ;
type : event ;

2017-01-09 22:02:53 params :
------------
Array:
rule : -2 ;
module :  ;
message : Array ;

2017-01-09 22:02:53 response :
------------

2017-01-09 22:40:24 trace :
------------
Array:
tousername : gh_6536061e4435 ;
fromusername : oKwkYw7K9xHIr91Csk-qENfcagnM ;
createtime : 1483972824 ;
msgtype : event ;
event : VIEW ;
eventkey : http://kh39.61why.com/app/index.php?i=2&c=entry&eid=198 ;
menuid : 410600728 ;
from : oKwkYw7K9xHIr91Csk-qENfcagnM ;
to : gh_6536061e4435 ;
time : 1483972824 ;
type : event ;

2017-01-09 22:40:24 params :
------------
Array:
rule : -2 ;
module :  ;
message : Array ;

2017-01-09 22:40:24 response :
------------

2017-01-09 22:40:32 trace :
------------
Array:
tousername : gh_6536061e4435 ;
fromusername : oKwkYw7K9xHIr91Csk-qENfcagnM ;
createtime : 1483972832 ;
msgtype : event ;
event : CLICK ;
eventkey : 二维码 ;
from : oKwkYw7K9xHIr91Csk-qENfcagnM ;
to : gh_6536061e4435 ;
time : 1483972832 ;
type : event ;

2017-01-09 22:40:43 trace :
------------
Array:
tousername : gh_6536061e4435 ;
fromusername : oKwkYw7K9xHIr91Csk-qENfcagnM ;
createtime : 1483972843 ;
msgtype : event ;
event : VIEW ;
eventkey : http://kh39.61why.com/app/index.php?i=2&c=entry&eid=198 ;
menuid : 410600728 ;
from : oKwkYw7K9xHIr91Csk-qENfcagnM ;
to : gh_6536061e4435 ;
time : 1483972843 ;
type : event ;

2017-01-09 22:40:43 params :
------------
Array:
rule : -2 ;
module :  ;
message : Array ;

2017-01-09 22:40:43 response :
------------

2017-01-09 22:41:17 trace :
------------
Array:
tousername : gh_6536061e4435 ;
fromusername : oKwkYw7K9xHIr91Csk-qENfcagnM ;
createtime : 1483972877 ;
msgtype : event ;
event : CLICK ;
eventkey : 二维码 ;
from : oKwkYw7K9xHIr91Csk-qENfcagnM ;
to : gh_6536061e4435 ;
time : 1483972877 ;
type : event ;

2017-01-09 22:49:50 trace :
------------
Array:
tousername : gh_0ad70057b777 ;
fromusername : o26ibjkkcsGxx46j5O0j2dVDGqn4 ;
createtime : 1483973390 ;
msgtype : event ;
event : VIEW ;
eventkey : http://kh39.61why.com/app/index.php?i=2&c=entry&eid=194 ;
menuid : 411738532 ;
from : o26ibjkkcsGxx46j5O0j2dVDGqn4 ;
to : gh_0ad70057b777 ;
time : 1483973390 ;
type : event ;

2017-01-09 22:49:50 params :
------------
Array:
rule : -2 ;
module :  ;
message : Array ;

2017-01-09 22:49:50 response :
------------

2017-01-09 22:51:07 trace :
------------
Array:
tousername : gh_6536061e4435 ;
fromusername : oKwkYwz_FtGom2eSyG1qwUGFxNiA ;
createtime : 1483973467 ;
msgtype : event ;
event : VIEW ;
eventkey : http://kh39.61why.com/app/index.php?i=2&c=entry&eid=198 ;
menuid : 410600728 ;
from : oKwkYwz_FtGom2eSyG1qwUGFxNiA ;
to : gh_6536061e4435 ;
time : 1483973467 ;
type : event ;

2017-01-09 22:51:07 params :
------------
Array:
rule : -2 ;
module :  ;
message : Array ;

2017-01-09 22:51:07 response :
------------

2017-01-09 22:53:09 trace :
------------
Array:
tousername : gh_0ad70057b777 ;
fromusername : o26ibjkkcsGxx46j5O0j2dVDGqn4 ;
createtime : 1483973589 ;
msgtype : event ;
event : VIEW ;
eventkey : http://kh39.61why.com/app/index.php?i=2&c=entry&eid=198 ;
menuid : 411738532 ;
from : o26ibjkkcsGxx46j5O0j2dVDGqn4 ;
to : gh_0ad70057b777 ;
time : 1483973589 ;
type : event ;

2017-01-09 22:53:09 params :
------------
Array:
rule : -2 ;
module :  ;
message : Array ;

2017-01-09 22:53:09 response :
------------

2017-01-09 23:03:03 trace :
------------
Array:
tousername : gh_6536061e4435 ;
fromusername : oKwkYw0D7snKw9WJkTr_EzwW-SF0 ;
createtime : 1483974183 ;
msgtype : event ;
event : VIEW ;
eventkey : http://kh39.61why.com/app/index.php?i=2&c=entry&eid=194 ;
menuid : 410600728 ;
from : oKwkYw0D7snKw9WJkTr_EzwW-SF0 ;
to : gh_6536061e4435 ;
time : 1483974183 ;
type : event ;

2017-01-09 23:03:03 params :
------------
Array:
rule : -2 ;
module :  ;
message : Array ;

2017-01-09 23:03:03 response :
------------

2017-01-09 23:17:18 trace :
------------
Array:
tousername : gh_6536061e4435 ;
fromusername : oKwkYw1KQ5ff5BZ0dgvipwLgZRns ;
createtime : 1483975038 ;
msgtype : event ;
event : VIEW ;
eventkey : http://kh39.61why.com/app/index.php?i=2&c=entry&eid=194 ;
menuid : 410600728 ;
from : oKwkYw1KQ5ff5BZ0dgvipwLgZRns ;
to : gh_6536061e4435 ;
time : 1483975038 ;
type : event ;

2017-01-09 23:17:18 params :
------------
Array:
rule : -2 ;
module :  ;
message : Array ;

2017-01-09 23:17:18 response :
------------

2017-01-09 23:20:27 trace :
------------
Array:
tousername : gh_6536061e4435 ;
fromusername : oKwkYw0wycvcARBu3LHWHCxOd3a0 ;
createtime : 1483975227 ;
msgtype : event ;
event : VIEW ;
eventkey : http://kh39.61why.com/app/index.php?i=2&c=entry&eid=198 ;
menuid : 410600728 ;
from : oKwkYw0wycvcARBu3LHWHCxOd3a0 ;
to : gh_6536061e4435 ;
time : 1483975227 ;
type : event ;

2017-01-09 23:20:27 params :
------------
Array:
rule : -2 ;
module :  ;
message : Array ;

2017-01-09 23:20:27 response :
------------

2017-01-09 23:45:45 trace :
------------
Array:
tousername : gh_6536061e4435 ;
fromusername : oKwkYw-pxdfzJgcA3EAdBqBKlzSI ;
createtime : 1483976745 ;
msgtype : event ;
event : VIEW ;
eventkey : http://kh39.61why.com/app/index.php?i=2&c=entry&eid=198 ;
menuid : 410600728 ;
from : oKwkYw-pxdfzJgcA3EAdBqBKlzSI ;
to : gh_6536061e4435 ;
time : 1483976745 ;
type : event ;

2017-01-09 23:45:45 params :
------------
Array:
rule : -2 ;
module :  ;
message : Array ;

2017-01-09 23:45:45 response :
------------

