2018-04-07 06:37:52 trace :
------------
Array:
tousername : gh_0c02969f70a6 ;
fromusername : oSI4Ljy4qH8c3sTxzjY3Cylxpe_4 ;
createtime : 1523054271 ;
msgtype : event ;
event : VIEW ;
eventkey : http://www.haolangtech.com/index.php/addon/HotActivity/HotActivity/leagueindex/id/1.html?from=groupmessage&isappinstalled=0 ;
menuid : 425039202 ;
from : oSI4Ljy4qH8c3sTxzjY3Cylxpe_4 ;
to : gh_0c02969f70a6 ;
time : 1523054271 ;
type : event ;

2018-04-07 06:37:52 params :
------------
Array:
rule : -2 ;
module :  ;
message : Array ;

2018-04-07 06:37:52 response :
------------

2018-04-07 06:38:58 trace :
------------
Array:
tousername : gh_0c02969f70a6 ;
fromusername : oSI4Ljy4qH8c3sTxzjY3Cylxpe_4 ;
createtime : 1523054338 ;
msgtype : event ;
event : VIEW ;
eventkey : http://zz.jhzh66.com/app/index.php?i=8&c=entry&eid=194 ;
menuid : 425039202 ;
from : oSI4Ljy4qH8c3sTxzjY3Cylxpe_4 ;
to : gh_0c02969f70a6 ;
time : 1523054338 ;
type : event ;

2018-04-07 06:38:58 params :
------------
Array:
rule : -2 ;
module :  ;
message : Array ;

2018-04-07 06:38:58 response :
------------

2018-04-07 07:01:20 trace :
------------
Array:
tousername : gh_0c02969f70a6 ;
fromusername : oSI4Ljy4qH8c3sTxzjY3Cylxpe_4 ;
createtime : 1523055680 ;
msgtype : event ;
event : VIEW ;
eventkey : http://zz.jhzh66.com/app/index.php?i=8&c=entry&eid=194 ;
menuid : 425095602 ;
from : oSI4Ljy4qH8c3sTxzjY3Cylxpe_4 ;
to : gh_0c02969f70a6 ;
time : 1523055680 ;
type : event ;

2018-04-07 07:01:20 params :
------------
Array:
rule : -2 ;
module :  ;
message : Array ;

2018-04-07 07:01:20 response :
------------

2018-04-07 07:42:13 trace :
------------
Array:
tousername : gh_0c02969f70a6 ;
fromusername : oSI4LjzhDNEdhhJCDXZ1axx2iomQ ;
createtime : 1523058133 ;
msgtype : event ;
event : subscribe ;
eventkey : Array ;
from : oSI4LjzhDNEdhhJCDXZ1axx2iomQ ;
to : gh_0c02969f70a6 ;
time : 1523058133 ;
type : subscribe ;

2018-04-07 07:42:13 params :
------------
Array:
rule : -2 ;
module :  ;
message : Array ;

2018-04-07 07:42:13 response :
------------

2018-04-07 07:42:18 trace :
------------
Array:
tousername : gh_0c02969f70a6 ;
fromusername : oSI4LjzhDNEdhhJCDXZ1axx2iomQ ;
createtime : 1523058137 ;
msgtype : event ;
event : VIEW ;
eventkey : http://zz.jhzh66.com/app/index.php?i=8&c=entry&eid=194 ;
menuid : 425095602 ;
from : oSI4LjzhDNEdhhJCDXZ1axx2iomQ ;
to : gh_0c02969f70a6 ;
time : 1523058137 ;
type : event ;

2018-04-07 07:42:18 params :
------------
Array:
rule : -2 ;
module :  ;
message : Array ;

2018-04-07 07:42:18 response :
------------

2018-04-07 07:46:37 trace :
------------
Array:
tousername : gh_0c02969f70a6 ;
fromusername : oSI4Lj_fVLc-DPZySqUSKsCXuyOo ;
createtime : 1523058397 ;
msgtype : event ;
event : VIEW ;
eventkey : http://zz.jhzh66.com/app/index.php?i=8&c=entry&eid=194 ;
menuid : 425095602 ;
from : oSI4Lj_fVLc-DPZySqUSKsCXuyOo ;
to : gh_0c02969f70a6 ;
time : 1523058397 ;
type : event ;

2018-04-07 07:46:37 params :
------------
Array:
rule : -2 ;
module :  ;
message : Array ;

2018-04-07 07:46:37 response :
------------

2018-04-07 08:01:28 trace :
------------
Array:
tousername : gh_0c02969f70a6 ;
fromusername : oSI4Lj13AgZDQZ54vXoV_OV1M5K8 ;
createtime : 1523059288 ;
msgtype : event ;
event : subscribe ;
eventkey : qrscene_5d9cc5c38de5c9eea6ffbcd9029a19eb ;
ticket : gQE-8TwAAAAAAAAAAS5odHRwOi8vd2VpeGluLnFxLmNvbS9xLzAycUtlMEFPOGU4YmYxMDAwMHcwN24AAgTZNcdaAwQAAAAA ;
from : oSI4Lj13AgZDQZ54vXoV_OV1M5K8 ;
to : gh_0c02969f70a6 ;
time : 1523059288 ;
type : subscribe ;
scene : 5d9cc5c38de5c9eea6ffbcd9029a19eb ;

2018-04-07 08:22:10 trace :
------------
Array:
tousername : gh_0c02969f70a6 ;
fromusername : oSI4Lj6b6Tpa3Elo4ATwim2rAT6Q ;
createtime : 1523060530 ;
msgtype : event ;
event : VIEW ;
eventkey : http://zz.jhzh66.com/app/index.php?i=8&c=entry&eid=198 ;
menuid : 425095602 ;
from : oSI4Lj6b6Tpa3Elo4ATwim2rAT6Q ;
to : gh_0c02969f70a6 ;
time : 1523060530 ;
type : event ;

2018-04-07 08:22:10 params :
------------
Array:
rule : -2 ;
module :  ;
message : Array ;

2018-04-07 08:22:10 response :
------------

2018-04-07 08:28:49 trace :
------------
Array:
tousername : gh_0c02969f70a6 ;
fromusername : oSI4Lj6b6Tpa3Elo4ATwim2rAT6Q ;
createtime : 1523060929 ;
msgtype : event ;
event : VIEW ;
eventkey : http://zz.jhzh66.com/app/index.php?i=8&c=entry&eid=198 ;
menuid : 425095602 ;
from : oSI4Lj6b6Tpa3Elo4ATwim2rAT6Q ;
to : gh_0c02969f70a6 ;
time : 1523060929 ;
type : event ;

2018-04-07 08:28:49 params :
------------
Array:
rule : -2 ;
module :  ;
message : Array ;

2018-04-07 08:28:49 response :
------------

2018-04-07 08:31:22 trace :
------------
Array:
tousername : gh_0c02969f70a6 ;
fromusername : oSI4Lj97Jm2kdczJ4OHYMLb017pk ;
createtime : 1523061082 ;
msgtype : event ;
event : VIEW ;
eventkey : http://zz.jhzh66.com/app/index.php?i=8&c=entry&eid=194 ;
menuid : 425095602 ;
from : oSI4Lj97Jm2kdczJ4OHYMLb017pk ;
to : gh_0c02969f70a6 ;
time : 1523061082 ;
type : event ;

2018-04-07 08:31:22 params :
------------
Array:
rule : -2 ;
module :  ;
message : Array ;

2018-04-07 08:31:22 response :
------------

2018-04-07 08:31:45 trace :
------------
Array:
tousername : gh_0c02969f70a6 ;
fromusername : oSI4Lj6b6Tpa3Elo4ATwim2rAT6Q ;
createtime : 1523061105 ;
msgtype : event ;
event : VIEW ;
eventkey : http://zz.jhzh66.com/app/index.php?i=8&c=entry&eid=198 ;
menuid : 425095602 ;
from : oSI4Lj6b6Tpa3Elo4ATwim2rAT6Q ;
to : gh_0c02969f70a6 ;
time : 1523061105 ;
type : event ;

2018-04-07 08:31:45 params :
------------
Array:
rule : -2 ;
module :  ;
message : Array ;

2018-04-07 08:31:45 response :
------------

2018-04-07 08:32:10 trace :
------------
Array:
tousername : gh_0c02969f70a6 ;
fromusername : oSI4Lj97Jm2kdczJ4OHYMLb017pk ;
createtime : 1523061129 ;
msgtype : event ;
event : VIEW ;
eventkey : http://zz.jhzh66.com/app/index.php?i=8&c=entry&eid=194 ;
menuid : 425095602 ;
from : oSI4Lj97Jm2kdczJ4OHYMLb017pk ;
to : gh_0c02969f70a6 ;
time : 1523061129 ;
type : event ;

2018-04-07 08:32:10 params :
------------
Array:
rule : -2 ;
module :  ;
message : Array ;

2018-04-07 08:32:10 response :
------------

2018-04-07 08:38:52 trace :
------------
Array:
tousername : gh_0c02969f70a6 ;
fromusername : oSI4Lj6b6Tpa3Elo4ATwim2rAT6Q ;
createtime : 1523061532 ;
msgtype : event ;
event : VIEW ;
eventkey : http://zz.jhzh66.com/app/index.php?i=8&c=entry&eid=198 ;
menuid : 425095602 ;
from : oSI4Lj6b6Tpa3Elo4ATwim2rAT6Q ;
to : gh_0c02969f70a6 ;
time : 1523061532 ;
type : event ;

2018-04-07 08:38:52 params :
------------
Array:
rule : -2 ;
module :  ;
message : Array ;

2018-04-07 08:38:52 response :
------------

2018-04-07 09:42:01 trace :
------------
Array:
tousername : gh_0c02969f70a6 ;
fromusername : oSI4Lj97Jm2kdczJ4OHYMLb017pk ;
createtime : 1523065321 ;
msgtype : event ;
event : VIEW ;
eventkey : http://zz.jhzh66.com/app/index.php?i=8&c=entry&eid=194 ;
menuid : 425095602 ;
from : oSI4Lj97Jm2kdczJ4OHYMLb017pk ;
to : gh_0c02969f70a6 ;
time : 1523065321 ;
type : event ;

2018-04-07 09:42:01 params :
------------
Array:
rule : -2 ;
module :  ;
message : Array ;

2018-04-07 09:42:01 response :
------------

2018-04-07 10:04:47 trace :
------------
Array:
tousername : gh_0c02969f70a6 ;
fromusername : oSI4Lj8nRZY0aV_t-nA1I3ofr6gk ;
createtime : 1523066687 ;
msgtype : event ;
event : VIEW ;
eventkey : http://zz.jhzh66.com/app/index.php?i=8&c=entry&eid=194 ;
menuid : 425095602 ;
from : oSI4Lj8nRZY0aV_t-nA1I3ofr6gk ;
to : gh_0c02969f70a6 ;
time : 1523066687 ;
type : event ;

2018-04-07 10:04:47 params :
------------
Array:
rule : -2 ;
module :  ;
message : Array ;

2018-04-07 10:04:47 response :
------------

2018-04-07 10:21:16 trace :
------------
Array:
tousername : gh_0c02969f70a6 ;
fromusername : oSI4Lj8nRZY0aV_t-nA1I3ofr6gk ;
createtime : 1523067676 ;
msgtype : event ;
event : VIEW ;
eventkey : http://zz.jhzh66.com/app/index.php?i=8&c=entry&eid=194 ;
menuid : 425095602 ;
from : oSI4Lj8nRZY0aV_t-nA1I3ofr6gk ;
to : gh_0c02969f70a6 ;
time : 1523067676 ;
type : event ;

2018-04-07 10:21:16 params :
------------
Array:
rule : -2 ;
module :  ;
message : Array ;

2018-04-07 10:21:16 response :
------------

2018-04-07 10:21:46 trace :
------------
Array:
tousername : gh_0c02969f70a6 ;
fromusername : oSI4Lj8nRZY0aV_t-nA1I3ofr6gk ;
createtime : 1523067706 ;
msgtype : event ;
event : VIEW ;
eventkey : http://zz.jhzh66.com/app/index.php?i=8&c=entry&eid=194 ;
menuid : 425095602 ;
from : oSI4Lj8nRZY0aV_t-nA1I3ofr6gk ;
to : gh_0c02969f70a6 ;
time : 1523067706 ;
type : event ;

2018-04-07 10:21:46 params :
------------
Array:
rule : -2 ;
module :  ;
message : Array ;

2018-04-07 10:21:46 response :
------------

2018-04-07 10:56:55 trace :
------------
Array:
tousername : gh_0c02969f70a6 ;
fromusername : oSI4Lj2ftD-f38ZeI0SBf8KJWgLw ;
createtime : 1523069815 ;
msgtype : event ;
event : subscribe ;
eventkey : qrscene_5141e420449e42c7df87975ef87074b6 ;
ticket : gQHp8TwAAAAAAAAAAS5odHRwOi8vd2VpeGluLnFxLmNvbS9xLzAyZjNCWkJmOGU4YmYxMDAwMDAwN2oAAgTj86RaAwQAAAAA ;
from : oSI4Lj2ftD-f38ZeI0SBf8KJWgLw ;
to : gh_0c02969f70a6 ;
time : 1523069815 ;
type : subscribe ;
scene : 5141e420449e42c7df87975ef87074b6 ;

2018-04-07 10:57:07 trace :
------------
Array:
tousername : gh_0c02969f70a6 ;
fromusername : oSI4Lj2ftD-f38ZeI0SBf8KJWgLw ;
createtime : 1523069827 ;
msgtype : event ;
event : VIEW ;
eventkey : http://zz.jhzh66.com/app/index.php?i=8&c=entry&eid=194 ;
menuid : 425095602 ;
from : oSI4Lj2ftD-f38ZeI0SBf8KJWgLw ;
to : gh_0c02969f70a6 ;
time : 1523069827 ;
type : event ;

2018-04-07 10:57:07 params :
------------
Array:
rule : -2 ;
module :  ;
message : Array ;

2018-04-07 10:57:07 response :
------------

2018-04-07 11:14:08 trace :
------------
Array:
tousername : gh_0c02969f70a6 ;
fromusername : oSI4Lj97Jm2kdczJ4OHYMLb017pk ;
createtime : 1523070847 ;
msgtype : event ;
event : VIEW ;
eventkey : http://zz.jhzh66.com/app/index.php?i=8&c=entry&eid=194 ;
menuid : 425095602 ;
from : oSI4Lj97Jm2kdczJ4OHYMLb017pk ;
to : gh_0c02969f70a6 ;
time : 1523070847 ;
type : event ;

2018-04-07 11:14:08 params :
------------
Array:
rule : -2 ;
module :  ;
message : Array ;

2018-04-07 11:14:08 response :
------------

2018-04-07 11:24:04 trace :
------------
Array:
tousername : gh_0c02969f70a6 ;
fromusername : oSI4Lj0RG-gQABt1pcZojDrkYJTU ;
createtime : 1523071444 ;
msgtype : event ;
event : VIEW ;
eventkey : http://zz.jhzh66.com/app/index.php?i=8&c=entry&eid=198 ;
menuid : 425095602 ;
from : oSI4Lj0RG-gQABt1pcZojDrkYJTU ;
to : gh_0c02969f70a6 ;
time : 1523071444 ;
type : event ;

2018-04-07 11:24:04 params :
------------
Array:
rule : -2 ;
module :  ;
message : Array ;

2018-04-07 11:24:04 response :
------------

2018-04-07 11:32:48 trace :
------------
Array:
tousername : gh_0c02969f70a6 ;
fromusername : oSI4Lj2ftD-f38ZeI0SBf8KJWgLw ;
createtime : 1523071968 ;
msgtype : event ;
event : VIEW ;
eventkey : http://zz11.com.cn/plugin.php?id=wechat:access ;
menuid : 425095602 ;
from : oSI4Lj2ftD-f38ZeI0SBf8KJWgLw ;
to : gh_0c02969f70a6 ;
time : 1523071968 ;
type : event ;

2018-04-07 11:32:48 params :
------------
Array:
rule : -2 ;
module :  ;
message : Array ;

2018-04-07 11:32:48 response :
------------

2018-04-07 11:33:29 trace :
------------
Array:
tousername : gh_0c02969f70a6 ;
fromusername : oSI4Lj2ftD-f38ZeI0SBf8KJWgLw ;
createtime : 1523072009 ;
msgtype : event ;
event : VIEW ;
eventkey : http://zz.jhzh66.com/app/index.php?i=8&c=site&a=site&do=detail&id=2 ;
menuid : 425095602 ;
from : oSI4Lj2ftD-f38ZeI0SBf8KJWgLw ;
to : gh_0c02969f70a6 ;
time : 1523072009 ;
type : event ;

2018-04-07 11:33:29 params :
------------
Array:
rule : -2 ;
module :  ;
message : Array ;

2018-04-07 11:33:29 response :
------------

2018-04-07 12:47:17 trace :
------------
Array:
tousername : gh_0c02969f70a6 ;
fromusername : oSI4Lj4kAuT0iRcpn1zg1S6i8Gh4 ;
createtime : 1523076437 ;
msgtype : event ;
event : VIEW ;
eventkey : http://zz.jhzh66.com/app/index.php?i=8&c=entry&eid=198 ;
menuid : 425095602 ;
from : oSI4Lj4kAuT0iRcpn1zg1S6i8Gh4 ;
to : gh_0c02969f70a6 ;
time : 1523076437 ;
type : event ;

2018-04-07 12:47:17 params :
------------
Array:
rule : -2 ;
module :  ;
message : Array ;

2018-04-07 12:47:17 response :
------------

2018-04-07 13:49:38 trace :
------------
Array:
tousername : gh_0c02969f70a6 ;
fromusername : oSI4Lj97Jm2kdczJ4OHYMLb017pk ;
createtime : 1523080178 ;
msgtype : event ;
event : VIEW ;
eventkey : http://zz.jhzh66.com/app/index.php?i=8&c=entry&eid=194 ;
menuid : 425095602 ;
from : oSI4Lj97Jm2kdczJ4OHYMLb017pk ;
to : gh_0c02969f70a6 ;
time : 1523080178 ;
type : event ;

2018-04-07 13:49:38 params :
------------
Array:
rule : -2 ;
module :  ;
message : Array ;

2018-04-07 13:49:38 response :
------------

2018-04-07 14:17:59 trace :
------------
Array:
tousername : gh_0c02969f70a6 ;
fromusername : oSI4Lj0bES3NpvFIldQqYF1Uk5QY ;
createtime : 1523081879 ;
msgtype : event ;
event : VIEW ;
eventkey : http://zz.jhzh66.com/app/index.php?i=8&c=entry&eid=194 ;
menuid : 425095602 ;
from : oSI4Lj0bES3NpvFIldQqYF1Uk5QY ;
to : gh_0c02969f70a6 ;
time : 1523081879 ;
type : event ;

2018-04-07 14:17:59 params :
------------
Array:
rule : -2 ;
module :  ;
message : Array ;

2018-04-07 14:17:59 response :
------------

2018-04-07 14:28:26 trace :
------------
Array:
tousername : gh_0c02969f70a6 ;
fromusername : oSI4LjxOiI6Ay10dn1GVTyDHO2-w ;
createtime : 1523082506 ;
msgtype : event ;
event : VIEW ;
eventkey : http://zz.jhzh66.com/app/index.php?i=8&c=entry&eid=194 ;
menuid : 425095602 ;
from : oSI4LjxOiI6Ay10dn1GVTyDHO2-w ;
to : gh_0c02969f70a6 ;
time : 1523082506 ;
type : event ;

2018-04-07 14:28:26 params :
------------
Array:
rule : -2 ;
module :  ;
message : Array ;

2018-04-07 14:28:26 response :
------------

2018-04-07 14:55:10 trace :
------------
Array:
tousername : gh_0c02969f70a6 ;
fromusername : oSI4LjyHUqsKQ2U6jJYcy4lCjBVA ;
createtime : 1523084110 ;
msgtype : event ;
event : VIEW ;
eventkey : http://zz.jhzh66.com/app/index.php?i=8&c=entry&eid=198 ;
menuid : 425095602 ;
from : oSI4LjyHUqsKQ2U6jJYcy4lCjBVA ;
to : gh_0c02969f70a6 ;
time : 1523084110 ;
type : event ;

2018-04-07 14:55:10 params :
------------
Array:
rule : -2 ;
module :  ;
message : Array ;

2018-04-07 14:55:10 response :
------------

2018-04-07 15:00:18 trace :
------------
Array:
tousername : gh_0c02969f70a6 ;
fromusername : oSI4Lj6b6Tpa3Elo4ATwim2rAT6Q ;
createtime : 1523084418 ;
msgtype : event ;
event : SCAN ;
eventkey : 441d12c43078f0cf04879aa1087cf535 ;
ticket : gQGk8TwAAAAAAAAAAS5odHRwOi8vd2VpeGluLnFxLmNvbS9xLzAyRUVfTEExOGU4YmYxMDAwMGcwN3cAAgRbj8daAwQAAAAA ;
from : oSI4Lj6b6Tpa3Elo4ATwim2rAT6Q ;
to : gh_0c02969f70a6 ;
time : 1523084418 ;
type : subscribe ;
scene : 441d12c43078f0cf04879aa1087cf535 ;

2018-04-07 15:00:22 trace :
------------
Array:
tousername : gh_0c02969f70a6 ;
fromusername : oSI4Lj6b6Tpa3Elo4ATwim2rAT6Q ;
createtime : 1523084422 ;
msgtype : event ;
event : VIEW ;
eventkey : http://zz.jhzh66.com/app/index.php?i=8&c=entry&eid=198 ;
menuid : 425095602 ;
from : oSI4Lj6b6Tpa3Elo4ATwim2rAT6Q ;
to : gh_0c02969f70a6 ;
time : 1523084422 ;
type : event ;

2018-04-07 15:00:22 params :
------------
Array:
rule : -2 ;
module :  ;
message : Array ;

2018-04-07 15:00:22 response :
------------

2018-04-07 15:39:52 trace :
------------
Array:
tousername : gh_0c02969f70a6 ;
fromusername : oSI4Lj7ZOcdd4Z-WeHiNXaPrIITg ;
createtime : 1523086792 ;
msgtype : event ;
event : subscribe ;
eventkey : qrscene_383cf9c6392ae758b06de0a529c5fdab ;
ticket : gQFh8TwAAAAAAAAAAS5odHRwOi8vd2VpeGluLnFxLmNvbS9xLzAyZk5XNkIxOGU4YmYxMDAwME0wN2gAAgQTNsdaAwQAAAAA ;
from : oSI4Lj7ZOcdd4Z-WeHiNXaPrIITg ;
to : gh_0c02969f70a6 ;
time : 1523086792 ;
type : subscribe ;
scene : 383cf9c6392ae758b06de0a529c5fdab ;

2018-04-07 16:22:41 trace :
------------
Array:
tousername : gh_0c02969f70a6 ;
fromusername : oSI4Lj2ftD-f38ZeI0SBf8KJWgLw ;
createtime : 1523089361 ;
msgtype : event ;
event : VIEW ;
eventkey : http://zz.jhzh66.com/app/index.php?i=8&c=entry&eid=194 ;
menuid : 425095602 ;
from : oSI4Lj2ftD-f38ZeI0SBf8KJWgLw ;
to : gh_0c02969f70a6 ;
time : 1523089361 ;
type : event ;

2018-04-07 16:22:41 params :
------------
Array:
rule : -2 ;
module :  ;
message : Array ;

2018-04-07 16:22:41 response :
------------

2018-04-07 16:49:43 trace :
------------
Array:
tousername : gh_0c02969f70a6 ;
fromusername : oSI4Lj97Jm2kdczJ4OHYMLb017pk ;
createtime : 1523090983 ;
msgtype : event ;
event : VIEW ;
eventkey : http://zz.jhzh66.com/app/index.php?i=8&c=entry&eid=194 ;
menuid : 425095602 ;
from : oSI4Lj97Jm2kdczJ4OHYMLb017pk ;
to : gh_0c02969f70a6 ;
time : 1523090983 ;
type : event ;

2018-04-07 16:49:43 params :
------------
Array:
rule : -2 ;
module :  ;
message : Array ;

2018-04-07 16:49:43 response :
------------

2018-04-07 18:30:19 trace :
------------
Array:
tousername : gh_0c02969f70a6 ;
fromusername : oSI4LjyHUqsKQ2U6jJYcy4lCjBVA ;
createtime : 1523097019 ;
msgtype : event ;
event : VIEW ;
eventkey : http://zz.jhzh66.com/app/index.php?i=8&c=entry&eid=198 ;
menuid : 425095602 ;
from : oSI4LjyHUqsKQ2U6jJYcy4lCjBVA ;
to : gh_0c02969f70a6 ;
time : 1523097019 ;
type : event ;

2018-04-07 18:30:19 params :
------------
Array:
rule : -2 ;
module :  ;
message : Array ;

2018-04-07 18:30:19 response :
------------

2018-04-07 18:57:51 trace :
------------
Array:
tousername : gh_0c02969f70a6 ;
fromusername : oSI4Lj17As79KTBk8dJMskxWiL2E ;
createtime : 1523098671 ;
msgtype : event ;
event : VIEW ;
eventkey : http://zz.jhzh66.com/app/index.php?i=8&c=entry&eid=194 ;
menuid : 425095602 ;
from : oSI4Lj17As79KTBk8dJMskxWiL2E ;
to : gh_0c02969f70a6 ;
time : 1523098671 ;
type : event ;

2018-04-07 18:57:51 params :
------------
Array:
rule : -2 ;
module :  ;
message : Array ;

2018-04-07 18:57:51 response :
------------

2018-04-07 19:03:43 trace :
------------
Array:
tousername : gh_0c02969f70a6 ;
fromusername : oSI4LjyHUqsKQ2U6jJYcy4lCjBVA ;
createtime : 1523099022 ;
msgtype : event ;
event : VIEW ;
eventkey : http://zz.jhzh66.com/app/index.php?i=8&c=entry&eid=198 ;
menuid : 425095602 ;
from : oSI4LjyHUqsKQ2U6jJYcy4lCjBVA ;
to : gh_0c02969f70a6 ;
time : 1523099022 ;
type : event ;

2018-04-07 19:03:43 params :
------------
Array:
rule : -2 ;
module :  ;
message : Array ;

2018-04-07 19:03:43 response :
------------

2018-04-07 19:06:09 trace :
------------
Array:
tousername : gh_0c02969f70a6 ;
fromusername : oSI4Lj17As79KTBk8dJMskxWiL2E ;
createtime : 1523099169 ;
msgtype : event ;
event : VIEW ;
eventkey : http://zz.jhzh66.com/app/index.php?i=8&c=entry&eid=194 ;
menuid : 425095602 ;
from : oSI4Lj17As79KTBk8dJMskxWiL2E ;
to : gh_0c02969f70a6 ;
time : 1523099169 ;
type : event ;

2018-04-07 19:06:09 params :
------------
Array:
rule : -2 ;
module :  ;
message : Array ;

2018-04-07 19:06:09 response :
------------

2018-04-07 19:09:07 trace :
------------
Array:
tousername : gh_0c02969f70a6 ;
fromusername : oSI4LjyHUqsKQ2U6jJYcy4lCjBVA ;
createtime : 1523099347 ;
msgtype : event ;
event : VIEW ;
eventkey : http://zz.jhzh66.com/app/index.php?i=8&c=entry&eid=198 ;
menuid : 425095602 ;
from : oSI4LjyHUqsKQ2U6jJYcy4lCjBVA ;
to : gh_0c02969f70a6 ;
time : 1523099347 ;
type : event ;

2018-04-07 19:09:07 params :
------------
Array:
rule : -2 ;
module :  ;
message : Array ;

2018-04-07 19:09:07 response :
------------

2018-04-07 19:27:26 trace :
------------
Array:
tousername : gh_9aac6b6c619f ;
fromusername : o4Uy9vubGU_-xbFwG7FidH0r08Ao ;
createtime : 1523100446 ;
msgtype : event ;
event : VIEW ;
eventkey : https://m.qlchat.com/live/320000044317761.htm ;
menuid : 425178868 ;
from : o4Uy9vubGU_-xbFwG7FidH0r08Ao ;
to : gh_9aac6b6c619f ;
time : 1523100446 ;
type : event ;

2018-04-07 19:27:26 params :
------------
Array:
rule : -2 ;
module :  ;
message : Array ;

2018-04-07 19:27:26 response :
------------

2018-04-07 20:49:27 trace :
------------
Array:
tousername : gh_0c02969f70a6 ;
fromusername : oSI4LjxgPvF9iMHSyO55h3cZ7WMg ;
createtime : 1523105366 ;
msgtype : event ;
event : SCAN ;
eventkey : e63f191ace780031e0e627a9424150eb ;
ticket : gQHE8TwAAAAAAAAAAS5odHRwOi8vd2VpeGluLnFxLmNvbS9xLzAySUcxYUFYOGU4YmYxMDAwME0wNzAAAgRxrMFaAwQAAAAA ;
from : oSI4LjxgPvF9iMHSyO55h3cZ7WMg ;
to : gh_0c02969f70a6 ;
time : 1523105366 ;
type : subscribe ;
scene : e63f191ace780031e0e627a9424150eb ;

2018-04-07 20:49:28 trace :
------------
Array:
tousername : gh_0c02969f70a6 ;
fromusername : oSI4Lj0Jtzko1EGx5Kxz2yO_pPhM ;
createtime : 1523105367 ;
msgtype : event ;
event : subscribe ;
eventkey : qrscene_e63f191ace780031e0e627a9424150eb ;
ticket : gQHE8TwAAAAAAAAAAS5odHRwOi8vd2VpeGluLnFxLmNvbS9xLzAySUcxYUFYOGU4YmYxMDAwME0wNzAAAgRxrMFaAwQAAAAA ;
from : oSI4Lj0Jtzko1EGx5Kxz2yO_pPhM ;
to : gh_0c02969f70a6 ;
time : 1523105367 ;
type : subscribe ;
scene : e63f191ace780031e0e627a9424150eb ;

2018-04-07 20:49:35 trace :
------------
Array:
tousername : gh_0c02969f70a6 ;
fromusername : oSI4Lj0Jtzko1EGx5Kxz2yO_pPhM ;
createtime : 1523105375 ;
msgtype : event ;
event : CLICK ;
eventkey : 关注 ;
from : oSI4Lj0Jtzko1EGx5Kxz2yO_pPhM ;
to : gh_0c02969f70a6 ;
time : 1523105375 ;
type : event ;

2018-04-07 20:50:06 trace :
------------
Array:
tousername : gh_0c02969f70a6 ;
fromusername : oSI4Lj0Jtzko1EGx5Kxz2yO_pPhM ;
createtime : 1523105406 ;
msgtype : event ;
event : SCAN ;
eventkey : e63f191ace780031e0e627a9424150eb ;
ticket : gQHE8TwAAAAAAAAAAS5odHRwOi8vd2VpeGluLnFxLmNvbS9xLzAySUcxYUFYOGU4YmYxMDAwME0wNzAAAgRxrMFaAwQAAAAA ;
from : oSI4Lj0Jtzko1EGx5Kxz2yO_pPhM ;
to : gh_0c02969f70a6 ;
time : 1523105406 ;
type : subscribe ;
scene : e63f191ace780031e0e627a9424150eb ;

2018-04-07 20:51:30 trace :
------------
Array:
tousername : gh_0c02969f70a6 ;
fromusername : oSI4Lj0Jtzko1EGx5Kxz2yO_pPhM ;
createtime : 1523105490 ;
msgtype : event ;
event : SCAN ;
eventkey : fb58e5730e4c3dd28d99972fafaf7d9e ;
ticket : gQEM8TwAAAAAAAAAAS5odHRwOi8vd2VpeGluLnFxLmNvbS9xLzAyX19xVEE5OGU4YmYxMDAwMHcwN3QAAgRgvshaAwQAAAAA ;
from : oSI4Lj0Jtzko1EGx5Kxz2yO_pPhM ;
to : gh_0c02969f70a6 ;
time : 1523105490 ;
type : subscribe ;
scene : fb58e5730e4c3dd28d99972fafaf7d9e ;

2018-04-07 20:51:42 trace :
------------
Array:
tousername : gh_0c02969f70a6 ;
fromusername : oSI4Lj0Jtzko1EGx5Kxz2yO_pPhM ;
createtime : 1523105502 ;
msgtype : event ;
event : VIEW ;
eventkey : http://zz.jhzh66.com/app/index.php?i=8&c=entry&eid=194 ;
menuid : 425095602 ;
from : oSI4Lj0Jtzko1EGx5Kxz2yO_pPhM ;
to : gh_0c02969f70a6 ;
time : 1523105502 ;
type : event ;

2018-04-07 20:51:42 params :
------------
Array:
rule : -2 ;
module :  ;
message : Array ;

2018-04-07 20:51:42 response :
------------

2018-04-07 20:53:39 trace :
------------
Array:
tousername : gh_0c02969f70a6 ;
fromusername : oSI4LjxgPvF9iMHSyO55h3cZ7WMg ;
createtime : 1523105619 ;
msgtype : event ;
event : SCAN ;
eventkey : fb58e5730e4c3dd28d99972fafaf7d9e ;
ticket : gQEM8TwAAAAAAAAAAS5odHRwOi8vd2VpeGluLnFxLmNvbS9xLzAyX19xVEE5OGU4YmYxMDAwMHcwN3QAAgRgvshaAwQAAAAA ;
from : oSI4LjxgPvF9iMHSyO55h3cZ7WMg ;
to : gh_0c02969f70a6 ;
time : 1523105619 ;
type : subscribe ;
scene : fb58e5730e4c3dd28d99972fafaf7d9e ;

2018-04-07 20:53:42 trace :
------------
Array:
tousername : gh_0c02969f70a6 ;
fromusername : oSI4LjxgPvF9iMHSyO55h3cZ7WMg ;
createtime : 1523105622 ;
msgtype : event ;
event : CLICK ;
eventkey : 关注 ;
from : oSI4LjxgPvF9iMHSyO55h3cZ7WMg ;
to : gh_0c02969f70a6 ;
time : 1523105622 ;
type : event ;

2018-04-07 20:54:03 trace :
------------
Array:
tousername : gh_0c02969f70a6 ;
fromusername : oSI4LjxgPvF9iMHSyO55h3cZ7WMg ;
createtime : 1523105643 ;
msgtype : event ;
event : VIEW ;
eventkey : http://zz.jhzh66.com/app/index.php?i=8&c=entry&eid=198 ;
menuid : 425095602 ;
from : oSI4LjxgPvF9iMHSyO55h3cZ7WMg ;
to : gh_0c02969f70a6 ;
time : 1523105643 ;
type : event ;

2018-04-07 20:54:03 params :
------------
Array:
rule : -2 ;
module :  ;
message : Array ;

2018-04-07 20:54:03 response :
------------

2018-04-07 20:55:20 trace :
------------
Array:
tousername : gh_0c02969f70a6 ;
fromusername : oSI4LjxgPvF9iMHSyO55h3cZ7WMg ;
createtime : 1523105720 ;
msgtype : event ;
event : VIEW ;
eventkey : http://zz.jhzh66.com/app/index.php?i=8&c=home&t=8 ;
menuid : 425095602 ;
from : oSI4LjxgPvF9iMHSyO55h3cZ7WMg ;
to : gh_0c02969f70a6 ;
time : 1523105720 ;
type : event ;

2018-04-07 20:55:20 params :
------------
Array:
rule : -2 ;
module :  ;
message : Array ;

2018-04-07 20:55:20 response :
------------

2018-04-07 20:55:45 trace :
------------
Array:
tousername : gh_0c02969f70a6 ;
fromusername : oSI4LjxgPvF9iMHSyO55h3cZ7WMg ;
createtime : 1523105745 ;
msgtype : event ;
event : CLICK ;
eventkey : 关注 ;
from : oSI4LjxgPvF9iMHSyO55h3cZ7WMg ;
to : gh_0c02969f70a6 ;
time : 1523105745 ;
type : event ;

2018-04-07 21:43:40 trace :
------------
Array:
tousername : gh_0c02969f70a6 ;
fromusername : oSI4Lj759jKKkGMtPMwoDcGZh8Vs ;
createtime : 1523108620 ;
msgtype : event ;
event : VIEW ;
eventkey : http://zz11.com.cn/plugin.php?id=wechat:access ;
menuid : 425095602 ;
from : oSI4Lj759jKKkGMtPMwoDcGZh8Vs ;
to : gh_0c02969f70a6 ;
time : 1523108620 ;
type : event ;

2018-04-07 21:43:40 params :
------------
Array:
rule : -2 ;
module :  ;
message : Array ;

2018-04-07 21:43:40 response :
------------

2018-04-07 21:51:13 trace :
------------
Array:
tousername : gh_0c02969f70a6 ;
fromusername : oSI4LjyHUqsKQ2U6jJYcy4lCjBVA ;
createtime : 1523109072 ;
msgtype : event ;
event : VIEW ;
eventkey : http://zz.jhzh66.com/app/index.php?i=8&c=home&t=8 ;
menuid : 425095602 ;
from : oSI4LjyHUqsKQ2U6jJYcy4lCjBVA ;
to : gh_0c02969f70a6 ;
time : 1523109072 ;
type : event ;

2018-04-07 21:51:13 params :
------------
Array:
rule : -2 ;
module :  ;
message : Array ;

2018-04-07 21:51:13 response :
------------

2018-04-07 21:52:42 trace :
------------
Array:
tousername : gh_0c02969f70a6 ;
fromusername : oSI4LjyLUyyV77-1iLG9ky1OgEKI ;
createtime : 1523109162 ;
msgtype : event ;
event : subscribe ;
eventkey : qrscene_71c3ddc88159ba2e6c8ef3c996bfc1ff ;
ticket : gQGX8TwAAAAAAAAAAS5odHRwOi8vd2VpeGluLnFxLmNvbS9xLzAyQmJEVEEtOGU4YmYxMDAwMGcwN00AAgRrtMZaAwQAAAAA ;
from : oSI4LjyLUyyV77-1iLG9ky1OgEKI ;
to : gh_0c02969f70a6 ;
time : 1523109162 ;
type : subscribe ;
scene : 71c3ddc88159ba2e6c8ef3c996bfc1ff ;

2018-04-07 21:56:28 trace :
------------
Array:
tousername : gh_0c02969f70a6 ;
fromusername : oSI4Lj759jKKkGMtPMwoDcGZh8Vs ;
createtime : 1523109388 ;
msgtype : event ;
event : VIEW ;
eventkey : http://zz.jhzh66.com/app/index.php?i=8&c=site&a=site&do=detail&id=2 ;
menuid : 425095602 ;
from : oSI4Lj759jKKkGMtPMwoDcGZh8Vs ;
to : gh_0c02969f70a6 ;
time : 1523109388 ;
type : event ;

2018-04-07 21:56:28 params :
------------
Array:
rule : -2 ;
module :  ;
message : Array ;

2018-04-07 21:56:28 response :
------------

2018-04-07 21:57:16 trace :
------------
Array:
tousername : gh_0c02969f70a6 ;
fromusername : oSI4Lj759jKKkGMtPMwoDcGZh8Vs ;
createtime : 1523109436 ;
msgtype : event ;
event : VIEW ;
eventkey : http://zz11.com.cn/plugin.php?id=wechat:access ;
menuid : 425095602 ;
from : oSI4Lj759jKKkGMtPMwoDcGZh8Vs ;
to : gh_0c02969f70a6 ;
time : 1523109436 ;
type : event ;

2018-04-07 21:57:16 params :
------------
Array:
rule : -2 ;
module :  ;
message : Array ;

2018-04-07 21:57:16 response :
------------

2018-04-07 21:57:54 trace :
------------
Array:
tousername : gh_0c02969f70a6 ;
fromusername : oSI4Lj759jKKkGMtPMwoDcGZh8Vs ;
createtime : 1523109474 ;
msgtype : event ;
event : VIEW ;
eventkey : http://zz11.com.cn/plugin.php?id=wechat:access ;
menuid : 425095602 ;
from : oSI4Lj759jKKkGMtPMwoDcGZh8Vs ;
to : gh_0c02969f70a6 ;
time : 1523109474 ;
type : event ;

2018-04-07 21:57:54 params :
------------
Array:
rule : -2 ;
module :  ;
message : Array ;

2018-04-07 21:57:54 response :
------------

2018-04-07 22:13:47 trace :
------------
Array:
tousername : gh_0c02969f70a6 ;
fromusername : oSI4Lj759jKKkGMtPMwoDcGZh8Vs ;
createtime : 1523110427 ;
msgtype : event ;
event : VIEW ;
eventkey : http://zz11.com.cn/plugin.php?id=wechat:access ;
menuid : 425095602 ;
from : oSI4Lj759jKKkGMtPMwoDcGZh8Vs ;
to : gh_0c02969f70a6 ;
time : 1523110427 ;
type : event ;

2018-04-07 22:13:47 params :
------------
Array:
rule : -2 ;
module :  ;
message : Array ;

2018-04-07 22:13:47 response :
------------

2018-04-07 22:29:57 trace :
------------
Array:
tousername : gh_0c02969f70a6 ;
fromusername : oSI4Lj0MFiSdQ7Ki5KS6Dcce5Te4 ;
createtime : 1523111397 ;
msgtype : event ;
event : VIEW ;
eventkey : http://zz.jhzh66.com/app/index.php?i=8&c=entry&eid=194 ;
menuid : 425095602 ;
from : oSI4Lj0MFiSdQ7Ki5KS6Dcce5Te4 ;
to : gh_0c02969f70a6 ;
time : 1523111397 ;
type : event ;

2018-04-07 22:29:57 params :
------------
Array:
rule : -2 ;
module :  ;
message : Array ;

2018-04-07 22:29:57 response :
------------

2018-04-07 22:39:25 trace :
------------
Array:
tousername : gh_0c02969f70a6 ;
fromusername : oSI4LjzGDzCztrhCP10C7-4flpE4 ;
createtime : 1523111964 ;
msgtype : event ;
event : SCAN ;
eventkey : e63f191ace780031e0e627a9424150eb ;
ticket : gQHE8TwAAAAAAAAAAS5odHRwOi8vd2VpeGluLnFxLmNvbS9xLzAySUcxYUFYOGU4YmYxMDAwME0wNzAAAgRxrMFaAwQAAAAA ;
from : oSI4LjzGDzCztrhCP10C7-4flpE4 ;
to : gh_0c02969f70a6 ;
time : 1523111964 ;
type : subscribe ;
scene : e63f191ace780031e0e627a9424150eb ;

2018-04-07 22:51:31 trace :
------------
Array:
tousername : gh_0c02969f70a6 ;
fromusername : oSI4LjyCJQ0KwNlIGnipFnSTCRrI ;
createtime : 1523112690 ;
msgtype : event ;
event : subscribe ;
eventkey : qrscene_fb58e5730e4c3dd28d99972fafaf7d9e ;
ticket : gQEM8TwAAAAAAAAAAS5odHRwOi8vd2VpeGluLnFxLmNvbS9xLzAyX19xVEE5OGU4YmYxMDAwMHcwN3QAAgRgvshaAwQAAAAA ;
from : oSI4LjyCJQ0KwNlIGnipFnSTCRrI ;
to : gh_0c02969f70a6 ;
time : 1523112690 ;
type : subscribe ;
scene : fb58e5730e4c3dd28d99972fafaf7d9e ;

2018-04-07 22:51:38 trace :
------------
Array:
tousername : gh_0c02969f70a6 ;
fromusername : oSI4LjyCJQ0KwNlIGnipFnSTCRrI ;
createtime : 1523112698 ;
msgtype : event ;
event : CLICK ;
eventkey : 关注 ;
from : oSI4LjyCJQ0KwNlIGnipFnSTCRrI ;
to : gh_0c02969f70a6 ;
time : 1523112698 ;
type : event ;

