2018-04-09 00:29:13 trace :
------------
Array:
tousername : gh_0c02969f70a6 ;
fromusername : oSI4LjzGDzCztrhCP10C7-4flpE4 ;
createtime : 1523204953 ;
msgtype : event ;
event : VIEW ;
eventkey : http://zz.jhzh66.com/app/index.php?i=8&c=entry&eid=194 ;
menuid : 425118276 ;
from : oSI4LjzGDzCztrhCP10C7-4flpE4 ;
to : gh_0c02969f70a6 ;
time : 1523204953 ;
type : event ;

2018-04-09 00:29:13 params :
------------
Array:
rule : -2 ;
module :  ;
message : Array ;

2018-04-09 00:29:13 response :
------------

2018-04-09 00:29:17 trace :
------------
Array:
tousername : gh_0c02969f70a6 ;
fromusername : oSI4LjzGDzCztrhCP10C7-4flpE4 ;
createtime : 1523204956 ;
msgtype : event ;
event : VIEW ;
eventkey : http://www.haolangtech.com/index.php?s=/Home/New/crowdfundingindex/id/22.html ;
menuid : 425118276 ;
from : oSI4LjzGDzCztrhCP10C7-4flpE4 ;
to : gh_0c02969f70a6 ;
time : 1523204956 ;
type : event ;

2018-04-09 00:29:17 params :
------------
Array:
rule : -2 ;
module :  ;
message : Array ;

2018-04-09 00:29:17 response :
------------

2018-04-09 00:29:32 trace :
------------
Array:
tousername : gh_0c02969f70a6 ;
fromusername : oSI4LjzGDzCztrhCP10C7-4flpE4 ;
createtime : 1523204972 ;
msgtype : event ;
event : VIEW ;
eventkey : http://zz.jhzh66.com/app/index.php?i=8&c=entry&eid=198 ;
menuid : 425118276 ;
from : oSI4LjzGDzCztrhCP10C7-4flpE4 ;
to : gh_0c02969f70a6 ;
time : 1523204972 ;
type : event ;

2018-04-09 00:29:32 params :
------------
Array:
rule : -2 ;
module :  ;
message : Array ;

2018-04-09 00:29:32 response :
------------

2018-04-09 04:49:38 trace :
------------
Array:
tousername : gh_0c02969f70a6 ;
fromusername : oSI4Lj20_NcXMVYs1wChy7FAwvRg ;
createtime : 1523220578 ;
msgtype : event ;
event : SCAN ;
eventkey : e63f191ace780031e0e627a9424150eb ;
ticket : gQHE8TwAAAAAAAAAAS5odHRwOi8vd2VpeGluLnFxLmNvbS9xLzAySUcxYUFYOGU4YmYxMDAwME0wNzAAAgRxrMFaAwQAAAAA ;
from : oSI4Lj20_NcXMVYs1wChy7FAwvRg ;
to : gh_0c02969f70a6 ;
time : 1523220578 ;
type : subscribe ;
scene : e63f191ace780031e0e627a9424150eb ;

2018-04-09 04:49:52 trace :
------------
Array:
tousername : gh_0c02969f70a6 ;
fromusername : oSI4Lj20_NcXMVYs1wChy7FAwvRg ;
createtime : 1523220592 ;
msgtype : event ;
event : VIEW ;
eventkey : http://zz.jhzh66.com/app/index.php?i=8&c=entry&eid=194 ;
menuid : 425118276 ;
from : oSI4Lj20_NcXMVYs1wChy7FAwvRg ;
to : gh_0c02969f70a6 ;
time : 1523220592 ;
type : event ;

2018-04-09 04:49:52 params :
------------
Array:
rule : -2 ;
module :  ;
message : Array ;

2018-04-09 04:49:52 response :
------------

2018-04-09 05:39:58 trace :
------------
Array:
tousername : gh_0c02969f70a6 ;
fromusername : oSI4Lj9UrD8hyAWzSAc9URNmjLXY ;
createtime : 1523223597 ;
msgtype : event ;
event : subscribe ;
eventkey : qrscene_ee395d04ec5fadc2f67c47c95fdc0447 ;
ticket : gQFT8TwAAAAAAAAAAS5odHRwOi8vd2VpeGluLnFxLmNvbS9xLzAycGRmMEJPOGU4YmYxMDAwMDAwN2YAAgRE9rxaAwQAAAAA ;
from : oSI4Lj9UrD8hyAWzSAc9URNmjLXY ;
to : gh_0c02969f70a6 ;
time : 1523223597 ;
type : subscribe ;
scene : ee395d04ec5fadc2f67c47c95fdc0447 ;

2018-04-09 06:15:06 trace :
------------
Array:
tousername : gh_0c02969f70a6 ;
fromusername : oSI4LjzGDzCztrhCP10C7-4flpE4 ;
createtime : 1523225706 ;
msgtype : event ;
event : VIEW ;
eventkey : http://zz.jhzh66.com/app/index.php?i=8&c=entry&eid=198 ;
menuid : 425118276 ;
from : oSI4LjzGDzCztrhCP10C7-4flpE4 ;
to : gh_0c02969f70a6 ;
time : 1523225706 ;
type : event ;

2018-04-09 06:15:06 params :
------------
Array:
rule : -2 ;
module :  ;
message : Array ;

2018-04-09 06:15:06 response :
------------

2018-04-09 06:16:16 trace :
------------
Array:
tousername : gh_0c02969f70a6 ;
fromusername : oSI4LjzGDzCztrhCP10C7-4flpE4 ;
createtime : 1523225776 ;
msgtype : event ;
event : VIEW ;
eventkey : http://zz.jhzh66.com/app/index.php?i=8&c=entry&eid=198 ;
menuid : 425118276 ;
from : oSI4LjzGDzCztrhCP10C7-4flpE4 ;
to : gh_0c02969f70a6 ;
time : 1523225776 ;
type : event ;

2018-04-09 06:16:16 params :
------------
Array:
rule : -2 ;
module :  ;
message : Array ;

2018-04-09 06:16:16 response :
------------

2018-04-09 07:20:22 trace :
------------
Array:
tousername : gh_0c02969f70a6 ;
fromusername : oSI4LjxOk_z2c7unlDpR6f69Hl6A ;
createtime : 1523229622 ;
msgtype : event ;
event : VIEW ;
eventkey : http://zz.jhzh66.com/app/index.php?i=8&c=entry&eid=198 ;
menuid : 425118276 ;
from : oSI4LjxOk_z2c7unlDpR6f69Hl6A ;
to : gh_0c02969f70a6 ;
time : 1523229622 ;
type : event ;

2018-04-09 07:20:22 params :
------------
Array:
rule : -2 ;
module :  ;
message : Array ;

2018-04-09 07:20:22 response :
------------

2018-04-09 07:29:28 trace :
------------
Array:
tousername : gh_0c02969f70a6 ;
fromusername : oSI4Lj5QdUUHUtpZ4B4pQAFwCAT4 ;
createtime : 1523230168 ;
msgtype : event ;
event : SCAN ;
eventkey : 71c3ddc88159ba2e6c8ef3c996bfc1ff ;
ticket : gQGX8TwAAAAAAAAAAS5odHRwOi8vd2VpeGluLnFxLmNvbS9xLzAyQmJEVEEtOGU4YmYxMDAwMGcwN00AAgRrtMZaAwQAAAAA ;
from : oSI4Lj5QdUUHUtpZ4B4pQAFwCAT4 ;
to : gh_0c02969f70a6 ;
time : 1523230168 ;
type : subscribe ;
scene : 71c3ddc88159ba2e6c8ef3c996bfc1ff ;

2018-04-09 07:29:34 trace :
------------
Array:
tousername : gh_0c02969f70a6 ;
fromusername : oSI4Lj5QdUUHUtpZ4B4pQAFwCAT4 ;
createtime : 1523230174 ;
msgtype : event ;
event : VIEW ;
eventkey : http://zz.jhzh66.com/app/index.php?i=8&c=entry&eid=198 ;
menuid : 425118276 ;
from : oSI4Lj5QdUUHUtpZ4B4pQAFwCAT4 ;
to : gh_0c02969f70a6 ;
time : 1523230174 ;
type : event ;

2018-04-09 07:29:34 params :
------------
Array:
rule : -2 ;
module :  ;
message : Array ;

2018-04-09 07:29:34 response :
------------

2018-04-09 09:29:13 trace :
------------
Array:
tousername : gh_0c02969f70a6 ;
fromusername : oSI4LjyHUqsKQ2U6jJYcy4lCjBVA ;
createtime : 1523237353 ;
msgtype : event ;
event : VIEW ;
eventkey : http://zz.jhzh66.com/app/index.php?i=8&c=entry&eid=198 ;
menuid : 425118276 ;
from : oSI4LjyHUqsKQ2U6jJYcy4lCjBVA ;
to : gh_0c02969f70a6 ;
time : 1523237353 ;
type : event ;

2018-04-09 09:29:13 params :
------------
Array:
rule : -2 ;
module :  ;
message : Array ;

2018-04-09 09:29:13 response :
------------

2018-04-09 09:33:18 trace :
------------
Array:
tousername : gh_0c02969f70a6 ;
fromusername : oSI4Lj7JWWfkakBIkkZI-32LzyoM ;
createtime : 1523237598 ;
msgtype : event ;
event : subscribe ;
eventkey : qrscene_e63f191ace780031e0e627a9424150eb ;
ticket : gQHE8TwAAAAAAAAAAS5odHRwOi8vd2VpeGluLnFxLmNvbS9xLzAySUcxYUFYOGU4YmYxMDAwME0wNzAAAgRxrMFaAwQAAAAA ;
from : oSI4Lj7JWWfkakBIkkZI-32LzyoM ;
to : gh_0c02969f70a6 ;
time : 1523237598 ;
type : subscribe ;
scene : e63f191ace780031e0e627a9424150eb ;

2018-04-09 09:33:48 trace :
------------
Array:
tousername : gh_0c02969f70a6 ;
fromusername : oSI4LjxgPvF9iMHSyO55h3cZ7WMg ;
createtime : 1523237628 ;
msgtype : event ;
event : SCAN ;
eventkey : e63f191ace780031e0e627a9424150eb ;
ticket : gQHE8TwAAAAAAAAAAS5odHRwOi8vd2VpeGluLnFxLmNvbS9xLzAySUcxYUFYOGU4YmYxMDAwME0wNzAAAgRxrMFaAwQAAAAA ;
from : oSI4LjxgPvF9iMHSyO55h3cZ7WMg ;
to : gh_0c02969f70a6 ;
time : 1523237628 ;
type : subscribe ;
scene : e63f191ace780031e0e627a9424150eb ;

2018-04-09 09:33:58 trace :
------------
Array:
tousername : gh_0c02969f70a6 ;
fromusername : oSI4LjxgPvF9iMHSyO55h3cZ7WMg ;
createtime : 1523237638 ;
msgtype : event ;
event : CLICK ;
eventkey : 关注 ;
from : oSI4LjxgPvF9iMHSyO55h3cZ7WMg ;
to : gh_0c02969f70a6 ;
time : 1523237638 ;
type : event ;

2018-04-09 09:34:11 trace :
------------
Array:
tousername : gh_0c02969f70a6 ;
fromusername : oSI4LjxgPvF9iMHSyO55h3cZ7WMg ;
createtime : 1523237651 ;
msgtype : event ;
event : VIEW ;
eventkey : http://www.haolangtech.com/index.php/addon/HotActivity/HotActivity/leagueindex/id/1.html?from=groupmessage&isappinstalled=0 ;
menuid : 425118276 ;
from : oSI4LjxgPvF9iMHSyO55h3cZ7WMg ;
to : gh_0c02969f70a6 ;
time : 1523237651 ;
type : event ;

2018-04-09 09:34:11 params :
------------
Array:
rule : -2 ;
module :  ;
message : Array ;

2018-04-09 09:34:11 response :
------------

2018-04-09 09:35:03 trace :
------------
Array:
tousername : gh_0c02969f70a6 ;
fromusername : oSI4Lj7JWWfkakBIkkZI-32LzyoM ;
createtime : 1523237703 ;
msgtype : event ;
event : SCAN ;
eventkey : e63f191ace780031e0e627a9424150eb ;
ticket : gQHE8TwAAAAAAAAAAS5odHRwOi8vd2VpeGluLnFxLmNvbS9xLzAySUcxYUFYOGU4YmYxMDAwME0wNzAAAgRxrMFaAwQAAAAA ;
from : oSI4Lj7JWWfkakBIkkZI-32LzyoM ;
to : gh_0c02969f70a6 ;
time : 1523237703 ;
type : subscribe ;
scene : e63f191ace780031e0e627a9424150eb ;

2018-04-09 09:35:10 trace :
------------
Array:
tousername : gh_0c02969f70a6 ;
fromusername : oSI4Lj7JWWfkakBIkkZI-32LzyoM ;
createtime : 1523237710 ;
msgtype : event ;
event : VIEW ;
eventkey : http://zz.jhzh66.com/app/index.php?i=8&c=entry&eid=194 ;
menuid : 425118276 ;
from : oSI4Lj7JWWfkakBIkkZI-32LzyoM ;
to : gh_0c02969f70a6 ;
time : 1523237710 ;
type : event ;

2018-04-09 09:35:10 params :
------------
Array:
rule : -2 ;
module :  ;
message : Array ;

2018-04-09 09:35:10 response :
------------

2018-04-09 09:36:07 trace :
------------
Array:
tousername : gh_0c02969f70a6 ;
fromusername : oSI4Lj8yg76PUPFmX2X5xpaYRZxU ;
createtime : 1523237767 ;
msgtype : event ;
event : VIEW ;
eventkey : http://zz.jhzh66.com/app/index.php?i=8&c=entry&eid=194 ;
menuid : 425118276 ;
from : oSI4Lj8yg76PUPFmX2X5xpaYRZxU ;
to : gh_0c02969f70a6 ;
time : 1523237767 ;
type : event ;

2018-04-09 09:36:07 params :
------------
Array:
rule : -2 ;
module :  ;
message : Array ;

2018-04-09 09:36:07 response :
------------

2018-04-09 09:36:22 trace :
------------
Array:
tousername : gh_0c02969f70a6 ;
fromusername : oSI4Lj7JWWfkakBIkkZI-32LzyoM ;
createtime : 1523237782 ;
msgtype : event ;
event : SCAN ;
eventkey : e63f191ace780031e0e627a9424150eb ;
ticket : gQHE8TwAAAAAAAAAAS5odHRwOi8vd2VpeGluLnFxLmNvbS9xLzAySUcxYUFYOGU4YmYxMDAwME0wNzAAAgRxrMFaAwQAAAAA ;
from : oSI4Lj7JWWfkakBIkkZI-32LzyoM ;
to : gh_0c02969f70a6 ;
time : 1523237782 ;
type : subscribe ;
scene : e63f191ace780031e0e627a9424150eb ;

2018-04-09 09:37:51 trace :
------------
Array:
tousername : gh_0c02969f70a6 ;
fromusername : oSI4Lj7JWWfkakBIkkZI-32LzyoM ;
createtime : 1523237871 ;
msgtype : event ;
event : SCAN ;
eventkey : e63f191ace780031e0e627a9424150eb ;
ticket : gQHE8TwAAAAAAAAAAS5odHRwOi8vd2VpeGluLnFxLmNvbS9xLzAySUcxYUFYOGU4YmYxMDAwME0wNzAAAgRxrMFaAwQAAAAA ;
from : oSI4Lj7JWWfkakBIkkZI-32LzyoM ;
to : gh_0c02969f70a6 ;
time : 1523237871 ;
type : subscribe ;
scene : e63f191ace780031e0e627a9424150eb ;

2018-04-09 09:37:56 trace :
------------
Array:
tousername : gh_0c02969f70a6 ;
fromusername : oSI4Lj7JWWfkakBIkkZI-32LzyoM ;
createtime : 1523237876 ;
msgtype : event ;
event : VIEW ;
eventkey : http://zz.jhzh66.com/app/index.php?i=8&c=entry&eid=198 ;
menuid : 425118276 ;
from : oSI4Lj7JWWfkakBIkkZI-32LzyoM ;
to : gh_0c02969f70a6 ;
time : 1523237876 ;
type : event ;

2018-04-09 09:37:56 params :
------------
Array:
rule : -2 ;
module :  ;
message : Array ;

2018-04-09 09:37:56 response :
------------

2018-04-09 09:38:30 trace :
------------
Array:
tousername : gh_0c02969f70a6 ;
fromusername : oSI4Lj7JWWfkakBIkkZI-32LzyoM ;
createtime : 1523237910 ;
msgtype : event ;
event : CLICK ;
eventkey : 关注 ;
from : oSI4Lj7JWWfkakBIkkZI-32LzyoM ;
to : gh_0c02969f70a6 ;
time : 1523237910 ;
type : event ;

2018-04-09 09:38:51 trace :
------------
Array:
tousername : gh_0c02969f70a6 ;
fromusername : oSI4Lj7JWWfkakBIkkZI-32LzyoM ;
createtime : 1523237931 ;
msgtype : event ;
event : SCAN ;
eventkey : 2f561ad544e8bd3f8097f1ff481fdeba ;
ticket : gQHG8TwAAAAAAAAAAS5odHRwOi8vd2VpeGluLnFxLmNvbS9xLzAyMmVDekJGOGU4YmYxMDAwME0wN0YAAgQXxMpaAwQAAAAA ;
from : oSI4Lj7JWWfkakBIkkZI-32LzyoM ;
to : gh_0c02969f70a6 ;
time : 1523237931 ;
type : subscribe ;
scene : 2f561ad544e8bd3f8097f1ff481fdeba ;

2018-04-09 09:38:59 trace :
------------
Array:
tousername : gh_0c02969f70a6 ;
fromusername : oSI4Lj7JWWfkakBIkkZI-32LzyoM ;
createtime : 1523237939 ;
msgtype : event ;
event : VIEW ;
eventkey : http://zz.jhzh66.com/app/index.php?i=8&c=entry&eid=198 ;
menuid : 425118276 ;
from : oSI4Lj7JWWfkakBIkkZI-32LzyoM ;
to : gh_0c02969f70a6 ;
time : 1523237939 ;
type : event ;

2018-04-09 09:38:59 params :
------------
Array:
rule : -2 ;
module :  ;
message : Array ;

2018-04-09 09:38:59 response :
------------

2018-04-09 09:39:37 trace :
------------
Array:
tousername : gh_0c02969f70a6 ;
fromusername : oSI4Lj7JWWfkakBIkkZI-32LzyoM ;
createtime : 1523237977 ;
msgtype : event ;
event : SCAN ;
eventkey : 2f561ad544e8bd3f8097f1ff481fdeba ;
ticket : gQHG8TwAAAAAAAAAAS5odHRwOi8vd2VpeGluLnFxLmNvbS9xLzAyMmVDekJGOGU4YmYxMDAwME0wN0YAAgQXxMpaAwQAAAAA ;
from : oSI4Lj7JWWfkakBIkkZI-32LzyoM ;
to : gh_0c02969f70a6 ;
time : 1523237977 ;
type : subscribe ;
scene : 2f561ad544e8bd3f8097f1ff481fdeba ;

2018-04-09 09:40:24 trace :
------------
Array:
tousername : gh_0c02969f70a6 ;
fromusername : oSI4Lj7JWWfkakBIkkZI-32LzyoM ;
createtime : 1523238024 ;
msgtype : event ;
event : VIEW ;
eventkey : http://zz.jhzh66.com/app/index.php?i=8&c=entry&eid=194 ;
menuid : 425118276 ;
from : oSI4Lj7JWWfkakBIkkZI-32LzyoM ;
to : gh_0c02969f70a6 ;
time : 1523238024 ;
type : event ;

2018-04-09 09:40:24 params :
------------
Array:
rule : -2 ;
module :  ;
message : Array ;

2018-04-09 09:40:24 response :
------------

2018-04-09 09:47:02 trace :
------------
Array:
tousername : gh_0c02969f70a6 ;
fromusername : oSI4Lj7JWWfkakBIkkZI-32LzyoM ;
createtime : 1523238421 ;
msgtype : event ;
event : SCAN ;
eventkey : e63f191ace780031e0e627a9424150eb ;
ticket : gQHE8TwAAAAAAAAAAS5odHRwOi8vd2VpeGluLnFxLmNvbS9xLzAySUcxYUFYOGU4YmYxMDAwME0wNzAAAgRxrMFaAwQAAAAA ;
from : oSI4Lj7JWWfkakBIkkZI-32LzyoM ;
to : gh_0c02969f70a6 ;
time : 1523238421 ;
type : subscribe ;
scene : e63f191ace780031e0e627a9424150eb ;

2018-04-09 09:47:06 trace :
------------
Array:
tousername : gh_0c02969f70a6 ;
fromusername : oSI4Lj7JWWfkakBIkkZI-32LzyoM ;
createtime : 1523238426 ;
msgtype : event ;
event : VIEW ;
eventkey : http://zz.jhzh66.com/app/index.php?i=8&c=entry&eid=198 ;
menuid : 425118276 ;
from : oSI4Lj7JWWfkakBIkkZI-32LzyoM ;
to : gh_0c02969f70a6 ;
time : 1523238426 ;
type : event ;

2018-04-09 09:47:06 params :
------------
Array:
rule : -2 ;
module :  ;
message : Array ;

2018-04-09 09:47:06 response :
------------

2018-04-09 09:48:11 trace :
------------
Array:
tousername : gh_0c02969f70a6 ;
fromusername : oSI4Lj7JWWfkakBIkkZI-32LzyoM ;
createtime : 1523238491 ;
msgtype : event ;
event : VIEW ;
eventkey : http://zz.jhzh66.com/app/index.php?i=8&c=entry&eid=198 ;
menuid : 425118276 ;
from : oSI4Lj7JWWfkakBIkkZI-32LzyoM ;
to : gh_0c02969f70a6 ;
time : 1523238491 ;
type : event ;

2018-04-09 09:48:11 params :
------------
Array:
rule : -2 ;
module :  ;
message : Array ;

2018-04-09 09:48:11 response :
------------

2018-04-09 09:48:35 trace :
------------
Array:
tousername : gh_0c02969f70a6 ;
fromusername : oSI4Lj7JWWfkakBIkkZI-32LzyoM ;
createtime : 1523238515 ;
msgtype : event ;
event : VIEW ;
eventkey : http://zz.jhzh66.com/app/index.php?i=8&c=entry&eid=198 ;
menuid : 425118276 ;
from : oSI4Lj7JWWfkakBIkkZI-32LzyoM ;
to : gh_0c02969f70a6 ;
time : 1523238515 ;
type : event ;

2018-04-09 09:48:35 params :
------------
Array:
rule : -2 ;
module :  ;
message : Array ;

2018-04-09 09:48:35 response :
------------

2018-04-09 09:48:49 trace :
------------
Array:
tousername : gh_0c02969f70a6 ;
fromusername : oSI4Lj7JWWfkakBIkkZI-32LzyoM ;
createtime : 1523238528 ;
msgtype : event ;
event : VIEW ;
eventkey : http://zz.jhzh66.com/app/index.php?i=8&c=site&a=site&do=detail&id=2 ;
menuid : 425118276 ;
from : oSI4Lj7JWWfkakBIkkZI-32LzyoM ;
to : gh_0c02969f70a6 ;
time : 1523238528 ;
type : event ;

2018-04-09 09:48:49 params :
------------
Array:
rule : -2 ;
module :  ;
message : Array ;

2018-04-09 09:48:49 response :
------------

2018-04-09 09:49:17 trace :
------------
Array:
tousername : gh_0c02969f70a6 ;
fromusername : oSI4Lj7JWWfkakBIkkZI-32LzyoM ;
createtime : 1523238557 ;
msgtype : event ;
event : VIEW ;
eventkey : http://zz.jhzh66.com/app/index.php?i=8&c=entry&eid=194 ;
menuid : 425118276 ;
from : oSI4Lj7JWWfkakBIkkZI-32LzyoM ;
to : gh_0c02969f70a6 ;
time : 1523238557 ;
type : event ;

2018-04-09 09:49:17 params :
------------
Array:
rule : -2 ;
module :  ;
message : Array ;

2018-04-09 09:49:17 response :
------------

2018-04-09 09:49:42 trace :
------------
Array:
tousername : gh_0c02969f70a6 ;
fromusername : oSI4Lj7JWWfkakBIkkZI-32LzyoM ;
createtime : 1523238582 ;
msgtype : event ;
event : VIEW ;
eventkey : http://zz.jhzh66.com/app/index.php?i=8&c=entry&eid=198 ;
menuid : 425118276 ;
from : oSI4Lj7JWWfkakBIkkZI-32LzyoM ;
to : gh_0c02969f70a6 ;
time : 1523238582 ;
type : event ;

2018-04-09 09:49:42 params :
------------
Array:
rule : -2 ;
module :  ;
message : Array ;

2018-04-09 09:49:42 response :
------------

2018-04-09 09:50:38 trace :
------------
Array:
tousername : gh_0c02969f70a6 ;
fromusername : oSI4Lj7JWWfkakBIkkZI-32LzyoM ;
createtime : 1523238638 ;
msgtype : event ;
event : VIEW ;
eventkey : http://zz.jhzh66.com/app/index.php?i=8&c=entry&eid=198 ;
menuid : 425118276 ;
from : oSI4Lj7JWWfkakBIkkZI-32LzyoM ;
to : gh_0c02969f70a6 ;
time : 1523238638 ;
type : event ;

2018-04-09 09:50:38 params :
------------
Array:
rule : -2 ;
module :  ;
message : Array ;

2018-04-09 09:50:38 response :
------------

2018-04-09 10:02:56 trace :
------------
Array:
tousername : gh_0c02969f70a6 ;
fromusername : oSI4Lj17As79KTBk8dJMskxWiL2E ;
createtime : 1523239375 ;
msgtype : event ;
event : VIEW ;
eventkey : http://zz.jhzh66.com/app/index.php?i=8&c=entry&eid=194 ;
menuid : 425118276 ;
from : oSI4Lj17As79KTBk8dJMskxWiL2E ;
to : gh_0c02969f70a6 ;
time : 1523239375 ;
type : event ;

2018-04-09 10:02:56 params :
------------
Array:
rule : -2 ;
module :  ;
message : Array ;

2018-04-09 10:02:56 response :
------------

2018-04-09 10:04:52 trace :
------------
Array:
tousername : gh_0c02969f70a6 ;
fromusername : oSI4Lj17As79KTBk8dJMskxWiL2E ;
createtime : 1523239492 ;
msgtype : event ;
event : VIEW ;
eventkey : http://zz.jhzh66.com/app/index.php?i=8&c=entry&eid=194 ;
menuid : 425118276 ;
from : oSI4Lj17As79KTBk8dJMskxWiL2E ;
to : gh_0c02969f70a6 ;
time : 1523239492 ;
type : event ;

2018-04-09 10:04:52 params :
------------
Array:
rule : -2 ;
module :  ;
message : Array ;

2018-04-09 10:04:52 response :
------------

2018-04-09 10:05:41 trace :
------------
Array:
tousername : gh_0c02969f70a6 ;
fromusername : oSI4Lj17As79KTBk8dJMskxWiL2E ;
createtime : 1523239541 ;
msgtype : event ;
event : VIEW ;
eventkey : http://zz.jhzh66.com/app/index.php?i=8&c=entry&eid=194 ;
menuid : 425118276 ;
from : oSI4Lj17As79KTBk8dJMskxWiL2E ;
to : gh_0c02969f70a6 ;
time : 1523239541 ;
type : event ;

2018-04-09 10:05:41 params :
------------
Array:
rule : -2 ;
module :  ;
message : Array ;

2018-04-09 10:05:41 response :
------------

2018-04-09 10:11:12 trace :
------------
Array:
tousername : gh_0c02969f70a6 ;
fromusername : oSI4LjyHUqsKQ2U6jJYcy4lCjBVA ;
createtime : 1523239872 ;
msgtype : event ;
event : VIEW ;
eventkey : http://www.haolangtech.com/index.php?s=/Home/New/crowdfundingindex/id/22.html ;
menuid : 425118276 ;
from : oSI4LjyHUqsKQ2U6jJYcy4lCjBVA ;
to : gh_0c02969f70a6 ;
time : 1523239872 ;
type : event ;

2018-04-09 10:11:12 params :
------------
Array:
rule : -2 ;
module :  ;
message : Array ;

2018-04-09 10:11:12 response :
------------

2018-04-09 10:13:16 trace :
------------
Array:
tousername : gh_0c02969f70a6 ;
fromusername : oSI4LjxgPvF9iMHSyO55h3cZ7WMg ;
createtime : 1523239996 ;
msgtype : event ;
event : SCAN ;
eventkey : e63f191ace780031e0e627a9424150eb ;
ticket : gQHE8TwAAAAAAAAAAS5odHRwOi8vd2VpeGluLnFxLmNvbS9xLzAySUcxYUFYOGU4YmYxMDAwME0wNzAAAgRxrMFaAwQAAAAA ;
from : oSI4LjxgPvF9iMHSyO55h3cZ7WMg ;
to : gh_0c02969f70a6 ;
time : 1523239996 ;
type : subscribe ;
scene : e63f191ace780031e0e627a9424150eb ;

2018-04-09 10:13:20 trace :
------------
Array:
tousername : gh_0c02969f70a6 ;
fromusername : oSI4LjxgPvF9iMHSyO55h3cZ7WMg ;
createtime : 1523240000 ;
msgtype : event ;
event : CLICK ;
eventkey : 关注 ;
from : oSI4LjxgPvF9iMHSyO55h3cZ7WMg ;
to : gh_0c02969f70a6 ;
time : 1523240000 ;
type : event ;

2018-04-09 10:13:29 trace :
------------
Array:
tousername : gh_0c02969f70a6 ;
fromusername : oSI4LjxgPvF9iMHSyO55h3cZ7WMg ;
createtime : 1523240009 ;
msgtype : event ;
event : VIEW ;
eventkey : http://zz.jhzh66.com/app/index.php?i=8&c=entry&eid=198 ;
menuid : 425118276 ;
from : oSI4LjxgPvF9iMHSyO55h3cZ7WMg ;
to : gh_0c02969f70a6 ;
time : 1523240009 ;
type : event ;

2018-04-09 10:13:29 params :
------------
Array:
rule : -2 ;
module :  ;
message : Array ;

2018-04-09 10:13:29 response :
------------

2018-04-09 10:22:25 trace :
------------
Array:
tousername : gh_0c02969f70a6 ;
fromusername : oSI4Lj97Jm2kdczJ4OHYMLb017pk ;
createtime : 1523240545 ;
msgtype : event ;
event : VIEW ;
eventkey : http://zz.jhzh66.com/app/index.php?i=8&c=entry&eid=194 ;
menuid : 425118276 ;
from : oSI4Lj97Jm2kdczJ4OHYMLb017pk ;
to : gh_0c02969f70a6 ;
time : 1523240545 ;
type : event ;

2018-04-09 10:22:25 params :
------------
Array:
rule : -2 ;
module :  ;
message : Array ;

2018-04-09 10:22:25 response :
------------

2018-04-09 10:37:42 trace :
------------
Array:
tousername : gh_0c02969f70a6 ;
fromusername : oSI4Lj6NZXiXqE8GjcxDkqq21EQ0 ;
createtime : 1523241462 ;
msgtype : event ;
event : VIEW ;
eventkey : http://zz.jhzh66.com/app/index.php?i=8&c=entry&eid=194 ;
menuid : 425118276 ;
from : oSI4Lj6NZXiXqE8GjcxDkqq21EQ0 ;
to : gh_0c02969f70a6 ;
time : 1523241462 ;
type : event ;

2018-04-09 10:37:42 params :
------------
Array:
rule : -2 ;
module :  ;
message : Array ;

2018-04-09 10:37:42 response :
------------

2018-04-09 10:37:49 trace :
------------
Array:
tousername : gh_0c02969f70a6 ;
fromusername : oSI4Lj6NZXiXqE8GjcxDkqq21EQ0 ;
createtime : 1523241468 ;
msgtype : event ;
event : VIEW ;
eventkey : http://zz.jhzh66.com/app/index.php?i=8&c=entry&eid=194 ;
menuid : 425118276 ;
from : oSI4Lj6NZXiXqE8GjcxDkqq21EQ0 ;
to : gh_0c02969f70a6 ;
time : 1523241468 ;
type : event ;

2018-04-09 10:37:49 params :
------------
Array:
rule : -2 ;
module :  ;
message : Array ;

2018-04-09 10:37:49 response :
------------

2018-04-09 10:37:50 trace :
------------
Array:
tousername : gh_0c02969f70a6 ;
fromusername : oSI4Lj6NZXiXqE8GjcxDkqq21EQ0 ;
createtime : 1523241469 ;
msgtype : event ;
event : VIEW ;
eventkey : http://zz.jhzh66.com/app/index.php?i=8&c=entry&eid=194 ;
menuid : 425118276 ;
from : oSI4Lj6NZXiXqE8GjcxDkqq21EQ0 ;
to : gh_0c02969f70a6 ;
time : 1523241469 ;
type : event ;

2018-04-09 10:37:50 params :
------------
Array:
rule : -2 ;
module :  ;
message : Array ;

2018-04-09 10:37:50 response :
------------

2018-04-09 10:56:20 trace :
------------
Array:
tousername : gh_0c02969f70a6 ;
fromusername : oSI4Lj2Te9cuX5w1Rr75cGjqwjDw ;
createtime : 1523242580 ;
msgtype : event ;
event : SCAN ;
eventkey : e63f191ace780031e0e627a9424150eb ;
ticket : gQHE8TwAAAAAAAAAAS5odHRwOi8vd2VpeGluLnFxLmNvbS9xLzAySUcxYUFYOGU4YmYxMDAwME0wNzAAAgRxrMFaAwQAAAAA ;
from : oSI4Lj2Te9cuX5w1Rr75cGjqwjDw ;
to : gh_0c02969f70a6 ;
time : 1523242580 ;
type : subscribe ;
scene : e63f191ace780031e0e627a9424150eb ;

2018-04-09 10:56:32 trace :
------------
Array:
tousername : gh_0c02969f70a6 ;
fromusername : oSI4Lj2Te9cuX5w1Rr75cGjqwjDw ;
createtime : 1523242592 ;
msgtype : event ;
event : VIEW ;
eventkey : http://zz.jhzh66.com/app/index.php?i=8&c=site&a=site&do=detail&id=2 ;
menuid : 425118276 ;
from : oSI4Lj2Te9cuX5w1Rr75cGjqwjDw ;
to : gh_0c02969f70a6 ;
time : 1523242592 ;
type : event ;

2018-04-09 10:56:32 params :
------------
Array:
rule : -2 ;
module :  ;
message : Array ;

2018-04-09 10:56:32 response :
------------

2018-04-09 10:56:43 trace :
------------
Array:
tousername : gh_0c02969f70a6 ;
fromusername : oSI4Lj2Te9cuX5w1Rr75cGjqwjDw ;
createtime : 1523242603 ;
msgtype : event ;
event : VIEW ;
eventkey : http://zz.jhzh66.com/app/index.php?i=8&c=entry&eid=194 ;
menuid : 425118276 ;
from : oSI4Lj2Te9cuX5w1Rr75cGjqwjDw ;
to : gh_0c02969f70a6 ;
time : 1523242603 ;
type : event ;

2018-04-09 10:56:43 params :
------------
Array:
rule : -2 ;
module :  ;
message : Array ;

2018-04-09 10:56:43 response :
------------

2018-04-09 11:11:54 trace :
------------
Array:
tousername : gh_0c02969f70a6 ;
fromusername : oSI4Lj4XqBgcteJx3bUfe3c5FoxQ ;
createtime : 1523243514 ;
msgtype : event ;
event : SCAN ;
eventkey : 5141e420449e42c7df87975ef87074b6 ;
ticket : gQHp8TwAAAAAAAAAAS5odHRwOi8vd2VpeGluLnFxLmNvbS9xLzAyZjNCWkJmOGU4YmYxMDAwMDAwN2oAAgTj86RaAwQAAAAA ;
from : oSI4Lj4XqBgcteJx3bUfe3c5FoxQ ;
to : gh_0c02969f70a6 ;
time : 1523243514 ;
type : subscribe ;
scene : 5141e420449e42c7df87975ef87074b6 ;

2018-04-09 11:12:10 trace :
------------
Array:
tousername : gh_0c02969f70a6 ;
fromusername : oSI4Lj176c1Y3xBv-oE1pjyp-92w ;
createtime : 1523243530 ;
msgtype : event ;
event : subscribe ;
eventkey : Array ;
from : oSI4Lj176c1Y3xBv-oE1pjyp-92w ;
to : gh_0c02969f70a6 ;
time : 1523243530 ;
type : subscribe ;

2018-04-09 11:12:10 params :
------------
Array:
rule : -2 ;
module :  ;
message : Array ;

2018-04-09 11:12:10 response :
------------

2018-04-09 11:12:16 trace :
------------
Array:
tousername : gh_0c02969f70a6 ;
fromusername : oSI4Lj176c1Y3xBv-oE1pjyp-92w ;
createtime : 1523243536 ;
msgtype : event ;
event : VIEW ;
eventkey : http://zz.jhzh66.com/app/index.php?i=8&c=entry&eid=194 ;
menuid : 425118276 ;
from : oSI4Lj176c1Y3xBv-oE1pjyp-92w ;
to : gh_0c02969f70a6 ;
time : 1523243536 ;
type : event ;

2018-04-09 11:12:16 params :
------------
Array:
rule : -2 ;
module :  ;
message : Array ;

2018-04-09 11:12:16 response :
------------

2018-04-09 11:12:19 trace :
------------
Array:
tousername : gh_0c02969f70a6 ;
fromusername : oSI4Lj4XqBgcteJx3bUfe3c5FoxQ ;
createtime : 1523243539 ;
msgtype : event ;
event : VIEW ;
eventkey : https://m.qlchat.com/live/320000044317761.htm ;
menuid : 425118276 ;
from : oSI4Lj4XqBgcteJx3bUfe3c5FoxQ ;
to : gh_0c02969f70a6 ;
time : 1523243539 ;
type : event ;

2018-04-09 11:12:19 params :
------------
Array:
rule : -2 ;
module :  ;
message : Array ;

2018-04-09 11:12:19 response :
------------

2018-04-09 11:37:13 trace :
------------
Array:
tousername : gh_0c02969f70a6 ;
fromusername : oSI4Lj97Jm2kdczJ4OHYMLb017pk ;
createtime : 1523245033 ;
msgtype : event ;
event : VIEW ;
eventkey : http://zz.jhzh66.com/app/index.php?i=8&c=entry&eid=194 ;
menuid : 425118276 ;
from : oSI4Lj97Jm2kdczJ4OHYMLb017pk ;
to : gh_0c02969f70a6 ;
time : 1523245033 ;
type : event ;

2018-04-09 11:37:13 params :
------------
Array:
rule : -2 ;
module :  ;
message : Array ;

2018-04-09 11:37:13 response :
------------

2018-04-09 11:38:47 trace :
------------
Array:
tousername : gh_0c02969f70a6 ;
fromusername : oSI4LjyXlicLjYFHm29OZzkQ898s ;
createtime : 1523245127 ;
msgtype : event ;
event : VIEW ;
eventkey : http://zz.jhzh66.com/app/index.php?i=8&c=entry&eid=198 ;
menuid : 425118276 ;
from : oSI4LjyXlicLjYFHm29OZzkQ898s ;
to : gh_0c02969f70a6 ;
time : 1523245127 ;
type : event ;

2018-04-09 11:38:47 params :
------------
Array:
rule : -2 ;
module :  ;
message : Array ;

2018-04-09 11:38:47 response :
------------

2018-04-09 11:40:33 trace :
------------
Array:
tousername : gh_0c02969f70a6 ;
fromusername : oSI4Lj5AfG1nbfj0PXLeAxlbBuek ;
createtime : 1523245233 ;
msgtype : event ;
event : subscribe ;
eventkey : Array ;
from : oSI4Lj5AfG1nbfj0PXLeAxlbBuek ;
to : gh_0c02969f70a6 ;
time : 1523245233 ;
type : subscribe ;

2018-04-09 11:40:33 params :
------------
Array:
rule : -2 ;
module :  ;
message : Array ;

2018-04-09 11:40:33 response :
------------

2018-04-09 11:40:36 trace :
------------
Array:
tousername : gh_0c02969f70a6 ;
fromusername : oSI4Lj5AfG1nbfj0PXLeAxlbBuek ;
createtime : 1523245236 ;
msgtype : event ;
event : VIEW ;
eventkey : http://zz.jhzh66.com/app/index.php?i=8&c=entry&eid=194 ;
menuid : 425118276 ;
from : oSI4Lj5AfG1nbfj0PXLeAxlbBuek ;
to : gh_0c02969f70a6 ;
time : 1523245236 ;
type : event ;

2018-04-09 11:40:36 params :
------------
Array:
rule : -2 ;
module :  ;
message : Array ;

2018-04-09 11:40:36 response :
------------

2018-04-09 11:50:00 trace :
------------
Array:
tousername : gh_0c02969f70a6 ;
fromusername : oSI4Lj97Jm2kdczJ4OHYMLb017pk ;
createtime : 1523245800 ;
msgtype : event ;
event : VIEW ;
eventkey : http://zz.jhzh66.com/app/index.php?i=8&c=entry&eid=194 ;
menuid : 425118276 ;
from : oSI4Lj97Jm2kdczJ4OHYMLb017pk ;
to : gh_0c02969f70a6 ;
time : 1523245800 ;
type : event ;

2018-04-09 11:50:00 params :
------------
Array:
rule : -2 ;
module :  ;
message : Array ;

2018-04-09 11:50:00 response :
------------

2018-04-09 11:50:06 trace :
------------
Array:
tousername : gh_0c02969f70a6 ;
fromusername : oSI4Lj5AfG1nbfj0PXLeAxlbBuek ;
createtime : 1523245806 ;
msgtype : event ;
event : VIEW ;
eventkey : http://zz.jhzh66.com/app/index.php?i=8&c=entry&eid=194 ;
menuid : 425118276 ;
from : oSI4Lj5AfG1nbfj0PXLeAxlbBuek ;
to : gh_0c02969f70a6 ;
time : 1523245806 ;
type : event ;

2018-04-09 11:50:06 params :
------------
Array:
rule : -2 ;
module :  ;
message : Array ;

2018-04-09 11:50:06 response :
------------

2018-04-09 11:51:14 trace :
------------
Array:
tousername : gh_0c02969f70a6 ;
fromusername : oSI4Lj97Jm2kdczJ4OHYMLb017pk ;
createtime : 1523245874 ;
msgtype : event ;
event : VIEW ;
eventkey : http://zz.jhzh66.com/app/index.php?i=8&c=entry&eid=194 ;
menuid : 425118276 ;
from : oSI4Lj97Jm2kdczJ4OHYMLb017pk ;
to : gh_0c02969f70a6 ;
time : 1523245874 ;
type : event ;

2018-04-09 11:51:14 params :
------------
Array:
rule : -2 ;
module :  ;
message : Array ;

2018-04-09 11:51:14 response :
------------

2018-04-09 11:51:34 trace :
------------
Array:
tousername : gh_0c02969f70a6 ;
fromusername : oSI4Lj97Jm2kdczJ4OHYMLb017pk ;
createtime : 1523245894 ;
msgtype : event ;
event : VIEW ;
eventkey : http://zz.jhzh66.com/app/index.php?i=8&c=entry&eid=194 ;
menuid : 425118276 ;
from : oSI4Lj97Jm2kdczJ4OHYMLb017pk ;
to : gh_0c02969f70a6 ;
time : 1523245894 ;
type : event ;

2018-04-09 11:51:34 params :
------------
Array:
rule : -2 ;
module :  ;
message : Array ;

2018-04-09 11:51:34 response :
------------

2018-04-09 11:52:50 trace :
------------
Array:
tousername : gh_0c02969f70a6 ;
fromusername : oSI4Lj5AfG1nbfj0PXLeAxlbBuek ;
createtime : 1523245970 ;
msgtype : event ;
event : VIEW ;
eventkey : http://zz.jhzh66.com/app/index.php?i=8&c=entry&eid=194 ;
menuid : 425118276 ;
from : oSI4Lj5AfG1nbfj0PXLeAxlbBuek ;
to : gh_0c02969f70a6 ;
time : 1523245970 ;
type : event ;

2018-04-09 11:52:50 params :
------------
Array:
rule : -2 ;
module :  ;
message : Array ;

2018-04-09 11:52:50 response :
------------

2018-04-09 12:09:31 trace :
------------
Array:
tousername : gh_0c02969f70a6 ;
fromusername : oSI4Lj17As79KTBk8dJMskxWiL2E ;
createtime : 1523246971 ;
msgtype : event ;
event : VIEW ;
eventkey : http://zz.jhzh66.com/app/index.php?i=8&c=entry&eid=198 ;
menuid : 425118276 ;
from : oSI4Lj17As79KTBk8dJMskxWiL2E ;
to : gh_0c02969f70a6 ;
time : 1523246971 ;
type : event ;

2018-04-09 12:09:32 params :
------------
Array:
rule : -2 ;
module :  ;
message : Array ;

2018-04-09 12:09:32 response :
------------

2018-04-09 12:10:31 trace :
------------
Array:
tousername : gh_0c02969f70a6 ;
fromusername : oSI4Lj17As79KTBk8dJMskxWiL2E ;
createtime : 1523247031 ;
msgtype : event ;
event : VIEW ;
eventkey : https://h5.scene.yqh5.cn/s/6szkjdIq ;
menuid : 425118276 ;
from : oSI4Lj17As79KTBk8dJMskxWiL2E ;
to : gh_0c02969f70a6 ;
time : 1523247031 ;
type : event ;

2018-04-09 12:10:31 params :
------------
Array:
rule : -2 ;
module :  ;
message : Array ;

2018-04-09 12:10:31 response :
------------

2018-04-09 12:10:48 trace :
------------
Array:
tousername : gh_0c02969f70a6 ;
fromusername : oSI4Lj17As79KTBk8dJMskxWiL2E ;
createtime : 1523247048 ;
msgtype : event ;
event : VIEW ;
eventkey : http://www.haolangtech.com/index.php?s=/Home/New/crowdfundingindex/id/22.html ;
menuid : 425118276 ;
from : oSI4Lj17As79KTBk8dJMskxWiL2E ;
to : gh_0c02969f70a6 ;
time : 1523247048 ;
type : event ;

2018-04-09 12:10:48 params :
------------
Array:
rule : -2 ;
module :  ;
message : Array ;

2018-04-09 12:10:48 response :
------------

2018-04-09 12:52:53 trace :
------------
Array:
tousername : gh_0c02969f70a6 ;
fromusername : oSI4Lj17As79KTBk8dJMskxWiL2E ;
createtime : 1523249573 ;
msgtype : event ;
event : VIEW ;
eventkey : http://zz.jhzh66.com/app/index.php?i=8&c=entry&eid=194 ;
menuid : 425118276 ;
from : oSI4Lj17As79KTBk8dJMskxWiL2E ;
to : gh_0c02969f70a6 ;
time : 1523249573 ;
type : event ;

2018-04-09 12:52:53 params :
------------
Array:
rule : -2 ;
module :  ;
message : Array ;

2018-04-09 12:52:53 response :
------------

2018-04-09 12:53:14 trace :
------------
Array:
tousername : gh_0c02969f70a6 ;
fromusername : oSI4Lj17As79KTBk8dJMskxWiL2E ;
createtime : 1523249594 ;
msgtype : event ;
event : VIEW ;
eventkey : http://zz.jhzh66.com/app/index.php?i=8&c=entry&eid=194 ;
menuid : 425118276 ;
from : oSI4Lj17As79KTBk8dJMskxWiL2E ;
to : gh_0c02969f70a6 ;
time : 1523249594 ;
type : event ;

2018-04-09 12:53:14 params :
------------
Array:
rule : -2 ;
module :  ;
message : Array ;

2018-04-09 12:53:14 response :
------------

2018-04-09 13:10:35 trace :
------------
Array:
tousername : gh_0c02969f70a6 ;
fromusername : oSI4Lj17As79KTBk8dJMskxWiL2E ;
createtime : 1523250635 ;
msgtype : event ;
event : VIEW ;
eventkey : http://zz.jhzh66.com/app/index.php?i=8&c=entry&eid=194 ;
menuid : 425118276 ;
from : oSI4Lj17As79KTBk8dJMskxWiL2E ;
to : gh_0c02969f70a6 ;
time : 1523250635 ;
type : event ;

2018-04-09 13:10:35 params :
------------
Array:
rule : -2 ;
module :  ;
message : Array ;

2018-04-09 13:10:35 response :
------------

2018-04-09 13:12:41 trace :
------------
Array:
tousername : gh_0c02969f70a6 ;
fromusername : oSI4Lj17As79KTBk8dJMskxWiL2E ;
createtime : 1523250761 ;
msgtype : event ;
event : VIEW ;
eventkey : http://zz.jhzh66.com/app/index.php?i=8&c=entry&eid=194 ;
menuid : 425118276 ;
from : oSI4Lj17As79KTBk8dJMskxWiL2E ;
to : gh_0c02969f70a6 ;
time : 1523250761 ;
type : event ;

2018-04-09 13:12:41 params :
------------
Array:
rule : -2 ;
module :  ;
message : Array ;

2018-04-09 13:12:41 response :
------------

2018-04-09 13:23:24 trace :
------------
Array:
tousername : gh_0c02969f70a6 ;
fromusername : oSI4Lj-SUvKhnJuAfyjN4toGkF9U ;
createtime : 1523251404 ;
msgtype : event ;
event : SCAN ;
eventkey : ee395d04ec5fadc2f67c47c95fdc0447 ;
ticket : gQFT8TwAAAAAAAAAAS5odHRwOi8vd2VpeGluLnFxLmNvbS9xLzAycGRmMEJPOGU4YmYxMDAwMDAwN2YAAgRE9rxaAwQAAAAA ;
from : oSI4Lj-SUvKhnJuAfyjN4toGkF9U ;
to : gh_0c02969f70a6 ;
time : 1523251404 ;
type : subscribe ;
scene : ee395d04ec5fadc2f67c47c95fdc0447 ;

2018-04-09 13:23:35 trace :
------------
Array:
tousername : gh_0c02969f70a6 ;
fromusername : oSI4Lj-SUvKhnJuAfyjN4toGkF9U ;
createtime : 1523251414 ;
msgtype : event ;
event : VIEW ;
eventkey : http://zz.jhzh66.com/app/index.php?i=8&c=entry&eid=198 ;
menuid : 425039202 ;
from : oSI4Lj-SUvKhnJuAfyjN4toGkF9U ;
to : gh_0c02969f70a6 ;
time : 1523251414 ;
type : event ;

2018-04-09 13:23:35 params :
------------
Array:
rule : -2 ;
module :  ;
message : Array ;

2018-04-09 13:23:35 response :
------------

2018-04-09 13:36:15 trace :
------------
Array:
tousername : gh_0c02969f70a6 ;
fromusername : oSI4Lj6UCr2r6GahkvYDP-uPUGN4 ;
createtime : 1523252175 ;
msgtype : event ;
event : subscribe ;
eventkey : Array ;
from : oSI4Lj6UCr2r6GahkvYDP-uPUGN4 ;
to : gh_0c02969f70a6 ;
time : 1523252175 ;
type : subscribe ;

2018-04-09 13:36:15 params :
------------
Array:
rule : -2 ;
module :  ;
message : Array ;

2018-04-09 13:36:15 response :
------------

2018-04-09 13:36:21 trace :
------------
Array:
tousername : gh_0c02969f70a6 ;
fromusername : oSI4Lj6UCr2r6GahkvYDP-uPUGN4 ;
createtime : 1523252181 ;
msgtype : event ;
event : VIEW ;
eventkey : http://zz.jhzh66.com/app/index.php?i=8&c=entry&eid=198 ;
menuid : 425118276 ;
from : oSI4Lj6UCr2r6GahkvYDP-uPUGN4 ;
to : gh_0c02969f70a6 ;
time : 1523252181 ;
type : event ;

2018-04-09 13:36:21 params :
------------
Array:
rule : -2 ;
module :  ;
message : Array ;

2018-04-09 13:36:21 response :
------------

2018-04-09 13:38:20 trace :
------------
Array:
tousername : gh_0c02969f70a6 ;
fromusername : oSI4Lj6UCr2r6GahkvYDP-uPUGN4 ;
createtime : 1523252299 ;
msgtype : event ;
event : VIEW ;
eventkey : http://zz.jhzh66.com/app/index.php?i=8&c=entry&eid=194 ;
menuid : 425118276 ;
from : oSI4Lj6UCr2r6GahkvYDP-uPUGN4 ;
to : gh_0c02969f70a6 ;
time : 1523252299 ;
type : event ;

2018-04-09 13:38:20 params :
------------
Array:
rule : -2 ;
module :  ;
message : Array ;

2018-04-09 13:38:20 response :
------------

2018-04-09 13:39:14 trace :
------------
Array:
tousername : gh_0c02969f70a6 ;
fromusername : oSI4Lj6UCr2r6GahkvYDP-uPUGN4 ;
createtime : 1523252354 ;
msgtype : event ;
event : CLICK ;
eventkey : 关注 ;
from : oSI4Lj6UCr2r6GahkvYDP-uPUGN4 ;
to : gh_0c02969f70a6 ;
time : 1523252354 ;
type : event ;

2018-04-09 13:39:36 trace :
------------
Array:
tousername : gh_0c02969f70a6 ;
fromusername : oSI4Lj6UCr2r6GahkvYDP-uPUGN4 ;
createtime : 1523252376 ;
msgtype : event ;
event : VIEW ;
eventkey : http://zz.jhzh66.com/app/index.php?i=8&c=site&a=site&do=detail&id=2 ;
menuid : 425118276 ;
from : oSI4Lj6UCr2r6GahkvYDP-uPUGN4 ;
to : gh_0c02969f70a6 ;
time : 1523252376 ;
type : event ;

2018-04-09 13:39:36 params :
------------
Array:
rule : -2 ;
module :  ;
message : Array ;

2018-04-09 13:39:36 response :
------------

2018-04-09 13:39:56 trace :
------------
Array:
tousername : gh_0c02969f70a6 ;
fromusername : oSI4Lj6UCr2r6GahkvYDP-uPUGN4 ;
createtime : 1523252396 ;
msgtype : event ;
event : VIEW ;
eventkey : http://zz.jhzh66.com/app/index.php?i=8&c=entry&eid=194 ;
menuid : 425118276 ;
from : oSI4Lj6UCr2r6GahkvYDP-uPUGN4 ;
to : gh_0c02969f70a6 ;
time : 1523252396 ;
type : event ;

2018-04-09 13:39:56 params :
------------
Array:
rule : -2 ;
module :  ;
message : Array ;

2018-04-09 13:39:56 response :
------------

2018-04-09 13:59:58 trace :
------------
Array:
tousername : gh_0c02969f70a6 ;
fromusername : oSI4Lj2TfABm4OpQadP3UpB6drXw ;
createtime : 1523253598 ;
msgtype : event ;
event : subscribe ;
eventkey : Array ;
from : oSI4Lj2TfABm4OpQadP3UpB6drXw ;
to : gh_0c02969f70a6 ;
time : 1523253598 ;
type : subscribe ;

2018-04-09 13:59:58 params :
------------
Array:
rule : -2 ;
module :  ;
message : Array ;

2018-04-09 13:59:58 response :
------------

2018-04-09 14:00:15 trace :
------------
Array:
tousername : gh_0c02969f70a6 ;
fromusername : oSI4Lj_s7t8OfJNqTlIebwz_Lr2M ;
createtime : 1523253615 ;
msgtype : event ;
event : VIEW ;
eventkey : http://zz.jhzh66.com/app/index.php?i=8&c=entry&eid=198 ;
menuid : 425118276 ;
from : oSI4Lj_s7t8OfJNqTlIebwz_Lr2M ;
to : gh_0c02969f70a6 ;
time : 1523253615 ;
type : event ;

2018-04-09 14:00:15 params :
------------
Array:
rule : -2 ;
module :  ;
message : Array ;

2018-04-09 14:00:15 response :
------------

2018-04-09 14:00:22 trace :
------------
Array:
tousername : gh_0c02969f70a6 ;
fromusername : oSI4Lj2TfABm4OpQadP3UpB6drXw ;
createtime : 1523253622 ;
msgtype : event ;
event : VIEW ;
eventkey : http://zz.jhzh66.com/app/index.php?i=8&c=entry&eid=198 ;
menuid : 425118276 ;
from : oSI4Lj2TfABm4OpQadP3UpB6drXw ;
to : gh_0c02969f70a6 ;
time : 1523253622 ;
type : event ;

2018-04-09 14:00:22 params :
------------
Array:
rule : -2 ;
module :  ;
message : Array ;

2018-04-09 14:00:22 response :
------------

2018-04-09 14:30:02 trace :
------------
Array:
tousername : gh_9aac6b6c619f ;
fromusername : o4Uy9vqLKO0LIbjf9a_JXzJjRWbo ;
createtime : 1523255401 ;
msgtype : event ;
event : subscribe ;
eventkey : Array ;
from : o4Uy9vqLKO0LIbjf9a_JXzJjRWbo ;
to : gh_9aac6b6c619f ;
time : 1523255401 ;
type : subscribe ;

2018-04-09 14:30:02 params :
------------
Array:
rule : -2 ;
module :  ;
message : Array ;

2018-04-09 14:30:02 response :
------------

2018-04-09 15:25:25 trace :
------------
Array:
tousername : gh_0c02969f70a6 ;
fromusername : oSI4Lj2oT_okFFTL6ewCT0g7jzlE ;
createtime : 1523258724 ;
msgtype : event ;
event : VIEW ;
eventkey : http://zz.jhzh66.com/app/index.php?i=8&c=entry&eid=198 ;
menuid : 425118276 ;
from : oSI4Lj2oT_okFFTL6ewCT0g7jzlE ;
to : gh_0c02969f70a6 ;
time : 1523258724 ;
type : event ;

2018-04-09 15:25:25 params :
------------
Array:
rule : -2 ;
module :  ;
message : Array ;

2018-04-09 15:25:25 response :
------------

2018-04-09 15:26:59 trace :
------------
Array:
tousername : gh_0c02969f70a6 ;
fromusername : oSI4Lj6NZXiXqE8GjcxDkqq21EQ0 ;
createtime : 1523258819 ;
msgtype : event ;
event : VIEW ;
eventkey : http://zz.jhzh66.com/app/index.php?i=8&c=entry&eid=198 ;
menuid : 425118276 ;
from : oSI4Lj6NZXiXqE8GjcxDkqq21EQ0 ;
to : gh_0c02969f70a6 ;
time : 1523258819 ;
type : event ;

2018-04-09 15:26:59 params :
------------
Array:
rule : -2 ;
module :  ;
message : Array ;

2018-04-09 15:26:59 response :
------------

2018-04-09 15:38:11 trace :
------------
Array:
tousername : gh_0c02969f70a6 ;
fromusername : oSI4Lj70opK5Mk1VdVzQAJjzh9h0 ;
createtime : 1523259490 ;
msgtype : event ;
event : VIEW ;
eventkey : http://zz.jhzh66.com/app/index.php?i=8&c=entry&eid=194 ;
menuid : 425118276 ;
from : oSI4Lj70opK5Mk1VdVzQAJjzh9h0 ;
to : gh_0c02969f70a6 ;
time : 1523259490 ;
type : event ;

2018-04-09 15:38:11 params :
------------
Array:
rule : -2 ;
module :  ;
message : Array ;

2018-04-09 15:38:11 response :
------------

2018-04-09 15:52:37 trace :
------------
Array:
tousername : gh_0c02969f70a6 ;
fromusername : oSI4Lj_fVLc-DPZySqUSKsCXuyOo ;
createtime : 1523260357 ;
msgtype : event ;
event : VIEW ;
eventkey : http://zz.jhzh66.com/app/index.php?i=8&c=entry&eid=198 ;
menuid : 425118276 ;
from : oSI4Lj_fVLc-DPZySqUSKsCXuyOo ;
to : gh_0c02969f70a6 ;
time : 1523260357 ;
type : event ;

2018-04-09 15:52:37 params :
------------
Array:
rule : -2 ;
module :  ;
message : Array ;

2018-04-09 15:52:37 response :
------------

2018-04-09 15:55:08 trace :
------------
Array:
tousername : gh_0c02969f70a6 ;
fromusername : oSI4Lj97Jm2kdczJ4OHYMLb017pk ;
createtime : 1523260508 ;
msgtype : event ;
event : VIEW ;
eventkey : http://zz.jhzh66.com/app/index.php?i=8&c=entry&eid=194 ;
menuid : 425118276 ;
from : oSI4Lj97Jm2kdczJ4OHYMLb017pk ;
to : gh_0c02969f70a6 ;
time : 1523260508 ;
type : event ;

2018-04-09 15:55:08 params :
------------
Array:
rule : -2 ;
module :  ;
message : Array ;

2018-04-09 15:55:08 response :
------------

2018-04-09 16:12:38 trace :
------------
Array:
tousername : gh_0c02969f70a6 ;
fromusername : oSI4Lj61cNqZ2u3iIxwOYG1mPHz4 ;
createtime : 1523261558 ;
msgtype : event ;
event : VIEW ;
eventkey : http://zz.jhzh66.com/app/index.php?i=8&c=entry&eid=194 ;
menuid : 425118276 ;
from : oSI4Lj61cNqZ2u3iIxwOYG1mPHz4 ;
to : gh_0c02969f70a6 ;
time : 1523261558 ;
type : event ;

2018-04-09 16:12:38 params :
------------
Array:
rule : -2 ;
module :  ;
message : Array ;

2018-04-09 16:12:38 response :
------------

2018-04-09 16:13:34 trace :
------------
Array:
tousername : gh_0c02969f70a6 ;
fromusername : oSI4Lj61cNqZ2u3iIxwOYG1mPHz4 ;
createtime : 1523261614 ;
msgtype : event ;
event : VIEW ;
eventkey : http://zz.jhzh66.com/app/index.php?i=8&c=entry&eid=194 ;
menuid : 425118276 ;
from : oSI4Lj61cNqZ2u3iIxwOYG1mPHz4 ;
to : gh_0c02969f70a6 ;
time : 1523261614 ;
type : event ;

2018-04-09 16:13:34 params :
------------
Array:
rule : -2 ;
module :  ;
message : Array ;

2018-04-09 16:13:34 response :
------------

2018-04-09 16:14:48 trace :
------------
Array:
tousername : gh_0c02969f70a6 ;
fromusername : oSI4Lj6WMJi2cLnb1NTX9TlmS5sw ;
createtime : 1523261687 ;
msgtype : event ;
event : subscribe ;
eventkey : Array ;
from : oSI4Lj6WMJi2cLnb1NTX9TlmS5sw ;
to : gh_0c02969f70a6 ;
time : 1523261687 ;
type : subscribe ;

2018-04-09 16:14:48 params :
------------
Array:
rule : -2 ;
module :  ;
message : Array ;

2018-04-09 16:14:48 response :
------------

2018-04-09 16:16:50 trace :
------------
Array:
tousername : gh_0c02969f70a6 ;
fromusername : oSI4Lj6WMJi2cLnb1NTX9TlmS5sw ;
createtime : 1523261810 ;
msgtype : event ;
event : VIEW ;
eventkey : http://zz.jhzh66.com/app/index.php?i=8&c=site&a=site&do=detail&id=2 ;
menuid : 425118276 ;
from : oSI4Lj6WMJi2cLnb1NTX9TlmS5sw ;
to : gh_0c02969f70a6 ;
time : 1523261810 ;
type : event ;

2018-04-09 16:16:50 params :
------------
Array:
rule : -2 ;
module :  ;
message : Array ;

2018-04-09 16:16:50 response :
------------

2018-04-09 16:22:22 trace :
------------
Array:
tousername : gh_0c02969f70a6 ;
fromusername : oSI4Lj6WMJi2cLnb1NTX9TlmS5sw ;
createtime : 1523262142 ;
msgtype : event ;
event : VIEW ;
eventkey : http://zz.jhzh66.com/app/index.php?i=8&c=site&a=site&do=detail&id=2 ;
menuid : 425118276 ;
from : oSI4Lj6WMJi2cLnb1NTX9TlmS5sw ;
to : gh_0c02969f70a6 ;
time : 1523262142 ;
type : event ;

2018-04-09 16:22:22 params :
------------
Array:
rule : -2 ;
module :  ;
message : Array ;

2018-04-09 16:22:22 response :
------------

2018-04-09 17:06:34 trace :
------------
Array:
tousername : gh_0c02969f70a6 ;
fromusername : oSI4LjyLAL0U_Is-GNtwxiM5L1oY ;
createtime : 1523264794 ;
msgtype : event ;
event : VIEW ;
eventkey : http://www.haolangtech.com/index.php/addon/HotActivity/HotActivity/leagueindex/id/1.html?from=groupmessage&isappinstalled=0 ;
menuid : 425118276 ;
from : oSI4LjyLAL0U_Is-GNtwxiM5L1oY ;
to : gh_0c02969f70a6 ;
time : 1523264794 ;
type : event ;

2018-04-09 17:06:34 params :
------------
Array:
rule : -2 ;
module :  ;
message : Array ;

2018-04-09 17:06:34 response :
------------

2018-04-09 17:06:49 trace :
------------
Array:
tousername : gh_0c02969f70a6 ;
fromusername : oSI4Lj6WMJi2cLnb1NTX9TlmS5sw ;
createtime : 1523264809 ;
msgtype : event ;
event : VIEW ;
eventkey : http://www.haolangtech.com/index.php?s=/Home/New/crowdfundingindex/id/22.html ;
menuid : 425118276 ;
from : oSI4Lj6WMJi2cLnb1NTX9TlmS5sw ;
to : gh_0c02969f70a6 ;
time : 1523264809 ;
type : event ;

2018-04-09 17:06:49 params :
------------
Array:
rule : -2 ;
module :  ;
message : Array ;

2018-04-09 17:06:49 response :
------------

2018-04-09 17:15:55 trace :
------------
Array:
tousername : gh_0c02969f70a6 ;
fromusername : oSI4Lj6WMJi2cLnb1NTX9TlmS5sw ;
createtime : 1523265355 ;
msgtype : event ;
event : VIEW ;
eventkey : http://www.haolangtech.com/index.php?s=/Home/New/crowdfundingindex/id/22.html ;
menuid : 425118276 ;
from : oSI4Lj6WMJi2cLnb1NTX9TlmS5sw ;
to : gh_0c02969f70a6 ;
time : 1523265355 ;
type : event ;

2018-04-09 17:15:55 params :
------------
Array:
rule : -2 ;
module :  ;
message : Array ;

2018-04-09 17:15:55 response :
------------

2018-04-09 17:16:35 trace :
------------
Array:
tousername : gh_0c02969f70a6 ;
fromusername : oSI4Lj6WMJi2cLnb1NTX9TlmS5sw ;
createtime : 1523265394 ;
msgtype : event ;
event : VIEW ;
eventkey : http://zz.jhzh66.com/app/index.php?i=8&c=site&a=site&do=detail&id=2 ;
menuid : 425118276 ;
from : oSI4Lj6WMJi2cLnb1NTX9TlmS5sw ;
to : gh_0c02969f70a6 ;
time : 1523265394 ;
type : event ;

2018-04-09 17:16:35 params :
------------
Array:
rule : -2 ;
module :  ;
message : Array ;

2018-04-09 17:16:35 response :
------------

2018-04-09 17:16:57 trace :
------------
Array:
tousername : gh_0c02969f70a6 ;
fromusername : oSI4Lj6WMJi2cLnb1NTX9TlmS5sw ;
createtime : 1523265417 ;
msgtype : event ;
event : VIEW ;
eventkey : http://zz.jhzh66.com/app/index.php?i=8&c=entry&eid=194 ;
menuid : 425118276 ;
from : oSI4Lj6WMJi2cLnb1NTX9TlmS5sw ;
to : gh_0c02969f70a6 ;
time : 1523265417 ;
type : event ;

2018-04-09 17:16:57 params :
------------
Array:
rule : -2 ;
module :  ;
message : Array ;

2018-04-09 17:16:57 response :
------------

2018-04-09 17:26:04 trace :
------------
Array:
tousername : gh_9aac6b6c619f ;
fromusername : o4Uy9vvMQwKEZq4uI74h9TFeT2c0 ;
createtime : 1523265964 ;
msgtype : event ;
event : subscribe ;
eventkey : Array ;
from : o4Uy9vvMQwKEZq4uI74h9TFeT2c0 ;
to : gh_9aac6b6c619f ;
time : 1523265964 ;
type : subscribe ;

2018-04-09 17:26:04 params :
------------
Array:
rule : -2 ;
module :  ;
message : Array ;

2018-04-09 17:26:04 response :
------------

2018-04-09 17:26:17 trace :
------------
Array:
tousername : gh_9aac6b6c619f ;
fromusername : o4Uy9vvMQwKEZq4uI74h9TFeT2c0 ;
createtime : 1523265977 ;
msgtype : event ;
event : CLICK ;
eventkey : 易货操作 ;
from : o4Uy9vvMQwKEZq4uI74h9TFeT2c0 ;
to : gh_9aac6b6c619f ;
time : 1523265977 ;
type : event ;

2018-04-09 17:26:17 params :
------------
Array:
rule : -2 ;
module :  ;
message : Array ;

2018-04-09 17:26:17 response :
------------

2018-04-09 17:43:35 trace :
------------
Array:
tousername : gh_0c02969f70a6 ;
fromusername : oSI4Lj3Uy2oVK2Gu2-5eCKfh2qNI ;
createtime : 1523267015 ;
msgtype : event ;
event : SCAN ;
eventkey : 5141e420449e42c7df87975ef87074b6 ;
ticket : gQHp8TwAAAAAAAAAAS5odHRwOi8vd2VpeGluLnFxLmNvbS9xLzAyZjNCWkJmOGU4YmYxMDAwMDAwN2oAAgTj86RaAwQAAAAA ;
from : oSI4Lj3Uy2oVK2Gu2-5eCKfh2qNI ;
to : gh_0c02969f70a6 ;
time : 1523267015 ;
type : subscribe ;
scene : 5141e420449e42c7df87975ef87074b6 ;

2018-04-09 17:43:48 trace :
------------
Array:
tousername : gh_0c02969f70a6 ;
fromusername : oSI4Lj7ZMDw1yLZsw2x4DmQCjk_A ;
createtime : 1523267028 ;
msgtype : event ;
event : VIEW ;
eventkey : https://m.qlchat.com/live/320000044317761.htm ;
menuid : 425118276 ;
from : oSI4Lj7ZMDw1yLZsw2x4DmQCjk_A ;
to : gh_0c02969f70a6 ;
time : 1523267028 ;
type : event ;

2018-04-09 17:43:48 params :
------------
Array:
rule : -2 ;
module :  ;
message : Array ;

2018-04-09 17:43:48 response :
------------

2018-04-09 17:43:49 trace :
------------
Array:
tousername : gh_0c02969f70a6 ;
fromusername : oSI4Lj0FvXHivaaeZ1i_t4zsdg1c ;
createtime : 1523267029 ;
msgtype : event ;
event : MASSSENDJOBFINISH ;
msgid : 1000000053 ;
status : send success ;
totalcount : 2740 ;
filtercount : 2740 ;
sentcount : 2740 ;
errorcount : 0 ;
copyrightcheckresult : Array ;
from : oSI4Lj0FvXHivaaeZ1i_t4zsdg1c ;
to : gh_0c02969f70a6 ;
time : 1523267029 ;
type : event ;

2018-04-09 17:43:49 params :
------------
Array:
rule : -2 ;
module :  ;
message : Array ;

2018-04-09 17:43:49 response :
------------

2018-04-09 17:43:57 trace :
------------
Array:
tousername : gh_0c02969f70a6 ;
fromusername : oSI4Lj3Uy2oVK2Gu2-5eCKfh2qNI ;
createtime : 1523267037 ;
msgtype : event ;
event : VIEW ;
eventkey : http://zz.jhzh66.com/app/index.php?i=8&c=site&a=site&do=detail&id=2 ;
menuid : 425118276 ;
from : oSI4Lj3Uy2oVK2Gu2-5eCKfh2qNI ;
to : gh_0c02969f70a6 ;
time : 1523267037 ;
type : event ;

2018-04-09 17:43:57 params :
------------
Array:
rule : -2 ;
module :  ;
message : Array ;

2018-04-09 17:43:57 response :
------------

2018-04-09 17:44:19 trace :
------------
Array:
tousername : gh_0c02969f70a6 ;
fromusername : oSI4Lj3Uy2oVK2Gu2-5eCKfh2qNI ;
createtime : 1523267059 ;
msgtype : event ;
event : VIEW ;
eventkey : http://zz.jhzh66.com/app/index.php?i=8&c=entry&eid=194 ;
menuid : 425118276 ;
from : oSI4Lj3Uy2oVK2Gu2-5eCKfh2qNI ;
to : gh_0c02969f70a6 ;
time : 1523267059 ;
type : event ;

2018-04-09 17:44:19 params :
------------
Array:
rule : -2 ;
module :  ;
message : Array ;

2018-04-09 17:44:19 response :
------------

2018-04-09 17:44:22 trace :
------------
Array:
tousername : gh_0c02969f70a6 ;
fromusername : oSI4Lj8tlXd0g3GGNi17YBlxSQIM ;
createtime : 1523267062 ;
msgtype : event ;
event : VIEW ;
eventkey : http://zz.jhzh66.com/app/index.php?i=8&c=site&a=site&do=detail&id=2 ;
menuid : 425118276 ;
from : oSI4Lj8tlXd0g3GGNi17YBlxSQIM ;
to : gh_0c02969f70a6 ;
time : 1523267062 ;
type : event ;

2018-04-09 17:44:22 params :
------------
Array:
rule : -2 ;
module :  ;
message : Array ;

2018-04-09 17:44:22 response :
------------

2018-04-09 17:44:44 trace :
------------
Array:
tousername : gh_0c02969f70a6 ;
fromusername : oSI4Lj8tlXd0g3GGNi17YBlxSQIM ;
createtime : 1523267084 ;
msgtype : event ;
event : VIEW ;
eventkey : http://www.haolangtech.com/index.php/addon/HotActivity/HotActivity/leagueindex/id/1.html?from=groupmessage&isappinstalled=0 ;
menuid : 425118276 ;
from : oSI4Lj8tlXd0g3GGNi17YBlxSQIM ;
to : gh_0c02969f70a6 ;
time : 1523267084 ;
type : event ;

2018-04-09 17:44:44 params :
------------
Array:
rule : -2 ;
module :  ;
message : Array ;

2018-04-09 17:44:44 response :
------------

2018-04-09 17:44:54 trace :
------------
Array:
tousername : gh_0c02969f70a6 ;
fromusername : oSI4Lj0bES3NpvFIldQqYF1Uk5QY ;
createtime : 1523267093 ;
msgtype : event ;
event : VIEW ;
eventkey : http://zz.jhzh66.com/app/index.php?i=8&c=entry&eid=194 ;
menuid : 425118276 ;
from : oSI4Lj0bES3NpvFIldQqYF1Uk5QY ;
to : gh_0c02969f70a6 ;
time : 1523267093 ;
type : event ;

2018-04-09 17:44:54 params :
------------
Array:
rule : -2 ;
module :  ;
message : Array ;

2018-04-09 17:44:54 response :
------------

2018-04-09 17:45:11 trace :
------------
Array:
tousername : gh_0c02969f70a6 ;
fromusername : oSI4Lj8tlXd0g3GGNi17YBlxSQIM ;
createtime : 1523267111 ;
msgtype : event ;
event : VIEW ;
eventkey : http://zz11.com.cn/plugin.php?id=wechat:access ;
menuid : 425118276 ;
from : oSI4Lj8tlXd0g3GGNi17YBlxSQIM ;
to : gh_0c02969f70a6 ;
time : 1523267111 ;
type : event ;

2018-04-09 17:45:11 params :
------------
Array:
rule : -2 ;
module :  ;
message : Array ;

2018-04-09 17:45:11 response :
------------

2018-04-09 17:45:40 trace :
------------
Array:
tousername : gh_0c02969f70a6 ;
fromusername : oSI4Ljw47XVdd5fuXM7cTnH5gDGY ;
createtime : 1523267140 ;
msgtype : event ;
event : VIEW ;
eventkey : http://zz11.com.cn/plugin.php?id=wechat:access ;
menuid : 425118276 ;
from : oSI4Ljw47XVdd5fuXM7cTnH5gDGY ;
to : gh_0c02969f70a6 ;
time : 1523267140 ;
type : event ;

2018-04-09 17:45:40 params :
------------
Array:
rule : -2 ;
module :  ;
message : Array ;

2018-04-09 17:45:40 response :
------------

2018-04-09 17:46:20 trace :
------------
Array:
tousername : gh_0c02969f70a6 ;
fromusername : oSI4LjwTXEQTFbhVuXOjv_kHWZRo ;
createtime : 1523267180 ;
msgtype : event ;
event : VIEW ;
eventkey : http://zz.jhzh66.com/app/index.php?i=8&c=site&a=site&do=detail&id=2 ;
menuid : 425118276 ;
from : oSI4LjwTXEQTFbhVuXOjv_kHWZRo ;
to : gh_0c02969f70a6 ;
time : 1523267180 ;
type : event ;

2018-04-09 17:46:20 params :
------------
Array:
rule : -2 ;
module :  ;
message : Array ;

2018-04-09 17:46:20 response :
------------

2018-04-09 17:46:40 trace :
------------
Array:
tousername : gh_0c02969f70a6 ;
fromusername : oSI4Lj8tlXd0g3GGNi17YBlxSQIM ;
createtime : 1523267199 ;
msgtype : event ;
event : VIEW ;
eventkey : http://zz.jhzh66.com/app/index.php?i=8&c=site&a=site&do=detail&id=2 ;
menuid : 425118276 ;
from : oSI4Lj8tlXd0g3GGNi17YBlxSQIM ;
to : gh_0c02969f70a6 ;
time : 1523267199 ;
type : event ;

2018-04-09 17:46:40 params :
------------
Array:
rule : -2 ;
module :  ;
message : Array ;

2018-04-09 17:46:40 response :
------------

2018-04-09 17:46:56 trace :
------------
Array:
tousername : gh_0c02969f70a6 ;
fromusername : oSI4LjxIQbtY3LBQttd3IUzMCNDo ;
createtime : 1523267216 ;
msgtype : event ;
event : VIEW ;
eventkey : http://www.haolangtech.com/index.php?s=/Home/New/crowdfundingindex/id/22.html ;
menuid : 425118276 ;
from : oSI4LjxIQbtY3LBQttd3IUzMCNDo ;
to : gh_0c02969f70a6 ;
time : 1523267216 ;
type : event ;

2018-04-09 17:46:56 params :
------------
Array:
rule : -2 ;
module :  ;
message : Array ;

2018-04-09 17:46:56 response :
------------

2018-04-09 17:47:27 trace :
------------
Array:
tousername : gh_0c02969f70a6 ;
fromusername : oSI4Lj1LCVus_GOVkKzSSWbgRfZA ;
createtime : 1523267247 ;
msgtype : event ;
event : VIEW ;
eventkey : http://zz.jhzh66.com/app/index.php?i=8&c=entry&eid=194 ;
menuid : 425118276 ;
from : oSI4Lj1LCVus_GOVkKzSSWbgRfZA ;
to : gh_0c02969f70a6 ;
time : 1523267247 ;
type : event ;

2018-04-09 17:47:27 params :
------------
Array:
rule : -2 ;
module :  ;
message : Array ;

2018-04-09 17:47:27 response :
------------

2018-04-09 17:48:27 trace :
------------
Array:
tousername : gh_0c02969f70a6 ;
fromusername : oSI4Lj8tlXd0g3GGNi17YBlxSQIM ;
createtime : 1523267307 ;
msgtype : event ;
event : VIEW ;
eventkey : http://zz.jhzh66.com/app/index.php?i=8&c=entry&eid=194 ;
menuid : 425118276 ;
from : oSI4Lj8tlXd0g3GGNi17YBlxSQIM ;
to : gh_0c02969f70a6 ;
time : 1523267307 ;
type : event ;

2018-04-09 17:48:27 params :
------------
Array:
rule : -2 ;
module :  ;
message : Array ;

2018-04-09 17:48:27 response :
------------

2018-04-09 17:51:16 trace :
------------
Array:
tousername : gh_0c02969f70a6 ;
fromusername : oSI4Lj97Jm2kdczJ4OHYMLb017pk ;
createtime : 1523267476 ;
msgtype : event ;
event : VIEW ;
eventkey : http://zz.jhzh66.com/app/index.php?i=8&c=entry&eid=194 ;
menuid : 425118276 ;
from : oSI4Lj97Jm2kdczJ4OHYMLb017pk ;
to : gh_0c02969f70a6 ;
time : 1523267476 ;
type : event ;

2018-04-09 17:51:16 params :
------------
Array:
rule : -2 ;
module :  ;
message : Array ;

2018-04-09 17:51:16 response :
------------

2018-04-09 17:52:53 trace :
------------
Array:
tousername : gh_0c02969f70a6 ;
fromusername : oSI4Lj6WMJi2cLnb1NTX9TlmS5sw ;
createtime : 1523267573 ;
msgtype : event ;
event : VIEW ;
eventkey : http://zz.jhzh66.com/app/index.php?i=8&c=entry&eid=194 ;
menuid : 425118276 ;
from : oSI4Lj6WMJi2cLnb1NTX9TlmS5sw ;
to : gh_0c02969f70a6 ;
time : 1523267573 ;
type : event ;

2018-04-09 17:52:53 params :
------------
Array:
rule : -2 ;
module :  ;
message : Array ;

2018-04-09 17:52:53 response :
------------

2018-04-09 17:53:20 trace :
------------
Array:
tousername : gh_0c02969f70a6 ;
fromusername : oSI4Lj6WMJi2cLnb1NTX9TlmS5sw ;
createtime : 1523267600 ;
msgtype : event ;
event : VIEW ;
eventkey : http://zz.jhzh66.com/app/index.php?i=8&c=site&a=site&do=detail&id=2 ;
menuid : 425118276 ;
from : oSI4Lj6WMJi2cLnb1NTX9TlmS5sw ;
to : gh_0c02969f70a6 ;
time : 1523267600 ;
type : event ;

2018-04-09 17:53:20 params :
------------
Array:
rule : -2 ;
module :  ;
message : Array ;

2018-04-09 17:53:20 response :
------------

2018-04-09 17:53:30 trace :
------------
Array:
tousername : gh_0c02969f70a6 ;
fromusername : oSI4Lj97Jm2kdczJ4OHYMLb017pk ;
createtime : 1523267610 ;
msgtype : event ;
event : VIEW ;
eventkey : http://zz.jhzh66.com/app/index.php?i=8&c=entry&eid=194 ;
menuid : 425118276 ;
from : oSI4Lj97Jm2kdczJ4OHYMLb017pk ;
to : gh_0c02969f70a6 ;
time : 1523267610 ;
type : event ;

2018-04-09 17:53:30 params :
------------
Array:
rule : -2 ;
module :  ;
message : Array ;

2018-04-09 17:53:30 response :
------------

2018-04-09 17:53:36 trace :
------------
Array:
tousername : gh_0c02969f70a6 ;
fromusername : oSI4Lj6WMJi2cLnb1NTX9TlmS5sw ;
createtime : 1523267616 ;
msgtype : event ;
event : VIEW ;
eventkey : http://zz.jhzh66.com/app/index.php?i=8&c=entry&eid=194 ;
menuid : 425118276 ;
from : oSI4Lj6WMJi2cLnb1NTX9TlmS5sw ;
to : gh_0c02969f70a6 ;
time : 1523267616 ;
type : event ;

2018-04-09 17:53:36 params :
------------
Array:
rule : -2 ;
module :  ;
message : Array ;

2018-04-09 17:53:36 response :
------------

2018-04-09 17:55:33 trace :
------------
Array:
tousername : gh_0c02969f70a6 ;
fromusername : oSI4Lj5eO7waHqcMUGUkXp6xFQvw ;
createtime : 1523267733 ;
msgtype : event ;
event : VIEW ;
eventkey : http://zz.jhzh66.com/app/index.php?i=8&c=entry&eid=194 ;
menuid : 425118276 ;
from : oSI4Lj5eO7waHqcMUGUkXp6xFQvw ;
to : gh_0c02969f70a6 ;
time : 1523267733 ;
type : event ;

2018-04-09 17:55:33 params :
------------
Array:
rule : -2 ;
module :  ;
message : Array ;

2018-04-09 17:55:33 response :
------------

2018-04-09 17:55:34 trace :
------------
Array:
tousername : gh_9aac6b6c619f ;
fromusername : o4Uy9vt4WX4oq5QRYWKoOJyGIZYg ;
createtime : 1523267734 ;
msgtype : event ;
event : subscribe ;
eventkey : Array ;
from : o4Uy9vt4WX4oq5QRYWKoOJyGIZYg ;
to : gh_9aac6b6c619f ;
time : 1523267734 ;
type : subscribe ;

2018-04-09 17:55:34 params :
------------
Array:
rule : -2 ;
module :  ;
message : Array ;

2018-04-09 17:55:34 response :
------------

2018-04-09 17:57:03 trace :
------------
Array:
tousername : gh_0c02969f70a6 ;
fromusername : oSI4Lj97Jm2kdczJ4OHYMLb017pk ;
createtime : 1523267823 ;
msgtype : event ;
event : VIEW ;
eventkey : http://zz.jhzh66.com/app/index.php?i=8&c=entry&eid=194 ;
menuid : 425118276 ;
from : oSI4Lj97Jm2kdczJ4OHYMLb017pk ;
to : gh_0c02969f70a6 ;
time : 1523267823 ;
type : event ;

2018-04-09 17:57:03 params :
------------
Array:
rule : -2 ;
module :  ;
message : Array ;

2018-04-09 17:57:03 response :
------------

2018-04-09 17:58:56 trace :
------------
Array:
tousername : gh_9aac6b6c619f ;
fromusername : o4Uy9vo88ISYSlacbSqQ6HS667A8 ;
createtime : 1523267936 ;
msgtype : event ;
event : subscribe ;
eventkey : Array ;
from : o4Uy9vo88ISYSlacbSqQ6HS667A8 ;
to : gh_9aac6b6c619f ;
time : 1523267936 ;
type : subscribe ;

2018-04-09 17:58:56 params :
------------
Array:
rule : -2 ;
module :  ;
message : Array ;

2018-04-09 17:58:56 response :
------------

2018-04-09 17:59:26 trace :
------------
Array:
tousername : gh_9aac6b6c619f ;
fromusername : o4Uy9vo88ISYSlacbSqQ6HS667A8 ;
createtime : 1523267966 ;
msgtype : event ;
event : VIEW ;
eventkey : http://fx.jhzh66.com/app/index.php?i=3&c=entry&method=shares&p=commission&m=ewei_shop&mid=23&do=plugin ;
menuid : 425178868 ;
from : o4Uy9vo88ISYSlacbSqQ6HS667A8 ;
to : gh_9aac6b6c619f ;
time : 1523267966 ;
type : event ;

2018-04-09 17:59:26 params :
------------
Array:
rule : -2 ;
module :  ;
message : Array ;

2018-04-09 17:59:26 response :
------------

2018-04-09 17:59:35 trace :
------------
Array:
tousername : gh_9aac6b6c619f ;
fromusername : o4Uy9vo88ISYSlacbSqQ6HS667A8 ;
createtime : 1523267975 ;
msgtype : event ;
event : VIEW ;
eventkey : http://fx.jhzh66.com/app/index.php?i=3&c=entry&method=shares&p=commission&m=ewei_shop&mid=23&do=plugin ;
menuid : 425178868 ;
from : o4Uy9vo88ISYSlacbSqQ6HS667A8 ;
to : gh_9aac6b6c619f ;
time : 1523267975 ;
type : event ;

2018-04-09 17:59:35 params :
------------
Array:
rule : -2 ;
module :  ;
message : Array ;

2018-04-09 17:59:35 response :
------------

2018-04-09 17:59:44 trace :
------------
Array:
tousername : gh_9aac6b6c619f ;
fromusername : o4Uy9vo88ISYSlacbSqQ6HS667A8 ;
createtime : 1523267984 ;
msgtype : event ;
event : VIEW ;
eventkey : https://m.qlchat.com/live/320000044317761.htm ;
menuid : 425178868 ;
from : o4Uy9vo88ISYSlacbSqQ6HS667A8 ;
to : gh_9aac6b6c619f ;
time : 1523267984 ;
type : event ;

2018-04-09 17:59:44 params :
------------
Array:
rule : -2 ;
module :  ;
message : Array ;

2018-04-09 17:59:44 response :
------------

2018-04-09 18:00:57 trace :
------------
Array:
tousername : gh_0c02969f70a6 ;
fromusername : oSI4Lj97Jm2kdczJ4OHYMLb017pk ;
createtime : 1523268057 ;
msgtype : event ;
event : VIEW ;
eventkey : http://zz.jhzh66.com/app/index.php?i=8&c=entry&eid=194 ;
menuid : 425118276 ;
from : oSI4Lj97Jm2kdczJ4OHYMLb017pk ;
to : gh_0c02969f70a6 ;
time : 1523268057 ;
type : event ;

2018-04-09 18:00:57 params :
------------
Array:
rule : -2 ;
module :  ;
message : Array ;

2018-04-09 18:00:57 response :
------------

2018-04-09 18:01:33 trace :
------------
Array:
tousername : gh_0c02969f70a6 ;
fromusername : oSI4Lj6WMJi2cLnb1NTX9TlmS5sw ;
createtime : 1523268092 ;
msgtype : event ;
event : VIEW ;
eventkey : http://zz.jhzh66.com/app/index.php?i=8&c=entry&eid=194 ;
menuid : 425118276 ;
from : oSI4Lj6WMJi2cLnb1NTX9TlmS5sw ;
to : gh_0c02969f70a6 ;
time : 1523268092 ;
type : event ;

2018-04-09 18:01:33 params :
------------
Array:
rule : -2 ;
module :  ;
message : Array ;

2018-04-09 18:01:33 response :
------------

2018-04-09 18:02:26 trace :
------------
Array:
tousername : gh_0c02969f70a6 ;
fromusername : oSI4Lj4-aucAzzF_T8Px19cV4NxU ;
createtime : 1523268146 ;
msgtype : event ;
event : VIEW ;
eventkey : http://zz.jhzh66.com/app/index.php?i=8&c=entry&eid=194 ;
menuid : 425118276 ;
from : oSI4Lj4-aucAzzF_T8Px19cV4NxU ;
to : gh_0c02969f70a6 ;
time : 1523268146 ;
type : event ;

2018-04-09 18:02:26 params :
------------
Array:
rule : -2 ;
module :  ;
message : Array ;

2018-04-09 18:02:26 response :
------------

2018-04-09 18:02:54 trace :
------------
Array:
tousername : gh_0c02969f70a6 ;
fromusername : oSI4LjxIQbtY3LBQttd3IUzMCNDo ;
createtime : 1523268174 ;
msgtype : event ;
event : VIEW ;
eventkey : http://zz.jhzh66.com/app/index.php?i=8&c=entry&eid=194 ;
menuid : 425118276 ;
from : oSI4LjxIQbtY3LBQttd3IUzMCNDo ;
to : gh_0c02969f70a6 ;
time : 1523268174 ;
type : event ;

2018-04-09 18:02:54 params :
------------
Array:
rule : -2 ;
module :  ;
message : Array ;

2018-04-09 18:02:54 response :
------------

2018-04-09 18:02:59 trace :
------------
Array:
tousername : gh_0c02969f70a6 ;
fromusername : oSI4Lj97Jm2kdczJ4OHYMLb017pk ;
createtime : 1523268178 ;
msgtype : event ;
event : VIEW ;
eventkey : http://zz.jhzh66.com/app/index.php?i=8&c=entry&eid=194 ;
menuid : 425118276 ;
from : oSI4Lj97Jm2kdczJ4OHYMLb017pk ;
to : gh_0c02969f70a6 ;
time : 1523268178 ;
type : event ;

2018-04-09 18:02:59 params :
------------
Array:
rule : -2 ;
module :  ;
message : Array ;

2018-04-09 18:02:59 response :
------------

2018-04-09 18:03:03 trace :
------------
Array:
tousername : gh_0c02969f70a6 ;
fromusername : oSI4LjxIQbtY3LBQttd3IUzMCNDo ;
createtime : 1523268183 ;
msgtype : event ;
event : VIEW ;
eventkey : https://m.qlchat.com/live/320000044317761.htm ;
menuid : 425118276 ;
from : oSI4LjxIQbtY3LBQttd3IUzMCNDo ;
to : gh_0c02969f70a6 ;
time : 1523268183 ;
type : event ;

2018-04-09 18:03:03 params :
------------
Array:
rule : -2 ;
module :  ;
message : Array ;

2018-04-09 18:03:03 response :
------------

2018-04-09 18:05:14 trace :
------------
Array:
tousername : gh_0c02969f70a6 ;
fromusername : oSI4Lj6WMJi2cLnb1NTX9TlmS5sw ;
createtime : 1523268314 ;
msgtype : event ;
event : VIEW ;
eventkey : http://zz.jhzh66.com/app/index.php?i=8&c=entry&eid=194 ;
menuid : 425118276 ;
from : oSI4Lj6WMJi2cLnb1NTX9TlmS5sw ;
to : gh_0c02969f70a6 ;
time : 1523268314 ;
type : event ;

2018-04-09 18:05:14 params :
------------
Array:
rule : -2 ;
module :  ;
message : Array ;

2018-04-09 18:05:14 response :
------------

2018-04-09 18:12:43 trace :
------------
Array:
tousername : gh_0c02969f70a6 ;
fromusername : oSI4Lj5AfG1nbfj0PXLeAxlbBuek ;
createtime : 1523268763 ;
msgtype : event ;
event : VIEW ;
eventkey : https://h5.scene.yqh5.cn/s/6szkjdIq ;
menuid : 425118276 ;
from : oSI4Lj5AfG1nbfj0PXLeAxlbBuek ;
to : gh_0c02969f70a6 ;
time : 1523268763 ;
type : event ;

2018-04-09 18:12:43 params :
------------
Array:
rule : -2 ;
module :  ;
message : Array ;

2018-04-09 18:12:43 response :
------------

2018-04-09 18:13:31 trace :
------------
Array:
tousername : gh_0c02969f70a6 ;
fromusername : oSI4LjyglUz_Nd84Ytya-_FMYvMA ;
createtime : 1523268811 ;
msgtype : event ;
event : VIEW ;
eventkey : http://zz.jhzh66.com/app/index.php?i=8&c=entry&eid=194 ;
menuid : 425118276 ;
from : oSI4LjyglUz_Nd84Ytya-_FMYvMA ;
to : gh_0c02969f70a6 ;
time : 1523268811 ;
type : event ;

2018-04-09 18:13:31 params :
------------
Array:
rule : -2 ;
module :  ;
message : Array ;

2018-04-09 18:13:31 response :
------------

2018-04-09 18:22:25 trace :
------------
Array:
tousername : gh_0c02969f70a6 ;
fromusername : oSI4LjzGDzCztrhCP10C7-4flpE4 ;
createtime : 1523269345 ;
msgtype : event ;
event : VIEW ;
eventkey : http://zz.jhzh66.com/app/index.php?i=8&c=entry&eid=194 ;
menuid : 425118276 ;
from : oSI4LjzGDzCztrhCP10C7-4flpE4 ;
to : gh_0c02969f70a6 ;
time : 1523269345 ;
type : event ;

2018-04-09 18:22:25 params :
------------
Array:
rule : -2 ;
module :  ;
message : Array ;

2018-04-09 18:22:25 response :
------------

2018-04-09 18:22:29 trace :
------------
Array:
tousername : gh_0c02969f70a6 ;
fromusername : oSI4LjzGDzCztrhCP10C7-4flpE4 ;
createtime : 1523269349 ;
msgtype : event ;
event : VIEW ;
eventkey : http://www.haolangtech.com/index.php/addon/HotActivity/HotActivity/leagueindex/id/1.html?from=groupmessage&isappinstalled=0 ;
menuid : 425118276 ;
from : oSI4LjzGDzCztrhCP10C7-4flpE4 ;
to : gh_0c02969f70a6 ;
time : 1523269349 ;
type : event ;

2018-04-09 18:22:29 params :
------------
Array:
rule : -2 ;
module :  ;
message : Array ;

2018-04-09 18:22:29 response :
------------

2018-04-09 18:23:26 trace :
------------
Array:
tousername : gh_0c02969f70a6 ;
fromusername : oSI4LjzGDzCztrhCP10C7-4flpE4 ;
createtime : 1523269406 ;
msgtype : event ;
event : VIEW ;
eventkey : http://www.haolangtech.com/index.php/addon/HotActivity/HotActivity/leagueindex/id/1.html?from=groupmessage&isappinstalled=0 ;
menuid : 425118276 ;
from : oSI4LjzGDzCztrhCP10C7-4flpE4 ;
to : gh_0c02969f70a6 ;
time : 1523269406 ;
type : event ;

2018-04-09 18:23:26 params :
------------
Array:
rule : -2 ;
module :  ;
message : Array ;

2018-04-09 18:23:26 response :
------------

2018-04-09 18:35:13 trace :
------------
Array:
tousername : gh_0c02969f70a6 ;
fromusername : oSI4Lj9ApVsy6Pyh6Qg3WrBjNxuM ;
createtime : 1523270113 ;
msgtype : event ;
event : VIEW ;
eventkey : http://zz.jhzh66.com/app/index.php?i=8&c=entry&eid=194 ;
menuid : 425118276 ;
from : oSI4Lj9ApVsy6Pyh6Qg3WrBjNxuM ;
to : gh_0c02969f70a6 ;
time : 1523270113 ;
type : event ;

2018-04-09 18:35:13 params :
------------
Array:
rule : -2 ;
module :  ;
message : Array ;

2018-04-09 18:35:13 response :
------------

2018-04-09 18:51:19 trace :
------------
Array:
tousername : gh_0c02969f70a6 ;
fromusername : oSI4LjzGDzCztrhCP10C7-4flpE4 ;
createtime : 1523271078 ;
msgtype : event ;
event : VIEW ;
eventkey : http://zz.jhzh66.com/app/index.php?i=8&c=entry&eid=194 ;
menuid : 425118276 ;
from : oSI4LjzGDzCztrhCP10C7-4flpE4 ;
to : gh_0c02969f70a6 ;
time : 1523271078 ;
type : event ;

2018-04-09 18:51:19 params :
------------
Array:
rule : -2 ;
module :  ;
message : Array ;

2018-04-09 18:51:19 response :
------------

2018-04-09 18:51:29 trace :
------------
Array:
tousername : gh_0c02969f70a6 ;
fromusername : oSI4LjzGDzCztrhCP10C7-4flpE4 ;
createtime : 1523271089 ;
msgtype : event ;
event : VIEW ;
eventkey : http://zz.jhzh66.com/app/index.php?i=8&c=entry&eid=194 ;
menuid : 425118276 ;
from : oSI4LjzGDzCztrhCP10C7-4flpE4 ;
to : gh_0c02969f70a6 ;
time : 1523271089 ;
type : event ;

2018-04-09 18:51:29 params :
------------
Array:
rule : -2 ;
module :  ;
message : Array ;

2018-04-09 18:51:29 response :
------------

2018-04-09 18:52:44 trace :
------------
Array:
tousername : gh_0c02969f70a6 ;
fromusername : oSI4Lj6oLdL0iZHUcLNAoyaBf9LE ;
createtime : 1523271164 ;
msgtype : event ;
event : CLICK ;
eventkey : 关注 ;
from : oSI4Lj6oLdL0iZHUcLNAoyaBf9LE ;
to : gh_0c02969f70a6 ;
time : 1523271164 ;
type : event ;

2018-04-09 19:02:03 trace :
------------
Array:
tousername : gh_0c02969f70a6 ;
fromusername : oSI4Lj-i6yLaBIs4R76hZ3m6NZG0 ;
createtime : 1523271723 ;
msgtype : event ;
event : VIEW ;
eventkey : http://zz.jhzh66.com/app/index.php?i=8&c=entry&eid=198 ;
menuid : 425118276 ;
from : oSI4Lj-i6yLaBIs4R76hZ3m6NZG0 ;
to : gh_0c02969f70a6 ;
time : 1523271723 ;
type : event ;

2018-04-09 19:02:03 params :
------------
Array:
rule : -2 ;
module :  ;
message : Array ;

2018-04-09 19:02:03 response :
------------

2018-04-09 19:03:51 trace :
------------
Array:
tousername : gh_0c02969f70a6 ;
fromusername : oSI4Lj4iEX6TrzJz_xZOPR4c4JWk ;
createtime : 1523271831 ;
msgtype : event ;
event : VIEW ;
eventkey : https://h5.scene.yqh5.cn/s/6szkjdIq ;
menuid : 425118276 ;
from : oSI4Lj4iEX6TrzJz_xZOPR4c4JWk ;
to : gh_0c02969f70a6 ;
time : 1523271831 ;
type : event ;

2018-04-09 19:03:51 params :
------------
Array:
rule : -2 ;
module :  ;
message : Array ;

2018-04-09 19:03:51 response :
------------

2018-04-09 19:22:04 trace :
------------
Array:
tousername : gh_0c02969f70a6 ;
fromusername : oSI4Lj_Dd5KNsbAY4palloaCNwfA ;
createtime : 1523272924 ;
msgtype : event ;
event : VIEW ;
eventkey : http://zz.jhzh66.com/app/index.php?i=8&c=entry&eid=194 ;
menuid : 425118276 ;
from : oSI4Lj_Dd5KNsbAY4palloaCNwfA ;
to : gh_0c02969f70a6 ;
time : 1523272924 ;
type : event ;

2018-04-09 19:22:04 params :
------------
Array:
rule : -2 ;
module :  ;
message : Array ;

2018-04-09 19:22:04 response :
------------

2018-04-09 19:26:57 trace :
------------
Array:
tousername : gh_0c02969f70a6 ;
fromusername : oSI4Lj3wDwOuSoAvB8gMh9Kj8j28 ;
createtime : 1523273217 ;
msgtype : event ;
event : VIEW ;
eventkey : http://zz.jhzh66.com/app/index.php?i=8&c=entry&eid=194 ;
menuid : 425118276 ;
from : oSI4Lj3wDwOuSoAvB8gMh9Kj8j28 ;
to : gh_0c02969f70a6 ;
time : 1523273217 ;
type : event ;

2018-04-09 19:26:57 params :
------------
Array:
rule : -2 ;
module :  ;
message : Array ;

2018-04-09 19:26:57 response :
------------

2018-04-09 19:30:05 trace :
------------
Array:
tousername : gh_0c02969f70a6 ;
fromusername : oSI4Lj-XaO9wjnPbt9OzE2vQL_94 ;
createtime : 1523273404 ;
msgtype : event ;
event : VIEW ;
eventkey : http://zz.jhzh66.com/app/index.php?i=8&c=entry&eid=198 ;
menuid : 425118276 ;
from : oSI4Lj-XaO9wjnPbt9OzE2vQL_94 ;
to : gh_0c02969f70a6 ;
time : 1523273404 ;
type : event ;

2018-04-09 19:30:05 params :
------------
Array:
rule : -2 ;
module :  ;
message : Array ;

2018-04-09 19:30:05 response :
------------

2018-04-09 19:46:15 trace :
------------
Array:
tousername : gh_0c02969f70a6 ;
fromusername : oSI4Lj0Q80ofrMhDKNzlhvrNPh3I ;
createtime : 1523274375 ;
msgtype : event ;
event : VIEW ;
eventkey : http://zz.jhzh66.com/app/index.php?i=8&c=entry&eid=198 ;
menuid : 425118276 ;
from : oSI4Lj0Q80ofrMhDKNzlhvrNPh3I ;
to : gh_0c02969f70a6 ;
time : 1523274375 ;
type : event ;

2018-04-09 19:46:15 params :
------------
Array:
rule : -2 ;
module :  ;
message : Array ;

2018-04-09 19:46:15 response :
------------

2018-04-09 20:28:11 trace :
------------
Array:
tousername : gh_0c02969f70a6 ;
fromusername : oSI4Lj97Jm2kdczJ4OHYMLb017pk ;
createtime : 1523276891 ;
msgtype : event ;
event : VIEW ;
eventkey : http://zz.jhzh66.com/app/index.php?i=8&c=entry&eid=194 ;
menuid : 425118276 ;
from : oSI4Lj97Jm2kdczJ4OHYMLb017pk ;
to : gh_0c02969f70a6 ;
time : 1523276891 ;
type : event ;

2018-04-09 20:28:11 params :
------------
Array:
rule : -2 ;
module :  ;
message : Array ;

2018-04-09 20:28:11 response :
------------

2018-04-09 20:36:17 trace :
------------
Array:
tousername : gh_0c02969f70a6 ;
fromusername : oSI4Lj3Zu5cPqmuHjA3hodeaHoYU ;
createtime : 1523277377 ;
msgtype : event ;
event : VIEW ;
eventkey : http://zz.jhzh66.com/app/index.php?i=8&c=entry&eid=194 ;
menuid : 425118276 ;
from : oSI4Lj3Zu5cPqmuHjA3hodeaHoYU ;
to : gh_0c02969f70a6 ;
time : 1523277377 ;
type : event ;

2018-04-09 20:36:17 params :
------------
Array:
rule : -2 ;
module :  ;
message : Array ;

2018-04-09 20:36:17 response :
------------

2018-04-09 20:43:13 trace :
------------
Array:
tousername : gh_0c02969f70a6 ;
fromusername : oSI4LjymLhnxcUynMoalYbvPuMVc ;
createtime : 1523277793 ;
msgtype : event ;
event : subscribe ;
eventkey : Array ;
from : oSI4LjymLhnxcUynMoalYbvPuMVc ;
to : gh_0c02969f70a6 ;
time : 1523277793 ;
type : subscribe ;

2018-04-09 20:43:13 params :
------------
Array:
rule : -2 ;
module :  ;
message : Array ;

2018-04-09 20:43:13 response :
------------

2018-04-09 20:43:16 trace :
------------
Array:
tousername : gh_0c02969f70a6 ;
fromusername : oSI4LjymLhnxcUynMoalYbvPuMVc ;
createtime : 1523277796 ;
msgtype : event ;
event : VIEW ;
eventkey : http://zz.jhzh66.com/app/index.php?i=8&c=entry&eid=194 ;
menuid : 425118276 ;
from : oSI4LjymLhnxcUynMoalYbvPuMVc ;
to : gh_0c02969f70a6 ;
time : 1523277796 ;
type : event ;

2018-04-09 20:43:16 params :
------------
Array:
rule : -2 ;
module :  ;
message : Array ;

2018-04-09 20:43:16 response :
------------

2018-04-09 20:58:25 trace :
------------
Array:
tousername : gh_0c02969f70a6 ;
fromusername : oSI4LjyXlicLjYFHm29OZzkQ898s ;
createtime : 1523278705 ;
msgtype : event ;
event : VIEW ;
eventkey : http://zz.jhzh66.com/app/index.php?i=8&c=entry&eid=198 ;
menuid : 425118276 ;
from : oSI4LjyXlicLjYFHm29OZzkQ898s ;
to : gh_0c02969f70a6 ;
time : 1523278705 ;
type : event ;

2018-04-09 20:58:25 params :
------------
Array:
rule : -2 ;
module :  ;
message : Array ;

2018-04-09 20:58:25 response :
------------

2018-04-09 21:09:13 trace :
------------
Array:
tousername : gh_0c02969f70a6 ;
fromusername : oSI4Lj2wkg2n_JN-yauY6A4GH8V4 ;
createtime : 1523279352 ;
msgtype : event ;
event : VIEW ;
eventkey : http://zz.jhzh66.com/app/index.php?i=8&c=entry&eid=198 ;
menuid : 425118276 ;
from : oSI4Lj2wkg2n_JN-yauY6A4GH8V4 ;
to : gh_0c02969f70a6 ;
time : 1523279352 ;
type : event ;

2018-04-09 21:09:13 params :
------------
Array:
rule : -2 ;
module :  ;
message : Array ;

2018-04-09 21:09:13 response :
------------

2018-04-09 21:12:46 trace :
------------
Array:
tousername : gh_0c02969f70a6 ;
fromusername : oSI4Lj2wkg2n_JN-yauY6A4GH8V4 ;
createtime : 1523279566 ;
msgtype : event ;
event : VIEW ;
eventkey : http://zz.jhzh66.com/app/index.php?i=8&c=entry&eid=194 ;
menuid : 425118276 ;
from : oSI4Lj2wkg2n_JN-yauY6A4GH8V4 ;
to : gh_0c02969f70a6 ;
time : 1523279566 ;
type : event ;

2018-04-09 21:12:46 params :
------------
Array:
rule : -2 ;
module :  ;
message : Array ;

2018-04-09 21:12:46 response :
------------

2018-04-09 21:38:31 trace :
------------
Array:
tousername : gh_0c02969f70a6 ;
fromusername : oSI4Lj-LQwWe3V5eYWhJjnqZsybI ;
createtime : 1523281110 ;
msgtype : event ;
event : VIEW ;
eventkey : http://zz.jhzh66.com/app/index.php?i=8&c=entry&eid=194 ;
menuid : 425118276 ;
from : oSI4Lj-LQwWe3V5eYWhJjnqZsybI ;
to : gh_0c02969f70a6 ;
time : 1523281110 ;
type : event ;

2018-04-09 21:38:31 params :
------------
Array:
rule : -2 ;
module :  ;
message : Array ;

2018-04-09 21:38:31 response :
------------

2018-04-09 21:38:43 trace :
------------
Array:
tousername : gh_0c02969f70a6 ;
fromusername : oSI4Lj-LQwWe3V5eYWhJjnqZsybI ;
createtime : 1523281123 ;
msgtype : event ;
event : VIEW ;
eventkey : http://zz.jhzh66.com/app/index.php?i=8&c=entry&eid=198 ;
menuid : 425118276 ;
from : oSI4Lj-LQwWe3V5eYWhJjnqZsybI ;
to : gh_0c02969f70a6 ;
time : 1523281123 ;
type : event ;

2018-04-09 21:38:43 params :
------------
Array:
rule : -2 ;
module :  ;
message : Array ;

2018-04-09 21:38:43 response :
------------

2018-04-09 22:01:56 trace :
------------
Array:
tousername : gh_0c02969f70a6 ;
fromusername : oSI4Lj-XaO9wjnPbt9OzE2vQL_94 ;
createtime : 1523282515 ;
msgtype : event ;
event : VIEW ;
eventkey : http://zz.jhzh66.com/app/index.php?i=8&c=entry&eid=198 ;
menuid : 425118276 ;
from : oSI4Lj-XaO9wjnPbt9OzE2vQL_94 ;
to : gh_0c02969f70a6 ;
time : 1523282515 ;
type : event ;

2018-04-09 22:01:56 params :
------------
Array:
rule : -2 ;
module :  ;
message : Array ;

2018-04-09 22:01:56 response :
------------

2018-04-09 22:25:36 trace :
------------
Array:
tousername : gh_0c02969f70a6 ;
fromusername : oSI4Lj-XaO9wjnPbt9OzE2vQL_94 ;
createtime : 1523283935 ;
msgtype : event ;
event : VIEW ;
eventkey : http://zz.jhzh66.com/app/index.php?i=8&c=entry&eid=198 ;
menuid : 425118276 ;
from : oSI4Lj-XaO9wjnPbt9OzE2vQL_94 ;
to : gh_0c02969f70a6 ;
time : 1523283935 ;
type : event ;

2018-04-09 22:25:36 params :
------------
Array:
rule : -2 ;
module :  ;
message : Array ;

2018-04-09 22:25:36 response :
------------

2018-04-09 22:59:22 trace :
------------
Array:
tousername : gh_0c02969f70a6 ;
fromusername : oSI4Lj97Jm2kdczJ4OHYMLb017pk ;
createtime : 1523285962 ;
msgtype : event ;
event : VIEW ;
eventkey : http://zz.jhzh66.com/app/index.php?i=8&c=entry&eid=194 ;
menuid : 425118276 ;
from : oSI4Lj97Jm2kdczJ4OHYMLb017pk ;
to : gh_0c02969f70a6 ;
time : 1523285962 ;
type : event ;

2018-04-09 22:59:22 params :
------------
Array:
rule : -2 ;
module :  ;
message : Array ;

2018-04-09 22:59:22 response :
------------

