2018-10-01 00:34:04 trace :
------------
Array:
tousername : gh_0c02969f70a6 ;
fromusername : oSI4LjyLAL0U_Is-GNtwxiM5L1oY ;
createtime : 1538325244 ;
msgtype : event ;
event : VIEW ;
eventkey : http://jhzh66.com/app/index.php?i=8&c=entry&eid=194 ;
menuid : 427714297 ;
from : oSI4LjyLAL0U_Is-GNtwxiM5L1oY ;
to : gh_0c02969f70a6 ;
time : 1538325244 ;
type : event ;

2018-10-01 00:34:04 params :
------------
Array:
message : Array ;
module : basic ;
rule : 1013 ;
priority : 0 ;
keyword : Array ;

2018-10-01 00:34:04 response :
------------
Array:
FromUserName : gh_0c02969f70a6 ;
ToUserName : oSI4LjyLAL0U_Is-GNtwxiM5L1oY ;
MsgType : text ;
Content : 平台介绍
https://u.eqxiu.com/s/6szkjdIq   

代理商收益介绍
https://h.eqxiu.com/s/U4YBmmJj   

湖北电视台采访易货联盟，创始人张银清介绍换货模式
https://mp.weixin.qq.com/s/S2kwEW7LpSgPzxxAofmZlg ;

2018-10-01 00:34:24 trace :
------------
Array:
tousername : gh_0c02969f70a6 ;
fromusername : oSI4LjyLAL0U_Is-GNtwxiM5L1oY ;
createtime : 1538325264 ;
msgtype : event ;
event : LOCATION ;
latitude : 30.524286 ;
longitude : 114.386749 ;
precision : 440.000000 ;
from : oSI4LjyLAL0U_Is-GNtwxiM5L1oY ;
to : gh_0c02969f70a6 ;
time : 1538325264 ;
type : trace ;
location_x : 30.524286 ;
location_y : 114.386749 ;

2018-10-01 00:34:24 params :
------------
Array:
message : Array ;
module : default ;
rule : -1 ;

2018-10-01 00:34:24 response :
------------
Array:
errno : -1 ;
message : Invaild value ;

2018-10-01 00:39:32 trace :
------------
Array:
tousername : gh_0c02969f70a6 ;
fromusername : oSI4LjyHUqsKQ2U6jJYcy4lCjBVA ;
createtime : 1538325572 ;
msgtype : event ;
event : VIEW ;
eventkey : http://jhzh66.com/app/index.php?i=8&c=entry&eid=194 ;
menuid : 427711210 ;
from : oSI4LjyHUqsKQ2U6jJYcy4lCjBVA ;
to : gh_0c02969f70a6 ;
time : 1538325572 ;
type : event ;

2018-10-01 00:39:32 params :
------------
Array:
message : Array ;
module : basic ;
rule : 1013 ;
priority : 0 ;
keyword : Array ;

2018-10-01 00:39:32 response :
------------
Array:
FromUserName : gh_0c02969f70a6 ;
ToUserName : oSI4LjyHUqsKQ2U6jJYcy4lCjBVA ;
MsgType : text ;
Content : 平台介绍
https://u.eqxiu.com/s/6szkjdIq   

代理商收益介绍
https://h.eqxiu.com/s/U4YBmmJj   

湖北电视台采访易货联盟，创始人张银清介绍换货模式
https://mp.weixin.qq.com/s/S2kwEW7LpSgPzxxAofmZlg ;

2018-10-01 00:40:51 trace :
------------
Array:
tousername : gh_0c02969f70a6 ;
fromusername : oSI4Lj4Pbwa3YZRGuppV2GUHagSE ;
createtime : 1538325651 ;
msgtype : event ;
event : VIEW ;
eventkey : http://jhzh66.com/app/index.php?i=8&c=entry&eid=194 ;
menuid : 427711210 ;
from : oSI4Lj4Pbwa3YZRGuppV2GUHagSE ;
to : gh_0c02969f70a6 ;
time : 1538325651 ;
type : event ;

2018-10-01 00:40:51 params :
------------
Array:
message : Array ;
module : basic ;
rule : 1013 ;
priority : 0 ;
keyword : Array ;

2018-10-01 00:40:51 response :
------------
Array:
FromUserName : gh_0c02969f70a6 ;
ToUserName : oSI4Lj4Pbwa3YZRGuppV2GUHagSE ;
MsgType : text ;
Content : 平台介绍
https://u.eqxiu.com/s/6szkjdIq   

代理商收益介绍
https://h.eqxiu.com/s/U4YBmmJj   

湖北电视台采访易货联盟，创始人张银清介绍换货模式
https://mp.weixin.qq.com/s/S2kwEW7LpSgPzxxAofmZlg ;

2018-10-01 00:40:58 trace :
------------
Array:
tousername : gh_0c02969f70a6 ;
fromusername : oSI4Lj4Pbwa3YZRGuppV2GUHagSE ;
createtime : 1538325658 ;
msgtype : event ;
event : VIEW ;
eventkey : http://jhzh66.com/app/index.php?i=8&c=entry&eid=194 ;
menuid : 427711210 ;
from : oSI4Lj4Pbwa3YZRGuppV2GUHagSE ;
to : gh_0c02969f70a6 ;
time : 1538325658 ;
type : event ;

2018-10-01 00:40:58 params :
------------
Array:
message : Array ;
module : basic ;
rule : 1013 ;
priority : 0 ;
keyword : Array ;

2018-10-01 00:40:58 response :
------------
Array:
FromUserName : gh_0c02969f70a6 ;
ToUserName : oSI4Lj4Pbwa3YZRGuppV2GUHagSE ;
MsgType : text ;
Content : 平台介绍
https://u.eqxiu.com/s/6szkjdIq   

代理商收益介绍
https://h.eqxiu.com/s/U4YBmmJj   

湖北电视台采访易货联盟，创始人张银清介绍换货模式
https://mp.weixin.qq.com/s/S2kwEW7LpSgPzxxAofmZlg ;

2018-10-01 00:42:31 trace :
------------
Array:
tousername : gh_0c02969f70a6 ;
fromusername : oSI4Lj4Pbwa3YZRGuppV2GUHagSE ;
createtime : 1538325751 ;
msgtype : event ;
event : VIEW ;
eventkey : http://jhzh66.com/app/index.php?i=8&c=entry&eid=194 ;
menuid : 427711210 ;
from : oSI4Lj4Pbwa3YZRGuppV2GUHagSE ;
to : gh_0c02969f70a6 ;
time : 1538325751 ;
type : event ;

2018-10-01 00:42:31 params :
------------
Array:
message : Array ;
module : basic ;
rule : 1013 ;
priority : 0 ;
keyword : Array ;

2018-10-01 00:42:31 response :
------------
Array:
FromUserName : gh_0c02969f70a6 ;
ToUserName : oSI4Lj4Pbwa3YZRGuppV2GUHagSE ;
MsgType : text ;
Content : 平台介绍
https://u.eqxiu.com/s/6szkjdIq   

代理商收益介绍
https://h.eqxiu.com/s/U4YBmmJj   

湖北电视台采访易货联盟，创始人张银清介绍换货模式
https://mp.weixin.qq.com/s/S2kwEW7LpSgPzxxAofmZlg ;

2018-10-01 02:25:47 trace :
------------
Array:
tousername : gh_0c02969f70a6 ;
fromusername : oSI4Lj3bkRCkSxd2o00Sp8wnhIto ;
createtime : 1538331947 ;
msgtype : event ;
event : LOCATION ;
latitude : 30.621464 ;
longitude : 114.383812 ;
precision : 65.000000 ;
from : oSI4Lj3bkRCkSxd2o00Sp8wnhIto ;
to : gh_0c02969f70a6 ;
time : 1538331947 ;
type : trace ;
location_x : 30.621464 ;
location_y : 114.383812 ;

2018-10-01 02:25:47 params :
------------
Array:
message : Array ;
module : default ;
rule : -1 ;

2018-10-01 02:25:47 response :
------------
Array:
errno : -1 ;
message : Invaild value ;

2018-10-01 02:25:58 trace :
------------
Array:
tousername : gh_0c02969f70a6 ;
fromusername : oSI4Lj3bkRCkSxd2o00Sp8wnhIto ;
createtime : 1538331958 ;
msgtype : event ;
event : LOCATION ;
latitude : 30.621794 ;
longitude : 114.383606 ;
precision : 50.000000 ;
from : oSI4Lj3bkRCkSxd2o00Sp8wnhIto ;
to : gh_0c02969f70a6 ;
time : 1538331958 ;
type : trace ;
location_x : 30.621794 ;
location_y : 114.383606 ;

2018-10-01 02:25:58 params :
------------
Array:
message : Array ;
module : default ;
rule : -1 ;

2018-10-01 02:25:58 response :
------------
Array:
errno : -1 ;
message : Invaild value ;

2018-10-01 02:26:03 trace :
------------
Array:
tousername : gh_0c02969f70a6 ;
fromusername : oSI4Lj3bkRCkSxd2o00Sp8wnhIto ;
createtime : 1538331963 ;
msgtype : event ;
event : LOCATION ;
latitude : 30.621845 ;
longitude : 114.383781 ;
precision : 10.000000 ;
from : oSI4Lj3bkRCkSxd2o00Sp8wnhIto ;
to : gh_0c02969f70a6 ;
time : 1538331963 ;
type : trace ;
location_x : 30.621845 ;
location_y : 114.383781 ;

2018-10-01 02:26:03 params :
------------
Array:
message : Array ;
module : default ;
rule : -1 ;

2018-10-01 02:26:03 response :
------------
Array:
errno : -1 ;
message : Invaild value ;

2018-10-01 02:26:08 trace :
------------
Array:
tousername : gh_0c02969f70a6 ;
fromusername : oSI4Lj3bkRCkSxd2o00Sp8wnhIto ;
createtime : 1538331968 ;
msgtype : event ;
event : LOCATION ;
latitude : 30.621681 ;
longitude : 114.383858 ;
precision : 10.000000 ;
from : oSI4Lj3bkRCkSxd2o00Sp8wnhIto ;
to : gh_0c02969f70a6 ;
time : 1538331968 ;
type : trace ;
location_x : 30.621681 ;
location_y : 114.383858 ;

2018-10-01 02:26:08 params :
------------
Array:
message : Array ;
module : default ;
rule : -1 ;

2018-10-01 02:26:08 response :
------------
Array:
errno : -1 ;
message : Invaild value ;

2018-10-01 02:26:14 trace :
------------
Array:
tousername : gh_0c02969f70a6 ;
fromusername : oSI4Lj3bkRCkSxd2o00Sp8wnhIto ;
createtime : 1538331974 ;
msgtype : event ;
event : LOCATION ;
latitude : 30.621775 ;
longitude : 114.383842 ;
precision : 10.000000 ;
from : oSI4Lj3bkRCkSxd2o00Sp8wnhIto ;
to : gh_0c02969f70a6 ;
time : 1538331974 ;
type : trace ;
location_x : 30.621775 ;
location_y : 114.383842 ;

2018-10-01 02:26:14 params :
------------
Array:
message : Array ;
module : default ;
rule : -1 ;

2018-10-01 02:26:14 response :
------------
Array:
errno : -1 ;
message : Invaild value ;

2018-10-01 06:47:56 trace :
------------
Array:
tousername : gh_0c02969f70a6 ;
fromusername : oSI4Ljwqf90JqkZiUrT42vSy7Og8 ;
createtime : 1538347676 ;
msgtype : event ;
event : VIEW ;
eventkey : http://jhzh66.com/app/index.php?i=8&c=entry&eid=194 ;
menuid : 427714297 ;
from : oSI4Ljwqf90JqkZiUrT42vSy7Og8 ;
to : gh_0c02969f70a6 ;
time : 1538347676 ;
type : event ;

2018-10-01 06:47:56 params :
------------
Array:
message : Array ;
module : basic ;
rule : 1013 ;
priority : 0 ;
keyword : Array ;

2018-10-01 06:47:56 response :
------------
Array:
FromUserName : gh_0c02969f70a6 ;
ToUserName : oSI4Ljwqf90JqkZiUrT42vSy7Og8 ;
MsgType : text ;
Content : 平台介绍
https://u.eqxiu.com/s/6szkjdIq   

代理商收益介绍
https://h.eqxiu.com/s/U4YBmmJj   

湖北电视台采访易货联盟，创始人张银清介绍换货模式
https://mp.weixin.qq.com/s/S2kwEW7LpSgPzxxAofmZlg ;

2018-10-01 07:06:56 trace :
------------
Array:
tousername : gh_0c02969f70a6 ;
fromusername : oSI4LjzGDzCztrhCP10C7-4flpE4 ;
createtime : 1538348816 ;
msgtype : event ;
event : VIEW ;
eventkey : http://jhzh66.com/app/index.php?i=8&c=entry&method=activity&p=activity&m=sz_yi&do=plugin ;
menuid : 427714297 ;
from : oSI4LjzGDzCztrhCP10C7-4flpE4 ;
to : gh_0c02969f70a6 ;
time : 1538348816 ;
type : event ;

2018-10-01 07:06:56 params :
------------
Array:
message : Array ;
module : basic ;
rule : 1080 ;
priority : 0 ;
keyword : Array ;

2018-10-01 07:06:56 response :
------------
Array:
FromUserName : gh_0c02969f70a6 ;
ToUserName : oSI4LjzGDzCztrhCP10C7-4flpE4 ;
MsgType : text ;
Content : 你提出的问题，小易机器人回答不了你，请拔打400-615-1519

平台介绍 https://u.eqxiu.com/s/6szkjdIq    

代理商收益介绍 https://h.eqxiu.com/s/U4YBmmJj      

湖北电视台采访易货联盟，创始人张银清为大家介绍易货换货模式货模式https://mp.weixin.qq.com/s/S2kwEW7LpSgPzxxAofmZlg

900元做网站开发、微信建站、小程序；专业做网站排名、关键词推广、产品营销策划，请后台留言手机号 ;

2018-10-01 07:44:00 trace :
------------
Array:
tousername : gh_0c02969f70a6 ;
fromusername : oSI4LjzGDzCztrhCP10C7-4flpE4 ;
createtime : 1538351040 ;
msgtype : event ;
event : VIEW ;
eventkey : http://jhzh66.com/app/index.php?i=8&c=entry&method=activity&p=activity&m=sz_yi&do=plugin ;
menuid : 427714297 ;
from : oSI4LjzGDzCztrhCP10C7-4flpE4 ;
to : gh_0c02969f70a6 ;
time : 1538351040 ;
type : event ;

2018-10-01 07:44:00 params :
------------
Array:
message : Array ;
module : basic ;
rule : 1080 ;
priority : 0 ;
keyword : Array ;

2018-10-01 07:44:00 response :
------------
Array:
FromUserName : gh_0c02969f70a6 ;
ToUserName : oSI4LjzGDzCztrhCP10C7-4flpE4 ;
MsgType : text ;
Content : 你提出的问题，小易机器人回答不了你，请拔打400-615-1519

平台介绍 https://u.eqxiu.com/s/6szkjdIq    

代理商收益介绍 https://h.eqxiu.com/s/U4YBmmJj      

湖北电视台采访易货联盟，创始人张银清为大家介绍易货换货模式货模式https://mp.weixin.qq.com/s/S2kwEW7LpSgPzxxAofmZlg

900元做网站开发、微信建站、小程序；专业做网站排名、关键词推广、产品营销策划，请后台留言手机号 ;

2018-10-01 07:44:35 trace :
------------
Array:
tousername : gh_0c02969f70a6 ;
fromusername : oSI4LjzGDzCztrhCP10C7-4flpE4 ;
createtime : 1538351075 ;
msgtype : event ;
event : VIEW ;
eventkey : http://jhzh66.com/app/index.php?i=8&c=entry&eid=194 ;
menuid : 427714297 ;
from : oSI4LjzGDzCztrhCP10C7-4flpE4 ;
to : gh_0c02969f70a6 ;
time : 1538351075 ;
type : event ;

2018-10-01 07:44:35 params :
------------
Array:
message : Array ;
module : basic ;
rule : 1013 ;
priority : 0 ;
keyword : Array ;

2018-10-01 07:44:35 response :
------------
Array:
FromUserName : gh_0c02969f70a6 ;
ToUserName : oSI4LjzGDzCztrhCP10C7-4flpE4 ;
MsgType : text ;
Content : 平台介绍
https://u.eqxiu.com/s/6szkjdIq   

代理商收益介绍
https://h.eqxiu.com/s/U4YBmmJj   

湖北电视台采访易货联盟，创始人张银清介绍换货模式
https://mp.weixin.qq.com/s/S2kwEW7LpSgPzxxAofmZlg ;

2018-10-01 09:01:57 trace :
------------
Array:
tousername : gh_0c02969f70a6 ;
fromusername : oSI4Lj_wir_hI7CIcoXUous4ECAM ;
createtime : 1538355717 ;
msgtype : event ;
event : TEMPLATESENDJOBFINISH ;
msgid : 482570557955866628 ;
status : success ;
from : oSI4Lj_wir_hI7CIcoXUous4ECAM ;
to : gh_0c02969f70a6 ;
time : 1538355717 ;
type : event ;

2018-10-01 09:01:57 params :
------------
Array:
message : Array ;
module : basic ;
rule : 1080 ;
priority : 0 ;
keyword : Array ;

2018-10-01 09:01:57 response :
------------
Array:
FromUserName : gh_0c02969f70a6 ;
ToUserName : oSI4Lj_wir_hI7CIcoXUous4ECAM ;
MsgType : text ;
Content : 你提出的问题，小易机器人回答不了你，请拔打400-615-1519

平台介绍 https://u.eqxiu.com/s/6szkjdIq    

代理商收益介绍 https://h.eqxiu.com/s/U4YBmmJj      

湖北电视台采访易货联盟，创始人张银清为大家介绍易货换货模式货模式https://mp.weixin.qq.com/s/S2kwEW7LpSgPzxxAofmZlg

900元做网站开发、微信建站、小程序；专业做网站排名、关键词推广、产品营销策划，请后台留言手机号 ;

2018-10-01 09:01:57 trace :
------------
Array:
tousername : gh_0c02969f70a6 ;
fromusername : oSI4Lj-mQFi0cVrtdhb5LRhxTXRo ;
createtime : 1538355717 ;
msgtype : event ;
event : TEMPLATESENDJOBFINISH ;
msgid : 482570559163809792 ;
status : success ;
from : oSI4Lj-mQFi0cVrtdhb5LRhxTXRo ;
to : gh_0c02969f70a6 ;
time : 1538355717 ;
type : event ;

2018-10-01 09:01:57 params :
------------
Array:
message : Array ;
module : basic ;
rule : 1080 ;
priority : 0 ;
keyword : Array ;

2018-10-01 09:01:57 response :
------------
Array:
FromUserName : gh_0c02969f70a6 ;
ToUserName : oSI4Lj-mQFi0cVrtdhb5LRhxTXRo ;
MsgType : text ;
Content : 你提出的问题，小易机器人回答不了你，请拔打400-615-1519

平台介绍 https://u.eqxiu.com/s/6szkjdIq    

代理商收益介绍 https://h.eqxiu.com/s/U4YBmmJj      

湖北电视台采访易货联盟，创始人张银清为大家介绍易货换货模式货模式https://mp.weixin.qq.com/s/S2kwEW7LpSgPzxxAofmZlg

900元做网站开发、微信建站、小程序；专业做网站排名、关键词推广、产品营销策划，请后台留言手机号 ;

2018-10-01 09:11:53 trace :
------------
Array:
tousername : gh_0c02969f70a6 ;
fromusername : oSI4Lj5qytSaaV_bBuFFOUC3BHMM ;
createtime : 1538356313 ;
msgtype : event ;
event : LOCATION ;
latitude : 36.506207 ;
longitude : 117.010201 ;
precision : 90.000000 ;
from : oSI4Lj5qytSaaV_bBuFFOUC3BHMM ;
to : gh_0c02969f70a6 ;
time : 1538356313 ;
type : trace ;
location_x : 36.506207 ;
location_y : 117.010201 ;

2018-10-01 09:11:53 params :
------------
Array:
message : Array ;
module : default ;
rule : -1 ;

2018-10-01 09:11:53 response :
------------
Array:
errno : -1 ;
message : Invaild value ;

2018-10-01 09:11:58 trace :
------------
Array:
tousername : gh_0c02969f70a6 ;
fromusername : oSI4Lj5qytSaaV_bBuFFOUC3BHMM ;
createtime : 1538356318 ;
msgtype : event ;
event : LOCATION ;
latitude : 36.506207 ;
longitude : 117.010201 ;
precision : 90.000000 ;
from : oSI4Lj5qytSaaV_bBuFFOUC3BHMM ;
to : gh_0c02969f70a6 ;
time : 1538356318 ;
type : trace ;
location_x : 36.506207 ;
location_y : 117.010201 ;

2018-10-01 09:11:58 params :
------------
Array:
message : Array ;
module : default ;
rule : -1 ;

2018-10-01 09:11:58 response :
------------
Array:
errno : -1 ;
message : Invaild value ;

2018-10-01 09:12:03 trace :
------------
Array:
tousername : gh_0c02969f70a6 ;
fromusername : oSI4Lj5qytSaaV_bBuFFOUC3BHMM ;
createtime : 1538356323 ;
msgtype : event ;
event : VIEW ;
eventkey : http://jhzh66.com/app/index.php?i=8&c=entry&eid=198 ;
menuid : 427714297 ;
from : oSI4Lj5qytSaaV_bBuFFOUC3BHMM ;
to : gh_0c02969f70a6 ;
time : 1538356323 ;
type : event ;

2018-10-01 09:12:03 params :
------------
Array:
message : Array ;
module : basic ;
rule : 1013 ;
priority : 0 ;
keyword : Array ;

2018-10-01 09:12:03 response :
------------
Array:
FromUserName : gh_0c02969f70a6 ;
ToUserName : oSI4Lj5qytSaaV_bBuFFOUC3BHMM ;
MsgType : text ;
Content : 平台介绍
https://u.eqxiu.com/s/6szkjdIq   

代理商收益介绍
https://h.eqxiu.com/s/U4YBmmJj   

湖北电视台采访易货联盟，创始人张银清介绍换货模式
https://mp.weixin.qq.com/s/S2kwEW7LpSgPzxxAofmZlg ;

2018-10-01 09:12:42 trace :
------------
Array:
tousername : gh_0c02969f70a6 ;
fromusername : oSI4Lj5qytSaaV_bBuFFOUC3BHMM ;
createtime : 1538356361 ;
msgtype : event ;
event : LOCATION ;
latitude : 36.506207 ;
longitude : 117.010201 ;
precision : 90.000000 ;
from : oSI4Lj5qytSaaV_bBuFFOUC3BHMM ;
to : gh_0c02969f70a6 ;
time : 1538356361 ;
type : trace ;
location_x : 36.506207 ;
location_y : 117.010201 ;

2018-10-01 09:12:42 params :
------------
Array:
message : Array ;
module : default ;
rule : -1 ;

2018-10-01 09:12:42 response :
------------
Array:
errno : -1 ;
message : Invaild value ;

2018-10-01 09:12:47 trace :
------------
Array:
tousername : gh_0c02969f70a6 ;
fromusername : oSI4Lj5qytSaaV_bBuFFOUC3BHMM ;
createtime : 1538356367 ;
msgtype : event ;
event : VIEW ;
eventkey : http://jhzh66.com/app/index.php?i=8&c=entry&eid=194 ;
menuid : 427714297 ;
from : oSI4Lj5qytSaaV_bBuFFOUC3BHMM ;
to : gh_0c02969f70a6 ;
time : 1538356367 ;
type : event ;

2018-10-01 09:12:47 params :
------------
Array:
message : Array ;
module : basic ;
rule : 1013 ;
priority : 0 ;
keyword : Array ;

2018-10-01 09:12:47 response :
------------
Array:
FromUserName : gh_0c02969f70a6 ;
ToUserName : oSI4Lj5qytSaaV_bBuFFOUC3BHMM ;
MsgType : text ;
Content : 平台介绍
https://u.eqxiu.com/s/6szkjdIq   

代理商收益介绍
https://h.eqxiu.com/s/U4YBmmJj   

湖北电视台采访易货联盟，创始人张银清介绍换货模式
https://mp.weixin.qq.com/s/S2kwEW7LpSgPzxxAofmZlg ;

2018-10-01 09:12:57 trace :
------------
Array:
tousername : gh_0c02969f70a6 ;
fromusername : oSI4Lj5qytSaaV_bBuFFOUC3BHMM ;
createtime : 1538356377 ;
msgtype : event ;
event : VIEW ;
eventkey : http://jhzh66.com/app/index.php?i=8&c=entry&eid=194 ;
menuid : 427714297 ;
from : oSI4Lj5qytSaaV_bBuFFOUC3BHMM ;
to : gh_0c02969f70a6 ;
time : 1538356377 ;
type : event ;

2018-10-01 09:12:57 params :
------------
Array:
message : Array ;
module : basic ;
rule : 1013 ;
priority : 0 ;
keyword : Array ;

2018-10-01 09:12:57 response :
------------
Array:
FromUserName : gh_0c02969f70a6 ;
ToUserName : oSI4Lj5qytSaaV_bBuFFOUC3BHMM ;
MsgType : text ;
Content : 平台介绍
https://u.eqxiu.com/s/6szkjdIq   

代理商收益介绍
https://h.eqxiu.com/s/U4YBmmJj   

湖北电视台采访易货联盟，创始人张银清介绍换货模式
https://mp.weixin.qq.com/s/S2kwEW7LpSgPzxxAofmZlg ;

2018-10-01 09:16:56 trace :
------------
Array:
tousername : gh_0c02969f70a6 ;
fromusername : oSI4Lj5qytSaaV_bBuFFOUC3BHMM ;
createtime : 1538356616 ;
msgtype : event ;
event : LOCATION ;
latitude : 36.506207 ;
longitude : 117.010201 ;
precision : 20.000000 ;
from : oSI4Lj5qytSaaV_bBuFFOUC3BHMM ;
to : gh_0c02969f70a6 ;
time : 1538356616 ;
type : trace ;
location_x : 36.506207 ;
location_y : 117.010201 ;

2018-10-01 09:16:56 params :
------------
Array:
message : Array ;
module : default ;
rule : -1 ;

2018-10-01 09:16:56 response :
------------
Array:
errno : -1 ;
message : Invaild value ;

2018-10-01 09:17:02 trace :
------------
Array:
tousername : gh_0c02969f70a6 ;
fromusername : oSI4Lj5qytSaaV_bBuFFOUC3BHMM ;
createtime : 1538356622 ;
msgtype : event ;
event : LOCATION ;
latitude : 36.506207 ;
longitude : 117.010201 ;
precision : 20.000000 ;
from : oSI4Lj5qytSaaV_bBuFFOUC3BHMM ;
to : gh_0c02969f70a6 ;
time : 1538356622 ;
type : trace ;
location_x : 36.506207 ;
location_y : 117.010201 ;

2018-10-01 09:17:02 params :
------------
Array:
message : Array ;
module : default ;
rule : -1 ;

2018-10-01 09:17:02 response :
------------
Array:
errno : -1 ;
message : Invaild value ;

2018-10-01 09:17:08 trace :
------------
Array:
tousername : gh_0c02969f70a6 ;
fromusername : oSI4Lj5qytSaaV_bBuFFOUC3BHMM ;
createtime : 1538356628 ;
msgtype : event ;
event : LOCATION ;
latitude : 36.506207 ;
longitude : 117.010201 ;
precision : 20.000000 ;
from : oSI4Lj5qytSaaV_bBuFFOUC3BHMM ;
to : gh_0c02969f70a6 ;
time : 1538356628 ;
type : trace ;
location_x : 36.506207 ;
location_y : 117.010201 ;

2018-10-01 09:17:08 params :
------------
Array:
message : Array ;
module : default ;
rule : -1 ;

2018-10-01 09:17:08 response :
------------
Array:
errno : -1 ;
message : Invaild value ;

2018-10-01 09:17:14 trace :
------------
Array:
tousername : gh_0c02969f70a6 ;
fromusername : oSI4Lj5qytSaaV_bBuFFOUC3BHMM ;
createtime : 1538356634 ;
msgtype : event ;
event : LOCATION ;
latitude : 36.506207 ;
longitude : 117.010201 ;
precision : 20.000000 ;
from : oSI4Lj5qytSaaV_bBuFFOUC3BHMM ;
to : gh_0c02969f70a6 ;
time : 1538356634 ;
type : trace ;
location_x : 36.506207 ;
location_y : 117.010201 ;

2018-10-01 09:17:14 params :
------------
Array:
message : Array ;
module : default ;
rule : -1 ;

2018-10-01 09:17:14 response :
------------
Array:
errno : -1 ;
message : Invaild value ;

2018-10-01 09:17:20 trace :
------------
Array:
tousername : gh_0c02969f70a6 ;
fromusername : oSI4Lj5qytSaaV_bBuFFOUC3BHMM ;
createtime : 1538356640 ;
msgtype : event ;
event : LOCATION ;
latitude : 36.506207 ;
longitude : 117.010201 ;
precision : 20.000000 ;
from : oSI4Lj5qytSaaV_bBuFFOUC3BHMM ;
to : gh_0c02969f70a6 ;
time : 1538356640 ;
type : trace ;
location_x : 36.506207 ;
location_y : 117.010201 ;

2018-10-01 09:17:20 params :
------------
Array:
message : Array ;
module : default ;
rule : -1 ;

2018-10-01 09:17:20 response :
------------
Array:
errno : -1 ;
message : Invaild value ;

2018-10-01 09:17:26 trace :
------------
Array:
tousername : gh_0c02969f70a6 ;
fromusername : oSI4Lj5qytSaaV_bBuFFOUC3BHMM ;
createtime : 1538356646 ;
msgtype : event ;
event : LOCATION ;
latitude : 36.506207 ;
longitude : 117.010201 ;
precision : 20.000000 ;
from : oSI4Lj5qytSaaV_bBuFFOUC3BHMM ;
to : gh_0c02969f70a6 ;
time : 1538356646 ;
type : trace ;
location_x : 36.506207 ;
location_y : 117.010201 ;

2018-10-01 09:17:26 params :
------------
Array:
message : Array ;
module : default ;
rule : -1 ;

2018-10-01 09:17:26 response :
------------
Array:
errno : -1 ;
message : Invaild value ;

2018-10-01 09:17:32 trace :
------------
Array:
tousername : gh_0c02969f70a6 ;
fromusername : oSI4Lj5qytSaaV_bBuFFOUC3BHMM ;
createtime : 1538356652 ;
msgtype : event ;
event : LOCATION ;
latitude : 36.506207 ;
longitude : 117.010201 ;
precision : 90.000000 ;
from : oSI4Lj5qytSaaV_bBuFFOUC3BHMM ;
to : gh_0c02969f70a6 ;
time : 1538356652 ;
type : trace ;
location_x : 36.506207 ;
location_y : 117.010201 ;

2018-10-01 09:17:32 params :
------------
Array:
message : Array ;
module : default ;
rule : -1 ;

2018-10-01 09:17:32 response :
------------
Array:
errno : -1 ;
message : Invaild value ;

2018-10-01 09:17:38 trace :
------------
Array:
tousername : gh_0c02969f70a6 ;
fromusername : oSI4Lj5qytSaaV_bBuFFOUC3BHMM ;
createtime : 1538356658 ;
msgtype : event ;
event : LOCATION ;
latitude : 36.506207 ;
longitude : 117.010201 ;
precision : 90.000000 ;
from : oSI4Lj5qytSaaV_bBuFFOUC3BHMM ;
to : gh_0c02969f70a6 ;
time : 1538356658 ;
type : trace ;
location_x : 36.506207 ;
location_y : 117.010201 ;

2018-10-01 09:17:38 params :
------------
Array:
message : Array ;
module : default ;
rule : -1 ;

2018-10-01 09:17:38 response :
------------
Array:
errno : -1 ;
message : Invaild value ;

2018-10-01 09:17:39 trace :
------------
Array:
tousername : gh_0c02969f70a6 ;
fromusername : oSI4Lj5qytSaaV_bBuFFOUC3BHMM ;
createtime : 1538356659 ;
msgtype : event ;
event : VIEW ;
eventkey : http://jhzh66.com/app/index.php?i=8&c=entry&eid=194 ;
menuid : 427714297 ;
from : oSI4Lj5qytSaaV_bBuFFOUC3BHMM ;
to : gh_0c02969f70a6 ;
time : 1538356659 ;
type : event ;

2018-10-01 09:17:39 params :
------------
Array:
message : Array ;
module : basic ;
rule : 1013 ;
priority : 0 ;
keyword : Array ;

2018-10-01 09:17:39 response :
------------
Array:
FromUserName : gh_0c02969f70a6 ;
ToUserName : oSI4Lj5qytSaaV_bBuFFOUC3BHMM ;
MsgType : text ;
Content : 平台介绍
https://u.eqxiu.com/s/6szkjdIq   

代理商收益介绍
https://h.eqxiu.com/s/U4YBmmJj   

湖北电视台采访易货联盟，创始人张银清介绍换货模式
https://mp.weixin.qq.com/s/S2kwEW7LpSgPzxxAofmZlg ;

2018-10-01 09:17:51 trace :
------------
Array:
tousername : gh_0c02969f70a6 ;
fromusername : oSI4Lj5qytSaaV_bBuFFOUC3BHMM ;
createtime : 1538356671 ;
msgtype : event ;
event : VIEW ;
eventkey : http://jhzh66.com/app/index.php?i=8&c=entry&eid=194 ;
menuid : 427714297 ;
from : oSI4Lj5qytSaaV_bBuFFOUC3BHMM ;
to : gh_0c02969f70a6 ;
time : 1538356671 ;
type : event ;

2018-10-01 09:17:51 params :
------------
Array:
message : Array ;
module : basic ;
rule : 1013 ;
priority : 0 ;
keyword : Array ;

2018-10-01 09:17:51 response :
------------
Array:
FromUserName : gh_0c02969f70a6 ;
ToUserName : oSI4Lj5qytSaaV_bBuFFOUC3BHMM ;
MsgType : text ;
Content : 平台介绍
https://u.eqxiu.com/s/6szkjdIq   

代理商收益介绍
https://h.eqxiu.com/s/U4YBmmJj   

湖北电视台采访易货联盟，创始人张银清介绍换货模式
https://mp.weixin.qq.com/s/S2kwEW7LpSgPzxxAofmZlg ;

2018-10-01 09:18:04 trace :
------------
Array:
tousername : gh_0c02969f70a6 ;
fromusername : oSI4Lj5qytSaaV_bBuFFOUC3BHMM ;
createtime : 1538356684 ;
msgtype : event ;
event : VIEW ;
eventkey : http://jhzh66.com/app/index.php?i=8&c=entry&eid=194 ;
menuid : 427714297 ;
from : oSI4Lj5qytSaaV_bBuFFOUC3BHMM ;
to : gh_0c02969f70a6 ;
time : 1538356684 ;
type : event ;

2018-10-01 09:18:04 params :
------------
Array:
message : Array ;
module : basic ;
rule : 1013 ;
priority : 0 ;
keyword : Array ;

2018-10-01 09:18:04 response :
------------
Array:
FromUserName : gh_0c02969f70a6 ;
ToUserName : oSI4Lj5qytSaaV_bBuFFOUC3BHMM ;
MsgType : text ;
Content : 平台介绍
https://u.eqxiu.com/s/6szkjdIq   

代理商收益介绍
https://h.eqxiu.com/s/U4YBmmJj   

湖北电视台采访易货联盟，创始人张银清介绍换货模式
https://mp.weixin.qq.com/s/S2kwEW7LpSgPzxxAofmZlg ;

2018-10-01 09:40:36 trace :
------------
Array:
tousername : gh_0c02969f70a6 ;
fromusername : oSI4Lj2MZqDFSmJ-Ng-qm7lQEWoI ;
createtime : 1538358036 ;
msgtype : event ;
event : LOCATION ;
latitude : 34.444946 ;
longitude : 113.491631 ;
precision : 30.000000 ;
from : oSI4Lj2MZqDFSmJ-Ng-qm7lQEWoI ;
to : gh_0c02969f70a6 ;
time : 1538358036 ;
type : trace ;
location_x : 34.444946 ;
location_y : 113.491631 ;

2018-10-01 09:40:36 params :
------------
Array:
message : Array ;
module : default ;
rule : -1 ;

2018-10-01 09:40:36 response :
------------
Array:
errno : -1 ;
message : Invaild value ;

2018-10-01 09:40:38 trace :
------------
Array:
tousername : gh_0c02969f70a6 ;
fromusername : oSI4Lj2MZqDFSmJ-Ng-qm7lQEWoI ;
createtime : 1538358038 ;
msgtype : event ;
event : VIEW ;
eventkey : http://jhzh66.com/app/index.php?i=8&c=entry&eid=198 ;
menuid : 427714297 ;
from : oSI4Lj2MZqDFSmJ-Ng-qm7lQEWoI ;
to : gh_0c02969f70a6 ;
time : 1538358038 ;
type : event ;

2018-10-01 09:40:38 params :
------------
Array:
message : Array ;
module : basic ;
rule : 1013 ;
priority : 0 ;
keyword : Array ;

2018-10-01 09:40:38 response :
------------
Array:
FromUserName : gh_0c02969f70a6 ;
ToUserName : oSI4Lj2MZqDFSmJ-Ng-qm7lQEWoI ;
MsgType : text ;
Content : 平台介绍
https://u.eqxiu.com/s/6szkjdIq   

代理商收益介绍
https://h.eqxiu.com/s/U4YBmmJj   

湖北电视台采访易货联盟，创始人张银清介绍换货模式
https://mp.weixin.qq.com/s/S2kwEW7LpSgPzxxAofmZlg ;

2018-10-01 09:42:27 trace :
------------
Array:
tousername : gh_0c02969f70a6 ;
fromusername : oSI4Lj2MZqDFSmJ-Ng-qm7lQEWoI ;
createtime : 1538358147 ;
msgtype : event ;
event : LOCATION ;
latitude : 34.444881 ;
longitude : 113.491531 ;
precision : 20.000000 ;
from : oSI4Lj2MZqDFSmJ-Ng-qm7lQEWoI ;
to : gh_0c02969f70a6 ;
time : 1538358147 ;
type : trace ;
location_x : 34.444881 ;
location_y : 113.491531 ;

2018-10-01 09:42:27 params :
------------
Array:
message : Array ;
module : default ;
rule : -1 ;

2018-10-01 09:42:27 response :
------------
Array:
errno : -1 ;
message : Invaild value ;

2018-10-01 09:42:31 trace :
------------
Array:
tousername : gh_0c02969f70a6 ;
fromusername : oSI4Lj2MZqDFSmJ-Ng-qm7lQEWoI ;
createtime : 1538358151 ;
msgtype : event ;
event : VIEW ;
eventkey : http://jhzh66.com/app/index.php?i=8&c=entry&eid=194 ;
menuid : 427714297 ;
from : oSI4Lj2MZqDFSmJ-Ng-qm7lQEWoI ;
to : gh_0c02969f70a6 ;
time : 1538358151 ;
type : event ;

2018-10-01 09:42:31 params :
------------
Array:
message : Array ;
module : basic ;
rule : 1013 ;
priority : 0 ;
keyword : Array ;

2018-10-01 09:42:31 response :
------------
Array:
FromUserName : gh_0c02969f70a6 ;
ToUserName : oSI4Lj2MZqDFSmJ-Ng-qm7lQEWoI ;
MsgType : text ;
Content : 平台介绍
https://u.eqxiu.com/s/6szkjdIq   

代理商收益介绍
https://h.eqxiu.com/s/U4YBmmJj   

湖北电视台采访易货联盟，创始人张银清介绍换货模式
https://mp.weixin.qq.com/s/S2kwEW7LpSgPzxxAofmZlg ;

2018-10-01 09:42:32 trace :
------------
Array:
tousername : gh_0c02969f70a6 ;
fromusername : oSI4Lj2MZqDFSmJ-Ng-qm7lQEWoI ;
createtime : 1538358152 ;
msgtype : event ;
event : VIEW ;
eventkey : http://jhzh66.com/app/index.php?i=8&c=entry&eid=194 ;
menuid : 427714297 ;
from : oSI4Lj2MZqDFSmJ-Ng-qm7lQEWoI ;
to : gh_0c02969f70a6 ;
time : 1538358152 ;
type : event ;

2018-10-01 09:42:32 params :
------------
Array:
message : Array ;
module : basic ;
rule : 1013 ;
priority : 0 ;
keyword : Array ;

2018-10-01 09:42:32 response :
------------
Array:
FromUserName : gh_0c02969f70a6 ;
ToUserName : oSI4Lj2MZqDFSmJ-Ng-qm7lQEWoI ;
MsgType : text ;
Content : 平台介绍
https://u.eqxiu.com/s/6szkjdIq   

代理商收益介绍
https://h.eqxiu.com/s/U4YBmmJj   

湖北电视台采访易货联盟，创始人张银清介绍换货模式
https://mp.weixin.qq.com/s/S2kwEW7LpSgPzxxAofmZlg ;

2018-10-01 09:43:24 trace :
------------
Array:
tousername : gh_0c02969f70a6 ;
fromusername : oSI4Lj2MZqDFSmJ-Ng-qm7lQEWoI ;
createtime : 1538358203 ;
msgtype : event ;
event : LOCATION ;
latitude : 34.444881 ;
longitude : 113.491531 ;
precision : 20.000000 ;
from : oSI4Lj2MZqDFSmJ-Ng-qm7lQEWoI ;
to : gh_0c02969f70a6 ;
time : 1538358203 ;
type : trace ;
location_x : 34.444881 ;
location_y : 113.491531 ;

2018-10-01 09:43:24 params :
------------
Array:
message : Array ;
module : default ;
rule : -1 ;

2018-10-01 09:43:24 response :
------------
Array:
errno : -1 ;
message : Invaild value ;

2018-10-01 10:04:08 trace :
------------
Array:
tousername : gh_0c02969f70a6 ;
fromusername : oSI4Lj_wir_hI7CIcoXUous4ECAM ;
createtime : 1538359448 ;
msgtype : event ;
event : LOCATION ;
latitude : 35.398666 ;
longitude : 116.615814 ;
precision : 30.000000 ;
from : oSI4Lj_wir_hI7CIcoXUous4ECAM ;
to : gh_0c02969f70a6 ;
time : 1538359448 ;
type : trace ;
location_x : 35.398666 ;
location_y : 116.615814 ;

2018-10-01 10:04:08 params :
------------
Array:
message : Array ;
module : default ;
rule : -1 ;

2018-10-01 10:04:08 response :
------------
Array:
errno : -1 ;
message : Invaild value ;

2018-10-01 10:32:55 trace :
------------
Array:
tousername : gh_0c02969f70a6 ;
fromusername : oSI4Lj9noDDvKudq42_noiswWAKM ;
createtime : 1538361174 ;
msgtype : event ;
event : LOCATION ;
latitude : 30.512505 ;
longitude : 114.390800 ;
precision : 65.000000 ;
from : oSI4Lj9noDDvKudq42_noiswWAKM ;
to : gh_0c02969f70a6 ;
time : 1538361174 ;
type : trace ;
location_x : 30.512505 ;
location_y : 114.390800 ;

2018-10-01 10:32:55 params :
------------
Array:
message : Array ;
module : default ;
rule : -1 ;

2018-10-01 10:32:55 response :
------------
Array:
errno : -1 ;
message : Invaild value ;

2018-10-01 10:32:55 trace :
------------
Array:
tousername : gh_0c02969f70a6 ;
fromusername : oSI4Lj9noDDvKudq42_noiswWAKM ;
createtime : 1538361175 ;
msgtype : event ;
event : VIEW ;
eventkey : http://jhzh66.com/app/index.php?i=8&c=entry&eid=194 ;
menuid : 427714297 ;
from : oSI4Lj9noDDvKudq42_noiswWAKM ;
to : gh_0c02969f70a6 ;
time : 1538361175 ;
type : event ;

2018-10-01 10:32:55 params :
------------
Array:
message : Array ;
module : basic ;
rule : 1013 ;
priority : 0 ;
keyword : Array ;

2018-10-01 10:32:55 response :
------------
Array:
FromUserName : gh_0c02969f70a6 ;
ToUserName : oSI4Lj9noDDvKudq42_noiswWAKM ;
MsgType : text ;
Content : 平台介绍
https://u.eqxiu.com/s/6szkjdIq   

代理商收益介绍
https://h.eqxiu.com/s/U4YBmmJj   

湖北电视台采访易货联盟，创始人张银清介绍换货模式
https://mp.weixin.qq.com/s/S2kwEW7LpSgPzxxAofmZlg ;

2018-10-01 10:33:01 trace :
------------
Array:
tousername : gh_0c02969f70a6 ;
fromusername : oSI4Lj9noDDvKudq42_noiswWAKM ;
createtime : 1538361181 ;
msgtype : event ;
event : LOCATION ;
latitude : 30.512497 ;
longitude : 114.390465 ;
precision : 65.000000 ;
from : oSI4Lj9noDDvKudq42_noiswWAKM ;
to : gh_0c02969f70a6 ;
time : 1538361181 ;
type : trace ;
location_x : 30.512497 ;
location_y : 114.390465 ;

2018-10-01 10:33:01 params :
------------
Array:
message : Array ;
module : default ;
rule : -1 ;

2018-10-01 10:33:01 response :
------------
Array:
errno : -1 ;
message : Invaild value ;

2018-10-01 10:33:07 trace :
------------
Array:
tousername : gh_0c02969f70a6 ;
fromusername : oSI4Lj9noDDvKudq42_noiswWAKM ;
createtime : 1538361187 ;
msgtype : event ;
event : LOCATION ;
latitude : 30.512480 ;
longitude : 114.390533 ;
precision : 65.000000 ;
from : oSI4Lj9noDDvKudq42_noiswWAKM ;
to : gh_0c02969f70a6 ;
time : 1538361187 ;
type : trace ;
location_x : 30.512480 ;
location_y : 114.390533 ;

2018-10-01 10:33:07 params :
------------
Array:
message : Array ;
module : default ;
rule : -1 ;

2018-10-01 10:33:07 response :
------------
Array:
errno : -1 ;
message : Invaild value ;

2018-10-01 10:33:14 trace :
------------
Array:
tousername : gh_0c02969f70a6 ;
fromusername : oSI4Lj9noDDvKudq42_noiswWAKM ;
createtime : 1538361194 ;
msgtype : event ;
event : LOCATION ;
latitude : 30.512487 ;
longitude : 114.390518 ;
precision : 65.000000 ;
from : oSI4Lj9noDDvKudq42_noiswWAKM ;
to : gh_0c02969f70a6 ;
time : 1538361194 ;
type : trace ;
location_x : 30.512487 ;
location_y : 114.390518 ;

2018-10-01 10:33:14 params :
------------
Array:
message : Array ;
module : default ;
rule : -1 ;

2018-10-01 10:33:14 response :
------------
Array:
errno : -1 ;
message : Invaild value ;

2018-10-01 10:33:20 trace :
------------
Array:
tousername : gh_0c02969f70a6 ;
fromusername : oSI4Lj9noDDvKudq42_noiswWAKM ;
createtime : 1538361200 ;
msgtype : event ;
event : LOCATION ;
latitude : 30.512486 ;
longitude : 114.390518 ;
precision : 65.000000 ;
from : oSI4Lj9noDDvKudq42_noiswWAKM ;
to : gh_0c02969f70a6 ;
time : 1538361200 ;
type : trace ;
location_x : 30.512486 ;
location_y : 114.390518 ;

2018-10-01 10:33:20 params :
------------
Array:
message : Array ;
module : default ;
rule : -1 ;

2018-10-01 10:33:20 response :
------------
Array:
errno : -1 ;
message : Invaild value ;

2018-10-01 10:33:27 trace :
------------
Array:
tousername : gh_0c02969f70a6 ;
fromusername : oSI4Lj9noDDvKudq42_noiswWAKM ;
createtime : 1538361207 ;
msgtype : event ;
event : LOCATION ;
latitude : 30.512465 ;
longitude : 114.390541 ;
precision : 65.000000 ;
from : oSI4Lj9noDDvKudq42_noiswWAKM ;
to : gh_0c02969f70a6 ;
time : 1538361207 ;
type : trace ;
location_x : 30.512465 ;
location_y : 114.390541 ;

2018-10-01 10:33:27 params :
------------
Array:
message : Array ;
module : default ;
rule : -1 ;

2018-10-01 10:33:27 response :
------------
Array:
errno : -1 ;
message : Invaild value ;

2018-10-01 10:33:34 trace :
------------
Array:
tousername : gh_0c02969f70a6 ;
fromusername : oSI4Lj9noDDvKudq42_noiswWAKM ;
createtime : 1538361214 ;
msgtype : event ;
event : LOCATION ;
latitude : 30.512487 ;
longitude : 114.390533 ;
precision : 65.000000 ;
from : oSI4Lj9noDDvKudq42_noiswWAKM ;
to : gh_0c02969f70a6 ;
time : 1538361214 ;
type : trace ;
location_x : 30.512487 ;
location_y : 114.390533 ;

2018-10-01 10:33:34 params :
------------
Array:
message : Array ;
module : default ;
rule : -1 ;

2018-10-01 10:33:34 response :
------------
Array:
errno : -1 ;
message : Invaild value ;

2018-10-01 10:33:45 trace :
------------
Array:
tousername : gh_0c02969f70a6 ;
fromusername : oSI4Lj9noDDvKudq42_noiswWAKM ;
createtime : 1538361225 ;
msgtype : event ;
event : LOCATION ;
latitude : 30.512487 ;
longitude : 114.390533 ;
precision : 65.000000 ;
from : oSI4Lj9noDDvKudq42_noiswWAKM ;
to : gh_0c02969f70a6 ;
time : 1538361225 ;
type : trace ;
location_x : 30.512487 ;
location_y : 114.390533 ;

2018-10-01 10:33:45 params :
------------
Array:
message : Array ;
module : default ;
rule : -1 ;

2018-10-01 10:33:45 response :
------------
Array:
errno : -1 ;
message : Invaild value ;

2018-10-01 10:52:55 trace :
------------
Array:
tousername : gh_0c02969f70a6 ;
fromusername : oSI4Lj0GkuUnq_05j7rCq6FJdxwU ;
createtime : 1538362375 ;
msgtype : event ;
event : VIEW ;
eventkey : http://jhzh66.com/app/index.php?i=8&c=entry&eid=198 ;
menuid : 427714297 ;
from : oSI4Lj0GkuUnq_05j7rCq6FJdxwU ;
to : gh_0c02969f70a6 ;
time : 1538362375 ;
type : event ;

2018-10-01 10:52:55 params :
------------
Array:
message : Array ;
module : basic ;
rule : 1013 ;
priority : 0 ;
keyword : Array ;

2018-10-01 10:52:55 response :
------------
Array:
FromUserName : gh_0c02969f70a6 ;
ToUserName : oSI4Lj0GkuUnq_05j7rCq6FJdxwU ;
MsgType : text ;
Content : 平台介绍
https://u.eqxiu.com/s/6szkjdIq   

代理商收益介绍
https://h.eqxiu.com/s/U4YBmmJj   

湖北电视台采访易货联盟，创始人张银清介绍换货模式
https://mp.weixin.qq.com/s/S2kwEW7LpSgPzxxAofmZlg ;

2018-10-01 10:53:05 trace :
------------
Array:
tousername : gh_0c02969f70a6 ;
fromusername : oSI4Lj0GkuUnq_05j7rCq6FJdxwU ;
createtime : 1538362385 ;
msgtype : event ;
event : VIEW ;
eventkey : http://jhzh66.com/app/index.php?i=8&c=entry&eid=198 ;
menuid : 427714297 ;
from : oSI4Lj0GkuUnq_05j7rCq6FJdxwU ;
to : gh_0c02969f70a6 ;
time : 1538362385 ;
type : event ;

2018-10-01 10:53:05 params :
------------
Array:
message : Array ;
module : basic ;
rule : 1013 ;
priority : 0 ;
keyword : Array ;

2018-10-01 10:53:05 response :
------------
Array:
FromUserName : gh_0c02969f70a6 ;
ToUserName : oSI4Lj0GkuUnq_05j7rCq6FJdxwU ;
MsgType : text ;
Content : 平台介绍
https://u.eqxiu.com/s/6szkjdIq   

代理商收益介绍
https://h.eqxiu.com/s/U4YBmmJj   

湖北电视台采访易货联盟，创始人张银清介绍换货模式
https://mp.weixin.qq.com/s/S2kwEW7LpSgPzxxAofmZlg ;

2018-10-01 10:53:11 trace :
------------
Array:
tousername : gh_0c02969f70a6 ;
fromusername : oSI4Lj0GkuUnq_05j7rCq6FJdxwU ;
createtime : 1538362391 ;
msgtype : event ;
event : VIEW ;
eventkey : http://jhzh66.com/app/index.php?i=8&c=entry&eid=194 ;
menuid : 427714297 ;
from : oSI4Lj0GkuUnq_05j7rCq6FJdxwU ;
to : gh_0c02969f70a6 ;
time : 1538362391 ;
type : event ;

2018-10-01 10:53:11 params :
------------
Array:
message : Array ;
module : basic ;
rule : 1013 ;
priority : 0 ;
keyword : Array ;

2018-10-01 10:53:11 response :
------------
Array:
FromUserName : gh_0c02969f70a6 ;
ToUserName : oSI4Lj0GkuUnq_05j7rCq6FJdxwU ;
MsgType : text ;
Content : 平台介绍
https://u.eqxiu.com/s/6szkjdIq   

代理商收益介绍
https://h.eqxiu.com/s/U4YBmmJj   

湖北电视台采访易货联盟，创始人张银清介绍换货模式
https://mp.weixin.qq.com/s/S2kwEW7LpSgPzxxAofmZlg ;

2018-10-01 11:05:03 trace :
------------
Array:
tousername : gh_0c02969f70a6 ;
fromusername : oSI4Lj83nG4OLpzixhIGfCOzdoaE ;
createtime : 1538363103 ;
msgtype : event ;
event : VIEW ;
eventkey : http://jhzh66.com/app/index.php?i=8&c=entry&p=bonus&op=bonusIndex&do=barter&m=sz_yi ;
menuid : 427714297 ;
from : oSI4Lj83nG4OLpzixhIGfCOzdoaE ;
to : gh_0c02969f70a6 ;
time : 1538363103 ;
type : event ;

2018-10-01 11:05:03 params :
------------
Array:
message : Array ;
module : basic ;
rule : 1080 ;
priority : 0 ;
keyword : Array ;

2018-10-01 11:05:03 response :
------------
Array:
FromUserName : gh_0c02969f70a6 ;
ToUserName : oSI4Lj83nG4OLpzixhIGfCOzdoaE ;
MsgType : text ;
Content : 你提出的问题，小易机器人回答不了你，请拔打400-615-1519

平台介绍 https://u.eqxiu.com/s/6szkjdIq    

代理商收益介绍 https://h.eqxiu.com/s/U4YBmmJj      

湖北电视台采访易货联盟，创始人张银清为大家介绍易货换货模式货模式https://mp.weixin.qq.com/s/S2kwEW7LpSgPzxxAofmZlg

900元做网站开发、微信建站、小程序；专业做网站排名、关键词推广、产品营销策划，请后台留言手机号 ;

2018-10-01 11:05:48 trace :
------------
Array:
tousername : gh_0c02969f70a6 ;
fromusername : oSI4Lj83nG4OLpzixhIGfCOzdoaE ;
createtime : 1538363148 ;
msgtype : event ;
event : VIEW ;
eventkey : http://jhzh66.com/app/index.php?i=8&c=entry&eid=194 ;
menuid : 427714297 ;
from : oSI4Lj83nG4OLpzixhIGfCOzdoaE ;
to : gh_0c02969f70a6 ;
time : 1538363148 ;
type : event ;

2018-10-01 11:05:48 params :
------------
Array:
message : Array ;
module : basic ;
rule : 1013 ;
priority : 0 ;
keyword : Array ;

2018-10-01 11:05:48 response :
------------
Array:
FromUserName : gh_0c02969f70a6 ;
ToUserName : oSI4Lj83nG4OLpzixhIGfCOzdoaE ;
MsgType : text ;
Content : 平台介绍
https://u.eqxiu.com/s/6szkjdIq   

代理商收益介绍
https://h.eqxiu.com/s/U4YBmmJj   

湖北电视台采访易货联盟，创始人张银清介绍换货模式
https://mp.weixin.qq.com/s/S2kwEW7LpSgPzxxAofmZlg ;

2018-10-01 11:12:49 trace :
------------
Array:
tousername : gh_0c02969f70a6 ;
fromusername : oSI4Lj83nG4OLpzixhIGfCOzdoaE ;
createtime : 1538363569 ;
msgtype : event ;
event : VIEW ;
eventkey : http://jhzh66.com/app/index.php?i=8&c=entry&eid=194 ;
menuid : 427714297 ;
from : oSI4Lj83nG4OLpzixhIGfCOzdoaE ;
to : gh_0c02969f70a6 ;
time : 1538363569 ;
type : event ;

2018-10-01 11:12:49 params :
------------
Array:
message : Array ;
module : basic ;
rule : 1013 ;
priority : 0 ;
keyword : Array ;

2018-10-01 11:12:49 response :
------------
Array:
FromUserName : gh_0c02969f70a6 ;
ToUserName : oSI4Lj83nG4OLpzixhIGfCOzdoaE ;
MsgType : text ;
Content : 平台介绍
https://u.eqxiu.com/s/6szkjdIq   

代理商收益介绍
https://h.eqxiu.com/s/U4YBmmJj   

湖北电视台采访易货联盟，创始人张银清介绍换货模式
https://mp.weixin.qq.com/s/S2kwEW7LpSgPzxxAofmZlg ;

2018-10-01 11:22:18 trace :
------------
Array:
tousername : gh_0c02969f70a6 ;
fromusername : oSI4Lj0GkuUnq_05j7rCq6FJdxwU ;
createtime : 1538364137 ;
msgtype : event ;
event : VIEW ;
eventkey : http://jhzh66.com/app/index.php?i=8&c=entry&eid=198 ;
menuid : 427714297 ;
from : oSI4Lj0GkuUnq_05j7rCq6FJdxwU ;
to : gh_0c02969f70a6 ;
time : 1538364137 ;
type : event ;

2018-10-01 11:22:18 params :
------------
Array:
message : Array ;
module : basic ;
rule : 1013 ;
priority : 0 ;
keyword : Array ;

2018-10-01 11:22:18 response :
------------
Array:
FromUserName : gh_0c02969f70a6 ;
ToUserName : oSI4Lj0GkuUnq_05j7rCq6FJdxwU ;
MsgType : text ;
Content : 平台介绍
https://u.eqxiu.com/s/6szkjdIq   

代理商收益介绍
https://h.eqxiu.com/s/U4YBmmJj   

湖北电视台采访易货联盟，创始人张银清介绍换货模式
https://mp.weixin.qq.com/s/S2kwEW7LpSgPzxxAofmZlg ;

2018-10-01 11:55:55 trace :
------------
Array:
tousername : gh_0c02969f70a6 ;
fromusername : oSI4Ljx0oyBNpQsLY2cW2NIxFLOQ ;
createtime : 1538366155 ;
msgtype : event ;
event : LOCATION ;
latitude : 35.437836 ;
longitude : 116.632454 ;
precision : 90.000000 ;
from : oSI4Ljx0oyBNpQsLY2cW2NIxFLOQ ;
to : gh_0c02969f70a6 ;
time : 1538366155 ;
type : trace ;
location_x : 35.437836 ;
location_y : 116.632454 ;

2018-10-01 11:55:55 params :
------------
Array:
message : Array ;
module : default ;
rule : -1 ;

2018-10-01 11:55:55 response :
------------
Array:
errno : -1 ;
message : Invaild value ;

2018-10-01 12:15:33 trace :
------------
Array:
tousername : gh_0c02969f70a6 ;
fromusername : oSI4Lj3wtgleACsTDdepcbehqV3A ;
createtime : 1538367333 ;
msgtype : event ;
event : VIEW ;
eventkey : http://jhzh66.com/app/index.php?i=8&c=entry&eid=194 ;
menuid : 427714297 ;
from : oSI4Lj3wtgleACsTDdepcbehqV3A ;
to : gh_0c02969f70a6 ;
time : 1538367333 ;
type : event ;

2018-10-01 12:15:33 params :
------------
Array:
message : Array ;
module : basic ;
rule : 1013 ;
priority : 0 ;
keyword : Array ;

2018-10-01 12:15:33 response :
------------
Array:
FromUserName : gh_0c02969f70a6 ;
ToUserName : oSI4Lj3wtgleACsTDdepcbehqV3A ;
MsgType : text ;
Content : 平台介绍
https://u.eqxiu.com/s/6szkjdIq   

代理商收益介绍
https://h.eqxiu.com/s/U4YBmmJj   

湖北电视台采访易货联盟，创始人张银清介绍换货模式
https://mp.weixin.qq.com/s/S2kwEW7LpSgPzxxAofmZlg ;

2018-10-01 13:30:29 trace :
------------
Array:
tousername : gh_0c02969f70a6 ;
fromusername : oSI4LjxpZa9JFMhh-E7F53AVvC8c ;
createtime : 1538371829 ;
msgtype : event ;
event : VIEW ;
eventkey : http://jhzh66.com/app/index.php?i=8&c=entry&eid=194 ;
menuid : 427714297 ;
from : oSI4LjxpZa9JFMhh-E7F53AVvC8c ;
to : gh_0c02969f70a6 ;
time : 1538371829 ;
type : event ;

2018-10-01 13:30:29 params :
------------
Array:
message : Array ;
module : basic ;
rule : 1013 ;
priority : 0 ;
keyword : Array ;

2018-10-01 13:30:29 response :
------------
Array:
FromUserName : gh_0c02969f70a6 ;
ToUserName : oSI4LjxpZa9JFMhh-E7F53AVvC8c ;
MsgType : text ;
Content : 平台介绍
https://u.eqxiu.com/s/6szkjdIq   

代理商收益介绍
https://h.eqxiu.com/s/U4YBmmJj   

湖北电视台采访易货联盟，创始人张银清介绍换货模式
https://mp.weixin.qq.com/s/S2kwEW7LpSgPzxxAofmZlg ;

2018-10-01 13:47:50 trace :
------------
Array:
tousername : gh_0c02969f70a6 ;
fromusername : oSI4Lj8ZirTjkZzbhQL7gXzuIaQk ;
createtime : 1538372870 ;
msgtype : event ;
event : LOCATION ;
latitude : 26.869120 ;
longitude : 112.631836 ;
precision : 770.000000 ;
from : oSI4Lj8ZirTjkZzbhQL7gXzuIaQk ;
to : gh_0c02969f70a6 ;
time : 1538372870 ;
type : trace ;
location_x : 26.869120 ;
location_y : 112.631836 ;

2018-10-01 13:47:50 params :
------------
Array:
message : Array ;
module : default ;
rule : -1 ;

2018-10-01 13:47:50 response :
------------
Array:
errno : -1 ;
message : Invaild value ;

2018-10-01 13:48:16 trace :
------------
Array:
tousername : gh_0c02969f70a6 ;
fromusername : oSI4LjyLAL0U_Is-GNtwxiM5L1oY ;
createtime : 1538372896 ;
msgtype : event ;
event : LOCATION ;
latitude : 30.519911 ;
longitude : 114.385597 ;
precision : 550.000000 ;
from : oSI4LjyLAL0U_Is-GNtwxiM5L1oY ;
to : gh_0c02969f70a6 ;
time : 1538372896 ;
type : trace ;
location_x : 30.519911 ;
location_y : 114.385597 ;

2018-10-01 13:48:16 params :
------------
Array:
message : Array ;
module : default ;
rule : -1 ;

2018-10-01 13:48:16 response :
------------
Array:
errno : -1 ;
message : Invaild value ;

2018-10-01 13:48:22 trace :
------------
Array:
tousername : gh_0c02969f70a6 ;
fromusername : oSI4LjyLAL0U_Is-GNtwxiM5L1oY ;
createtime : 1538372902 ;
msgtype : event ;
event : LOCATION ;
latitude : 30.519911 ;
longitude : 114.385597 ;
precision : 550.000000 ;
from : oSI4LjyLAL0U_Is-GNtwxiM5L1oY ;
to : gh_0c02969f70a6 ;
time : 1538372902 ;
type : trace ;
location_x : 30.519911 ;
location_y : 114.385597 ;

2018-10-01 13:48:22 params :
------------
Array:
message : Array ;
module : default ;
rule : -1 ;

2018-10-01 13:48:22 response :
------------
Array:
errno : -1 ;
message : Invaild value ;

2018-10-01 13:48:28 trace :
------------
Array:
tousername : gh_0c02969f70a6 ;
fromusername : oSI4LjyLAL0U_Is-GNtwxiM5L1oY ;
createtime : 1538372908 ;
msgtype : event ;
event : LOCATION ;
latitude : 30.519911 ;
longitude : 114.385597 ;
precision : 550.000000 ;
from : oSI4LjyLAL0U_Is-GNtwxiM5L1oY ;
to : gh_0c02969f70a6 ;
time : 1538372908 ;
type : trace ;
location_x : 30.519911 ;
location_y : 114.385597 ;

2018-10-01 13:48:28 params :
------------
Array:
message : Array ;
module : default ;
rule : -1 ;

2018-10-01 13:48:28 response :
------------
Array:
errno : -1 ;
message : Invaild value ;

2018-10-01 13:48:34 trace :
------------
Array:
tousername : gh_0c02969f70a6 ;
fromusername : oSI4LjyLAL0U_Is-GNtwxiM5L1oY ;
createtime : 1538372914 ;
msgtype : event ;
event : LOCATION ;
latitude : 30.519911 ;
longitude : 114.385597 ;
precision : 550.000000 ;
from : oSI4LjyLAL0U_Is-GNtwxiM5L1oY ;
to : gh_0c02969f70a6 ;
time : 1538372914 ;
type : trace ;
location_x : 30.519911 ;
location_y : 114.385597 ;

2018-10-01 13:48:34 params :
------------
Array:
message : Array ;
module : default ;
rule : -1 ;

2018-10-01 13:48:34 response :
------------
Array:
errno : -1 ;
message : Invaild value ;

2018-10-01 13:48:40 trace :
------------
Array:
tousername : gh_0c02969f70a6 ;
fromusername : oSI4LjyLAL0U_Is-GNtwxiM5L1oY ;
createtime : 1538372920 ;
msgtype : event ;
event : LOCATION ;
latitude : 30.519911 ;
longitude : 114.385597 ;
precision : 550.000000 ;
from : oSI4LjyLAL0U_Is-GNtwxiM5L1oY ;
to : gh_0c02969f70a6 ;
time : 1538372920 ;
type : trace ;
location_x : 30.519911 ;
location_y : 114.385597 ;

2018-10-01 13:48:40 params :
------------
Array:
message : Array ;
module : default ;
rule : -1 ;

2018-10-01 13:48:40 response :
------------
Array:
errno : -1 ;
message : Invaild value ;

2018-10-01 13:48:46 trace :
------------
Array:
tousername : gh_0c02969f70a6 ;
fromusername : oSI4LjyLAL0U_Is-GNtwxiM5L1oY ;
createtime : 1538372926 ;
msgtype : event ;
event : LOCATION ;
latitude : 30.519911 ;
longitude : 114.385597 ;
precision : 550.000000 ;
from : oSI4LjyLAL0U_Is-GNtwxiM5L1oY ;
to : gh_0c02969f70a6 ;
time : 1538372926 ;
type : trace ;
location_x : 30.519911 ;
location_y : 114.385597 ;

2018-10-01 13:48:46 params :
------------
Array:
message : Array ;
module : default ;
rule : -1 ;

2018-10-01 13:48:46 response :
------------
Array:
errno : -1 ;
message : Invaild value ;

2018-10-01 13:48:52 trace :
------------
Array:
tousername : gh_0c02969f70a6 ;
fromusername : oSI4LjyLAL0U_Is-GNtwxiM5L1oY ;
createtime : 1538372932 ;
msgtype : event ;
event : LOCATION ;
latitude : 30.524488 ;
longitude : 114.386307 ;
precision : 770.000000 ;
from : oSI4LjyLAL0U_Is-GNtwxiM5L1oY ;
to : gh_0c02969f70a6 ;
time : 1538372932 ;
type : trace ;
location_x : 30.524488 ;
location_y : 114.386307 ;

2018-10-01 13:48:52 params :
------------
Array:
message : Array ;
module : default ;
rule : -1 ;

2018-10-01 13:48:52 response :
------------
Array:
errno : -1 ;
message : Invaild value ;

2018-10-01 13:48:58 trace :
------------
Array:
tousername : gh_0c02969f70a6 ;
fromusername : oSI4LjyLAL0U_Is-GNtwxiM5L1oY ;
createtime : 1538372938 ;
msgtype : event ;
event : LOCATION ;
latitude : 30.524488 ;
longitude : 114.386307 ;
precision : 770.000000 ;
from : oSI4LjyLAL0U_Is-GNtwxiM5L1oY ;
to : gh_0c02969f70a6 ;
time : 1538372938 ;
type : trace ;
location_x : 30.524488 ;
location_y : 114.386307 ;

2018-10-01 13:48:58 params :
------------
Array:
message : Array ;
module : default ;
rule : -1 ;

2018-10-01 13:48:58 response :
------------
Array:
errno : -1 ;
message : Invaild value ;

2018-10-01 13:49:04 trace :
------------
Array:
tousername : gh_0c02969f70a6 ;
fromusername : oSI4LjyLAL0U_Is-GNtwxiM5L1oY ;
createtime : 1538372944 ;
msgtype : event ;
event : LOCATION ;
latitude : 30.524488 ;
longitude : 114.386307 ;
precision : 770.000000 ;
from : oSI4LjyLAL0U_Is-GNtwxiM5L1oY ;
to : gh_0c02969f70a6 ;
time : 1538372944 ;
type : trace ;
location_x : 30.524488 ;
location_y : 114.386307 ;

2018-10-01 13:49:04 params :
------------
Array:
message : Array ;
module : default ;
rule : -1 ;

2018-10-01 13:49:04 response :
------------
Array:
errno : -1 ;
message : Invaild value ;

2018-10-01 13:49:10 trace :
------------
Array:
tousername : gh_0c02969f70a6 ;
fromusername : oSI4LjyLAL0U_Is-GNtwxiM5L1oY ;
createtime : 1538372950 ;
msgtype : event ;
event : LOCATION ;
latitude : 30.524488 ;
longitude : 114.386307 ;
precision : 770.000000 ;
from : oSI4LjyLAL0U_Is-GNtwxiM5L1oY ;
to : gh_0c02969f70a6 ;
time : 1538372950 ;
type : trace ;
location_x : 30.524488 ;
location_y : 114.386307 ;

2018-10-01 13:49:10 params :
------------
Array:
message : Array ;
module : default ;
rule : -1 ;

2018-10-01 13:49:10 response :
------------
Array:
errno : -1 ;
message : Invaild value ;

2018-10-01 13:49:16 trace :
------------
Array:
tousername : gh_0c02969f70a6 ;
fromusername : oSI4LjyLAL0U_Is-GNtwxiM5L1oY ;
createtime : 1538372956 ;
msgtype : event ;
event : LOCATION ;
latitude : 30.524488 ;
longitude : 114.386307 ;
precision : 770.000000 ;
from : oSI4LjyLAL0U_Is-GNtwxiM5L1oY ;
to : gh_0c02969f70a6 ;
time : 1538372956 ;
type : trace ;
location_x : 30.524488 ;
location_y : 114.386307 ;

2018-10-01 13:49:16 params :
------------
Array:
message : Array ;
module : default ;
rule : -1 ;

2018-10-01 13:49:16 response :
------------
Array:
errno : -1 ;
message : Invaild value ;

2018-10-01 13:49:22 trace :
------------
Array:
tousername : gh_0c02969f70a6 ;
fromusername : oSI4LjyLAL0U_Is-GNtwxiM5L1oY ;
createtime : 1538372962 ;
msgtype : event ;
event : LOCATION ;
latitude : 30.524488 ;
longitude : 114.386307 ;
precision : 770.000000 ;
from : oSI4LjyLAL0U_Is-GNtwxiM5L1oY ;
to : gh_0c02969f70a6 ;
time : 1538372962 ;
type : trace ;
location_x : 30.524488 ;
location_y : 114.386307 ;

2018-10-01 13:49:22 params :
------------
Array:
message : Array ;
module : default ;
rule : -1 ;

2018-10-01 13:49:22 response :
------------
Array:
errno : -1 ;
message : Invaild value ;

2018-10-01 13:49:31 trace :
------------
Array:
tousername : gh_0c02969f70a6 ;
fromusername : oSI4LjyLAL0U_Is-GNtwxiM5L1oY ;
createtime : 1538372970 ;
msgtype : event ;
event : LOCATION ;
latitude : 30.524488 ;
longitude : 114.386307 ;
precision : 770.000000 ;
from : oSI4LjyLAL0U_Is-GNtwxiM5L1oY ;
to : gh_0c02969f70a6 ;
time : 1538372970 ;
type : trace ;
location_x : 30.524488 ;
location_y : 114.386307 ;

2018-10-01 13:49:31 params :
------------
Array:
message : Array ;
module : default ;
rule : -1 ;

2018-10-01 13:49:31 response :
------------
Array:
errno : -1 ;
message : Invaild value ;

2018-10-01 13:49:31 trace :
------------
Array:
tousername : gh_0c02969f70a6 ;
fromusername : oSI4LjyLAL0U_Is-GNtwxiM5L1oY ;
createtime : 1538372971 ;
msgtype : event ;
event : VIEW ;
eventkey : http://jhzh66.com/app/index.php?i=8&c=entry&eid=194 ;
menuid : 427714297 ;
from : oSI4LjyLAL0U_Is-GNtwxiM5L1oY ;
to : gh_0c02969f70a6 ;
time : 1538372971 ;
type : event ;

2018-10-01 13:49:31 params :
------------
Array:
message : Array ;
module : basic ;
rule : 1013 ;
priority : 0 ;
keyword : Array ;

2018-10-01 13:49:31 response :
------------
Array:
FromUserName : gh_0c02969f70a6 ;
ToUserName : oSI4LjyLAL0U_Is-GNtwxiM5L1oY ;
MsgType : text ;
Content : 平台介绍
https://u.eqxiu.com/s/6szkjdIq   

代理商收益介绍
https://h.eqxiu.com/s/U4YBmmJj   

湖北电视台采访易货联盟，创始人张银清介绍换货模式
https://mp.weixin.qq.com/s/S2kwEW7LpSgPzxxAofmZlg ;

2018-10-01 13:49:32 trace :
------------
Array:
tousername : gh_0c02969f70a6 ;
fromusername : oSI4LjyLAL0U_Is-GNtwxiM5L1oY ;
createtime : 1538372972 ;
msgtype : event ;
event : VIEW ;
eventkey : http://jhzh66.com/app/index.php?i=8&c=entry&eid=194 ;
menuid : 427714297 ;
from : oSI4LjyLAL0U_Is-GNtwxiM5L1oY ;
to : gh_0c02969f70a6 ;
time : 1538372972 ;
type : event ;

2018-10-01 13:49:32 params :
------------
Array:
message : Array ;
module : basic ;
rule : 1013 ;
priority : 0 ;
keyword : Array ;

2018-10-01 13:49:32 response :
------------
Array:
FromUserName : gh_0c02969f70a6 ;
ToUserName : oSI4LjyLAL0U_Is-GNtwxiM5L1oY ;
MsgType : text ;
Content : 平台介绍
https://u.eqxiu.com/s/6szkjdIq   

代理商收益介绍
https://h.eqxiu.com/s/U4YBmmJj   

湖北电视台采访易货联盟，创始人张银清介绍换货模式
https://mp.weixin.qq.com/s/S2kwEW7LpSgPzxxAofmZlg ;

2018-10-01 13:51:08 trace :
------------
Array:
tousername : gh_0c02969f70a6 ;
fromusername : oSI4Lj1hxWdlEQpv0LbxhSO1C1pk ;
createtime : 1538373068 ;
msgtype : event ;
event : LOCATION ;
latitude : 30.523540 ;
longitude : 114.386780 ;
precision : 470.000000 ;
from : oSI4Lj1hxWdlEQpv0LbxhSO1C1pk ;
to : gh_0c02969f70a6 ;
time : 1538373068 ;
type : trace ;
location_x : 30.523540 ;
location_y : 114.386780 ;

2018-10-01 13:51:08 params :
------------
Array:
message : Array ;
module : default ;
rule : -1 ;

2018-10-01 13:51:08 response :
------------
Array:
errno : -1 ;
message : Invaild value ;

2018-10-01 13:51:09 trace :
------------
Array:
tousername : gh_0c02969f70a6 ;
fromusername : oSI4Lj1hxWdlEQpv0LbxhSO1C1pk ;
createtime : 1538373069 ;
msgtype : event ;
event : VIEW ;
eventkey : http://jhzh66.com/app/index.php?i=8&c=entry&eid=194 ;
menuid : 427714297 ;
from : oSI4Lj1hxWdlEQpv0LbxhSO1C1pk ;
to : gh_0c02969f70a6 ;
time : 1538373069 ;
type : event ;

2018-10-01 13:51:09 params :
------------
Array:
message : Array ;
module : basic ;
rule : 1013 ;
priority : 0 ;
keyword : Array ;

2018-10-01 13:51:09 response :
------------
Array:
FromUserName : gh_0c02969f70a6 ;
ToUserName : oSI4Lj1hxWdlEQpv0LbxhSO1C1pk ;
MsgType : text ;
Content : 平台介绍
https://u.eqxiu.com/s/6szkjdIq   

代理商收益介绍
https://h.eqxiu.com/s/U4YBmmJj   

湖北电视台采访易货联盟，创始人张银清介绍换货模式
https://mp.weixin.qq.com/s/S2kwEW7LpSgPzxxAofmZlg ;

2018-10-01 13:52:22 trace :
------------
Array:
tousername : gh_0c02969f70a6 ;
fromusername : oSI4Lj1hxWdlEQpv0LbxhSO1C1pk ;
createtime : 1538373142 ;
msgtype : event ;
event : LOCATION ;
latitude : 30.523540 ;
longitude : 114.386780 ;
precision : 470.000000 ;
from : oSI4Lj1hxWdlEQpv0LbxhSO1C1pk ;
to : gh_0c02969f70a6 ;
time : 1538373142 ;
type : trace ;
location_x : 30.523540 ;
location_y : 114.386780 ;

2018-10-01 13:52:22 params :
------------
Array:
message : Array ;
module : default ;
rule : -1 ;

2018-10-01 13:52:22 response :
------------
Array:
errno : -1 ;
message : Invaild value ;

2018-10-01 13:57:11 trace :
------------
Array:
tousername : gh_0c02969f70a6 ;
fromusername : oSI4LjyLAL0U_Is-GNtwxiM5L1oY ;
createtime : 1538373431 ;
msgtype : event ;
event : LOCATION ;
latitude : 30.519911 ;
longitude : 114.385597 ;
precision : 550.000000 ;
from : oSI4LjyLAL0U_Is-GNtwxiM5L1oY ;
to : gh_0c02969f70a6 ;
time : 1538373431 ;
type : trace ;
location_x : 30.519911 ;
location_y : 114.385597 ;

2018-10-01 13:57:11 params :
------------
Array:
message : Array ;
module : default ;
rule : -1 ;

2018-10-01 13:57:11 response :
------------
Array:
errno : -1 ;
message : Invaild value ;

2018-10-01 13:57:13 trace :
------------
Array:
tousername : gh_0c02969f70a6 ;
fromusername : oSI4LjyLAL0U_Is-GNtwxiM5L1oY ;
createtime : 1538373433 ;
msgtype : event ;
event : VIEW ;
eventkey : http://jhzh66.com/app/index.php?i=8&c=entry&eid=194 ;
menuid : 427714297 ;
from : oSI4LjyLAL0U_Is-GNtwxiM5L1oY ;
to : gh_0c02969f70a6 ;
time : 1538373433 ;
type : event ;

2018-10-01 13:57:13 params :
------------
Array:
message : Array ;
module : basic ;
rule : 1013 ;
priority : 0 ;
keyword : Array ;

2018-10-01 13:57:13 response :
------------
Array:
FromUserName : gh_0c02969f70a6 ;
ToUserName : oSI4LjyLAL0U_Is-GNtwxiM5L1oY ;
MsgType : text ;
Content : 平台介绍
https://u.eqxiu.com/s/6szkjdIq   

代理商收益介绍
https://h.eqxiu.com/s/U4YBmmJj   

湖北电视台采访易货联盟，创始人张银清介绍换货模式
https://mp.weixin.qq.com/s/S2kwEW7LpSgPzxxAofmZlg ;

2018-10-01 13:57:16 trace :
------------
Array:
tousername : gh_0c02969f70a6 ;
fromusername : oSI4LjyLAL0U_Is-GNtwxiM5L1oY ;
createtime : 1538373436 ;
msgtype : event ;
event : LOCATION ;
latitude : 30.519911 ;
longitude : 114.385597 ;
precision : 550.000000 ;
from : oSI4LjyLAL0U_Is-GNtwxiM5L1oY ;
to : gh_0c02969f70a6 ;
time : 1538373436 ;
type : trace ;
location_x : 30.519911 ;
location_y : 114.385597 ;

2018-10-01 13:57:16 params :
------------
Array:
message : Array ;
module : default ;
rule : -1 ;

2018-10-01 13:57:16 response :
------------
Array:
errno : -1 ;
message : Invaild value ;

2018-10-01 13:59:34 trace :
------------
Array:
tousername : gh_0c02969f70a6 ;
fromusername : oSI4Lj1hxWdlEQpv0LbxhSO1C1pk ;
createtime : 1538373574 ;
msgtype : event ;
event : LOCATION ;
latitude : 30.519911 ;
longitude : 114.385597 ;
precision : 550.000000 ;
from : oSI4Lj1hxWdlEQpv0LbxhSO1C1pk ;
to : gh_0c02969f70a6 ;
time : 1538373574 ;
type : trace ;
location_x : 30.519911 ;
location_y : 114.385597 ;

2018-10-01 13:59:34 params :
------------
Array:
message : Array ;
module : default ;
rule : -1 ;

2018-10-01 13:59:34 response :
------------
Array:
errno : -1 ;
message : Invaild value ;

2018-10-01 16:08:24 trace :
------------
Array:
tousername : gh_0c02969f70a6 ;
fromusername : oSI4Lj2VTimHJhoknnYk7bBF0Zlc ;
createtime : 1538381304 ;
msgtype : event ;
event : VIEW ;
eventkey : http://jhzh66.com/app/index.php?i=8&c=entry&method=activity&p=activity&m=sz_yi&do=plugin ;
menuid : 427714297 ;
from : oSI4Lj2VTimHJhoknnYk7bBF0Zlc ;
to : gh_0c02969f70a6 ;
time : 1538381304 ;
type : event ;

2018-10-01 16:08:24 params :
------------
Array:
message : Array ;
module : basic ;
rule : 1080 ;
priority : 0 ;
keyword : Array ;

2018-10-01 16:08:24 response :
------------
Array:
FromUserName : gh_0c02969f70a6 ;
ToUserName : oSI4Lj2VTimHJhoknnYk7bBF0Zlc ;
MsgType : text ;
Content : 你提出的问题，小易机器人回答不了你，请拔打400-615-1519

平台介绍 https://u.eqxiu.com/s/6szkjdIq    

代理商收益介绍 https://h.eqxiu.com/s/U4YBmmJj      

湖北电视台采访易货联盟，创始人张银清为大家介绍易货换货模式货模式https://mp.weixin.qq.com/s/S2kwEW7LpSgPzxxAofmZlg

900元做网站开发、微信建站、小程序；专业做网站排名、关键词推广、产品营销策划，请后台留言手机号 ;

2018-10-01 16:25:38 trace :
------------
Array:
tousername : gh_0c02969f70a6 ;
fromusername : oSI4Lj_aeOqicYum0PCEpKywNlJA ;
createtime : 1538382338 ;
msgtype : event ;
event : LOCATION ;
latitude : 30.163288 ;
longitude : 120.989670 ;
precision : 26.815350 ;
from : oSI4Lj_aeOqicYum0PCEpKywNlJA ;
to : gh_0c02969f70a6 ;
time : 1538382338 ;
type : trace ;
location_x : 30.163288 ;
location_y : 120.989670 ;

2018-10-01 16:25:38 params :
------------
Array:
message : Array ;
module : default ;
rule : -1 ;

2018-10-01 16:25:38 response :
------------
Array:
errno : -1 ;
message : Invaild value ;

2018-10-01 16:25:38 trace :
------------
Array:
tousername : gh_0c02969f70a6 ;
fromusername : oSI4Lj_aeOqicYum0PCEpKywNlJA ;
createtime : 1538382338 ;
msgtype : event ;
event : LOCATION ;
latitude : 30.163288 ;
longitude : 120.989670 ;
precision : 26.815350 ;
from : oSI4Lj_aeOqicYum0PCEpKywNlJA ;
to : gh_0c02969f70a6 ;
time : 1538382338 ;
type : trace ;
location_x : 30.163288 ;
location_y : 120.989670 ;

2018-10-01 16:25:38 params :
------------
Array:
message : Array ;
module : default ;
rule : -1 ;

2018-10-01 16:25:38 response :
------------
Array:
errno : -1 ;
message : Invaild value ;

2018-10-01 16:25:44 trace :
------------
Array:
tousername : gh_0c02969f70a6 ;
fromusername : oSI4Lj_aeOqicYum0PCEpKywNlJA ;
createtime : 1538382344 ;
msgtype : event ;
event : LOCATION ;
latitude : 30.163420 ;
longitude : 120.989342 ;
precision : 30.000000 ;
from : oSI4Lj_aeOqicYum0PCEpKywNlJA ;
to : gh_0c02969f70a6 ;
time : 1538382344 ;
type : trace ;
location_x : 30.163420 ;
location_y : 120.989342 ;

2018-10-01 16:25:44 params :
------------
Array:
message : Array ;
module : default ;
rule : -1 ;

2018-10-01 16:25:44 response :
------------
Array:
errno : -1 ;
message : Invaild value ;

2018-10-01 16:54:50 trace :
------------
Array:
tousername : gh_0c02969f70a6 ;
fromusername : oSI4Lj9e2gdKLv2b36V8MG1GoYZE ;
createtime : 1538384090 ;
msgtype : event ;
event : LOCATION ;
latitude : 35.438881 ;
longitude : 116.613937 ;
precision : 30.000000 ;
from : oSI4Lj9e2gdKLv2b36V8MG1GoYZE ;
to : gh_0c02969f70a6 ;
time : 1538384090 ;
type : trace ;
location_x : 35.438881 ;
location_y : 116.613937 ;

2018-10-01 16:54:50 params :
------------
Array:
message : Array ;
module : default ;
rule : -1 ;

2018-10-01 16:54:50 response :
------------
Array:
errno : -1 ;
message : Invaild value ;

2018-10-01 16:56:54 trace :
------------
Array:
tousername : gh_0c02969f70a6 ;
fromusername : oSI4Lj9e2gdKLv2b36V8MG1GoYZE ;
createtime : 1538384214 ;
msgtype : event ;
event : VIEW ;
eventkey : http://jhzh66.com/app/index.php?i=8&c=entry&eid=194 ;
menuid : 427714297 ;
from : oSI4Lj9e2gdKLv2b36V8MG1GoYZE ;
to : gh_0c02969f70a6 ;
time : 1538384214 ;
type : event ;

2018-10-01 16:56:54 params :
------------
Array:
message : Array ;
module : basic ;
rule : 1013 ;
priority : 0 ;
keyword : Array ;

2018-10-01 16:56:54 response :
------------
Array:
FromUserName : gh_0c02969f70a6 ;
ToUserName : oSI4Lj9e2gdKLv2b36V8MG1GoYZE ;
MsgType : text ;
Content : 平台介绍
https://u.eqxiu.com/s/6szkjdIq   

代理商收益介绍
https://h.eqxiu.com/s/U4YBmmJj   

湖北电视台采访易货联盟，创始人张银清介绍换货模式
https://mp.weixin.qq.com/s/S2kwEW7LpSgPzxxAofmZlg ;

2018-10-01 16:56:54 trace :
------------
Array:
tousername : gh_0c02969f70a6 ;
fromusername : oSI4Lj9e2gdKLv2b36V8MG1GoYZE ;
createtime : 1538384214 ;
msgtype : event ;
event : LOCATION ;
latitude : 35.439125 ;
longitude : 116.614067 ;
precision : 30.000000 ;
from : oSI4Lj9e2gdKLv2b36V8MG1GoYZE ;
to : gh_0c02969f70a6 ;
time : 1538384214 ;
type : trace ;
location_x : 35.439125 ;
location_y : 116.614067 ;

2018-10-01 16:56:54 params :
------------
Array:
message : Array ;
module : default ;
rule : -1 ;

2018-10-01 16:56:54 response :
------------
Array:
errno : -1 ;
message : Invaild value ;

2018-10-01 16:59:51 trace :
------------
Array:
tousername : gh_0c02969f70a6 ;
fromusername : oSI4Lj9e2gdKLv2b36V8MG1GoYZE ;
createtime : 1538384391 ;
msgtype : event ;
event : LOCATION ;
latitude : 35.438843 ;
longitude : 116.614067 ;
precision : 30.000000 ;
from : oSI4Lj9e2gdKLv2b36V8MG1GoYZE ;
to : gh_0c02969f70a6 ;
time : 1538384391 ;
type : trace ;
location_x : 35.438843 ;
location_y : 116.614067 ;

2018-10-01 16:59:51 params :
------------
Array:
message : Array ;
module : default ;
rule : -1 ;

2018-10-01 16:59:51 response :
------------
Array:
errno : -1 ;
message : Invaild value ;

2018-10-01 16:59:57 trace :
------------
Array:
tousername : gh_0c02969f70a6 ;
fromusername : oSI4Lj9e2gdKLv2b36V8MG1GoYZE ;
createtime : 1538384397 ;
msgtype : event ;
event : LOCATION ;
latitude : 35.437325 ;
longitude : 116.613922 ;
precision : 30.000000 ;
from : oSI4Lj9e2gdKLv2b36V8MG1GoYZE ;
to : gh_0c02969f70a6 ;
time : 1538384397 ;
type : trace ;
location_x : 35.437325 ;
location_y : 116.613922 ;

2018-10-01 16:59:57 params :
------------
Array:
message : Array ;
module : default ;
rule : -1 ;

2018-10-01 16:59:57 response :
------------
Array:
errno : -1 ;
message : Invaild value ;

2018-10-01 16:59:57 trace :
------------
Array:
tousername : gh_0c02969f70a6 ;
fromusername : oSI4Lj9e2gdKLv2b36V8MG1GoYZE ;
createtime : 1538384397 ;
msgtype : event ;
event : VIEW ;
eventkey : http://jhzh66.com/app/index.php?i=8&c=entry&eid=198 ;
menuid : 427714297 ;
from : oSI4Lj9e2gdKLv2b36V8MG1GoYZE ;
to : gh_0c02969f70a6 ;
time : 1538384397 ;
type : event ;

2018-10-01 16:59:57 params :
------------
Array:
message : Array ;
module : basic ;
rule : 1013 ;
priority : 0 ;
keyword : Array ;

2018-10-01 16:59:57 response :
------------
Array:
FromUserName : gh_0c02969f70a6 ;
ToUserName : oSI4Lj9e2gdKLv2b36V8MG1GoYZE ;
MsgType : text ;
Content : 平台介绍
https://u.eqxiu.com/s/6szkjdIq   

代理商收益介绍
https://h.eqxiu.com/s/U4YBmmJj   

湖北电视台采访易货联盟，创始人张银清介绍换货模式
https://mp.weixin.qq.com/s/S2kwEW7LpSgPzxxAofmZlg ;

2018-10-01 17:00:17 trace :
------------
Array:
tousername : gh_0c02969f70a6 ;
fromusername : oSI4Lj9e2gdKLv2b36V8MG1GoYZE ;
createtime : 1538384417 ;
msgtype : event ;
event : LOCATION ;
latitude : 35.437325 ;
longitude : 116.613922 ;
precision : 30.000000 ;
from : oSI4Lj9e2gdKLv2b36V8MG1GoYZE ;
to : gh_0c02969f70a6 ;
time : 1538384417 ;
type : trace ;
location_x : 35.437325 ;
location_y : 116.613922 ;

2018-10-01 17:00:17 params :
------------
Array:
message : Array ;
module : default ;
rule : -1 ;

2018-10-01 17:00:17 response :
------------
Array:
errno : -1 ;
message : Invaild value ;

2018-10-01 17:00:22 trace :
------------
Array:
tousername : gh_0c02969f70a6 ;
fromusername : oSI4Lj9e2gdKLv2b36V8MG1GoYZE ;
createtime : 1538384422 ;
msgtype : event ;
event : VIEW ;
eventkey : http://jhzh66.com/app/index.php?i=8&c=entry&eid=194 ;
menuid : 427714297 ;
from : oSI4Lj9e2gdKLv2b36V8MG1GoYZE ;
to : gh_0c02969f70a6 ;
time : 1538384422 ;
type : event ;

2018-10-01 17:00:22 params :
------------
Array:
message : Array ;
module : basic ;
rule : 1013 ;
priority : 0 ;
keyword : Array ;

2018-10-01 17:00:22 response :
------------
Array:
FromUserName : gh_0c02969f70a6 ;
ToUserName : oSI4Lj9e2gdKLv2b36V8MG1GoYZE ;
MsgType : text ;
Content : 平台介绍
https://u.eqxiu.com/s/6szkjdIq   

代理商收益介绍
https://h.eqxiu.com/s/U4YBmmJj   

湖北电视台采访易货联盟，创始人张银清介绍换货模式
https://mp.weixin.qq.com/s/S2kwEW7LpSgPzxxAofmZlg ;

2018-10-01 17:00:44 trace :
------------
Array:
tousername : gh_0c02969f70a6 ;
fromusername : oSI4Lj9e2gdKLv2b36V8MG1GoYZE ;
createtime : 1538384444 ;
msgtype : event ;
event : LOCATION ;
latitude : 35.437199 ;
longitude : 116.613800 ;
precision : 30.000000 ;
from : oSI4Lj9e2gdKLv2b36V8MG1GoYZE ;
to : gh_0c02969f70a6 ;
time : 1538384444 ;
type : trace ;
location_x : 35.437199 ;
location_y : 116.613800 ;

2018-10-01 17:00:44 params :
------------
Array:
message : Array ;
module : default ;
rule : -1 ;

2018-10-01 17:00:44 response :
------------
Array:
errno : -1 ;
message : Invaild value ;

2018-10-01 17:00:48 trace :
------------
Array:
tousername : gh_0c02969f70a6 ;
fromusername : oSI4Lj9e2gdKLv2b36V8MG1GoYZE ;
createtime : 1538384448 ;
msgtype : event ;
event : LOCATION ;
latitude : 35.437366 ;
longitude : 116.613998 ;
precision : 30.000000 ;
from : oSI4Lj9e2gdKLv2b36V8MG1GoYZE ;
to : gh_0c02969f70a6 ;
time : 1538384448 ;
type : trace ;
location_x : 35.437366 ;
location_y : 116.613998 ;

2018-10-01 17:00:48 params :
------------
Array:
message : Array ;
module : default ;
rule : -1 ;

2018-10-01 17:00:48 response :
------------
Array:
errno : -1 ;
message : Invaild value ;

2018-10-01 17:01:12 trace :
------------
Array:
tousername : gh_0c02969f70a6 ;
fromusername : oSI4Lj9e2gdKLv2b36V8MG1GoYZE ;
createtime : 1538384472 ;
msgtype : event ;
event : LOCATION ;
latitude : 35.437366 ;
longitude : 116.613998 ;
precision : 30.000000 ;
from : oSI4Lj9e2gdKLv2b36V8MG1GoYZE ;
to : gh_0c02969f70a6 ;
time : 1538384472 ;
type : trace ;
location_x : 35.437366 ;
location_y : 116.613998 ;

2018-10-01 17:01:12 params :
------------
Array:
message : Array ;
module : default ;
rule : -1 ;

2018-10-01 17:01:12 response :
------------
Array:
errno : -1 ;
message : Invaild value ;

2018-10-01 17:13:13 trace :
------------
Array:
tousername : gh_0c02969f70a6 ;
fromusername : oSI4Lj2VTimHJhoknnYk7bBF0Zlc ;
createtime : 1538385193 ;
msgtype : event ;
event : VIEW ;
eventkey : http://jhzh66.com/app/index.php?i=8&c=entry&eid=194 ;
menuid : 427714297 ;
from : oSI4Lj2VTimHJhoknnYk7bBF0Zlc ;
to : gh_0c02969f70a6 ;
time : 1538385193 ;
type : event ;

2018-10-01 17:13:13 params :
------------
Array:
message : Array ;
module : basic ;
rule : 1013 ;
priority : 0 ;
keyword : Array ;

2018-10-01 17:13:13 response :
------------
Array:
FromUserName : gh_0c02969f70a6 ;
ToUserName : oSI4Lj2VTimHJhoknnYk7bBF0Zlc ;
MsgType : text ;
Content : 平台介绍
https://u.eqxiu.com/s/6szkjdIq   

代理商收益介绍
https://h.eqxiu.com/s/U4YBmmJj   

湖北电视台采访易货联盟，创始人张银清介绍换货模式
https://mp.weixin.qq.com/s/S2kwEW7LpSgPzxxAofmZlg ;

2018-10-01 17:16:50 trace :
------------
Array:
tousername : gh_0c02969f70a6 ;
fromusername : oSI4Lj2VTimHJhoknnYk7bBF0Zlc ;
createtime : 1538385410 ;
msgtype : event ;
event : VIEW ;
eventkey : http://jhzh66.com/app/index.php?i=8&c=entry&eid=194 ;
menuid : 427714297 ;
from : oSI4Lj2VTimHJhoknnYk7bBF0Zlc ;
to : gh_0c02969f70a6 ;
time : 1538385410 ;
type : event ;

2018-10-01 17:16:50 params :
------------
Array:
message : Array ;
module : basic ;
rule : 1013 ;
priority : 0 ;
keyword : Array ;

2018-10-01 17:16:50 response :
------------
Array:
FromUserName : gh_0c02969f70a6 ;
ToUserName : oSI4Lj2VTimHJhoknnYk7bBF0Zlc ;
MsgType : text ;
Content : 平台介绍
https://u.eqxiu.com/s/6szkjdIq   

代理商收益介绍
https://h.eqxiu.com/s/U4YBmmJj   

湖北电视台采访易货联盟，创始人张银清介绍换货模式
https://mp.weixin.qq.com/s/S2kwEW7LpSgPzxxAofmZlg ;

2018-10-01 17:18:44 trace :
------------
Array:
tousername : gh_0c02969f70a6 ;
fromusername : oSI4Lj2VTimHJhoknnYk7bBF0Zlc ;
createtime : 1538385524 ;
msgtype : event ;
event : VIEW ;
eventkey : http://jhzh66.com/app/index.php?i=8&c=entry&eid=198 ;
menuid : 427714297 ;
from : oSI4Lj2VTimHJhoknnYk7bBF0Zlc ;
to : gh_0c02969f70a6 ;
time : 1538385524 ;
type : event ;

2018-10-01 17:18:44 params :
------------
Array:
message : Array ;
module : basic ;
rule : 1013 ;
priority : 0 ;
keyword : Array ;

2018-10-01 17:18:44 response :
------------
Array:
FromUserName : gh_0c02969f70a6 ;
ToUserName : oSI4Lj2VTimHJhoknnYk7bBF0Zlc ;
MsgType : text ;
Content : 平台介绍
https://u.eqxiu.com/s/6szkjdIq   

代理商收益介绍
https://h.eqxiu.com/s/U4YBmmJj   

湖北电视台采访易货联盟，创始人张银清介绍换货模式
https://mp.weixin.qq.com/s/S2kwEW7LpSgPzxxAofmZlg ;

2018-10-01 17:19:28 trace :
------------
Array:
tousername : gh_0c02969f70a6 ;
fromusername : oSI4Lj2VTimHJhoknnYk7bBF0Zlc ;
createtime : 1538385568 ;
msgtype : event ;
event : VIEW ;
eventkey : http://jhzh66.com/app/index.php?i=8&c=entry&eid=194 ;
menuid : 427714297 ;
from : oSI4Lj2VTimHJhoknnYk7bBF0Zlc ;
to : gh_0c02969f70a6 ;
time : 1538385568 ;
type : event ;

2018-10-01 17:19:28 params :
------------
Array:
message : Array ;
module : basic ;
rule : 1013 ;
priority : 0 ;
keyword : Array ;

2018-10-01 17:19:28 response :
------------
Array:
FromUserName : gh_0c02969f70a6 ;
ToUserName : oSI4Lj2VTimHJhoknnYk7bBF0Zlc ;
MsgType : text ;
Content : 平台介绍
https://u.eqxiu.com/s/6szkjdIq   

代理商收益介绍
https://h.eqxiu.com/s/U4YBmmJj   

湖北电视台采访易货联盟，创始人张银清介绍换货模式
https://mp.weixin.qq.com/s/S2kwEW7LpSgPzxxAofmZlg ;

2018-10-01 17:28:51 trace :
------------
Array:
tousername : gh_0c02969f70a6 ;
fromusername : oSI4Lj2VTimHJhoknnYk7bBF0Zlc ;
createtime : 1538386131 ;
msgtype : event ;
event : VIEW ;
eventkey : http://jhzh66.com/app/index.php?i=8&c=entry&eid=198 ;
menuid : 427714297 ;
from : oSI4Lj2VTimHJhoknnYk7bBF0Zlc ;
to : gh_0c02969f70a6 ;
time : 1538386131 ;
type : event ;

2018-10-01 17:28:51 params :
------------
Array:
message : Array ;
module : basic ;
rule : 1013 ;
priority : 0 ;
keyword : Array ;

2018-10-01 17:28:51 response :
------------
Array:
FromUserName : gh_0c02969f70a6 ;
ToUserName : oSI4Lj2VTimHJhoknnYk7bBF0Zlc ;
MsgType : text ;
Content : 平台介绍
https://u.eqxiu.com/s/6szkjdIq   

代理商收益介绍
https://h.eqxiu.com/s/U4YBmmJj   

湖北电视台采访易货联盟，创始人张银清介绍换货模式
https://mp.weixin.qq.com/s/S2kwEW7LpSgPzxxAofmZlg ;

2018-10-01 18:19:44 trace :
------------
Array:
tousername : gh_0c02969f70a6 ;
fromusername : oSI4Lj8XvJPAvgudpqvYwptSo1uM ;
createtime : 1538389184 ;
msgtype : event ;
event : VIEW ;
eventkey : http://jhzh66.com/app/index.php?i=8&c=entry&eid=198 ;
menuid : 427714297 ;
from : oSI4Lj8XvJPAvgudpqvYwptSo1uM ;
to : gh_0c02969f70a6 ;
time : 1538389184 ;
type : event ;

2018-10-01 18:19:44 params :
------------
Array:
message : Array ;
module : basic ;
rule : 1013 ;
priority : 0 ;
keyword : Array ;

2018-10-01 18:19:44 response :
------------
Array:
FromUserName : gh_0c02969f70a6 ;
ToUserName : oSI4Lj8XvJPAvgudpqvYwptSo1uM ;
MsgType : text ;
Content : 平台介绍
https://u.eqxiu.com/s/6szkjdIq   

代理商收益介绍
https://h.eqxiu.com/s/U4YBmmJj   

湖北电视台采访易货联盟，创始人张银清介绍换货模式
https://mp.weixin.qq.com/s/S2kwEW7LpSgPzxxAofmZlg ;

2018-10-01 18:57:13 trace :
------------
Array:
tousername : gh_0c02969f70a6 ;
fromusername : oSI4Lj2VTimHJhoknnYk7bBF0Zlc ;
createtime : 1538391433 ;
msgtype : event ;
event : VIEW ;
eventkey : http://jhzh66.com/app/index.php?i=8&c=entry&eid=198 ;
menuid : 427714297 ;
from : oSI4Lj2VTimHJhoknnYk7bBF0Zlc ;
to : gh_0c02969f70a6 ;
time : 1538391433 ;
type : event ;

2018-10-01 18:57:13 params :
------------
Array:
message : Array ;
module : basic ;
rule : 1013 ;
priority : 0 ;
keyword : Array ;

2018-10-01 18:57:13 response :
------------
Array:
FromUserName : gh_0c02969f70a6 ;
ToUserName : oSI4Lj2VTimHJhoknnYk7bBF0Zlc ;
MsgType : text ;
Content : 平台介绍
https://u.eqxiu.com/s/6szkjdIq   

代理商收益介绍
https://h.eqxiu.com/s/U4YBmmJj   

湖北电视台采访易货联盟，创始人张银清介绍换货模式
https://mp.weixin.qq.com/s/S2kwEW7LpSgPzxxAofmZlg ;

2018-10-01 20:55:43 trace :
------------
Array:
tousername : gh_0c02969f70a6 ;
fromusername : oSI4Lj8ECYJIB5AKmtQlOvQa7B2Y ;
createtime : 1538398543 ;
msgtype : event ;
event : VIEW ;
eventkey : http://jhzh66.com/app/index.php?i=8&c=entry&eid=194 ;
menuid : 427714297 ;
from : oSI4Lj8ECYJIB5AKmtQlOvQa7B2Y ;
to : gh_0c02969f70a6 ;
time : 1538398543 ;
type : event ;

2018-10-01 20:55:43 params :
------------
Array:
message : Array ;
module : basic ;
rule : 1013 ;
priority : 0 ;
keyword : Array ;

2018-10-01 20:55:43 response :
------------
Array:
FromUserName : gh_0c02969f70a6 ;
ToUserName : oSI4Lj8ECYJIB5AKmtQlOvQa7B2Y ;
MsgType : text ;
Content : 平台介绍
https://u.eqxiu.com/s/6szkjdIq   

代理商收益介绍
https://h.eqxiu.com/s/U4YBmmJj   

湖北电视台采访易货联盟，创始人张银清介绍换货模式
https://mp.weixin.qq.com/s/S2kwEW7LpSgPzxxAofmZlg ;

2018-10-01 22:19:12 trace :
------------
Array:
tousername : gh_0c02969f70a6 ;
fromusername : oSI4Lj2wkg2n_JN-yauY6A4GH8V4 ;
createtime : 1538403552 ;
msgtype : event ;
event : LOCATION ;
latitude : 30.512524 ;
longitude : 114.390541 ;
precision : 30.000000 ;
from : oSI4Lj2wkg2n_JN-yauY6A4GH8V4 ;
to : gh_0c02969f70a6 ;
time : 1538403552 ;
type : trace ;
location_x : 30.512524 ;
location_y : 114.390541 ;

2018-10-01 22:19:12 params :
------------
Array:
message : Array ;
module : default ;
rule : -1 ;

2018-10-01 22:19:12 response :
------------
Array:
errno : -1 ;
message : Invaild value ;

2018-10-01 22:19:14 trace :
------------
Array:
tousername : gh_0c02969f70a6 ;
fromusername : oSI4Lj2wkg2n_JN-yauY6A4GH8V4 ;
createtime : 1538403554 ;
msgtype : event ;
event : VIEW ;
eventkey : http://jhzh66.com/app/index.php?i=8&c=entry&method=activity&p=activity&op=add&m=sz_yi&do=plugin ;
menuid : 427714297 ;
from : oSI4Lj2wkg2n_JN-yauY6A4GH8V4 ;
to : gh_0c02969f70a6 ;
time : 1538403554 ;
type : event ;

2018-10-01 22:19:14 params :
------------
Array:
message : Array ;
module : basic ;
rule : 1080 ;
priority : 0 ;
keyword : Array ;

2018-10-01 22:19:14 response :
------------
Array:
FromUserName : gh_0c02969f70a6 ;
ToUserName : oSI4Lj2wkg2n_JN-yauY6A4GH8V4 ;
MsgType : text ;
Content : 你提出的问题，小易机器人回答不了你，请拔打400-615-1519

平台介绍 https://u.eqxiu.com/s/6szkjdIq    

代理商收益介绍 https://h.eqxiu.com/s/U4YBmmJj      

湖北电视台采访易货联盟，创始人张银清为大家介绍易货换货模式货模式https://mp.weixin.qq.com/s/S2kwEW7LpSgPzxxAofmZlg

900元做网站开发、微信建站、小程序；专业做网站排名、关键词推广、产品营销策划，请后台留言手机号 ;

2018-10-01 22:19:57 trace :
------------
Array:
tousername : gh_0c02969f70a6 ;
fromusername : oSI4Lj2wkg2n_JN-yauY6A4GH8V4 ;
createtime : 1538403597 ;
msgtype : event ;
event : LOCATION ;
latitude : 30.512524 ;
longitude : 114.390541 ;
precision : 30.000000 ;
from : oSI4Lj2wkg2n_JN-yauY6A4GH8V4 ;
to : gh_0c02969f70a6 ;
time : 1538403597 ;
type : trace ;
location_x : 30.512524 ;
location_y : 114.390541 ;

2018-10-01 22:19:57 params :
------------
Array:
message : Array ;
module : default ;
rule : -1 ;

2018-10-01 22:19:57 response :
------------
Array:
errno : -1 ;
message : Invaild value ;

2018-10-01 22:19:59 trace :
------------
Array:
tousername : gh_0c02969f70a6 ;
fromusername : oSI4Lj2wkg2n_JN-yauY6A4GH8V4 ;
createtime : 1538403599 ;
msgtype : event ;
event : VIEW ;
eventkey : http://jhzh66.com/app/index.php?i=8&c=entry&eid=194 ;
menuid : 427714297 ;
from : oSI4Lj2wkg2n_JN-yauY6A4GH8V4 ;
to : gh_0c02969f70a6 ;
time : 1538403599 ;
type : event ;

2018-10-01 22:19:59 params :
------------
Array:
message : Array ;
module : basic ;
rule : 1013 ;
priority : 0 ;
keyword : Array ;

2018-10-01 22:19:59 response :
------------
Array:
FromUserName : gh_0c02969f70a6 ;
ToUserName : oSI4Lj2wkg2n_JN-yauY6A4GH8V4 ;
MsgType : text ;
Content : 平台介绍
https://u.eqxiu.com/s/6szkjdIq   

代理商收益介绍
https://h.eqxiu.com/s/U4YBmmJj   

湖北电视台采访易货联盟，创始人张银清介绍换货模式
https://mp.weixin.qq.com/s/S2kwEW7LpSgPzxxAofmZlg ;

2018-10-01 22:21:16 trace :
------------
Array:
tousername : gh_0c02969f70a6 ;
fromusername : oSI4Lj2wkg2n_JN-yauY6A4GH8V4 ;
createtime : 1538403676 ;
msgtype : event ;
event : LOCATION ;
latitude : 30.512451 ;
longitude : 114.390495 ;
precision : 30.000000 ;
from : oSI4Lj2wkg2n_JN-yauY6A4GH8V4 ;
to : gh_0c02969f70a6 ;
time : 1538403676 ;
type : trace ;
location_x : 30.512451 ;
location_y : 114.390495 ;

2018-10-01 22:21:16 params :
------------
Array:
message : Array ;
module : default ;
rule : -1 ;

2018-10-01 22:21:16 response :
------------
Array:
errno : -1 ;
message : Invaild value ;

2018-10-01 22:27:46 trace :
------------
Array:
tousername : gh_0c02969f70a6 ;
fromusername : oSI4Lj8j1y9Mk4Cp3iAlv3_RVlE4 ;
createtime : 1538404066 ;
msgtype : event ;
event : LOCATION ;
latitude : 30.494537 ;
longitude : 114.403122 ;
precision : 44.656395 ;
from : oSI4Lj8j1y9Mk4Cp3iAlv3_RVlE4 ;
to : gh_0c02969f70a6 ;
time : 1538404066 ;
type : trace ;
location_x : 30.494537 ;
location_y : 114.403122 ;

2018-10-01 22:27:46 params :
------------
Array:
message : Array ;
module : default ;
rule : -1 ;

2018-10-01 22:27:46 response :
------------
Array:
errno : -1 ;
message : Invaild value ;

2018-10-01 22:27:46 trace :
------------
Array:
tousername : gh_0c02969f70a6 ;
fromusername : oSI4Lj8j1y9Mk4Cp3iAlv3_RVlE4 ;
createtime : 1538404066 ;
msgtype : event ;
event : LOCATION ;
latitude : 30.494537 ;
longitude : 114.403122 ;
precision : 44.656395 ;
from : oSI4Lj8j1y9Mk4Cp3iAlv3_RVlE4 ;
to : gh_0c02969f70a6 ;
time : 1538404066 ;
type : trace ;
location_x : 30.494537 ;
location_y : 114.403122 ;

2018-10-01 22:27:46 params :
------------
Array:
message : Array ;
module : default ;
rule : -1 ;

2018-10-01 22:27:46 response :
------------
Array:
errno : -1 ;
message : Invaild value ;

2018-10-01 22:43:00 trace :
------------
Array:
tousername : gh_0c02969f70a6 ;
fromusername : oSI4Lj8XvJPAvgudpqvYwptSo1uM ;
createtime : 1538404980 ;
msgtype : event ;
event : VIEW ;
eventkey : http://jhzh66.com/app/index.php?i=8&c=entry&eid=198 ;
menuid : 427714297 ;
from : oSI4Lj8XvJPAvgudpqvYwptSo1uM ;
to : gh_0c02969f70a6 ;
time : 1538404980 ;
type : event ;

2018-10-01 22:43:00 params :
------------
Array:
message : Array ;
module : basic ;
rule : 1013 ;
priority : 0 ;
keyword : Array ;

2018-10-01 22:43:00 response :
------------
Array:
FromUserName : gh_0c02969f70a6 ;
ToUserName : oSI4Lj8XvJPAvgudpqvYwptSo1uM ;
MsgType : text ;
Content : 平台介绍
https://u.eqxiu.com/s/6szkjdIq   

代理商收益介绍
https://h.eqxiu.com/s/U4YBmmJj   

湖北电视台采访易货联盟，创始人张银清介绍换货模式
https://mp.weixin.qq.com/s/S2kwEW7LpSgPzxxAofmZlg ;

2018-10-01 22:56:29 trace :
------------
Array:
tousername : gh_0c02969f70a6 ;
fromusername : oSI4Lj3wtgleACsTDdepcbehqV3A ;
createtime : 1538405789 ;
msgtype : event ;
event : VIEW ;
eventkey : http://jhzh66.com/app/index.php?i=8&c=entry&eid=194 ;
menuid : 427714297 ;
from : oSI4Lj3wtgleACsTDdepcbehqV3A ;
to : gh_0c02969f70a6 ;
time : 1538405789 ;
type : event ;

2018-10-01 22:56:29 params :
------------
Array:
message : Array ;
module : basic ;
rule : 1013 ;
priority : 0 ;
keyword : Array ;

2018-10-01 22:56:29 response :
------------
Array:
FromUserName : gh_0c02969f70a6 ;
ToUserName : oSI4Lj3wtgleACsTDdepcbehqV3A ;
MsgType : text ;
Content : 平台介绍
https://u.eqxiu.com/s/6szkjdIq   

代理商收益介绍
https://h.eqxiu.com/s/U4YBmmJj   

湖北电视台采访易货联盟，创始人张银清介绍换货模式
https://mp.weixin.qq.com/s/S2kwEW7LpSgPzxxAofmZlg ;

