2018-04-19 00:34:55 trace :
------------
Array:
tousername : gh_0c02969f70a6 ;
fromusername : oSI4LjzMFKJL7B6wGaaWQkB2CeZM ;
createtime : 1524069294 ;
msgtype : event ;
event : subscribe ;
eventkey : qrscene_152be2a9f983accf40b96f1f72c61fee ;
ticket : gQH48DwAAAAAAAAAAS5odHRwOi8vd2VpeGluLnFxLmNvbS9xLzAydzN1cUItOGU4YmYxMDAwMHcwN1QAAgQaMsxaAwQAAAAA ;
from : oSI4LjzMFKJL7B6wGaaWQkB2CeZM ;
to : gh_0c02969f70a6 ;
time : 1524069294 ;
type : subscribe ;
scene : 152be2a9f983accf40b96f1f72c61fee ;

2018-04-19 00:35:02 trace :
------------
Array:
tousername : gh_0c02969f70a6 ;
fromusername : oSI4LjzMFKJL7B6wGaaWQkB2CeZM ;
createtime : 1524069301 ;
msgtype : event ;
event : VIEW ;
eventkey : http://zz.jhzh66.com/app/index.php?i=8&c=entry&eid=198 ;
menuid : 425225551 ;
from : oSI4LjzMFKJL7B6wGaaWQkB2CeZM ;
to : gh_0c02969f70a6 ;
time : 1524069301 ;
type : event ;

2018-04-19 00:35:02 params :
------------
Array:
rule : -2 ;
module :  ;
message : Array ;

2018-04-19 00:35:02 response :
------------

2018-04-19 02:00:33 trace :
------------
Array:
tousername : gh_0c02969f70a6 ;
fromusername : oSI4Lj3jZxE53ZwCiN1HOjgIFbnM ;
createtime : 1524074432 ;
msgtype : event ;
event : subscribe ;
eventkey : qrscene_95e82934023717f78eba51ef72db56e3 ;
ticket : gQF18DwAAAAAAAAAAS5odHRwOi8vd2VpeGluLnFxLmNvbS9xLzAyM1B5Q0FyOGU4YmYxMDAwMGcwN20AAgRzVddaAwQAAAAA ;
from : oSI4Lj3jZxE53ZwCiN1HOjgIFbnM ;
to : gh_0c02969f70a6 ;
time : 1524074432 ;
type : subscribe ;
scene : 95e82934023717f78eba51ef72db56e3 ;

2018-04-19 05:22:01 trace :
------------
Array:
tousername : gh_0c02969f70a6 ;
fromusername : oSI4Lj-pJzQz0GCrCpgOxzBfp6Kw ;
createtime : 1524086520 ;
msgtype : event ;
event : subscribe ;
eventkey : qrscene_95e82934023717f78eba51ef72db56e3 ;
ticket : gQF18DwAAAAAAAAAAS5odHRwOi8vd2VpeGluLnFxLmNvbS9xLzAyM1B5Q0FyOGU4YmYxMDAwMGcwN20AAgRzVddaAwQAAAAA ;
from : oSI4Lj-pJzQz0GCrCpgOxzBfp6Kw ;
to : gh_0c02969f70a6 ;
time : 1524086520 ;
type : subscribe ;
scene : 95e82934023717f78eba51ef72db56e3 ;

2018-04-19 05:22:11 trace :
------------
Array:
tousername : gh_0c02969f70a6 ;
fromusername : oSI4Lj-pJzQz0GCrCpgOxzBfp6Kw ;
createtime : 1524086531 ;
msgtype : event ;
event : VIEW ;
eventkey : http://www.haolangtech.com/index.php?s=/Home/New/crowdfundingindex/id/22.html ;
menuid : 425225551 ;
from : oSI4Lj-pJzQz0GCrCpgOxzBfp6Kw ;
to : gh_0c02969f70a6 ;
time : 1524086531 ;
type : event ;

2018-04-19 05:22:11 params :
------------
Array:
rule : -2 ;
module :  ;
message : Array ;

2018-04-19 05:22:11 response :
------------

2018-04-19 05:34:38 trace :
------------
Array:
tousername : gh_0c02969f70a6 ;
fromusername : oSI4LjzoubauiDtzqvdyHF3n2Ovo ;
createtime : 1524087278 ;
msgtype : event ;
event : CLICK ;
eventkey : 关注 ;
from : oSI4LjzoubauiDtzqvdyHF3n2Ovo ;
to : gh_0c02969f70a6 ;
time : 1524087278 ;
type : event ;

2018-04-19 05:35:04 trace :
------------
Array:
tousername : gh_0c02969f70a6 ;
fromusername : oSI4LjzoubauiDtzqvdyHF3n2Ovo ;
createtime : 1524087304 ;
msgtype : event ;
event : VIEW ;
eventkey : http://zz11.com.cn/plugin.php?id=wechat:access ;
menuid : 425225551 ;
from : oSI4LjzoubauiDtzqvdyHF3n2Ovo ;
to : gh_0c02969f70a6 ;
time : 1524087304 ;
type : event ;

2018-04-19 05:35:04 params :
------------
Array:
rule : -2 ;
module :  ;
message : Array ;

2018-04-19 05:35:04 response :
------------

2018-04-19 05:37:01 trace :
------------
Array:
tousername : gh_0c02969f70a6 ;
fromusername : oSI4LjzoubauiDtzqvdyHF3n2Ovo ;
createtime : 1524087421 ;
msgtype : event ;
event : VIEW ;
eventkey : http://zz.jhzh66.com/app/index.php?i=8&c=entry&eid=198 ;
menuid : 425225551 ;
from : oSI4LjzoubauiDtzqvdyHF3n2Ovo ;
to : gh_0c02969f70a6 ;
time : 1524087421 ;
type : event ;

2018-04-19 05:37:01 params :
------------
Array:
rule : -2 ;
module :  ;
message : Array ;

2018-04-19 05:37:01 response :
------------

2018-04-19 06:58:55 trace :
------------
Array:
tousername : gh_0c02969f70a6 ;
fromusername : oSI4Ljxa3gnYmZas6ipGxKOVHwYQ ;
createtime : 1524092335 ;
msgtype : event ;
event : VIEW ;
eventkey : http://zz.jhzh66.com/app/index.php?i=8&c=entry&eid=194 ;
menuid : 425225551 ;
from : oSI4Ljxa3gnYmZas6ipGxKOVHwYQ ;
to : gh_0c02969f70a6 ;
time : 1524092335 ;
type : event ;

2018-04-19 06:58:55 params :
------------
Array:
rule : -2 ;
module :  ;
message : Array ;

2018-04-19 06:58:55 response :
------------

2018-04-19 06:59:15 trace :
------------
Array:
tousername : gh_0c02969f70a6 ;
fromusername : oSI4Lj87tb1pipkMH5HTLmTiKmTI ;
createtime : 1524092354 ;
msgtype : event ;
event : subscribe ;
eventkey : qrscene_95e82934023717f78eba51ef72db56e3 ;
ticket : gQF18DwAAAAAAAAAAS5odHRwOi8vd2VpeGluLnFxLmNvbS9xLzAyM1B5Q0FyOGU4YmYxMDAwMGcwN20AAgRzVddaAwQAAAAA ;
from : oSI4Lj87tb1pipkMH5HTLmTiKmTI ;
to : gh_0c02969f70a6 ;
time : 1524092354 ;
type : subscribe ;
scene : 95e82934023717f78eba51ef72db56e3 ;

2018-04-19 07:27:20 trace :
------------
Array:
tousername : gh_0c02969f70a6 ;
fromusername : oSI4Lj1jqD7CXAcqcc1e2u-mbROI ;
createtime : 1524094039 ;
msgtype : event ;
event : subscribe ;
eventkey : qrscene_95e82934023717f78eba51ef72db56e3 ;
ticket : gQF18DwAAAAAAAAAAS5odHRwOi8vd2VpeGluLnFxLmNvbS9xLzAyM1B5Q0FyOGU4YmYxMDAwMGcwN20AAgRzVddaAwQAAAAA ;
from : oSI4Lj1jqD7CXAcqcc1e2u-mbROI ;
to : gh_0c02969f70a6 ;
time : 1524094039 ;
type : subscribe ;
scene : 95e82934023717f78eba51ef72db56e3 ;

2018-04-19 07:31:40 trace :
------------
Array:
tousername : gh_0c02969f70a6 ;
fromusername : oSI4Lj1jqD7CXAcqcc1e2u-mbROI ;
createtime : 1524094300 ;
msgtype : event ;
event : SCAN ;
eventkey : 95e82934023717f78eba51ef72db56e3 ;
ticket : gQF18DwAAAAAAAAAAS5odHRwOi8vd2VpeGluLnFxLmNvbS9xLzAyM1B5Q0FyOGU4YmYxMDAwMGcwN20AAgRzVddaAwQAAAAA ;
from : oSI4Lj1jqD7CXAcqcc1e2u-mbROI ;
to : gh_0c02969f70a6 ;
time : 1524094300 ;
type : subscribe ;
scene : 95e82934023717f78eba51ef72db56e3 ;

2018-04-19 07:50:04 trace :
------------
Array:
tousername : gh_0c02969f70a6 ;
fromusername : oSI4Lj9Jo0q6PdjHR57lk6g3U9zI ;
createtime : 1524095404 ;
msgtype : event ;
event : subscribe ;
eventkey : qrscene_95e82934023717f78eba51ef72db56e3 ;
ticket : gQF18DwAAAAAAAAAAS5odHRwOi8vd2VpeGluLnFxLmNvbS9xLzAyM1B5Q0FyOGU4YmYxMDAwMGcwN20AAgRzVddaAwQAAAAA ;
from : oSI4Lj9Jo0q6PdjHR57lk6g3U9zI ;
to : gh_0c02969f70a6 ;
time : 1524095404 ;
type : subscribe ;
scene : 95e82934023717f78eba51ef72db56e3 ;

2018-04-19 07:50:16 trace :
------------
Array:
tousername : gh_0c02969f70a6 ;
fromusername : oSI4Lj9Jo0q6PdjHR57lk6g3U9zI ;
createtime : 1524095416 ;
msgtype : event ;
event : CLICK ;
eventkey : 关注 ;
from : oSI4Lj9Jo0q6PdjHR57lk6g3U9zI ;
to : gh_0c02969f70a6 ;
time : 1524095416 ;
type : event ;

2018-04-19 07:50:31 trace :
------------
Array:
tousername : gh_0c02969f70a6 ;
fromusername : oSI4Lj9Jo0q6PdjHR57lk6g3U9zI ;
createtime : 1524095431 ;
msgtype : event ;
event : VIEW ;
eventkey : http://zz.jhzh66.com/app/index.php?i=8&c=entry&eid=194 ;
menuid : 425225551 ;
from : oSI4Lj9Jo0q6PdjHR57lk6g3U9zI ;
to : gh_0c02969f70a6 ;
time : 1524095431 ;
type : event ;

2018-04-19 07:50:31 params :
------------
Array:
rule : -2 ;
module :  ;
message : Array ;

2018-04-19 07:50:31 response :
------------

2018-04-19 07:55:07 trace :
------------
Array:
tousername : gh_0c02969f70a6 ;
fromusername : oSI4Lj3U5-ggyI99vtu0ZHUp4Ocg ;
createtime : 1524095707 ;
msgtype : event ;
event : subscribe ;
eventkey : qrscene_e63f191ace780031e0e627a9424150eb ;
ticket : gQHE8TwAAAAAAAAAAS5odHRwOi8vd2VpeGluLnFxLmNvbS9xLzAySUcxYUFYOGU4YmYxMDAwME0wNzAAAgRxrMFaAwQAAAAA ;
from : oSI4Lj3U5-ggyI99vtu0ZHUp4Ocg ;
to : gh_0c02969f70a6 ;
time : 1524095707 ;
type : subscribe ;
scene : e63f191ace780031e0e627a9424150eb ;

2018-04-19 07:57:45 trace :
------------
Array:
tousername : gh_0c02969f70a6 ;
fromusername : oSI4LjxgPvF9iMHSyO55h3cZ7WMg ;
createtime : 1524095865 ;
msgtype : event ;
event : SCAN ;
eventkey : e63f191ace780031e0e627a9424150eb ;
ticket : gQHE8TwAAAAAAAAAAS5odHRwOi8vd2VpeGluLnFxLmNvbS9xLzAySUcxYUFYOGU4YmYxMDAwME0wNzAAAgRxrMFaAwQAAAAA ;
from : oSI4LjxgPvF9iMHSyO55h3cZ7WMg ;
to : gh_0c02969f70a6 ;
time : 1524095865 ;
type : subscribe ;
scene : e63f191ace780031e0e627a9424150eb ;

2018-04-19 07:58:02 trace :
------------
Array:
tousername : gh_0c02969f70a6 ;
fromusername : oSI4LjxgPvF9iMHSyO55h3cZ7WMg ;
createtime : 1524095882 ;
msgtype : event ;
event : CLICK ;
eventkey : 关注 ;
from : oSI4LjxgPvF9iMHSyO55h3cZ7WMg ;
to : gh_0c02969f70a6 ;
time : 1524095882 ;
type : event ;

2018-04-19 08:19:54 trace :
------------
Array:
tousername : gh_0c02969f70a6 ;
fromusername : oSI4Lj3U5-ggyI99vtu0ZHUp4Ocg ;
createtime : 1524097194 ;
msgtype : event ;
event : SCAN ;
eventkey : e63f191ace780031e0e627a9424150eb ;
ticket : gQHE8TwAAAAAAAAAAS5odHRwOi8vd2VpeGluLnFxLmNvbS9xLzAySUcxYUFYOGU4YmYxMDAwME0wNzAAAgRxrMFaAwQAAAAA ;
from : oSI4Lj3U5-ggyI99vtu0ZHUp4Ocg ;
to : gh_0c02969f70a6 ;
time : 1524097194 ;
type : subscribe ;
scene : e63f191ace780031e0e627a9424150eb ;

2018-04-19 08:20:15 trace :
------------
Array:
tousername : gh_0c02969f70a6 ;
fromusername : oSI4Lj3U5-ggyI99vtu0ZHUp4Ocg ;
createtime : 1524097215 ;
msgtype : event ;
event : CLICK ;
eventkey : 关注 ;
from : oSI4Lj3U5-ggyI99vtu0ZHUp4Ocg ;
to : gh_0c02969f70a6 ;
time : 1524097215 ;
type : event ;

2018-04-19 08:21:00 trace :
------------
Array:
tousername : gh_0c02969f70a6 ;
fromusername : oSI4Lj3U5-ggyI99vtu0ZHUp4Ocg ;
createtime : 1524097260 ;
msgtype : event ;
event : VIEW ;
eventkey : https://m.qlchat.com/live/320000044317761.htm ;
menuid : 425225551 ;
from : oSI4Lj3U5-ggyI99vtu0ZHUp4Ocg ;
to : gh_0c02969f70a6 ;
time : 1524097260 ;
type : event ;

2018-04-19 08:21:00 params :
------------
Array:
rule : -2 ;
module :  ;
message : Array ;

2018-04-19 08:21:00 response :
------------

2018-04-19 08:21:25 trace :
------------
Array:
tousername : gh_0c02969f70a6 ;
fromusername : oSI4Lj3U5-ggyI99vtu0ZHUp4Ocg ;
createtime : 1524097285 ;
msgtype : event ;
event : VIEW ;
eventkey : http://wxsdtkyq7kozrh.b.qun.hk/l/nFVgFpSG ;
menuid : 425225551 ;
from : oSI4Lj3U5-ggyI99vtu0ZHUp4Ocg ;
to : gh_0c02969f70a6 ;
time : 1524097285 ;
type : event ;

2018-04-19 08:21:25 params :
------------
Array:
rule : -2 ;
module :  ;
message : Array ;

2018-04-19 08:21:25 response :
------------

2018-04-19 08:24:52 trace :
------------
Array:
tousername : gh_0c02969f70a6 ;
fromusername : oSI4Lj3U5-ggyI99vtu0ZHUp4Ocg ;
createtime : 1524097492 ;
msgtype : event ;
event : VIEW ;
eventkey : http://zz.jhzh66.com/app/index.php?i=8&c=entry&eid=194 ;
menuid : 425225551 ;
from : oSI4Lj3U5-ggyI99vtu0ZHUp4Ocg ;
to : gh_0c02969f70a6 ;
time : 1524097492 ;
type : event ;

2018-04-19 08:24:52 params :
------------
Array:
rule : -2 ;
module :  ;
message : Array ;

2018-04-19 08:24:52 response :
------------

2018-04-19 08:26:04 trace :
------------
Array:
tousername : gh_0c02969f70a6 ;
fromusername : oSI4Lj3U5-ggyI99vtu0ZHUp4Ocg ;
createtime : 1524097564 ;
msgtype : event ;
event : VIEW ;
eventkey : http://zz.jhzh66.com/app/index.php?i=8&c=entry&eid=198 ;
menuid : 425225551 ;
from : oSI4Lj3U5-ggyI99vtu0ZHUp4Ocg ;
to : gh_0c02969f70a6 ;
time : 1524097564 ;
type : event ;

2018-04-19 08:26:04 params :
------------
Array:
rule : -2 ;
module :  ;
message : Array ;

2018-04-19 08:26:04 response :
------------

2018-04-19 08:27:01 trace :
------------
Array:
tousername : gh_0c02969f70a6 ;
fromusername : oSI4Lj3U5-ggyI99vtu0ZHUp4Ocg ;
createtime : 1524097621 ;
msgtype : event ;
event : VIEW ;
eventkey : http://wxsdtkyq7kozrh.b.qun.hk/l/nFVgFpSG ;
menuid : 425225551 ;
from : oSI4Lj3U5-ggyI99vtu0ZHUp4Ocg ;
to : gh_0c02969f70a6 ;
time : 1524097621 ;
type : event ;

2018-04-19 08:27:01 params :
------------
Array:
rule : -2 ;
module :  ;
message : Array ;

2018-04-19 08:27:01 response :
------------

2018-04-19 09:10:29 trace :
------------
Array:
tousername : gh_0c02969f70a6 ;
fromusername : oSI4Lj2oT_okFFTL6ewCT0g7jzlE ;
createtime : 1524100229 ;
msgtype : event ;
event : VIEW ;
eventkey : http://zz.jhzh66.com/app/index.php?i=8&c=entry&eid=194 ;
menuid : 425225551 ;
from : oSI4Lj2oT_okFFTL6ewCT0g7jzlE ;
to : gh_0c02969f70a6 ;
time : 1524100229 ;
type : event ;

2018-04-19 09:10:29 params :
------------
Array:
rule : -2 ;
module :  ;
message : Array ;

2018-04-19 09:10:29 response :
------------

2018-04-19 09:15:34 trace :
------------
Array:
tousername : gh_9aac6b6c619f ;
fromusername : o4Uy9vou_pgxPwO4hXBS7qOGX30M ;
createtime : 1524100534 ;
msgtype : event ;
event : CLICK ;
eventkey : 易货操作 ;
from : o4Uy9vou_pgxPwO4hXBS7qOGX30M ;
to : gh_9aac6b6c619f ;
time : 1524100534 ;
type : event ;

2018-04-19 09:15:34 params :
------------
Array:
rule : -2 ;
module :  ;
message : Array ;

2018-04-19 09:15:34 response :
------------

2018-04-19 09:32:30 trace :
------------
Array:
tousername : gh_0c02969f70a6 ;
fromusername : oSI4LjzvRK5ACZJZGIJoAv2tNkjI ;
createtime : 1524101550 ;
msgtype : event ;
event : subscribe ;
eventkey : Array ;
from : oSI4LjzvRK5ACZJZGIJoAv2tNkjI ;
to : gh_0c02969f70a6 ;
time : 1524101550 ;
type : subscribe ;

2018-04-19 09:32:30 params :
------------
Array:
rule : -2 ;
module :  ;
message : Array ;

2018-04-19 09:32:30 response :
------------

2018-04-19 09:32:36 trace :
------------
Array:
tousername : gh_0c02969f70a6 ;
fromusername : oSI4Lj8yg76PUPFmX2X5xpaYRZxU ;
createtime : 1524101556 ;
msgtype : event ;
event : SCAN ;
eventkey : a43a82cb5991f8b735f43fa161785b62 ;
ticket : gQE88TwAAAAAAAAAAS5odHRwOi8vd2VpeGluLnFxLmNvbS9xLzAyNS1ESUF2OGU4YmYxMDAwME0wN1gAAgQnVddaAwQAAAAA ;
from : oSI4Lj8yg76PUPFmX2X5xpaYRZxU ;
to : gh_0c02969f70a6 ;
time : 1524101556 ;
type : subscribe ;
scene : a43a82cb5991f8b735f43fa161785b62 ;

2018-04-19 09:32:40 trace :
------------
Array:
tousername : gh_0c02969f70a6 ;
fromusername : oSI4LjzvRK5ACZJZGIJoAv2tNkjI ;
createtime : 1524101560 ;
msgtype : event ;
event : VIEW ;
eventkey : http://zz.jhzh66.com/app/index.php?i=8&c=site&a=site&do=detail&id=2 ;
menuid : 425225551 ;
from : oSI4LjzvRK5ACZJZGIJoAv2tNkjI ;
to : gh_0c02969f70a6 ;
time : 1524101560 ;
type : event ;

2018-04-19 09:32:40 params :
------------
Array:
rule : -2 ;
module :  ;
message : Array ;

2018-04-19 09:32:40 response :
------------

2018-04-19 09:32:49 trace :
------------
Array:
tousername : gh_0c02969f70a6 ;
fromusername : oSI4Lj8yg76PUPFmX2X5xpaYRZxU ;
createtime : 1524101568 ;
msgtype : event ;
event : VIEW ;
eventkey : http://zz.jhzh66.com/app/index.php?i=8&c=entry&eid=198 ;
menuid : 425225551 ;
from : oSI4Lj8yg76PUPFmX2X5xpaYRZxU ;
to : gh_0c02969f70a6 ;
time : 1524101568 ;
type : event ;

2018-04-19 09:32:49 params :
------------
Array:
rule : -2 ;
module :  ;
message : Array ;

2018-04-19 09:32:49 response :
------------

2018-04-19 09:33:03 trace :
------------
Array:
tousername : gh_0c02969f70a6 ;
fromusername : oSI4LjzvRK5ACZJZGIJoAv2tNkjI ;
createtime : 1524101583 ;
msgtype : event ;
event : VIEW ;
eventkey : http://wxsdtkyq7kozrh.b.qun.hk/l/nFVgFpSG ;
menuid : 425225551 ;
from : oSI4LjzvRK5ACZJZGIJoAv2tNkjI ;
to : gh_0c02969f70a6 ;
time : 1524101583 ;
type : event ;

2018-04-19 09:33:03 params :
------------
Array:
rule : -2 ;
module :  ;
message : Array ;

2018-04-19 09:33:03 response :
------------

2018-04-19 09:33:11 trace :
------------
Array:
tousername : gh_0c02969f70a6 ;
fromusername : oSI4LjzvRK5ACZJZGIJoAv2tNkjI ;
createtime : 1524101591 ;
msgtype : event ;
event : VIEW ;
eventkey : http://zz.jhzh66.com/app/index.php?i=8&c=entry&eid=194 ;
menuid : 425225551 ;
from : oSI4LjzvRK5ACZJZGIJoAv2tNkjI ;
to : gh_0c02969f70a6 ;
time : 1524101591 ;
type : event ;

2018-04-19 09:33:11 params :
------------
Array:
rule : -2 ;
module :  ;
message : Array ;

2018-04-19 09:33:11 response :
------------

2018-04-19 09:33:30 trace :
------------
Array:
tousername : gh_0c02969f70a6 ;
fromusername : oSI4LjzvRK5ACZJZGIJoAv2tNkjI ;
createtime : 1524101610 ;
msgtype : event ;
event : VIEW ;
eventkey : https://m.qlchat.com/live/320000044317761.htm ;
menuid : 425225551 ;
from : oSI4LjzvRK5ACZJZGIJoAv2tNkjI ;
to : gh_0c02969f70a6 ;
time : 1524101610 ;
type : event ;

2018-04-19 09:33:30 params :
------------
Array:
rule : -2 ;
module :  ;
message : Array ;

2018-04-19 09:33:30 response :
------------

2018-04-19 09:33:45 trace :
------------
Array:
tousername : gh_0c02969f70a6 ;
fromusername : oSI4LjzvRK5ACZJZGIJoAv2tNkjI ;
createtime : 1524101625 ;
msgtype : event ;
event : VIEW ;
eventkey : http://zz.jhzh66.com/app/index.php?i=8&c=entry&eid=198 ;
menuid : 425225551 ;
from : oSI4LjzvRK5ACZJZGIJoAv2tNkjI ;
to : gh_0c02969f70a6 ;
time : 1524101625 ;
type : event ;

2018-04-19 09:33:45 params :
------------
Array:
rule : -2 ;
module :  ;
message : Array ;

2018-04-19 09:33:45 response :
------------

2018-04-19 09:37:44 trace :
------------
Array:
tousername : gh_0c02969f70a6 ;
fromusername : oSI4Lj6NZXiXqE8GjcxDkqq21EQ0 ;
createtime : 1524101864 ;
msgtype : event ;
event : VIEW ;
eventkey : http://zz.jhzh66.com/app/index.php?i=8&c=entry&eid=194 ;
menuid : 425225551 ;
from : oSI4Lj6NZXiXqE8GjcxDkqq21EQ0 ;
to : gh_0c02969f70a6 ;
time : 1524101864 ;
type : event ;

2018-04-19 09:37:44 params :
------------
Array:
rule : -2 ;
module :  ;
message : Array ;

2018-04-19 09:37:44 response :
------------

2018-04-19 09:57:14 trace :
------------
Array:
tousername : gh_0c02969f70a6 ;
fromusername : oSI4LjzoubauiDtzqvdyHF3n2Ovo ;
createtime : 1524103034 ;
msgtype : event ;
event : VIEW ;
eventkey : http://zz.jhzh66.com/app/index.php?i=8&c=entry&eid=194 ;
menuid : 425225551 ;
from : oSI4LjzoubauiDtzqvdyHF3n2Ovo ;
to : gh_0c02969f70a6 ;
time : 1524103034 ;
type : event ;

2018-04-19 09:57:14 params :
------------
Array:
rule : -2 ;
module :  ;
message : Array ;

2018-04-19 09:57:14 response :
------------

2018-04-19 10:16:39 trace :
------------
Array:
tousername : gh_0c02969f70a6 ;
fromusername : oSI4Lj6NZXiXqE8GjcxDkqq21EQ0 ;
createtime : 1524104199 ;
msgtype : event ;
event : VIEW ;
eventkey : http://zz.jhzh66.com/app/index.php?i=8&c=entry&eid=194 ;
menuid : 425225551 ;
from : oSI4Lj6NZXiXqE8GjcxDkqq21EQ0 ;
to : gh_0c02969f70a6 ;
time : 1524104199 ;
type : event ;

2018-04-19 10:16:39 params :
------------
Array:
rule : -2 ;
module :  ;
message : Array ;

2018-04-19 10:16:39 response :
------------

2018-04-19 10:27:04 trace :
------------
Array:
tousername : gh_0c02969f70a6 ;
fromusername : oSI4Lj97Jm2kdczJ4OHYMLb017pk ;
createtime : 1524104824 ;
msgtype : event ;
event : VIEW ;
eventkey : http://zz.jhzh66.com/app/index.php?i=8&c=entry&eid=194 ;
menuid : 425225551 ;
from : oSI4Lj97Jm2kdczJ4OHYMLb017pk ;
to : gh_0c02969f70a6 ;
time : 1524104824 ;
type : event ;

2018-04-19 10:27:04 params :
------------
Array:
rule : -2 ;
module :  ;
message : Array ;

2018-04-19 10:27:04 response :
------------

2018-04-19 10:33:35 trace :
------------
Array:
tousername : gh_0c02969f70a6 ;
fromusername : oSI4LjzGDzCztrhCP10C7-4flpE4 ;
createtime : 1524105215 ;
msgtype : event ;
event : CLICK ;
eventkey : 关注 ;
from : oSI4LjzGDzCztrhCP10C7-4flpE4 ;
to : gh_0c02969f70a6 ;
time : 1524105215 ;
type : event ;

2018-04-19 10:33:38 trace :
------------
Array:
tousername : gh_0c02969f70a6 ;
fromusername : oSI4LjzGDzCztrhCP10C7-4flpE4 ;
createtime : 1524105218 ;
msgtype : event ;
event : VIEW ;
eventkey : http://zz.jhzh66.com/app/index.php?i=8&c=entry&eid=198 ;
menuid : 425225551 ;
from : oSI4LjzGDzCztrhCP10C7-4flpE4 ;
to : gh_0c02969f70a6 ;
time : 1524105218 ;
type : event ;

2018-04-19 10:33:38 params :
------------
Array:
rule : -2 ;
module :  ;
message : Array ;

2018-04-19 10:33:38 response :
------------

2018-04-19 11:06:50 trace :
------------
Array:
tousername : gh_0c02969f70a6 ;
fromusername : oSI4Lj2VTimHJhoknnYk7bBF0Zlc ;
createtime : 1524107209 ;
msgtype : event ;
event : VIEW ;
eventkey : https://h5.scene.yqh5.cn/s/6szkjdIq ;
menuid : 425225551 ;
from : oSI4Lj2VTimHJhoknnYk7bBF0Zlc ;
to : gh_0c02969f70a6 ;
time : 1524107209 ;
type : event ;

2018-04-19 11:06:50 params :
------------
Array:
rule : -2 ;
module :  ;
message : Array ;

2018-04-19 11:06:50 response :
------------

2018-04-19 11:06:54 trace :
------------
Array:
tousername : gh_0c02969f70a6 ;
fromusername : oSI4Lj2VTimHJhoknnYk7bBF0Zlc ;
createtime : 1524107214 ;
msgtype : event ;
event : VIEW ;
eventkey : http://www.haolangtech.com/index.php/addon/HotActivity/HotActivity/leagueindex/id/1.html?from=groupmessage&isappinstalled=0 ;
menuid : 425225551 ;
from : oSI4Lj2VTimHJhoknnYk7bBF0Zlc ;
to : gh_0c02969f70a6 ;
time : 1524107214 ;
type : event ;

2018-04-19 11:06:54 params :
------------
Array:
rule : -2 ;
module :  ;
message : Array ;

2018-04-19 11:06:54 response :
------------

2018-04-19 11:07:11 trace :
------------
Array:
tousername : gh_0c02969f70a6 ;
fromusername : oSI4Lj2VTimHJhoknnYk7bBF0Zlc ;
createtime : 1524107231 ;
msgtype : event ;
event : VIEW ;
eventkey : http://www.haolangtech.com/index.php/addon/HotActivity/HotActivity/leagueindex/id/1.html?from=groupmessage&isappinstalled=0 ;
menuid : 425225551 ;
from : oSI4Lj2VTimHJhoknnYk7bBF0Zlc ;
to : gh_0c02969f70a6 ;
time : 1524107231 ;
type : event ;

2018-04-19 11:07:11 params :
------------
Array:
rule : -2 ;
module :  ;
message : Array ;

2018-04-19 11:07:11 response :
------------

2018-04-19 11:57:01 trace :
------------
Array:
tousername : gh_0c02969f70a6 ;
fromusername : oSI4Lj-qIb7RWk8RBS1LE4oMrehc ;
createtime : 1524110220 ;
msgtype : event ;
event : VIEW ;
eventkey : http://zz.jhzh66.com/app/index.php?i=8&c=entry&eid=198 ;
menuid : 425225551 ;
from : oSI4Lj-qIb7RWk8RBS1LE4oMrehc ;
to : gh_0c02969f70a6 ;
time : 1524110220 ;
type : event ;

2018-04-19 11:57:01 params :
------------
Array:
rule : -2 ;
module :  ;
message : Array ;

2018-04-19 11:57:01 response :
------------

2018-04-19 12:57:28 trace :
------------
Array:
tousername : gh_0c02969f70a6 ;
fromusername : oSI4Lj3U5-ggyI99vtu0ZHUp4Ocg ;
createtime : 1524113848 ;
msgtype : event ;
event : VIEW ;
eventkey : http://www.haolangtech.com/index.php?s=/Home/New/crowdfundingindex/id/22.html ;
menuid : 425225551 ;
from : oSI4Lj3U5-ggyI99vtu0ZHUp4Ocg ;
to : gh_0c02969f70a6 ;
time : 1524113848 ;
type : event ;

2018-04-19 12:57:28 params :
------------
Array:
rule : -2 ;
module :  ;
message : Array ;

2018-04-19 12:57:28 response :
------------

2018-04-19 13:48:57 trace :
------------
Array:
tousername : gh_0c02969f70a6 ;
fromusername : oSI4LjyHUqsKQ2U6jJYcy4lCjBVA ;
createtime : 1524116937 ;
msgtype : event ;
event : VIEW ;
eventkey : http://zz.jhzh66.com/app/index.php?i=8&c=entry&eid=198 ;
menuid : 425225551 ;
from : oSI4LjyHUqsKQ2U6jJYcy4lCjBVA ;
to : gh_0c02969f70a6 ;
time : 1524116937 ;
type : event ;

2018-04-19 13:48:57 params :
------------
Array:
rule : -2 ;
module :  ;
message : Array ;

2018-04-19 13:48:57 response :
------------

2018-04-19 15:17:43 trace :
------------
Array:
tousername : gh_0c02969f70a6 ;
fromusername : oSI4Lj4D4s1OS7Tx2J5YcCVk40og ;
createtime : 1524122263 ;
msgtype : event ;
event : VIEW ;
eventkey : http://zz.jhzh66.com/app/index.php?i=8&c=entry&eid=194 ;
menuid : 425225551 ;
from : oSI4Lj4D4s1OS7Tx2J5YcCVk40og ;
to : gh_0c02969f70a6 ;
time : 1524122263 ;
type : event ;

2018-04-19 15:17:44 params :
------------
Array:
rule : -2 ;
module :  ;
message : Array ;

2018-04-19 15:17:44 response :
------------

2018-04-19 15:21:08 trace :
------------
Array:
tousername : gh_0c02969f70a6 ;
fromusername : oSI4Lj6ztW-Y-mSjduATEWRJ7Y-g ;
createtime : 1524122468 ;
msgtype : event ;
event : VIEW ;
eventkey : http://zz.jhzh66.com/app/index.php?i=8&c=entry&eid=194 ;
menuid : 425225551 ;
from : oSI4Lj6ztW-Y-mSjduATEWRJ7Y-g ;
to : gh_0c02969f70a6 ;
time : 1524122468 ;
type : event ;

2018-04-19 15:21:08 params :
------------
Array:
rule : -2 ;
module :  ;
message : Array ;

2018-04-19 15:21:08 response :
------------

2018-04-19 15:27:40 trace :
------------
Array:
tousername : gh_0c02969f70a6 ;
fromusername : oSI4Lj6ztW-Y-mSjduATEWRJ7Y-g ;
createtime : 1524122860 ;
msgtype : text ;
content : 您好，我15号买的产品，今天还没到货，从哪看订单信息？ ;
msgid : 6546057839211236212 ;
from : oSI4Lj6ztW-Y-mSjduATEWRJ7Y-g ;
to : gh_0c02969f70a6 ;
time : 1524122860 ;
type : text ;
event :  ;
redirection :  ;
source :  ;

2018-04-19 15:27:40 params :
------------
Array:
rule : -2 ;
module :  ;
message : Array ;

2018-04-19 15:27:40 response :
------------

2018-04-19 15:32:37 trace :
------------
Array:
tousername : gh_0c02969f70a6 ;
fromusername : oSI4Lj97Jm2kdczJ4OHYMLb017pk ;
createtime : 1524123157 ;
msgtype : event ;
event : VIEW ;
eventkey : http://zz.jhzh66.com/app/index.php?i=8&c=entry&eid=194 ;
menuid : 425225551 ;
from : oSI4Lj97Jm2kdczJ4OHYMLb017pk ;
to : gh_0c02969f70a6 ;
time : 1524123157 ;
type : event ;

2018-04-19 15:32:37 params :
------------
Array:
rule : -2 ;
module :  ;
message : Array ;

2018-04-19 15:32:37 response :
------------

2018-04-19 15:44:40 trace :
------------
Array:
tousername : gh_0c02969f70a6 ;
fromusername : oSI4Lj6ztW-Y-mSjduATEWRJ7Y-g ;
createtime : 1524123879 ;
msgtype : event ;
event : VIEW ;
eventkey : http://zz.jhzh66.com/app/index.php?i=8&c=entry&eid=198 ;
menuid : 425225551 ;
from : oSI4Lj6ztW-Y-mSjduATEWRJ7Y-g ;
to : gh_0c02969f70a6 ;
time : 1524123879 ;
type : event ;

2018-04-19 15:44:40 params :
------------
Array:
rule : -2 ;
module :  ;
message : Array ;

2018-04-19 15:44:40 response :
------------

2018-04-19 15:45:41 trace :
------------
Array:
tousername : gh_0c02969f70a6 ;
fromusername : oSI4Lj6ztW-Y-mSjduATEWRJ7Y-g ;
createtime : 1524123940 ;
msgtype : image ;
picurl : http://mmbiz.qpic.cn/mmbiz_jpg/XnHFUZIq10ViaTVTeDichqPxFO2gFTUG6HMaMdeza1HUE7XKMeDZWvdO99WFn4oP1BicIAicicF3iaGXgHzPDgqHDaew/0 ;
msgid : 6546062477775916087 ;
mediaid : MqX05CrVXw8xlvrNZvm1dpYhCy1iwBrQUamdYqV4kLnZ1y8GohqjmnFuYegjiAqN ;
from : oSI4Lj6ztW-Y-mSjduATEWRJ7Y-g ;
to : gh_0c02969f70a6 ;
time : 1524123940 ;
type : image ;
event :  ;
url : http://mmbiz.qpic.cn/mmbiz_jpg/XnHFUZIq10ViaTVTeDichqPxFO2gFTUG6HMaMdeza1HUE7XKMeDZWvdO99WFn4oP1BicIAicicF3iaGXgHzPDgqHDaew/0 ;

2018-04-19 15:45:41 params :
------------
Array:
rule : -2 ;
module :  ;
message : Array ;

2018-04-19 15:45:41 response :
------------

2018-04-19 15:45:56 trace :
------------
Array:
tousername : gh_0c02969f70a6 ;
fromusername : oSI4Lj6ztW-Y-mSjduATEWRJ7Y-g ;
createtime : 1524123956 ;
msgtype : text ;
content : 没有信息/::( ;
msgid : 6546062546495392826 ;
from : oSI4Lj6ztW-Y-mSjduATEWRJ7Y-g ;
to : gh_0c02969f70a6 ;
time : 1524123956 ;
type : text ;
event :  ;
redirection :  ;
source :  ;

2018-04-19 15:45:56 params :
------------
Array:
rule : -2 ;
module :  ;
message : Array ;

2018-04-19 15:45:56 response :
------------

2018-04-19 15:46:41 trace :
------------
Array:
tousername : gh_0c02969f70a6 ;
fromusername : oSI4Lj6ztW-Y-mSjduATEWRJ7Y-g ;
createtime : 1524124001 ;
msgtype : text ;
content : 好的，谢谢 ;
msgid : 6546062739768921164 ;
from : oSI4Lj6ztW-Y-mSjduATEWRJ7Y-g ;
to : gh_0c02969f70a6 ;
time : 1524124001 ;
type : text ;
event :  ;
redirection :  ;
source :  ;

2018-04-19 15:46:41 params :
------------
Array:
rule : -2 ;
module :  ;
message : Array ;

2018-04-19 15:46:41 response :
------------

2018-04-19 15:48:28 trace :
------------
Array:
tousername : gh_0c02969f70a6 ;
fromusername : oSI4Lj6ztW-Y-mSjduATEWRJ7Y-g ;
createtime : 1524124107 ;
msgtype : text ;
content : 好的 ;
msgid : 6546063195035454582 ;
from : oSI4Lj6ztW-Y-mSjduATEWRJ7Y-g ;
to : gh_0c02969f70a6 ;
time : 1524124107 ;
type : text ;
event :  ;
redirection :  ;
source :  ;

2018-04-19 15:48:28 params :
------------
Array:
rule : -2 ;
module :  ;
message : Array ;

2018-04-19 15:48:28 response :
------------

2018-04-19 15:48:42 trace :
------------
Array:
tousername : gh_0c02969f70a6 ;
fromusername : oSI4Lj4D4s1OS7Tx2J5YcCVk40og ;
createtime : 1524124122 ;
msgtype : event ;
event : VIEW ;
eventkey : http://zz.jhzh66.com/app/index.php?i=8&c=entry&eid=194 ;
menuid : 425225551 ;
from : oSI4Lj4D4s1OS7Tx2J5YcCVk40og ;
to : gh_0c02969f70a6 ;
time : 1524124122 ;
type : event ;

2018-04-19 15:48:42 params :
------------
Array:
rule : -2 ;
module :  ;
message : Array ;

2018-04-19 15:48:42 response :
------------

2018-04-19 16:26:47 trace :
------------
Array:
tousername : gh_0c02969f70a6 ;
fromusername : oSI4Lj7YREStMmPnAejOUjxb9r_c ;
createtime : 1524126407 ;
msgtype : event ;
event : VIEW ;
eventkey : https://m.qlchat.com/live/320000044317761.htm ;
menuid : 425225551 ;
from : oSI4Lj7YREStMmPnAejOUjxb9r_c ;
to : gh_0c02969f70a6 ;
time : 1524126407 ;
type : event ;

2018-04-19 16:26:47 params :
------------
Array:
rule : -2 ;
module :  ;
message : Array ;

2018-04-19 16:26:47 response :
------------

2018-04-19 16:36:20 trace :
------------
Array:
tousername : gh_0c02969f70a6 ;
fromusername : oSI4Lj6ztW-Y-mSjduATEWRJ7Y-g ;
createtime : 1524126980 ;
msgtype : event ;
event : VIEW ;
eventkey : http://zz.jhzh66.com/app/index.php?i=8&c=entry&eid=198 ;
menuid : 425225551 ;
from : oSI4Lj6ztW-Y-mSjduATEWRJ7Y-g ;
to : gh_0c02969f70a6 ;
time : 1524126980 ;
type : event ;

2018-04-19 16:36:20 params :
------------
Array:
rule : -2 ;
module :  ;
message : Array ;

2018-04-19 16:36:20 response :
------------

2018-04-19 16:39:01 trace :
------------
Array:
tousername : gh_0c02969f70a6 ;
fromusername : oSI4Lj8yg76PUPFmX2X5xpaYRZxU ;
createtime : 1524127141 ;
msgtype : event ;
event : VIEW ;
eventkey : http://zz.jhzh66.com/app/index.php?i=8&c=entry&eid=198 ;
menuid : 425225551 ;
from : oSI4Lj8yg76PUPFmX2X5xpaYRZxU ;
to : gh_0c02969f70a6 ;
time : 1524127141 ;
type : event ;

2018-04-19 16:39:01 params :
------------
Array:
rule : -2 ;
module :  ;
message : Array ;

2018-04-19 16:39:01 response :
------------

2018-04-19 16:40:57 trace :
------------
Array:
tousername : gh_0c02969f70a6 ;
fromusername : oSI4Lj8yg76PUPFmX2X5xpaYRZxU ;
createtime : 1524127257 ;
msgtype : event ;
event : SCAN ;
eventkey : a43a82cb5991f8b735f43fa161785b62 ;
ticket : gQE88TwAAAAAAAAAAS5odHRwOi8vd2VpeGluLnFxLmNvbS9xLzAyNS1ESUF2OGU4YmYxMDAwME0wN1gAAgQnVddaAwQAAAAA ;
from : oSI4Lj8yg76PUPFmX2X5xpaYRZxU ;
to : gh_0c02969f70a6 ;
time : 1524127257 ;
type : subscribe ;
scene : a43a82cb5991f8b735f43fa161785b62 ;

2018-04-19 16:47:14 trace :
------------
Array:
tousername : gh_0c02969f70a6 ;
fromusername : oSI4Lj2QqFM6-5CSXu2IKDfy-ODc ;
createtime : 1524127633 ;
msgtype : event ;
event : VIEW ;
eventkey : http://www.haolangtech.com/index.php?s=/Home/New/crowdfundingindex/id/22.html ;
menuid : 425225551 ;
from : oSI4Lj2QqFM6-5CSXu2IKDfy-ODc ;
to : gh_0c02969f70a6 ;
time : 1524127633 ;
type : event ;

2018-04-19 16:47:14 params :
------------
Array:
rule : -2 ;
module :  ;
message : Array ;

2018-04-19 16:47:14 response :
------------

2018-04-19 17:23:02 trace :
------------
Array:
tousername : gh_0c02969f70a6 ;
fromusername : oSI4Lj5N1jD4QSh3T1UgnFv78qsc ;
createtime : 1524129782 ;
msgtype : event ;
event : VIEW ;
eventkey : http://zz.jhzh66.com/app/index.php?i=8&c=entry&eid=194 ;
menuid : 425225551 ;
from : oSI4Lj5N1jD4QSh3T1UgnFv78qsc ;
to : gh_0c02969f70a6 ;
time : 1524129782 ;
type : event ;

2018-04-19 17:23:02 params :
------------
Array:
rule : -2 ;
module :  ;
message : Array ;

2018-04-19 17:23:02 response :
------------

2018-04-19 17:56:53 trace :
------------
Array:
tousername : gh_0c02969f70a6 ;
fromusername : oSI4Lj05Zx0F_0F-XWr1Dg2xlu1E ;
createtime : 1524131813 ;
msgtype : event ;
event : subscribe ;
eventkey : Array ;
from : oSI4Lj05Zx0F_0F-XWr1Dg2xlu1E ;
to : gh_0c02969f70a6 ;
time : 1524131813 ;
type : subscribe ;

2018-04-19 17:56:53 params :
------------
Array:
rule : -2 ;
module :  ;
message : Array ;

2018-04-19 17:56:53 response :
------------

2018-04-19 18:13:07 trace :
------------
Array:
tousername : gh_0c02969f70a6 ;
fromusername : oSI4Lj4yFCpcS4tKrigfMl85T0o0 ;
createtime : 1524132787 ;
msgtype : event ;
event : subscribe ;
eventkey : qrscene_a43a82cb5991f8b735f43fa161785b62 ;
ticket : gQE88TwAAAAAAAAAAS5odHRwOi8vd2VpeGluLnFxLmNvbS9xLzAyNS1ESUF2OGU4YmYxMDAwME0wN1gAAgQnVddaAwQAAAAA ;
from : oSI4Lj4yFCpcS4tKrigfMl85T0o0 ;
to : gh_0c02969f70a6 ;
time : 1524132787 ;
type : subscribe ;
scene : a43a82cb5991f8b735f43fa161785b62 ;

2018-04-19 18:13:25 trace :
------------
Array:
tousername : gh_0c02969f70a6 ;
fromusername : oSI4Lj4yFCpcS4tKrigfMl85T0o0 ;
createtime : 1524132805 ;
msgtype : event ;
event : VIEW ;
eventkey : http://zz.jhzh66.com/app/index.php?i=8&c=site&a=site&do=detail&id=2 ;
menuid : 425225551 ;
from : oSI4Lj4yFCpcS4tKrigfMl85T0o0 ;
to : gh_0c02969f70a6 ;
time : 1524132805 ;
type : event ;

2018-04-19 18:13:25 params :
------------
Array:
rule : -2 ;
module :  ;
message : Array ;

2018-04-19 18:13:25 response :
------------

2018-04-19 18:13:50 trace :
------------
Array:
tousername : gh_0c02969f70a6 ;
fromusername : oSI4Lj4yFCpcS4tKrigfMl85T0o0 ;
createtime : 1524132830 ;
msgtype : event ;
event : VIEW ;
eventkey : https://h5.scene.yqh5.cn/s/6szkjdIq ;
menuid : 425225551 ;
from : oSI4Lj4yFCpcS4tKrigfMl85T0o0 ;
to : gh_0c02969f70a6 ;
time : 1524132830 ;
type : event ;

2018-04-19 18:13:50 params :
------------
Array:
rule : -2 ;
module :  ;
message : Array ;

2018-04-19 18:13:50 response :
------------

2018-04-19 18:14:42 trace :
------------
Array:
tousername : gh_0c02969f70a6 ;
fromusername : oSI4Lj4yFCpcS4tKrigfMl85T0o0 ;
createtime : 1524132882 ;
msgtype : event ;
event : VIEW ;
eventkey : http://zz.jhzh66.com/app/index.php?i=8&c=entry&eid=198 ;
menuid : 425225551 ;
from : oSI4Lj4yFCpcS4tKrigfMl85T0o0 ;
to : gh_0c02969f70a6 ;
time : 1524132882 ;
type : event ;

2018-04-19 18:14:42 params :
------------
Array:
rule : -2 ;
module :  ;
message : Array ;

2018-04-19 18:14:42 response :
------------

2018-04-19 19:24:00 trace :
------------
Array:
tousername : gh_0c02969f70a6 ;
fromusername : oSI4LjxOk_z2c7unlDpR6f69Hl6A ;
createtime : 1524137039 ;
msgtype : event ;
event : VIEW ;
eventkey : http://zz.jhzh66.com/app/index.php?i=8&c=entry&eid=194 ;
menuid : 425225551 ;
from : oSI4LjxOk_z2c7unlDpR6f69Hl6A ;
to : gh_0c02969f70a6 ;
time : 1524137039 ;
type : event ;

2018-04-19 19:24:00 params :
------------
Array:
rule : -2 ;
module :  ;
message : Array ;

2018-04-19 19:24:00 response :
------------

2018-04-19 20:17:57 trace :
------------
Array:
tousername : gh_0c02969f70a6 ;
fromusername : oSI4LjxgPvF9iMHSyO55h3cZ7WMg ;
createtime : 1524140277 ;
msgtype : event ;
event : SCAN ;
eventkey : e63f191ace780031e0e627a9424150eb ;
ticket : gQHE8TwAAAAAAAAAAS5odHRwOi8vd2VpeGluLnFxLmNvbS9xLzAySUcxYUFYOGU4YmYxMDAwME0wNzAAAgRxrMFaAwQAAAAA ;
from : oSI4LjxgPvF9iMHSyO55h3cZ7WMg ;
to : gh_0c02969f70a6 ;
time : 1524140277 ;
type : subscribe ;
scene : e63f191ace780031e0e627a9424150eb ;

2018-04-19 20:18:02 trace :
------------
Array:
tousername : gh_0c02969f70a6 ;
fromusername : oSI4LjxgPvF9iMHSyO55h3cZ7WMg ;
createtime : 1524140282 ;
msgtype : event ;
event : VIEW ;
eventkey : http://zz.jhzh66.com/app/index.php?i=8&c=entry&eid=198 ;
menuid : 425225551 ;
from : oSI4LjxgPvF9iMHSyO55h3cZ7WMg ;
to : gh_0c02969f70a6 ;
time : 1524140282 ;
type : event ;

2018-04-19 20:18:02 params :
------------
Array:
rule : -2 ;
module :  ;
message : Array ;

2018-04-19 20:18:02 response :
------------

2018-04-19 20:20:02 trace :
------------
Array:
tousername : gh_0c02969f70a6 ;
fromusername : oSI4Lj1GH16vkMzpbSyfNra6KmMg ;
createtime : 1524140402 ;
msgtype : event ;
event : subscribe ;
eventkey : qrscene_e63f191ace780031e0e627a9424150eb ;
ticket : gQHE8TwAAAAAAAAAAS5odHRwOi8vd2VpeGluLnFxLmNvbS9xLzAySUcxYUFYOGU4YmYxMDAwME0wNzAAAgRxrMFaAwQAAAAA ;
from : oSI4Lj1GH16vkMzpbSyfNra6KmMg ;
to : gh_0c02969f70a6 ;
time : 1524140402 ;
type : subscribe ;
scene : e63f191ace780031e0e627a9424150eb ;

2018-04-19 20:20:07 trace :
------------
Array:
tousername : gh_0c02969f70a6 ;
fromusername : oSI4Lj1GH16vkMzpbSyfNra6KmMg ;
createtime : 1524140407 ;
msgtype : event ;
event : VIEW ;
eventkey : http://zz.jhzh66.com/app/index.php?i=8&c=entry&eid=194 ;
menuid : 425225551 ;
from : oSI4Lj1GH16vkMzpbSyfNra6KmMg ;
to : gh_0c02969f70a6 ;
time : 1524140407 ;
type : event ;

2018-04-19 20:20:07 params :
------------
Array:
rule : -2 ;
module :  ;
message : Array ;

2018-04-19 20:20:07 response :
------------

2018-04-19 20:23:11 trace :
------------
Array:
tousername : gh_9aac6b6c619f ;
fromusername : o4Uy9vowzEkpZ-Rp2YzITKvY3MPc ;
createtime : 1524140591 ;
msgtype : event ;
event : VIEW ;
eventkey : http://fx.jhzh66.com/app/index.php?i=3&c=entry&eid=14 ;
menuid : 425178868 ;
from : o4Uy9vowzEkpZ-Rp2YzITKvY3MPc ;
to : gh_9aac6b6c619f ;
time : 1524140591 ;
type : event ;

2018-04-19 20:23:11 params :
------------
Array:
rule : -2 ;
module :  ;
message : Array ;

2018-04-19 20:23:11 response :
------------

2018-04-19 20:23:19 trace :
------------
Array:
tousername : gh_9aac6b6c619f ;
fromusername : o4Uy9vowzEkpZ-Rp2YzITKvY3MPc ;
createtime : 1524140599 ;
msgtype : event ;
event : VIEW ;
eventkey : https://m.qlchat.com/live/320000044317761.htm ;
menuid : 425178868 ;
from : o4Uy9vowzEkpZ-Rp2YzITKvY3MPc ;
to : gh_9aac6b6c619f ;
time : 1524140599 ;
type : event ;

2018-04-19 20:23:19 params :
------------
Array:
rule : -2 ;
module :  ;
message : Array ;

2018-04-19 20:23:19 response :
------------

2018-04-19 20:23:38 trace :
------------
Array:
tousername : gh_9aac6b6c619f ;
fromusername : o4Uy9vowzEkpZ-Rp2YzITKvY3MPc ;
createtime : 1524140618 ;
msgtype : event ;
event : CLICK ;
eventkey : 秒盟 ;
from : o4Uy9vowzEkpZ-Rp2YzITKvY3MPc ;
to : gh_9aac6b6c619f ;
time : 1524140618 ;
type : event ;

2018-04-19 20:23:38 params :
------------
Array:
rule : -2 ;
module :  ;
message : Array ;

2018-04-19 20:23:38 response :
------------

2018-04-19 20:27:23 trace :
------------
Array:
tousername : gh_0c02969f70a6 ;
fromusername : oSI4Lj1GH16vkMzpbSyfNra6KmMg ;
createtime : 1524140842 ;
msgtype : event ;
event : VIEW ;
eventkey : http://zz.jhzh66.com/app/index.php?i=8&c=entry&eid=194 ;
menuid : 425225551 ;
from : oSI4Lj1GH16vkMzpbSyfNra6KmMg ;
to : gh_0c02969f70a6 ;
time : 1524140842 ;
type : event ;

2018-04-19 20:27:23 params :
------------
Array:
rule : -2 ;
module :  ;
message : Array ;

2018-04-19 20:27:23 response :
------------

2018-04-19 20:31:16 trace :
------------
Array:
tousername : gh_0c02969f70a6 ;
fromusername : oSI4Lj1GH16vkMzpbSyfNra6KmMg ;
createtime : 1524141076 ;
msgtype : event ;
event : VIEW ;
eventkey : http://zz.jhzh66.com/app/index.php?i=8&c=entry&eid=194 ;
menuid : 425225551 ;
from : oSI4Lj1GH16vkMzpbSyfNra6KmMg ;
to : gh_0c02969f70a6 ;
time : 1524141076 ;
type : event ;

2018-04-19 20:31:16 params :
------------
Array:
rule : -2 ;
module :  ;
message : Array ;

2018-04-19 20:31:16 response :
------------

2018-04-19 20:58:37 trace :
------------
Array:
tousername : gh_0c02969f70a6 ;
fromusername : oSI4LjxgPvF9iMHSyO55h3cZ7WMg ;
createtime : 1524142716 ;
msgtype : event ;
event : SCAN ;
eventkey : e63f191ace780031e0e627a9424150eb ;
ticket : gQHE8TwAAAAAAAAAAS5odHRwOi8vd2VpeGluLnFxLmNvbS9xLzAySUcxYUFYOGU4YmYxMDAwME0wNzAAAgRxrMFaAwQAAAAA ;
from : oSI4LjxgPvF9iMHSyO55h3cZ7WMg ;
to : gh_0c02969f70a6 ;
time : 1524142716 ;
type : subscribe ;
scene : e63f191ace780031e0e627a9424150eb ;

2018-04-19 21:12:13 trace :
------------
Array:
tousername : gh_0c02969f70a6 ;
fromusername : oSI4LjxMqcTT0PhOsXTJrtxdR4NU ;
createtime : 1524143533 ;
msgtype : event ;
event : VIEW ;
eventkey : http://zz.jhzh66.com/app/index.php?i=8&c=entry&eid=194 ;
menuid : 425225551 ;
from : oSI4LjxMqcTT0PhOsXTJrtxdR4NU ;
to : gh_0c02969f70a6 ;
time : 1524143533 ;
type : event ;

2018-04-19 21:12:13 params :
------------
Array:
rule : -2 ;
module :  ;
message : Array ;

2018-04-19 21:12:13 response :
------------

2018-04-19 21:12:14 trace :
------------
Array:
tousername : gh_0c02969f70a6 ;
fromusername : oSI4Lj97Jm2kdczJ4OHYMLb017pk ;
createtime : 1524143534 ;
msgtype : event ;
event : VIEW ;
eventkey : http://zz.jhzh66.com/app/index.php?i=8&c=entry&eid=194 ;
menuid : 425225551 ;
from : oSI4Lj97Jm2kdczJ4OHYMLb017pk ;
to : gh_0c02969f70a6 ;
time : 1524143534 ;
type : event ;

2018-04-19 21:12:14 params :
------------
Array:
rule : -2 ;
module :  ;
message : Array ;

2018-04-19 21:12:14 response :
------------

2018-04-19 21:12:14 trace :
------------
Array:
tousername : gh_0c02969f70a6 ;
fromusername : oSI4Ljy3SMp8HCcE4LqEx_XZdbEA ;
createtime : 1524143534 ;
msgtype : event ;
event : VIEW ;
eventkey : http://zz.jhzh66.com/app/index.php?i=8&c=entry&eid=194 ;
menuid : 425225551 ;
from : oSI4Ljy3SMp8HCcE4LqEx_XZdbEA ;
to : gh_0c02969f70a6 ;
time : 1524143534 ;
type : event ;

2018-04-19 21:12:14 params :
------------
Array:
rule : -2 ;
module :  ;
message : Array ;

2018-04-19 21:12:14 response :
------------

2018-04-19 21:12:34 trace :
------------
Array:
tousername : gh_0c02969f70a6 ;
fromusername : oSI4Lj8hOTIpyxNWg84yq6dUUq4k ;
createtime : 1524143554 ;
msgtype : event ;
event : VIEW ;
eventkey : http://zz.jhzh66.com/app/index.php?i=8&c=entry&eid=194 ;
menuid : 425225551 ;
from : oSI4Lj8hOTIpyxNWg84yq6dUUq4k ;
to : gh_0c02969f70a6 ;
time : 1524143554 ;
type : event ;

2018-04-19 21:12:34 params :
------------
Array:
rule : -2 ;
module :  ;
message : Array ;

2018-04-19 21:12:34 response :
------------

2018-04-19 21:12:36 trace :
------------
Array:
tousername : gh_0c02969f70a6 ;
fromusername : oSI4Lj_lEWPUe5U7gAEhnrik3ja4 ;
createtime : 1524143556 ;
msgtype : event ;
event : subscribe ;
eventkey : qrscene_e63f191ace780031e0e627a9424150eb ;
ticket : gQHE8TwAAAAAAAAAAS5odHRwOi8vd2VpeGluLnFxLmNvbS9xLzAySUcxYUFYOGU4YmYxMDAwME0wNzAAAgRxrMFaAwQAAAAA ;
from : oSI4Lj_lEWPUe5U7gAEhnrik3ja4 ;
to : gh_0c02969f70a6 ;
time : 1524143556 ;
type : subscribe ;
scene : e63f191ace780031e0e627a9424150eb ;

2018-04-19 21:13:15 trace :
------------
Array:
tousername : gh_0c02969f70a6 ;
fromusername : oSI4Lj9Y1Brq1SKlVyQrIBLkLR_o ;
createtime : 1524143595 ;
msgtype : event ;
event : VIEW ;
eventkey : http://zz.jhzh66.com/app/index.php?i=8&c=entry&eid=198 ;
menuid : 425225551 ;
from : oSI4Lj9Y1Brq1SKlVyQrIBLkLR_o ;
to : gh_0c02969f70a6 ;
time : 1524143595 ;
type : event ;

2018-04-19 21:13:15 params :
------------
Array:
rule : -2 ;
module :  ;
message : Array ;

2018-04-19 21:13:15 response :
------------

2018-04-19 21:14:30 trace :
------------
Array:
tousername : gh_0c02969f70a6 ;
fromusername : oSI4Lj97Jm2kdczJ4OHYMLb017pk ;
createtime : 1524143670 ;
msgtype : event ;
event : CLICK ;
eventkey : 关注 ;
from : oSI4Lj97Jm2kdczJ4OHYMLb017pk ;
to : gh_0c02969f70a6 ;
time : 1524143670 ;
type : event ;

2018-04-19 21:14:32 trace :
------------
Array:
tousername : gh_0c02969f70a6 ;
fromusername : oSI4Ljy3SMp8HCcE4LqEx_XZdbEA ;
createtime : 1524143672 ;
msgtype : event ;
event : CLICK ;
eventkey : 关注 ;
from : oSI4Ljy3SMp8HCcE4LqEx_XZdbEA ;
to : gh_0c02969f70a6 ;
time : 1524143672 ;
type : event ;

2018-04-19 21:14:32 trace :
------------
Array:
tousername : gh_0c02969f70a6 ;
fromusername : oSI4LjxMqcTT0PhOsXTJrtxdR4NU ;
createtime : 1524143672 ;
msgtype : event ;
event : CLICK ;
eventkey : 关注 ;
from : oSI4LjxMqcTT0PhOsXTJrtxdR4NU ;
to : gh_0c02969f70a6 ;
time : 1524143672 ;
type : event ;

2018-04-19 21:14:36 trace :
------------
Array:
tousername : gh_0c02969f70a6 ;
fromusername : oSI4Lj1n1DqiQp4ny9-h7ubZHgl8 ;
createtime : 1524143676 ;
msgtype : event ;
event : VIEW ;
eventkey : http://zz.jhzh66.com/app/index.php?i=8&c=entry&eid=194 ;
menuid : 425225551 ;
from : oSI4Lj1n1DqiQp4ny9-h7ubZHgl8 ;
to : gh_0c02969f70a6 ;
time : 1524143676 ;
type : event ;

2018-04-19 21:14:36 params :
------------
Array:
rule : -2 ;
module :  ;
message : Array ;

2018-04-19 21:14:36 response :
------------

2018-04-19 21:14:40 trace :
------------
Array:
tousername : gh_0c02969f70a6 ;
fromusername : oSI4Lj8hOTIpyxNWg84yq6dUUq4k ;
createtime : 1524143680 ;
msgtype : event ;
event : CLICK ;
eventkey : 关注 ;
from : oSI4Lj8hOTIpyxNWg84yq6dUUq4k ;
to : gh_0c02969f70a6 ;
time : 1524143680 ;
type : event ;

2018-04-19 21:14:43 trace :
------------
Array:
tousername : gh_0c02969f70a6 ;
fromusername : oSI4Lj8hOTIpyxNWg84yq6dUUq4k ;
createtime : 1524143683 ;
msgtype : event ;
event : CLICK ;
eventkey : 关注 ;
from : oSI4Lj8hOTIpyxNWg84yq6dUUq4k ;
to : gh_0c02969f70a6 ;
time : 1524143683 ;
type : event ;

2018-04-19 21:15:49 trace :
------------
Array:
tousername : gh_0c02969f70a6 ;
fromusername : oSI4Lj97Jm2kdczJ4OHYMLb017pk ;
createtime : 1524143748 ;
msgtype : event ;
event : VIEW ;
eventkey : http://zz.jhzh66.com/app/index.php?i=8&c=entry&eid=194 ;
menuid : 425225551 ;
from : oSI4Lj97Jm2kdczJ4OHYMLb017pk ;
to : gh_0c02969f70a6 ;
time : 1524143748 ;
type : event ;

2018-04-19 21:15:49 params :
------------
Array:
rule : -2 ;
module :  ;
message : Array ;

2018-04-19 21:15:49 response :
------------

2018-04-19 21:17:59 trace :
------------
Array:
tousername : gh_0c02969f70a6 ;
fromusername : oSI4Lj6b6Tpa3Elo4ATwim2rAT6Q ;
createtime : 1524143879 ;
msgtype : event ;
event : VIEW ;
eventkey : http://zz.jhzh66.com/app/index.php?i=8&c=site&a=site&do=detail&id=2 ;
menuid : 425225551 ;
from : oSI4Lj6b6Tpa3Elo4ATwim2rAT6Q ;
to : gh_0c02969f70a6 ;
time : 1524143879 ;
type : event ;

2018-04-19 21:17:59 params :
------------
Array:
rule : -2 ;
module :  ;
message : Array ;

2018-04-19 21:17:59 response :
------------

2018-04-19 21:18:02 trace :
------------
Array:
tousername : gh_0c02969f70a6 ;
fromusername : oSI4Lj9Y1Brq1SKlVyQrIBLkLR_o ;
createtime : 1524143882 ;
msgtype : event ;
event : CLICK ;
eventkey : 关注 ;
from : oSI4Lj9Y1Brq1SKlVyQrIBLkLR_o ;
to : gh_0c02969f70a6 ;
time : 1524143882 ;
type : event ;

2018-04-19 21:18:15 trace :
------------
Array:
tousername : gh_0c02969f70a6 ;
fromusername : oSI4Lj9Y1Brq1SKlVyQrIBLkLR_o ;
createtime : 1524143894 ;
msgtype : event ;
event : VIEW ;
eventkey : http://zz.jhzh66.com/app/index.php?i=8&c=entry&eid=194 ;
menuid : 425225551 ;
from : oSI4Lj9Y1Brq1SKlVyQrIBLkLR_o ;
to : gh_0c02969f70a6 ;
time : 1524143894 ;
type : event ;

2018-04-19 21:18:15 params :
------------
Array:
rule : -2 ;
module :  ;
message : Array ;

2018-04-19 21:18:15 response :
------------

2018-04-19 21:18:17 trace :
------------
Array:
tousername : gh_0c02969f70a6 ;
fromusername : oSI4Lj6b6Tpa3Elo4ATwim2rAT6Q ;
createtime : 1524143897 ;
msgtype : event ;
event : VIEW ;
eventkey : http://zz.jhzh66.com/app/index.php?i=8&c=entry&eid=198 ;
menuid : 425225551 ;
from : oSI4Lj6b6Tpa3Elo4ATwim2rAT6Q ;
to : gh_0c02969f70a6 ;
time : 1524143897 ;
type : event ;

2018-04-19 21:18:17 params :
------------
Array:
rule : -2 ;
module :  ;
message : Array ;

2018-04-19 21:18:17 response :
------------

2018-04-19 21:28:22 trace :
------------
Array:
tousername : gh_0c02969f70a6 ;
fromusername : oSI4Lj2Yef0zxzFqreV4g3fl-vfI ;
createtime : 1524144502 ;
msgtype : event ;
event : SCAN ;
eventkey : bff6c51189fb163ad0202c6dcd581ff9 ;
ticket : gQHT8TwAAAAAAAAAAS5odHRwOi8vd2VpeGluLnFxLmNvbS9xLzAyajVRV0IxOGU4YmYxMDAwME0wN1kAAgQ5lthaAwQAAAAA ;
from : oSI4Lj2Yef0zxzFqreV4g3fl-vfI ;
to : gh_0c02969f70a6 ;
time : 1524144502 ;
type : subscribe ;
scene : bff6c51189fb163ad0202c6dcd581ff9 ;

2018-04-19 21:28:29 trace :
------------
Array:
tousername : gh_0c02969f70a6 ;
fromusername : oSI4Lj2Yef0zxzFqreV4g3fl-vfI ;
createtime : 1524144509 ;
msgtype : event ;
event : VIEW ;
eventkey : http://zz.jhzh66.com/app/index.php?i=8&c=entry&eid=194 ;
menuid : 425225551 ;
from : oSI4Lj2Yef0zxzFqreV4g3fl-vfI ;
to : gh_0c02969f70a6 ;
time : 1524144509 ;
type : event ;

2018-04-19 21:28:29 params :
------------
Array:
rule : -2 ;
module :  ;
message : Array ;

2018-04-19 21:28:29 response :
------------

2018-04-19 22:20:28 trace :
------------
Array:
tousername : gh_0c02969f70a6 ;
fromusername : oSI4Lj_wAHJbiVFDjqtS0DsdILCo ;
createtime : 1524147628 ;
msgtype : event ;
event : VIEW ;
eventkey : http://zz.jhzh66.com/app/index.php?i=8&c=entry&eid=198 ;
menuid : 425225551 ;
from : oSI4Lj_wAHJbiVFDjqtS0DsdILCo ;
to : gh_0c02969f70a6 ;
time : 1524147628 ;
type : event ;

2018-04-19 22:20:28 params :
------------
Array:
rule : -2 ;
module :  ;
message : Array ;

2018-04-19 22:20:28 response :
------------

2018-04-19 22:38:02 trace :
------------
Array:
tousername : gh_0c02969f70a6 ;
fromusername : oSI4Lj1n-EACPmSmwPm3lsoPI1qA ;
createtime : 1524148681 ;
msgtype : event ;
event : CLICK ;
eventkey : 关注 ;
from : oSI4Lj1n-EACPmSmwPm3lsoPI1qA ;
to : gh_0c02969f70a6 ;
time : 1524148681 ;
type : event ;

2018-04-19 22:46:20 trace :
------------
Array:
tousername : gh_0c02969f70a6 ;
fromusername : oSI4Lj8pxsyy5zQzCR-dKXgpCZ9Y ;
createtime : 1524149180 ;
msgtype : event ;
event : subscribe ;
eventkey : qrscene_e520eddb8745e8ca2ec4e9561c63024f ;
ticket : gQFF8jwAAAAAAAAAAS5odHRwOi8vd2VpeGluLnFxLmNvbS9xLzAyODAtTUFJOGU4YmYxMDAwMGcwN3YAAgTLqdhaAwQAAAAA ;
from : oSI4Lj8pxsyy5zQzCR-dKXgpCZ9Y ;
to : gh_0c02969f70a6 ;
time : 1524149180 ;
type : subscribe ;
scene : e520eddb8745e8ca2ec4e9561c63024f ;

2018-04-19 22:46:31 trace :
------------
Array:
tousername : gh_0c02969f70a6 ;
fromusername : oSI4Lj8pxsyy5zQzCR-dKXgpCZ9Y ;
createtime : 1524149191 ;
msgtype : event ;
event : CLICK ;
eventkey : 关注 ;
from : oSI4Lj8pxsyy5zQzCR-dKXgpCZ9Y ;
to : gh_0c02969f70a6 ;
time : 1524149191 ;
type : event ;

2018-04-19 22:46:44 trace :
------------
Array:
tousername : gh_0c02969f70a6 ;
fromusername : oSI4Lj1n-EACPmSmwPm3lsoPI1qA ;
createtime : 1524149204 ;
msgtype : event ;
event : CLICK ;
eventkey : 关注 ;
from : oSI4Lj1n-EACPmSmwPm3lsoPI1qA ;
to : gh_0c02969f70a6 ;
time : 1524149204 ;
type : event ;

2018-04-19 22:47:37 trace :
------------
Array:
tousername : gh_0c02969f70a6 ;
fromusername : oSI4Lj1n-EACPmSmwPm3lsoPI1qA ;
createtime : 1524149257 ;
msgtype : event ;
event : VIEW ;
eventkey : http://zz.jhzh66.com/app/index.php?i=8&c=site&a=site&do=detail&id=2 ;
menuid : 425225551 ;
from : oSI4Lj1n-EACPmSmwPm3lsoPI1qA ;
to : gh_0c02969f70a6 ;
time : 1524149257 ;
type : event ;

2018-04-19 22:47:37 params :
------------
Array:
rule : -2 ;
module :  ;
message : Array ;

2018-04-19 22:47:37 response :
------------

2018-04-19 23:10:36 trace :
------------
Array:
tousername : gh_0c02969f70a6 ;
fromusername : oSI4Lj-qIb7RWk8RBS1LE4oMrehc ;
createtime : 1524150636 ;
msgtype : event ;
event : VIEW ;
eventkey : http://zz.jhzh66.com/app/index.php?i=8&c=entry&eid=198 ;
menuid : 425225551 ;
from : oSI4Lj-qIb7RWk8RBS1LE4oMrehc ;
to : gh_0c02969f70a6 ;
time : 1524150636 ;
type : event ;

2018-04-19 23:10:36 params :
------------
Array:
rule : -2 ;
module :  ;
message : Array ;

2018-04-19 23:10:36 response :
------------

2018-04-19 23:23:01 trace :
------------
Array:
tousername : gh_0c02969f70a6 ;
fromusername : oSI4Lj9Y1Brq1SKlVyQrIBLkLR_o ;
createtime : 1524151380 ;
msgtype : event ;
event : VIEW ;
eventkey : http://zz.jhzh66.com/app/index.php?i=8&c=entry&eid=198 ;
menuid : 425225551 ;
from : oSI4Lj9Y1Brq1SKlVyQrIBLkLR_o ;
to : gh_0c02969f70a6 ;
time : 1524151380 ;
type : event ;

2018-04-19 23:23:01 params :
------------
Array:
rule : -2 ;
module :  ;
message : Array ;

2018-04-19 23:23:01 response :
------------

2018-04-19 23:27:47 trace :
------------
Array:
tousername : gh_0c02969f70a6 ;
fromusername : oSI4LjzoubauiDtzqvdyHF3n2Ovo ;
createtime : 1524151667 ;
msgtype : event ;
event : VIEW ;
eventkey : http://www.haolangtech.com/index.php?s=/Home/New/crowdfundingindex/id/22.html ;
menuid : 425225551 ;
from : oSI4LjzoubauiDtzqvdyHF3n2Ovo ;
to : gh_0c02969f70a6 ;
time : 1524151667 ;
type : event ;

2018-04-19 23:27:47 params :
------------
Array:
rule : -2 ;
module :  ;
message : Array ;

2018-04-19 23:27:47 response :
------------

