2018-04-06 07:00:42 trace :
------------
Array:
tousername : gh_0c02969f70a6 ;
fromusername : oSI4Lj97Jm2kdczJ4OHYMLb017pk ;
createtime : 1522969242 ;
msgtype : event ;
event : VIEW ;
eventkey : http://zz.jhzh66.com/app/index.php?i=8&c=entry&eid=194 ;
menuid : 425039202 ;
from : oSI4Lj97Jm2kdczJ4OHYMLb017pk ;
to : gh_0c02969f70a6 ;
time : 1522969242 ;
type : event ;

2018-04-06 07:00:42 params :
------------
Array:
rule : -2 ;
module :  ;
message : Array ;

2018-04-06 07:00:42 response :
------------

2018-04-06 07:05:15 trace :
------------
Array:
tousername : gh_0c02969f70a6 ;
fromusername : oSI4Lj97Jm2kdczJ4OHYMLb017pk ;
createtime : 1522969515 ;
msgtype : event ;
event : VIEW ;
eventkey : http://zz.jhzh66.com/app/index.php?i=8&c=entry&eid=194 ;
menuid : 425039202 ;
from : oSI4Lj97Jm2kdczJ4OHYMLb017pk ;
to : gh_0c02969f70a6 ;
time : 1522969515 ;
type : event ;

2018-04-06 07:05:15 params :
------------
Array:
rule : -2 ;
module :  ;
message : Array ;

2018-04-06 07:05:15 response :
------------

2018-04-06 07:09:09 trace :
------------
Array:
tousername : gh_0c02969f70a6 ;
fromusername : oSI4Lj97Jm2kdczJ4OHYMLb017pk ;
createtime : 1522969749 ;
msgtype : event ;
event : VIEW ;
eventkey : http://zz.jhzh66.com/app/index.php?i=8&c=entry&eid=194 ;
menuid : 425039202 ;
from : oSI4Lj97Jm2kdczJ4OHYMLb017pk ;
to : gh_0c02969f70a6 ;
time : 1522969749 ;
type : event ;

2018-04-06 07:09:09 params :
------------
Array:
rule : -2 ;
module :  ;
message : Array ;

2018-04-06 07:09:09 response :
------------

2018-04-06 07:14:15 trace :
------------
Array:
tousername : gh_0c02969f70a6 ;
fromusername : oSI4LjxOk_z2c7unlDpR6f69Hl6A ;
createtime : 1522970055 ;
msgtype : event ;
event : VIEW ;
eventkey : http://zz.jhzh66.com/app/index.php?i=8&c=entry&eid=198 ;
menuid : 425039202 ;
from : oSI4LjxOk_z2c7unlDpR6f69Hl6A ;
to : gh_0c02969f70a6 ;
time : 1522970055 ;
type : event ;

2018-04-06 07:14:15 params :
------------
Array:
rule : -2 ;
module :  ;
message : Array ;

2018-04-06 07:14:15 response :
------------

2018-04-06 07:17:30 trace :
------------
Array:
tousername : gh_0c02969f70a6 ;
fromusername : oSI4Lj97Jm2kdczJ4OHYMLb017pk ;
createtime : 1522970250 ;
msgtype : event ;
event : VIEW ;
eventkey : http://zz.jhzh66.com/app/index.php?i=8&c=entry&eid=194 ;
menuid : 425039202 ;
from : oSI4Lj97Jm2kdczJ4OHYMLb017pk ;
to : gh_0c02969f70a6 ;
time : 1522970250 ;
type : event ;

2018-04-06 07:17:30 params :
------------
Array:
rule : -2 ;
module :  ;
message : Array ;

2018-04-06 07:17:30 response :
------------

2018-04-06 07:23:12 trace :
------------
Array:
tousername : gh_0c02969f70a6 ;
fromusername : oSI4Lj0lt3ATY_pPv-8QIV7ruOko ;
createtime : 1522970592 ;
msgtype : event ;
event : VIEW ;
eventkey : http://zz.jhzh66.com/app/index.php?i=8&c=entry&eid=194 ;
menuid : 425039202 ;
from : oSI4Lj0lt3ATY_pPv-8QIV7ruOko ;
to : gh_0c02969f70a6 ;
time : 1522970592 ;
type : event ;

2018-04-06 07:23:12 params :
------------
Array:
rule : -2 ;
module :  ;
message : Array ;

2018-04-06 07:23:12 response :
------------

2018-04-06 07:41:55 trace :
------------
Array:
tousername : gh_0c02969f70a6 ;
fromusername : oSI4Lj5QdUUHUtpZ4B4pQAFwCAT4 ;
createtime : 1522971714 ;
msgtype : event ;
event : VIEW ;
eventkey : http://zz.jhzh66.com/app/index.php?i=8&c=entry&eid=198 ;
menuid : 425039202 ;
from : oSI4Lj5QdUUHUtpZ4B4pQAFwCAT4 ;
to : gh_0c02969f70a6 ;
time : 1522971714 ;
type : event ;

2018-04-06 07:41:55 params :
------------
Array:
rule : -2 ;
module :  ;
message : Array ;

2018-04-06 07:41:55 response :
------------

2018-04-06 07:42:22 trace :
------------
Array:
tousername : gh_0c02969f70a6 ;
fromusername : oSI4Lj5QdUUHUtpZ4B4pQAFwCAT4 ;
createtime : 1522971742 ;
msgtype : event ;
event : VIEW ;
eventkey : http://zz11.com.cn/plugin.php?id=wechat:access ;
menuid : 425039202 ;
from : oSI4Lj5QdUUHUtpZ4B4pQAFwCAT4 ;
to : gh_0c02969f70a6 ;
time : 1522971742 ;
type : event ;

2018-04-06 07:42:22 params :
------------
Array:
rule : -2 ;
module :  ;
message : Array ;

2018-04-06 07:42:22 response :
------------

2018-04-06 07:42:34 trace :
------------
Array:
tousername : gh_0c02969f70a6 ;
fromusername : oSI4Lj5QdUUHUtpZ4B4pQAFwCAT4 ;
createtime : 1522971754 ;
msgtype : event ;
event : CLICK ;
eventkey : 海报 ;
from : oSI4Lj5QdUUHUtpZ4B4pQAFwCAT4 ;
to : gh_0c02969f70a6 ;
time : 1522971754 ;
type : event ;

2018-04-06 07:48:57 trace :
------------
Array:
tousername : gh_0c02969f70a6 ;
fromusername : oSI4Ljzp2py6ZbsIUO_zO1fmTcYU ;
createtime : 1522972137 ;
msgtype : event ;
event : subscribe ;
eventkey : qrscene_71c3ddc88159ba2e6c8ef3c996bfc1ff ;
ticket : gQGX8TwAAAAAAAAAAS5odHRwOi8vd2VpeGluLnFxLmNvbS9xLzAyQmJEVEEtOGU4YmYxMDAwMGcwN00AAgRrtMZaAwQAAAAA ;
from : oSI4Ljzp2py6ZbsIUO_zO1fmTcYU ;
to : gh_0c02969f70a6 ;
time : 1522972137 ;
type : subscribe ;
scene : 71c3ddc88159ba2e6c8ef3c996bfc1ff ;

2018-04-06 07:49:05 trace :
------------
Array:
tousername : gh_0c02969f70a6 ;
fromusername : oSI4Ljzp2py6ZbsIUO_zO1fmTcYU ;
createtime : 1522972145 ;
msgtype : event ;
event : VIEW ;
eventkey : http://zz.jhzh66.com/app/index.php?i=8&c=entry&eid=198 ;
menuid : 425039202 ;
from : oSI4Ljzp2py6ZbsIUO_zO1fmTcYU ;
to : gh_0c02969f70a6 ;
time : 1522972145 ;
type : event ;

2018-04-06 07:49:05 params :
------------
Array:
rule : -2 ;
module :  ;
message : Array ;

2018-04-06 07:49:05 response :
------------

2018-04-06 08:28:33 trace :
------------
Array:
tousername : gh_0c02969f70a6 ;
fromusername : oSI4Lj97Jm2kdczJ4OHYMLb017pk ;
createtime : 1522974513 ;
msgtype : event ;
event : VIEW ;
eventkey : http://zz.jhzh66.com/app/index.php?i=8&c=entry&eid=194 ;
menuid : 425039202 ;
from : oSI4Lj97Jm2kdczJ4OHYMLb017pk ;
to : gh_0c02969f70a6 ;
time : 1522974513 ;
type : event ;

2018-04-06 08:28:33 params :
------------
Array:
rule : -2 ;
module :  ;
message : Array ;

2018-04-06 08:28:33 response :
------------

2018-04-06 09:15:25 trace :
------------
Array:
tousername : gh_0c02969f70a6 ;
fromusername : oSI4Lj8QfaBNyrCS8mAmMeATcGCw ;
createtime : 1522977325 ;
msgtype : event ;
event : subscribe ;
eventkey : qrscene_e63f191ace780031e0e627a9424150eb ;
ticket : gQHE8TwAAAAAAAAAAS5odHRwOi8vd2VpeGluLnFxLmNvbS9xLzAySUcxYUFYOGU4YmYxMDAwME0wNzAAAgRxrMFaAwQAAAAA ;
from : oSI4Lj8QfaBNyrCS8mAmMeATcGCw ;
to : gh_0c02969f70a6 ;
time : 1522977325 ;
type : subscribe ;
scene : e63f191ace780031e0e627a9424150eb ;

2018-04-06 09:15:35 trace :
------------
Array:
tousername : gh_0c02969f70a6 ;
fromusername : oSI4Lj8QfaBNyrCS8mAmMeATcGCw ;
createtime : 1522977335 ;
msgtype : event ;
event : VIEW ;
eventkey : https://h5.scene.yqh5.cn/s/6szkjdIq ;
menuid : 425039202 ;
from : oSI4Lj8QfaBNyrCS8mAmMeATcGCw ;
to : gh_0c02969f70a6 ;
time : 1522977335 ;
type : event ;

2018-04-06 09:15:35 params :
------------
Array:
rule : -2 ;
module :  ;
message : Array ;

2018-04-06 09:15:35 response :
------------

2018-04-06 09:19:14 trace :
------------
Array:
tousername : gh_0c02969f70a6 ;
fromusername : oSI4Ljx_wlsSOanrWRVPB2mHKczs ;
createtime : 1522977554 ;
msgtype : event ;
event : subscribe ;
eventkey : qrscene_e63f191ace780031e0e627a9424150eb ;
ticket : gQHE8TwAAAAAAAAAAS5odHRwOi8vd2VpeGluLnFxLmNvbS9xLzAySUcxYUFYOGU4YmYxMDAwME0wNzAAAgRxrMFaAwQAAAAA ;
from : oSI4Ljx_wlsSOanrWRVPB2mHKczs ;
to : gh_0c02969f70a6 ;
time : 1522977554 ;
type : subscribe ;
scene : e63f191ace780031e0e627a9424150eb ;

2018-04-06 09:36:22 trace :
------------
Array:
tousername : gh_0c02969f70a6 ;
fromusername : oSI4Ljx_wlsSOanrWRVPB2mHKczs ;
createtime : 1522978582 ;
msgtype : event ;
event : CLICK ;
eventkey : 海报 ;
from : oSI4Ljx_wlsSOanrWRVPB2mHKczs ;
to : gh_0c02969f70a6 ;
time : 1522978582 ;
type : event ;

2018-04-06 09:36:53 trace :
------------
Array:
tousername : gh_0c02969f70a6 ;
fromusername : oSI4Ljx_wlsSOanrWRVPB2mHKczs ;
createtime : 1522978613 ;
msgtype : event ;
event : VIEW ;
eventkey : http://zz.jhzh66.com/app/index.php?i=8&c=entry&eid=194 ;
menuid : 425039202 ;
from : oSI4Ljx_wlsSOanrWRVPB2mHKczs ;
to : gh_0c02969f70a6 ;
time : 1522978613 ;
type : event ;

2018-04-06 09:36:53 params :
------------
Array:
rule : -2 ;
module :  ;
message : Array ;

2018-04-06 09:36:53 response :
------------

2018-04-06 09:37:24 trace :
------------
Array:
tousername : gh_0c02969f70a6 ;
fromusername : oSI4Ljx_wlsSOanrWRVPB2mHKczs ;
createtime : 1522978644 ;
msgtype : event ;
event : SCAN ;
eventkey : 8adc15d7c651fb6102e0137121ea855e ;
ticket : gQFn8TwAAAAAAAAAAS5odHRwOi8vd2VpeGluLnFxLmNvbS9xLzAydkFMUUF1OGU4YmYxMDAwME0wN3AAAgQXz8ZaAwQAAAAA ;
from : oSI4Ljx_wlsSOanrWRVPB2mHKczs ;
to : gh_0c02969f70a6 ;
time : 1522978644 ;
type : subscribe ;
scene : 8adc15d7c651fb6102e0137121ea855e ;

2018-04-06 10:12:02 trace :
------------
Array:
tousername : gh_0c02969f70a6 ;
fromusername : oSI4Ljw5AQOeBkmyQvQEEcXp6g1s ;
createtime : 1522980722 ;
msgtype : event ;
event : VIEW ;
eventkey : http://zz.jhzh66.com/app/index.php?i=8&c=site&a=site&do=detail&id=2 ;
menuid : 425039202 ;
from : oSI4Ljw5AQOeBkmyQvQEEcXp6g1s ;
to : gh_0c02969f70a6 ;
time : 1522980722 ;
type : event ;

2018-04-06 10:12:02 params :
------------
Array:
rule : -2 ;
module :  ;
message : Array ;

2018-04-06 10:12:02 response :
------------

2018-04-06 10:12:09 trace :
------------
Array:
tousername : gh_0c02969f70a6 ;
fromusername : oSI4Ljw5AQOeBkmyQvQEEcXp6g1s ;
createtime : 1522980728 ;
msgtype : event ;
event : VIEW ;
eventkey : http://zz.jhzh66.com/app/index.php?i=8&c=entry&eid=194 ;
menuid : 425039202 ;
from : oSI4Ljw5AQOeBkmyQvQEEcXp6g1s ;
to : gh_0c02969f70a6 ;
time : 1522980728 ;
type : event ;

2018-04-06 10:12:09 params :
------------
Array:
rule : -2 ;
module :  ;
message : Array ;

2018-04-06 10:12:09 response :
------------

2018-04-06 10:46:43 trace :
------------
Array:
tousername : gh_0c02969f70a6 ;
fromusername : oSI4Lj_fVLc-DPZySqUSKsCXuyOo ;
createtime : 1522982803 ;
msgtype : event ;
event : CLICK ;
eventkey : 海报 ;
from : oSI4Lj_fVLc-DPZySqUSKsCXuyOo ;
to : gh_0c02969f70a6 ;
time : 1522982803 ;
type : event ;

2018-04-06 10:52:56 trace :
------------
Array:
tousername : gh_0c02969f70a6 ;
fromusername : oSI4Lj56ukqySkqRAeRliLLCnqzg ;
createtime : 1522983176 ;
msgtype : event ;
event : subscribe ;
eventkey : qrscene_ee395d04ec5fadc2f67c47c95fdc0447 ;
ticket : gQFT8TwAAAAAAAAAAS5odHRwOi8vd2VpeGluLnFxLmNvbS9xLzAycGRmMEJPOGU4YmYxMDAwMDAwN2YAAgRE9rxaAwQAAAAA ;
from : oSI4Lj56ukqySkqRAeRliLLCnqzg ;
to : gh_0c02969f70a6 ;
time : 1522983176 ;
type : subscribe ;
scene : ee395d04ec5fadc2f67c47c95fdc0447 ;

2018-04-06 10:54:44 trace :
------------
Array:
tousername : gh_0c02969f70a6 ;
fromusername : oSI4Lj8hOTIpyxNWg84yq6dUUq4k ;
createtime : 1522983284 ;
msgtype : event ;
event : VIEW ;
eventkey : http://zz.jhzh66.com/app/index.php?i=8&c=entry&eid=194 ;
menuid : 425039202 ;
from : oSI4Lj8hOTIpyxNWg84yq6dUUq4k ;
to : gh_0c02969f70a6 ;
time : 1522983284 ;
type : event ;

2018-04-06 10:54:44 params :
------------
Array:
rule : -2 ;
module :  ;
message : Array ;

2018-04-06 10:54:44 response :
------------

2018-04-06 11:07:47 trace :
------------
Array:
tousername : gh_0c02969f70a6 ;
fromusername : oSI4Lj56ukqySkqRAeRliLLCnqzg ;
createtime : 1522984067 ;
msgtype : event ;
event : VIEW ;
eventkey : https://m.qlchat.com/live/320000044317761.htm ;
menuid : 425039202 ;
from : oSI4Lj56ukqySkqRAeRliLLCnqzg ;
to : gh_0c02969f70a6 ;
time : 1522984067 ;
type : event ;

2018-04-06 11:07:47 params :
------------
Array:
rule : -2 ;
module :  ;
message : Array ;

2018-04-06 11:07:47 response :
------------

2018-04-06 11:29:08 trace :
------------
Array:
tousername : gh_0c02969f70a6 ;
fromusername : oSI4Lj6oLdL0iZHUcLNAoyaBf9LE ;
createtime : 1522985348 ;
msgtype : event ;
event : subscribe ;
eventkey : qrscene_e63f191ace780031e0e627a9424150eb ;
ticket : gQHE8TwAAAAAAAAAAS5odHRwOi8vd2VpeGluLnFxLmNvbS9xLzAySUcxYUFYOGU4YmYxMDAwME0wNzAAAgRxrMFaAwQAAAAA ;
from : oSI4Lj6oLdL0iZHUcLNAoyaBf9LE ;
to : gh_0c02969f70a6 ;
time : 1522985348 ;
type : subscribe ;
scene : e63f191ace780031e0e627a9424150eb ;

2018-04-06 11:29:13 trace :
------------
Array:
tousername : gh_0c02969f70a6 ;
fromusername : oSI4Lj6oLdL0iZHUcLNAoyaBf9LE ;
createtime : 1522985353 ;
msgtype : event ;
event : VIEW ;
eventkey : http://zz.jhzh66.com/app/index.php?i=8&c=entry&eid=194 ;
menuid : 425039202 ;
from : oSI4Lj6oLdL0iZHUcLNAoyaBf9LE ;
to : gh_0c02969f70a6 ;
time : 1522985353 ;
type : event ;

2018-04-06 11:29:13 params :
------------
Array:
rule : -2 ;
module :  ;
message : Array ;

2018-04-06 11:29:13 response :
------------

2018-04-06 12:20:36 trace :
------------
Array:
tousername : gh_0c02969f70a6 ;
fromusername : oSI4Lj_fVLc-DPZySqUSKsCXuyOo ;
createtime : 1522988436 ;
msgtype : event ;
event : SCAN ;
eventkey : b1308e2e58ea8b15bcc4723c7feb2bc4 ;
ticket : gQH-8TwAAAAAAAAAAS5odHRwOi8vd2VpeGluLnFxLmNvbS9xLzAyNzY1dUFqOGU4YmYxMDAwMHcwN2kAAgSU38ZaAwQAAAAA ;
from : oSI4Lj_fVLc-DPZySqUSKsCXuyOo ;
to : gh_0c02969f70a6 ;
time : 1522988436 ;
type : subscribe ;
scene : b1308e2e58ea8b15bcc4723c7feb2bc4 ;

2018-04-06 12:25:12 trace :
------------
Array:
tousername : gh_0c02969f70a6 ;
fromusername : oSI4Lj_fVLc-DPZySqUSKsCXuyOo ;
createtime : 1522988711 ;
msgtype : event ;
event : SCAN ;
eventkey : b1308e2e58ea8b15bcc4723c7feb2bc4 ;
ticket : gQH-8TwAAAAAAAAAAS5odHRwOi8vd2VpeGluLnFxLmNvbS9xLzAyNzY1dUFqOGU4YmYxMDAwMHcwN2kAAgSU38ZaAwQAAAAA ;
from : oSI4Lj_fVLc-DPZySqUSKsCXuyOo ;
to : gh_0c02969f70a6 ;
time : 1522988711 ;
type : subscribe ;
scene : b1308e2e58ea8b15bcc4723c7feb2bc4 ;

2018-04-06 12:25:24 trace :
------------
Array:
tousername : gh_0c02969f70a6 ;
fromusername : oSI4Lj_fVLc-DPZySqUSKsCXuyOo ;
createtime : 1522988724 ;
msgtype : event ;
event : VIEW ;
eventkey : http://zz.jhzh66.com/app/index.php?i=8&c=entry&eid=194 ;
menuid : 425039202 ;
from : oSI4Lj_fVLc-DPZySqUSKsCXuyOo ;
to : gh_0c02969f70a6 ;
time : 1522988724 ;
type : event ;

2018-04-06 12:25:24 params :
------------
Array:
rule : -2 ;
module :  ;
message : Array ;

2018-04-06 12:25:24 response :
------------

2018-04-06 12:44:58 trace :
------------
Array:
tousername : gh_0c02969f70a6 ;
fromusername : oSI4Lj97Jm2kdczJ4OHYMLb017pk ;
createtime : 1522989898 ;
msgtype : event ;
event : VIEW ;
eventkey : http://zz.jhzh66.com/app/index.php?i=8&c=entry&eid=194 ;
menuid : 425039202 ;
from : oSI4Lj97Jm2kdczJ4OHYMLb017pk ;
to : gh_0c02969f70a6 ;
time : 1522989898 ;
type : event ;

2018-04-06 12:44:58 params :
------------
Array:
rule : -2 ;
module :  ;
message : Array ;

2018-04-06 12:44:58 response :
------------

2018-04-06 12:47:56 trace :
------------
Array:
tousername : gh_0c02969f70a6 ;
fromusername : oSI4Lj_fVLc-DPZySqUSKsCXuyOo ;
createtime : 1522990076 ;
msgtype : event ;
event : SCAN ;
eventkey : b1308e2e58ea8b15bcc4723c7feb2bc4 ;
ticket : gQH-8TwAAAAAAAAAAS5odHRwOi8vd2VpeGluLnFxLmNvbS9xLzAyNzY1dUFqOGU4YmYxMDAwMHcwN2kAAgSU38ZaAwQAAAAA ;
from : oSI4Lj_fVLc-DPZySqUSKsCXuyOo ;
to : gh_0c02969f70a6 ;
time : 1522990076 ;
type : subscribe ;
scene : b1308e2e58ea8b15bcc4723c7feb2bc4 ;

2018-04-06 12:47:59 trace :
------------
Array:
tousername : gh_0c02969f70a6 ;
fromusername : oSI4Lj_fVLc-DPZySqUSKsCXuyOo ;
createtime : 1522990079 ;
msgtype : event ;
event : VIEW ;
eventkey : http://zz.jhzh66.com/app/index.php?i=8&c=entry&eid=194 ;
menuid : 425039202 ;
from : oSI4Lj_fVLc-DPZySqUSKsCXuyOo ;
to : gh_0c02969f70a6 ;
time : 1522990079 ;
type : event ;

2018-04-06 12:47:59 params :
------------
Array:
rule : -2 ;
module :  ;
message : Array ;

2018-04-06 12:47:59 response :
------------

2018-04-06 12:54:01 trace :
------------
Array:
tousername : gh_0c02969f70a6 ;
fromusername : oSI4Lj5eO7waHqcMUGUkXp6xFQvw ;
createtime : 1522990441 ;
msgtype : event ;
event : subscribe ;
eventkey : qrscene_e63f191ace780031e0e627a9424150eb ;
ticket : gQHE8TwAAAAAAAAAAS5odHRwOi8vd2VpeGluLnFxLmNvbS9xLzAySUcxYUFYOGU4YmYxMDAwME0wNzAAAgRxrMFaAwQAAAAA ;
from : oSI4Lj5eO7waHqcMUGUkXp6xFQvw ;
to : gh_0c02969f70a6 ;
time : 1522990441 ;
type : subscribe ;
scene : e63f191ace780031e0e627a9424150eb ;

2018-04-06 12:54:05 trace :
------------
Array:
tousername : gh_0c02969f70a6 ;
fromusername : oSI4Lj5eO7waHqcMUGUkXp6xFQvw ;
createtime : 1522990445 ;
msgtype : event ;
event : VIEW ;
eventkey : http://zz.jhzh66.com/app/index.php?i=8&c=site&a=site&do=detail&id=2 ;
menuid : 425039202 ;
from : oSI4Lj5eO7waHqcMUGUkXp6xFQvw ;
to : gh_0c02969f70a6 ;
time : 1522990445 ;
type : event ;

2018-04-06 12:54:05 params :
------------
Array:
rule : -2 ;
module :  ;
message : Array ;

2018-04-06 12:54:05 response :
------------

2018-04-06 12:55:22 trace :
------------
Array:
tousername : gh_0c02969f70a6 ;
fromusername : oSI4Lj5VkJcFBw8AfV0a3vcTuSzc ;
createtime : 1522990522 ;
msgtype : event ;
event : subscribe ;
eventkey : qrscene_ee395d04ec5fadc2f67c47c95fdc0447 ;
ticket : gQFT8TwAAAAAAAAAAS5odHRwOi8vd2VpeGluLnFxLmNvbS9xLzAycGRmMEJPOGU4YmYxMDAwMDAwN2YAAgRE9rxaAwQAAAAA ;
from : oSI4Lj5VkJcFBw8AfV0a3vcTuSzc ;
to : gh_0c02969f70a6 ;
time : 1522990522 ;
type : subscribe ;
scene : ee395d04ec5fadc2f67c47c95fdc0447 ;

2018-04-06 12:55:38 trace :
------------
Array:
tousername : gh_0c02969f70a6 ;
fromusername : oSI4Lj5VkJcFBw8AfV0a3vcTuSzc ;
createtime : 1522990538 ;
msgtype : event ;
event : VIEW ;
eventkey : https://m.qlchat.com/live/320000044317761.htm ;
menuid : 425039202 ;
from : oSI4Lj5VkJcFBw8AfV0a3vcTuSzc ;
to : gh_0c02969f70a6 ;
time : 1522990538 ;
type : event ;

2018-04-06 12:55:38 params :
------------
Array:
rule : -2 ;
module :  ;
message : Array ;

2018-04-06 12:55:38 response :
------------

2018-04-06 12:56:09 trace :
------------
Array:
tousername : gh_0c02969f70a6 ;
fromusername : oSI4Lj5VkJcFBw8AfV0a3vcTuSzc ;
createtime : 1522990569 ;
msgtype : event ;
event : VIEW ;
eventkey : http://zz.jhzh66.com/app/index.php?i=8&c=home&t=8 ;
menuid : 425039202 ;
from : oSI4Lj5VkJcFBw8AfV0a3vcTuSzc ;
to : gh_0c02969f70a6 ;
time : 1522990569 ;
type : event ;

2018-04-06 12:56:09 params :
------------
Array:
rule : -2 ;
module :  ;
message : Array ;

2018-04-06 12:56:09 response :
------------

2018-04-06 12:58:20 trace :
------------
Array:
tousername : gh_0c02969f70a6 ;
fromusername : oSI4Lj5VkJcFBw8AfV0a3vcTuSzc ;
createtime : 1522990700 ;
msgtype : event ;
event : VIEW ;
eventkey : http://zz.jhzh66.com/app/index.php?i=8&c=home&t=8 ;
menuid : 425039202 ;
from : oSI4Lj5VkJcFBw8AfV0a3vcTuSzc ;
to : gh_0c02969f70a6 ;
time : 1522990700 ;
type : event ;

2018-04-06 12:58:20 params :
------------
Array:
rule : -2 ;
module :  ;
message : Array ;

2018-04-06 12:58:20 response :
------------

2018-04-06 13:10:29 trace :
------------
Array:
tousername : gh_0c02969f70a6 ;
fromusername : oSI4Lj3BLDm_7E765Z90JpzttOKw ;
createtime : 1522991429 ;
msgtype : event ;
event : SCAN ;
eventkey : b1308e2e58ea8b15bcc4723c7feb2bc4 ;
ticket : gQH-8TwAAAAAAAAAAS5odHRwOi8vd2VpeGluLnFxLmNvbS9xLzAyNzY1dUFqOGU4YmYxMDAwMHcwN2kAAgSU38ZaAwQAAAAA ;
from : oSI4Lj3BLDm_7E765Z90JpzttOKw ;
to : gh_0c02969f70a6 ;
time : 1522991429 ;
type : subscribe ;
scene : b1308e2e58ea8b15bcc4723c7feb2bc4 ;

2018-04-06 15:29:29 trace :
------------
Array:
tousername : gh_0c02969f70a6 ;
fromusername : oSI4LjwR8fIbm5M9CJ_BENZaUDPE ;
createtime : 1522999769 ;
msgtype : event ;
event : VIEW ;
eventkey : http://zz.jhzh66.com/app/index.php?i=8&c=entry&eid=194 ;
menuid : 425039202 ;
from : oSI4LjwR8fIbm5M9CJ_BENZaUDPE ;
to : gh_0c02969f70a6 ;
time : 1522999769 ;
type : event ;

2018-04-06 15:29:29 params :
------------
Array:
rule : -2 ;
module :  ;
message : Array ;

2018-04-06 15:29:29 response :
------------

2018-04-06 16:32:43 trace :
------------
Array:
tousername : gh_0c02969f70a6 ;
fromusername : oSI4Lj_fVLc-DPZySqUSKsCXuyOo ;
createtime : 1523003563 ;
msgtype : event ;
event : VIEW ;
eventkey : http://zz.jhzh66.com/app/index.php?i=8&c=entry&eid=194 ;
menuid : 425039202 ;
from : oSI4Lj_fVLc-DPZySqUSKsCXuyOo ;
to : gh_0c02969f70a6 ;
time : 1523003563 ;
type : event ;

2018-04-06 16:32:43 params :
------------
Array:
rule : -2 ;
module :  ;
message : Array ;

2018-04-06 16:32:43 response :
------------

2018-04-06 16:33:25 trace :
------------
Array:
tousername : gh_0c02969f70a6 ;
fromusername : oSI4Lj_fVLc-DPZySqUSKsCXuyOo ;
createtime : 1523003605 ;
msgtype : event ;
event : VIEW ;
eventkey : http://zz.jhzh66.com/app/index.php?i=8&c=entry&eid=194 ;
menuid : 425039202 ;
from : oSI4Lj_fVLc-DPZySqUSKsCXuyOo ;
to : gh_0c02969f70a6 ;
time : 1523003605 ;
type : event ;

2018-04-06 16:33:25 params :
------------
Array:
rule : -2 ;
module :  ;
message : Array ;

2018-04-06 16:33:25 response :
------------

2018-04-06 16:37:50 trace :
------------
Array:
tousername : gh_0c02969f70a6 ;
fromusername : oSI4Lj-XaO9wjnPbt9OzE2vQL_94 ;
createtime : 1523003870 ;
msgtype : event ;
event : VIEW ;
eventkey : http://zz.jhzh66.com/app/index.php?i=8&c=entry&eid=198 ;
menuid : 425039202 ;
from : oSI4Lj-XaO9wjnPbt9OzE2vQL_94 ;
to : gh_0c02969f70a6 ;
time : 1523003870 ;
type : event ;

2018-04-06 16:37:50 params :
------------
Array:
rule : -2 ;
module :  ;
message : Array ;

2018-04-06 16:37:50 response :
------------

2018-04-06 16:49:38 trace :
------------
Array:
tousername : gh_0c02969f70a6 ;
fromusername : oSI4LjxgPvF9iMHSyO55h3cZ7WMg ;
createtime : 1523004578 ;
msgtype : event ;
event : SCAN ;
eventkey : e63f191ace780031e0e627a9424150eb ;
ticket : gQHE8TwAAAAAAAAAAS5odHRwOi8vd2VpeGluLnFxLmNvbS9xLzAySUcxYUFYOGU4YmYxMDAwME0wNzAAAgRxrMFaAwQAAAAA ;
from : oSI4LjxgPvF9iMHSyO55h3cZ7WMg ;
to : gh_0c02969f70a6 ;
time : 1523004578 ;
type : subscribe ;
scene : e63f191ace780031e0e627a9424150eb ;

2018-04-06 16:49:44 trace :
------------
Array:
tousername : gh_0c02969f70a6 ;
fromusername : oSI4LjxgPvF9iMHSyO55h3cZ7WMg ;
createtime : 1523004584 ;
msgtype : event ;
event : CLICK ;
eventkey : 海报 ;
from : oSI4LjxgPvF9iMHSyO55h3cZ7WMg ;
to : gh_0c02969f70a6 ;
time : 1523004584 ;
type : event ;

2018-04-06 16:50:35 trace :
------------
Array:
tousername : gh_0c02969f70a6 ;
fromusername : oSI4LjxgPvF9iMHSyO55h3cZ7WMg ;
createtime : 1523004635 ;
msgtype : event ;
event : SCAN ;
eventkey : e63f191ace780031e0e627a9424150eb ;
ticket : gQHE8TwAAAAAAAAAAS5odHRwOi8vd2VpeGluLnFxLmNvbS9xLzAySUcxYUFYOGU4YmYxMDAwME0wNzAAAgRxrMFaAwQAAAAA ;
from : oSI4LjxgPvF9iMHSyO55h3cZ7WMg ;
to : gh_0c02969f70a6 ;
time : 1523004635 ;
type : subscribe ;
scene : e63f191ace780031e0e627a9424150eb ;

2018-04-06 16:50:38 trace :
------------
Array:
tousername : gh_0c02969f70a6 ;
fromusername : oSI4LjxgPvF9iMHSyO55h3cZ7WMg ;
createtime : 1523004638 ;
msgtype : event ;
event : VIEW ;
eventkey : http://zz.jhzh66.com/app/index.php?i=8&c=entry&eid=194 ;
menuid : 425039202 ;
from : oSI4LjxgPvF9iMHSyO55h3cZ7WMg ;
to : gh_0c02969f70a6 ;
time : 1523004638 ;
type : event ;

2018-04-06 16:50:38 params :
------------
Array:
rule : -2 ;
module :  ;
message : Array ;

2018-04-06 16:50:38 response :
------------

2018-04-06 16:54:40 trace :
------------
Array:
tousername : gh_0c02969f70a6 ;
fromusername : oSI4Lj7mPjouIMrlPootJOU-pXFo ;
createtime : 1523004879 ;
msgtype : event ;
event : subscribe ;
eventkey : qrscene_e63f191ace780031e0e627a9424150eb ;
ticket : gQHE8TwAAAAAAAAAAS5odHRwOi8vd2VpeGluLnFxLmNvbS9xLzAySUcxYUFYOGU4YmYxMDAwME0wNzAAAgRxrMFaAwQAAAAA ;
from : oSI4Lj7mPjouIMrlPootJOU-pXFo ;
to : gh_0c02969f70a6 ;
time : 1523004879 ;
type : subscribe ;
scene : e63f191ace780031e0e627a9424150eb ;

2018-04-06 16:54:48 trace :
------------
Array:
tousername : gh_0c02969f70a6 ;
fromusername : oSI4Lj7mPjouIMrlPootJOU-pXFo ;
createtime : 1523004888 ;
msgtype : event ;
event : CLICK ;
eventkey : 海报 ;
from : oSI4Lj7mPjouIMrlPootJOU-pXFo ;
to : gh_0c02969f70a6 ;
time : 1523004888 ;
type : event ;

2018-04-06 16:55:21 trace :
------------
Array:
tousername : gh_0c02969f70a6 ;
fromusername : oSI4Ljy4qH8c3sTxzjY3Cylxpe_4 ;
createtime : 1523004921 ;
msgtype : event ;
event : subscribe ;
eventkey : qrscene_5d9cc5c38de5c9eea6ffbcd9029a19eb ;
ticket : gQE-8TwAAAAAAAAAAS5odHRwOi8vd2VpeGluLnFxLmNvbS9xLzAycUtlMEFPOGU4YmYxMDAwMHcwN24AAgTZNcdaAwQAAAAA ;
from : oSI4Ljy4qH8c3sTxzjY3Cylxpe_4 ;
to : gh_0c02969f70a6 ;
time : 1523004921 ;
type : subscribe ;
scene : 5d9cc5c38de5c9eea6ffbcd9029a19eb ;

2018-04-06 16:55:46 trace :
------------
Array:
tousername : gh_0c02969f70a6 ;
fromusername : oSI4Ljy4qH8c3sTxzjY3Cylxpe_4 ;
createtime : 1523004946 ;
msgtype : event ;
event : CLICK ;
eventkey : 海报 ;
from : oSI4Ljy4qH8c3sTxzjY3Cylxpe_4 ;
to : gh_0c02969f70a6 ;
time : 1523004946 ;
type : event ;

2018-04-06 17:16:28 trace :
------------
Array:
tousername : gh_0c02969f70a6 ;
fromusername : oSI4LjyHUqsKQ2U6jJYcy4lCjBVA ;
createtime : 1523006188 ;
msgtype : event ;
event : VIEW ;
eventkey : http://zz.jhzh66.com/app/index.php?i=8&c=entry&eid=198 ;
menuid : 425039202 ;
from : oSI4LjyHUqsKQ2U6jJYcy4lCjBVA ;
to : gh_0c02969f70a6 ;
time : 1523006188 ;
type : event ;

2018-04-06 17:16:28 params :
------------
Array:
rule : -2 ;
module :  ;
message : Array ;

2018-04-06 17:16:28 response :
------------

2018-04-06 17:20:16 trace :
------------
Array:
tousername : gh_0c02969f70a6 ;
fromusername : oSI4Lj97Jm2kdczJ4OHYMLb017pk ;
createtime : 1523006416 ;
msgtype : event ;
event : VIEW ;
eventkey : http://zz.jhzh66.com/app/index.php?i=8&c=entry&eid=194 ;
menuid : 425039202 ;
from : oSI4Lj97Jm2kdczJ4OHYMLb017pk ;
to : gh_0c02969f70a6 ;
time : 1523006416 ;
type : event ;

2018-04-06 17:20:16 params :
------------
Array:
rule : -2 ;
module :  ;
message : Array ;

2018-04-06 17:20:16 response :
------------

2018-04-06 17:24:46 trace :
------------
Array:
tousername : gh_0c02969f70a6 ;
fromusername : oSI4Lj3Tm93X2OcX-EltW0u2N0jw ;
createtime : 1523006685 ;
msgtype : event ;
event : subscribe ;
eventkey : qrscene_e63f191ace780031e0e627a9424150eb ;
ticket : gQHE8TwAAAAAAAAAAS5odHRwOi8vd2VpeGluLnFxLmNvbS9xLzAySUcxYUFYOGU4YmYxMDAwME0wNzAAAgRxrMFaAwQAAAAA ;
from : oSI4Lj3Tm93X2OcX-EltW0u2N0jw ;
to : gh_0c02969f70a6 ;
time : 1523006685 ;
type : subscribe ;
scene : e63f191ace780031e0e627a9424150eb ;

2018-04-06 17:44:59 trace :
------------
Array:
tousername : gh_0c02969f70a6 ;
fromusername : oSI4LjzGDzCztrhCP10C7-4flpE4 ;
createtime : 1523007899 ;
msgtype : event ;
event : VIEW ;
eventkey : http://zz.jhzh66.com/app/index.php?i=8&c=entry&eid=194 ;
menuid : 425039202 ;
from : oSI4LjzGDzCztrhCP10C7-4flpE4 ;
to : gh_0c02969f70a6 ;
time : 1523007899 ;
type : event ;

2018-04-06 17:44:59 params :
------------
Array:
rule : -2 ;
module :  ;
message : Array ;

2018-04-06 17:44:59 response :
------------

2018-04-06 17:45:54 trace :
------------
Array:
tousername : gh_0c02969f70a6 ;
fromusername : oSI4LjzGDzCztrhCP10C7-4flpE4 ;
createtime : 1523007954 ;
msgtype : event ;
event : VIEW ;
eventkey : http://zz.jhzh66.com/app/index.php?i=8&c=entry&eid=198 ;
menuid : 425039202 ;
from : oSI4LjzGDzCztrhCP10C7-4flpE4 ;
to : gh_0c02969f70a6 ;
time : 1523007954 ;
type : event ;

2018-04-06 17:45:54 params :
------------
Array:
rule : -2 ;
module :  ;
message : Array ;

2018-04-06 17:45:54 response :
------------

2018-04-06 17:51:02 trace :
------------
Array:
tousername : gh_0c02969f70a6 ;
fromusername : oSI4Lj3Tm93X2OcX-EltW0u2N0jw ;
createtime : 1523008261 ;
msgtype : event ;
event : SCAN ;
eventkey : e63f191ace780031e0e627a9424150eb ;
ticket : gQHE8TwAAAAAAAAAAS5odHRwOi8vd2VpeGluLnFxLmNvbS9xLzAySUcxYUFYOGU4YmYxMDAwME0wNzAAAgRxrMFaAwQAAAAA ;
from : oSI4Lj3Tm93X2OcX-EltW0u2N0jw ;
to : gh_0c02969f70a6 ;
time : 1523008261 ;
type : subscribe ;
scene : e63f191ace780031e0e627a9424150eb ;

2018-04-06 17:51:05 trace :
------------
Array:
tousername : gh_0c02969f70a6 ;
fromusername : oSI4Lj3Tm93X2OcX-EltW0u2N0jw ;
createtime : 1523008265 ;
msgtype : event ;
event : VIEW ;
eventkey : https://h5.scene.yqh5.cn/s/6szkjdIq ;
menuid : 425039202 ;
from : oSI4Lj3Tm93X2OcX-EltW0u2N0jw ;
to : gh_0c02969f70a6 ;
time : 1523008265 ;
type : event ;

2018-04-06 17:51:05 params :
------------
Array:
rule : -2 ;
module :  ;
message : Array ;

2018-04-06 17:51:05 response :
------------

2018-04-06 17:51:14 trace :
------------
Array:
tousername : gh_0c02969f70a6 ;
fromusername : oSI4Lj3Tm93X2OcX-EltW0u2N0jw ;
createtime : 1523008274 ;
msgtype : event ;
event : VIEW ;
eventkey : http://zz11.com.cn/plugin.php?id=wechat:access ;
menuid : 425039202 ;
from : oSI4Lj3Tm93X2OcX-EltW0u2N0jw ;
to : gh_0c02969f70a6 ;
time : 1523008274 ;
type : event ;

2018-04-06 17:51:14 params :
------------
Array:
rule : -2 ;
module :  ;
message : Array ;

2018-04-06 17:51:14 response :
------------

2018-04-06 17:52:09 trace :
------------
Array:
tousername : gh_0c02969f70a6 ;
fromusername : oSI4Lj3Tm93X2OcX-EltW0u2N0jw ;
createtime : 1523008329 ;
msgtype : event ;
event : VIEW ;
eventkey : http://zz.jhzh66.com/app/index.php?i=8&c=entry&eid=194 ;
menuid : 425039202 ;
from : oSI4Lj3Tm93X2OcX-EltW0u2N0jw ;
to : gh_0c02969f70a6 ;
time : 1523008329 ;
type : event ;

2018-04-06 17:52:09 params :
------------
Array:
rule : -2 ;
module :  ;
message : Array ;

2018-04-06 17:52:09 response :
------------

2018-04-06 18:17:05 trace :
------------
Array:
tousername : gh_0c02969f70a6 ;
fromusername : oSI4Lj7UArW6kTt45Zh-O5IcbtiE ;
createtime : 1523009825 ;
msgtype : event ;
event : subscribe ;
eventkey : qrscene_b1308e2e58ea8b15bcc4723c7feb2bc4 ;
ticket : gQH-8TwAAAAAAAAAAS5odHRwOi8vd2VpeGluLnFxLmNvbS9xLzAyNzY1dUFqOGU4YmYxMDAwMHcwN2kAAgSU38ZaAwQAAAAA ;
from : oSI4Lj7UArW6kTt45Zh-O5IcbtiE ;
to : gh_0c02969f70a6 ;
time : 1523009825 ;
type : subscribe ;
scene : b1308e2e58ea8b15bcc4723c7feb2bc4 ;

2018-04-06 18:17:06 trace :
------------
Array:
tousername : gh_0c02969f70a6 ;
fromusername : oSI4Lj8L2UhYtLkK215_Dh4GCz54 ;
createtime : 1523009826 ;
msgtype : event ;
event : subscribe ;
eventkey : qrscene_b1308e2e58ea8b15bcc4723c7feb2bc4 ;
ticket : gQH-8TwAAAAAAAAAAS5odHRwOi8vd2VpeGluLnFxLmNvbS9xLzAyNzY1dUFqOGU4YmYxMDAwMHcwN2kAAgSU38ZaAwQAAAAA ;
from : oSI4Lj8L2UhYtLkK215_Dh4GCz54 ;
to : gh_0c02969f70a6 ;
time : 1523009826 ;
type : subscribe ;
scene : b1308e2e58ea8b15bcc4723c7feb2bc4 ;

2018-04-06 18:17:17 trace :
------------
Array:
tousername : gh_0c02969f70a6 ;
fromusername : oSI4Lj8L2UhYtLkK215_Dh4GCz54 ;
createtime : 1523009837 ;
msgtype : event ;
event : VIEW ;
eventkey : http://zz.jhzh66.com/app/index.php?i=8&c=entry&eid=194 ;
menuid : 425039202 ;
from : oSI4Lj8L2UhYtLkK215_Dh4GCz54 ;
to : gh_0c02969f70a6 ;
time : 1523009837 ;
type : event ;

2018-04-06 18:17:17 params :
------------
Array:
rule : -2 ;
module :  ;
message : Array ;

2018-04-06 18:17:17 response :
------------

2018-04-06 18:17:56 trace :
------------
Array:
tousername : gh_0c02969f70a6 ;
fromusername : oSI4LjyQ9GV5fBqCU7qj7-_6ZI1c ;
createtime : 1523009876 ;
msgtype : event ;
event : subscribe ;
eventkey : qrscene_b1308e2e58ea8b15bcc4723c7feb2bc4 ;
ticket : gQH-8TwAAAAAAAAAAS5odHRwOi8vd2VpeGluLnFxLmNvbS9xLzAyNzY1dUFqOGU4YmYxMDAwMHcwN2kAAgSU38ZaAwQAAAAA ;
from : oSI4LjyQ9GV5fBqCU7qj7-_6ZI1c ;
to : gh_0c02969f70a6 ;
time : 1523009876 ;
type : subscribe ;
scene : b1308e2e58ea8b15bcc4723c7feb2bc4 ;

2018-04-06 18:17:59 trace :
------------
Array:
tousername : gh_0c02969f70a6 ;
fromusername : oSI4LjyQ9GV5fBqCU7qj7-_6ZI1c ;
createtime : 1523009879 ;
msgtype : event ;
event : VIEW ;
eventkey : http://zz.jhzh66.com/app/index.php?i=8&c=entry&eid=194 ;
menuid : 425039202 ;
from : oSI4LjyQ9GV5fBqCU7qj7-_6ZI1c ;
to : gh_0c02969f70a6 ;
time : 1523009879 ;
type : event ;

2018-04-06 18:17:59 params :
------------
Array:
rule : -2 ;
module :  ;
message : Array ;

2018-04-06 18:17:59 response :
------------

2018-04-06 18:26:37 trace :
------------
Array:
tousername : gh_0c02969f70a6 ;
fromusername : oSI4LjzGDzCztrhCP10C7-4flpE4 ;
createtime : 1523010397 ;
msgtype : event ;
event : VIEW ;
eventkey : http://zz.jhzh66.com/app/index.php?i=8&c=entry&eid=198 ;
menuid : 425039202 ;
from : oSI4LjzGDzCztrhCP10C7-4flpE4 ;
to : gh_0c02969f70a6 ;
time : 1523010397 ;
type : event ;

2018-04-06 18:26:37 params :
------------
Array:
rule : -2 ;
module :  ;
message : Array ;

2018-04-06 18:26:37 response :
------------

2018-04-06 18:40:50 trace :
------------
Array:
tousername : gh_0c02969f70a6 ;
fromusername : oSI4Lj_Xq0zd5pE6oSWNQkRliUbw ;
createtime : 1523011250 ;
msgtype : event ;
event : subscribe ;
eventkey : qrscene_e63f191ace780031e0e627a9424150eb ;
ticket : gQHE8TwAAAAAAAAAAS5odHRwOi8vd2VpeGluLnFxLmNvbS9xLzAySUcxYUFYOGU4YmYxMDAwME0wNzAAAgRxrMFaAwQAAAAA ;
from : oSI4Lj_Xq0zd5pE6oSWNQkRliUbw ;
to : gh_0c02969f70a6 ;
time : 1523011250 ;
type : subscribe ;
scene : e63f191ace780031e0e627a9424150eb ;

2018-04-06 18:41:07 trace :
------------
Array:
tousername : gh_0c02969f70a6 ;
fromusername : oSI4Lj_Xq0zd5pE6oSWNQkRliUbw ;
createtime : 1523011267 ;
msgtype : event ;
event : VIEW ;
eventkey : http://zz.jhzh66.com/app/index.php?i=8&c=entry&eid=198 ;
menuid : 425039202 ;
from : oSI4Lj_Xq0zd5pE6oSWNQkRliUbw ;
to : gh_0c02969f70a6 ;
time : 1523011267 ;
type : event ;

2018-04-06 18:41:07 params :
------------
Array:
rule : -2 ;
module :  ;
message : Array ;

2018-04-06 18:41:07 response :
------------

2018-04-06 18:41:20 trace :
------------
Array:
tousername : gh_0c02969f70a6 ;
fromusername : oSI4Lj_Xq0zd5pE6oSWNQkRliUbw ;
createtime : 1523011280 ;
msgtype : event ;
event : VIEW ;
eventkey : https://h5.scene.yqh5.cn/s/6szkjdIq ;
menuid : 425039202 ;
from : oSI4Lj_Xq0zd5pE6oSWNQkRliUbw ;
to : gh_0c02969f70a6 ;
time : 1523011280 ;
type : event ;

2018-04-06 18:41:20 params :
------------
Array:
rule : -2 ;
module :  ;
message : Array ;

2018-04-06 18:41:20 response :
------------

2018-04-06 18:59:29 trace :
------------
Array:
tousername : gh_0c02969f70a6 ;
fromusername : oSI4Ljwik6eJf6RLD6l7gIA2Bshs ;
createtime : 1523012369 ;
msgtype : event ;
event : subscribe ;
eventkey : qrscene_b1308e2e58ea8b15bcc4723c7feb2bc4 ;
ticket : gQH-8TwAAAAAAAAAAS5odHRwOi8vd2VpeGluLnFxLmNvbS9xLzAyNzY1dUFqOGU4YmYxMDAwMHcwN2kAAgSU38ZaAwQAAAAA ;
from : oSI4Ljwik6eJf6RLD6l7gIA2Bshs ;
to : gh_0c02969f70a6 ;
time : 1523012369 ;
type : subscribe ;
scene : b1308e2e58ea8b15bcc4723c7feb2bc4 ;

2018-04-06 18:59:42 trace :
------------
Array:
tousername : gh_0c02969f70a6 ;
fromusername : oSI4Ljwik6eJf6RLD6l7gIA2Bshs ;
createtime : 1523012382 ;
msgtype : event ;
event : VIEW ;
eventkey : http://zz.jhzh66.com/app/index.php?i=8&c=home&t=8 ;
menuid : 425039202 ;
from : oSI4Ljwik6eJf6RLD6l7gIA2Bshs ;
to : gh_0c02969f70a6 ;
time : 1523012382 ;
type : event ;

2018-04-06 18:59:42 params :
------------
Array:
rule : -2 ;
module :  ;
message : Array ;

2018-04-06 18:59:42 response :
------------

2018-04-06 19:00:33 trace :
------------
Array:
tousername : gh_0c02969f70a6 ;
fromusername : oSI4Ljwik6eJf6RLD6l7gIA2Bshs ;
createtime : 1523012433 ;
msgtype : event ;
event : VIEW ;
eventkey : http://zz.jhzh66.com/app/index.php?i=8&c=entry&eid=194 ;
menuid : 425039202 ;
from : oSI4Ljwik6eJf6RLD6l7gIA2Bshs ;
to : gh_0c02969f70a6 ;
time : 1523012433 ;
type : event ;

2018-04-06 19:00:33 params :
------------
Array:
rule : -2 ;
module :  ;
message : Array ;

2018-04-06 19:00:33 response :
------------

2018-04-06 19:01:49 trace :
------------
Array:
tousername : gh_0c02969f70a6 ;
fromusername : oSI4Lj54suqoUltdwofuXdCKJn7c ;
createtime : 1523012509 ;
msgtype : event ;
event : subscribe ;
eventkey : qrscene_b1308e2e58ea8b15bcc4723c7feb2bc4 ;
ticket : gQH-8TwAAAAAAAAAAS5odHRwOi8vd2VpeGluLnFxLmNvbS9xLzAyNzY1dUFqOGU4YmYxMDAwMHcwN2kAAgSU38ZaAwQAAAAA ;
from : oSI4Lj54suqoUltdwofuXdCKJn7c ;
to : gh_0c02969f70a6 ;
time : 1523012509 ;
type : subscribe ;
scene : b1308e2e58ea8b15bcc4723c7feb2bc4 ;

2018-04-06 19:01:53 trace :
------------
Array:
tousername : gh_0c02969f70a6 ;
fromusername : oSI4Lj54suqoUltdwofuXdCKJn7c ;
createtime : 1523012513 ;
msgtype : event ;
event : VIEW ;
eventkey : http://zz.jhzh66.com/app/index.php?i=8&c=entry&eid=194 ;
menuid : 425039202 ;
from : oSI4Lj54suqoUltdwofuXdCKJn7c ;
to : gh_0c02969f70a6 ;
time : 1523012513 ;
type : event ;

2018-04-06 19:01:53 params :
------------
Array:
rule : -2 ;
module :  ;
message : Array ;

2018-04-06 19:01:53 response :
------------

2018-04-06 19:02:20 trace :
------------
Array:
tousername : gh_0c02969f70a6 ;
fromusername : oSI4Lj1tMMazjWfAVI6MZYk0jG1c ;
createtime : 1523012540 ;
msgtype : event ;
event : subscribe ;
eventkey : qrscene_b1308e2e58ea8b15bcc4723c7feb2bc4 ;
ticket : gQH-8TwAAAAAAAAAAS5odHRwOi8vd2VpeGluLnFxLmNvbS9xLzAyNzY1dUFqOGU4YmYxMDAwMHcwN2kAAgSU38ZaAwQAAAAA ;
from : oSI4Lj1tMMazjWfAVI6MZYk0jG1c ;
to : gh_0c02969f70a6 ;
time : 1523012540 ;
type : subscribe ;
scene : b1308e2e58ea8b15bcc4723c7feb2bc4 ;

2018-04-06 19:03:33 trace :
------------
Array:
tousername : gh_0c02969f70a6 ;
fromusername : oSI4Lj1tMMazjWfAVI6MZYk0jG1c ;
createtime : 1523012613 ;
msgtype : event ;
event : VIEW ;
eventkey : http://zz.jhzh66.com/app/index.php?i=8&c=home&t=8 ;
menuid : 425039202 ;
from : oSI4Lj1tMMazjWfAVI6MZYk0jG1c ;
to : gh_0c02969f70a6 ;
time : 1523012613 ;
type : event ;

2018-04-06 19:03:33 params :
------------
Array:
rule : -2 ;
module :  ;
message : Array ;

2018-04-06 19:03:33 response :
------------

2018-04-06 19:05:31 trace :
------------
Array:
tousername : gh_0c02969f70a6 ;
fromusername : oSI4Lj0PjLkwCPpZ0xuj_-Br_lEQ ;
createtime : 1523012731 ;
msgtype : event ;
event : subscribe ;
eventkey : qrscene_b1308e2e58ea8b15bcc4723c7feb2bc4 ;
ticket : gQH-8TwAAAAAAAAAAS5odHRwOi8vd2VpeGluLnFxLmNvbS9xLzAyNzY1dUFqOGU4YmYxMDAwMHcwN2kAAgSU38ZaAwQAAAAA ;
from : oSI4Lj0PjLkwCPpZ0xuj_-Br_lEQ ;
to : gh_0c02969f70a6 ;
time : 1523012731 ;
type : subscribe ;
scene : b1308e2e58ea8b15bcc4723c7feb2bc4 ;

2018-04-06 19:05:35 trace :
------------
Array:
tousername : gh_0c02969f70a6 ;
fromusername : oSI4Lj0PjLkwCPpZ0xuj_-Br_lEQ ;
createtime : 1523012734 ;
msgtype : event ;
event : VIEW ;
eventkey : http://zz.jhzh66.com/app/index.php?i=8&c=entry&eid=194 ;
menuid : 425039202 ;
from : oSI4Lj0PjLkwCPpZ0xuj_-Br_lEQ ;
to : gh_0c02969f70a6 ;
time : 1523012734 ;
type : event ;

2018-04-06 19:05:35 params :
------------
Array:
rule : -2 ;
module :  ;
message : Array ;

2018-04-06 19:05:35 response :
------------

2018-04-06 19:07:18 trace :
------------
Array:
tousername : gh_0c02969f70a6 ;
fromusername : oSI4Lj5bjzeVoLtfDVGptEfSYVgE ;
createtime : 1523012838 ;
msgtype : event ;
event : subscribe ;
eventkey : qrscene_b1308e2e58ea8b15bcc4723c7feb2bc4 ;
ticket : gQH-8TwAAAAAAAAAAS5odHRwOi8vd2VpeGluLnFxLmNvbS9xLzAyNzY1dUFqOGU4YmYxMDAwMHcwN2kAAgSU38ZaAwQAAAAA ;
from : oSI4Lj5bjzeVoLtfDVGptEfSYVgE ;
to : gh_0c02969f70a6 ;
time : 1523012838 ;
type : subscribe ;
scene : b1308e2e58ea8b15bcc4723c7feb2bc4 ;

2018-04-06 19:07:34 trace :
------------
Array:
tousername : gh_0c02969f70a6 ;
fromusername : oSI4Lj5bjzeVoLtfDVGptEfSYVgE ;
createtime : 1523012853 ;
msgtype : event ;
event : VIEW ;
eventkey : http://zz11.com.cn/plugin.php?id=wechat:access ;
menuid : 425039202 ;
from : oSI4Lj5bjzeVoLtfDVGptEfSYVgE ;
to : gh_0c02969f70a6 ;
time : 1523012853 ;
type : event ;

2018-04-06 19:07:34 params :
------------
Array:
rule : -2 ;
module :  ;
message : Array ;

2018-04-06 19:07:34 response :
------------

2018-04-06 19:08:09 trace :
------------
Array:
tousername : gh_0c02969f70a6 ;
fromusername : oSI4Lj0PjLkwCPpZ0xuj_-Br_lEQ ;
createtime : 1523012889 ;
msgtype : event ;
event : VIEW ;
eventkey : http://zz.jhzh66.com/app/index.php?i=8&c=entry&eid=194 ;
menuid : 425039202 ;
from : oSI4Lj0PjLkwCPpZ0xuj_-Br_lEQ ;
to : gh_0c02969f70a6 ;
time : 1523012889 ;
type : event ;

2018-04-06 19:08:09 params :
------------
Array:
rule : -2 ;
module :  ;
message : Array ;

2018-04-06 19:08:09 response :
------------

2018-04-06 19:09:13 trace :
------------
Array:
tousername : gh_0c02969f70a6 ;
fromusername : oSI4Lj5bjzeVoLtfDVGptEfSYVgE ;
createtime : 1523012953 ;
msgtype : event ;
event : VIEW ;
eventkey : http://zz.jhzh66.com/app/index.php?i=8&c=entry&eid=194 ;
menuid : 425039202 ;
from : oSI4Lj5bjzeVoLtfDVGptEfSYVgE ;
to : gh_0c02969f70a6 ;
time : 1523012953 ;
type : event ;

2018-04-06 19:09:13 params :
------------
Array:
rule : -2 ;
module :  ;
message : Array ;

2018-04-06 19:09:13 response :
------------

2018-04-06 19:19:17 trace :
------------
Array:
tousername : gh_0c02969f70a6 ;
fromusername : oSI4Lj0PjLkwCPpZ0xuj_-Br_lEQ ;
createtime : 1523013556 ;
msgtype : event ;
event : VIEW ;
eventkey : https://h5.scene.yqh5.cn/s/6szkjdIq ;
menuid : 425039202 ;
from : oSI4Lj0PjLkwCPpZ0xuj_-Br_lEQ ;
to : gh_0c02969f70a6 ;
time : 1523013556 ;
type : event ;

2018-04-06 19:19:17 params :
------------
Array:
rule : -2 ;
module :  ;
message : Array ;

2018-04-06 19:19:17 response :
------------

2018-04-06 19:19:29 trace :
------------
Array:
tousername : gh_0c02969f70a6 ;
fromusername : oSI4Lj0PjLkwCPpZ0xuj_-Br_lEQ ;
createtime : 1523013569 ;
msgtype : event ;
event : VIEW ;
eventkey : http://zz11.com.cn/plugin.php?id=wechat:access ;
menuid : 425039202 ;
from : oSI4Lj0PjLkwCPpZ0xuj_-Br_lEQ ;
to : gh_0c02969f70a6 ;
time : 1523013569 ;
type : event ;

2018-04-06 19:19:29 params :
------------
Array:
rule : -2 ;
module :  ;
message : Array ;

2018-04-06 19:19:29 response :
------------

2018-04-06 19:20:26 trace :
------------
Array:
tousername : gh_0c02969f70a6 ;
fromusername : oSI4Lj5mhwdZ3AZYiofb8_ELM_tE ;
createtime : 1523013626 ;
msgtype : event ;
event : subscribe ;
eventkey : qrscene_b1308e2e58ea8b15bcc4723c7feb2bc4 ;
ticket : gQH-8TwAAAAAAAAAAS5odHRwOi8vd2VpeGluLnFxLmNvbS9xLzAyNzY1dUFqOGU4YmYxMDAwMHcwN2kAAgSU38ZaAwQAAAAA ;
from : oSI4Lj5mhwdZ3AZYiofb8_ELM_tE ;
to : gh_0c02969f70a6 ;
time : 1523013626 ;
type : subscribe ;
scene : b1308e2e58ea8b15bcc4723c7feb2bc4 ;

2018-04-06 19:20:27 trace :
------------
Array:
tousername : gh_0c02969f70a6 ;
fromusername : oSI4Lj0PjLkwCPpZ0xuj_-Br_lEQ ;
createtime : 1523013627 ;
msgtype : event ;
event : VIEW ;
eventkey : http://zz.jhzh66.com/app/index.php?i=8&c=entry&eid=194 ;
menuid : 425039202 ;
from : oSI4Lj0PjLkwCPpZ0xuj_-Br_lEQ ;
to : gh_0c02969f70a6 ;
time : 1523013627 ;
type : event ;

2018-04-06 19:20:27 params :
------------
Array:
rule : -2 ;
module :  ;
message : Array ;

2018-04-06 19:20:27 response :
------------

2018-04-06 19:21:33 trace :
------------
Array:
tousername : gh_0c02969f70a6 ;
fromusername : oSI4Lj8R0fEnBihgZslo5wZaVolg ;
createtime : 1523013693 ;
msgtype : event ;
event : subscribe ;
eventkey : Array ;
from : oSI4Lj8R0fEnBihgZslo5wZaVolg ;
to : gh_0c02969f70a6 ;
time : 1523013693 ;
type : subscribe ;

2018-04-06 19:21:33 params :
------------
Array:
rule : -2 ;
module :  ;
message : Array ;

2018-04-06 19:21:33 response :
------------

2018-04-06 19:21:35 trace :
------------
Array:
tousername : gh_0c02969f70a6 ;
fromusername : oSI4Lj8R0fEnBihgZslo5wZaVolg ;
createtime : 1523013695 ;
msgtype : event ;
event : VIEW ;
eventkey : http://zz.jhzh66.com/app/index.php?i=8&c=entry&eid=194 ;
menuid : 425039202 ;
from : oSI4Lj8R0fEnBihgZslo5wZaVolg ;
to : gh_0c02969f70a6 ;
time : 1523013695 ;
type : event ;

2018-04-06 19:21:35 params :
------------
Array:
rule : -2 ;
module :  ;
message : Array ;

2018-04-06 19:21:35 response :
------------

2018-04-06 19:21:53 trace :
------------
Array:
tousername : gh_0c02969f70a6 ;
fromusername : oSI4Lj5mhwdZ3AZYiofb8_ELM_tE ;
createtime : 1523013712 ;
msgtype : event ;
event : SCAN ;
eventkey : b1308e2e58ea8b15bcc4723c7feb2bc4 ;
ticket : gQH-8TwAAAAAAAAAAS5odHRwOi8vd2VpeGluLnFxLmNvbS9xLzAyNzY1dUFqOGU4YmYxMDAwMHcwN2kAAgSU38ZaAwQAAAAA ;
from : oSI4Lj5mhwdZ3AZYiofb8_ELM_tE ;
to : gh_0c02969f70a6 ;
time : 1523013712 ;
type : subscribe ;
scene : b1308e2e58ea8b15bcc4723c7feb2bc4 ;

2018-04-06 19:22:21 trace :
------------
Array:
tousername : gh_0c02969f70a6 ;
fromusername : oSI4Lj8nwC_ZrGWcnQZVuQLeUjok ;
createtime : 1523013741 ;
msgtype : event ;
event : subscribe ;
eventkey : qrscene_b1308e2e58ea8b15bcc4723c7feb2bc4 ;
ticket : gQH-8TwAAAAAAAAAAS5odHRwOi8vd2VpeGluLnFxLmNvbS9xLzAyNzY1dUFqOGU4YmYxMDAwMHcwN2kAAgSU38ZaAwQAAAAA ;
from : oSI4Lj8nwC_ZrGWcnQZVuQLeUjok ;
to : gh_0c02969f70a6 ;
time : 1523013741 ;
type : subscribe ;
scene : b1308e2e58ea8b15bcc4723c7feb2bc4 ;

2018-04-06 19:22:27 trace :
------------
Array:
tousername : gh_0c02969f70a6 ;
fromusername : oSI4Lj8nwC_ZrGWcnQZVuQLeUjok ;
createtime : 1523013747 ;
msgtype : event ;
event : VIEW ;
eventkey : http://zz.jhzh66.com/app/index.php?i=8&c=entry&eid=198 ;
menuid : 425039202 ;
from : oSI4Lj8nwC_ZrGWcnQZVuQLeUjok ;
to : gh_0c02969f70a6 ;
time : 1523013747 ;
type : event ;

2018-04-06 19:22:27 params :
------------
Array:
rule : -2 ;
module :  ;
message : Array ;

2018-04-06 19:22:27 response :
------------

2018-04-06 19:22:41 trace :
------------
Array:
tousername : gh_0c02969f70a6 ;
fromusername : oSI4Lj5mhwdZ3AZYiofb8_ELM_tE ;
createtime : 1523013761 ;
msgtype : event ;
event : VIEW ;
eventkey : http://zz11.com.cn/plugin.php?id=wechat:access ;
menuid : 425039202 ;
from : oSI4Lj5mhwdZ3AZYiofb8_ELM_tE ;
to : gh_0c02969f70a6 ;
time : 1523013761 ;
type : event ;

2018-04-06 19:22:41 params :
------------
Array:
rule : -2 ;
module :  ;
message : Array ;

2018-04-06 19:22:41 response :
------------

2018-04-06 19:22:49 trace :
------------
Array:
tousername : gh_0c02969f70a6 ;
fromusername : oSI4Lj0PjLkwCPpZ0xuj_-Br_lEQ ;
createtime : 1523013769 ;
msgtype : event ;
event : VIEW ;
eventkey : http://zz.jhzh66.com/app/index.php?i=8&c=entry&eid=194 ;
menuid : 425039202 ;
from : oSI4Lj0PjLkwCPpZ0xuj_-Br_lEQ ;
to : gh_0c02969f70a6 ;
time : 1523013769 ;
type : event ;

2018-04-06 19:22:49 params :
------------
Array:
rule : -2 ;
module :  ;
message : Array ;

2018-04-06 19:22:49 response :
------------

2018-04-06 19:24:08 trace :
------------
Array:
tousername : gh_0c02969f70a6 ;
fromusername : oSI4Lj0PjLkwCPpZ0xuj_-Br_lEQ ;
createtime : 1523013848 ;
msgtype : event ;
event : VIEW ;
eventkey : http://zz.jhzh66.com/app/index.php?i=8&c=entry&eid=194 ;
menuid : 425039202 ;
from : oSI4Lj0PjLkwCPpZ0xuj_-Br_lEQ ;
to : gh_0c02969f70a6 ;
time : 1523013848 ;
type : event ;

2018-04-06 19:24:08 params :
------------
Array:
rule : -2 ;
module :  ;
message : Array ;

2018-04-06 19:24:08 response :
------------

2018-04-06 19:24:33 trace :
------------
Array:
tousername : gh_0c02969f70a6 ;
fromusername : oSI4Lj0PjLkwCPpZ0xuj_-Br_lEQ ;
createtime : 1523013873 ;
msgtype : event ;
event : VIEW ;
eventkey : http://zz.jhzh66.com/app/index.php?i=8&c=entry&eid=198 ;
menuid : 425039202 ;
from : oSI4Lj0PjLkwCPpZ0xuj_-Br_lEQ ;
to : gh_0c02969f70a6 ;
time : 1523013873 ;
type : event ;

2018-04-06 19:24:33 params :
------------
Array:
rule : -2 ;
module :  ;
message : Array ;

2018-04-06 19:24:33 response :
------------

2018-04-06 19:24:48 trace :
------------
Array:
tousername : gh_0c02969f70a6 ;
fromusername : oSI4Ljwik6eJf6RLD6l7gIA2Bshs ;
createtime : 1523013887 ;
msgtype : event ;
event : VIEW ;
eventkey : http://zz.jhzh66.com/app/index.php?i=8&c=entry&eid=194 ;
menuid : 425039202 ;
from : oSI4Ljwik6eJf6RLD6l7gIA2Bshs ;
to : gh_0c02969f70a6 ;
time : 1523013887 ;
type : event ;

2018-04-06 19:24:48 params :
------------
Array:
rule : -2 ;
module :  ;
message : Array ;

2018-04-06 19:24:48 response :
------------

2018-04-06 19:26:23 trace :
------------
Array:
tousername : gh_0c02969f70a6 ;
fromusername : oSI4Lj5mhwdZ3AZYiofb8_ELM_tE ;
createtime : 1523013983 ;
msgtype : event ;
event : SCAN ;
eventkey : b1308e2e58ea8b15bcc4723c7feb2bc4 ;
ticket : gQH-8TwAAAAAAAAAAS5odHRwOi8vd2VpeGluLnFxLmNvbS9xLzAyNzY1dUFqOGU4YmYxMDAwMHcwN2kAAgSU38ZaAwQAAAAA ;
from : oSI4Lj5mhwdZ3AZYiofb8_ELM_tE ;
to : gh_0c02969f70a6 ;
time : 1523013983 ;
type : subscribe ;
scene : b1308e2e58ea8b15bcc4723c7feb2bc4 ;

2018-04-06 20:08:37 trace :
------------
Array:
tousername : gh_0c02969f70a6 ;
fromusername : oSI4Lj0PjLkwCPpZ0xuj_-Br_lEQ ;
createtime : 1523016517 ;
msgtype : event ;
event : VIEW ;
eventkey : http://zz.jhzh66.com/app/index.php?i=8&c=home&t=8 ;
menuid : 425039202 ;
from : oSI4Lj0PjLkwCPpZ0xuj_-Br_lEQ ;
to : gh_0c02969f70a6 ;
time : 1523016517 ;
type : event ;

2018-04-06 20:08:37 params :
------------
Array:
rule : -2 ;
module :  ;
message : Array ;

2018-04-06 20:08:37 response :
------------

2018-04-06 20:11:40 trace :
------------
Array:
tousername : gh_0c02969f70a6 ;
fromusername : oSI4Lj0PjLkwCPpZ0xuj_-Br_lEQ ;
createtime : 1523016700 ;
msgtype : event ;
event : CLICK ;
eventkey : 海报 ;
from : oSI4Lj0PjLkwCPpZ0xuj_-Br_lEQ ;
to : gh_0c02969f70a6 ;
time : 1523016700 ;
type : event ;

2018-04-06 20:13:10 trace :
------------
Array:
tousername : gh_0c02969f70a6 ;
fromusername : oSI4Lj0PjLkwCPpZ0xuj_-Br_lEQ ;
createtime : 1523016790 ;
msgtype : event ;
event : CLICK ;
eventkey : 海报 ;
from : oSI4Lj0PjLkwCPpZ0xuj_-Br_lEQ ;
to : gh_0c02969f70a6 ;
time : 1523016790 ;
type : event ;

2018-04-06 20:22:59 trace :
------------
Array:
tousername : gh_0c02969f70a6 ;
fromusername : oSI4Lj17As79KTBk8dJMskxWiL2E ;
createtime : 1523017379 ;
msgtype : event ;
event : VIEW ;
eventkey : http://zz.jhzh66.com/app/index.php?i=8&c=entry&eid=194 ;
menuid : 425039202 ;
from : oSI4Lj17As79KTBk8dJMskxWiL2E ;
to : gh_0c02969f70a6 ;
time : 1523017379 ;
type : event ;

2018-04-06 20:22:59 params :
------------
Array:
rule : -2 ;
module :  ;
message : Array ;

2018-04-06 20:22:59 response :
------------

2018-04-06 20:38:52 trace :
------------
Array:
tousername : gh_0c02969f70a6 ;
fromusername : oSI4Lj1tMMazjWfAVI6MZYk0jG1c ;
createtime : 1523018332 ;
msgtype : event ;
event : VIEW ;
eventkey : http://zz.jhzh66.com/app/index.php?i=8&c=entry&eid=198 ;
menuid : 425039202 ;
from : oSI4Lj1tMMazjWfAVI6MZYk0jG1c ;
to : gh_0c02969f70a6 ;
time : 1523018332 ;
type : event ;

2018-04-06 20:38:52 params :
------------
Array:
rule : -2 ;
module :  ;
message : Array ;

2018-04-06 20:38:52 response :
------------

2018-04-06 20:42:54 trace :
------------
Array:
tousername : gh_0c02969f70a6 ;
fromusername : oSI4Lj7UArW6kTt45Zh-O5IcbtiE ;
createtime : 1523018574 ;
msgtype : event ;
event : VIEW ;
eventkey : http://zz.jhzh66.com/app/index.php?i=8&c=entry&eid=194 ;
menuid : 425039202 ;
from : oSI4Lj7UArW6kTt45Zh-O5IcbtiE ;
to : gh_0c02969f70a6 ;
time : 1523018574 ;
type : event ;

2018-04-06 20:42:54 params :
------------
Array:
rule : -2 ;
module :  ;
message : Array ;

2018-04-06 20:42:54 response :
------------

2018-04-06 20:44:05 trace :
------------
Array:
tousername : gh_0c02969f70a6 ;
fromusername : oSI4Lj_fVLc-DPZySqUSKsCXuyOo ;
createtime : 1523018645 ;
msgtype : event ;
event : VIEW ;
eventkey : http://zz.jhzh66.com/app/index.php?i=8&c=entry&eid=194 ;
menuid : 425039202 ;
from : oSI4Lj_fVLc-DPZySqUSKsCXuyOo ;
to : gh_0c02969f70a6 ;
time : 1523018645 ;
type : event ;

2018-04-06 20:44:05 params :
------------
Array:
rule : -2 ;
module :  ;
message : Array ;

2018-04-06 20:44:05 response :
------------

2018-04-06 20:45:04 trace :
------------
Array:
tousername : gh_0c02969f70a6 ;
fromusername : oSI4Lj1tMMazjWfAVI6MZYk0jG1c ;
createtime : 1523018704 ;
msgtype : event ;
event : VIEW ;
eventkey : http://zz.jhzh66.com/app/index.php?i=8&c=entry&eid=194 ;
menuid : 425039202 ;
from : oSI4Lj1tMMazjWfAVI6MZYk0jG1c ;
to : gh_0c02969f70a6 ;
time : 1523018704 ;
type : event ;

2018-04-06 20:45:04 params :
------------
Array:
rule : -2 ;
module :  ;
message : Array ;

2018-04-06 20:45:04 response :
------------

2018-04-06 20:48:24 trace :
------------
Array:
tousername : gh_0c02969f70a6 ;
fromusername : oSI4Lj7d3JVgy3i47asRyAjhgu80 ;
createtime : 1523018904 ;
msgtype : event ;
event : subscribe ;
eventkey : qrscene_b1308e2e58ea8b15bcc4723c7feb2bc4 ;
ticket : gQH-8TwAAAAAAAAAAS5odHRwOi8vd2VpeGluLnFxLmNvbS9xLzAyNzY1dUFqOGU4YmYxMDAwMHcwN2kAAgSU38ZaAwQAAAAA ;
from : oSI4Lj7d3JVgy3i47asRyAjhgu80 ;
to : gh_0c02969f70a6 ;
time : 1523018904 ;
type : subscribe ;
scene : b1308e2e58ea8b15bcc4723c7feb2bc4 ;

2018-04-06 20:48:51 trace :
------------
Array:
tousername : gh_0c02969f70a6 ;
fromusername : oSI4Lj0PjLkwCPpZ0xuj_-Br_lEQ ;
createtime : 1523018931 ;
msgtype : event ;
event : CLICK ;
eventkey : 海报 ;
from : oSI4Lj0PjLkwCPpZ0xuj_-Br_lEQ ;
to : gh_0c02969f70a6 ;
time : 1523018931 ;
type : event ;

2018-04-06 21:06:07 trace :
------------
Array:
tousername : gh_0c02969f70a6 ;
fromusername : oSI4Lj-XaO9wjnPbt9OzE2vQL_94 ;
createtime : 1523019967 ;
msgtype : event ;
event : VIEW ;
eventkey : http://zz.jhzh66.com/app/index.php?i=8&c=entry&eid=198 ;
menuid : 425039202 ;
from : oSI4Lj-XaO9wjnPbt9OzE2vQL_94 ;
to : gh_0c02969f70a6 ;
time : 1523019967 ;
type : event ;

2018-04-06 21:06:07 params :
------------
Array:
rule : -2 ;
module :  ;
message : Array ;

2018-04-06 21:06:07 response :
------------

2018-04-06 21:06:46 trace :
------------
Array:
tousername : gh_0c02969f70a6 ;
fromusername : oSI4Lj-XaO9wjnPbt9OzE2vQL_94 ;
createtime : 1523020006 ;
msgtype : event ;
event : VIEW ;
eventkey : http://zz.jhzh66.com/app/index.php?i=8&c=entry&eid=198 ;
menuid : 425039202 ;
from : oSI4Lj-XaO9wjnPbt9OzE2vQL_94 ;
to : gh_0c02969f70a6 ;
time : 1523020006 ;
type : event ;

2018-04-06 21:06:46 params :
------------
Array:
rule : -2 ;
module :  ;
message : Array ;

2018-04-06 21:06:46 response :
------------

2018-04-06 21:13:33 trace :
------------
Array:
tousername : gh_0c02969f70a6 ;
fromusername : oSI4Lj_fVLc-DPZySqUSKsCXuyOo ;
createtime : 1523020413 ;
msgtype : event ;
event : VIEW ;
eventkey : http://zz.jhzh66.com/app/index.php?i=8&c=entry&eid=194 ;
menuid : 425039202 ;
from : oSI4Lj_fVLc-DPZySqUSKsCXuyOo ;
to : gh_0c02969f70a6 ;
time : 1523020413 ;
type : event ;

2018-04-06 21:13:33 params :
------------
Array:
rule : -2 ;
module :  ;
message : Array ;

2018-04-06 21:13:33 response :
------------

2018-04-06 21:15:01 trace :
------------
Array:
tousername : gh_0c02969f70a6 ;
fromusername : oSI4Lj0MFiSdQ7Ki5KS6Dcce5Te4 ;
createtime : 1523020501 ;
msgtype : event ;
event : VIEW ;
eventkey : http://zz.jhzh66.com/app/index.php?i=8&c=entry&eid=194 ;
menuid : 425039202 ;
from : oSI4Lj0MFiSdQ7Ki5KS6Dcce5Te4 ;
to : gh_0c02969f70a6 ;
time : 1523020501 ;
type : event ;

2018-04-06 21:15:01 params :
------------
Array:
rule : -2 ;
module :  ;
message : Array ;

2018-04-06 21:15:01 response :
------------

2018-04-06 21:17:14 trace :
------------
Array:
tousername : gh_0c02969f70a6 ;
fromusername : oSI4Lj_tvE16BImBFcdL4tIA-mRk ;
createtime : 1523020634 ;
msgtype : event ;
event : subscribe ;
eventkey : qrscene_ee395d04ec5fadc2f67c47c95fdc0447 ;
ticket : gQFT8TwAAAAAAAAAAS5odHRwOi8vd2VpeGluLnFxLmNvbS9xLzAycGRmMEJPOGU4YmYxMDAwMDAwN2YAAgRE9rxaAwQAAAAA ;
from : oSI4Lj_tvE16BImBFcdL4tIA-mRk ;
to : gh_0c02969f70a6 ;
time : 1523020634 ;
type : subscribe ;
scene : ee395d04ec5fadc2f67c47c95fdc0447 ;

2018-04-06 21:17:40 trace :
------------
Array:
tousername : gh_0c02969f70a6 ;
fromusername : oSI4Lj_tvE16BImBFcdL4tIA-mRk ;
createtime : 1523020660 ;
msgtype : event ;
event : VIEW ;
eventkey : http://zz.jhzh66.com/app/index.php?i=8&c=entry&eid=198 ;
menuid : 425039202 ;
from : oSI4Lj_tvE16BImBFcdL4tIA-mRk ;
to : gh_0c02969f70a6 ;
time : 1523020660 ;
type : event ;

2018-04-06 21:17:40 params :
------------
Array:
rule : -2 ;
module :  ;
message : Array ;

2018-04-06 21:17:40 response :
------------

2018-04-06 21:20:42 trace :
------------
Array:
tousername : gh_0c02969f70a6 ;
fromusername : oSI4Lj-XaO9wjnPbt9OzE2vQL_94 ;
createtime : 1523020842 ;
msgtype : event ;
event : VIEW ;
eventkey : http://zz.jhzh66.com/app/index.php?i=8&c=entry&eid=198 ;
menuid : 425039202 ;
from : oSI4Lj-XaO9wjnPbt9OzE2vQL_94 ;
to : gh_0c02969f70a6 ;
time : 1523020842 ;
type : event ;

2018-04-06 21:20:42 params :
------------
Array:
rule : -2 ;
module :  ;
message : Array ;

2018-04-06 21:20:42 response :
------------

2018-04-06 21:21:08 trace :
------------
Array:
tousername : gh_0c02969f70a6 ;
fromusername : oSI4Lj_tvE16BImBFcdL4tIA-mRk ;
createtime : 1523020868 ;
msgtype : event ;
event : SCAN ;
eventkey : ee395d04ec5fadc2f67c47c95fdc0447 ;
ticket : gQFT8TwAAAAAAAAAAS5odHRwOi8vd2VpeGluLnFxLmNvbS9xLzAycGRmMEJPOGU4YmYxMDAwMDAwN2YAAgRE9rxaAwQAAAAA ;
from : oSI4Lj_tvE16BImBFcdL4tIA-mRk ;
to : gh_0c02969f70a6 ;
time : 1523020868 ;
type : subscribe ;
scene : ee395d04ec5fadc2f67c47c95fdc0447 ;

2018-04-06 21:21:12 trace :
------------
Array:
tousername : gh_0c02969f70a6 ;
fromusername : oSI4Lj_tvE16BImBFcdL4tIA-mRk ;
createtime : 1523020872 ;
msgtype : event ;
event : CLICK ;
eventkey : 海报 ;
from : oSI4Lj_tvE16BImBFcdL4tIA-mRk ;
to : gh_0c02969f70a6 ;
time : 1523020872 ;
type : event ;

2018-04-06 21:21:23 trace :
------------
Array:
tousername : gh_0c02969f70a6 ;
fromusername : oSI4Lj_tvE16BImBFcdL4tIA-mRk ;
createtime : 1523020883 ;
msgtype : event ;
event : SCAN ;
eventkey : 2d8281b5f56e724281c9c4a364385e2a ;
ticket : gQF68DwAAAAAAAAAAS5odHRwOi8vd2VpeGluLnFxLmNvbS9xLzAyTFp4bEJzOGU4YmYxMDAwMGcwNzUAAgRKdMdaAwQAAAAA ;
from : oSI4Lj_tvE16BImBFcdL4tIA-mRk ;
to : gh_0c02969f70a6 ;
time : 1523020883 ;
type : subscribe ;
scene : 2d8281b5f56e724281c9c4a364385e2a ;

2018-04-06 21:21:28 trace :
------------
Array:
tousername : gh_0c02969f70a6 ;
fromusername : oSI4Lj0MFiSdQ7Ki5KS6Dcce5Te4 ;
createtime : 1523020888 ;
msgtype : event ;
event : VIEW ;
eventkey : http://zz.jhzh66.com/app/index.php?i=8&c=entry&eid=194 ;
menuid : 425039202 ;
from : oSI4Lj0MFiSdQ7Ki5KS6Dcce5Te4 ;
to : gh_0c02969f70a6 ;
time : 1523020888 ;
type : event ;

2018-04-06 21:21:28 params :
------------
Array:
rule : -2 ;
module :  ;
message : Array ;

2018-04-06 21:21:28 response :
------------

2018-04-06 21:21:30 trace :
------------
Array:
tousername : gh_0c02969f70a6 ;
fromusername : oSI4Lj_tvE16BImBFcdL4tIA-mRk ;
createtime : 1523020889 ;
msgtype : event ;
event : SCAN ;
eventkey : 2d8281b5f56e724281c9c4a364385e2a ;
ticket : gQF68DwAAAAAAAAAAS5odHRwOi8vd2VpeGluLnFxLmNvbS9xLzAyTFp4bEJzOGU4YmYxMDAwMGcwNzUAAgRKdMdaAwQAAAAA ;
from : oSI4Lj_tvE16BImBFcdL4tIA-mRk ;
to : gh_0c02969f70a6 ;
time : 1523020889 ;
type : subscribe ;
scene : 2d8281b5f56e724281c9c4a364385e2a ;

2018-04-06 21:34:09 trace :
------------
Array:
tousername : gh_0c02969f70a6 ;
fromusername : oSI4Lj2wkg2n_JN-yauY6A4GH8V4 ;
createtime : 1523021649 ;
msgtype : event ;
event : VIEW ;
eventkey : http://zz.jhzh66.com/app/index.php?i=8&c=entry&eid=194 ;
menuid : 425039202 ;
from : oSI4Lj2wkg2n_JN-yauY6A4GH8V4 ;
to : gh_0c02969f70a6 ;
time : 1523021649 ;
type : event ;

2018-04-06 21:34:09 params :
------------
Array:
rule : -2 ;
module :  ;
message : Array ;

2018-04-06 21:34:09 response :
------------

2018-04-06 21:45:52 trace :
------------
Array:
tousername : gh_0c02969f70a6 ;
fromusername : oSI4LjzGDzCztrhCP10C7-4flpE4 ;
createtime : 1523022352 ;
msgtype : event ;
event : VIEW ;
eventkey : http://zz.jhzh66.com/app/index.php?i=8&c=entry&eid=194 ;
menuid : 425039202 ;
from : oSI4LjzGDzCztrhCP10C7-4flpE4 ;
to : gh_0c02969f70a6 ;
time : 1523022352 ;
type : event ;

2018-04-06 21:45:52 params :
------------
Array:
rule : -2 ;
module :  ;
message : Array ;

2018-04-06 21:45:52 response :
------------

2018-04-06 21:54:31 trace :
------------
Array:
tousername : gh_0c02969f70a6 ;
fromusername : oSI4Lj_fVLc-DPZySqUSKsCXuyOo ;
createtime : 1523022871 ;
msgtype : event ;
event : VIEW ;
eventkey : http://zz.jhzh66.com/app/index.php?i=8&c=entry&eid=194 ;
menuid : 425039202 ;
from : oSI4Lj_fVLc-DPZySqUSKsCXuyOo ;
to : gh_0c02969f70a6 ;
time : 1523022871 ;
type : event ;

2018-04-06 21:54:31 params :
------------
Array:
rule : -2 ;
module :  ;
message : Array ;

2018-04-06 21:54:31 response :
------------

2018-04-06 21:56:56 trace :
------------
Array:
tousername : gh_0c02969f70a6 ;
fromusername : oSI4Lj17As79KTBk8dJMskxWiL2E ;
createtime : 1523023016 ;
msgtype : event ;
event : VIEW ;
eventkey : http://zz.jhzh66.com/app/index.php?i=8&c=entry&eid=194 ;
menuid : 425039202 ;
from : oSI4Lj17As79KTBk8dJMskxWiL2E ;
to : gh_0c02969f70a6 ;
time : 1523023016 ;
type : event ;

2018-04-06 21:56:56 params :
------------
Array:
rule : -2 ;
module :  ;
message : Array ;

2018-04-06 21:56:56 response :
------------

2018-04-06 21:57:50 trace :
------------
Array:
tousername : gh_0c02969f70a6 ;
fromusername : oSI4Lj17As79KTBk8dJMskxWiL2E ;
createtime : 1523023070 ;
msgtype : event ;
event : VIEW ;
eventkey : http://zz.jhzh66.com/app/index.php?i=8&c=entry&eid=194 ;
menuid : 425039202 ;
from : oSI4Lj17As79KTBk8dJMskxWiL2E ;
to : gh_0c02969f70a6 ;
time : 1523023070 ;
type : event ;

2018-04-06 21:57:50 params :
------------
Array:
rule : -2 ;
module :  ;
message : Array ;

2018-04-06 21:57:50 response :
------------

2018-04-06 22:01:05 trace :
------------
Array:
tousername : gh_0c02969f70a6 ;
fromusername : oSI4Lj17As79KTBk8dJMskxWiL2E ;
createtime : 1523023265 ;
msgtype : event ;
event : VIEW ;
eventkey : http://zz.jhzh66.com/app/index.php?i=8&c=entry&eid=194 ;
menuid : 425039202 ;
from : oSI4Lj17As79KTBk8dJMskxWiL2E ;
to : gh_0c02969f70a6 ;
time : 1523023265 ;
type : event ;

2018-04-06 22:01:05 params :
------------
Array:
rule : -2 ;
module :  ;
message : Array ;

2018-04-06 22:01:05 response :
------------

2018-04-06 22:01:33 trace :
------------
Array:
tousername : gh_0c02969f70a6 ;
fromusername : oSI4Lj17As79KTBk8dJMskxWiL2E ;
createtime : 1523023293 ;
msgtype : event ;
event : VIEW ;
eventkey : http://zz.jhzh66.com/app/index.php?i=8&c=entry&eid=194 ;
menuid : 425039202 ;
from : oSI4Lj17As79KTBk8dJMskxWiL2E ;
to : gh_0c02969f70a6 ;
time : 1523023293 ;
type : event ;

2018-04-06 22:01:33 params :
------------
Array:
rule : -2 ;
module :  ;
message : Array ;

2018-04-06 22:01:33 response :
------------

2018-04-06 22:01:36 trace :
------------
Array:
tousername : gh_0c02969f70a6 ;
fromusername : oSI4LjzGDzCztrhCP10C7-4flpE4 ;
createtime : 1523023296 ;
msgtype : event ;
event : VIEW ;
eventkey : http://zz.jhzh66.com/app/index.php?i=8&c=entry&eid=194 ;
menuid : 425039202 ;
from : oSI4LjzGDzCztrhCP10C7-4flpE4 ;
to : gh_0c02969f70a6 ;
time : 1523023296 ;
type : event ;

2018-04-06 22:01:36 params :
------------
Array:
rule : -2 ;
module :  ;
message : Array ;

2018-04-06 22:01:36 response :
------------

2018-04-06 22:01:42 trace :
------------
Array:
tousername : gh_0c02969f70a6 ;
fromusername : oSI4LjzGDzCztrhCP10C7-4flpE4 ;
createtime : 1523023302 ;
msgtype : event ;
event : VIEW ;
eventkey : http://zz.jhzh66.com/app/index.php?i=8&c=entry&eid=198 ;
menuid : 425039202 ;
from : oSI4LjzGDzCztrhCP10C7-4flpE4 ;
to : gh_0c02969f70a6 ;
time : 1523023302 ;
type : event ;

2018-04-06 22:01:42 params :
------------
Array:
rule : -2 ;
module :  ;
message : Array ;

2018-04-06 22:01:42 response :
------------

2018-04-06 22:07:54 trace :
------------
Array:
tousername : gh_0c02969f70a6 ;
fromusername : oSI4Ljy4qH8c3sTxzjY3Cylxpe_4 ;
createtime : 1523023674 ;
msgtype : event ;
event : VIEW ;
eventkey : http://zz.jhzh66.com/app/index.php?i=8&c=entry&eid=194 ;
menuid : 425039202 ;
from : oSI4Ljy4qH8c3sTxzjY3Cylxpe_4 ;
to : gh_0c02969f70a6 ;
time : 1523023674 ;
type : event ;

2018-04-06 22:07:54 params :
------------
Array:
rule : -2 ;
module :  ;
message : Array ;

2018-04-06 22:07:54 response :
------------

2018-04-06 22:08:24 trace :
------------
Array:
tousername : gh_0c02969f70a6 ;
fromusername : oSI4Ljy4qH8c3sTxzjY3Cylxpe_4 ;
createtime : 1523023704 ;
msgtype : event ;
event : VIEW ;
eventkey : http://zz11.com.cn/plugin.php?id=wechat:access ;
menuid : 425039202 ;
from : oSI4Ljy4qH8c3sTxzjY3Cylxpe_4 ;
to : gh_0c02969f70a6 ;
time : 1523023704 ;
type : event ;

2018-04-06 22:08:24 params :
------------
Array:
rule : -2 ;
module :  ;
message : Array ;

2018-04-06 22:08:24 response :
------------

2018-04-06 22:12:16 trace :
------------
Array:
tousername : gh_0c02969f70a6 ;
fromusername : oSI4Ljy4qH8c3sTxzjY3Cylxpe_4 ;
createtime : 1523023936 ;
msgtype : event ;
event : VIEW ;
eventkey : http://zz.jhzh66.com/app/index.php?i=8&c=entry&eid=194 ;
menuid : 425039202 ;
from : oSI4Ljy4qH8c3sTxzjY3Cylxpe_4 ;
to : gh_0c02969f70a6 ;
time : 1523023936 ;
type : event ;

2018-04-06 22:12:16 params :
------------
Array:
rule : -2 ;
module :  ;
message : Array ;

2018-04-06 22:12:16 response :
------------

2018-04-06 22:14:46 trace :
------------
Array:
tousername : gh_0c02969f70a6 ;
fromusername : oSI4Ljy4qH8c3sTxzjY3Cylxpe_4 ;
createtime : 1523024086 ;
msgtype : event ;
event : VIEW ;
eventkey : http://zz.jhzh66.com/app/index.php?i=8&c=entry&eid=194 ;
menuid : 425039202 ;
from : oSI4Ljy4qH8c3sTxzjY3Cylxpe_4 ;
to : gh_0c02969f70a6 ;
time : 1523024086 ;
type : event ;

2018-04-06 22:14:46 params :
------------
Array:
rule : -2 ;
module :  ;
message : Array ;

2018-04-06 22:14:46 response :
------------

2018-04-06 22:18:06 trace :
------------
Array:
tousername : gh_0c02969f70a6 ;
fromusername : oSI4Ljy4qH8c3sTxzjY3Cylxpe_4 ;
createtime : 1523024285 ;
msgtype : event ;
event : VIEW ;
eventkey : http://zz.jhzh66.com/app/index.php?i=8&c=home&t=8 ;
menuid : 425039202 ;
from : oSI4Ljy4qH8c3sTxzjY3Cylxpe_4 ;
to : gh_0c02969f70a6 ;
time : 1523024285 ;
type : event ;

2018-04-06 22:18:06 params :
------------
Array:
rule : -2 ;
module :  ;
message : Array ;

2018-04-06 22:18:06 response :
------------

2018-04-06 22:18:21 trace :
------------
Array:
tousername : gh_0c02969f70a6 ;
fromusername : oSI4Ljy4qH8c3sTxzjY3Cylxpe_4 ;
createtime : 1523024301 ;
msgtype : event ;
event : VIEW ;
eventkey : https://h5.scene.yqh5.cn/s/6szkjdIq ;
menuid : 425039202 ;
from : oSI4Ljy4qH8c3sTxzjY3Cylxpe_4 ;
to : gh_0c02969f70a6 ;
time : 1523024301 ;
type : event ;

2018-04-06 22:18:21 params :
------------
Array:
rule : -2 ;
module :  ;
message : Array ;

2018-04-06 22:18:21 response :
------------

2018-04-06 22:20:09 trace :
------------
Array:
tousername : gh_0c02969f70a6 ;
fromusername : oSI4Lj17As79KTBk8dJMskxWiL2E ;
createtime : 1523024408 ;
msgtype : event ;
event : VIEW ;
eventkey : http://zz.jhzh66.com/app/index.php?i=8&c=entry&eid=194 ;
menuid : 425039202 ;
from : oSI4Lj17As79KTBk8dJMskxWiL2E ;
to : gh_0c02969f70a6 ;
time : 1523024408 ;
type : event ;

2018-04-06 22:20:09 params :
------------
Array:
rule : -2 ;
module :  ;
message : Array ;

2018-04-06 22:20:09 response :
------------

2018-04-06 22:20:45 trace :
------------
Array:
tousername : gh_0c02969f70a6 ;
fromusername : oSI4LjzGDzCztrhCP10C7-4flpE4 ;
createtime : 1523024445 ;
msgtype : event ;
event : VIEW ;
eventkey : http://zz.jhzh66.com/app/index.php?i=8&c=entry&eid=194 ;
menuid : 425039202 ;
from : oSI4LjzGDzCztrhCP10C7-4flpE4 ;
to : gh_0c02969f70a6 ;
time : 1523024445 ;
type : event ;

2018-04-06 22:20:45 params :
------------
Array:
rule : -2 ;
module :  ;
message : Array ;

2018-04-06 22:20:45 response :
------------

2018-04-06 22:20:49 trace :
------------
Array:
tousername : gh_0c02969f70a6 ;
fromusername : oSI4Ljy4qH8c3sTxzjY3Cylxpe_4 ;
createtime : 1523024448 ;
msgtype : event ;
event : VIEW ;
eventkey : http://zz.jhzh66.com/app/index.php?i=8&c=entry&eid=194 ;
menuid : 425039202 ;
from : oSI4Ljy4qH8c3sTxzjY3Cylxpe_4 ;
to : gh_0c02969f70a6 ;
time : 1523024448 ;
type : event ;

2018-04-06 22:20:49 params :
------------
Array:
rule : -2 ;
module :  ;
message : Array ;

2018-04-06 22:20:49 response :
------------

2018-04-06 22:21:03 trace :
------------
Array:
tousername : gh_0c02969f70a6 ;
fromusername : oSI4LjzGDzCztrhCP10C7-4flpE4 ;
createtime : 1523024463 ;
msgtype : event ;
event : VIEW ;
eventkey : http://zz.jhzh66.com/app/index.php?i=8&c=entry&eid=198 ;
menuid : 425039202 ;
from : oSI4LjzGDzCztrhCP10C7-4flpE4 ;
to : gh_0c02969f70a6 ;
time : 1523024463 ;
type : event ;

2018-04-06 22:21:03 params :
------------
Array:
rule : -2 ;
module :  ;
message : Array ;

2018-04-06 22:21:03 response :
------------

2018-04-06 22:23:18 trace :
------------
Array:
tousername : gh_0c02969f70a6 ;
fromusername : oSI4Lj17As79KTBk8dJMskxWiL2E ;
createtime : 1523024598 ;
msgtype : event ;
event : VIEW ;
eventkey : http://zz.jhzh66.com/app/index.php?i=8&c=entry&eid=194 ;
menuid : 425039202 ;
from : oSI4Lj17As79KTBk8dJMskxWiL2E ;
to : gh_0c02969f70a6 ;
time : 1523024598 ;
type : event ;

2018-04-06 22:23:18 params :
------------
Array:
rule : -2 ;
module :  ;
message : Array ;

2018-04-06 22:23:18 response :
------------

2018-04-06 22:26:38 trace :
------------
Array:
tousername : gh_0c02969f70a6 ;
fromusername : oSI4Lj17As79KTBk8dJMskxWiL2E ;
createtime : 1523024798 ;
msgtype : event ;
event : VIEW ;
eventkey : http://zz.jhzh66.com/app/index.php?i=8&c=entry&eid=194 ;
menuid : 425039202 ;
from : oSI4Lj17As79KTBk8dJMskxWiL2E ;
to : gh_0c02969f70a6 ;
time : 1523024798 ;
type : event ;

2018-04-06 22:26:38 params :
------------
Array:
rule : -2 ;
module :  ;
message : Array ;

2018-04-06 22:26:38 response :
------------

2018-04-06 22:26:49 trace :
------------
Array:
tousername : gh_0c02969f70a6 ;
fromusername : oSI4Lj17As79KTBk8dJMskxWiL2E ;
createtime : 1523024808 ;
msgtype : event ;
event : VIEW ;
eventkey : http://zz.jhzh66.com/app/index.php?i=8&c=entry&eid=194 ;
menuid : 425039202 ;
from : oSI4Lj17As79KTBk8dJMskxWiL2E ;
to : gh_0c02969f70a6 ;
time : 1523024808 ;
type : event ;

2018-04-06 22:26:49 params :
------------
Array:
rule : -2 ;
module :  ;
message : Array ;

2018-04-06 22:26:49 response :
------------

2018-04-06 22:28:14 trace :
------------
Array:
tousername : gh_0c02969f70a6 ;
fromusername : oSI4Lj17As79KTBk8dJMskxWiL2E ;
createtime : 1523024894 ;
msgtype : event ;
event : VIEW ;
eventkey : http://zz.jhzh66.com/app/index.php?i=8&c=entry&eid=194 ;
menuid : 425039202 ;
from : oSI4Lj17As79KTBk8dJMskxWiL2E ;
to : gh_0c02969f70a6 ;
time : 1523024894 ;
type : event ;

2018-04-06 22:28:14 params :
------------
Array:
rule : -2 ;
module :  ;
message : Array ;

2018-04-06 22:28:14 response :
------------

2018-04-06 22:35:07 trace :
------------
Array:
tousername : gh_0c02969f70a6 ;
fromusername : oSI4Lj_fVLc-DPZySqUSKsCXuyOo ;
createtime : 1523025307 ;
msgtype : event ;
event : VIEW ;
eventkey : http://zz.jhzh66.com/app/index.php?i=8&c=entry&eid=194 ;
menuid : 425039202 ;
from : oSI4Lj_fVLc-DPZySqUSKsCXuyOo ;
to : gh_0c02969f70a6 ;
time : 1523025307 ;
type : event ;

2018-04-06 22:35:07 params :
------------
Array:
rule : -2 ;
module :  ;
message : Array ;

2018-04-06 22:35:07 response :
------------

2018-04-06 22:36:03 trace :
------------
Array:
tousername : gh_0c02969f70a6 ;
fromusername : oSI4Lj_fVLc-DPZySqUSKsCXuyOo ;
createtime : 1523025363 ;
msgtype : event ;
event : VIEW ;
eventkey : http://zz.jhzh66.com/app/index.php?i=8&c=entry&eid=194 ;
menuid : 425039202 ;
from : oSI4Lj_fVLc-DPZySqUSKsCXuyOo ;
to : gh_0c02969f70a6 ;
time : 1523025363 ;
type : event ;

2018-04-06 22:36:03 params :
------------
Array:
rule : -2 ;
module :  ;
message : Array ;

2018-04-06 22:36:03 response :
------------

2018-04-06 22:39:22 trace :
------------
Array:
tousername : gh_0c02969f70a6 ;
fromusername : oSI4Lj2wkg2n_JN-yauY6A4GH8V4 ;
createtime : 1523025562 ;
msgtype : event ;
event : VIEW ;
eventkey : http://zz.jhzh66.com/app/index.php?i=8&c=entry&eid=194 ;
menuid : 425039202 ;
from : oSI4Lj2wkg2n_JN-yauY6A4GH8V4 ;
to : gh_0c02969f70a6 ;
time : 1523025562 ;
type : event ;

2018-04-06 22:39:22 params :
------------
Array:
rule : -2 ;
module :  ;
message : Array ;

2018-04-06 22:39:22 response :
------------

2018-04-06 22:49:44 trace :
------------
Array:
tousername : gh_0c02969f70a6 ;
fromusername : oSI4Lj61cNqZ2u3iIxwOYG1mPHz4 ;
createtime : 1523026183 ;
msgtype : event ;
event : VIEW ;
eventkey : http://zz.jhzh66.com/app/index.php?i=8&c=entry&eid=194 ;
menuid : 425039202 ;
from : oSI4Lj61cNqZ2u3iIxwOYG1mPHz4 ;
to : gh_0c02969f70a6 ;
time : 1523026183 ;
type : event ;

2018-04-06 22:49:44 params :
------------
Array:
rule : -2 ;
module :  ;
message : Array ;

2018-04-06 22:49:44 response :
------------

2018-04-06 22:52:05 trace :
------------
Array:
tousername : gh_0c02969f70a6 ;
fromusername : oSI4Lj61cNqZ2u3iIxwOYG1mPHz4 ;
createtime : 1523026325 ;
msgtype : event ;
event : VIEW ;
eventkey : https://m.qlchat.com/live/320000044317761.htm ;
menuid : 425039202 ;
from : oSI4Lj61cNqZ2u3iIxwOYG1mPHz4 ;
to : gh_0c02969f70a6 ;
time : 1523026325 ;
type : event ;

2018-04-06 22:52:05 params :
------------
Array:
rule : -2 ;
module :  ;
message : Array ;

2018-04-06 22:52:05 response :
------------

2018-04-06 22:58:48 trace :
------------
Array:
tousername : gh_0c02969f70a6 ;
fromusername : oSI4Lj_fVLc-DPZySqUSKsCXuyOo ;
createtime : 1523026728 ;
msgtype : event ;
event : CLICK ;
eventkey : 海报 ;
from : oSI4Lj_fVLc-DPZySqUSKsCXuyOo ;
to : gh_0c02969f70a6 ;
time : 1523026728 ;
type : event ;

2018-04-06 22:58:56 trace :
------------
Array:
tousername : gh_0c02969f70a6 ;
fromusername : oSI4Lj_fVLc-DPZySqUSKsCXuyOo ;
createtime : 1523026736 ;
msgtype : event ;
event : CLICK ;
eventkey : 海报 ;
from : oSI4Lj_fVLc-DPZySqUSKsCXuyOo ;
to : gh_0c02969f70a6 ;
time : 1523026736 ;
type : event ;

2018-04-06 22:59:08 trace :
------------
Array:
tousername : gh_0c02969f70a6 ;
fromusername : oSI4Lj_fVLc-DPZySqUSKsCXuyOo ;
createtime : 1523026748 ;
msgtype : event ;
event : SCAN ;
eventkey : b1308e2e58ea8b15bcc4723c7feb2bc4 ;
ticket : gQH-8TwAAAAAAAAAAS5odHRwOi8vd2VpeGluLnFxLmNvbS9xLzAyNzY1dUFqOGU4YmYxMDAwMHcwN2kAAgSU38ZaAwQAAAAA ;
from : oSI4Lj_fVLc-DPZySqUSKsCXuyOo ;
to : gh_0c02969f70a6 ;
time : 1523026748 ;
type : subscribe ;
scene : b1308e2e58ea8b15bcc4723c7feb2bc4 ;

2018-04-06 22:59:10 trace :
------------
Array:
tousername : gh_0c02969f70a6 ;
fromusername : oSI4Lj6b6Tpa3Elo4ATwim2rAT6Q ;
createtime : 1523026750 ;
msgtype : event ;
event : VIEW ;
eventkey : http://zz.jhzh66.com/app/index.php?i=8&c=entry&eid=198 ;
menuid : 425039202 ;
from : oSI4Lj6b6Tpa3Elo4ATwim2rAT6Q ;
to : gh_0c02969f70a6 ;
time : 1523026750 ;
type : event ;

2018-04-06 22:59:10 params :
------------
Array:
rule : -2 ;
module :  ;
message : Array ;

2018-04-06 22:59:10 response :
------------

2018-04-06 22:59:23 trace :
------------
Array:
tousername : gh_0c02969f70a6 ;
fromusername : oSI4Lj_fVLc-DPZySqUSKsCXuyOo ;
createtime : 1523026763 ;
msgtype : event ;
event : SCAN ;
eventkey : b1308e2e58ea8b15bcc4723c7feb2bc4 ;
ticket : gQH-8TwAAAAAAAAAAS5odHRwOi8vd2VpeGluLnFxLmNvbS9xLzAyNzY1dUFqOGU4YmYxMDAwMHcwN2kAAgSU38ZaAwQAAAAA ;
from : oSI4Lj_fVLc-DPZySqUSKsCXuyOo ;
to : gh_0c02969f70a6 ;
time : 1523026763 ;
type : subscribe ;
scene : b1308e2e58ea8b15bcc4723c7feb2bc4 ;

2018-04-06 23:01:07 trace :
------------
Array:
tousername : gh_0c02969f70a6 ;
fromusername : oSI4LjzGDzCztrhCP10C7-4flpE4 ;
createtime : 1523026867 ;
msgtype : event ;
event : CLICK ;
eventkey : 海报 ;
from : oSI4LjzGDzCztrhCP10C7-4flpE4 ;
to : gh_0c02969f70a6 ;
time : 1523026867 ;
type : event ;

2018-04-06 23:01:51 trace :
------------
Array:
tousername : gh_0c02969f70a6 ;
fromusername : oSI4LjzGDzCztrhCP10C7-4flpE4 ;
createtime : 1523026911 ;
msgtype : text ;
content : 海报 ;
msgid : 6541350774097998210 ;
from : oSI4LjzGDzCztrhCP10C7-4flpE4 ;
to : gh_0c02969f70a6 ;
time : 1523026911 ;
type : text ;
event :  ;
redirection :  ;
source :  ;

2018-04-06 23:01:56 trace :
------------
Array:
tousername : gh_0c02969f70a6 ;
fromusername : oSI4LjzGDzCztrhCP10C7-4flpE4 ;
createtime : 1523026916 ;
msgtype : text ;
content : 关注 ;
msgid : 6541350795572834693 ;
from : oSI4LjzGDzCztrhCP10C7-4flpE4 ;
to : gh_0c02969f70a6 ;
time : 1523026916 ;
type : text ;
event :  ;
redirection :  ;
source :  ;

2018-04-06 23:02:28 trace :
------------
Array:
tousername : gh_0c02969f70a6 ;
fromusername : oSI4LjzGDzCztrhCP10C7-4flpE4 ;
createtime : 1523026948 ;
msgtype : text ;
content : 海报 ;
msgid : 6541350933011788178 ;
from : oSI4LjzGDzCztrhCP10C7-4flpE4 ;
to : gh_0c02969f70a6 ;
time : 1523026948 ;
type : text ;
event :  ;
redirection :  ;
source :  ;

2018-04-06 23:02:50 trace :
------------
Array:
tousername : gh_0c02969f70a6 ;
fromusername : oSI4LjzGDzCztrhCP10C7-4flpE4 ;
createtime : 1523026970 ;
msgtype : text ;
content : 海报 ;
msgid : 6541351027501068692 ;
from : oSI4LjzGDzCztrhCP10C7-4flpE4 ;
to : gh_0c02969f70a6 ;
time : 1523026970 ;
type : text ;
event :  ;
redirection :  ;
source :  ;

2018-04-06 23:02:58 trace :
------------
Array:
tousername : gh_0c02969f70a6 ;
fromusername : oSI4LjzGDzCztrhCP10C7-4flpE4 ;
createtime : 1523026977 ;
msgtype : text ;
content : 关注 ;
msgid : 6541351057565839768 ;
from : oSI4LjzGDzCztrhCP10C7-4flpE4 ;
to : gh_0c02969f70a6 ;
time : 1523026977 ;
type : text ;
event :  ;
redirection :  ;
source :  ;

2018-04-06 23:03:51 trace :
------------
Array:
tousername : gh_0c02969f70a6 ;
fromusername : oSI4LjzGDzCztrhCP10C7-4flpE4 ;
createtime : 1523027031 ;
msgtype : event ;
event : CLICK ;
eventkey : 海报 ;
from : oSI4LjzGDzCztrhCP10C7-4flpE4 ;
to : gh_0c02969f70a6 ;
time : 1523027031 ;
type : event ;

2018-04-06 23:03:52 trace :
------------
Array:
tousername : gh_0c02969f70a6 ;
fromusername : oSI4LjzGDzCztrhCP10C7-4flpE4 ;
createtime : 1523027032 ;
msgtype : event ;
event : CLICK ;
eventkey : 海报 ;
from : oSI4LjzGDzCztrhCP10C7-4flpE4 ;
to : gh_0c02969f70a6 ;
time : 1523027032 ;
type : event ;

2018-04-06 23:03:56 trace :
------------
Array:
tousername : gh_0c02969f70a6 ;
fromusername : oSI4LjzGDzCztrhCP10C7-4flpE4 ;
createtime : 1523027036 ;
msgtype : event ;
event : CLICK ;
eventkey : 海报 ;
from : oSI4LjzGDzCztrhCP10C7-4flpE4 ;
to : gh_0c02969f70a6 ;
time : 1523027036 ;
type : event ;

2018-04-06 23:04:02 trace :
------------
Array:
tousername : gh_0c02969f70a6 ;
fromusername : oSI4LjzGDzCztrhCP10C7-4flpE4 ;
createtime : 1523027042 ;
msgtype : text ;
content : 关注 ;
msgid : 6541351336738714029 ;
from : oSI4LjzGDzCztrhCP10C7-4flpE4 ;
to : gh_0c02969f70a6 ;
time : 1523027042 ;
type : text ;
event :  ;
redirection :  ;
source :  ;

2018-04-06 23:04:10 trace :
------------
Array:
tousername : gh_0c02969f70a6 ;
fromusername : oSI4LjzGDzCztrhCP10C7-4flpE4 ;
createtime : 1523027050 ;
msgtype : event ;
event : SCAN ;
eventkey : 5141e420449e42c7df87975ef87074b6 ;
ticket : gQHp8TwAAAAAAAAAAS5odHRwOi8vd2VpeGluLnFxLmNvbS9xLzAyZjNCWkJmOGU4YmYxMDAwMDAwN2oAAgTj86RaAwQAAAAA ;
from : oSI4LjzGDzCztrhCP10C7-4flpE4 ;
to : gh_0c02969f70a6 ;
time : 1523027050 ;
type : subscribe ;
scene : 5141e420449e42c7df87975ef87074b6 ;

2018-04-06 23:04:15 trace :
------------
Array:
tousername : gh_0c02969f70a6 ;
fromusername : oSI4LjzGDzCztrhCP10C7-4flpE4 ;
createtime : 1523027055 ;
msgtype : event ;
event : SCAN ;
eventkey : 5141e420449e42c7df87975ef87074b6 ;
ticket : gQHp8TwAAAAAAAAAAS5odHRwOi8vd2VpeGluLnFxLmNvbS9xLzAyZjNCWkJmOGU4YmYxMDAwMDAwN2oAAgTj86RaAwQAAAAA ;
from : oSI4LjzGDzCztrhCP10C7-4flpE4 ;
to : gh_0c02969f70a6 ;
time : 1523027055 ;
type : subscribe ;
scene : 5141e420449e42c7df87975ef87074b6 ;

2018-04-06 23:04:18 trace :
------------
Array:
tousername : gh_0c02969f70a6 ;
fromusername : oSI4LjzGDzCztrhCP10C7-4flpE4 ;
createtime : 1523027058 ;
msgtype : event ;
event : CLICK ;
eventkey : 海报 ;
from : oSI4LjzGDzCztrhCP10C7-4flpE4 ;
to : gh_0c02969f70a6 ;
time : 1523027058 ;
type : event ;

2018-04-06 23:09:07 trace :
------------
Array:
tousername : gh_0c02969f70a6 ;
fromusername : oSI4LjzGDzCztrhCP10C7-4flpE4 ;
createtime : 1523027347 ;
msgtype : event ;
event : CLICK ;
eventkey : 海报 ;
from : oSI4LjzGDzCztrhCP10C7-4flpE4 ;
to : gh_0c02969f70a6 ;
time : 1523027347 ;
type : event ;

2018-04-06 23:09:10 trace :
------------
Array:
tousername : gh_0c02969f70a6 ;
fromusername : oSI4LjzGDzCztrhCP10C7-4flpE4 ;
createtime : 1523027350 ;
msgtype : event ;
event : CLICK ;
eventkey : 关注 ;
from : oSI4LjzGDzCztrhCP10C7-4flpE4 ;
to : gh_0c02969f70a6 ;
time : 1523027350 ;
type : event ;

2018-04-06 23:09:15 trace :
------------
Array:
tousername : gh_0c02969f70a6 ;
fromusername : oSI4LjzGDzCztrhCP10C7-4flpE4 ;
createtime : 1523027355 ;
msgtype : event ;
event : CLICK ;
eventkey : 关注 ;
from : oSI4LjzGDzCztrhCP10C7-4flpE4 ;
to : gh_0c02969f70a6 ;
time : 1523027355 ;
type : event ;

2018-04-06 23:09:21 trace :
------------
Array:
tousername : gh_0c02969f70a6 ;
fromusername : oSI4LjzGDzCztrhCP10C7-4flpE4 ;
createtime : 1523027360 ;
msgtype : event ;
event : SCAN ;
eventkey : 5141e420449e42c7df87975ef87074b6 ;
ticket : gQHp8TwAAAAAAAAAAS5odHRwOi8vd2VpeGluLnFxLmNvbS9xLzAyZjNCWkJmOGU4YmYxMDAwMDAwN2oAAgTj86RaAwQAAAAA ;
from : oSI4LjzGDzCztrhCP10C7-4flpE4 ;
to : gh_0c02969f70a6 ;
time : 1523027360 ;
type : subscribe ;
scene : 5141e420449e42c7df87975ef87074b6 ;

2018-04-06 23:10:33 trace :
------------
Array:
tousername : gh_0c02969f70a6 ;
fromusername : oSI4LjzGDzCztrhCP10C7-4flpE4 ;
createtime : 1523027433 ;
msgtype : text ;
content : 海报 ;
msgid : 6541353016070926837 ;
from : oSI4LjzGDzCztrhCP10C7-4flpE4 ;
to : gh_0c02969f70a6 ;
time : 1523027433 ;
type : text ;
event :  ;
redirection :  ;
source :  ;

2018-04-06 23:10:36 trace :
------------
Array:
tousername : gh_0c02969f70a6 ;
fromusername : oSI4LjzGDzCztrhCP10C7-4flpE4 ;
createtime : 1523027436 ;
msgtype : text ;
content : 关注 ;
msgid : 6541353028955828727 ;
from : oSI4LjzGDzCztrhCP10C7-4flpE4 ;
to : gh_0c02969f70a6 ;
time : 1523027436 ;
type : text ;
event :  ;
redirection :  ;
source :  ;

2018-04-06 23:12:21 trace :
------------
Array:
tousername : gh_0c02969f70a6 ;
fromusername : oSI4Lj6b6Tpa3Elo4ATwim2rAT6Q ;
createtime : 1523027541 ;
msgtype : event ;
event : VIEW ;
eventkey : http://zz.jhzh66.com/app/index.php?i=8&c=site&a=site&do=detail&id=2 ;
menuid : 425095602 ;
from : oSI4Lj6b6Tpa3Elo4ATwim2rAT6Q ;
to : gh_0c02969f70a6 ;
time : 1523027541 ;
type : event ;

2018-04-06 23:12:21 params :
------------
Array:
rule : -2 ;
module :  ;
message : Array ;

2018-04-06 23:12:21 response :
------------

2018-04-06 23:12:48 trace :
------------
Array:
tousername : gh_0c02969f70a6 ;
fromusername : oSI4Lj6b6Tpa3Elo4ATwim2rAT6Q ;
createtime : 1523027568 ;
msgtype : event ;
event : VIEW ;
eventkey : http://zz.jhzh66.com/app/index.php?i=8&c=site&a=site&do=detail&id=2 ;
menuid : 425095602 ;
from : oSI4Lj6b6Tpa3Elo4ATwim2rAT6Q ;
to : gh_0c02969f70a6 ;
time : 1523027568 ;
type : event ;

2018-04-06 23:12:48 params :
------------
Array:
rule : -2 ;
module :  ;
message : Array ;

2018-04-06 23:12:48 response :
------------

2018-04-06 23:12:58 trace :
------------
Array:
tousername : gh_0c02969f70a6 ;
fromusername : oSI4Lj6b6Tpa3Elo4ATwim2rAT6Q ;
createtime : 1523027578 ;
msgtype : event ;
event : VIEW ;
eventkey : http://www.haolangtech.com/index.php?s=/Home/New/crowdfundingindex/id/22.html ;
menuid : 425095602 ;
from : oSI4Lj6b6Tpa3Elo4ATwim2rAT6Q ;
to : gh_0c02969f70a6 ;
time : 1523027578 ;
type : event ;

2018-04-06 23:12:58 params :
------------
Array:
rule : -2 ;
module :  ;
message : Array ;

2018-04-06 23:12:58 response :
------------

2018-04-06 23:13:49 trace :
------------
Array:
tousername : gh_0c02969f70a6 ;
fromusername : oSI4Lj6b6Tpa3Elo4ATwim2rAT6Q ;
createtime : 1523027628 ;
msgtype : event ;
event : VIEW ;
eventkey : http://zz.jhzh66.com/app/index.php?i=8&c=entry&eid=198 ;
menuid : 425095602 ;
from : oSI4Lj6b6Tpa3Elo4ATwim2rAT6Q ;
to : gh_0c02969f70a6 ;
time : 1523027628 ;
type : event ;

2018-04-06 23:13:49 params :
------------
Array:
rule : -2 ;
module :  ;
message : Array ;

2018-04-06 23:13:49 response :
------------

2018-04-06 23:16:42 trace :
------------
Array:
tousername : gh_0c02969f70a6 ;
fromusername : oSI4Lj6b6Tpa3Elo4ATwim2rAT6Q ;
createtime : 1523027802 ;
msgtype : event ;
event : CLICK ;
eventkey : 关注 ;
from : oSI4Lj6b6Tpa3Elo4ATwim2rAT6Q ;
to : gh_0c02969f70a6 ;
time : 1523027802 ;
type : event ;

2018-04-06 23:16:52 trace :
------------
Array:
tousername : gh_0c02969f70a6 ;
fromusername : oSI4Lj6b6Tpa3Elo4ATwim2rAT6Q ;
createtime : 1523027812 ;
msgtype : event ;
event : SCAN ;
eventkey : 441d12c43078f0cf04879aa1087cf535 ;
ticket : gQGk8TwAAAAAAAAAAS5odHRwOi8vd2VpeGluLnFxLmNvbS9xLzAyRUVfTEExOGU4YmYxMDAwMGcwN3cAAgRbj8daAwQAAAAA ;
from : oSI4Lj6b6Tpa3Elo4ATwim2rAT6Q ;
to : gh_0c02969f70a6 ;
time : 1523027812 ;
type : subscribe ;
scene : 441d12c43078f0cf04879aa1087cf535 ;

2018-04-06 23:17:03 trace :
------------
Array:
tousername : gh_0c02969f70a6 ;
fromusername : oSI4Lj6b6Tpa3Elo4ATwim2rAT6Q ;
createtime : 1523027823 ;
msgtype : event ;
event : SCAN ;
eventkey : 441d12c43078f0cf04879aa1087cf535 ;
ticket : gQGk8TwAAAAAAAAAAS5odHRwOi8vd2VpeGluLnFxLmNvbS9xLzAyRUVfTEExOGU4YmYxMDAwMGcwN3cAAgRbj8daAwQAAAAA ;
from : oSI4Lj6b6Tpa3Elo4ATwim2rAT6Q ;
to : gh_0c02969f70a6 ;
time : 1523027823 ;
type : subscribe ;
scene : 441d12c43078f0cf04879aa1087cf535 ;

2018-04-06 23:18:37 trace :
------------
Array:
tousername : gh_0c02969f70a6 ;
fromusername : oSI4Lj9RmLAt1rR2uGgSaDYhIN64 ;
createtime : 1523027917 ;
msgtype : event ;
event : subscribe ;
eventkey : qrscene_441d12c43078f0cf04879aa1087cf535 ;
ticket : gQGk8TwAAAAAAAAAAS5odHRwOi8vd2VpeGluLnFxLmNvbS9xLzAyRUVfTEExOGU4YmYxMDAwMGcwN3cAAgRbj8daAwQAAAAA ;
from : oSI4Lj9RmLAt1rR2uGgSaDYhIN64 ;
to : gh_0c02969f70a6 ;
time : 1523027917 ;
type : subscribe ;
scene : 441d12c43078f0cf04879aa1087cf535 ;

2018-04-06 23:18:45 trace :
------------
Array:
tousername : gh_0c02969f70a6 ;
fromusername : oSI4Lj9RmLAt1rR2uGgSaDYhIN64 ;
createtime : 1523027925 ;
msgtype : event ;
event : VIEW ;
eventkey : http://zz.jhzh66.com/app/index.php?i=8&c=entry&eid=198 ;
menuid : 425095602 ;
from : oSI4Lj9RmLAt1rR2uGgSaDYhIN64 ;
to : gh_0c02969f70a6 ;
time : 1523027925 ;
type : event ;

2018-04-06 23:18:45 params :
------------
Array:
rule : -2 ;
module :  ;
message : Array ;

2018-04-06 23:18:45 response :
------------

2018-04-06 23:19:47 trace :
------------
Array:
tousername : gh_0c02969f70a6 ;
fromusername : oSI4Lj6b6Tpa3Elo4ATwim2rAT6Q ;
createtime : 1523027987 ;
msgtype : event ;
event : VIEW ;
eventkey : http://zz.jhzh66.com/app/index.php?i=8&c=entry&eid=198 ;
menuid : 425095602 ;
from : oSI4Lj6b6Tpa3Elo4ATwim2rAT6Q ;
to : gh_0c02969f70a6 ;
time : 1523027987 ;
type : event ;

2018-04-06 23:19:47 params :
------------
Array:
rule : -2 ;
module :  ;
message : Array ;

2018-04-06 23:19:47 response :
------------

2018-04-06 23:22:23 trace :
------------
Array:
tousername : gh_0c02969f70a6 ;
fromusername : oSI4Lj6b6Tpa3Elo4ATwim2rAT6Q ;
createtime : 1523028143 ;
msgtype : event ;
event : VIEW ;
eventkey : http://zz.jhzh66.com/app/index.php?i=8&c=entry&eid=198 ;
menuid : 425095602 ;
from : oSI4Lj6b6Tpa3Elo4ATwim2rAT6Q ;
to : gh_0c02969f70a6 ;
time : 1523028143 ;
type : event ;

2018-04-06 23:22:23 params :
------------
Array:
rule : -2 ;
module :  ;
message : Array ;

2018-04-06 23:22:23 response :
------------

2018-04-06 23:24:21 trace :
------------
Array:
tousername : gh_0c02969f70a6 ;
fromusername : oSI4Lj6b6Tpa3Elo4ATwim2rAT6Q ;
createtime : 1523028261 ;
msgtype : event ;
event : VIEW ;
eventkey : http://zz11.com.cn/plugin.php?id=wechat:access ;
menuid : 425095602 ;
from : oSI4Lj6b6Tpa3Elo4ATwim2rAT6Q ;
to : gh_0c02969f70a6 ;
time : 1523028261 ;
type : event ;

2018-04-06 23:24:21 params :
------------
Array:
rule : -2 ;
module :  ;
message : Array ;

2018-04-06 23:24:21 response :
------------

2018-04-06 23:24:32 trace :
------------
Array:
tousername : gh_0c02969f70a6 ;
fromusername : oSI4Lj6b6Tpa3Elo4ATwim2rAT6Q ;
createtime : 1523028271 ;
msgtype : event ;
event : VIEW ;
eventkey : https://m.qlchat.com/live/320000044317761.htm ;
menuid : 425095602 ;
from : oSI4Lj6b6Tpa3Elo4ATwim2rAT6Q ;
to : gh_0c02969f70a6 ;
time : 1523028271 ;
type : event ;

2018-04-06 23:24:32 params :
------------
Array:
rule : -2 ;
module :  ;
message : Array ;

2018-04-06 23:24:32 response :
------------

2018-04-06 23:24:32 trace :
------------
Array:
tousername : gh_0c02969f70a6 ;
fromusername : oSI4Lj97Jm2kdczJ4OHYMLb017pk ;
createtime : 1523028272 ;
msgtype : text ;
content : 关注 ;
msgid : 6541356619548488301 ;
from : oSI4Lj97Jm2kdczJ4OHYMLb017pk ;
to : gh_0c02969f70a6 ;
time : 1523028272 ;
type : text ;
event :  ;
redirection :  ;
source :  ;

2018-04-06 23:25:39 trace :
------------
Array:
tousername : gh_0c02969f70a6 ;
fromusername : oSI4Lj6b6Tpa3Elo4ATwim2rAT6Q ;
createtime : 1523028339 ;
msgtype : event ;
event : VIEW ;
eventkey : http://zz.jhzh66.com/app/index.php?i=8&c=entry&eid=198 ;
menuid : 425095602 ;
from : oSI4Lj6b6Tpa3Elo4ATwim2rAT6Q ;
to : gh_0c02969f70a6 ;
time : 1523028339 ;
type : event ;

2018-04-06 23:25:39 params :
------------
Array:
rule : -2 ;
module :  ;
message : Array ;

2018-04-06 23:25:39 response :
------------

2018-04-06 23:25:51 trace :
------------
Array:
tousername : gh_0c02969f70a6 ;
fromusername : oSI4Lj97Jm2kdczJ4OHYMLb017pk ;
createtime : 1523028351 ;
msgtype : event ;
event : CLICK ;
eventkey : 关注 ;
from : oSI4Lj97Jm2kdczJ4OHYMLb017pk ;
to : gh_0c02969f70a6 ;
time : 1523028351 ;
type : event ;

2018-04-06 23:26:08 trace :
------------
Array:
tousername : gh_0c02969f70a6 ;
fromusername : oSI4Lj97Jm2kdczJ4OHYMLb017pk ;
createtime : 1523028368 ;
msgtype : event ;
event : SCAN ;
eventkey : ee395d04ec5fadc2f67c47c95fdc0447 ;
ticket : gQFT8TwAAAAAAAAAAS5odHRwOi8vd2VpeGluLnFxLmNvbS9xLzAycGRmMEJPOGU4YmYxMDAwMDAwN2YAAgRE9rxaAwQAAAAA ;
from : oSI4Lj97Jm2kdczJ4OHYMLb017pk ;
to : gh_0c02969f70a6 ;
time : 1523028368 ;
type : subscribe ;
scene : ee395d04ec5fadc2f67c47c95fdc0447 ;

2018-04-06 23:26:31 trace :
------------
Array:
tousername : gh_0c02969f70a6 ;
fromusername : oSI4Lj6b6Tpa3Elo4ATwim2rAT6Q ;
createtime : 1523028391 ;
msgtype : event ;
event : VIEW ;
eventkey : http://zz.jhzh66.com/app/index.php?i=8&c=entry&eid=198 ;
menuid : 425095602 ;
from : oSI4Lj6b6Tpa3Elo4ATwim2rAT6Q ;
to : gh_0c02969f70a6 ;
time : 1523028391 ;
type : event ;

2018-04-06 23:26:31 params :
------------
Array:
rule : -2 ;
module :  ;
message : Array ;

2018-04-06 23:26:31 response :
------------

2018-04-06 23:26:51 trace :
------------
Array:
tousername : gh_0c02969f70a6 ;
fromusername : oSI4Lj97Jm2kdczJ4OHYMLb017pk ;
createtime : 1523028411 ;
msgtype : text ;
content : 商城 ;
msgid : 6541357216548942473 ;
from : oSI4Lj97Jm2kdczJ4OHYMLb017pk ;
to : gh_0c02969f70a6 ;
time : 1523028411 ;
type : text ;
event :  ;
redirection :  ;
source :  ;

2018-04-06 23:26:51 params :
------------
Array:
message : Array ;
module : sz_yi ;
rule : 955 ;
priority : 0 ;
keyword : Array ;

2018-04-06 23:26:51 response :
------------
Array:
FromUserName : gh_0c02969f70a6 ;
ToUserName : oSI4Lj97Jm2kdczJ4OHYMLb017pk ;
MsgType : news ;
ArticleCount : 1 ;
Articles : Array ;

2018-04-06 23:27:06 trace :
------------
Array:
tousername : gh_0c02969f70a6 ;
fromusername : oSI4Lj97Jm2kdczJ4OHYMLb017pk ;
createtime : 1523028426 ;
msgtype : event ;
event : VIEW ;
eventkey : http://zz.jhzh66.com/app/index.php?i=8&c=entry&eid=194 ;
menuid : 425095602 ;
from : oSI4Lj97Jm2kdczJ4OHYMLb017pk ;
to : gh_0c02969f70a6 ;
time : 1523028426 ;
type : event ;

2018-04-06 23:27:06 params :
------------
Array:
rule : -2 ;
module :  ;
message : Array ;

2018-04-06 23:27:06 response :
------------

2018-04-06 23:32:24 trace :
------------
Array:
tousername : gh_0c02969f70a6 ;
fromusername : oSI4Lj0PjLkwCPpZ0xuj_-Br_lEQ ;
createtime : 1523028744 ;
msgtype : event ;
event : VIEW ;
eventkey : http://zz.jhzh66.com/app/index.php?i=8&c=site&a=site&do=detail&id=2 ;
menuid : 425095602 ;
from : oSI4Lj0PjLkwCPpZ0xuj_-Br_lEQ ;
to : gh_0c02969f70a6 ;
time : 1523028744 ;
type : event ;

2018-04-06 23:32:24 params :
------------
Array:
rule : -2 ;
module :  ;
message : Array ;

2018-04-06 23:32:24 response :
------------

2018-04-06 23:32:37 trace :
------------
Array:
tousername : gh_0c02969f70a6 ;
fromusername : oSI4Lj0PjLkwCPpZ0xuj_-Br_lEQ ;
createtime : 1523028757 ;
msgtype : event ;
event : VIEW ;
eventkey : http://zz.jhzh66.com/app/index.php?i=8&c=entry&eid=198 ;
menuid : 425095602 ;
from : oSI4Lj0PjLkwCPpZ0xuj_-Br_lEQ ;
to : gh_0c02969f70a6 ;
time : 1523028757 ;
type : event ;

2018-04-06 23:32:37 params :
------------
Array:
rule : -2 ;
module :  ;
message : Array ;

2018-04-06 23:32:37 response :
------------

2018-04-06 23:33:29 trace :
------------
Array:
tousername : gh_0c02969f70a6 ;
fromusername : oSI4Lj0JmDWAXTFSXXjjN42IO08k ;
createtime : 1523028809 ;
msgtype : event ;
event : subscribe ;
eventkey : qrscene_b1308e2e58ea8b15bcc4723c7feb2bc4 ;
ticket : gQH-8TwAAAAAAAAAAS5odHRwOi8vd2VpeGluLnFxLmNvbS9xLzAyNzY1dUFqOGU4YmYxMDAwMHcwN2kAAgSU38ZaAwQAAAAA ;
from : oSI4Lj0JmDWAXTFSXXjjN42IO08k ;
to : gh_0c02969f70a6 ;
time : 1523028809 ;
type : subscribe ;
scene : b1308e2e58ea8b15bcc4723c7feb2bc4 ;

2018-04-06 23:49:47 trace :
------------
Array:
tousername : gh_0c02969f70a6 ;
fromusername : oSI4Lj6b6Tpa3Elo4ATwim2rAT6Q ;
createtime : 1523029787 ;
msgtype : event ;
event : VIEW ;
eventkey : http://zz.jhzh66.com/app/index.php?i=8&c=entry&eid=198 ;
menuid : 425095602 ;
from : oSI4Lj6b6Tpa3Elo4ATwim2rAT6Q ;
to : gh_0c02969f70a6 ;
time : 1523029787 ;
type : event ;

2018-04-06 23:49:47 params :
------------
Array:
rule : -2 ;
module :  ;
message : Array ;

2018-04-06 23:49:47 response :
------------

2018-04-06 23:54:22 trace :
------------
Array:
tousername : gh_0c02969f70a6 ;
fromusername : oSI4Lj6b6Tpa3Elo4ATwim2rAT6Q ;
createtime : 1523030062 ;
msgtype : event ;
event : VIEW ;
eventkey : http://zz.jhzh66.com/app/index.php?i=8&c=entry&eid=198 ;
menuid : 425095602 ;
from : oSI4Lj6b6Tpa3Elo4ATwim2rAT6Q ;
to : gh_0c02969f70a6 ;
time : 1523030062 ;
type : event ;

2018-04-06 23:54:22 params :
------------
Array:
rule : -2 ;
module :  ;
message : Array ;

2018-04-06 23:54:22 response :
------------

