2018-03-19 05:59:47 trace :
------------
Array:
tousername : gh_0c02969f70a6 ;
fromusername : oSI4Lj_fVLc-DPZySqUSKsCXuyOo ;
createtime : 1521410387 ;
msgtype : event ;
event : VIEW ;
eventkey : http://zz.jhzh66.com/app/index.php?i=8&c=entry&eid=198 ;
menuid : 424759407 ;
from : oSI4Lj_fVLc-DPZySqUSKsCXuyOo ;
to : gh_0c02969f70a6 ;
time : 1521410387 ;
type : event ;

2018-03-19 05:59:47 params :
------------
Array:
rule : -2 ;
module :  ;
message : Array ;

2018-03-19 05:59:47 response :
------------

2018-03-19 06:20:37 trace :
------------
Array:
tousername : gh_0c02969f70a6 ;
fromusername : oSI4LjyHUqsKQ2U6jJYcy4lCjBVA ;
createtime : 1521411637 ;
msgtype : event ;
event : VIEW ;
eventkey : http://zz.jhzh66.com/app/index.php?i=8&c=entry&eid=194 ;
menuid : 424759407 ;
from : oSI4LjyHUqsKQ2U6jJYcy4lCjBVA ;
to : gh_0c02969f70a6 ;
time : 1521411637 ;
type : event ;

2018-03-19 06:20:37 params :
------------
Array:
rule : -2 ;
module :  ;
message : Array ;

2018-03-19 06:20:37 response :
------------

2018-03-19 06:45:20 trace :
------------
Array:
tousername : gh_0c02969f70a6 ;
fromusername : oSI4LjyHUqsKQ2U6jJYcy4lCjBVA ;
createtime : 1521413120 ;
msgtype : event ;
event : VIEW ;
eventkey : http://zz.jhzh66.com/app/index.php?i=8&c=entry&p=commission&m=sz_yi&do=plugin ;
menuid : 424759407 ;
from : oSI4LjyHUqsKQ2U6jJYcy4lCjBVA ;
to : gh_0c02969f70a6 ;
time : 1521413120 ;
type : event ;

2018-03-19 06:45:20 params :
------------
Array:
rule : -2 ;
module :  ;
message : Array ;

2018-03-19 06:45:20 response :
------------

2018-03-19 07:10:06 trace :
------------
Array:
tousername : gh_0c02969f70a6 ;
fromusername : oSI4Lj0GkuUnq_05j7rCq6FJdxwU ;
createtime : 1521414606 ;
msgtype : event ;
event : VIEW ;
eventkey : http://zz.jhzh66.com/app/index.php?i=8&c=entry&eid=194 ;
menuid : 424759407 ;
from : oSI4Lj0GkuUnq_05j7rCq6FJdxwU ;
to : gh_0c02969f70a6 ;
time : 1521414606 ;
type : event ;

2018-03-19 07:10:06 params :
------------
Array:
rule : -2 ;
module :  ;
message : Array ;

2018-03-19 07:10:06 response :
------------

2018-03-19 07:45:36 trace :
------------
Array:
tousername : gh_0c02969f70a6 ;
fromusername : oSI4Lj97Jm2kdczJ4OHYMLb017pk ;
createtime : 1521416736 ;
msgtype : event ;
event : VIEW ;
eventkey : http://zz.jhzh66.com/app/index.php?i=8&c=entry&eid=194 ;
menuid : 424759407 ;
from : oSI4Lj97Jm2kdczJ4OHYMLb017pk ;
to : gh_0c02969f70a6 ;
time : 1521416736 ;
type : event ;

2018-03-19 07:45:36 params :
------------
Array:
rule : -2 ;
module :  ;
message : Array ;

2018-03-19 07:45:36 response :
------------

2018-03-19 08:12:19 trace :
------------
Array:
tousername : gh_0c02969f70a6 ;
fromusername : oSI4Lj759jKKkGMtPMwoDcGZh8Vs ;
createtime : 1521418339 ;
msgtype : event ;
event : subscribe ;
eventkey : Array ;
from : oSI4Lj759jKKkGMtPMwoDcGZh8Vs ;
to : gh_0c02969f70a6 ;
time : 1521418339 ;
type : subscribe ;

2018-03-19 08:12:19 params :
------------
Array:
rule : -2 ;
module :  ;
message : Array ;

2018-03-19 08:12:19 response :
------------

2018-03-19 08:12:29 trace :
------------
Array:
tousername : gh_0c02969f70a6 ;
fromusername : oSI4Lj759jKKkGMtPMwoDcGZh8Vs ;
createtime : 1521418349 ;
msgtype : event ;
event : VIEW ;
eventkey : http://zz11.com.cn/plugin.php?id=wechat:access ;
menuid : 424759407 ;
from : oSI4Lj759jKKkGMtPMwoDcGZh8Vs ;
to : gh_0c02969f70a6 ;
time : 1521418349 ;
type : event ;

2018-03-19 08:12:29 params :
------------
Array:
rule : -2 ;
module :  ;
message : Array ;

2018-03-19 08:12:29 response :
------------

2018-03-19 09:19:56 trace :
------------
Array:
tousername : gh_0c02969f70a6 ;
fromusername : oSI4Lj97Jm2kdczJ4OHYMLb017pk ;
createtime : 1521422396 ;
msgtype : event ;
event : VIEW ;
eventkey : http://zz.jhzh66.com/app/index.php?i=8&c=entry&eid=194 ;
menuid : 424759407 ;
from : oSI4Lj97Jm2kdczJ4OHYMLb017pk ;
to : gh_0c02969f70a6 ;
time : 1521422396 ;
type : event ;

2018-03-19 09:19:56 params :
------------
Array:
rule : -2 ;
module :  ;
message : Array ;

2018-03-19 09:19:56 response :
------------

2018-03-19 09:56:59 trace :
------------
Array:
tousername : gh_0c02969f70a6 ;
fromusername : oSI4LjzGDzCztrhCP10C7-4flpE4 ;
createtime : 1521424619 ;
msgtype : event ;
event : VIEW ;
eventkey : https://m.qlchat.com/live/320000044317761.htm ;
menuid : 424759407 ;
from : oSI4LjzGDzCztrhCP10C7-4flpE4 ;
to : gh_0c02969f70a6 ;
time : 1521424619 ;
type : event ;

2018-03-19 09:56:59 params :
------------
Array:
rule : -2 ;
module :  ;
message : Array ;

2018-03-19 09:56:59 response :
------------

2018-03-19 09:58:09 trace :
------------
Array:
tousername : gh_0c02969f70a6 ;
fromusername : oSI4LjzGDzCztrhCP10C7-4flpE4 ;
createtime : 1521424689 ;
msgtype : event ;
event : VIEW ;
eventkey : https://m.qlchat.com/live/320000044317761.htm ;
menuid : 424759407 ;
from : oSI4LjzGDzCztrhCP10C7-4flpE4 ;
to : gh_0c02969f70a6 ;
time : 1521424689 ;
type : event ;

2018-03-19 09:58:09 params :
------------
Array:
rule : -2 ;
module :  ;
message : Array ;

2018-03-19 09:58:09 response :
------------

2018-03-19 10:07:14 trace :
------------
Array:
tousername : gh_0c02969f70a6 ;
fromusername : oSI4LjzGDzCztrhCP10C7-4flpE4 ;
createtime : 1521425234 ;
msgtype : event ;
event : VIEW ;
eventkey : http://zz.jhzh66.com/app/index.php?i=8&c=entry&eid=194 ;
menuid : 424759407 ;
from : oSI4LjzGDzCztrhCP10C7-4flpE4 ;
to : gh_0c02969f70a6 ;
time : 1521425234 ;
type : event ;

2018-03-19 10:07:14 params :
------------
Array:
rule : -2 ;
module :  ;
message : Array ;

2018-03-19 10:07:14 response :
------------

2018-03-19 10:10:54 trace :
------------
Array:
tousername : gh_0c02969f70a6 ;
fromusername : oSI4LjzGDzCztrhCP10C7-4flpE4 ;
createtime : 1521425454 ;
msgtype : event ;
event : VIEW ;
eventkey : http://zz.jhzh66.com/app/index.php?i=8&c=entry&eid=194 ;
menuid : 424759407 ;
from : oSI4LjzGDzCztrhCP10C7-4flpE4 ;
to : gh_0c02969f70a6 ;
time : 1521425454 ;
type : event ;

2018-03-19 10:10:54 params :
------------
Array:
rule : -2 ;
module :  ;
message : Array ;

2018-03-19 10:10:54 response :
------------

2018-03-19 10:38:51 trace :
------------
Array:
tousername : gh_0c02969f70a6 ;
fromusername : oSI4LjzGDzCztrhCP10C7-4flpE4 ;
createtime : 1521427131 ;
msgtype : event ;
event : VIEW ;
eventkey : http://zz.jhzh66.com/app/index.php?i=8&c=entry&eid=198 ;
menuid : 424759407 ;
from : oSI4LjzGDzCztrhCP10C7-4flpE4 ;
to : gh_0c02969f70a6 ;
time : 1521427131 ;
type : event ;

2018-03-19 10:38:51 params :
------------
Array:
rule : -2 ;
module :  ;
message : Array ;

2018-03-19 10:38:51 response :
------------

2018-03-19 10:39:56 trace :
------------
Array:
tousername : gh_0c02969f70a6 ;
fromusername : oSI4Lj_EgVYYq0w2hbhDul90MIZA ;
createtime : 1521427196 ;
msgtype : event ;
event : subscribe ;
eventkey : Array ;
from : oSI4Lj_EgVYYq0w2hbhDul90MIZA ;
to : gh_0c02969f70a6 ;
time : 1521427196 ;
type : subscribe ;

2018-03-19 10:39:56 params :
------------
Array:
rule : -2 ;
module :  ;
message : Array ;

2018-03-19 10:39:56 response :
------------

2018-03-19 10:40:08 trace :
------------
Array:
tousername : gh_0c02969f70a6 ;
fromusername : oSI4Lj_EgVYYq0w2hbhDul90MIZA ;
createtime : 1521427208 ;
msgtype : event ;
event : VIEW ;
eventkey : http://zz.jhzh66.com/app/index.php?i=8&c=site&a=site&do=detail&id=2 ;
menuid : 424759407 ;
from : oSI4Lj_EgVYYq0w2hbhDul90MIZA ;
to : gh_0c02969f70a6 ;
time : 1521427208 ;
type : event ;

2018-03-19 10:40:08 params :
------------
Array:
rule : -2 ;
module :  ;
message : Array ;

2018-03-19 10:40:08 response :
------------

2018-03-19 10:41:22 trace :
------------
Array:
tousername : gh_0c02969f70a6 ;
fromusername : oSI4Lj0RG-gQABt1pcZojDrkYJTU ;
createtime : 1521427282 ;
msgtype : event ;
event : VIEW ;
eventkey : http://zz.jhzh66.com/app/index.php?i=8&c=entry&eid=198 ;
menuid : 424759407 ;
from : oSI4Lj0RG-gQABt1pcZojDrkYJTU ;
to : gh_0c02969f70a6 ;
time : 1521427282 ;
type : event ;

2018-03-19 10:41:22 params :
------------
Array:
rule : -2 ;
module :  ;
message : Array ;

2018-03-19 10:41:22 response :
------------

2018-03-19 10:41:48 trace :
------------
Array:
tousername : gh_0c02969f70a6 ;
fromusername : oSI4Lj_EgVYYq0w2hbhDul90MIZA ;
createtime : 1521427308 ;
msgtype : event ;
event : VIEW ;
eventkey : http://zz.jhzh66.com/app/index.php?i=8&c=entry&eid=194 ;
menuid : 424759407 ;
from : oSI4Lj_EgVYYq0w2hbhDul90MIZA ;
to : gh_0c02969f70a6 ;
time : 1521427308 ;
type : event ;

2018-03-19 10:41:48 params :
------------
Array:
rule : -2 ;
module :  ;
message : Array ;

2018-03-19 10:41:48 response :
------------

2018-03-19 10:43:06 trace :
------------
Array:
tousername : gh_0c02969f70a6 ;
fromusername : oSI4LjzGDzCztrhCP10C7-4flpE4 ;
createtime : 1521427386 ;
msgtype : event ;
event : VIEW ;
eventkey : https://h5.scene.yqh5.cn/s/6szkjdIq ;
menuid : 424759407 ;
from : oSI4LjzGDzCztrhCP10C7-4flpE4 ;
to : gh_0c02969f70a6 ;
time : 1521427386 ;
type : event ;

2018-03-19 10:43:06 params :
------------
Array:
rule : -2 ;
module :  ;
message : Array ;

2018-03-19 10:43:06 response :
------------

2018-03-19 10:43:34 trace :
------------
Array:
tousername : gh_0c02969f70a6 ;
fromusername : oSI4LjzGDzCztrhCP10C7-4flpE4 ;
createtime : 1521427414 ;
msgtype : event ;
event : VIEW ;
eventkey : https://h5.scene.yqh5.cn/s/6szkjdIq ;
menuid : 424759407 ;
from : oSI4LjzGDzCztrhCP10C7-4flpE4 ;
to : gh_0c02969f70a6 ;
time : 1521427414 ;
type : event ;

2018-03-19 10:43:34 params :
------------
Array:
rule : -2 ;
module :  ;
message : Array ;

2018-03-19 10:43:34 response :
------------

2018-03-19 10:51:45 trace :
------------
Array:
tousername : gh_0c02969f70a6 ;
fromusername : oSI4Lj_EgVYYq0w2hbhDul90MIZA ;
createtime : 1521427905 ;
msgtype : event ;
event : VIEW ;
eventkey : http://zz.jhzh66.com/app/index.php?i=8&c=entry&eid=198 ;
menuid : 424759407 ;
from : oSI4Lj_EgVYYq0w2hbhDul90MIZA ;
to : gh_0c02969f70a6 ;
time : 1521427905 ;
type : event ;

2018-03-19 10:51:45 params :
------------
Array:
rule : -2 ;
module :  ;
message : Array ;

2018-03-19 10:51:45 response :
------------

2018-03-19 10:56:26 trace :
------------
Array:
tousername : gh_0c02969f70a6 ;
fromusername : oSI4Lj2wkg2n_JN-yauY6A4GH8V4 ;
createtime : 1521428186 ;
msgtype : event ;
event : VIEW ;
eventkey : http://zz.jhzh66.com/app/index.php?i=8&c=entry&eid=198 ;
menuid : 424759407 ;
from : oSI4Lj2wkg2n_JN-yauY6A4GH8V4 ;
to : gh_0c02969f70a6 ;
time : 1521428186 ;
type : event ;

2018-03-19 10:56:26 params :
------------
Array:
rule : -2 ;
module :  ;
message : Array ;

2018-03-19 10:56:26 response :
------------

2018-03-19 10:56:29 trace :
------------
Array:
tousername : gh_0c02969f70a6 ;
fromusername : oSI4Lj2wkg2n_JN-yauY6A4GH8V4 ;
createtime : 1521428189 ;
msgtype : event ;
event : VIEW ;
eventkey : http://zz.jhzh66.com/app/index.php?i=8&c=entry&eid=194 ;
menuid : 424759407 ;
from : oSI4Lj2wkg2n_JN-yauY6A4GH8V4 ;
to : gh_0c02969f70a6 ;
time : 1521428189 ;
type : event ;

2018-03-19 10:56:29 params :
------------
Array:
rule : -2 ;
module :  ;
message : Array ;

2018-03-19 10:56:29 response :
------------

2018-03-19 10:58:37 trace :
------------
Array:
tousername : gh_0c02969f70a6 ;
fromusername : oSI4Lj_EgVYYq0w2hbhDul90MIZA ;
createtime : 1521428317 ;
msgtype : event ;
event : VIEW ;
eventkey : http://zz.jhzh66.com/app/index.php?i=8&c=entry&eid=198 ;
menuid : 424759407 ;
from : oSI4Lj_EgVYYq0w2hbhDul90MIZA ;
to : gh_0c02969f70a6 ;
time : 1521428317 ;
type : event ;

2018-03-19 10:58:37 params :
------------
Array:
rule : -2 ;
module :  ;
message : Array ;

2018-03-19 10:58:37 response :
------------

2018-03-19 10:59:51 trace :
------------
Array:
tousername : gh_0c02969f70a6 ;
fromusername : oSI4Lj4D4s1OS7Tx2J5YcCVk40og ;
createtime : 1521428391 ;
msgtype : event ;
event : subscribe ;
eventkey : Array ;
from : oSI4Lj4D4s1OS7Tx2J5YcCVk40og ;
to : gh_0c02969f70a6 ;
time : 1521428391 ;
type : subscribe ;

2018-03-19 10:59:51 params :
------------
Array:
rule : -2 ;
module :  ;
message : Array ;

2018-03-19 10:59:51 response :
------------

2018-03-19 11:01:52 trace :
------------
Array:
tousername : gh_0c02969f70a6 ;
fromusername : oSI4LjyLAL0U_Is-GNtwxiM5L1oY ;
createtime : 1521428512 ;
msgtype : event ;
event : VIEW ;
eventkey : http://zz.jhzh66.com/app/index.php?i=8&c=entry&eid=194 ;
menuid : 424759407 ;
from : oSI4LjyLAL0U_Is-GNtwxiM5L1oY ;
to : gh_0c02969f70a6 ;
time : 1521428512 ;
type : event ;

2018-03-19 11:01:52 params :
------------
Array:
rule : -2 ;
module :  ;
message : Array ;

2018-03-19 11:01:52 response :
------------

2018-03-19 11:05:41 trace :
------------
Array:
tousername : gh_0c02969f70a6 ;
fromusername : oSI4LjzpxpH0cEqR6ODnmuVSciCs ;
createtime : 1521428741 ;
msgtype : event ;
event : VIEW ;
eventkey : http://zz.jhzh66.com/app/index.php?i=8&c=entry&eid=194 ;
menuid : 424759407 ;
from : oSI4LjzpxpH0cEqR6ODnmuVSciCs ;
to : gh_0c02969f70a6 ;
time : 1521428741 ;
type : event ;

2018-03-19 11:05:41 params :
------------
Array:
rule : -2 ;
module :  ;
message : Array ;

2018-03-19 11:05:41 response :
------------

2018-03-19 11:06:30 trace :
------------
Array:
tousername : gh_0c02969f70a6 ;
fromusername : oSI4Ljw47XVdd5fuXM7cTnH5gDGY ;
createtime : 1521428790 ;
msgtype : event ;
event : VIEW ;
eventkey : http://zz.jhzh66.com/app/index.php?i=8&c=entry&eid=198 ;
menuid : 424759407 ;
from : oSI4Ljw47XVdd5fuXM7cTnH5gDGY ;
to : gh_0c02969f70a6 ;
time : 1521428790 ;
type : event ;

2018-03-19 11:06:30 params :
------------
Array:
rule : -2 ;
module :  ;
message : Array ;

2018-03-19 11:06:30 response :
------------

2018-03-19 11:06:48 trace :
------------
Array:
tousername : gh_0c02969f70a6 ;
fromusername : oSI4Lj-NbPz6zvqPyQKtZYoB7rrI ;
createtime : 1521428808 ;
msgtype : event ;
event : VIEW ;
eventkey : http://zz.jhzh66.com/app/index.php?i=8&c=entry&eid=194 ;
menuid : 424759407 ;
from : oSI4Lj-NbPz6zvqPyQKtZYoB7rrI ;
to : gh_0c02969f70a6 ;
time : 1521428808 ;
type : event ;

2018-03-19 11:06:48 params :
------------
Array:
rule : -2 ;
module :  ;
message : Array ;

2018-03-19 11:06:48 response :
------------

2018-03-19 11:09:16 trace :
------------
Array:
tousername : gh_0c02969f70a6 ;
fromusername : oSI4Lj-NbPz6zvqPyQKtZYoB7rrI ;
createtime : 1521428955 ;
msgtype : event ;
event : VIEW ;
eventkey : http://zz.jhzh66.com/app/index.php?i=8&c=entry&eid=194 ;
menuid : 424759407 ;
from : oSI4Lj-NbPz6zvqPyQKtZYoB7rrI ;
to : gh_0c02969f70a6 ;
time : 1521428955 ;
type : event ;

2018-03-19 11:09:16 params :
------------
Array:
rule : -2 ;
module :  ;
message : Array ;

2018-03-19 11:09:16 response :
------------

2018-03-19 11:10:42 trace :
------------
Array:
tousername : gh_0c02969f70a6 ;
fromusername : oSI4Lj_cD__365bOSvZnftSowkUQ ;
createtime : 1521429041 ;
msgtype : event ;
event : CLICK ;
eventkey : 海报 ;
from : oSI4Lj_cD__365bOSvZnftSowkUQ ;
to : gh_0c02969f70a6 ;
time : 1521429041 ;
type : event ;

2018-03-19 11:12:48 trace :
------------
Array:
tousername : gh_0c02969f70a6 ;
fromusername : oSI4Lj-NbPz6zvqPyQKtZYoB7rrI ;
createtime : 1521429168 ;
msgtype : event ;
event : VIEW ;
eventkey : http://zz.jhzh66.com/app/index.php?i=8&c=entry&eid=194 ;
menuid : 424759407 ;
from : oSI4Lj-NbPz6zvqPyQKtZYoB7rrI ;
to : gh_0c02969f70a6 ;
time : 1521429168 ;
type : event ;

2018-03-19 11:12:48 params :
------------
Array:
rule : -2 ;
module :  ;
message : Array ;

2018-03-19 11:12:48 response :
------------

2018-03-19 11:12:57 trace :
------------
Array:
tousername : gh_0c02969f70a6 ;
fromusername : oSI4LjzGDzCztrhCP10C7-4flpE4 ;
createtime : 1521429177 ;
msgtype : event ;
event : CLICK ;
eventkey : 海报 ;
from : oSI4LjzGDzCztrhCP10C7-4flpE4 ;
to : gh_0c02969f70a6 ;
time : 1521429177 ;
type : event ;

2018-03-19 11:21:35 trace :
------------
Array:
tousername : gh_0c02969f70a6 ;
fromusername : oSI4LjxOk_z2c7unlDpR6f69Hl6A ;
createtime : 1521429695 ;
msgtype : event ;
event : VIEW ;
eventkey : http://zz.jhzh66.com/app/index.php?i=8&c=entry&eid=198 ;
menuid : 424759407 ;
from : oSI4LjxOk_z2c7unlDpR6f69Hl6A ;
to : gh_0c02969f70a6 ;
time : 1521429695 ;
type : event ;

2018-03-19 11:21:35 params :
------------
Array:
rule : -2 ;
module :  ;
message : Array ;

2018-03-19 11:21:35 response :
------------

2018-03-19 11:50:29 trace :
------------
Array:
tousername : gh_0c02969f70a6 ;
fromusername : oSI4Lj97Jm2kdczJ4OHYMLb017pk ;
createtime : 1521431429 ;
msgtype : event ;
event : VIEW ;
eventkey : http://zz.jhzh66.com/app/index.php?i=8&c=entry&eid=194 ;
menuid : 424759407 ;
from : oSI4Lj97Jm2kdczJ4OHYMLb017pk ;
to : gh_0c02969f70a6 ;
time : 1521431429 ;
type : event ;

2018-03-19 11:50:29 params :
------------
Array:
rule : -2 ;
module :  ;
message : Array ;

2018-03-19 11:50:29 response :
------------

2018-03-19 11:53:49 trace :
------------
Array:
tousername : gh_0c02969f70a6 ;
fromusername : oSI4Lj_fVLc-DPZySqUSKsCXuyOo ;
createtime : 1521431629 ;
msgtype : event ;
event : CLICK ;
eventkey : 海报 ;
from : oSI4Lj_fVLc-DPZySqUSKsCXuyOo ;
to : gh_0c02969f70a6 ;
time : 1521431629 ;
type : event ;

2018-03-19 12:01:48 trace :
------------
Array:
tousername : gh_0c02969f70a6 ;
fromusername : oSI4Lj79JOvAvfFkrLaO599Hwewo ;
createtime : 1521432107 ;
msgtype : event ;
event : VIEW ;
eventkey : http://zz.jhzh66.com/app/index.php?i=8&c=entry&eid=198 ;
menuid : 424759407 ;
from : oSI4Lj79JOvAvfFkrLaO599Hwewo ;
to : gh_0c02969f70a6 ;
time : 1521432107 ;
type : event ;

2018-03-19 12:01:48 params :
------------
Array:
rule : -2 ;
module :  ;
message : Array ;

2018-03-19 12:01:48 response :
------------

2018-03-19 12:02:18 trace :
------------
Array:
tousername : gh_0c02969f70a6 ;
fromusername : oSI4Lj79JOvAvfFkrLaO599Hwewo ;
createtime : 1521432138 ;
msgtype : event ;
event : CLICK ;
eventkey : 海报 ;
from : oSI4Lj79JOvAvfFkrLaO599Hwewo ;
to : gh_0c02969f70a6 ;
time : 1521432138 ;
type : event ;

2018-03-19 12:05:48 trace :
------------
Array:
tousername : gh_0c02969f70a6 ;
fromusername : oSI4Lj3aaI4h87IdGPlhXpCgnAT0 ;
createtime : 1521432348 ;
msgtype : event ;
event : subscribe ;
eventkey : Array ;
from : oSI4Lj3aaI4h87IdGPlhXpCgnAT0 ;
to : gh_0c02969f70a6 ;
time : 1521432348 ;
type : subscribe ;

2018-03-19 12:05:48 params :
------------
Array:
rule : -2 ;
module :  ;
message : Array ;

2018-03-19 12:05:48 response :
------------

2018-03-19 12:25:14 trace :
------------
Array:
tousername : gh_0c02969f70a6 ;
fromusername : oSI4Lj2D3fouActZ-d8ZpI-a60LI ;
createtime : 1521433514 ;
msgtype : event ;
event : VIEW ;
eventkey : http://zz.jhzh66.com/app/index.php?i=8&c=entry&eid=198 ;
menuid : 424759407 ;
from : oSI4Lj2D3fouActZ-d8ZpI-a60LI ;
to : gh_0c02969f70a6 ;
time : 1521433514 ;
type : event ;

2018-03-19 12:25:14 params :
------------
Array:
rule : -2 ;
module :  ;
message : Array ;

2018-03-19 12:25:14 response :
------------

2018-03-19 12:36:47 trace :
------------
Array:
tousername : gh_0c02969f70a6 ;
fromusername : oSI4Lj0w1kMn2_Ao5Q92M9H_iH8Q ;
createtime : 1521434207 ;
msgtype : event ;
event : subscribe ;
eventkey : Array ;
from : oSI4Lj0w1kMn2_Ao5Q92M9H_iH8Q ;
to : gh_0c02969f70a6 ;
time : 1521434207 ;
type : subscribe ;

2018-03-19 12:36:47 params :
------------
Array:
rule : -2 ;
module :  ;
message : Array ;

2018-03-19 12:36:47 response :
------------

2018-03-19 12:38:20 trace :
------------
Array:
tousername : gh_0c02969f70a6 ;
fromusername : oSI4Lj0w1kMn2_Ao5Q92M9H_iH8Q ;
createtime : 1521434300 ;
msgtype : event ;
event : VIEW ;
eventkey : http://zz.jhzh66.com/app/index.php?i=8&c=entry&eid=194 ;
menuid : 424759407 ;
from : oSI4Lj0w1kMn2_Ao5Q92M9H_iH8Q ;
to : gh_0c02969f70a6 ;
time : 1521434300 ;
type : event ;

2018-03-19 12:38:20 params :
------------
Array:
rule : -2 ;
module :  ;
message : Array ;

2018-03-19 12:38:20 response :
------------

2018-03-19 12:38:21 trace :
------------
Array:
tousername : gh_0c02969f70a6 ;
fromusername : oSI4Lj0w1kMn2_Ao5Q92M9H_iH8Q ;
createtime : 1521434301 ;
msgtype : event ;
event : VIEW ;
eventkey : http://zz.jhzh66.com/app/index.php?i=8&c=entry&eid=194 ;
menuid : 424759407 ;
from : oSI4Lj0w1kMn2_Ao5Q92M9H_iH8Q ;
to : gh_0c02969f70a6 ;
time : 1521434301 ;
type : event ;

2018-03-19 12:38:21 params :
------------
Array:
rule : -2 ;
module :  ;
message : Array ;

2018-03-19 12:38:21 response :
------------

2018-03-19 12:40:50 trace :
------------
Array:
tousername : gh_0c02969f70a6 ;
fromusername : oSI4Lj6sQsdYwJWHW_i77oV3yukQ ;
createtime : 1521434449 ;
msgtype : event ;
event : VIEW ;
eventkey : http://zz11.com.cn/plugin.php?id=wechat:access ;
menuid : 424759407 ;
from : oSI4Lj6sQsdYwJWHW_i77oV3yukQ ;
to : gh_0c02969f70a6 ;
time : 1521434449 ;
type : event ;

2018-03-19 12:40:50 params :
------------
Array:
rule : -2 ;
module :  ;
message : Array ;

2018-03-19 12:40:50 response :
------------

2018-03-19 12:41:49 trace :
------------
Array:
tousername : gh_0c02969f70a6 ;
fromusername : oSI4Lj6sQsdYwJWHW_i77oV3yukQ ;
createtime : 1521434509 ;
msgtype : event ;
event : VIEW ;
eventkey : http://zz.jhzh66.com/app/index.php?i=8&c=entry&p=commission&m=sz_yi&do=plugin ;
menuid : 424759407 ;
from : oSI4Lj6sQsdYwJWHW_i77oV3yukQ ;
to : gh_0c02969f70a6 ;
time : 1521434509 ;
type : event ;

2018-03-19 12:41:49 params :
------------
Array:
rule : -2 ;
module :  ;
message : Array ;

2018-03-19 12:41:49 response :
------------

2018-03-19 12:42:05 trace :
------------
Array:
tousername : gh_0c02969f70a6 ;
fromusername : oSI4Lj6sQsdYwJWHW_i77oV3yukQ ;
createtime : 1521434525 ;
msgtype : event ;
event : VIEW ;
eventkey : http://zz.jhzh66.com/app/index.php?i=8&c=entry&p=commission&m=sz_yi&do=plugin ;
menuid : 424759407 ;
from : oSI4Lj6sQsdYwJWHW_i77oV3yukQ ;
to : gh_0c02969f70a6 ;
time : 1521434525 ;
type : event ;

2018-03-19 12:42:05 params :
------------
Array:
rule : -2 ;
module :  ;
message : Array ;

2018-03-19 12:42:05 response :
------------

2018-03-19 12:42:50 trace :
------------
Array:
tousername : gh_0c02969f70a6 ;
fromusername : oSI4Lj6sQsdYwJWHW_i77oV3yukQ ;
createtime : 1521434570 ;
msgtype : event ;
event : VIEW ;
eventkey : http://zz.jhzh66.com/app/index.php?i=8&c=entry&eid=194 ;
menuid : 424759407 ;
from : oSI4Lj6sQsdYwJWHW_i77oV3yukQ ;
to : gh_0c02969f70a6 ;
time : 1521434570 ;
type : event ;

2018-03-19 12:42:50 params :
------------
Array:
rule : -2 ;
module :  ;
message : Array ;

2018-03-19 12:42:50 response :
------------

2018-03-19 12:47:13 trace :
------------
Array:
tousername : gh_0c02969f70a6 ;
fromusername : oSI4Lj6sQsdYwJWHW_i77oV3yukQ ;
createtime : 1521434833 ;
msgtype : event ;
event : VIEW ;
eventkey : http://zz.jhzh66.com/app/index.php?i=8&c=site&a=site&do=detail&id=2 ;
menuid : 424759407 ;
from : oSI4Lj6sQsdYwJWHW_i77oV3yukQ ;
to : gh_0c02969f70a6 ;
time : 1521434833 ;
type : event ;

2018-03-19 12:47:13 params :
------------
Array:
rule : -2 ;
module :  ;
message : Array ;

2018-03-19 12:47:13 response :
------------

2018-03-19 12:47:31 trace :
------------
Array:
tousername : gh_0c02969f70a6 ;
fromusername : oSI4Lj6sQsdYwJWHW_i77oV3yukQ ;
createtime : 1521434851 ;
msgtype : event ;
event : VIEW ;
eventkey : http://zz.jhzh66.com/app/index.php?i=8&c=entry&p=commission&m=sz_yi&do=plugin ;
menuid : 424759407 ;
from : oSI4Lj6sQsdYwJWHW_i77oV3yukQ ;
to : gh_0c02969f70a6 ;
time : 1521434851 ;
type : event ;

2018-03-19 12:47:31 params :
------------
Array:
rule : -2 ;
module :  ;
message : Array ;

2018-03-19 12:47:31 response :
------------

2018-03-19 12:50:17 trace :
------------
Array:
tousername : gh_0c02969f70a6 ;
fromusername : oSI4Lj0w1kMn2_Ao5Q92M9H_iH8Q ;
createtime : 1521435017 ;
msgtype : event ;
event : VIEW ;
eventkey : http://zz.jhzh66.com/app/index.php?i=8&c=entry&p=commission&m=sz_yi&do=plugin ;
menuid : 424759407 ;
from : oSI4Lj0w1kMn2_Ao5Q92M9H_iH8Q ;
to : gh_0c02969f70a6 ;
time : 1521435017 ;
type : event ;

2018-03-19 12:50:17 params :
------------
Array:
rule : -2 ;
module :  ;
message : Array ;

2018-03-19 12:50:17 response :
------------

2018-03-19 12:51:46 trace :
------------
Array:
tousername : gh_0c02969f70a6 ;
fromusername : oSI4Lj_EgVYYq0w2hbhDul90MIZA ;
createtime : 1521435106 ;
msgtype : event ;
event : VIEW ;
eventkey : http://zz.jhzh66.com/app/index.php?i=8&c=entry&eid=198 ;
menuid : 424759407 ;
from : oSI4Lj_EgVYYq0w2hbhDul90MIZA ;
to : gh_0c02969f70a6 ;
time : 1521435106 ;
type : event ;

2018-03-19 12:51:46 params :
------------
Array:
rule : -2 ;
module :  ;
message : Array ;

2018-03-19 12:51:46 response :
------------

2018-03-19 13:12:28 trace :
------------
Array:
tousername : gh_0c02969f70a6 ;
fromusername : oSI4Lj79JOvAvfFkrLaO599Hwewo ;
createtime : 1521436347 ;
msgtype : event ;
event : VIEW ;
eventkey : http://zz.jhzh66.com/app/index.php?i=8&c=entry&eid=198 ;
menuid : 424759407 ;
from : oSI4Lj79JOvAvfFkrLaO599Hwewo ;
to : gh_0c02969f70a6 ;
time : 1521436347 ;
type : event ;

2018-03-19 13:12:28 params :
------------
Array:
rule : -2 ;
module :  ;
message : Array ;

2018-03-19 13:12:28 response :
------------

2018-03-19 13:26:00 trace :
------------
Array:
tousername : gh_0c02969f70a6 ;
fromusername : oSI4LjzGDzCztrhCP10C7-4flpE4 ;
createtime : 1521437160 ;
msgtype : event ;
event : CLICK ;
eventkey : 海报 ;
from : oSI4LjzGDzCztrhCP10C7-4flpE4 ;
to : gh_0c02969f70a6 ;
time : 1521437160 ;
type : event ;

2018-03-19 13:27:12 trace :
------------
Array:
tousername : gh_0c02969f70a6 ;
fromusername : oSI4Lj-mQFi0cVrtdhb5LRhxTXRo ;
createtime : 1521437232 ;
msgtype : event ;
event : VIEW ;
eventkey : http://zz.jhzh66.com/app/index.php?i=8&c=entry&eid=194 ;
menuid : 424759407 ;
from : oSI4Lj-mQFi0cVrtdhb5LRhxTXRo ;
to : gh_0c02969f70a6 ;
time : 1521437232 ;
type : event ;

2018-03-19 13:27:12 params :
------------
Array:
rule : -2 ;
module :  ;
message : Array ;

2018-03-19 13:27:12 response :
------------

2018-03-19 13:28:08 trace :
------------
Array:
tousername : gh_0c02969f70a6 ;
fromusername : oSI4LjzGDzCztrhCP10C7-4flpE4 ;
createtime : 1521437288 ;
msgtype : event ;
event : VIEW ;
eventkey : https://h5.scene.yqh5.cn/s/6szkjdIq ;
menuid : 424759407 ;
from : oSI4LjzGDzCztrhCP10C7-4flpE4 ;
to : gh_0c02969f70a6 ;
time : 1521437288 ;
type : event ;

2018-03-19 13:28:08 params :
------------
Array:
rule : -2 ;
module :  ;
message : Array ;

2018-03-19 13:28:08 response :
------------

2018-03-19 13:50:59 trace :
------------
Array:
tousername : gh_0c02969f70a6 ;
fromusername : oSI4LjxOk_z2c7unlDpR6f69Hl6A ;
createtime : 1521438659 ;
msgtype : event ;
event : VIEW ;
eventkey : http://zz.jhzh66.com/app/index.php?i=8&c=entry&eid=198 ;
menuid : 424759407 ;
from : oSI4LjxOk_z2c7unlDpR6f69Hl6A ;
to : gh_0c02969f70a6 ;
time : 1521438659 ;
type : event ;

2018-03-19 13:50:59 params :
------------
Array:
rule : -2 ;
module :  ;
message : Array ;

2018-03-19 13:50:59 response :
------------

2018-03-19 13:51:54 trace :
------------
Array:
tousername : gh_0c02969f70a6 ;
fromusername : oSI4Lj97Jm2kdczJ4OHYMLb017pk ;
createtime : 1521438714 ;
msgtype : event ;
event : VIEW ;
eventkey : http://zz.jhzh66.com/app/index.php?i=8&c=entry&eid=194 ;
menuid : 424759407 ;
from : oSI4Lj97Jm2kdczJ4OHYMLb017pk ;
to : gh_0c02969f70a6 ;
time : 1521438714 ;
type : event ;

2018-03-19 13:51:54 params :
------------
Array:
rule : -2 ;
module :  ;
message : Array ;

2018-03-19 13:51:54 response :
------------

2018-03-19 14:01:53 trace :
------------
Array:
tousername : gh_0c02969f70a6 ;
fromusername : oSI4Lj95EWi6-qifEuK2-xlggHx4 ;
createtime : 1521439313 ;
msgtype : event ;
event : VIEW ;
eventkey : http://zz.jhzh66.com/app/index.php?i=8&c=entry&eid=194 ;
menuid : 424759407 ;
from : oSI4Lj95EWi6-qifEuK2-xlggHx4 ;
to : gh_0c02969f70a6 ;
time : 1521439313 ;
type : event ;

2018-03-19 14:01:53 params :
------------
Array:
rule : -2 ;
module :  ;
message : Array ;

2018-03-19 14:01:53 response :
------------

2018-03-19 14:33:12 trace :
------------
Array:
tousername : gh_0c02969f70a6 ;
fromusername : oSI4Lj-NbPz6zvqPyQKtZYoB7rrI ;
createtime : 1521441192 ;
msgtype : event ;
event : VIEW ;
eventkey : http://zz.jhzh66.com/app/index.php?i=8&c=entry&eid=194 ;
menuid : 424759407 ;
from : oSI4Lj-NbPz6zvqPyQKtZYoB7rrI ;
to : gh_0c02969f70a6 ;
time : 1521441192 ;
type : event ;

2018-03-19 14:33:12 params :
------------
Array:
rule : -2 ;
module :  ;
message : Array ;

2018-03-19 14:33:12 response :
------------

2018-03-19 14:36:53 trace :
------------
Array:
tousername : gh_0c02969f70a6 ;
fromusername : oSI4LjwOS5AhXGs2i4AxbH-siL7I ;
createtime : 1521441413 ;
msgtype : event ;
event : VIEW ;
eventkey : http://zz.jhzh66.com/app/index.php?i=8&c=entry&eid=198 ;
menuid : 424759407 ;
from : oSI4LjwOS5AhXGs2i4AxbH-siL7I ;
to : gh_0c02969f70a6 ;
time : 1521441413 ;
type : event ;

2018-03-19 14:36:53 params :
------------
Array:
rule : -2 ;
module :  ;
message : Array ;

2018-03-19 14:36:53 response :
------------

2018-03-19 14:38:12 trace :
------------
Array:
tousername : gh_0c02969f70a6 ;
fromusername : oSI4LjwOS5AhXGs2i4AxbH-siL7I ;
createtime : 1521441491 ;
msgtype : event ;
event : VIEW ;
eventkey : http://zz.jhzh66.com/app/index.php?i=8&c=entry&eid=198 ;
menuid : 424759407 ;
from : oSI4LjwOS5AhXGs2i4AxbH-siL7I ;
to : gh_0c02969f70a6 ;
time : 1521441491 ;
type : event ;

2018-03-19 14:38:12 params :
------------
Array:
rule : -2 ;
module :  ;
message : Array ;

2018-03-19 14:38:12 response :
------------

2018-03-19 14:42:42 trace :
------------
Array:
tousername : gh_0c02969f70a6 ;
fromusername : oSI4Lj79JOvAvfFkrLaO599Hwewo ;
createtime : 1521441762 ;
msgtype : event ;
event : VIEW ;
eventkey : http://zz.jhzh66.com/app/index.php?i=8&c=entry&eid=198 ;
menuid : 424759407 ;
from : oSI4Lj79JOvAvfFkrLaO599Hwewo ;
to : gh_0c02969f70a6 ;
time : 1521441762 ;
type : event ;

2018-03-19 14:42:42 params :
------------
Array:
rule : -2 ;
module :  ;
message : Array ;

2018-03-19 14:42:42 response :
------------

2018-03-19 14:44:05 trace :
------------
Array:
tousername : gh_0c02969f70a6 ;
fromusername : oSI4Lj79JOvAvfFkrLaO599Hwewo ;
createtime : 1521441845 ;
msgtype : event ;
event : VIEW ;
eventkey : http://zz.jhzh66.com/app/index.php?i=8&c=entry&eid=198 ;
menuid : 424759407 ;
from : oSI4Lj79JOvAvfFkrLaO599Hwewo ;
to : gh_0c02969f70a6 ;
time : 1521441845 ;
type : event ;

2018-03-19 14:44:05 params :
------------
Array:
rule : -2 ;
module :  ;
message : Array ;

2018-03-19 14:44:05 response :
------------

2018-03-19 14:51:20 trace :
------------
Array:
tousername : gh_0c02969f70a6 ;
fromusername : oSI4LjwOS5AhXGs2i4AxbH-siL7I ;
createtime : 1521442280 ;
msgtype : event ;
event : VIEW ;
eventkey : http://zz.jhzh66.com/app/index.php?i=8&c=entry&eid=198 ;
menuid : 424759407 ;
from : oSI4LjwOS5AhXGs2i4AxbH-siL7I ;
to : gh_0c02969f70a6 ;
time : 1521442280 ;
type : event ;

2018-03-19 14:51:20 params :
------------
Array:
rule : -2 ;
module :  ;
message : Array ;

2018-03-19 14:51:20 response :
------------

2018-03-19 14:52:05 trace :
------------
Array:
tousername : gh_0c02969f70a6 ;
fromusername : oSI4LjwOS5AhXGs2i4AxbH-siL7I ;
createtime : 1521442325 ;
msgtype : event ;
event : VIEW ;
eventkey : http://zz.jhzh66.com/app/index.php?i=8&c=entry&eid=198 ;
menuid : 424759407 ;
from : oSI4LjwOS5AhXGs2i4AxbH-siL7I ;
to : gh_0c02969f70a6 ;
time : 1521442325 ;
type : event ;

2018-03-19 14:52:05 params :
------------
Array:
rule : -2 ;
module :  ;
message : Array ;

2018-03-19 14:52:05 response :
------------

2018-03-19 14:56:17 trace :
------------
Array:
tousername : gh_0c02969f70a6 ;
fromusername : oSI4Lj2wkg2n_JN-yauY6A4GH8V4 ;
createtime : 1521442577 ;
msgtype : event ;
event : VIEW ;
eventkey : http://zz.jhzh66.com/app/index.php?i=8&c=entry&eid=198 ;
menuid : 424759407 ;
from : oSI4Lj2wkg2n_JN-yauY6A4GH8V4 ;
to : gh_0c02969f70a6 ;
time : 1521442577 ;
type : event ;

2018-03-19 14:56:17 params :
------------
Array:
rule : -2 ;
module :  ;
message : Array ;

2018-03-19 14:56:17 response :
------------

2018-03-19 15:02:42 trace :
------------
Array:
tousername : gh_0c02969f70a6 ;
fromusername : oSI4LjwOS5AhXGs2i4AxbH-siL7I ;
createtime : 1521442962 ;
msgtype : event ;
event : VIEW ;
eventkey : http://zz.jhzh66.com/app/index.php?i=8&c=entry&eid=198 ;
menuid : 424759407 ;
from : oSI4LjwOS5AhXGs2i4AxbH-siL7I ;
to : gh_0c02969f70a6 ;
time : 1521442962 ;
type : event ;

2018-03-19 15:02:42 params :
------------
Array:
rule : -2 ;
module :  ;
message : Array ;

2018-03-19 15:02:42 response :
------------

2018-03-19 15:06:52 trace :
------------
Array:
tousername : gh_0c02969f70a6 ;
fromusername : oSI4Lj79JOvAvfFkrLaO599Hwewo ;
createtime : 1521443212 ;
msgtype : event ;
event : VIEW ;
eventkey : http://zz.jhzh66.com/app/index.php?i=8&c=entry&eid=194 ;
menuid : 424759407 ;
from : oSI4Lj79JOvAvfFkrLaO599Hwewo ;
to : gh_0c02969f70a6 ;
time : 1521443212 ;
type : event ;

2018-03-19 15:06:52 params :
------------
Array:
rule : -2 ;
module :  ;
message : Array ;

2018-03-19 15:06:52 response :
------------

2018-03-19 15:12:38 trace :
------------
Array:
tousername : gh_0c02969f70a6 ;
fromusername : oSI4Lj79JOvAvfFkrLaO599Hwewo ;
createtime : 1521443558 ;
msgtype : event ;
event : VIEW ;
eventkey : http://zz.jhzh66.com/app/index.php?i=8&c=entry&eid=194 ;
menuid : 424759407 ;
from : oSI4Lj79JOvAvfFkrLaO599Hwewo ;
to : gh_0c02969f70a6 ;
time : 1521443558 ;
type : event ;

2018-03-19 15:12:38 params :
------------
Array:
rule : -2 ;
module :  ;
message : Array ;

2018-03-19 15:12:38 response :
------------

2018-03-19 15:19:54 trace :
------------
Array:
tousername : gh_0c02969f70a6 ;
fromusername : oSI4Lj4r8ygdoZeCwRhU0rJkKzVw ;
createtime : 1521443994 ;
msgtype : event ;
event : subscribe ;
eventkey : Array ;
from : oSI4Lj4r8ygdoZeCwRhU0rJkKzVw ;
to : gh_0c02969f70a6 ;
time : 1521443994 ;
type : subscribe ;

2018-03-19 15:19:54 params :
------------
Array:
rule : -2 ;
module :  ;
message : Array ;

2018-03-19 15:19:54 response :
------------

2018-03-19 15:20:07 trace :
------------
Array:
tousername : gh_0c02969f70a6 ;
fromusername : oSI4Lj4r8ygdoZeCwRhU0rJkKzVw ;
createtime : 1521444007 ;
msgtype : event ;
event : VIEW ;
eventkey : http://zz.jhzh66.com/app/index.php?i=8&c=entry&eid=194 ;
menuid : 424759407 ;
from : oSI4Lj4r8ygdoZeCwRhU0rJkKzVw ;
to : gh_0c02969f70a6 ;
time : 1521444007 ;
type : event ;

2018-03-19 15:20:07 params :
------------
Array:
rule : -2 ;
module :  ;
message : Array ;

2018-03-19 15:20:07 response :
------------

2018-03-19 15:21:49 trace :
------------
Array:
tousername : gh_0c02969f70a6 ;
fromusername : oSI4LjzJfilpxFIwXUSsUg9xOMPc ;
createtime : 1521444109 ;
msgtype : event ;
event : subscribe ;
eventkey : Array ;
from : oSI4LjzJfilpxFIwXUSsUg9xOMPc ;
to : gh_0c02969f70a6 ;
time : 1521444109 ;
type : subscribe ;

2018-03-19 15:21:49 params :
------------
Array:
rule : -2 ;
module :  ;
message : Array ;

2018-03-19 15:21:49 response :
------------

2018-03-19 15:22:39 trace :
------------
Array:
tousername : gh_0c02969f70a6 ;
fromusername : oSI4Lj4r8ygdoZeCwRhU0rJkKzVw ;
createtime : 1521444159 ;
msgtype : event ;
event : VIEW ;
eventkey : http://zz.jhzh66.com/app/index.php?i=8&c=entry&eid=194 ;
menuid : 424759407 ;
from : oSI4Lj4r8ygdoZeCwRhU0rJkKzVw ;
to : gh_0c02969f70a6 ;
time : 1521444159 ;
type : event ;

2018-03-19 15:22:39 params :
------------
Array:
rule : -2 ;
module :  ;
message : Array ;

2018-03-19 15:22:39 response :
------------

2018-03-19 15:22:42 trace :
------------
Array:
tousername : gh_0c02969f70a6 ;
fromusername : oSI4Lj4r8ygdoZeCwRhU0rJkKzVw ;
createtime : 1521444162 ;
msgtype : event ;
event : VIEW ;
eventkey : http://zz.jhzh66.com/app/index.php?i=8&c=site&a=site&do=detail&id=2 ;
menuid : 424759407 ;
from : oSI4Lj4r8ygdoZeCwRhU0rJkKzVw ;
to : gh_0c02969f70a6 ;
time : 1521444162 ;
type : event ;

2018-03-19 15:22:42 params :
------------
Array:
rule : -2 ;
module :  ;
message : Array ;

2018-03-19 15:22:42 response :
------------

2018-03-19 15:23:35 trace :
------------
Array:
tousername : gh_0c02969f70a6 ;
fromusername : oSI4Ljw5AQOeBkmyQvQEEcXp6g1s ;
createtime : 1521444215 ;
msgtype : event ;
event : subscribe ;
eventkey : Array ;
from : oSI4Ljw5AQOeBkmyQvQEEcXp6g1s ;
to : gh_0c02969f70a6 ;
time : 1521444215 ;
type : subscribe ;

2018-03-19 15:23:35 params :
------------
Array:
rule : -2 ;
module :  ;
message : Array ;

2018-03-19 15:23:35 response :
------------

2018-03-19 15:24:58 trace :
------------
Array:
tousername : gh_0c02969f70a6 ;
fromusername : oSI4Ljw5AQOeBkmyQvQEEcXp6g1s ;
createtime : 1521444298 ;
msgtype : event ;
event : VIEW ;
eventkey : https://h5.scene.yqh5.cn/s/6szkjdIq ;
menuid : 424759407 ;
from : oSI4Ljw5AQOeBkmyQvQEEcXp6g1s ;
to : gh_0c02969f70a6 ;
time : 1521444298 ;
type : event ;

2018-03-19 15:24:58 params :
------------
Array:
rule : -2 ;
module :  ;
message : Array ;

2018-03-19 15:24:58 response :
------------

2018-03-19 15:27:10 trace :
------------
Array:
tousername : gh_0c02969f70a6 ;
fromusername : oSI4Ljw5AQOeBkmyQvQEEcXp6g1s ;
createtime : 1521444430 ;
msgtype : event ;
event : VIEW ;
eventkey : http://zz.jhzh66.com/app/index.php?i=8&c=site&a=site&do=detail&id=2 ;
menuid : 424759407 ;
from : oSI4Ljw5AQOeBkmyQvQEEcXp6g1s ;
to : gh_0c02969f70a6 ;
time : 1521444430 ;
type : event ;

2018-03-19 15:27:10 params :
------------
Array:
rule : -2 ;
module :  ;
message : Array ;

2018-03-19 15:27:10 response :
------------

2018-03-19 15:28:52 trace :
------------
Array:
tousername : gh_0c02969f70a6 ;
fromusername : oSI4Ljw5AQOeBkmyQvQEEcXp6g1s ;
createtime : 1521444532 ;
msgtype : event ;
event : VIEW ;
eventkey : http://zz.jhzh66.com/app/index.php?i=8&c=entry&eid=194 ;
menuid : 424759407 ;
from : oSI4Ljw5AQOeBkmyQvQEEcXp6g1s ;
to : gh_0c02969f70a6 ;
time : 1521444532 ;
type : event ;

2018-03-19 15:28:52 params :
------------
Array:
rule : -2 ;
module :  ;
message : Array ;

2018-03-19 15:28:52 response :
------------

2018-03-19 15:45:08 trace :
------------
Array:
tousername : gh_0c02969f70a6 ;
fromusername : oSI4Lj_EgVYYq0w2hbhDul90MIZA ;
createtime : 1521445508 ;
msgtype : event ;
event : VIEW ;
eventkey : http://zz.jhzh66.com/app/index.php?i=8&c=entry&eid=198 ;
menuid : 424759407 ;
from : oSI4Lj_EgVYYq0w2hbhDul90MIZA ;
to : gh_0c02969f70a6 ;
time : 1521445508 ;
type : event ;

2018-03-19 15:45:08 params :
------------
Array:
rule : -2 ;
module :  ;
message : Array ;

2018-03-19 15:45:08 response :
------------

2018-03-19 15:47:31 trace :
------------
Array:
tousername : gh_0c02969f70a6 ;
fromusername : oSI4LjzGDzCztrhCP10C7-4flpE4 ;
createtime : 1521445651 ;
msgtype : event ;
event : VIEW ;
eventkey : http://www.haolangtech.com/index.php/addon/HotActivity/HotActivity/leagueindex/id/1.html?from=groupmessage&isappinstalled=0 ;
menuid : 424759407 ;
from : oSI4LjzGDzCztrhCP10C7-4flpE4 ;
to : gh_0c02969f70a6 ;
time : 1521445651 ;
type : event ;

2018-03-19 15:47:31 params :
------------
Array:
rule : -2 ;
module :  ;
message : Array ;

2018-03-19 15:47:31 response :
------------

2018-03-19 16:02:35 trace :
------------
Array:
tousername : gh_0c02969f70a6 ;
fromusername : oSI4Lj-NbPz6zvqPyQKtZYoB7rrI ;
createtime : 1521446555 ;
msgtype : event ;
event : VIEW ;
eventkey : http://zz.jhzh66.com/app/index.php?i=8&c=entry&eid=194 ;
menuid : 424759407 ;
from : oSI4Lj-NbPz6zvqPyQKtZYoB7rrI ;
to : gh_0c02969f70a6 ;
time : 1521446555 ;
type : event ;

2018-03-19 16:02:35 params :
------------
Array:
rule : -2 ;
module :  ;
message : Array ;

2018-03-19 16:02:35 response :
------------

2018-03-19 16:02:45 trace :
------------
Array:
tousername : gh_0c02969f70a6 ;
fromusername : oSI4Lj-NbPz6zvqPyQKtZYoB7rrI ;
createtime : 1521446565 ;
msgtype : event ;
event : VIEW ;
eventkey : http://zz.jhzh66.com/app/index.php?i=8&c=entry&p=commission&m=sz_yi&do=plugin ;
menuid : 424759407 ;
from : oSI4Lj-NbPz6zvqPyQKtZYoB7rrI ;
to : gh_0c02969f70a6 ;
time : 1521446565 ;
type : event ;

2018-03-19 16:02:45 params :
------------
Array:
rule : -2 ;
module :  ;
message : Array ;

2018-03-19 16:02:45 response :
------------

2018-03-19 16:03:04 trace :
------------
Array:
tousername : gh_0c02969f70a6 ;
fromusername : oSI4Lj-NbPz6zvqPyQKtZYoB7rrI ;
createtime : 1521446584 ;
msgtype : event ;
event : VIEW ;
eventkey : http://zz11.com.cn/plugin.php?id=wechat:access ;
menuid : 424759407 ;
from : oSI4Lj-NbPz6zvqPyQKtZYoB7rrI ;
to : gh_0c02969f70a6 ;
time : 1521446584 ;
type : event ;

2018-03-19 16:03:04 params :
------------
Array:
rule : -2 ;
module :  ;
message : Array ;

2018-03-19 16:03:04 response :
------------

2018-03-19 16:03:14 trace :
------------
Array:
tousername : gh_0c02969f70a6 ;
fromusername : oSI4Lj-NbPz6zvqPyQKtZYoB7rrI ;
createtime : 1521446594 ;
msgtype : event ;
event : VIEW ;
eventkey : http://zz11.com.cn/plugin.php?id=wechat:access ;
menuid : 424759407 ;
from : oSI4Lj-NbPz6zvqPyQKtZYoB7rrI ;
to : gh_0c02969f70a6 ;
time : 1521446594 ;
type : event ;

2018-03-19 16:03:14 params :
------------
Array:
rule : -2 ;
module :  ;
message : Array ;

2018-03-19 16:03:14 response :
------------

2018-03-19 16:03:29 trace :
------------
Array:
tousername : gh_0c02969f70a6 ;
fromusername : oSI4Lj-NbPz6zvqPyQKtZYoB7rrI ;
createtime : 1521446609 ;
msgtype : event ;
event : VIEW ;
eventkey : http://zz.jhzh66.com/app/index.php?i=8&c=site&a=site&do=detail&id=2 ;
menuid : 424759407 ;
from : oSI4Lj-NbPz6zvqPyQKtZYoB7rrI ;
to : gh_0c02969f70a6 ;
time : 1521446609 ;
type : event ;

2018-03-19 16:03:29 params :
------------
Array:
rule : -2 ;
module :  ;
message : Array ;

2018-03-19 16:03:29 response :
------------

2018-03-19 16:03:38 trace :
------------
Array:
tousername : gh_0c02969f70a6 ;
fromusername : oSI4Lj-NbPz6zvqPyQKtZYoB7rrI ;
createtime : 1521446618 ;
msgtype : event ;
event : VIEW ;
eventkey : http://zz.jhzh66.com/app/index.php?i=8&c=entry&eid=198 ;
menuid : 424759407 ;
from : oSI4Lj-NbPz6zvqPyQKtZYoB7rrI ;
to : gh_0c02969f70a6 ;
time : 1521446618 ;
type : event ;

2018-03-19 16:03:38 params :
------------
Array:
rule : -2 ;
module :  ;
message : Array ;

2018-03-19 16:03:38 response :
------------

2018-03-19 16:21:34 trace :
------------
Array:
tousername : gh_0c02969f70a6 ;
fromusername : oSI4LjyLAL0U_Is-GNtwxiM5L1oY ;
createtime : 1521447693 ;
msgtype : event ;
event : VIEW ;
eventkey : http://zz.jhzh66.com/app/index.php?i=8&c=entry&eid=198 ;
menuid : 424759407 ;
from : oSI4LjyLAL0U_Is-GNtwxiM5L1oY ;
to : gh_0c02969f70a6 ;
time : 1521447693 ;
type : event ;

2018-03-19 16:21:34 params :
------------
Array:
rule : -2 ;
module :  ;
message : Array ;

2018-03-19 16:21:34 response :
------------

2018-03-19 16:51:49 trace :
------------
Array:
tousername : gh_0c02969f70a6 ;
fromusername : oSI4Lj-XaO9wjnPbt9OzE2vQL_94 ;
createtime : 1521449509 ;
msgtype : event ;
event : VIEW ;
eventkey : http://zz.jhzh66.com/app/index.php?i=8&c=entry&eid=198 ;
menuid : 424759407 ;
from : oSI4Lj-XaO9wjnPbt9OzE2vQL_94 ;
to : gh_0c02969f70a6 ;
time : 1521449509 ;
type : event ;

2018-03-19 16:51:49 params :
------------
Array:
rule : -2 ;
module :  ;
message : Array ;

2018-03-19 16:51:49 response :
------------

2018-03-19 17:03:36 trace :
------------
Array:
tousername : gh_0c02969f70a6 ;
fromusername : oSI4Lj2pjhreoyy5STNGRffttblI ;
createtime : 1521450215 ;
msgtype : event ;
event : VIEW ;
eventkey : http://zz.jhzh66.com/app/index.php?i=8&c=entry&eid=198 ;
menuid : 424759407 ;
from : oSI4Lj2pjhreoyy5STNGRffttblI ;
to : gh_0c02969f70a6 ;
time : 1521450215 ;
type : event ;

2018-03-19 17:03:36 params :
------------
Array:
rule : -2 ;
module :  ;
message : Array ;

2018-03-19 17:03:36 response :
------------

2018-03-19 17:14:31 trace :
------------
Array:
tousername : gh_0c02969f70a6 ;
fromusername : oSI4Lj-XaO9wjnPbt9OzE2vQL_94 ;
createtime : 1521450871 ;
msgtype : event ;
event : VIEW ;
eventkey : http://zz.jhzh66.com/app/index.php?i=8&c=entry&eid=198 ;
menuid : 424759407 ;
from : oSI4Lj-XaO9wjnPbt9OzE2vQL_94 ;
to : gh_0c02969f70a6 ;
time : 1521450871 ;
type : event ;

2018-03-19 17:14:31 params :
------------
Array:
rule : -2 ;
module :  ;
message : Array ;

2018-03-19 17:14:31 response :
------------

2018-03-19 17:15:51 trace :
------------
Array:
tousername : gh_0c02969f70a6 ;
fromusername : oSI4Lj61cNqZ2u3iIxwOYG1mPHz4 ;
createtime : 1521450951 ;
msgtype : event ;
event : VIEW ;
eventkey : http://zz.jhzh66.com/app/index.php?i=8&c=entry&eid=194 ;
menuid : 424759407 ;
from : oSI4Lj61cNqZ2u3iIxwOYG1mPHz4 ;
to : gh_0c02969f70a6 ;
time : 1521450951 ;
type : event ;

2018-03-19 17:15:51 params :
------------
Array:
rule : -2 ;
module :  ;
message : Array ;

2018-03-19 17:15:51 response :
------------

2018-03-19 17:18:05 trace :
------------
Array:
tousername : gh_0c02969f70a6 ;
fromusername : oSI4LjyHUqsKQ2U6jJYcy4lCjBVA ;
createtime : 1521451085 ;
msgtype : event ;
event : VIEW ;
eventkey : http://zz.jhzh66.com/app/index.php?i=8&c=entry&eid=194 ;
menuid : 424759407 ;
from : oSI4LjyHUqsKQ2U6jJYcy4lCjBVA ;
to : gh_0c02969f70a6 ;
time : 1521451085 ;
type : event ;

2018-03-19 17:18:05 params :
------------
Array:
rule : -2 ;
module :  ;
message : Array ;

2018-03-19 17:18:05 response :
------------

2018-03-19 17:21:21 trace :
------------
Array:
tousername : gh_0c02969f70a6 ;
fromusername : oSI4Lj0FvXHivaaeZ1i_t4zsdg1c ;
createtime : 1521451281 ;
msgtype : event ;
event : MASSSENDJOBFINISH ;
msgid : 1000000050 ;
status : send success ;
totalcount : 2578 ;
filtercount : 2578 ;
sentcount : 2578 ;
errorcount : 0 ;
copyrightcheckresult : Array ;
from : oSI4Lj0FvXHivaaeZ1i_t4zsdg1c ;
to : gh_0c02969f70a6 ;
time : 1521451281 ;
type : event ;

2018-03-19 17:21:21 params :
------------
Array:
rule : -2 ;
module :  ;
message : Array ;

2018-03-19 17:21:21 response :
------------

2018-03-19 17:21:48 trace :
------------
Array:
tousername : gh_0c02969f70a6 ;
fromusername : oSI4Lj4LkM-zzcowtYlu97ZABbyQ ;
createtime : 1521451308 ;
msgtype : event ;
event : VIEW ;
eventkey : http://zz.jhzh66.com/app/index.php?i=8&c=entry&eid=198 ;
menuid : 424759407 ;
from : oSI4Lj4LkM-zzcowtYlu97ZABbyQ ;
to : gh_0c02969f70a6 ;
time : 1521451308 ;
type : event ;

2018-03-19 17:21:48 params :
------------
Array:
rule : -2 ;
module :  ;
message : Array ;

2018-03-19 17:21:48 response :
------------

2018-03-19 17:23:39 trace :
------------
Array:
tousername : gh_0c02969f70a6 ;
fromusername : oSI4Lj0bES3NpvFIldQqYF1Uk5QY ;
createtime : 1521451419 ;
msgtype : event ;
event : VIEW ;
eventkey : http://zz.jhzh66.com/app/index.php?i=8&c=entry&eid=194 ;
menuid : 424759407 ;
from : oSI4Lj0bES3NpvFIldQqYF1Uk5QY ;
to : gh_0c02969f70a6 ;
time : 1521451419 ;
type : event ;

2018-03-19 17:23:39 params :
------------
Array:
rule : -2 ;
module :  ;
message : Array ;

2018-03-19 17:23:39 response :
------------

2018-03-19 17:23:44 trace :
------------
Array:
tousername : gh_0c02969f70a6 ;
fromusername : oSI4LjxIQbtY3LBQttd3IUzMCNDo ;
createtime : 1521451424 ;
msgtype : event ;
event : VIEW ;
eventkey : http://zz.jhzh66.com/app/index.php?i=8&c=entry&p=commission&m=sz_yi&do=plugin ;
menuid : 424759407 ;
from : oSI4LjxIQbtY3LBQttd3IUzMCNDo ;
to : gh_0c02969f70a6 ;
time : 1521451424 ;
type : event ;

2018-03-19 17:23:44 params :
------------
Array:
rule : -2 ;
module :  ;
message : Array ;

2018-03-19 17:23:44 response :
------------

2018-03-19 17:23:44 trace :
------------
Array:
tousername : gh_0c02969f70a6 ;
fromusername : oSI4Lj7YLHhkaSDF6OAgVHrsGeTE ;
createtime : 1521451424 ;
msgtype : event ;
event : VIEW ;
eventkey : http://zz.jhzh66.com/app/index.php?i=8&c=entry&eid=194 ;
menuid : 424759407 ;
from : oSI4Lj7YLHhkaSDF6OAgVHrsGeTE ;
to : gh_0c02969f70a6 ;
time : 1521451424 ;
type : event ;

2018-03-19 17:23:44 params :
------------
Array:
rule : -2 ;
module :  ;
message : Array ;

2018-03-19 17:23:44 response :
------------

2018-03-19 17:25:19 trace :
------------
Array:
tousername : gh_0c02969f70a6 ;
fromusername : oSI4Lj7YLHhkaSDF6OAgVHrsGeTE ;
createtime : 1521451519 ;
msgtype : event ;
event : VIEW ;
eventkey : https://h5.scene.yqh5.cn/s/6szkjdIq ;
menuid : 424759407 ;
from : oSI4Lj7YLHhkaSDF6OAgVHrsGeTE ;
to : gh_0c02969f70a6 ;
time : 1521451519 ;
type : event ;

2018-03-19 17:25:19 params :
------------
Array:
rule : -2 ;
module :  ;
message : Array ;

2018-03-19 17:25:19 response :
------------

2018-03-19 17:25:52 trace :
------------
Array:
tousername : gh_0c02969f70a6 ;
fromusername : oSI4LjyHUqsKQ2U6jJYcy4lCjBVA ;
createtime : 1521451552 ;
msgtype : event ;
event : VIEW ;
eventkey : http://zz.jhzh66.com/app/index.php?i=8&c=entry&eid=194 ;
menuid : 424759407 ;
from : oSI4LjyHUqsKQ2U6jJYcy4lCjBVA ;
to : gh_0c02969f70a6 ;
time : 1521451552 ;
type : event ;

2018-03-19 17:25:52 params :
------------
Array:
rule : -2 ;
module :  ;
message : Array ;

2018-03-19 17:25:52 response :
------------

2018-03-19 17:26:32 trace :
------------
Array:
tousername : gh_0c02969f70a6 ;
fromusername : oSI4LjyO9i8MLwQjUY2ZYGWR6Kyk ;
createtime : 1521451592 ;
msgtype : event ;
event : VIEW ;
eventkey : http://zz.jhzh66.com/app/index.php?i=8&c=entry&eid=198 ;
menuid : 424759407 ;
from : oSI4LjyO9i8MLwQjUY2ZYGWR6Kyk ;
to : gh_0c02969f70a6 ;
time : 1521451592 ;
type : event ;

2018-03-19 17:26:32 params :
------------
Array:
rule : -2 ;
module :  ;
message : Array ;

2018-03-19 17:26:32 response :
------------

2018-03-19 17:26:36 trace :
------------
Array:
tousername : gh_0c02969f70a6 ;
fromusername : oSI4Lj0e7OJsT899_bI33dnmsoVo ;
createtime : 1521451596 ;
msgtype : event ;
event : VIEW ;
eventkey : http://zz.jhzh66.com/app/index.php?i=8&c=entry&eid=194 ;
menuid : 424759407 ;
from : oSI4Lj0e7OJsT899_bI33dnmsoVo ;
to : gh_0c02969f70a6 ;
time : 1521451596 ;
type : event ;

2018-03-19 17:26:36 params :
------------
Array:
rule : -2 ;
module :  ;
message : Array ;

2018-03-19 17:26:36 response :
------------

2018-03-19 17:28:44 trace :
------------
Array:
tousername : gh_0c02969f70a6 ;
fromusername : oSI4LjzTRyy1iKaOBhvaUua81qPA ;
createtime : 1521451723 ;
msgtype : event ;
event : VIEW ;
eventkey : http://zz.jhzh66.com/app/index.php?i=8&c=entry&eid=194 ;
menuid : 424759407 ;
from : oSI4LjzTRyy1iKaOBhvaUua81qPA ;
to : gh_0c02969f70a6 ;
time : 1521451723 ;
type : event ;

2018-03-19 17:28:44 params :
------------
Array:
rule : -2 ;
module :  ;
message : Array ;

2018-03-19 17:28:44 response :
------------

2018-03-19 17:30:43 trace :
------------
Array:
tousername : gh_0c02969f70a6 ;
fromusername : oSI4Lj2pjhreoyy5STNGRffttblI ;
createtime : 1521451843 ;
msgtype : event ;
event : CLICK ;
eventkey : 海报 ;
from : oSI4Lj2pjhreoyy5STNGRffttblI ;
to : gh_0c02969f70a6 ;
time : 1521451843 ;
type : event ;

2018-03-19 17:31:07 trace :
------------
Array:
tousername : gh_0c02969f70a6 ;
fromusername : oSI4Lj2VTimHJhoknnYk7bBF0Zlc ;
createtime : 1521451867 ;
msgtype : event ;
event : VIEW ;
eventkey : http://zz.jhzh66.com/app/index.php?i=8&c=entry&eid=198 ;
menuid : 424759407 ;
from : oSI4Lj2VTimHJhoknnYk7bBF0Zlc ;
to : gh_0c02969f70a6 ;
time : 1521451867 ;
type : event ;

2018-03-19 17:31:07 params :
------------
Array:
rule : -2 ;
module :  ;
message : Array ;

2018-03-19 17:31:07 response :
------------

2018-03-19 17:32:01 trace :
------------
Array:
tousername : gh_0c02969f70a6 ;
fromusername : oSI4Lj2Pw40CDH90vPYMa-d0byIo ;
createtime : 1521451921 ;
msgtype : event ;
event : VIEW ;
eventkey : http://zz.jhzh66.com/app/index.php?i=8&c=entry&eid=198 ;
menuid : 424759407 ;
from : oSI4Lj2Pw40CDH90vPYMa-d0byIo ;
to : gh_0c02969f70a6 ;
time : 1521451921 ;
type : event ;

2018-03-19 17:32:01 params :
------------
Array:
rule : -2 ;
module :  ;
message : Array ;

2018-03-19 17:32:01 response :
------------

2018-03-19 17:33:45 trace :
------------
Array:
tousername : gh_0c02969f70a6 ;
fromusername : oSI4Lj2VTimHJhoknnYk7bBF0Zlc ;
createtime : 1521452025 ;
msgtype : event ;
event : VIEW ;
eventkey : http://zz.jhzh66.com/app/index.php?i=8&c=entry&eid=198 ;
menuid : 424759407 ;
from : oSI4Lj2VTimHJhoknnYk7bBF0Zlc ;
to : gh_0c02969f70a6 ;
time : 1521452025 ;
type : event ;

2018-03-19 17:33:45 params :
------------
Array:
rule : -2 ;
module :  ;
message : Array ;

2018-03-19 17:33:45 response :
------------

2018-03-19 17:34:00 trace :
------------
Array:
tousername : gh_0c02969f70a6 ;
fromusername : oSI4LjzJfilpxFIwXUSsUg9xOMPc ;
createtime : 1521452040 ;
msgtype : event ;
event : VIEW ;
eventkey : http://zz.jhzh66.com/app/index.php?i=8&c=site&a=site&do=detail&id=2 ;
menuid : 424759407 ;
from : oSI4LjzJfilpxFIwXUSsUg9xOMPc ;
to : gh_0c02969f70a6 ;
time : 1521452040 ;
type : event ;

2018-03-19 17:34:00 params :
------------
Array:
rule : -2 ;
module :  ;
message : Array ;

2018-03-19 17:34:00 response :
------------

2018-03-19 17:37:34 trace :
------------
Array:
tousername : gh_0c02969f70a6 ;
fromusername : oSI4LjzJfilpxFIwXUSsUg9xOMPc ;
createtime : 1521452254 ;
msgtype : event ;
event : VIEW ;
eventkey : http://zz.jhzh66.com/app/index.php?i=8&c=site&a=site&do=detail&id=2 ;
menuid : 424759407 ;
from : oSI4LjzJfilpxFIwXUSsUg9xOMPc ;
to : gh_0c02969f70a6 ;
time : 1521452254 ;
type : event ;

2018-03-19 17:37:34 params :
------------
Array:
rule : -2 ;
module :  ;
message : Array ;

2018-03-19 17:37:34 response :
------------

2018-03-19 17:38:03 trace :
------------
Array:
tousername : gh_0c02969f70a6 ;
fromusername : oSI4LjzJfilpxFIwXUSsUg9xOMPc ;
createtime : 1521452283 ;
msgtype : event ;
event : VIEW ;
eventkey : http://zz.jhzh66.com/app/index.php?i=8&c=entry&eid=198 ;
menuid : 424759407 ;
from : oSI4LjzJfilpxFIwXUSsUg9xOMPc ;
to : gh_0c02969f70a6 ;
time : 1521452283 ;
type : event ;

2018-03-19 17:38:03 params :
------------
Array:
rule : -2 ;
module :  ;
message : Array ;

2018-03-19 17:38:03 response :
------------

2018-03-19 17:38:51 trace :
------------
Array:
tousername : gh_0c02969f70a6 ;
fromusername : oSI4Lj2pjhreoyy5STNGRffttblI ;
createtime : 1521452330 ;
msgtype : event ;
event : SCAN ;
eventkey : 1231846066 ;
ticket : gQFa8TwAAAAAAAAAAS5odHRwOi8vd2VpeGluLnFxLmNvbS9xLzAyOUNFbkJPOGU4YmYxTkNobk5xMUMAAgRmhK9aAwQAjScA ;
from : oSI4Lj2pjhreoyy5STNGRffttblI ;
to : gh_0c02969f70a6 ;
time : 1521452330 ;
type : subscribe ;
scene : 1231846066 ;

2018-03-19 17:38:51 params :
------------
Array:
rule : -2 ;
module :  ;
message : Array ;

2018-03-19 17:38:51 response :
------------

2018-03-19 17:39:11 trace :
------------
Array:
tousername : gh_0c02969f70a6 ;
fromusername : oSI4LjySaYtLkwtoksELSpNsMx8A ;
createtime : 1521452351 ;
msgtype : event ;
event : VIEW ;
eventkey : http://zz.jhzh66.com/app/index.php?i=8&c=entry&eid=198 ;
menuid : 424759407 ;
from : oSI4LjySaYtLkwtoksELSpNsMx8A ;
to : gh_0c02969f70a6 ;
time : 1521452351 ;
type : event ;

2018-03-19 17:39:11 params :
------------
Array:
rule : -2 ;
module :  ;
message : Array ;

2018-03-19 17:39:11 response :
------------

2018-03-19 17:42:40 trace :
------------
Array:
tousername : gh_0c02969f70a6 ;
fromusername : oSI4Lj1z7aJCDVR_bsyQIBnUAp4E ;
createtime : 1521452560 ;
msgtype : event ;
event : VIEW ;
eventkey : http://zz.jhzh66.com/app/index.php?i=8&c=entry&eid=194 ;
menuid : 424759407 ;
from : oSI4Lj1z7aJCDVR_bsyQIBnUAp4E ;
to : gh_0c02969f70a6 ;
time : 1521452560 ;
type : event ;

2018-03-19 17:42:40 params :
------------
Array:
rule : -2 ;
module :  ;
message : Array ;

2018-03-19 17:42:40 response :
------------

2018-03-19 17:48:41 trace :
------------
Array:
tousername : gh_0c02969f70a6 ;
fromusername : oSI4LjyHUqsKQ2U6jJYcy4lCjBVA ;
createtime : 1521452921 ;
msgtype : event ;
event : VIEW ;
eventkey : http://zz.jhzh66.com/app/index.php?i=8&c=entry&p=commission&m=sz_yi&do=plugin ;
menuid : 424759407 ;
from : oSI4LjyHUqsKQ2U6jJYcy4lCjBVA ;
to : gh_0c02969f70a6 ;
time : 1521452921 ;
type : event ;

2018-03-19 17:48:41 params :
------------
Array:
rule : -2 ;
module :  ;
message : Array ;

2018-03-19 17:48:41 response :
------------

2018-03-19 17:49:59 trace :
------------
Array:
tousername : gh_0c02969f70a6 ;
fromusername : oSI4Lj1z7aJCDVR_bsyQIBnUAp4E ;
createtime : 1521452999 ;
msgtype : event ;
event : VIEW ;
eventkey : http://zz.jhzh66.com/app/index.php?i=8&c=entry&eid=194 ;
menuid : 424759407 ;
from : oSI4Lj1z7aJCDVR_bsyQIBnUAp4E ;
to : gh_0c02969f70a6 ;
time : 1521452999 ;
type : event ;

2018-03-19 17:49:59 params :
------------
Array:
rule : -2 ;
module :  ;
message : Array ;

2018-03-19 17:49:59 response :
------------

2018-03-19 17:51:20 trace :
------------
Array:
tousername : gh_0c02969f70a6 ;
fromusername : oSI4Lj31sCNwXtAPkrQ7sN7T1Uzs ;
createtime : 1521453080 ;
msgtype : event ;
event : VIEW ;
eventkey : http://zz.jhzh66.com/app/index.php?i=8&c=entry&eid=198 ;
menuid : 424759407 ;
from : oSI4Lj31sCNwXtAPkrQ7sN7T1Uzs ;
to : gh_0c02969f70a6 ;
time : 1521453080 ;
type : event ;

2018-03-19 17:51:20 params :
------------
Array:
rule : -2 ;
module :  ;
message : Array ;

2018-03-19 17:51:20 response :
------------

2018-03-19 17:52:21 trace :
------------
Array:
tousername : gh_0c02969f70a6 ;
fromusername : oSI4Lj9r52UU7cjJO5Zn4QBApkCA ;
createtime : 1521453141 ;
msgtype : event ;
event : VIEW ;
eventkey : http://zz.jhzh66.com/app/index.php?i=8&c=entry&eid=194 ;
menuid : 424759407 ;
from : oSI4Lj9r52UU7cjJO5Zn4QBApkCA ;
to : gh_0c02969f70a6 ;
time : 1521453141 ;
type : event ;

2018-03-19 17:52:21 params :
------------
Array:
rule : -2 ;
module :  ;
message : Array ;

2018-03-19 17:52:21 response :
------------

2018-03-19 17:55:55 trace :
------------
Array:
tousername : gh_0c02969f70a6 ;
fromusername : oSI4LjyHUqsKQ2U6jJYcy4lCjBVA ;
createtime : 1521453355 ;
msgtype : event ;
event : VIEW ;
eventkey : http://zz.jhzh66.com/app/index.php?i=8&c=entry&eid=198 ;
menuid : 424759407 ;
from : oSI4LjyHUqsKQ2U6jJYcy4lCjBVA ;
to : gh_0c02969f70a6 ;
time : 1521453355 ;
type : event ;

2018-03-19 17:55:55 params :
------------
Array:
rule : -2 ;
module :  ;
message : Array ;

2018-03-19 17:55:55 response :
------------

2018-03-19 17:58:42 trace :
------------
Array:
tousername : gh_0c02969f70a6 ;
fromusername : oSI4Lj2pjhreoyy5STNGRffttblI ;
createtime : 1521453522 ;
msgtype : event ;
event : SCAN ;
eventkey : 1231859891 ;
ticket : gQF58DwAAAAAAAAAAS5odHRwOi8vd2VpeGluLnFxLmNvbS9xLzAyeG5YR0FiOGU4YmYxTm1pbnhxMXYAAgRWha9aAwQAjScA ;
from : oSI4Lj2pjhreoyy5STNGRffttblI ;
to : gh_0c02969f70a6 ;
time : 1521453522 ;
type : subscribe ;
scene : 1231859891 ;

2018-03-19 17:58:42 params :
------------
Array:
rule : -2 ;
module :  ;
message : Array ;

2018-03-19 17:58:42 response :
------------

2018-03-19 17:58:51 trace :
------------
Array:
tousername : gh_0c02969f70a6 ;
fromusername : oSI4Lj2pjhreoyy5STNGRffttblI ;
createtime : 1521453530 ;
msgtype : event ;
event : VIEW ;
eventkey : http://zz11.com.cn/plugin.php?id=wechat:access ;
menuid : 424759407 ;
from : oSI4Lj2pjhreoyy5STNGRffttblI ;
to : gh_0c02969f70a6 ;
time : 1521453530 ;
type : event ;

2018-03-19 17:58:51 params :
------------
Array:
rule : -2 ;
module :  ;
message : Array ;

2018-03-19 17:58:51 response :
------------

2018-03-19 18:01:04 trace :
------------
Array:
tousername : gh_0c02969f70a6 ;
fromusername : oSI4Lj97Jm2kdczJ4OHYMLb017pk ;
createtime : 1521453664 ;
msgtype : event ;
event : VIEW ;
eventkey : http://zz.jhzh66.com/app/index.php?i=8&c=entry&eid=194 ;
menuid : 424759407 ;
from : oSI4Lj97Jm2kdczJ4OHYMLb017pk ;
to : gh_0c02969f70a6 ;
time : 1521453664 ;
type : event ;

2018-03-19 18:01:04 params :
------------
Array:
rule : -2 ;
module :  ;
message : Array ;

2018-03-19 18:01:04 response :
------------

2018-03-19 18:02:11 trace :
------------
Array:
tousername : gh_0c02969f70a6 ;
fromusername : oSI4Lj09khubXV5BluQ5PFzPv0ww ;
createtime : 1521453731 ;
msgtype : event ;
event : VIEW ;
eventkey : http://zz.jhzh66.com/app/index.php?i=8&c=entry&eid=194 ;
menuid : 424759407 ;
from : oSI4Lj09khubXV5BluQ5PFzPv0ww ;
to : gh_0c02969f70a6 ;
time : 1521453731 ;
type : event ;

2018-03-19 18:02:11 params :
------------
Array:
rule : -2 ;
module :  ;
message : Array ;

2018-03-19 18:02:11 response :
------------

2018-03-19 18:05:18 trace :
------------
Array:
tousername : gh_0c02969f70a6 ;
fromusername : oSI4LjxogjHUdUNaYIm_etxMgGn0 ;
createtime : 1521453918 ;
msgtype : event ;
event : VIEW ;
eventkey : http://zz.jhzh66.com/app/index.php?i=8&c=entry&eid=194 ;
menuid : 424759407 ;
from : oSI4LjxogjHUdUNaYIm_etxMgGn0 ;
to : gh_0c02969f70a6 ;
time : 1521453918 ;
type : event ;

2018-03-19 18:05:18 params :
------------
Array:
rule : -2 ;
module :  ;
message : Array ;

2018-03-19 18:05:18 response :
------------

2018-03-19 18:06:32 trace :
------------
Array:
tousername : gh_0c02969f70a6 ;
fromusername : oSI4Lj2JuPUVfFbxjHZ1xBkXujU0 ;
createtime : 1521453992 ;
msgtype : event ;
event : VIEW ;
eventkey : http://zz.jhzh66.com/app/index.php?i=8&c=entry&eid=194 ;
menuid : 424759407 ;
from : oSI4Lj2JuPUVfFbxjHZ1xBkXujU0 ;
to : gh_0c02969f70a6 ;
time : 1521453992 ;
type : event ;

2018-03-19 18:06:32 params :
------------
Array:
rule : -2 ;
module :  ;
message : Array ;

2018-03-19 18:06:32 response :
------------

2018-03-19 18:15:29 trace :
------------
Array:
tousername : gh_0c02969f70a6 ;
fromusername : oSI4Lj-O-Eod_Ei4-dlQqmCmYhwk ;
createtime : 1521454529 ;
msgtype : event ;
event : VIEW ;
eventkey : https://h5.scene.yqh5.cn/s/6szkjdIq ;
menuid : 424759407 ;
from : oSI4Lj-O-Eod_Ei4-dlQqmCmYhwk ;
to : gh_0c02969f70a6 ;
time : 1521454529 ;
type : event ;

2018-03-19 18:15:29 params :
------------
Array:
rule : -2 ;
module :  ;
message : Array ;

2018-03-19 18:15:29 response :
------------

2018-03-19 18:19:38 trace :
------------
Array:
tousername : gh_0c02969f70a6 ;
fromusername : oSI4Lj31sCNwXtAPkrQ7sN7T1Uzs ;
createtime : 1521454777 ;
msgtype : event ;
event : VIEW ;
eventkey : http://zz.jhzh66.com/app/index.php?i=8&c=entry&eid=198 ;
menuid : 424759407 ;
from : oSI4Lj31sCNwXtAPkrQ7sN7T1Uzs ;
to : gh_0c02969f70a6 ;
time : 1521454777 ;
type : event ;

2018-03-19 18:19:38 params :
------------
Array:
rule : -2 ;
module :  ;
message : Array ;

2018-03-19 18:19:38 response :
------------

2018-03-19 18:21:48 trace :
------------
Array:
tousername : gh_0c02969f70a6 ;
fromusername : oSI4Lj51m6mfYV9uuaq1JzgaMcWk ;
createtime : 1521454907 ;
msgtype : event ;
event : VIEW ;
eventkey : http://zz.jhzh66.com/app/index.php?i=8&c=entry&eid=194 ;
menuid : 424759407 ;
from : oSI4Lj51m6mfYV9uuaq1JzgaMcWk ;
to : gh_0c02969f70a6 ;
time : 1521454907 ;
type : event ;

2018-03-19 18:21:48 params :
------------
Array:
rule : -2 ;
module :  ;
message : Array ;

2018-03-19 18:21:48 response :
------------

2018-03-19 18:26:35 trace :
------------
Array:
tousername : gh_0c02969f70a6 ;
fromusername : oSI4Lj66631i9E29yArLYjC83vJY ;
createtime : 1521455194 ;
msgtype : event ;
event : VIEW ;
eventkey : http://zz.jhzh66.com/app/index.php?i=8&c=entry&p=commission&m=sz_yi&do=plugin ;
menuid : 424759407 ;
from : oSI4Lj66631i9E29yArLYjC83vJY ;
to : gh_0c02969f70a6 ;
time : 1521455194 ;
type : event ;

2018-03-19 18:26:35 params :
------------
Array:
rule : -2 ;
module :  ;
message : Array ;

2018-03-19 18:26:35 response :
------------

2018-03-19 18:27:52 trace :
------------
Array:
tousername : gh_0c02969f70a6 ;
fromusername : oSI4Lj31sCNwXtAPkrQ7sN7T1Uzs ;
createtime : 1521455272 ;
msgtype : event ;
event : CLICK ;
eventkey : 海报 ;
from : oSI4Lj31sCNwXtAPkrQ7sN7T1Uzs ;
to : gh_0c02969f70a6 ;
time : 1521455272 ;
type : event ;

2018-03-19 18:32:38 trace :
------------
Array:
tousername : gh_0c02969f70a6 ;
fromusername : oSI4Lj31sCNwXtAPkrQ7sN7T1Uzs ;
createtime : 1521455558 ;
msgtype : event ;
event : VIEW ;
eventkey : http://zz.jhzh66.com/app/index.php?i=8&c=entry&eid=198 ;
menuid : 424759407 ;
from : oSI4Lj31sCNwXtAPkrQ7sN7T1Uzs ;
to : gh_0c02969f70a6 ;
time : 1521455558 ;
type : event ;

2018-03-19 18:32:38 params :
------------
Array:
rule : -2 ;
module :  ;
message : Array ;

2018-03-19 18:32:38 response :
------------

2018-03-19 18:41:11 trace :
------------
Array:
tousername : gh_0c02969f70a6 ;
fromusername : oSI4Lj31sCNwXtAPkrQ7sN7T1Uzs ;
createtime : 1521456071 ;
msgtype : event ;
event : VIEW ;
eventkey : http://zz.jhzh66.com/app/index.php?i=8&c=entry&eid=198 ;
menuid : 424759407 ;
from : oSI4Lj31sCNwXtAPkrQ7sN7T1Uzs ;
to : gh_0c02969f70a6 ;
time : 1521456071 ;
type : event ;

2018-03-19 18:41:11 params :
------------
Array:
rule : -2 ;
module :  ;
message : Array ;

2018-03-19 18:41:11 response :
------------

2018-03-19 18:41:48 trace :
------------
Array:
tousername : gh_0c02969f70a6 ;
fromusername : oSI4Lj_EgVYYq0w2hbhDul90MIZA ;
createtime : 1521456108 ;
msgtype : event ;
event : VIEW ;
eventkey : http://zz.jhzh66.com/app/index.php?i=8&c=entry&eid=198 ;
menuid : 424759407 ;
from : oSI4Lj_EgVYYq0w2hbhDul90MIZA ;
to : gh_0c02969f70a6 ;
time : 1521456108 ;
type : event ;

2018-03-19 18:41:48 params :
------------
Array:
rule : -2 ;
module :  ;
message : Array ;

2018-03-19 18:41:48 response :
------------

2018-03-19 19:04:10 trace :
------------
Array:
tousername : gh_0c02969f70a6 ;
fromusername : oSI4LjzGDzCztrhCP10C7-4flpE4 ;
createtime : 1521457450 ;
msgtype : event ;
event : CLICK ;
eventkey : 海报 ;
from : oSI4LjzGDzCztrhCP10C7-4flpE4 ;
to : gh_0c02969f70a6 ;
time : 1521457450 ;
type : event ;

2018-03-19 19:17:48 trace :
------------
Array:
tousername : gh_0c02969f70a6 ;
fromusername : oSI4Ljxetj1Www54fc__5ifepmo4 ;
createtime : 1521458267 ;
msgtype : event ;
event : subscribe ;
eventkey : Array ;
from : oSI4Ljxetj1Www54fc__5ifepmo4 ;
to : gh_0c02969f70a6 ;
time : 1521458267 ;
type : subscribe ;

2018-03-19 19:17:48 params :
------------
Array:
rule : -2 ;
module :  ;
message : Array ;

2018-03-19 19:17:48 response :
------------

2018-03-19 19:18:52 trace :
------------
Array:
tousername : gh_0c02969f70a6 ;
fromusername : oSI4Lj-mQFi0cVrtdhb5LRhxTXRo ;
createtime : 1521458332 ;
msgtype : event ;
event : SCAN ;
eventkey : 1232261807 ;
ticket : gQHM8TwAAAAAAAAAAS5odHRwOi8vd2VpeGluLnFxLmNvbS9xLzAybXVDNUJLOGU4YmYxT2tGbjFxMXoAAgSUnK9aAwQAjScA ;
from : oSI4Lj-mQFi0cVrtdhb5LRhxTXRo ;
to : gh_0c02969f70a6 ;
time : 1521458332 ;
type : subscribe ;
scene : 1232261807 ;

2018-03-19 19:18:52 params :
------------
Array:
rule : -2 ;
module :  ;
message : Array ;

2018-03-19 19:18:52 response :
------------

2018-03-19 19:20:29 trace :
------------
Array:
tousername : gh_0c02969f70a6 ;
fromusername : oSI4Ljxetj1Www54fc__5ifepmo4 ;
createtime : 1521458429 ;
msgtype : event ;
event : VIEW ;
eventkey : http://zz.jhzh66.com/app/index.php?i=8&c=entry&eid=194 ;
menuid : 424819011 ;
from : oSI4Ljxetj1Www54fc__5ifepmo4 ;
to : gh_0c02969f70a6 ;
time : 1521458429 ;
type : event ;

2018-03-19 19:20:29 params :
------------
Array:
rule : -2 ;
module :  ;
message : Array ;

2018-03-19 19:20:29 response :
------------

2018-03-19 19:37:03 trace :
------------
Array:
tousername : gh_0c02969f70a6 ;
fromusername : oSI4Lj3MXo4tWo4HQ_3-ocXJB5AQ ;
createtime : 1521459423 ;
msgtype : event ;
event : VIEW ;
eventkey : http://zz.jhzh66.com/app/index.php?i=8&c=entry&eid=194 ;
menuid : 424819011 ;
from : oSI4Lj3MXo4tWo4HQ_3-ocXJB5AQ ;
to : gh_0c02969f70a6 ;
time : 1521459423 ;
type : event ;

2018-03-19 19:37:03 params :
------------
Array:
rule : -2 ;
module :  ;
message : Array ;

2018-03-19 19:37:03 response :
------------

2018-03-19 19:38:42 trace :
------------
Array:
tousername : gh_0c02969f70a6 ;
fromusername : oSI4Lj3MXo4tWo4HQ_3-ocXJB5AQ ;
createtime : 1521459522 ;
msgtype : event ;
event : VIEW ;
eventkey : http://zz.jhzh66.com/app/index.php?i=8&c=entry&eid=194 ;
menuid : 424819011 ;
from : oSI4Lj3MXo4tWo4HQ_3-ocXJB5AQ ;
to : gh_0c02969f70a6 ;
time : 1521459522 ;
type : event ;

2018-03-19 19:38:42 params :
------------
Array:
rule : -2 ;
module :  ;
message : Array ;

2018-03-19 19:38:42 response :
------------

2018-03-19 19:38:46 trace :
------------
Array:
tousername : gh_0c02969f70a6 ;
fromusername : oSI4LjzpxpH0cEqR6ODnmuVSciCs ;
createtime : 1521459526 ;
msgtype : event ;
event : VIEW ;
eventkey : http://zz.jhzh66.com/app/index.php?i=8&c=entry&eid=194 ;
menuid : 424819011 ;
from : oSI4LjzpxpH0cEqR6ODnmuVSciCs ;
to : gh_0c02969f70a6 ;
time : 1521459526 ;
type : event ;

2018-03-19 19:38:46 params :
------------
Array:
rule : -2 ;
module :  ;
message : Array ;

2018-03-19 19:38:46 response :
------------

2018-03-19 19:45:32 trace :
------------
Array:
tousername : gh_0c02969f70a6 ;
fromusername : oSI4Lj1i1MTrQF9drjzUO7GGiMa0 ;
createtime : 1521459932 ;
msgtype : event ;
event : TEMPLATESENDJOBFINISH ;
msgid : 199106313052061699 ;
status : success ;
from : oSI4Lj1i1MTrQF9drjzUO7GGiMa0 ;
to : gh_0c02969f70a6 ;
time : 1521459932 ;
type : event ;

2018-03-19 19:45:32 params :
------------
Array:
rule : -2 ;
module :  ;
message : Array ;

2018-03-19 19:45:32 response :
------------

2018-03-19 19:45:32 trace :
------------
Array:
tousername : gh_0c02969f70a6 ;
fromusername : oSI4Ljx6uGROSyB3bQ0vDLITo3-8 ;
createtime : 1521459932 ;
msgtype : event ;
event : TEMPLATESENDJOBFINISH ;
msgid : 199106314394238976 ;
status : success ;
from : oSI4Ljx6uGROSyB3bQ0vDLITo3-8 ;
to : gh_0c02969f70a6 ;
time : 1521459932 ;
type : event ;

2018-03-19 19:45:32 params :
------------
Array:
rule : -2 ;
module :  ;
message : Array ;

2018-03-19 19:45:32 response :
------------

2018-03-19 19:45:32 trace :
------------
Array:
tousername : gh_0c02969f70a6 ;
fromusername : oSI4Lj2INB21X35ZRUS0jMs3POUk ;
createtime : 1521459932 ;
msgtype : event ;
event : TEMPLATESENDJOBFINISH ;
msgid : 199106317984530432 ;
status : success ;
from : oSI4Lj2INB21X35ZRUS0jMs3POUk ;
to : gh_0c02969f70a6 ;
time : 1521459932 ;
type : event ;

2018-03-19 19:45:32 params :
------------
Array:
rule : -2 ;
module :  ;
message : Array ;

2018-03-19 19:45:32 response :
------------

2018-03-19 19:45:32 trace :
------------
Array:
tousername : gh_0c02969f70a6 ;
fromusername : oSI4Lj4bs5UeO31_Mt6rGVhU7d-Q ;
createtime : 1521459932 ;
msgtype : event ;
event : TEMPLATESENDJOBFINISH ;
msgid : 199106317615644674 ;
status : success ;
from : oSI4Lj4bs5UeO31_Mt6rGVhU7d-Q ;
to : gh_0c02969f70a6 ;
time : 1521459932 ;
type : event ;

2018-03-19 19:45:32 params :
------------
Array:
rule : -2 ;
module :  ;
message : Array ;

2018-03-19 19:45:32 response :
------------

2018-03-19 19:45:32 trace :
------------
Array:
tousername : gh_0c02969f70a6 ;
fromusername : oSI4LjwFuCfjj4FkOq_tS1grj9lE ;
createtime : 1521459932 ;
msgtype : event ;
event : TEMPLATESENDJOBFINISH ;
msgid : 199106318504853505 ;
status : success ;
from : oSI4LjwFuCfjj4FkOq_tS1grj9lE ;
to : gh_0c02969f70a6 ;
time : 1521459932 ;
type : event ;

2018-03-19 19:45:32 params :
------------
Array:
rule : -2 ;
module :  ;
message : Array ;

2018-03-19 19:45:32 response :
------------

2018-03-19 19:45:32 trace :
------------
Array:
tousername : gh_0c02969f70a6 ;
fromusername : oSI4Lj4POdU7GEPUbPdPO-3tDJ8o ;
createtime : 1521459932 ;
msgtype : event ;
event : TEMPLATESENDJOBFINISH ;
msgid : 199106317967835139 ;
status : success ;
from : oSI4Lj4POdU7GEPUbPdPO-3tDJ8o ;
to : gh_0c02969f70a6 ;
time : 1521459932 ;
type : event ;

2018-03-19 19:45:32 trace :
------------
Array:
tousername : gh_0c02969f70a6 ;
fromusername : oSI4Lj4cALuYrlchkBDykTsPLcRU ;
createtime : 1521459932 ;
msgtype : event ;
event : TEMPLATESENDJOBFINISH ;
msgid : 199106318454341633 ;
status : success ;
from : oSI4Lj4cALuYrlchkBDykTsPLcRU ;
to : gh_0c02969f70a6 ;
time : 1521459932 ;
type : event ;

2018-03-19 19:45:32 params :
------------
Array:
rule : -2 ;
module :  ;
message : Array ;

2018-03-19 19:45:32 response :
------------

2018-03-19 19:45:32 params :
------------
Array:
rule : -2 ;
module :  ;
message : Array ;

2018-03-19 19:45:32 response :
------------

2018-03-19 19:45:32 trace :
------------
Array:
tousername : gh_0c02969f70a6 ;
fromusername : oSI4Lj15TMxfqFNzdAI2YKGNRnts ;
createtime : 1521459932 ;
msgtype : event ;
event : TEMPLATESENDJOBFINISH ;
msgid : 199106318521352192 ;
status : success ;
from : oSI4Lj15TMxfqFNzdAI2YKGNRnts ;
to : gh_0c02969f70a6 ;
time : 1521459932 ;
type : event ;

2018-03-19 19:45:32 params :
------------
Array:
rule : -2 ;
module :  ;
message : Array ;

2018-03-19 19:45:32 response :
------------

2018-03-19 19:45:32 trace :
------------
Array:
tousername : gh_0c02969f70a6 ;
fromusername : oSI4Lj6S7EXPsUQpq6Ub89tzY38U ;
createtime : 1521459932 ;
msgtype : event ;
event : TEMPLATESENDJOBFINISH ;
msgid : 199106320031301633 ;
status : success ;
from : oSI4Lj6S7EXPsUQpq6Ub89tzY38U ;
to : gh_0c02969f70a6 ;
time : 1521459932 ;
type : event ;

2018-03-19 19:45:32 params :
------------
Array:
rule : -2 ;
module :  ;
message : Array ;

2018-03-19 19:45:32 response :
------------

2018-03-19 19:45:32 trace :
------------
Array:
tousername : gh_0c02969f70a6 ;
fromusername : oSI4Lj-qIb7RWk8RBS1LE4oMrehc ;
createtime : 1521459932 ;
msgtype : event ;
event : TEMPLATESENDJOBFINISH ;
msgid : 199106320098508800 ;
status : success ;
from : oSI4Lj-qIb7RWk8RBS1LE4oMrehc ;
to : gh_0c02969f70a6 ;
time : 1521459932 ;
type : event ;

2018-03-19 19:45:32 params :
------------
Array:
rule : -2 ;
module :  ;
message : Array ;

2018-03-19 19:45:32 response :
------------

2018-03-19 19:48:36 trace :
------------
Array:
tousername : gh_0c02969f70a6 ;
fromusername : oSI4Lj17m6F-C05PfQgL27LKkPD4 ;
createtime : 1521460116 ;
msgtype : event ;
event : VIEW ;
eventkey : http://zz.jhzh66.com/app/index.php?i=8&c=entry&eid=198 ;
menuid : 424819011 ;
from : oSI4Lj17m6F-C05PfQgL27LKkPD4 ;
to : gh_0c02969f70a6 ;
time : 1521460116 ;
type : event ;

2018-03-19 19:48:36 params :
------------
Array:
rule : -2 ;
module :  ;
message : Array ;

2018-03-19 19:48:36 response :
------------

2018-03-19 19:54:03 trace :
------------
Array:
tousername : gh_0c02969f70a6 ;
fromusername : oSI4Lj4LkM-zzcowtYlu97ZABbyQ ;
createtime : 1521460443 ;
msgtype : event ;
event : VIEW ;
eventkey : http://zz.jhzh66.com/app/index.php?i=8&c=entry&eid=198 ;
menuid : 424819011 ;
from : oSI4Lj4LkM-zzcowtYlu97ZABbyQ ;
to : gh_0c02969f70a6 ;
time : 1521460443 ;
type : event ;

2018-03-19 19:54:03 params :
------------
Array:
rule : -2 ;
module :  ;
message : Array ;

2018-03-19 19:54:03 response :
------------

2018-03-19 19:54:16 trace :
------------
Array:
tousername : gh_0c02969f70a6 ;
fromusername : oSI4Lj9QTHQzu9li424iire2RN3Y ;
createtime : 1521460456 ;
msgtype : event ;
event : VIEW ;
eventkey : http://zz.jhzh66.com/app/index.php?i=8&c=entry&eid=198 ;
menuid : 424819011 ;
from : oSI4Lj9QTHQzu9li424iire2RN3Y ;
to : gh_0c02969f70a6 ;
time : 1521460456 ;
type : event ;

2018-03-19 19:54:16 params :
------------
Array:
rule : -2 ;
module :  ;
message : Array ;

2018-03-19 19:54:16 response :
------------

2018-03-19 19:54:37 trace :
------------
Array:
tousername : gh_0c02969f70a6 ;
fromusername : oSI4Lj4LkM-zzcowtYlu97ZABbyQ ;
createtime : 1521460477 ;
msgtype : event ;
event : VIEW ;
eventkey : http://zz11.com.cn/plugin.php?id=wechat:access ;
menuid : 424819011 ;
from : oSI4Lj4LkM-zzcowtYlu97ZABbyQ ;
to : gh_0c02969f70a6 ;
time : 1521460477 ;
type : event ;

2018-03-19 19:54:37 params :
------------
Array:
rule : -2 ;
module :  ;
message : Array ;

2018-03-19 19:54:37 response :
------------

2018-03-19 19:55:08 trace :
------------
Array:
tousername : gh_0c02969f70a6 ;
fromusername : oSI4Lj4LkM-zzcowtYlu97ZABbyQ ;
createtime : 1521460508 ;
msgtype : event ;
event : VIEW ;
eventkey : http://zz.jhzh66.com/app/index.php?i=8&c=entry&eid=194 ;
menuid : 424819011 ;
from : oSI4Lj4LkM-zzcowtYlu97ZABbyQ ;
to : gh_0c02969f70a6 ;
time : 1521460508 ;
type : event ;

2018-03-19 19:55:08 params :
------------
Array:
rule : -2 ;
module :  ;
message : Array ;

2018-03-19 19:55:08 response :
------------

2018-03-19 19:59:38 trace :
------------
Array:
tousername : gh_0c02969f70a6 ;
fromusername : oSI4Lj4LkM-zzcowtYlu97ZABbyQ ;
createtime : 1521460777 ;
msgtype : text ;
content : 供应商后台有电脑版链接吗 ;
msgid : 6534624279786568616 ;
from : oSI4Lj4LkM-zzcowtYlu97ZABbyQ ;
to : gh_0c02969f70a6 ;
time : 1521460777 ;
type : text ;
event :  ;
redirection :  ;
source :  ;

2018-03-19 19:59:38 params :
------------
Array:
rule : -2 ;
module :  ;
message : Array ;

2018-03-19 19:59:38 response :
------------

2018-03-19 20:05:03 trace :
------------
Array:
tousername : gh_0c02969f70a6 ;
fromusername : oSI4Lj51s9g3owol1SXKipPGfUe8 ;
createtime : 1521461103 ;
msgtype : event ;
event : VIEW ;
eventkey : https://h5.scene.yqh5.cn/s/6szkjdIq ;
menuid : 424819011 ;
from : oSI4Lj51s9g3owol1SXKipPGfUe8 ;
to : gh_0c02969f70a6 ;
time : 1521461103 ;
type : event ;

2018-03-19 20:05:03 params :
------------
Array:
rule : -2 ;
module :  ;
message : Array ;

2018-03-19 20:05:03 response :
------------

2018-03-19 20:05:19 trace :
------------
Array:
tousername : gh_0c02969f70a6 ;
fromusername : oSI4Lj51s9g3owol1SXKipPGfUe8 ;
createtime : 1521461119 ;
msgtype : event ;
event : VIEW ;
eventkey : http://zz11.com.cn/plugin.php?id=wechat:access ;
menuid : 424819011 ;
from : oSI4Lj51s9g3owol1SXKipPGfUe8 ;
to : gh_0c02969f70a6 ;
time : 1521461119 ;
type : event ;

2018-03-19 20:05:19 params :
------------
Array:
rule : -2 ;
module :  ;
message : Array ;

2018-03-19 20:05:19 response :
------------

2018-03-19 20:06:50 trace :
------------
Array:
tousername : gh_0c02969f70a6 ;
fromusername : oSI4Lj79JOvAvfFkrLaO599Hwewo ;
createtime : 1521461210 ;
msgtype : event ;
event : VIEW ;
eventkey : http://zz.jhzh66.com/app/index.php?i=8&c=entry&eid=194 ;
menuid : 424819011 ;
from : oSI4Lj79JOvAvfFkrLaO599Hwewo ;
to : gh_0c02969f70a6 ;
time : 1521461210 ;
type : event ;

2018-03-19 20:06:50 params :
------------
Array:
rule : -2 ;
module :  ;
message : Array ;

2018-03-19 20:06:50 response :
------------

2018-03-19 20:07:18 trace :
------------
Array:
tousername : gh_0c02969f70a6 ;
fromusername : oSI4Lj51s9g3owol1SXKipPGfUe8 ;
createtime : 1521461238 ;
msgtype : event ;
event : VIEW ;
eventkey : http://zz.jhzh66.com/app/index.php?i=8&c=entry&eid=194 ;
menuid : 424819011 ;
from : oSI4Lj51s9g3owol1SXKipPGfUe8 ;
to : gh_0c02969f70a6 ;
time : 1521461238 ;
type : event ;

2018-03-19 20:07:18 params :
------------
Array:
rule : -2 ;
module :  ;
message : Array ;

2018-03-19 20:07:18 response :
------------

2018-03-19 20:13:37 trace :
------------
Array:
tousername : gh_0c02969f70a6 ;
fromusername : oSI4Lj3MXo4tWo4HQ_3-ocXJB5AQ ;
createtime : 1521461617 ;
msgtype : event ;
event : VIEW ;
eventkey : http://zz.jhzh66.com/app/index.php?i=8&c=entry&eid=194 ;
menuid : 424819011 ;
from : oSI4Lj3MXo4tWo4HQ_3-ocXJB5AQ ;
to : gh_0c02969f70a6 ;
time : 1521461617 ;
type : event ;

2018-03-19 20:13:37 params :
------------
Array:
rule : -2 ;
module :  ;
message : Array ;

2018-03-19 20:13:37 response :
------------

2018-03-19 20:15:54 trace :
------------
Array:
tousername : gh_0c02969f70a6 ;
fromusername : oSI4LjzJfilpxFIwXUSsUg9xOMPc ;
createtime : 1521461754 ;
msgtype : event ;
event : VIEW ;
eventkey : http://zz.jhzh66.com/app/index.php?i=8&c=entry&eid=198 ;
menuid : 424819011 ;
from : oSI4LjzJfilpxFIwXUSsUg9xOMPc ;
to : gh_0c02969f70a6 ;
time : 1521461754 ;
type : event ;

2018-03-19 20:15:54 params :
------------
Array:
rule : -2 ;
module :  ;
message : Array ;

2018-03-19 20:15:54 response :
------------

2018-03-19 20:17:12 trace :
------------
Array:
tousername : gh_0c02969f70a6 ;
fromusername : oSI4Lj3MXo4tWo4HQ_3-ocXJB5AQ ;
createtime : 1521461831 ;
msgtype : event ;
event : VIEW ;
eventkey : http://zz.jhzh66.com/app/index.php?i=8&c=entry&eid=194 ;
menuid : 424819011 ;
from : oSI4Lj3MXo4tWo4HQ_3-ocXJB5AQ ;
to : gh_0c02969f70a6 ;
time : 1521461831 ;
type : event ;

2018-03-19 20:17:12 params :
------------
Array:
rule : -2 ;
module :  ;
message : Array ;

2018-03-19 20:17:12 response :
------------

2018-03-19 20:18:08 trace :
------------
Array:
tousername : gh_0c02969f70a6 ;
fromusername : oSI4Lj3MXo4tWo4HQ_3-ocXJB5AQ ;
createtime : 1521461888 ;
msgtype : event ;
event : VIEW ;
eventkey : http://zz.jhzh66.com/app/index.php?i=8&c=entry&eid=194 ;
menuid : 424819011 ;
from : oSI4Lj3MXo4tWo4HQ_3-ocXJB5AQ ;
to : gh_0c02969f70a6 ;
time : 1521461888 ;
type : event ;

2018-03-19 20:18:08 params :
------------
Array:
rule : -2 ;
module :  ;
message : Array ;

2018-03-19 20:18:08 response :
------------

2018-03-19 20:19:14 trace :
------------
Array:
tousername : gh_0c02969f70a6 ;
fromusername : oSI4LjzJByoabCukpZmqyDV_0mMI ;
createtime : 1521461954 ;
msgtype : event ;
event : VIEW ;
eventkey : http://zz.jhzh66.com/app/index.php?i=8&c=entry&eid=194 ;
menuid : 424819011 ;
from : oSI4LjzJByoabCukpZmqyDV_0mMI ;
to : gh_0c02969f70a6 ;
time : 1521461954 ;
type : event ;

2018-03-19 20:19:14 params :
------------
Array:
rule : -2 ;
module :  ;
message : Array ;

2018-03-19 20:19:14 response :
------------

2018-03-19 20:19:19 trace :
------------
Array:
tousername : gh_0c02969f70a6 ;
fromusername : oSI4LjzJByoabCukpZmqyDV_0mMI ;
createtime : 1521461959 ;
msgtype : event ;
event : VIEW ;
eventkey : http://zz.jhzh66.com/app/index.php?i=8&c=site&a=site&do=detail&id=2 ;
menuid : 424819011 ;
from : oSI4LjzJByoabCukpZmqyDV_0mMI ;
to : gh_0c02969f70a6 ;
time : 1521461959 ;
type : event ;

2018-03-19 20:19:19 params :
------------
Array:
rule : -2 ;
module :  ;
message : Array ;

2018-03-19 20:19:19 response :
------------

2018-03-19 20:19:51 trace :
------------
Array:
tousername : gh_0c02969f70a6 ;
fromusername : oSI4Lj3MXo4tWo4HQ_3-ocXJB5AQ ;
createtime : 1521461991 ;
msgtype : event ;
event : VIEW ;
eventkey : http://zz.jhzh66.com/app/index.php?i=8&c=entry&eid=194 ;
menuid : 424819011 ;
from : oSI4Lj3MXo4tWo4HQ_3-ocXJB5AQ ;
to : gh_0c02969f70a6 ;
time : 1521461991 ;
type : event ;

2018-03-19 20:19:51 params :
------------
Array:
rule : -2 ;
module :  ;
message : Array ;

2018-03-19 20:19:51 response :
------------

2018-03-19 20:20:54 trace :
------------
Array:
tousername : gh_0c02969f70a6 ;
fromusername : oSI4Lj3MXo4tWo4HQ_3-ocXJB5AQ ;
createtime : 1521462054 ;
msgtype : event ;
event : VIEW ;
eventkey : http://zz.jhzh66.com/app/index.php?i=8&c=entry&eid=198 ;
menuid : 424819011 ;
from : oSI4Lj3MXo4tWo4HQ_3-ocXJB5AQ ;
to : gh_0c02969f70a6 ;
time : 1521462054 ;
type : event ;

2018-03-19 20:20:54 params :
------------
Array:
rule : -2 ;
module :  ;
message : Array ;

2018-03-19 20:20:54 response :
------------

2018-03-19 20:21:47 trace :
------------
Array:
tousername : gh_0c02969f70a6 ;
fromusername : oSI4Lj3MXo4tWo4HQ_3-ocXJB5AQ ;
createtime : 1521462107 ;
msgtype : event ;
event : VIEW ;
eventkey : http://zz.jhzh66.com/app/index.php?i=8&c=entry&eid=198 ;
menuid : 424819011 ;
from : oSI4Lj3MXo4tWo4HQ_3-ocXJB5AQ ;
to : gh_0c02969f70a6 ;
time : 1521462107 ;
type : event ;

2018-03-19 20:21:47 params :
------------
Array:
rule : -2 ;
module :  ;
message : Array ;

2018-03-19 20:21:47 response :
------------

2018-03-19 20:22:54 trace :
------------
Array:
tousername : gh_0c02969f70a6 ;
fromusername : oSI4Lj3MXo4tWo4HQ_3-ocXJB5AQ ;
createtime : 1521462174 ;
msgtype : event ;
event : VIEW ;
eventkey : http://zz.jhzh66.com/app/index.php?i=8&c=entry&eid=198 ;
menuid : 424819011 ;
from : oSI4Lj3MXo4tWo4HQ_3-ocXJB5AQ ;
to : gh_0c02969f70a6 ;
time : 1521462174 ;
type : event ;

2018-03-19 20:22:54 params :
------------
Array:
rule : -2 ;
module :  ;
message : Array ;

2018-03-19 20:22:54 response :
------------

2018-03-19 20:25:16 trace :
------------
Array:
tousername : gh_0c02969f70a6 ;
fromusername : oSI4LjyHUqsKQ2U6jJYcy4lCjBVA ;
createtime : 1521462316 ;
msgtype : event ;
event : VIEW ;
eventkey : http://zz.jhzh66.com/app/index.php?i=8&c=entry&eid=194 ;
menuid : 424819011 ;
from : oSI4LjyHUqsKQ2U6jJYcy4lCjBVA ;
to : gh_0c02969f70a6 ;
time : 1521462316 ;
type : event ;

2018-03-19 20:25:16 params :
------------
Array:
rule : -2 ;
module :  ;
message : Array ;

2018-03-19 20:25:16 response :
------------

2018-03-19 20:27:27 trace :
------------
Array:
tousername : gh_0c02969f70a6 ;
fromusername : oSI4LjyHUqsKQ2U6jJYcy4lCjBVA ;
createtime : 1521462446 ;
msgtype : event ;
event : VIEW ;
eventkey : http://zz.jhzh66.com/app/index.php?i=8&c=entry&eid=194 ;
menuid : 424819011 ;
from : oSI4LjyHUqsKQ2U6jJYcy4lCjBVA ;
to : gh_0c02969f70a6 ;
time : 1521462446 ;
type : event ;

2018-03-19 20:27:27 params :
------------
Array:
rule : -2 ;
module :  ;
message : Array ;

2018-03-19 20:27:27 response :
------------

2018-03-19 20:42:37 trace :
------------
Array:
tousername : gh_0c02969f70a6 ;
fromusername : oSI4LjxOk_z2c7unlDpR6f69Hl6A ;
createtime : 1521463357 ;
msgtype : event ;
event : VIEW ;
eventkey : http://zz.jhzh66.com/app/index.php?i=8&c=entry&eid=198 ;
menuid : 424819011 ;
from : oSI4LjxOk_z2c7unlDpR6f69Hl6A ;
to : gh_0c02969f70a6 ;
time : 1521463357 ;
type : event ;

2018-03-19 20:42:37 params :
------------
Array:
rule : -2 ;
module :  ;
message : Array ;

2018-03-19 20:42:37 response :
------------

2018-03-19 21:04:00 trace :
------------
Array:
tousername : gh_0c02969f70a6 ;
fromusername : oSI4Lj97Jm2kdczJ4OHYMLb017pk ;
createtime : 1521464640 ;
msgtype : event ;
event : VIEW ;
eventkey : http://zz.jhzh66.com/app/index.php?i=8&c=entry&eid=194 ;
menuid : 424759407 ;
from : oSI4Lj97Jm2kdczJ4OHYMLb017pk ;
to : gh_0c02969f70a6 ;
time : 1521464640 ;
type : event ;

2018-03-19 21:04:00 params :
------------
Array:
rule : -2 ;
module :  ;
message : Array ;

2018-03-19 21:04:00 response :
------------

2018-03-19 21:19:27 trace :
------------
Array:
tousername : gh_0c02969f70a6 ;
fromusername : oSI4LjxgPvF9iMHSyO55h3cZ7WMg ;
createtime : 1521465567 ;
msgtype : event ;
event : subscribe ;
eventkey : Array ;
from : oSI4LjxgPvF9iMHSyO55h3cZ7WMg ;
to : gh_0c02969f70a6 ;
time : 1521465567 ;
type : subscribe ;

2018-03-19 21:19:27 params :
------------
Array:
rule : -2 ;
module :  ;
message : Array ;

2018-03-19 21:19:27 response :
------------

2018-03-19 21:24:14 trace :
------------
Array:
tousername : gh_0c02969f70a6 ;
fromusername : oSI4Lj79JOvAvfFkrLaO599Hwewo ;
createtime : 1521465854 ;
msgtype : event ;
event : VIEW ;
eventkey : http://zz.jhzh66.com/app/index.php?i=8&c=entry&eid=194 ;
menuid : 424819011 ;
from : oSI4Lj79JOvAvfFkrLaO599Hwewo ;
to : gh_0c02969f70a6 ;
time : 1521465854 ;
type : event ;

2018-03-19 21:24:14 params :
------------
Array:
rule : -2 ;
module :  ;
message : Array ;

2018-03-19 21:24:14 response :
------------

2018-03-19 21:24:15 trace :
------------
Array:
tousername : gh_0c02969f70a6 ;
fromusername : oSI4LjzJByoabCukpZmqyDV_0mMI ;
createtime : 1521465854 ;
msgtype : event ;
event : VIEW ;
eventkey : http://zz.jhzh66.com/app/index.php?i=8&c=entry&eid=194 ;
menuid : 424819011 ;
from : oSI4LjzJByoabCukpZmqyDV_0mMI ;
to : gh_0c02969f70a6 ;
time : 1521465854 ;
type : event ;

2018-03-19 21:24:15 params :
------------
Array:
rule : -2 ;
module :  ;
message : Array ;

2018-03-19 21:24:15 response :
------------

2018-03-19 21:29:59 trace :
------------
Array:
tousername : gh_0c02969f70a6 ;
fromusername : oSI4Lj79JOvAvfFkrLaO599Hwewo ;
createtime : 1521466199 ;
msgtype : event ;
event : VIEW ;
eventkey : http://zz.jhzh66.com/app/index.php?i=8&c=entry&eid=194 ;
menuid : 424819011 ;
from : oSI4Lj79JOvAvfFkrLaO599Hwewo ;
to : gh_0c02969f70a6 ;
time : 1521466199 ;
type : event ;

2018-03-19 21:29:59 params :
------------
Array:
rule : -2 ;
module :  ;
message : Array ;

2018-03-19 21:29:59 response :
------------

2018-03-19 21:30:07 trace :
------------
Array:
tousername : gh_0c02969f70a6 ;
fromusername : oSI4Lj52bFBtzI-rKGOePyJU1yEU ;
createtime : 1521466207 ;
msgtype : event ;
event : SCAN ;
eventkey : 1233322233 ;
ticket : gQEX8TwAAAAAAAAAAS5odHRwOi8vd2VpeGluLnFxLmNvbS9xLzAyZE9RUEFzOGU4YmYxUjc4bmhxMUQAAgRHu69aAwQAjScA ;
from : oSI4Lj52bFBtzI-rKGOePyJU1yEU ;
to : gh_0c02969f70a6 ;
time : 1521466207 ;
type : subscribe ;
scene : 1233322233 ;

2018-03-19 21:30:07 params :
------------
Array:
rule : -2 ;
module :  ;
message : Array ;

2018-03-19 21:30:07 response :
------------

2018-03-19 21:33:49 trace :
------------
Array:
tousername : gh_0c02969f70a6 ;
fromusername : oSI4Lj95EWi6-qifEuK2-xlggHx4 ;
createtime : 1521466429 ;
msgtype : event ;
event : VIEW ;
eventkey : http://zz.jhzh66.com/app/index.php?i=8&c=entry&eid=194 ;
menuid : 424819011 ;
from : oSI4Lj95EWi6-qifEuK2-xlggHx4 ;
to : gh_0c02969f70a6 ;
time : 1521466429 ;
type : event ;

2018-03-19 21:33:49 params :
------------
Array:
rule : -2 ;
module :  ;
message : Array ;

2018-03-19 21:33:49 response :
------------

2018-03-19 21:37:40 trace :
------------
Array:
tousername : gh_0c02969f70a6 ;
fromusername : oSI4Lj-iJugNCoAZ-mybW05bVgEk ;
createtime : 1521466660 ;
msgtype : event ;
event : CLICK ;
eventkey : 海报 ;
from : oSI4Lj-iJugNCoAZ-mybW05bVgEk ;
to : gh_0c02969f70a6 ;
time : 1521466660 ;
type : event ;

2018-03-19 21:40:44 trace :
------------
Array:
tousername : gh_0c02969f70a6 ;
fromusername : oSI4Lj17As79KTBk8dJMskxWiL2E ;
createtime : 1521466844 ;
msgtype : event ;
event : VIEW ;
eventkey : https://m.qlchat.com/live/320000044317761.htm ;
menuid : 424819011 ;
from : oSI4Lj17As79KTBk8dJMskxWiL2E ;
to : gh_0c02969f70a6 ;
time : 1521466844 ;
type : event ;

2018-03-19 21:40:44 params :
------------
Array:
rule : -2 ;
module :  ;
message : Array ;

2018-03-19 21:40:44 response :
------------

2018-03-19 21:42:07 trace :
------------
Array:
tousername : gh_0c02969f70a6 ;
fromusername : oSI4Lj79JOvAvfFkrLaO599Hwewo ;
createtime : 1521466927 ;
msgtype : event ;
event : VIEW ;
eventkey : http://zz.jhzh66.com/app/index.php?i=8&c=entry&eid=194 ;
menuid : 424819011 ;
from : oSI4Lj79JOvAvfFkrLaO599Hwewo ;
to : gh_0c02969f70a6 ;
time : 1521466927 ;
type : event ;

2018-03-19 21:42:07 params :
------------
Array:
rule : -2 ;
module :  ;
message : Array ;

2018-03-19 21:42:07 response :
------------

2018-03-19 21:42:32 trace :
------------
Array:
tousername : gh_0c02969f70a6 ;
fromusername : oSI4Lj97Jm2kdczJ4OHYMLb017pk ;
createtime : 1521466952 ;
msgtype : event ;
event : VIEW ;
eventkey : http://zz.jhzh66.com/app/index.php?i=8&c=entry&eid=194 ;
menuid : 424819011 ;
from : oSI4Lj97Jm2kdczJ4OHYMLb017pk ;
to : gh_0c02969f70a6 ;
time : 1521466952 ;
type : event ;

2018-03-19 21:42:32 params :
------------
Array:
rule : -2 ;
module :  ;
message : Array ;

2018-03-19 21:42:32 response :
------------

2018-03-19 21:47:21 trace :
------------
Array:
tousername : gh_0c02969f70a6 ;
fromusername : oSI4Lj95EWi6-qifEuK2-xlggHx4 ;
createtime : 1521467241 ;
msgtype : event ;
event : VIEW ;
eventkey : http://zz.jhzh66.com/app/index.php?i=8&c=entry&eid=194 ;
menuid : 424819011 ;
from : oSI4Lj95EWi6-qifEuK2-xlggHx4 ;
to : gh_0c02969f70a6 ;
time : 1521467241 ;
type : event ;

2018-03-19 21:47:21 params :
------------
Array:
rule : -2 ;
module :  ;
message : Array ;

2018-03-19 21:47:21 response :
------------

2018-03-19 21:48:24 trace :
------------
Array:
tousername : gh_0c02969f70a6 ;
fromusername : oSI4Lj95EWi6-qifEuK2-xlggHx4 ;
createtime : 1521467304 ;
msgtype : event ;
event : VIEW ;
eventkey : http://zz.jhzh66.com/app/index.php?i=8&c=entry&eid=194 ;
menuid : 424819011 ;
from : oSI4Lj95EWi6-qifEuK2-xlggHx4 ;
to : gh_0c02969f70a6 ;
time : 1521467304 ;
type : event ;

2018-03-19 21:48:24 params :
------------
Array:
rule : -2 ;
module :  ;
message : Array ;

2018-03-19 21:48:24 response :
------------

2018-03-19 22:11:26 trace :
------------
Array:
tousername : gh_0c02969f70a6 ;
fromusername : oSI4Lj9noDDvKudq42_noiswWAKM ;
createtime : 1521468686 ;
msgtype : event ;
event : VIEW ;
eventkey : http://zz.jhzh66.com/app/index.php?i=8&c=entry&eid=198 ;
menuid : 424819011 ;
from : oSI4Lj9noDDvKudq42_noiswWAKM ;
to : gh_0c02969f70a6 ;
time : 1521468686 ;
type : event ;

2018-03-19 22:11:26 params :
------------
Array:
rule : -2 ;
module :  ;
message : Array ;

2018-03-19 22:11:26 response :
------------

2018-03-19 23:11:09 trace :
------------
Array:
tousername : gh_0c02969f70a6 ;
fromusername : oSI4Lj3KnX2JVD0TjuS2grE2l1QM ;
createtime : 1521472269 ;
msgtype : event ;
event : VIEW ;
eventkey : http://zz.jhzh66.com/app/index.php?i=8&c=entry&eid=198 ;
menuid : 424819011 ;
from : oSI4Lj3KnX2JVD0TjuS2grE2l1QM ;
to : gh_0c02969f70a6 ;
time : 1521472269 ;
type : event ;

2018-03-19 23:11:09 params :
------------
Array:
rule : -2 ;
module :  ;
message : Array ;

2018-03-19 23:11:09 response :
------------

2018-03-19 23:37:10 trace :
------------
Array:
tousername : gh_0c02969f70a6 ;
fromusername : oSI4Lj2C9XQcDTo5mOA1Sk5b4MlU ;
createtime : 1521473830 ;
msgtype : event ;
event : VIEW ;
eventkey : http://zz11.com.cn/plugin.php?id=wechat:access ;
menuid : 424819011 ;
from : oSI4Lj2C9XQcDTo5mOA1Sk5b4MlU ;
to : gh_0c02969f70a6 ;
time : 1521473830 ;
type : event ;

2018-03-19 23:37:10 params :
------------
Array:
rule : -2 ;
module :  ;
message : Array ;

2018-03-19 23:37:10 response :
------------

2018-03-19 23:47:18 trace :
------------
Array:
tousername : gh_0c02969f70a6 ;
fromusername : oSI4Lj2wkg2n_JN-yauY6A4GH8V4 ;
createtime : 1521474438 ;
msgtype : event ;
event : VIEW ;
eventkey : http://zz.jhzh66.com/app/index.php?i=8&c=entry&eid=198 ;
menuid : 424759407 ;
from : oSI4Lj2wkg2n_JN-yauY6A4GH8V4 ;
to : gh_0c02969f70a6 ;
time : 1521474438 ;
type : event ;

2018-03-19 23:47:18 params :
------------
Array:
rule : -2 ;
module :  ;
message : Array ;

2018-03-19 23:47:18 response :
------------

2018-03-19 23:47:56 trace :
------------
Array:
tousername : gh_0c02969f70a6 ;
fromusername : oSI4Lj2wkg2n_JN-yauY6A4GH8V4 ;
createtime : 1521474476 ;
msgtype : event ;
event : VIEW ;
eventkey : http://zz.jhzh66.com/app/index.php?i=8&c=entry&eid=198 ;
menuid : 424759407 ;
from : oSI4Lj2wkg2n_JN-yauY6A4GH8V4 ;
to : gh_0c02969f70a6 ;
time : 1521474476 ;
type : event ;

2018-03-19 23:47:56 params :
------------
Array:
rule : -2 ;
module :  ;
message : Array ;

2018-03-19 23:47:56 response :
------------

