2018-05-01 03:39:52 trace :
------------
Array:
tousername : gh_9aac6b6c619f ;
fromusername : o4Uy9vlNzZyrAIEiI6zfuvCNONuw ;
createtime : 1525117192 ;
msgtype : event ;
event : subscribe ;
eventkey : Array ;
from : o4Uy9vlNzZyrAIEiI6zfuvCNONuw ;
to : gh_9aac6b6c619f ;
time : 1525117192 ;
type : subscribe ;

2018-05-01 03:39:52 params :
------------
Array:
rule : -2 ;
module :  ;
message : Array ;

2018-05-01 03:39:52 response :
------------

2018-05-01 03:41:41 trace :
------------
Array:
tousername : gh_9aac6b6c619f ;
fromusername : o4Uy9vlNzZyrAIEiI6zfuvCNONuw ;
createtime : 1525117301 ;
msgtype : event ;
event : VIEW ;
eventkey : http://fx.jhzh66.com/app/index.php?i=3&c=entry&eid=14 ;
menuid : 425178868 ;
from : o4Uy9vlNzZyrAIEiI6zfuvCNONuw ;
to : gh_9aac6b6c619f ;
time : 1525117301 ;
type : event ;

2018-05-01 03:41:41 params :
------------
Array:
rule : -2 ;
module :  ;
message : Array ;

2018-05-01 03:41:41 response :
------------

2018-05-01 03:42:05 trace :
------------
Array:
tousername : gh_9aac6b6c619f ;
fromusername : o4Uy9vlNzZyrAIEiI6zfuvCNONuw ;
createtime : 1525117325 ;
msgtype : event ;
event : VIEW ;
eventkey : http://fx.jhzh66.com/app/index.php?i=3&c=entry&method=shares&p=commission&m=ewei_shop&mid=23&do=plugin ;
menuid : 425178868 ;
from : o4Uy9vlNzZyrAIEiI6zfuvCNONuw ;
to : gh_9aac6b6c619f ;
time : 1525117325 ;
type : event ;

2018-05-01 03:42:05 params :
------------
Array:
rule : -2 ;
module :  ;
message : Array ;

2018-05-01 03:42:05 response :
------------

2018-05-01 03:42:58 trace :
------------
Array:
tousername : gh_9aac6b6c619f ;
fromusername : o4Uy9vlNzZyrAIEiI6zfuvCNONuw ;
createtime : 1525117378 ;
msgtype : event ;
event : CLICK ;
eventkey : 代理加盟 ;
from : o4Uy9vlNzZyrAIEiI6zfuvCNONuw ;
to : gh_9aac6b6c619f ;
time : 1525117378 ;
type : event ;

2018-05-01 03:42:59 params :
------------
Array:
message : Array ;
module : news ;
rule : 920 ;
priority : 0 ;
keyword : Array ;

2018-05-01 03:42:59 response :
------------
Array:
FromUserName : gh_9aac6b6c619f ;
ToUserName : o4Uy9vlNzZyrAIEiI6zfuvCNONuw ;
MsgType : news ;
ArticleCount : 1 ;
Articles : Array ;

2018-05-01 03:43:31 trace :
------------
Array:
tousername : gh_9aac6b6c619f ;
fromusername : o4Uy9vlNzZyrAIEiI6zfuvCNONuw ;
createtime : 1525117411 ;
msgtype : event ;
event : CLICK ;
eventkey : 秒盟 ;
from : o4Uy9vlNzZyrAIEiI6zfuvCNONuw ;
to : gh_9aac6b6c619f ;
time : 1525117411 ;
type : event ;

2018-05-01 03:43:31 params :
------------
Array:
rule : -2 ;
module :  ;
message : Array ;

2018-05-01 03:43:31 response :
------------

2018-05-01 03:44:00 trace :
------------
Array:
tousername : gh_9aac6b6c619f ;
fromusername : o4Uy9vlNzZyrAIEiI6zfuvCNONuw ;
createtime : 1525117440 ;
msgtype : event ;
event : CLICK ;
eventkey : 代理加盟 ;
from : o4Uy9vlNzZyrAIEiI6zfuvCNONuw ;
to : gh_9aac6b6c619f ;
time : 1525117440 ;
type : event ;

2018-05-01 03:44:00 params :
------------
Array:
message : Array ;
module : news ;
rule : 920 ;
priority : 0 ;
keyword : Array ;

2018-05-01 03:44:00 response :
------------
Array:
FromUserName : gh_9aac6b6c619f ;
ToUserName : o4Uy9vlNzZyrAIEiI6zfuvCNONuw ;
MsgType : news ;
ArticleCount : 1 ;
Articles : Array ;

2018-05-01 03:44:58 trace :
------------
Array:
tousername : gh_9aac6b6c619f ;
fromusername : o4Uy9vlNzZyrAIEiI6zfuvCNONuw ;
createtime : 1525117497 ;
msgtype : event ;
event : CLICK ;
eventkey : 秒盟操作 ;
from : o4Uy9vlNzZyrAIEiI6zfuvCNONuw ;
to : gh_9aac6b6c619f ;
time : 1525117497 ;
type : event ;

2018-05-01 03:44:58 params :
------------
Array:
rule : -2 ;
module :  ;
message : Array ;

2018-05-01 03:44:58 response :
------------

2018-05-01 03:45:18 trace :
------------
Array:
tousername : gh_9aac6b6c619f ;
fromusername : o4Uy9vlNzZyrAIEiI6zfuvCNONuw ;
createtime : 1525117518 ;
msgtype : event ;
event : CLICK ;
eventkey : 易货操作 ;
from : o4Uy9vlNzZyrAIEiI6zfuvCNONuw ;
to : gh_9aac6b6c619f ;
time : 1525117518 ;
type : event ;

2018-05-01 03:45:18 params :
------------
Array:
rule : -2 ;
module :  ;
message : Array ;

2018-05-01 03:45:18 response :
------------

2018-05-01 03:45:38 trace :
------------
Array:
tousername : gh_9aac6b6c619f ;
fromusername : o4Uy9vlNzZyrAIEiI6zfuvCNONuw ;
createtime : 1525117538 ;
msgtype : event ;
event : VIEW ;
eventkey : http://cli.im/mob ;
menuid : 425178868 ;
from : o4Uy9vlNzZyrAIEiI6zfuvCNONuw ;
to : gh_9aac6b6c619f ;
time : 1525117538 ;
type : event ;

2018-05-01 03:45:38 params :
------------
Array:
rule : -2 ;
module :  ;
message : Array ;

2018-05-01 03:45:38 response :
------------

2018-05-01 03:46:25 trace :
------------
Array:
tousername : gh_9aac6b6c619f ;
fromusername : o4Uy9vlNzZyrAIEiI6zfuvCNONuw ;
createtime : 1525117585 ;
msgtype : event ;
event : VIEW ;
eventkey : http://fx.jhzh66.com/app/index.php?i=3&c=entry&method=shares&p=commission&m=ewei_shop&mid=23&do=plugin ;
menuid : 425178868 ;
from : o4Uy9vlNzZyrAIEiI6zfuvCNONuw ;
to : gh_9aac6b6c619f ;
time : 1525117585 ;
type : event ;

2018-05-01 03:46:25 params :
------------
Array:
rule : -2 ;
module :  ;
message : Array ;

2018-05-01 03:46:25 response :
------------

2018-05-01 03:46:34 trace :
------------
Array:
tousername : gh_9aac6b6c619f ;
fromusername : o4Uy9vlNzZyrAIEiI6zfuvCNONuw ;
createtime : 1525117594 ;
msgtype : event ;
event : VIEW ;
eventkey : http://mp.weixin.qq.com/s?__biz=MzIwMDA3NzAyNQ==&mid=2651319665&idx=1&sn=5cabadbf5382048ca3a215b1e369f499&scene=1&srcid=0724SAfbWsIwRQE2386iXXg2#wechat_redirect ;
menuid : 425178868 ;
from : o4Uy9vlNzZyrAIEiI6zfuvCNONuw ;
to : gh_9aac6b6c619f ;
time : 1525117594 ;
type : event ;

2018-05-01 03:46:34 params :
------------
Array:
rule : -2 ;
module :  ;
message : Array ;

2018-05-01 03:46:34 response :
------------

2018-05-01 03:48:23 trace :
------------
Array:
tousername : gh_9aac6b6c619f ;
fromusername : o4Uy9vlNzZyrAIEiI6zfuvCNONuw ;
createtime : 1525117703 ;
msgtype : event ;
event : VIEW ;
eventkey : http://fx.jhzh66.com/app/index.php?i=3&c=entry&eid=14 ;
menuid : 425178868 ;
from : o4Uy9vlNzZyrAIEiI6zfuvCNONuw ;
to : gh_9aac6b6c619f ;
time : 1525117703 ;
type : event ;

2018-05-01 03:48:23 params :
------------
Array:
rule : -2 ;
module :  ;
message : Array ;

2018-05-01 03:48:23 response :
------------

2018-05-01 03:48:30 trace :
------------
Array:
tousername : gh_9aac6b6c619f ;
fromusername : o4Uy9vlNzZyrAIEiI6zfuvCNONuw ;
createtime : 1525117710 ;
msgtype : event ;
event : VIEW ;
eventkey : http://fx.jhzh66.com/app/index.php?i=3&c=entry&method=shares&p=commission&m=ewei_shop&mid=23&do=plugin ;
menuid : 425178868 ;
from : o4Uy9vlNzZyrAIEiI6zfuvCNONuw ;
to : gh_9aac6b6c619f ;
time : 1525117710 ;
type : event ;

2018-05-01 03:48:30 params :
------------
Array:
rule : -2 ;
module :  ;
message : Array ;

2018-05-01 03:48:30 response :
------------

2018-05-01 03:48:38 trace :
------------
Array:
tousername : gh_9aac6b6c619f ;
fromusername : o4Uy9vlNzZyrAIEiI6zfuvCNONuw ;
createtime : 1525117718 ;
msgtype : event ;
event : CLICK ;
eventkey : 微商圈 ;
from : o4Uy9vlNzZyrAIEiI6zfuvCNONuw ;
to : gh_9aac6b6c619f ;
time : 1525117718 ;
type : event ;

2018-05-01 03:48:38 params :
------------
Array:
rule : -2 ;
module :  ;
message : Array ;

2018-05-01 03:48:38 response :
------------

2018-05-01 03:48:50 trace :
------------
Array:
tousername : gh_9aac6b6c619f ;
fromusername : o4Uy9vlNzZyrAIEiI6zfuvCNONuw ;
createtime : 1525117730 ;
msgtype : event ;
event : VIEW ;
eventkey : http://fx.jhzh66.com/app/index.php?i=3&c=entry&eid=18 ;
menuid : 425178868 ;
from : o4Uy9vlNzZyrAIEiI6zfuvCNONuw ;
to : gh_9aac6b6c619f ;
time : 1525117730 ;
type : event ;

2018-05-01 03:48:50 params :
------------
Array:
rule : -2 ;
module :  ;
message : Array ;

2018-05-01 03:48:50 response :
------------

2018-05-01 09:35:21 trace :
------------
Array:
tousername : gh_0c02969f70a6 ;
fromusername : oSI4Lj2HYhSCVFtvly_ynMHA4jbs ;
createtime : 1525138521 ;
msgtype : event ;
event : subscribe ;
eventkey : Array ;
from : oSI4Lj2HYhSCVFtvly_ynMHA4jbs ;
to : gh_0c02969f70a6 ;
time : 1525138521 ;
type : subscribe ;

2018-05-01 09:35:21 params :
------------
Array:
rule : -2 ;
module :  ;
message : Array ;

2018-05-01 09:35:21 response :
------------

2018-05-01 09:35:24 trace :
------------
Array:
tousername : gh_0c02969f70a6 ;
fromusername : oSI4Lj2HYhSCVFtvly_ynMHA4jbs ;
createtime : 1525138523 ;
msgtype : event ;
event : CLICK ;
eventkey : 介绍 ;
from : oSI4Lj2HYhSCVFtvly_ynMHA4jbs ;
to : gh_0c02969f70a6 ;
time : 1525138523 ;
type : event ;

2018-05-01 09:35:24 params :
------------
Array:
message : Array ;
module : basic ;
rule : 1013 ;
priority : 0 ;
keyword : Array ;

2018-05-01 09:35:24 response :
------------
Array:
FromUserName : gh_0c02969f70a6 ;
ToUserName : oSI4Lj2HYhSCVFtvly_ynMHA4jbs ;
MsgType : text ;
Content : https://u.eqxiu.com/s/6szkjdIq   易货联盟平台介绍

https://h.eqxiu.com/s/U4YBmmJj   代理商收益介绍 ;

2018-05-01 09:35:54 trace :
------------
Array:
tousername : gh_0c02969f70a6 ;
fromusername : oSI4Lj2HYhSCVFtvly_ynMHA4jbs ;
createtime : 1525138554 ;
msgtype : event ;
event : VIEW ;
eventkey : http://zz.jhzh66.com/app/index.php?i=8&c=site&a=site&do=detail&id=2 ;
menuid : 425359163 ;
from : oSI4Lj2HYhSCVFtvly_ynMHA4jbs ;
to : gh_0c02969f70a6 ;
time : 1525138554 ;
type : event ;

2018-05-01 09:35:54 params :
------------
Array:
rule : -2 ;
module :  ;
message : Array ;

2018-05-01 09:35:54 response :
------------

2018-05-01 12:20:22 trace :
------------
Array:
tousername : gh_0c02969f70a6 ;
fromusername : oSI4Lj8oAPTmAX2uQ7KkulZPMvEk ;
createtime : 1525148422 ;
msgtype : event ;
event : VIEW ;
eventkey : http://www.haolangtech.com/index.php?s=/Home/New/crowdfundingindex/id/22.html ;
menuid : 425359163 ;
from : oSI4Lj8oAPTmAX2uQ7KkulZPMvEk ;
to : gh_0c02969f70a6 ;
time : 1525148422 ;
type : event ;

2018-05-01 12:20:22 params :
------------
Array:
rule : -2 ;
module :  ;
message : Array ;

2018-05-01 12:20:22 response :
------------

2018-05-01 12:20:50 trace :
------------
Array:
tousername : gh_0c02969f70a6 ;
fromusername : oSI4Lj8oAPTmAX2uQ7KkulZPMvEk ;
createtime : 1525148450 ;
msgtype : event ;
event : VIEW ;
eventkey : http://zz.jhzh66.com/app/index.php?i=8&c=entry&eid=198 ;
menuid : 425359163 ;
from : oSI4Lj8oAPTmAX2uQ7KkulZPMvEk ;
to : gh_0c02969f70a6 ;
time : 1525148450 ;
type : event ;

2018-05-01 12:20:50 params :
------------
Array:
rule : -2 ;
module :  ;
message : Array ;

2018-05-01 12:20:50 response :
------------

2018-05-01 13:00:21 trace :
------------
Array:
tousername : gh_0c02969f70a6 ;
fromusername : oSI4Lj6G15FP3Q5dt-p_AcjqSHbE ;
createtime : 1525150821 ;
msgtype : event ;
event : VIEW ;
eventkey : http://zz.jhzh66.com/app/index.php?i=8&c=entry&eid=198 ;
menuid : 425359163 ;
from : oSI4Lj6G15FP3Q5dt-p_AcjqSHbE ;
to : gh_0c02969f70a6 ;
time : 1525150821 ;
type : event ;

2018-05-01 13:00:21 params :
------------
Array:
rule : -2 ;
module :  ;
message : Array ;

2018-05-01 13:00:21 response :
------------

2018-05-01 14:25:29 trace :
------------
Array:
tousername : gh_0c02969f70a6 ;
fromusername : oSI4Lj95EWi6-qifEuK2-xlggHx4 ;
createtime : 1525155929 ;
msgtype : event ;
event : VIEW ;
eventkey : http://zz.jhzh66.com/app/index.php?i=8&c=entry&eid=194 ;
menuid : 425359163 ;
from : oSI4Lj95EWi6-qifEuK2-xlggHx4 ;
to : gh_0c02969f70a6 ;
time : 1525155929 ;
type : event ;

2018-05-01 14:25:29 params :
------------
Array:
rule : -2 ;
module :  ;
message : Array ;

2018-05-01 14:25:29 response :
------------

2018-05-01 16:46:23 trace :
------------
Array:
tousername : gh_0c02969f70a6 ;
fromusername : oSI4Lj97Jm2kdczJ4OHYMLb017pk ;
createtime : 1525164383 ;
msgtype : event ;
event : VIEW ;
eventkey : http://zz.jhzh66.com/app/index.php?i=8&c=entry&eid=194 ;
menuid : 425359163 ;
from : oSI4Lj97Jm2kdczJ4OHYMLb017pk ;
to : gh_0c02969f70a6 ;
time : 1525164383 ;
type : event ;

2018-05-01 16:46:23 params :
------------
Array:
rule : -2 ;
module :  ;
message : Array ;

2018-05-01 16:46:23 response :
------------

2018-05-01 16:49:47 trace :
------------
Array:
tousername : gh_0c02969f70a6 ;
fromusername : oSI4Lj61cNqZ2u3iIxwOYG1mPHz4 ;
createtime : 1525164587 ;
msgtype : event ;
event : VIEW ;
eventkey : http://zz.jhzh66.com/app/index.php?i=8&c=entry&eid=194 ;
menuid : 425359163 ;
from : oSI4Lj61cNqZ2u3iIxwOYG1mPHz4 ;
to : gh_0c02969f70a6 ;
time : 1525164587 ;
type : event ;

2018-05-01 16:49:47 params :
------------
Array:
rule : -2 ;
module :  ;
message : Array ;

2018-05-01 16:49:47 response :
------------

2018-05-01 16:49:57 trace :
------------
Array:
tousername : gh_0c02969f70a6 ;
fromusername : oSI4Lj97Jm2kdczJ4OHYMLb017pk ;
createtime : 1525164597 ;
msgtype : event ;
event : VIEW ;
eventkey : http://zz.jhzh66.com/app/index.php?i=8&c=entry&eid=194 ;
menuid : 425359163 ;
from : oSI4Lj97Jm2kdczJ4OHYMLb017pk ;
to : gh_0c02969f70a6 ;
time : 1525164597 ;
type : event ;

2018-05-01 16:49:57 params :
------------
Array:
rule : -2 ;
module :  ;
message : Array ;

2018-05-01 16:49:57 response :
------------

2018-05-01 16:51:23 trace :
------------
Array:
tousername : gh_0c02969f70a6 ;
fromusername : oSI4Lj61cNqZ2u3iIxwOYG1mPHz4 ;
createtime : 1525164683 ;
msgtype : event ;
event : VIEW ;
eventkey : http://www.haolangtech.com/index.php/addon/HotActivity/HotActivity/leagueindex/id/1.html?from=groupmessage&isappinstalled=0 ;
menuid : 425359163 ;
from : oSI4Lj61cNqZ2u3iIxwOYG1mPHz4 ;
to : gh_0c02969f70a6 ;
time : 1525164683 ;
type : event ;

2018-05-01 16:51:23 params :
------------
Array:
rule : -2 ;
module :  ;
message : Array ;

2018-05-01 16:51:23 response :
------------

2018-05-01 18:03:24 trace :
------------
Array:
tousername : gh_0c02969f70a6 ;
fromusername : oSI4Lj9ayYFE1tVmS6Mp-mxNSDd4 ;
createtime : 1525169004 ;
msgtype : event ;
event : subscribe ;
eventkey : Array ;
from : oSI4Lj9ayYFE1tVmS6Mp-mxNSDd4 ;
to : gh_0c02969f70a6 ;
time : 1525169004 ;
type : subscribe ;

2018-05-01 18:03:24 params :
------------
Array:
rule : -2 ;
module :  ;
message : Array ;

2018-05-01 18:03:24 response :
------------

2018-05-01 18:03:34 trace :
------------
Array:
tousername : gh_0c02969f70a6 ;
fromusername : oSI4Lj9ayYFE1tVmS6Mp-mxNSDd4 ;
createtime : 1525169014 ;
msgtype : event ;
event : VIEW ;
eventkey : http://zz.jhzh66.com/app/index.php?i=8&c=entry&eid=198 ;
menuid : 425359163 ;
from : oSI4Lj9ayYFE1tVmS6Mp-mxNSDd4 ;
to : gh_0c02969f70a6 ;
time : 1525169014 ;
type : event ;

2018-05-01 18:03:34 params :
------------
Array:
rule : -2 ;
module :  ;
message : Array ;

2018-05-01 18:03:34 response :
------------

2018-05-01 18:05:25 trace :
------------
Array:
tousername : gh_0c02969f70a6 ;
fromusername : oSI4Lj_T-gCYgN_LqsjQr2PhdrJE ;
createtime : 1525169125 ;
msgtype : event ;
event : subscribe ;
eventkey : Array ;
from : oSI4Lj_T-gCYgN_LqsjQr2PhdrJE ;
to : gh_0c02969f70a6 ;
time : 1525169125 ;
type : subscribe ;

2018-05-01 18:05:25 params :
------------
Array:
rule : -2 ;
module :  ;
message : Array ;

2018-05-01 18:05:25 response :
------------

2018-05-01 18:05:34 trace :
------------
Array:
tousername : gh_0c02969f70a6 ;
fromusername : oSI4Lj_T-gCYgN_LqsjQr2PhdrJE ;
createtime : 1525169134 ;
msgtype : event ;
event : VIEW ;
eventkey : http://zz.jhzh66.com/app/index.php?i=8&c=entry&eid=198 ;
menuid : 425359163 ;
from : oSI4Lj_T-gCYgN_LqsjQr2PhdrJE ;
to : gh_0c02969f70a6 ;
time : 1525169134 ;
type : event ;

2018-05-01 18:05:34 params :
------------
Array:
rule : -2 ;
module :  ;
message : Array ;

2018-05-01 18:05:34 response :
------------

2018-05-01 20:54:00 trace :
------------
Array:
tousername : gh_0c02969f70a6 ;
fromusername : oSI4Lj97Jm2kdczJ4OHYMLb017pk ;
createtime : 1525179240 ;
msgtype : event ;
event : VIEW ;
eventkey : http://zz.jhzh66.com/app/index.php?i=8&c=entry&eid=194 ;
menuid : 425359163 ;
from : oSI4Lj97Jm2kdczJ4OHYMLb017pk ;
to : gh_0c02969f70a6 ;
time : 1525179240 ;
type : event ;

2018-05-01 20:54:00 params :
------------
Array:
rule : -2 ;
module :  ;
message : Array ;

2018-05-01 20:54:00 response :
------------

2018-05-01 20:54:29 trace :
------------
Array:
tousername : gh_0c02969f70a6 ;
fromusername : oSI4Lj97Jm2kdczJ4OHYMLb017pk ;
createtime : 1525179269 ;
msgtype : event ;
event : VIEW ;
eventkey : http://zz.jhzh66.com/app/index.php?i=8&c=entry&eid=194 ;
menuid : 425359163 ;
from : oSI4Lj97Jm2kdczJ4OHYMLb017pk ;
to : gh_0c02969f70a6 ;
time : 1525179269 ;
type : event ;

2018-05-01 20:54:29 params :
------------
Array:
rule : -2 ;
module :  ;
message : Array ;

2018-05-01 20:54:29 response :
------------

2018-05-01 20:56:23 trace :
------------
Array:
tousername : gh_0c02969f70a6 ;
fromusername : oSI4Lj97Jm2kdczJ4OHYMLb017pk ;
createtime : 1525179383 ;
msgtype : event ;
event : VIEW ;
eventkey : http://zz.jhzh66.com/app/index.php?i=8&c=entry&eid=194 ;
menuid : 425359163 ;
from : oSI4Lj97Jm2kdczJ4OHYMLb017pk ;
to : gh_0c02969f70a6 ;
time : 1525179383 ;
type : event ;

2018-05-01 20:56:23 params :
------------
Array:
rule : -2 ;
module :  ;
message : Array ;

2018-05-01 20:56:23 response :
------------

2018-05-01 21:12:34 trace :
------------
Array:
tousername : gh_0c02969f70a6 ;
fromusername : oSI4Lj97Jm2kdczJ4OHYMLb017pk ;
createtime : 1525180354 ;
msgtype : event ;
event : VIEW ;
eventkey : http://zz.jhzh66.com/app/index.php?i=8&c=entry&eid=194 ;
menuid : 425359163 ;
from : oSI4Lj97Jm2kdczJ4OHYMLb017pk ;
to : gh_0c02969f70a6 ;
time : 1525180354 ;
type : event ;

2018-05-01 21:12:34 params :
------------
Array:
rule : -2 ;
module :  ;
message : Array ;

2018-05-01 21:12:34 response :
------------

2018-05-01 23:18:40 trace :
------------
Array:
tousername : gh_0c02969f70a6 ;
fromusername : oSI4Lj2pjhreoyy5STNGRffttblI ;
createtime : 1525187920 ;
msgtype : event ;
event : VIEW ;
eventkey : http://zz.jhzh66.com/app/index.php?i=8&c=entry&eid=198 ;
menuid : 425359163 ;
from : oSI4Lj2pjhreoyy5STNGRffttblI ;
to : gh_0c02969f70a6 ;
time : 1525187920 ;
type : event ;

2018-05-01 23:18:40 params :
------------
Array:
rule : -2 ;
module :  ;
message : Array ;

2018-05-01 23:18:40 response :
------------

2018-05-01 23:33:09 trace :
------------
Array:
tousername : gh_0c02969f70a6 ;
fromusername : oSI4Lj9Yf39FYjzdipfcOQVSzfIE ;
createtime : 1525188789 ;
msgtype : event ;
event : VIEW ;
eventkey : http://zz.jhzh66.com/app/index.php?i=8&c=entry&eid=194 ;
menuid : 425359163 ;
from : oSI4Lj9Yf39FYjzdipfcOQVSzfIE ;
to : gh_0c02969f70a6 ;
time : 1525188789 ;
type : event ;

2018-05-01 23:33:09 params :
------------
Array:
rule : -2 ;
module :  ;
message : Array ;

2018-05-01 23:33:09 response :
------------

