2018-03-22 05:37:37 trace :
------------
Array:
tousername : gh_0c02969f70a6 ;
fromusername : oSI4Lj-XaO9wjnPbt9OzE2vQL_94 ;
createtime : 1521668256 ;
msgtype : event ;
event : VIEW ;
eventkey : http://zz.jhzh66.com/app/index.php?i=8&c=entry&eid=198 ;
menuid : 424819011 ;
from : oSI4Lj-XaO9wjnPbt9OzE2vQL_94 ;
to : gh_0c02969f70a6 ;
time : 1521668256 ;
type : event ;

2018-03-22 05:37:37 params :
------------
Array:
rule : -2 ;
module :  ;
message : Array ;

2018-03-22 05:37:37 response :
------------

2018-03-22 08:05:31 trace :
------------
Array:
tousername : gh_0c02969f70a6 ;
fromusername : oSI4Ljzp2py6ZbsIUO_zO1fmTcYU ;
createtime : 1521677131 ;
msgtype : event ;
event : VIEW ;
eventkey : http://zz.jhzh66.com/app/index.php?i=8&c=entry&eid=198 ;
menuid : 424819011 ;
from : oSI4Ljzp2py6ZbsIUO_zO1fmTcYU ;
to : gh_0c02969f70a6 ;
time : 1521677131 ;
type : event ;

2018-03-22 08:05:31 params :
------------
Array:
rule : -2 ;
module :  ;
message : Array ;

2018-03-22 08:05:31 response :
------------

2018-03-22 08:07:30 trace :
------------
Array:
tousername : gh_0c02969f70a6 ;
fromusername : oSI4Lj97Jm2kdczJ4OHYMLb017pk ;
createtime : 1521677250 ;
msgtype : event ;
event : VIEW ;
eventkey : http://zz.jhzh66.com/app/index.php?i=8&c=entry&eid=194 ;
menuid : 424819011 ;
from : oSI4Lj97Jm2kdczJ4OHYMLb017pk ;
to : gh_0c02969f70a6 ;
time : 1521677250 ;
type : event ;

2018-03-22 08:07:30 params :
------------
Array:
rule : -2 ;
module :  ;
message : Array ;

2018-03-22 08:07:30 response :
------------

2018-03-22 08:24:36 trace :
------------
Array:
tousername : gh_0c02969f70a6 ;
fromusername : oSI4Lj97Jm2kdczJ4OHYMLb017pk ;
createtime : 1521678276 ;
msgtype : event ;
event : VIEW ;
eventkey : http://zz.jhzh66.com/app/index.php?i=8&c=entry&eid=194 ;
menuid : 424819011 ;
from : oSI4Lj97Jm2kdczJ4OHYMLb017pk ;
to : gh_0c02969f70a6 ;
time : 1521678276 ;
type : event ;

2018-03-22 08:24:36 params :
------------
Array:
rule : -2 ;
module :  ;
message : Array ;

2018-03-22 08:24:36 response :
------------

2018-03-22 08:35:38 trace :
------------
Array:
tousername : gh_0c02969f70a6 ;
fromusername : oSI4Lj97Jm2kdczJ4OHYMLb017pk ;
createtime : 1521678938 ;
msgtype : event ;
event : VIEW ;
eventkey : http://zz.jhzh66.com/app/index.php?i=8&c=entry&eid=194 ;
menuid : 424819011 ;
from : oSI4Lj97Jm2kdczJ4OHYMLb017pk ;
to : gh_0c02969f70a6 ;
time : 1521678938 ;
type : event ;

2018-03-22 08:35:38 params :
------------
Array:
rule : -2 ;
module :  ;
message : Array ;

2018-03-22 08:35:38 response :
------------

2018-03-22 08:36:55 trace :
------------
Array:
tousername : gh_0c02969f70a6 ;
fromusername : oSI4Lj97Jm2kdczJ4OHYMLb017pk ;
createtime : 1521679015 ;
msgtype : event ;
event : VIEW ;
eventkey : http://zz.jhzh66.com/app/index.php?i=8&c=entry&eid=194 ;
menuid : 424819011 ;
from : oSI4Lj97Jm2kdczJ4OHYMLb017pk ;
to : gh_0c02969f70a6 ;
time : 1521679015 ;
type : event ;

2018-03-22 08:36:55 params :
------------
Array:
rule : -2 ;
module :  ;
message : Array ;

2018-03-22 08:36:55 response :
------------

2018-03-22 08:38:18 trace :
------------
Array:
tousername : gh_0c02969f70a6 ;
fromusername : oSI4Lj-LQwWe3V5eYWhJjnqZsybI ;
createtime : 1521679098 ;
msgtype : event ;
event : VIEW ;
eventkey : http://zz.jhzh66.com/app/index.php?i=8&c=entry&eid=194 ;
menuid : 424819011 ;
from : oSI4Lj-LQwWe3V5eYWhJjnqZsybI ;
to : gh_0c02969f70a6 ;
time : 1521679098 ;
type : event ;

2018-03-22 08:38:18 params :
------------
Array:
rule : -2 ;
module :  ;
message : Array ;

2018-03-22 08:38:18 response :
------------

2018-03-22 08:40:00 trace :
------------
Array:
tousername : gh_0c02969f70a6 ;
fromusername : oSI4Lj97Jm2kdczJ4OHYMLb017pk ;
createtime : 1521679199 ;
msgtype : event ;
event : VIEW ;
eventkey : http://zz.jhzh66.com/app/index.php?i=8&c=entry&eid=194 ;
menuid : 424819011 ;
from : oSI4Lj97Jm2kdczJ4OHYMLb017pk ;
to : gh_0c02969f70a6 ;
time : 1521679199 ;
type : event ;

2018-03-22 08:40:00 params :
------------
Array:
rule : -2 ;
module :  ;
message : Array ;

2018-03-22 08:40:00 response :
------------

2018-03-22 08:50:12 trace :
------------
Array:
tousername : gh_0c02969f70a6 ;
fromusername : oSI4Lj0AiCFOldGiz7UglWPkxp74 ;
createtime : 1521679812 ;
msgtype : event ;
event : VIEW ;
eventkey : http://zz.jhzh66.com/app/index.php?i=8&c=entry&eid=194 ;
menuid : 424819011 ;
from : oSI4Lj0AiCFOldGiz7UglWPkxp74 ;
to : gh_0c02969f70a6 ;
time : 1521679812 ;
type : event ;

2018-03-22 08:50:12 params :
------------
Array:
rule : -2 ;
module :  ;
message : Array ;

2018-03-22 08:50:12 response :
------------

2018-03-22 08:50:21 trace :
------------
Array:
tousername : gh_0c02969f70a6 ;
fromusername : oSI4Lj0AiCFOldGiz7UglWPkxp74 ;
createtime : 1521679820 ;
msgtype : event ;
event : VIEW ;
eventkey : https://h5.scene.yqh5.cn/s/6szkjdIq ;
menuid : 424819011 ;
from : oSI4Lj0AiCFOldGiz7UglWPkxp74 ;
to : gh_0c02969f70a6 ;
time : 1521679820 ;
type : event ;

2018-03-22 08:50:21 params :
------------
Array:
rule : -2 ;
module :  ;
message : Array ;

2018-03-22 08:50:21 response :
------------

2018-03-22 08:54:14 trace :
------------
Array:
tousername : gh_0c02969f70a6 ;
fromusername : oSI4Lj1BK8Q2Rub3yQ5W7kmCTdzk ;
createtime : 1521680054 ;
msgtype : event ;
event : VIEW ;
eventkey : http://zz.jhzh66.com/app/index.php?i=8&c=entry&eid=198 ;
menuid : 424819011 ;
from : oSI4Lj1BK8Q2Rub3yQ5W7kmCTdzk ;
to : gh_0c02969f70a6 ;
time : 1521680054 ;
type : event ;

2018-03-22 08:54:14 params :
------------
Array:
rule : -2 ;
module :  ;
message : Array ;

2018-03-22 08:54:14 response :
------------

2018-03-22 08:58:55 trace :
------------
Array:
tousername : gh_0c02969f70a6 ;
fromusername : oSI4LjxzDqnHqmaMD6F4v-f8Bnso ;
createtime : 1521680335 ;
msgtype : event ;
event : VIEW ;
eventkey : http://zz.jhzh66.com/app/index.php?i=8&c=entry&eid=198 ;
menuid : 424819011 ;
from : oSI4LjxzDqnHqmaMD6F4v-f8Bnso ;
to : gh_0c02969f70a6 ;
time : 1521680335 ;
type : event ;

2018-03-22 08:58:55 params :
------------
Array:
rule : -2 ;
module :  ;
message : Array ;

2018-03-22 08:58:55 response :
------------

2018-03-22 08:59:34 trace :
------------
Array:
tousername : gh_0c02969f70a6 ;
fromusername : oSI4Lj97Jm2kdczJ4OHYMLb017pk ;
createtime : 1521680374 ;
msgtype : event ;
event : VIEW ;
eventkey : http://zz.jhzh66.com/app/index.php?i=8&c=entry&eid=194 ;
menuid : 424819011 ;
from : oSI4Lj97Jm2kdczJ4OHYMLb017pk ;
to : gh_0c02969f70a6 ;
time : 1521680374 ;
type : event ;

2018-03-22 08:59:34 params :
------------
Array:
rule : -2 ;
module :  ;
message : Array ;

2018-03-22 08:59:34 response :
------------

2018-03-22 09:05:06 trace :
------------
Array:
tousername : gh_0c02969f70a6 ;
fromusername : oSI4Lj97Jm2kdczJ4OHYMLb017pk ;
createtime : 1521680706 ;
msgtype : event ;
event : VIEW ;
eventkey : http://zz.jhzh66.com/app/index.php?i=8&c=entry&eid=194 ;
menuid : 424819011 ;
from : oSI4Lj97Jm2kdczJ4OHYMLb017pk ;
to : gh_0c02969f70a6 ;
time : 1521680706 ;
type : event ;

2018-03-22 09:05:06 params :
------------
Array:
rule : -2 ;
module :  ;
message : Array ;

2018-03-22 09:05:06 response :
------------

2018-03-22 09:05:42 trace :
------------
Array:
tousername : gh_0c02969f70a6 ;
fromusername : oSI4Lj0AiCFOldGiz7UglWPkxp74 ;
createtime : 1521680742 ;
msgtype : event ;
event : VIEW ;
eventkey : http://zz.jhzh66.com/app/index.php?i=8&c=entry&eid=194 ;
menuid : 424819011 ;
from : oSI4Lj0AiCFOldGiz7UglWPkxp74 ;
to : gh_0c02969f70a6 ;
time : 1521680742 ;
type : event ;

2018-03-22 09:05:42 params :
------------
Array:
rule : -2 ;
module :  ;
message : Array ;

2018-03-22 09:05:42 response :
------------

2018-03-22 09:07:33 trace :
------------
Array:
tousername : gh_0c02969f70a6 ;
fromusername : oSI4Lj97Jm2kdczJ4OHYMLb017pk ;
createtime : 1521680852 ;
msgtype : event ;
event : VIEW ;
eventkey : http://zz.jhzh66.com/app/index.php?i=8&c=entry&eid=194 ;
menuid : 424819011 ;
from : oSI4Lj97Jm2kdczJ4OHYMLb017pk ;
to : gh_0c02969f70a6 ;
time : 1521680852 ;
type : event ;

2018-03-22 09:07:33 params :
------------
Array:
rule : -2 ;
module :  ;
message : Array ;

2018-03-22 09:07:33 response :
------------

2018-03-22 09:07:47 trace :
------------
Array:
tousername : gh_0c02969f70a6 ;
fromusername : oSI4Lj0MFiSdQ7Ki5KS6Dcce5Te4 ;
createtime : 1521680867 ;
msgtype : event ;
event : VIEW ;
eventkey : http://zz.jhzh66.com/app/index.php?i=8&c=entry&eid=198 ;
menuid : 424819011 ;
from : oSI4Lj0MFiSdQ7Ki5KS6Dcce5Te4 ;
to : gh_0c02969f70a6 ;
time : 1521680867 ;
type : event ;

2018-03-22 09:07:47 params :
------------
Array:
rule : -2 ;
module :  ;
message : Array ;

2018-03-22 09:07:47 response :
------------

2018-03-22 09:08:23 trace :
------------
Array:
tousername : gh_0c02969f70a6 ;
fromusername : oSI4Lj66631i9E29yArLYjC83vJY ;
createtime : 1521680902 ;
msgtype : event ;
event : VIEW ;
eventkey : http://zz.jhzh66.com/app/index.php?i=8&c=entry&eid=198 ;
menuid : 424819011 ;
from : oSI4Lj66631i9E29yArLYjC83vJY ;
to : gh_0c02969f70a6 ;
time : 1521680902 ;
type : event ;

2018-03-22 09:08:23 params :
------------
Array:
rule : -2 ;
module :  ;
message : Array ;

2018-03-22 09:08:23 response :
------------

2018-03-22 09:08:38 trace :
------------
Array:
tousername : gh_0c02969f70a6 ;
fromusername : oSI4Lj66631i9E29yArLYjC83vJY ;
createtime : 1521680918 ;
msgtype : event ;
event : VIEW ;
eventkey : http://zz.jhzh66.com/app/index.php?i=8&c=entry&p=commission&m=sz_yi&do=plugin ;
menuid : 424819011 ;
from : oSI4Lj66631i9E29yArLYjC83vJY ;
to : gh_0c02969f70a6 ;
time : 1521680918 ;
type : event ;

2018-03-22 09:08:38 params :
------------
Array:
rule : -2 ;
module :  ;
message : Array ;

2018-03-22 09:08:38 response :
------------

2018-03-22 09:11:19 trace :
------------
Array:
tousername : gh_0c02969f70a6 ;
fromusername : oSI4Lj1BK8Q2Rub3yQ5W7kmCTdzk ;
createtime : 1521681079 ;
msgtype : event ;
event : VIEW ;
eventkey : http://zz.jhzh66.com/app/index.php?i=8&c=entry&eid=198 ;
menuid : 424819011 ;
from : oSI4Lj1BK8Q2Rub3yQ5W7kmCTdzk ;
to : gh_0c02969f70a6 ;
time : 1521681079 ;
type : event ;

2018-03-22 09:11:19 params :
------------
Array:
rule : -2 ;
module :  ;
message : Array ;

2018-03-22 09:11:19 response :
------------

2018-03-22 09:12:42 trace :
------------
Array:
tousername : gh_0c02969f70a6 ;
fromusername : oSI4Lj-LQwWe3V5eYWhJjnqZsybI ;
createtime : 1521681161 ;
msgtype : event ;
event : VIEW ;
eventkey : http://zz.jhzh66.com/app/index.php?i=8&c=entry&eid=194 ;
menuid : 424819011 ;
from : oSI4Lj-LQwWe3V5eYWhJjnqZsybI ;
to : gh_0c02969f70a6 ;
time : 1521681161 ;
type : event ;

2018-03-22 09:12:42 params :
------------
Array:
rule : -2 ;
module :  ;
message : Array ;

2018-03-22 09:12:42 response :
------------

2018-03-22 09:23:33 trace :
------------
Array:
tousername : gh_0c02969f70a6 ;
fromusername : oSI4Lj1BK8Q2Rub3yQ5W7kmCTdzk ;
createtime : 1521681813 ;
msgtype : event ;
event : VIEW ;
eventkey : http://zz.jhzh66.com/app/index.php?i=8&c=entry&eid=194 ;
menuid : 424819011 ;
from : oSI4Lj1BK8Q2Rub3yQ5W7kmCTdzk ;
to : gh_0c02969f70a6 ;
time : 1521681813 ;
type : event ;

2018-03-22 09:23:33 params :
------------
Array:
rule : -2 ;
module :  ;
message : Array ;

2018-03-22 09:23:33 response :
------------

2018-03-22 09:24:27 trace :
------------
Array:
tousername : gh_0c02969f70a6 ;
fromusername : oSI4Lj1BK8Q2Rub3yQ5W7kmCTdzk ;
createtime : 1521681867 ;
msgtype : event ;
event : VIEW ;
eventkey : http://zz.jhzh66.com/app/index.php?i=8&c=entry&eid=198 ;
menuid : 424819011 ;
from : oSI4Lj1BK8Q2Rub3yQ5W7kmCTdzk ;
to : gh_0c02969f70a6 ;
time : 1521681867 ;
type : event ;

2018-03-22 09:24:27 params :
------------
Array:
rule : -2 ;
module :  ;
message : Array ;

2018-03-22 09:24:27 response :
------------

2018-03-22 09:25:29 trace :
------------
Array:
tousername : gh_0c02969f70a6 ;
fromusername : oSI4LjyO9i8MLwQjUY2ZYGWR6Kyk ;
createtime : 1521681929 ;
msgtype : event ;
event : VIEW ;
eventkey : http://zz.jhzh66.com/app/index.php?i=8&c=entry&eid=194 ;
menuid : 424819011 ;
from : oSI4LjyO9i8MLwQjUY2ZYGWR6Kyk ;
to : gh_0c02969f70a6 ;
time : 1521681929 ;
type : event ;

2018-03-22 09:25:29 params :
------------
Array:
rule : -2 ;
module :  ;
message : Array ;

2018-03-22 09:25:29 response :
------------

2018-03-22 09:26:25 trace :
------------
Array:
tousername : gh_0c02969f70a6 ;
fromusername : oSI4Lj3jzkrS7tE-fdN5mUSam6VM ;
createtime : 1521681985 ;
msgtype : event ;
event : subscribe ;
eventkey : Array ;
from : oSI4Lj3jzkrS7tE-fdN5mUSam6VM ;
to : gh_0c02969f70a6 ;
time : 1521681985 ;
type : subscribe ;

2018-03-22 09:26:25 params :
------------
Array:
rule : -2 ;
module :  ;
message : Array ;

2018-03-22 09:26:25 response :
------------

2018-03-22 09:26:34 trace :
------------
Array:
tousername : gh_0c02969f70a6 ;
fromusername : oSI4Lj3jzkrS7tE-fdN5mUSam6VM ;
createtime : 1521681994 ;
msgtype : event ;
event : VIEW ;
eventkey : http://zz.jhzh66.com/app/index.php?i=8&c=entry&p=commission&m=sz_yi&do=plugin ;
menuid : 424819011 ;
from : oSI4Lj3jzkrS7tE-fdN5mUSam6VM ;
to : gh_0c02969f70a6 ;
time : 1521681994 ;
type : event ;

2018-03-22 09:26:34 params :
------------
Array:
rule : -2 ;
module :  ;
message : Array ;

2018-03-22 09:26:34 response :
------------

2018-03-22 09:29:22 trace :
------------
Array:
tousername : gh_0c02969f70a6 ;
fromusername : oSI4Lj1BK8Q2Rub3yQ5W7kmCTdzk ;
createtime : 1521682162 ;
msgtype : event ;
event : VIEW ;
eventkey : http://zz.jhzh66.com/app/index.php?i=8&c=entry&eid=198 ;
menuid : 424819011 ;
from : oSI4Lj1BK8Q2Rub3yQ5W7kmCTdzk ;
to : gh_0c02969f70a6 ;
time : 1521682162 ;
type : event ;

2018-03-22 09:29:22 params :
------------
Array:
rule : -2 ;
module :  ;
message : Array ;

2018-03-22 09:29:22 response :
------------

2018-03-22 09:42:35 trace :
------------
Array:
tousername : gh_0c02969f70a6 ;
fromusername : oSI4LjyLAL0U_Is-GNtwxiM5L1oY ;
createtime : 1521682955 ;
msgtype : event ;
event : VIEW ;
eventkey : http://zz11.com.cn/plugin.php?id=wechat:access ;
menuid : 424819011 ;
from : oSI4LjyLAL0U_Is-GNtwxiM5L1oY ;
to : gh_0c02969f70a6 ;
time : 1521682955 ;
type : event ;

2018-03-22 09:42:35 params :
------------
Array:
rule : -2 ;
module :  ;
message : Array ;

2018-03-22 09:42:35 response :
------------

2018-03-22 09:43:01 trace :
------------
Array:
tousername : gh_0c02969f70a6 ;
fromusername : oSI4Lj1BK8Q2Rub3yQ5W7kmCTdzk ;
createtime : 1521682980 ;
msgtype : event ;
event : VIEW ;
eventkey : http://zz.jhzh66.com/app/index.php?i=8&c=entry&eid=194 ;
menuid : 424819011 ;
from : oSI4Lj1BK8Q2Rub3yQ5W7kmCTdzk ;
to : gh_0c02969f70a6 ;
time : 1521682980 ;
type : event ;

2018-03-22 09:43:01 params :
------------
Array:
rule : -2 ;
module :  ;
message : Array ;

2018-03-22 09:43:01 response :
------------

2018-03-22 09:43:03 trace :
------------
Array:
tousername : gh_0c02969f70a6 ;
fromusername : oSI4LjyLAL0U_Is-GNtwxiM5L1oY ;
createtime : 1521682983 ;
msgtype : event ;
event : VIEW ;
eventkey : https://h5.scene.yqh5.cn/s/6szkjdIq ;
menuid : 424819011 ;
from : oSI4LjyLAL0U_Is-GNtwxiM5L1oY ;
to : gh_0c02969f70a6 ;
time : 1521682983 ;
type : event ;

2018-03-22 09:43:03 params :
------------
Array:
rule : -2 ;
module :  ;
message : Array ;

2018-03-22 09:43:03 response :
------------

2018-03-22 09:43:08 trace :
------------
Array:
tousername : gh_0c02969f70a6 ;
fromusername : oSI4LjyLAL0U_Is-GNtwxiM5L1oY ;
createtime : 1521682988 ;
msgtype : event ;
event : VIEW ;
eventkey : http://zz.jhzh66.com/app/index.php?i=8&c=site&a=site&do=detail&id=2 ;
menuid : 424819011 ;
from : oSI4LjyLAL0U_Is-GNtwxiM5L1oY ;
to : gh_0c02969f70a6 ;
time : 1521682988 ;
type : event ;

2018-03-22 09:43:08 params :
------------
Array:
rule : -2 ;
module :  ;
message : Array ;

2018-03-22 09:43:08 response :
------------

2018-03-22 09:44:15 trace :
------------
Array:
tousername : gh_0c02969f70a6 ;
fromusername : oSI4Lj1BK8Q2Rub3yQ5W7kmCTdzk ;
createtime : 1521683055 ;
msgtype : event ;
event : CLICK ;
eventkey : 海报 ;
from : oSI4Lj1BK8Q2Rub3yQ5W7kmCTdzk ;
to : gh_0c02969f70a6 ;
time : 1521683055 ;
type : event ;

2018-03-22 10:11:49 trace :
------------
Array:
tousername : gh_0c02969f70a6 ;
fromusername : oSI4Lj97Jm2kdczJ4OHYMLb017pk ;
createtime : 1521684709 ;
msgtype : event ;
event : VIEW ;
eventkey : http://zz.jhzh66.com/app/index.php?i=8&c=entry&eid=194 ;
menuid : 424819011 ;
from : oSI4Lj97Jm2kdczJ4OHYMLb017pk ;
to : gh_0c02969f70a6 ;
time : 1521684709 ;
type : event ;

2018-03-22 10:11:49 params :
------------
Array:
rule : -2 ;
module :  ;
message : Array ;

2018-03-22 10:11:49 response :
------------

2018-03-22 10:22:49 trace :
------------
Array:
tousername : gh_0c02969f70a6 ;
fromusername : oSI4LjyLAL0U_Is-GNtwxiM5L1oY ;
createtime : 1521685368 ;
msgtype : event ;
event : VIEW ;
eventkey : http://zz.jhzh66.com/app/index.php?i=8&c=entry&eid=198 ;
menuid : 424819011 ;
from : oSI4LjyLAL0U_Is-GNtwxiM5L1oY ;
to : gh_0c02969f70a6 ;
time : 1521685368 ;
type : event ;

2018-03-22 10:22:49 params :
------------
Array:
rule : -2 ;
module :  ;
message : Array ;

2018-03-22 10:22:49 response :
------------

2018-03-22 10:30:41 trace :
------------
Array:
tousername : gh_0c02969f70a6 ;
fromusername : oSI4Lj0AiCFOldGiz7UglWPkxp74 ;
createtime : 1521685840 ;
msgtype : event ;
event : VIEW ;
eventkey : http://zz.jhzh66.com/app/index.php?i=8&c=entry&eid=194 ;
menuid : 424819011 ;
from : oSI4Lj0AiCFOldGiz7UglWPkxp74 ;
to : gh_0c02969f70a6 ;
time : 1521685840 ;
type : event ;

2018-03-22 10:30:41 params :
------------
Array:
rule : -2 ;
module :  ;
message : Array ;

2018-03-22 10:30:41 response :
------------

2018-03-22 10:31:02 trace :
------------
Array:
tousername : gh_0c02969f70a6 ;
fromusername : oSI4Lj97Jm2kdczJ4OHYMLb017pk ;
createtime : 1521685862 ;
msgtype : event ;
event : VIEW ;
eventkey : http://zz.jhzh66.com/app/index.php?i=8&c=entry&eid=194 ;
menuid : 424819011 ;
from : oSI4Lj97Jm2kdczJ4OHYMLb017pk ;
to : gh_0c02969f70a6 ;
time : 1521685862 ;
type : event ;

2018-03-22 10:31:02 params :
------------
Array:
rule : -2 ;
module :  ;
message : Array ;

2018-03-22 10:31:02 response :
------------

2018-03-22 10:43:23 trace :
------------
Array:
tousername : gh_0c02969f70a6 ;
fromusername : oSI4Lj0AiCFOldGiz7UglWPkxp74 ;
createtime : 1521686603 ;
msgtype : event ;
event : VIEW ;
eventkey : http://zz.jhzh66.com/app/index.php?i=8&c=entry&eid=194 ;
menuid : 424819011 ;
from : oSI4Lj0AiCFOldGiz7UglWPkxp74 ;
to : gh_0c02969f70a6 ;
time : 1521686603 ;
type : event ;

2018-03-22 10:43:23 params :
------------
Array:
rule : -2 ;
module :  ;
message : Array ;

2018-03-22 10:43:23 response :
------------

2018-03-22 10:45:50 trace :
------------
Array:
tousername : gh_0c02969f70a6 ;
fromusername : oSI4Lj0AiCFOldGiz7UglWPkxp74 ;
createtime : 1521686750 ;
msgtype : event ;
event : VIEW ;
eventkey : https://h5.scene.yqh5.cn/s/6szkjdIq ;
menuid : 424819011 ;
from : oSI4Lj0AiCFOldGiz7UglWPkxp74 ;
to : gh_0c02969f70a6 ;
time : 1521686750 ;
type : event ;

2018-03-22 10:45:50 params :
------------
Array:
rule : -2 ;
module :  ;
message : Array ;

2018-03-22 10:45:50 response :
------------

2018-03-22 11:09:12 trace :
------------
Array:
tousername : gh_0c02969f70a6 ;
fromusername : oSI4Lj-mQFi0cVrtdhb5LRhxTXRo ;
createtime : 1521688152 ;
msgtype : event ;
event : CLICK ;
eventkey : 海报 ;
from : oSI4Lj-mQFi0cVrtdhb5LRhxTXRo ;
to : gh_0c02969f70a6 ;
time : 1521688152 ;
type : event ;

2018-03-22 11:17:12 trace :
------------
Array:
tousername : gh_0c02969f70a6 ;
fromusername : oSI4Lj-LQwWe3V5eYWhJjnqZsybI ;
createtime : 1521688632 ;
msgtype : event ;
event : VIEW ;
eventkey : http://zz.jhzh66.com/app/index.php?i=8&c=entry&eid=194 ;
menuid : 424819011 ;
from : oSI4Lj-LQwWe3V5eYWhJjnqZsybI ;
to : gh_0c02969f70a6 ;
time : 1521688632 ;
type : event ;

2018-03-22 11:17:12 params :
------------
Array:
rule : -2 ;
module :  ;
message : Array ;

2018-03-22 11:17:12 response :
------------

2018-03-22 11:19:58 trace :
------------
Array:
tousername : gh_0c02969f70a6 ;
fromusername : oSI4LjyO9i8MLwQjUY2ZYGWR6Kyk ;
createtime : 1521688798 ;
msgtype : event ;
event : VIEW ;
eventkey : http://zz.jhzh66.com/app/index.php?i=8&c=entry&eid=194 ;
menuid : 424819011 ;
from : oSI4LjyO9i8MLwQjUY2ZYGWR6Kyk ;
to : gh_0c02969f70a6 ;
time : 1521688798 ;
type : event ;

2018-03-22 11:19:58 params :
------------
Array:
rule : -2 ;
module :  ;
message : Array ;

2018-03-22 11:19:58 response :
------------

2018-03-22 11:41:23 trace :
------------
Array:
tousername : gh_0c02969f70a6 ;
fromusername : oSI4LjyLAL0U_Is-GNtwxiM5L1oY ;
createtime : 1521690082 ;
msgtype : event ;
event : VIEW ;
eventkey : http://zz.jhzh66.com/app/index.php?i=8&c=entry&p=commission&m=sz_yi&do=plugin ;
menuid : 424819011 ;
from : oSI4LjyLAL0U_Is-GNtwxiM5L1oY ;
to : gh_0c02969f70a6 ;
time : 1521690082 ;
type : event ;

2018-03-22 11:41:23 params :
------------
Array:
rule : -2 ;
module :  ;
message : Array ;

2018-03-22 11:41:23 response :
------------

2018-03-22 11:56:21 trace :
------------
Array:
tousername : gh_0c02969f70a6 ;
fromusername : oSI4Ljz_WkcG3kwucldeQz1klqM0 ;
createtime : 1521690981 ;
msgtype : event ;
event : VIEW ;
eventkey : https://m.qlchat.com/live/320000044317761.htm ;
menuid : 424819011 ;
from : oSI4Ljz_WkcG3kwucldeQz1klqM0 ;
to : gh_0c02969f70a6 ;
time : 1521690981 ;
type : event ;

2018-03-22 11:56:21 params :
------------
Array:
rule : -2 ;
module :  ;
message : Array ;

2018-03-22 11:56:21 response :
------------

2018-03-22 11:56:24 trace :
------------
Array:
tousername : gh_0c02969f70a6 ;
fromusername : oSI4Ljz_WkcG3kwucldeQz1klqM0 ;
createtime : 1521690984 ;
msgtype : event ;
event : VIEW ;
eventkey : http://zz.jhzh66.com/app/index.php?i=8&c=entry&p=commission&m=sz_yi&do=plugin ;
menuid : 424819011 ;
from : oSI4Ljz_WkcG3kwucldeQz1klqM0 ;
to : gh_0c02969f70a6 ;
time : 1521690984 ;
type : event ;

2018-03-22 11:56:24 params :
------------
Array:
rule : -2 ;
module :  ;
message : Array ;

2018-03-22 11:56:24 response :
------------

2018-03-22 12:06:51 trace :
------------
Array:
tousername : gh_0c02969f70a6 ;
fromusername : oSI4Lj-LQwWe3V5eYWhJjnqZsybI ;
createtime : 1521691611 ;
msgtype : event ;
event : VIEW ;
eventkey : http://zz.jhzh66.com/app/index.php?i=8&c=entry&eid=194 ;
menuid : 424819011 ;
from : oSI4Lj-LQwWe3V5eYWhJjnqZsybI ;
to : gh_0c02969f70a6 ;
time : 1521691611 ;
type : event ;

2018-03-22 12:06:51 params :
------------
Array:
rule : -2 ;
module :  ;
message : Array ;

2018-03-22 12:06:51 response :
------------

2018-03-22 12:07:17 trace :
------------
Array:
tousername : gh_0c02969f70a6 ;
fromusername : oSI4Lj-LQwWe3V5eYWhJjnqZsybI ;
createtime : 1521691636 ;
msgtype : event ;
event : VIEW ;
eventkey : http://zz.jhzh66.com/app/index.php?i=8&c=entry&eid=194 ;
menuid : 424819011 ;
from : oSI4Lj-LQwWe3V5eYWhJjnqZsybI ;
to : gh_0c02969f70a6 ;
time : 1521691636 ;
type : event ;

2018-03-22 12:07:17 params :
------------
Array:
rule : -2 ;
module :  ;
message : Array ;

2018-03-22 12:07:17 response :
------------

2018-03-22 12:08:41 trace :
------------
Array:
tousername : gh_0c02969f70a6 ;
fromusername : oSI4Lj-LQwWe3V5eYWhJjnqZsybI ;
createtime : 1521691720 ;
msgtype : event ;
event : VIEW ;
eventkey : http://zz.jhzh66.com/app/index.php?i=8&c=entry&eid=194 ;
menuid : 424819011 ;
from : oSI4Lj-LQwWe3V5eYWhJjnqZsybI ;
to : gh_0c02969f70a6 ;
time : 1521691720 ;
type : event ;

2018-03-22 12:08:41 params :
------------
Array:
rule : -2 ;
module :  ;
message : Array ;

2018-03-22 12:08:41 response :
------------

2018-03-22 12:18:34 trace :
------------
Array:
tousername : gh_0c02969f70a6 ;
fromusername : oSI4Lj5reqBJUII8XqMbaZ7jV2I4 ;
createtime : 1521692314 ;
msgtype : event ;
event : subscribe ;
eventkey : Array ;
from : oSI4Lj5reqBJUII8XqMbaZ7jV2I4 ;
to : gh_0c02969f70a6 ;
time : 1521692314 ;
type : subscribe ;

2018-03-22 12:18:34 params :
------------
Array:
rule : -2 ;
module :  ;
message : Array ;

2018-03-22 12:18:34 response :
------------

2018-03-22 12:22:15 trace :
------------
Array:
tousername : gh_0c02969f70a6 ;
fromusername : oSI4Lj5reqBJUII8XqMbaZ7jV2I4 ;
createtime : 1521692534 ;
msgtype : event ;
event : VIEW ;
eventkey : http://zz.jhzh66.com/app/index.php?i=8&c=entry&eid=194 ;
menuid : 424819011 ;
from : oSI4Lj5reqBJUII8XqMbaZ7jV2I4 ;
to : gh_0c02969f70a6 ;
time : 1521692534 ;
type : event ;

2018-03-22 12:22:15 params :
------------
Array:
rule : -2 ;
module :  ;
message : Array ;

2018-03-22 12:22:15 response :
------------

2018-03-22 12:30:36 trace :
------------
Array:
tousername : gh_0c02969f70a6 ;
fromusername : oSI4LjzGDzCztrhCP10C7-4flpE4 ;
createtime : 1521693036 ;
msgtype : event ;
event : VIEW ;
eventkey : http://zz.jhzh66.com/app/index.php?i=8&c=entry&eid=198 ;
menuid : 424819011 ;
from : oSI4LjzGDzCztrhCP10C7-4flpE4 ;
to : gh_0c02969f70a6 ;
time : 1521693036 ;
type : event ;

2018-03-22 12:30:36 params :
------------
Array:
rule : -2 ;
module :  ;
message : Array ;

2018-03-22 12:30:36 response :
------------

2018-03-22 12:31:39 trace :
------------
Array:
tousername : gh_0c02969f70a6 ;
fromusername : oSI4LjzGDzCztrhCP10C7-4flpE4 ;
createtime : 1521693099 ;
msgtype : event ;
event : VIEW ;
eventkey : http://zz.jhzh66.com/app/index.php?i=8&c=entry&eid=198 ;
menuid : 424819011 ;
from : oSI4LjzGDzCztrhCP10C7-4flpE4 ;
to : gh_0c02969f70a6 ;
time : 1521693099 ;
type : event ;

2018-03-22 12:31:39 params :
------------
Array:
rule : -2 ;
module :  ;
message : Array ;

2018-03-22 12:31:39 response :
------------

2018-03-22 12:32:29 trace :
------------
Array:
tousername : gh_0c02969f70a6 ;
fromusername : oSI4LjzGDzCztrhCP10C7-4flpE4 ;
createtime : 1521693149 ;
msgtype : event ;
event : VIEW ;
eventkey : https://h5.scene.yqh5.cn/s/6szkjdIq ;
menuid : 424819011 ;
from : oSI4LjzGDzCztrhCP10C7-4flpE4 ;
to : gh_0c02969f70a6 ;
time : 1521693149 ;
type : event ;

2018-03-22 12:32:29 params :
------------
Array:
rule : -2 ;
module :  ;
message : Array ;

2018-03-22 12:32:29 response :
------------

2018-03-22 12:32:40 trace :
------------
Array:
tousername : gh_0c02969f70a6 ;
fromusername : oSI4LjzGDzCztrhCP10C7-4flpE4 ;
createtime : 1521693159 ;
msgtype : event ;
event : VIEW ;
eventkey : http://www.haolangtech.com/index.php/addon/HotActivity/HotActivity/leagueindex/id/1.html?from=groupmessage&isappinstalled=0 ;
menuid : 424819011 ;
from : oSI4LjzGDzCztrhCP10C7-4flpE4 ;
to : gh_0c02969f70a6 ;
time : 1521693159 ;
type : event ;

2018-03-22 12:32:40 params :
------------
Array:
rule : -2 ;
module :  ;
message : Array ;

2018-03-22 12:32:40 response :
------------

2018-03-22 12:33:56 trace :
------------
Array:
tousername : gh_0c02969f70a6 ;
fromusername : oSI4LjzGDzCztrhCP10C7-4flpE4 ;
createtime : 1521693236 ;
msgtype : event ;
event : VIEW ;
eventkey : http://www.haolangtech.com/index.php/addon/HotActivity/HotActivity/leagueindex/id/1.html?from=groupmessage&isappinstalled=0 ;
menuid : 424819011 ;
from : oSI4LjzGDzCztrhCP10C7-4flpE4 ;
to : gh_0c02969f70a6 ;
time : 1521693236 ;
type : event ;

2018-03-22 12:33:56 params :
------------
Array:
rule : -2 ;
module :  ;
message : Array ;

2018-03-22 12:33:56 response :
------------

2018-03-22 13:25:06 trace :
------------
Array:
tousername : gh_0c02969f70a6 ;
fromusername : oSI4LjzGDzCztrhCP10C7-4flpE4 ;
createtime : 1521696306 ;
msgtype : event ;
event : CLICK ;
eventkey : 海报 ;
from : oSI4LjzGDzCztrhCP10C7-4flpE4 ;
to : gh_0c02969f70a6 ;
time : 1521696306 ;
type : event ;

2018-03-22 13:25:41 trace :
------------
Array:
tousername : gh_0c02969f70a6 ;
fromusername : oSI4Lj_cD__365bOSvZnftSowkUQ ;
createtime : 1521696341 ;
msgtype : event ;
event : VIEW ;
eventkey : http://zz.jhzh66.com/app/index.php?i=8&c=entry&eid=194 ;
menuid : 424819011 ;
from : oSI4Lj_cD__365bOSvZnftSowkUQ ;
to : gh_0c02969f70a6 ;
time : 1521696341 ;
type : event ;

2018-03-22 13:25:41 params :
------------
Array:
rule : -2 ;
module :  ;
message : Array ;

2018-03-22 13:25:41 response :
------------

2018-03-22 13:28:02 trace :
------------
Array:
tousername : gh_0c02969f70a6 ;
fromusername : oSI4Lj_cD__365bOSvZnftSowkUQ ;
createtime : 1521696482 ;
msgtype : event ;
event : VIEW ;
eventkey : http://zz.jhzh66.com/app/index.php?i=8&c=entry&eid=194 ;
menuid : 424819011 ;
from : oSI4Lj_cD__365bOSvZnftSowkUQ ;
to : gh_0c02969f70a6 ;
time : 1521696482 ;
type : event ;

2018-03-22 13:28:02 params :
------------
Array:
rule : -2 ;
module :  ;
message : Array ;

2018-03-22 13:28:02 response :
------------

2018-03-22 13:28:40 trace :
------------
Array:
tousername : gh_0c02969f70a6 ;
fromusername : oSI4Lj_cD__365bOSvZnftSowkUQ ;
createtime : 1521696520 ;
msgtype : event ;
event : VIEW ;
eventkey : http://zz.jhzh66.com/app/index.php?i=8&c=entry&eid=194 ;
menuid : 424819011 ;
from : oSI4Lj_cD__365bOSvZnftSowkUQ ;
to : gh_0c02969f70a6 ;
time : 1521696520 ;
type : event ;

2018-03-22 13:28:40 params :
------------
Array:
rule : -2 ;
module :  ;
message : Array ;

2018-03-22 13:28:40 response :
------------

2018-03-22 13:39:22 trace :
------------
Array:
tousername : gh_0c02969f70a6 ;
fromusername : oSI4LjyHUqsKQ2U6jJYcy4lCjBVA ;
createtime : 1521697162 ;
msgtype : event ;
event : VIEW ;
eventkey : http://zz.jhzh66.com/app/index.php?i=8&c=entry&eid=194 ;
menuid : 424819011 ;
from : oSI4LjyHUqsKQ2U6jJYcy4lCjBVA ;
to : gh_0c02969f70a6 ;
time : 1521697162 ;
type : event ;

2018-03-22 13:39:22 params :
------------
Array:
rule : -2 ;
module :  ;
message : Array ;

2018-03-22 13:39:22 response :
------------

2018-03-22 13:55:11 trace :
------------
Array:
tousername : gh_0c02969f70a6 ;
fromusername : oSI4Lj97Jm2kdczJ4OHYMLb017pk ;
createtime : 1521698111 ;
msgtype : event ;
event : VIEW ;
eventkey : http://zz.jhzh66.com/app/index.php?i=8&c=entry&eid=194 ;
menuid : 424819011 ;
from : oSI4Lj97Jm2kdczJ4OHYMLb017pk ;
to : gh_0c02969f70a6 ;
time : 1521698111 ;
type : event ;

2018-03-22 13:55:11 params :
------------
Array:
rule : -2 ;
module :  ;
message : Array ;

2018-03-22 13:55:11 response :
------------

2018-03-22 13:56:28 trace :
------------
Array:
tousername : gh_0c02969f70a6 ;
fromusername : oSI4Lj97Jm2kdczJ4OHYMLb017pk ;
createtime : 1521698188 ;
msgtype : event ;
event : VIEW ;
eventkey : http://zz.jhzh66.com/app/index.php?i=8&c=entry&eid=194 ;
menuid : 424819011 ;
from : oSI4Lj97Jm2kdczJ4OHYMLb017pk ;
to : gh_0c02969f70a6 ;
time : 1521698188 ;
type : event ;

2018-03-22 13:56:28 params :
------------
Array:
rule : -2 ;
module :  ;
message : Array ;

2018-03-22 13:56:28 response :
------------

2018-03-22 13:56:50 trace :
------------
Array:
tousername : gh_0c02969f70a6 ;
fromusername : oSI4Lj97Jm2kdczJ4OHYMLb017pk ;
createtime : 1521698209 ;
msgtype : event ;
event : VIEW ;
eventkey : http://zz.jhzh66.com/app/index.php?i=8&c=entry&eid=194 ;
menuid : 424819011 ;
from : oSI4Lj97Jm2kdczJ4OHYMLb017pk ;
to : gh_0c02969f70a6 ;
time : 1521698209 ;
type : event ;

2018-03-22 13:56:50 params :
------------
Array:
rule : -2 ;
module :  ;
message : Array ;

2018-03-22 13:56:50 response :
------------

2018-03-22 14:20:12 trace :
------------
Array:
tousername : gh_0c02969f70a6 ;
fromusername : oSI4Lj4YMONV3tw8hNJ2FRwe5tdE ;
createtime : 1521699612 ;
msgtype : event ;
event : VIEW ;
eventkey : https://h5.scene.yqh5.cn/s/6szkjdIq ;
menuid : 424819011 ;
from : oSI4Lj4YMONV3tw8hNJ2FRwe5tdE ;
to : gh_0c02969f70a6 ;
time : 1521699612 ;
type : event ;

2018-03-22 14:20:12 params :
------------
Array:
rule : -2 ;
module :  ;
message : Array ;

2018-03-22 14:20:12 response :
------------

2018-03-22 14:20:24 trace :
------------
Array:
tousername : gh_0c02969f70a6 ;
fromusername : oSI4Lj4YMONV3tw8hNJ2FRwe5tdE ;
createtime : 1521699624 ;
msgtype : event ;
event : VIEW ;
eventkey : http://www.haolangtech.com/index.php/addon/HotActivity/HotActivity/leagueindex/id/1.html?from=groupmessage&isappinstalled=0 ;
menuid : 424819011 ;
from : oSI4Lj4YMONV3tw8hNJ2FRwe5tdE ;
to : gh_0c02969f70a6 ;
time : 1521699624 ;
type : event ;

2018-03-22 14:20:24 params :
------------
Array:
rule : -2 ;
module :  ;
message : Array ;

2018-03-22 14:20:24 response :
------------

2018-03-22 14:20:28 trace :
------------
Array:
tousername : gh_0c02969f70a6 ;
fromusername : oSI4Lj4YMONV3tw8hNJ2FRwe5tdE ;
createtime : 1521699628 ;
msgtype : event ;
event : VIEW ;
eventkey : http://zz11.com.cn/plugin.php?id=wechat:access ;
menuid : 424819011 ;
from : oSI4Lj4YMONV3tw8hNJ2FRwe5tdE ;
to : gh_0c02969f70a6 ;
time : 1521699628 ;
type : event ;

2018-03-22 14:20:28 params :
------------
Array:
rule : -2 ;
module :  ;
message : Array ;

2018-03-22 14:20:28 response :
------------

2018-03-22 14:20:36 trace :
------------
Array:
tousername : gh_0c02969f70a6 ;
fromusername : oSI4Lj4YMONV3tw8hNJ2FRwe5tdE ;
createtime : 1521699636 ;
msgtype : event ;
event : VIEW ;
eventkey : http://zz11.com.cn/plugin.php?id=wechat:access ;
menuid : 424819011 ;
from : oSI4Lj4YMONV3tw8hNJ2FRwe5tdE ;
to : gh_0c02969f70a6 ;
time : 1521699636 ;
type : event ;

2018-03-22 14:20:36 params :
------------
Array:
rule : -2 ;
module :  ;
message : Array ;

2018-03-22 14:20:36 response :
------------

2018-03-22 14:20:56 trace :
------------
Array:
tousername : gh_0c02969f70a6 ;
fromusername : oSI4Lj4YMONV3tw8hNJ2FRwe5tdE ;
createtime : 1521699656 ;
msgtype : event ;
event : VIEW ;
eventkey : http://zz.jhzh66.com/app/index.php?i=8&c=site&a=site&do=detail&id=2 ;
menuid : 424819011 ;
from : oSI4Lj4YMONV3tw8hNJ2FRwe5tdE ;
to : gh_0c02969f70a6 ;
time : 1521699656 ;
type : event ;

2018-03-22 14:20:56 params :
------------
Array:
rule : -2 ;
module :  ;
message : Array ;

2018-03-22 14:20:56 response :
------------

2018-03-22 14:21:05 trace :
------------
Array:
tousername : gh_0c02969f70a6 ;
fromusername : oSI4Lj4YMONV3tw8hNJ2FRwe5tdE ;
createtime : 1521699665 ;
msgtype : event ;
event : VIEW ;
eventkey : http://zz.jhzh66.com/app/index.php?i=8&c=entry&eid=194 ;
menuid : 424819011 ;
from : oSI4Lj4YMONV3tw8hNJ2FRwe5tdE ;
to : gh_0c02969f70a6 ;
time : 1521699665 ;
type : event ;

2018-03-22 14:21:05 params :
------------
Array:
rule : -2 ;
module :  ;
message : Array ;

2018-03-22 14:21:05 response :
------------

2018-03-22 14:22:28 trace :
------------
Array:
tousername : gh_0c02969f70a6 ;
fromusername : oSI4Lj4YMONV3tw8hNJ2FRwe5tdE ;
createtime : 1521699748 ;
msgtype : event ;
event : VIEW ;
eventkey : http://zz.jhzh66.com/app/index.php?i=8&c=entry&eid=194 ;
menuid : 424819011 ;
from : oSI4Lj4YMONV3tw8hNJ2FRwe5tdE ;
to : gh_0c02969f70a6 ;
time : 1521699748 ;
type : event ;

2018-03-22 14:22:28 params :
------------
Array:
rule : -2 ;
module :  ;
message : Array ;

2018-03-22 14:22:28 response :
------------

2018-03-22 14:22:46 trace :
------------
Array:
tousername : gh_0c02969f70a6 ;
fromusername : oSI4LjwACH8h9UENfGTQ1bNP9Ci8 ;
createtime : 1521699766 ;
msgtype : event ;
event : VIEW ;
eventkey : http://zz.jhzh66.com/app/index.php?i=8&c=entry&eid=198 ;
menuid : 424819011 ;
from : oSI4LjwACH8h9UENfGTQ1bNP9Ci8 ;
to : gh_0c02969f70a6 ;
time : 1521699766 ;
type : event ;

2018-03-22 14:22:46 params :
------------
Array:
rule : -2 ;
module :  ;
message : Array ;

2018-03-22 14:22:46 response :
------------

2018-03-22 14:22:53 trace :
------------
Array:
tousername : gh_0c02969f70a6 ;
fromusername : oSI4LjwACH8h9UENfGTQ1bNP9Ci8 ;
createtime : 1521699773 ;
msgtype : event ;
event : CLICK ;
eventkey : 海报 ;
from : oSI4LjwACH8h9UENfGTQ1bNP9Ci8 ;
to : gh_0c02969f70a6 ;
time : 1521699773 ;
type : event ;

2018-03-22 14:23:29 trace :
------------
Array:
tousername : gh_0c02969f70a6 ;
fromusername : oSI4LjwACH8h9UENfGTQ1bNP9Ci8 ;
createtime : 1521699809 ;
msgtype : event ;
event : CLICK ;
eventkey : 海报 ;
from : oSI4LjwACH8h9UENfGTQ1bNP9Ci8 ;
to : gh_0c02969f70a6 ;
time : 1521699809 ;
type : event ;

2018-03-22 14:23:40 trace :
------------
Array:
tousername : gh_0c02969f70a6 ;
fromusername : oSI4LjwACH8h9UENfGTQ1bNP9Ci8 ;
createtime : 1521699820 ;
msgtype : event ;
event : CLICK ;
eventkey : 海报 ;
from : oSI4LjwACH8h9UENfGTQ1bNP9Ci8 ;
to : gh_0c02969f70a6 ;
time : 1521699820 ;
type : event ;

2018-03-22 14:24:36 trace :
------------
Array:
tousername : gh_0c02969f70a6 ;
fromusername : oSI4LjwACH8h9UENfGTQ1bNP9Ci8 ;
createtime : 1521699876 ;
msgtype : event ;
event : subscribe ;
eventkey : Array ;
from : oSI4LjwACH8h9UENfGTQ1bNP9Ci8 ;
to : gh_0c02969f70a6 ;
time : 1521699876 ;
type : subscribe ;

2018-03-22 14:24:36 params :
------------
Array:
rule : -2 ;
module :  ;
message : Array ;

2018-03-22 14:24:36 response :
------------

2018-03-22 14:24:44 trace :
------------
Array:
tousername : gh_0c02969f70a6 ;
fromusername : oSI4LjwACH8h9UENfGTQ1bNP9Ci8 ;
createtime : 1521699884 ;
msgtype : event ;
event : CLICK ;
eventkey : 海报 ;
from : oSI4LjwACH8h9UENfGTQ1bNP9Ci8 ;
to : gh_0c02969f70a6 ;
time : 1521699884 ;
type : event ;

2018-03-22 14:30:45 trace :
------------
Array:
tousername : gh_0c02969f70a6 ;
fromusername : oSI4LjyO9i8MLwQjUY2ZYGWR6Kyk ;
createtime : 1521700244 ;
msgtype : event ;
event : VIEW ;
eventkey : http://zz.jhzh66.com/app/index.php?i=8&c=entry&eid=194 ;
menuid : 424819011 ;
from : oSI4LjyO9i8MLwQjUY2ZYGWR6Kyk ;
to : gh_0c02969f70a6 ;
time : 1521700244 ;
type : event ;

2018-03-22 14:30:45 params :
------------
Array:
rule : -2 ;
module :  ;
message : Array ;

2018-03-22 14:30:45 response :
------------

2018-03-22 14:32:55 trace :
------------
Array:
tousername : gh_0c02969f70a6 ;
fromusername : oSI4LjyO9i8MLwQjUY2ZYGWR6Kyk ;
createtime : 1521700375 ;
msgtype : event ;
event : VIEW ;
eventkey : http://zz.jhzh66.com/app/index.php?i=8&c=entry&eid=194 ;
menuid : 424819011 ;
from : oSI4LjyO9i8MLwQjUY2ZYGWR6Kyk ;
to : gh_0c02969f70a6 ;
time : 1521700375 ;
type : event ;

2018-03-22 14:32:55 params :
------------
Array:
rule : -2 ;
module :  ;
message : Array ;

2018-03-22 14:32:55 response :
------------

2018-03-22 14:33:21 trace :
------------
Array:
tousername : gh_0c02969f70a6 ;
fromusername : oSI4LjyO9i8MLwQjUY2ZYGWR6Kyk ;
createtime : 1521700401 ;
msgtype : event ;
event : VIEW ;
eventkey : http://zz.jhzh66.com/app/index.php?i=8&c=entry&eid=194 ;
menuid : 424819011 ;
from : oSI4LjyO9i8MLwQjUY2ZYGWR6Kyk ;
to : gh_0c02969f70a6 ;
time : 1521700401 ;
type : event ;

2018-03-22 14:33:21 params :
------------
Array:
rule : -2 ;
module :  ;
message : Array ;

2018-03-22 14:33:21 response :
------------

2018-03-22 14:38:24 trace :
------------
Array:
tousername : gh_0c02969f70a6 ;
fromusername : oSI4Lj-XaO9wjnPbt9OzE2vQL_94 ;
createtime : 1521700703 ;
msgtype : event ;
event : VIEW ;
eventkey : http://zz.jhzh66.com/app/index.php?i=8&c=entry&eid=198 ;
menuid : 424819011 ;
from : oSI4Lj-XaO9wjnPbt9OzE2vQL_94 ;
to : gh_0c02969f70a6 ;
time : 1521700703 ;
type : event ;

2018-03-22 14:38:24 params :
------------
Array:
rule : -2 ;
module :  ;
message : Array ;

2018-03-22 14:38:24 response :
------------

2018-03-22 14:52:14 trace :
------------
Array:
tousername : gh_0c02969f70a6 ;
fromusername : oSI4Lj97Jm2kdczJ4OHYMLb017pk ;
createtime : 1521701534 ;
msgtype : event ;
event : VIEW ;
eventkey : http://zz.jhzh66.com/app/index.php?i=8&c=entry&eid=194 ;
menuid : 424819011 ;
from : oSI4Lj97Jm2kdczJ4OHYMLb017pk ;
to : gh_0c02969f70a6 ;
time : 1521701534 ;
type : event ;

2018-03-22 14:52:14 params :
------------
Array:
rule : -2 ;
module :  ;
message : Array ;

2018-03-22 14:52:14 response :
------------

2018-03-22 15:06:18 trace :
------------
Array:
tousername : gh_0c02969f70a6 ;
fromusername : oSI4Lj95EWi6-qifEuK2-xlggHx4 ;
createtime : 1521702378 ;
msgtype : event ;
event : VIEW ;
eventkey : http://zz.jhzh66.com/app/index.php?i=8&c=entry&eid=194 ;
menuid : 424819011 ;
from : oSI4Lj95EWi6-qifEuK2-xlggHx4 ;
to : gh_0c02969f70a6 ;
time : 1521702378 ;
type : event ;

2018-03-22 15:06:18 params :
------------
Array:
rule : -2 ;
module :  ;
message : Array ;

2018-03-22 15:06:18 response :
------------

2018-03-22 15:13:35 trace :
------------
Array:
tousername : gh_0c02969f70a6 ;
fromusername : oSI4Lj97Jm2kdczJ4OHYMLb017pk ;
createtime : 1521702815 ;
msgtype : event ;
event : VIEW ;
eventkey : http://zz.jhzh66.com/app/index.php?i=8&c=entry&eid=194 ;
menuid : 424819011 ;
from : oSI4Lj97Jm2kdczJ4OHYMLb017pk ;
to : gh_0c02969f70a6 ;
time : 1521702815 ;
type : event ;

2018-03-22 15:13:35 params :
------------
Array:
rule : -2 ;
module :  ;
message : Array ;

2018-03-22 15:13:35 response :
------------

2018-03-22 15:29:35 trace :
------------
Array:
tousername : gh_0c02969f70a6 ;
fromusername : oSI4Lj97Jm2kdczJ4OHYMLb017pk ;
createtime : 1521703774 ;
msgtype : event ;
event : VIEW ;
eventkey : http://zz.jhzh66.com/app/index.php?i=8&c=entry&eid=194 ;
menuid : 424819011 ;
from : oSI4Lj97Jm2kdczJ4OHYMLb017pk ;
to : gh_0c02969f70a6 ;
time : 1521703774 ;
type : event ;

2018-03-22 15:29:35 params :
------------
Array:
rule : -2 ;
module :  ;
message : Array ;

2018-03-22 15:29:35 response :
------------

2018-03-22 15:29:57 trace :
------------
Array:
tousername : gh_0c02969f70a6 ;
fromusername : oSI4Lj97Jm2kdczJ4OHYMLb017pk ;
createtime : 1521703797 ;
msgtype : event ;
event : VIEW ;
eventkey : http://zz.jhzh66.com/app/index.php?i=8&c=entry&eid=194 ;
menuid : 424819011 ;
from : oSI4Lj97Jm2kdczJ4OHYMLb017pk ;
to : gh_0c02969f70a6 ;
time : 1521703797 ;
type : event ;

2018-03-22 15:29:57 params :
------------
Array:
rule : -2 ;
module :  ;
message : Array ;

2018-03-22 15:29:57 response :
------------

2018-03-22 15:38:23 trace :
------------
Array:
tousername : gh_0c02969f70a6 ;
fromusername : oSI4Lj97Jm2kdczJ4OHYMLb017pk ;
createtime : 1521704303 ;
msgtype : event ;
event : VIEW ;
eventkey : http://zz.jhzh66.com/app/index.php?i=8&c=entry&eid=194 ;
menuid : 424819011 ;
from : oSI4Lj97Jm2kdczJ4OHYMLb017pk ;
to : gh_0c02969f70a6 ;
time : 1521704303 ;
type : event ;

2018-03-22 15:38:23 params :
------------
Array:
rule : -2 ;
module :  ;
message : Array ;

2018-03-22 15:38:23 response :
------------

2018-03-22 15:43:42 trace :
------------
Array:
tousername : gh_0c02969f70a6 ;
fromusername : oSI4LjzGDzCztrhCP10C7-4flpE4 ;
createtime : 1521704622 ;
msgtype : event ;
event : VIEW ;
eventkey : http://zz.jhzh66.com/app/index.php?i=8&c=entry&eid=194 ;
menuid : 424819011 ;
from : oSI4LjzGDzCztrhCP10C7-4flpE4 ;
to : gh_0c02969f70a6 ;
time : 1521704622 ;
type : event ;

2018-03-22 15:43:42 params :
------------
Array:
rule : -2 ;
module :  ;
message : Array ;

2018-03-22 15:43:42 response :
------------

2018-03-22 15:47:49 trace :
------------
Array:
tousername : gh_0c02969f70a6 ;
fromusername : oSI4Lj97Jm2kdczJ4OHYMLb017pk ;
createtime : 1521704869 ;
msgtype : event ;
event : VIEW ;
eventkey : http://zz.jhzh66.com/app/index.php?i=8&c=entry&eid=194 ;
menuid : 424819011 ;
from : oSI4Lj97Jm2kdczJ4OHYMLb017pk ;
to : gh_0c02969f70a6 ;
time : 1521704869 ;
type : event ;

2018-03-22 15:47:49 params :
------------
Array:
rule : -2 ;
module :  ;
message : Array ;

2018-03-22 15:47:49 response :
------------

2018-03-22 15:48:24 trace :
------------
Array:
tousername : gh_0c02969f70a6 ;
fromusername : oSI4LjyHUqsKQ2U6jJYcy4lCjBVA ;
createtime : 1521704904 ;
msgtype : event ;
event : VIEW ;
eventkey : http://zz.jhzh66.com/app/index.php?i=8&c=entry&eid=194 ;
menuid : 424819011 ;
from : oSI4LjyHUqsKQ2U6jJYcy4lCjBVA ;
to : gh_0c02969f70a6 ;
time : 1521704904 ;
type : event ;

2018-03-22 15:48:24 params :
------------
Array:
rule : -2 ;
module :  ;
message : Array ;

2018-03-22 15:48:24 response :
------------

2018-03-22 15:48:42 trace :
------------
Array:
tousername : gh_0c02969f70a6 ;
fromusername : oSI4Lj95EWi6-qifEuK2-xlggHx4 ;
createtime : 1521704922 ;
msgtype : event ;
event : VIEW ;
eventkey : http://zz.jhzh66.com/app/index.php?i=8&c=entry&eid=194 ;
menuid : 424819011 ;
from : oSI4Lj95EWi6-qifEuK2-xlggHx4 ;
to : gh_0c02969f70a6 ;
time : 1521704922 ;
type : event ;

2018-03-22 15:48:42 params :
------------
Array:
rule : -2 ;
module :  ;
message : Array ;

2018-03-22 15:48:42 response :
------------

2018-03-22 15:52:14 trace :
------------
Array:
tousername : gh_0c02969f70a6 ;
fromusername : oSI4Lj95EWi6-qifEuK2-xlggHx4 ;
createtime : 1521705134 ;
msgtype : event ;
event : VIEW ;
eventkey : http://zz.jhzh66.com/app/index.php?i=8&c=entry&eid=194 ;
menuid : 424819011 ;
from : oSI4Lj95EWi6-qifEuK2-xlggHx4 ;
to : gh_0c02969f70a6 ;
time : 1521705134 ;
type : event ;

2018-03-22 15:52:14 params :
------------
Array:
rule : -2 ;
module :  ;
message : Array ;

2018-03-22 15:52:14 response :
------------

2018-03-22 15:53:01 trace :
------------
Array:
tousername : gh_0c02969f70a6 ;
fromusername : oSI4Lj97Jm2kdczJ4OHYMLb017pk ;
createtime : 1521705181 ;
msgtype : event ;
event : VIEW ;
eventkey : http://zz.jhzh66.com/app/index.php?i=8&c=entry&eid=194 ;
menuid : 424819011 ;
from : oSI4Lj97Jm2kdczJ4OHYMLb017pk ;
to : gh_0c02969f70a6 ;
time : 1521705181 ;
type : event ;

2018-03-22 15:53:01 params :
------------
Array:
rule : -2 ;
module :  ;
message : Array ;

2018-03-22 15:53:01 response :
------------

2018-03-22 15:54:50 trace :
------------
Array:
tousername : gh_0c02969f70a6 ;
fromusername : oSI4Ljx0oyBNpQsLY2cW2NIxFLOQ ;
createtime : 1521705290 ;
msgtype : event ;
event : VIEW ;
eventkey : http://zz.jhzh66.com/app/index.php?i=8&c=entry&eid=194 ;
menuid : 424819011 ;
from : oSI4Ljx0oyBNpQsLY2cW2NIxFLOQ ;
to : gh_0c02969f70a6 ;
time : 1521705290 ;
type : event ;

2018-03-22 15:54:50 params :
------------
Array:
rule : -2 ;
module :  ;
message : Array ;

2018-03-22 15:54:50 response :
------------

2018-03-22 15:59:17 trace :
------------
Array:
tousername : gh_0c02969f70a6 ;
fromusername : oSI4Lj9xmWPqYE5ptdpbB0vn5-EY ;
createtime : 1521705557 ;
msgtype : event ;
event : subscribe ;
eventkey : Array ;
from : oSI4Lj9xmWPqYE5ptdpbB0vn5-EY ;
to : gh_0c02969f70a6 ;
time : 1521705557 ;
type : subscribe ;

2018-03-22 15:59:17 params :
------------
Array:
rule : -2 ;
module :  ;
message : Array ;

2018-03-22 15:59:17 response :
------------

2018-03-22 16:21:08 trace :
------------
Array:
tousername : gh_0c02969f70a6 ;
fromusername : oSI4Lj97Jm2kdczJ4OHYMLb017pk ;
createtime : 1521706868 ;
msgtype : event ;
event : VIEW ;
eventkey : http://zz.jhzh66.com/app/index.php?i=8&c=entry&eid=194 ;
menuid : 424819011 ;
from : oSI4Lj97Jm2kdczJ4OHYMLb017pk ;
to : gh_0c02969f70a6 ;
time : 1521706868 ;
type : event ;

2018-03-22 16:21:08 params :
------------
Array:
rule : -2 ;
module :  ;
message : Array ;

2018-03-22 16:21:08 response :
------------

2018-03-22 16:22:01 trace :
------------
Array:
tousername : gh_0c02969f70a6 ;
fromusername : oSI4Lj97Jm2kdczJ4OHYMLb017pk ;
createtime : 1521706921 ;
msgtype : event ;
event : VIEW ;
eventkey : http://zz.jhzh66.com/app/index.php?i=8&c=entry&eid=194 ;
menuid : 424819011 ;
from : oSI4Lj97Jm2kdczJ4OHYMLb017pk ;
to : gh_0c02969f70a6 ;
time : 1521706921 ;
type : event ;

2018-03-22 16:22:01 params :
------------
Array:
rule : -2 ;
module :  ;
message : Array ;

2018-03-22 16:22:01 response :
------------

2018-03-22 16:26:21 trace :
------------
Array:
tousername : gh_0c02969f70a6 ;
fromusername : oSI4LjzGDzCztrhCP10C7-4flpE4 ;
createtime : 1521707180 ;
msgtype : event ;
event : CLICK ;
eventkey : 海报 ;
from : oSI4LjzGDzCztrhCP10C7-4flpE4 ;
to : gh_0c02969f70a6 ;
time : 1521707180 ;
type : event ;

2018-03-22 16:27:48 trace :
------------
Array:
tousername : gh_0c02969f70a6 ;
fromusername : oSI4Lj97Jm2kdczJ4OHYMLb017pk ;
createtime : 1521707267 ;
msgtype : event ;
event : VIEW ;
eventkey : http://zz.jhzh66.com/app/index.php?i=8&c=entry&eid=194 ;
menuid : 424819011 ;
from : oSI4Lj97Jm2kdczJ4OHYMLb017pk ;
to : gh_0c02969f70a6 ;
time : 1521707267 ;
type : event ;

2018-03-22 16:27:48 params :
------------
Array:
rule : -2 ;
module :  ;
message : Array ;

2018-03-22 16:27:48 response :
------------

2018-03-22 17:14:27 trace :
------------
Array:
tousername : gh_0c02969f70a6 ;
fromusername : oSI4Lj8nRZY0aV_t-nA1I3ofr6gk ;
createtime : 1521710067 ;
msgtype : event ;
event : VIEW ;
eventkey : http://zz.jhzh66.com/app/index.php?i=8&c=entry&eid=194 ;
menuid : 424819011 ;
from : oSI4Lj8nRZY0aV_t-nA1I3ofr6gk ;
to : gh_0c02969f70a6 ;
time : 1521710067 ;
type : event ;

2018-03-22 17:14:27 params :
------------
Array:
rule : -2 ;
module :  ;
message : Array ;

2018-03-22 17:14:27 response :
------------

2018-03-22 17:15:48 trace :
------------
Array:
tousername : gh_0c02969f70a6 ;
fromusername : oSI4Lj8nRZY0aV_t-nA1I3ofr6gk ;
createtime : 1521710148 ;
msgtype : event ;
event : VIEW ;
eventkey : http://zz.jhzh66.com/app/index.php?i=8&c=entry&eid=194 ;
menuid : 424819011 ;
from : oSI4Lj8nRZY0aV_t-nA1I3ofr6gk ;
to : gh_0c02969f70a6 ;
time : 1521710148 ;
type : event ;

2018-03-22 17:15:48 params :
------------
Array:
rule : -2 ;
module :  ;
message : Array ;

2018-03-22 17:15:48 response :
------------

2018-03-22 17:17:10 trace :
------------
Array:
tousername : gh_0c02969f70a6 ;
fromusername : oSI4Lj8nRZY0aV_t-nA1I3ofr6gk ;
createtime : 1521710230 ;
msgtype : event ;
event : VIEW ;
eventkey : http://zz.jhzh66.com/app/index.php?i=8&c=entry&eid=194 ;
menuid : 424819011 ;
from : oSI4Lj8nRZY0aV_t-nA1I3ofr6gk ;
to : gh_0c02969f70a6 ;
time : 1521710230 ;
type : event ;

2018-03-22 17:17:10 params :
------------
Array:
rule : -2 ;
module :  ;
message : Array ;

2018-03-22 17:17:10 response :
------------

2018-03-22 17:18:13 trace :
------------
Array:
tousername : gh_0c02969f70a6 ;
fromusername : oSI4Lj8nRZY0aV_t-nA1I3ofr6gk ;
createtime : 1521710293 ;
msgtype : event ;
event : VIEW ;
eventkey : http://zz.jhzh66.com/app/index.php?i=8&c=entry&eid=194 ;
menuid : 424819011 ;
from : oSI4Lj8nRZY0aV_t-nA1I3ofr6gk ;
to : gh_0c02969f70a6 ;
time : 1521710293 ;
type : event ;

2018-03-22 17:18:13 params :
------------
Array:
rule : -2 ;
module :  ;
message : Array ;

2018-03-22 17:18:13 response :
------------

2018-03-22 17:23:32 trace :
------------
Array:
tousername : gh_0c02969f70a6 ;
fromusername : oSI4Lj97Jm2kdczJ4OHYMLb017pk ;
createtime : 1521710612 ;
msgtype : event ;
event : VIEW ;
eventkey : http://zz.jhzh66.com/app/index.php?i=8&c=entry&eid=194 ;
menuid : 424819011 ;
from : oSI4Lj97Jm2kdczJ4OHYMLb017pk ;
to : gh_0c02969f70a6 ;
time : 1521710612 ;
type : event ;

2018-03-22 17:23:32 params :
------------
Array:
rule : -2 ;
module :  ;
message : Array ;

2018-03-22 17:23:32 response :
------------

2018-03-22 17:31:00 trace :
------------
Array:
tousername : gh_0c02969f70a6 ;
fromusername : oSI4Lj0PbpBtttwfUiU1SJIZO4VA ;
createtime : 1521711060 ;
msgtype : text ;
content : 关注 ;
msgid : 6535699237086361408 ;
from : oSI4Lj0PbpBtttwfUiU1SJIZO4VA ;
to : gh_0c02969f70a6 ;
time : 1521711060 ;
type : text ;
event :  ;
redirection :  ;
source :  ;

2018-03-22 17:31:23 trace :
------------
Array:
tousername : gh_0c02969f70a6 ;
fromusername : oSI4Lj0PbpBtttwfUiU1SJIZO4VA ;
createtime : 1521711083 ;
msgtype : text ;
content : 关注 ;
msgid : 6535699335870609222 ;
from : oSI4Lj0PbpBtttwfUiU1SJIZO4VA ;
to : gh_0c02969f70a6 ;
time : 1521711083 ;
type : text ;
event :  ;
redirection :  ;
source :  ;

2018-03-22 17:31:27 trace :
------------
Array:
tousername : gh_0c02969f70a6 ;
fromusername : oSI4Lj0PbpBtttwfUiU1SJIZO4VA ;
createtime : 1521711087 ;
msgtype : event ;
event : CLICK ;
eventkey : 海报 ;
from : oSI4Lj0PbpBtttwfUiU1SJIZO4VA ;
to : gh_0c02969f70a6 ;
time : 1521711087 ;
type : event ;

2018-03-22 17:31:39 trace :
------------
Array:
tousername : gh_0c02969f70a6 ;
fromusername : oSI4Lj0PbpBtttwfUiU1SJIZO4VA ;
createtime : 1521711099 ;
msgtype : event ;
event : CLICK ;
eventkey : 海报 ;
from : oSI4Lj0PbpBtttwfUiU1SJIZO4VA ;
to : gh_0c02969f70a6 ;
time : 1521711099 ;
type : event ;

2018-03-22 17:35:26 trace :
------------
Array:
tousername : gh_0c02969f70a6 ;
fromusername : oSI4Lj5qytSaaV_bBuFFOUC3BHMM ;
createtime : 1521711326 ;
msgtype : event ;
event : VIEW ;
eventkey : http://zz.jhzh66.com/app/index.php?i=8&c=entry&eid=194 ;
menuid : 424819011 ;
from : oSI4Lj5qytSaaV_bBuFFOUC3BHMM ;
to : gh_0c02969f70a6 ;
time : 1521711326 ;
type : event ;

2018-03-22 17:35:26 params :
------------
Array:
rule : -2 ;
module :  ;
message : Array ;

2018-03-22 17:35:26 response :
------------

2018-03-22 17:46:32 trace :
------------
Array:
tousername : gh_0c02969f70a6 ;
fromusername : oSI4Lj7ZEyUM-MSQe0yPtiefb3NM ;
createtime : 1521711992 ;
msgtype : event ;
event : subscribe ;
eventkey : Array ;
from : oSI4Lj7ZEyUM-MSQe0yPtiefb3NM ;
to : gh_0c02969f70a6 ;
time : 1521711992 ;
type : subscribe ;

2018-03-22 17:46:32 params :
------------
Array:
rule : -2 ;
module :  ;
message : Array ;

2018-03-22 17:46:32 response :
------------

2018-03-22 17:46:41 trace :
------------
Array:
tousername : gh_0c02969f70a6 ;
fromusername : oSI4Lj7ZEyUM-MSQe0yPtiefb3NM ;
createtime : 1521712000 ;
msgtype : event ;
event : VIEW ;
eventkey : http://zz.jhzh66.com/app/index.php?i=8&c=entry&eid=194 ;
menuid : 424819011 ;
from : oSI4Lj7ZEyUM-MSQe0yPtiefb3NM ;
to : gh_0c02969f70a6 ;
time : 1521712000 ;
type : event ;

2018-03-22 17:46:41 params :
------------
Array:
rule : -2 ;
module :  ;
message : Array ;

2018-03-22 17:46:41 response :
------------

2018-03-22 17:49:16 trace :
------------
Array:
tousername : gh_0c02969f70a6 ;
fromusername : oSI4LjzGDzCztrhCP10C7-4flpE4 ;
createtime : 1521712156 ;
msgtype : event ;
event : CLICK ;
eventkey : 海报 ;
from : oSI4LjzGDzCztrhCP10C7-4flpE4 ;
to : gh_0c02969f70a6 ;
time : 1521712156 ;
type : event ;

2018-03-22 17:49:24 trace :
------------
Array:
tousername : gh_0c02969f70a6 ;
fromusername : oSI4LjzGDzCztrhCP10C7-4flpE4 ;
createtime : 1521712164 ;
msgtype : text ;
content : 关注 ;
msgid : 6535703978730256417 ;
from : oSI4LjzGDzCztrhCP10C7-4flpE4 ;
to : gh_0c02969f70a6 ;
time : 1521712164 ;
type : text ;
event :  ;
redirection :  ;
source :  ;

2018-03-22 18:07:54 trace :
------------
Array:
tousername : gh_0c02969f70a6 ;
fromusername : oSI4Lj7ZEyUM-MSQe0yPtiefb3NM ;
createtime : 1521713274 ;
msgtype : event ;
event : VIEW ;
eventkey : http://zz.jhzh66.com/app/index.php?i=8&c=site&a=site&do=detail&id=2 ;
menuid : 424819011 ;
from : oSI4Lj7ZEyUM-MSQe0yPtiefb3NM ;
to : gh_0c02969f70a6 ;
time : 1521713274 ;
type : event ;

2018-03-22 18:07:54 params :
------------
Array:
rule : -2 ;
module :  ;
message : Array ;

2018-03-22 18:07:54 response :
------------

2018-03-22 18:08:53 trace :
------------
Array:
tousername : gh_0c02969f70a6 ;
fromusername : oSI4Lj7ZEyUM-MSQe0yPtiefb3NM ;
createtime : 1521713333 ;
msgtype : event ;
event : VIEW ;
eventkey : http://zz.jhzh66.com/app/index.php?i=8&c=entry&eid=198 ;
menuid : 424819011 ;
from : oSI4Lj7ZEyUM-MSQe0yPtiefb3NM ;
to : gh_0c02969f70a6 ;
time : 1521713333 ;
type : event ;

2018-03-22 18:08:53 params :
------------
Array:
rule : -2 ;
module :  ;
message : Array ;

2018-03-22 18:08:53 response :
------------

2018-03-22 19:22:39 trace :
------------
Array:
tousername : gh_0c02969f70a6 ;
fromusername : oSI4Lj2UIVAs_3SbU14tmG4rJg5Y ;
createtime : 1521717759 ;
msgtype : event ;
event : subscribe ;
eventkey : Array ;
from : oSI4Lj2UIVAs_3SbU14tmG4rJg5Y ;
to : gh_0c02969f70a6 ;
time : 1521717759 ;
type : subscribe ;

2018-03-22 19:22:39 params :
------------
Array:
rule : -2 ;
module :  ;
message : Array ;

2018-03-22 19:22:39 response :
------------

2018-03-22 19:22:43 trace :
------------
Array:
tousername : gh_0c02969f70a6 ;
fromusername : oSI4Lj2UIVAs_3SbU14tmG4rJg5Y ;
createtime : 1521717763 ;
msgtype : event ;
event : VIEW ;
eventkey : http://zz.jhzh66.com/app/index.php?i=8&c=entry&eid=194 ;
menuid : 424819011 ;
from : oSI4Lj2UIVAs_3SbU14tmG4rJg5Y ;
to : gh_0c02969f70a6 ;
time : 1521717763 ;
type : event ;

2018-03-22 19:22:43 params :
------------
Array:
rule : -2 ;
module :  ;
message : Array ;

2018-03-22 19:22:43 response :
------------

2018-03-22 19:22:52 trace :
------------
Array:
tousername : gh_0c02969f70a6 ;
fromusername : oSI4Lj2UIVAs_3SbU14tmG4rJg5Y ;
createtime : 1521717772 ;
msgtype : event ;
event : VIEW ;
eventkey : http://zz.jhzh66.com/app/index.php?i=8&c=entry&eid=194 ;
menuid : 424819011 ;
from : oSI4Lj2UIVAs_3SbU14tmG4rJg5Y ;
to : gh_0c02969f70a6 ;
time : 1521717772 ;
type : event ;

2018-03-22 19:22:52 params :
------------
Array:
rule : -2 ;
module :  ;
message : Array ;

2018-03-22 19:22:52 response :
------------

2018-03-22 19:28:27 trace :
------------
Array:
tousername : gh_0c02969f70a6 ;
fromusername : oSI4LjxOk_z2c7unlDpR6f69Hl6A ;
createtime : 1521718107 ;
msgtype : event ;
event : VIEW ;
eventkey : http://zz.jhzh66.com/app/index.php?i=8&c=entry&eid=198 ;
menuid : 424819011 ;
from : oSI4LjxOk_z2c7unlDpR6f69Hl6A ;
to : gh_0c02969f70a6 ;
time : 1521718107 ;
type : event ;

2018-03-22 19:28:27 params :
------------
Array:
rule : -2 ;
module :  ;
message : Array ;

2018-03-22 19:28:27 response :
------------

2018-03-22 19:29:56 trace :
------------
Array:
tousername : gh_0c02969f70a6 ;
fromusername : oSI4Lj_cD__365bOSvZnftSowkUQ ;
createtime : 1521718196 ;
msgtype : event ;
event : VIEW ;
eventkey : http://zz.jhzh66.com/app/index.php?i=8&c=entry&eid=194 ;
menuid : 424819011 ;
from : oSI4Lj_cD__365bOSvZnftSowkUQ ;
to : gh_0c02969f70a6 ;
time : 1521718196 ;
type : event ;

2018-03-22 19:29:56 params :
------------
Array:
rule : -2 ;
module :  ;
message : Array ;

2018-03-22 19:29:56 response :
------------

2018-03-22 19:29:57 trace :
------------
Array:
tousername : gh_0c02969f70a6 ;
fromusername : oSI4Lj_cD__365bOSvZnftSowkUQ ;
createtime : 1521718197 ;
msgtype : event ;
event : VIEW ;
eventkey : http://zz.jhzh66.com/app/index.php?i=8&c=entry&eid=194 ;
menuid : 424819011 ;
from : oSI4Lj_cD__365bOSvZnftSowkUQ ;
to : gh_0c02969f70a6 ;
time : 1521718197 ;
type : event ;

2018-03-22 19:29:57 params :
------------
Array:
rule : -2 ;
module :  ;
message : Array ;

2018-03-22 19:29:57 response :
------------

2018-03-22 19:30:12 trace :
------------
Array:
tousername : gh_0c02969f70a6 ;
fromusername : oSI4Lj97Jm2kdczJ4OHYMLb017pk ;
createtime : 1521718212 ;
msgtype : event ;
event : VIEW ;
eventkey : http://zz.jhzh66.com/app/index.php?i=8&c=entry&eid=194 ;
menuid : 424819011 ;
from : oSI4Lj97Jm2kdczJ4OHYMLb017pk ;
to : gh_0c02969f70a6 ;
time : 1521718212 ;
type : event ;

2018-03-22 19:30:12 params :
------------
Array:
rule : -2 ;
module :  ;
message : Array ;

2018-03-22 19:30:12 response :
------------

2018-03-22 20:24:24 trace :
------------
Array:
tousername : gh_0c02969f70a6 ;
fromusername : oSI4Lj3KnX2JVD0TjuS2grE2l1QM ;
createtime : 1521721464 ;
msgtype : event ;
event : VIEW ;
eventkey : http://zz.jhzh66.com/app/index.php?i=8&c=entry&eid=198 ;
menuid : 424819011 ;
from : oSI4Lj3KnX2JVD0TjuS2grE2l1QM ;
to : gh_0c02969f70a6 ;
time : 1521721464 ;
type : event ;

2018-03-22 20:24:24 params :
------------
Array:
rule : -2 ;
module :  ;
message : Array ;

2018-03-22 20:24:24 response :
------------

2018-03-22 20:47:52 trace :
------------
Array:
tousername : gh_0c02969f70a6 ;
fromusername : oSI4Lj-mQFi0cVrtdhb5LRhxTXRo ;
createtime : 1521722872 ;
msgtype : event ;
event : CLICK ;
eventkey : 海报 ;
from : oSI4Lj-mQFi0cVrtdhb5LRhxTXRo ;
to : gh_0c02969f70a6 ;
time : 1521722872 ;
type : event ;

2018-03-22 21:08:21 trace :
------------
Array:
tousername : gh_0c02969f70a6 ;
fromusername : oSI4Lj2pjhreoyy5STNGRffttblI ;
createtime : 1521724101 ;
msgtype : event ;
event : VIEW ;
eventkey : http://zz.jhzh66.com/app/index.php?i=8&c=entry&eid=198 ;
menuid : 424819011 ;
from : oSI4Lj2pjhreoyy5STNGRffttblI ;
to : gh_0c02969f70a6 ;
time : 1521724101 ;
type : event ;

2018-03-22 21:08:21 params :
------------
Array:
rule : -2 ;
module :  ;
message : Array ;

2018-03-22 21:08:21 response :
------------

2018-03-22 21:16:24 trace :
------------
Array:
tousername : gh_0c02969f70a6 ;
fromusername : oSI4Lj04erd6DNrQmtZ9OslJJJJo ;
createtime : 1521724584 ;
msgtype : event ;
event : VIEW ;
eventkey : http://zz.jhzh66.com/app/index.php?i=8&c=entry&eid=198 ;
menuid : 424819011 ;
from : oSI4Lj04erd6DNrQmtZ9OslJJJJo ;
to : gh_0c02969f70a6 ;
time : 1521724584 ;
type : event ;

2018-03-22 21:16:24 params :
------------
Array:
rule : -2 ;
module :  ;
message : Array ;

2018-03-22 21:16:24 response :
------------

2018-03-22 21:18:19 trace :
------------
Array:
tousername : gh_0c02969f70a6 ;
fromusername : oSI4Lj04erd6DNrQmtZ9OslJJJJo ;
createtime : 1521724699 ;
msgtype : event ;
event : VIEW ;
eventkey : http://zz.jhzh66.com/app/index.php?i=8&c=entry&eid=198 ;
menuid : 424819011 ;
from : oSI4Lj04erd6DNrQmtZ9OslJJJJo ;
to : gh_0c02969f70a6 ;
time : 1521724699 ;
type : event ;

2018-03-22 21:18:19 params :
------------
Array:
rule : -2 ;
module :  ;
message : Array ;

2018-03-22 21:18:19 response :
------------

2018-03-22 21:22:47 trace :
------------
Array:
tousername : gh_0c02969f70a6 ;
fromusername : oSI4Lj04erd6DNrQmtZ9OslJJJJo ;
createtime : 1521724967 ;
msgtype : event ;
event : VIEW ;
eventkey : http://zz.jhzh66.com/app/index.php?i=8&c=entry&eid=198 ;
menuid : 424819011 ;
from : oSI4Lj04erd6DNrQmtZ9OslJJJJo ;
to : gh_0c02969f70a6 ;
time : 1521724967 ;
type : event ;

2018-03-22 21:22:47 params :
------------
Array:
rule : -2 ;
module :  ;
message : Array ;

2018-03-22 21:22:47 response :
------------

2018-03-22 21:22:58 trace :
------------
Array:
tousername : gh_0c02969f70a6 ;
fromusername : oSI4LjyLAL0U_Is-GNtwxiM5L1oY ;
createtime : 1521724977 ;
msgtype : event ;
event : VIEW ;
eventkey : http://zz.jhzh66.com/app/index.php?i=8&c=entry&eid=198 ;
menuid : 424819011 ;
from : oSI4LjyLAL0U_Is-GNtwxiM5L1oY ;
to : gh_0c02969f70a6 ;
time : 1521724977 ;
type : event ;

2018-03-22 21:22:58 params :
------------
Array:
rule : -2 ;
module :  ;
message : Array ;

2018-03-22 21:22:58 response :
------------

2018-03-22 21:24:37 trace :
------------
Array:
tousername : gh_0c02969f70a6 ;
fromusername : oSI4Lj7ZEyUM-MSQe0yPtiefb3NM ;
createtime : 1521725077 ;
msgtype : event ;
event : VIEW ;
eventkey : http://zz.jhzh66.com/app/index.php?i=8&c=entry&eid=198 ;
menuid : 424819011 ;
from : oSI4Lj7ZEyUM-MSQe0yPtiefb3NM ;
to : gh_0c02969f70a6 ;
time : 1521725077 ;
type : event ;

2018-03-22 21:24:37 params :
------------
Array:
rule : -2 ;
module :  ;
message : Array ;

2018-03-22 21:24:37 response :
------------

2018-03-22 21:25:51 trace :
------------
Array:
tousername : gh_0c02969f70a6 ;
fromusername : oSI4Lj61cNqZ2u3iIxwOYG1mPHz4 ;
createtime : 1521725151 ;
msgtype : event ;
event : VIEW ;
eventkey : http://zz.jhzh66.com/app/index.php?i=8&c=entry&eid=194 ;
menuid : 424819011 ;
from : oSI4Lj61cNqZ2u3iIxwOYG1mPHz4 ;
to : gh_0c02969f70a6 ;
time : 1521725151 ;
type : event ;

2018-03-22 21:25:51 params :
------------
Array:
rule : -2 ;
module :  ;
message : Array ;

2018-03-22 21:25:51 response :
------------

2018-03-22 21:28:11 trace :
------------
Array:
tousername : gh_0c02969f70a6 ;
fromusername : oSI4Lj61cNqZ2u3iIxwOYG1mPHz4 ;
createtime : 1521725291 ;
msgtype : event ;
event : VIEW ;
eventkey : http://zz.jhzh66.com/app/index.php?i=8&c=entry&eid=194 ;
menuid : 424819011 ;
from : oSI4Lj61cNqZ2u3iIxwOYG1mPHz4 ;
to : gh_0c02969f70a6 ;
time : 1521725291 ;
type : event ;

2018-03-22 21:28:11 params :
------------
Array:
rule : -2 ;
module :  ;
message : Array ;

2018-03-22 21:28:11 response :
------------

2018-03-22 21:28:18 trace :
------------
Array:
tousername : gh_0c02969f70a6 ;
fromusername : oSI4LjyLAL0U_Is-GNtwxiM5L1oY ;
createtime : 1521725297 ;
msgtype : event ;
event : VIEW ;
eventkey : http://www.haolangtech.com/index.php/addon/HotActivity/HotActivity/leagueindex/id/1.html?from=groupmessage&isappinstalled=0 ;
menuid : 424819011 ;
from : oSI4LjyLAL0U_Is-GNtwxiM5L1oY ;
to : gh_0c02969f70a6 ;
time : 1521725297 ;
type : event ;

2018-03-22 21:28:18 params :
------------
Array:
rule : -2 ;
module :  ;
message : Array ;

2018-03-22 21:28:18 response :
------------

2018-03-22 21:48:14 trace :
------------
Array:
tousername : gh_0c02969f70a6 ;
fromusername : oSI4Lj-XaO9wjnPbt9OzE2vQL_94 ;
createtime : 1521726494 ;
msgtype : event ;
event : VIEW ;
eventkey : http://zz.jhzh66.com/app/index.php?i=8&c=entry&eid=198 ;
menuid : 424819011 ;
from : oSI4Lj-XaO9wjnPbt9OzE2vQL_94 ;
to : gh_0c02969f70a6 ;
time : 1521726494 ;
type : event ;

2018-03-22 21:48:14 params :
------------
Array:
rule : -2 ;
module :  ;
message : Array ;

2018-03-22 21:48:14 response :
------------

2018-03-22 21:51:31 trace :
------------
Array:
tousername : gh_0c02969f70a6 ;
fromusername : oSI4Lj7ZEyUM-MSQe0yPtiefb3NM ;
createtime : 1521726691 ;
msgtype : event ;
event : VIEW ;
eventkey : http://zz.jhzh66.com/app/index.php?i=8&c=entry&eid=198 ;
menuid : 424819011 ;
from : oSI4Lj7ZEyUM-MSQe0yPtiefb3NM ;
to : gh_0c02969f70a6 ;
time : 1521726691 ;
type : event ;

2018-03-22 21:51:31 params :
------------
Array:
rule : -2 ;
module :  ;
message : Array ;

2018-03-22 21:51:31 response :
------------

2018-03-22 22:59:59 trace :
------------
Array:
tousername : gh_0c02969f70a6 ;
fromusername : oSI4Lj04erd6DNrQmtZ9OslJJJJo ;
createtime : 1521730799 ;
msgtype : event ;
event : VIEW ;
eventkey : http://zz.jhzh66.com/app/index.php?i=8&c=entry&eid=198 ;
menuid : 424819011 ;
from : oSI4Lj04erd6DNrQmtZ9OslJJJJo ;
to : gh_0c02969f70a6 ;
time : 1521730799 ;
type : event ;

2018-03-22 22:59:59 params :
------------
Array:
rule : -2 ;
module :  ;
message : Array ;

2018-03-22 22:59:59 response :
------------

2018-03-22 23:00:42 trace :
------------
Array:
tousername : gh_0c02969f70a6 ;
fromusername : oSI4Lj04erd6DNrQmtZ9OslJJJJo ;
createtime : 1521730842 ;
msgtype : event ;
event : VIEW ;
eventkey : http://zz.jhzh66.com/app/index.php?i=8&c=entry&eid=198 ;
menuid : 424819011 ;
from : oSI4Lj04erd6DNrQmtZ9OslJJJJo ;
to : gh_0c02969f70a6 ;
time : 1521730842 ;
type : event ;

2018-03-22 23:00:42 params :
------------
Array:
rule : -2 ;
module :  ;
message : Array ;

2018-03-22 23:00:42 response :
------------

2018-03-22 23:01:14 trace :
------------
Array:
tousername : gh_0c02969f70a6 ;
fromusername : oSI4Lj04erd6DNrQmtZ9OslJJJJo ;
createtime : 1521730874 ;
msgtype : event ;
event : VIEW ;
eventkey : http://zz.jhzh66.com/app/index.php?i=8&c=entry&eid=198 ;
menuid : 424819011 ;
from : oSI4Lj04erd6DNrQmtZ9OslJJJJo ;
to : gh_0c02969f70a6 ;
time : 1521730874 ;
type : event ;

2018-03-22 23:01:14 params :
------------
Array:
rule : -2 ;
module :  ;
message : Array ;

2018-03-22 23:01:14 response :
------------

2018-03-22 23:18:00 trace :
------------
Array:
tousername : gh_0c02969f70a6 ;
fromusername : oSI4Lj04erd6DNrQmtZ9OslJJJJo ;
createtime : 1521731880 ;
msgtype : event ;
event : VIEW ;
eventkey : http://zz.jhzh66.com/app/index.php?i=8&c=entry&eid=198 ;
menuid : 424819011 ;
from : oSI4Lj04erd6DNrQmtZ9OslJJJJo ;
to : gh_0c02969f70a6 ;
time : 1521731880 ;
type : event ;

2018-03-22 23:18:00 params :
------------
Array:
rule : -2 ;
module :  ;
message : Array ;

2018-03-22 23:18:00 response :
------------

