2018-04-14 00:07:38 trace :
------------
Array:
tousername : gh_0c02969f70a6 ;
fromusername : oSI4LjyHUqsKQ2U6jJYcy4lCjBVA ;
createtime : 1523635658 ;
msgtype : event ;
event : VIEW ;
eventkey : http://zz.jhzh66.com/app/index.php?i=8&c=entry&eid=198 ;
menuid : 425118276 ;
from : oSI4LjyHUqsKQ2U6jJYcy4lCjBVA ;
to : gh_0c02969f70a6 ;
time : 1523635658 ;
type : event ;

2018-04-14 00:07:38 params :
------------
Array:
rule : -2 ;
module :  ;
message : Array ;

2018-04-14 00:07:38 response :
------------

2018-04-14 00:15:33 trace :
------------
Array:
tousername : gh_0c02969f70a6 ;
fromusername : oSI4LjyHUqsKQ2U6jJYcy4lCjBVA ;
createtime : 1523636133 ;
msgtype : event ;
event : VIEW ;
eventkey : http://zz.jhzh66.com/app/index.php?i=8&c=entry&eid=198 ;
menuid : 425118276 ;
from : oSI4LjyHUqsKQ2U6jJYcy4lCjBVA ;
to : gh_0c02969f70a6 ;
time : 1523636133 ;
type : event ;

2018-04-14 00:15:33 params :
------------
Array:
rule : -2 ;
module :  ;
message : Array ;

2018-04-14 00:15:33 response :
------------

2018-04-14 00:41:18 trace :
------------
Array:
tousername : gh_0c02969f70a6 ;
fromusername : oSI4LjyHUqsKQ2U6jJYcy4lCjBVA ;
createtime : 1523637678 ;
msgtype : event ;
event : VIEW ;
eventkey : http://zz.jhzh66.com/app/index.php?i=8&c=entry&eid=198 ;
menuid : 425118276 ;
from : oSI4LjyHUqsKQ2U6jJYcy4lCjBVA ;
to : gh_0c02969f70a6 ;
time : 1523637678 ;
type : event ;

2018-04-14 00:41:18 params :
------------
Array:
rule : -2 ;
module :  ;
message : Array ;

2018-04-14 00:41:18 response :
------------

2018-04-14 00:43:29 trace :
------------
Array:
tousername : gh_0c02969f70a6 ;
fromusername : oSI4LjyHUqsKQ2U6jJYcy4lCjBVA ;
createtime : 1523637809 ;
msgtype : event ;
event : VIEW ;
eventkey : http://zz.jhzh66.com/app/index.php?i=8&c=entry&eid=198 ;
menuid : 425118276 ;
from : oSI4LjyHUqsKQ2U6jJYcy4lCjBVA ;
to : gh_0c02969f70a6 ;
time : 1523637809 ;
type : event ;

2018-04-14 00:43:29 params :
------------
Array:
rule : -2 ;
module :  ;
message : Array ;

2018-04-14 00:43:29 response :
------------

2018-04-14 00:43:39 trace :
------------
Array:
tousername : gh_0c02969f70a6 ;
fromusername : oSI4LjyHUqsKQ2U6jJYcy4lCjBVA ;
createtime : 1523637818 ;
msgtype : event ;
event : VIEW ;
eventkey : http://zz.jhzh66.com/app/index.php?i=8&c=entry&eid=198 ;
menuid : 425118276 ;
from : oSI4LjyHUqsKQ2U6jJYcy4lCjBVA ;
to : gh_0c02969f70a6 ;
time : 1523637818 ;
type : event ;

2018-04-14 00:43:39 params :
------------
Array:
rule : -2 ;
module :  ;
message : Array ;

2018-04-14 00:43:39 response :
------------

2018-04-14 01:10:09 trace :
------------
Array:
tousername : gh_0c02969f70a6 ;
fromusername : oSI4Lj2Yef0zxzFqreV4g3fl-vfI ;
createtime : 1523639409 ;
msgtype : event ;
event : VIEW ;
eventkey : http://zz.jhzh66.com/app/index.php?i=8&c=entry&eid=194 ;
menuid : 425118276 ;
from : oSI4Lj2Yef0zxzFqreV4g3fl-vfI ;
to : gh_0c02969f70a6 ;
time : 1523639409 ;
type : event ;

2018-04-14 01:10:09 params :
------------
Array:
rule : -2 ;
module :  ;
message : Array ;

2018-04-14 01:10:09 response :
------------

2018-04-14 01:11:20 trace :
------------
Array:
tousername : gh_0c02969f70a6 ;
fromusername : oSI4Lj2Yef0zxzFqreV4g3fl-vfI ;
createtime : 1523639480 ;
msgtype : event ;
event : VIEW ;
eventkey : http://zz.jhzh66.com/app/index.php?i=8&c=entry&eid=198 ;
menuid : 425118276 ;
from : oSI4Lj2Yef0zxzFqreV4g3fl-vfI ;
to : gh_0c02969f70a6 ;
time : 1523639480 ;
type : event ;

2018-04-14 01:11:20 params :
------------
Array:
rule : -2 ;
module :  ;
message : Array ;

2018-04-14 01:11:20 response :
------------

2018-04-14 01:11:33 trace :
------------
Array:
tousername : gh_0c02969f70a6 ;
fromusername : oSI4Lj2Yef0zxzFqreV4g3fl-vfI ;
createtime : 1523639493 ;
msgtype : event ;
event : VIEW ;
eventkey : http://zz.jhzh66.com/app/index.php?i=8&c=entry&eid=198 ;
menuid : 425118276 ;
from : oSI4Lj2Yef0zxzFqreV4g3fl-vfI ;
to : gh_0c02969f70a6 ;
time : 1523639493 ;
type : event ;

2018-04-14 01:11:33 params :
------------
Array:
rule : -2 ;
module :  ;
message : Array ;

2018-04-14 01:11:33 response :
------------

2018-04-14 01:17:51 trace :
------------
Array:
tousername : gh_0c02969f70a6 ;
fromusername : oSI4Lj2Yef0zxzFqreV4g3fl-vfI ;
createtime : 1523639871 ;
msgtype : event ;
event : VIEW ;
eventkey : http://www.haolangtech.com/index.php/addon/HotActivity/HotActivity/leagueindex/id/1.html?from=groupmessage&isappinstalled=0 ;
menuid : 425118276 ;
from : oSI4Lj2Yef0zxzFqreV4g3fl-vfI ;
to : gh_0c02969f70a6 ;
time : 1523639871 ;
type : event ;

2018-04-14 01:17:51 params :
------------
Array:
rule : -2 ;
module :  ;
message : Array ;

2018-04-14 01:17:51 response :
------------

2018-04-14 01:18:05 trace :
------------
Array:
tousername : gh_0c02969f70a6 ;
fromusername : oSI4Lj2Yef0zxzFqreV4g3fl-vfI ;
createtime : 1523639885 ;
msgtype : event ;
event : VIEW ;
eventkey : http://www.haolangtech.com/index.php/addon/HotActivity/HotActivity/leagueindex/id/1.html?from=groupmessage&isappinstalled=0 ;
menuid : 425118276 ;
from : oSI4Lj2Yef0zxzFqreV4g3fl-vfI ;
to : gh_0c02969f70a6 ;
time : 1523639885 ;
type : event ;

2018-04-14 01:18:05 params :
------------
Array:
rule : -2 ;
module :  ;
message : Array ;

2018-04-14 01:18:05 response :
------------

2018-04-14 01:19:04 trace :
------------
Array:
tousername : gh_0c02969f70a6 ;
fromusername : oSI4Lj2Yef0zxzFqreV4g3fl-vfI ;
createtime : 1523639943 ;
msgtype : event ;
event : VIEW ;
eventkey : http://zz.jhzh66.com/app/index.php?i=8&c=entry&eid=194 ;
menuid : 425118276 ;
from : oSI4Lj2Yef0zxzFqreV4g3fl-vfI ;
to : gh_0c02969f70a6 ;
time : 1523639943 ;
type : event ;

2018-04-14 01:19:04 params :
------------
Array:
rule : -2 ;
module :  ;
message : Array ;

2018-04-14 01:19:04 response :
------------

2018-04-14 01:20:04 trace :
------------
Array:
tousername : gh_0c02969f70a6 ;
fromusername : oSI4Lj2Yef0zxzFqreV4g3fl-vfI ;
createtime : 1523640004 ;
msgtype : event ;
event : CLICK ;
eventkey : 关注 ;
from : oSI4Lj2Yef0zxzFqreV4g3fl-vfI ;
to : gh_0c02969f70a6 ;
time : 1523640004 ;
type : event ;

2018-04-14 01:47:51 trace :
------------
Array:
tousername : gh_0c02969f70a6 ;
fromusername : oSI4LjyXlicLjYFHm29OZzkQ898s ;
createtime : 1523641671 ;
msgtype : event ;
event : VIEW ;
eventkey : http://zz.jhzh66.com/app/index.php?i=8&c=entry&eid=198 ;
menuid : 425118276 ;
from : oSI4LjyXlicLjYFHm29OZzkQ898s ;
to : gh_0c02969f70a6 ;
time : 1523641671 ;
type : event ;

2018-04-14 01:47:51 params :
------------
Array:
rule : -2 ;
module :  ;
message : Array ;

2018-04-14 01:47:51 response :
------------

2018-04-14 05:58:16 trace :
------------
Array:
tousername : gh_0c02969f70a6 ;
fromusername : oSI4Ljy4qH8c3sTxzjY3Cylxpe_4 ;
createtime : 1523656695 ;
msgtype : event ;
event : VIEW ;
eventkey : http://zz.jhzh66.com/app/index.php?i=8&c=entry&eid=198 ;
menuid : 425118276 ;
from : oSI4Ljy4qH8c3sTxzjY3Cylxpe_4 ;
to : gh_0c02969f70a6 ;
time : 1523656695 ;
type : event ;

2018-04-14 05:58:16 params :
------------
Array:
rule : -2 ;
module :  ;
message : Array ;

2018-04-14 05:58:16 response :
------------

2018-04-14 06:03:03 trace :
------------
Array:
tousername : gh_0c02969f70a6 ;
fromusername : oSI4Lj99EQ_IeYxN0Az4VpSMlouY ;
createtime : 1523656983 ;
msgtype : event ;
event : VIEW ;
eventkey : http://zz.jhzh66.com/app/index.php?i=8&c=entry&eid=194 ;
menuid : 425118276 ;
from : oSI4Lj99EQ_IeYxN0Az4VpSMlouY ;
to : gh_0c02969f70a6 ;
time : 1523656983 ;
type : event ;

2018-04-14 06:03:03 params :
------------
Array:
rule : -2 ;
module :  ;
message : Array ;

2018-04-14 06:03:03 response :
------------

2018-04-14 06:04:33 trace :
------------
Array:
tousername : gh_0c02969f70a6 ;
fromusername : oSI4Lj99EQ_IeYxN0Az4VpSMlouY ;
createtime : 1523657073 ;
msgtype : event ;
event : VIEW ;
eventkey : http://zz.jhzh66.com/app/index.php?i=8&c=entry&eid=194 ;
menuid : 425118276 ;
from : oSI4Lj99EQ_IeYxN0Az4VpSMlouY ;
to : gh_0c02969f70a6 ;
time : 1523657073 ;
type : event ;

2018-04-14 06:04:33 params :
------------
Array:
rule : -2 ;
module :  ;
message : Array ;

2018-04-14 06:04:33 response :
------------

2018-04-14 06:06:36 trace :
------------
Array:
tousername : gh_0c02969f70a6 ;
fromusername : oSI4Lj99EQ_IeYxN0Az4VpSMlouY ;
createtime : 1523657196 ;
msgtype : event ;
event : VIEW ;
eventkey : http://zz.jhzh66.com/app/index.php?i=8&c=entry&eid=194 ;
menuid : 425118276 ;
from : oSI4Lj99EQ_IeYxN0Az4VpSMlouY ;
to : gh_0c02969f70a6 ;
time : 1523657196 ;
type : event ;

2018-04-14 06:06:36 params :
------------
Array:
rule : -2 ;
module :  ;
message : Array ;

2018-04-14 06:06:36 response :
------------

2018-04-14 07:14:49 trace :
------------
Array:
tousername : gh_0c02969f70a6 ;
fromusername : oSI4Lj2ojIhYzTCg1ATD72PakYPk ;
createtime : 1523661289 ;
msgtype : event ;
event : VIEW ;
eventkey : http://zz.jhzh66.com/app/index.php?i=8&c=entry&eid=194 ;
menuid : 425118276 ;
from : oSI4Lj2ojIhYzTCg1ATD72PakYPk ;
to : gh_0c02969f70a6 ;
time : 1523661289 ;
type : event ;

2018-04-14 07:14:49 params :
------------
Array:
rule : -2 ;
module :  ;
message : Array ;

2018-04-14 07:14:49 response :
------------

2018-04-14 07:14:50 trace :
------------
Array:
tousername : gh_0c02969f70a6 ;
fromusername : oSI4Lj2ojIhYzTCg1ATD72PakYPk ;
createtime : 1523661290 ;
msgtype : event ;
event : VIEW ;
eventkey : http://zz.jhzh66.com/app/index.php?i=8&c=entry&eid=194 ;
menuid : 425118276 ;
from : oSI4Lj2ojIhYzTCg1ATD72PakYPk ;
to : gh_0c02969f70a6 ;
time : 1523661290 ;
type : event ;

2018-04-14 07:14:50 params :
------------
Array:
rule : -2 ;
module :  ;
message : Array ;

2018-04-14 07:14:50 response :
------------

2018-04-14 07:22:20 trace :
------------
Array:
tousername : gh_0c02969f70a6 ;
fromusername : oSI4LjzGDzCztrhCP10C7-4flpE4 ;
createtime : 1523661740 ;
msgtype : event ;
event : SCAN ;
eventkey : e2a3a05106d2bad9265ce585b7742510 ;
ticket : gQEZ8TwAAAAAAAAAAS5odHRwOi8vd2VpeGluLnFxLmNvbS9xLzAyc01KUEF6OGU4YmYxMDAwME0wN3MAAgR0t8FaAwQAAAAA ;
from : oSI4LjzGDzCztrhCP10C7-4flpE4 ;
to : gh_0c02969f70a6 ;
time : 1523661740 ;
type : subscribe ;
scene : e2a3a05106d2bad9265ce585b7742510 ;

2018-04-14 07:22:25 trace :
------------
Array:
tousername : gh_0c02969f70a6 ;
fromusername : oSI4LjzGDzCztrhCP10C7-4flpE4 ;
createtime : 1523661745 ;
msgtype : event ;
event : VIEW ;
eventkey : http://zz.jhzh66.com/app/index.php?i=8&c=entry&eid=198 ;
menuid : 425118276 ;
from : oSI4LjzGDzCztrhCP10C7-4flpE4 ;
to : gh_0c02969f70a6 ;
time : 1523661745 ;
type : event ;

2018-04-14 07:22:25 params :
------------
Array:
rule : -2 ;
module :  ;
message : Array ;

2018-04-14 07:22:25 response :
------------

2018-04-14 07:30:16 trace :
------------
Array:
tousername : gh_0c02969f70a6 ;
fromusername : oSI4Lj-UWlaZR96C6fn45mFpOVAM ;
createtime : 1523662216 ;
msgtype : event ;
event : VIEW ;
eventkey : http://zz.jhzh66.com/app/index.php?i=8&c=entry&eid=198 ;
menuid : 425118276 ;
from : oSI4Lj-UWlaZR96C6fn45mFpOVAM ;
to : gh_0c02969f70a6 ;
time : 1523662216 ;
type : event ;

2018-04-14 07:30:16 params :
------------
Array:
rule : -2 ;
module :  ;
message : Array ;

2018-04-14 07:30:16 response :
------------

2018-04-14 07:30:44 trace :
------------
Array:
tousername : gh_0c02969f70a6 ;
fromusername : oSI4Lj-UWlaZR96C6fn45mFpOVAM ;
createtime : 1523662244 ;
msgtype : event ;
event : VIEW ;
eventkey : http://zz.jhzh66.com/app/index.php?i=8&c=entry&eid=198 ;
menuid : 425118276 ;
from : oSI4Lj-UWlaZR96C6fn45mFpOVAM ;
to : gh_0c02969f70a6 ;
time : 1523662244 ;
type : event ;

2018-04-14 07:30:44 params :
------------
Array:
rule : -2 ;
module :  ;
message : Array ;

2018-04-14 07:30:44 response :
------------

2018-04-14 07:42:21 trace :
------------
Array:
tousername : gh_0c02969f70a6 ;
fromusername : oSI4Lj1jJJlSNTbw70nYfsHDDG2I ;
createtime : 1523662941 ;
msgtype : event ;
event : VIEW ;
eventkey : http://zz.jhzh66.com/app/index.php?i=8&c=entry&eid=198 ;
menuid : 425118276 ;
from : oSI4Lj1jJJlSNTbw70nYfsHDDG2I ;
to : gh_0c02969f70a6 ;
time : 1523662941 ;
type : event ;

2018-04-14 07:42:21 params :
------------
Array:
rule : -2 ;
module :  ;
message : Array ;

2018-04-14 07:42:21 response :
------------

2018-04-14 07:54:13 trace :
------------
Array:
tousername : gh_0c02969f70a6 ;
fromusername : oSI4Lj-mQFi0cVrtdhb5LRhxTXRo ;
createtime : 1523663652 ;
msgtype : event ;
event : SCAN ;
eventkey : b1308e2e58ea8b15bcc4723c7feb2bc4 ;
ticket : gQH-8TwAAAAAAAAAAS5odHRwOi8vd2VpeGluLnFxLmNvbS9xLzAyNzY1dUFqOGU4YmYxMDAwMHcwN2kAAgSU38ZaAwQAAAAA ;
from : oSI4Lj-mQFi0cVrtdhb5LRhxTXRo ;
to : gh_0c02969f70a6 ;
time : 1523663652 ;
type : subscribe ;
scene : b1308e2e58ea8b15bcc4723c7feb2bc4 ;

2018-04-14 08:22:21 trace :
------------
Array:
tousername : gh_0c02969f70a6 ;
fromusername : oSI4Lj97Jm2kdczJ4OHYMLb017pk ;
createtime : 1523665341 ;
msgtype : event ;
event : VIEW ;
eventkey : http://zz.jhzh66.com/app/index.php?i=8&c=entry&eid=194 ;
menuid : 425118276 ;
from : oSI4Lj97Jm2kdczJ4OHYMLb017pk ;
to : gh_0c02969f70a6 ;
time : 1523665341 ;
type : event ;

2018-04-14 08:22:21 params :
------------
Array:
rule : -2 ;
module :  ;
message : Array ;

2018-04-14 08:22:21 response :
------------

2018-04-14 09:07:56 trace :
------------
Array:
tousername : gh_0c02969f70a6 ;
fromusername : oSI4Lj0MFq5bTQ-DA_pZ8Lpif5bg ;
createtime : 1523668076 ;
msgtype : event ;
event : VIEW ;
eventkey : http://zz11.com.cn/plugin.php?id=wechat:access ;
menuid : 425118276 ;
from : oSI4Lj0MFq5bTQ-DA_pZ8Lpif5bg ;
to : gh_0c02969f70a6 ;
time : 1523668076 ;
type : event ;

2018-04-14 09:07:56 params :
------------
Array:
rule : -2 ;
module :  ;
message : Array ;

2018-04-14 09:07:56 response :
------------

2018-04-14 09:24:04 trace :
------------
Array:
tousername : gh_0c02969f70a6 ;
fromusername : oSI4Ljw37Uz_MOs0MJlDTRCd2nas ;
createtime : 1523669044 ;
msgtype : event ;
event : VIEW ;
eventkey : http://zz.jhzh66.com/app/index.php?i=8&c=entry&eid=194 ;
menuid : 425118276 ;
from : oSI4Ljw37Uz_MOs0MJlDTRCd2nas ;
to : gh_0c02969f70a6 ;
time : 1523669044 ;
type : event ;

2018-04-14 09:24:04 params :
------------
Array:
rule : -2 ;
module :  ;
message : Array ;

2018-04-14 09:24:04 response :
------------

2018-04-14 09:38:20 trace :
------------
Array:
tousername : gh_0c02969f70a6 ;
fromusername : oSI4Lj1BK8Q2Rub3yQ5W7kmCTdzk ;
createtime : 1523669900 ;
msgtype : event ;
event : VIEW ;
eventkey : http://zz.jhzh66.com/app/index.php?i=8&c=entry&eid=198 ;
menuid : 425118276 ;
from : oSI4Lj1BK8Q2Rub3yQ5W7kmCTdzk ;
to : gh_0c02969f70a6 ;
time : 1523669900 ;
type : event ;

2018-04-14 09:38:20 params :
------------
Array:
rule : -2 ;
module :  ;
message : Array ;

2018-04-14 09:38:20 response :
------------

2018-04-14 10:42:07 trace :
------------
Array:
tousername : gh_0c02969f70a6 ;
fromusername : oSI4Lj97Jm2kdczJ4OHYMLb017pk ;
createtime : 1523673727 ;
msgtype : event ;
event : VIEW ;
eventkey : http://zz.jhzh66.com/app/index.php?i=8&c=entry&eid=194 ;
menuid : 425118276 ;
from : oSI4Lj97Jm2kdczJ4OHYMLb017pk ;
to : gh_0c02969f70a6 ;
time : 1523673727 ;
type : event ;

2018-04-14 10:42:07 params :
------------
Array:
rule : -2 ;
module :  ;
message : Array ;

2018-04-14 10:42:07 response :
------------

2018-04-14 11:02:53 trace :
------------
Array:
tousername : gh_0c02969f70a6 ;
fromusername : oSI4Lj97Jm2kdczJ4OHYMLb017pk ;
createtime : 1523674972 ;
msgtype : event ;
event : VIEW ;
eventkey : http://zz.jhzh66.com/app/index.php?i=8&c=entry&eid=194 ;
menuid : 425118276 ;
from : oSI4Lj97Jm2kdczJ4OHYMLb017pk ;
to : gh_0c02969f70a6 ;
time : 1523674972 ;
type : event ;

2018-04-14 11:02:53 params :
------------
Array:
rule : -2 ;
module :  ;
message : Array ;

2018-04-14 11:02:53 response :
------------

2018-04-14 11:06:17 trace :
------------
Array:
tousername : gh_0c02969f70a6 ;
fromusername : oSI4LjzJByoabCukpZmqyDV_0mMI ;
createtime : 1523675177 ;
msgtype : event ;
event : VIEW ;
eventkey : http://zz.jhzh66.com/app/index.php?i=8&c=entry&eid=194 ;
menuid : 425118276 ;
from : oSI4LjzJByoabCukpZmqyDV_0mMI ;
to : gh_0c02969f70a6 ;
time : 1523675177 ;
type : event ;

2018-04-14 11:06:17 params :
------------
Array:
rule : -2 ;
module :  ;
message : Array ;

2018-04-14 11:06:17 response :
------------

2018-04-14 11:06:49 trace :
------------
Array:
tousername : gh_0c02969f70a6 ;
fromusername : oSI4Lj4D4s1OS7Tx2J5YcCVk40og ;
createtime : 1523675209 ;
msgtype : event ;
event : VIEW ;
eventkey : http://zz.jhzh66.com/app/index.php?i=8&c=entry&eid=198 ;
menuid : 425118276 ;
from : oSI4Lj4D4s1OS7Tx2J5YcCVk40og ;
to : gh_0c02969f70a6 ;
time : 1523675209 ;
type : event ;

2018-04-14 11:06:49 params :
------------
Array:
rule : -2 ;
module :  ;
message : Array ;

2018-04-14 11:06:49 response :
------------

2018-04-14 12:14:49 trace :
------------
Array:
tousername : gh_0c02969f70a6 ;
fromusername : oSI4LjyHUqsKQ2U6jJYcy4lCjBVA ;
createtime : 1523679289 ;
msgtype : event ;
event : VIEW ;
eventkey : http://zz.jhzh66.com/app/index.php?i=8&c=entry&eid=198 ;
menuid : 425118276 ;
from : oSI4LjyHUqsKQ2U6jJYcy4lCjBVA ;
to : gh_0c02969f70a6 ;
time : 1523679289 ;
type : event ;

2018-04-14 12:14:49 params :
------------
Array:
rule : -2 ;
module :  ;
message : Array ;

2018-04-14 12:14:49 response :
------------

2018-04-14 12:17:32 trace :
------------
Array:
tousername : gh_0c02969f70a6 ;
fromusername : oSI4LjyHUqsKQ2U6jJYcy4lCjBVA ;
createtime : 1523679452 ;
msgtype : event ;
event : VIEW ;
eventkey : http://zz.jhzh66.com/app/index.php?i=8&c=entry&eid=198 ;
menuid : 425118276 ;
from : oSI4LjyHUqsKQ2U6jJYcy4lCjBVA ;
to : gh_0c02969f70a6 ;
time : 1523679452 ;
type : event ;

2018-04-14 12:17:32 params :
------------
Array:
rule : -2 ;
module :  ;
message : Array ;

2018-04-14 12:17:32 response :
------------

2018-04-14 13:33:49 trace :
------------
Array:
tousername : gh_0c02969f70a6 ;
fromusername : oSI4Lj95EWi6-qifEuK2-xlggHx4 ;
createtime : 1523684029 ;
msgtype : event ;
event : VIEW ;
eventkey : http://zz.jhzh66.com/app/index.php?i=8&c=entry&eid=194 ;
menuid : 425118276 ;
from : oSI4Lj95EWi6-qifEuK2-xlggHx4 ;
to : gh_0c02969f70a6 ;
time : 1523684029 ;
type : event ;

2018-04-14 13:33:50 params :
------------
Array:
rule : -2 ;
module :  ;
message : Array ;

2018-04-14 13:33:50 response :
------------

2018-04-14 13:37:44 trace :
------------
Array:
tousername : gh_0c02969f70a6 ;
fromusername : oSI4Lj79JOvAvfFkrLaO599Hwewo ;
createtime : 1523684264 ;
msgtype : event ;
event : VIEW ;
eventkey : http://zz.jhzh66.com/app/index.php?i=8&c=entry&eid=194 ;
menuid : 425118276 ;
from : oSI4Lj79JOvAvfFkrLaO599Hwewo ;
to : gh_0c02969f70a6 ;
time : 1523684264 ;
type : event ;

2018-04-14 13:37:44 params :
------------
Array:
rule : -2 ;
module :  ;
message : Array ;

2018-04-14 13:37:44 response :
------------

2018-04-14 13:47:15 trace :
------------
Array:
tousername : gh_0c02969f70a6 ;
fromusername : oSI4Lj0YyjAxJuOI-I121utiNRiY ;
createtime : 1523684835 ;
msgtype : event ;
event : subscribe ;
eventkey : Array ;
from : oSI4Lj0YyjAxJuOI-I121utiNRiY ;
to : gh_0c02969f70a6 ;
time : 1523684835 ;
type : subscribe ;

2018-04-14 13:47:15 params :
------------
Array:
rule : -2 ;
module :  ;
message : Array ;

2018-04-14 13:47:15 response :
------------

2018-04-14 13:47:22 trace :
------------
Array:
tousername : gh_0c02969f70a6 ;
fromusername : oSI4Lj0YyjAxJuOI-I121utiNRiY ;
createtime : 1523684841 ;
msgtype : event ;
event : VIEW ;
eventkey : http://zz.jhzh66.com/app/index.php?i=8&c=entry&eid=194 ;
menuid : 425118276 ;
from : oSI4Lj0YyjAxJuOI-I121utiNRiY ;
to : gh_0c02969f70a6 ;
time : 1523684841 ;
type : event ;

2018-04-14 13:47:22 params :
------------
Array:
rule : -2 ;
module :  ;
message : Array ;

2018-04-14 13:47:22 response :
------------

2018-04-14 14:28:11 trace :
------------
Array:
tousername : gh_0c02969f70a6 ;
fromusername : oSI4Lj97Jm2kdczJ4OHYMLb017pk ;
createtime : 1523687291 ;
msgtype : event ;
event : VIEW ;
eventkey : http://zz.jhzh66.com/app/index.php?i=8&c=entry&eid=194 ;
menuid : 425118276 ;
from : oSI4Lj97Jm2kdczJ4OHYMLb017pk ;
to : gh_0c02969f70a6 ;
time : 1523687291 ;
type : event ;

2018-04-14 14:28:11 params :
------------
Array:
rule : -2 ;
module :  ;
message : Array ;

2018-04-14 14:28:11 response :
------------

2018-04-14 14:48:40 trace :
------------
Array:
tousername : gh_0c02969f70a6 ;
fromusername : oSI4LjzsYImX3F8TajBxgdy3dfBE ;
createtime : 1523688519 ;
msgtype : event ;
event : subscribe ;
eventkey : Array ;
from : oSI4LjzsYImX3F8TajBxgdy3dfBE ;
to : gh_0c02969f70a6 ;
time : 1523688519 ;
type : subscribe ;

2018-04-14 14:48:40 params :
------------
Array:
rule : -2 ;
module :  ;
message : Array ;

2018-04-14 14:48:40 response :
------------

2018-04-14 15:07:05 trace :
------------
Array:
tousername : gh_0c02969f70a6 ;
fromusername : oSI4LjzsYImX3F8TajBxgdy3dfBE ;
createtime : 1523689625 ;
msgtype : event ;
event : VIEW ;
eventkey : http://zz.jhzh66.com/app/index.php?i=8&c=entry&eid=194 ;
menuid : 425118276 ;
from : oSI4LjzsYImX3F8TajBxgdy3dfBE ;
to : gh_0c02969f70a6 ;
time : 1523689625 ;
type : event ;

2018-04-14 15:07:05 params :
------------
Array:
rule : -2 ;
module :  ;
message : Array ;

2018-04-14 15:07:05 response :
------------

2018-04-14 15:17:49 trace :
------------
Array:
tousername : gh_0c02969f70a6 ;
fromusername : oSI4Lj61cNqZ2u3iIxwOYG1mPHz4 ;
createtime : 1523690269 ;
msgtype : event ;
event : VIEW ;
eventkey : http://zz.jhzh66.com/app/index.php?i=8&c=entry&eid=194 ;
menuid : 425118276 ;
from : oSI4Lj61cNqZ2u3iIxwOYG1mPHz4 ;
to : gh_0c02969f70a6 ;
time : 1523690269 ;
type : event ;

2018-04-14 15:17:49 params :
------------
Array:
rule : -2 ;
module :  ;
message : Array ;

2018-04-14 15:17:49 response :
------------

2018-04-14 15:30:12 trace :
------------
Array:
tousername : gh_0c02969f70a6 ;
fromusername : oSI4Lj61cNqZ2u3iIxwOYG1mPHz4 ;
createtime : 1523691012 ;
msgtype : event ;
event : VIEW ;
eventkey : http://zz.jhzh66.com/app/index.php?i=8&c=entry&eid=194 ;
menuid : 425118276 ;
from : oSI4Lj61cNqZ2u3iIxwOYG1mPHz4 ;
to : gh_0c02969f70a6 ;
time : 1523691012 ;
type : event ;

2018-04-14 15:30:12 params :
------------
Array:
rule : -2 ;
module :  ;
message : Array ;

2018-04-14 15:30:12 response :
------------

2018-04-14 15:41:03 trace :
------------
Array:
tousername : gh_0c02969f70a6 ;
fromusername : oSI4Lj93pk-1FIHVolPk_gXggpDE ;
createtime : 1523691663 ;
msgtype : event ;
event : subscribe ;
eventkey : Array ;
from : oSI4Lj93pk-1FIHVolPk_gXggpDE ;
to : gh_0c02969f70a6 ;
time : 1523691663 ;
type : subscribe ;

2018-04-14 15:41:03 params :
------------
Array:
rule : -2 ;
module :  ;
message : Array ;

2018-04-14 15:41:03 response :
------------

2018-04-14 15:41:48 trace :
------------
Array:
tousername : gh_0c02969f70a6 ;
fromusername : oSI4Lj93pk-1FIHVolPk_gXggpDE ;
createtime : 1523691707 ;
msgtype : event ;
event : VIEW ;
eventkey : http://zz.jhzh66.com/app/index.php?i=8&c=entry&eid=194 ;
menuid : 425118276 ;
from : oSI4Lj93pk-1FIHVolPk_gXggpDE ;
to : gh_0c02969f70a6 ;
time : 1523691707 ;
type : event ;

2018-04-14 15:41:48 params :
------------
Array:
rule : -2 ;
module :  ;
message : Array ;

2018-04-14 15:41:48 response :
------------

2018-04-14 15:42:31 trace :
------------
Array:
tousername : gh_0c02969f70a6 ;
fromusername : oSI4Lj93pk-1FIHVolPk_gXggpDE ;
createtime : 1523691751 ;
msgtype : event ;
event : VIEW ;
eventkey : http://zz.jhzh66.com/app/index.php?i=8&c=entry&eid=198 ;
menuid : 425118276 ;
from : oSI4Lj93pk-1FIHVolPk_gXggpDE ;
to : gh_0c02969f70a6 ;
time : 1523691751 ;
type : event ;

2018-04-14 15:42:31 params :
------------
Array:
rule : -2 ;
module :  ;
message : Array ;

2018-04-14 15:42:31 response :
------------

2018-04-14 15:50:01 trace :
------------
Array:
tousername : gh_0c02969f70a6 ;
fromusername : oSI4Lj-K2zgXgoYY27WeUhw16SEE ;
createtime : 1523692201 ;
msgtype : event ;
event : subscribe ;
eventkey : qrscene_ee395d04ec5fadc2f67c47c95fdc0447 ;
ticket : gQFT8TwAAAAAAAAAAS5odHRwOi8vd2VpeGluLnFxLmNvbS9xLzAycGRmMEJPOGU4YmYxMDAwMDAwN2YAAgRE9rxaAwQAAAAA ;
from : oSI4Lj-K2zgXgoYY27WeUhw16SEE ;
to : gh_0c02969f70a6 ;
time : 1523692201 ;
type : subscribe ;
scene : ee395d04ec5fadc2f67c47c95fdc0447 ;

2018-04-14 16:53:41 trace :
------------
Array:
tousername : gh_0c02969f70a6 ;
fromusername : oSI4Lj61cNqZ2u3iIxwOYG1mPHz4 ;
createtime : 1523696021 ;
msgtype : event ;
event : VIEW ;
eventkey : http://zz.jhzh66.com/app/index.php?i=8&c=entry&eid=194 ;
menuid : 425118276 ;
from : oSI4Lj61cNqZ2u3iIxwOYG1mPHz4 ;
to : gh_0c02969f70a6 ;
time : 1523696021 ;
type : event ;

2018-04-14 16:53:41 params :
------------
Array:
rule : -2 ;
module :  ;
message : Array ;

2018-04-14 16:53:41 response :
------------

2018-04-14 17:19:24 trace :
------------
Array:
tousername : gh_0c02969f70a6 ;
fromusername : oSI4LjzUbTUfvJ9KlbtdPsSZ3d3Q ;
createtime : 1523697564 ;
msgtype : event ;
event : VIEW ;
eventkey : http://zz.jhzh66.com/app/index.php?i=8&c=entry&eid=194 ;
menuid : 425118276 ;
from : oSI4LjzUbTUfvJ9KlbtdPsSZ3d3Q ;
to : gh_0c02969f70a6 ;
time : 1523697564 ;
type : event ;

2018-04-14 17:19:24 params :
------------
Array:
rule : -2 ;
module :  ;
message : Array ;

2018-04-14 17:19:24 response :
------------

2018-04-14 17:19:32 trace :
------------
Array:
tousername : gh_0c02969f70a6 ;
fromusername : oSI4LjzUbTUfvJ9KlbtdPsSZ3d3Q ;
createtime : 1523697572 ;
msgtype : event ;
event : VIEW ;
eventkey : http://zz.jhzh66.com/app/index.php?i=8&c=entry&eid=198 ;
menuid : 425118276 ;
from : oSI4LjzUbTUfvJ9KlbtdPsSZ3d3Q ;
to : gh_0c02969f70a6 ;
time : 1523697572 ;
type : event ;

2018-04-14 17:19:32 params :
------------
Array:
rule : -2 ;
module :  ;
message : Array ;

2018-04-14 17:19:32 response :
------------

2018-04-14 17:41:53 trace :
------------
Array:
tousername : gh_0c02969f70a6 ;
fromusername : oSI4Lj6WMJi2cLnb1NTX9TlmS5sw ;
createtime : 1523698913 ;
msgtype : event ;
event : VIEW ;
eventkey : http://zz.jhzh66.com/app/index.php?i=8&c=entry&eid=194 ;
menuid : 425118276 ;
from : oSI4Lj6WMJi2cLnb1NTX9TlmS5sw ;
to : gh_0c02969f70a6 ;
time : 1523698913 ;
type : event ;

2018-04-14 17:41:53 params :
------------
Array:
rule : -2 ;
module :  ;
message : Array ;

2018-04-14 17:41:53 response :
------------

2018-04-14 17:41:54 trace :
------------
Array:
tousername : gh_0c02969f70a6 ;
fromusername : oSI4Lj0Jtzko1EGx5Kxz2yO_pPhM ;
createtime : 1523698914 ;
msgtype : event ;
event : SCAN ;
eventkey : fb58e5730e4c3dd28d99972fafaf7d9e ;
ticket : gQEM8TwAAAAAAAAAAS5odHRwOi8vd2VpeGluLnFxLmNvbS9xLzAyX19xVEE5OGU4YmYxMDAwMHcwN3QAAgRgvshaAwQAAAAA ;
from : oSI4Lj0Jtzko1EGx5Kxz2yO_pPhM ;
to : gh_0c02969f70a6 ;
time : 1523698914 ;
type : subscribe ;
scene : fb58e5730e4c3dd28d99972fafaf7d9e ;

2018-04-14 17:42:01 trace :
------------
Array:
tousername : gh_0c02969f70a6 ;
fromusername : oSI4Lj0Jtzko1EGx5Kxz2yO_pPhM ;
createtime : 1523698921 ;
msgtype : event ;
event : VIEW ;
eventkey : http://zz.jhzh66.com/app/index.php?i=8&c=entry&eid=198 ;
menuid : 425118276 ;
from : oSI4Lj0Jtzko1EGx5Kxz2yO_pPhM ;
to : gh_0c02969f70a6 ;
time : 1523698921 ;
type : event ;

2018-04-14 17:42:01 params :
------------
Array:
rule : -2 ;
module :  ;
message : Array ;

2018-04-14 17:42:01 response :
------------

2018-04-14 17:44:58 trace :
------------
Array:
tousername : gh_0c02969f70a6 ;
fromusername : oSI4Lj97Jm2kdczJ4OHYMLb017pk ;
createtime : 1523699098 ;
msgtype : event ;
event : VIEW ;
eventkey : http://zz.jhzh66.com/app/index.php?i=8&c=entry&eid=194 ;
menuid : 425118276 ;
from : oSI4Lj97Jm2kdczJ4OHYMLb017pk ;
to : gh_0c02969f70a6 ;
time : 1523699098 ;
type : event ;

2018-04-14 17:44:58 params :
------------
Array:
rule : -2 ;
module :  ;
message : Array ;

2018-04-14 17:44:58 response :
------------

2018-04-14 17:52:30 trace :
------------
Array:
tousername : gh_0c02969f70a6 ;
fromusername : oSI4Lj2ftD-f38ZeI0SBf8KJWgLw ;
createtime : 1523699550 ;
msgtype : event ;
event : VIEW ;
eventkey : http://zz.jhzh66.com/app/index.php?i=8&c=entry&eid=194 ;
menuid : 425118276 ;
from : oSI4Lj2ftD-f38ZeI0SBf8KJWgLw ;
to : gh_0c02969f70a6 ;
time : 1523699550 ;
type : event ;

2018-04-14 17:52:30 params :
------------
Array:
rule : -2 ;
module :  ;
message : Array ;

2018-04-14 17:52:30 response :
------------

2018-04-14 17:53:08 trace :
------------
Array:
tousername : gh_0c02969f70a6 ;
fromusername : oSI4Lj2ftD-f38ZeI0SBf8KJWgLw ;
createtime : 1523699588 ;
msgtype : event ;
event : VIEW ;
eventkey : http://www.haolangtech.com/index.php?s=/Home/New/crowdfundingindex/id/22.html ;
menuid : 425118276 ;
from : oSI4Lj2ftD-f38ZeI0SBf8KJWgLw ;
to : gh_0c02969f70a6 ;
time : 1523699588 ;
type : event ;

2018-04-14 17:53:08 params :
------------
Array:
rule : -2 ;
module :  ;
message : Array ;

2018-04-14 17:53:08 response :
------------

2018-04-14 17:54:54 trace :
------------
Array:
tousername : gh_0c02969f70a6 ;
fromusername : oSI4Lj97Jm2kdczJ4OHYMLb017pk ;
createtime : 1523699694 ;
msgtype : event ;
event : VIEW ;
eventkey : http://zz.jhzh66.com/app/index.php?i=8&c=entry&eid=194 ;
menuid : 425118276 ;
from : oSI4Lj97Jm2kdczJ4OHYMLb017pk ;
to : gh_0c02969f70a6 ;
time : 1523699694 ;
type : event ;

2018-04-14 17:54:54 params :
------------
Array:
rule : -2 ;
module :  ;
message : Array ;

2018-04-14 17:54:54 response :
------------

2018-04-14 18:03:56 trace :
------------
Array:
tousername : gh_0c02969f70a6 ;
fromusername : oSI4Lj2ftD-f38ZeI0SBf8KJWgLw ;
createtime : 1523700235 ;
msgtype : event ;
event : VIEW ;
eventkey : http://zz.jhzh66.com/app/index.php?i=8&c=entry&eid=194 ;
menuid : 425118276 ;
from : oSI4Lj2ftD-f38ZeI0SBf8KJWgLw ;
to : gh_0c02969f70a6 ;
time : 1523700235 ;
type : event ;

2018-04-14 18:03:56 params :
------------
Array:
rule : -2 ;
module :  ;
message : Array ;

2018-04-14 18:03:56 response :
------------

2018-04-14 20:00:51 trace :
------------
Array:
tousername : gh_0c02969f70a6 ;
fromusername : oSI4Lj3ggYB4eD48tEAWGlyXMkpg ;
createtime : 1523707251 ;
msgtype : event ;
event : VIEW ;
eventkey : https://h5.scene.yqh5.cn/s/6szkjdIq ;
menuid : 425118276 ;
from : oSI4Lj3ggYB4eD48tEAWGlyXMkpg ;
to : gh_0c02969f70a6 ;
time : 1523707251 ;
type : event ;

2018-04-14 20:00:51 params :
------------
Array:
rule : -2 ;
module :  ;
message : Array ;

2018-04-14 20:00:51 response :
------------

2018-04-14 20:35:14 trace :
------------
Array:
tousername : gh_0c02969f70a6 ;
fromusername : oSI4Lj6SXp3Zvpqw0vYM5LhmlXKY ;
createtime : 1523709314 ;
msgtype : event ;
event : VIEW ;
eventkey : http://zz.jhzh66.com/app/index.php?i=8&c=entry&eid=194 ;
menuid : 425118276 ;
from : oSI4Lj6SXp3Zvpqw0vYM5LhmlXKY ;
to : gh_0c02969f70a6 ;
time : 1523709314 ;
type : event ;

2018-04-14 20:35:14 params :
------------
Array:
rule : -2 ;
module :  ;
message : Array ;

2018-04-14 20:35:14 response :
------------

2018-04-14 20:37:27 trace :
------------
Array:
tousername : gh_0c02969f70a6 ;
fromusername : oSI4Lj-27DdP2V42OyJpyJg9E_co ;
createtime : 1523709447 ;
msgtype : event ;
event : subscribe ;
eventkey : last_trade_no_4200000080201804148463646021 ;
from : oSI4Lj-27DdP2V42OyJpyJg9E_co ;
to : gh_0c02969f70a6 ;
time : 1523709447 ;
type : subscribe ;
scene : last_trade_no_4200000080201804148463646021 ;

2018-04-14 20:37:27 params :
------------
Array:
message : Array ;
module : sz_yi ;
rule : 949 ;
priority : 0 ;
keyword : Array ;

2018-04-14 20:37:27 response :
------------
Array:
FromUserName : gh_0c02969f70a6 ;
ToUserName : oSI4Lj-27DdP2V42OyJpyJg9E_co ;
MsgType : text ;
Content : 感谢您的关注! ;

2018-04-14 20:45:14 trace :
------------
Array:
tousername : gh_0c02969f70a6 ;
fromusername : oSI4Lj97Jm2kdczJ4OHYMLb017pk ;
createtime : 1523709914 ;
msgtype : event ;
event : VIEW ;
eventkey : http://zz.jhzh66.com/app/index.php?i=8&c=entry&eid=194 ;
menuid : 425118276 ;
from : oSI4Lj97Jm2kdczJ4OHYMLb017pk ;
to : gh_0c02969f70a6 ;
time : 1523709914 ;
type : event ;

2018-04-14 20:45:14 params :
------------
Array:
rule : -2 ;
module :  ;
message : Array ;

2018-04-14 20:45:14 response :
------------

2018-04-14 21:28:52 trace :
------------
Array:
tousername : gh_0c02969f70a6 ;
fromusername : oSI4Lj97Jm2kdczJ4OHYMLb017pk ;
createtime : 1523712532 ;
msgtype : event ;
event : VIEW ;
eventkey : http://zz.jhzh66.com/app/index.php?i=8&c=entry&eid=194 ;
menuid : 425118276 ;
from : oSI4Lj97Jm2kdczJ4OHYMLb017pk ;
to : gh_0c02969f70a6 ;
time : 1523712532 ;
type : event ;

2018-04-14 21:28:52 params :
------------
Array:
rule : -2 ;
module :  ;
message : Array ;

2018-04-14 21:28:52 response :
------------

2018-04-14 21:53:24 trace :
------------
Array:
tousername : gh_0c02969f70a6 ;
fromusername : oSI4Lj_cD__365bOSvZnftSowkUQ ;
createtime : 1523714004 ;
msgtype : event ;
event : VIEW ;
eventkey : http://zz.jhzh66.com/app/index.php?i=8&c=entry&eid=194 ;
menuid : 425118276 ;
from : oSI4Lj_cD__365bOSvZnftSowkUQ ;
to : gh_0c02969f70a6 ;
time : 1523714004 ;
type : event ;

2018-04-14 21:53:24 params :
------------
Array:
rule : -2 ;
module :  ;
message : Array ;

2018-04-14 21:53:24 response :
------------

2018-04-14 22:05:19 trace :
------------
Array:
tousername : gh_0c02969f70a6 ;
fromusername : oSI4Lj_cD__365bOSvZnftSowkUQ ;
createtime : 1523714719 ;
msgtype : event ;
event : VIEW ;
eventkey : http://zz.jhzh66.com/app/index.php?i=8&c=entry&eid=194 ;
menuid : 425118276 ;
from : oSI4Lj_cD__365bOSvZnftSowkUQ ;
to : gh_0c02969f70a6 ;
time : 1523714719 ;
type : event ;

2018-04-14 22:05:19 params :
------------
Array:
rule : -2 ;
module :  ;
message : Array ;

2018-04-14 22:05:19 response :
------------

2018-04-14 22:29:25 trace :
------------
Array:
tousername : gh_0c02969f70a6 ;
fromusername : oSI4Lj97Jm2kdczJ4OHYMLb017pk ;
createtime : 1523716165 ;
msgtype : event ;
event : VIEW ;
eventkey : http://zz.jhzh66.com/app/index.php?i=8&c=entry&eid=194 ;
menuid : 425118276 ;
from : oSI4Lj97Jm2kdczJ4OHYMLb017pk ;
to : gh_0c02969f70a6 ;
time : 1523716165 ;
type : event ;

2018-04-14 22:29:25 params :
------------
Array:
rule : -2 ;
module :  ;
message : Array ;

2018-04-14 22:29:25 response :
------------

