2018-04-23 02:32:36 trace :
------------
Array:
tousername : gh_0c02969f70a6 ;
fromusername : oSI4Lj_cD__365bOSvZnftSowkUQ ;
createtime : 1524421956 ;
msgtype : event ;
event : VIEW ;
eventkey : http://zz.jhzh66.com/app/index.php?i=8&c=entry&eid=194 ;
menuid : 425225551 ;
from : oSI4Lj_cD__365bOSvZnftSowkUQ ;
to : gh_0c02969f70a6 ;
time : 1524421956 ;
type : event ;

2018-04-23 02:32:36 params :
------------
Array:
rule : -2 ;
module :  ;
message : Array ;

2018-04-23 02:32:36 response :
------------

2018-04-23 06:58:29 trace :
------------
Array:
tousername : gh_0c02969f70a6 ;
fromusername : oSI4LjxD-uQqxPQGbUoh5EVdZjsE ;
createtime : 1524437909 ;
msgtype : event ;
event : VIEW ;
eventkey : http://www.haolangtech.com/index.php/addon/HotActivity/HotActivity/leagueindex/id/1.html?from=groupmessage&isappinstalled=0 ;
menuid : 425225551 ;
from : oSI4LjxD-uQqxPQGbUoh5EVdZjsE ;
to : gh_0c02969f70a6 ;
time : 1524437909 ;
type : event ;

2018-04-23 06:58:29 params :
------------
Array:
rule : -2 ;
module :  ;
message : Array ;

2018-04-23 06:58:29 response :
------------

2018-04-23 06:58:39 trace :
------------
Array:
tousername : gh_0c02969f70a6 ;
fromusername : oSI4LjxD-uQqxPQGbUoh5EVdZjsE ;
createtime : 1524437918 ;
msgtype : event ;
event : VIEW ;
eventkey : https://h5.scene.yqh5.cn/s/6szkjdIq ;
menuid : 425225551 ;
from : oSI4LjxD-uQqxPQGbUoh5EVdZjsE ;
to : gh_0c02969f70a6 ;
time : 1524437918 ;
type : event ;

2018-04-23 06:58:39 params :
------------
Array:
rule : -2 ;
module :  ;
message : Array ;

2018-04-23 06:58:39 response :
------------

2018-04-23 07:02:36 trace :
------------
Array:
tousername : gh_0c02969f70a6 ;
fromusername : oSI4LjxD-uQqxPQGbUoh5EVdZjsE ;
createtime : 1524438156 ;
msgtype : event ;
event : VIEW ;
eventkey : http://zz.jhzh66.com/app/index.php?i=8&c=entry&eid=194 ;
menuid : 425225551 ;
from : oSI4LjxD-uQqxPQGbUoh5EVdZjsE ;
to : gh_0c02969f70a6 ;
time : 1524438156 ;
type : event ;

2018-04-23 07:02:36 params :
------------
Array:
rule : -2 ;
module :  ;
message : Array ;

2018-04-23 07:02:36 response :
------------

2018-04-23 07:30:23 trace :
------------
Array:
tousername : gh_0c02969f70a6 ;
fromusername : oSI4Ljy7ezfuYOj1tlfvc9uO5-pQ ;
createtime : 1524439823 ;
msgtype : event ;
event : SCAN ;
eventkey : bddbe809708c724b10b5f84d99a71eca ;
ticket : gQEy8jwAAAAAAAAAAS5odHRwOi8vd2VpeGluLnFxLmNvbS9xLzAySjA5ZUJVOGU4YmYxMDAwMGcwN0cAAgTIq9haAwQAAAAA ;
from : oSI4Ljy7ezfuYOj1tlfvc9uO5-pQ ;
to : gh_0c02969f70a6 ;
time : 1524439823 ;
type : subscribe ;
scene : bddbe809708c724b10b5f84d99a71eca ;

2018-04-23 07:30:38 trace :
------------
Array:
tousername : gh_0c02969f70a6 ;
fromusername : oSI4Ljy7ezfuYOj1tlfvc9uO5-pQ ;
createtime : 1524439837 ;
msgtype : event ;
event : VIEW ;
eventkey : http://zz.jhzh66.com/app/index.php?i=8&c=entry&eid=198 ;
menuid : 425225551 ;
from : oSI4Ljy7ezfuYOj1tlfvc9uO5-pQ ;
to : gh_0c02969f70a6 ;
time : 1524439837 ;
type : event ;

2018-04-23 07:30:38 params :
------------
Array:
rule : -2 ;
module :  ;
message : Array ;

2018-04-23 07:30:38 response :
------------

2018-04-23 08:13:57 trace :
------------
Array:
tousername : gh_0c02969f70a6 ;
fromusername : oSI4LjxgPvF9iMHSyO55h3cZ7WMg ;
createtime : 1524442437 ;
msgtype : event ;
event : SCAN ;
eventkey : e63f191ace780031e0e627a9424150eb ;
ticket : gQHE8TwAAAAAAAAAAS5odHRwOi8vd2VpeGluLnFxLmNvbS9xLzAySUcxYUFYOGU4YmYxMDAwME0wNzAAAgRxrMFaAwQAAAAA ;
from : oSI4LjxgPvF9iMHSyO55h3cZ7WMg ;
to : gh_0c02969f70a6 ;
time : 1524442437 ;
type : subscribe ;
scene : e63f191ace780031e0e627a9424150eb ;

2018-04-23 08:14:05 trace :
------------
Array:
tousername : gh_0c02969f70a6 ;
fromusername : oSI4LjxgPvF9iMHSyO55h3cZ7WMg ;
createtime : 1524442445 ;
msgtype : event ;
event : VIEW ;
eventkey : http://zz.jhzh66.com/app/index.php?i=8&c=entry&eid=194 ;
menuid : 425225551 ;
from : oSI4LjxgPvF9iMHSyO55h3cZ7WMg ;
to : gh_0c02969f70a6 ;
time : 1524442445 ;
type : event ;

2018-04-23 08:14:05 params :
------------
Array:
rule : -2 ;
module :  ;
message : Array ;

2018-04-23 08:14:05 response :
------------

2018-04-23 08:17:40 trace :
------------
Array:
tousername : gh_0c02969f70a6 ;
fromusername : oSI4LjxgPvF9iMHSyO55h3cZ7WMg ;
createtime : 1524442660 ;
msgtype : event ;
event : VIEW ;
eventkey : http://zz.jhzh66.com/app/index.php?i=8&c=entry&eid=194 ;
menuid : 425225551 ;
from : oSI4LjxgPvF9iMHSyO55h3cZ7WMg ;
to : gh_0c02969f70a6 ;
time : 1524442660 ;
type : event ;

2018-04-23 08:17:40 params :
------------
Array:
rule : -2 ;
module :  ;
message : Array ;

2018-04-23 08:17:40 response :
------------

2018-04-23 09:16:34 trace :
------------
Array:
tousername : gh_0c02969f70a6 ;
fromusername : oSI4Lj97Jm2kdczJ4OHYMLb017pk ;
createtime : 1524446194 ;
msgtype : event ;
event : VIEW ;
eventkey : http://zz.jhzh66.com/app/index.php?i=8&c=entry&eid=194 ;
menuid : 425225551 ;
from : oSI4Lj97Jm2kdczJ4OHYMLb017pk ;
to : gh_0c02969f70a6 ;
time : 1524446194 ;
type : event ;

2018-04-23 09:16:34 params :
------------
Array:
rule : -2 ;
module :  ;
message : Array ;

2018-04-23 09:16:34 response :
------------

2018-04-23 09:18:58 trace :
------------
Array:
tousername : gh_0c02969f70a6 ;
fromusername : oSI4Lj97Jm2kdczJ4OHYMLb017pk ;
createtime : 1524446337 ;
msgtype : event ;
event : VIEW ;
eventkey : http://zz.jhzh66.com/app/index.php?i=8&c=entry&eid=194 ;
menuid : 425225551 ;
from : oSI4Lj97Jm2kdczJ4OHYMLb017pk ;
to : gh_0c02969f70a6 ;
time : 1524446337 ;
type : event ;

2018-04-23 09:18:58 params :
------------
Array:
rule : -2 ;
module :  ;
message : Array ;

2018-04-23 09:18:58 response :
------------

2018-04-23 09:37:08 trace :
------------
Array:
tousername : gh_0c02969f70a6 ;
fromusername : oSI4Lj0cfF5iIcE-O8Vf9qYYrAxg ;
createtime : 1524447428 ;
msgtype : event ;
event : VIEW ;
eventkey : http://zz.jhzh66.com/app/index.php?i=8&c=entry&eid=194 ;
menuid : 425225551 ;
from : oSI4Lj0cfF5iIcE-O8Vf9qYYrAxg ;
to : gh_0c02969f70a6 ;
time : 1524447428 ;
type : event ;

2018-04-23 09:37:08 params :
------------
Array:
rule : -2 ;
module :  ;
message : Array ;

2018-04-23 09:37:08 response :
------------

2018-04-23 10:46:08 trace :
------------
Array:
tousername : gh_0c02969f70a6 ;
fromusername : oSI4LjyLAL0U_Is-GNtwxiM5L1oY ;
createtime : 1524451568 ;
msgtype : event ;
event : VIEW ;
eventkey : http://wxsdtkyq7kozrh.b.qun.hk/l/nFVgFpSG ;
menuid : 425225551 ;
from : oSI4LjyLAL0U_Is-GNtwxiM5L1oY ;
to : gh_0c02969f70a6 ;
time : 1524451568 ;
type : event ;

2018-04-23 10:46:08 params :
------------
Array:
rule : -2 ;
module :  ;
message : Array ;

2018-04-23 10:46:08 response :
------------

2018-04-23 10:54:06 trace :
------------
Array:
tousername : gh_0c02969f70a6 ;
fromusername : oSI4Lj97Jm2kdczJ4OHYMLb017pk ;
createtime : 1524452046 ;
msgtype : event ;
event : VIEW ;
eventkey : http://zz.jhzh66.com/app/index.php?i=8&c=entry&eid=194 ;
menuid : 425225551 ;
from : oSI4Lj97Jm2kdczJ4OHYMLb017pk ;
to : gh_0c02969f70a6 ;
time : 1524452046 ;
type : event ;

2018-04-23 10:54:06 params :
------------
Array:
rule : -2 ;
module :  ;
message : Array ;

2018-04-23 10:54:06 response :
------------

2018-04-23 10:56:53 trace :
------------
Array:
tousername : gh_0c02969f70a6 ;
fromusername : oSI4Lj8hOTIpyxNWg84yq6dUUq4k ;
createtime : 1524452213 ;
msgtype : event ;
event : VIEW ;
eventkey : http://zz.jhzh66.com/app/index.php?i=8&c=entry&eid=198 ;
menuid : 425225551 ;
from : oSI4Lj8hOTIpyxNWg84yq6dUUq4k ;
to : gh_0c02969f70a6 ;
time : 1524452213 ;
type : event ;

2018-04-23 10:56:53 params :
------------
Array:
rule : -2 ;
module :  ;
message : Array ;

2018-04-23 10:56:53 response :
------------

2018-04-23 10:57:27 trace :
------------
Array:
tousername : gh_0c02969f70a6 ;
fromusername : oSI4Lj8hOTIpyxNWg84yq6dUUq4k ;
createtime : 1524452247 ;
msgtype : event ;
event : CLICK ;
eventkey : 关注 ;
from : oSI4Lj8hOTIpyxNWg84yq6dUUq4k ;
to : gh_0c02969f70a6 ;
time : 1524452247 ;
type : event ;

2018-04-23 11:14:42 trace :
------------
Array:
tousername : gh_0c02969f70a6 ;
fromusername : oSI4LjzGDzCztrhCP10C7-4flpE4 ;
createtime : 1524453282 ;
msgtype : event ;
event : VIEW ;
eventkey : https://h5.scene.yqh5.cn/s/6szkjdIq ;
menuid : 425225551 ;
from : oSI4LjzGDzCztrhCP10C7-4flpE4 ;
to : gh_0c02969f70a6 ;
time : 1524453282 ;
type : event ;

2018-04-23 11:14:42 params :
------------
Array:
rule : -2 ;
module :  ;
message : Array ;

2018-04-23 11:14:42 response :
------------

2018-04-23 11:14:50 trace :
------------
Array:
tousername : gh_0c02969f70a6 ;
fromusername : oSI4LjzGDzCztrhCP10C7-4flpE4 ;
createtime : 1524453290 ;
msgtype : event ;
event : VIEW ;
eventkey : https://h5.scene.yqh5.cn/s/6szkjdIq ;
menuid : 425225551 ;
from : oSI4LjzGDzCztrhCP10C7-4flpE4 ;
to : gh_0c02969f70a6 ;
time : 1524453290 ;
type : event ;

2018-04-23 11:14:50 params :
------------
Array:
rule : -2 ;
module :  ;
message : Array ;

2018-04-23 11:14:50 response :
------------

2018-04-23 11:22:58 trace :
------------
Array:
tousername : gh_0c02969f70a6 ;
fromusername : oSI4Lj6ztW-Y-mSjduATEWRJ7Y-g ;
createtime : 1524453778 ;
msgtype : event ;
event : VIEW ;
eventkey : http://zz.jhzh66.com/app/index.php?i=8&c=entry&eid=198 ;
menuid : 425225551 ;
from : oSI4Lj6ztW-Y-mSjduATEWRJ7Y-g ;
to : gh_0c02969f70a6 ;
time : 1524453778 ;
type : event ;

2018-04-23 11:22:58 params :
------------
Array:
rule : -2 ;
module :  ;
message : Array ;

2018-04-23 11:22:58 response :
------------

2018-04-23 11:55:20 trace :
------------
Array:
tousername : gh_0c02969f70a6 ;
fromusername : oSI4LjzGDzCztrhCP10C7-4flpE4 ;
createtime : 1524455720 ;
msgtype : event ;
event : VIEW ;
eventkey : http://zz.jhzh66.com/app/index.php?i=8&c=entry&eid=194 ;
menuid : 425225551 ;
from : oSI4LjzGDzCztrhCP10C7-4flpE4 ;
to : gh_0c02969f70a6 ;
time : 1524455720 ;
type : event ;

2018-04-23 11:55:20 params :
------------
Array:
rule : -2 ;
module :  ;
message : Array ;

2018-04-23 11:55:20 response :
------------

2018-04-23 13:23:45 trace :
------------
Array:
tousername : gh_0c02969f70a6 ;
fromusername : oSI4LjzGDzCztrhCP10C7-4flpE4 ;
createtime : 1524461025 ;
msgtype : event ;
event : VIEW ;
eventkey : https://h5.scene.yqh5.cn/s/6szkjdIq ;
menuid : 425225551 ;
from : oSI4LjzGDzCztrhCP10C7-4flpE4 ;
to : gh_0c02969f70a6 ;
time : 1524461025 ;
type : event ;

2018-04-23 13:23:45 params :
------------
Array:
rule : -2 ;
module :  ;
message : Array ;

2018-04-23 13:23:45 response :
------------

2018-04-23 13:23:57 trace :
------------
Array:
tousername : gh_0c02969f70a6 ;
fromusername : oSI4LjzGDzCztrhCP10C7-4flpE4 ;
createtime : 1524461037 ;
msgtype : event ;
event : VIEW ;
eventkey : http://zz.jhzh66.com/app/index.php?i=8&c=entry&eid=194 ;
menuid : 425225551 ;
from : oSI4LjzGDzCztrhCP10C7-4flpE4 ;
to : gh_0c02969f70a6 ;
time : 1524461037 ;
type : event ;

2018-04-23 13:23:57 params :
------------
Array:
rule : -2 ;
module :  ;
message : Array ;

2018-04-23 13:23:57 response :
------------

2018-04-23 13:24:13 trace :
------------
Array:
tousername : gh_0c02969f70a6 ;
fromusername : oSI4LjzGDzCztrhCP10C7-4flpE4 ;
createtime : 1524461052 ;
msgtype : event ;
event : VIEW ;
eventkey : http://zz.jhzh66.com/app/index.php?i=8&c=entry&eid=194 ;
menuid : 425225551 ;
from : oSI4LjzGDzCztrhCP10C7-4flpE4 ;
to : gh_0c02969f70a6 ;
time : 1524461052 ;
type : event ;

2018-04-23 13:24:13 params :
------------
Array:
rule : -2 ;
module :  ;
message : Array ;

2018-04-23 13:24:13 response :
------------

2018-04-23 14:01:58 trace :
------------
Array:
tousername : gh_0c02969f70a6 ;
fromusername : oSI4Lj61cNqZ2u3iIxwOYG1mPHz4 ;
createtime : 1524463318 ;
msgtype : event ;
event : VIEW ;
eventkey : http://zz.jhzh66.com/app/index.php?i=8&c=entry&eid=198 ;
menuid : 425225551 ;
from : oSI4Lj61cNqZ2u3iIxwOYG1mPHz4 ;
to : gh_0c02969f70a6 ;
time : 1524463318 ;
type : event ;

2018-04-23 14:01:58 params :
------------
Array:
rule : -2 ;
module :  ;
message : Array ;

2018-04-23 14:01:58 response :
------------

2018-04-23 14:22:57 trace :
------------
Array:
tousername : gh_0c02969f70a6 ;
fromusername : oSI4LjzGDzCztrhCP10C7-4flpE4 ;
createtime : 1524464577 ;
msgtype : event ;
event : VIEW ;
eventkey : http://zz.jhzh66.com/app/index.php?i=8&c=entry&eid=198 ;
menuid : 425225551 ;
from : oSI4LjzGDzCztrhCP10C7-4flpE4 ;
to : gh_0c02969f70a6 ;
time : 1524464577 ;
type : event ;

2018-04-23 14:22:57 params :
------------
Array:
rule : -2 ;
module :  ;
message : Array ;

2018-04-23 14:22:57 response :
------------

2018-04-23 14:57:17 trace :
------------
Array:
tousername : gh_0c02969f70a6 ;
fromusername : oSI4Lj_WMPzBN8jGcU8qz3MrbcZ8 ;
createtime : 1524466637 ;
msgtype : event ;
event : subscribe ;
eventkey : Array ;
from : oSI4Lj_WMPzBN8jGcU8qz3MrbcZ8 ;
to : gh_0c02969f70a6 ;
time : 1524466637 ;
type : subscribe ;

2018-04-23 14:57:17 params :
------------
Array:
rule : -2 ;
module :  ;
message : Array ;

2018-04-23 14:57:17 response :
------------

2018-04-23 15:08:51 trace :
------------
Array:
tousername : gh_0c02969f70a6 ;
fromusername : oSI4LjzoubauiDtzqvdyHF3n2Ovo ;
createtime : 1524467331 ;
msgtype : event ;
event : VIEW ;
eventkey : http://zz.jhzh66.com/app/index.php?i=8&c=entry&eid=194 ;
menuid : 425225551 ;
from : oSI4LjzoubauiDtzqvdyHF3n2Ovo ;
to : gh_0c02969f70a6 ;
time : 1524467331 ;
type : event ;

2018-04-23 15:08:51 params :
------------
Array:
rule : -2 ;
module :  ;
message : Array ;

2018-04-23 15:08:51 response :
------------

2018-04-23 15:16:24 trace :
------------
Array:
tousername : gh_0c02969f70a6 ;
fromusername : oSI4Lj95EWi6-qifEuK2-xlggHx4 ;
createtime : 1524467784 ;
msgtype : event ;
event : VIEW ;
eventkey : http://zz.jhzh66.com/app/index.php?i=8&c=entry&eid=194 ;
menuid : 425225551 ;
from : oSI4Lj95EWi6-qifEuK2-xlggHx4 ;
to : gh_0c02969f70a6 ;
time : 1524467784 ;
type : event ;

2018-04-23 15:16:24 params :
------------
Array:
rule : -2 ;
module :  ;
message : Array ;

2018-04-23 15:16:24 response :
------------

2018-04-23 15:20:44 trace :
------------
Array:
tousername : gh_0c02969f70a6 ;
fromusername : oSI4Lj95EWi6-qifEuK2-xlggHx4 ;
createtime : 1524468044 ;
msgtype : event ;
event : VIEW ;
eventkey : http://zz.jhzh66.com/app/index.php?i=8&c=entry&eid=194 ;
menuid : 425225551 ;
from : oSI4Lj95EWi6-qifEuK2-xlggHx4 ;
to : gh_0c02969f70a6 ;
time : 1524468044 ;
type : event ;

2018-04-23 15:20:44 params :
------------
Array:
rule : -2 ;
module :  ;
message : Array ;

2018-04-23 15:20:44 response :
------------

2018-04-23 15:32:12 trace :
------------
Array:
tousername : gh_0c02969f70a6 ;
fromusername : oSI4Lj95EWi6-qifEuK2-xlggHx4 ;
createtime : 1524468732 ;
msgtype : event ;
event : VIEW ;
eventkey : http://zz.jhzh66.com/app/index.php?i=8&c=entry&eid=194 ;
menuid : 425225551 ;
from : oSI4Lj95EWi6-qifEuK2-xlggHx4 ;
to : gh_0c02969f70a6 ;
time : 1524468732 ;
type : event ;

2018-04-23 15:32:12 params :
------------
Array:
rule : -2 ;
module :  ;
message : Array ;

2018-04-23 15:32:12 response :
------------

2018-04-23 15:34:17 trace :
------------
Array:
tousername : gh_0c02969f70a6 ;
fromusername : oSI4Lj97Jm2kdczJ4OHYMLb017pk ;
createtime : 1524468856 ;
msgtype : event ;
event : VIEW ;
eventkey : http://zz.jhzh66.com/app/index.php?i=8&c=entry&eid=194 ;
menuid : 425225551 ;
from : oSI4Lj97Jm2kdczJ4OHYMLb017pk ;
to : gh_0c02969f70a6 ;
time : 1524468856 ;
type : event ;

2018-04-23 15:34:17 params :
------------
Array:
rule : -2 ;
module :  ;
message : Array ;

2018-04-23 15:34:17 response :
------------

2018-04-23 15:36:15 trace :
------------
Array:
tousername : gh_0c02969f70a6 ;
fromusername : oSI4Lj6NZXiXqE8GjcxDkqq21EQ0 ;
createtime : 1524468975 ;
msgtype : event ;
event : VIEW ;
eventkey : http://zz.jhzh66.com/app/index.php?i=8&c=entry&eid=198 ;
menuid : 425225551 ;
from : oSI4Lj6NZXiXqE8GjcxDkqq21EQ0 ;
to : gh_0c02969f70a6 ;
time : 1524468975 ;
type : event ;

2018-04-23 15:36:15 params :
------------
Array:
rule : -2 ;
module :  ;
message : Array ;

2018-04-23 15:36:15 response :
------------

2018-04-23 15:38:26 trace :
------------
Array:
tousername : gh_0c02969f70a6 ;
fromusername : oSI4Ljy3SMp8HCcE4LqEx_XZdbEA ;
createtime : 1524469106 ;
msgtype : event ;
event : VIEW ;
eventkey : http://zz.jhzh66.com/app/index.php?i=8&c=entry&eid=194 ;
menuid : 425225551 ;
from : oSI4Ljy3SMp8HCcE4LqEx_XZdbEA ;
to : gh_0c02969f70a6 ;
time : 1524469106 ;
type : event ;

2018-04-23 15:38:26 params :
------------
Array:
rule : -2 ;
module :  ;
message : Array ;

2018-04-23 15:38:26 response :
------------

2018-04-23 15:44:45 trace :
------------
Array:
tousername : gh_0c02969f70a6 ;
fromusername : oSI4Ljy3SMp8HCcE4LqEx_XZdbEA ;
createtime : 1524469485 ;
msgtype : event ;
event : CLICK ;
eventkey : 关注 ;
from : oSI4Ljy3SMp8HCcE4LqEx_XZdbEA ;
to : gh_0c02969f70a6 ;
time : 1524469485 ;
type : event ;

2018-04-23 16:09:59 trace :
------------
Array:
tousername : gh_0c02969f70a6 ;
fromusername : oSI4Ljy3SMp8HCcE4LqEx_XZdbEA ;
createtime : 1524470999 ;
msgtype : event ;
event : VIEW ;
eventkey : http://zz.jhzh66.com/app/index.php?i=8&c=entry&eid=194 ;
menuid : 425225551 ;
from : oSI4Ljy3SMp8HCcE4LqEx_XZdbEA ;
to : gh_0c02969f70a6 ;
time : 1524470999 ;
type : event ;

2018-04-23 16:09:59 params :
------------
Array:
rule : -2 ;
module :  ;
message : Array ;

2018-04-23 16:09:59 response :
------------

2018-04-23 16:25:43 trace :
------------
Array:
tousername : gh_0c02969f70a6 ;
fromusername : oSI4Lj-Gnph0ioDluwM2bP9hvJiU ;
createtime : 1524471943 ;
msgtype : event ;
event : VIEW ;
eventkey : http://zz.jhzh66.com/app/index.php?i=8&c=entry&eid=194 ;
menuid : 425225551 ;
from : oSI4Lj-Gnph0ioDluwM2bP9hvJiU ;
to : gh_0c02969f70a6 ;
time : 1524471943 ;
type : event ;

2018-04-23 16:25:43 params :
------------
Array:
rule : -2 ;
module :  ;
message : Array ;

2018-04-23 16:25:43 response :
------------

2018-04-23 16:28:09 trace :
------------
Array:
tousername : gh_0c02969f70a6 ;
fromusername : oSI4Lj-Gnph0ioDluwM2bP9hvJiU ;
createtime : 1524472089 ;
msgtype : event ;
event : VIEW ;
eventkey : https://m.qlchat.com/live/320000044317761.htm ;
menuid : 425225551 ;
from : oSI4Lj-Gnph0ioDluwM2bP9hvJiU ;
to : gh_0c02969f70a6 ;
time : 1524472089 ;
type : event ;

2018-04-23 16:28:09 params :
------------
Array:
rule : -2 ;
module :  ;
message : Array ;

2018-04-23 16:28:09 response :
------------

2018-04-23 16:30:10 trace :
------------
Array:
tousername : gh_0c02969f70a6 ;
fromusername : oSI4Lj-Gnph0ioDluwM2bP9hvJiU ;
createtime : 1524472210 ;
msgtype : event ;
event : VIEW ;
eventkey : http://zz11.com.cn/plugin.php?id=wechat:access ;
menuid : 425225551 ;
from : oSI4Lj-Gnph0ioDluwM2bP9hvJiU ;
to : gh_0c02969f70a6 ;
time : 1524472210 ;
type : event ;

2018-04-23 16:30:10 params :
------------
Array:
rule : -2 ;
module :  ;
message : Array ;

2018-04-23 16:30:10 response :
------------

2018-04-23 17:04:37 trace :
------------
Array:
tousername : gh_0c02969f70a6 ;
fromusername : oSI4Ljw33SxPlWpwQR-JVsQJ6sWo ;
createtime : 1524474277 ;
msgtype : event ;
event : subscribe ;
eventkey : Array ;
from : oSI4Ljw33SxPlWpwQR-JVsQJ6sWo ;
to : gh_0c02969f70a6 ;
time : 1524474277 ;
type : subscribe ;

2018-04-23 17:04:37 params :
------------
Array:
rule : -2 ;
module :  ;
message : Array ;

2018-04-23 17:04:37 response :
------------

2018-04-23 17:04:40 trace :
------------
Array:
tousername : gh_0c02969f70a6 ;
fromusername : oSI4Ljw33SxPlWpwQR-JVsQJ6sWo ;
createtime : 1524474280 ;
msgtype : event ;
event : VIEW ;
eventkey : https://h5.scene.yqh5.cn/s/6szkjdIq ;
menuid : 425225551 ;
from : oSI4Ljw33SxPlWpwQR-JVsQJ6sWo ;
to : gh_0c02969f70a6 ;
time : 1524474280 ;
type : event ;

2018-04-23 17:04:40 params :
------------
Array:
rule : -2 ;
module :  ;
message : Array ;

2018-04-23 17:04:40 response :
------------

2018-04-23 17:04:54 trace :
------------
Array:
tousername : gh_0c02969f70a6 ;
fromusername : oSI4Ljw33SxPlWpwQR-JVsQJ6sWo ;
createtime : 1524474294 ;
msgtype : event ;
event : VIEW ;
eventkey : http://zz.jhzh66.com/app/index.php?i=8&c=entry&eid=194 ;
menuid : 425225551 ;
from : oSI4Ljw33SxPlWpwQR-JVsQJ6sWo ;
to : gh_0c02969f70a6 ;
time : 1524474294 ;
type : event ;

2018-04-23 17:04:54 params :
------------
Array:
rule : -2 ;
module :  ;
message : Array ;

2018-04-23 17:04:54 response :
------------

2018-04-23 17:07:04 trace :
------------
Array:
tousername : gh_0c02969f70a6 ;
fromusername : oSI4Ljw33SxPlWpwQR-JVsQJ6sWo ;
createtime : 1524474424 ;
msgtype : event ;
event : VIEW ;
eventkey : http://zz.jhzh66.com/app/index.php?i=8&c=entry&eid=194 ;
menuid : 425225551 ;
from : oSI4Ljw33SxPlWpwQR-JVsQJ6sWo ;
to : gh_0c02969f70a6 ;
time : 1524474424 ;
type : event ;

2018-04-23 17:07:04 params :
------------
Array:
rule : -2 ;
module :  ;
message : Array ;

2018-04-23 17:07:04 response :
------------

2018-04-23 17:18:38 trace :
------------
Array:
tousername : gh_0c02969f70a6 ;
fromusername : oSI4Lj8wHiOZLeoJK33WR6SbSi1g ;
createtime : 1524475118 ;
msgtype : event ;
event : subscribe ;
eventkey : qrscene_dce37cde45a1f74b927c91976db15f05 ;
ticket : gQFT8TwAAAAAAAAAAS5odHRwOi8vd2VpeGluLnFxLmNvbS9xLzAyMndfYkFXOGU4YmYxMDAwMHcwN2cAAgQ5lthaAwQAAAAA ;
from : oSI4Lj8wHiOZLeoJK33WR6SbSi1g ;
to : gh_0c02969f70a6 ;
time : 1524475118 ;
type : subscribe ;
scene : dce37cde45a1f74b927c91976db15f05 ;

2018-04-23 17:38:09 trace :
------------
Array:
tousername : gh_0c02969f70a6 ;
fromusername : oSI4Lj-XaO9wjnPbt9OzE2vQL_94 ;
createtime : 1524476289 ;
msgtype : event ;
event : VIEW ;
eventkey : http://zz.jhzh66.com/app/index.php?i=8&c=entry&eid=198 ;
menuid : 425225551 ;
from : oSI4Lj-XaO9wjnPbt9OzE2vQL_94 ;
to : gh_0c02969f70a6 ;
time : 1524476289 ;
type : event ;

2018-04-23 17:38:09 params :
------------
Array:
rule : -2 ;
module :  ;
message : Array ;

2018-04-23 17:38:09 response :
------------

2018-04-23 17:39:23 trace :
------------
Array:
tousername : gh_0c02969f70a6 ;
fromusername : oSI4Lj-yzfMnGGiFwzMB8rKhSTb8 ;
createtime : 1524476363 ;
msgtype : event ;
event : subscribe ;
eventkey : last_trade_no_4200000066201804234459298576 ;
from : oSI4Lj-yzfMnGGiFwzMB8rKhSTb8 ;
to : gh_0c02969f70a6 ;
time : 1524476363 ;
type : subscribe ;
scene : last_trade_no_4200000066201804234459298576 ;

2018-04-23 17:39:23 params :
------------
Array:
message : Array ;
module : sz_yi ;
rule : 949 ;
priority : 0 ;
keyword : Array ;

2018-04-23 17:39:23 response :
------------
Array:
FromUserName : gh_0c02969f70a6 ;
ToUserName : oSI4Lj-yzfMnGGiFwzMB8rKhSTb8 ;
MsgType : text ;
Content : 感谢您的关注! ;

2018-04-23 17:44:36 trace :
------------
Array:
tousername : gh_0c02969f70a6 ;
fromusername : oSI4Lj-yzfMnGGiFwzMB8rKhSTb8 ;
createtime : 1524476676 ;
msgtype : event ;
event : VIEW ;
eventkey : http://zz.jhzh66.com/app/index.php?i=8&c=entry&eid=198 ;
menuid : 425225551 ;
from : oSI4Lj-yzfMnGGiFwzMB8rKhSTb8 ;
to : gh_0c02969f70a6 ;
time : 1524476676 ;
type : event ;

2018-04-23 17:44:36 params :
------------
Array:
rule : -2 ;
module :  ;
message : Array ;

2018-04-23 17:44:36 response :
------------

2018-04-23 17:44:47 trace :
------------
Array:
tousername : gh_0c02969f70a6 ;
fromusername : oSI4Lj-yzfMnGGiFwzMB8rKhSTb8 ;
createtime : 1524476687 ;
msgtype : event ;
event : VIEW ;
eventkey : http://zz.jhzh66.com/app/index.php?i=8&c=entry&eid=198 ;
menuid : 425225551 ;
from : oSI4Lj-yzfMnGGiFwzMB8rKhSTb8 ;
to : gh_0c02969f70a6 ;
time : 1524476687 ;
type : event ;

2018-04-23 17:44:47 params :
------------
Array:
rule : -2 ;
module :  ;
message : Array ;

2018-04-23 17:44:47 response :
------------

2018-04-23 17:47:09 trace :
------------
Array:
tousername : gh_0c02969f70a6 ;
fromusername : oSI4Ljy3SMp8HCcE4LqEx_XZdbEA ;
createtime : 1524476829 ;
msgtype : event ;
event : VIEW ;
eventkey : http://zz.jhzh66.com/app/index.php?i=8&c=entry&eid=198 ;
menuid : 425225551 ;
from : oSI4Ljy3SMp8HCcE4LqEx_XZdbEA ;
to : gh_0c02969f70a6 ;
time : 1524476829 ;
type : event ;

2018-04-23 17:47:09 params :
------------
Array:
rule : -2 ;
module :  ;
message : Array ;

2018-04-23 17:47:09 response :
------------

2018-04-23 18:51:32 trace :
------------
Array:
tousername : gh_0c02969f70a6 ;
fromusername : oSI4Lj6b6Tpa3Elo4ATwim2rAT6Q ;
createtime : 1524480692 ;
msgtype : event ;
event : VIEW ;
eventkey : http://zz.jhzh66.com/app/index.php?i=8&c=entry&eid=198 ;
menuid : 425225551 ;
from : oSI4Lj6b6Tpa3Elo4ATwim2rAT6Q ;
to : gh_0c02969f70a6 ;
time : 1524480692 ;
type : event ;

2018-04-23 18:51:33 params :
------------
Array:
rule : -2 ;
module :  ;
message : Array ;

2018-04-23 18:51:33 response :
------------

2018-04-23 18:56:25 trace :
------------
Array:
tousername : gh_0c02969f70a6 ;
fromusername : oSI4Lj9Yf39FYjzdipfcOQVSzfIE ;
createtime : 1524480985 ;
msgtype : event ;
event : SCAN ;
eventkey : 513980fc8a503a04535d607b234907de ;
ticket : gQEL8jwAAAAAAAAAAS5odHRwOi8vd2VpeGluLnFxLmNvbS9xLzAycC1CRkJtOGU4YmYxMDAwMHcwN1EAAgSQ-6RaAwQAAAAA ;
from : oSI4Lj9Yf39FYjzdipfcOQVSzfIE ;
to : gh_0c02969f70a6 ;
time : 1524480985 ;
type : subscribe ;
scene : 513980fc8a503a04535d607b234907de ;

2018-04-23 18:56:30 trace :
------------
Array:
tousername : gh_0c02969f70a6 ;
fromusername : oSI4Lj9Yf39FYjzdipfcOQVSzfIE ;
createtime : 1524480989 ;
msgtype : event ;
event : VIEW ;
eventkey : http://zz.jhzh66.com/app/index.php?i=8&c=entry&eid=198 ;
menuid : 425225551 ;
from : oSI4Lj9Yf39FYjzdipfcOQVSzfIE ;
to : gh_0c02969f70a6 ;
time : 1524480989 ;
type : event ;

2018-04-23 18:56:30 params :
------------
Array:
rule : -2 ;
module :  ;
message : Array ;

2018-04-23 18:56:30 response :
------------

2018-04-23 19:03:09 trace :
------------
Array:
tousername : gh_0c02969f70a6 ;
fromusername : oSI4Lj6b6Tpa3Elo4ATwim2rAT6Q ;
createtime : 1524481389 ;
msgtype : event ;
event : VIEW ;
eventkey : http://zz.jhzh66.com/app/index.php?i=8&c=entry&eid=198 ;
menuid : 425225551 ;
from : oSI4Lj6b6Tpa3Elo4ATwim2rAT6Q ;
to : gh_0c02969f70a6 ;
time : 1524481389 ;
type : event ;

2018-04-23 19:03:09 params :
------------
Array:
rule : -2 ;
module :  ;
message : Array ;

2018-04-23 19:03:09 response :
------------

2018-04-23 20:30:02 trace :
------------
Array:
tousername : gh_0c02969f70a6 ;
fromusername : oSI4LjxOk_z2c7unlDpR6f69Hl6A ;
createtime : 1524486601 ;
msgtype : event ;
event : VIEW ;
eventkey : http://zz.jhzh66.com/app/index.php?i=8&c=entry&eid=194 ;
menuid : 425225551 ;
from : oSI4LjxOk_z2c7unlDpR6f69Hl6A ;
to : gh_0c02969f70a6 ;
time : 1524486601 ;
type : event ;

2018-04-23 20:30:02 params :
------------
Array:
rule : -2 ;
module :  ;
message : Array ;

2018-04-23 20:30:02 response :
------------

2018-04-23 20:30:48 trace :
------------
Array:
tousername : gh_0c02969f70a6 ;
fromusername : oSI4LjxOk_z2c7unlDpR6f69Hl6A ;
createtime : 1524486648 ;
msgtype : event ;
event : VIEW ;
eventkey : http://zz.jhzh66.com/app/index.php?i=8&c=entry&eid=198 ;
menuid : 425225551 ;
from : oSI4LjxOk_z2c7unlDpR6f69Hl6A ;
to : gh_0c02969f70a6 ;
time : 1524486648 ;
type : event ;

2018-04-23 20:30:48 params :
------------
Array:
rule : -2 ;
module :  ;
message : Array ;

2018-04-23 20:30:48 response :
------------

2018-04-23 21:41:36 trace :
------------
Array:
tousername : gh_0c02969f70a6 ;
fromusername : oSI4Lj97Jm2kdczJ4OHYMLb017pk ;
createtime : 1524490896 ;
msgtype : event ;
event : VIEW ;
eventkey : http://zz.jhzh66.com/app/index.php?i=8&c=entry&eid=194 ;
menuid : 425225551 ;
from : oSI4Lj97Jm2kdczJ4OHYMLb017pk ;
to : gh_0c02969f70a6 ;
time : 1524490896 ;
type : event ;

2018-04-23 21:41:36 params :
------------
Array:
rule : -2 ;
module :  ;
message : Array ;

2018-04-23 21:41:36 response :
------------

2018-04-23 22:02:34 trace :
------------
Array:
tousername : gh_0c02969f70a6 ;
fromusername : oSI4Lj7vMsbPBhLGLILrT0hSfIvU ;
createtime : 1524492153 ;
msgtype : event ;
event : subscribe ;
eventkey : last_trade_no_4200000074201804234741186668 ;
from : oSI4Lj7vMsbPBhLGLILrT0hSfIvU ;
to : gh_0c02969f70a6 ;
time : 1524492153 ;
type : subscribe ;
scene : last_trade_no_4200000074201804234741186668 ;

2018-04-23 22:02:34 params :
------------
Array:
message : Array ;
module : sz_yi ;
rule : 949 ;
priority : 0 ;
keyword : Array ;

2018-04-23 22:02:34 response :
------------
Array:
FromUserName : gh_0c02969f70a6 ;
ToUserName : oSI4Lj7vMsbPBhLGLILrT0hSfIvU ;
MsgType : text ;
Content : 感谢您的关注! ;

2018-04-23 22:04:50 trace :
------------
Array:
tousername : gh_0c02969f70a6 ;
fromusername : oSI4Lj97Jm2kdczJ4OHYMLb017pk ;
createtime : 1524492290 ;
msgtype : event ;
event : VIEW ;
eventkey : http://zz.jhzh66.com/app/index.php?i=8&c=entry&eid=194 ;
menuid : 425225551 ;
from : oSI4Lj97Jm2kdczJ4OHYMLb017pk ;
to : gh_0c02969f70a6 ;
time : 1524492290 ;
type : event ;

2018-04-23 22:04:50 params :
------------
Array:
rule : -2 ;
module :  ;
message : Array ;

2018-04-23 22:04:50 response :
------------

2018-04-23 22:06:28 trace :
------------
Array:
tousername : gh_0c02969f70a6 ;
fromusername : oSI4Lj7vMsbPBhLGLILrT0hSfIvU ;
createtime : 1524492388 ;
msgtype : event ;
event : VIEW ;
eventkey : http://zz.jhzh66.com/app/index.php?i=8&c=entry&eid=198 ;
menuid : 425225551 ;
from : oSI4Lj7vMsbPBhLGLILrT0hSfIvU ;
to : gh_0c02969f70a6 ;
time : 1524492388 ;
type : event ;

2018-04-23 22:06:28 params :
------------
Array:
rule : -2 ;
module :  ;
message : Array ;

2018-04-23 22:06:28 response :
------------

2018-04-23 22:25:02 trace :
------------
Array:
tousername : gh_0c02969f70a6 ;
fromusername : oSI4Lj9Y1Brq1SKlVyQrIBLkLR_o ;
createtime : 1524493502 ;
msgtype : event ;
event : VIEW ;
eventkey : http://zz.jhzh66.com/app/index.php?i=8&c=entry&eid=198 ;
menuid : 425225551 ;
from : oSI4Lj9Y1Brq1SKlVyQrIBLkLR_o ;
to : gh_0c02969f70a6 ;
time : 1524493502 ;
type : event ;

2018-04-23 22:25:02 params :
------------
Array:
rule : -2 ;
module :  ;
message : Array ;

2018-04-23 22:25:02 response :
------------

2018-04-23 22:45:13 trace :
------------
Array:
tousername : gh_0c02969f70a6 ;
fromusername : oSI4Lj97Jm2kdczJ4OHYMLb017pk ;
createtime : 1524494713 ;
msgtype : event ;
event : VIEW ;
eventkey : http://zz.jhzh66.com/app/index.php?i=8&c=entry&eid=194 ;
menuid : 425225551 ;
from : oSI4Lj97Jm2kdczJ4OHYMLb017pk ;
to : gh_0c02969f70a6 ;
time : 1524494713 ;
type : event ;

2018-04-23 22:45:13 params :
------------
Array:
rule : -2 ;
module :  ;
message : Array ;

2018-04-23 22:45:13 response :
------------

2018-04-23 22:49:34 trace :
------------
Array:
tousername : gh_0c02969f70a6 ;
fromusername : oSI4Lj7YREStMmPnAejOUjxb9r_c ;
createtime : 1524494973 ;
msgtype : event ;
event : SCAN ;
eventkey : 0ceec75aac784f2a6bfff9811899d41e ;
ticket : gQG-8DwAAAAAAAAAAS5odHRwOi8vd2VpeGluLnFxLmNvbS9xLzAyN3VrbUJFOGU4YmYxMDAwMDAwN2IAAgR3MNdaAwQAAAAA ;
from : oSI4Lj7YREStMmPnAejOUjxb9r_c ;
to : gh_0c02969f70a6 ;
time : 1524494973 ;
type : subscribe ;
scene : 0ceec75aac784f2a6bfff9811899d41e ;

2018-04-23 22:49:36 trace :
------------
Array:
tousername : gh_0c02969f70a6 ;
fromusername : oSI4Lj7YREStMmPnAejOUjxb9r_c ;
createtime : 1524494975 ;
msgtype : event ;
event : VIEW ;
eventkey : http://zz.jhzh66.com/app/index.php?i=8&c=entry&eid=194 ;
menuid : 425225551 ;
from : oSI4Lj7YREStMmPnAejOUjxb9r_c ;
to : gh_0c02969f70a6 ;
time : 1524494975 ;
type : event ;

2018-04-23 22:49:36 params :
------------
Array:
rule : -2 ;
module :  ;
message : Array ;

2018-04-23 22:49:36 response :
------------

2018-04-23 22:54:40 trace :
------------
Array:
tousername : gh_0c02969f70a6 ;
fromusername : oSI4Lj7YREStMmPnAejOUjxb9r_c ;
createtime : 1524495280 ;
msgtype : event ;
event : VIEW ;
eventkey : http://zz.jhzh66.com/app/index.php?i=8&c=entry&eid=194 ;
menuid : 425225551 ;
from : oSI4Lj7YREStMmPnAejOUjxb9r_c ;
to : gh_0c02969f70a6 ;
time : 1524495280 ;
type : event ;

2018-04-23 22:54:40 params :
------------
Array:
rule : -2 ;
module :  ;
message : Array ;

2018-04-23 22:54:40 response :
------------

2018-04-23 22:55:24 trace :
------------
Array:
tousername : gh_0c02969f70a6 ;
fromusername : oSI4LjxUSd-CIjzvFWg-fkpTQrx0 ;
createtime : 1524495324 ;
msgtype : event ;
event : VIEW ;
eventkey : http://zz.jhzh66.com/app/index.php?i=8&c=entry&eid=198 ;
menuid : 425225551 ;
from : oSI4LjxUSd-CIjzvFWg-fkpTQrx0 ;
to : gh_0c02969f70a6 ;
time : 1524495324 ;
type : event ;

2018-04-23 22:55:24 params :
------------
Array:
rule : -2 ;
module :  ;
message : Array ;

2018-04-23 22:55:24 response :
------------

2018-04-23 22:56:15 trace :
------------
Array:
tousername : gh_0c02969f70a6 ;
fromusername : oSI4Lj3aUnB4TYyiHbxTyjfemzcE ;
createtime : 1524495375 ;
msgtype : event ;
event : VIEW ;
eventkey : http://zz.jhzh66.com/app/index.php?i=8&c=entry&eid=194 ;
menuid : 425225551 ;
from : oSI4Lj3aUnB4TYyiHbxTyjfemzcE ;
to : gh_0c02969f70a6 ;
time : 1524495375 ;
type : event ;

2018-04-23 22:56:15 params :
------------
Array:
rule : -2 ;
module :  ;
message : Array ;

2018-04-23 22:56:15 response :
------------

2018-04-23 22:57:14 trace :
------------
Array:
tousername : gh_0c02969f70a6 ;
fromusername : oSI4Lj3aUnB4TYyiHbxTyjfemzcE ;
createtime : 1524495434 ;
msgtype : event ;
event : VIEW ;
eventkey : http://zz.jhzh66.com/app/index.php?i=8&c=entry&eid=198 ;
menuid : 425225551 ;
from : oSI4Lj3aUnB4TYyiHbxTyjfemzcE ;
to : gh_0c02969f70a6 ;
time : 1524495434 ;
type : event ;

2018-04-23 22:57:14 params :
------------
Array:
rule : -2 ;
module :  ;
message : Array ;

2018-04-23 22:57:14 response :
------------

2018-04-23 22:58:05 trace :
------------
Array:
tousername : gh_0c02969f70a6 ;
fromusername : oSI4Lj3aUnB4TYyiHbxTyjfemzcE ;
createtime : 1524495485 ;
msgtype : event ;
event : VIEW ;
eventkey : http://wxsdtkyq7kozrh.b.qun.hk/l/nFVgFpSG ;
menuid : 425225551 ;
from : oSI4Lj3aUnB4TYyiHbxTyjfemzcE ;
to : gh_0c02969f70a6 ;
time : 1524495485 ;
type : event ;

2018-04-23 22:58:05 params :
------------
Array:
rule : -2 ;
module :  ;
message : Array ;

2018-04-23 22:58:05 response :
------------

2018-04-23 23:52:18 trace :
------------
Array:
tousername : gh_0c02969f70a6 ;
fromusername : oSI4Lj_cD__365bOSvZnftSowkUQ ;
createtime : 1524498738 ;
msgtype : event ;
event : VIEW ;
eventkey : http://zz.jhzh66.com/app/index.php?i=8&c=entry&eid=194 ;
menuid : 425225551 ;
from : oSI4Lj_cD__365bOSvZnftSowkUQ ;
to : gh_0c02969f70a6 ;
time : 1524498738 ;
type : event ;

2018-04-23 23:52:18 params :
------------
Array:
rule : -2 ;
module :  ;
message : Array ;

2018-04-23 23:52:18 response :
------------

2018-04-23 23:53:20 trace :
------------
Array:
tousername : gh_0c02969f70a6 ;
fromusername : oSI4Lj_cD__365bOSvZnftSowkUQ ;
createtime : 1524498800 ;
msgtype : event ;
event : VIEW ;
eventkey : http://zz.jhzh66.com/app/index.php?i=8&c=entry&eid=194 ;
menuid : 425225551 ;
from : oSI4Lj_cD__365bOSvZnftSowkUQ ;
to : gh_0c02969f70a6 ;
time : 1524498800 ;
type : event ;

2018-04-23 23:53:20 params :
------------
Array:
rule : -2 ;
module :  ;
message : Array ;

2018-04-23 23:53:20 response :
------------

