2018-04-27 05:05:37 trace :
------------
Array:
tousername : gh_0c02969f70a6 ;
fromusername : oSI4Lj2MZqDFSmJ-Ng-qm7lQEWoI ;
createtime : 1524776736 ;
msgtype : event ;
event : CLICK ;
eventkey : 关注 ;
from : oSI4Lj2MZqDFSmJ-Ng-qm7lQEWoI ;
to : gh_0c02969f70a6 ;
time : 1524776736 ;
type : event ;

2018-04-27 05:05:41 trace :
------------
Array:
tousername : gh_0c02969f70a6 ;
fromusername : oSI4Lj2MZqDFSmJ-Ng-qm7lQEWoI ;
createtime : 1524776741 ;
msgtype : event ;
event : VIEW ;
eventkey : http://zz.jhzh66.com/app/index.php?i=8&c=entry&eid=198 ;
menuid : 425359163 ;
from : oSI4Lj2MZqDFSmJ-Ng-qm7lQEWoI ;
to : gh_0c02969f70a6 ;
time : 1524776741 ;
type : event ;

2018-04-27 05:05:41 params :
------------
Array:
rule : -2 ;
module :  ;
message : Array ;

2018-04-27 05:05:41 response :
------------

2018-04-27 05:05:41 trace :
------------
Array:
tousername : gh_0c02969f70a6 ;
fromusername : oSI4Lj2MZqDFSmJ-Ng-qm7lQEWoI ;
createtime : 1524776736 ;
msgtype : event ;
event : CLICK ;
eventkey : 关注 ;
from : oSI4Lj2MZqDFSmJ-Ng-qm7lQEWoI ;
to : gh_0c02969f70a6 ;
time : 1524776736 ;
type : event ;

2018-04-27 05:05:46 trace :
------------
Array:
tousername : gh_0c02969f70a6 ;
fromusername : oSI4Lj2MZqDFSmJ-Ng-qm7lQEWoI ;
createtime : 1524776736 ;
msgtype : event ;
event : CLICK ;
eventkey : 关注 ;
from : oSI4Lj2MZqDFSmJ-Ng-qm7lQEWoI ;
to : gh_0c02969f70a6 ;
time : 1524776736 ;
type : event ;

2018-04-27 05:07:26 trace :
------------
Array:
tousername : gh_0c02969f70a6 ;
fromusername : oSI4Lj2MZqDFSmJ-Ng-qm7lQEWoI ;
createtime : 1524776846 ;
msgtype : event ;
event : SCAN ;
eventkey : bcd1733359892c94e1213128de9285bf ;
ticket : gQHD8DwAAAAAAAAAAS5odHRwOi8vd2VpeGluLnFxLmNvbS9xLzAydDlxakFyOGU4YmYxMDAwME0wN0oAAgQkP_JaAwQAAAAA ;
from : oSI4Lj2MZqDFSmJ-Ng-qm7lQEWoI ;
to : gh_0c02969f70a6 ;
time : 1524776846 ;
type : subscribe ;
scene : bcd1733359892c94e1213128de9285bf ;

2018-04-27 06:56:35 trace :
------------
Array:
tousername : gh_0c02969f70a6 ;
fromusername : oSI4LjzJByoabCukpZmqyDV_0mMI ;
createtime : 1524783395 ;
msgtype : event ;
event : SCAN ;
eventkey : 5141e420449e42c7df87975ef87074b6 ;
ticket : gQHp8TwAAAAAAAAAAS5odHRwOi8vd2VpeGluLnFxLmNvbS9xLzAyZjNCWkJmOGU4YmYxMDAwMDAwN2oAAgTj86RaAwQAAAAA ;
from : oSI4LjzJByoabCukpZmqyDV_0mMI ;
to : gh_0c02969f70a6 ;
time : 1524783395 ;
type : subscribe ;
scene : 5141e420449e42c7df87975ef87074b6 ;

2018-04-27 06:56:39 trace :
------------
Array:
tousername : gh_0c02969f70a6 ;
fromusername : oSI4LjzJByoabCukpZmqyDV_0mMI ;
createtime : 1524783399 ;
msgtype : event ;
event : VIEW ;
eventkey : http://zz.jhzh66.com/app/index.php?i=8&c=site&a=site&do=detail&id=2 ;
menuid : 425359163 ;
from : oSI4LjzJByoabCukpZmqyDV_0mMI ;
to : gh_0c02969f70a6 ;
time : 1524783399 ;
type : event ;

2018-04-27 06:56:39 params :
------------
Array:
rule : -2 ;
module :  ;
message : Array ;

2018-04-27 06:56:39 response :
------------

2018-04-27 06:57:31 trace :
------------
Array:
tousername : gh_0c02969f70a6 ;
fromusername : oSI4LjzJByoabCukpZmqyDV_0mMI ;
createtime : 1524783450 ;
msgtype : event ;
event : VIEW ;
eventkey : http://zz.jhzh66.com/app/index.php?i=8&c=entry&eid=194 ;
menuid : 425359163 ;
from : oSI4LjzJByoabCukpZmqyDV_0mMI ;
to : gh_0c02969f70a6 ;
time : 1524783450 ;
type : event ;

2018-04-27 06:57:31 params :
------------
Array:
rule : -2 ;
module :  ;
message : Array ;

2018-04-27 06:57:31 response :
------------

2018-04-27 06:59:33 trace :
------------
Array:
tousername : gh_0c02969f70a6 ;
fromusername : oSI4LjzJByoabCukpZmqyDV_0mMI ;
createtime : 1524783573 ;
msgtype : event ;
event : VIEW ;
eventkey : http://zz.jhzh66.com/app/index.php?i=8&c=entry&eid=198 ;
menuid : 425359163 ;
from : oSI4LjzJByoabCukpZmqyDV_0mMI ;
to : gh_0c02969f70a6 ;
time : 1524783573 ;
type : event ;

2018-04-27 06:59:33 params :
------------
Array:
rule : -2 ;
module :  ;
message : Array ;

2018-04-27 06:59:33 response :
------------

2018-04-27 07:00:37 trace :
------------
Array:
tousername : gh_0c02969f70a6 ;
fromusername : oSI4LjzJByoabCukpZmqyDV_0mMI ;
createtime : 1524783637 ;
msgtype : event ;
event : VIEW ;
eventkey : http://zz.jhzh66.com/app/index.php?i=8&c=entry&eid=194 ;
menuid : 425359163 ;
from : oSI4LjzJByoabCukpZmqyDV_0mMI ;
to : gh_0c02969f70a6 ;
time : 1524783637 ;
type : event ;

2018-04-27 07:00:37 params :
------------
Array:
rule : -2 ;
module :  ;
message : Array ;

2018-04-27 07:00:37 response :
------------

2018-04-27 07:22:26 trace :
------------
Array:
tousername : gh_0c02969f70a6 ;
fromusername : oSI4LjyqnUbrZ9nW0j_UNrW2et_w ;
createtime : 1524784946 ;
msgtype : event ;
event : subscribe ;
eventkey : qrscene_5141e420449e42c7df87975ef87074b6 ;
ticket : gQHp8TwAAAAAAAAAAS5odHRwOi8vd2VpeGluLnFxLmNvbS9xLzAyZjNCWkJmOGU4YmYxMDAwMDAwN2oAAgTj86RaAwQAAAAA ;
from : oSI4LjyqnUbrZ9nW0j_UNrW2et_w ;
to : gh_0c02969f70a6 ;
time : 1524784946 ;
type : subscribe ;
scene : 5141e420449e42c7df87975ef87074b6 ;

2018-04-27 07:22:31 trace :
------------
Array:
tousername : gh_0c02969f70a6 ;
fromusername : oSI4LjyqnUbrZ9nW0j_UNrW2et_w ;
createtime : 1524784951 ;
msgtype : event ;
event : VIEW ;
eventkey : http://zz.jhzh66.com/app/index.php?i=8&c=entry&eid=194 ;
menuid : 425359163 ;
from : oSI4LjyqnUbrZ9nW0j_UNrW2et_w ;
to : gh_0c02969f70a6 ;
time : 1524784951 ;
type : event ;

2018-04-27 07:22:31 params :
------------
Array:
rule : -2 ;
module :  ;
message : Array ;

2018-04-27 07:22:31 response :
------------

2018-04-27 08:18:36 trace :
------------
Array:
tousername : gh_0c02969f70a6 ;
fromusername : oSI4Lj97Jm2kdczJ4OHYMLb017pk ;
createtime : 1524788316 ;
msgtype : event ;
event : VIEW ;
eventkey : http://zz.jhzh66.com/app/index.php?i=8&c=entry&eid=194 ;
menuid : 425359163 ;
from : oSI4Lj97Jm2kdczJ4OHYMLb017pk ;
to : gh_0c02969f70a6 ;
time : 1524788316 ;
type : event ;

2018-04-27 08:18:36 params :
------------
Array:
rule : -2 ;
module :  ;
message : Array ;

2018-04-27 08:18:36 response :
------------

2018-04-27 09:18:32 trace :
------------
Array:
tousername : gh_0c02969f70a6 ;
fromusername : oSI4LjwqbWqpBvxvCRBEyPxJTGtM ;
createtime : 1524791912 ;
msgtype : event ;
event : subscribe ;
eventkey : Array ;
from : oSI4LjwqbWqpBvxvCRBEyPxJTGtM ;
to : gh_0c02969f70a6 ;
time : 1524791912 ;
type : subscribe ;

2018-04-27 09:18:32 params :
------------
Array:
rule : -2 ;
module :  ;
message : Array ;

2018-04-27 09:18:32 response :
------------

2018-04-27 09:18:36 trace :
------------
Array:
tousername : gh_0c02969f70a6 ;
fromusername : oSI4LjwqbWqpBvxvCRBEyPxJTGtM ;
createtime : 1524791916 ;
msgtype : event ;
event : VIEW ;
eventkey : http://zz.jhzh66.com/app/index.php?i=8&c=entry&eid=194 ;
menuid : 425359163 ;
from : oSI4LjwqbWqpBvxvCRBEyPxJTGtM ;
to : gh_0c02969f70a6 ;
time : 1524791916 ;
type : event ;

2018-04-27 09:18:36 params :
------------
Array:
rule : -2 ;
module :  ;
message : Array ;

2018-04-27 09:18:36 response :
------------

2018-04-27 09:18:55 trace :
------------
Array:
tousername : gh_0c02969f70a6 ;
fromusername : oSI4LjwqbWqpBvxvCRBEyPxJTGtM ;
createtime : 1524791935 ;
msgtype : event ;
event : CLICK ;
eventkey : 介绍 ;
from : oSI4LjwqbWqpBvxvCRBEyPxJTGtM ;
to : gh_0c02969f70a6 ;
time : 1524791935 ;
type : event ;

2018-04-27 09:18:55 params :
------------
Array:
message : Array ;
module : basic ;
rule : 1013 ;
priority : 0 ;
keyword : Array ;

2018-04-27 09:18:55 response :
------------
Array:
FromUserName : gh_0c02969f70a6 ;
ToUserName : oSI4LjwqbWqpBvxvCRBEyPxJTGtM ;
MsgType : text ;
Content : https://u.eqxiu.com/s/6szkjdIq   易货联盟平台介绍

https://h.eqxiu.com/s/U4YBmmJj   代理商收益介绍 ;

2018-04-27 10:29:43 trace :
------------
Array:
tousername : gh_0c02969f70a6 ;
fromusername : oSI4LjzGDzCztrhCP10C7-4flpE4 ;
createtime : 1524796182 ;
msgtype : event ;
event : VIEW ;
eventkey : http://zz.jhzh66.com/app/index.php?i=8&c=entry&eid=194 ;
menuid : 425359163 ;
from : oSI4LjzGDzCztrhCP10C7-4flpE4 ;
to : gh_0c02969f70a6 ;
time : 1524796182 ;
type : event ;

2018-04-27 10:29:43 params :
------------
Array:
rule : -2 ;
module :  ;
message : Array ;

2018-04-27 10:29:43 response :
------------

2018-04-27 10:39:00 trace :
------------
Array:
tousername : gh_0c02969f70a6 ;
fromusername : oSI4LjzGDzCztrhCP10C7-4flpE4 ;
createtime : 1524796740 ;
msgtype : event ;
event : CLICK ;
eventkey : 介绍 ;
from : oSI4LjzGDzCztrhCP10C7-4flpE4 ;
to : gh_0c02969f70a6 ;
time : 1524796740 ;
type : event ;

2018-04-27 10:39:00 params :
------------
Array:
message : Array ;
module : basic ;
rule : 1013 ;
priority : 0 ;
keyword : Array ;

2018-04-27 10:39:00 response :
------------
Array:
FromUserName : gh_0c02969f70a6 ;
ToUserName : oSI4LjzGDzCztrhCP10C7-4flpE4 ;
MsgType : text ;
Content : https://u.eqxiu.com/s/6szkjdIq   易货联盟平台介绍

https://h.eqxiu.com/s/U4YBmmJj   代理商收益介绍 ;

2018-04-27 13:29:35 trace :
------------
Array:
tousername : gh_0c02969f70a6 ;
fromusername : oSI4Lj4wDF2j2aHiJbIOy9pGIPtg ;
createtime : 1524806975 ;
msgtype : event ;
event : SCAN ;
eventkey : 5141e420449e42c7df87975ef87074b6 ;
ticket : gQHp8TwAAAAAAAAAAS5odHRwOi8vd2VpeGluLnFxLmNvbS9xLzAyZjNCWkJmOGU4YmYxMDAwMDAwN2oAAgTj86RaAwQAAAAA ;
from : oSI4Lj4wDF2j2aHiJbIOy9pGIPtg ;
to : gh_0c02969f70a6 ;
time : 1524806975 ;
type : subscribe ;
scene : 5141e420449e42c7df87975ef87074b6 ;

2018-04-27 13:29:53 trace :
------------
Array:
tousername : gh_0c02969f70a6 ;
fromusername : oSI4Lj4wDF2j2aHiJbIOy9pGIPtg ;
createtime : 1524806993 ;
msgtype : event ;
event : VIEW ;
eventkey : http://zz.jhzh66.com/app/index.php?i=8&c=entry&eid=194 ;
menuid : 425359163 ;
from : oSI4Lj4wDF2j2aHiJbIOy9pGIPtg ;
to : gh_0c02969f70a6 ;
time : 1524806993 ;
type : event ;

2018-04-27 13:29:53 params :
------------
Array:
rule : -2 ;
module :  ;
message : Array ;

2018-04-27 13:29:53 response :
------------

2018-04-27 13:31:04 trace :
------------
Array:
tousername : gh_0c02969f70a6 ;
fromusername : oSI4Lj4wDF2j2aHiJbIOy9pGIPtg ;
createtime : 1524807064 ;
msgtype : event ;
event : VIEW ;
eventkey : http://zz.jhzh66.com/app/index.php?i=8&c=site&a=site&do=detail&id=2 ;
menuid : 425359163 ;
from : oSI4Lj4wDF2j2aHiJbIOy9pGIPtg ;
to : gh_0c02969f70a6 ;
time : 1524807064 ;
type : event ;

2018-04-27 13:31:04 params :
------------
Array:
rule : -2 ;
module :  ;
message : Array ;

2018-04-27 13:31:04 response :
------------

2018-04-27 13:31:21 trace :
------------
Array:
tousername : gh_0c02969f70a6 ;
fromusername : oSI4Lj4wDF2j2aHiJbIOy9pGIPtg ;
createtime : 1524807081 ;
msgtype : event ;
event : VIEW ;
eventkey : http://zz.jhzh66.com/app/index.php?i=8&c=entry&eid=198 ;
menuid : 425359163 ;
from : oSI4Lj4wDF2j2aHiJbIOy9pGIPtg ;
to : gh_0c02969f70a6 ;
time : 1524807081 ;
type : event ;

2018-04-27 13:31:21 params :
------------
Array:
rule : -2 ;
module :  ;
message : Array ;

2018-04-27 13:31:21 response :
------------

2018-04-27 13:32:22 trace :
------------
Array:
tousername : gh_0c02969f70a6 ;
fromusername : oSI4Lj4wDF2j2aHiJbIOy9pGIPtg ;
createtime : 1524807142 ;
msgtype : event ;
event : VIEW ;
eventkey : http://wxsdtkyq7kozrh.b.qun.hk/l/nFVgFpSG ;
menuid : 425359163 ;
from : oSI4Lj4wDF2j2aHiJbIOy9pGIPtg ;
to : gh_0c02969f70a6 ;
time : 1524807142 ;
type : event ;

2018-04-27 13:32:22 params :
------------
Array:
rule : -2 ;
module :  ;
message : Array ;

2018-04-27 13:32:22 response :
------------

2018-04-27 13:43:16 trace :
------------
Array:
tousername : gh_0c02969f70a6 ;
fromusername : oSI4LjxOk_z2c7unlDpR6f69Hl6A ;
createtime : 1524807795 ;
msgtype : event ;
event : VIEW ;
eventkey : http://zz.jhzh66.com/app/index.php?i=8&c=entry&eid=198 ;
menuid : 425359163 ;
from : oSI4LjxOk_z2c7unlDpR6f69Hl6A ;
to : gh_0c02969f70a6 ;
time : 1524807795 ;
type : event ;

2018-04-27 13:43:16 params :
------------
Array:
rule : -2 ;
module :  ;
message : Array ;

2018-04-27 13:43:16 response :
------------

2018-04-27 13:48:48 trace :
------------
Array:
tousername : gh_0c02969f70a6 ;
fromusername : oSI4Lj-Qz5yehWDkF6uaYOulmk4c ;
createtime : 1524808128 ;
msgtype : event ;
event : subscribe ;
eventkey : qrscene_fc416f4b1aa398b6919de6a23aeb1ce4 ;
ticket : gQGi8DwAAAAAAAAAAS5odHRwOi8vd2VpeGluLnFxLmNvbS9xLzAyRUZORkFuOGU4YmYxMDAwME0wN3YAAgRUcuFaAwQAAAAA ;
from : oSI4Lj-Qz5yehWDkF6uaYOulmk4c ;
to : gh_0c02969f70a6 ;
time : 1524808128 ;
type : subscribe ;
scene : fc416f4b1aa398b6919de6a23aeb1ce4 ;

2018-04-27 13:49:22 trace :
------------
Array:
tousername : gh_0c02969f70a6 ;
fromusername : oSI4Lj8qjuR5j89gZJyQH2zbfqUc ;
createtime : 1524808162 ;
msgtype : event ;
event : SCAN ;
eventkey : fc416f4b1aa398b6919de6a23aeb1ce4 ;
ticket : gQGi8DwAAAAAAAAAAS5odHRwOi8vd2VpeGluLnFxLmNvbS9xLzAyRUZORkFuOGU4YmYxMDAwME0wN3YAAgRUcuFaAwQAAAAA ;
from : oSI4Lj8qjuR5j89gZJyQH2zbfqUc ;
to : gh_0c02969f70a6 ;
time : 1524808162 ;
type : subscribe ;
scene : fc416f4b1aa398b6919de6a23aeb1ce4 ;

2018-04-27 13:53:13 trace :
------------
Array:
tousername : gh_0c02969f70a6 ;
fromusername : oSI4Lj-6bFuEhoj-QrRn_FPRoy0o ;
createtime : 1524808393 ;
msgtype : event ;
event : subscribe ;
eventkey : qrscene_fc416f4b1aa398b6919de6a23aeb1ce4 ;
ticket : gQGi8DwAAAAAAAAAAS5odHRwOi8vd2VpeGluLnFxLmNvbS9xLzAyRUZORkFuOGU4YmYxMDAwME0wN3YAAgRUcuFaAwQAAAAA ;
from : oSI4Lj-6bFuEhoj-QrRn_FPRoy0o ;
to : gh_0c02969f70a6 ;
time : 1524808393 ;
type : subscribe ;
scene : fc416f4b1aa398b6919de6a23aeb1ce4 ;

2018-04-27 13:53:24 trace :
------------
Array:
tousername : gh_0c02969f70a6 ;
fromusername : oSI4Lj-6bFuEhoj-QrRn_FPRoy0o ;
createtime : 1524808404 ;
msgtype : event ;
event : VIEW ;
eventkey : http://zz.jhzh66.com/app/index.php?i=8&c=entry&eid=194 ;
menuid : 425359163 ;
from : oSI4Lj-6bFuEhoj-QrRn_FPRoy0o ;
to : gh_0c02969f70a6 ;
time : 1524808404 ;
type : event ;

2018-04-27 13:53:24 params :
------------
Array:
rule : -2 ;
module :  ;
message : Array ;

2018-04-27 13:53:24 response :
------------

2018-04-27 14:31:35 trace :
------------
Array:
tousername : gh_0c02969f70a6 ;
fromusername : oSI4Lj_6gafovoH9jMG-jjaV-SJU ;
createtime : 1524810695 ;
msgtype : event ;
event : subscribe ;
eventkey : qrscene_fc416f4b1aa398b6919de6a23aeb1ce4 ;
ticket : gQGi8DwAAAAAAAAAAS5odHRwOi8vd2VpeGluLnFxLmNvbS9xLzAyRUZORkFuOGU4YmYxMDAwME0wN3YAAgRUcuFaAwQAAAAA ;
from : oSI4Lj_6gafovoH9jMG-jjaV-SJU ;
to : gh_0c02969f70a6 ;
time : 1524810695 ;
type : subscribe ;
scene : fc416f4b1aa398b6919de6a23aeb1ce4 ;

2018-04-27 14:34:04 trace :
------------
Array:
tousername : gh_0c02969f70a6 ;
fromusername : oSI4LjzwswNcl4pbb3Kga-RyOGwA ;
createtime : 1524810844 ;
msgtype : event ;
event : subscribe ;
eventkey : qrscene_fc416f4b1aa398b6919de6a23aeb1ce4 ;
ticket : gQGi8DwAAAAAAAAAAS5odHRwOi8vd2VpeGluLnFxLmNvbS9xLzAyRUZORkFuOGU4YmYxMDAwME0wN3YAAgRUcuFaAwQAAAAA ;
from : oSI4LjzwswNcl4pbb3Kga-RyOGwA ;
to : gh_0c02969f70a6 ;
time : 1524810844 ;
type : subscribe ;
scene : fc416f4b1aa398b6919de6a23aeb1ce4 ;

2018-04-27 14:34:11 trace :
------------
Array:
tousername : gh_0c02969f70a6 ;
fromusername : oSI4Lj97Jm2kdczJ4OHYMLb017pk ;
createtime : 1524810851 ;
msgtype : event ;
event : VIEW ;
eventkey : http://zz.jhzh66.com/app/index.php?i=8&c=entry&eid=194 ;
menuid : 425359163 ;
from : oSI4Lj97Jm2kdczJ4OHYMLb017pk ;
to : gh_0c02969f70a6 ;
time : 1524810851 ;
type : event ;

2018-04-27 14:34:11 params :
------------
Array:
rule : -2 ;
module :  ;
message : Array ;

2018-04-27 14:34:11 response :
------------

2018-04-27 14:34:21 trace :
------------
Array:
tousername : gh_0c02969f70a6 ;
fromusername : oSI4LjzwswNcl4pbb3Kga-RyOGwA ;
createtime : 1524810861 ;
msgtype : event ;
event : SCAN ;
eventkey : fc416f4b1aa398b6919de6a23aeb1ce4 ;
ticket : gQGi8DwAAAAAAAAAAS5odHRwOi8vd2VpeGluLnFxLmNvbS9xLzAyRUZORkFuOGU4YmYxMDAwME0wN3YAAgRUcuFaAwQAAAAA ;
from : oSI4LjzwswNcl4pbb3Kga-RyOGwA ;
to : gh_0c02969f70a6 ;
time : 1524810861 ;
type : subscribe ;
scene : fc416f4b1aa398b6919de6a23aeb1ce4 ;

2018-04-27 14:34:40 trace :
------------
Array:
tousername : gh_0c02969f70a6 ;
fromusername : oSI4LjySU9oJhsu5cGTPsv4yBOZM ;
createtime : 1524810879 ;
msgtype : event ;
event : subscribe ;
eventkey : qrscene_fc416f4b1aa398b6919de6a23aeb1ce4 ;
ticket : gQGi8DwAAAAAAAAAAS5odHRwOi8vd2VpeGluLnFxLmNvbS9xLzAyRUZORkFuOGU4YmYxMDAwME0wN3YAAgRUcuFaAwQAAAAA ;
from : oSI4LjySU9oJhsu5cGTPsv4yBOZM ;
to : gh_0c02969f70a6 ;
time : 1524810879 ;
type : subscribe ;
scene : fc416f4b1aa398b6919de6a23aeb1ce4 ;

2018-04-27 14:35:15 trace :
------------
Array:
tousername : gh_0c02969f70a6 ;
fromusername : oSI4Lj-JMcsRC7LOW8qfg70ciJvw ;
createtime : 1524810915 ;
msgtype : event ;
event : subscribe ;
eventkey : qrscene_fc416f4b1aa398b6919de6a23aeb1ce4 ;
ticket : gQGi8DwAAAAAAAAAAS5odHRwOi8vd2VpeGluLnFxLmNvbS9xLzAyRUZORkFuOGU4YmYxMDAwME0wN3YAAgRUcuFaAwQAAAAA ;
from : oSI4Lj-JMcsRC7LOW8qfg70ciJvw ;
to : gh_0c02969f70a6 ;
time : 1524810915 ;
type : subscribe ;
scene : fc416f4b1aa398b6919de6a23aeb1ce4 ;

2018-04-27 14:35:31 trace :
------------
Array:
tousername : gh_0c02969f70a6 ;
fromusername : oSI4Lj-JMcsRC7LOW8qfg70ciJvw ;
createtime : 1524810930 ;
msgtype : event ;
event : CLICK ;
eventkey : 关注 ;
from : oSI4Lj-JMcsRC7LOW8qfg70ciJvw ;
to : gh_0c02969f70a6 ;
time : 1524810930 ;
type : event ;

2018-04-27 14:36:44 trace :
------------
Array:
tousername : gh_0c02969f70a6 ;
fromusername : oSI4Lj8x9f7oZkdcWHokIaiboanw ;
createtime : 1524811003 ;
msgtype : event ;
event : subscribe ;
eventkey : qrscene_c4f7e6098857b6c1462490c388018721 ;
ticket : gQFL8jwAAAAAAAAAAS5odHRwOi8vd2VpeGluLnFxLmNvbS9xLzAyNk5WVEItOGU4YmYxMDAwME0wN0sAAgS0xOJaAwQAAAAA ;
from : oSI4Lj8x9f7oZkdcWHokIaiboanw ;
to : gh_0c02969f70a6 ;
time : 1524811003 ;
type : subscribe ;
scene : c4f7e6098857b6c1462490c388018721 ;

2018-04-27 14:36:53 trace :
------------
Array:
tousername : gh_0c02969f70a6 ;
fromusername : oSI4Lj8x9f7oZkdcWHokIaiboanw ;
createtime : 1524811013 ;
msgtype : event ;
event : CLICK ;
eventkey : 介绍 ;
from : oSI4Lj8x9f7oZkdcWHokIaiboanw ;
to : gh_0c02969f70a6 ;
time : 1524811013 ;
type : event ;

2018-04-27 14:36:53 params :
------------
Array:
message : Array ;
module : basic ;
rule : 1013 ;
priority : 0 ;
keyword : Array ;

2018-04-27 14:36:53 response :
------------
Array:
FromUserName : gh_0c02969f70a6 ;
ToUserName : oSI4Lj8x9f7oZkdcWHokIaiboanw ;
MsgType : text ;
Content : https://u.eqxiu.com/s/6szkjdIq   易货联盟平台介绍

https://h.eqxiu.com/s/U4YBmmJj   代理商收益介绍 ;

2018-04-27 14:36:56 trace :
------------
Array:
tousername : gh_0c02969f70a6 ;
fromusername : oSI4Lj8x9f7oZkdcWHokIaiboanw ;
createtime : 1524811016 ;
msgtype : event ;
event : VIEW ;
eventkey : http://zz.jhzh66.com/app/index.php?i=8&c=entry&eid=194 ;
menuid : 425359163 ;
from : oSI4Lj8x9f7oZkdcWHokIaiboanw ;
to : gh_0c02969f70a6 ;
time : 1524811016 ;
type : event ;

2018-04-27 14:36:56 params :
------------
Array:
rule : -2 ;
module :  ;
message : Array ;

2018-04-27 14:36:56 response :
------------

2018-04-27 14:37:02 trace :
------------
Array:
tousername : gh_0c02969f70a6 ;
fromusername : oSI4Lj8x9f7oZkdcWHokIaiboanw ;
createtime : 1524811021 ;
msgtype : event ;
event : VIEW ;
eventkey : http://zz.jhzh66.com/app/index.php?i=8&c=entry&eid=194 ;
menuid : 425359163 ;
from : oSI4Lj8x9f7oZkdcWHokIaiboanw ;
to : gh_0c02969f70a6 ;
time : 1524811021 ;
type : event ;

2018-04-27 14:37:02 params :
------------
Array:
rule : -2 ;
module :  ;
message : Array ;

2018-04-27 14:37:02 response :
------------

2018-04-27 14:39:19 trace :
------------
Array:
tousername : gh_0c02969f70a6 ;
fromusername : oSI4Lj9W4qT5q3YoqjPeeur1cZuU ;
createtime : 1524811159 ;
msgtype : event ;
event : subscribe ;
eventkey : qrscene_fc416f4b1aa398b6919de6a23aeb1ce4 ;
ticket : gQGi8DwAAAAAAAAAAS5odHRwOi8vd2VpeGluLnFxLmNvbS9xLzAyRUZORkFuOGU4YmYxMDAwME0wN3YAAgRUcuFaAwQAAAAA ;
from : oSI4Lj9W4qT5q3YoqjPeeur1cZuU ;
to : gh_0c02969f70a6 ;
time : 1524811159 ;
type : subscribe ;
scene : fc416f4b1aa398b6919de6a23aeb1ce4 ;

2018-04-27 14:39:49 trace :
------------
Array:
tousername : gh_0c02969f70a6 ;
fromusername : oSI4Lj9W4qT5q3YoqjPeeur1cZuU ;
createtime : 1524811189 ;
msgtype : event ;
event : CLICK ;
eventkey : 关注 ;
from : oSI4Lj9W4qT5q3YoqjPeeur1cZuU ;
to : gh_0c02969f70a6 ;
time : 1524811189 ;
type : event ;

2018-04-27 14:47:47 trace :
------------
Array:
tousername : gh_0c02969f70a6 ;
fromusername : oSI4Lj9W4qT5q3YoqjPeeur1cZuU ;
createtime : 1524811667 ;
msgtype : event ;
event : VIEW ;
eventkey : http://zz.jhzh66.com/app/index.php?i=8&c=entry&eid=194 ;
menuid : 425359163 ;
from : oSI4Lj9W4qT5q3YoqjPeeur1cZuU ;
to : gh_0c02969f70a6 ;
time : 1524811667 ;
type : event ;

2018-04-27 14:47:47 params :
------------
Array:
rule : -2 ;
module :  ;
message : Array ;

2018-04-27 14:47:47 response :
------------

2018-04-27 14:56:12 trace :
------------
Array:
tousername : gh_0c02969f70a6 ;
fromusername : oSI4Lj_EUdnBbNzBxcFMjm9J5aIQ ;
createtime : 1524812172 ;
msgtype : event ;
event : VIEW ;
eventkey : http://zz.jhzh66.com/app/index.php?i=8&c=entry&eid=194 ;
menuid : 425359163 ;
from : oSI4Lj_EUdnBbNzBxcFMjm9J5aIQ ;
to : gh_0c02969f70a6 ;
time : 1524812172 ;
type : event ;

2018-04-27 14:56:12 params :
------------
Array:
rule : -2 ;
module :  ;
message : Array ;

2018-04-27 14:56:12 response :
------------

2018-04-27 15:10:42 trace :
------------
Array:
tousername : gh_0c02969f70a6 ;
fromusername : oSI4Lj3MXo4tWo4HQ_3-ocXJB5AQ ;
createtime : 1524813041 ;
msgtype : event ;
event : VIEW ;
eventkey : http://zz.jhzh66.com/app/index.php?i=8&c=site&a=site&do=detail&id=2 ;
menuid : 425359163 ;
from : oSI4Lj3MXo4tWo4HQ_3-ocXJB5AQ ;
to : gh_0c02969f70a6 ;
time : 1524813041 ;
type : event ;

2018-04-27 15:10:42 params :
------------
Array:
rule : -2 ;
module :  ;
message : Array ;

2018-04-27 15:10:42 response :
------------

2018-04-27 15:11:21 trace :
------------
Array:
tousername : gh_0c02969f70a6 ;
fromusername : oSI4Lj3MXo4tWo4HQ_3-ocXJB5AQ ;
createtime : 1524813081 ;
msgtype : event ;
event : VIEW ;
eventkey : http://zz.jhzh66.com/app/index.php?i=8&c=entry&eid=194 ;
menuid : 425359163 ;
from : oSI4Lj3MXo4tWo4HQ_3-ocXJB5AQ ;
to : gh_0c02969f70a6 ;
time : 1524813081 ;
type : event ;

2018-04-27 15:11:21 params :
------------
Array:
rule : -2 ;
module :  ;
message : Array ;

2018-04-27 15:11:21 response :
------------

2018-04-27 15:45:33 trace :
------------
Array:
tousername : gh_9aac6b6c619f ;
fromusername : o4Uy9vj6KGsQT9admEhninEaDMgw ;
createtime : 1524815133 ;
msgtype : event ;
event : subscribe ;
eventkey : Array ;
from : o4Uy9vj6KGsQT9admEhninEaDMgw ;
to : gh_9aac6b6c619f ;
time : 1524815133 ;
type : subscribe ;

2018-04-27 15:45:33 params :
------------
Array:
rule : -2 ;
module :  ;
message : Array ;

2018-04-27 15:45:33 response :
------------

2018-04-27 15:48:35 trace :
------------
Array:
tousername : gh_0c02969f70a6 ;
fromusername : oSI4Lj081zdPZ2UqfvWDaF0VS5gg ;
createtime : 1524815315 ;
msgtype : event ;
event : SCAN ;
eventkey : fc416f4b1aa398b6919de6a23aeb1ce4 ;
ticket : gQGi8DwAAAAAAAAAAS5odHRwOi8vd2VpeGluLnFxLmNvbS9xLzAyRUZORkFuOGU4YmYxMDAwME0wN3YAAgRUcuFaAwQAAAAA ;
from : oSI4Lj081zdPZ2UqfvWDaF0VS5gg ;
to : gh_0c02969f70a6 ;
time : 1524815315 ;
type : subscribe ;
scene : fc416f4b1aa398b6919de6a23aeb1ce4 ;

2018-04-27 15:48:40 trace :
------------
Array:
tousername : gh_0c02969f70a6 ;
fromusername : oSI4Lj2etkxz0ahPUyPD-DnnmJS8 ;
createtime : 1524815320 ;
msgtype : event ;
event : subscribe ;
eventkey : qrscene_fc416f4b1aa398b6919de6a23aeb1ce4 ;
ticket : gQGi8DwAAAAAAAAAAS5odHRwOi8vd2VpeGluLnFxLmNvbS9xLzAyRUZORkFuOGU4YmYxMDAwME0wN3YAAgRUcuFaAwQAAAAA ;
from : oSI4Lj2etkxz0ahPUyPD-DnnmJS8 ;
to : gh_0c02969f70a6 ;
time : 1524815320 ;
type : subscribe ;
scene : fc416f4b1aa398b6919de6a23aeb1ce4 ;

2018-04-27 15:48:43 trace :
------------
Array:
tousername : gh_0c02969f70a6 ;
fromusername : oSI4LjzWtGV7qxKAN4Av09eKbvSE ;
createtime : 1524815323 ;
msgtype : event ;
event : subscribe ;
eventkey : qrscene_fc416f4b1aa398b6919de6a23aeb1ce4 ;
ticket : gQGi8DwAAAAAAAAAAS5odHRwOi8vd2VpeGluLnFxLmNvbS9xLzAyRUZORkFuOGU4YmYxMDAwME0wN3YAAgRUcuFaAwQAAAAA ;
from : oSI4LjzWtGV7qxKAN4Av09eKbvSE ;
to : gh_0c02969f70a6 ;
time : 1524815323 ;
type : subscribe ;
scene : fc416f4b1aa398b6919de6a23aeb1ce4 ;

2018-04-27 15:48:53 trace :
------------
Array:
tousername : gh_0c02969f70a6 ;
fromusername : oSI4Lj5chrbIZNGKYNxvAG0CTP4Q ;
createtime : 1524815333 ;
msgtype : event ;
event : subscribe ;
eventkey : qrscene_fc416f4b1aa398b6919de6a23aeb1ce4 ;
ticket : gQGi8DwAAAAAAAAAAS5odHRwOi8vd2VpeGluLnFxLmNvbS9xLzAyRUZORkFuOGU4YmYxMDAwME0wN3YAAgRUcuFaAwQAAAAA ;
from : oSI4Lj5chrbIZNGKYNxvAG0CTP4Q ;
to : gh_0c02969f70a6 ;
time : 1524815333 ;
type : subscribe ;
scene : fc416f4b1aa398b6919de6a23aeb1ce4 ;

2018-04-27 15:48:54 trace :
------------
Array:
tousername : gh_0c02969f70a6 ;
fromusername : oSI4Lj081zdPZ2UqfvWDaF0VS5gg ;
createtime : 1524815334 ;
msgtype : event ;
event : CLICK ;
eventkey : 介绍 ;
from : oSI4Lj081zdPZ2UqfvWDaF0VS5gg ;
to : gh_0c02969f70a6 ;
time : 1524815334 ;
type : event ;

2018-04-27 15:48:54 params :
------------
Array:
message : Array ;
module : basic ;
rule : 1013 ;
priority : 0 ;
keyword : Array ;

2018-04-27 15:48:54 response :
------------
Array:
FromUserName : gh_0c02969f70a6 ;
ToUserName : oSI4Lj081zdPZ2UqfvWDaF0VS5gg ;
MsgType : text ;
Content : https://u.eqxiu.com/s/6szkjdIq   易货联盟平台介绍

https://h.eqxiu.com/s/U4YBmmJj   代理商收益介绍 ;

2018-04-27 15:49:02 trace :
------------
Array:
tousername : gh_0c02969f70a6 ;
fromusername : oSI4Lj7hAs8RtrBjkhyo_DU0WOTg ;
createtime : 1524815342 ;
msgtype : event ;
event : subscribe ;
eventkey : qrscene_fc416f4b1aa398b6919de6a23aeb1ce4 ;
ticket : gQGi8DwAAAAAAAAAAS5odHRwOi8vd2VpeGluLnFxLmNvbS9xLzAyRUZORkFuOGU4YmYxMDAwME0wN3YAAgRUcuFaAwQAAAAA ;
from : oSI4Lj7hAs8RtrBjkhyo_DU0WOTg ;
to : gh_0c02969f70a6 ;
time : 1524815342 ;
type : subscribe ;
scene : fc416f4b1aa398b6919de6a23aeb1ce4 ;

2018-04-27 15:49:24 trace :
------------
Array:
tousername : gh_0c02969f70a6 ;
fromusername : oSI4Lj081zdPZ2UqfvWDaF0VS5gg ;
createtime : 1524815364 ;
msgtype : event ;
event : VIEW ;
eventkey : http://zz.jhzh66.com/app/index.php?i=8&c=entry&eid=194 ;
menuid : 425359163 ;
from : oSI4Lj081zdPZ2UqfvWDaF0VS5gg ;
to : gh_0c02969f70a6 ;
time : 1524815364 ;
type : event ;

2018-04-27 15:49:24 params :
------------
Array:
rule : -2 ;
module :  ;
message : Array ;

2018-04-27 15:49:24 response :
------------

2018-04-27 15:49:32 trace :
------------
Array:
tousername : gh_0c02969f70a6 ;
fromusername : oSI4Lj5A9ZbAtI9QiiYRijR8QUf8 ;
createtime : 1524815372 ;
msgtype : event ;
event : subscribe ;
eventkey : qrscene_fc416f4b1aa398b6919de6a23aeb1ce4 ;
ticket : gQGi8DwAAAAAAAAAAS5odHRwOi8vd2VpeGluLnFxLmNvbS9xLzAyRUZORkFuOGU4YmYxMDAwME0wN3YAAgRUcuFaAwQAAAAA ;
from : oSI4Lj5A9ZbAtI9QiiYRijR8QUf8 ;
to : gh_0c02969f70a6 ;
time : 1524815372 ;
type : subscribe ;
scene : fc416f4b1aa398b6919de6a23aeb1ce4 ;

2018-04-27 15:49:40 trace :
------------
Array:
tousername : gh_0c02969f70a6 ;
fromusername : oSI4LjysVf3VaYkf2aMwMSSaSLIo ;
createtime : 1524815380 ;
msgtype : event ;
event : subscribe ;
eventkey : qrscene_fc416f4b1aa398b6919de6a23aeb1ce4 ;
ticket : gQGi8DwAAAAAAAAAAS5odHRwOi8vd2VpeGluLnFxLmNvbS9xLzAyRUZORkFuOGU4YmYxMDAwME0wN3YAAgRUcuFaAwQAAAAA ;
from : oSI4LjysVf3VaYkf2aMwMSSaSLIo ;
to : gh_0c02969f70a6 ;
time : 1524815380 ;
type : subscribe ;
scene : fc416f4b1aa398b6919de6a23aeb1ce4 ;

2018-04-27 15:50:18 trace :
------------
Array:
tousername : gh_0c02969f70a6 ;
fromusername : oSI4Lj27WzDh604eXR41hNHoYgTU ;
createtime : 1524815418 ;
msgtype : event ;
event : subscribe ;
eventkey : qrscene_fc416f4b1aa398b6919de6a23aeb1ce4 ;
ticket : gQGi8DwAAAAAAAAAAS5odHRwOi8vd2VpeGluLnFxLmNvbS9xLzAyRUZORkFuOGU4YmYxMDAwME0wN3YAAgRUcuFaAwQAAAAA ;
from : oSI4Lj27WzDh604eXR41hNHoYgTU ;
to : gh_0c02969f70a6 ;
time : 1524815418 ;
type : subscribe ;
scene : fc416f4b1aa398b6919de6a23aeb1ce4 ;

2018-04-27 15:51:02 trace :
------------
Array:
tousername : gh_0c02969f70a6 ;
fromusername : oSI4Lj99YbZUMbHnhF_1oofoleOs ;
createtime : 1524815461 ;
msgtype : event ;
event : subscribe ;
eventkey : qrscene_fc416f4b1aa398b6919de6a23aeb1ce4 ;
ticket : gQGi8DwAAAAAAAAAAS5odHRwOi8vd2VpeGluLnFxLmNvbS9xLzAyRUZORkFuOGU4YmYxMDAwME0wN3YAAgRUcuFaAwQAAAAA ;
from : oSI4Lj99YbZUMbHnhF_1oofoleOs ;
to : gh_0c02969f70a6 ;
time : 1524815461 ;
type : subscribe ;
scene : fc416f4b1aa398b6919de6a23aeb1ce4 ;

2018-04-27 15:51:24 trace :
------------
Array:
tousername : gh_0c02969f70a6 ;
fromusername : oSI4Lj7tPluPXniDzUDwfoehIcPA ;
createtime : 1524815484 ;
msgtype : event ;
event : subscribe ;
eventkey : qrscene_fc416f4b1aa398b6919de6a23aeb1ce4 ;
ticket : gQGi8DwAAAAAAAAAAS5odHRwOi8vd2VpeGluLnFxLmNvbS9xLzAyRUZORkFuOGU4YmYxMDAwME0wN3YAAgRUcuFaAwQAAAAA ;
from : oSI4Lj7tPluPXniDzUDwfoehIcPA ;
to : gh_0c02969f70a6 ;
time : 1524815484 ;
type : subscribe ;
scene : fc416f4b1aa398b6919de6a23aeb1ce4 ;

2018-04-27 15:51:37 trace :
------------
Array:
tousername : gh_0c02969f70a6 ;
fromusername : oSI4Lj2etkxz0ahPUyPD-DnnmJS8 ;
createtime : 1524815496 ;
msgtype : event ;
event : SCAN ;
eventkey : fc416f4b1aa398b6919de6a23aeb1ce4 ;
ticket : gQGi8DwAAAAAAAAAAS5odHRwOi8vd2VpeGluLnFxLmNvbS9xLzAyRUZORkFuOGU4YmYxMDAwME0wN3YAAgRUcuFaAwQAAAAA ;
from : oSI4Lj2etkxz0ahPUyPD-DnnmJS8 ;
to : gh_0c02969f70a6 ;
time : 1524815496 ;
type : subscribe ;
scene : fc416f4b1aa398b6919de6a23aeb1ce4 ;

2018-04-27 15:52:12 trace :
------------
Array:
tousername : gh_0c02969f70a6 ;
fromusername : oSI4Lj-PgHlUpcHJNLoCJy7MKy3o ;
createtime : 1524815532 ;
msgtype : event ;
event : subscribe ;
eventkey : qrscene_fc416f4b1aa398b6919de6a23aeb1ce4 ;
ticket : gQGi8DwAAAAAAAAAAS5odHRwOi8vd2VpeGluLnFxLmNvbS9xLzAyRUZORkFuOGU4YmYxMDAwME0wN3YAAgRUcuFaAwQAAAAA ;
from : oSI4Lj-PgHlUpcHJNLoCJy7MKy3o ;
to : gh_0c02969f70a6 ;
time : 1524815532 ;
type : subscribe ;
scene : fc416f4b1aa398b6919de6a23aeb1ce4 ;

2018-04-27 15:52:14 trace :
------------
Array:
tousername : gh_0c02969f70a6 ;
fromusername : oSI4LjzjcIUYgdcGYeZ4SS9tUieA ;
createtime : 1524815534 ;
msgtype : event ;
event : subscribe ;
eventkey : qrscene_fc416f4b1aa398b6919de6a23aeb1ce4 ;
ticket : gQGi8DwAAAAAAAAAAS5odHRwOi8vd2VpeGluLnFxLmNvbS9xLzAyRUZORkFuOGU4YmYxMDAwME0wN3YAAgRUcuFaAwQAAAAA ;
from : oSI4LjzjcIUYgdcGYeZ4SS9tUieA ;
to : gh_0c02969f70a6 ;
time : 1524815534 ;
type : subscribe ;
scene : fc416f4b1aa398b6919de6a23aeb1ce4 ;

2018-04-27 15:52:16 trace :
------------
Array:
tousername : gh_0c02969f70a6 ;
fromusername : oSI4Lj-PgHlUpcHJNLoCJy7MKy3o ;
createtime : 1524815536 ;
msgtype : event ;
event : CLICK ;
eventkey : 关注 ;
from : oSI4Lj-PgHlUpcHJNLoCJy7MKy3o ;
to : gh_0c02969f70a6 ;
time : 1524815536 ;
type : event ;

2018-04-27 15:52:40 trace :
------------
Array:
tousername : gh_0c02969f70a6 ;
fromusername : oSI4Lj-PgHlUpcHJNLoCJy7MKy3o ;
createtime : 1524815560 ;
msgtype : event ;
event : VIEW ;
eventkey : http://zz.jhzh66.com/app/index.php?i=8&c=entry&eid=194 ;
menuid : 425359163 ;
from : oSI4Lj-PgHlUpcHJNLoCJy7MKy3o ;
to : gh_0c02969f70a6 ;
time : 1524815560 ;
type : event ;

2018-04-27 15:52:40 params :
------------
Array:
rule : -2 ;
module :  ;
message : Array ;

2018-04-27 15:52:40 response :
------------

2018-04-27 15:52:48 trace :
------------
Array:
tousername : gh_0c02969f70a6 ;
fromusername : oSI4Lj081zdPZ2UqfvWDaF0VS5gg ;
createtime : 1524815568 ;
msgtype : event ;
event : SCAN ;
eventkey : fc416f4b1aa398b6919de6a23aeb1ce4 ;
ticket : gQGi8DwAAAAAAAAAAS5odHRwOi8vd2VpeGluLnFxLmNvbS9xLzAyRUZORkFuOGU4YmYxMDAwME0wN3YAAgRUcuFaAwQAAAAA ;
from : oSI4Lj081zdPZ2UqfvWDaF0VS5gg ;
to : gh_0c02969f70a6 ;
time : 1524815568 ;
type : subscribe ;
scene : fc416f4b1aa398b6919de6a23aeb1ce4 ;

2018-04-27 15:53:25 trace :
------------
Array:
tousername : gh_0c02969f70a6 ;
fromusername : oSI4Lj7hAs8RtrBjkhyo_DU0WOTg ;
createtime : 1524815605 ;
msgtype : event ;
event : VIEW ;
eventkey : http://zz.jhzh66.com/app/index.php?i=8&c=entry&eid=194 ;
menuid : 425359163 ;
from : oSI4Lj7hAs8RtrBjkhyo_DU0WOTg ;
to : gh_0c02969f70a6 ;
time : 1524815605 ;
type : event ;

2018-04-27 15:53:25 params :
------------
Array:
rule : -2 ;
module :  ;
message : Array ;

2018-04-27 15:53:25 response :
------------

2018-04-27 15:53:39 trace :
------------
Array:
tousername : gh_0c02969f70a6 ;
fromusername : oSI4Lj081zdPZ2UqfvWDaF0VS5gg ;
createtime : 1524815619 ;
msgtype : event ;
event : VIEW ;
eventkey : http://zz.jhzh66.com/app/index.php?i=8&c=entry&eid=194 ;
menuid : 425359163 ;
from : oSI4Lj081zdPZ2UqfvWDaF0VS5gg ;
to : gh_0c02969f70a6 ;
time : 1524815619 ;
type : event ;

2018-04-27 15:53:39 params :
------------
Array:
rule : -2 ;
module :  ;
message : Array ;

2018-04-27 15:53:39 response :
------------

2018-04-27 15:53:50 trace :
------------
Array:
tousername : gh_0c02969f70a6 ;
fromusername : oSI4Lj8mKAVn5ULpc_KvnZcJgkaA ;
createtime : 1524815630 ;
msgtype : event ;
event : subscribe ;
eventkey : qrscene_fc416f4b1aa398b6919de6a23aeb1ce4 ;
ticket : gQGi8DwAAAAAAAAAAS5odHRwOi8vd2VpeGluLnFxLmNvbS9xLzAyRUZORkFuOGU4YmYxMDAwME0wN3YAAgRUcuFaAwQAAAAA ;
from : oSI4Lj8mKAVn5ULpc_KvnZcJgkaA ;
to : gh_0c02969f70a6 ;
time : 1524815630 ;
type : subscribe ;
scene : fc416f4b1aa398b6919de6a23aeb1ce4 ;

2018-04-27 15:53:52 trace :
------------
Array:
tousername : gh_0c02969f70a6 ;
fromusername : oSI4Lj8mKAVn5ULpc_KvnZcJgkaA ;
createtime : 1524815632 ;
msgtype : event ;
event : VIEW ;
eventkey : http://zz.jhzh66.com/app/index.php?i=8&c=entry&eid=194 ;
menuid : 425359163 ;
from : oSI4Lj8mKAVn5ULpc_KvnZcJgkaA ;
to : gh_0c02969f70a6 ;
time : 1524815632 ;
type : event ;

2018-04-27 15:53:52 params :
------------
Array:
rule : -2 ;
module :  ;
message : Array ;

2018-04-27 15:53:52 response :
------------

2018-04-27 15:53:56 trace :
------------
Array:
tousername : gh_0c02969f70a6 ;
fromusername : oSI4Lj-JMcsRC7LOW8qfg70ciJvw ;
createtime : 1524815636 ;
msgtype : event ;
event : VIEW ;
eventkey : http://wxsdtkyq7kozrh.b.qun.hk/l/nFVgFpSG ;
menuid : 425359163 ;
from : oSI4Lj-JMcsRC7LOW8qfg70ciJvw ;
to : gh_0c02969f70a6 ;
time : 1524815636 ;
type : event ;

2018-04-27 15:53:56 params :
------------
Array:
rule : -2 ;
module :  ;
message : Array ;

2018-04-27 15:53:56 response :
------------

2018-04-27 15:53:56 trace :
------------
Array:
tousername : gh_0c02969f70a6 ;
fromusername : oSI4Lj_qJzrVuK2QRWWOSnQlnWRk ;
createtime : 1524815636 ;
msgtype : event ;
event : SCAN ;
eventkey : 5141e420449e42c7df87975ef87074b6 ;
ticket : gQHp8TwAAAAAAAAAAS5odHRwOi8vd2VpeGluLnFxLmNvbS9xLzAyZjNCWkJmOGU4YmYxMDAwMDAwN2oAAgTj86RaAwQAAAAA ;
from : oSI4Lj_qJzrVuK2QRWWOSnQlnWRk ;
to : gh_0c02969f70a6 ;
time : 1524815636 ;
type : subscribe ;
scene : 5141e420449e42c7df87975ef87074b6 ;

2018-04-27 15:53:57 trace :
------------
Array:
tousername : gh_0c02969f70a6 ;
fromusername : oSI4Lj7hAs8RtrBjkhyo_DU0WOTg ;
createtime : 1524815637 ;
msgtype : event ;
event : VIEW ;
eventkey : http://zz.jhzh66.com/app/index.php?i=8&c=entry&eid=198 ;
menuid : 425359163 ;
from : oSI4Lj7hAs8RtrBjkhyo_DU0WOTg ;
to : gh_0c02969f70a6 ;
time : 1524815637 ;
type : event ;

2018-04-27 15:53:57 params :
------------
Array:
rule : -2 ;
module :  ;
message : Array ;

2018-04-27 15:53:57 response :
------------

2018-04-27 15:54:03 trace :
------------
Array:
tousername : gh_0c02969f70a6 ;
fromusername : oSI4Lj081zdPZ2UqfvWDaF0VS5gg ;
createtime : 1524815643 ;
msgtype : event ;
event : VIEW ;
eventkey : http://zz.jhzh66.com/app/index.php?i=8&c=entry&eid=194 ;
menuid : 425359163 ;
from : oSI4Lj081zdPZ2UqfvWDaF0VS5gg ;
to : gh_0c02969f70a6 ;
time : 1524815643 ;
type : event ;

2018-04-27 15:54:03 params :
------------
Array:
rule : -2 ;
module :  ;
message : Array ;

2018-04-27 15:54:03 response :
------------

2018-04-27 15:54:08 trace :
------------
Array:
tousername : gh_0c02969f70a6 ;
fromusername : oSI4Lj081zdPZ2UqfvWDaF0VS5gg ;
createtime : 1524815648 ;
msgtype : event ;
event : VIEW ;
eventkey : http://wxsdtkyq7kozrh.b.qun.hk/l/nFVgFpSG ;
menuid : 425359163 ;
from : oSI4Lj081zdPZ2UqfvWDaF0VS5gg ;
to : gh_0c02969f70a6 ;
time : 1524815648 ;
type : event ;

2018-04-27 15:54:08 params :
------------
Array:
rule : -2 ;
module :  ;
message : Array ;

2018-04-27 15:54:08 response :
------------

2018-04-27 15:55:54 trace :
------------
Array:
tousername : gh_0c02969f70a6 ;
fromusername : oSI4Lj06DxkdSuBRn7Ieb5sS5ecY ;
createtime : 1524815753 ;
msgtype : event ;
event : subscribe ;
eventkey : qrscene_fc416f4b1aa398b6919de6a23aeb1ce4 ;
ticket : gQGi8DwAAAAAAAAAAS5odHRwOi8vd2VpeGluLnFxLmNvbS9xLzAyRUZORkFuOGU4YmYxMDAwME0wN3YAAgRUcuFaAwQAAAAA ;
from : oSI4Lj06DxkdSuBRn7Ieb5sS5ecY ;
to : gh_0c02969f70a6 ;
time : 1524815753 ;
type : subscribe ;
scene : fc416f4b1aa398b6919de6a23aeb1ce4 ;

2018-04-27 15:55:56 trace :
------------
Array:
tousername : gh_0c02969f70a6 ;
fromusername : oSI4Lj06DxkdSuBRn7Ieb5sS5ecY ;
createtime : 1524815756 ;
msgtype : event ;
event : VIEW ;
eventkey : http://zz.jhzh66.com/app/index.php?i=8&c=entry&eid=194 ;
menuid : 425359163 ;
from : oSI4Lj06DxkdSuBRn7Ieb5sS5ecY ;
to : gh_0c02969f70a6 ;
time : 1524815756 ;
type : event ;

2018-04-27 15:55:56 params :
------------
Array:
rule : -2 ;
module :  ;
message : Array ;

2018-04-27 15:55:56 response :
------------

2018-04-27 15:57:46 trace :
------------
Array:
tousername : gh_0c02969f70a6 ;
fromusername : oSI4Lj081zdPZ2UqfvWDaF0VS5gg ;
createtime : 1524815866 ;
msgtype : event ;
event : VIEW ;
eventkey : https://m.qlchat.com/live/320000044317761.htm ;
menuid : 425359163 ;
from : oSI4Lj081zdPZ2UqfvWDaF0VS5gg ;
to : gh_0c02969f70a6 ;
time : 1524815866 ;
type : event ;

2018-04-27 15:57:46 params :
------------
Array:
rule : -2 ;
module :  ;
message : Array ;

2018-04-27 15:57:46 response :
------------

2018-04-27 16:00:49 trace :
------------
Array:
tousername : gh_0c02969f70a6 ;
fromusername : oSI4Lj0PbpBtttwfUiU1SJIZO4VA ;
createtime : 1524816049 ;
msgtype : event ;
event : SCAN ;
eventkey : fc416f4b1aa398b6919de6a23aeb1ce4 ;
ticket : gQGi8DwAAAAAAAAAAS5odHRwOi8vd2VpeGluLnFxLmNvbS9xLzAyRUZORkFuOGU4YmYxMDAwME0wN3YAAgRUcuFaAwQAAAAA ;
from : oSI4Lj0PbpBtttwfUiU1SJIZO4VA ;
to : gh_0c02969f70a6 ;
time : 1524816049 ;
type : subscribe ;
scene : fc416f4b1aa398b6919de6a23aeb1ce4 ;

2018-04-27 16:00:53 trace :
------------
Array:
tousername : gh_0c02969f70a6 ;
fromusername : oSI4LjzKWg05mR3V-A3gEuIo0PYQ ;
createtime : 1524816053 ;
msgtype : event ;
event : subscribe ;
eventkey : qrscene_fc416f4b1aa398b6919de6a23aeb1ce4 ;
ticket : gQGi8DwAAAAAAAAAAS5odHRwOi8vd2VpeGluLnFxLmNvbS9xLzAyRUZORkFuOGU4YmYxMDAwME0wN3YAAgRUcuFaAwQAAAAA ;
from : oSI4LjzKWg05mR3V-A3gEuIo0PYQ ;
to : gh_0c02969f70a6 ;
time : 1524816053 ;
type : subscribe ;
scene : fc416f4b1aa398b6919de6a23aeb1ce4 ;

2018-04-27 16:01:03 trace :
------------
Array:
tousername : gh_0c02969f70a6 ;
fromusername : oSI4LjzKWg05mR3V-A3gEuIo0PYQ ;
createtime : 1524816063 ;
msgtype : event ;
event : VIEW ;
eventkey : http://zz.jhzh66.com/app/index.php?i=8&c=site&a=site&do=detail&id=2 ;
menuid : 425359163 ;
from : oSI4LjzKWg05mR3V-A3gEuIo0PYQ ;
to : gh_0c02969f70a6 ;
time : 1524816063 ;
type : event ;

2018-04-27 16:01:03 params :
------------
Array:
rule : -2 ;
module :  ;
message : Array ;

2018-04-27 16:01:03 response :
------------

2018-04-27 16:04:11 trace :
------------
Array:
tousername : gh_0c02969f70a6 ;
fromusername : oSI4Lj0PbpBtttwfUiU1SJIZO4VA ;
createtime : 1524816251 ;
msgtype : event ;
event : SCAN ;
eventkey : fc416f4b1aa398b6919de6a23aeb1ce4 ;
ticket : gQGi8DwAAAAAAAAAAS5odHRwOi8vd2VpeGluLnFxLmNvbS9xLzAyRUZORkFuOGU4YmYxMDAwME0wN3YAAgRUcuFaAwQAAAAA ;
from : oSI4Lj0PbpBtttwfUiU1SJIZO4VA ;
to : gh_0c02969f70a6 ;
time : 1524816251 ;
type : subscribe ;
scene : fc416f4b1aa398b6919de6a23aeb1ce4 ;

2018-04-27 16:04:17 trace :
------------
Array:
tousername : gh_0c02969f70a6 ;
fromusername : oSI4Lj0PbpBtttwfUiU1SJIZO4VA ;
createtime : 1524816257 ;
msgtype : event ;
event : VIEW ;
eventkey : http://zz.jhzh66.com/app/index.php?i=8&c=entry&eid=198 ;
menuid : 425359163 ;
from : oSI4Lj0PbpBtttwfUiU1SJIZO4VA ;
to : gh_0c02969f70a6 ;
time : 1524816257 ;
type : event ;

2018-04-27 16:04:17 params :
------------
Array:
rule : -2 ;
module :  ;
message : Array ;

2018-04-27 16:04:17 response :
------------

2018-04-27 16:04:46 trace :
------------
Array:
tousername : gh_0c02969f70a6 ;
fromusername : oSI4Lj0PbpBtttwfUiU1SJIZO4VA ;
createtime : 1524816286 ;
msgtype : event ;
event : VIEW ;
eventkey : http://zz.jhzh66.com/app/index.php?i=8&c=entry&eid=198 ;
menuid : 425359163 ;
from : oSI4Lj0PbpBtttwfUiU1SJIZO4VA ;
to : gh_0c02969f70a6 ;
time : 1524816286 ;
type : event ;

2018-04-27 16:04:46 params :
------------
Array:
rule : -2 ;
module :  ;
message : Array ;

2018-04-27 16:04:46 response :
------------

2018-04-27 16:06:19 trace :
------------
Array:
tousername : gh_0c02969f70a6 ;
fromusername : oSI4Lj0PbpBtttwfUiU1SJIZO4VA ;
createtime : 1524816378 ;
msgtype : event ;
event : VIEW ;
eventkey : http://zz.jhzh66.com/app/index.php?i=8&c=entry&eid=198 ;
menuid : 425359163 ;
from : oSI4Lj0PbpBtttwfUiU1SJIZO4VA ;
to : gh_0c02969f70a6 ;
time : 1524816378 ;
type : event ;

2018-04-27 16:06:19 params :
------------
Array:
rule : -2 ;
module :  ;
message : Array ;

2018-04-27 16:06:19 response :
------------

2018-04-27 16:06:59 trace :
------------
Array:
tousername : gh_0c02969f70a6 ;
fromusername : oSI4Lj0PbpBtttwfUiU1SJIZO4VA ;
createtime : 1524816419 ;
msgtype : event ;
event : VIEW ;
eventkey : http://zz.jhzh66.com/app/index.php?i=8&c=entry&eid=198 ;
menuid : 425359163 ;
from : oSI4Lj0PbpBtttwfUiU1SJIZO4VA ;
to : gh_0c02969f70a6 ;
time : 1524816419 ;
type : event ;

2018-04-27 16:06:59 params :
------------
Array:
rule : -2 ;
module :  ;
message : Array ;

2018-04-27 16:06:59 response :
------------

2018-04-27 16:22:11 trace :
------------
Array:
tousername : gh_0c02969f70a6 ;
fromusername : oSI4Lj3OnUeFuEY5uqtk6MQaTpYE ;
createtime : 1524817331 ;
msgtype : event ;
event : VIEW ;
eventkey : http://zz.jhzh66.com/app/index.php?i=8&c=entry&eid=194 ;
menuid : 425359163 ;
from : oSI4Lj3OnUeFuEY5uqtk6MQaTpYE ;
to : gh_0c02969f70a6 ;
time : 1524817331 ;
type : event ;

2018-04-27 16:22:11 params :
------------
Array:
rule : -2 ;
module :  ;
message : Array ;

2018-04-27 16:22:11 response :
------------

2018-04-27 16:22:41 trace :
------------
Array:
tousername : gh_0c02969f70a6 ;
fromusername : oSI4Lj2tjxTzjyiGKETvWueQUGdQ ;
createtime : 1524817361 ;
msgtype : event ;
event : subscribe ;
eventkey : qrscene_fc416f4b1aa398b6919de6a23aeb1ce4 ;
ticket : gQGi8DwAAAAAAAAAAS5odHRwOi8vd2VpeGluLnFxLmNvbS9xLzAyRUZORkFuOGU4YmYxMDAwME0wN3YAAgRUcuFaAwQAAAAA ;
from : oSI4Lj2tjxTzjyiGKETvWueQUGdQ ;
to : gh_0c02969f70a6 ;
time : 1524817361 ;
type : subscribe ;
scene : fc416f4b1aa398b6919de6a23aeb1ce4 ;

2018-04-27 16:22:42 trace :
------------
Array:
tousername : gh_0c02969f70a6 ;
fromusername : oSI4Lj3OnUeFuEY5uqtk6MQaTpYE ;
createtime : 1524817362 ;
msgtype : event ;
event : CLICK ;
eventkey : 关注 ;
from : oSI4Lj3OnUeFuEY5uqtk6MQaTpYE ;
to : gh_0c02969f70a6 ;
time : 1524817362 ;
type : event ;

2018-04-27 16:28:24 trace :
------------
Array:
tousername : gh_0c02969f70a6 ;
fromusername : oSI4Lj7tPluPXniDzUDwfoehIcPA ;
createtime : 1524817704 ;
msgtype : event ;
event : SCAN ;
eventkey : fc416f4b1aa398b6919de6a23aeb1ce4 ;
ticket : gQGi8DwAAAAAAAAAAS5odHRwOi8vd2VpeGluLnFxLmNvbS9xLzAyRUZORkFuOGU4YmYxMDAwME0wN3YAAgRUcuFaAwQAAAAA ;
from : oSI4Lj7tPluPXniDzUDwfoehIcPA ;
to : gh_0c02969f70a6 ;
time : 1524817704 ;
type : subscribe ;
scene : fc416f4b1aa398b6919de6a23aeb1ce4 ;

2018-04-27 16:28:44 trace :
------------
Array:
tousername : gh_0c02969f70a6 ;
fromusername : oSI4LjzGDzCztrhCP10C7-4flpE4 ;
createtime : 1524817724 ;
msgtype : event ;
event : VIEW ;
eventkey : http://www.haolangtech.com/index.php/addon/HotActivity/HotActivity/leagueindex/id/1.html?from=groupmessage&isappinstalled=0 ;
menuid : 425359163 ;
from : oSI4LjzGDzCztrhCP10C7-4flpE4 ;
to : gh_0c02969f70a6 ;
time : 1524817724 ;
type : event ;

2018-04-27 16:28:44 params :
------------
Array:
rule : -2 ;
module :  ;
message : Array ;

2018-04-27 16:28:44 response :
------------

2018-04-27 16:28:58 trace :
------------
Array:
tousername : gh_0c02969f70a6 ;
fromusername : oSI4Lj7tPluPXniDzUDwfoehIcPA ;
createtime : 1524817738 ;
msgtype : event ;
event : VIEW ;
eventkey : http://zz.jhzh66.com/app/index.php?i=8&c=entry&eid=194 ;
menuid : 425359163 ;
from : oSI4Lj7tPluPXniDzUDwfoehIcPA ;
to : gh_0c02969f70a6 ;
time : 1524817738 ;
type : event ;

2018-04-27 16:28:58 params :
------------
Array:
rule : -2 ;
module :  ;
message : Array ;

2018-04-27 16:28:58 response :
------------

2018-04-27 16:29:40 trace :
------------
Array:
tousername : gh_0c02969f70a6 ;
fromusername : oSI4LjzGDzCztrhCP10C7-4flpE4 ;
createtime : 1524817780 ;
msgtype : event ;
event : VIEW ;
eventkey : http://zz.jhzh66.com/app/index.php?i=8&c=entry&eid=198 ;
menuid : 425359163 ;
from : oSI4LjzGDzCztrhCP10C7-4flpE4 ;
to : gh_0c02969f70a6 ;
time : 1524817780 ;
type : event ;

2018-04-27 16:29:40 params :
------------
Array:
rule : -2 ;
module :  ;
message : Array ;

2018-04-27 16:29:40 response :
------------

2018-04-27 17:18:53 trace :
------------
Array:
tousername : gh_0c02969f70a6 ;
fromusername : oSI4Lj97Jm2kdczJ4OHYMLb017pk ;
createtime : 1524820733 ;
msgtype : event ;
event : VIEW ;
eventkey : http://zz.jhzh66.com/app/index.php?i=8&c=entry&eid=194 ;
menuid : 425359163 ;
from : oSI4Lj97Jm2kdczJ4OHYMLb017pk ;
to : gh_0c02969f70a6 ;
time : 1524820733 ;
type : event ;

2018-04-27 17:18:53 params :
------------
Array:
rule : -2 ;
module :  ;
message : Array ;

2018-04-27 17:18:53 response :
------------

2018-04-27 17:26:34 trace :
------------
Array:
tousername : gh_0c02969f70a6 ;
fromusername : oSI4Lj3OnUeFuEY5uqtk6MQaTpYE ;
createtime : 1524821194 ;
msgtype : event ;
event : SCAN ;
eventkey : 5944950a1c4aae2d9e9be872f52d1da9 ;
ticket : gQHO8TwAAAAAAAAAAS5odHRwOi8vd2VpeGluLnFxLmNvbS9xLzAyd1JXUUJEOGU4YmYxMDAwMHcwN0oAAgTnlNlaAwQAAAAA ;
from : oSI4Lj3OnUeFuEY5uqtk6MQaTpYE ;
to : gh_0c02969f70a6 ;
time : 1524821194 ;
type : subscribe ;
scene : 5944950a1c4aae2d9e9be872f52d1da9 ;

2018-04-27 17:35:40 trace :
------------
Array:
tousername : gh_0c02969f70a6 ;
fromusername : oSI4LjzGDzCztrhCP10C7-4flpE4 ;
createtime : 1524821740 ;
msgtype : event ;
event : CLICK ;
eventkey : 介绍 ;
from : oSI4LjzGDzCztrhCP10C7-4flpE4 ;
to : gh_0c02969f70a6 ;
time : 1524821740 ;
type : event ;

2018-04-27 17:35:40 params :
------------
Array:
message : Array ;
module : basic ;
rule : 1013 ;
priority : 0 ;
keyword : Array ;

2018-04-27 17:35:40 response :
------------
Array:
FromUserName : gh_0c02969f70a6 ;
ToUserName : oSI4LjzGDzCztrhCP10C7-4flpE4 ;
MsgType : text ;
Content : https://u.eqxiu.com/s/6szkjdIq   易货联盟平台介绍

https://h.eqxiu.com/s/U4YBmmJj   代理商收益介绍 ;

2018-04-27 17:36:05 trace :
------------
Array:
tousername : gh_0c02969f70a6 ;
fromusername : oSI4LjzGDzCztrhCP10C7-4flpE4 ;
createtime : 1524821765 ;
msgtype : event ;
event : VIEW ;
eventkey : http://zz.jhzh66.com/app/index.php?i=8&c=entry&eid=194 ;
menuid : 425359163 ;
from : oSI4LjzGDzCztrhCP10C7-4flpE4 ;
to : gh_0c02969f70a6 ;
time : 1524821765 ;
type : event ;

2018-04-27 17:36:05 params :
------------
Array:
rule : -2 ;
module :  ;
message : Array ;

2018-04-27 17:36:05 response :
------------

2018-04-27 17:42:09 trace :
------------
Array:
tousername : gh_0c02969f70a6 ;
fromusername : oSI4Lj_Q7H5JmWnMym7V9URk2l2Q ;
createtime : 1524822129 ;
msgtype : event ;
event : subscribe ;
eventkey : qrscene_fc416f4b1aa398b6919de6a23aeb1ce4 ;
ticket : gQGi8DwAAAAAAAAAAS5odHRwOi8vd2VpeGluLnFxLmNvbS9xLzAyRUZORkFuOGU4YmYxMDAwME0wN3YAAgRUcuFaAwQAAAAA ;
from : oSI4Lj_Q7H5JmWnMym7V9URk2l2Q ;
to : gh_0c02969f70a6 ;
time : 1524822129 ;
type : subscribe ;
scene : fc416f4b1aa398b6919de6a23aeb1ce4 ;

2018-04-27 18:01:12 trace :
------------
Array:
tousername : gh_0c02969f70a6 ;
fromusername : oSI4Lj0cfF5iIcE-O8Vf9qYYrAxg ;
createtime : 1524823272 ;
msgtype : event ;
event : VIEW ;
eventkey : http://zz.jhzh66.com/app/index.php?i=8&c=entry&eid=198 ;
menuid : 425359163 ;
from : oSI4Lj0cfF5iIcE-O8Vf9qYYrAxg ;
to : gh_0c02969f70a6 ;
time : 1524823272 ;
type : event ;

2018-04-27 18:01:12 params :
------------
Array:
rule : -2 ;
module :  ;
message : Array ;

2018-04-27 18:01:12 response :
------------

2018-04-27 18:01:57 trace :
------------
Array:
tousername : gh_0c02969f70a6 ;
fromusername : oSI4Lj0PbpBtttwfUiU1SJIZO4VA ;
createtime : 1524823317 ;
msgtype : event ;
event : VIEW ;
eventkey : http://zz.jhzh66.com/app/index.php?i=8&c=entry&eid=198 ;
menuid : 425359163 ;
from : oSI4Lj0PbpBtttwfUiU1SJIZO4VA ;
to : gh_0c02969f70a6 ;
time : 1524823317 ;
type : event ;

2018-04-27 18:01:57 params :
------------
Array:
rule : -2 ;
module :  ;
message : Array ;

2018-04-27 18:01:57 response :
------------

2018-04-27 18:10:03 trace :
------------
Array:
tousername : gh_0c02969f70a6 ;
fromusername : oSI4Lj0cfF5iIcE-O8Vf9qYYrAxg ;
createtime : 1524823803 ;
msgtype : event ;
event : VIEW ;
eventkey : http://www.haolangtech.com/index.php?s=/Home/New/crowdfundingindex/id/22.html ;
menuid : 425359163 ;
from : oSI4Lj0cfF5iIcE-O8Vf9qYYrAxg ;
to : gh_0c02969f70a6 ;
time : 1524823803 ;
type : event ;

2018-04-27 18:10:03 params :
------------
Array:
rule : -2 ;
module :  ;
message : Array ;

2018-04-27 18:10:03 response :
------------

2018-04-27 18:10:38 trace :
------------
Array:
tousername : gh_0c02969f70a6 ;
fromusername : oSI4Lj0PbpBtttwfUiU1SJIZO4VA ;
createtime : 1524823838 ;
msgtype : event ;
event : VIEW ;
eventkey : http://zz.jhzh66.com/app/index.php?i=8&c=entry&eid=198 ;
menuid : 425359163 ;
from : oSI4Lj0PbpBtttwfUiU1SJIZO4VA ;
to : gh_0c02969f70a6 ;
time : 1524823838 ;
type : event ;

2018-04-27 18:10:38 params :
------------
Array:
rule : -2 ;
module :  ;
message : Array ;

2018-04-27 18:10:38 response :
------------

2018-04-27 18:11:22 trace :
------------
Array:
tousername : gh_0c02969f70a6 ;
fromusername : oSI4LjzGDzCztrhCP10C7-4flpE4 ;
createtime : 1524823882 ;
msgtype : event ;
event : VIEW ;
eventkey : http://zz.jhzh66.com/app/index.php?i=8&c=entry&eid=198 ;
menuid : 425359163 ;
from : oSI4LjzGDzCztrhCP10C7-4flpE4 ;
to : gh_0c02969f70a6 ;
time : 1524823882 ;
type : event ;

2018-04-27 18:11:22 params :
------------
Array:
rule : -2 ;
module :  ;
message : Array ;

2018-04-27 18:11:22 response :
------------

2018-04-27 18:32:52 trace :
------------
Array:
tousername : gh_0c02969f70a6 ;
fromusername : oSI4Lj0KBMAnzxYmGRXoS-R173sE ;
createtime : 1524825172 ;
msgtype : event ;
event : CLICK ;
eventkey : 关注 ;
from : oSI4Lj0KBMAnzxYmGRXoS-R173sE ;
to : gh_0c02969f70a6 ;
time : 1524825172 ;
type : event ;

2018-04-27 18:33:00 trace :
------------
Array:
tousername : gh_0c02969f70a6 ;
fromusername : oSI4Lj0KBMAnzxYmGRXoS-R173sE ;
createtime : 1524825180 ;
msgtype : event ;
event : CLICK ;
eventkey : 关注 ;
from : oSI4Lj0KBMAnzxYmGRXoS-R173sE ;
to : gh_0c02969f70a6 ;
time : 1524825180 ;
type : event ;

2018-04-27 18:33:05 trace :
------------
Array:
tousername : gh_0c02969f70a6 ;
fromusername : oSI4Lj0KBMAnzxYmGRXoS-R173sE ;
createtime : 1524825184 ;
msgtype : event ;
event : CLICK ;
eventkey : 关注 ;
from : oSI4Lj0KBMAnzxYmGRXoS-R173sE ;
to : gh_0c02969f70a6 ;
time : 1524825184 ;
type : event ;

2018-04-27 18:33:17 trace :
------------
Array:
tousername : gh_0c02969f70a6 ;
fromusername : oSI4Lj0KBMAnzxYmGRXoS-R173sE ;
createtime : 1524825197 ;
msgtype : event ;
event : CLICK ;
eventkey : 关注 ;
from : oSI4Lj0KBMAnzxYmGRXoS-R173sE ;
to : gh_0c02969f70a6 ;
time : 1524825197 ;
type : event ;

2018-04-27 18:33:20 trace :
------------
Array:
tousername : gh_0c02969f70a6 ;
fromusername : oSI4Lj0KBMAnzxYmGRXoS-R173sE ;
createtime : 1524825200 ;
msgtype : event ;
event : CLICK ;
eventkey : 关注 ;
from : oSI4Lj0KBMAnzxYmGRXoS-R173sE ;
to : gh_0c02969f70a6 ;
time : 1524825200 ;
type : event ;

2018-04-27 18:33:22 trace :
------------
Array:
tousername : gh_0c02969f70a6 ;
fromusername : oSI4Lj0KBMAnzxYmGRXoS-R173sE ;
createtime : 1524825202 ;
msgtype : event ;
event : CLICK ;
eventkey : 关注 ;
from : oSI4Lj0KBMAnzxYmGRXoS-R173sE ;
to : gh_0c02969f70a6 ;
time : 1524825202 ;
type : event ;

2018-04-27 18:33:44 trace :
------------
Array:
tousername : gh_0c02969f70a6 ;
fromusername : oSI4LjwwNrLrXN1sP6_bqmvTvFx0 ;
createtime : 1524825224 ;
msgtype : event ;
event : subscribe ;
eventkey : qrscene_ae799c6e5b317258592ee2343ff3135a ;
ticket : gQHn8DwAAAAAAAAAAS5odHRwOi8vd2VpeGluLnFxLmNvbS9xLzAyanNaWUI0OGU4YmYxMDAwMGcwN1MAAgRV-OJaAwQAAAAA ;
from : oSI4LjwwNrLrXN1sP6_bqmvTvFx0 ;
to : gh_0c02969f70a6 ;
time : 1524825224 ;
type : subscribe ;
scene : ae799c6e5b317258592ee2343ff3135a ;

2018-04-27 18:34:02 trace :
------------
Array:
tousername : gh_0c02969f70a6 ;
fromusername : oSI4LjwwNrLrXN1sP6_bqmvTvFx0 ;
createtime : 1524825241 ;
msgtype : event ;
event : VIEW ;
eventkey : https://m.qlchat.com/live/320000044317761.htm ;
menuid : 425359163 ;
from : oSI4LjwwNrLrXN1sP6_bqmvTvFx0 ;
to : gh_0c02969f70a6 ;
time : 1524825241 ;
type : event ;

2018-04-27 18:34:02 params :
------------
Array:
rule : -2 ;
module :  ;
message : Array ;

2018-04-27 18:34:02 response :
------------

2018-04-27 18:34:51 trace :
------------
Array:
tousername : gh_0c02969f70a6 ;
fromusername : oSI4LjxMKL3VOxfVIgiWDPhkPkoc ;
createtime : 1524825291 ;
msgtype : event ;
event : subscribe ;
eventkey : qrscene_ae799c6e5b317258592ee2343ff3135a ;
ticket : gQHn8DwAAAAAAAAAAS5odHRwOi8vd2VpeGluLnFxLmNvbS9xLzAyanNaWUI0OGU4YmYxMDAwMGcwN1MAAgRV-OJaAwQAAAAA ;
from : oSI4LjxMKL3VOxfVIgiWDPhkPkoc ;
to : gh_0c02969f70a6 ;
time : 1524825291 ;
type : subscribe ;
scene : ae799c6e5b317258592ee2343ff3135a ;

2018-04-27 18:45:11 trace :
------------
Array:
tousername : gh_0c02969f70a6 ;
fromusername : oSI4LjyHUqsKQ2U6jJYcy4lCjBVA ;
createtime : 1524825911 ;
msgtype : event ;
event : VIEW ;
eventkey : http://zz.jhzh66.com/app/index.php?i=8&c=entry&eid=194 ;
menuid : 425359163 ;
from : oSI4LjyHUqsKQ2U6jJYcy4lCjBVA ;
to : gh_0c02969f70a6 ;
time : 1524825911 ;
type : event ;

2018-04-27 18:45:11 params :
------------
Array:
rule : -2 ;
module :  ;
message : Array ;

2018-04-27 18:45:11 response :
------------

2018-04-27 19:54:28 trace :
------------
Array:
tousername : gh_0c02969f70a6 ;
fromusername : oSI4Lj2fe7xsKYLE2-mS2fxQhRWo ;
createtime : 1524830068 ;
msgtype : event ;
event : VIEW ;
eventkey : http://zz.jhzh66.com/app/index.php?i=8&c=entry&eid=194 ;
menuid : 425359163 ;
from : oSI4Lj2fe7xsKYLE2-mS2fxQhRWo ;
to : gh_0c02969f70a6 ;
time : 1524830068 ;
type : event ;

2018-04-27 19:54:28 params :
------------
Array:
rule : -2 ;
module :  ;
message : Array ;

2018-04-27 19:54:28 response :
------------

2018-04-27 20:08:59 trace :
------------
Array:
tousername : gh_0c02969f70a6 ;
fromusername : oSI4Lj97Jm2kdczJ4OHYMLb017pk ;
createtime : 1524830939 ;
msgtype : event ;
event : VIEW ;
eventkey : http://zz.jhzh66.com/app/index.php?i=8&c=entry&eid=194 ;
menuid : 425359163 ;
from : oSI4Lj97Jm2kdczJ4OHYMLb017pk ;
to : gh_0c02969f70a6 ;
time : 1524830939 ;
type : event ;

2018-04-27 20:08:59 params :
------------
Array:
rule : -2 ;
module :  ;
message : Array ;

2018-04-27 20:08:59 response :
------------

2018-04-27 20:18:22 trace :
------------
Array:
tousername : gh_0c02969f70a6 ;
fromusername : oSI4Lj97Jm2kdczJ4OHYMLb017pk ;
createtime : 1524831502 ;
msgtype : event ;
event : VIEW ;
eventkey : http://zz.jhzh66.com/app/index.php?i=8&c=entry&eid=194 ;
menuid : 425359163 ;
from : oSI4Lj97Jm2kdczJ4OHYMLb017pk ;
to : gh_0c02969f70a6 ;
time : 1524831502 ;
type : event ;

2018-04-27 20:18:22 params :
------------
Array:
rule : -2 ;
module :  ;
message : Array ;

2018-04-27 20:18:22 response :
------------

2018-04-27 20:29:49 trace :
------------
Array:
tousername : gh_0c02969f70a6 ;
fromusername : oSI4Lj97Jm2kdczJ4OHYMLb017pk ;
createtime : 1524832189 ;
msgtype : event ;
event : VIEW ;
eventkey : http://zz.jhzh66.com/app/index.php?i=8&c=entry&eid=194 ;
menuid : 425359163 ;
from : oSI4Lj97Jm2kdczJ4OHYMLb017pk ;
to : gh_0c02969f70a6 ;
time : 1524832189 ;
type : event ;

2018-04-27 20:29:49 params :
------------
Array:
rule : -2 ;
module :  ;
message : Array ;

2018-04-27 20:29:49 response :
------------

2018-04-27 21:18:40 trace :
------------
Array:
tousername : gh_0c02969f70a6 ;
fromusername : oSI4Lj1z7aJCDVR_bsyQIBnUAp4E ;
createtime : 1524835120 ;
msgtype : event ;
event : VIEW ;
eventkey : http://zz.jhzh66.com/app/index.php?i=8&c=entry&eid=194 ;
menuid : 425359163 ;
from : oSI4Lj1z7aJCDVR_bsyQIBnUAp4E ;
to : gh_0c02969f70a6 ;
time : 1524835120 ;
type : event ;

2018-04-27 21:18:40 params :
------------
Array:
rule : -2 ;
module :  ;
message : Array ;

2018-04-27 21:18:40 response :
------------

2018-04-27 21:19:38 trace :
------------
Array:
tousername : gh_0c02969f70a6 ;
fromusername : oSI4Lj8mKAVn5ULpc_KvnZcJgkaA ;
createtime : 1524835178 ;
msgtype : event ;
event : CLICK ;
eventkey : 介绍 ;
from : oSI4Lj8mKAVn5ULpc_KvnZcJgkaA ;
to : gh_0c02969f70a6 ;
time : 1524835178 ;
type : event ;

2018-04-27 21:19:38 params :
------------
Array:
message : Array ;
module : basic ;
rule : 1013 ;
priority : 0 ;
keyword : Array ;

2018-04-27 21:19:38 response :
------------
Array:
FromUserName : gh_0c02969f70a6 ;
ToUserName : oSI4Lj8mKAVn5ULpc_KvnZcJgkaA ;
MsgType : text ;
Content : https://u.eqxiu.com/s/6szkjdIq   易货联盟平台介绍

https://h.eqxiu.com/s/U4YBmmJj   代理商收益介绍 ;

2018-04-27 21:19:40 trace :
------------
Array:
tousername : gh_0c02969f70a6 ;
fromusername : oSI4Lj8mKAVn5ULpc_KvnZcJgkaA ;
createtime : 1524835180 ;
msgtype : event ;
event : VIEW ;
eventkey : http://zz.jhzh66.com/app/index.php?i=8&c=entry&eid=194 ;
menuid : 425359163 ;
from : oSI4Lj8mKAVn5ULpc_KvnZcJgkaA ;
to : gh_0c02969f70a6 ;
time : 1524835180 ;
type : event ;

2018-04-27 21:19:40 params :
------------
Array:
rule : -2 ;
module :  ;
message : Array ;

2018-04-27 21:19:40 response :
------------

2018-04-27 21:52:20 trace :
------------
Array:
tousername : gh_0c02969f70a6 ;
fromusername : oSI4LjzGDzCztrhCP10C7-4flpE4 ;
createtime : 1524837140 ;
msgtype : event ;
event : CLICK ;
eventkey : 介绍 ;
from : oSI4LjzGDzCztrhCP10C7-4flpE4 ;
to : gh_0c02969f70a6 ;
time : 1524837140 ;
type : event ;

2018-04-27 21:52:20 params :
------------
Array:
message : Array ;
module : basic ;
rule : 1013 ;
priority : 0 ;
keyword : Array ;

2018-04-27 21:52:20 response :
------------
Array:
FromUserName : gh_0c02969f70a6 ;
ToUserName : oSI4LjzGDzCztrhCP10C7-4flpE4 ;
MsgType : text ;
Content : https://u.eqxiu.com/s/6szkjdIq   易货联盟平台介绍

https://h.eqxiu.com/s/U4YBmmJj   代理商收益介绍 ;

2018-04-27 22:13:15 trace :
------------
Array:
tousername : gh_0c02969f70a6 ;
fromusername : oSI4Lj6sQsdYwJWHW_i77oV3yukQ ;
createtime : 1524838394 ;
msgtype : event ;
event : VIEW ;
eventkey : https://m.qlchat.com/live/320000044317761.htm ;
menuid : 425359163 ;
from : oSI4Lj6sQsdYwJWHW_i77oV3yukQ ;
to : gh_0c02969f70a6 ;
time : 1524838394 ;
type : event ;

2018-04-27 22:13:15 params :
------------
Array:
rule : -2 ;
module :  ;
message : Array ;

2018-04-27 22:13:15 response :
------------

2018-04-27 22:13:19 trace :
------------
Array:
tousername : gh_0c02969f70a6 ;
fromusername : oSI4Lj6sQsdYwJWHW_i77oV3yukQ ;
createtime : 1524838399 ;
msgtype : event ;
event : VIEW ;
eventkey : http://zz.jhzh66.com/app/index.php?i=8&c=entry&eid=198 ;
menuid : 425359163 ;
from : oSI4Lj6sQsdYwJWHW_i77oV3yukQ ;
to : gh_0c02969f70a6 ;
time : 1524838399 ;
type : event ;

2018-04-27 22:13:19 params :
------------
Array:
rule : -2 ;
module :  ;
message : Array ;

2018-04-27 22:13:19 response :
------------

2018-04-27 23:10:08 trace :
------------
Array:
tousername : gh_0c02969f70a6 ;
fromusername : oSI4Lj_U2YD63fVb4hW2UvKEqLjY ;
createtime : 1524841808 ;
msgtype : event ;
event : SCAN ;
eventkey : fc416f4b1aa398b6919de6a23aeb1ce4 ;
ticket : gQGi8DwAAAAAAAAAAS5odHRwOi8vd2VpeGluLnFxLmNvbS9xLzAyRUZORkFuOGU4YmYxMDAwME0wN3YAAgRUcuFaAwQAAAAA ;
from : oSI4Lj_U2YD63fVb4hW2UvKEqLjY ;
to : gh_0c02969f70a6 ;
time : 1524841808 ;
type : subscribe ;
scene : fc416f4b1aa398b6919de6a23aeb1ce4 ;

2018-04-27 23:17:56 trace :
------------
Array:
tousername : gh_0c02969f70a6 ;
fromusername : oSI4Ljw6LmvpxVZR_s8o_vvyk9b4 ;
createtime : 1524842276 ;
msgtype : event ;
event : VIEW ;
eventkey : http://zz.jhzh66.com/app/index.php?i=8&c=entry&eid=194 ;
menuid : 425359163 ;
from : oSI4Ljw6LmvpxVZR_s8o_vvyk9b4 ;
to : gh_0c02969f70a6 ;
time : 1524842276 ;
type : event ;

2018-04-27 23:17:56 params :
------------
Array:
rule : -2 ;
module :  ;
message : Array ;

2018-04-27 23:17:56 response :
------------

2018-04-27 23:18:30 trace :
------------
Array:
tousername : gh_0c02969f70a6 ;
fromusername : oSI4Ljw6LmvpxVZR_s8o_vvyk9b4 ;
createtime : 1524842310 ;
msgtype : event ;
event : VIEW ;
eventkey : http://zz.jhzh66.com/app/index.php?i=8&c=entry&eid=194 ;
menuid : 425359163 ;
from : oSI4Ljw6LmvpxVZR_s8o_vvyk9b4 ;
to : gh_0c02969f70a6 ;
time : 1524842310 ;
type : event ;

2018-04-27 23:18:30 params :
------------
Array:
rule : -2 ;
module :  ;
message : Array ;

2018-04-27 23:18:30 response :
------------

2018-04-27 23:20:18 trace :
------------
Array:
tousername : gh_0c02969f70a6 ;
fromusername : oSI4Ljw6LmvpxVZR_s8o_vvyk9b4 ;
createtime : 1524842418 ;
msgtype : event ;
event : VIEW ;
eventkey : http://zz.jhzh66.com/app/index.php?i=8&c=entry&eid=194 ;
menuid : 425359163 ;
from : oSI4Ljw6LmvpxVZR_s8o_vvyk9b4 ;
to : gh_0c02969f70a6 ;
time : 1524842418 ;
type : event ;

2018-04-27 23:20:18 params :
------------
Array:
rule : -2 ;
module :  ;
message : Array ;

2018-04-27 23:20:18 response :
------------

2018-04-27 23:33:33 trace :
------------
Array:
tousername : gh_0c02969f70a6 ;
fromusername : oSI4Lj0PbpBtttwfUiU1SJIZO4VA ;
createtime : 1524843213 ;
msgtype : event ;
event : VIEW ;
eventkey : http://zz.jhzh66.com/app/index.php?i=8&c=entry&eid=198 ;
menuid : 425359163 ;
from : oSI4Lj0PbpBtttwfUiU1SJIZO4VA ;
to : gh_0c02969f70a6 ;
time : 1524843213 ;
type : event ;

2018-04-27 23:33:33 params :
------------
Array:
rule : -2 ;
module :  ;
message : Array ;

2018-04-27 23:33:33 response :
------------

2018-04-27 23:36:53 trace :
------------
Array:
tousername : gh_0c02969f70a6 ;
fromusername : oSI4LjzGDzCztrhCP10C7-4flpE4 ;
createtime : 1524843413 ;
msgtype : event ;
event : VIEW ;
eventkey : http://zz.jhzh66.com/app/index.php?i=8&c=entry&eid=198 ;
menuid : 425359163 ;
from : oSI4LjzGDzCztrhCP10C7-4flpE4 ;
to : gh_0c02969f70a6 ;
time : 1524843413 ;
type : event ;

2018-04-27 23:36:53 params :
------------
Array:
rule : -2 ;
module :  ;
message : Array ;

2018-04-27 23:36:53 response :
------------

