2018-04-25 00:45:58 trace :
------------
Array:
tousername : gh_0c02969f70a6 ;
fromusername : oSI4Lj_eOonc-qUnvMdZRmqkNp5E ;
createtime : 1524588358 ;
msgtype : event ;
event : subscribe ;
eventkey : qrscene_5141e420449e42c7df87975ef87074b6 ;
ticket : gQHp8TwAAAAAAAAAAS5odHRwOi8vd2VpeGluLnFxLmNvbS9xLzAyZjNCWkJmOGU4YmYxMDAwMDAwN2oAAgTj86RaAwQAAAAA ;
from : oSI4Lj_eOonc-qUnvMdZRmqkNp5E ;
to : gh_0c02969f70a6 ;
time : 1524588358 ;
type : subscribe ;
scene : 5141e420449e42c7df87975ef87074b6 ;

2018-04-25 00:46:10 trace :
------------
Array:
tousername : gh_0c02969f70a6 ;
fromusername : oSI4Lj_eOonc-qUnvMdZRmqkNp5E ;
createtime : 1524588370 ;
msgtype : event ;
event : VIEW ;
eventkey : http://zz.jhzh66.com/app/index.php?i=8&c=entry&eid=194 ;
menuid : 425225551 ;
from : oSI4Lj_eOonc-qUnvMdZRmqkNp5E ;
to : gh_0c02969f70a6 ;
time : 1524588370 ;
type : event ;

2018-04-25 00:46:10 params :
------------
Array:
rule : -2 ;
module :  ;
message : Array ;

2018-04-25 00:46:10 response :
------------

2018-04-25 00:52:48 trace :
------------
Array:
tousername : gh_0c02969f70a6 ;
fromusername : oSI4Lj_eOonc-qUnvMdZRmqkNp5E ;
createtime : 1524588768 ;
msgtype : event ;
event : VIEW ;
eventkey : http://zz.jhzh66.com/app/index.php?i=8&c=entry&eid=194 ;
menuid : 425225551 ;
from : oSI4Lj_eOonc-qUnvMdZRmqkNp5E ;
to : gh_0c02969f70a6 ;
time : 1524588768 ;
type : event ;

2018-04-25 00:52:48 params :
------------
Array:
rule : -2 ;
module :  ;
message : Array ;

2018-04-25 00:52:48 response :
------------

2018-04-25 06:40:47 trace :
------------
Array:
tousername : gh_0c02969f70a6 ;
fromusername : oSI4LjzpxpH0cEqR6ODnmuVSciCs ;
createtime : 1524609646 ;
msgtype : event ;
event : VIEW ;
eventkey : http://zz.jhzh66.com/app/index.php?i=8&c=entry&eid=194 ;
menuid : 425225551 ;
from : oSI4LjzpxpH0cEqR6ODnmuVSciCs ;
to : gh_0c02969f70a6 ;
time : 1524609646 ;
type : event ;

2018-04-25 06:40:47 params :
------------
Array:
rule : -2 ;
module :  ;
message : Array ;

2018-04-25 06:40:47 response :
------------

2018-04-25 07:04:36 trace :
------------
Array:
tousername : gh_0c02969f70a6 ;
fromusername : oSI4Lj8oAPTmAX2uQ7KkulZPMvEk ;
createtime : 1524611076 ;
msgtype : event ;
event : VIEW ;
eventkey : http://zz.jhzh66.com/app/index.php?i=8&c=entry&eid=198 ;
menuid : 425225551 ;
from : oSI4Lj8oAPTmAX2uQ7KkulZPMvEk ;
to : gh_0c02969f70a6 ;
time : 1524611076 ;
type : event ;

2018-04-25 07:04:36 params :
------------
Array:
rule : -2 ;
module :  ;
message : Array ;

2018-04-25 07:04:36 response :
------------

2018-04-25 07:17:03 trace :
------------
Array:
tousername : gh_0c02969f70a6 ;
fromusername : oSI4Lj4TlnVNVi0aIE9fziravteU ;
createtime : 1524611823 ;
msgtype : event ;
event : VIEW ;
eventkey : http://zz.jhzh66.com/app/index.php?i=8&c=entry&eid=194 ;
menuid : 425225551 ;
from : oSI4Lj4TlnVNVi0aIE9fziravteU ;
to : gh_0c02969f70a6 ;
time : 1524611823 ;
type : event ;

2018-04-25 07:17:03 params :
------------
Array:
rule : -2 ;
module :  ;
message : Array ;

2018-04-25 07:17:03 response :
------------

2018-04-25 07:17:34 trace :
------------
Array:
tousername : gh_0c02969f70a6 ;
fromusername : oSI4Lj4TlnVNVi0aIE9fziravteU ;
createtime : 1524611854 ;
msgtype : event ;
event : VIEW ;
eventkey : http://wxsdtkyq7kozrh.b.qun.hk/l/nFVgFpSG ;
menuid : 425225551 ;
from : oSI4Lj4TlnVNVi0aIE9fziravteU ;
to : gh_0c02969f70a6 ;
time : 1524611854 ;
type : event ;

2018-04-25 07:17:34 params :
------------
Array:
rule : -2 ;
module :  ;
message : Array ;

2018-04-25 07:17:34 response :
------------

2018-04-25 08:53:20 trace :
------------
Array:
tousername : gh_0c02969f70a6 ;
fromusername : oSI4LjzpxpH0cEqR6ODnmuVSciCs ;
createtime : 1524617599 ;
msgtype : text ;
content : 咱们平台是一潭死水，没有交易量，应该让这一潭水活起来，象秒盟易货那样，每天成交量惊人，每天都几十万以上成交量，那些大股东首先在平台不断的大批量购物，有码的商家才经常大买特买 ;
msgid : 6548182727036371051 ;
from : oSI4LjzpxpH0cEqR6ODnmuVSciCs ;
to : gh_0c02969f70a6 ;
time : 1524617599 ;
type : text ;
event :  ;
redirection :  ;
source :  ;

2018-04-25 08:53:20 params :
------------
Array:
rule : -2 ;
module :  ;
message : Array ;

2018-04-25 08:53:20 response :
------------

2018-04-25 08:53:32 trace :
------------
Array:
tousername : gh_0c02969f70a6 ;
fromusername : oSI4Lj2VTimHJhoknnYk7bBF0Zlc ;
createtime : 1524617612 ;
msgtype : event ;
event : VIEW ;
eventkey : http://zz.jhzh66.com/app/index.php?i=8&c=entry&eid=194 ;
menuid : 425225551 ;
from : oSI4Lj2VTimHJhoknnYk7bBF0Zlc ;
to : gh_0c02969f70a6 ;
time : 1524617612 ;
type : event ;

2018-04-25 08:53:32 params :
------------
Array:
rule : -2 ;
module :  ;
message : Array ;

2018-04-25 08:53:32 response :
------------

2018-04-25 08:55:11 trace :
------------
Array:
tousername : gh_0c02969f70a6 ;
fromusername : oSI4LjzpxpH0cEqR6ODnmuVSciCs ;
createtime : 1524617711 ;
msgtype : text ;
content : 比如我的书画卖了，就有币了，必然会在平台购物，所购物的商家有码了，也在购物，一潭水就活了 ;
msgid : 6548183208072708222 ;
from : oSI4LjzpxpH0cEqR6ODnmuVSciCs ;
to : gh_0c02969f70a6 ;
time : 1524617711 ;
type : text ;
event :  ;
redirection :  ;
source :  ;

2018-04-25 08:55:11 params :
------------
Array:
rule : -2 ;
module :  ;
message : Array ;

2018-04-25 08:55:11 response :
------------

2018-04-25 08:55:49 trace :
------------
Array:
tousername : gh_0c02969f70a6 ;
fromusername : oSI4LjzpxpH0cEqR6ODnmuVSciCs ;
createtime : 1524617749 ;
msgtype : event ;
event : VIEW ;
eventkey : http://zz.jhzh66.com/app/index.php?i=8&c=site&a=site&do=detail&id=2 ;
menuid : 425225551 ;
from : oSI4LjzpxpH0cEqR6ODnmuVSciCs ;
to : gh_0c02969f70a6 ;
time : 1524617749 ;
type : event ;

2018-04-25 08:55:49 params :
------------
Array:
rule : -2 ;
module :  ;
message : Array ;

2018-04-25 08:55:49 response :
------------

2018-04-25 09:02:43 trace :
------------
Array:
tousername : gh_0c02969f70a6 ;
fromusername : oSI4Lj2neVUxS2vwrYHPayeCJwcs ;
createtime : 1524618163 ;
msgtype : event ;
event : VIEW ;
eventkey : http://zz.jhzh66.com/app/index.php?i=8&c=entry&eid=194 ;
menuid : 425225551 ;
from : oSI4Lj2neVUxS2vwrYHPayeCJwcs ;
to : gh_0c02969f70a6 ;
time : 1524618163 ;
type : event ;

2018-04-25 09:02:43 params :
------------
Array:
rule : -2 ;
module :  ;
message : Array ;

2018-04-25 09:02:43 response :
------------

2018-04-25 09:34:26 trace :
------------
Array:
tousername : gh_0c02969f70a6 ;
fromusername : oSI4Lj4D4s1OS7Tx2J5YcCVk40og ;
createtime : 1524620066 ;
msgtype : event ;
event : VIEW ;
eventkey : http://zz.jhzh66.com/app/index.php?i=8&c=entry&eid=198 ;
menuid : 425225551 ;
from : oSI4Lj4D4s1OS7Tx2J5YcCVk40og ;
to : gh_0c02969f70a6 ;
time : 1524620066 ;
type : event ;

2018-04-25 09:34:26 params :
------------
Array:
rule : -2 ;
module :  ;
message : Array ;

2018-04-25 09:34:26 response :
------------

2018-04-25 09:38:21 trace :
------------
Array:
tousername : gh_0c02969f70a6 ;
fromusername : oSI4Lj4D4s1OS7Tx2J5YcCVk40og ;
createtime : 1524620301 ;
msgtype : event ;
event : VIEW ;
eventkey : http://zz.jhzh66.com/app/index.php?i=8&c=entry&eid=198 ;
menuid : 425225551 ;
from : oSI4Lj4D4s1OS7Tx2J5YcCVk40og ;
to : gh_0c02969f70a6 ;
time : 1524620301 ;
type : event ;

2018-04-25 09:38:21 params :
------------
Array:
rule : -2 ;
module :  ;
message : Array ;

2018-04-25 09:38:21 response :
------------

2018-04-25 09:39:39 trace :
------------
Array:
tousername : gh_0c02969f70a6 ;
fromusername : oSI4Lj4D4s1OS7Tx2J5YcCVk40og ;
createtime : 1524620379 ;
msgtype : event ;
event : VIEW ;
eventkey : http://zz.jhzh66.com/app/index.php?i=8&c=entry&eid=198 ;
menuid : 425225551 ;
from : oSI4Lj4D4s1OS7Tx2J5YcCVk40og ;
to : gh_0c02969f70a6 ;
time : 1524620379 ;
type : event ;

2018-04-25 09:39:39 params :
------------
Array:
rule : -2 ;
module :  ;
message : Array ;

2018-04-25 09:39:39 response :
------------

2018-04-25 09:42:43 trace :
------------
Array:
tousername : gh_0c02969f70a6 ;
fromusername : oSI4Lj97Jm2kdczJ4OHYMLb017pk ;
createtime : 1524620563 ;
msgtype : event ;
event : VIEW ;
eventkey : http://zz.jhzh66.com/app/index.php?i=8&c=entry&eid=194 ;
menuid : 425225551 ;
from : oSI4Lj97Jm2kdczJ4OHYMLb017pk ;
to : gh_0c02969f70a6 ;
time : 1524620563 ;
type : event ;

2018-04-25 09:42:43 params :
------------
Array:
rule : -2 ;
module :  ;
message : Array ;

2018-04-25 09:42:43 response :
------------

2018-04-25 09:45:05 trace :
------------
Array:
tousername : gh_0c02969f70a6 ;
fromusername : oSI4Lj97Jm2kdczJ4OHYMLb017pk ;
createtime : 1524620705 ;
msgtype : event ;
event : VIEW ;
eventkey : http://zz.jhzh66.com/app/index.php?i=8&c=entry&eid=194 ;
menuid : 425225551 ;
from : oSI4Lj97Jm2kdczJ4OHYMLb017pk ;
to : gh_0c02969f70a6 ;
time : 1524620705 ;
type : event ;

2018-04-25 09:45:05 params :
------------
Array:
rule : -2 ;
module :  ;
message : Array ;

2018-04-25 09:45:05 response :
------------

2018-04-25 09:46:40 trace :
------------
Array:
tousername : gh_0c02969f70a6 ;
fromusername : oSI4Lj97Jm2kdczJ4OHYMLb017pk ;
createtime : 1524620800 ;
msgtype : event ;
event : VIEW ;
eventkey : http://zz.jhzh66.com/app/index.php?i=8&c=entry&eid=194 ;
menuid : 425225551 ;
from : oSI4Lj97Jm2kdczJ4OHYMLb017pk ;
to : gh_0c02969f70a6 ;
time : 1524620800 ;
type : event ;

2018-04-25 09:46:40 params :
------------
Array:
rule : -2 ;
module :  ;
message : Array ;

2018-04-25 09:46:40 response :
------------

2018-04-25 09:48:04 trace :
------------
Array:
tousername : gh_0c02969f70a6 ;
fromusername : oSI4LjyLAL0U_Is-GNtwxiM5L1oY ;
createtime : 1524620884 ;
msgtype : event ;
event : VIEW ;
eventkey : http://zz.jhzh66.com/app/index.php?i=8&c=entry&eid=194 ;
menuid : 425225551 ;
from : oSI4LjyLAL0U_Is-GNtwxiM5L1oY ;
to : gh_0c02969f70a6 ;
time : 1524620884 ;
type : event ;

2018-04-25 09:48:04 params :
------------
Array:
rule : -2 ;
module :  ;
message : Array ;

2018-04-25 09:48:04 response :
------------

2018-04-25 09:51:48 trace :
------------
Array:
tousername : gh_0c02969f70a6 ;
fromusername : oSI4Lj0MFiSdQ7Ki5KS6Dcce5Te4 ;
createtime : 1524621108 ;
msgtype : event ;
event : subscribe ;
eventkey : Array ;
from : oSI4Lj0MFiSdQ7Ki5KS6Dcce5Te4 ;
to : gh_0c02969f70a6 ;
time : 1524621108 ;
type : subscribe ;

2018-04-25 09:51:48 params :
------------
Array:
rule : -2 ;
module :  ;
message : Array ;

2018-04-25 09:51:48 response :
------------

2018-04-25 09:52:04 trace :
------------
Array:
tousername : gh_0c02969f70a6 ;
fromusername : oSI4Lj0MFiSdQ7Ki5KS6Dcce5Te4 ;
createtime : 1524621124 ;
msgtype : event ;
event : VIEW ;
eventkey : http://zz.jhzh66.com/app/index.php?i=8&c=entry&eid=198 ;
menuid : 425225551 ;
from : oSI4Lj0MFiSdQ7Ki5KS6Dcce5Te4 ;
to : gh_0c02969f70a6 ;
time : 1524621124 ;
type : event ;

2018-04-25 09:52:04 params :
------------
Array:
rule : -2 ;
module :  ;
message : Array ;

2018-04-25 09:52:04 response :
------------

2018-04-25 10:21:38 trace :
------------
Array:
tousername : gh_0c02969f70a6 ;
fromusername : oSI4Lj61cNqZ2u3iIxwOYG1mPHz4 ;
createtime : 1524622898 ;
msgtype : event ;
event : VIEW ;
eventkey : http://zz.jhzh66.com/app/index.php?i=8&c=entry&eid=194 ;
menuid : 425225551 ;
from : oSI4Lj61cNqZ2u3iIxwOYG1mPHz4 ;
to : gh_0c02969f70a6 ;
time : 1524622898 ;
type : event ;

2018-04-25 10:21:38 params :
------------
Array:
rule : -2 ;
module :  ;
message : Array ;

2018-04-25 10:21:38 response :
------------

2018-04-25 10:22:06 trace :
------------
Array:
tousername : gh_0c02969f70a6 ;
fromusername : oSI4Lj61cNqZ2u3iIxwOYG1mPHz4 ;
createtime : 1524622926 ;
msgtype : event ;
event : CLICK ;
eventkey : 关注 ;
from : oSI4Lj61cNqZ2u3iIxwOYG1mPHz4 ;
to : gh_0c02969f70a6 ;
time : 1524622926 ;
type : event ;

2018-04-25 10:23:30 trace :
------------
Array:
tousername : gh_0c02969f70a6 ;
fromusername : oSI4Lj9eTGbsxSroxC_JeueGyI9g ;
createtime : 1524623010 ;
msgtype : event ;
event : subscribe ;
eventkey : qrscene_e2a3a05106d2bad9265ce585b7742510 ;
ticket : gQEZ8TwAAAAAAAAAAS5odHRwOi8vd2VpeGluLnFxLmNvbS9xLzAyc01KUEF6OGU4YmYxMDAwME0wN3MAAgR0t8FaAwQAAAAA ;
from : oSI4Lj9eTGbsxSroxC_JeueGyI9g ;
to : gh_0c02969f70a6 ;
time : 1524623010 ;
type : subscribe ;
scene : e2a3a05106d2bad9265ce585b7742510 ;

2018-04-25 10:23:34 trace :
------------
Array:
tousername : gh_0c02969f70a6 ;
fromusername : oSI4Lj9eTGbsxSroxC_JeueGyI9g ;
createtime : 1524623014 ;
msgtype : event ;
event : VIEW ;
eventkey : http://zz.jhzh66.com/app/index.php?i=8&c=entry&eid=194 ;
menuid : 425225551 ;
from : oSI4Lj9eTGbsxSroxC_JeueGyI9g ;
to : gh_0c02969f70a6 ;
time : 1524623014 ;
type : event ;

2018-04-25 10:23:34 params :
------------
Array:
rule : -2 ;
module :  ;
message : Array ;

2018-04-25 10:23:34 response :
------------

2018-04-25 10:23:40 trace :
------------
Array:
tousername : gh_0c02969f70a6 ;
fromusername : oSI4Lj61cNqZ2u3iIxwOYG1mPHz4 ;
createtime : 1524623020 ;
msgtype : event ;
event : VIEW ;
eventkey : http://zz.jhzh66.com/app/index.php?i=8&c=entry&eid=194 ;
menuid : 425225551 ;
from : oSI4Lj61cNqZ2u3iIxwOYG1mPHz4 ;
to : gh_0c02969f70a6 ;
time : 1524623020 ;
type : event ;

2018-04-25 10:23:40 params :
------------
Array:
rule : -2 ;
module :  ;
message : Array ;

2018-04-25 10:23:40 response :
------------

2018-04-25 10:24:39 trace :
------------
Array:
tousername : gh_0c02969f70a6 ;
fromusername : oSI4Lj_r_zki7_W6k9FseFmInMmA ;
createtime : 1524623079 ;
msgtype : event ;
event : VIEW ;
eventkey : http://zz.jhzh66.com/app/index.php?i=8&c=entry&eid=194 ;
menuid : 425225551 ;
from : oSI4Lj_r_zki7_W6k9FseFmInMmA ;
to : gh_0c02969f70a6 ;
time : 1524623079 ;
type : event ;

2018-04-25 10:24:39 params :
------------
Array:
rule : -2 ;
module :  ;
message : Array ;

2018-04-25 10:24:39 response :
------------

2018-04-25 10:24:51 trace :
------------
Array:
tousername : gh_0c02969f70a6 ;
fromusername : oSI4Lj9eTGbsxSroxC_JeueGyI9g ;
createtime : 1524623091 ;
msgtype : event ;
event : VIEW ;
eventkey : http://zz.jhzh66.com/app/index.php?i=8&c=entry&eid=194 ;
menuid : 425225551 ;
from : oSI4Lj9eTGbsxSroxC_JeueGyI9g ;
to : gh_0c02969f70a6 ;
time : 1524623091 ;
type : event ;

2018-04-25 10:24:51 params :
------------
Array:
rule : -2 ;
module :  ;
message : Array ;

2018-04-25 10:24:51 response :
------------

2018-04-25 10:26:20 trace :
------------
Array:
tousername : gh_0c02969f70a6 ;
fromusername : oSI4Lj61cNqZ2u3iIxwOYG1mPHz4 ;
createtime : 1524623180 ;
msgtype : event ;
event : VIEW ;
eventkey : http://zz.jhzh66.com/app/index.php?i=8&c=entry&eid=194 ;
menuid : 425225551 ;
from : oSI4Lj61cNqZ2u3iIxwOYG1mPHz4 ;
to : gh_0c02969f70a6 ;
time : 1524623180 ;
type : event ;

2018-04-25 10:26:20 params :
------------
Array:
rule : -2 ;
module :  ;
message : Array ;

2018-04-25 10:26:20 response :
------------

2018-04-25 10:26:24 trace :
------------
Array:
tousername : gh_0c02969f70a6 ;
fromusername : oSI4Lj_r_zki7_W6k9FseFmInMmA ;
createtime : 1524623184 ;
msgtype : event ;
event : VIEW ;
eventkey : http://zz.jhzh66.com/app/index.php?i=8&c=entry&eid=194 ;
menuid : 425225551 ;
from : oSI4Lj_r_zki7_W6k9FseFmInMmA ;
to : gh_0c02969f70a6 ;
time : 1524623184 ;
type : event ;

2018-04-25 10:26:24 params :
------------
Array:
rule : -2 ;
module :  ;
message : Array ;

2018-04-25 10:26:24 response :
------------

2018-04-25 10:26:53 trace :
------------
Array:
tousername : gh_0c02969f70a6 ;
fromusername : oSI4Lj_r_zki7_W6k9FseFmInMmA ;
createtime : 1524623212 ;
msgtype : event ;
event : CLICK ;
eventkey : 关注 ;
from : oSI4Lj_r_zki7_W6k9FseFmInMmA ;
to : gh_0c02969f70a6 ;
time : 1524623212 ;
type : event ;

2018-04-25 10:27:07 trace :
------------
Array:
tousername : gh_0c02969f70a6 ;
fromusername : oSI4Lj9eTGbsxSroxC_JeueGyI9g ;
createtime : 1524623227 ;
msgtype : event ;
event : VIEW ;
eventkey : http://zz.jhzh66.com/app/index.php?i=8&c=entry&eid=194 ;
menuid : 425225551 ;
from : oSI4Lj9eTGbsxSroxC_JeueGyI9g ;
to : gh_0c02969f70a6 ;
time : 1524623227 ;
type : event ;

2018-04-25 10:27:07 params :
------------
Array:
rule : -2 ;
module :  ;
message : Array ;

2018-04-25 10:27:07 response :
------------

2018-04-25 10:29:03 trace :
------------
Array:
tousername : gh_0c02969f70a6 ;
fromusername : oSI4Lj4MVRkJulwufGDWP-ZpZrXk ;
createtime : 1524623343 ;
msgtype : event ;
event : CLICK ;
eventkey : 关注 ;
from : oSI4Lj4MVRkJulwufGDWP-ZpZrXk ;
to : gh_0c02969f70a6 ;
time : 1524623343 ;
type : event ;

2018-04-25 10:34:31 trace :
------------
Array:
tousername : gh_0c02969f70a6 ;
fromusername : oSI4Ljw33SxPlWpwQR-JVsQJ6sWo ;
createtime : 1524623671 ;
msgtype : event ;
event : VIEW ;
eventkey : http://zz.jhzh66.com/app/index.php?i=8&c=entry&eid=194 ;
menuid : 425225551 ;
from : oSI4Ljw33SxPlWpwQR-JVsQJ6sWo ;
to : gh_0c02969f70a6 ;
time : 1524623671 ;
type : event ;

2018-04-25 10:34:31 params :
------------
Array:
rule : -2 ;
module :  ;
message : Array ;

2018-04-25 10:34:31 response :
------------

2018-04-25 10:40:10 trace :
------------
Array:
tousername : gh_0c02969f70a6 ;
fromusername : oSI4Ljw33SxPlWpwQR-JVsQJ6sWo ;
createtime : 1524624010 ;
msgtype : event ;
event : VIEW ;
eventkey : http://zz.jhzh66.com/app/index.php?i=8&c=entry&eid=194 ;
menuid : 425225551 ;
from : oSI4Ljw33SxPlWpwQR-JVsQJ6sWo ;
to : gh_0c02969f70a6 ;
time : 1524624010 ;
type : event ;

2018-04-25 10:40:10 params :
------------
Array:
rule : -2 ;
module :  ;
message : Array ;

2018-04-25 10:40:10 response :
------------

2018-04-25 10:48:36 trace :
------------
Array:
tousername : gh_0c02969f70a6 ;
fromusername : oSI4Lj8O-0kjaxy2aYC6gFwiEO4Y ;
createtime : 1524624516 ;
msgtype : event ;
event : SCAN ;
eventkey : a88080235f1896fba8e0bb5da8e036f3 ;
ticket : gQEb8TwAAAAAAAAAAS5odHRwOi8vd2VpeGluLnFxLmNvbS9xLzAyOVhjTUFpOGU4YmYxMDAwMDAwN2oAAgR-_sFaAwQAAAAA ;
from : oSI4Lj8O-0kjaxy2aYC6gFwiEO4Y ;
to : gh_0c02969f70a6 ;
time : 1524624516 ;
type : subscribe ;
scene : a88080235f1896fba8e0bb5da8e036f3 ;

2018-04-25 11:03:35 trace :
------------
Array:
tousername : gh_0c02969f70a6 ;
fromusername : oSI4Lj9noDDvKudq42_noiswWAKM ;
createtime : 1524625414 ;
msgtype : event ;
event : VIEW ;
eventkey : http://zz.jhzh66.com/app/index.php?i=8&c=entry&eid=194 ;
menuid : 425225551 ;
from : oSI4Lj9noDDvKudq42_noiswWAKM ;
to : gh_0c02969f70a6 ;
time : 1524625414 ;
type : event ;

2018-04-25 11:03:35 params :
------------
Array:
rule : -2 ;
module :  ;
message : Array ;

2018-04-25 11:03:35 response :
------------

2018-04-25 11:12:40 trace :
------------
Array:
tousername : gh_0c02969f70a6 ;
fromusername : oSI4Lj2wkg2n_JN-yauY6A4GH8V4 ;
createtime : 1524625959 ;
msgtype : event ;
event : VIEW ;
eventkey : http://zz.jhzh66.com/app/index.php?i=8&c=entry&eid=194 ;
menuid : 425225551 ;
from : oSI4Lj2wkg2n_JN-yauY6A4GH8V4 ;
to : gh_0c02969f70a6 ;
time : 1524625959 ;
type : event ;

2018-04-25 11:12:40 params :
------------
Array:
rule : -2 ;
module :  ;
message : Array ;

2018-04-25 11:12:40 response :
------------

2018-04-25 11:34:59 trace :
------------
Array:
tousername : gh_0c02969f70a6 ;
fromusername : oSI4Lj8oAPTmAX2uQ7KkulZPMvEk ;
createtime : 1524627298 ;
msgtype : event ;
event : VIEW ;
eventkey : http://zz.jhzh66.com/app/index.php?i=8&c=entry&eid=194 ;
menuid : 425225551 ;
from : oSI4Lj8oAPTmAX2uQ7KkulZPMvEk ;
to : gh_0c02969f70a6 ;
time : 1524627298 ;
type : event ;

2018-04-25 11:34:59 params :
------------
Array:
rule : -2 ;
module :  ;
message : Array ;

2018-04-25 11:34:59 response :
------------

2018-04-25 13:15:31 trace :
------------
Array:
tousername : gh_0c02969f70a6 ;
fromusername : oSI4Lj97Jm2kdczJ4OHYMLb017pk ;
createtime : 1524633331 ;
msgtype : event ;
event : VIEW ;
eventkey : http://zz.jhzh66.com/app/index.php?i=8&c=entry&eid=194 ;
menuid : 425225551 ;
from : oSI4Lj97Jm2kdczJ4OHYMLb017pk ;
to : gh_0c02969f70a6 ;
time : 1524633331 ;
type : event ;

2018-04-25 13:15:31 params :
------------
Array:
rule : -2 ;
module :  ;
message : Array ;

2018-04-25 13:15:31 response :
------------

2018-04-25 13:45:19 trace :
------------
Array:
tousername : gh_0c02969f70a6 ;
fromusername : oSI4Lj7D-iAkc6mxkYbV0U8aP_vk ;
createtime : 1524635119 ;
msgtype : event ;
event : VIEW ;
eventkey : http://www.haolangtech.com/index.php/addon/HotActivity/HotActivity/leagueindex/id/1.html?from=groupmessage&isappinstalled=0 ;
menuid : 425225551 ;
from : oSI4Lj7D-iAkc6mxkYbV0U8aP_vk ;
to : gh_0c02969f70a6 ;
time : 1524635119 ;
type : event ;

2018-04-25 13:45:19 params :
------------
Array:
rule : -2 ;
module :  ;
message : Array ;

2018-04-25 13:45:19 response :
------------

2018-04-25 14:07:36 trace :
------------
Array:
tousername : gh_0c02969f70a6 ;
fromusername : oSI4Lj4D4s1OS7Tx2J5YcCVk40og ;
createtime : 1524636456 ;
msgtype : event ;
event : VIEW ;
eventkey : http://zz.jhzh66.com/app/index.php?i=8&c=entry&eid=194 ;
menuid : 425225551 ;
from : oSI4Lj4D4s1OS7Tx2J5YcCVk40og ;
to : gh_0c02969f70a6 ;
time : 1524636456 ;
type : event ;

2018-04-25 14:07:36 params :
------------
Array:
rule : -2 ;
module :  ;
message : Array ;

2018-04-25 14:07:36 response :
------------

2018-04-25 14:23:21 trace :
------------
Array:
tousername : gh_0c02969f70a6 ;
fromusername : oSI4LjzGDzCztrhCP10C7-4flpE4 ;
createtime : 1524637401 ;
msgtype : event ;
event : VIEW ;
eventkey : http://zz.jhzh66.com/app/index.php?i=8&c=entry&eid=194 ;
menuid : 425225551 ;
from : oSI4LjzGDzCztrhCP10C7-4flpE4 ;
to : gh_0c02969f70a6 ;
time : 1524637401 ;
type : event ;

2018-04-25 14:23:21 params :
------------
Array:
rule : -2 ;
module :  ;
message : Array ;

2018-04-25 14:23:21 response :
------------

2018-04-25 15:10:27 trace :
------------
Array:
tousername : gh_0c02969f70a6 ;
fromusername : oSI4Lj0MMQyNk7enHo30_rPj2xMg ;
createtime : 1524640227 ;
msgtype : event ;
event : subscribe ;
eventkey : qrscene_ee395d04ec5fadc2f67c47c95fdc0447 ;
ticket : gQFT8TwAAAAAAAAAAS5odHRwOi8vd2VpeGluLnFxLmNvbS9xLzAycGRmMEJPOGU4YmYxMDAwMDAwN2YAAgRE9rxaAwQAAAAA ;
from : oSI4Lj0MMQyNk7enHo30_rPj2xMg ;
to : gh_0c02969f70a6 ;
time : 1524640227 ;
type : subscribe ;
scene : ee395d04ec5fadc2f67c47c95fdc0447 ;

2018-04-25 15:10:31 trace :
------------
Array:
tousername : gh_0c02969f70a6 ;
fromusername : oSI4Lj0MMQyNk7enHo30_rPj2xMg ;
createtime : 1524640231 ;
msgtype : event ;
event : VIEW ;
eventkey : http://zz.jhzh66.com/app/index.php?i=8&c=entry&eid=194 ;
menuid : 425225551 ;
from : oSI4Lj0MMQyNk7enHo30_rPj2xMg ;
to : gh_0c02969f70a6 ;
time : 1524640231 ;
type : event ;

2018-04-25 15:10:31 params :
------------
Array:
rule : -2 ;
module :  ;
message : Array ;

2018-04-25 15:10:31 response :
------------

2018-04-25 15:12:09 trace :
------------
Array:
tousername : gh_0c02969f70a6 ;
fromusername : oSI4Lj0MMQyNk7enHo30_rPj2xMg ;
createtime : 1524640329 ;
msgtype : event ;
event : VIEW ;
eventkey : https://m.qlchat.com/live/320000044317761.htm ;
menuid : 425225551 ;
from : oSI4Lj0MMQyNk7enHo30_rPj2xMg ;
to : gh_0c02969f70a6 ;
time : 1524640329 ;
type : event ;

2018-04-25 15:12:09 params :
------------
Array:
rule : -2 ;
module :  ;
message : Array ;

2018-04-25 15:12:09 response :
------------

2018-04-25 15:20:12 trace :
------------
Array:
tousername : gh_0c02969f70a6 ;
fromusername : oSI4Lj97Jm2kdczJ4OHYMLb017pk ;
createtime : 1524640812 ;
msgtype : event ;
event : VIEW ;
eventkey : http://zz.jhzh66.com/app/index.php?i=8&c=entry&eid=194 ;
menuid : 425225551 ;
from : oSI4Lj97Jm2kdczJ4OHYMLb017pk ;
to : gh_0c02969f70a6 ;
time : 1524640812 ;
type : event ;

2018-04-25 15:20:12 params :
------------
Array:
rule : -2 ;
module :  ;
message : Array ;

2018-04-25 15:20:12 response :
------------

2018-04-25 15:20:33 trace :
------------
Array:
tousername : gh_0c02969f70a6 ;
fromusername : oSI4Lj95EWi6-qifEuK2-xlggHx4 ;
createtime : 1524640833 ;
msgtype : event ;
event : VIEW ;
eventkey : http://zz.jhzh66.com/app/index.php?i=8&c=entry&eid=194 ;
menuid : 425225551 ;
from : oSI4Lj95EWi6-qifEuK2-xlggHx4 ;
to : gh_0c02969f70a6 ;
time : 1524640833 ;
type : event ;

2018-04-25 15:20:33 params :
------------
Array:
rule : -2 ;
module :  ;
message : Array ;

2018-04-25 15:20:33 response :
------------

2018-04-25 15:21:34 trace :
------------
Array:
tousername : gh_0c02969f70a6 ;
fromusername : oSI4Lj95EWi6-qifEuK2-xlggHx4 ;
createtime : 1524640894 ;
msgtype : event ;
event : VIEW ;
eventkey : http://zz.jhzh66.com/app/index.php?i=8&c=entry&eid=194 ;
menuid : 425225551 ;
from : oSI4Lj95EWi6-qifEuK2-xlggHx4 ;
to : gh_0c02969f70a6 ;
time : 1524640894 ;
type : event ;

2018-04-25 15:21:34 params :
------------
Array:
rule : -2 ;
module :  ;
message : Array ;

2018-04-25 15:21:34 response :
------------

2018-04-25 15:31:04 trace :
------------
Array:
tousername : gh_0c02969f70a6 ;
fromusername : oSI4LjzGDzCztrhCP10C7-4flpE4 ;
createtime : 1524641464 ;
msgtype : event ;
event : VIEW ;
eventkey : http://zz.jhzh66.com/app/index.php?i=8&c=entry&eid=194 ;
menuid : 425225551 ;
from : oSI4LjzGDzCztrhCP10C7-4flpE4 ;
to : gh_0c02969f70a6 ;
time : 1524641464 ;
type : event ;

2018-04-25 15:31:04 params :
------------
Array:
rule : -2 ;
module :  ;
message : Array ;

2018-04-25 15:31:04 response :
------------

2018-04-25 15:31:21 trace :
------------
Array:
tousername : gh_0c02969f70a6 ;
fromusername : oSI4LjzGDzCztrhCP10C7-4flpE4 ;
createtime : 1524641481 ;
msgtype : event ;
event : VIEW ;
eventkey : http://zz.jhzh66.com/app/index.php?i=8&c=entry&eid=194 ;
menuid : 425225551 ;
from : oSI4LjzGDzCztrhCP10C7-4flpE4 ;
to : gh_0c02969f70a6 ;
time : 1524641481 ;
type : event ;

2018-04-25 15:31:21 params :
------------
Array:
rule : -2 ;
module :  ;
message : Array ;

2018-04-25 15:31:21 response :
------------

2018-04-25 16:13:53 trace :
------------
Array:
tousername : gh_0c02969f70a6 ;
fromusername : oSI4Lj8B5l8QwysgDPggwFH_bPpg ;
createtime : 1524644033 ;
msgtype : event ;
event : subscribe ;
eventkey : Array ;
from : oSI4Lj8B5l8QwysgDPggwFH_bPpg ;
to : gh_0c02969f70a6 ;
time : 1524644033 ;
type : subscribe ;

2018-04-25 16:13:53 params :
------------
Array:
rule : -2 ;
module :  ;
message : Array ;

2018-04-25 16:13:53 response :
------------

2018-04-25 16:15:34 trace :
------------
Array:
tousername : gh_0c02969f70a6 ;
fromusername : oSI4Lj8B5l8QwysgDPggwFH_bPpg ;
createtime : 1524644134 ;
msgtype : event ;
event : VIEW ;
eventkey : http://zz.jhzh66.com/app/index.php?i=8&c=entry&eid=198 ;
menuid : 425225551 ;
from : oSI4Lj8B5l8QwysgDPggwFH_bPpg ;
to : gh_0c02969f70a6 ;
time : 1524644134 ;
type : event ;

2018-04-25 16:15:34 params :
------------
Array:
rule : -2 ;
module :  ;
message : Array ;

2018-04-25 16:15:34 response :
------------

2018-04-25 16:17:05 trace :
------------
Array:
tousername : gh_0c02969f70a6 ;
fromusername : oSI4Lj8B5l8QwysgDPggwFH_bPpg ;
createtime : 1524644225 ;
msgtype : text ;
content : 1 ;
msgid : 6548297084835598784 ;
from : oSI4Lj8B5l8QwysgDPggwFH_bPpg ;
to : gh_0c02969f70a6 ;
time : 1524644225 ;
type : text ;
event :  ;
redirection :  ;
source :  ;

2018-04-25 16:17:05 params :
------------
Array:
rule : -2 ;
module :  ;
message : Array ;

2018-04-25 16:17:05 response :
------------

2018-04-25 16:17:14 trace :
------------
Array:
tousername : gh_0c02969f70a6 ;
fromusername : oSI4Lj8B5l8QwysgDPggwFH_bPpg ;
createtime : 1524644234 ;
msgtype : event ;
event : VIEW ;
eventkey : http://zz.jhzh66.com/app/index.php?i=8&c=entry&eid=194 ;
menuid : 425225551 ;
from : oSI4Lj8B5l8QwysgDPggwFH_bPpg ;
to : gh_0c02969f70a6 ;
time : 1524644234 ;
type : event ;

2018-04-25 16:17:14 params :
------------
Array:
rule : -2 ;
module :  ;
message : Array ;

2018-04-25 16:17:14 response :
------------

2018-04-25 16:18:27 trace :
------------
Array:
tousername : gh_0c02969f70a6 ;
fromusername : oSI4Lj61cNqZ2u3iIxwOYG1mPHz4 ;
createtime : 1524644307 ;
msgtype : event ;
event : VIEW ;
eventkey : http://zz.jhzh66.com/app/index.php?i=8&c=entry&eid=194 ;
menuid : 425225551 ;
from : oSI4Lj61cNqZ2u3iIxwOYG1mPHz4 ;
to : gh_0c02969f70a6 ;
time : 1524644307 ;
type : event ;

2018-04-25 16:18:27 params :
------------
Array:
rule : -2 ;
module :  ;
message : Array ;

2018-04-25 16:18:27 response :
------------

2018-04-25 16:26:45 trace :
------------
Array:
tousername : gh_0c02969f70a6 ;
fromusername : oSI4Lj8B5l8QwysgDPggwFH_bPpg ;
createtime : 1524644805 ;
msgtype : event ;
event : VIEW ;
eventkey : http://zz.jhzh66.com/app/index.php?i=8&c=entry&eid=194 ;
menuid : 425225551 ;
from : oSI4Lj8B5l8QwysgDPggwFH_bPpg ;
to : gh_0c02969f70a6 ;
time : 1524644805 ;
type : event ;

2018-04-25 16:26:45 params :
------------
Array:
rule : -2 ;
module :  ;
message : Array ;

2018-04-25 16:26:45 response :
------------

2018-04-25 16:27:36 trace :
------------
Array:
tousername : gh_0c02969f70a6 ;
fromusername : oSI4Lj8B5l8QwysgDPggwFH_bPpg ;
createtime : 1524644856 ;
msgtype : event ;
event : VIEW ;
eventkey : http://zz.jhzh66.com/app/index.php?i=8&c=entry&eid=198 ;
menuid : 425225551 ;
from : oSI4Lj8B5l8QwysgDPggwFH_bPpg ;
to : gh_0c02969f70a6 ;
time : 1524644856 ;
type : event ;

2018-04-25 16:27:36 params :
------------
Array:
rule : -2 ;
module :  ;
message : Array ;

2018-04-25 16:27:36 response :
------------

2018-04-25 16:34:31 trace :
------------
Array:
tousername : gh_0c02969f70a6 ;
fromusername : oSI4Lj-3QyHeaNDlBM1kNSHlsEKk ;
createtime : 1524645270 ;
msgtype : event ;
event : VIEW ;
eventkey : http://zz.jhzh66.com/app/index.php?i=8&c=entry&eid=194 ;
menuid : 425225551 ;
from : oSI4Lj-3QyHeaNDlBM1kNSHlsEKk ;
to : gh_0c02969f70a6 ;
time : 1524645270 ;
type : event ;

2018-04-25 16:34:31 params :
------------
Array:
rule : -2 ;
module :  ;
message : Array ;

2018-04-25 16:34:31 response :
------------

2018-04-25 16:42:50 trace :
------------
Array:
tousername : gh_0c02969f70a6 ;
fromusername : oSI4Lj8B5l8QwysgDPggwFH_bPpg ;
createtime : 1524645770 ;
msgtype : event ;
event : VIEW ;
eventkey : http://zz.jhzh66.com/app/index.php?i=8&c=entry&eid=194 ;
menuid : 425225551 ;
from : oSI4Lj8B5l8QwysgDPggwFH_bPpg ;
to : gh_0c02969f70a6 ;
time : 1524645770 ;
type : event ;

2018-04-25 16:42:50 params :
------------
Array:
rule : -2 ;
module :  ;
message : Array ;

2018-04-25 16:42:50 response :
------------

2018-04-25 17:43:42 trace :
------------
Array:
tousername : gh_0c02969f70a6 ;
fromusername : oSI4Lj4BVR2YLcBAFmsQEqMQlnm8 ;
createtime : 1524649422 ;
msgtype : event ;
event : subscribe ;
eventkey : last_trade_no_4200000058201804255410831647 ;
from : oSI4Lj4BVR2YLcBAFmsQEqMQlnm8 ;
to : gh_0c02969f70a6 ;
time : 1524649422 ;
type : subscribe ;
scene : last_trade_no_4200000058201804255410831647 ;

2018-04-25 17:43:43 params :
------------
Array:
message : Array ;
module : sz_yi ;
rule : 949 ;
priority : 0 ;
keyword : Array ;

2018-04-25 17:43:43 response :
------------
Array:
FromUserName : gh_0c02969f70a6 ;
ToUserName : oSI4Lj4BVR2YLcBAFmsQEqMQlnm8 ;
MsgType : text ;
Content : 感谢您的关注! ;

2018-04-25 17:45:31 trace :
------------
Array:
tousername : gh_0c02969f70a6 ;
fromusername : oSI4Lj4BVR2YLcBAFmsQEqMQlnm8 ;
createtime : 1524649531 ;
msgtype : event ;
event : VIEW ;
eventkey : http://zz.jhzh66.com/app/index.php?i=8&c=entry&eid=198 ;
menuid : 425225551 ;
from : oSI4Lj4BVR2YLcBAFmsQEqMQlnm8 ;
to : gh_0c02969f70a6 ;
time : 1524649531 ;
type : event ;

2018-04-25 17:45:31 params :
------------
Array:
rule : -2 ;
module :  ;
message : Array ;

2018-04-25 17:45:31 response :
------------

2018-04-25 17:45:58 trace :
------------
Array:
tousername : gh_0c02969f70a6 ;
fromusername : oSI4Lj4BVR2YLcBAFmsQEqMQlnm8 ;
createtime : 1524649558 ;
msgtype : event ;
event : VIEW ;
eventkey : http://zz.jhzh66.com/app/index.php?i=8&c=entry&eid=194 ;
menuid : 425225551 ;
from : oSI4Lj4BVR2YLcBAFmsQEqMQlnm8 ;
to : gh_0c02969f70a6 ;
time : 1524649558 ;
type : event ;

2018-04-25 17:45:58 params :
------------
Array:
rule : -2 ;
module :  ;
message : Array ;

2018-04-25 17:45:58 response :
------------

2018-04-25 17:46:09 trace :
------------
Array:
tousername : gh_0c02969f70a6 ;
fromusername : oSI4Lj4BVR2YLcBAFmsQEqMQlnm8 ;
createtime : 1524649569 ;
msgtype : event ;
event : VIEW ;
eventkey : http://zz.jhzh66.com/app/index.php?i=8&c=site&a=site&do=detail&id=2 ;
menuid : 425225551 ;
from : oSI4Lj4BVR2YLcBAFmsQEqMQlnm8 ;
to : gh_0c02969f70a6 ;
time : 1524649569 ;
type : event ;

2018-04-25 17:46:09 params :
------------
Array:
rule : -2 ;
module :  ;
message : Array ;

2018-04-25 17:46:09 response :
------------

2018-04-25 17:46:35 trace :
------------
Array:
tousername : gh_0c02969f70a6 ;
fromusername : oSI4Lj4BVR2YLcBAFmsQEqMQlnm8 ;
createtime : 1524649595 ;
msgtype : event ;
event : VIEW ;
eventkey : http://zz.jhzh66.com/app/index.php?i=8&c=entry&eid=198 ;
menuid : 425225551 ;
from : oSI4Lj4BVR2YLcBAFmsQEqMQlnm8 ;
to : gh_0c02969f70a6 ;
time : 1524649595 ;
type : event ;

2018-04-25 17:46:35 params :
------------
Array:
rule : -2 ;
module :  ;
message : Array ;

2018-04-25 17:46:35 response :
------------

2018-04-25 17:48:10 trace :
------------
Array:
tousername : gh_0c02969f70a6 ;
fromusername : oSI4Lj2y7JucEOYnhBBOnM6bIlmw ;
createtime : 1524649689 ;
msgtype : event ;
event : subscribe ;
eventkey : last_trade_no_4200000075201804255926394188 ;
from : oSI4Lj2y7JucEOYnhBBOnM6bIlmw ;
to : gh_0c02969f70a6 ;
time : 1524649689 ;
type : subscribe ;
scene : last_trade_no_4200000075201804255926394188 ;

2018-04-25 17:48:10 params :
------------
Array:
message : Array ;
module : sz_yi ;
rule : 949 ;
priority : 0 ;
keyword : Array ;

2018-04-25 17:48:10 response :
------------
Array:
FromUserName : gh_0c02969f70a6 ;
ToUserName : oSI4Lj2y7JucEOYnhBBOnM6bIlmw ;
MsgType : text ;
Content : 感谢您的关注! ;

2018-04-25 17:56:00 trace :
------------
Array:
tousername : gh_0c02969f70a6 ;
fromusername : oSI4Lj8K74vXCiCckYdscU3GDTy0 ;
createtime : 1524650160 ;
msgtype : event ;
event : subscribe ;
eventkey : last_trade_no_4200000061201804255938375000 ;
from : oSI4Lj8K74vXCiCckYdscU3GDTy0 ;
to : gh_0c02969f70a6 ;
time : 1524650160 ;
type : subscribe ;
scene : last_trade_no_4200000061201804255938375000 ;

2018-04-25 17:56:00 params :
------------
Array:
message : Array ;
module : sz_yi ;
rule : 949 ;
priority : 0 ;
keyword : Array ;

2018-04-25 17:56:00 response :
------------
Array:
FromUserName : gh_0c02969f70a6 ;
ToUserName : oSI4Lj8K74vXCiCckYdscU3GDTy0 ;
MsgType : text ;
Content : 感谢您的关注! ;

2018-04-25 17:57:44 trace :
------------
Array:
tousername : gh_0c02969f70a6 ;
fromusername : oSI4Lj7YREStMmPnAejOUjxb9r_c ;
createtime : 1524650264 ;
msgtype : event ;
event : SCAN ;
eventkey : ee395d04ec5fadc2f67c47c95fdc0447 ;
ticket : gQFT8TwAAAAAAAAAAS5odHRwOi8vd2VpeGluLnFxLmNvbS9xLzAycGRmMEJPOGU4YmYxMDAwMDAwN2YAAgRE9rxaAwQAAAAA ;
from : oSI4Lj7YREStMmPnAejOUjxb9r_c ;
to : gh_0c02969f70a6 ;
time : 1524650264 ;
type : subscribe ;
scene : ee395d04ec5fadc2f67c47c95fdc0447 ;

2018-04-25 17:58:39 trace :
------------
Array:
tousername : gh_0c02969f70a6 ;
fromusername : oSI4Lj7YREStMmPnAejOUjxb9r_c ;
createtime : 1524650319 ;
msgtype : event ;
event : SCAN ;
eventkey : ee395d04ec5fadc2f67c47c95fdc0447 ;
ticket : gQFT8TwAAAAAAAAAAS5odHRwOi8vd2VpeGluLnFxLmNvbS9xLzAycGRmMEJPOGU4YmYxMDAwMDAwN2YAAgRE9rxaAwQAAAAA ;
from : oSI4Lj7YREStMmPnAejOUjxb9r_c ;
to : gh_0c02969f70a6 ;
time : 1524650319 ;
type : subscribe ;
scene : ee395d04ec5fadc2f67c47c95fdc0447 ;

2018-04-25 17:58:43 trace :
------------
Array:
tousername : gh_0c02969f70a6 ;
fromusername : oSI4Lj7YREStMmPnAejOUjxb9r_c ;
createtime : 1524650323 ;
msgtype : event ;
event : VIEW ;
eventkey : http://zz.jhzh66.com/app/index.php?i=8&c=entry&eid=194 ;
menuid : 425225551 ;
from : oSI4Lj7YREStMmPnAejOUjxb9r_c ;
to : gh_0c02969f70a6 ;
time : 1524650323 ;
type : event ;

2018-04-25 17:58:43 params :
------------
Array:
rule : -2 ;
module :  ;
message : Array ;

2018-04-25 17:58:43 response :
------------

2018-04-25 17:59:31 trace :
------------
Array:
tousername : gh_0c02969f70a6 ;
fromusername : oSI4Lj7YREStMmPnAejOUjxb9r_c ;
createtime : 1524650371 ;
msgtype : event ;
event : VIEW ;
eventkey : http://zz.jhzh66.com/app/index.php?i=8&c=entry&eid=194 ;
menuid : 425225551 ;
from : oSI4Lj7YREStMmPnAejOUjxb9r_c ;
to : gh_0c02969f70a6 ;
time : 1524650371 ;
type : event ;

2018-04-25 17:59:31 params :
------------
Array:
rule : -2 ;
module :  ;
message : Array ;

2018-04-25 17:59:31 response :
------------

2018-04-25 18:03:23 trace :
------------
Array:
tousername : gh_0c02969f70a6 ;
fromusername : oSI4Lj5fxC6qUorf2cyQzxHw8r3c ;
createtime : 1524650603 ;
msgtype : event ;
event : VIEW ;
eventkey : http://zz.jhzh66.com/app/index.php?i=8&c=entry&eid=198 ;
menuid : 425225551 ;
from : oSI4Lj5fxC6qUorf2cyQzxHw8r3c ;
to : gh_0c02969f70a6 ;
time : 1524650603 ;
type : event ;

2018-04-25 18:03:23 params :
------------
Array:
rule : -2 ;
module :  ;
message : Array ;

2018-04-25 18:03:23 response :
------------

2018-04-25 18:04:23 trace :
------------
Array:
tousername : gh_0c02969f70a6 ;
fromusername : oSI4Lj5fxC6qUorf2cyQzxHw8r3c ;
createtime : 1524650663 ;
msgtype : event ;
event : VIEW ;
eventkey : http://zz.jhzh66.com/app/index.php?i=8&c=entry&eid=198 ;
menuid : 425225551 ;
from : oSI4Lj5fxC6qUorf2cyQzxHw8r3c ;
to : gh_0c02969f70a6 ;
time : 1524650663 ;
type : event ;

2018-04-25 18:04:23 params :
------------
Array:
rule : -2 ;
module :  ;
message : Array ;

2018-04-25 18:04:23 response :
------------

2018-04-25 18:08:08 trace :
------------
Array:
tousername : gh_0c02969f70a6 ;
fromusername : oSI4Lj-f9YwTfPWEGvh8qhIHLjj0 ;
createtime : 1524650888 ;
msgtype : event ;
event : subscribe ;
eventkey : last_trade_no_4200000073201804255908336613 ;
from : oSI4Lj-f9YwTfPWEGvh8qhIHLjj0 ;
to : gh_0c02969f70a6 ;
time : 1524650888 ;
type : subscribe ;
scene : last_trade_no_4200000073201804255908336613 ;

2018-04-25 18:08:08 params :
------------
Array:
message : Array ;
module : sz_yi ;
rule : 949 ;
priority : 0 ;
keyword : Array ;

2018-04-25 18:08:08 response :
------------
Array:
FromUserName : gh_0c02969f70a6 ;
ToUserName : oSI4Lj-f9YwTfPWEGvh8qhIHLjj0 ;
MsgType : text ;
Content : 感谢您的关注! ;

2018-04-25 18:08:27 trace :
------------
Array:
tousername : gh_0c02969f70a6 ;
fromusername : oSI4Lj97Jm2kdczJ4OHYMLb017pk ;
createtime : 1524650907 ;
msgtype : event ;
event : VIEW ;
eventkey : http://zz.jhzh66.com/app/index.php?i=8&c=entry&eid=194 ;
menuid : 425225551 ;
from : oSI4Lj97Jm2kdczJ4OHYMLb017pk ;
to : gh_0c02969f70a6 ;
time : 1524650907 ;
type : event ;

2018-04-25 18:08:27 params :
------------
Array:
rule : -2 ;
module :  ;
message : Array ;

2018-04-25 18:08:27 response :
------------

2018-04-25 18:15:44 trace :
------------
Array:
tousername : gh_0c02969f70a6 ;
fromusername : oSI4LjzLX8KleivTnBr6pe4gWOlk ;
createtime : 1524651344 ;
msgtype : event ;
event : subscribe ;
eventkey : last_trade_no_4200000080201804255951997302 ;
from : oSI4LjzLX8KleivTnBr6pe4gWOlk ;
to : gh_0c02969f70a6 ;
time : 1524651344 ;
type : subscribe ;
scene : last_trade_no_4200000080201804255951997302 ;

2018-04-25 18:15:44 params :
------------
Array:
message : Array ;
module : sz_yi ;
rule : 949 ;
priority : 0 ;
keyword : Array ;

2018-04-25 18:15:44 response :
------------
Array:
FromUserName : gh_0c02969f70a6 ;
ToUserName : oSI4LjzLX8KleivTnBr6pe4gWOlk ;
MsgType : text ;
Content : 感谢您的关注! ;

2018-04-25 18:15:48 trace :
------------
Array:
tousername : gh_0c02969f70a6 ;
fromusername : oSI4Lj_x5WeeYqzV5qYQed3c_Yhk ;
createtime : 1524651348 ;
msgtype : event ;
event : subscribe ;
eventkey : last_trade_no_4200000056201804255787902598 ;
from : oSI4Lj_x5WeeYqzV5qYQed3c_Yhk ;
to : gh_0c02969f70a6 ;
time : 1524651348 ;
type : subscribe ;
scene : last_trade_no_4200000056201804255787902598 ;

2018-04-25 18:15:49 params :
------------
Array:
message : Array ;
module : sz_yi ;
rule : 949 ;
priority : 0 ;
keyword : Array ;

2018-04-25 18:15:49 response :
------------
Array:
FromUserName : gh_0c02969f70a6 ;
ToUserName : oSI4Lj_x5WeeYqzV5qYQed3c_Yhk ;
MsgType : text ;
Content : 感谢您的关注! ;

2018-04-25 18:22:50 trace :
------------
Array:
tousername : gh_0c02969f70a6 ;
fromusername : oSI4Lj2aprkdYXT5ZO1352o5EOe0 ;
createtime : 1524651770 ;
msgtype : event ;
event : subscribe ;
eventkey : qrscene_ee395d04ec5fadc2f67c47c95fdc0447 ;
ticket : gQFT8TwAAAAAAAAAAS5odHRwOi8vd2VpeGluLnFxLmNvbS9xLzAycGRmMEJPOGU4YmYxMDAwMDAwN2YAAgRE9rxaAwQAAAAA ;
from : oSI4Lj2aprkdYXT5ZO1352o5EOe0 ;
to : gh_0c02969f70a6 ;
time : 1524651770 ;
type : subscribe ;
scene : ee395d04ec5fadc2f67c47c95fdc0447 ;

2018-04-25 18:22:55 trace :
------------
Array:
tousername : gh_0c02969f70a6 ;
fromusername : oSI4Lj2aprkdYXT5ZO1352o5EOe0 ;
createtime : 1524651775 ;
msgtype : event ;
event : VIEW ;
eventkey : http://zz.jhzh66.com/app/index.php?i=8&c=entry&eid=194 ;
menuid : 425225551 ;
from : oSI4Lj2aprkdYXT5ZO1352o5EOe0 ;
to : gh_0c02969f70a6 ;
time : 1524651775 ;
type : event ;

2018-04-25 18:22:55 params :
------------
Array:
rule : -2 ;
module :  ;
message : Array ;

2018-04-25 18:22:55 response :
------------

2018-04-25 18:25:00 trace :
------------
Array:
tousername : gh_0c02969f70a6 ;
fromusername : oSI4Lj8OlayMkmxtkaasrGEQlTXM ;
createtime : 1524651900 ;
msgtype : event ;
event : subscribe ;
eventkey : qrscene_ee395d04ec5fadc2f67c47c95fdc0447 ;
ticket : gQFT8TwAAAAAAAAAAS5odHRwOi8vd2VpeGluLnFxLmNvbS9xLzAycGRmMEJPOGU4YmYxMDAwMDAwN2YAAgRE9rxaAwQAAAAA ;
from : oSI4Lj8OlayMkmxtkaasrGEQlTXM ;
to : gh_0c02969f70a6 ;
time : 1524651900 ;
type : subscribe ;
scene : ee395d04ec5fadc2f67c47c95fdc0447 ;

2018-04-25 18:27:14 trace :
------------
Array:
tousername : gh_0c02969f70a6 ;
fromusername : oSI4Lj_x5WeeYqzV5qYQed3c_Yhk ;
createtime : 1524652034 ;
msgtype : event ;
event : VIEW ;
eventkey : http://zz.jhzh66.com/app/index.php?i=8&c=entry&eid=198 ;
menuid : 425225551 ;
from : oSI4Lj_x5WeeYqzV5qYQed3c_Yhk ;
to : gh_0c02969f70a6 ;
time : 1524652034 ;
type : event ;

2018-04-25 18:27:14 params :
------------
Array:
rule : -2 ;
module :  ;
message : Array ;

2018-04-25 18:27:14 response :
------------

2018-04-25 18:27:51 trace :
------------
Array:
tousername : gh_0c02969f70a6 ;
fromusername : oSI4Lj_x5WeeYqzV5qYQed3c_Yhk ;
createtime : 1524652071 ;
msgtype : event ;
event : VIEW ;
eventkey : http://zz.jhzh66.com/app/index.php?i=8&c=entry&eid=194 ;
menuid : 425225551 ;
from : oSI4Lj_x5WeeYqzV5qYQed3c_Yhk ;
to : gh_0c02969f70a6 ;
time : 1524652071 ;
type : event ;

2018-04-25 18:27:51 params :
------------
Array:
rule : -2 ;
module :  ;
message : Array ;

2018-04-25 18:27:51 response :
------------

2018-04-25 18:28:38 trace :
------------
Array:
tousername : gh_0c02969f70a6 ;
fromusername : oSI4Lj_x5WeeYqzV5qYQed3c_Yhk ;
createtime : 1524652117 ;
msgtype : event ;
event : VIEW ;
eventkey : http://zz.jhzh66.com/app/index.php?i=8&c=entry&eid=194 ;
menuid : 425225551 ;
from : oSI4Lj_x5WeeYqzV5qYQed3c_Yhk ;
to : gh_0c02969f70a6 ;
time : 1524652117 ;
type : event ;

2018-04-25 18:28:38 params :
------------
Array:
rule : -2 ;
module :  ;
message : Array ;

2018-04-25 18:28:38 response :
------------

2018-04-25 18:48:45 trace :
------------
Array:
tousername : gh_0c02969f70a6 ;
fromusername : oSI4Lj1n1DqiQp4ny9-h7ubZHgl8 ;
createtime : 1524653325 ;
msgtype : event ;
event : VIEW ;
eventkey : http://zz.jhzh66.com/app/index.php?i=8&c=entry&eid=194 ;
menuid : 425225551 ;
from : oSI4Lj1n1DqiQp4ny9-h7ubZHgl8 ;
to : gh_0c02969f70a6 ;
time : 1524653325 ;
type : event ;

2018-04-25 18:48:45 params :
------------
Array:
rule : -2 ;
module :  ;
message : Array ;

2018-04-25 18:48:45 response :
------------

2018-04-25 18:48:49 trace :
------------
Array:
tousername : gh_0c02969f70a6 ;
fromusername : oSI4Lj2A38mlIMgT7A0rcBYemkP0 ;
createtime : 1524653329 ;
msgtype : event ;
event : SCAN ;
eventkey : ee395d04ec5fadc2f67c47c95fdc0447 ;
ticket : gQFT8TwAAAAAAAAAAS5odHRwOi8vd2VpeGluLnFxLmNvbS9xLzAycGRmMEJPOGU4YmYxMDAwMDAwN2YAAgRE9rxaAwQAAAAA ;
from : oSI4Lj2A38mlIMgT7A0rcBYemkP0 ;
to : gh_0c02969f70a6 ;
time : 1524653329 ;
type : subscribe ;
scene : ee395d04ec5fadc2f67c47c95fdc0447 ;

2018-04-25 18:50:01 trace :
------------
Array:
tousername : gh_0c02969f70a6 ;
fromusername : oSI4Lj_Pp-pHKail6hI9K7lHnVM0 ;
createtime : 1524653401 ;
msgtype : event ;
event : subscribe ;
eventkey : last_trade_no_4200000068201804255920998488 ;
from : oSI4Lj_Pp-pHKail6hI9K7lHnVM0 ;
to : gh_0c02969f70a6 ;
time : 1524653401 ;
type : subscribe ;
scene : last_trade_no_4200000068201804255920998488 ;

2018-04-25 18:50:01 params :
------------
Array:
message : Array ;
module : sz_yi ;
rule : 949 ;
priority : 0 ;
keyword : Array ;

2018-04-25 18:50:01 response :
------------
Array:
FromUserName : gh_0c02969f70a6 ;
ToUserName : oSI4Lj_Pp-pHKail6hI9K7lHnVM0 ;
MsgType : text ;
Content : 感谢您的关注! ;

2018-04-25 18:52:55 trace :
------------
Array:
tousername : gh_0c02969f70a6 ;
fromusername : oSI4Lj27p4JAghK_npAVC3DmhyRM ;
createtime : 1524653575 ;
msgtype : event ;
event : subscribe ;
eventkey : last_trade_no_4200000054201804255919828496 ;
from : oSI4Lj27p4JAghK_npAVC3DmhyRM ;
to : gh_0c02969f70a6 ;
time : 1524653575 ;
type : subscribe ;
scene : last_trade_no_4200000054201804255919828496 ;

2018-04-25 18:52:56 params :
------------
Array:
message : Array ;
module : sz_yi ;
rule : 949 ;
priority : 0 ;
keyword : Array ;

2018-04-25 18:52:56 response :
------------
Array:
FromUserName : gh_0c02969f70a6 ;
ToUserName : oSI4Lj27p4JAghK_npAVC3DmhyRM ;
MsgType : text ;
Content : 感谢您的关注! ;

2018-04-25 18:57:08 trace :
------------
Array:
tousername : gh_0c02969f70a6 ;
fromusername : oSI4Lj2NPUeo82S2pur4Tmx-EqT8 ;
createtime : 1524653828 ;
msgtype : event ;
event : subscribe ;
eventkey : last_trade_no_4200000070201804256087167277 ;
from : oSI4Lj2NPUeo82S2pur4Tmx-EqT8 ;
to : gh_0c02969f70a6 ;
time : 1524653828 ;
type : subscribe ;
scene : last_trade_no_4200000070201804256087167277 ;

2018-04-25 18:57:08 params :
------------
Array:
message : Array ;
module : sz_yi ;
rule : 949 ;
priority : 0 ;
keyword : Array ;

2018-04-25 18:57:08 response :
------------
Array:
FromUserName : gh_0c02969f70a6 ;
ToUserName : oSI4Lj2NPUeo82S2pur4Tmx-EqT8 ;
MsgType : text ;
Content : 感谢您的关注! ;

2018-04-25 19:54:44 trace :
------------
Array:
tousername : gh_0c02969f70a6 ;
fromusername : oSI4Lj-IPLzP5hqleucUOxUuiyas ;
createtime : 1524657283 ;
msgtype : event ;
event : subscribe ;
eventkey : qrscene_a88080235f1896fba8e0bb5da8e036f3 ;
ticket : gQEb8TwAAAAAAAAAAS5odHRwOi8vd2VpeGluLnFxLmNvbS9xLzAyOVhjTUFpOGU4YmYxMDAwMDAwN2oAAgR-_sFaAwQAAAAA ;
from : oSI4Lj-IPLzP5hqleucUOxUuiyas ;
to : gh_0c02969f70a6 ;
time : 1524657283 ;
type : subscribe ;
scene : a88080235f1896fba8e0bb5da8e036f3 ;

2018-04-25 19:54:53 trace :
------------
Array:
tousername : gh_0c02969f70a6 ;
fromusername : oSI4Lj-IPLzP5hqleucUOxUuiyas ;
createtime : 1524657293 ;
msgtype : event ;
event : VIEW ;
eventkey : http://zz.jhzh66.com/app/index.php?i=8&c=entry&eid=194 ;
menuid : 425225551 ;
from : oSI4Lj-IPLzP5hqleucUOxUuiyas ;
to : gh_0c02969f70a6 ;
time : 1524657293 ;
type : event ;

2018-04-25 19:54:53 params :
------------
Array:
rule : -2 ;
module :  ;
message : Array ;

2018-04-25 19:54:53 response :
------------

2018-04-25 20:02:03 trace :
------------
Array:
tousername : gh_0c02969f70a6 ;
fromusername : oSI4LjyLAL0U_Is-GNtwxiM5L1oY ;
createtime : 1524657723 ;
msgtype : event ;
event : VIEW ;
eventkey : http://wxsdtkyq7kozrh.b.qun.hk/l/nFVgFpSG ;
menuid : 425225551 ;
from : oSI4LjyLAL0U_Is-GNtwxiM5L1oY ;
to : gh_0c02969f70a6 ;
time : 1524657723 ;
type : event ;

2018-04-25 20:02:03 params :
------------
Array:
rule : -2 ;
module :  ;
message : Array ;

2018-04-25 20:02:03 response :
------------

2018-04-25 20:23:35 trace :
------------
Array:
tousername : gh_0c02969f70a6 ;
fromusername : oSI4Lj2y7JucEOYnhBBOnM6bIlmw ;
createtime : 1524659015 ;
msgtype : event ;
event : VIEW ;
eventkey : http://zz.jhzh66.com/app/index.php?i=8&c=entry&eid=198 ;
menuid : 425225551 ;
from : oSI4Lj2y7JucEOYnhBBOnM6bIlmw ;
to : gh_0c02969f70a6 ;
time : 1524659015 ;
type : event ;

2018-04-25 20:23:35 params :
------------
Array:
rule : -2 ;
module :  ;
message : Array ;

2018-04-25 20:23:35 response :
------------

2018-04-25 20:26:14 trace :
------------
Array:
tousername : gh_0c02969f70a6 ;
fromusername : oSI4Lj2y7JucEOYnhBBOnM6bIlmw ;
createtime : 1524659174 ;
msgtype : event ;
event : VIEW ;
eventkey : https://h5.scene.yqh5.cn/s/6szkjdIq ;
menuid : 425225551 ;
from : oSI4Lj2y7JucEOYnhBBOnM6bIlmw ;
to : gh_0c02969f70a6 ;
time : 1524659174 ;
type : event ;

2018-04-25 20:26:14 params :
------------
Array:
rule : -2 ;
module :  ;
message : Array ;

2018-04-25 20:26:14 response :
------------

2018-04-25 20:29:02 trace :
------------
Array:
tousername : gh_0c02969f70a6 ;
fromusername : oSI4Lj5ePlw6DdC8CU-GNH3EIcPc ;
createtime : 1524659342 ;
msgtype : event ;
event : VIEW ;
eventkey : http://zz.jhzh66.com/app/index.php?i=8&c=entry&eid=194 ;
menuid : 425225551 ;
from : oSI4Lj5ePlw6DdC8CU-GNH3EIcPc ;
to : gh_0c02969f70a6 ;
time : 1524659342 ;
type : event ;

2018-04-25 20:29:02 params :
------------
Array:
rule : -2 ;
module :  ;
message : Array ;

2018-04-25 20:29:02 response :
------------

2018-04-25 20:52:46 trace :
------------
Array:
tousername : gh_0c02969f70a6 ;
fromusername : oSI4Lj-FD68tK79gEqoUnKO1vm6g ;
createtime : 1524660766 ;
msgtype : event ;
event : subscribe ;
eventkey : qrscene_ee395d04ec5fadc2f67c47c95fdc0447 ;
ticket : gQFT8TwAAAAAAAAAAS5odHRwOi8vd2VpeGluLnFxLmNvbS9xLzAycGRmMEJPOGU4YmYxMDAwMDAwN2YAAgRE9rxaAwQAAAAA ;
from : oSI4Lj-FD68tK79gEqoUnKO1vm6g ;
to : gh_0c02969f70a6 ;
time : 1524660766 ;
type : subscribe ;
scene : ee395d04ec5fadc2f67c47c95fdc0447 ;

2018-04-25 21:21:45 trace :
------------
Array:
tousername : gh_0c02969f70a6 ;
fromusername : oSI4Lj9XJGYzxO2_d9p3Mkv-RNc8 ;
createtime : 1524662505 ;
msgtype : event ;
event : VIEW ;
eventkey : http://zz.jhzh66.com/app/index.php?i=8&c=entry&eid=194 ;
menuid : 425225551 ;
from : oSI4Lj9XJGYzxO2_d9p3Mkv-RNc8 ;
to : gh_0c02969f70a6 ;
time : 1524662505 ;
type : event ;

2018-04-25 21:21:45 params :
------------
Array:
rule : -2 ;
module :  ;
message : Array ;

2018-04-25 21:21:45 response :
------------

2018-04-25 21:23:44 trace :
------------
Array:
tousername : gh_0c02969f70a6 ;
fromusername : oSI4Lj-FD68tK79gEqoUnKO1vm6g ;
createtime : 1524662624 ;
msgtype : event ;
event : VIEW ;
eventkey : https://h5.scene.yqh5.cn/s/6szkjdIq ;
menuid : 425225551 ;
from : oSI4Lj-FD68tK79gEqoUnKO1vm6g ;
to : gh_0c02969f70a6 ;
time : 1524662624 ;
type : event ;

2018-04-25 21:23:44 params :
------------
Array:
rule : -2 ;
module :  ;
message : Array ;

2018-04-25 21:23:44 response :
------------

2018-04-25 21:26:33 trace :
------------
Array:
tousername : gh_0c02969f70a6 ;
fromusername : oSI4Lj-FD68tK79gEqoUnKO1vm6g ;
createtime : 1524662793 ;
msgtype : event ;
event : VIEW ;
eventkey : http://www.haolangtech.com/index.php/addon/HotActivity/HotActivity/leagueindex/id/1.html?from=groupmessage&isappinstalled=0 ;
menuid : 425225551 ;
from : oSI4Lj-FD68tK79gEqoUnKO1vm6g ;
to : gh_0c02969f70a6 ;
time : 1524662793 ;
type : event ;

2018-04-25 21:26:33 params :
------------
Array:
rule : -2 ;
module :  ;
message : Array ;

2018-04-25 21:26:33 response :
------------

2018-04-25 21:27:09 trace :
------------
Array:
tousername : gh_0c02969f70a6 ;
fromusername : oSI4Lj-FD68tK79gEqoUnKO1vm6g ;
createtime : 1524662829 ;
msgtype : event ;
event : VIEW ;
eventkey : https://h5.scene.yqh5.cn/s/6szkjdIq ;
menuid : 425225551 ;
from : oSI4Lj-FD68tK79gEqoUnKO1vm6g ;
to : gh_0c02969f70a6 ;
time : 1524662829 ;
type : event ;

2018-04-25 21:27:09 params :
------------
Array:
rule : -2 ;
module :  ;
message : Array ;

2018-04-25 21:27:09 response :
------------

2018-04-25 21:27:19 trace :
------------
Array:
tousername : gh_0c02969f70a6 ;
fromusername : oSI4Lj97Jm2kdczJ4OHYMLb017pk ;
createtime : 1524662839 ;
msgtype : event ;
event : VIEW ;
eventkey : http://zz.jhzh66.com/app/index.php?i=8&c=entry&eid=194 ;
menuid : 425225551 ;
from : oSI4Lj97Jm2kdczJ4OHYMLb017pk ;
to : gh_0c02969f70a6 ;
time : 1524662839 ;
type : event ;

2018-04-25 21:27:19 params :
------------
Array:
rule : -2 ;
module :  ;
message : Array ;

2018-04-25 21:27:19 response :
------------

2018-04-25 21:27:25 trace :
------------
Array:
tousername : gh_0c02969f70a6 ;
fromusername : oSI4Lj-FD68tK79gEqoUnKO1vm6g ;
createtime : 1524662845 ;
msgtype : event ;
event : VIEW ;
eventkey : http://www.haolangtech.com/index.php/addon/HotActivity/HotActivity/leagueindex/id/1.html?from=groupmessage&isappinstalled=0 ;
menuid : 425225551 ;
from : oSI4Lj-FD68tK79gEqoUnKO1vm6g ;
to : gh_0c02969f70a6 ;
time : 1524662845 ;
type : event ;

2018-04-25 21:27:25 params :
------------
Array:
rule : -2 ;
module :  ;
message : Array ;

2018-04-25 21:27:25 response :
------------

2018-04-25 21:28:05 trace :
------------
Array:
tousername : gh_0c02969f70a6 ;
fromusername : oSI4Lj-FD68tK79gEqoUnKO1vm6g ;
createtime : 1524662885 ;
msgtype : event ;
event : VIEW ;
eventkey : http://zz.jhzh66.com/app/index.php?i=8&c=site&a=site&do=detail&id=2 ;
menuid : 425225551 ;
from : oSI4Lj-FD68tK79gEqoUnKO1vm6g ;
to : gh_0c02969f70a6 ;
time : 1524662885 ;
type : event ;

2018-04-25 21:28:05 params :
------------
Array:
rule : -2 ;
module :  ;
message : Array ;

2018-04-25 21:28:05 response :
------------

2018-04-25 21:33:29 trace :
------------
Array:
tousername : gh_0c02969f70a6 ;
fromusername : oSI4Lj-FD68tK79gEqoUnKO1vm6g ;
createtime : 1524663208 ;
msgtype : event ;
event : VIEW ;
eventkey : http://wxsdtkyq7kozrh.b.qun.hk/l/nFVgFpSG ;
menuid : 425225551 ;
from : oSI4Lj-FD68tK79gEqoUnKO1vm6g ;
to : gh_0c02969f70a6 ;
time : 1524663208 ;
type : event ;

2018-04-25 21:33:29 params :
------------
Array:
rule : -2 ;
module :  ;
message : Array ;

2018-04-25 21:33:29 response :
------------

2018-04-25 21:37:48 trace :
------------
Array:
tousername : gh_0c02969f70a6 ;
fromusername : oSI4Lj-FD68tK79gEqoUnKO1vm6g ;
createtime : 1524663468 ;
msgtype : event ;
event : VIEW ;
eventkey : http://zz.jhzh66.com/app/index.php?i=8&c=entry&eid=194 ;
menuid : 425225551 ;
from : oSI4Lj-FD68tK79gEqoUnKO1vm6g ;
to : gh_0c02969f70a6 ;
time : 1524663468 ;
type : event ;

2018-04-25 21:37:48 params :
------------
Array:
rule : -2 ;
module :  ;
message : Array ;

2018-04-25 21:37:48 response :
------------

2018-04-25 21:41:06 trace :
------------
Array:
tousername : gh_0c02969f70a6 ;
fromusername : oSI4Lj-FD68tK79gEqoUnKO1vm6g ;
createtime : 1524663666 ;
msgtype : event ;
event : VIEW ;
eventkey : http://zz.jhzh66.com/app/index.php?i=8&c=entry&eid=198 ;
menuid : 425225551 ;
from : oSI4Lj-FD68tK79gEqoUnKO1vm6g ;
to : gh_0c02969f70a6 ;
time : 1524663666 ;
type : event ;

2018-04-25 21:41:06 params :
------------
Array:
rule : -2 ;
module :  ;
message : Array ;

2018-04-25 21:41:06 response :
------------

2018-04-25 21:46:49 trace :
------------
Array:
tousername : gh_0c02969f70a6 ;
fromusername : oSI4LjzGDzCztrhCP10C7-4flpE4 ;
createtime : 1524664009 ;
msgtype : event ;
event : VIEW ;
eventkey : http://zz.jhzh66.com/app/index.php?i=8&c=entry&eid=194 ;
menuid : 425225551 ;
from : oSI4LjzGDzCztrhCP10C7-4flpE4 ;
to : gh_0c02969f70a6 ;
time : 1524664009 ;
type : event ;

2018-04-25 21:46:49 params :
------------
Array:
rule : -2 ;
module :  ;
message : Array ;

2018-04-25 21:46:49 response :
------------

2018-04-25 21:54:10 trace :
------------
Array:
tousername : gh_0c02969f70a6 ;
fromusername : oSI4LjzGDzCztrhCP10C7-4flpE4 ;
createtime : 1524664449 ;
msgtype : event ;
event : VIEW ;
eventkey : https://h5.scene.yqh5.cn/s/6szkjdIq ;
menuid : 425225551 ;
from : oSI4LjzGDzCztrhCP10C7-4flpE4 ;
to : gh_0c02969f70a6 ;
time : 1524664449 ;
type : event ;

2018-04-25 21:54:10 params :
------------
Array:
rule : -2 ;
module :  ;
message : Array ;

2018-04-25 21:54:10 response :
------------

2018-04-25 21:54:18 trace :
------------
Array:
tousername : gh_0c02969f70a6 ;
fromusername : oSI4LjzGDzCztrhCP10C7-4flpE4 ;
createtime : 1524664457 ;
msgtype : event ;
event : VIEW ;
eventkey : http://zz.jhzh66.com/app/index.php?i=8&c=entry&eid=194 ;
menuid : 425225551 ;
from : oSI4LjzGDzCztrhCP10C7-4flpE4 ;
to : gh_0c02969f70a6 ;
time : 1524664457 ;
type : event ;

2018-04-25 21:54:18 params :
------------
Array:
rule : -2 ;
module :  ;
message : Array ;

2018-04-25 21:54:18 response :
------------

2018-04-25 22:08:42 trace :
------------
Array:
tousername : gh_0c02969f70a6 ;
fromusername : oSI4Lj97Jm2kdczJ4OHYMLb017pk ;
createtime : 1524665322 ;
msgtype : event ;
event : VIEW ;
eventkey : http://zz.jhzh66.com/app/index.php?i=8&c=entry&eid=194 ;
menuid : 425225551 ;
from : oSI4Lj97Jm2kdczJ4OHYMLb017pk ;
to : gh_0c02969f70a6 ;
time : 1524665322 ;
type : event ;

2018-04-25 22:08:42 params :
------------
Array:
rule : -2 ;
module :  ;
message : Array ;

2018-04-25 22:08:42 response :
------------

2018-04-25 22:44:49 trace :
------------
Array:
tousername : gh_0c02969f70a6 ;
fromusername : oSI4Lj97Jm2kdczJ4OHYMLb017pk ;
createtime : 1524667489 ;
msgtype : event ;
event : VIEW ;
eventkey : http://zz.jhzh66.com/app/index.php?i=8&c=entry&eid=194 ;
menuid : 425225551 ;
from : oSI4Lj97Jm2kdczJ4OHYMLb017pk ;
to : gh_0c02969f70a6 ;
time : 1524667489 ;
type : event ;

2018-04-25 22:44:49 params :
------------
Array:
rule : -2 ;
module :  ;
message : Array ;

2018-04-25 22:44:49 response :
------------

2018-04-25 22:46:45 trace :
------------
Array:
tousername : gh_0c02969f70a6 ;
fromusername : oSI4Lj97Jm2kdczJ4OHYMLb017pk ;
createtime : 1524667605 ;
msgtype : event ;
event : VIEW ;
eventkey : http://zz.jhzh66.com/app/index.php?i=8&c=entry&eid=194 ;
menuid : 425225551 ;
from : oSI4Lj97Jm2kdczJ4OHYMLb017pk ;
to : gh_0c02969f70a6 ;
time : 1524667605 ;
type : event ;

2018-04-25 22:46:45 params :
------------
Array:
rule : -2 ;
module :  ;
message : Array ;

2018-04-25 22:46:45 response :
------------

2018-04-25 22:47:50 trace :
------------
Array:
tousername : gh_0c02969f70a6 ;
fromusername : oSI4Lj4yFCpcS4tKrigfMl85T0o0 ;
createtime : 1524667670 ;
msgtype : event ;
event : VIEW ;
eventkey : https://h5.scene.yqh5.cn/s/6szkjdIq ;
menuid : 425225551 ;
from : oSI4Lj4yFCpcS4tKrigfMl85T0o0 ;
to : gh_0c02969f70a6 ;
time : 1524667670 ;
type : event ;

2018-04-25 22:47:50 params :
------------
Array:
rule : -2 ;
module :  ;
message : Array ;

2018-04-25 22:47:50 response :
------------

2018-04-25 22:49:27 trace :
------------
Array:
tousername : gh_0c02969f70a6 ;
fromusername : oSI4Lj4yFCpcS4tKrigfMl85T0o0 ;
createtime : 1524667767 ;
msgtype : event ;
event : CLICK ;
eventkey : 关注 ;
from : oSI4Lj4yFCpcS4tKrigfMl85T0o0 ;
to : gh_0c02969f70a6 ;
time : 1524667767 ;
type : event ;

2018-04-25 22:50:01 trace :
------------
Array:
tousername : gh_0c02969f70a6 ;
fromusername : oSI4Lj4yFCpcS4tKrigfMl85T0o0 ;
createtime : 1524667801 ;
msgtype : event ;
event : VIEW ;
eventkey : http://zz.jhzh66.com/app/index.php?i=8&c=entry&eid=194 ;
menuid : 425225551 ;
from : oSI4Lj4yFCpcS4tKrigfMl85T0o0 ;
to : gh_0c02969f70a6 ;
time : 1524667801 ;
type : event ;

2018-04-25 22:50:01 params :
------------
Array:
rule : -2 ;
module :  ;
message : Array ;

2018-04-25 22:50:01 response :
------------

2018-04-25 22:53:31 trace :
------------
Array:
tousername : gh_0c02969f70a6 ;
fromusername : oSI4LjyHUqsKQ2U6jJYcy4lCjBVA ;
createtime : 1524668011 ;
msgtype : event ;
event : SCAN ;
eventkey : 24888a9def91b84004004ee50a4c7c4d ;
ticket : gQHg8TwAAAAAAAAAAS5odHRwOi8vd2VpeGluLnFxLmNvbS9xLzAydXU0UkIyOGU4YmYxMDAwMGcwNzQAAgTF5tBaAwQAAAAA ;
from : oSI4LjyHUqsKQ2U6jJYcy4lCjBVA ;
to : gh_0c02969f70a6 ;
time : 1524668011 ;
type : subscribe ;
scene : 24888a9def91b84004004ee50a4c7c4d ;

2018-04-25 23:26:36 trace :
------------
Array:
tousername : gh_0c02969f70a6 ;
fromusername : oSI4Lj45vQIRyuGcoYTjxCEkND_4 ;
createtime : 1524669996 ;
msgtype : event ;
event : subscribe ;
eventkey : qrscene_24888a9def91b84004004ee50a4c7c4d ;
ticket : gQHg8TwAAAAAAAAAAS5odHRwOi8vd2VpeGluLnFxLmNvbS9xLzAydXU0UkIyOGU4YmYxMDAwMGcwNzQAAgTF5tBaAwQAAAAA ;
from : oSI4Lj45vQIRyuGcoYTjxCEkND_4 ;
to : gh_0c02969f70a6 ;
time : 1524669996 ;
type : subscribe ;
scene : 24888a9def91b84004004ee50a4c7c4d ;

2018-04-25 23:26:40 trace :
------------
Array:
tousername : gh_0c02969f70a6 ;
fromusername : oSI4Lj45vQIRyuGcoYTjxCEkND_4 ;
createtime : 1524670000 ;
msgtype : event ;
event : VIEW ;
eventkey : https://h5.scene.yqh5.cn/s/6szkjdIq ;
menuid : 425225551 ;
from : oSI4Lj45vQIRyuGcoYTjxCEkND_4 ;
to : gh_0c02969f70a6 ;
time : 1524670000 ;
type : event ;

2018-04-25 23:26:40 params :
------------
Array:
rule : -2 ;
module :  ;
message : Array ;

2018-04-25 23:26:40 response :
------------

2018-04-25 23:26:57 trace :
------------
Array:
tousername : gh_0c02969f70a6 ;
fromusername : oSI4Lj45vQIRyuGcoYTjxCEkND_4 ;
createtime : 1524670017 ;
msgtype : event ;
event : SCAN ;
eventkey : 24888a9def91b84004004ee50a4c7c4d ;
ticket : gQHg8TwAAAAAAAAAAS5odHRwOi8vd2VpeGluLnFxLmNvbS9xLzAydXU0UkIyOGU4YmYxMDAwMGcwNzQAAgTF5tBaAwQAAAAA ;
from : oSI4Lj45vQIRyuGcoYTjxCEkND_4 ;
to : gh_0c02969f70a6 ;
time : 1524670017 ;
type : subscribe ;
scene : 24888a9def91b84004004ee50a4c7c4d ;

2018-04-25 23:27:08 trace :
------------
Array:
tousername : gh_0c02969f70a6 ;
fromusername : oSI4Lj45vQIRyuGcoYTjxCEkND_4 ;
createtime : 1524670028 ;
msgtype : event ;
event : VIEW ;
eventkey : http://www.haolangtech.com/index.php/addon/HotActivity/HotActivity/leagueindex/id/1.html?from=groupmessage&isappinstalled=0 ;
menuid : 425225551 ;
from : oSI4Lj45vQIRyuGcoYTjxCEkND_4 ;
to : gh_0c02969f70a6 ;
time : 1524670028 ;
type : event ;

2018-04-25 23:27:08 params :
------------
Array:
rule : -2 ;
module :  ;
message : Array ;

2018-04-25 23:27:08 response :
------------

2018-04-25 23:27:36 trace :
------------
Array:
tousername : gh_0c02969f70a6 ;
fromusername : oSI4Lj45vQIRyuGcoYTjxCEkND_4 ;
createtime : 1524670056 ;
msgtype : event ;
event : VIEW ;
eventkey : http://www.haolangtech.com/index.php?s=/Home/New/crowdfundingindex/id/22.html ;
menuid : 425225551 ;
from : oSI4Lj45vQIRyuGcoYTjxCEkND_4 ;
to : gh_0c02969f70a6 ;
time : 1524670056 ;
type : event ;

2018-04-25 23:27:36 params :
------------
Array:
rule : -2 ;
module :  ;
message : Array ;

2018-04-25 23:27:36 response :
------------

2018-04-25 23:28:00 trace :
------------
Array:
tousername : gh_0c02969f70a6 ;
fromusername : oSI4Lj45vQIRyuGcoYTjxCEkND_4 ;
createtime : 1524670080 ;
msgtype : event ;
event : VIEW ;
eventkey : http://wxsdtkyq7kozrh.b.qun.hk/l/nFVgFpSG ;
menuid : 425225551 ;
from : oSI4Lj45vQIRyuGcoYTjxCEkND_4 ;
to : gh_0c02969f70a6 ;
time : 1524670080 ;
type : event ;

2018-04-25 23:28:00 params :
------------
Array:
rule : -2 ;
module :  ;
message : Array ;

2018-04-25 23:28:00 response :
------------

2018-04-25 23:28:24 trace :
------------
Array:
tousername : gh_0c02969f70a6 ;
fromusername : oSI4Lj45vQIRyuGcoYTjxCEkND_4 ;
createtime : 1524670104 ;
msgtype : event ;
event : VIEW ;
eventkey : http://zz.jhzh66.com/app/index.php?i=8&c=entry&eid=194 ;
menuid : 425225551 ;
from : oSI4Lj45vQIRyuGcoYTjxCEkND_4 ;
to : gh_0c02969f70a6 ;
time : 1524670104 ;
type : event ;

2018-04-25 23:28:24 params :
------------
Array:
rule : -2 ;
module :  ;
message : Array ;

2018-04-25 23:28:24 response :
------------

2018-04-25 23:29:32 trace :
------------
Array:
tousername : gh_0c02969f70a6 ;
fromusername : oSI4Lj0gfghrvyv_riNcHchEskp8 ;
createtime : 1524670172 ;
msgtype : event ;
event : VIEW ;
eventkey : http://zz.jhzh66.com/app/index.php?i=8&c=entry&eid=198 ;
menuid : 425225551 ;
from : oSI4Lj0gfghrvyv_riNcHchEskp8 ;
to : gh_0c02969f70a6 ;
time : 1524670172 ;
type : event ;

2018-04-25 23:29:32 params :
------------
Array:
rule : -2 ;
module :  ;
message : Array ;

2018-04-25 23:29:32 response :
------------

2018-04-25 23:44:10 trace :
------------
Array:
tousername : gh_0c02969f70a6 ;
fromusername : oSI4Lj7HwkBCuORzZlkP5zBAEjhc ;
createtime : 1524671050 ;
msgtype : event ;
event : subscribe ;
eventkey : qrscene_a88080235f1896fba8e0bb5da8e036f3 ;
ticket : gQEb8TwAAAAAAAAAAS5odHRwOi8vd2VpeGluLnFxLmNvbS9xLzAyOVhjTUFpOGU4YmYxMDAwMDAwN2oAAgR-_sFaAwQAAAAA ;
from : oSI4Lj7HwkBCuORzZlkP5zBAEjhc ;
to : gh_0c02969f70a6 ;
time : 1524671050 ;
type : subscribe ;
scene : a88080235f1896fba8e0bb5da8e036f3 ;

2018-04-25 23:56:26 trace :
------------
Array:
tousername : gh_0c02969f70a6 ;
fromusername : oSI4Lj2LZ90jay6voipdeadn6KaU ;
createtime : 1524671786 ;
msgtype : event ;
event : subscribe ;
eventkey : qrscene_24888a9def91b84004004ee50a4c7c4d ;
ticket : gQHg8TwAAAAAAAAAAS5odHRwOi8vd2VpeGluLnFxLmNvbS9xLzAydXU0UkIyOGU4YmYxMDAwMGcwNzQAAgTF5tBaAwQAAAAA ;
from : oSI4Lj2LZ90jay6voipdeadn6KaU ;
to : gh_0c02969f70a6 ;
time : 1524671786 ;
type : subscribe ;
scene : 24888a9def91b84004004ee50a4c7c4d ;

