2018-04-08 06:28:55 trace :
------------
Array:
tousername : gh_0c02969f70a6 ;
fromusername : oSI4Lj2DaGdLsV6ISO4LlJKof25k ;
createtime : 1523140135 ;
msgtype : event ;
event : subscribe ;
eventkey : qrscene_35e1c0e3921cd033df6c7d33b7178c2d ;
ticket : gQHH8TwAAAAAAAAAAS5odHRwOi8vd2VpeGluLnFxLmNvbS9xLzAyOHJKbUE2OGU4YmYxMDAwME0wN1EAAgT72shaAwQAAAAA ;
from : oSI4Lj2DaGdLsV6ISO4LlJKof25k ;
to : gh_0c02969f70a6 ;
time : 1523140135 ;
type : subscribe ;
scene : 35e1c0e3921cd033df6c7d33b7178c2d ;

2018-04-08 06:29:03 trace :
------------
Array:
tousername : gh_0c02969f70a6 ;
fromusername : oSI4Lj2DaGdLsV6ISO4LlJKof25k ;
createtime : 1523140143 ;
msgtype : event ;
event : CLICK ;
eventkey : 关注 ;
from : oSI4Lj2DaGdLsV6ISO4LlJKof25k ;
to : gh_0c02969f70a6 ;
time : 1523140143 ;
type : event ;

2018-04-08 06:29:15 trace :
------------
Array:
tousername : gh_0c02969f70a6 ;
fromusername : oSI4Lj2DaGdLsV6ISO4LlJKof25k ;
createtime : 1523140155 ;
msgtype : event ;
event : VIEW ;
eventkey : http://zz.jhzh66.com/app/index.php?i=8&c=entry&eid=194 ;
menuid : 425095602 ;
from : oSI4Lj2DaGdLsV6ISO4LlJKof25k ;
to : gh_0c02969f70a6 ;
time : 1523140155 ;
type : event ;

2018-04-08 06:29:15 params :
------------
Array:
rule : -2 ;
module :  ;
message : Array ;

2018-04-08 06:29:15 response :
------------

2018-04-08 06:53:08 trace :
------------
Array:
tousername : gh_0c02969f70a6 ;
fromusername : oSI4LjzGDzCztrhCP10C7-4flpE4 ;
createtime : 1523141587 ;
msgtype : event ;
event : VIEW ;
eventkey : http://zz.jhzh66.com/app/index.php?i=8&c=entry&eid=194 ;
menuid : 425095602 ;
from : oSI4LjzGDzCztrhCP10C7-4flpE4 ;
to : gh_0c02969f70a6 ;
time : 1523141587 ;
type : event ;

2018-04-08 06:53:08 params :
------------
Array:
rule : -2 ;
module :  ;
message : Array ;

2018-04-08 06:53:08 response :
------------

2018-04-08 07:22:17 trace :
------------
Array:
tousername : gh_0c02969f70a6 ;
fromusername : oSI4LjzGDzCztrhCP10C7-4flpE4 ;
createtime : 1523143337 ;
msgtype : event ;
event : VIEW ;
eventkey : http://zz.jhzh66.com/app/index.php?i=8&c=entry&eid=194 ;
menuid : 425095602 ;
from : oSI4LjzGDzCztrhCP10C7-4flpE4 ;
to : gh_0c02969f70a6 ;
time : 1523143337 ;
type : event ;

2018-04-08 07:22:17 params :
------------
Array:
rule : -2 ;
module :  ;
message : Array ;

2018-04-08 07:22:17 response :
------------

2018-04-08 07:23:25 trace :
------------
Array:
tousername : gh_0c02969f70a6 ;
fromusername : oSI4LjzGDzCztrhCP10C7-4flpE4 ;
createtime : 1523143405 ;
msgtype : event ;
event : VIEW ;
eventkey : http://zz.jhzh66.com/app/index.php?i=8&c=entry&eid=198 ;
menuid : 425095602 ;
from : oSI4LjzGDzCztrhCP10C7-4flpE4 ;
to : gh_0c02969f70a6 ;
time : 1523143405 ;
type : event ;

2018-04-08 07:23:25 params :
------------
Array:
rule : -2 ;
module :  ;
message : Array ;

2018-04-08 07:23:25 response :
------------

2018-04-08 07:23:37 trace :
------------
Array:
tousername : gh_0c02969f70a6 ;
fromusername : oSI4LjzGDzCztrhCP10C7-4flpE4 ;
createtime : 1523143417 ;
msgtype : event ;
event : VIEW ;
eventkey : http://zz.jhzh66.com/app/index.php?i=8&c=home&t=8 ;
menuid : 425095602 ;
from : oSI4LjzGDzCztrhCP10C7-4flpE4 ;
to : gh_0c02969f70a6 ;
time : 1523143417 ;
type : event ;

2018-04-08 07:23:37 params :
------------
Array:
rule : -2 ;
module :  ;
message : Array ;

2018-04-08 07:23:37 response :
------------

2018-04-08 07:24:03 trace :
------------
Array:
tousername : gh_0c02969f70a6 ;
fromusername : oSI4LjzGDzCztrhCP10C7-4flpE4 ;
createtime : 1523143443 ;
msgtype : event ;
event : VIEW ;
eventkey : http://zz11.com.cn/plugin.php?id=wechat:access ;
menuid : 425095602 ;
from : oSI4LjzGDzCztrhCP10C7-4flpE4 ;
to : gh_0c02969f70a6 ;
time : 1523143443 ;
type : event ;

2018-04-08 07:24:03 params :
------------
Array:
rule : -2 ;
module :  ;
message : Array ;

2018-04-08 07:24:03 response :
------------

2018-04-08 08:35:39 trace :
------------
Array:
tousername : gh_0c02969f70a6 ;
fromusername : oSI4LjxYmGsHm31gXRS-Tnxvg-vI ;
createtime : 1523147739 ;
msgtype : event ;
event : subscribe ;
eventkey : qrscene_441d12c43078f0cf04879aa1087cf535 ;
ticket : gQGk8TwAAAAAAAAAAS5odHRwOi8vd2VpeGluLnFxLmNvbS9xLzAyRUVfTEExOGU4YmYxMDAwMGcwN3cAAgRbj8daAwQAAAAA ;
from : oSI4LjxYmGsHm31gXRS-Tnxvg-vI ;
to : gh_0c02969f70a6 ;
time : 1523147739 ;
type : subscribe ;
scene : 441d12c43078f0cf04879aa1087cf535 ;

2018-04-08 08:35:46 trace :
------------
Array:
tousername : gh_0c02969f70a6 ;
fromusername : oSI4LjxYmGsHm31gXRS-Tnxvg-vI ;
createtime : 1523147746 ;
msgtype : event ;
event : VIEW ;
eventkey : http://zz11.com.cn/plugin.php?id=wechat:access ;
menuid : 425095602 ;
from : oSI4LjxYmGsHm31gXRS-Tnxvg-vI ;
to : gh_0c02969f70a6 ;
time : 1523147746 ;
type : event ;

2018-04-08 08:35:46 params :
------------
Array:
rule : -2 ;
module :  ;
message : Array ;

2018-04-08 08:35:46 response :
------------

2018-04-08 08:36:00 trace :
------------
Array:
tousername : gh_0c02969f70a6 ;
fromusername : oSI4LjxYmGsHm31gXRS-Tnxvg-vI ;
createtime : 1523147760 ;
msgtype : event ;
event : VIEW ;
eventkey : http://zz.jhzh66.com/app/index.php?i=8&c=entry&eid=194 ;
menuid : 425095602 ;
from : oSI4LjxYmGsHm31gXRS-Tnxvg-vI ;
to : gh_0c02969f70a6 ;
time : 1523147760 ;
type : event ;

2018-04-08 08:36:00 params :
------------
Array:
rule : -2 ;
module :  ;
message : Array ;

2018-04-08 08:36:00 response :
------------

2018-04-08 09:20:35 trace :
------------
Array:
tousername : gh_0c02969f70a6 ;
fromusername : oSI4LjyLAL0U_Is-GNtwxiM5L1oY ;
createtime : 1523150434 ;
msgtype : event ;
event : VIEW ;
eventkey : http://zz.jhzh66.com/app/index.php?i=8&c=entry&eid=198 ;
menuid : 425095602 ;
from : oSI4LjyLAL0U_Is-GNtwxiM5L1oY ;
to : gh_0c02969f70a6 ;
time : 1523150434 ;
type : event ;

2018-04-08 09:20:35 params :
------------
Array:
rule : -2 ;
module :  ;
message : Array ;

2018-04-08 09:20:35 response :
------------

2018-04-08 09:54:52 trace :
------------
Array:
tousername : gh_0c02969f70a6 ;
fromusername : oSI4Lj_fVLc-DPZySqUSKsCXuyOo ;
createtime : 1523152492 ;
msgtype : event ;
event : VIEW ;
eventkey : http://zz.jhzh66.com/app/index.php?i=8&c=entry&eid=194 ;
menuid : 425095602 ;
from : oSI4Lj_fVLc-DPZySqUSKsCXuyOo ;
to : gh_0c02969f70a6 ;
time : 1523152492 ;
type : event ;

2018-04-08 09:54:52 params :
------------
Array:
rule : -2 ;
module :  ;
message : Array ;

2018-04-08 09:54:52 response :
------------

2018-04-08 10:14:09 trace :
------------
Array:
tousername : gh_0c02969f70a6 ;
fromusername : oSI4Lj12DtOJC_Soe7r5__BrO70g ;
createtime : 1523153648 ;
msgtype : event ;
event : subscribe ;
eventkey : qrscene_5141e420449e42c7df87975ef87074b6 ;
ticket : gQHp8TwAAAAAAAAAAS5odHRwOi8vd2VpeGluLnFxLmNvbS9xLzAyZjNCWkJmOGU4YmYxMDAwMDAwN2oAAgTj86RaAwQAAAAA ;
from : oSI4Lj12DtOJC_Soe7r5__BrO70g ;
to : gh_0c02969f70a6 ;
time : 1523153648 ;
type : subscribe ;
scene : 5141e420449e42c7df87975ef87074b6 ;

2018-04-08 10:18:51 trace :
------------
Array:
tousername : gh_0c02969f70a6 ;
fromusername : oSI4Lj97Jm2kdczJ4OHYMLb017pk ;
createtime : 1523153931 ;
msgtype : event ;
event : VIEW ;
eventkey : http://zz.jhzh66.com/app/index.php?i=8&c=entry&eid=194 ;
menuid : 425095602 ;
from : oSI4Lj97Jm2kdczJ4OHYMLb017pk ;
to : gh_0c02969f70a6 ;
time : 1523153931 ;
type : event ;

2018-04-08 10:18:51 params :
------------
Array:
rule : -2 ;
module :  ;
message : Array ;

2018-04-08 10:18:51 response :
------------

2018-04-08 10:19:17 trace :
------------
Array:
tousername : gh_0c02969f70a6 ;
fromusername : oSI4Lj97Jm2kdczJ4OHYMLb017pk ;
createtime : 1523153957 ;
msgtype : event ;
event : VIEW ;
eventkey : http://zz.jhzh66.com/app/index.php?i=8&c=entry&eid=194 ;
menuid : 425095602 ;
from : oSI4Lj97Jm2kdczJ4OHYMLb017pk ;
to : gh_0c02969f70a6 ;
time : 1523153957 ;
type : event ;

2018-04-08 10:19:17 params :
------------
Array:
rule : -2 ;
module :  ;
message : Array ;

2018-04-08 10:19:17 response :
------------

2018-04-08 10:19:45 trace :
------------
Array:
tousername : gh_0c02969f70a6 ;
fromusername : oSI4Lj97Jm2kdczJ4OHYMLb017pk ;
createtime : 1523153985 ;
msgtype : event ;
event : VIEW ;
eventkey : http://zz.jhzh66.com/app/index.php?i=8&c=entry&eid=194 ;
menuid : 425095602 ;
from : oSI4Lj97Jm2kdczJ4OHYMLb017pk ;
to : gh_0c02969f70a6 ;
time : 1523153985 ;
type : event ;

2018-04-08 10:19:45 params :
------------
Array:
rule : -2 ;
module :  ;
message : Array ;

2018-04-08 10:19:45 response :
------------

2018-04-08 10:22:41 trace :
------------
Array:
tousername : gh_0c02969f70a6 ;
fromusername : oSI4Lj97Jm2kdczJ4OHYMLb017pk ;
createtime : 1523154160 ;
msgtype : event ;
event : VIEW ;
eventkey : http://zz.jhzh66.com/app/index.php?i=8&c=entry&eid=194 ;
menuid : 425095602 ;
from : oSI4Lj97Jm2kdczJ4OHYMLb017pk ;
to : gh_0c02969f70a6 ;
time : 1523154160 ;
type : event ;

2018-04-08 10:22:41 params :
------------
Array:
rule : -2 ;
module :  ;
message : Array ;

2018-04-08 10:22:41 response :
------------

2018-04-08 10:26:22 trace :
------------
Array:
tousername : gh_0c02969f70a6 ;
fromusername : oSI4LjxMqcTT0PhOsXTJrtxdR4NU ;
createtime : 1523154382 ;
msgtype : event ;
event : VIEW ;
eventkey : http://zz.jhzh66.com/app/index.php?i=8&c=home&t=8 ;
menuid : 425095602 ;
from : oSI4LjxMqcTT0PhOsXTJrtxdR4NU ;
to : gh_0c02969f70a6 ;
time : 1523154382 ;
type : event ;

2018-04-08 10:26:22 params :
------------
Array:
rule : -2 ;
module :  ;
message : Array ;

2018-04-08 10:26:22 response :
------------

2018-04-08 10:26:40 trace :
------------
Array:
tousername : gh_0c02969f70a6 ;
fromusername : oSI4LjxMqcTT0PhOsXTJrtxdR4NU ;
createtime : 1523154400 ;
msgtype : event ;
event : VIEW ;
eventkey : https://h5.scene.yqh5.cn/s/6szkjdIq ;
menuid : 425095602 ;
from : oSI4LjxMqcTT0PhOsXTJrtxdR4NU ;
to : gh_0c02969f70a6 ;
time : 1523154400 ;
type : event ;

2018-04-08 10:26:40 params :
------------
Array:
rule : -2 ;
module :  ;
message : Array ;

2018-04-08 10:26:40 response :
------------

2018-04-08 10:27:46 trace :
------------
Array:
tousername : gh_0c02969f70a6 ;
fromusername : oSI4Lj17As79KTBk8dJMskxWiL2E ;
createtime : 1523154466 ;
msgtype : event ;
event : VIEW ;
eventkey : http://zz.jhzh66.com/app/index.php?i=8&c=entry&eid=194 ;
menuid : 425095602 ;
from : oSI4Lj17As79KTBk8dJMskxWiL2E ;
to : gh_0c02969f70a6 ;
time : 1523154466 ;
type : event ;

2018-04-08 10:27:46 params :
------------
Array:
rule : -2 ;
module :  ;
message : Array ;

2018-04-08 10:27:46 response :
------------

2018-04-08 10:28:20 trace :
------------
Array:
tousername : gh_0c02969f70a6 ;
fromusername : oSI4Lj4D4s1OS7Tx2J5YcCVk40og ;
createtime : 1523154500 ;
msgtype : event ;
event : VIEW ;
eventkey : http://zz.jhzh66.com/app/index.php?i=8&c=entry&eid=194 ;
menuid : 425095602 ;
from : oSI4Lj4D4s1OS7Tx2J5YcCVk40og ;
to : gh_0c02969f70a6 ;
time : 1523154500 ;
type : event ;

2018-04-08 10:28:20 params :
------------
Array:
rule : -2 ;
module :  ;
message : Array ;

2018-04-08 10:28:20 response :
------------

2018-04-08 10:29:03 trace :
------------
Array:
tousername : gh_0c02969f70a6 ;
fromusername : oSI4Lj4D4s1OS7Tx2J5YcCVk40og ;
createtime : 1523154543 ;
msgtype : event ;
event : VIEW ;
eventkey : http://zz.jhzh66.com/app/index.php?i=8&c=entry&eid=194 ;
menuid : 425095602 ;
from : oSI4Lj4D4s1OS7Tx2J5YcCVk40og ;
to : gh_0c02969f70a6 ;
time : 1523154543 ;
type : event ;

2018-04-08 10:29:03 params :
------------
Array:
rule : -2 ;
module :  ;
message : Array ;

2018-04-08 10:29:03 response :
------------

2018-04-08 10:29:19 trace :
------------
Array:
tousername : gh_0c02969f70a6 ;
fromusername : oSI4Lj_fVLc-DPZySqUSKsCXuyOo ;
createtime : 1523154559 ;
msgtype : event ;
event : VIEW ;
eventkey : http://zz.jhzh66.com/app/index.php?i=8&c=entry&eid=198 ;
menuid : 425095602 ;
from : oSI4Lj_fVLc-DPZySqUSKsCXuyOo ;
to : gh_0c02969f70a6 ;
time : 1523154559 ;
type : event ;

2018-04-08 10:29:19 params :
------------
Array:
rule : -2 ;
module :  ;
message : Array ;

2018-04-08 10:29:19 response :
------------

2018-04-08 10:29:42 trace :
------------
Array:
tousername : gh_0c02969f70a6 ;
fromusername : oSI4Lj4D4s1OS7Tx2J5YcCVk40og ;
createtime : 1523154582 ;
msgtype : event ;
event : VIEW ;
eventkey : http://zz.jhzh66.com/app/index.php?i=8&c=entry&eid=194 ;
menuid : 425095602 ;
from : oSI4Lj4D4s1OS7Tx2J5YcCVk40og ;
to : gh_0c02969f70a6 ;
time : 1523154582 ;
type : event ;

2018-04-08 10:29:42 params :
------------
Array:
rule : -2 ;
module :  ;
message : Array ;

2018-04-08 10:29:42 response :
------------

2018-04-08 10:44:05 trace :
------------
Array:
tousername : gh_0c02969f70a6 ;
fromusername : oSI4Lj4D4s1OS7Tx2J5YcCVk40og ;
createtime : 1523155445 ;
msgtype : event ;
event : VIEW ;
eventkey : http://zz.jhzh66.com/app/index.php?i=8&c=entry&eid=194 ;
menuid : 425095602 ;
from : oSI4Lj4D4s1OS7Tx2J5YcCVk40og ;
to : gh_0c02969f70a6 ;
time : 1523155445 ;
type : event ;

2018-04-08 10:44:05 params :
------------
Array:
rule : -2 ;
module :  ;
message : Array ;

2018-04-08 10:44:05 response :
------------

2018-04-08 10:45:08 trace :
------------
Array:
tousername : gh_0c02969f70a6 ;
fromusername : oSI4Lj5D61_7BG83NnJxajctGnRw ;
createtime : 1523155508 ;
msgtype : event ;
event : subscribe ;
eventkey : qrscene_e63f191ace780031e0e627a9424150eb ;
ticket : gQHE8TwAAAAAAAAAAS5odHRwOi8vd2VpeGluLnFxLmNvbS9xLzAySUcxYUFYOGU4YmYxMDAwME0wNzAAAgRxrMFaAwQAAAAA ;
from : oSI4Lj5D61_7BG83NnJxajctGnRw ;
to : gh_0c02969f70a6 ;
time : 1523155508 ;
type : subscribe ;
scene : e63f191ace780031e0e627a9424150eb ;

2018-04-08 10:53:11 trace :
------------
Array:
tousername : gh_0c02969f70a6 ;
fromusername : oSI4Lj4D4s1OS7Tx2J5YcCVk40og ;
createtime : 1523155991 ;
msgtype : event ;
event : VIEW ;
eventkey : http://zz.jhzh66.com/app/index.php?i=8&c=entry&eid=194 ;
menuid : 425095602 ;
from : oSI4Lj4D4s1OS7Tx2J5YcCVk40og ;
to : gh_0c02969f70a6 ;
time : 1523155991 ;
type : event ;

2018-04-08 10:53:11 params :
------------
Array:
rule : -2 ;
module :  ;
message : Array ;

2018-04-08 10:53:11 response :
------------

2018-04-08 10:55:26 trace :
------------
Array:
tousername : gh_0c02969f70a6 ;
fromusername : oSI4Lj4D4s1OS7Tx2J5YcCVk40og ;
createtime : 1523156126 ;
msgtype : event ;
event : VIEW ;
eventkey : http://zz.jhzh66.com/app/index.php?i=8&c=entry&eid=194 ;
menuid : 425095602 ;
from : oSI4Lj4D4s1OS7Tx2J5YcCVk40og ;
to : gh_0c02969f70a6 ;
time : 1523156126 ;
type : event ;

2018-04-08 10:55:26 params :
------------
Array:
rule : -2 ;
module :  ;
message : Array ;

2018-04-08 10:55:26 response :
------------

2018-04-08 11:05:04 trace :
------------
Array:
tousername : gh_0c02969f70a6 ;
fromusername : oSI4Lj_fVLc-DPZySqUSKsCXuyOo ;
createtime : 1523156704 ;
msgtype : event ;
event : VIEW ;
eventkey : http://zz.jhzh66.com/app/index.php?i=8&c=entry&eid=198 ;
menuid : 425095602 ;
from : oSI4Lj_fVLc-DPZySqUSKsCXuyOo ;
to : gh_0c02969f70a6 ;
time : 1523156704 ;
type : event ;

2018-04-08 11:05:04 params :
------------
Array:
rule : -2 ;
module :  ;
message : Array ;

2018-04-08 11:05:04 response :
------------

2018-04-08 11:27:42 trace :
------------
Array:
tousername : gh_0c02969f70a6 ;
fromusername : oSI4Lj_fVLc-DPZySqUSKsCXuyOo ;
createtime : 1523158062 ;
msgtype : event ;
event : VIEW ;
eventkey : http://zz.jhzh66.com/app/index.php?i=8&c=entry&eid=198 ;
menuid : 425095602 ;
from : oSI4Lj_fVLc-DPZySqUSKsCXuyOo ;
to : gh_0c02969f70a6 ;
time : 1523158062 ;
type : event ;

2018-04-08 11:27:42 params :
------------
Array:
rule : -2 ;
module :  ;
message : Array ;

2018-04-08 11:27:42 response :
------------

2018-04-08 11:40:52 trace :
------------
Array:
tousername : gh_0c02969f70a6 ;
fromusername : oSI4Lj-XaO9wjnPbt9OzE2vQL_94 ;
createtime : 1523158851 ;
msgtype : event ;
event : VIEW ;
eventkey : http://zz.jhzh66.com/app/index.php?i=8&c=entry&eid=198 ;
menuid : 425095602 ;
from : oSI4Lj-XaO9wjnPbt9OzE2vQL_94 ;
to : gh_0c02969f70a6 ;
time : 1523158851 ;
type : event ;

2018-04-08 11:40:52 params :
------------
Array:
rule : -2 ;
module :  ;
message : Array ;

2018-04-08 11:40:52 response :
------------

2018-04-08 11:42:52 trace :
------------
Array:
tousername : gh_0c02969f70a6 ;
fromusername : oSI4Lj-XaO9wjnPbt9OzE2vQL_94 ;
createtime : 1523158972 ;
msgtype : event ;
event : VIEW ;
eventkey : http://zz.jhzh66.com/app/index.php?i=8&c=entry&eid=198 ;
menuid : 425095602 ;
from : oSI4Lj-XaO9wjnPbt9OzE2vQL_94 ;
to : gh_0c02969f70a6 ;
time : 1523158972 ;
type : event ;

2018-04-08 11:42:52 params :
------------
Array:
rule : -2 ;
module :  ;
message : Array ;

2018-04-08 11:42:52 response :
------------

2018-04-08 11:44:59 trace :
------------
Array:
tousername : gh_0c02969f70a6 ;
fromusername : oSI4Lj-XaO9wjnPbt9OzE2vQL_94 ;
createtime : 1523159099 ;
msgtype : event ;
event : VIEW ;
eventkey : http://zz.jhzh66.com/app/index.php?i=8&c=entry&eid=198 ;
menuid : 425095602 ;
from : oSI4Lj-XaO9wjnPbt9OzE2vQL_94 ;
to : gh_0c02969f70a6 ;
time : 1523159099 ;
type : event ;

2018-04-08 11:44:59 params :
------------
Array:
rule : -2 ;
module :  ;
message : Array ;

2018-04-08 11:44:59 response :
------------

2018-04-08 11:46:15 trace :
------------
Array:
tousername : gh_0c02969f70a6 ;
fromusername : oSI4Lj-XaO9wjnPbt9OzE2vQL_94 ;
createtime : 1523159175 ;
msgtype : event ;
event : VIEW ;
eventkey : http://zz.jhzh66.com/app/index.php?i=8&c=entry&eid=198 ;
menuid : 425095602 ;
from : oSI4Lj-XaO9wjnPbt9OzE2vQL_94 ;
to : gh_0c02969f70a6 ;
time : 1523159175 ;
type : event ;

2018-04-08 11:46:15 params :
------------
Array:
rule : -2 ;
module :  ;
message : Array ;

2018-04-08 11:46:15 response :
------------

2018-04-08 11:48:38 trace :
------------
Array:
tousername : gh_0c02969f70a6 ;
fromusername : oSI4Lj-XaO9wjnPbt9OzE2vQL_94 ;
createtime : 1523159317 ;
msgtype : event ;
event : VIEW ;
eventkey : http://zz.jhzh66.com/app/index.php?i=8&c=entry&eid=198 ;
menuid : 425095602 ;
from : oSI4Lj-XaO9wjnPbt9OzE2vQL_94 ;
to : gh_0c02969f70a6 ;
time : 1523159317 ;
type : event ;

2018-04-08 11:48:38 params :
------------
Array:
rule : -2 ;
module :  ;
message : Array ;

2018-04-08 11:48:38 response :
------------

2018-04-08 11:48:52 trace :
------------
Array:
tousername : gh_0c02969f70a6 ;
fromusername : oSI4Lj-XaO9wjnPbt9OzE2vQL_94 ;
createtime : 1523159332 ;
msgtype : event ;
event : VIEW ;
eventkey : http://zz.jhzh66.com/app/index.php?i=8&c=entry&eid=198 ;
menuid : 425095602 ;
from : oSI4Lj-XaO9wjnPbt9OzE2vQL_94 ;
to : gh_0c02969f70a6 ;
time : 1523159332 ;
type : event ;

2018-04-08 11:48:52 params :
------------
Array:
rule : -2 ;
module :  ;
message : Array ;

2018-04-08 11:48:52 response :
------------

2018-04-08 11:57:47 trace :
------------
Array:
tousername : gh_0c02969f70a6 ;
fromusername : oSI4Lj8psV74e3-Zinqi32v292hM ;
createtime : 1523159867 ;
msgtype : event ;
event : subscribe ;
eventkey : Array ;
from : oSI4Lj8psV74e3-Zinqi32v292hM ;
to : gh_0c02969f70a6 ;
time : 1523159867 ;
type : subscribe ;

2018-04-08 11:57:47 params :
------------
Array:
rule : -2 ;
module :  ;
message : Array ;

2018-04-08 11:57:47 response :
------------

2018-04-08 11:57:50 trace :
------------
Array:
tousername : gh_0c02969f70a6 ;
fromusername : oSI4Lj8psV74e3-Zinqi32v292hM ;
createtime : 1523159870 ;
msgtype : event ;
event : VIEW ;
eventkey : http://zz.jhzh66.com/app/index.php?i=8&c=entry&eid=194 ;
menuid : 425095602 ;
from : oSI4Lj8psV74e3-Zinqi32v292hM ;
to : gh_0c02969f70a6 ;
time : 1523159870 ;
type : event ;

2018-04-08 11:57:50 params :
------------
Array:
rule : -2 ;
module :  ;
message : Array ;

2018-04-08 11:57:50 response :
------------

2018-04-08 12:01:39 trace :
------------
Array:
tousername : gh_0c02969f70a6 ;
fromusername : oSI4LjzGDzCztrhCP10C7-4flpE4 ;
createtime : 1523160099 ;
msgtype : event ;
event : VIEW ;
eventkey : http://zz.jhzh66.com/app/index.php?i=8&c=entry&eid=194 ;
menuid : 425095602 ;
from : oSI4LjzGDzCztrhCP10C7-4flpE4 ;
to : gh_0c02969f70a6 ;
time : 1523160099 ;
type : event ;

2018-04-08 12:01:39 params :
------------
Array:
rule : -2 ;
module :  ;
message : Array ;

2018-04-08 12:01:39 response :
------------

2018-04-08 12:02:21 trace :
------------
Array:
tousername : gh_0c02969f70a6 ;
fromusername : oSI4Lj-XaO9wjnPbt9OzE2vQL_94 ;
createtime : 1523160140 ;
msgtype : event ;
event : VIEW ;
eventkey : http://zz.jhzh66.com/app/index.php?i=8&c=entry&eid=198 ;
menuid : 425095602 ;
from : oSI4Lj-XaO9wjnPbt9OzE2vQL_94 ;
to : gh_0c02969f70a6 ;
time : 1523160140 ;
type : event ;

2018-04-08 12:02:21 params :
------------
Array:
rule : -2 ;
module :  ;
message : Array ;

2018-04-08 12:02:21 response :
------------

2018-04-08 12:12:24 trace :
------------
Array:
tousername : gh_0c02969f70a6 ;
fromusername : oSI4Lj-XaO9wjnPbt9OzE2vQL_94 ;
createtime : 1523160744 ;
msgtype : event ;
event : VIEW ;
eventkey : http://zz.jhzh66.com/app/index.php?i=8&c=entry&eid=198 ;
menuid : 425095602 ;
from : oSI4Lj-XaO9wjnPbt9OzE2vQL_94 ;
to : gh_0c02969f70a6 ;
time : 1523160744 ;
type : event ;

2018-04-08 12:12:24 params :
------------
Array:
rule : -2 ;
module :  ;
message : Array ;

2018-04-08 12:12:24 response :
------------

2018-04-08 12:13:59 trace :
------------
Array:
tousername : gh_0c02969f70a6 ;
fromusername : oSI4Lj-XaO9wjnPbt9OzE2vQL_94 ;
createtime : 1523160839 ;
msgtype : event ;
event : VIEW ;
eventkey : http://zz.jhzh66.com/app/index.php?i=8&c=entry&eid=198 ;
menuid : 425095602 ;
from : oSI4Lj-XaO9wjnPbt9OzE2vQL_94 ;
to : gh_0c02969f70a6 ;
time : 1523160839 ;
type : event ;

2018-04-08 12:13:59 params :
------------
Array:
rule : -2 ;
module :  ;
message : Array ;

2018-04-08 12:13:59 response :
------------

2018-04-08 12:17:21 trace :
------------
Array:
tousername : gh_0c02969f70a6 ;
fromusername : oSI4Lj4D4s1OS7Tx2J5YcCVk40og ;
createtime : 1523161041 ;
msgtype : event ;
event : VIEW ;
eventkey : http://zz.jhzh66.com/app/index.php?i=8&c=entry&eid=194 ;
menuid : 425095602 ;
from : oSI4Lj4D4s1OS7Tx2J5YcCVk40og ;
to : gh_0c02969f70a6 ;
time : 1523161041 ;
type : event ;

2018-04-08 12:17:21 params :
------------
Array:
rule : -2 ;
module :  ;
message : Array ;

2018-04-08 12:17:21 response :
------------

2018-04-08 12:17:28 trace :
------------
Array:
tousername : gh_0c02969f70a6 ;
fromusername : oSI4Lj17As79KTBk8dJMskxWiL2E ;
createtime : 1523161048 ;
msgtype : event ;
event : VIEW ;
eventkey : http://zz.jhzh66.com/app/index.php?i=8&c=entry&eid=194 ;
menuid : 425095602 ;
from : oSI4Lj17As79KTBk8dJMskxWiL2E ;
to : gh_0c02969f70a6 ;
time : 1523161048 ;
type : event ;

2018-04-08 12:17:28 params :
------------
Array:
rule : -2 ;
module :  ;
message : Array ;

2018-04-08 12:17:28 response :
------------

2018-04-08 12:18:01 trace :
------------
Array:
tousername : gh_0c02969f70a6 ;
fromusername : oSI4Lj17As79KTBk8dJMskxWiL2E ;
createtime : 1523161081 ;
msgtype : event ;
event : VIEW ;
eventkey : http://zz.jhzh66.com/app/index.php?i=8&c=entry&eid=194 ;
menuid : 425095602 ;
from : oSI4Lj17As79KTBk8dJMskxWiL2E ;
to : gh_0c02969f70a6 ;
time : 1523161081 ;
type : event ;

2018-04-08 12:18:01 params :
------------
Array:
rule : -2 ;
module :  ;
message : Array ;

2018-04-08 12:18:01 response :
------------

2018-04-08 12:25:58 trace :
------------
Array:
tousername : gh_0c02969f70a6 ;
fromusername : oSI4Lj-XaO9wjnPbt9OzE2vQL_94 ;
createtime : 1523161558 ;
msgtype : event ;
event : VIEW ;
eventkey : http://zz.jhzh66.com/app/index.php?i=8&c=entry&eid=198 ;
menuid : 425095602 ;
from : oSI4Lj-XaO9wjnPbt9OzE2vQL_94 ;
to : gh_0c02969f70a6 ;
time : 1523161558 ;
type : event ;

2018-04-08 12:25:58 params :
------------
Array:
rule : -2 ;
module :  ;
message : Array ;

2018-04-08 12:25:58 response :
------------

2018-04-08 13:01:42 trace :
------------
Array:
tousername : gh_0c02969f70a6 ;
fromusername : oSI4Lj2ftD-f38ZeI0SBf8KJWgLw ;
createtime : 1523163701 ;
msgtype : event ;
event : VIEW ;
eventkey : http://zz.jhzh66.com/app/index.php?i=8&c=site&a=site&do=detail&id=2 ;
menuid : 425095602 ;
from : oSI4Lj2ftD-f38ZeI0SBf8KJWgLw ;
to : gh_0c02969f70a6 ;
time : 1523163701 ;
type : event ;

2018-04-08 13:01:42 params :
------------
Array:
rule : -2 ;
module :  ;
message : Array ;

2018-04-08 13:01:42 response :
------------

2018-04-08 13:27:28 trace :
------------
Array:
tousername : gh_0c02969f70a6 ;
fromusername : oSI4LjwXTnlALPvh9rArHT-W1oeo ;
createtime : 1523165248 ;
msgtype : event ;
event : SCAN ;
eventkey : ee395d04ec5fadc2f67c47c95fdc0447 ;
ticket : gQFT8TwAAAAAAAAAAS5odHRwOi8vd2VpeGluLnFxLmNvbS9xLzAycGRmMEJPOGU4YmYxMDAwMDAwN2YAAgRE9rxaAwQAAAAA ;
from : oSI4LjwXTnlALPvh9rArHT-W1oeo ;
to : gh_0c02969f70a6 ;
time : 1523165248 ;
type : subscribe ;
scene : ee395d04ec5fadc2f67c47c95fdc0447 ;

2018-04-08 13:27:37 trace :
------------
Array:
tousername : gh_0c02969f70a6 ;
fromusername : oSI4LjwXTnlALPvh9rArHT-W1oeo ;
createtime : 1523165257 ;
msgtype : event ;
event : VIEW ;
eventkey : https://m.qlchat.com/live/320000044317761.htm ;
menuid : 425095602 ;
from : oSI4LjwXTnlALPvh9rArHT-W1oeo ;
to : gh_0c02969f70a6 ;
time : 1523165257 ;
type : event ;

2018-04-08 13:27:37 params :
------------
Array:
rule : -2 ;
module :  ;
message : Array ;

2018-04-08 13:27:37 response :
------------

2018-04-08 13:27:59 trace :
------------
Array:
tousername : gh_0c02969f70a6 ;
fromusername : oSI4LjwXTnlALPvh9rArHT-W1oeo ;
createtime : 1523165279 ;
msgtype : event ;
event : VIEW ;
eventkey : http://zz11.com.cn/plugin.php?id=wechat:access ;
menuid : 425095602 ;
from : oSI4LjwXTnlALPvh9rArHT-W1oeo ;
to : gh_0c02969f70a6 ;
time : 1523165279 ;
type : event ;

2018-04-08 13:27:59 params :
------------
Array:
rule : -2 ;
module :  ;
message : Array ;

2018-04-08 13:27:59 response :
------------

2018-04-08 13:29:36 trace :
------------
Array:
tousername : gh_0c02969f70a6 ;
fromusername : oSI4LjwXTnlALPvh9rArHT-W1oeo ;
createtime : 1523165376 ;
msgtype : event ;
event : VIEW ;
eventkey : http://zz.jhzh66.com/app/index.php?i=8&c=entry&eid=194 ;
menuid : 425095602 ;
from : oSI4LjwXTnlALPvh9rArHT-W1oeo ;
to : gh_0c02969f70a6 ;
time : 1523165376 ;
type : event ;

2018-04-08 13:29:36 params :
------------
Array:
rule : -2 ;
module :  ;
message : Array ;

2018-04-08 13:29:36 response :
------------

2018-04-08 13:29:51 trace :
------------
Array:
tousername : gh_0c02969f70a6 ;
fromusername : oSI4LjwXTnlALPvh9rArHT-W1oeo ;
createtime : 1523165390 ;
msgtype : event ;
event : VIEW ;
eventkey : http://zz11.com.cn/plugin.php?id=wechat:access ;
menuid : 425095602 ;
from : oSI4LjwXTnlALPvh9rArHT-W1oeo ;
to : gh_0c02969f70a6 ;
time : 1523165390 ;
type : event ;

2018-04-08 13:29:51 params :
------------
Array:
rule : -2 ;
module :  ;
message : Array ;

2018-04-08 13:29:51 response :
------------

2018-04-08 13:30:19 trace :
------------
Array:
tousername : gh_0c02969f70a6 ;
fromusername : oSI4LjwXTnlALPvh9rArHT-W1oeo ;
createtime : 1523165419 ;
msgtype : event ;
event : VIEW ;
eventkey : https://h5.scene.yqh5.cn/s/6szkjdIq ;
menuid : 425095602 ;
from : oSI4LjwXTnlALPvh9rArHT-W1oeo ;
to : gh_0c02969f70a6 ;
time : 1523165419 ;
type : event ;

2018-04-08 13:30:19 params :
------------
Array:
rule : -2 ;
module :  ;
message : Array ;

2018-04-08 13:30:19 response :
------------

2018-04-08 13:31:56 trace :
------------
Array:
tousername : gh_0c02969f70a6 ;
fromusername : oSI4LjwXTnlALPvh9rArHT-W1oeo ;
createtime : 1523165516 ;
msgtype : event ;
event : VIEW ;
eventkey : https://h5.scene.yqh5.cn/s/6szkjdIq ;
menuid : 425095602 ;
from : oSI4LjwXTnlALPvh9rArHT-W1oeo ;
to : gh_0c02969f70a6 ;
time : 1523165516 ;
type : event ;

2018-04-08 13:31:56 params :
------------
Array:
rule : -2 ;
module :  ;
message : Array ;

2018-04-08 13:31:56 response :
------------

2018-04-08 13:36:57 trace :
------------
Array:
tousername : gh_0c02969f70a6 ;
fromusername : oSI4Lj-XaO9wjnPbt9OzE2vQL_94 ;
createtime : 1523165817 ;
msgtype : event ;
event : VIEW ;
eventkey : http://zz.jhzh66.com/app/index.php?i=8&c=entry&eid=198 ;
menuid : 425095602 ;
from : oSI4Lj-XaO9wjnPbt9OzE2vQL_94 ;
to : gh_0c02969f70a6 ;
time : 1523165817 ;
type : event ;

2018-04-08 13:36:57 params :
------------
Array:
rule : -2 ;
module :  ;
message : Array ;

2018-04-08 13:36:57 response :
------------

2018-04-08 14:28:57 trace :
------------
Array:
tousername : gh_0c02969f70a6 ;
fromusername : oSI4LjxgPvF9iMHSyO55h3cZ7WMg ;
createtime : 1523168937 ;
msgtype : event ;
event : SCAN ;
eventkey : e63f191ace780031e0e627a9424150eb ;
ticket : gQHE8TwAAAAAAAAAAS5odHRwOi8vd2VpeGluLnFxLmNvbS9xLzAySUcxYUFYOGU4YmYxMDAwME0wNzAAAgRxrMFaAwQAAAAA ;
from : oSI4LjxgPvF9iMHSyO55h3cZ7WMg ;
to : gh_0c02969f70a6 ;
time : 1523168937 ;
type : subscribe ;
scene : e63f191ace780031e0e627a9424150eb ;

2018-04-08 14:44:14 trace :
------------
Array:
tousername : gh_0c02969f70a6 ;
fromusername : oSI4Lj97Jm2kdczJ4OHYMLb017pk ;
createtime : 1523169854 ;
msgtype : event ;
event : VIEW ;
eventkey : http://zz.jhzh66.com/app/index.php?i=8&c=entry&eid=194 ;
menuid : 425095602 ;
from : oSI4Lj97Jm2kdczJ4OHYMLb017pk ;
to : gh_0c02969f70a6 ;
time : 1523169854 ;
type : event ;

2018-04-08 14:44:14 params :
------------
Array:
rule : -2 ;
module :  ;
message : Array ;

2018-04-08 14:44:14 response :
------------

2018-04-08 15:34:12 trace :
------------
Array:
tousername : gh_0c02969f70a6 ;
fromusername : oSI4Lj2UIVAs_3SbU14tmG4rJg5Y ;
createtime : 1523172852 ;
msgtype : event ;
event : VIEW ;
eventkey : http://zz.jhzh66.com/app/index.php?i=8&c=entry&eid=194 ;
menuid : 425095602 ;
from : oSI4Lj2UIVAs_3SbU14tmG4rJg5Y ;
to : gh_0c02969f70a6 ;
time : 1523172852 ;
type : event ;

2018-04-08 15:34:12 params :
------------
Array:
rule : -2 ;
module :  ;
message : Array ;

2018-04-08 15:34:12 response :
------------

2018-04-08 15:34:32 trace :
------------
Array:
tousername : gh_0c02969f70a6 ;
fromusername : oSI4Lj2UIVAs_3SbU14tmG4rJg5Y ;
createtime : 1523172871 ;
msgtype : event ;
event : VIEW ;
eventkey : http://zz.jhzh66.com/app/index.php?i=8&c=entry&eid=194 ;
menuid : 425095602 ;
from : oSI4Lj2UIVAs_3SbU14tmG4rJg5Y ;
to : gh_0c02969f70a6 ;
time : 1523172871 ;
type : event ;

2018-04-08 15:34:32 params :
------------
Array:
rule : -2 ;
module :  ;
message : Array ;

2018-04-08 15:34:32 response :
------------

2018-04-08 15:34:50 trace :
------------
Array:
tousername : gh_0c02969f70a6 ;
fromusername : oSI4Lj2UIVAs_3SbU14tmG4rJg5Y ;
createtime : 1523172890 ;
msgtype : event ;
event : VIEW ;
eventkey : http://zz.jhzh66.com/app/index.php?i=8&c=entry&eid=194 ;
menuid : 425095602 ;
from : oSI4Lj2UIVAs_3SbU14tmG4rJg5Y ;
to : gh_0c02969f70a6 ;
time : 1523172890 ;
type : event ;

2018-04-08 15:34:50 params :
------------
Array:
rule : -2 ;
module :  ;
message : Array ;

2018-04-08 15:34:50 response :
------------

2018-04-08 15:35:43 trace :
------------
Array:
tousername : gh_0c02969f70a6 ;
fromusername : oSI4Lj2UIVAs_3SbU14tmG4rJg5Y ;
createtime : 1523172943 ;
msgtype : event ;
event : VIEW ;
eventkey : http://zz.jhzh66.com/app/index.php?i=8&c=entry&eid=194 ;
menuid : 425095602 ;
from : oSI4Lj2UIVAs_3SbU14tmG4rJg5Y ;
to : gh_0c02969f70a6 ;
time : 1523172943 ;
type : event ;

2018-04-08 15:35:43 params :
------------
Array:
rule : -2 ;
module :  ;
message : Array ;

2018-04-08 15:35:43 response :
------------

2018-04-08 15:41:48 trace :
------------
Array:
tousername : gh_0c02969f70a6 ;
fromusername : oSI4Ljx_PCl1ngxOkcu8ufgHlsDw ;
createtime : 1523173308 ;
msgtype : event ;
event : subscribe ;
eventkey : Array ;
from : oSI4Ljx_PCl1ngxOkcu8ufgHlsDw ;
to : gh_0c02969f70a6 ;
time : 1523173308 ;
type : subscribe ;

2018-04-08 15:41:48 params :
------------
Array:
rule : -2 ;
module :  ;
message : Array ;

2018-04-08 15:41:48 response :
------------

2018-04-08 15:42:25 trace :
------------
Array:
tousername : gh_0c02969f70a6 ;
fromusername : oSI4Ljx_PCl1ngxOkcu8ufgHlsDw ;
createtime : 1523173345 ;
msgtype : event ;
event : VIEW ;
eventkey : http://zz.jhzh66.com/app/index.php?i=8&c=entry&eid=194 ;
menuid : 425095602 ;
from : oSI4Ljx_PCl1ngxOkcu8ufgHlsDw ;
to : gh_0c02969f70a6 ;
time : 1523173345 ;
type : event ;

2018-04-08 15:42:25 params :
------------
Array:
rule : -2 ;
module :  ;
message : Array ;

2018-04-08 15:42:25 response :
------------

2018-04-08 15:43:27 trace :
------------
Array:
tousername : gh_0c02969f70a6 ;
fromusername : oSI4Ljx_PCl1ngxOkcu8ufgHlsDw ;
createtime : 1523173406 ;
msgtype : text ;
content : 粤T525R1 ;
msgid : 6541979965332045794 ;
from : oSI4Ljx_PCl1ngxOkcu8ufgHlsDw ;
to : gh_0c02969f70a6 ;
time : 1523173406 ;
type : text ;
event :  ;
redirection :  ;
source :  ;

2018-04-08 15:43:27 params :
------------
Array:
rule : -2 ;
module :  ;
message : Array ;

2018-04-08 15:43:27 response :
------------

2018-04-08 16:10:07 trace :
------------
Array:
tousername : gh_0c02969f70a6 ;
fromusername : oSI4Lj4bGa4YmD-rEhPnBVebx4B0 ;
createtime : 1523175007 ;
msgtype : event ;
event : subscribe ;
eventkey : qrscene_ee395d04ec5fadc2f67c47c95fdc0447 ;
ticket : gQFT8TwAAAAAAAAAAS5odHRwOi8vd2VpeGluLnFxLmNvbS9xLzAycGRmMEJPOGU4YmYxMDAwMDAwN2YAAgRE9rxaAwQAAAAA ;
from : oSI4Lj4bGa4YmD-rEhPnBVebx4B0 ;
to : gh_0c02969f70a6 ;
time : 1523175007 ;
type : subscribe ;
scene : ee395d04ec5fadc2f67c47c95fdc0447 ;

2018-04-08 16:10:16 trace :
------------
Array:
tousername : gh_0c02969f70a6 ;
fromusername : oSI4Lj4bGa4YmD-rEhPnBVebx4B0 ;
createtime : 1523175015 ;
msgtype : event ;
event : VIEW ;
eventkey : http://zz.jhzh66.com/app/index.php?i=8&c=entry&eid=198 ;
menuid : 425095602 ;
from : oSI4Lj4bGa4YmD-rEhPnBVebx4B0 ;
to : gh_0c02969f70a6 ;
time : 1523175015 ;
type : event ;

2018-04-08 16:10:16 params :
------------
Array:
rule : -2 ;
module :  ;
message : Array ;

2018-04-08 16:10:16 response :
------------

2018-04-08 16:10:34 trace :
------------
Array:
tousername : gh_0c02969f70a6 ;
fromusername : oSI4Lj4bGa4YmD-rEhPnBVebx4B0 ;
createtime : 1523175034 ;
msgtype : event ;
event : VIEW ;
eventkey : http://zz.jhzh66.com/app/index.php?i=8&c=entry&eid=194 ;
menuid : 425095602 ;
from : oSI4Lj4bGa4YmD-rEhPnBVebx4B0 ;
to : gh_0c02969f70a6 ;
time : 1523175034 ;
type : event ;

2018-04-08 16:10:34 params :
------------
Array:
rule : -2 ;
module :  ;
message : Array ;

2018-04-08 16:10:34 response :
------------

2018-04-08 16:38:34 trace :
------------
Array:
tousername : gh_0c02969f70a6 ;
fromusername : oSI4Lj97Jm2kdczJ4OHYMLb017pk ;
createtime : 1523176714 ;
msgtype : event ;
event : VIEW ;
eventkey : http://zz.jhzh66.com/app/index.php?i=8&c=entry&eid=194 ;
menuid : 425095602 ;
from : oSI4Lj97Jm2kdczJ4OHYMLb017pk ;
to : gh_0c02969f70a6 ;
time : 1523176714 ;
type : event ;

2018-04-08 16:38:34 params :
------------
Array:
rule : -2 ;
module :  ;
message : Array ;

2018-04-08 16:38:34 response :
------------

2018-04-08 17:40:07 trace :
------------
Array:
tousername : gh_0c02969f70a6 ;
fromusername : oSI4LjzGDzCztrhCP10C7-4flpE4 ;
createtime : 1523180407 ;
msgtype : event ;
event : VIEW ;
eventkey : http://zz.jhzh66.com/app/index.php?i=8&c=entry&eid=194 ;
menuid : 425095602 ;
from : oSI4LjzGDzCztrhCP10C7-4flpE4 ;
to : gh_0c02969f70a6 ;
time : 1523180407 ;
type : event ;

2018-04-08 17:40:08 params :
------------
Array:
rule : -2 ;
module :  ;
message : Array ;

2018-04-08 17:40:08 response :
------------

2018-04-08 17:56:18 trace :
------------
Array:
tousername : gh_0c02969f70a6 ;
fromusername : oSI4LjzGDzCztrhCP10C7-4flpE4 ;
createtime : 1523181377 ;
msgtype : event ;
event : VIEW ;
eventkey : http://zz.jhzh66.com/app/index.php?i=8&c=entry&eid=194 ;
menuid : 425095602 ;
from : oSI4LjzGDzCztrhCP10C7-4flpE4 ;
to : gh_0c02969f70a6 ;
time : 1523181377 ;
type : event ;

2018-04-08 17:56:18 params :
------------
Array:
rule : -2 ;
module :  ;
message : Array ;

2018-04-08 17:56:18 response :
------------

2018-04-08 18:40:44 trace :
------------
Array:
tousername : gh_0c02969f70a6 ;
fromusername : oSI4Lj-XaO9wjnPbt9OzE2vQL_94 ;
createtime : 1523184044 ;
msgtype : event ;
event : VIEW ;
eventkey : http://zz.jhzh66.com/app/index.php?i=8&c=entry&eid=198 ;
menuid : 425095602 ;
from : oSI4Lj-XaO9wjnPbt9OzE2vQL_94 ;
to : gh_0c02969f70a6 ;
time : 1523184044 ;
type : event ;

2018-04-08 18:40:44 params :
------------
Array:
rule : -2 ;
module :  ;
message : Array ;

2018-04-08 18:40:44 response :
------------

2018-04-08 18:53:37 trace :
------------
Array:
tousername : gh_0c02969f70a6 ;
fromusername : oSI4LjxMqcTT0PhOsXTJrtxdR4NU ;
createtime : 1523184817 ;
msgtype : event ;
event : VIEW ;
eventkey : http://zz.jhzh66.com/app/index.php?i=8&c=entry&eid=198 ;
menuid : 425095602 ;
from : oSI4LjxMqcTT0PhOsXTJrtxdR4NU ;
to : gh_0c02969f70a6 ;
time : 1523184817 ;
type : event ;

2018-04-08 18:53:37 params :
------------
Array:
rule : -2 ;
module :  ;
message : Array ;

2018-04-08 18:53:37 response :
------------

2018-04-08 18:54:02 trace :
------------
Array:
tousername : gh_0c02969f70a6 ;
fromusername : oSI4LjxMqcTT0PhOsXTJrtxdR4NU ;
createtime : 1523184841 ;
msgtype : event ;
event : VIEW ;
eventkey : http://zz11.com.cn/plugin.php?id=wechat:access ;
menuid : 425095602 ;
from : oSI4LjxMqcTT0PhOsXTJrtxdR4NU ;
to : gh_0c02969f70a6 ;
time : 1523184841 ;
type : event ;

2018-04-08 18:54:02 params :
------------
Array:
rule : -2 ;
module :  ;
message : Array ;

2018-04-08 18:54:02 response :
------------

2018-04-08 18:54:45 trace :
------------
Array:
tousername : gh_0c02969f70a6 ;
fromusername : oSI4LjxMqcTT0PhOsXTJrtxdR4NU ;
createtime : 1523184885 ;
msgtype : event ;
event : VIEW ;
eventkey : http://zz.jhzh66.com/app/index.php?i=8&c=entry&eid=194 ;
menuid : 425095602 ;
from : oSI4LjxMqcTT0PhOsXTJrtxdR4NU ;
to : gh_0c02969f70a6 ;
time : 1523184885 ;
type : event ;

2018-04-08 18:54:45 params :
------------
Array:
rule : -2 ;
module :  ;
message : Array ;

2018-04-08 18:54:45 response :
------------

2018-04-08 18:55:23 trace :
------------
Array:
tousername : gh_0c02969f70a6 ;
fromusername : oSI4LjxMqcTT0PhOsXTJrtxdR4NU ;
createtime : 1523184923 ;
msgtype : event ;
event : VIEW ;
eventkey : http://zz.jhzh66.com/app/index.php?i=8&c=entry&eid=194 ;
menuid : 425095602 ;
from : oSI4LjxMqcTT0PhOsXTJrtxdR4NU ;
to : gh_0c02969f70a6 ;
time : 1523184923 ;
type : event ;

2018-04-08 18:55:23 params :
------------
Array:
rule : -2 ;
module :  ;
message : Array ;

2018-04-08 18:55:23 response :
------------

2018-04-08 18:59:58 trace :
------------
Array:
tousername : gh_0c02969f70a6 ;
fromusername : oSI4Lj2cKBeu6SNHCGow6LKIo5h4 ;
createtime : 1523185198 ;
msgtype : event ;
event : subscribe ;
eventkey : last_trade_no_4200000079201804084738492951 ;
from : oSI4Lj2cKBeu6SNHCGow6LKIo5h4 ;
to : gh_0c02969f70a6 ;
time : 1523185198 ;
type : subscribe ;
scene : last_trade_no_4200000079201804084738492951 ;

2018-04-08 18:59:59 params :
------------
Array:
message : Array ;
module : sz_yi ;
rule : 949 ;
priority : 0 ;
keyword : Array ;

2018-04-08 18:59:59 response :
------------
Array:
FromUserName : gh_0c02969f70a6 ;
ToUserName : oSI4Lj2cKBeu6SNHCGow6LKIo5h4 ;
MsgType : text ;
Content : 感谢您的关注! ;

2018-04-08 19:12:42 trace :
------------
Array:
tousername : gh_0c02969f70a6 ;
fromusername : oSI4Lj17As79KTBk8dJMskxWiL2E ;
createtime : 1523185962 ;
msgtype : event ;
event : VIEW ;
eventkey : http://zz.jhzh66.com/app/index.php?i=8&c=entry&eid=194 ;
menuid : 425095602 ;
from : oSI4Lj17As79KTBk8dJMskxWiL2E ;
to : gh_0c02969f70a6 ;
time : 1523185962 ;
type : event ;

2018-04-08 19:12:42 params :
------------
Array:
rule : -2 ;
module :  ;
message : Array ;

2018-04-08 19:12:42 response :
------------

2018-04-08 19:12:57 trace :
------------
Array:
tousername : gh_0c02969f70a6 ;
fromusername : oSI4Lj17As79KTBk8dJMskxWiL2E ;
createtime : 1523185977 ;
msgtype : event ;
event : VIEW ;
eventkey : http://zz.jhzh66.com/app/index.php?i=8&c=entry&eid=194 ;
menuid : 425095602 ;
from : oSI4Lj17As79KTBk8dJMskxWiL2E ;
to : gh_0c02969f70a6 ;
time : 1523185977 ;
type : event ;

2018-04-08 19:12:57 params :
------------
Array:
rule : -2 ;
module :  ;
message : Array ;

2018-04-08 19:12:57 response :
------------

2018-04-08 19:18:49 trace :
------------
Array:
tousername : gh_0c02969f70a6 ;
fromusername : oSI4Lj17As79KTBk8dJMskxWiL2E ;
createtime : 1523186328 ;
msgtype : event ;
event : VIEW ;
eventkey : http://zz.jhzh66.com/app/index.php?i=8&c=entry&eid=194 ;
menuid : 425095602 ;
from : oSI4Lj17As79KTBk8dJMskxWiL2E ;
to : gh_0c02969f70a6 ;
time : 1523186328 ;
type : event ;

2018-04-08 19:18:49 params :
------------
Array:
rule : -2 ;
module :  ;
message : Array ;

2018-04-08 19:18:49 response :
------------

2018-04-08 19:32:37 trace :
------------
Array:
tousername : gh_0c02969f70a6 ;
fromusername : oSI4LjzGDzCztrhCP10C7-4flpE4 ;
createtime : 1523187156 ;
msgtype : image ;
picurl : http://mmbiz.qpic.cn/mmbiz_jpg/dHHrICftBfCJEDt7GibjZxYfxa9VRxhyPDSrNCcZOt5ZGA5Ut2we4XbmQEhzRRPS7jRPwgQg3GIWDeFh79icgpfw/0 ;
msgid : 6542039021132367584 ;
mediaid : yrSq65XujmkW9xqGtrGn-EhWeoP9YGQl4qLvmDXGn3gVXFBa2DcqqXd37PYdLVmY ;
from : oSI4LjzGDzCztrhCP10C7-4flpE4 ;
to : gh_0c02969f70a6 ;
time : 1523187156 ;
type : image ;
event :  ;
url : http://mmbiz.qpic.cn/mmbiz_jpg/dHHrICftBfCJEDt7GibjZxYfxa9VRxhyPDSrNCcZOt5ZGA5Ut2we4XbmQEhzRRPS7jRPwgQg3GIWDeFh79icgpfw/0 ;

2018-04-08 19:32:37 params :
------------
Array:
rule : -2 ;
module :  ;
message : Array ;

2018-04-08 19:32:37 response :
------------

2018-04-08 19:40:07 trace :
------------
Array:
tousername : gh_0c02969f70a6 ;
fromusername : oSI4LjzGDzCztrhCP10C7-4flpE4 ;
createtime : 1523187607 ;
msgtype : event ;
event : VIEW ;
eventkey : http://zz.jhzh66.com/app/index.php?i=8&c=entry&eid=198 ;
menuid : 425095602 ;
from : oSI4LjzGDzCztrhCP10C7-4flpE4 ;
to : gh_0c02969f70a6 ;
time : 1523187607 ;
type : event ;

2018-04-08 19:40:07 params :
------------
Array:
rule : -2 ;
module :  ;
message : Array ;

2018-04-08 19:40:07 response :
------------

2018-04-08 19:41:26 trace :
------------
Array:
tousername : gh_0c02969f70a6 ;
fromusername : oSI4Lj97Jm2kdczJ4OHYMLb017pk ;
createtime : 1523187685 ;
msgtype : event ;
event : VIEW ;
eventkey : http://zz.jhzh66.com/app/index.php?i=8&c=entry&eid=194 ;
menuid : 425095602 ;
from : oSI4Lj97Jm2kdczJ4OHYMLb017pk ;
to : gh_0c02969f70a6 ;
time : 1523187685 ;
type : event ;

2018-04-08 19:41:26 params :
------------
Array:
rule : -2 ;
module :  ;
message : Array ;

2018-04-08 19:41:26 response :
------------

2018-04-08 19:51:33 trace :
------------
Array:
tousername : gh_0c02969f70a6 ;
fromusername : oSI4Lj2cKBeu6SNHCGow6LKIo5h4 ;
createtime : 1523188293 ;
msgtype : event ;
event : VIEW ;
eventkey : http://zz.jhzh66.com/app/index.php?i=8&c=entry&eid=194 ;
menuid : 425095602 ;
from : oSI4Lj2cKBeu6SNHCGow6LKIo5h4 ;
to : gh_0c02969f70a6 ;
time : 1523188293 ;
type : event ;

2018-04-08 19:51:33 params :
------------
Array:
rule : -2 ;
module :  ;
message : Array ;

2018-04-08 19:51:33 response :
------------

2018-04-08 19:52:33 trace :
------------
Array:
tousername : gh_0c02969f70a6 ;
fromusername : oSI4Lj2cKBeu6SNHCGow6LKIo5h4 ;
createtime : 1523188353 ;
msgtype : event ;
event : VIEW ;
eventkey : http://zz.jhzh66.com/app/index.php?i=8&c=entry&eid=198 ;
menuid : 425095602 ;
from : oSI4Lj2cKBeu6SNHCGow6LKIo5h4 ;
to : gh_0c02969f70a6 ;
time : 1523188353 ;
type : event ;

2018-04-08 19:52:33 params :
------------
Array:
rule : -2 ;
module :  ;
message : Array ;

2018-04-08 19:52:33 response :
------------

2018-04-08 19:56:11 trace :
------------
Array:
tousername : gh_0c02969f70a6 ;
fromusername : oSI4Lj17As79KTBk8dJMskxWiL2E ;
createtime : 1523188571 ;
msgtype : event ;
event : VIEW ;
eventkey : http://zz.jhzh66.com/app/index.php?i=8&c=entry&eid=194 ;
menuid : 425095602 ;
from : oSI4Lj17As79KTBk8dJMskxWiL2E ;
to : gh_0c02969f70a6 ;
time : 1523188571 ;
type : event ;

2018-04-08 19:56:11 params :
------------
Array:
rule : -2 ;
module :  ;
message : Array ;

2018-04-08 19:56:11 response :
------------

2018-04-08 21:05:18 trace :
------------
Array:
tousername : gh_0c02969f70a6 ;
fromusername : oSI4Lj-XaO9wjnPbt9OzE2vQL_94 ;
createtime : 1523192718 ;
msgtype : event ;
event : VIEW ;
eventkey : http://zz.jhzh66.com/app/index.php?i=8&c=entry&eid=198 ;
menuid : 425118276 ;
from : oSI4Lj-XaO9wjnPbt9OzE2vQL_94 ;
to : gh_0c02969f70a6 ;
time : 1523192718 ;
type : event ;

2018-04-08 21:05:18 params :
------------
Array:
rule : -2 ;
module :  ;
message : Array ;

2018-04-08 21:05:18 response :
------------

2018-04-08 21:16:37 trace :
------------
Array:
tousername : gh_0c02969f70a6 ;
fromusername : oSI4Lj-XaO9wjnPbt9OzE2vQL_94 ;
createtime : 1523193397 ;
msgtype : event ;
event : VIEW ;
eventkey : http://zz.jhzh66.com/app/index.php?i=8&c=entry&eid=198 ;
menuid : 425118276 ;
from : oSI4Lj-XaO9wjnPbt9OzE2vQL_94 ;
to : gh_0c02969f70a6 ;
time : 1523193397 ;
type : event ;

2018-04-08 21:16:37 params :
------------
Array:
rule : -2 ;
module :  ;
message : Array ;

2018-04-08 21:16:37 response :
------------

2018-04-08 21:31:17 trace :
------------
Array:
tousername : gh_0c02969f70a6 ;
fromusername : oSI4Lj0PbpBtttwfUiU1SJIZO4VA ;
createtime : 1523194277 ;
msgtype : event ;
event : VIEW ;
eventkey : http://zz.jhzh66.com/app/index.php?i=8&c=entry&eid=198 ;
menuid : 425118276 ;
from : oSI4Lj0PbpBtttwfUiU1SJIZO4VA ;
to : gh_0c02969f70a6 ;
time : 1523194277 ;
type : event ;

2018-04-08 21:31:17 params :
------------
Array:
rule : -2 ;
module :  ;
message : Array ;

2018-04-08 21:31:17 response :
------------

2018-04-08 21:31:20 trace :
------------
Array:
tousername : gh_0c02969f70a6 ;
fromusername : oSI4Lj2cKBeu6SNHCGow6LKIo5h4 ;
createtime : 1523194280 ;
msgtype : event ;
event : VIEW ;
eventkey : http://zz.jhzh66.com/app/index.php?i=8&c=entry&eid=198 ;
menuid : 425118276 ;
from : oSI4Lj2cKBeu6SNHCGow6LKIo5h4 ;
to : gh_0c02969f70a6 ;
time : 1523194280 ;
type : event ;

2018-04-08 21:31:20 params :
------------
Array:
rule : -2 ;
module :  ;
message : Array ;

2018-04-08 21:31:20 response :
------------

2018-04-08 21:35:28 trace :
------------
Array:
tousername : gh_0c02969f70a6 ;
fromusername : oSI4LjzGDzCztrhCP10C7-4flpE4 ;
createtime : 1523194528 ;
msgtype : event ;
event : VIEW ;
eventkey : http://zz.jhzh66.com/app/index.php?i=8&c=entry&eid=198 ;
menuid : 425118276 ;
from : oSI4LjzGDzCztrhCP10C7-4flpE4 ;
to : gh_0c02969f70a6 ;
time : 1523194528 ;
type : event ;

2018-04-08 21:35:28 params :
------------
Array:
rule : -2 ;
module :  ;
message : Array ;

2018-04-08 21:35:28 response :
------------

2018-04-08 22:07:19 trace :
------------
Array:
tousername : gh_0c02969f70a6 ;
fromusername : oSI4Lj0PbpBtttwfUiU1SJIZO4VA ;
createtime : 1523196439 ;
msgtype : event ;
event : VIEW ;
eventkey : http://zz.jhzh66.com/app/index.php?i=8&c=entry&eid=198 ;
menuid : 425118276 ;
from : oSI4Lj0PbpBtttwfUiU1SJIZO4VA ;
to : gh_0c02969f70a6 ;
time : 1523196439 ;
type : event ;

2018-04-08 22:07:19 params :
------------
Array:
rule : -2 ;
module :  ;
message : Array ;

2018-04-08 22:07:19 response :
------------

2018-04-08 22:07:23 trace :
------------
Array:
tousername : gh_0c02969f70a6 ;
fromusername : oSI4Lj0PbpBtttwfUiU1SJIZO4VA ;
createtime : 1523196443 ;
msgtype : event ;
event : VIEW ;
eventkey : http://zz.jhzh66.com/app/index.php?i=8&c=entry&eid=198 ;
menuid : 425118276 ;
from : oSI4Lj0PbpBtttwfUiU1SJIZO4VA ;
to : gh_0c02969f70a6 ;
time : 1523196443 ;
type : event ;

2018-04-08 22:07:23 params :
------------
Array:
rule : -2 ;
module :  ;
message : Array ;

2018-04-08 22:07:23 response :
------------

2018-04-08 22:09:05 trace :
------------
Array:
tousername : gh_0c02969f70a6 ;
fromusername : oSI4Lj0PbpBtttwfUiU1SJIZO4VA ;
createtime : 1523196545 ;
msgtype : event ;
event : VIEW ;
eventkey : http://zz.jhzh66.com/app/index.php?i=8&c=entry&eid=198 ;
menuid : 425118276 ;
from : oSI4Lj0PbpBtttwfUiU1SJIZO4VA ;
to : gh_0c02969f70a6 ;
time : 1523196545 ;
type : event ;

2018-04-08 22:09:05 params :
------------
Array:
rule : -2 ;
module :  ;
message : Array ;

2018-04-08 22:09:05 response :
------------

2018-04-08 22:09:53 trace :
------------
Array:
tousername : gh_0c02969f70a6 ;
fromusername : oSI4Lj0PbpBtttwfUiU1SJIZO4VA ;
createtime : 1523196592 ;
msgtype : event ;
event : VIEW ;
eventkey : http://zz.jhzh66.com/app/index.php?i=8&c=entry&eid=198 ;
menuid : 425118276 ;
from : oSI4Lj0PbpBtttwfUiU1SJIZO4VA ;
to : gh_0c02969f70a6 ;
time : 1523196592 ;
type : event ;

2018-04-08 22:09:53 params :
------------
Array:
rule : -2 ;
module :  ;
message : Array ;

2018-04-08 22:09:53 response :
------------

2018-04-08 22:17:12 trace :
------------
Array:
tousername : gh_0c02969f70a6 ;
fromusername : oSI4LjzGDzCztrhCP10C7-4flpE4 ;
createtime : 1523197032 ;
msgtype : event ;
event : VIEW ;
eventkey : http://zz.jhzh66.com/app/index.php?i=8&c=entry&eid=198 ;
menuid : 425118276 ;
from : oSI4LjzGDzCztrhCP10C7-4flpE4 ;
to : gh_0c02969f70a6 ;
time : 1523197032 ;
type : event ;

2018-04-08 22:17:12 params :
------------
Array:
rule : -2 ;
module :  ;
message : Array ;

2018-04-08 22:17:12 response :
------------

2018-04-08 22:26:56 trace :
------------
Array:
tousername : gh_0c02969f70a6 ;
fromusername : oSI4LjzGDzCztrhCP10C7-4flpE4 ;
createtime : 1523197615 ;
msgtype : event ;
event : VIEW ;
eventkey : http://zz.jhzh66.com/app/index.php?i=8&c=entry&eid=198 ;
menuid : 425118276 ;
from : oSI4LjzGDzCztrhCP10C7-4flpE4 ;
to : gh_0c02969f70a6 ;
time : 1523197615 ;
type : event ;

2018-04-08 22:26:56 params :
------------
Array:
rule : -2 ;
module :  ;
message : Array ;

2018-04-08 22:26:56 response :
------------

2018-04-08 22:27:01 trace :
------------
Array:
tousername : gh_0c02969f70a6 ;
fromusername : oSI4LjzGDzCztrhCP10C7-4flpE4 ;
createtime : 1523197621 ;
msgtype : event ;
event : VIEW ;
eventkey : http://zz.jhzh66.com/app/index.php?i=8&c=entry&eid=198 ;
menuid : 425118276 ;
from : oSI4LjzGDzCztrhCP10C7-4flpE4 ;
to : gh_0c02969f70a6 ;
time : 1523197621 ;
type : event ;

2018-04-08 22:27:01 params :
------------
Array:
rule : -2 ;
module :  ;
message : Array ;

2018-04-08 22:27:01 response :
------------

2018-04-08 22:27:23 trace :
------------
Array:
tousername : gh_0c02969f70a6 ;
fromusername : oSI4LjzGDzCztrhCP10C7-4flpE4 ;
createtime : 1523197643 ;
msgtype : event ;
event : VIEW ;
eventkey : http://zz.jhzh66.com/app/index.php?i=8&c=entry&eid=198 ;
menuid : 425118276 ;
from : oSI4LjzGDzCztrhCP10C7-4flpE4 ;
to : gh_0c02969f70a6 ;
time : 1523197643 ;
type : event ;

2018-04-08 22:27:23 params :
------------
Array:
rule : -2 ;
module :  ;
message : Array ;

2018-04-08 22:27:23 response :
------------

2018-04-08 22:47:13 trace :
------------
Array:
tousername : gh_0c02969f70a6 ;
fromusername : oSI4Lj2f-c1cKWhPZLhOE85vn2lk ;
createtime : 1523198833 ;
msgtype : event ;
event : VIEW ;
eventkey : http://zz.jhzh66.com/app/index.php?i=8&c=entry&eid=194 ;
menuid : 425118276 ;
from : oSI4Lj2f-c1cKWhPZLhOE85vn2lk ;
to : gh_0c02969f70a6 ;
time : 1523198833 ;
type : event ;

2018-04-08 22:47:13 params :
------------
Array:
rule : -2 ;
module :  ;
message : Array ;

2018-04-08 22:47:13 response :
------------

2018-04-08 22:50:35 trace :
------------
Array:
tousername : gh_0c02969f70a6 ;
fromusername : oSI4LjzGDzCztrhCP10C7-4flpE4 ;
createtime : 1523199035 ;
msgtype : event ;
event : VIEW ;
eventkey : http://zz.jhzh66.com/app/index.php?i=8&c=entry&eid=198 ;
menuid : 425118276 ;
from : oSI4LjzGDzCztrhCP10C7-4flpE4 ;
to : gh_0c02969f70a6 ;
time : 1523199035 ;
type : event ;

2018-04-08 22:50:35 params :
------------
Array:
rule : -2 ;
module :  ;
message : Array ;

2018-04-08 22:50:35 response :
------------

