2018-03-31 02:40:10 trace :
------------
Array:
tousername : gh_0c02969f70a6 ;
fromusername : oSI4Lj0SCYCSSQFi8WOnN5lFyzGw ;
createtime : 1522435210 ;
msgtype : event ;
event : subscribe ;
eventkey : Array ;
from : oSI4Lj0SCYCSSQFi8WOnN5lFyzGw ;
to : gh_0c02969f70a6 ;
time : 1522435210 ;
type : subscribe ;

2018-03-31 02:40:10 params :
------------
Array:
rule : -2 ;
module :  ;
message : Array ;

2018-03-31 02:40:10 response :
------------

2018-03-31 08:07:42 trace :
------------
Array:
tousername : gh_0c02969f70a6 ;
fromusername : oSI4LjzGDzCztrhCP10C7-4flpE4 ;
createtime : 1522454862 ;
msgtype : event ;
event : VIEW ;
eventkey : http://zz.jhzh66.com/app/index.php?i=8&c=entry&eid=194 ;
menuid : 424819011 ;
from : oSI4LjzGDzCztrhCP10C7-4flpE4 ;
to : gh_0c02969f70a6 ;
time : 1522454862 ;
type : event ;

2018-03-31 08:07:43 params :
------------
Array:
rule : -2 ;
module :  ;
message : Array ;

2018-03-31 08:07:43 response :
------------

2018-03-31 08:11:25 trace :
------------
Array:
tousername : gh_0c02969f70a6 ;
fromusername : oSI4LjzGDzCztrhCP10C7-4flpE4 ;
createtime : 1522455085 ;
msgtype : event ;
event : VIEW ;
eventkey : http://zz.jhzh66.com/app/index.php?i=8&c=entry&eid=194 ;
menuid : 424819011 ;
from : oSI4LjzGDzCztrhCP10C7-4flpE4 ;
to : gh_0c02969f70a6 ;
time : 1522455085 ;
type : event ;

2018-03-31 08:11:25 params :
------------
Array:
rule : -2 ;
module :  ;
message : Array ;

2018-03-31 08:11:25 response :
------------

2018-03-31 08:20:38 trace :
------------
Array:
tousername : gh_0c02969f70a6 ;
fromusername : oSI4Lj70opK5Mk1VdVzQAJjzh9h0 ;
createtime : 1522455638 ;
msgtype : event ;
event : VIEW ;
eventkey : http://zz.jhzh66.com/app/index.php?i=8&c=entry&p=commission&m=sz_yi&do=plugin ;
menuid : 424819011 ;
from : oSI4Lj70opK5Mk1VdVzQAJjzh9h0 ;
to : gh_0c02969f70a6 ;
time : 1522455638 ;
type : event ;

2018-03-31 08:20:38 params :
------------
Array:
rule : -2 ;
module :  ;
message : Array ;

2018-03-31 08:20:38 response :
------------

2018-03-31 08:22:54 trace :
------------
Array:
tousername : gh_0c02969f70a6 ;
fromusername : oSI4Lj70opK5Mk1VdVzQAJjzh9h0 ;
createtime : 1522455774 ;
msgtype : event ;
event : VIEW ;
eventkey : http://zz.jhzh66.com/app/index.php?i=8&c=entry&eid=198 ;
menuid : 424819011 ;
from : oSI4Lj70opK5Mk1VdVzQAJjzh9h0 ;
to : gh_0c02969f70a6 ;
time : 1522455774 ;
type : event ;

2018-03-31 08:22:54 params :
------------
Array:
rule : -2 ;
module :  ;
message : Array ;

2018-03-31 08:22:54 response :
------------

2018-03-31 08:23:01 trace :
------------
Array:
tousername : gh_0c02969f70a6 ;
fromusername : oSI4Lj70opK5Mk1VdVzQAJjzh9h0 ;
createtime : 1522455780 ;
msgtype : event ;
event : VIEW ;
eventkey : http://zz.jhzh66.com/app/index.php?i=8&c=entry&p=commission&m=sz_yi&do=plugin ;
menuid : 424819011 ;
from : oSI4Lj70opK5Mk1VdVzQAJjzh9h0 ;
to : gh_0c02969f70a6 ;
time : 1522455780 ;
type : event ;

2018-03-31 08:23:01 params :
------------
Array:
rule : -2 ;
module :  ;
message : Array ;

2018-03-31 08:23:01 response :
------------

2018-03-31 08:36:13 trace :
------------
Array:
tousername : gh_0c02969f70a6 ;
fromusername : oSI4LjyXlicLjYFHm29OZzkQ898s ;
createtime : 1522456573 ;
msgtype : event ;
event : VIEW ;
eventkey : http://zz11.com.cn/plugin.php?id=wechat:access ;
menuid : 424819011 ;
from : oSI4LjyXlicLjYFHm29OZzkQ898s ;
to : gh_0c02969f70a6 ;
time : 1522456573 ;
type : event ;

2018-03-31 08:36:13 params :
------------
Array:
rule : -2 ;
module :  ;
message : Array ;

2018-03-31 08:36:13 response :
------------

2018-03-31 08:38:33 trace :
------------
Array:
tousername : gh_0c02969f70a6 ;
fromusername : oSI4LjyXlicLjYFHm29OZzkQ898s ;
createtime : 1522456713 ;
msgtype : text ;
content : 有客服人员在吗？ ;
msgid : 6538901792335653937 ;
from : oSI4LjyXlicLjYFHm29OZzkQ898s ;
to : gh_0c02969f70a6 ;
time : 1522456713 ;
type : text ;
event :  ;
redirection :  ;
source :  ;

2018-03-31 08:38:33 params :
------------
Array:
rule : -2 ;
module :  ;
message : Array ;

2018-03-31 08:38:33 response :
------------

2018-03-31 08:38:53 trace :
------------
Array:
tousername : gh_0c02969f70a6 ;
fromusername : oSI4LjyXlicLjYFHm29OZzkQ898s ;
createtime : 1522456733 ;
msgtype : event ;
event : VIEW ;
eventkey : http://zz11.com.cn/plugin.php?id=wechat:access ;
menuid : 424819011 ;
from : oSI4LjyXlicLjYFHm29OZzkQ898s ;
to : gh_0c02969f70a6 ;
time : 1522456733 ;
type : event ;

2018-03-31 08:38:53 params :
------------
Array:
rule : -2 ;
module :  ;
message : Array ;

2018-03-31 08:38:53 response :
------------

2018-03-31 08:39:06 trace :
------------
Array:
tousername : gh_0c02969f70a6 ;
fromusername : oSI4LjyXlicLjYFHm29OZzkQ898s ;
createtime : 1522456745 ;
msgtype : event ;
event : VIEW ;
eventkey : http://zz11.com.cn/plugin.php?id=wechat:access ;
menuid : 424819011 ;
from : oSI4LjyXlicLjYFHm29OZzkQ898s ;
to : gh_0c02969f70a6 ;
time : 1522456745 ;
type : event ;

2018-03-31 08:39:06 params :
------------
Array:
rule : -2 ;
module :  ;
message : Array ;

2018-03-31 08:39:06 response :
------------

2018-03-31 08:42:06 trace :
------------
Array:
tousername : gh_0c02969f70a6 ;
fromusername : oSI4Lj70opK5Mk1VdVzQAJjzh9h0 ;
createtime : 1522456925 ;
msgtype : event ;
event : VIEW ;
eventkey : http://zz.jhzh66.com/app/index.php?i=8&c=entry&eid=198 ;
menuid : 424819011 ;
from : oSI4Lj70opK5Mk1VdVzQAJjzh9h0 ;
to : gh_0c02969f70a6 ;
time : 1522456925 ;
type : event ;

2018-03-31 08:42:06 params :
------------
Array:
rule : -2 ;
module :  ;
message : Array ;

2018-03-31 08:42:06 response :
------------

2018-03-31 08:43:31 trace :
------------
Array:
tousername : gh_0c02969f70a6 ;
fromusername : oSI4Lj70opK5Mk1VdVzQAJjzh9h0 ;
createtime : 1522457010 ;
msgtype : event ;
event : VIEW ;
eventkey : http://zz.jhzh66.com/app/index.php?i=8&c=entry&eid=198 ;
menuid : 424819011 ;
from : oSI4Lj70opK5Mk1VdVzQAJjzh9h0 ;
to : gh_0c02969f70a6 ;
time : 1522457010 ;
type : event ;

2018-03-31 08:43:31 params :
------------
Array:
rule : -2 ;
module :  ;
message : Array ;

2018-03-31 08:43:31 response :
------------

2018-03-31 08:43:46 trace :
------------
Array:
tousername : gh_0c02969f70a6 ;
fromusername : oSI4LjyXlicLjYFHm29OZzkQ898s ;
createtime : 1522457026 ;
msgtype : event ;
event : VIEW ;
eventkey : https://m.qlchat.com/live/320000044317761.htm ;
menuid : 424819011 ;
from : oSI4LjyXlicLjYFHm29OZzkQ898s ;
to : gh_0c02969f70a6 ;
time : 1522457026 ;
type : event ;

2018-03-31 08:43:46 params :
------------
Array:
rule : -2 ;
module :  ;
message : Array ;

2018-03-31 08:43:46 response :
------------

2018-03-31 08:44:01 trace :
------------
Array:
tousername : gh_0c02969f70a6 ;
fromusername : oSI4LjyXlicLjYFHm29OZzkQ898s ;
createtime : 1522457041 ;
msgtype : event ;
event : VIEW ;
eventkey : http://zz.jhzh66.com/app/index.php?i=8&c=entry&eid=198 ;
menuid : 424819011 ;
from : oSI4LjyXlicLjYFHm29OZzkQ898s ;
to : gh_0c02969f70a6 ;
time : 1522457041 ;
type : event ;

2018-03-31 08:44:01 params :
------------
Array:
rule : -2 ;
module :  ;
message : Array ;

2018-03-31 08:44:01 response :
------------

2018-03-31 08:44:17 trace :
------------
Array:
tousername : gh_0c02969f70a6 ;
fromusername : oSI4LjyXlicLjYFHm29OZzkQ898s ;
createtime : 1522457056 ;
msgtype : event ;
event : VIEW ;
eventkey : http://zz.jhzh66.com/app/index.php?i=8&c=entry&p=commission&m=sz_yi&do=plugin ;
menuid : 424819011 ;
from : oSI4LjyXlicLjYFHm29OZzkQ898s ;
to : gh_0c02969f70a6 ;
time : 1522457056 ;
type : event ;

2018-03-31 08:44:17 params :
------------
Array:
rule : -2 ;
module :  ;
message : Array ;

2018-03-31 08:44:17 response :
------------

2018-03-31 09:06:18 trace :
------------
Array:
tousername : gh_0c02969f70a6 ;
fromusername : oSI4Lj2vdTHkghGs9-bA_8Kvbkx8 ;
createtime : 1522458378 ;
msgtype : event ;
event : subscribe ;
eventkey : Array ;
from : oSI4Lj2vdTHkghGs9-bA_8Kvbkx8 ;
to : gh_0c02969f70a6 ;
time : 1522458378 ;
type : subscribe ;

2018-03-31 09:06:18 params :
------------
Array:
rule : -2 ;
module :  ;
message : Array ;

2018-03-31 09:06:18 response :
------------

2018-03-31 09:06:28 trace :
------------
Array:
tousername : gh_0c02969f70a6 ;
fromusername : oSI4Lj2vdTHkghGs9-bA_8Kvbkx8 ;
createtime : 1522458388 ;
msgtype : event ;
event : VIEW ;
eventkey : http://zz.jhzh66.com/app/index.php?i=8&c=entry&eid=198 ;
menuid : 424819011 ;
from : oSI4Lj2vdTHkghGs9-bA_8Kvbkx8 ;
to : gh_0c02969f70a6 ;
time : 1522458388 ;
type : event ;

2018-03-31 09:06:28 params :
------------
Array:
rule : -2 ;
module :  ;
message : Array ;

2018-03-31 09:06:28 response :
------------

2018-03-31 09:06:47 trace :
------------
Array:
tousername : gh_0c02969f70a6 ;
fromusername : oSI4Lj70opK5Mk1VdVzQAJjzh9h0 ;
createtime : 1522458407 ;
msgtype : event ;
event : VIEW ;
eventkey : http://zz.jhzh66.com/app/index.php?i=8&c=entry&eid=198 ;
menuid : 424819011 ;
from : oSI4Lj70opK5Mk1VdVzQAJjzh9h0 ;
to : gh_0c02969f70a6 ;
time : 1522458407 ;
type : event ;

2018-03-31 09:06:47 params :
------------
Array:
rule : -2 ;
module :  ;
message : Array ;

2018-03-31 09:06:47 response :
------------

2018-03-31 09:08:27 trace :
------------
Array:
tousername : gh_0c02969f70a6 ;
fromusername : oSI4Lj70opK5Mk1VdVzQAJjzh9h0 ;
createtime : 1522458507 ;
msgtype : event ;
event : VIEW ;
eventkey : http://zz.jhzh66.com/app/index.php?i=8&c=entry&eid=198 ;
menuid : 424819011 ;
from : oSI4Lj70opK5Mk1VdVzQAJjzh9h0 ;
to : gh_0c02969f70a6 ;
time : 1522458507 ;
type : event ;

2018-03-31 09:08:27 params :
------------
Array:
rule : -2 ;
module :  ;
message : Array ;

2018-03-31 09:08:27 response :
------------

2018-03-31 09:22:08 trace :
------------
Array:
tousername : gh_0c02969f70a6 ;
fromusername : oSI4Lj70opK5Mk1VdVzQAJjzh9h0 ;
createtime : 1522459328 ;
msgtype : event ;
event : VIEW ;
eventkey : http://zz.jhzh66.com/app/index.php?i=8&c=entry&eid=198 ;
menuid : 424819011 ;
from : oSI4Lj70opK5Mk1VdVzQAJjzh9h0 ;
to : gh_0c02969f70a6 ;
time : 1522459328 ;
type : event ;

2018-03-31 09:22:08 params :
------------
Array:
rule : -2 ;
module :  ;
message : Array ;

2018-03-31 09:22:08 response :
------------

2018-03-31 09:32:32 trace :
------------
Array:
tousername : gh_0c02969f70a6 ;
fromusername : oSI4Lj70opK5Mk1VdVzQAJjzh9h0 ;
createtime : 1522459952 ;
msgtype : event ;
event : VIEW ;
eventkey : http://zz.jhzh66.com/app/index.php?i=8&c=entry&eid=198 ;
menuid : 424819011 ;
from : oSI4Lj70opK5Mk1VdVzQAJjzh9h0 ;
to : gh_0c02969f70a6 ;
time : 1522459952 ;
type : event ;

2018-03-31 09:32:32 params :
------------
Array:
rule : -2 ;
module :  ;
message : Array ;

2018-03-31 09:32:32 response :
------------

2018-03-31 09:41:39 trace :
------------
Array:
tousername : gh_0c02969f70a6 ;
fromusername : oSI4Lj70opK5Mk1VdVzQAJjzh9h0 ;
createtime : 1522460499 ;
msgtype : event ;
event : VIEW ;
eventkey : http://zz.jhzh66.com/app/index.php?i=8&c=entry&eid=198 ;
menuid : 424819011 ;
from : oSI4Lj70opK5Mk1VdVzQAJjzh9h0 ;
to : gh_0c02969f70a6 ;
time : 1522460499 ;
type : event ;

2018-03-31 09:41:39 params :
------------
Array:
rule : -2 ;
module :  ;
message : Array ;

2018-03-31 09:41:39 response :
------------

2018-03-31 09:43:04 trace :
------------
Array:
tousername : gh_0c02969f70a6 ;
fromusername : oSI4Lj70opK5Mk1VdVzQAJjzh9h0 ;
createtime : 1522460584 ;
msgtype : event ;
event : VIEW ;
eventkey : http://zz.jhzh66.com/app/index.php?i=8&c=entry&eid=198 ;
menuid : 424819011 ;
from : oSI4Lj70opK5Mk1VdVzQAJjzh9h0 ;
to : gh_0c02969f70a6 ;
time : 1522460584 ;
type : event ;

2018-03-31 09:43:04 params :
------------
Array:
rule : -2 ;
module :  ;
message : Array ;

2018-03-31 09:43:04 response :
------------

2018-03-31 09:45:06 trace :
------------
Array:
tousername : gh_0c02969f70a6 ;
fromusername : oSI4LjzGDzCztrhCP10C7-4flpE4 ;
createtime : 1522460706 ;
msgtype : event ;
event : SCAN ;
eventkey : 5141e420449e42c7df87975ef87074b6 ;
ticket : gQHp8TwAAAAAAAAAAS5odHRwOi8vd2VpeGluLnFxLmNvbS9xLzAyZjNCWkJmOGU4YmYxMDAwMDAwN2oAAgTj86RaAwQAAAAA ;
from : oSI4LjzGDzCztrhCP10C7-4flpE4 ;
to : gh_0c02969f70a6 ;
time : 1522460706 ;
type : subscribe ;
scene : 5141e420449e42c7df87975ef87074b6 ;

2018-03-31 09:47:20 trace :
------------
Array:
tousername : gh_0c02969f70a6 ;
fromusername : oSI4Lj70opK5Mk1VdVzQAJjzh9h0 ;
createtime : 1522460840 ;
msgtype : event ;
event : VIEW ;
eventkey : http://zz.jhzh66.com/app/index.php?i=8&c=entry&eid=198 ;
menuid : 424819011 ;
from : oSI4Lj70opK5Mk1VdVzQAJjzh9h0 ;
to : gh_0c02969f70a6 ;
time : 1522460840 ;
type : event ;

2018-03-31 09:47:20 params :
------------
Array:
rule : -2 ;
module :  ;
message : Array ;

2018-03-31 09:47:20 response :
------------

2018-03-31 09:59:54 trace :
------------
Array:
tousername : gh_0c02969f70a6 ;
fromusername : oSI4Lj-XaO9wjnPbt9OzE2vQL_94 ;
createtime : 1522461594 ;
msgtype : event ;
event : VIEW ;
eventkey : http://zz.jhzh66.com/app/index.php?i=8&c=entry&eid=198 ;
menuid : 424819011 ;
from : oSI4Lj-XaO9wjnPbt9OzE2vQL_94 ;
to : gh_0c02969f70a6 ;
time : 1522461594 ;
type : event ;

2018-03-31 09:59:54 params :
------------
Array:
rule : -2 ;
module :  ;
message : Array ;

2018-03-31 09:59:54 response :
------------

2018-03-31 10:23:37 trace :
------------
Array:
tousername : gh_0c02969f70a6 ;
fromusername : oSI4LjyO9i8MLwQjUY2ZYGWR6Kyk ;
createtime : 1522463017 ;
msgtype : event ;
event : VIEW ;
eventkey : http://zz.jhzh66.com/app/index.php?i=8&c=entry&eid=194 ;
menuid : 424819011 ;
from : oSI4LjyO9i8MLwQjUY2ZYGWR6Kyk ;
to : gh_0c02969f70a6 ;
time : 1522463017 ;
type : event ;

2018-03-31 10:23:37 params :
------------
Array:
rule : -2 ;
module :  ;
message : Array ;

2018-03-31 10:23:37 response :
------------

2018-03-31 10:27:05 trace :
------------
Array:
tousername : gh_0c02969f70a6 ;
fromusername : oSI4Lj8yg76PUPFmX2X5xpaYRZxU ;
createtime : 1522463225 ;
msgtype : event ;
event : subscribe ;
eventkey : Array ;
from : oSI4Lj8yg76PUPFmX2X5xpaYRZxU ;
to : gh_0c02969f70a6 ;
time : 1522463225 ;
type : subscribe ;

2018-03-31 10:27:05 params :
------------
Array:
rule : -2 ;
module :  ;
message : Array ;

2018-03-31 10:27:05 response :
------------

2018-03-31 10:27:29 trace :
------------
Array:
tousername : gh_0c02969f70a6 ;
fromusername : oSI4Lj8yg76PUPFmX2X5xpaYRZxU ;
createtime : 1522463249 ;
msgtype : event ;
event : VIEW ;
eventkey : http://zz.jhzh66.com/app/index.php?i=8&c=entry&eid=194 ;
menuid : 424819011 ;
from : oSI4Lj8yg76PUPFmX2X5xpaYRZxU ;
to : gh_0c02969f70a6 ;
time : 1522463249 ;
type : event ;

2018-03-31 10:27:29 params :
------------
Array:
rule : -2 ;
module :  ;
message : Array ;

2018-03-31 10:27:29 response :
------------

2018-03-31 10:27:32 trace :
------------
Array:
tousername : gh_0c02969f70a6 ;
fromusername : oSI4Lj8nRZY0aV_t-nA1I3ofr6gk ;
createtime : 1522463252 ;
msgtype : event ;
event : VIEW ;
eventkey : http://zz.jhzh66.com/app/index.php?i=8&c=entry&eid=194 ;
menuid : 424819011 ;
from : oSI4Lj8nRZY0aV_t-nA1I3ofr6gk ;
to : gh_0c02969f70a6 ;
time : 1522463252 ;
type : event ;

2018-03-31 10:27:32 params :
------------
Array:
rule : -2 ;
module :  ;
message : Array ;

2018-03-31 10:27:32 response :
------------

2018-03-31 10:29:13 trace :
------------
Array:
tousername : gh_0c02969f70a6 ;
fromusername : oSI4Lj8nRZY0aV_t-nA1I3ofr6gk ;
createtime : 1522463353 ;
msgtype : event ;
event : VIEW ;
eventkey : http://zz.jhzh66.com/app/index.php?i=8&c=entry&eid=194 ;
menuid : 424819011 ;
from : oSI4Lj8nRZY0aV_t-nA1I3ofr6gk ;
to : gh_0c02969f70a6 ;
time : 1522463353 ;
type : event ;

2018-03-31 10:29:13 params :
------------
Array:
rule : -2 ;
module :  ;
message : Array ;

2018-03-31 10:29:13 response :
------------

2018-03-31 10:29:19 trace :
------------
Array:
tousername : gh_0c02969f70a6 ;
fromusername : oSI4Lj8yg76PUPFmX2X5xpaYRZxU ;
createtime : 1522463359 ;
msgtype : event ;
event : VIEW ;
eventkey : http://zz.jhzh66.com/app/index.php?i=8&c=entry&eid=194 ;
menuid : 424819011 ;
from : oSI4Lj8yg76PUPFmX2X5xpaYRZxU ;
to : gh_0c02969f70a6 ;
time : 1522463359 ;
type : event ;

2018-03-31 10:29:19 params :
------------
Array:
rule : -2 ;
module :  ;
message : Array ;

2018-03-31 10:29:19 response :
------------

2018-03-31 10:33:34 trace :
------------
Array:
tousername : gh_0c02969f70a6 ;
fromusername : oSI4LjyO9i8MLwQjUY2ZYGWR6Kyk ;
createtime : 1522463614 ;
msgtype : event ;
event : VIEW ;
eventkey : http://zz.jhzh66.com/app/index.php?i=8&c=entry&eid=194 ;
menuid : 424819011 ;
from : oSI4LjyO9i8MLwQjUY2ZYGWR6Kyk ;
to : gh_0c02969f70a6 ;
time : 1522463614 ;
type : event ;

2018-03-31 10:33:34 params :
------------
Array:
rule : -2 ;
module :  ;
message : Array ;

2018-03-31 10:33:34 response :
------------

2018-03-31 10:34:19 trace :
------------
Array:
tousername : gh_0c02969f70a6 ;
fromusername : oSI4LjyO9i8MLwQjUY2ZYGWR6Kyk ;
createtime : 1522463659 ;
msgtype : event ;
event : VIEW ;
eventkey : http://zz.jhzh66.com/app/index.php?i=8&c=entry&eid=194 ;
menuid : 424819011 ;
from : oSI4LjyO9i8MLwQjUY2ZYGWR6Kyk ;
to : gh_0c02969f70a6 ;
time : 1522463659 ;
type : event ;

2018-03-31 10:34:19 params :
------------
Array:
rule : -2 ;
module :  ;
message : Array ;

2018-03-31 10:34:19 response :
------------

2018-03-31 10:34:41 trace :
------------
Array:
tousername : gh_0c02969f70a6 ;
fromusername : oSI4LjyO9i8MLwQjUY2ZYGWR6Kyk ;
createtime : 1522463681 ;
msgtype : event ;
event : VIEW ;
eventkey : http://zz.jhzh66.com/app/index.php?i=8&c=entry&eid=194 ;
menuid : 424819011 ;
from : oSI4LjyO9i8MLwQjUY2ZYGWR6Kyk ;
to : gh_0c02969f70a6 ;
time : 1522463681 ;
type : event ;

2018-03-31 10:34:41 params :
------------
Array:
rule : -2 ;
module :  ;
message : Array ;

2018-03-31 10:34:41 response :
------------

2018-03-31 10:35:54 trace :
------------
Array:
tousername : gh_0c02969f70a6 ;
fromusername : oSI4Lj8yg76PUPFmX2X5xpaYRZxU ;
createtime : 1522463754 ;
msgtype : event ;
event : VIEW ;
eventkey : http://zz.jhzh66.com/app/index.php?i=8&c=entry&eid=194 ;
menuid : 424819011 ;
from : oSI4Lj8yg76PUPFmX2X5xpaYRZxU ;
to : gh_0c02969f70a6 ;
time : 1522463754 ;
type : event ;

2018-03-31 10:35:54 params :
------------
Array:
rule : -2 ;
module :  ;
message : Array ;

2018-03-31 10:35:54 response :
------------

2018-03-31 10:35:56 trace :
------------
Array:
tousername : gh_0c02969f70a6 ;
fromusername : oSI4Lj8yg76PUPFmX2X5xpaYRZxU ;
createtime : 1522463756 ;
msgtype : event ;
event : VIEW ;
eventkey : http://zz.jhzh66.com/app/index.php?i=8&c=entry&eid=194 ;
menuid : 424819011 ;
from : oSI4Lj8yg76PUPFmX2X5xpaYRZxU ;
to : gh_0c02969f70a6 ;
time : 1522463756 ;
type : event ;

2018-03-31 10:35:56 params :
------------
Array:
rule : -2 ;
module :  ;
message : Array ;

2018-03-31 10:35:56 response :
------------

2018-03-31 10:36:11 trace :
------------
Array:
tousername : gh_0c02969f70a6 ;
fromusername : oSI4LjyO9i8MLwQjUY2ZYGWR6Kyk ;
createtime : 1522463770 ;
msgtype : event ;
event : VIEW ;
eventkey : http://zz.jhzh66.com/app/index.php?i=8&c=entry&eid=194 ;
menuid : 424819011 ;
from : oSI4LjyO9i8MLwQjUY2ZYGWR6Kyk ;
to : gh_0c02969f70a6 ;
time : 1522463770 ;
type : event ;

2018-03-31 10:36:11 params :
------------
Array:
rule : -2 ;
module :  ;
message : Array ;

2018-03-31 10:36:11 response :
------------

2018-03-31 10:39:18 trace :
------------
Array:
tousername : gh_0c02969f70a6 ;
fromusername : oSI4LjyO9i8MLwQjUY2ZYGWR6Kyk ;
createtime : 1522463958 ;
msgtype : event ;
event : VIEW ;
eventkey : http://zz.jhzh66.com/app/index.php?i=8&c=entry&eid=194 ;
menuid : 424819011 ;
from : oSI4LjyO9i8MLwQjUY2ZYGWR6Kyk ;
to : gh_0c02969f70a6 ;
time : 1522463958 ;
type : event ;

2018-03-31 10:39:18 params :
------------
Array:
rule : -2 ;
module :  ;
message : Array ;

2018-03-31 10:39:18 response :
------------

2018-03-31 10:41:42 trace :
------------
Array:
tousername : gh_0c02969f70a6 ;
fromusername : oSI4Lj8yg76PUPFmX2X5xpaYRZxU ;
createtime : 1522464102 ;
msgtype : event ;
event : VIEW ;
eventkey : http://zz.jhzh66.com/app/index.php?i=8&c=entry&eid=194 ;
menuid : 424819011 ;
from : oSI4Lj8yg76PUPFmX2X5xpaYRZxU ;
to : gh_0c02969f70a6 ;
time : 1522464102 ;
type : event ;

2018-03-31 10:41:42 params :
------------
Array:
rule : -2 ;
module :  ;
message : Array ;

2018-03-31 10:41:42 response :
------------

2018-03-31 10:45:40 trace :
------------
Array:
tousername : gh_0c02969f70a6 ;
fromusername : oSI4Lj8yg76PUPFmX2X5xpaYRZxU ;
createtime : 1522464340 ;
msgtype : event ;
event : VIEW ;
eventkey : http://zz.jhzh66.com/app/index.php?i=8&c=entry&eid=194 ;
menuid : 424819011 ;
from : oSI4Lj8yg76PUPFmX2X5xpaYRZxU ;
to : gh_0c02969f70a6 ;
time : 1522464340 ;
type : event ;

2018-03-31 10:45:40 params :
------------
Array:
rule : -2 ;
module :  ;
message : Array ;

2018-03-31 10:45:40 response :
------------

2018-03-31 10:47:10 trace :
------------
Array:
tousername : gh_0c02969f70a6 ;
fromusername : oSI4Lj97Jm2kdczJ4OHYMLb017pk ;
createtime : 1522464430 ;
msgtype : event ;
event : VIEW ;
eventkey : http://zz.jhzh66.com/app/index.php?i=8&c=entry&eid=194 ;
menuid : 424819011 ;
from : oSI4Lj97Jm2kdczJ4OHYMLb017pk ;
to : gh_0c02969f70a6 ;
time : 1522464430 ;
type : event ;

2018-03-31 10:47:10 params :
------------
Array:
rule : -2 ;
module :  ;
message : Array ;

2018-03-31 10:47:10 response :
------------

2018-03-31 10:50:47 trace :
------------
Array:
tousername : gh_0c02969f70a6 ;
fromusername : oSI4Lj2wkg2n_JN-yauY6A4GH8V4 ;
createtime : 1522464647 ;
msgtype : event ;
event : VIEW ;
eventkey : http://zz.jhzh66.com/app/index.php?i=8&c=entry&eid=198 ;
menuid : 424819011 ;
from : oSI4Lj2wkg2n_JN-yauY6A4GH8V4 ;
to : gh_0c02969f70a6 ;
time : 1522464647 ;
type : event ;

2018-03-31 10:50:47 params :
------------
Array:
rule : -2 ;
module :  ;
message : Array ;

2018-03-31 10:50:47 response :
------------

2018-03-31 10:51:44 trace :
------------
Array:
tousername : gh_0c02969f70a6 ;
fromusername : oSI4LjyO9i8MLwQjUY2ZYGWR6Kyk ;
createtime : 1522464703 ;
msgtype : event ;
event : VIEW ;
eventkey : http://zz.jhzh66.com/app/index.php?i=8&c=entry&eid=194 ;
menuid : 424819011 ;
from : oSI4LjyO9i8MLwQjUY2ZYGWR6Kyk ;
to : gh_0c02969f70a6 ;
time : 1522464703 ;
type : event ;

2018-03-31 10:51:44 params :
------------
Array:
rule : -2 ;
module :  ;
message : Array ;

2018-03-31 10:51:44 response :
------------

2018-03-31 10:52:10 trace :
------------
Array:
tousername : gh_0c02969f70a6 ;
fromusername : oSI4LjyO9i8MLwQjUY2ZYGWR6Kyk ;
createtime : 1522464730 ;
msgtype : event ;
event : VIEW ;
eventkey : http://zz.jhzh66.com/app/index.php?i=8&c=entry&eid=194 ;
menuid : 424819011 ;
from : oSI4LjyO9i8MLwQjUY2ZYGWR6Kyk ;
to : gh_0c02969f70a6 ;
time : 1522464730 ;
type : event ;

2018-03-31 10:52:10 params :
------------
Array:
rule : -2 ;
module :  ;
message : Array ;

2018-03-31 10:52:10 response :
------------

2018-03-31 10:52:54 trace :
------------
Array:
tousername : gh_0c02969f70a6 ;
fromusername : oSI4LjyO9i8MLwQjUY2ZYGWR6Kyk ;
createtime : 1522464774 ;
msgtype : event ;
event : VIEW ;
eventkey : http://zz.jhzh66.com/app/index.php?i=8&c=entry&eid=194 ;
menuid : 424819011 ;
from : oSI4LjyO9i8MLwQjUY2ZYGWR6Kyk ;
to : gh_0c02969f70a6 ;
time : 1522464774 ;
type : event ;

2018-03-31 10:52:54 params :
------------
Array:
rule : -2 ;
module :  ;
message : Array ;

2018-03-31 10:52:54 response :
------------

2018-03-31 10:55:46 trace :
------------
Array:
tousername : gh_0c02969f70a6 ;
fromusername : oSI4Lj97Jm2kdczJ4OHYMLb017pk ;
createtime : 1522464946 ;
msgtype : event ;
event : VIEW ;
eventkey : http://zz.jhzh66.com/app/index.php?i=8&c=entry&eid=194 ;
menuid : 424819011 ;
from : oSI4Lj97Jm2kdczJ4OHYMLb017pk ;
to : gh_0c02969f70a6 ;
time : 1522464946 ;
type : event ;

2018-03-31 10:55:46 params :
------------
Array:
rule : -2 ;
module :  ;
message : Array ;

2018-03-31 10:55:46 response :
------------

2018-03-31 10:59:04 trace :
------------
Array:
tousername : gh_0c02969f70a6 ;
fromusername : oSI4LjyO9i8MLwQjUY2ZYGWR6Kyk ;
createtime : 1522465144 ;
msgtype : event ;
event : VIEW ;
eventkey : http://zz.jhzh66.com/app/index.php?i=8&c=entry&eid=194 ;
menuid : 424819011 ;
from : oSI4LjyO9i8MLwQjUY2ZYGWR6Kyk ;
to : gh_0c02969f70a6 ;
time : 1522465144 ;
type : event ;

2018-03-31 10:59:04 params :
------------
Array:
rule : -2 ;
module :  ;
message : Array ;

2018-03-31 10:59:04 response :
------------

2018-03-31 10:59:57 trace :
------------
Array:
tousername : gh_0c02969f70a6 ;
fromusername : oSI4Lj97Jm2kdczJ4OHYMLb017pk ;
createtime : 1522465196 ;
msgtype : event ;
event : VIEW ;
eventkey : http://zz.jhzh66.com/app/index.php?i=8&c=entry&eid=194 ;
menuid : 424819011 ;
from : oSI4Lj97Jm2kdczJ4OHYMLb017pk ;
to : gh_0c02969f70a6 ;
time : 1522465196 ;
type : event ;

2018-03-31 10:59:57 params :
------------
Array:
rule : -2 ;
module :  ;
message : Array ;

2018-03-31 10:59:57 response :
------------

2018-03-31 11:01:44 trace :
------------
Array:
tousername : gh_0c02969f70a6 ;
fromusername : oSI4Lj97Jm2kdczJ4OHYMLb017pk ;
createtime : 1522465304 ;
msgtype : event ;
event : VIEW ;
eventkey : http://zz.jhzh66.com/app/index.php?i=8&c=entry&eid=194 ;
menuid : 424819011 ;
from : oSI4Lj97Jm2kdczJ4OHYMLb017pk ;
to : gh_0c02969f70a6 ;
time : 1522465304 ;
type : event ;

2018-03-31 11:01:44 params :
------------
Array:
rule : -2 ;
module :  ;
message : Array ;

2018-03-31 11:01:44 response :
------------

2018-03-31 11:03:41 trace :
------------
Array:
tousername : gh_0c02969f70a6 ;
fromusername : oSI4Lj70opK5Mk1VdVzQAJjzh9h0 ;
createtime : 1522465420 ;
msgtype : event ;
event : VIEW ;
eventkey : http://zz.jhzh66.com/app/index.php?i=8&c=entry&eid=194 ;
menuid : 424819011 ;
from : oSI4Lj70opK5Mk1VdVzQAJjzh9h0 ;
to : gh_0c02969f70a6 ;
time : 1522465420 ;
type : event ;

2018-03-31 11:03:41 params :
------------
Array:
rule : -2 ;
module :  ;
message : Array ;

2018-03-31 11:03:41 response :
------------

2018-03-31 11:03:43 trace :
------------
Array:
tousername : gh_0c02969f70a6 ;
fromusername : oSI4Lj97Jm2kdczJ4OHYMLb017pk ;
createtime : 1522465423 ;
msgtype : event ;
event : VIEW ;
eventkey : http://zz.jhzh66.com/app/index.php?i=8&c=entry&eid=194 ;
menuid : 424819011 ;
from : oSI4Lj97Jm2kdczJ4OHYMLb017pk ;
to : gh_0c02969f70a6 ;
time : 1522465423 ;
type : event ;

2018-03-31 11:03:43 params :
------------
Array:
rule : -2 ;
module :  ;
message : Array ;

2018-03-31 11:03:43 response :
------------

2018-03-31 11:07:20 trace :
------------
Array:
tousername : gh_0c02969f70a6 ;
fromusername : oSI4Lj8yg76PUPFmX2X5xpaYRZxU ;
createtime : 1522465640 ;
msgtype : event ;
event : VIEW ;
eventkey : http://zz.jhzh66.com/app/index.php?i=8&c=entry&eid=194 ;
menuid : 424819011 ;
from : oSI4Lj8yg76PUPFmX2X5xpaYRZxU ;
to : gh_0c02969f70a6 ;
time : 1522465640 ;
type : event ;

2018-03-31 11:07:20 params :
------------
Array:
rule : -2 ;
module :  ;
message : Array ;

2018-03-31 11:07:20 response :
------------

2018-03-31 11:08:43 trace :
------------
Array:
tousername : gh_0c02969f70a6 ;
fromusername : oSI4Lj8yg76PUPFmX2X5xpaYRZxU ;
createtime : 1522465723 ;
msgtype : event ;
event : VIEW ;
eventkey : http://zz.jhzh66.com/app/index.php?i=8&c=entry&eid=194 ;
menuid : 424819011 ;
from : oSI4Lj8yg76PUPFmX2X5xpaYRZxU ;
to : gh_0c02969f70a6 ;
time : 1522465723 ;
type : event ;

2018-03-31 11:08:43 params :
------------
Array:
rule : -2 ;
module :  ;
message : Array ;

2018-03-31 11:08:43 response :
------------

2018-03-31 11:11:38 trace :
------------
Array:
tousername : gh_0c02969f70a6 ;
fromusername : oSI4Lj97Jm2kdczJ4OHYMLb017pk ;
createtime : 1522465898 ;
msgtype : event ;
event : VIEW ;
eventkey : http://zz.jhzh66.com/app/index.php?i=8&c=entry&eid=194 ;
menuid : 424819011 ;
from : oSI4Lj97Jm2kdczJ4OHYMLb017pk ;
to : gh_0c02969f70a6 ;
time : 1522465898 ;
type : event ;

2018-03-31 11:11:38 params :
------------
Array:
rule : -2 ;
module :  ;
message : Array ;

2018-03-31 11:11:38 response :
------------

2018-03-31 11:14:31 trace :
------------
Array:
tousername : gh_0c02969f70a6 ;
fromusername : oSI4Lj4D4s1OS7Tx2J5YcCVk40og ;
createtime : 1522466071 ;
msgtype : event ;
event : VIEW ;
eventkey : http://zz.jhzh66.com/app/index.php?i=8&c=entry&eid=194 ;
menuid : 424819011 ;
from : oSI4Lj4D4s1OS7Tx2J5YcCVk40og ;
to : gh_0c02969f70a6 ;
time : 1522466071 ;
type : event ;

2018-03-31 11:14:31 params :
------------
Array:
rule : -2 ;
module :  ;
message : Array ;

2018-03-31 11:14:31 response :
------------

2018-03-31 11:15:45 trace :
------------
Array:
tousername : gh_0c02969f70a6 ;
fromusername : oSI4Lj8yg76PUPFmX2X5xpaYRZxU ;
createtime : 1522466145 ;
msgtype : event ;
event : VIEW ;
eventkey : http://zz.jhzh66.com/app/index.php?i=8&c=entry&eid=194 ;
menuid : 424819011 ;
from : oSI4Lj8yg76PUPFmX2X5xpaYRZxU ;
to : gh_0c02969f70a6 ;
time : 1522466145 ;
type : event ;

2018-03-31 11:15:45 params :
------------
Array:
rule : -2 ;
module :  ;
message : Array ;

2018-03-31 11:15:45 response :
------------

2018-03-31 11:16:34 trace :
------------
Array:
tousername : gh_0c02969f70a6 ;
fromusername : oSI4Lj4D4s1OS7Tx2J5YcCVk40og ;
createtime : 1522466194 ;
msgtype : event ;
event : VIEW ;
eventkey : http://zz.jhzh66.com/app/index.php?i=8&c=entry&eid=194 ;
menuid : 424819011 ;
from : oSI4Lj4D4s1OS7Tx2J5YcCVk40og ;
to : gh_0c02969f70a6 ;
time : 1522466194 ;
type : event ;

2018-03-31 11:16:34 params :
------------
Array:
rule : -2 ;
module :  ;
message : Array ;

2018-03-31 11:16:34 response :
------------

2018-03-31 11:26:45 trace :
------------
Array:
tousername : gh_0c02969f70a6 ;
fromusername : oSI4Lj4D4s1OS7Tx2J5YcCVk40og ;
createtime : 1522466804 ;
msgtype : event ;
event : VIEW ;
eventkey : http://zz.jhzh66.com/app/index.php?i=8&c=entry&eid=194 ;
menuid : 424819011 ;
from : oSI4Lj4D4s1OS7Tx2J5YcCVk40og ;
to : gh_0c02969f70a6 ;
time : 1522466804 ;
type : event ;

2018-03-31 11:26:45 params :
------------
Array:
rule : -2 ;
module :  ;
message : Array ;

2018-03-31 11:26:45 response :
------------

2018-03-31 11:51:09 trace :
------------
Array:
tousername : gh_0c02969f70a6 ;
fromusername : oSI4Lj4D4s1OS7Tx2J5YcCVk40og ;
createtime : 1522468268 ;
msgtype : event ;
event : VIEW ;
eventkey : http://zz.jhzh66.com/app/index.php?i=8&c=entry&eid=194 ;
menuid : 424819011 ;
from : oSI4Lj4D4s1OS7Tx2J5YcCVk40og ;
to : gh_0c02969f70a6 ;
time : 1522468268 ;
type : event ;

2018-03-31 11:51:09 params :
------------
Array:
rule : -2 ;
module :  ;
message : Array ;

2018-03-31 11:51:09 response :
------------

2018-03-31 11:55:45 trace :
------------
Array:
tousername : gh_0c02969f70a6 ;
fromusername : oSI4Lj97Jm2kdczJ4OHYMLb017pk ;
createtime : 1522468545 ;
msgtype : event ;
event : VIEW ;
eventkey : http://zz.jhzh66.com/app/index.php?i=8&c=entry&eid=194 ;
menuid : 424819011 ;
from : oSI4Lj97Jm2kdczJ4OHYMLb017pk ;
to : gh_0c02969f70a6 ;
time : 1522468545 ;
type : event ;

2018-03-31 11:55:45 params :
------------
Array:
rule : -2 ;
module :  ;
message : Array ;

2018-03-31 11:55:45 response :
------------

2018-03-31 12:00:28 trace :
------------
Array:
tousername : gh_0c02969f70a6 ;
fromusername : oSI4Lj97Jm2kdczJ4OHYMLb017pk ;
createtime : 1522468828 ;
msgtype : event ;
event : VIEW ;
eventkey : http://zz.jhzh66.com/app/index.php?i=8&c=entry&eid=194 ;
menuid : 424819011 ;
from : oSI4Lj97Jm2kdczJ4OHYMLb017pk ;
to : gh_0c02969f70a6 ;
time : 1522468828 ;
type : event ;

2018-03-31 12:00:28 params :
------------
Array:
rule : -2 ;
module :  ;
message : Array ;

2018-03-31 12:00:28 response :
------------

2018-03-31 12:01:01 trace :
------------
Array:
tousername : gh_0c02969f70a6 ;
fromusername : oSI4Lj97Jm2kdczJ4OHYMLb017pk ;
createtime : 1522468861 ;
msgtype : event ;
event : VIEW ;
eventkey : http://zz.jhzh66.com/app/index.php?i=8&c=entry&eid=194 ;
menuid : 424819011 ;
from : oSI4Lj97Jm2kdczJ4OHYMLb017pk ;
to : gh_0c02969f70a6 ;
time : 1522468861 ;
type : event ;

2018-03-31 12:01:01 params :
------------
Array:
rule : -2 ;
module :  ;
message : Array ;

2018-03-31 12:01:01 response :
------------

2018-03-31 12:49:35 trace :
------------
Array:
tousername : gh_0c02969f70a6 ;
fromusername : oSI4Lj97Jm2kdczJ4OHYMLb017pk ;
createtime : 1522471775 ;
msgtype : event ;
event : VIEW ;
eventkey : http://zz.jhzh66.com/app/index.php?i=8&c=entry&eid=194 ;
menuid : 424819011 ;
from : oSI4Lj97Jm2kdczJ4OHYMLb017pk ;
to : gh_0c02969f70a6 ;
time : 1522471775 ;
type : event ;

2018-03-31 12:49:35 params :
------------
Array:
rule : -2 ;
module :  ;
message : Array ;

2018-03-31 12:49:35 response :
------------

2018-03-31 13:02:05 trace :
------------
Array:
tousername : gh_0c02969f70a6 ;
fromusername : oSI4Lj70opK5Mk1VdVzQAJjzh9h0 ;
createtime : 1522472524 ;
msgtype : event ;
event : VIEW ;
eventkey : http://zz.jhzh66.com/app/index.php?i=8&c=site&a=site&do=detail&id=2 ;
menuid : 424819011 ;
from : oSI4Lj70opK5Mk1VdVzQAJjzh9h0 ;
to : gh_0c02969f70a6 ;
time : 1522472524 ;
type : event ;

2018-03-31 13:02:05 params :
------------
Array:
rule : -2 ;
module :  ;
message : Array ;

2018-03-31 13:02:05 response :
------------

2018-03-31 13:02:23 trace :
------------
Array:
tousername : gh_0c02969f70a6 ;
fromusername : oSI4Lj70opK5Mk1VdVzQAJjzh9h0 ;
createtime : 1522472543 ;
msgtype : event ;
event : VIEW ;
eventkey : http://zz.jhzh66.com/app/index.php?i=8&c=entry&eid=198 ;
menuid : 424819011 ;
from : oSI4Lj70opK5Mk1VdVzQAJjzh9h0 ;
to : gh_0c02969f70a6 ;
time : 1522472543 ;
type : event ;

2018-03-31 13:02:23 params :
------------
Array:
rule : -2 ;
module :  ;
message : Array ;

2018-03-31 13:02:23 response :
------------

2018-03-31 13:44:01 trace :
------------
Array:
tousername : gh_0c02969f70a6 ;
fromusername : oSI4Lj4zvIeEcp-R0FKPK4TTXIVg ;
createtime : 1522475041 ;
msgtype : event ;
event : VIEW ;
eventkey : http://zz11.com.cn/plugin.php?id=wechat:access ;
menuid : 424819011 ;
from : oSI4Lj4zvIeEcp-R0FKPK4TTXIVg ;
to : gh_0c02969f70a6 ;
time : 1522475041 ;
type : event ;

2018-03-31 13:44:01 params :
------------
Array:
rule : -2 ;
module :  ;
message : Array ;

2018-03-31 13:44:01 response :
------------

2018-03-31 13:44:21 trace :
------------
Array:
tousername : gh_0c02969f70a6 ;
fromusername : oSI4Lj4zvIeEcp-R0FKPK4TTXIVg ;
createtime : 1522475061 ;
msgtype : event ;
event : VIEW ;
eventkey : http://zz.jhzh66.com/app/index.php?i=8&c=site&a=site&do=detail&id=2 ;
menuid : 424819011 ;
from : oSI4Lj4zvIeEcp-R0FKPK4TTXIVg ;
to : gh_0c02969f70a6 ;
time : 1522475061 ;
type : event ;

2018-03-31 13:44:21 params :
------------
Array:
rule : -2 ;
module :  ;
message : Array ;

2018-03-31 13:44:21 response :
------------

2018-03-31 13:44:38 trace :
------------
Array:
tousername : gh_0c02969f70a6 ;
fromusername : oSI4Lj4zvIeEcp-R0FKPK4TTXIVg ;
createtime : 1522475078 ;
msgtype : event ;
event : VIEW ;
eventkey : http://zz.jhzh66.com/app/index.php?i=8&c=entry&eid=194 ;
menuid : 424819011 ;
from : oSI4Lj4zvIeEcp-R0FKPK4TTXIVg ;
to : gh_0c02969f70a6 ;
time : 1522475078 ;
type : event ;

2018-03-31 13:44:38 params :
------------
Array:
rule : -2 ;
module :  ;
message : Array ;

2018-03-31 13:44:38 response :
------------

2018-03-31 13:46:18 trace :
------------
Array:
tousername : gh_0c02969f70a6 ;
fromusername : oSI4Lj4zvIeEcp-R0FKPK4TTXIVg ;
createtime : 1522475178 ;
msgtype : event ;
event : VIEW ;
eventkey : http://zz11.com.cn/plugin.php?id=wechat:access ;
menuid : 424819011 ;
from : oSI4Lj4zvIeEcp-R0FKPK4TTXIVg ;
to : gh_0c02969f70a6 ;
time : 1522475178 ;
type : event ;

2018-03-31 13:46:18 params :
------------
Array:
rule : -2 ;
module :  ;
message : Array ;

2018-03-31 13:46:18 response :
------------

2018-03-31 16:35:36 trace :
------------
Array:
tousername : gh_0c02969f70a6 ;
fromusername : oSI4Lj70opK5Mk1VdVzQAJjzh9h0 ;
createtime : 1522485336 ;
msgtype : event ;
event : VIEW ;
eventkey : http://zz.jhzh66.com/app/index.php?i=8&c=entry&eid=194 ;
menuid : 424819011 ;
from : oSI4Lj70opK5Mk1VdVzQAJjzh9h0 ;
to : gh_0c02969f70a6 ;
time : 1522485336 ;
type : event ;

2018-03-31 16:35:36 params :
------------
Array:
rule : -2 ;
module :  ;
message : Array ;

2018-03-31 16:35:36 response :
------------

2018-03-31 16:58:48 trace :
------------
Array:
tousername : gh_0c02969f70a6 ;
fromusername : oSI4LjxOk_z2c7unlDpR6f69Hl6A ;
createtime : 1522486727 ;
msgtype : event ;
event : VIEW ;
eventkey : http://zz.jhzh66.com/app/index.php?i=8&c=entry&eid=198 ;
menuid : 424819011 ;
from : oSI4LjxOk_z2c7unlDpR6f69Hl6A ;
to : gh_0c02969f70a6 ;
time : 1522486727 ;
type : event ;

2018-03-31 16:58:48 params :
------------
Array:
rule : -2 ;
module :  ;
message : Array ;

2018-03-31 16:58:48 response :
------------

2018-03-31 17:15:37 trace :
------------
Array:
tousername : gh_0c02969f70a6 ;
fromusername : oSI4Lj5fxC6qUorf2cyQzxHw8r3c ;
createtime : 1522487737 ;
msgtype : event ;
event : subscribe ;
eventkey : Array ;
from : oSI4Lj5fxC6qUorf2cyQzxHw8r3c ;
to : gh_0c02969f70a6 ;
time : 1522487737 ;
type : subscribe ;

2018-03-31 17:15:37 params :
------------
Array:
rule : -2 ;
module :  ;
message : Array ;

2018-03-31 17:15:37 response :
------------

2018-03-31 17:15:56 trace :
------------
Array:
tousername : gh_0c02969f70a6 ;
fromusername : oSI4Lj5fxC6qUorf2cyQzxHw8r3c ;
createtime : 1522487756 ;
msgtype : event ;
event : VIEW ;
eventkey : http://zz.jhzh66.com/app/index.php?i=8&c=entry&eid=198 ;
menuid : 424819011 ;
from : oSI4Lj5fxC6qUorf2cyQzxHw8r3c ;
to : gh_0c02969f70a6 ;
time : 1522487756 ;
type : event ;

2018-03-31 17:15:56 params :
------------
Array:
rule : -2 ;
module :  ;
message : Array ;

2018-03-31 17:15:56 response :
------------

2018-03-31 17:17:52 trace :
------------
Array:
tousername : gh_0c02969f70a6 ;
fromusername : oSI4Lj5fxC6qUorf2cyQzxHw8r3c ;
createtime : 1522487872 ;
msgtype : event ;
event : CLICK ;
eventkey : 海报 ;
from : oSI4Lj5fxC6qUorf2cyQzxHw8r3c ;
to : gh_0c02969f70a6 ;
time : 1522487872 ;
type : event ;

2018-03-31 17:18:29 trace :
------------
Array:
tousername : gh_0c02969f70a6 ;
fromusername : oSI4Lj5fxC6qUorf2cyQzxHw8r3c ;
createtime : 1522487908 ;
msgtype : event ;
event : SCAN ;
eventkey : 5dd9b0a5e996c2e3dee8ce6e1221d3c3 ;
ticket : gQHp8DwAAAAAAAAAAS5odHRwOi8vd2VpeGluLnFxLmNvbS9xLzAyR01KbEFkOGU4YmYxMDAwMGcwN0kAAgRBUr9aAwQAAAAA ;
from : oSI4Lj5fxC6qUorf2cyQzxHw8r3c ;
to : gh_0c02969f70a6 ;
time : 1522487908 ;
type : subscribe ;
scene : 5dd9b0a5e996c2e3dee8ce6e1221d3c3 ;

2018-03-31 17:18:58 trace :
------------
Array:
tousername : gh_0c02969f70a6 ;
fromusername : oSI4Lj5fxC6qUorf2cyQzxHw8r3c ;
createtime : 1522487938 ;
msgtype : event ;
event : VIEW ;
eventkey : http://zz.jhzh66.com/app/index.php?i=8&c=entry&eid=194 ;
menuid : 424819011 ;
from : oSI4Lj5fxC6qUorf2cyQzxHw8r3c ;
to : gh_0c02969f70a6 ;
time : 1522487938 ;
type : event ;

2018-03-31 17:18:58 params :
------------
Array:
rule : -2 ;
module :  ;
message : Array ;

2018-03-31 17:18:58 response :
------------

2018-03-31 17:19:41 trace :
------------
Array:
tousername : gh_0c02969f70a6 ;
fromusername : oSI4Lj5fxC6qUorf2cyQzxHw8r3c ;
createtime : 1522487981 ;
msgtype : event ;
event : VIEW ;
eventkey : http://zz.jhzh66.com/app/index.php?i=8&c=entry&eid=194 ;
menuid : 424819011 ;
from : oSI4Lj5fxC6qUorf2cyQzxHw8r3c ;
to : gh_0c02969f70a6 ;
time : 1522487981 ;
type : event ;

2018-03-31 17:19:41 params :
------------
Array:
rule : -2 ;
module :  ;
message : Array ;

2018-03-31 17:19:41 response :
------------

2018-03-31 18:00:12 trace :
------------
Array:
tousername : gh_0c02969f70a6 ;
fromusername : oSI4LjzGDzCztrhCP10C7-4flpE4 ;
createtime : 1522490412 ;
msgtype : event ;
event : VIEW ;
eventkey : http://zz.jhzh66.com/app/index.php?i=8&c=entry&eid=194 ;
menuid : 424819011 ;
from : oSI4LjzGDzCztrhCP10C7-4flpE4 ;
to : gh_0c02969f70a6 ;
time : 1522490412 ;
type : event ;

2018-03-31 18:00:12 params :
------------
Array:
rule : -2 ;
module :  ;
message : Array ;

2018-03-31 18:00:12 response :
------------

2018-03-31 18:01:51 trace :
------------
Array:
tousername : gh_0c02969f70a6 ;
fromusername : oSI4Lj_fVLc-DPZySqUSKsCXuyOo ;
createtime : 1522490511 ;
msgtype : event ;
event : VIEW ;
eventkey : http://zz.jhzh66.com/app/index.php?i=8&c=entry&eid=194 ;
menuid : 424819011 ;
from : oSI4Lj_fVLc-DPZySqUSKsCXuyOo ;
to : gh_0c02969f70a6 ;
time : 1522490511 ;
type : event ;

2018-03-31 18:01:51 params :
------------
Array:
rule : -2 ;
module :  ;
message : Array ;

2018-03-31 18:01:51 response :
------------

2018-03-31 18:02:35 trace :
------------
Array:
tousername : gh_0c02969f70a6 ;
fromusername : oSI4LjzGDzCztrhCP10C7-4flpE4 ;
createtime : 1522490555 ;
msgtype : event ;
event : SCAN ;
eventkey : 5141e420449e42c7df87975ef87074b6 ;
ticket : gQHp8TwAAAAAAAAAAS5odHRwOi8vd2VpeGluLnFxLmNvbS9xLzAyZjNCWkJmOGU4YmYxMDAwMDAwN2oAAgTj86RaAwQAAAAA ;
from : oSI4LjzGDzCztrhCP10C7-4flpE4 ;
to : gh_0c02969f70a6 ;
time : 1522490555 ;
type : subscribe ;
scene : 5141e420449e42c7df87975ef87074b6 ;

2018-03-31 18:02:39 trace :
------------
Array:
tousername : gh_0c02969f70a6 ;
fromusername : oSI4LjzGDzCztrhCP10C7-4flpE4 ;
createtime : 1522490559 ;
msgtype : event ;
event : VIEW ;
eventkey : http://zz.jhzh66.com/app/index.php?i=8&c=entry&eid=194 ;
menuid : 424819011 ;
from : oSI4LjzGDzCztrhCP10C7-4flpE4 ;
to : gh_0c02969f70a6 ;
time : 1522490559 ;
type : event ;

2018-03-31 18:02:39 params :
------------
Array:
rule : -2 ;
module :  ;
message : Array ;

2018-03-31 18:02:39 response :
------------

2018-03-31 18:07:09 trace :
------------
Array:
tousername : gh_0c02969f70a6 ;
fromusername : oSI4Lj_fVLc-DPZySqUSKsCXuyOo ;
createtime : 1522490829 ;
msgtype : event ;
event : VIEW ;
eventkey : http://zz.jhzh66.com/app/index.php?i=8&c=entry&eid=198 ;
menuid : 424819011 ;
from : oSI4Lj_fVLc-DPZySqUSKsCXuyOo ;
to : gh_0c02969f70a6 ;
time : 1522490829 ;
type : event ;

2018-03-31 18:07:09 params :
------------
Array:
rule : -2 ;
module :  ;
message : Array ;

2018-03-31 18:07:09 response :
------------

2018-03-31 18:30:39 trace :
------------
Array:
tousername : gh_0c02969f70a6 ;
fromusername : oSI4Lj_fVLc-DPZySqUSKsCXuyOo ;
createtime : 1522492239 ;
msgtype : event ;
event : VIEW ;
eventkey : http://zz.jhzh66.com/app/index.php?i=8&c=entry&eid=194 ;
menuid : 424819011 ;
from : oSI4Lj_fVLc-DPZySqUSKsCXuyOo ;
to : gh_0c02969f70a6 ;
time : 1522492239 ;
type : event ;

2018-03-31 18:30:39 params :
------------
Array:
rule : -2 ;
module :  ;
message : Array ;

2018-03-31 18:30:39 response :
------------

2018-03-31 18:50:17 trace :
------------
Array:
tousername : gh_0c02969f70a6 ;
fromusername : oSI4Lj_fVLc-DPZySqUSKsCXuyOo ;
createtime : 1522493417 ;
msgtype : event ;
event : VIEW ;
eventkey : http://zz.jhzh66.com/app/index.php?i=8&c=entry&eid=194 ;
menuid : 424819011 ;
from : oSI4Lj_fVLc-DPZySqUSKsCXuyOo ;
to : gh_0c02969f70a6 ;
time : 1522493417 ;
type : event ;

2018-03-31 18:50:17 params :
------------
Array:
rule : -2 ;
module :  ;
message : Array ;

2018-03-31 18:50:17 response :
------------

2018-03-31 19:02:23 trace :
------------
Array:
tousername : gh_0c02969f70a6 ;
fromusername : oSI4Lj8oAPTmAX2uQ7KkulZPMvEk ;
createtime : 1522494143 ;
msgtype : event ;
event : VIEW ;
eventkey : http://zz.jhzh66.com/app/index.php?i=8&c=site&a=site&do=detail&id=2 ;
menuid : 424819011 ;
from : oSI4Lj8oAPTmAX2uQ7KkulZPMvEk ;
to : gh_0c02969f70a6 ;
time : 1522494143 ;
type : event ;

2018-03-31 19:02:23 params :
------------
Array:
rule : -2 ;
module :  ;
message : Array ;

2018-03-31 19:02:23 response :
------------

2018-03-31 19:08:57 trace :
------------
Array:
tousername : gh_0c02969f70a6 ;
fromusername : oSI4Lj2f-c1cKWhPZLhOE85vn2lk ;
createtime : 1522494537 ;
msgtype : event ;
event : VIEW ;
eventkey : http://zz.jhzh66.com/app/index.php?i=8&c=entry&eid=194 ;
menuid : 424819011 ;
from : oSI4Lj2f-c1cKWhPZLhOE85vn2lk ;
to : gh_0c02969f70a6 ;
time : 1522494537 ;
type : event ;

2018-03-31 19:08:57 params :
------------
Array:
rule : -2 ;
module :  ;
message : Array ;

2018-03-31 19:08:57 response :
------------

2018-03-31 19:09:07 trace :
------------
Array:
tousername : gh_0c02969f70a6 ;
fromusername : oSI4Lj2f-c1cKWhPZLhOE85vn2lk ;
createtime : 1522494547 ;
msgtype : event ;
event : VIEW ;
eventkey : http://zz.jhzh66.com/app/index.php?i=8&c=entry&p=commission&m=sz_yi&do=plugin ;
menuid : 424819011 ;
from : oSI4Lj2f-c1cKWhPZLhOE85vn2lk ;
to : gh_0c02969f70a6 ;
time : 1522494547 ;
type : event ;

2018-03-31 19:09:07 params :
------------
Array:
rule : -2 ;
module :  ;
message : Array ;

2018-03-31 19:09:07 response :
------------

2018-03-31 19:21:19 trace :
------------
Array:
tousername : gh_0c02969f70a6 ;
fromusername : oSI4Lj8oAPTmAX2uQ7KkulZPMvEk ;
createtime : 1522495279 ;
msgtype : event ;
event : VIEW ;
eventkey : http://zz.jhzh66.com/app/index.php?i=8&c=entry&eid=194 ;
menuid : 424819011 ;
from : oSI4Lj8oAPTmAX2uQ7KkulZPMvEk ;
to : gh_0c02969f70a6 ;
time : 1522495279 ;
type : event ;

2018-03-31 19:21:19 params :
------------
Array:
rule : -2 ;
module :  ;
message : Array ;

2018-03-31 19:21:19 response :
------------

2018-03-31 19:22:38 trace :
------------
Array:
tousername : gh_0c02969f70a6 ;
fromusername : oSI4Lj97Jm2kdczJ4OHYMLb017pk ;
createtime : 1522495357 ;
msgtype : event ;
event : VIEW ;
eventkey : http://zz.jhzh66.com/app/index.php?i=8&c=entry&eid=194 ;
menuid : 424819011 ;
from : oSI4Lj97Jm2kdczJ4OHYMLb017pk ;
to : gh_0c02969f70a6 ;
time : 1522495357 ;
type : event ;

2018-03-31 19:22:38 params :
------------
Array:
rule : -2 ;
module :  ;
message : Array ;

2018-03-31 19:22:38 response :
------------

2018-03-31 19:44:48 trace :
------------
Array:
tousername : gh_0c02969f70a6 ;
fromusername : oSI4LjzUbTUfvJ9KlbtdPsSZ3d3Q ;
createtime : 1522496688 ;
msgtype : event ;
event : subscribe ;
eventkey : qrscene_ee395d04ec5fadc2f67c47c95fdc0447 ;
ticket : gQFT8TwAAAAAAAAAAS5odHRwOi8vd2VpeGluLnFxLmNvbS9xLzAycGRmMEJPOGU4YmYxMDAwMDAwN2YAAgRE9rxaAwQAAAAA ;
from : oSI4LjzUbTUfvJ9KlbtdPsSZ3d3Q ;
to : gh_0c02969f70a6 ;
time : 1522496688 ;
type : subscribe ;
scene : ee395d04ec5fadc2f67c47c95fdc0447 ;

2018-03-31 19:44:53 trace :
------------
Array:
tousername : gh_0c02969f70a6 ;
fromusername : oSI4LjzUbTUfvJ9KlbtdPsSZ3d3Q ;
createtime : 1522496693 ;
msgtype : event ;
event : VIEW ;
eventkey : http://zz.jhzh66.com/app/index.php?i=8&c=entry&eid=194 ;
menuid : 424819011 ;
from : oSI4LjzUbTUfvJ9KlbtdPsSZ3d3Q ;
to : gh_0c02969f70a6 ;
time : 1522496693 ;
type : event ;

2018-03-31 19:44:53 params :
------------
Array:
rule : -2 ;
module :  ;
message : Array ;

2018-03-31 19:44:53 response :
------------

2018-03-31 19:45:20 trace :
------------
Array:
tousername : gh_0c02969f70a6 ;
fromusername : oSI4LjzUbTUfvJ9KlbtdPsSZ3d3Q ;
createtime : 1522496720 ;
msgtype : event ;
event : VIEW ;
eventkey : http://zz.jhzh66.com/app/index.php?i=8&c=entry&eid=194 ;
menuid : 424819011 ;
from : oSI4LjzUbTUfvJ9KlbtdPsSZ3d3Q ;
to : gh_0c02969f70a6 ;
time : 1522496720 ;
type : event ;

2018-03-31 19:45:20 params :
------------
Array:
rule : -2 ;
module :  ;
message : Array ;

2018-03-31 19:45:20 response :
------------

2018-03-31 19:45:22 trace :
------------
Array:
tousername : gh_0c02969f70a6 ;
fromusername : oSI4Lj4POdU7GEPUbPdPO-3tDJ8o ;
createtime : 1522496722 ;
msgtype : event ;
event : TEMPLATESENDJOBFINISH ;
msgid : 216500767778029570 ;
status : success ;
from : oSI4Lj4POdU7GEPUbPdPO-3tDJ8o ;
to : gh_0c02969f70a6 ;
time : 1522496722 ;
type : event ;

2018-03-31 19:45:22 params :
------------
Array:
rule : -2 ;
module :  ;
message : Array ;

2018-03-31 19:45:22 response :
------------

2018-03-31 19:45:22 trace :
------------
Array:
tousername : gh_0c02969f70a6 ;
fromusername : oSI4LjwFuCfjj4FkOq_tS1grj9lE ;
createtime : 1522496722 ;
msgtype : event ;
event : TEMPLATESENDJOBFINISH ;
msgid : 216500767375523840 ;
status : success ;
from : oSI4LjwFuCfjj4FkOq_tS1grj9lE ;
to : gh_0c02969f70a6 ;
time : 1522496722 ;
type : event ;

2018-03-31 19:45:22 params :
------------
Array:
rule : -2 ;
module :  ;
message : Array ;

2018-03-31 19:45:22 response :
------------

2018-03-31 19:45:22 trace :
------------
Array:
tousername : gh_0c02969f70a6 ;
fromusername : oSI4Lj1i1MTrQF9drjzUO7GGiMa0 ;
createtime : 1522496722 ;
msgtype : event ;
event : TEMPLATESENDJOBFINISH ;
msgid : 216500767241109505 ;
status : success ;
from : oSI4Lj1i1MTrQF9drjzUO7GGiMa0 ;
to : gh_0c02969f70a6 ;
time : 1522496722 ;
type : event ;

2018-03-31 19:45:22 params :
------------
Array:
rule : -2 ;
module :  ;
message : Array ;

2018-03-31 19:45:22 response :
------------

2018-03-31 19:45:22 trace :
------------
Array:
tousername : gh_0c02969f70a6 ;
fromusername : oSI4Lj4cALuYrlchkBDykTsPLcRU ;
createtime : 1522496722 ;
msgtype : event ;
event : TEMPLATESENDJOBFINISH ;
msgid : 216500768398753794 ;
status : success ;
from : oSI4Lj4cALuYrlchkBDykTsPLcRU ;
to : gh_0c02969f70a6 ;
time : 1522496722 ;
type : event ;

2018-03-31 19:45:22 params :
------------
Array:
rule : -2 ;
module :  ;
message : Array ;

2018-03-31 19:45:22 response :
------------

2018-03-31 19:45:22 trace :
------------
Array:
tousername : gh_0c02969f70a6 ;
fromusername : oSI4Lj2INB21X35ZRUS0jMs3POUk ;
createtime : 1522496722 ;
msgtype : event ;
event : TEMPLATESENDJOBFINISH ;
msgid : 216500769589886977 ;
status : success ;
from : oSI4Lj2INB21X35ZRUS0jMs3POUk ;
to : gh_0c02969f70a6 ;
time : 1522496722 ;
type : event ;

2018-03-31 19:45:22 params :
------------
Array:
rule : -2 ;
module :  ;
message : Array ;

2018-03-31 19:45:22 response :
------------

2018-03-31 19:45:22 trace :
------------
Array:
tousername : gh_0c02969f70a6 ;
fromusername : oSI4Lj4bs5UeO31_Mt6rGVhU7d-Q ;
createtime : 1522496722 ;
msgtype : event ;
event : TEMPLATESENDJOBFINISH ;
msgid : 216500769388773377 ;
status : success ;
from : oSI4Lj4bs5UeO31_Mt6rGVhU7d-Q ;
to : gh_0c02969f70a6 ;
time : 1522496722 ;
type : event ;

2018-03-31 19:45:22 params :
------------
Array:
rule : -2 ;
module :  ;
message : Array ;

2018-03-31 19:45:22 response :
------------

2018-03-31 19:45:22 trace :
------------
Array:
tousername : gh_0c02969f70a6 ;
fromusername : oSI4Lj15TMxfqFNzdAI2YKGNRnts ;
createtime : 1522496722 ;
msgtype : event ;
event : TEMPLATESENDJOBFINISH ;
msgid : 216500769069744132 ;
status : success ;
from : oSI4Lj15TMxfqFNzdAI2YKGNRnts ;
to : gh_0c02969f70a6 ;
time : 1522496722 ;
type : event ;

2018-03-31 19:45:22 trace :
------------
Array:
tousername : gh_0c02969f70a6 ;
fromusername : oSI4Lj6S7EXPsUQpq6Ub89tzY38U ;
createtime : 1522496722 ;
msgtype : event ;
event : TEMPLATESENDJOBFINISH ;
msgid : 216500769556283392 ;
status : success ;
from : oSI4Lj6S7EXPsUQpq6Ub89tzY38U ;
to : gh_0c02969f70a6 ;
time : 1522496722 ;
type : event ;

2018-03-31 19:45:22 params :
------------
Array:
rule : -2 ;
module :  ;
message : Array ;

2018-03-31 19:45:22 response :
------------

2018-03-31 19:45:22 params :
------------
Array:
rule : -2 ;
module :  ;
message : Array ;

2018-03-31 19:45:22 response :
------------

2018-03-31 19:45:22 trace :
------------
Array:
tousername : gh_0c02969f70a6 ;
fromusername : oSI4Lj-qIb7RWk8RBS1LE4oMrehc ;
createtime : 1522496722 ;
msgtype : event ;
event : TEMPLATESENDJOBFINISH ;
msgid : 216500770596569090 ;
status : success ;
from : oSI4Lj-qIb7RWk8RBS1LE4oMrehc ;
to : gh_0c02969f70a6 ;
time : 1522496722 ;
type : event ;

2018-03-31 19:45:22 params :
------------
Array:
rule : -2 ;
module :  ;
message : Array ;

2018-03-31 19:45:22 response :
------------

2018-03-31 19:45:22 trace :
------------
Array:
tousername : gh_0c02969f70a6 ;
fromusername : oSI4Ljx6uGROSyB3bQ0vDLITo3-8 ;
createtime : 1522496722 ;
msgtype : event ;
event : TEMPLATESENDJOBFINISH ;
msgid : 216500770999205888 ;
status : success ;
from : oSI4Ljx6uGROSyB3bQ0vDLITo3-8 ;
to : gh_0c02969f70a6 ;
time : 1522496722 ;
type : event ;

2018-03-31 19:45:22 params :
------------
Array:
rule : -2 ;
module :  ;
message : Array ;

2018-03-31 19:45:22 response :
------------

2018-03-31 19:45:43 trace :
------------
Array:
tousername : gh_0c02969f70a6 ;
fromusername : oSI4LjzUbTUfvJ9KlbtdPsSZ3d3Q ;
createtime : 1522496743 ;
msgtype : event ;
event : VIEW ;
eventkey : http://zz.jhzh66.com/app/index.php?i=8&c=entry&eid=194 ;
menuid : 424819011 ;
from : oSI4LjzUbTUfvJ9KlbtdPsSZ3d3Q ;
to : gh_0c02969f70a6 ;
time : 1522496743 ;
type : event ;

2018-03-31 19:45:43 params :
------------
Array:
rule : -2 ;
module :  ;
message : Array ;

2018-03-31 19:45:43 response :
------------

2018-03-31 19:46:43 trace :
------------
Array:
tousername : gh_0c02969f70a6 ;
fromusername : oSI4LjzUbTUfvJ9KlbtdPsSZ3d3Q ;
createtime : 1522496803 ;
msgtype : event ;
event : VIEW ;
eventkey : https://h5.scene.yqh5.cn/s/6szkjdIq ;
menuid : 424819011 ;
from : oSI4LjzUbTUfvJ9KlbtdPsSZ3d3Q ;
to : gh_0c02969f70a6 ;
time : 1522496803 ;
type : event ;

2018-03-31 19:46:43 params :
------------
Array:
rule : -2 ;
module :  ;
message : Array ;

2018-03-31 19:46:43 response :
------------

2018-03-31 19:47:02 trace :
------------
Array:
tousername : gh_0c02969f70a6 ;
fromusername : oSI4LjzUbTUfvJ9KlbtdPsSZ3d3Q ;
createtime : 1522496822 ;
msgtype : event ;
event : VIEW ;
eventkey : http://zz.jhzh66.com/app/index.php?i=8&c=entry&eid=198 ;
menuid : 424819011 ;
from : oSI4LjzUbTUfvJ9KlbtdPsSZ3d3Q ;
to : gh_0c02969f70a6 ;
time : 1522496822 ;
type : event ;

2018-03-31 19:47:02 params :
------------
Array:
rule : -2 ;
module :  ;
message : Array ;

2018-03-31 19:47:02 response :
------------

2018-03-31 19:47:22 trace :
------------
Array:
tousername : gh_0c02969f70a6 ;
fromusername : oSI4LjzUbTUfvJ9KlbtdPsSZ3d3Q ;
createtime : 1522496842 ;
msgtype : event ;
event : VIEW ;
eventkey : http://zz.jhzh66.com/app/index.php?i=8&c=entry&eid=194 ;
menuid : 424819011 ;
from : oSI4LjzUbTUfvJ9KlbtdPsSZ3d3Q ;
to : gh_0c02969f70a6 ;
time : 1522496842 ;
type : event ;

2018-03-31 19:47:22 params :
------------
Array:
rule : -2 ;
module :  ;
message : Array ;

2018-03-31 19:47:22 response :
------------

2018-03-31 19:47:38 trace :
------------
Array:
tousername : gh_0c02969f70a6 ;
fromusername : oSI4LjzUbTUfvJ9KlbtdPsSZ3d3Q ;
createtime : 1522496857 ;
msgtype : event ;
event : VIEW ;
eventkey : http://zz.jhzh66.com/app/index.php?i=8&c=entry&eid=194 ;
menuid : 424819011 ;
from : oSI4LjzUbTUfvJ9KlbtdPsSZ3d3Q ;
to : gh_0c02969f70a6 ;
time : 1522496857 ;
type : event ;

2018-03-31 19:47:38 params :
------------
Array:
rule : -2 ;
module :  ;
message : Array ;

2018-03-31 19:47:38 response :
------------

2018-03-31 19:48:12 trace :
------------
Array:
tousername : gh_0c02969f70a6 ;
fromusername : oSI4LjzUbTUfvJ9KlbtdPsSZ3d3Q ;
createtime : 1522496892 ;
msgtype : event ;
event : VIEW ;
eventkey : http://zz.jhzh66.com/app/index.php?i=8&c=entry&eid=194 ;
menuid : 424819011 ;
from : oSI4LjzUbTUfvJ9KlbtdPsSZ3d3Q ;
to : gh_0c02969f70a6 ;
time : 1522496892 ;
type : event ;

2018-03-31 19:48:12 params :
------------
Array:
rule : -2 ;
module :  ;
message : Array ;

2018-03-31 19:48:12 response :
------------

2018-03-31 20:16:15 trace :
------------
Array:
tousername : gh_0c02969f70a6 ;
fromusername : oSI4Lj97Jm2kdczJ4OHYMLb017pk ;
createtime : 1522498575 ;
msgtype : event ;
event : VIEW ;
eventkey : http://zz.jhzh66.com/app/index.php?i=8&c=entry&eid=194 ;
menuid : 424819011 ;
from : oSI4Lj97Jm2kdczJ4OHYMLb017pk ;
to : gh_0c02969f70a6 ;
time : 1522498575 ;
type : event ;

2018-03-31 20:16:15 params :
------------
Array:
rule : -2 ;
module :  ;
message : Array ;

2018-03-31 20:16:15 response :
------------

2018-03-31 21:08:04 trace :
------------
Array:
tousername : gh_0c02969f70a6 ;
fromusername : oSI4LjzGDzCztrhCP10C7-4flpE4 ;
createtime : 1522501684 ;
msgtype : event ;
event : VIEW ;
eventkey : http://zz.jhzh66.com/app/index.php?i=8&c=entry&eid=194 ;
menuid : 424819011 ;
from : oSI4LjzGDzCztrhCP10C7-4flpE4 ;
to : gh_0c02969f70a6 ;
time : 1522501684 ;
type : event ;

2018-03-31 21:08:04 params :
------------
Array:
rule : -2 ;
module :  ;
message : Array ;

2018-03-31 21:08:04 response :
------------

2018-03-31 21:41:47 trace :
------------
Array:
tousername : gh_0c02969f70a6 ;
fromusername : oSI4Lj-XaO9wjnPbt9OzE2vQL_94 ;
createtime : 1522503707 ;
msgtype : event ;
event : VIEW ;
eventkey : http://zz.jhzh66.com/app/index.php?i=8&c=entry&eid=198 ;
menuid : 424819011 ;
from : oSI4Lj-XaO9wjnPbt9OzE2vQL_94 ;
to : gh_0c02969f70a6 ;
time : 1522503707 ;
type : event ;

2018-03-31 21:41:47 params :
------------
Array:
rule : -2 ;
module :  ;
message : Array ;

2018-03-31 21:41:47 response :
------------

2018-03-31 23:35:46 trace :
------------
Array:
tousername : gh_0c02969f70a6 ;
fromusername : oSI4Lj99RfOKIDTW4LVkyB7q8EXY ;
createtime : 1522510546 ;
msgtype : event ;
event : subscribe ;
eventkey : Array ;
from : oSI4Lj99RfOKIDTW4LVkyB7q8EXY ;
to : gh_0c02969f70a6 ;
time : 1522510546 ;
type : subscribe ;

2018-03-31 23:35:46 params :
------------
Array:
rule : -2 ;
module :  ;
message : Array ;

2018-03-31 23:35:46 response :
------------

2018-03-31 23:35:58 trace :
------------
Array:
tousername : gh_0c02969f70a6 ;
fromusername : oSI4Lj99RfOKIDTW4LVkyB7q8EXY ;
createtime : 1522510557 ;
msgtype : event ;
event : VIEW ;
eventkey : http://zz.jhzh66.com/app/index.php?i=8&c=entry&eid=198 ;
menuid : 424819011 ;
from : oSI4Lj99RfOKIDTW4LVkyB7q8EXY ;
to : gh_0c02969f70a6 ;
time : 1522510557 ;
type : event ;

2018-03-31 23:35:58 params :
------------
Array:
rule : -2 ;
module :  ;
message : Array ;

2018-03-31 23:35:58 response :
------------

2018-03-31 23:52:07 trace :
------------
Array:
tousername : gh_0c02969f70a6 ;
fromusername : oSI4Lj99RfOKIDTW4LVkyB7q8EXY ;
createtime : 1522511527 ;
msgtype : event ;
event : VIEW ;
eventkey : http://zz.jhzh66.com/app/index.php?i=8&c=entry&eid=194 ;
menuid : 424819011 ;
from : oSI4Lj99RfOKIDTW4LVkyB7q8EXY ;
to : gh_0c02969f70a6 ;
time : 1522511527 ;
type : event ;

2018-03-31 23:52:07 params :
------------
Array:
rule : -2 ;
module :  ;
message : Array ;

2018-03-31 23:52:07 response :
------------

