2018-04-04 00:45:25 trace :
------------
Array:
tousername : gh_0c02969f70a6 ;
fromusername : oSI4Lj99EQ_IeYxN0Az4VpSMlouY ;
createtime : 1522773925 ;
msgtype : event ;
event : VIEW ;
eventkey : http://zz.jhzh66.com/app/index.php?i=8&c=entry&eid=194 ;
menuid : 425039202 ;
from : oSI4Lj99EQ_IeYxN0Az4VpSMlouY ;
to : gh_0c02969f70a6 ;
time : 1522773925 ;
type : event ;

2018-04-04 00:45:25 params :
------------
Array:
rule : -2 ;
module :  ;
message : Array ;

2018-04-04 00:45:25 response :
------------

2018-04-04 00:54:21 trace :
------------
Array:
tousername : gh_0c02969f70a6 ;
fromusername : oSI4Lj99EQ_IeYxN0Az4VpSMlouY ;
createtime : 1522774461 ;
msgtype : event ;
event : VIEW ;
eventkey : http://zz.jhzh66.com/app/index.php?i=8&c=entry&eid=194 ;
menuid : 425039202 ;
from : oSI4Lj99EQ_IeYxN0Az4VpSMlouY ;
to : gh_0c02969f70a6 ;
time : 1522774461 ;
type : event ;

2018-04-04 00:54:21 params :
------------
Array:
rule : -2 ;
module :  ;
message : Array ;

2018-04-04 00:54:21 response :
------------

2018-04-04 00:55:40 trace :
------------
Array:
tousername : gh_0c02969f70a6 ;
fromusername : oSI4Lj99EQ_IeYxN0Az4VpSMlouY ;
createtime : 1522774540 ;
msgtype : event ;
event : VIEW ;
eventkey : http://zz.jhzh66.com/app/index.php?i=8&c=entry&eid=194 ;
menuid : 425039202 ;
from : oSI4Lj99EQ_IeYxN0Az4VpSMlouY ;
to : gh_0c02969f70a6 ;
time : 1522774540 ;
type : event ;

2018-04-04 00:55:40 params :
------------
Array:
rule : -2 ;
module :  ;
message : Array ;

2018-04-04 00:55:40 response :
------------

2018-04-04 00:56:27 trace :
------------
Array:
tousername : gh_0c02969f70a6 ;
fromusername : oSI4Lj99EQ_IeYxN0Az4VpSMlouY ;
createtime : 1522774587 ;
msgtype : event ;
event : VIEW ;
eventkey : http://zz.jhzh66.com/app/index.php?i=8&c=entry&eid=194 ;
menuid : 425039202 ;
from : oSI4Lj99EQ_IeYxN0Az4VpSMlouY ;
to : gh_0c02969f70a6 ;
time : 1522774587 ;
type : event ;

2018-04-04 00:56:27 params :
------------
Array:
rule : -2 ;
module :  ;
message : Array ;

2018-04-04 00:56:27 response :
------------

2018-04-04 00:57:30 trace :
------------
Array:
tousername : gh_0c02969f70a6 ;
fromusername : oSI4Lj99EQ_IeYxN0Az4VpSMlouY ;
createtime : 1522774650 ;
msgtype : event ;
event : VIEW ;
eventkey : http://zz.jhzh66.com/app/index.php?i=8&c=entry&eid=194 ;
menuid : 425039202 ;
from : oSI4Lj99EQ_IeYxN0Az4VpSMlouY ;
to : gh_0c02969f70a6 ;
time : 1522774650 ;
type : event ;

2018-04-04 00:57:30 params :
------------
Array:
rule : -2 ;
module :  ;
message : Array ;

2018-04-04 00:57:30 response :
------------

2018-04-04 00:59:39 trace :
------------
Array:
tousername : gh_0c02969f70a6 ;
fromusername : oSI4Lj99EQ_IeYxN0Az4VpSMlouY ;
createtime : 1522774779 ;
msgtype : event ;
event : VIEW ;
eventkey : http://zz.jhzh66.com/app/index.php?i=8&c=entry&eid=194 ;
menuid : 425039202 ;
from : oSI4Lj99EQ_IeYxN0Az4VpSMlouY ;
to : gh_0c02969f70a6 ;
time : 1522774779 ;
type : event ;

2018-04-04 00:59:39 params :
------------
Array:
rule : -2 ;
module :  ;
message : Array ;

2018-04-04 00:59:39 response :
------------

2018-04-04 02:22:12 trace :
------------
Array:
tousername : gh_0c02969f70a6 ;
fromusername : oSI4LjyiTOvdaFpk1ldhN7gc1_pw ;
createtime : 1522779732 ;
msgtype : event ;
event : VIEW ;
eventkey : https://h5.scene.yqh5.cn/s/6szkjdIq ;
menuid : 425039202 ;
from : oSI4LjyiTOvdaFpk1ldhN7gc1_pw ;
to : gh_0c02969f70a6 ;
time : 1522779732 ;
type : event ;

2018-04-04 02:22:12 params :
------------
Array:
rule : -2 ;
module :  ;
message : Array ;

2018-04-04 02:22:12 response :
------------

2018-04-04 02:24:29 trace :
------------
Array:
tousername : gh_0c02969f70a6 ;
fromusername : oSI4LjyiTOvdaFpk1ldhN7gc1_pw ;
createtime : 1522779869 ;
msgtype : event ;
event : VIEW ;
eventkey : http://zz.jhzh66.com/app/index.php?i=8&c=entry&eid=194 ;
menuid : 425039202 ;
from : oSI4LjyiTOvdaFpk1ldhN7gc1_pw ;
to : gh_0c02969f70a6 ;
time : 1522779869 ;
type : event ;

2018-04-04 02:24:29 params :
------------
Array:
rule : -2 ;
module :  ;
message : Array ;

2018-04-04 02:24:29 response :
------------

2018-04-04 03:54:01 trace :
------------
Array:
tousername : gh_0c02969f70a6 ;
fromusername : oSI4Lj8OP3hpI-SBKR1bvA3Ordls ;
createtime : 1522785240 ;
msgtype : event ;
event : VIEW ;
eventkey : http://www.haolangtech.com/index.php?s=/Home/New/crowdfundingindex/id/22.html ;
menuid : 425039202 ;
from : oSI4Lj8OP3hpI-SBKR1bvA3Ordls ;
to : gh_0c02969f70a6 ;
time : 1522785240 ;
type : event ;

2018-04-04 03:54:01 params :
------------
Array:
rule : -2 ;
module :  ;
message : Array ;

2018-04-04 03:54:01 response :
------------

2018-04-04 06:18:05 trace :
------------
Array:
tousername : gh_0c02969f70a6 ;
fromusername : oSI4Lj4Jb_ViFSR92B0LKYX2jJpI ;
createtime : 1522793885 ;
msgtype : event ;
event : subscribe ;
eventkey : qrscene_d97f06e536b426a0c4f9ebb6cecea16b ;
ticket : gQGG8TwAAAAAAAAAAS5odHRwOi8vd2VpeGluLnFxLmNvbS9xLzAyUGlsREJSOGU4YmYxMDAwMDAwN0EAAgRD48BaAwQAAAAA ;
from : oSI4Lj4Jb_ViFSR92B0LKYX2jJpI ;
to : gh_0c02969f70a6 ;
time : 1522793885 ;
type : subscribe ;
scene : d97f06e536b426a0c4f9ebb6cecea16b ;

2018-04-04 06:18:19 trace :
------------
Array:
tousername : gh_0c02969f70a6 ;
fromusername : oSI4Lj4Jb_ViFSR92B0LKYX2jJpI ;
createtime : 1522793899 ;
msgtype : event ;
event : VIEW ;
eventkey : http://zz.jhzh66.com/app/index.php?i=8&c=entry&eid=194 ;
menuid : 425039202 ;
from : oSI4Lj4Jb_ViFSR92B0LKYX2jJpI ;
to : gh_0c02969f70a6 ;
time : 1522793899 ;
type : event ;

2018-04-04 06:18:19 params :
------------
Array:
rule : -2 ;
module :  ;
message : Array ;

2018-04-04 06:18:19 response :
------------

2018-04-04 06:38:07 trace :
------------
Array:
tousername : gh_0c02969f70a6 ;
fromusername : oSI4LjzGDzCztrhCP10C7-4flpE4 ;
createtime : 1522795086 ;
msgtype : event ;
event : SCAN ;
eventkey : e2a3a05106d2bad9265ce585b7742510 ;
ticket : gQEZ8TwAAAAAAAAAAS5odHRwOi8vd2VpeGluLnFxLmNvbS9xLzAyc01KUEF6OGU4YmYxMDAwME0wN3MAAgR0t8FaAwQAAAAA ;
from : oSI4LjzGDzCztrhCP10C7-4flpE4 ;
to : gh_0c02969f70a6 ;
time : 1522795086 ;
type : subscribe ;
scene : e2a3a05106d2bad9265ce585b7742510 ;

2018-04-04 06:45:14 trace :
------------
Array:
tousername : gh_0c02969f70a6 ;
fromusername : oSI4LjzGDzCztrhCP10C7-4flpE4 ;
createtime : 1522795514 ;
msgtype : event ;
event : VIEW ;
eventkey : http://zz.jhzh66.com/app/index.php?i=8&c=entry&eid=194 ;
menuid : 425039202 ;
from : oSI4LjzGDzCztrhCP10C7-4flpE4 ;
to : gh_0c02969f70a6 ;
time : 1522795514 ;
type : event ;

2018-04-04 06:45:14 params :
------------
Array:
rule : -2 ;
module :  ;
message : Array ;

2018-04-04 06:45:14 response :
------------

2018-04-04 06:50:59 trace :
------------
Array:
tousername : gh_0c02969f70a6 ;
fromusername : oSI4LjzGDzCztrhCP10C7-4flpE4 ;
createtime : 1522795859 ;
msgtype : event ;
event : VIEW ;
eventkey : http://zz.jhzh66.com/app/index.php?i=8&c=entry&eid=194 ;
menuid : 425039202 ;
from : oSI4LjzGDzCztrhCP10C7-4flpE4 ;
to : gh_0c02969f70a6 ;
time : 1522795859 ;
type : event ;

2018-04-04 06:50:59 params :
------------
Array:
rule : -2 ;
module :  ;
message : Array ;

2018-04-04 06:50:59 response :
------------

2018-04-04 07:48:48 trace :
------------
Array:
tousername : gh_0c02969f70a6 ;
fromusername : oSI4Lj-mQFi0cVrtdhb5LRhxTXRo ;
createtime : 1522799328 ;
msgtype : event ;
event : VIEW ;
eventkey : http://zz.jhzh66.com/app/index.php?i=8&c=entry&eid=194 ;
menuid : 425039202 ;
from : oSI4Lj-mQFi0cVrtdhb5LRhxTXRo ;
to : gh_0c02969f70a6 ;
time : 1522799328 ;
type : event ;

2018-04-04 07:48:48 params :
------------
Array:
rule : -2 ;
module :  ;
message : Array ;

2018-04-04 07:48:48 response :
------------

2018-04-04 08:06:23 trace :
------------
Array:
tousername : gh_0c02969f70a6 ;
fromusername : oSI4Lj55b4TAPB1mZuNU3tDTaFRk ;
createtime : 1522800383 ;
msgtype : event ;
event : VIEW ;
eventkey : http://zz.jhzh66.com/app/index.php?i=8&c=entry&eid=194 ;
menuid : 425039202 ;
from : oSI4Lj55b4TAPB1mZuNU3tDTaFRk ;
to : gh_0c02969f70a6 ;
time : 1522800383 ;
type : event ;

2018-04-04 08:06:23 params :
------------
Array:
rule : -2 ;
module :  ;
message : Array ;

2018-04-04 08:06:23 response :
------------

2018-04-04 08:09:28 trace :
------------
Array:
tousername : gh_0c02969f70a6 ;
fromusername : oSI4Lj97Jm2kdczJ4OHYMLb017pk ;
createtime : 1522800568 ;
msgtype : event ;
event : SCAN ;
eventkey : ee395d04ec5fadc2f67c47c95fdc0447 ;
ticket : gQFT8TwAAAAAAAAAAS5odHRwOi8vd2VpeGluLnFxLmNvbS9xLzAycGRmMEJPOGU4YmYxMDAwMDAwN2YAAgRE9rxaAwQAAAAA ;
from : oSI4Lj97Jm2kdczJ4OHYMLb017pk ;
to : gh_0c02969f70a6 ;
time : 1522800568 ;
type : subscribe ;
scene : ee395d04ec5fadc2f67c47c95fdc0447 ;

2018-04-04 08:11:31 trace :
------------
Array:
tousername : gh_0c02969f70a6 ;
fromusername : oSI4LjzGDzCztrhCP10C7-4flpE4 ;
createtime : 1522800690 ;
msgtype : event ;
event : CLICK ;
eventkey : 海报 ;
from : oSI4LjzGDzCztrhCP10C7-4flpE4 ;
to : gh_0c02969f70a6 ;
time : 1522800690 ;
type : event ;

2018-04-04 08:12:58 trace :
------------
Array:
tousername : gh_0c02969f70a6 ;
fromusername : oSI4Lj-3QyHeaNDlBM1kNSHlsEKk ;
createtime : 1522800778 ;
msgtype : event ;
event : VIEW ;
eventkey : http://zz.jhzh66.com/app/index.php?i=8&c=entry&eid=194 ;
menuid : 425039202 ;
from : oSI4Lj-3QyHeaNDlBM1kNSHlsEKk ;
to : gh_0c02969f70a6 ;
time : 1522800778 ;
type : event ;

2018-04-04 08:12:58 params :
------------
Array:
rule : -2 ;
module :  ;
message : Array ;

2018-04-04 08:12:58 response :
------------

2018-04-04 08:42:47 trace :
------------
Array:
tousername : gh_0c02969f70a6 ;
fromusername : oSI4Lj5AC8kQOSSOXOpZ5JHJSucw ;
createtime : 1522802567 ;
msgtype : event ;
event : subscribe ;
eventkey : qrscene_e63f191ace780031e0e627a9424150eb ;
ticket : gQHE8TwAAAAAAAAAAS5odHRwOi8vd2VpeGluLnFxLmNvbS9xLzAySUcxYUFYOGU4YmYxMDAwME0wNzAAAgRxrMFaAwQAAAAA ;
from : oSI4Lj5AC8kQOSSOXOpZ5JHJSucw ;
to : gh_0c02969f70a6 ;
time : 1522802567 ;
type : subscribe ;
scene : e63f191ace780031e0e627a9424150eb ;

2018-04-04 08:42:52 trace :
------------
Array:
tousername : gh_0c02969f70a6 ;
fromusername : oSI4Lj5AC8kQOSSOXOpZ5JHJSucw ;
createtime : 1522802572 ;
msgtype : event ;
event : CLICK ;
eventkey : 海报 ;
from : oSI4Lj5AC8kQOSSOXOpZ5JHJSucw ;
to : gh_0c02969f70a6 ;
time : 1522802572 ;
type : event ;

2018-04-04 08:43:06 trace :
------------
Array:
tousername : gh_0c02969f70a6 ;
fromusername : oSI4Lj5AC8kQOSSOXOpZ5JHJSucw ;
createtime : 1522802586 ;
msgtype : event ;
event : CLICK ;
eventkey : 海报 ;
from : oSI4Lj5AC8kQOSSOXOpZ5JHJSucw ;
to : gh_0c02969f70a6 ;
time : 1522802586 ;
type : event ;

2018-04-04 08:52:20 trace :
------------
Array:
tousername : gh_0c02969f70a6 ;
fromusername : oSI4Lj0lt3ATY_pPv-8QIV7ruOko ;
createtime : 1522803139 ;
msgtype : event ;
event : subscribe ;
eventkey : Array ;
from : oSI4Lj0lt3ATY_pPv-8QIV7ruOko ;
to : gh_0c02969f70a6 ;
time : 1522803139 ;
type : subscribe ;

2018-04-04 08:52:20 params :
------------
Array:
rule : -2 ;
module :  ;
message : Array ;

2018-04-04 08:52:20 response :
------------

2018-04-04 08:52:29 trace :
------------
Array:
tousername : gh_0c02969f70a6 ;
fromusername : oSI4Lj0lt3ATY_pPv-8QIV7ruOko ;
createtime : 1522803148 ;
msgtype : event ;
event : VIEW ;
eventkey : http://zz.jhzh66.com/app/index.php?i=8&c=entry&eid=194 ;
menuid : 425039202 ;
from : oSI4Lj0lt3ATY_pPv-8QIV7ruOko ;
to : gh_0c02969f70a6 ;
time : 1522803148 ;
type : event ;

2018-04-04 08:52:29 params :
------------
Array:
rule : -2 ;
module :  ;
message : Array ;

2018-04-04 08:52:29 response :
------------

2018-04-04 09:04:54 trace :
------------
Array:
tousername : gh_0c02969f70a6 ;
fromusername : oSI4Lj4D4s1OS7Tx2J5YcCVk40og ;
createtime : 1522803894 ;
msgtype : event ;
event : VIEW ;
eventkey : http://zz.jhzh66.com/app/index.php?i=8&c=entry&eid=194 ;
menuid : 425039202 ;
from : oSI4Lj4D4s1OS7Tx2J5YcCVk40og ;
to : gh_0c02969f70a6 ;
time : 1522803894 ;
type : event ;

2018-04-04 09:04:54 params :
------------
Array:
rule : -2 ;
module :  ;
message : Array ;

2018-04-04 09:04:54 response :
------------

2018-04-04 09:23:35 trace :
------------
Array:
tousername : gh_0c02969f70a6 ;
fromusername : oSI4Lj97Jm2kdczJ4OHYMLb017pk ;
createtime : 1522805015 ;
msgtype : event ;
event : VIEW ;
eventkey : http://zz.jhzh66.com/app/index.php?i=8&c=entry&eid=194 ;
menuid : 425039202 ;
from : oSI4Lj97Jm2kdczJ4OHYMLb017pk ;
to : gh_0c02969f70a6 ;
time : 1522805015 ;
type : event ;

2018-04-04 09:23:35 params :
------------
Array:
rule : -2 ;
module :  ;
message : Array ;

2018-04-04 09:23:35 response :
------------

2018-04-04 10:46:43 trace :
------------
Array:
tousername : gh_0c02969f70a6 ;
fromusername : oSI4Lj99EQ_IeYxN0Az4VpSMlouY ;
createtime : 1522810003 ;
msgtype : event ;
event : VIEW ;
eventkey : http://zz.jhzh66.com/app/index.php?i=8&c=entry&eid=194 ;
menuid : 425039202 ;
from : oSI4Lj99EQ_IeYxN0Az4VpSMlouY ;
to : gh_0c02969f70a6 ;
time : 1522810003 ;
type : event ;

2018-04-04 10:46:44 params :
------------
Array:
rule : -2 ;
module :  ;
message : Array ;

2018-04-04 10:46:44 response :
------------

2018-04-04 11:05:37 trace :
------------
Array:
tousername : gh_0c02969f70a6 ;
fromusername : oSI4Lj8pwYPud4pfV7SAq46FLIsc ;
createtime : 1522811137 ;
msgtype : event ;
event : subscribe ;
eventkey : qrscene_ee395d04ec5fadc2f67c47c95fdc0447 ;
ticket : gQFT8TwAAAAAAAAAAS5odHRwOi8vd2VpeGluLnFxLmNvbS9xLzAycGRmMEJPOGU4YmYxMDAwMDAwN2YAAgRE9rxaAwQAAAAA ;
from : oSI4Lj8pwYPud4pfV7SAq46FLIsc ;
to : gh_0c02969f70a6 ;
time : 1522811137 ;
type : subscribe ;
scene : ee395d04ec5fadc2f67c47c95fdc0447 ;

2018-04-04 11:05:42 trace :
------------
Array:
tousername : gh_0c02969f70a6 ;
fromusername : oSI4Lj8pwYPud4pfV7SAq46FLIsc ;
createtime : 1522811142 ;
msgtype : event ;
event : VIEW ;
eventkey : https://h5.scene.yqh5.cn/s/6szkjdIq ;
menuid : 425039202 ;
from : oSI4Lj8pwYPud4pfV7SAq46FLIsc ;
to : gh_0c02969f70a6 ;
time : 1522811142 ;
type : event ;

2018-04-04 11:05:42 params :
------------
Array:
rule : -2 ;
module :  ;
message : Array ;

2018-04-04 11:05:42 response :
------------

2018-04-04 11:05:57 trace :
------------
Array:
tousername : gh_0c02969f70a6 ;
fromusername : oSI4Lj7Hb4LrHaJipnLs-lhXOkzI ;
createtime : 1522811157 ;
msgtype : event ;
event : subscribe ;
eventkey : qrscene_e2a3a05106d2bad9265ce585b7742510 ;
ticket : gQEZ8TwAAAAAAAAAAS5odHRwOi8vd2VpeGluLnFxLmNvbS9xLzAyc01KUEF6OGU4YmYxMDAwME0wN3MAAgR0t8FaAwQAAAAA ;
from : oSI4Lj7Hb4LrHaJipnLs-lhXOkzI ;
to : gh_0c02969f70a6 ;
time : 1522811157 ;
type : subscribe ;
scene : e2a3a05106d2bad9265ce585b7742510 ;

2018-04-04 11:06:15 trace :
------------
Array:
tousername : gh_0c02969f70a6 ;
fromusername : oSI4Lj8pwYPud4pfV7SAq46FLIsc ;
createtime : 1522811175 ;
msgtype : event ;
event : VIEW ;
eventkey : http://zz.jhzh66.com/app/index.php?i=8&c=entry&eid=194 ;
menuid : 425039202 ;
from : oSI4Lj8pwYPud4pfV7SAq46FLIsc ;
to : gh_0c02969f70a6 ;
time : 1522811175 ;
type : event ;

2018-04-04 11:06:15 params :
------------
Array:
rule : -2 ;
module :  ;
message : Array ;

2018-04-04 11:06:15 response :
------------

2018-04-04 11:06:18 trace :
------------
Array:
tousername : gh_0c02969f70a6 ;
fromusername : oSI4Lj7Hb4LrHaJipnLs-lhXOkzI ;
createtime : 1522811177 ;
msgtype : event ;
event : VIEW ;
eventkey : http://zz.jhzh66.com/app/index.php?i=8&c=entry&eid=194 ;
menuid : 425039202 ;
from : oSI4Lj7Hb4LrHaJipnLs-lhXOkzI ;
to : gh_0c02969f70a6 ;
time : 1522811177 ;
type : event ;

2018-04-04 11:06:18 params :
------------
Array:
rule : -2 ;
module :  ;
message : Array ;

2018-04-04 11:06:18 response :
------------

2018-04-04 11:06:50 trace :
------------
Array:
tousername : gh_0c02969f70a6 ;
fromusername : oSI4Lj7Hb4LrHaJipnLs-lhXOkzI ;
createtime : 1522811210 ;
msgtype : event ;
event : VIEW ;
eventkey : http://zz11.com.cn/plugin.php?id=wechat:access ;
menuid : 425039202 ;
from : oSI4Lj7Hb4LrHaJipnLs-lhXOkzI ;
to : gh_0c02969f70a6 ;
time : 1522811210 ;
type : event ;

2018-04-04 11:06:50 params :
------------
Array:
rule : -2 ;
module :  ;
message : Array ;

2018-04-04 11:06:50 response :
------------

2018-04-04 11:11:32 trace :
------------
Array:
tousername : gh_0c02969f70a6 ;
fromusername : oSI4Lj8tlXd0g3GGNi17YBlxSQIM ;
createtime : 1522811492 ;
msgtype : event ;
event : subscribe ;
eventkey : qrscene_e2a3a05106d2bad9265ce585b7742510 ;
ticket : gQEZ8TwAAAAAAAAAAS5odHRwOi8vd2VpeGluLnFxLmNvbS9xLzAyc01KUEF6OGU4YmYxMDAwME0wN3MAAgR0t8FaAwQAAAAA ;
from : oSI4Lj8tlXd0g3GGNi17YBlxSQIM ;
to : gh_0c02969f70a6 ;
time : 1522811492 ;
type : subscribe ;
scene : e2a3a05106d2bad9265ce585b7742510 ;

2018-04-04 11:11:38 trace :
------------
Array:
tousername : gh_0c02969f70a6 ;
fromusername : oSI4Lj8tlXd0g3GGNi17YBlxSQIM ;
createtime : 1522811498 ;
msgtype : event ;
event : VIEW ;
eventkey : https://h5.scene.yqh5.cn/s/6szkjdIq ;
menuid : 425039202 ;
from : oSI4Lj8tlXd0g3GGNi17YBlxSQIM ;
to : gh_0c02969f70a6 ;
time : 1522811498 ;
type : event ;

2018-04-04 11:11:38 params :
------------
Array:
rule : -2 ;
module :  ;
message : Array ;

2018-04-04 11:11:38 response :
------------

2018-04-04 11:12:11 trace :
------------
Array:
tousername : gh_0c02969f70a6 ;
fromusername : oSI4Lj8tlXd0g3GGNi17YBlxSQIM ;
createtime : 1522811531 ;
msgtype : event ;
event : VIEW ;
eventkey : http://zz.jhzh66.com/app/index.php?i=8&c=home&t=8 ;
menuid : 425039202 ;
from : oSI4Lj8tlXd0g3GGNi17YBlxSQIM ;
to : gh_0c02969f70a6 ;
time : 1522811531 ;
type : event ;

2018-04-04 11:12:11 params :
------------
Array:
rule : -2 ;
module :  ;
message : Array ;

2018-04-04 11:12:11 response :
------------

2018-04-04 11:12:18 trace :
------------
Array:
tousername : gh_0c02969f70a6 ;
fromusername : oSI4Lj8tlXd0g3GGNi17YBlxSQIM ;
createtime : 1522811538 ;
msgtype : event ;
event : VIEW ;
eventkey : http://zz11.com.cn/plugin.php?id=wechat:access ;
menuid : 425039202 ;
from : oSI4Lj8tlXd0g3GGNi17YBlxSQIM ;
to : gh_0c02969f70a6 ;
time : 1522811538 ;
type : event ;

2018-04-04 11:12:18 params :
------------
Array:
rule : -2 ;
module :  ;
message : Array ;

2018-04-04 11:12:18 response :
------------

2018-04-04 11:32:50 trace :
------------
Array:
tousername : gh_0c02969f70a6 ;
fromusername : oSI4Lj5ePlw6DdC8CU-GNH3EIcPc ;
createtime : 1522812770 ;
msgtype : event ;
event : CLICK ;
eventkey : 海报 ;
from : oSI4Lj5ePlw6DdC8CU-GNH3EIcPc ;
to : gh_0c02969f70a6 ;
time : 1522812770 ;
type : event ;

2018-04-04 11:35:25 trace :
------------
Array:
tousername : gh_0c02969f70a6 ;
fromusername : oSI4Lj5QdUUHUtpZ4B4pQAFwCAT4 ;
createtime : 1522812925 ;
msgtype : event ;
event : VIEW ;
eventkey : http://zz.jhzh66.com/app/index.php?i=8&c=entry&eid=198 ;
menuid : 425039202 ;
from : oSI4Lj5QdUUHUtpZ4B4pQAFwCAT4 ;
to : gh_0c02969f70a6 ;
time : 1522812925 ;
type : event ;

2018-04-04 11:35:25 params :
------------
Array:
rule : -2 ;
module :  ;
message : Array ;

2018-04-04 11:35:25 response :
------------

2018-04-04 11:44:38 trace :
------------
Array:
tousername : gh_0c02969f70a6 ;
fromusername : oSI4Lj6icVMk_leVtoSGD_wGBkhI ;
createtime : 1522813478 ;
msgtype : event ;
event : subscribe ;
eventkey : Array ;
from : oSI4Lj6icVMk_leVtoSGD_wGBkhI ;
to : gh_0c02969f70a6 ;
time : 1522813478 ;
type : subscribe ;

2018-04-04 11:44:38 params :
------------
Array:
rule : -2 ;
module :  ;
message : Array ;

2018-04-04 11:44:38 response :
------------

2018-04-04 11:50:58 trace :
------------
Array:
tousername : gh_0c02969f70a6 ;
fromusername : oSI4Lj97Jm2kdczJ4OHYMLb017pk ;
createtime : 1522813858 ;
msgtype : event ;
event : VIEW ;
eventkey : http://zz.jhzh66.com/app/index.php?i=8&c=entry&eid=194 ;
menuid : 425039202 ;
from : oSI4Lj97Jm2kdczJ4OHYMLb017pk ;
to : gh_0c02969f70a6 ;
time : 1522813858 ;
type : event ;

2018-04-04 11:50:58 params :
------------
Array:
rule : -2 ;
module :  ;
message : Array ;

2018-04-04 11:50:58 response :
------------

2018-04-04 12:03:17 trace :
------------
Array:
tousername : gh_0c02969f70a6 ;
fromusername : oSI4Lj6icVMk_leVtoSGD_wGBkhI ;
createtime : 1522814597 ;
msgtype : event ;
event : VIEW ;
eventkey : http://zz.jhzh66.com/app/index.php?i=8&c=entry&eid=194 ;
menuid : 425039202 ;
from : oSI4Lj6icVMk_leVtoSGD_wGBkhI ;
to : gh_0c02969f70a6 ;
time : 1522814597 ;
type : event ;

2018-04-04 12:03:17 params :
------------
Array:
rule : -2 ;
module :  ;
message : Array ;

2018-04-04 12:03:17 response :
------------

2018-04-04 12:03:27 trace :
------------
Array:
tousername : gh_0c02969f70a6 ;
fromusername : oSI4Lj6icVMk_leVtoSGD_wGBkhI ;
createtime : 1522814607 ;
msgtype : event ;
event : VIEW ;
eventkey : http://zz.jhzh66.com/app/index.php?i=8&c=entry&eid=198 ;
menuid : 425039202 ;
from : oSI4Lj6icVMk_leVtoSGD_wGBkhI ;
to : gh_0c02969f70a6 ;
time : 1522814607 ;
type : event ;

2018-04-04 12:03:27 params :
------------
Array:
rule : -2 ;
module :  ;
message : Array ;

2018-04-04 12:03:27 response :
------------

2018-04-04 12:07:54 trace :
------------
Array:
tousername : gh_0c02969f70a6 ;
fromusername : oSI4Lj97Jm2kdczJ4OHYMLb017pk ;
createtime : 1522814873 ;
msgtype : event ;
event : VIEW ;
eventkey : http://zz.jhzh66.com/app/index.php?i=8&c=entry&eid=194 ;
menuid : 425039202 ;
from : oSI4Lj97Jm2kdczJ4OHYMLb017pk ;
to : gh_0c02969f70a6 ;
time : 1522814873 ;
type : event ;

2018-04-04 12:07:54 params :
------------
Array:
rule : -2 ;
module :  ;
message : Array ;

2018-04-04 12:07:54 response :
------------

2018-04-04 13:00:41 trace :
------------
Array:
tousername : gh_0c02969f70a6 ;
fromusername : oSI4LjyCQUco8InplOVgaG9TtzQE ;
createtime : 1522818041 ;
msgtype : event ;
event : VIEW ;
eventkey : https://h5.scene.yqh5.cn/s/6szkjdIq ;
menuid : 425039202 ;
from : oSI4LjyCQUco8InplOVgaG9TtzQE ;
to : gh_0c02969f70a6 ;
time : 1522818041 ;
type : event ;

2018-04-04 13:00:41 params :
------------
Array:
rule : -2 ;
module :  ;
message : Array ;

2018-04-04 13:00:41 response :
------------

2018-04-04 13:55:27 trace :
------------
Array:
tousername : gh_0c02969f70a6 ;
fromusername : oSI4Lj97Jm2kdczJ4OHYMLb017pk ;
createtime : 1522821326 ;
msgtype : event ;
event : VIEW ;
eventkey : http://zz.jhzh66.com/app/index.php?i=8&c=entry&eid=194 ;
menuid : 425039202 ;
from : oSI4Lj97Jm2kdczJ4OHYMLb017pk ;
to : gh_0c02969f70a6 ;
time : 1522821326 ;
type : event ;

2018-04-04 13:55:27 params :
------------
Array:
rule : -2 ;
module :  ;
message : Array ;

2018-04-04 13:55:27 response :
------------

2018-04-04 13:55:31 trace :
------------
Array:
tousername : gh_0c02969f70a6 ;
fromusername : oSI4Lj97Jm2kdczJ4OHYMLb017pk ;
createtime : 1522821331 ;
msgtype : event ;
event : VIEW ;
eventkey : http://zz.jhzh66.com/app/index.php?i=8&c=entry&eid=194 ;
menuid : 425039202 ;
from : oSI4Lj97Jm2kdczJ4OHYMLb017pk ;
to : gh_0c02969f70a6 ;
time : 1522821331 ;
type : event ;

2018-04-04 13:55:31 params :
------------
Array:
rule : -2 ;
module :  ;
message : Array ;

2018-04-04 13:55:31 response :
------------

2018-04-04 14:18:50 trace :
------------
Array:
tousername : gh_0c02969f70a6 ;
fromusername : oSI4LjxgPvF9iMHSyO55h3cZ7WMg ;
createtime : 1522822729 ;
msgtype : event ;
event : SCAN ;
eventkey : e63f191ace780031e0e627a9424150eb ;
ticket : gQHE8TwAAAAAAAAAAS5odHRwOi8vd2VpeGluLnFxLmNvbS9xLzAySUcxYUFYOGU4YmYxMDAwME0wNzAAAgRxrMFaAwQAAAAA ;
from : oSI4LjxgPvF9iMHSyO55h3cZ7WMg ;
to : gh_0c02969f70a6 ;
time : 1522822729 ;
type : subscribe ;
scene : e63f191ace780031e0e627a9424150eb ;

2018-04-04 14:18:54 trace :
------------
Array:
tousername : gh_0c02969f70a6 ;
fromusername : oSI4LjxgPvF9iMHSyO55h3cZ7WMg ;
createtime : 1522822734 ;
msgtype : event ;
event : VIEW ;
eventkey : http://zz.jhzh66.com/app/index.php?i=8&c=entry&eid=194 ;
menuid : 425039202 ;
from : oSI4LjxgPvF9iMHSyO55h3cZ7WMg ;
to : gh_0c02969f70a6 ;
time : 1522822734 ;
type : event ;

2018-04-04 14:18:54 params :
------------
Array:
rule : -2 ;
module :  ;
message : Array ;

2018-04-04 14:18:54 response :
------------

2018-04-04 14:19:13 trace :
------------
Array:
tousername : gh_0c02969f70a6 ;
fromusername : oSI4Lj6DEmTzSkbmZLfIMRXwP9jY ;
createtime : 1522822753 ;
msgtype : event ;
event : subscribe ;
eventkey : qrscene_e63f191ace780031e0e627a9424150eb ;
ticket : gQHE8TwAAAAAAAAAAS5odHRwOi8vd2VpeGluLnFxLmNvbS9xLzAySUcxYUFYOGU4YmYxMDAwME0wNzAAAgRxrMFaAwQAAAAA ;
from : oSI4Lj6DEmTzSkbmZLfIMRXwP9jY ;
to : gh_0c02969f70a6 ;
time : 1522822753 ;
type : subscribe ;
scene : e63f191ace780031e0e627a9424150eb ;

2018-04-04 14:19:20 trace :
------------
Array:
tousername : gh_0c02969f70a6 ;
fromusername : oSI4Lj6DEmTzSkbmZLfIMRXwP9jY ;
createtime : 1522822760 ;
msgtype : event ;
event : CLICK ;
eventkey : 海报 ;
from : oSI4Lj6DEmTzSkbmZLfIMRXwP9jY ;
to : gh_0c02969f70a6 ;
time : 1522822760 ;
type : event ;

2018-04-04 14:19:28 trace :
------------
Array:
tousername : gh_0c02969f70a6 ;
fromusername : oSI4Lj6DEmTzSkbmZLfIMRXwP9jY ;
createtime : 1522822768 ;
msgtype : event ;
event : VIEW ;
eventkey : http://zz.jhzh66.com/app/index.php?i=8&c=entry&eid=194 ;
menuid : 425039202 ;
from : oSI4Lj6DEmTzSkbmZLfIMRXwP9jY ;
to : gh_0c02969f70a6 ;
time : 1522822768 ;
type : event ;

2018-04-04 14:19:28 params :
------------
Array:
rule : -2 ;
module :  ;
message : Array ;

2018-04-04 14:19:28 response :
------------

2018-04-04 14:20:07 trace :
------------
Array:
tousername : gh_0c02969f70a6 ;
fromusername : oSI4Lj6DEmTzSkbmZLfIMRXwP9jY ;
createtime : 1522822807 ;
msgtype : event ;
event : VIEW ;
eventkey : https://h5.scene.yqh5.cn/s/6szkjdIq ;
menuid : 425039202 ;
from : oSI4Lj6DEmTzSkbmZLfIMRXwP9jY ;
to : gh_0c02969f70a6 ;
time : 1522822807 ;
type : event ;

2018-04-04 14:20:07 params :
------------
Array:
rule : -2 ;
module :  ;
message : Array ;

2018-04-04 14:20:07 response :
------------

2018-04-04 14:21:08 trace :
------------
Array:
tousername : gh_0c02969f70a6 ;
fromusername : oSI4Lj6DEmTzSkbmZLfIMRXwP9jY ;
createtime : 1522822868 ;
msgtype : event ;
event : VIEW ;
eventkey : http://zz.jhzh66.com/app/index.php?i=8&c=entry&eid=194 ;
menuid : 425039202 ;
from : oSI4Lj6DEmTzSkbmZLfIMRXwP9jY ;
to : gh_0c02969f70a6 ;
time : 1522822868 ;
type : event ;

2018-04-04 14:21:08 params :
------------
Array:
rule : -2 ;
module :  ;
message : Array ;

2018-04-04 14:21:08 response :
------------

2018-04-04 14:46:16 trace :
------------
Array:
tousername : gh_0c02969f70a6 ;
fromusername : oSI4Lj97Jm2kdczJ4OHYMLb017pk ;
createtime : 1522824376 ;
msgtype : event ;
event : VIEW ;
eventkey : http://zz.jhzh66.com/app/index.php?i=8&c=entry&eid=194 ;
menuid : 425039202 ;
from : oSI4Lj97Jm2kdczJ4OHYMLb017pk ;
to : gh_0c02969f70a6 ;
time : 1522824376 ;
type : event ;

2018-04-04 14:46:16 params :
------------
Array:
rule : -2 ;
module :  ;
message : Array ;

2018-04-04 14:46:16 response :
------------

2018-04-04 14:47:52 trace :
------------
Array:
tousername : gh_0c02969f70a6 ;
fromusername : oSI4Lj97Jm2kdczJ4OHYMLb017pk ;
createtime : 1522824472 ;
msgtype : event ;
event : VIEW ;
eventkey : http://zz.jhzh66.com/app/index.php?i=8&c=entry&eid=194 ;
menuid : 425039202 ;
from : oSI4Lj97Jm2kdczJ4OHYMLb017pk ;
to : gh_0c02969f70a6 ;
time : 1522824472 ;
type : event ;

2018-04-04 14:47:52 params :
------------
Array:
rule : -2 ;
module :  ;
message : Array ;

2018-04-04 14:47:52 response :
------------

2018-04-04 15:08:57 trace :
------------
Array:
tousername : gh_0c02969f70a6 ;
fromusername : oSI4Lj-O-Eod_Ei4-dlQqmCmYhwk ;
createtime : 1522825737 ;
msgtype : event ;
event : VIEW ;
eventkey : http://zz.jhzh66.com/app/index.php?i=8&c=entry&eid=194 ;
menuid : 425039202 ;
from : oSI4Lj-O-Eod_Ei4-dlQqmCmYhwk ;
to : gh_0c02969f70a6 ;
time : 1522825737 ;
type : event ;

2018-04-04 15:08:57 params :
------------
Array:
rule : -2 ;
module :  ;
message : Array ;

2018-04-04 15:08:57 response :
------------

2018-04-04 15:33:59 trace :
------------
Array:
tousername : gh_0c02969f70a6 ;
fromusername : oSI4LjyLAL0U_Is-GNtwxiM5L1oY ;
createtime : 1522827238 ;
msgtype : event ;
event : CLICK ;
eventkey : 海报 ;
from : oSI4LjyLAL0U_Is-GNtwxiM5L1oY ;
to : gh_0c02969f70a6 ;
time : 1522827238 ;
type : event ;

2018-04-04 15:59:35 trace :
------------
Array:
tousername : gh_0c02969f70a6 ;
fromusername : oSI4Lj-LQwWe3V5eYWhJjnqZsybI ;
createtime : 1522828775 ;
msgtype : event ;
event : VIEW ;
eventkey : http://zz.jhzh66.com/app/index.php?i=8&c=entry&eid=198 ;
menuid : 425039202 ;
from : oSI4Lj-LQwWe3V5eYWhJjnqZsybI ;
to : gh_0c02969f70a6 ;
time : 1522828775 ;
type : event ;

2018-04-04 15:59:35 params :
------------
Array:
rule : -2 ;
module :  ;
message : Array ;

2018-04-04 15:59:35 response :
------------

2018-04-04 16:59:32 trace :
------------
Array:
tousername : gh_0c02969f70a6 ;
fromusername : oSI4Ljwqf90JqkZiUrT42vSy7Og8 ;
createtime : 1522832372 ;
msgtype : event ;
event : SCAN ;
eventkey : ee395d04ec5fadc2f67c47c95fdc0447 ;
ticket : gQFT8TwAAAAAAAAAAS5odHRwOi8vd2VpeGluLnFxLmNvbS9xLzAycGRmMEJPOGU4YmYxMDAwMDAwN2YAAgRE9rxaAwQAAAAA ;
from : oSI4Ljwqf90JqkZiUrT42vSy7Og8 ;
to : gh_0c02969f70a6 ;
time : 1522832372 ;
type : subscribe ;
scene : ee395d04ec5fadc2f67c47c95fdc0447 ;

2018-04-04 17:01:07 trace :
------------
Array:
tousername : gh_0c02969f70a6 ;
fromusername : oSI4Ljwqf90JqkZiUrT42vSy7Og8 ;
createtime : 1522832467 ;
msgtype : event ;
event : SCAN ;
eventkey : ee395d04ec5fadc2f67c47c95fdc0447 ;
ticket : gQFT8TwAAAAAAAAAAS5odHRwOi8vd2VpeGluLnFxLmNvbS9xLzAycGRmMEJPOGU4YmYxMDAwMDAwN2YAAgRE9rxaAwQAAAAA ;
from : oSI4Ljwqf90JqkZiUrT42vSy7Og8 ;
to : gh_0c02969f70a6 ;
time : 1522832467 ;
type : subscribe ;
scene : ee395d04ec5fadc2f67c47c95fdc0447 ;

2018-04-04 17:01:13 trace :
------------
Array:
tousername : gh_0c02969f70a6 ;
fromusername : oSI4Ljwqf90JqkZiUrT42vSy7Og8 ;
createtime : 1522832473 ;
msgtype : event ;
event : VIEW ;
eventkey : http://zz.jhzh66.com/app/index.php?i=8&c=entry&eid=194 ;
menuid : 425039202 ;
from : oSI4Ljwqf90JqkZiUrT42vSy7Og8 ;
to : gh_0c02969f70a6 ;
time : 1522832473 ;
type : event ;

2018-04-04 17:01:13 params :
------------
Array:
rule : -2 ;
module :  ;
message : Array ;

2018-04-04 17:01:13 response :
------------

2018-04-04 17:18:00 trace :
------------
Array:
tousername : gh_0c02969f70a6 ;
fromusername : oSI4Lj-XaO9wjnPbt9OzE2vQL_94 ;
createtime : 1522833480 ;
msgtype : event ;
event : VIEW ;
eventkey : http://zz11.com.cn/plugin.php?id=wechat:access ;
menuid : 425039202 ;
from : oSI4Lj-XaO9wjnPbt9OzE2vQL_94 ;
to : gh_0c02969f70a6 ;
time : 1522833480 ;
type : event ;

2018-04-04 17:18:00 params :
------------
Array:
rule : -2 ;
module :  ;
message : Array ;

2018-04-04 17:18:00 response :
------------

2018-04-04 17:18:36 trace :
------------
Array:
tousername : gh_0c02969f70a6 ;
fromusername : oSI4Lj-XaO9wjnPbt9OzE2vQL_94 ;
createtime : 1522833516 ;
msgtype : event ;
event : VIEW ;
eventkey : http://zz.jhzh66.com/app/index.php?i=8&c=entry&eid=194 ;
menuid : 425039202 ;
from : oSI4Lj-XaO9wjnPbt9OzE2vQL_94 ;
to : gh_0c02969f70a6 ;
time : 1522833516 ;
type : event ;

2018-04-04 17:18:36 params :
------------
Array:
rule : -2 ;
module :  ;
message : Array ;

2018-04-04 17:18:36 response :
------------

2018-04-04 17:36:48 trace :
------------
Array:
tousername : gh_0c02969f70a6 ;
fromusername : oSI4Lj6lT3jDCO-zAcUit6tvurn0 ;
createtime : 1522834608 ;
msgtype : event ;
event : subscribe ;
eventkey : Array ;
from : oSI4Lj6lT3jDCO-zAcUit6tvurn0 ;
to : gh_0c02969f70a6 ;
time : 1522834608 ;
type : subscribe ;

2018-04-04 17:36:48 params :
------------
Array:
rule : -2 ;
module :  ;
message : Array ;

2018-04-04 17:36:48 response :
------------

2018-04-04 17:42:40 trace :
------------
Array:
tousername : gh_0c02969f70a6 ;
fromusername : oSI4Lj97Jm2kdczJ4OHYMLb017pk ;
createtime : 1522834960 ;
msgtype : event ;
event : VIEW ;
eventkey : http://zz.jhzh66.com/app/index.php?i=8&c=entry&eid=194 ;
menuid : 425039202 ;
from : oSI4Lj97Jm2kdczJ4OHYMLb017pk ;
to : gh_0c02969f70a6 ;
time : 1522834960 ;
type : event ;

2018-04-04 17:42:40 params :
------------
Array:
rule : -2 ;
module :  ;
message : Array ;

2018-04-04 17:42:40 response :
------------

2018-04-04 17:53:33 trace :
------------
Array:
tousername : gh_0c02969f70a6 ;
fromusername : oSI4Lj5QdUUHUtpZ4B4pQAFwCAT4 ;
createtime : 1522835613 ;
msgtype : event ;
event : VIEW ;
eventkey : http://zz.jhzh66.com/app/index.php?i=8&c=entry&eid=198 ;
menuid : 425039202 ;
from : oSI4Lj5QdUUHUtpZ4B4pQAFwCAT4 ;
to : gh_0c02969f70a6 ;
time : 1522835613 ;
type : event ;

2018-04-04 17:53:33 params :
------------
Array:
rule : -2 ;
module :  ;
message : Array ;

2018-04-04 17:53:33 response :
------------

2018-04-04 17:58:33 trace :
------------
Array:
tousername : gh_0c02969f70a6 ;
fromusername : oSI4Ljy3SMp8HCcE4LqEx_XZdbEA ;
createtime : 1522835913 ;
msgtype : event ;
event : subscribe ;
eventkey : qrscene_ee395d04ec5fadc2f67c47c95fdc0447 ;
ticket : gQFT8TwAAAAAAAAAAS5odHRwOi8vd2VpeGluLnFxLmNvbS9xLzAycGRmMEJPOGU4YmYxMDAwMDAwN2YAAgRE9rxaAwQAAAAA ;
from : oSI4Ljy3SMp8HCcE4LqEx_XZdbEA ;
to : gh_0c02969f70a6 ;
time : 1522835913 ;
type : subscribe ;
scene : ee395d04ec5fadc2f67c47c95fdc0447 ;

2018-04-04 17:58:37 trace :
------------
Array:
tousername : gh_0c02969f70a6 ;
fromusername : oSI4Ljy3SMp8HCcE4LqEx_XZdbEA ;
createtime : 1522835917 ;
msgtype : event ;
event : VIEW ;
eventkey : http://zz.jhzh66.com/app/index.php?i=8&c=entry&eid=194 ;
menuid : 425039202 ;
from : oSI4Ljy3SMp8HCcE4LqEx_XZdbEA ;
to : gh_0c02969f70a6 ;
time : 1522835917 ;
type : event ;

2018-04-04 17:58:37 params :
------------
Array:
rule : -2 ;
module :  ;
message : Array ;

2018-04-04 17:58:37 response :
------------

2018-04-04 18:00:22 trace :
------------
Array:
tousername : gh_0c02969f70a6 ;
fromusername : oSI4LjwGJOIbd0XM7V10BZC51XKI ;
createtime : 1522836022 ;
msgtype : event ;
event : subscribe ;
eventkey : qrscene_ee395d04ec5fadc2f67c47c95fdc0447 ;
ticket : gQFT8TwAAAAAAAAAAS5odHRwOi8vd2VpeGluLnFxLmNvbS9xLzAycGRmMEJPOGU4YmYxMDAwMDAwN2YAAgRE9rxaAwQAAAAA ;
from : oSI4LjwGJOIbd0XM7V10BZC51XKI ;
to : gh_0c02969f70a6 ;
time : 1522836022 ;
type : subscribe ;
scene : ee395d04ec5fadc2f67c47c95fdc0447 ;

2018-04-04 18:00:31 trace :
------------
Array:
tousername : gh_0c02969f70a6 ;
fromusername : oSI4LjwR8fIbm5M9CJ_BENZaUDPE ;
createtime : 1522836031 ;
msgtype : event ;
event : VIEW ;
eventkey : http://zz.jhzh66.com/app/index.php?i=8&c=entry&eid=194 ;
menuid : 425039202 ;
from : oSI4LjwR8fIbm5M9CJ_BENZaUDPE ;
to : gh_0c02969f70a6 ;
time : 1522836031 ;
type : event ;

2018-04-04 18:00:31 params :
------------
Array:
rule : -2 ;
module :  ;
message : Array ;

2018-04-04 18:00:31 response :
------------

2018-04-04 18:00:36 trace :
------------
Array:
tousername : gh_0c02969f70a6 ;
fromusername : oSI4LjwGJOIbd0XM7V10BZC51XKI ;
createtime : 1522836036 ;
msgtype : event ;
event : VIEW ;
eventkey : http://zz.jhzh66.com/app/index.php?i=8&c=entry&eid=194 ;
menuid : 425039202 ;
from : oSI4LjwGJOIbd0XM7V10BZC51XKI ;
to : gh_0c02969f70a6 ;
time : 1522836036 ;
type : event ;

2018-04-04 18:00:36 params :
------------
Array:
rule : -2 ;
module :  ;
message : Array ;

2018-04-04 18:00:36 response :
------------

2018-04-04 18:01:55 trace :
------------
Array:
tousername : gh_0c02969f70a6 ;
fromusername : oSI4Lj97Jm2kdczJ4OHYMLb017pk ;
createtime : 1522836115 ;
msgtype : event ;
event : VIEW ;
eventkey : http://zz.jhzh66.com/app/index.php?i=8&c=entry&eid=194 ;
menuid : 425039202 ;
from : oSI4Lj97Jm2kdczJ4OHYMLb017pk ;
to : gh_0c02969f70a6 ;
time : 1522836115 ;
type : event ;

2018-04-04 18:01:55 params :
------------
Array:
rule : -2 ;
module :  ;
message : Array ;

2018-04-04 18:01:55 response :
------------

2018-04-04 18:02:29 trace :
------------
Array:
tousername : gh_0c02969f70a6 ;
fromusername : oSI4Lj18Uecl351S0efdf2JtjfD4 ;
createtime : 1522836149 ;
msgtype : event ;
event : subscribe ;
eventkey : qrscene_ee395d04ec5fadc2f67c47c95fdc0447 ;
ticket : gQFT8TwAAAAAAAAAAS5odHRwOi8vd2VpeGluLnFxLmNvbS9xLzAycGRmMEJPOGU4YmYxMDAwMDAwN2YAAgRE9rxaAwQAAAAA ;
from : oSI4Lj18Uecl351S0efdf2JtjfD4 ;
to : gh_0c02969f70a6 ;
time : 1522836149 ;
type : subscribe ;
scene : ee395d04ec5fadc2f67c47c95fdc0447 ;

2018-04-04 18:04:49 trace :
------------
Array:
tousername : gh_0c02969f70a6 ;
fromusername : oSI4LjzGDzCztrhCP10C7-4flpE4 ;
createtime : 1522836289 ;
msgtype : event ;
event : VIEW ;
eventkey : http://zz.jhzh66.com/app/index.php?i=8&c=entry&eid=194 ;
menuid : 425039202 ;
from : oSI4LjzGDzCztrhCP10C7-4flpE4 ;
to : gh_0c02969f70a6 ;
time : 1522836289 ;
type : event ;

2018-04-04 18:04:49 params :
------------
Array:
rule : -2 ;
module :  ;
message : Array ;

2018-04-04 18:04:49 response :
------------

2018-04-04 18:06:12 trace :
------------
Array:
tousername : gh_0c02969f70a6 ;
fromusername : oSI4Lj8bv7BxCx3D2D2YgRfVS7zA ;
createtime : 1522836372 ;
msgtype : event ;
event : VIEW ;
eventkey : http://zz.jhzh66.com/app/index.php?i=8&c=entry&eid=194 ;
menuid : 425039202 ;
from : oSI4Lj8bv7BxCx3D2D2YgRfVS7zA ;
to : gh_0c02969f70a6 ;
time : 1522836372 ;
type : event ;

2018-04-04 18:06:12 params :
------------
Array:
rule : -2 ;
module :  ;
message : Array ;

2018-04-04 18:06:12 response :
------------

2018-04-04 18:10:14 trace :
------------
Array:
tousername : gh_0c02969f70a6 ;
fromusername : oSI4LjwPU17NNugneHaf9r17-Dng ;
createtime : 1522836614 ;
msgtype : event ;
event : subscribe ;
eventkey : Array ;
from : oSI4LjwPU17NNugneHaf9r17-Dng ;
to : gh_0c02969f70a6 ;
time : 1522836614 ;
type : subscribe ;

2018-04-04 18:10:14 params :
------------
Array:
rule : -2 ;
module :  ;
message : Array ;

2018-04-04 18:10:14 response :
------------

2018-04-04 18:10:22 trace :
------------
Array:
tousername : gh_0c02969f70a6 ;
fromusername : oSI4LjwPU17NNugneHaf9r17-Dng ;
createtime : 1522836622 ;
msgtype : event ;
event : CLICK ;
eventkey : 海报 ;
from : oSI4LjwPU17NNugneHaf9r17-Dng ;
to : gh_0c02969f70a6 ;
time : 1522836622 ;
type : event ;

2018-04-04 18:10:26 trace :
------------
Array:
tousername : gh_0c02969f70a6 ;
fromusername : oSI4Lj6sQsdYwJWHW_i77oV3yukQ ;
createtime : 1522836626 ;
msgtype : event ;
event : VIEW ;
eventkey : http://zz.jhzh66.com/app/index.php?i=8&c=home&t=8 ;
menuid : 425039202 ;
from : oSI4Lj6sQsdYwJWHW_i77oV3yukQ ;
to : gh_0c02969f70a6 ;
time : 1522836626 ;
type : event ;

2018-04-04 18:10:26 params :
------------
Array:
rule : -2 ;
module :  ;
message : Array ;

2018-04-04 18:10:26 response :
------------

2018-04-04 18:10:31 trace :
------------
Array:
tousername : gh_0c02969f70a6 ;
fromusername : oSI4LjwPU17NNugneHaf9r17-Dng ;
createtime : 1522836631 ;
msgtype : event ;
event : VIEW ;
eventkey : http://zz.jhzh66.com/app/index.php?i=8&c=entry&eid=198 ;
menuid : 425039202 ;
from : oSI4LjwPU17NNugneHaf9r17-Dng ;
to : gh_0c02969f70a6 ;
time : 1522836631 ;
type : event ;

2018-04-04 18:10:31 params :
------------
Array:
rule : -2 ;
module :  ;
message : Array ;

2018-04-04 18:10:31 response :
------------

2018-04-04 18:10:45 trace :
------------
Array:
tousername : gh_0c02969f70a6 ;
fromusername : oSI4Lj6sQsdYwJWHW_i77oV3yukQ ;
createtime : 1522836645 ;
msgtype : event ;
event : VIEW ;
eventkey : http://zz.jhzh66.com/app/index.php?i=8&c=entry&eid=198 ;
menuid : 425039202 ;
from : oSI4Lj6sQsdYwJWHW_i77oV3yukQ ;
to : gh_0c02969f70a6 ;
time : 1522836645 ;
type : event ;

2018-04-04 18:10:45 params :
------------
Array:
rule : -2 ;
module :  ;
message : Array ;

2018-04-04 18:10:45 response :
------------

2018-04-04 18:12:31 trace :
------------
Array:
tousername : gh_0c02969f70a6 ;
fromusername : oSI4Lj6sQsdYwJWHW_i77oV3yukQ ;
createtime : 1522836751 ;
msgtype : event ;
event : VIEW ;
eventkey : http://zz11.com.cn/plugin.php?id=wechat:access ;
menuid : 425039202 ;
from : oSI4Lj6sQsdYwJWHW_i77oV3yukQ ;
to : gh_0c02969f70a6 ;
time : 1522836751 ;
type : event ;

2018-04-04 18:12:31 params :
------------
Array:
rule : -2 ;
module :  ;
message : Array ;

2018-04-04 18:12:31 response :
------------

2018-04-04 18:13:59 trace :
------------
Array:
tousername : gh_0c02969f70a6 ;
fromusername : oSI4Lj-LQwWe3V5eYWhJjnqZsybI ;
createtime : 1522836838 ;
msgtype : event ;
event : CLICK ;
eventkey : 海报 ;
from : oSI4Lj-LQwWe3V5eYWhJjnqZsybI ;
to : gh_0c02969f70a6 ;
time : 1522836838 ;
type : event ;

2018-04-04 18:14:03 trace :
------------
Array:
tousername : gh_0c02969f70a6 ;
fromusername : oSI4Lj-LQwWe3V5eYWhJjnqZsybI ;
createtime : 1522836838 ;
msgtype : event ;
event : CLICK ;
eventkey : 海报 ;
from : oSI4Lj-LQwWe3V5eYWhJjnqZsybI ;
to : gh_0c02969f70a6 ;
time : 1522836838 ;
type : event ;

2018-04-04 18:14:18 trace :
------------
Array:
tousername : gh_0c02969f70a6 ;
fromusername : oSI4Lj-LQwWe3V5eYWhJjnqZsybI ;
createtime : 1522836858 ;
msgtype : event ;
event : VIEW ;
eventkey : http://zz.jhzh66.com/app/index.php?i=8&c=entry&eid=198 ;
menuid : 425039202 ;
from : oSI4Lj-LQwWe3V5eYWhJjnqZsybI ;
to : gh_0c02969f70a6 ;
time : 1522836858 ;
type : event ;

2018-04-04 18:14:18 params :
------------
Array:
rule : -2 ;
module :  ;
message : Array ;

2018-04-04 18:14:18 response :
------------

2018-04-04 18:14:32 trace :
------------
Array:
tousername : gh_0c02969f70a6 ;
fromusername : oSI4Lj-LQwWe3V5eYWhJjnqZsybI ;
createtime : 1522836872 ;
msgtype : event ;
event : VIEW ;
eventkey : http://zz.jhzh66.com/app/index.php?i=8&c=entry&eid=198 ;
menuid : 425039202 ;
from : oSI4Lj-LQwWe3V5eYWhJjnqZsybI ;
to : gh_0c02969f70a6 ;
time : 1522836872 ;
type : event ;

2018-04-04 18:14:32 params :
------------
Array:
rule : -2 ;
module :  ;
message : Array ;

2018-04-04 18:14:32 response :
------------

2018-04-04 18:24:41 trace :
------------
Array:
tousername : gh_0c02969f70a6 ;
fromusername : oSI4LjzGDzCztrhCP10C7-4flpE4 ;
createtime : 1522837481 ;
msgtype : event ;
event : VIEW ;
eventkey : https://h5.scene.yqh5.cn/s/6szkjdIq ;
menuid : 425039202 ;
from : oSI4LjzGDzCztrhCP10C7-4flpE4 ;
to : gh_0c02969f70a6 ;
time : 1522837481 ;
type : event ;

2018-04-04 18:24:41 params :
------------
Array:
rule : -2 ;
module :  ;
message : Array ;

2018-04-04 18:24:41 response :
------------

2018-04-04 18:25:31 trace :
------------
Array:
tousername : gh_0c02969f70a6 ;
fromusername : oSI4LjyO9i8MLwQjUY2ZYGWR6Kyk ;
createtime : 1522837531 ;
msgtype : event ;
event : VIEW ;
eventkey : http://zz.jhzh66.com/app/index.php?i=8&c=entry&eid=194 ;
menuid : 425039202 ;
from : oSI4LjyO9i8MLwQjUY2ZYGWR6Kyk ;
to : gh_0c02969f70a6 ;
time : 1522837531 ;
type : event ;

2018-04-04 18:25:31 params :
------------
Array:
rule : -2 ;
module :  ;
message : Array ;

2018-04-04 18:25:31 response :
------------

2018-04-04 18:25:41 trace :
------------
Array:
tousername : gh_0c02969f70a6 ;
fromusername : oSI4Lj-LQwWe3V5eYWhJjnqZsybI ;
createtime : 1522837540 ;
msgtype : event ;
event : VIEW ;
eventkey : http://zz.jhzh66.com/app/index.php?i=8&c=entry&eid=198 ;
menuid : 425039202 ;
from : oSI4Lj-LQwWe3V5eYWhJjnqZsybI ;
to : gh_0c02969f70a6 ;
time : 1522837540 ;
type : event ;

2018-04-04 18:25:41 params :
------------
Array:
rule : -2 ;
module :  ;
message : Array ;

2018-04-04 18:25:41 response :
------------

2018-04-04 18:27:30 trace :
------------
Array:
tousername : gh_0c02969f70a6 ;
fromusername : oSI4LjzGDzCztrhCP10C7-4flpE4 ;
createtime : 1522837650 ;
msgtype : event ;
event : VIEW ;
eventkey : http://zz.jhzh66.com/app/index.php?i=8&c=entry&eid=194 ;
menuid : 425039202 ;
from : oSI4LjzGDzCztrhCP10C7-4flpE4 ;
to : gh_0c02969f70a6 ;
time : 1522837650 ;
type : event ;

2018-04-04 18:27:30 params :
------------
Array:
rule : -2 ;
module :  ;
message : Array ;

2018-04-04 18:27:30 response :
------------

2018-04-04 18:27:41 trace :
------------
Array:
tousername : gh_0c02969f70a6 ;
fromusername : oSI4Lj-LQwWe3V5eYWhJjnqZsybI ;
createtime : 1522837661 ;
msgtype : event ;
event : SCAN ;
eventkey : b2e9b96b4c4097bbc4616d33e8423503 ;
ticket : gQEf8TwAAAAAAAAAAS5odHRwOi8vd2VpeGluLnFxLmNvbS9xLzAyYldQWEFtOGU4YmYxMDAwMGcwN3QAAgRopcRaAwQAAAAA ;
from : oSI4Lj-LQwWe3V5eYWhJjnqZsybI ;
to : gh_0c02969f70a6 ;
time : 1522837661 ;
type : subscribe ;
scene : b2e9b96b4c4097bbc4616d33e8423503 ;

2018-04-04 18:27:45 trace :
------------
Array:
tousername : gh_0c02969f70a6 ;
fromusername : oSI4Lj-LQwWe3V5eYWhJjnqZsybI ;
createtime : 1522837665 ;
msgtype : event ;
event : VIEW ;
eventkey : http://zz.jhzh66.com/app/index.php?i=8&c=entry&eid=194 ;
menuid : 425039202 ;
from : oSI4Lj-LQwWe3V5eYWhJjnqZsybI ;
to : gh_0c02969f70a6 ;
time : 1522837665 ;
type : event ;

2018-04-04 18:27:45 params :
------------
Array:
rule : -2 ;
module :  ;
message : Array ;

2018-04-04 18:27:45 response :
------------

2018-04-04 18:28:14 trace :
------------
Array:
tousername : gh_0c02969f70a6 ;
fromusername : oSI4LjzGDzCztrhCP10C7-4flpE4 ;
createtime : 1522837694 ;
msgtype : event ;
event : VIEW ;
eventkey : http://zz.jhzh66.com/app/index.php?i=8&c=entry&eid=194 ;
menuid : 425039202 ;
from : oSI4LjzGDzCztrhCP10C7-4flpE4 ;
to : gh_0c02969f70a6 ;
time : 1522837694 ;
type : event ;

2018-04-04 18:28:14 params :
------------
Array:
rule : -2 ;
module :  ;
message : Array ;

2018-04-04 18:28:14 response :
------------

2018-04-04 18:28:25 trace :
------------
Array:
tousername : gh_0c02969f70a6 ;
fromusername : oSI4Lj-LQwWe3V5eYWhJjnqZsybI ;
createtime : 1522837704 ;
msgtype : event ;
event : VIEW ;
eventkey : http://zz.jhzh66.com/app/index.php?i=8&c=entry&eid=198 ;
menuid : 425039202 ;
from : oSI4Lj-LQwWe3V5eYWhJjnqZsybI ;
to : gh_0c02969f70a6 ;
time : 1522837704 ;
type : event ;

2018-04-04 18:28:25 params :
------------
Array:
rule : -2 ;
module :  ;
message : Array ;

2018-04-04 18:28:25 response :
------------

2018-04-04 18:29:54 trace :
------------
Array:
tousername : gh_0c02969f70a6 ;
fromusername : oSI4Lj-LQwWe3V5eYWhJjnqZsybI ;
createtime : 1522837794 ;
msgtype : event ;
event : VIEW ;
eventkey : http://zz.jhzh66.com/app/index.php?i=8&c=entry&eid=194 ;
menuid : 425039202 ;
from : oSI4Lj-LQwWe3V5eYWhJjnqZsybI ;
to : gh_0c02969f70a6 ;
time : 1522837794 ;
type : event ;

2018-04-04 18:29:54 params :
------------
Array:
rule : -2 ;
module :  ;
message : Array ;

2018-04-04 18:29:54 response :
------------

2018-04-04 18:30:21 trace :
------------
Array:
tousername : gh_0c02969f70a6 ;
fromusername : oSI4LjyO9i8MLwQjUY2ZYGWR6Kyk ;
createtime : 1522837821 ;
msgtype : event ;
event : VIEW ;
eventkey : http://zz.jhzh66.com/app/index.php?i=8&c=entry&eid=194 ;
menuid : 425039202 ;
from : oSI4LjyO9i8MLwQjUY2ZYGWR6Kyk ;
to : gh_0c02969f70a6 ;
time : 1522837821 ;
type : event ;

2018-04-04 18:30:21 params :
------------
Array:
rule : -2 ;
module :  ;
message : Array ;

2018-04-04 18:30:21 response :
------------

2018-04-04 18:34:00 trace :
------------
Array:
tousername : gh_0c02969f70a6 ;
fromusername : oSI4Lj-LQwWe3V5eYWhJjnqZsybI ;
createtime : 1522838040 ;
msgtype : event ;
event : VIEW ;
eventkey : http://zz.jhzh66.com/app/index.php?i=8&c=entry&eid=198 ;
menuid : 425039202 ;
from : oSI4Lj-LQwWe3V5eYWhJjnqZsybI ;
to : gh_0c02969f70a6 ;
time : 1522838040 ;
type : event ;

2018-04-04 18:34:00 params :
------------
Array:
rule : -2 ;
module :  ;
message : Array ;

2018-04-04 18:34:00 response :
------------

2018-04-04 18:37:10 trace :
------------
Array:
tousername : gh_0c02969f70a6 ;
fromusername : oSI4LjwAjGwLnkiYiiIwc-EGiqas ;
createtime : 1522838229 ;
msgtype : event ;
event : VIEW ;
eventkey : http://zz.jhzh66.com/app/index.php?i=8&c=entry&eid=194 ;
menuid : 425039202 ;
from : oSI4LjwAjGwLnkiYiiIwc-EGiqas ;
to : gh_0c02969f70a6 ;
time : 1522838229 ;
type : event ;

2018-04-04 18:37:10 params :
------------
Array:
rule : -2 ;
module :  ;
message : Array ;

2018-04-04 18:37:10 response :
------------

2018-04-04 18:40:21 trace :
------------
Array:
tousername : gh_9aac6b6c619f ;
fromusername : o4Uy9vnOSOmS9QkMOU9gfY7PRV3Y ;
createtime : 1522838421 ;
msgtype : event ;
event : subscribe ;
eventkey : Array ;
from : o4Uy9vnOSOmS9QkMOU9gfY7PRV3Y ;
to : gh_9aac6b6c619f ;
time : 1522838421 ;
type : subscribe ;

2018-04-04 18:40:21 params :
------------
Array:
rule : -2 ;
module :  ;
message : Array ;

2018-04-04 18:40:21 response :
------------

2018-04-04 18:57:50 trace :
------------
Array:
tousername : gh_0c02969f70a6 ;
fromusername : oSI4LjzGDzCztrhCP10C7-4flpE4 ;
createtime : 1522839469 ;
msgtype : event ;
event : VIEW ;
eventkey : http://www.haolangtech.com/index.php/addon/HotActivity/HotActivity/leagueindex/id/1.html?from=groupmessage&isappinstalled=0 ;
menuid : 425039202 ;
from : oSI4LjzGDzCztrhCP10C7-4flpE4 ;
to : gh_0c02969f70a6 ;
time : 1522839469 ;
type : event ;

2018-04-04 18:57:50 params :
------------
Array:
rule : -2 ;
module :  ;
message : Array ;

2018-04-04 18:57:50 response :
------------

2018-04-04 19:13:48 trace :
------------
Array:
tousername : gh_0c02969f70a6 ;
fromusername : oSI4Ljx0Djv7iudv5U_Psvx-zWDQ ;
createtime : 1522840428 ;
msgtype : event ;
event : subscribe ;
eventkey : last_trade_no_4200000067201804042195131806 ;
from : oSI4Ljx0Djv7iudv5U_Psvx-zWDQ ;
to : gh_0c02969f70a6 ;
time : 1522840428 ;
type : subscribe ;
scene : last_trade_no_4200000067201804042195131806 ;

2018-04-04 19:13:49 params :
------------
Array:
message : Array ;
module : sz_yi ;
rule : 949 ;
priority : 0 ;
keyword : Array ;

2018-04-04 19:13:49 response :
------------
Array:
FromUserName : gh_0c02969f70a6 ;
ToUserName : oSI4Ljx0Djv7iudv5U_Psvx-zWDQ ;
MsgType : text ;
Content : 感谢您的关注! ;

2018-04-04 19:46:21 trace :
------------
Array:
tousername : gh_0c02969f70a6 ;
fromusername : oSI4Lj0PbpBtttwfUiU1SJIZO4VA ;
createtime : 1522842381 ;
msgtype : event ;
event : SCAN ;
eventkey : 5141e420449e42c7df87975ef87074b6 ;
ticket : gQHp8TwAAAAAAAAAAS5odHRwOi8vd2VpeGluLnFxLmNvbS9xLzAyZjNCWkJmOGU4YmYxMDAwMDAwN2oAAgTj86RaAwQAAAAA ;
from : oSI4Lj0PbpBtttwfUiU1SJIZO4VA ;
to : gh_0c02969f70a6 ;
time : 1522842381 ;
type : subscribe ;
scene : 5141e420449e42c7df87975ef87074b6 ;

2018-04-04 19:46:56 trace :
------------
Array:
tousername : gh_0c02969f70a6 ;
fromusername : oSI4Lj8zm25FEIqZyhcPGIlbLHoY ;
createtime : 1522842416 ;
msgtype : event ;
event : subscribe ;
eventkey : qrscene_5141e420449e42c7df87975ef87074b6 ;
ticket : gQHp8TwAAAAAAAAAAS5odHRwOi8vd2VpeGluLnFxLmNvbS9xLzAyZjNCWkJmOGU4YmYxMDAwMDAwN2oAAgTj86RaAwQAAAAA ;
from : oSI4Lj8zm25FEIqZyhcPGIlbLHoY ;
to : gh_0c02969f70a6 ;
time : 1522842416 ;
type : subscribe ;
scene : 5141e420449e42c7df87975ef87074b6 ;

2018-04-04 19:50:04 trace :
------------
Array:
tousername : gh_0c02969f70a6 ;
fromusername : oSI4Lj17As79KTBk8dJMskxWiL2E ;
createtime : 1522842604 ;
msgtype : event ;
event : VIEW ;
eventkey : http://zz.jhzh66.com/app/index.php?i=8&c=entry&eid=194 ;
menuid : 425039202 ;
from : oSI4Lj17As79KTBk8dJMskxWiL2E ;
to : gh_0c02969f70a6 ;
time : 1522842604 ;
type : event ;

2018-04-04 19:50:04 params :
------------
Array:
rule : -2 ;
module :  ;
message : Array ;

2018-04-04 19:50:04 response :
------------

2018-04-04 20:06:35 trace :
------------
Array:
tousername : gh_0c02969f70a6 ;
fromusername : oSI4Lj17As79KTBk8dJMskxWiL2E ;
createtime : 1522843595 ;
msgtype : event ;
event : CLICK ;
eventkey : 海报 ;
from : oSI4Lj17As79KTBk8dJMskxWiL2E ;
to : gh_0c02969f70a6 ;
time : 1522843595 ;
type : event ;

2018-04-04 20:08:18 trace :
------------
Array:
tousername : gh_0c02969f70a6 ;
fromusername : oSI4Lj17As79KTBk8dJMskxWiL2E ;
createtime : 1522843697 ;
msgtype : event ;
event : VIEW ;
eventkey : http://zz.jhzh66.com/app/index.php?i=8&c=entry&eid=194 ;
menuid : 425039202 ;
from : oSI4Lj17As79KTBk8dJMskxWiL2E ;
to : gh_0c02969f70a6 ;
time : 1522843697 ;
type : event ;

2018-04-04 20:08:18 params :
------------
Array:
rule : -2 ;
module :  ;
message : Array ;

2018-04-04 20:08:18 response :
------------

2018-04-04 20:08:19 trace :
------------
Array:
tousername : gh_0c02969f70a6 ;
fromusername : oSI4Lj17As79KTBk8dJMskxWiL2E ;
createtime : 1522843699 ;
msgtype : event ;
event : VIEW ;
eventkey : http://zz.jhzh66.com/app/index.php?i=8&c=entry&eid=194 ;
menuid : 425039202 ;
from : oSI4Lj17As79KTBk8dJMskxWiL2E ;
to : gh_0c02969f70a6 ;
time : 1522843699 ;
type : event ;

2018-04-04 20:08:19 params :
------------
Array:
rule : -2 ;
module :  ;
message : Array ;

2018-04-04 20:08:19 response :
------------

2018-04-04 20:09:53 trace :
------------
Array:
tousername : gh_0c02969f70a6 ;
fromusername : oSI4LjzfjwX-4W4TGmeRzVh6oa2k ;
createtime : 1522843793 ;
msgtype : event ;
event : subscribe ;
eventkey : qrscene_00aafaea7ea2fac385ea36291ed37af0 ;
ticket : gQEl8TwAAAAAAAAAAS5odHRwOi8vd2VpeGluLnFxLmNvbS9xLzAyd0diYUJEOGU4YmYxMDAwME0wN2gAAgRxyMBaAwQAAAAA ;
from : oSI4LjzfjwX-4W4TGmeRzVh6oa2k ;
to : gh_0c02969f70a6 ;
time : 1522843793 ;
type : subscribe ;
scene : 00aafaea7ea2fac385ea36291ed37af0 ;

2018-04-04 20:09:58 trace :
------------
Array:
tousername : gh_0c02969f70a6 ;
fromusername : oSI4LjzfjwX-4W4TGmeRzVh6oa2k ;
createtime : 1522843798 ;
msgtype : event ;
event : CLICK ;
eventkey : 海报 ;
from : oSI4LjzfjwX-4W4TGmeRzVh6oa2k ;
to : gh_0c02969f70a6 ;
time : 1522843798 ;
type : event ;

2018-04-04 20:15:22 trace :
------------
Array:
tousername : gh_0c02969f70a6 ;
fromusername : oSI4Lj75nTwK043ndMXuU_acK8Ts ;
createtime : 1522844122 ;
msgtype : event ;
event : subscribe ;
eventkey : qrscene_5141e420449e42c7df87975ef87074b6 ;
ticket : gQHp8TwAAAAAAAAAAS5odHRwOi8vd2VpeGluLnFxLmNvbS9xLzAyZjNCWkJmOGU4YmYxMDAwMDAwN2oAAgTj86RaAwQAAAAA ;
from : oSI4Lj75nTwK043ndMXuU_acK8Ts ;
to : gh_0c02969f70a6 ;
time : 1522844122 ;
type : subscribe ;
scene : 5141e420449e42c7df87975ef87074b6 ;

2018-04-04 20:15:33 trace :
------------
Array:
tousername : gh_0c02969f70a6 ;
fromusername : oSI4Lj75nTwK043ndMXuU_acK8Ts ;
createtime : 1522844133 ;
msgtype : event ;
event : VIEW ;
eventkey : http://zz.jhzh66.com/app/index.php?i=8&c=site&a=site&do=detail&id=2 ;
menuid : 425039202 ;
from : oSI4Lj75nTwK043ndMXuU_acK8Ts ;
to : gh_0c02969f70a6 ;
time : 1522844133 ;
type : event ;

2018-04-04 20:15:33 params :
------------
Array:
rule : -2 ;
module :  ;
message : Array ;

2018-04-04 20:15:33 response :
------------

2018-04-04 20:15:39 trace :
------------
Array:
tousername : gh_0c02969f70a6 ;
fromusername : oSI4Lj0OaQeGCWLGdHEYMaXB5xF4 ;
createtime : 1522844139 ;
msgtype : event ;
event : VIEW ;
eventkey : https://m.qlchat.com/live/320000044317761.htm ;
menuid : 425039202 ;
from : oSI4Lj0OaQeGCWLGdHEYMaXB5xF4 ;
to : gh_0c02969f70a6 ;
time : 1522844139 ;
type : event ;

2018-04-04 20:15:39 params :
------------
Array:
rule : -2 ;
module :  ;
message : Array ;

2018-04-04 20:15:39 response :
------------

2018-04-04 20:16:17 trace :
------------
Array:
tousername : gh_0c02969f70a6 ;
fromusername : oSI4Lj0OaQeGCWLGdHEYMaXB5xF4 ;
createtime : 1522844177 ;
msgtype : event ;
event : VIEW ;
eventkey : http://zz.jhzh66.com/app/index.php?i=8&c=entry&eid=194 ;
menuid : 425039202 ;
from : oSI4Lj0OaQeGCWLGdHEYMaXB5xF4 ;
to : gh_0c02969f70a6 ;
time : 1522844177 ;
type : event ;

2018-04-04 20:16:17 params :
------------
Array:
rule : -2 ;
module :  ;
message : Array ;

2018-04-04 20:16:17 response :
------------

2018-04-04 20:22:34 trace :
------------
Array:
tousername : gh_0c02969f70a6 ;
fromusername : oSI4Lj2d2rxmoIz_vKzeS-oTy_Fc ;
createtime : 1522844554 ;
msgtype : event ;
event : VIEW ;
eventkey : http://zz.jhzh66.com/app/index.php?i=8&c=entry&eid=194 ;
menuid : 425039202 ;
from : oSI4Lj2d2rxmoIz_vKzeS-oTy_Fc ;
to : gh_0c02969f70a6 ;
time : 1522844554 ;
type : event ;

2018-04-04 20:22:34 params :
------------
Array:
rule : -2 ;
module :  ;
message : Array ;

2018-04-04 20:22:34 response :
------------

2018-04-04 20:31:52 trace :
------------
Array:
tousername : gh_0c02969f70a6 ;
fromusername : oSI4Lj0PbpBtttwfUiU1SJIZO4VA ;
createtime : 1522845112 ;
msgtype : event ;
event : VIEW ;
eventkey : http://zz.jhzh66.com/app/index.php?i=8&c=entry&eid=194 ;
menuid : 425039202 ;
from : oSI4Lj0PbpBtttwfUiU1SJIZO4VA ;
to : gh_0c02969f70a6 ;
time : 1522845112 ;
type : event ;

2018-04-04 20:31:52 params :
------------
Array:
rule : -2 ;
module :  ;
message : Array ;

2018-04-04 20:31:52 response :
------------

2018-04-04 20:37:52 trace :
------------
Array:
tousername : gh_0c02969f70a6 ;
fromusername : oSI4Lj0gfghrvyv_riNcHchEskp8 ;
createtime : 1522845472 ;
msgtype : event ;
event : VIEW ;
eventkey : http://zz.jhzh66.com/app/index.php?i=8&c=entry&eid=194 ;
menuid : 425039202 ;
from : oSI4Lj0gfghrvyv_riNcHchEskp8 ;
to : gh_0c02969f70a6 ;
time : 1522845472 ;
type : event ;

2018-04-04 20:37:52 params :
------------
Array:
rule : -2 ;
module :  ;
message : Array ;

2018-04-04 20:37:52 response :
------------

2018-04-04 21:03:15 trace :
------------
Array:
tousername : gh_0c02969f70a6 ;
fromusername : oSI4LjzGDzCztrhCP10C7-4flpE4 ;
createtime : 1522846995 ;
msgtype : event ;
event : VIEW ;
eventkey : http://zz.jhzh66.com/app/index.php?i=8&c=entry&eid=198 ;
menuid : 425039202 ;
from : oSI4LjzGDzCztrhCP10C7-4flpE4 ;
to : gh_0c02969f70a6 ;
time : 1522846995 ;
type : event ;

2018-04-04 21:03:15 params :
------------
Array:
rule : -2 ;
module :  ;
message : Array ;

2018-04-04 21:03:15 response :
------------

2018-04-04 21:03:18 trace :
------------
Array:
tousername : gh_0c02969f70a6 ;
fromusername : oSI4LjyHUqsKQ2U6jJYcy4lCjBVA ;
createtime : 1522846998 ;
msgtype : event ;
event : VIEW ;
eventkey : http://zz.jhzh66.com/app/index.php?i=8&c=entry&eid=198 ;
menuid : 425039202 ;
from : oSI4LjyHUqsKQ2U6jJYcy4lCjBVA ;
to : gh_0c02969f70a6 ;
time : 1522846998 ;
type : event ;

2018-04-04 21:03:18 params :
------------
Array:
rule : -2 ;
module :  ;
message : Array ;

2018-04-04 21:03:18 response :
------------

2018-04-04 21:04:32 trace :
------------
Array:
tousername : gh_0c02969f70a6 ;
fromusername : oSI4LjyHUqsKQ2U6jJYcy4lCjBVA ;
createtime : 1522847072 ;
msgtype : event ;
event : VIEW ;
eventkey : http://zz.jhzh66.com/app/index.php?i=8&c=entry&eid=194 ;
menuid : 425039202 ;
from : oSI4LjyHUqsKQ2U6jJYcy4lCjBVA ;
to : gh_0c02969f70a6 ;
time : 1522847072 ;
type : event ;

2018-04-04 21:04:32 params :
------------
Array:
rule : -2 ;
module :  ;
message : Array ;

2018-04-04 21:04:32 response :
------------

2018-04-04 21:05:46 trace :
------------
Array:
tousername : gh_0c02969f70a6 ;
fromusername : oSI4Lj2pjhreoyy5STNGRffttblI ;
createtime : 1522847146 ;
msgtype : event ;
event : VIEW ;
eventkey : http://zz.jhzh66.com/app/index.php?i=8&c=site&a=site&do=detail&id=2 ;
menuid : 425039202 ;
from : oSI4Lj2pjhreoyy5STNGRffttblI ;
to : gh_0c02969f70a6 ;
time : 1522847146 ;
type : event ;

2018-04-04 21:05:46 params :
------------
Array:
rule : -2 ;
module :  ;
message : Array ;

2018-04-04 21:05:46 response :
------------

2018-04-04 21:06:22 trace :
------------
Array:
tousername : gh_0c02969f70a6 ;
fromusername : oSI4Lj2HEF69rpaCBEPZXiSOZ0_0 ;
createtime : 1522847182 ;
msgtype : event ;
event : VIEW ;
eventkey : http://zz.jhzh66.com/app/index.php?i=8&c=home&t=8 ;
menuid : 425039202 ;
from : oSI4Lj2HEF69rpaCBEPZXiSOZ0_0 ;
to : gh_0c02969f70a6 ;
time : 1522847182 ;
type : event ;

2018-04-04 21:06:22 params :
------------
Array:
rule : -2 ;
module :  ;
message : Array ;

2018-04-04 21:06:22 response :
------------

2018-04-04 21:06:23 trace :
------------
Array:
tousername : gh_0c02969f70a6 ;
fromusername : oSI4Lj2HEF69rpaCBEPZXiSOZ0_0 ;
createtime : 1522847183 ;
msgtype : event ;
event : VIEW ;
eventkey : http://zz.jhzh66.com/app/index.php?i=8&c=home&t=8 ;
menuid : 425039202 ;
from : oSI4Lj2HEF69rpaCBEPZXiSOZ0_0 ;
to : gh_0c02969f70a6 ;
time : 1522847183 ;
type : event ;

2018-04-04 21:06:23 params :
------------
Array:
rule : -2 ;
module :  ;
message : Array ;

2018-04-04 21:06:23 response :
------------

2018-04-04 21:08:32 trace :
------------
Array:
tousername : gh_0c02969f70a6 ;
fromusername : oSI4Lj2pjhreoyy5STNGRffttblI ;
createtime : 1522847311 ;
msgtype : event ;
event : VIEW ;
eventkey : http://zz.jhzh66.com/app/index.php?i=8&c=entry&eid=194 ;
menuid : 425039202 ;
from : oSI4Lj2pjhreoyy5STNGRffttblI ;
to : gh_0c02969f70a6 ;
time : 1522847311 ;
type : event ;

2018-04-04 21:08:32 params :
------------
Array:
rule : -2 ;
module :  ;
message : Array ;

2018-04-04 21:08:32 response :
------------

2018-04-04 21:08:36 trace :
------------
Array:
tousername : gh_0c02969f70a6 ;
fromusername : oSI4LjyHUqsKQ2U6jJYcy4lCjBVA ;
createtime : 1522847316 ;
msgtype : event ;
event : VIEW ;
eventkey : http://zz.jhzh66.com/app/index.php?i=8&c=entry&eid=198 ;
menuid : 425039202 ;
from : oSI4LjyHUqsKQ2U6jJYcy4lCjBVA ;
to : gh_0c02969f70a6 ;
time : 1522847316 ;
type : event ;

2018-04-04 21:08:36 params :
------------
Array:
rule : -2 ;
module :  ;
message : Array ;

2018-04-04 21:08:36 response :
------------

2018-04-04 21:09:14 trace :
------------
Array:
tousername : gh_0c02969f70a6 ;
fromusername : oSI4LjyHUqsKQ2U6jJYcy4lCjBVA ;
createtime : 1522847354 ;
msgtype : event ;
event : VIEW ;
eventkey : http://zz.jhzh66.com/app/index.php?i=8&c=entry&eid=198 ;
menuid : 425039202 ;
from : oSI4LjyHUqsKQ2U6jJYcy4lCjBVA ;
to : gh_0c02969f70a6 ;
time : 1522847354 ;
type : event ;

2018-04-04 21:09:14 params :
------------
Array:
rule : -2 ;
module :  ;
message : Array ;

2018-04-04 21:09:14 response :
------------

2018-04-04 21:17:34 trace :
------------
Array:
tousername : gh_0c02969f70a6 ;
fromusername : oSI4Lj3HDb1JeOF6Z2jaRUCBioTM ;
createtime : 1522847854 ;
msgtype : event ;
event : subscribe ;
eventkey : Array ;
from : oSI4Lj3HDb1JeOF6Z2jaRUCBioTM ;
to : gh_0c02969f70a6 ;
time : 1522847854 ;
type : subscribe ;

2018-04-04 21:17:34 params :
------------
Array:
rule : -2 ;
module :  ;
message : Array ;

2018-04-04 21:17:34 response :
------------

2018-04-04 21:17:55 trace :
------------
Array:
tousername : gh_0c02969f70a6 ;
fromusername : oSI4Lj3HDb1JeOF6Z2jaRUCBioTM ;
createtime : 1522847875 ;
msgtype : event ;
event : VIEW ;
eventkey : http://zz.jhzh66.com/app/index.php?i=8&c=entry&eid=194 ;
menuid : 425039202 ;
from : oSI4Lj3HDb1JeOF6Z2jaRUCBioTM ;
to : gh_0c02969f70a6 ;
time : 1522847875 ;
type : event ;

2018-04-04 21:17:55 params :
------------
Array:
rule : -2 ;
module :  ;
message : Array ;

2018-04-04 21:17:55 response :
------------

2018-04-04 21:22:11 trace :
------------
Array:
tousername : gh_0c02969f70a6 ;
fromusername : oSI4Lj3HDb1JeOF6Z2jaRUCBioTM ;
createtime : 1522848131 ;
msgtype : event ;
event : VIEW ;
eventkey : http://zz.jhzh66.com/app/index.php?i=8&c=entry&eid=194 ;
menuid : 425039202 ;
from : oSI4Lj3HDb1JeOF6Z2jaRUCBioTM ;
to : gh_0c02969f70a6 ;
time : 1522848131 ;
type : event ;

2018-04-04 21:22:11 params :
------------
Array:
rule : -2 ;
module :  ;
message : Array ;

2018-04-04 21:22:11 response :
------------

2018-04-04 22:13:14 trace :
------------
Array:
tousername : gh_0c02969f70a6 ;
fromusername : oSI4Lj97Jm2kdczJ4OHYMLb017pk ;
createtime : 1522851194 ;
msgtype : event ;
event : VIEW ;
eventkey : http://zz.jhzh66.com/app/index.php?i=8&c=entry&eid=194 ;
menuid : 425039202 ;
from : oSI4Lj97Jm2kdczJ4OHYMLb017pk ;
to : gh_0c02969f70a6 ;
time : 1522851194 ;
type : event ;

2018-04-04 22:13:14 params :
------------
Array:
rule : -2 ;
module :  ;
message : Array ;

2018-04-04 22:13:14 response :
------------

2018-04-04 22:14:31 trace :
------------
Array:
tousername : gh_0c02969f70a6 ;
fromusername : oSI4Lj97Jm2kdczJ4OHYMLb017pk ;
createtime : 1522851270 ;
msgtype : event ;
event : VIEW ;
eventkey : http://zz.jhzh66.com/app/index.php?i=8&c=entry&eid=194 ;
menuid : 425039202 ;
from : oSI4Lj97Jm2kdczJ4OHYMLb017pk ;
to : gh_0c02969f70a6 ;
time : 1522851270 ;
type : event ;

2018-04-04 22:14:31 params :
------------
Array:
rule : -2 ;
module :  ;
message : Array ;

2018-04-04 22:14:31 response :
------------

2018-04-04 22:19:15 trace :
------------
Array:
tousername : gh_0c02969f70a6 ;
fromusername : oSI4LjzGDzCztrhCP10C7-4flpE4 ;
createtime : 1522851554 ;
msgtype : event ;
event : VIEW ;
eventkey : http://zz.jhzh66.com/app/index.php?i=8&c=entry&eid=198 ;
menuid : 425039202 ;
from : oSI4LjzGDzCztrhCP10C7-4flpE4 ;
to : gh_0c02969f70a6 ;
time : 1522851554 ;
type : event ;

2018-04-04 22:19:15 params :
------------
Array:
rule : -2 ;
module :  ;
message : Array ;

2018-04-04 22:19:15 response :
------------

2018-04-04 22:26:44 trace :
------------
Array:
tousername : gh_0c02969f70a6 ;
fromusername : oSI4Lj97Jm2kdczJ4OHYMLb017pk ;
createtime : 1522852004 ;
msgtype : event ;
event : VIEW ;
eventkey : http://zz.jhzh66.com/app/index.php?i=8&c=entry&eid=194 ;
menuid : 425039202 ;
from : oSI4Lj97Jm2kdczJ4OHYMLb017pk ;
to : gh_0c02969f70a6 ;
time : 1522852004 ;
type : event ;

2018-04-04 22:26:44 params :
------------
Array:
rule : -2 ;
module :  ;
message : Array ;

2018-04-04 22:26:44 response :
------------

2018-04-04 22:45:01 trace :
------------
Array:
tousername : gh_0c02969f70a6 ;
fromusername : oSI4LjzGDzCztrhCP10C7-4flpE4 ;
createtime : 1522853101 ;
msgtype : event ;
event : VIEW ;
eventkey : http://zz.jhzh66.com/app/index.php?i=8&c=entry&eid=198 ;
menuid : 425039202 ;
from : oSI4LjzGDzCztrhCP10C7-4flpE4 ;
to : gh_0c02969f70a6 ;
time : 1522853101 ;
type : event ;

2018-04-04 22:45:01 params :
------------
Array:
rule : -2 ;
module :  ;
message : Array ;

2018-04-04 22:45:01 response :
------------

2018-04-04 22:46:34 trace :
------------
Array:
tousername : gh_0c02969f70a6 ;
fromusername : oSI4LjzGDzCztrhCP10C7-4flpE4 ;
createtime : 1522853194 ;
msgtype : event ;
event : VIEW ;
eventkey : http://www.haolangtech.com/index.php/addon/HotActivity/HotActivity/leagueindex/id/1.html?from=groupmessage&isappinstalled=0 ;
menuid : 425039202 ;
from : oSI4LjzGDzCztrhCP10C7-4flpE4 ;
to : gh_0c02969f70a6 ;
time : 1522853194 ;
type : event ;

2018-04-04 22:46:34 params :
------------
Array:
rule : -2 ;
module :  ;
message : Array ;

2018-04-04 22:46:34 response :
------------

2018-04-04 22:53:50 trace :
------------
Array:
tousername : gh_0c02969f70a6 ;
fromusername : oSI4Lj0NPaeIo1J-M3GXNeUyJVQk ;
createtime : 1522853630 ;
msgtype : event ;
event : subscribe ;
eventkey : qrscene_513980fc8a503a04535d607b234907de ;
ticket : gQEL8jwAAAAAAAAAAS5odHRwOi8vd2VpeGluLnFxLmNvbS9xLzAycC1CRkJtOGU4YmYxMDAwMHcwN1EAAgSQ-6RaAwQAAAAA ;
from : oSI4Lj0NPaeIo1J-M3GXNeUyJVQk ;
to : gh_0c02969f70a6 ;
time : 1522853630 ;
type : subscribe ;
scene : 513980fc8a503a04535d607b234907de ;

2018-04-04 22:54:39 trace :
------------
Array:
tousername : gh_0c02969f70a6 ;
fromusername : oSI4Lj0NPaeIo1J-M3GXNeUyJVQk ;
createtime : 1522853679 ;
msgtype : event ;
event : VIEW ;
eventkey : http://zz.jhzh66.com/app/index.php?i=8&c=entry&eid=194 ;
menuid : 425039202 ;
from : oSI4Lj0NPaeIo1J-M3GXNeUyJVQk ;
to : gh_0c02969f70a6 ;
time : 1522853679 ;
type : event ;

2018-04-04 22:54:39 params :
------------
Array:
rule : -2 ;
module :  ;
message : Array ;

2018-04-04 22:54:39 response :
------------

2018-04-04 22:55:57 trace :
------------
Array:
tousername : gh_0c02969f70a6 ;
fromusername : oSI4Lj0NPaeIo1J-M3GXNeUyJVQk ;
createtime : 1522853757 ;
msgtype : event ;
event : VIEW ;
eventkey : https://h5.scene.yqh5.cn/s/6szkjdIq ;
menuid : 425039202 ;
from : oSI4Lj0NPaeIo1J-M3GXNeUyJVQk ;
to : gh_0c02969f70a6 ;
time : 1522853757 ;
type : event ;

2018-04-04 22:55:57 params :
------------
Array:
rule : -2 ;
module :  ;
message : Array ;

2018-04-04 22:55:57 response :
------------

2018-04-04 22:58:29 trace :
------------
Array:
tousername : gh_0c02969f70a6 ;
fromusername : oSI4Lj2pjhreoyy5STNGRffttblI ;
createtime : 1522853909 ;
msgtype : event ;
event : VIEW ;
eventkey : http://zz.jhzh66.com/app/index.php?i=8&c=entry&eid=198 ;
menuid : 425039202 ;
from : oSI4Lj2pjhreoyy5STNGRffttblI ;
to : gh_0c02969f70a6 ;
time : 1522853909 ;
type : event ;

2018-04-04 22:58:29 params :
------------
Array:
rule : -2 ;
module :  ;
message : Array ;

2018-04-04 22:58:29 response :
------------

2018-04-04 23:01:19 trace :
------------
Array:
tousername : gh_0c02969f70a6 ;
fromusername : oSI4Lj2pjhreoyy5STNGRffttblI ;
createtime : 1522854079 ;
msgtype : event ;
event : VIEW ;
eventkey : http://zz11.com.cn/plugin.php?id=wechat:access ;
menuid : 425039202 ;
from : oSI4Lj2pjhreoyy5STNGRffttblI ;
to : gh_0c02969f70a6 ;
time : 1522854079 ;
type : event ;

2018-04-04 23:01:19 params :
------------
Array:
rule : -2 ;
module :  ;
message : Array ;

2018-04-04 23:01:19 response :
------------

2018-04-04 23:03:43 trace :
------------
Array:
tousername : gh_0c02969f70a6 ;
fromusername : oSI4Lj2pjhreoyy5STNGRffttblI ;
createtime : 1522854223 ;
msgtype : event ;
event : VIEW ;
eventkey : https://m.qlchat.com/live/320000044317761.htm ;
menuid : 425039202 ;
from : oSI4Lj2pjhreoyy5STNGRffttblI ;
to : gh_0c02969f70a6 ;
time : 1522854223 ;
type : event ;

2018-04-04 23:03:43 params :
------------
Array:
rule : -2 ;
module :  ;
message : Array ;

2018-04-04 23:03:43 response :
------------

2018-04-04 23:04:32 trace :
------------
Array:
tousername : gh_0c02969f70a6 ;
fromusername : oSI4Lj2pjhreoyy5STNGRffttblI ;
createtime : 1522854272 ;
msgtype : event ;
event : VIEW ;
eventkey : http://zz11.com.cn/plugin.php?id=wechat:access ;
menuid : 425039202 ;
from : oSI4Lj2pjhreoyy5STNGRffttblI ;
to : gh_0c02969f70a6 ;
time : 1522854272 ;
type : event ;

2018-04-04 23:04:32 params :
------------
Array:
rule : -2 ;
module :  ;
message : Array ;

2018-04-04 23:04:32 response :
------------

2018-04-04 23:15:47 trace :
------------
Array:
tousername : gh_0c02969f70a6 ;
fromusername : oSI4LjzGDzCztrhCP10C7-4flpE4 ;
createtime : 1522854946 ;
msgtype : event ;
event : VIEW ;
eventkey : https://m.qlchat.com/live/320000044317761.htm ;
menuid : 425039202 ;
from : oSI4LjzGDzCztrhCP10C7-4flpE4 ;
to : gh_0c02969f70a6 ;
time : 1522854946 ;
type : event ;

2018-04-04 23:15:47 params :
------------
Array:
rule : -2 ;
module :  ;
message : Array ;

2018-04-04 23:15:47 response :
------------

2018-04-04 23:17:59 trace :
------------
Array:
tousername : gh_0c02969f70a6 ;
fromusername : oSI4LjzGDzCztrhCP10C7-4flpE4 ;
createtime : 1522855079 ;
msgtype : event ;
event : VIEW ;
eventkey : http://zz.jhzh66.com/app/index.php?i=8&c=entry&eid=198 ;
menuid : 425039202 ;
from : oSI4LjzGDzCztrhCP10C7-4flpE4 ;
to : gh_0c02969f70a6 ;
time : 1522855079 ;
type : event ;

2018-04-04 23:17:59 params :
------------
Array:
rule : -2 ;
module :  ;
message : Array ;

2018-04-04 23:17:59 response :
------------

2018-04-04 23:24:56 trace :
------------
Array:
tousername : gh_0c02969f70a6 ;
fromusername : oSI4Ljx0oyBNpQsLY2cW2NIxFLOQ ;
createtime : 1522855496 ;
msgtype : event ;
event : VIEW ;
eventkey : https://h5.scene.yqh5.cn/s/6szkjdIq ;
menuid : 425039202 ;
from : oSI4Ljx0oyBNpQsLY2cW2NIxFLOQ ;
to : gh_0c02969f70a6 ;
time : 1522855496 ;
type : event ;

2018-04-04 23:24:56 params :
------------
Array:
rule : -2 ;
module :  ;
message : Array ;

2018-04-04 23:24:56 response :
------------

2018-04-04 23:26:38 trace :
------------
Array:
tousername : gh_0c02969f70a6 ;
fromusername : oSI4Lj97Jm2kdczJ4OHYMLb017pk ;
createtime : 1522855598 ;
msgtype : event ;
event : VIEW ;
eventkey : http://zz.jhzh66.com/app/index.php?i=8&c=entry&eid=194 ;
menuid : 425039202 ;
from : oSI4Lj97Jm2kdczJ4OHYMLb017pk ;
to : gh_0c02969f70a6 ;
time : 1522855598 ;
type : event ;

2018-04-04 23:26:38 params :
------------
Array:
rule : -2 ;
module :  ;
message : Array ;

2018-04-04 23:26:38 response :
------------

2018-04-04 23:28:00 trace :
------------
Array:
tousername : gh_0c02969f70a6 ;
fromusername : oSI4Lj97Jm2kdczJ4OHYMLb017pk ;
createtime : 1522855680 ;
msgtype : event ;
event : VIEW ;
eventkey : http://zz.jhzh66.com/app/index.php?i=8&c=entry&eid=194 ;
menuid : 425039202 ;
from : oSI4Lj97Jm2kdczJ4OHYMLb017pk ;
to : gh_0c02969f70a6 ;
time : 1522855680 ;
type : event ;

2018-04-04 23:28:00 params :
------------
Array:
rule : -2 ;
module :  ;
message : Array ;

2018-04-04 23:28:00 response :
------------

2018-04-04 23:30:11 trace :
------------
Array:
tousername : gh_0c02969f70a6 ;
fromusername : oSI4Lj2pjhreoyy5STNGRffttblI ;
createtime : 1522855811 ;
msgtype : event ;
event : VIEW ;
eventkey : http://zz.jhzh66.com/app/index.php?i=8&c=entry&eid=194 ;
menuid : 425039202 ;
from : oSI4Lj2pjhreoyy5STNGRffttblI ;
to : gh_0c02969f70a6 ;
time : 1522855811 ;
type : event ;

2018-04-04 23:30:11 params :
------------
Array:
rule : -2 ;
module :  ;
message : Array ;

2018-04-04 23:30:11 response :
------------

2018-04-04 23:36:06 trace :
------------
Array:
tousername : gh_0c02969f70a6 ;
fromusername : oSI4Ljx0oyBNpQsLY2cW2NIxFLOQ ;
createtime : 1522856166 ;
msgtype : event ;
event : VIEW ;
eventkey : http://zz.jhzh66.com/app/index.php?i=8&c=home&t=8 ;
menuid : 425039202 ;
from : oSI4Ljx0oyBNpQsLY2cW2NIxFLOQ ;
to : gh_0c02969f70a6 ;
time : 1522856166 ;
type : event ;

2018-04-04 23:36:06 params :
------------
Array:
rule : -2 ;
module :  ;
message : Array ;

2018-04-04 23:36:06 response :
------------

2018-04-04 23:36:40 trace :
------------
Array:
tousername : gh_0c02969f70a6 ;
fromusername : oSI4Ljx0oyBNpQsLY2cW2NIxFLOQ ;
createtime : 1522856200 ;
msgtype : event ;
event : VIEW ;
eventkey : http://zz.jhzh66.com/app/index.php?i=8&c=entry&eid=194 ;
menuid : 425039202 ;
from : oSI4Ljx0oyBNpQsLY2cW2NIxFLOQ ;
to : gh_0c02969f70a6 ;
time : 1522856200 ;
type : event ;

2018-04-04 23:36:40 params :
------------
Array:
rule : -2 ;
module :  ;
message : Array ;

2018-04-04 23:36:40 response :
------------

2018-04-04 23:47:44 trace :
------------
Array:
tousername : gh_0c02969f70a6 ;
fromusername : oSI4Lj5vXSszHT1hdrfo8k-RAbiM ;
createtime : 1522856863 ;
msgtype : event ;
event : subscribe ;
eventkey : qrscene_e63f191ace780031e0e627a9424150eb ;
ticket : gQHE8TwAAAAAAAAAAS5odHRwOi8vd2VpeGluLnFxLmNvbS9xLzAySUcxYUFYOGU4YmYxMDAwME0wNzAAAgRxrMFaAwQAAAAA ;
from : oSI4Lj5vXSszHT1hdrfo8k-RAbiM ;
to : gh_0c02969f70a6 ;
time : 1522856863 ;
type : subscribe ;
scene : e63f191ace780031e0e627a9424150eb ;

