2018-03-24 00:56:43 trace :
------------
Array:
tousername : gh_0c02969f70a6 ;
fromusername : oSI4LjwMmywn8Z0f935TwgufU0J0 ;
createtime : 1521824203 ;
msgtype : event ;
event : VIEW ;
eventkey : http://zz.jhzh66.com/app/index.php?i=8&c=entry&eid=194 ;
menuid : 424819011 ;
from : oSI4LjwMmywn8Z0f935TwgufU0J0 ;
to : gh_0c02969f70a6 ;
time : 1521824203 ;
type : event ;

2018-03-24 00:56:43 params :
------------
Array:
rule : -2 ;
module :  ;
message : Array ;

2018-03-24 00:56:43 response :
------------

2018-03-24 02:08:19 trace :
------------
Array:
tousername : gh_0c02969f70a6 ;
fromusername : oSI4Lj51s9g3owol1SXKipPGfUe8 ;
createtime : 1521828499 ;
msgtype : event ;
event : SCAN ;
eventkey : 5141e420449e42c7df87975ef87074b6 ;
ticket : gQHp8TwAAAAAAAAAAS5odHRwOi8vd2VpeGluLnFxLmNvbS9xLzAyZjNCWkJmOGU4YmYxMDAwMDAwN2oAAgTj86RaAwQAAAAA ;
from : oSI4Lj51s9g3owol1SXKipPGfUe8 ;
to : gh_0c02969f70a6 ;
time : 1521828499 ;
type : subscribe ;
scene : 5141e420449e42c7df87975ef87074b6 ;

2018-03-24 02:09:57 trace :
------------
Array:
tousername : gh_0c02969f70a6 ;
fromusername : oSI4Lj51s9g3owol1SXKipPGfUe8 ;
createtime : 1521828597 ;
msgtype : event ;
event : SCAN ;
eventkey : 5141e420449e42c7df87975ef87074b6 ;
ticket : gQHp8TwAAAAAAAAAAS5odHRwOi8vd2VpeGluLnFxLmNvbS9xLzAyZjNCWkJmOGU4YmYxMDAwMDAwN2oAAgTj86RaAwQAAAAA ;
from : oSI4Lj51s9g3owol1SXKipPGfUe8 ;
to : gh_0c02969f70a6 ;
time : 1521828597 ;
type : subscribe ;
scene : 5141e420449e42c7df87975ef87074b6 ;

2018-03-24 02:10:15 trace :
------------
Array:
tousername : gh_0c02969f70a6 ;
fromusername : oSI4Lj51s9g3owol1SXKipPGfUe8 ;
createtime : 1521828615 ;
msgtype : event ;
event : VIEW ;
eventkey : http://zz.jhzh66.com/app/index.php?i=8&c=entry&eid=194 ;
menuid : 424819011 ;
from : oSI4Lj51s9g3owol1SXKipPGfUe8 ;
to : gh_0c02969f70a6 ;
time : 1521828615 ;
type : event ;

2018-03-24 02:10:15 params :
------------
Array:
rule : -2 ;
module :  ;
message : Array ;

2018-03-24 02:10:15 response :
------------

2018-03-24 02:16:41 trace :
------------
Array:
tousername : gh_0c02969f70a6 ;
fromusername : oSI4Lj51s9g3owol1SXKipPGfUe8 ;
createtime : 1521829001 ;
msgtype : event ;
event : VIEW ;
eventkey : http://zz.jhzh66.com/app/index.php?i=8&c=entry&eid=194 ;
menuid : 424819011 ;
from : oSI4Lj51s9g3owol1SXKipPGfUe8 ;
to : gh_0c02969f70a6 ;
time : 1521829001 ;
type : event ;

2018-03-24 02:16:41 params :
------------
Array:
rule : -2 ;
module :  ;
message : Array ;

2018-03-24 02:16:41 response :
------------

2018-03-24 02:16:49 trace :
------------
Array:
tousername : gh_0c02969f70a6 ;
fromusername : oSI4Lj51s9g3owol1SXKipPGfUe8 ;
createtime : 1521829009 ;
msgtype : event ;
event : CLICK ;
eventkey : 海报 ;
from : oSI4Lj51s9g3owol1SXKipPGfUe8 ;
to : gh_0c02969f70a6 ;
time : 1521829009 ;
type : event ;

2018-03-24 02:16:51 trace :
------------
Array:
tousername : gh_0c02969f70a6 ;
fromusername : oSI4Lj51s9g3owol1SXKipPGfUe8 ;
createtime : 1521829011 ;
msgtype : event ;
event : CLICK ;
eventkey : 海报 ;
from : oSI4Lj51s9g3owol1SXKipPGfUe8 ;
to : gh_0c02969f70a6 ;
time : 1521829011 ;
type : event ;

2018-03-24 05:12:11 trace :
------------
Array:
tousername : gh_0c02969f70a6 ;
fromusername : oSI4Lj0Skag_iD3Q63lDwH5XWTLE ;
createtime : 1521839531 ;
msgtype : event ;
event : SCAN ;
eventkey : 5141e420449e42c7df87975ef87074b6 ;
ticket : gQHp8TwAAAAAAAAAAS5odHRwOi8vd2VpeGluLnFxLmNvbS9xLzAyZjNCWkJmOGU4YmYxMDAwMDAwN2oAAgTj86RaAwQAAAAA ;
from : oSI4Lj0Skag_iD3Q63lDwH5XWTLE ;
to : gh_0c02969f70a6 ;
time : 1521839531 ;
type : subscribe ;
scene : 5141e420449e42c7df87975ef87074b6 ;

2018-03-24 05:12:19 trace :
------------
Array:
tousername : gh_0c02969f70a6 ;
fromusername : oSI4Lj0Skag_iD3Q63lDwH5XWTLE ;
createtime : 1521839539 ;
msgtype : event ;
event : VIEW ;
eventkey : http://zz.jhzh66.com/app/index.php?i=8&c=entry&eid=194 ;
menuid : 424819011 ;
from : oSI4Lj0Skag_iD3Q63lDwH5XWTLE ;
to : gh_0c02969f70a6 ;
time : 1521839539 ;
type : event ;

2018-03-24 05:12:19 params :
------------
Array:
rule : -2 ;
module :  ;
message : Array ;

2018-03-24 05:12:19 response :
------------

2018-03-24 07:46:36 trace :
------------
Array:
tousername : gh_0c02969f70a6 ;
fromusername : oSI4Lj5ePlw6DdC8CU-GNH3EIcPc ;
createtime : 1521848796 ;
msgtype : event ;
event : SCAN ;
eventkey : 5141e420449e42c7df87975ef87074b6 ;
ticket : gQHp8TwAAAAAAAAAAS5odHRwOi8vd2VpeGluLnFxLmNvbS9xLzAyZjNCWkJmOGU4YmYxMDAwMDAwN2oAAgTj86RaAwQAAAAA ;
from : oSI4Lj5ePlw6DdC8CU-GNH3EIcPc ;
to : gh_0c02969f70a6 ;
time : 1521848796 ;
type : subscribe ;
scene : 5141e420449e42c7df87975ef87074b6 ;

2018-03-24 07:46:45 trace :
------------
Array:
tousername : gh_0c02969f70a6 ;
fromusername : oSI4Lj5ePlw6DdC8CU-GNH3EIcPc ;
createtime : 1521848805 ;
msgtype : event ;
event : VIEW ;
eventkey : http://zz.jhzh66.com/app/index.php?i=8&c=entry&eid=194 ;
menuid : 424819011 ;
from : oSI4Lj5ePlw6DdC8CU-GNH3EIcPc ;
to : gh_0c02969f70a6 ;
time : 1521848805 ;
type : event ;

2018-03-24 07:46:45 params :
------------
Array:
rule : -2 ;
module :  ;
message : Array ;

2018-03-24 07:46:45 response :
------------

2018-03-24 07:46:55 trace :
------------
Array:
tousername : gh_0c02969f70a6 ;
fromusername : oSI4Lj5ePlw6DdC8CU-GNH3EIcPc ;
createtime : 1521848815 ;
msgtype : event ;
event : CLICK ;
eventkey : 海报 ;
from : oSI4Lj5ePlw6DdC8CU-GNH3EIcPc ;
to : gh_0c02969f70a6 ;
time : 1521848815 ;
type : event ;

2018-03-24 07:47:42 trace :
------------
Array:
tousername : gh_0c02969f70a6 ;
fromusername : oSI4Lj5ePlw6DdC8CU-GNH3EIcPc ;
createtime : 1521848862 ;
msgtype : event ;
event : VIEW ;
eventkey : http://zz.jhzh66.com/app/index.php?i=8&c=entry&p=commission&m=sz_yi&do=plugin ;
menuid : 424819011 ;
from : oSI4Lj5ePlw6DdC8CU-GNH3EIcPc ;
to : gh_0c02969f70a6 ;
time : 1521848862 ;
type : event ;

2018-03-24 07:47:42 params :
------------
Array:
rule : -2 ;
module :  ;
message : Array ;

2018-03-24 07:47:42 response :
------------

2018-03-24 08:26:22 trace :
------------
Array:
tousername : gh_0c02969f70a6 ;
fromusername : oSI4Lj97Jm2kdczJ4OHYMLb017pk ;
createtime : 1521851182 ;
msgtype : event ;
event : VIEW ;
eventkey : http://zz.jhzh66.com/app/index.php?i=8&c=entry&eid=194 ;
menuid : 424819011 ;
from : oSI4Lj97Jm2kdczJ4OHYMLb017pk ;
to : gh_0c02969f70a6 ;
time : 1521851182 ;
type : event ;

2018-03-24 08:26:22 params :
------------
Array:
rule : -2 ;
module :  ;
message : Array ;

2018-03-24 08:26:22 response :
------------

2018-03-24 10:04:23 trace :
------------
Array:
tousername : gh_0c02969f70a6 ;
fromusername : oSI4LjzGDzCztrhCP10C7-4flpE4 ;
createtime : 1521857062 ;
msgtype : text ;
content : 关注 ;
msgid : 6536326310901539805 ;
from : oSI4LjzGDzCztrhCP10C7-4flpE4 ;
to : gh_0c02969f70a6 ;
time : 1521857062 ;
type : text ;
event :  ;
redirection :  ;
source :  ;

2018-03-24 10:05:33 trace :
------------
Array:
tousername : gh_0c02969f70a6 ;
fromusername : oSI4Lj97Jm2kdczJ4OHYMLb017pk ;
createtime : 1521857133 ;
msgtype : event ;
event : VIEW ;
eventkey : http://zz.jhzh66.com/app/index.php?i=8&c=entry&eid=194 ;
menuid : 424819011 ;
from : oSI4Lj97Jm2kdczJ4OHYMLb017pk ;
to : gh_0c02969f70a6 ;
time : 1521857133 ;
type : event ;

2018-03-24 10:05:33 params :
------------
Array:
rule : -2 ;
module :  ;
message : Array ;

2018-03-24 10:05:33 response :
------------

2018-03-24 10:12:30 trace :
------------
Array:
tousername : gh_0c02969f70a6 ;
fromusername : oSI4LjyHUqsKQ2U6jJYcy4lCjBVA ;
createtime : 1521857550 ;
msgtype : event ;
event : VIEW ;
eventkey : http://zz.jhzh66.com/app/index.php?i=8&c=entry&eid=194 ;
menuid : 424819011 ;
from : oSI4LjyHUqsKQ2U6jJYcy4lCjBVA ;
to : gh_0c02969f70a6 ;
time : 1521857550 ;
type : event ;

2018-03-24 10:12:30 params :
------------
Array:
rule : -2 ;
module :  ;
message : Array ;

2018-03-24 10:12:30 response :
------------

2018-03-24 10:18:40 trace :
------------
Array:
tousername : gh_0c02969f70a6 ;
fromusername : oSI4Lj97Jm2kdczJ4OHYMLb017pk ;
createtime : 1521857919 ;
msgtype : event ;
event : VIEW ;
eventkey : http://zz.jhzh66.com/app/index.php?i=8&c=entry&eid=194 ;
menuid : 424819011 ;
from : oSI4Lj97Jm2kdczJ4OHYMLb017pk ;
to : gh_0c02969f70a6 ;
time : 1521857919 ;
type : event ;

2018-03-24 10:18:40 params :
------------
Array:
rule : -2 ;
module :  ;
message : Array ;

2018-03-24 10:18:40 response :
------------

2018-03-24 10:19:56 trace :
------------
Array:
tousername : gh_0c02969f70a6 ;
fromusername : oSI4Lj7V89nEvd55inObdG0mRVuo ;
createtime : 1521857996 ;
msgtype : event ;
event : subscribe ;
eventkey : qrscene_5141e420449e42c7df87975ef87074b6 ;
ticket : gQHp8TwAAAAAAAAAAS5odHRwOi8vd2VpeGluLnFxLmNvbS9xLzAyZjNCWkJmOGU4YmYxMDAwMDAwN2oAAgTj86RaAwQAAAAA ;
from : oSI4Lj7V89nEvd55inObdG0mRVuo ;
to : gh_0c02969f70a6 ;
time : 1521857996 ;
type : subscribe ;
scene : 5141e420449e42c7df87975ef87074b6 ;

2018-03-24 10:25:57 trace :
------------
Array:
tousername : gh_0c02969f70a6 ;
fromusername : oSI4Lj97Jm2kdczJ4OHYMLb017pk ;
createtime : 1521858357 ;
msgtype : event ;
event : VIEW ;
eventkey : http://zz.jhzh66.com/app/index.php?i=8&c=entry&eid=194 ;
menuid : 424819011 ;
from : oSI4Lj97Jm2kdczJ4OHYMLb017pk ;
to : gh_0c02969f70a6 ;
time : 1521858357 ;
type : event ;

2018-03-24 10:25:57 params :
------------
Array:
rule : -2 ;
module :  ;
message : Array ;

2018-03-24 10:25:57 response :
------------

2018-03-24 10:26:13 trace :
------------
Array:
tousername : gh_0c02969f70a6 ;
fromusername : oSI4Lj97Jm2kdczJ4OHYMLb017pk ;
createtime : 1521858373 ;
msgtype : event ;
event : VIEW ;
eventkey : http://zz.jhzh66.com/app/index.php?i=8&c=entry&eid=194 ;
menuid : 424819011 ;
from : oSI4Lj97Jm2kdczJ4OHYMLb017pk ;
to : gh_0c02969f70a6 ;
time : 1521858373 ;
type : event ;

2018-03-24 10:26:13 params :
------------
Array:
rule : -2 ;
module :  ;
message : Array ;

2018-03-24 10:26:13 response :
------------

2018-03-24 10:27:34 trace :
------------
Array:
tousername : gh_0c02969f70a6 ;
fromusername : oSI4Lj_fVLc-DPZySqUSKsCXuyOo ;
createtime : 1521858454 ;
msgtype : event ;
event : VIEW ;
eventkey : http://zz.jhzh66.com/app/index.php?i=8&c=entry&eid=198 ;
menuid : 424819011 ;
from : oSI4Lj_fVLc-DPZySqUSKsCXuyOo ;
to : gh_0c02969f70a6 ;
time : 1521858454 ;
type : event ;

2018-03-24 10:27:34 params :
------------
Array:
rule : -2 ;
module :  ;
message : Array ;

2018-03-24 10:27:34 response :
------------

2018-03-24 10:36:18 trace :
------------
Array:
tousername : gh_0c02969f70a6 ;
fromusername : oSI4Lj_s7t8OfJNqTlIebwz_Lr2M ;
createtime : 1521858978 ;
msgtype : event ;
event : VIEW ;
eventkey : http://zz.jhzh66.com/app/index.php?i=8&c=entry&eid=198 ;
menuid : 424819011 ;
from : oSI4Lj_s7t8OfJNqTlIebwz_Lr2M ;
to : gh_0c02969f70a6 ;
time : 1521858978 ;
type : event ;

2018-03-24 10:36:18 params :
------------
Array:
rule : -2 ;
module :  ;
message : Array ;

2018-03-24 10:36:18 response :
------------

2018-03-24 10:36:26 trace :
------------
Array:
tousername : gh_0c02969f70a6 ;
fromusername : oSI4Lj_s7t8OfJNqTlIebwz_Lr2M ;
createtime : 1521858986 ;
msgtype : event ;
event : CLICK ;
eventkey : 海报 ;
from : oSI4Lj_s7t8OfJNqTlIebwz_Lr2M ;
to : gh_0c02969f70a6 ;
time : 1521858986 ;
type : event ;

2018-03-24 11:02:10 trace :
------------
Array:
tousername : gh_0c02969f70a6 ;
fromusername : oSI4Lj6G15FP3Q5dt-p_AcjqSHbE ;
createtime : 1521860530 ;
msgtype : event ;
event : CLICK ;
eventkey : 海报 ;
from : oSI4Lj6G15FP3Q5dt-p_AcjqSHbE ;
to : gh_0c02969f70a6 ;
time : 1521860530 ;
type : event ;

2018-03-24 11:02:28 trace :
------------
Array:
tousername : gh_0c02969f70a6 ;
fromusername : oSI4Lj6G15FP3Q5dt-p_AcjqSHbE ;
createtime : 1521860548 ;
msgtype : event ;
event : VIEW ;
eventkey : http://zz.jhzh66.com/app/index.php?i=8&c=entry&eid=194 ;
menuid : 424819011 ;
from : oSI4Lj6G15FP3Q5dt-p_AcjqSHbE ;
to : gh_0c02969f70a6 ;
time : 1521860548 ;
type : event ;

2018-03-24 11:02:28 params :
------------
Array:
rule : -2 ;
module :  ;
message : Array ;

2018-03-24 11:02:28 response :
------------

2018-03-24 11:56:33 trace :
------------
Array:
tousername : gh_0c02969f70a6 ;
fromusername : oSI4LjyLAL0U_Is-GNtwxiM5L1oY ;
createtime : 1521863793 ;
msgtype : event ;
event : VIEW ;
eventkey : http://zz.jhzh66.com/app/index.php?i=8&c=entry&eid=198 ;
menuid : 424819011 ;
from : oSI4LjyLAL0U_Is-GNtwxiM5L1oY ;
to : gh_0c02969f70a6 ;
time : 1521863793 ;
type : event ;

2018-03-24 11:56:33 params :
------------
Array:
rule : -2 ;
module :  ;
message : Array ;

2018-03-24 11:56:33 response :
------------

2018-03-24 11:57:02 trace :
------------
Array:
tousername : gh_0c02969f70a6 ;
fromusername : oSI4Lj_cD__365bOSvZnftSowkUQ ;
createtime : 1521863822 ;
msgtype : event ;
event : VIEW ;
eventkey : http://zz.jhzh66.com/app/index.php?i=8&c=entry&eid=194 ;
menuid : 424819011 ;
from : oSI4Lj_cD__365bOSvZnftSowkUQ ;
to : gh_0c02969f70a6 ;
time : 1521863822 ;
type : event ;

2018-03-24 11:57:02 params :
------------
Array:
rule : -2 ;
module :  ;
message : Array ;

2018-03-24 11:57:02 response :
------------

2018-03-24 11:59:43 trace :
------------
Array:
tousername : gh_0c02969f70a6 ;
fromusername : oSI4Lj2UIVAs_3SbU14tmG4rJg5Y ;
createtime : 1521863982 ;
msgtype : event ;
event : VIEW ;
eventkey : http://zz.jhzh66.com/app/index.php?i=8&c=entry&eid=194 ;
menuid : 424819011 ;
from : oSI4Lj2UIVAs_3SbU14tmG4rJg5Y ;
to : gh_0c02969f70a6 ;
time : 1521863982 ;
type : event ;

2018-03-24 11:59:43 params :
------------
Array:
rule : -2 ;
module :  ;
message : Array ;

2018-03-24 11:59:43 response :
------------

2018-03-24 11:59:56 trace :
------------
Array:
tousername : gh_0c02969f70a6 ;
fromusername : oSI4Lj2UIVAs_3SbU14tmG4rJg5Y ;
createtime : 1521863996 ;
msgtype : event ;
event : VIEW ;
eventkey : http://zz.jhzh66.com/app/index.php?i=8&c=entry&eid=198 ;
menuid : 424819011 ;
from : oSI4Lj2UIVAs_3SbU14tmG4rJg5Y ;
to : gh_0c02969f70a6 ;
time : 1521863996 ;
type : event ;

2018-03-24 11:59:56 params :
------------
Array:
rule : -2 ;
module :  ;
message : Array ;

2018-03-24 11:59:56 response :
------------

2018-03-24 12:07:45 trace :
------------
Array:
tousername : gh_0c02969f70a6 ;
fromusername : oSI4Lj_cD__365bOSvZnftSowkUQ ;
createtime : 1521864465 ;
msgtype : event ;
event : VIEW ;
eventkey : http://zz.jhzh66.com/app/index.php?i=8&c=entry&eid=194 ;
menuid : 424819011 ;
from : oSI4Lj_cD__365bOSvZnftSowkUQ ;
to : gh_0c02969f70a6 ;
time : 1521864465 ;
type : event ;

2018-03-24 12:07:45 params :
------------
Array:
rule : -2 ;
module :  ;
message : Array ;

2018-03-24 12:07:45 response :
------------

2018-03-24 12:10:06 trace :
------------
Array:
tousername : gh_0c02969f70a6 ;
fromusername : oSI4LjzGDzCztrhCP10C7-4flpE4 ;
createtime : 1521864605 ;
msgtype : image ;
picurl : http://mmbiz.qpic.cn/mmbiz_jpg/dHHrICftBfDsUhf9vaMPjAzvialOT21vszV4SWyDR7HeWq4ETwpNT8nSshqTzDx1R8AZwTLjvvCqyK491v5xuDA/0 ;
msgid : 6536358707839855293 ;
mediaid : wYD4ufGH1DAVXmzSEuxu_hMMOqyZjpNvgr53IM1blChKynYD11_Y5jvlHMLQqWRA ;
from : oSI4LjzGDzCztrhCP10C7-4flpE4 ;
to : gh_0c02969f70a6 ;
time : 1521864605 ;
type : image ;
event :  ;
url : http://mmbiz.qpic.cn/mmbiz_jpg/dHHrICftBfDsUhf9vaMPjAzvialOT21vszV4SWyDR7HeWq4ETwpNT8nSshqTzDx1R8AZwTLjvvCqyK491v5xuDA/0 ;

2018-03-24 12:10:06 params :
------------
Array:
rule : -2 ;
module :  ;
message : Array ;

2018-03-24 12:10:06 response :
------------

2018-03-24 12:11:51 trace :
------------
Array:
tousername : gh_0c02969f70a6 ;
fromusername : oSI4LjzGDzCztrhCP10C7-4flpE4 ;
createtime : 1521864711 ;
msgtype : event ;
event : CLICK ;
eventkey : 海报 ;
from : oSI4LjzGDzCztrhCP10C7-4flpE4 ;
to : gh_0c02969f70a6 ;
time : 1521864711 ;
type : event ;

2018-03-24 12:16:45 trace :
------------
Array:
tousername : gh_0c02969f70a6 ;
fromusername : oSI4LjzGDzCztrhCP10C7-4flpE4 ;
createtime : 1521865005 ;
msgtype : text ;
content : 首页 ;
msgid : 6536360425826773776 ;
from : oSI4LjzGDzCztrhCP10C7-4flpE4 ;
to : gh_0c02969f70a6 ;
time : 1521865005 ;
type : text ;
event :  ;
redirection :  ;
source :  ;

2018-03-24 12:16:45 params :
------------
Array:
message : Array ;
module : cover ;
rule : 962 ;
priority : 0 ;
keyword : Array ;

2018-03-24 12:16:45 response :
------------
Array:
FromUserName : gh_0c02969f70a6 ;
ToUserName : oSI4LjzGDzCztrhCP10C7-4flpE4 ;
MsgType : news ;
ArticleCount : 1 ;
Articles : Array ;

2018-03-24 12:56:02 trace :
------------
Array:
tousername : gh_0c02969f70a6 ;
fromusername : oSI4Lj97Jm2kdczJ4OHYMLb017pk ;
createtime : 1521867362 ;
msgtype : event ;
event : VIEW ;
eventkey : http://zz.jhzh66.com/app/index.php?i=8&c=entry&eid=194 ;
menuid : 424819011 ;
from : oSI4Lj97Jm2kdczJ4OHYMLb017pk ;
to : gh_0c02969f70a6 ;
time : 1521867362 ;
type : event ;

2018-03-24 12:56:02 params :
------------
Array:
rule : -2 ;
module :  ;
message : Array ;

2018-03-24 12:56:02 response :
------------

2018-03-24 13:04:18 trace :
------------
Array:
tousername : gh_0c02969f70a6 ;
fromusername : oSI4LjzGDzCztrhCP10C7-4flpE4 ;
createtime : 1521867858 ;
msgtype : event ;
event : VIEW ;
eventkey : http://zz.jhzh66.com/app/index.php?i=8&c=entry&eid=194 ;
menuid : 424819011 ;
from : oSI4LjzGDzCztrhCP10C7-4flpE4 ;
to : gh_0c02969f70a6 ;
time : 1521867858 ;
type : event ;

2018-03-24 13:04:18 params :
------------
Array:
rule : -2 ;
module :  ;
message : Array ;

2018-03-24 13:04:18 response :
------------

2018-03-24 13:15:12 trace :
------------
Array:
tousername : gh_0c02969f70a6 ;
fromusername : oSI4LjyHUqsKQ2U6jJYcy4lCjBVA ;
createtime : 1521868512 ;
msgtype : event ;
event : VIEW ;
eventkey : http://zz.jhzh66.com/app/index.php?i=8&c=entry&p=commission&m=sz_yi&do=plugin ;
menuid : 424819011 ;
from : oSI4LjyHUqsKQ2U6jJYcy4lCjBVA ;
to : gh_0c02969f70a6 ;
time : 1521868512 ;
type : event ;

2018-03-24 13:15:12 params :
------------
Array:
rule : -2 ;
module :  ;
message : Array ;

2018-03-24 13:15:12 response :
------------

2018-03-24 13:26:13 trace :
------------
Array:
tousername : gh_0c02969f70a6 ;
fromusername : oSI4LjzGDzCztrhCP10C7-4flpE4 ;
createtime : 1521869173 ;
msgtype : event ;
event : VIEW ;
eventkey : http://zz.jhzh66.com/app/index.php?i=8&c=entry&eid=194 ;
menuid : 424819011 ;
from : oSI4LjzGDzCztrhCP10C7-4flpE4 ;
to : gh_0c02969f70a6 ;
time : 1521869173 ;
type : event ;

2018-03-24 13:26:14 params :
------------
Array:
rule : -2 ;
module :  ;
message : Array ;

2018-03-24 13:26:14 response :
------------

2018-03-24 13:27:51 trace :
------------
Array:
tousername : gh_0c02969f70a6 ;
fromusername : oSI4LjzGDzCztrhCP10C7-4flpE4 ;
createtime : 1521869271 ;
msgtype : event ;
event : VIEW ;
eventkey : http://zz.jhzh66.com/app/index.php?i=8&c=entry&eid=194 ;
menuid : 424819011 ;
from : oSI4LjzGDzCztrhCP10C7-4flpE4 ;
to : gh_0c02969f70a6 ;
time : 1521869271 ;
type : event ;

2018-03-24 13:27:51 params :
------------
Array:
rule : -2 ;
module :  ;
message : Array ;

2018-03-24 13:27:51 response :
------------

2018-03-24 13:28:56 trace :
------------
Array:
tousername : gh_0c02969f70a6 ;
fromusername : oSI4LjzGDzCztrhCP10C7-4flpE4 ;
createtime : 1521869336 ;
msgtype : event ;
event : VIEW ;
eventkey : http://zz.jhzh66.com/app/index.php?i=8&c=entry&p=commission&m=sz_yi&do=plugin ;
menuid : 424819011 ;
from : oSI4LjzGDzCztrhCP10C7-4flpE4 ;
to : gh_0c02969f70a6 ;
time : 1521869336 ;
type : event ;

2018-03-24 13:28:56 params :
------------
Array:
rule : -2 ;
module :  ;
message : Array ;

2018-03-24 13:28:56 response :
------------

2018-03-24 13:29:14 trace :
------------
Array:
tousername : gh_0c02969f70a6 ;
fromusername : oSI4LjzGDzCztrhCP10C7-4flpE4 ;
createtime : 1521869354 ;
msgtype : event ;
event : CLICK ;
eventkey : 海报 ;
from : oSI4LjzGDzCztrhCP10C7-4flpE4 ;
to : gh_0c02969f70a6 ;
time : 1521869354 ;
type : event ;

2018-03-24 13:31:33 trace :
------------
Array:
tousername : gh_0c02969f70a6 ;
fromusername : oSI4LjzGDzCztrhCP10C7-4flpE4 ;
createtime : 1521869493 ;
msgtype : event ;
event : VIEW ;
eventkey : http://www.haolangtech.com/index.php/addon/HotActivity/HotActivity/leagueindex/id/1.html?from=groupmessage&isappinstalled=0 ;
menuid : 424819011 ;
from : oSI4LjzGDzCztrhCP10C7-4flpE4 ;
to : gh_0c02969f70a6 ;
time : 1521869493 ;
type : event ;

2018-03-24 13:31:33 params :
------------
Array:
rule : -2 ;
module :  ;
message : Array ;

2018-03-24 13:31:33 response :
------------

2018-03-24 13:57:56 trace :
------------
Array:
tousername : gh_0c02969f70a6 ;
fromusername : oSI4LjzGDzCztrhCP10C7-4flpE4 ;
createtime : 1521871076 ;
msgtype : event ;
event : VIEW ;
eventkey : http://zz.jhzh66.com/app/index.php?i=8&c=entry&p=commission&m=sz_yi&do=plugin ;
menuid : 424819011 ;
from : oSI4LjzGDzCztrhCP10C7-4flpE4 ;
to : gh_0c02969f70a6 ;
time : 1521871076 ;
type : event ;

2018-03-24 13:57:56 params :
------------
Array:
rule : -2 ;
module :  ;
message : Array ;

2018-03-24 13:57:56 response :
------------

2018-03-24 13:58:35 trace :
------------
Array:
tousername : gh_0c02969f70a6 ;
fromusername : oSI4LjzGDzCztrhCP10C7-4flpE4 ;
createtime : 1521871114 ;
msgtype : event ;
event : VIEW ;
eventkey : http://zz11.com.cn/plugin.php?id=wechat:access ;
menuid : 424819011 ;
from : oSI4LjzGDzCztrhCP10C7-4flpE4 ;
to : gh_0c02969f70a6 ;
time : 1521871114 ;
type : event ;

2018-03-24 13:58:35 params :
------------
Array:
rule : -2 ;
module :  ;
message : Array ;

2018-03-24 13:58:35 response :
------------

2018-03-24 13:58:37 trace :
------------
Array:
tousername : gh_0c02969f70a6 ;
fromusername : oSI4LjzGDzCztrhCP10C7-4flpE4 ;
createtime : 1521871117 ;
msgtype : event ;
event : VIEW ;
eventkey : http://zz.jhzh66.com/app/index.php?i=8&c=site&a=site&do=detail&id=2 ;
menuid : 424819011 ;
from : oSI4LjzGDzCztrhCP10C7-4flpE4 ;
to : gh_0c02969f70a6 ;
time : 1521871117 ;
type : event ;

2018-03-24 13:58:37 params :
------------
Array:
rule : -2 ;
module :  ;
message : Array ;

2018-03-24 13:58:37 response :
------------

2018-03-24 13:58:47 trace :
------------
Array:
tousername : gh_0c02969f70a6 ;
fromusername : oSI4LjzGDzCztrhCP10C7-4flpE4 ;
createtime : 1521871127 ;
msgtype : event ;
event : VIEW ;
eventkey : http://zz11.com.cn/plugin.php?id=wechat:access ;
menuid : 424819011 ;
from : oSI4LjzGDzCztrhCP10C7-4flpE4 ;
to : gh_0c02969f70a6 ;
time : 1521871127 ;
type : event ;

2018-03-24 13:58:47 params :
------------
Array:
rule : -2 ;
module :  ;
message : Array ;

2018-03-24 13:58:47 response :
------------

2018-03-24 13:59:14 trace :
------------
Array:
tousername : gh_0c02969f70a6 ;
fromusername : oSI4LjzGDzCztrhCP10C7-4flpE4 ;
createtime : 1521871154 ;
msgtype : event ;
event : VIEW ;
eventkey : http://zz.jhzh66.com/app/index.php?i=8&c=site&a=site&do=detail&id=2 ;
menuid : 424819011 ;
from : oSI4LjzGDzCztrhCP10C7-4flpE4 ;
to : gh_0c02969f70a6 ;
time : 1521871154 ;
type : event ;

2018-03-24 13:59:14 params :
------------
Array:
rule : -2 ;
module :  ;
message : Array ;

2018-03-24 13:59:14 response :
------------

2018-03-24 13:59:26 trace :
------------
Array:
tousername : gh_0c02969f70a6 ;
fromusername : oSI4LjzGDzCztrhCP10C7-4flpE4 ;
createtime : 1521871166 ;
msgtype : event ;
event : VIEW ;
eventkey : http://zz.jhzh66.com/app/index.php?i=8&c=site&a=site&do=detail&id=2 ;
menuid : 424819011 ;
from : oSI4LjzGDzCztrhCP10C7-4flpE4 ;
to : gh_0c02969f70a6 ;
time : 1521871166 ;
type : event ;

2018-03-24 13:59:26 params :
------------
Array:
rule : -2 ;
module :  ;
message : Array ;

2018-03-24 13:59:26 response :
------------

2018-03-24 14:00:59 trace :
------------
Array:
tousername : gh_0c02969f70a6 ;
fromusername : oSI4Lj8oAPTmAX2uQ7KkulZPMvEk ;
createtime : 1521871259 ;
msgtype : event ;
event : SCAN ;
eventkey : 5141e420449e42c7df87975ef87074b6 ;
ticket : gQHp8TwAAAAAAAAAAS5odHRwOi8vd2VpeGluLnFxLmNvbS9xLzAyZjNCWkJmOGU4YmYxMDAwMDAwN2oAAgTj86RaAwQAAAAA ;
from : oSI4Lj8oAPTmAX2uQ7KkulZPMvEk ;
to : gh_0c02969f70a6 ;
time : 1521871259 ;
type : subscribe ;
scene : 5141e420449e42c7df87975ef87074b6 ;

2018-03-24 14:01:07 trace :
------------
Array:
tousername : gh_0c02969f70a6 ;
fromusername : oSI4Lj8oAPTmAX2uQ7KkulZPMvEk ;
createtime : 1521871267 ;
msgtype : event ;
event : VIEW ;
eventkey : http://zz.jhzh66.com/app/index.php?i=8&c=site&a=site&do=detail&id=2 ;
menuid : 424819011 ;
from : oSI4Lj8oAPTmAX2uQ7KkulZPMvEk ;
to : gh_0c02969f70a6 ;
time : 1521871267 ;
type : event ;

2018-03-24 14:01:07 params :
------------
Array:
rule : -2 ;
module :  ;
message : Array ;

2018-03-24 14:01:07 response :
------------

2018-03-24 14:02:06 trace :
------------
Array:
tousername : gh_0c02969f70a6 ;
fromusername : oSI4Lj8oAPTmAX2uQ7KkulZPMvEk ;
createtime : 1521871325 ;
msgtype : event ;
event : VIEW ;
eventkey : http://zz.jhzh66.com/app/index.php?i=8&c=entry&eid=194 ;
menuid : 424819011 ;
from : oSI4Lj8oAPTmAX2uQ7KkulZPMvEk ;
to : gh_0c02969f70a6 ;
time : 1521871325 ;
type : event ;

2018-03-24 14:02:06 params :
------------
Array:
rule : -2 ;
module :  ;
message : Array ;

2018-03-24 14:02:06 response :
------------

2018-03-24 14:04:14 trace :
------------
Array:
tousername : gh_0c02969f70a6 ;
fromusername : oSI4Lj97Jm2kdczJ4OHYMLb017pk ;
createtime : 1521871454 ;
msgtype : event ;
event : VIEW ;
eventkey : http://zz.jhzh66.com/app/index.php?i=8&c=entry&eid=194 ;
menuid : 424819011 ;
from : oSI4Lj97Jm2kdczJ4OHYMLb017pk ;
to : gh_0c02969f70a6 ;
time : 1521871454 ;
type : event ;

2018-03-24 14:04:14 params :
------------
Array:
rule : -2 ;
module :  ;
message : Array ;

2018-03-24 14:04:14 response :
------------

2018-03-24 14:06:47 trace :
------------
Array:
tousername : gh_0c02969f70a6 ;
fromusername : oSI4Lj2UIVAs_3SbU14tmG4rJg5Y ;
createtime : 1521871606 ;
msgtype : event ;
event : VIEW ;
eventkey : http://zz.jhzh66.com/app/index.php?i=8&c=entry&eid=194 ;
menuid : 424819011 ;
from : oSI4Lj2UIVAs_3SbU14tmG4rJg5Y ;
to : gh_0c02969f70a6 ;
time : 1521871606 ;
type : event ;

2018-03-24 14:06:47 params :
------------
Array:
rule : -2 ;
module :  ;
message : Array ;

2018-03-24 14:06:47 response :
------------

2018-03-24 14:07:27 trace :
------------
Array:
tousername : gh_0c02969f70a6 ;
fromusername : oSI4Lj97Jm2kdczJ4OHYMLb017pk ;
createtime : 1521871647 ;
msgtype : event ;
event : VIEW ;
eventkey : http://zz.jhzh66.com/app/index.php?i=8&c=entry&eid=194 ;
menuid : 424819011 ;
from : oSI4Lj97Jm2kdczJ4OHYMLb017pk ;
to : gh_0c02969f70a6 ;
time : 1521871647 ;
type : event ;

2018-03-24 14:07:27 params :
------------
Array:
rule : -2 ;
module :  ;
message : Array ;

2018-03-24 14:07:27 response :
------------

2018-03-24 14:08:16 trace :
------------
Array:
tousername : gh_0c02969f70a6 ;
fromusername : oSI4Lj2UIVAs_3SbU14tmG4rJg5Y ;
createtime : 1521871695 ;
msgtype : event ;
event : VIEW ;
eventkey : http://zz.jhzh66.com/app/index.php?i=8&c=entry&eid=194 ;
menuid : 424819011 ;
from : oSI4Lj2UIVAs_3SbU14tmG4rJg5Y ;
to : gh_0c02969f70a6 ;
time : 1521871695 ;
type : event ;

2018-03-24 14:08:16 params :
------------
Array:
rule : -2 ;
module :  ;
message : Array ;

2018-03-24 14:08:16 response :
------------

2018-03-24 14:09:57 trace :
------------
Array:
tousername : gh_0c02969f70a6 ;
fromusername : oSI4Lj97Jm2kdczJ4OHYMLb017pk ;
createtime : 1521871797 ;
msgtype : event ;
event : VIEW ;
eventkey : http://zz.jhzh66.com/app/index.php?i=8&c=entry&eid=194 ;
menuid : 424819011 ;
from : oSI4Lj97Jm2kdczJ4OHYMLb017pk ;
to : gh_0c02969f70a6 ;
time : 1521871797 ;
type : event ;

2018-03-24 14:09:57 params :
------------
Array:
rule : -2 ;
module :  ;
message : Array ;

2018-03-24 14:09:57 response :
------------

2018-03-24 14:13:44 trace :
------------
Array:
tousername : gh_0c02969f70a6 ;
fromusername : oSI4LjzGDzCztrhCP10C7-4flpE4 ;
createtime : 1521872024 ;
msgtype : event ;
event : VIEW ;
eventkey : http://zz.jhzh66.com/app/index.php?i=8&c=entry&eid=194 ;
menuid : 424819011 ;
from : oSI4LjzGDzCztrhCP10C7-4flpE4 ;
to : gh_0c02969f70a6 ;
time : 1521872024 ;
type : event ;

2018-03-24 14:13:44 params :
------------
Array:
rule : -2 ;
module :  ;
message : Array ;

2018-03-24 14:13:44 response :
------------

2018-03-24 14:16:04 trace :
------------
Array:
tousername : gh_0c02969f70a6 ;
fromusername : oSI4LjzGDzCztrhCP10C7-4flpE4 ;
createtime : 1521872164 ;
msgtype : event ;
event : CLICK ;
eventkey : 海报 ;
from : oSI4LjzGDzCztrhCP10C7-4flpE4 ;
to : gh_0c02969f70a6 ;
time : 1521872164 ;
type : event ;

2018-03-24 14:35:03 trace :
------------
Array:
tousername : gh_0c02969f70a6 ;
fromusername : oSI4Lj4vJbIxODKRH402qp5dktCE ;
createtime : 1521873303 ;
msgtype : event ;
event : subscribe ;
eventkey : Array ;
from : oSI4Lj4vJbIxODKRH402qp5dktCE ;
to : gh_0c02969f70a6 ;
time : 1521873303 ;
type : subscribe ;

2018-03-24 14:35:03 params :
------------
Array:
rule : -2 ;
module :  ;
message : Array ;

2018-03-24 14:35:03 response :
------------

2018-03-24 14:41:05 trace :
------------
Array:
tousername : gh_0c02969f70a6 ;
fromusername : oSI4LjzGDzCztrhCP10C7-4flpE4 ;
createtime : 1521873665 ;
msgtype : event ;
event : VIEW ;
eventkey : http://zz.jhzh66.com/app/index.php?i=8&c=entry&p=commission&m=sz_yi&do=plugin ;
menuid : 424819011 ;
from : oSI4LjzGDzCztrhCP10C7-4flpE4 ;
to : gh_0c02969f70a6 ;
time : 1521873665 ;
type : event ;

2018-03-24 14:41:05 params :
------------
Array:
rule : -2 ;
module :  ;
message : Array ;

2018-03-24 14:41:05 response :
------------

2018-03-24 14:45:02 trace :
------------
Array:
tousername : gh_0c02969f70a6 ;
fromusername : oSI4Ljx7sYkx5xFOzXW_u23dKnqI ;
createtime : 1521873902 ;
msgtype : event ;
event : subscribe ;
eventkey : Array ;
from : oSI4Ljx7sYkx5xFOzXW_u23dKnqI ;
to : gh_0c02969f70a6 ;
time : 1521873902 ;
type : subscribe ;

2018-03-24 14:45:02 params :
------------
Array:
rule : -2 ;
module :  ;
message : Array ;

2018-03-24 14:45:02 response :
------------

2018-03-24 14:47:40 trace :
------------
Array:
tousername : gh_0c02969f70a6 ;
fromusername : oSI4Lj4D4s1OS7Tx2J5YcCVk40og ;
createtime : 1521874060 ;
msgtype : text ;
content : 首页 ;
msgid : 6536399316755640637 ;
from : oSI4Lj4D4s1OS7Tx2J5YcCVk40og ;
to : gh_0c02969f70a6 ;
time : 1521874060 ;
type : text ;
event :  ;
redirection :  ;
source :  ;

2018-03-24 14:47:40 params :
------------
Array:
message : Array ;
module : cover ;
rule : 962 ;
priority : 0 ;
keyword : Array ;

2018-03-24 14:47:40 response :
------------
Array:
FromUserName : gh_0c02969f70a6 ;
ToUserName : oSI4Lj4D4s1OS7Tx2J5YcCVk40og ;
MsgType : news ;
ArticleCount : 1 ;
Articles : Array ;

2018-03-24 14:47:51 trace :
------------
Array:
tousername : gh_0c02969f70a6 ;
fromusername : oSI4Lj4D4s1OS7Tx2J5YcCVk40og ;
createtime : 1521874070 ;
msgtype : text ;
content : 小程序 ;
msgid : 6536399359705313599 ;
from : oSI4Lj4D4s1OS7Tx2J5YcCVk40og ;
to : gh_0c02969f70a6 ;
time : 1521874070 ;
type : text ;
event :  ;
redirection :  ;
source :  ;

2018-03-24 14:47:51 params :
------------
Array:
message : Array ;
module : news ;
rule : 980 ;
priority : 1 ;
keyword : Array ;

2018-03-24 14:47:51 response :
------------
Array:
FromUserName : gh_0c02969f70a6 ;
ToUserName : oSI4Lj4D4s1OS7Tx2J5YcCVk40og ;
MsgType : news ;
ArticleCount : 1 ;
Articles : Array ;

2018-03-24 15:00:52 trace :
------------
Array:
tousername : gh_0c02969f70a6 ;
fromusername : oSI4Lj_9IYyyKSmW-g95NX11StDs ;
createtime : 1521874851 ;
msgtype : event ;
event : subscribe ;
eventkey : Array ;
from : oSI4Lj_9IYyyKSmW-g95NX11StDs ;
to : gh_0c02969f70a6 ;
time : 1521874851 ;
type : subscribe ;

2018-03-24 15:00:52 params :
------------
Array:
rule : -2 ;
module :  ;
message : Array ;

2018-03-24 15:00:52 response :
------------

2018-03-24 15:12:30 trace :
------------
Array:
tousername : gh_0c02969f70a6 ;
fromusername : oSI4Lj2wkg2n_JN-yauY6A4GH8V4 ;
createtime : 1521875550 ;
msgtype : event ;
event : CLICK ;
eventkey : 海报 ;
from : oSI4Lj2wkg2n_JN-yauY6A4GH8V4 ;
to : gh_0c02969f70a6 ;
time : 1521875550 ;
type : event ;

2018-03-24 15:14:25 trace :
------------
Array:
tousername : gh_0c02969f70a6 ;
fromusername : oSI4LjzGDzCztrhCP10C7-4flpE4 ;
createtime : 1521875665 ;
msgtype : event ;
event : VIEW ;
eventkey : http://zz.jhzh66.com/app/index.php?i=8&c=entry&p=commission&m=sz_yi&do=plugin ;
menuid : 424819011 ;
from : oSI4LjzGDzCztrhCP10C7-4flpE4 ;
to : gh_0c02969f70a6 ;
time : 1521875665 ;
type : event ;

2018-03-24 15:14:25 params :
------------
Array:
rule : -2 ;
module :  ;
message : Array ;

2018-03-24 15:14:25 response :
------------

2018-03-24 15:19:39 trace :
------------
Array:
tousername : gh_0c02969f70a6 ;
fromusername : oSI4LjytRAwcWPGDWfbwhXq-lMIU ;
createtime : 1521875979 ;
msgtype : event ;
event : subscribe ;
eventkey : Array ;
from : oSI4LjytRAwcWPGDWfbwhXq-lMIU ;
to : gh_0c02969f70a6 ;
time : 1521875979 ;
type : subscribe ;

2018-03-24 15:19:39 params :
------------
Array:
rule : -2 ;
module :  ;
message : Array ;

2018-03-24 15:19:39 response :
------------

2018-03-24 15:19:44 trace :
------------
Array:
tousername : gh_0c02969f70a6 ;
fromusername : oSI4LjytRAwcWPGDWfbwhXq-lMIU ;
createtime : 1521875984 ;
msgtype : event ;
event : VIEW ;
eventkey : http://zz.jhzh66.com/app/index.php?i=8&c=entry&eid=198 ;
menuid : 424819011 ;
from : oSI4LjytRAwcWPGDWfbwhXq-lMIU ;
to : gh_0c02969f70a6 ;
time : 1521875984 ;
type : event ;

2018-03-24 15:19:44 params :
------------
Array:
rule : -2 ;
module :  ;
message : Array ;

2018-03-24 15:19:44 response :
------------

2018-03-24 15:21:35 trace :
------------
Array:
tousername : gh_0c02969f70a6 ;
fromusername : oSI4Lj7mqVWjDTQAYcu4sC1TNLAs ;
createtime : 1521876094 ;
msgtype : event ;
event : subscribe ;
eventkey : Array ;
from : oSI4Lj7mqVWjDTQAYcu4sC1TNLAs ;
to : gh_0c02969f70a6 ;
time : 1521876094 ;
type : subscribe ;

2018-03-24 15:21:35 params :
------------
Array:
rule : -2 ;
module :  ;
message : Array ;

2018-03-24 15:21:35 response :
------------

2018-03-24 16:09:07 trace :
------------
Array:
tousername : gh_0c02969f70a6 ;
fromusername : oSI4Lj4xnrIDpmzUXdjxxJqkH-D8 ;
createtime : 1521878947 ;
msgtype : event ;
event : subscribe ;
eventkey : Array ;
from : oSI4Lj4xnrIDpmzUXdjxxJqkH-D8 ;
to : gh_0c02969f70a6 ;
time : 1521878947 ;
type : subscribe ;

2018-03-24 16:09:07 params :
------------
Array:
rule : -2 ;
module :  ;
message : Array ;

2018-03-24 16:09:07 response :
------------

2018-03-24 16:09:20 trace :
------------
Array:
tousername : gh_0c02969f70a6 ;
fromusername : oSI4Lj4xnrIDpmzUXdjxxJqkH-D8 ;
createtime : 1521878960 ;
msgtype : event ;
event : VIEW ;
eventkey : http://zz.jhzh66.com/app/index.php?i=8&c=site&a=site&do=detail&id=2 ;
menuid : 424819011 ;
from : oSI4Lj4xnrIDpmzUXdjxxJqkH-D8 ;
to : gh_0c02969f70a6 ;
time : 1521878960 ;
type : event ;

2018-03-24 16:09:20 params :
------------
Array:
rule : -2 ;
module :  ;
message : Array ;

2018-03-24 16:09:20 response :
------------

2018-03-24 16:39:19 trace :
------------
Array:
tousername : gh_0c02969f70a6 ;
fromusername : oSI4Lj5qWkLrlkjyarjowwcZeXTU ;
createtime : 1521880759 ;
msgtype : event ;
event : subscribe ;
eventkey : Array ;
from : oSI4Lj5qWkLrlkjyarjowwcZeXTU ;
to : gh_0c02969f70a6 ;
time : 1521880759 ;
type : subscribe ;

2018-03-24 16:39:19 params :
------------
Array:
rule : -2 ;
module :  ;
message : Array ;

2018-03-24 16:39:19 response :
------------

2018-03-24 16:39:24 trace :
------------
Array:
tousername : gh_0c02969f70a6 ;
fromusername : oSI4Lj5qWkLrlkjyarjowwcZeXTU ;
createtime : 1521880764 ;
msgtype : event ;
event : VIEW ;
eventkey : http://zz.jhzh66.com/app/index.php?i=8&c=entry&eid=194 ;
menuid : 424819011 ;
from : oSI4Lj5qWkLrlkjyarjowwcZeXTU ;
to : gh_0c02969f70a6 ;
time : 1521880764 ;
type : event ;

2018-03-24 16:39:24 params :
------------
Array:
rule : -2 ;
module :  ;
message : Array ;

2018-03-24 16:39:24 response :
------------

2018-03-24 16:39:28 trace :
------------
Array:
tousername : gh_0c02969f70a6 ;
fromusername : oSI4Lj5qWkLrlkjyarjowwcZeXTU ;
createtime : 1521880768 ;
msgtype : event ;
event : VIEW ;
eventkey : http://zz.jhzh66.com/app/index.php?i=8&c=entry&eid=194 ;
menuid : 424819011 ;
from : oSI4Lj5qWkLrlkjyarjowwcZeXTU ;
to : gh_0c02969f70a6 ;
time : 1521880768 ;
type : event ;

2018-03-24 16:39:28 params :
------------
Array:
rule : -2 ;
module :  ;
message : Array ;

2018-03-24 16:39:28 response :
------------

2018-03-24 16:46:28 trace :
------------
Array:
tousername : gh_0c02969f70a6 ;
fromusername : oSI4Lj1efHTC859Shd2yICxUdmR8 ;
createtime : 1521881188 ;
msgtype : event ;
event : subscribe ;
eventkey : Array ;
from : oSI4Lj1efHTC859Shd2yICxUdmR8 ;
to : gh_0c02969f70a6 ;
time : 1521881188 ;
type : subscribe ;

2018-03-24 16:46:28 params :
------------
Array:
rule : -2 ;
module :  ;
message : Array ;

2018-03-24 16:46:28 response :
------------

2018-03-24 16:46:36 trace :
------------
Array:
tousername : gh_0c02969f70a6 ;
fromusername : oSI4Lj1efHTC859Shd2yICxUdmR8 ;
createtime : 1521881196 ;
msgtype : event ;
event : VIEW ;
eventkey : http://zz.jhzh66.com/app/index.php?i=8&c=entry&eid=194 ;
menuid : 424819011 ;
from : oSI4Lj1efHTC859Shd2yICxUdmR8 ;
to : gh_0c02969f70a6 ;
time : 1521881196 ;
type : event ;

2018-03-24 16:46:36 params :
------------
Array:
rule : -2 ;
module :  ;
message : Array ;

2018-03-24 16:46:36 response :
------------

2018-03-24 16:46:58 trace :
------------
Array:
tousername : gh_0c02969f70a6 ;
fromusername : oSI4Lj1efHTC859Shd2yICxUdmR8 ;
createtime : 1521881218 ;
msgtype : event ;
event : VIEW ;
eventkey : http://zz.jhzh66.com/app/index.php?i=8&c=entry&eid=194 ;
menuid : 424819011 ;
from : oSI4Lj1efHTC859Shd2yICxUdmR8 ;
to : gh_0c02969f70a6 ;
time : 1521881218 ;
type : event ;

2018-03-24 16:46:58 params :
------------
Array:
rule : -2 ;
module :  ;
message : Array ;

2018-03-24 16:46:58 response :
------------

2018-03-24 16:47:01 trace :
------------
Array:
tousername : gh_0c02969f70a6 ;
fromusername : oSI4Lj1efHTC859Shd2yICxUdmR8 ;
createtime : 1521881221 ;
msgtype : event ;
event : CLICK ;
eventkey : 海报 ;
from : oSI4Lj1efHTC859Shd2yICxUdmR8 ;
to : gh_0c02969f70a6 ;
time : 1521881221 ;
type : event ;

2018-03-24 16:47:33 trace :
------------
Array:
tousername : gh_0c02969f70a6 ;
fromusername : oSI4Lj1efHTC859Shd2yICxUdmR8 ;
createtime : 1521881253 ;
msgtype : event ;
event : VIEW ;
eventkey : http://zz.jhzh66.com/app/index.php?i=8&c=entry&eid=194 ;
menuid : 424819011 ;
from : oSI4Lj1efHTC859Shd2yICxUdmR8 ;
to : gh_0c02969f70a6 ;
time : 1521881253 ;
type : event ;

2018-03-24 16:47:33 params :
------------
Array:
rule : -2 ;
module :  ;
message : Array ;

2018-03-24 16:47:33 response :
------------

2018-03-24 17:06:10 trace :
------------
Array:
tousername : gh_0c02969f70a6 ;
fromusername : oSI4Lj_fVLc-DPZySqUSKsCXuyOo ;
createtime : 1521882370 ;
msgtype : event ;
event : VIEW ;
eventkey : http://zz.jhzh66.com/app/index.php?i=8&c=entry&eid=194 ;
menuid : 424819011 ;
from : oSI4Lj_fVLc-DPZySqUSKsCXuyOo ;
to : gh_0c02969f70a6 ;
time : 1521882370 ;
type : event ;

2018-03-24 17:06:10 params :
------------
Array:
rule : -2 ;
module :  ;
message : Array ;

2018-03-24 17:06:10 response :
------------

2018-03-24 17:10:34 trace :
------------
Array:
tousername : gh_0c02969f70a6 ;
fromusername : oSI4Lj_fVLc-DPZySqUSKsCXuyOo ;
createtime : 1521882634 ;
msgtype : event ;
event : VIEW ;
eventkey : http://zz.jhzh66.com/app/index.php?i=8&c=entry&eid=194 ;
menuid : 424819011 ;
from : oSI4Lj_fVLc-DPZySqUSKsCXuyOo ;
to : gh_0c02969f70a6 ;
time : 1521882634 ;
type : event ;

2018-03-24 17:10:34 params :
------------
Array:
rule : -2 ;
module :  ;
message : Array ;

2018-03-24 17:10:34 response :
------------

2018-03-24 17:16:07 trace :
------------
Array:
tousername : gh_0c02969f70a6 ;
fromusername : oSI4Lj2UIVAs_3SbU14tmG4rJg5Y ;
createtime : 1521882967 ;
msgtype : event ;
event : VIEW ;
eventkey : http://zz.jhzh66.com/app/index.php?i=8&c=entry&eid=194 ;
menuid : 424819011 ;
from : oSI4Lj2UIVAs_3SbU14tmG4rJg5Y ;
to : gh_0c02969f70a6 ;
time : 1521882967 ;
type : event ;

2018-03-24 17:16:07 params :
------------
Array:
rule : -2 ;
module :  ;
message : Array ;

2018-03-24 17:16:07 response :
------------

2018-03-24 17:16:31 trace :
------------
Array:
tousername : gh_0c02969f70a6 ;
fromusername : oSI4Lj2UIVAs_3SbU14tmG4rJg5Y ;
createtime : 1521882991 ;
msgtype : event ;
event : VIEW ;
eventkey : http://zz.jhzh66.com/app/index.php?i=8&c=entry&eid=194 ;
menuid : 424819011 ;
from : oSI4Lj2UIVAs_3SbU14tmG4rJg5Y ;
to : gh_0c02969f70a6 ;
time : 1521882991 ;
type : event ;

2018-03-24 17:16:31 params :
------------
Array:
rule : -2 ;
module :  ;
message : Array ;

2018-03-24 17:16:31 response :
------------

2018-03-24 17:17:06 trace :
------------
Array:
tousername : gh_0c02969f70a6 ;
fromusername : oSI4Lj2UIVAs_3SbU14tmG4rJg5Y ;
createtime : 1521883026 ;
msgtype : event ;
event : VIEW ;
eventkey : http://zz.jhzh66.com/app/index.php?i=8&c=site&a=site&do=detail&id=2 ;
menuid : 424819011 ;
from : oSI4Lj2UIVAs_3SbU14tmG4rJg5Y ;
to : gh_0c02969f70a6 ;
time : 1521883026 ;
type : event ;

2018-03-24 17:17:06 params :
------------
Array:
rule : -2 ;
module :  ;
message : Array ;

2018-03-24 17:17:06 response :
------------

2018-03-24 17:17:11 trace :
------------
Array:
tousername : gh_0c02969f70a6 ;
fromusername : oSI4Lj2UIVAs_3SbU14tmG4rJg5Y ;
createtime : 1521883031 ;
msgtype : event ;
event : VIEW ;
eventkey : http://zz.jhzh66.com/app/index.php?i=8&c=entry&eid=194 ;
menuid : 424819011 ;
from : oSI4Lj2UIVAs_3SbU14tmG4rJg5Y ;
to : gh_0c02969f70a6 ;
time : 1521883031 ;
type : event ;

2018-03-24 17:17:11 params :
------------
Array:
rule : -2 ;
module :  ;
message : Array ;

2018-03-24 17:17:11 response :
------------

2018-03-24 17:18:56 trace :
------------
Array:
tousername : gh_0c02969f70a6 ;
fromusername : oSI4Lj2UIVAs_3SbU14tmG4rJg5Y ;
createtime : 1521883136 ;
msgtype : event ;
event : VIEW ;
eventkey : http://zz.jhzh66.com/app/index.php?i=8&c=entry&eid=194 ;
menuid : 424819011 ;
from : oSI4Lj2UIVAs_3SbU14tmG4rJg5Y ;
to : gh_0c02969f70a6 ;
time : 1521883136 ;
type : event ;

2018-03-24 17:18:56 params :
------------
Array:
rule : -2 ;
module :  ;
message : Array ;

2018-03-24 17:18:56 response :
------------

2018-03-24 17:23:53 trace :
------------
Array:
tousername : gh_0c02969f70a6 ;
fromusername : oSI4Lj_fVLc-DPZySqUSKsCXuyOo ;
createtime : 1521883433 ;
msgtype : event ;
event : VIEW ;
eventkey : http://zz.jhzh66.com/app/index.php?i=8&c=entry&eid=194 ;
menuid : 424819011 ;
from : oSI4Lj_fVLc-DPZySqUSKsCXuyOo ;
to : gh_0c02969f70a6 ;
time : 1521883433 ;
type : event ;

2018-03-24 17:23:53 params :
------------
Array:
rule : -2 ;
module :  ;
message : Array ;

2018-03-24 17:23:53 response :
------------

2018-03-24 17:25:05 trace :
------------
Array:
tousername : gh_0c02969f70a6 ;
fromusername : oSI4Lj_fVLc-DPZySqUSKsCXuyOo ;
createtime : 1521883505 ;
msgtype : event ;
event : VIEW ;
eventkey : http://zz.jhzh66.com/app/index.php?i=8&c=entry&eid=194 ;
menuid : 424819011 ;
from : oSI4Lj_fVLc-DPZySqUSKsCXuyOo ;
to : gh_0c02969f70a6 ;
time : 1521883505 ;
type : event ;

2018-03-24 17:25:05 params :
------------
Array:
rule : -2 ;
module :  ;
message : Array ;

2018-03-24 17:25:05 response :
------------

2018-03-24 17:32:08 trace :
------------
Array:
tousername : gh_0c02969f70a6 ;
fromusername : oSI4Lj4D4s1OS7Tx2J5YcCVk40og ;
createtime : 1521883928 ;
msgtype : text ;
content : 微站 ;
msgid : 6536441699492919169 ;
from : oSI4Lj4D4s1OS7Tx2J5YcCVk40og ;
to : gh_0c02969f70a6 ;
time : 1521883928 ;
type : text ;
event :  ;
redirection :  ;
source :  ;

2018-03-24 17:32:08 params :
------------
Array:
rule : -2 ;
module :  ;
message : Array ;

2018-03-24 17:32:08 response :
------------

2018-03-24 18:00:06 trace :
------------
Array:
tousername : gh_0c02969f70a6 ;
fromusername : oSI4Lj_fVLc-DPZySqUSKsCXuyOo ;
createtime : 1521885606 ;
msgtype : event ;
event : VIEW ;
eventkey : http://zz.jhzh66.com/app/index.php?i=8&c=entry&eid=194 ;
menuid : 424819011 ;
from : oSI4Lj_fVLc-DPZySqUSKsCXuyOo ;
to : gh_0c02969f70a6 ;
time : 1521885606 ;
type : event ;

2018-03-24 18:00:06 params :
------------
Array:
rule : -2 ;
module :  ;
message : Array ;

2018-03-24 18:00:06 response :
------------

2018-03-24 18:07:04 trace :
------------
Array:
tousername : gh_0c02969f70a6 ;
fromusername : oSI4Lj97Jm2kdczJ4OHYMLb017pk ;
createtime : 1521886024 ;
msgtype : event ;
event : VIEW ;
eventkey : http://zz.jhzh66.com/app/index.php?i=8&c=entry&eid=194 ;
menuid : 424819011 ;
from : oSI4Lj97Jm2kdczJ4OHYMLb017pk ;
to : gh_0c02969f70a6 ;
time : 1521886024 ;
type : event ;

2018-03-24 18:07:04 params :
------------
Array:
rule : -2 ;
module :  ;
message : Array ;

2018-03-24 18:07:04 response :
------------

2018-03-24 18:32:08 trace :
------------
Array:
tousername : gh_0c02969f70a6 ;
fromusername : oSI4Lj_fVLc-DPZySqUSKsCXuyOo ;
createtime : 1521887528 ;
msgtype : event ;
event : VIEW ;
eventkey : http://zz.jhzh66.com/app/index.php?i=8&c=entry&eid=198 ;
menuid : 424819011 ;
from : oSI4Lj_fVLc-DPZySqUSKsCXuyOo ;
to : gh_0c02969f70a6 ;
time : 1521887528 ;
type : event ;

2018-03-24 18:32:08 params :
------------
Array:
rule : -2 ;
module :  ;
message : Array ;

2018-03-24 18:32:08 response :
------------

2018-03-24 18:33:34 trace :
------------
Array:
tousername : gh_0c02969f70a6 ;
fromusername : oSI4Lj_fVLc-DPZySqUSKsCXuyOo ;
createtime : 1521887614 ;
msgtype : event ;
event : VIEW ;
eventkey : http://zz.jhzh66.com/app/index.php?i=8&c=entry&eid=198 ;
menuid : 424819011 ;
from : oSI4Lj_fVLc-DPZySqUSKsCXuyOo ;
to : gh_0c02969f70a6 ;
time : 1521887614 ;
type : event ;

2018-03-24 18:33:34 params :
------------
Array:
rule : -2 ;
module :  ;
message : Array ;

2018-03-24 18:33:34 response :
------------

2018-03-24 18:35:29 trace :
------------
Array:
tousername : gh_0c02969f70a6 ;
fromusername : oSI4Lj_fVLc-DPZySqUSKsCXuyOo ;
createtime : 1521887728 ;
msgtype : event ;
event : VIEW ;
eventkey : http://zz.jhzh66.com/app/index.php?i=8&c=entry&p=commission&m=sz_yi&do=plugin ;
menuid : 424819011 ;
from : oSI4Lj_fVLc-DPZySqUSKsCXuyOo ;
to : gh_0c02969f70a6 ;
time : 1521887728 ;
type : event ;

2018-03-24 18:35:29 params :
------------
Array:
rule : -2 ;
module :  ;
message : Array ;

2018-03-24 18:35:29 response :
------------

2018-03-24 18:35:43 trace :
------------
Array:
tousername : gh_0c02969f70a6 ;
fromusername : oSI4LjwP3l90mbmvmFOrXUWT8lvg ;
createtime : 1521887743 ;
msgtype : event ;
event : VIEW ;
eventkey : http://zz.jhzh66.com/app/index.php?i=8&c=entry&eid=194 ;
menuid : 424819011 ;
from : oSI4LjwP3l90mbmvmFOrXUWT8lvg ;
to : gh_0c02969f70a6 ;
time : 1521887743 ;
type : event ;

2018-03-24 18:35:43 params :
------------
Array:
rule : -2 ;
module :  ;
message : Array ;

2018-03-24 18:35:43 response :
------------

2018-03-24 18:37:17 trace :
------------
Array:
tousername : gh_0c02969f70a6 ;
fromusername : oSI4LjwP3l90mbmvmFOrXUWT8lvg ;
createtime : 1521887837 ;
msgtype : event ;
event : VIEW ;
eventkey : http://zz.jhzh66.com/app/index.php?i=8&c=entry&eid=194 ;
menuid : 424819011 ;
from : oSI4LjwP3l90mbmvmFOrXUWT8lvg ;
to : gh_0c02969f70a6 ;
time : 1521887837 ;
type : event ;

2018-03-24 18:37:17 params :
------------
Array:
rule : -2 ;
module :  ;
message : Array ;

2018-03-24 18:37:17 response :
------------

2018-03-24 18:37:19 trace :
------------
Array:
tousername : gh_0c02969f70a6 ;
fromusername : oSI4LjwP3l90mbmvmFOrXUWT8lvg ;
createtime : 1521887839 ;
msgtype : event ;
event : VIEW ;
eventkey : http://zz.jhzh66.com/app/index.php?i=8&c=entry&eid=194 ;
menuid : 424819011 ;
from : oSI4LjwP3l90mbmvmFOrXUWT8lvg ;
to : gh_0c02969f70a6 ;
time : 1521887839 ;
type : event ;

2018-03-24 18:37:19 params :
------------
Array:
rule : -2 ;
module :  ;
message : Array ;

2018-03-24 18:37:19 response :
------------

2018-03-24 18:37:32 trace :
------------
Array:
tousername : gh_0c02969f70a6 ;
fromusername : oSI4LjwP3l90mbmvmFOrXUWT8lvg ;
createtime : 1521887852 ;
msgtype : event ;
event : VIEW ;
eventkey : http://zz.jhzh66.com/app/index.php?i=8&c=entry&eid=194 ;
menuid : 424819011 ;
from : oSI4LjwP3l90mbmvmFOrXUWT8lvg ;
to : gh_0c02969f70a6 ;
time : 1521887852 ;
type : event ;

2018-03-24 18:37:32 params :
------------
Array:
rule : -2 ;
module :  ;
message : Array ;

2018-03-24 18:37:32 response :
------------

2018-03-24 18:37:48 trace :
------------
Array:
tousername : gh_0c02969f70a6 ;
fromusername : oSI4Lj_fVLc-DPZySqUSKsCXuyOo ;
createtime : 1521887868 ;
msgtype : event ;
event : VIEW ;
eventkey : http://zz.jhzh66.com/app/index.php?i=8&c=entry&eid=198 ;
menuid : 424819011 ;
from : oSI4Lj_fVLc-DPZySqUSKsCXuyOo ;
to : gh_0c02969f70a6 ;
time : 1521887868 ;
type : event ;

2018-03-24 18:37:48 params :
------------
Array:
rule : -2 ;
module :  ;
message : Array ;

2018-03-24 18:37:48 response :
------------

2018-03-24 19:04:45 trace :
------------
Array:
tousername : gh_0c02969f70a6 ;
fromusername : oSI4LjyeDXjWDU9nPtu0MMtlZJTQ ;
createtime : 1521889485 ;
msgtype : event ;
event : VIEW ;
eventkey : http://zz.jhzh66.com/app/index.php?i=8&c=entry&eid=194 ;
menuid : 424819011 ;
from : oSI4LjyeDXjWDU9nPtu0MMtlZJTQ ;
to : gh_0c02969f70a6 ;
time : 1521889485 ;
type : event ;

2018-03-24 19:04:45 params :
------------
Array:
rule : -2 ;
module :  ;
message : Array ;

2018-03-24 19:04:45 response :
------------

2018-03-24 19:06:34 trace :
------------
Array:
tousername : gh_0c02969f70a6 ;
fromusername : oSI4LjyeDXjWDU9nPtu0MMtlZJTQ ;
createtime : 1521889594 ;
msgtype : event ;
event : VIEW ;
eventkey : http://zz11.com.cn/plugin.php?id=wechat:access ;
menuid : 424819011 ;
from : oSI4LjyeDXjWDU9nPtu0MMtlZJTQ ;
to : gh_0c02969f70a6 ;
time : 1521889594 ;
type : event ;

2018-03-24 19:06:34 params :
------------
Array:
rule : -2 ;
module :  ;
message : Array ;

2018-03-24 19:06:34 response :
------------

2018-03-24 19:07:09 trace :
------------
Array:
tousername : gh_0c02969f70a6 ;
fromusername : oSI4LjyeDXjWDU9nPtu0MMtlZJTQ ;
createtime : 1521889629 ;
msgtype : event ;
event : VIEW ;
eventkey : http://zz.jhzh66.com/app/index.php?i=8&c=entry&eid=194 ;
menuid : 424819011 ;
from : oSI4LjyeDXjWDU9nPtu0MMtlZJTQ ;
to : gh_0c02969f70a6 ;
time : 1521889629 ;
type : event ;

2018-03-24 19:07:09 params :
------------
Array:
rule : -2 ;
module :  ;
message : Array ;

2018-03-24 19:07:09 response :
------------

2018-03-24 19:07:16 trace :
------------
Array:
tousername : gh_0c02969f70a6 ;
fromusername : oSI4LjyeDXjWDU9nPtu0MMtlZJTQ ;
createtime : 1521889635 ;
msgtype : event ;
event : VIEW ;
eventkey : http://zz.jhzh66.com/app/index.php?i=8&c=entry&eid=194 ;
menuid : 424819011 ;
from : oSI4LjyeDXjWDU9nPtu0MMtlZJTQ ;
to : gh_0c02969f70a6 ;
time : 1521889635 ;
type : event ;

2018-03-24 19:07:16 params :
------------
Array:
rule : -2 ;
module :  ;
message : Array ;

2018-03-24 19:07:16 response :
------------

2018-03-24 20:06:27 trace :
------------
Array:
tousername : gh_0c02969f70a6 ;
fromusername : oSI4LjyXFV8ZmbDxevveBLdXI9co ;
createtime : 1521893187 ;
msgtype : event ;
event : VIEW ;
eventkey : http://zz.jhzh66.com/app/index.php?i=8&c=entry&eid=194 ;
menuid : 424819011 ;
from : oSI4LjyXFV8ZmbDxevveBLdXI9co ;
to : gh_0c02969f70a6 ;
time : 1521893187 ;
type : event ;

2018-03-24 20:06:27 params :
------------
Array:
rule : -2 ;
module :  ;
message : Array ;

2018-03-24 20:06:27 response :
------------

2018-03-24 20:16:08 trace :
------------
Array:
tousername : gh_0c02969f70a6 ;
fromusername : oSI4Lj97Jm2kdczJ4OHYMLb017pk ;
createtime : 1521893768 ;
msgtype : event ;
event : VIEW ;
eventkey : http://zz.jhzh66.com/app/index.php?i=8&c=entry&eid=194 ;
menuid : 424819011 ;
from : oSI4Lj97Jm2kdczJ4OHYMLb017pk ;
to : gh_0c02969f70a6 ;
time : 1521893768 ;
type : event ;

2018-03-24 20:16:08 params :
------------
Array:
rule : -2 ;
module :  ;
message : Array ;

2018-03-24 20:16:08 response :
------------

2018-03-24 20:17:45 trace :
------------
Array:
tousername : gh_0c02969f70a6 ;
fromusername : oSI4Lj97Jm2kdczJ4OHYMLb017pk ;
createtime : 1521893865 ;
msgtype : event ;
event : VIEW ;
eventkey : http://zz.jhzh66.com/app/index.php?i=8&c=entry&eid=194 ;
menuid : 424819011 ;
from : oSI4Lj97Jm2kdczJ4OHYMLb017pk ;
to : gh_0c02969f70a6 ;
time : 1521893865 ;
type : event ;

2018-03-24 20:17:45 params :
------------
Array:
rule : -2 ;
module :  ;
message : Array ;

2018-03-24 20:17:45 response :
------------

2018-03-24 20:26:30 trace :
------------
Array:
tousername : gh_0c02969f70a6 ;
fromusername : oSI4Lj97Jm2kdczJ4OHYMLb017pk ;
createtime : 1521894390 ;
msgtype : event ;
event : VIEW ;
eventkey : http://zz.jhzh66.com/app/index.php?i=8&c=entry&eid=194 ;
menuid : 424819011 ;
from : oSI4Lj97Jm2kdczJ4OHYMLb017pk ;
to : gh_0c02969f70a6 ;
time : 1521894390 ;
type : event ;

2018-03-24 20:26:30 params :
------------
Array:
rule : -2 ;
module :  ;
message : Array ;

2018-03-24 20:26:30 response :
------------

2018-03-24 21:19:28 trace :
------------
Array:
tousername : gh_0c02969f70a6 ;
fromusername : oSI4Lj6b6Tpa3Elo4ATwim2rAT6Q ;
createtime : 1521897567 ;
msgtype : event ;
event : CLICK ;
eventkey : 海报 ;
from : oSI4Lj6b6Tpa3Elo4ATwim2rAT6Q ;
to : gh_0c02969f70a6 ;
time : 1521897567 ;
type : event ;

2018-03-24 21:19:49 trace :
------------
Array:
tousername : gh_0c02969f70a6 ;
fromusername : oSI4Lj6b6Tpa3Elo4ATwim2rAT6Q ;
createtime : 1521897589 ;
msgtype : event ;
event : VIEW ;
eventkey : http://zz.jhzh66.com/app/index.php?i=8&c=site&a=site&do=detail&id=2 ;
menuid : 424819011 ;
from : oSI4Lj6b6Tpa3Elo4ATwim2rAT6Q ;
to : gh_0c02969f70a6 ;
time : 1521897589 ;
type : event ;

2018-03-24 21:19:49 params :
------------
Array:
rule : -2 ;
module :  ;
message : Array ;

2018-03-24 21:19:49 response :
------------

2018-03-24 21:20:07 trace :
------------
Array:
tousername : gh_0c02969f70a6 ;
fromusername : oSI4Lj6b6Tpa3Elo4ATwim2rAT6Q ;
createtime : 1521897607 ;
msgtype : event ;
event : VIEW ;
eventkey : http://zz.jhzh66.com/app/index.php?i=8&c=entry&eid=194 ;
menuid : 424819011 ;
from : oSI4Lj6b6Tpa3Elo4ATwim2rAT6Q ;
to : gh_0c02969f70a6 ;
time : 1521897607 ;
type : event ;

2018-03-24 21:20:07 params :
------------
Array:
rule : -2 ;
module :  ;
message : Array ;

2018-03-24 21:20:07 response :
------------

2018-03-24 22:00:04 trace :
------------
Array:
tousername : gh_0c02969f70a6 ;
fromusername : oSI4Lj3MXo4tWo4HQ_3-ocXJB5AQ ;
createtime : 1521900004 ;
msgtype : event ;
event : VIEW ;
eventkey : http://zz.jhzh66.com/app/index.php?i=8&c=entry&eid=194 ;
menuid : 424819011 ;
from : oSI4Lj3MXo4tWo4HQ_3-ocXJB5AQ ;
to : gh_0c02969f70a6 ;
time : 1521900004 ;
type : event ;

2018-03-24 22:00:04 params :
------------
Array:
rule : -2 ;
module :  ;
message : Array ;

2018-03-24 22:00:04 response :
------------

2018-03-24 22:02:27 trace :
------------
Array:
tousername : gh_0c02969f70a6 ;
fromusername : oSI4Lj3MXo4tWo4HQ_3-ocXJB5AQ ;
createtime : 1521900147 ;
msgtype : event ;
event : VIEW ;
eventkey : http://zz.jhzh66.com/app/index.php?i=8&c=entry&eid=198 ;
menuid : 424819011 ;
from : oSI4Lj3MXo4tWo4HQ_3-ocXJB5AQ ;
to : gh_0c02969f70a6 ;
time : 1521900147 ;
type : event ;

2018-03-24 22:02:27 params :
------------
Array:
rule : -2 ;
module :  ;
message : Array ;

2018-03-24 22:02:27 response :
------------

2018-03-24 23:24:04 trace :
------------
Array:
tousername : gh_0c02969f70a6 ;
fromusername : oSI4Lj_04F9_VJjMmo9Nm0pUN83g ;
createtime : 1521905044 ;
msgtype : event ;
event : subscribe ;
eventkey : Array ;
from : oSI4Lj_04F9_VJjMmo9Nm0pUN83g ;
to : gh_0c02969f70a6 ;
time : 1521905044 ;
type : subscribe ;

2018-03-24 23:24:04 params :
------------
Array:
rule : -2 ;
module :  ;
message : Array ;

2018-03-24 23:24:04 response :
------------

2018-03-24 23:24:37 trace :
------------
Array:
tousername : gh_0c02969f70a6 ;
fromusername : oSI4Lj_04F9_VJjMmo9Nm0pUN83g ;
createtime : 1521905077 ;
msgtype : event ;
event : VIEW ;
eventkey : http://zz.jhzh66.com/app/index.php?i=8&c=entry&eid=194 ;
menuid : 424819011 ;
from : oSI4Lj_04F9_VJjMmo9Nm0pUN83g ;
to : gh_0c02969f70a6 ;
time : 1521905077 ;
type : event ;

2018-03-24 23:24:37 params :
------------
Array:
rule : -2 ;
module :  ;
message : Array ;

2018-03-24 23:24:37 response :
------------

2018-03-24 23:25:05 trace :
------------
Array:
tousername : gh_0c02969f70a6 ;
fromusername : oSI4Lj_04F9_VJjMmo9Nm0pUN83g ;
createtime : 1521905105 ;
msgtype : event ;
event : VIEW ;
eventkey : http://zz.jhzh66.com/app/index.php?i=8&c=entry&eid=198 ;
menuid : 424819011 ;
from : oSI4Lj_04F9_VJjMmo9Nm0pUN83g ;
to : gh_0c02969f70a6 ;
time : 1521905105 ;
type : event ;

2018-03-24 23:25:05 params :
------------
Array:
rule : -2 ;
module :  ;
message : Array ;

2018-03-24 23:25:05 response :
------------

2018-03-24 23:25:53 trace :
------------
Array:
tousername : gh_0c02969f70a6 ;
fromusername : oSI4Lj_04F9_VJjMmo9Nm0pUN83g ;
createtime : 1521905153 ;
msgtype : text ;
content : 停车 ;
msgid : 6536532860173780161 ;
from : oSI4Lj_04F9_VJjMmo9Nm0pUN83g ;
to : gh_0c02969f70a6 ;
time : 1521905153 ;
type : text ;
event :  ;
redirection :  ;
source :  ;

2018-03-24 23:25:53 params :
------------
Array:
rule : -2 ;
module :  ;
message : Array ;

2018-03-24 23:25:53 response :
------------

