2018-03-28 00:01:57 trace :
------------
Array:
tousername : gh_0c02969f70a6 ;
fromusername : oSI4Lj9Yf39FYjzdipfcOQVSzfIE ;
createtime : 1522166517 ;
msgtype : event ;
event : VIEW ;
eventkey : http://zz11.com.cn/plugin.php?id=wechat:access ;
menuid : 424819011 ;
from : oSI4Lj9Yf39FYjzdipfcOQVSzfIE ;
to : gh_0c02969f70a6 ;
time : 1522166517 ;
type : event ;

2018-03-28 00:01:57 params :
------------
Array:
rule : -2 ;
module :  ;
message : Array ;

2018-03-28 00:01:57 response :
------------

2018-03-28 00:02:07 trace :
------------
Array:
tousername : gh_0c02969f70a6 ;
fromusername : oSI4Lj9Yf39FYjzdipfcOQVSzfIE ;
createtime : 1522166527 ;
msgtype : event ;
event : VIEW ;
eventkey : http://zz11.com.cn/plugin.php?id=wechat:access ;
menuid : 424819011 ;
from : oSI4Lj9Yf39FYjzdipfcOQVSzfIE ;
to : gh_0c02969f70a6 ;
time : 1522166527 ;
type : event ;

2018-03-28 00:02:07 params :
------------
Array:
rule : -2 ;
module :  ;
message : Array ;

2018-03-28 00:02:07 response :
------------

2018-03-28 00:03:31 trace :
------------
Array:
tousername : gh_0c02969f70a6 ;
fromusername : oSI4Lj9Yf39FYjzdipfcOQVSzfIE ;
createtime : 1522166611 ;
msgtype : event ;
event : VIEW ;
eventkey : http://zz11.com.cn/plugin.php?id=wechat:access ;
menuid : 424819011 ;
from : oSI4Lj9Yf39FYjzdipfcOQVSzfIE ;
to : gh_0c02969f70a6 ;
time : 1522166611 ;
type : event ;

2018-03-28 00:03:31 params :
------------
Array:
rule : -2 ;
module :  ;
message : Array ;

2018-03-28 00:03:31 response :
------------

2018-03-28 00:03:46 trace :
------------
Array:
tousername : gh_0c02969f70a6 ;
fromusername : oSI4Lj9Yf39FYjzdipfcOQVSzfIE ;
createtime : 1522166626 ;
msgtype : event ;
event : VIEW ;
eventkey : http://zz11.com.cn/plugin.php?id=wechat:access ;
menuid : 424819011 ;
from : oSI4Lj9Yf39FYjzdipfcOQVSzfIE ;
to : gh_0c02969f70a6 ;
time : 1522166626 ;
type : event ;

2018-03-28 00:03:46 params :
------------
Array:
rule : -2 ;
module :  ;
message : Array ;

2018-03-28 00:03:46 response :
------------

2018-03-28 00:04:31 trace :
------------
Array:
tousername : gh_0c02969f70a6 ;
fromusername : oSI4Lj9Yf39FYjzdipfcOQVSzfIE ;
createtime : 1522166671 ;
msgtype : event ;
event : VIEW ;
eventkey : http://zz.jhzh66.com/app/index.php?i=8&c=site&a=site&do=detail&id=2 ;
menuid : 424819011 ;
from : oSI4Lj9Yf39FYjzdipfcOQVSzfIE ;
to : gh_0c02969f70a6 ;
time : 1522166671 ;
type : event ;

2018-03-28 00:04:31 params :
------------
Array:
rule : -2 ;
module :  ;
message : Array ;

2018-03-28 00:04:31 response :
------------

2018-03-28 00:05:42 trace :
------------
Array:
tousername : gh_0c02969f70a6 ;
fromusername : oSI4Lj9Yf39FYjzdipfcOQVSzfIE ;
createtime : 1522166742 ;
msgtype : event ;
event : VIEW ;
eventkey : http://zz.jhzh66.com/app/index.php?i=8&c=site&a=site&do=detail&id=2 ;
menuid : 424819011 ;
from : oSI4Lj9Yf39FYjzdipfcOQVSzfIE ;
to : gh_0c02969f70a6 ;
time : 1522166742 ;
type : event ;

2018-03-28 00:05:42 params :
------------
Array:
rule : -2 ;
module :  ;
message : Array ;

2018-03-28 00:05:42 response :
------------

2018-03-28 00:14:30 trace :
------------
Array:
tousername : gh_0c02969f70a6 ;
fromusername : oSI4LjxIQbtY3LBQttd3IUzMCNDo ;
createtime : 1522167270 ;
msgtype : event ;
event : VIEW ;
eventkey : http://www.haolangtech.com/index.php/addon/HotActivity/HotActivity/leagueindex/id/1.html?from=groupmessage&isappinstalled=0 ;
menuid : 424819011 ;
from : oSI4LjxIQbtY3LBQttd3IUzMCNDo ;
to : gh_0c02969f70a6 ;
time : 1522167270 ;
type : event ;

2018-03-28 00:14:30 params :
------------
Array:
rule : -2 ;
module :  ;
message : Array ;

2018-03-28 00:14:30 response :
------------

2018-03-28 00:15:05 trace :
------------
Array:
tousername : gh_0c02969f70a6 ;
fromusername : oSI4LjxIQbtY3LBQttd3IUzMCNDo ;
createtime : 1522167305 ;
msgtype : event ;
event : VIEW ;
eventkey : http://zz11.com.cn/plugin.php?id=wechat:access ;
menuid : 424819011 ;
from : oSI4LjxIQbtY3LBQttd3IUzMCNDo ;
to : gh_0c02969f70a6 ;
time : 1522167305 ;
type : event ;

2018-03-28 00:15:05 params :
------------
Array:
rule : -2 ;
module :  ;
message : Array ;

2018-03-28 00:15:05 response :
------------

2018-03-28 01:28:01 trace :
------------
Array:
tousername : gh_0c02969f70a6 ;
fromusername : oSI4LjzGDzCztrhCP10C7-4flpE4 ;
createtime : 1522171680 ;
msgtype : event ;
event : VIEW ;
eventkey : http://www.haolangtech.com/index.php/addon/HotActivity/HotActivity/leagueindex/id/1.html?from=groupmessage&isappinstalled=0 ;
menuid : 424819011 ;
from : oSI4LjzGDzCztrhCP10C7-4flpE4 ;
to : gh_0c02969f70a6 ;
time : 1522171680 ;
type : event ;

2018-03-28 01:28:01 params :
------------
Array:
rule : -2 ;
module :  ;
message : Array ;

2018-03-28 01:28:01 response :
------------

2018-03-28 01:28:53 trace :
------------
Array:
tousername : gh_0c02969f70a6 ;
fromusername : oSI4LjzGDzCztrhCP10C7-4flpE4 ;
createtime : 1522171733 ;
msgtype : event ;
event : VIEW ;
eventkey : http://www.haolangtech.com/index.php/addon/HotActivity/HotActivity/leagueindex/id/1.html?from=groupmessage&isappinstalled=0 ;
menuid : 424819011 ;
from : oSI4LjzGDzCztrhCP10C7-4flpE4 ;
to : gh_0c02969f70a6 ;
time : 1522171733 ;
type : event ;

2018-03-28 01:28:53 params :
------------
Array:
rule : -2 ;
module :  ;
message : Array ;

2018-03-28 01:28:53 response :
------------

2018-03-28 01:43:55 trace :
------------
Array:
tousername : gh_0c02969f70a6 ;
fromusername : oSI4Ljw6XbQPek47LBw4yQHiWkRM ;
createtime : 1522172635 ;
msgtype : event ;
event : SCAN ;
eventkey : 5141e420449e42c7df87975ef87074b6 ;
ticket : gQHp8TwAAAAAAAAAAS5odHRwOi8vd2VpeGluLnFxLmNvbS9xLzAyZjNCWkJmOGU4YmYxMDAwMDAwN2oAAgTj86RaAwQAAAAA ;
from : oSI4Ljw6XbQPek47LBw4yQHiWkRM ;
to : gh_0c02969f70a6 ;
time : 1522172635 ;
type : subscribe ;
scene : 5141e420449e42c7df87975ef87074b6 ;

2018-03-28 01:44:04 trace :
------------
Array:
tousername : gh_0c02969f70a6 ;
fromusername : oSI4Ljw6XbQPek47LBw4yQHiWkRM ;
createtime : 1522172644 ;
msgtype : event ;
event : VIEW ;
eventkey : https://h5.scene.yqh5.cn/s/6szkjdIq ;
menuid : 424819011 ;
from : oSI4Ljw6XbQPek47LBw4yQHiWkRM ;
to : gh_0c02969f70a6 ;
time : 1522172644 ;
type : event ;

2018-03-28 01:44:04 params :
------------
Array:
rule : -2 ;
module :  ;
message : Array ;

2018-03-28 01:44:04 response :
------------

2018-03-28 01:49:36 trace :
------------
Array:
tousername : gh_0c02969f70a6 ;
fromusername : oSI4Ljw6XbQPek47LBw4yQHiWkRM ;
createtime : 1522172975 ;
msgtype : event ;
event : VIEW ;
eventkey : http://zz.jhzh66.com/app/index.php?i=8&c=entry&eid=194 ;
menuid : 424819011 ;
from : oSI4Ljw6XbQPek47LBw4yQHiWkRM ;
to : gh_0c02969f70a6 ;
time : 1522172975 ;
type : event ;

2018-03-28 01:49:36 params :
------------
Array:
rule : -2 ;
module :  ;
message : Array ;

2018-03-28 01:49:36 response :
------------

2018-03-28 02:24:57 trace :
------------
Array:
tousername : gh_0c02969f70a6 ;
fromusername : oSI4Lj12EZnNRR5OLUrqfyBSV2RE ;
createtime : 1522175097 ;
msgtype : event ;
event : VIEW ;
eventkey : http://zz.jhzh66.com/app/index.php?i=8&c=entry&eid=198 ;
menuid : 424819011 ;
from : oSI4Lj12EZnNRR5OLUrqfyBSV2RE ;
to : gh_0c02969f70a6 ;
time : 1522175097 ;
type : event ;

2018-03-28 02:24:57 params :
------------
Array:
rule : -2 ;
module :  ;
message : Array ;

2018-03-28 02:24:57 response :
------------

2018-03-28 05:27:27 trace :
------------
Array:
tousername : gh_0c02969f70a6 ;
fromusername : oSI4LjylV4klVwigqKPtG6DFUCNo ;
createtime : 1522186046 ;
msgtype : event ;
event : SCAN ;
eventkey : 5141e420449e42c7df87975ef87074b6 ;
ticket : gQHp8TwAAAAAAAAAAS5odHRwOi8vd2VpeGluLnFxLmNvbS9xLzAyZjNCWkJmOGU4YmYxMDAwMDAwN2oAAgTj86RaAwQAAAAA ;
from : oSI4LjylV4klVwigqKPtG6DFUCNo ;
to : gh_0c02969f70a6 ;
time : 1522186046 ;
type : subscribe ;
scene : 5141e420449e42c7df87975ef87074b6 ;

2018-03-28 06:16:51 trace :
------------
Array:
tousername : gh_0c02969f70a6 ;
fromusername : oSI4LjxOk_z2c7unlDpR6f69Hl6A ;
createtime : 1522189011 ;
msgtype : event ;
event : VIEW ;
eventkey : http://zz.jhzh66.com/app/index.php?i=8&c=entry&eid=198 ;
menuid : 424819011 ;
from : oSI4LjxOk_z2c7unlDpR6f69Hl6A ;
to : gh_0c02969f70a6 ;
time : 1522189011 ;
type : event ;

2018-03-28 06:16:51 params :
------------
Array:
rule : -2 ;
module :  ;
message : Array ;

2018-03-28 06:16:51 response :
------------

2018-03-28 07:37:29 trace :
------------
Array:
tousername : gh_0c02969f70a6 ;
fromusername : oSI4LjxIQbtY3LBQttd3IUzMCNDo ;
createtime : 1522193849 ;
msgtype : event ;
event : VIEW ;
eventkey : http://www.haolangtech.com/index.php/addon/HotActivity/HotActivity/leagueindex/id/1.html?from=groupmessage&isappinstalled=0 ;
menuid : 424819011 ;
from : oSI4LjxIQbtY3LBQttd3IUzMCNDo ;
to : gh_0c02969f70a6 ;
time : 1522193849 ;
type : event ;

2018-03-28 07:37:29 params :
------------
Array:
rule : -2 ;
module :  ;
message : Array ;

2018-03-28 07:37:29 response :
------------

2018-03-28 08:09:58 trace :
------------
Array:
tousername : gh_0c02969f70a6 ;
fromusername : oSI4LjzJByoabCukpZmqyDV_0mMI ;
createtime : 1522195798 ;
msgtype : event ;
event : VIEW ;
eventkey : http://zz.jhzh66.com/app/index.php?i=8&c=entry&eid=194 ;
menuid : 424819011 ;
from : oSI4LjzJByoabCukpZmqyDV_0mMI ;
to : gh_0c02969f70a6 ;
time : 1522195798 ;
type : event ;

2018-03-28 08:09:58 params :
------------
Array:
rule : -2 ;
module :  ;
message : Array ;

2018-03-28 08:09:58 response :
------------

2018-03-28 08:22:13 trace :
------------
Array:
tousername : gh_0c02969f70a6 ;
fromusername : oSI4LjxIQbtY3LBQttd3IUzMCNDo ;
createtime : 1522196533 ;
msgtype : event ;
event : VIEW ;
eventkey : http://zz.jhzh66.com/app/index.php?i=8&c=entry&eid=198 ;
menuid : 424819011 ;
from : oSI4LjxIQbtY3LBQttd3IUzMCNDo ;
to : gh_0c02969f70a6 ;
time : 1522196533 ;
type : event ;

2018-03-28 08:22:13 params :
------------
Array:
rule : -2 ;
module :  ;
message : Array ;

2018-03-28 08:22:13 response :
------------

2018-03-28 09:09:52 trace :
------------
Array:
tousername : gh_0c02969f70a6 ;
fromusername : oSI4Lj6zsqn3MG0sQ215XMnofHRk ;
createtime : 1522199392 ;
msgtype : event ;
event : VIEW ;
eventkey : http://zz.jhzh66.com/app/index.php?i=8&c=entry&eid=198 ;
menuid : 424819011 ;
from : oSI4Lj6zsqn3MG0sQ215XMnofHRk ;
to : gh_0c02969f70a6 ;
time : 1522199392 ;
type : event ;

2018-03-28 09:09:52 params :
------------
Array:
rule : -2 ;
module :  ;
message : Array ;

2018-03-28 09:09:52 response :
------------

2018-03-28 09:11:47 trace :
------------
Array:
tousername : gh_0c02969f70a6 ;
fromusername : oSI4Lj6zsqn3MG0sQ215XMnofHRk ;
createtime : 1522199506 ;
msgtype : event ;
event : VIEW ;
eventkey : http://zz11.com.cn/plugin.php?id=wechat:access ;
menuid : 424819011 ;
from : oSI4Lj6zsqn3MG0sQ215XMnofHRk ;
to : gh_0c02969f70a6 ;
time : 1522199506 ;
type : event ;

2018-03-28 09:11:47 params :
------------
Array:
rule : -2 ;
module :  ;
message : Array ;

2018-03-28 09:11:47 response :
------------

2018-03-28 09:13:16 trace :
------------
Array:
tousername : gh_0c02969f70a6 ;
fromusername : oSI4Lj-NbPz6zvqPyQKtZYoB7rrI ;
createtime : 1522199596 ;
msgtype : event ;
event : VIEW ;
eventkey : http://zz.jhzh66.com/app/index.php?i=8&c=site&a=site&do=detail&id=2 ;
menuid : 424819011 ;
from : oSI4Lj-NbPz6zvqPyQKtZYoB7rrI ;
to : gh_0c02969f70a6 ;
time : 1522199596 ;
type : event ;

2018-03-28 09:13:16 params :
------------
Array:
rule : -2 ;
module :  ;
message : Array ;

2018-03-28 09:13:16 response :
------------

2018-03-28 09:13:27 trace :
------------
Array:
tousername : gh_0c02969f70a6 ;
fromusername : oSI4Lj-NbPz6zvqPyQKtZYoB7rrI ;
createtime : 1522199607 ;
msgtype : event ;
event : VIEW ;
eventkey : http://zz.jhzh66.com/app/index.php?i=8&c=entry&eid=194 ;
menuid : 424819011 ;
from : oSI4Lj-NbPz6zvqPyQKtZYoB7rrI ;
to : gh_0c02969f70a6 ;
time : 1522199607 ;
type : event ;

2018-03-28 09:13:27 params :
------------
Array:
rule : -2 ;
module :  ;
message : Array ;

2018-03-28 09:13:27 response :
------------

2018-03-28 09:29:38 trace :
------------
Array:
tousername : gh_0c02969f70a6 ;
fromusername : oSI4Lj9dt-U5BBhuBgW3mrq9VTT4 ;
createtime : 1522200578 ;
msgtype : event ;
event : VIEW ;
eventkey : http://zz.jhzh66.com/app/index.php?i=8&c=entry&eid=194 ;
menuid : 424819011 ;
from : oSI4Lj9dt-U5BBhuBgW3mrq9VTT4 ;
to : gh_0c02969f70a6 ;
time : 1522200578 ;
type : event ;

2018-03-28 09:29:38 params :
------------
Array:
rule : -2 ;
module :  ;
message : Array ;

2018-03-28 09:29:38 response :
------------

2018-03-28 10:08:58 trace :
------------
Array:
tousername : gh_0c02969f70a6 ;
fromusername : oSI4LjzPjtaIvdOGsJuQoR0dKbno ;
createtime : 1522202938 ;
msgtype : event ;
event : subscribe ;
eventkey : Array ;
from : oSI4LjzPjtaIvdOGsJuQoR0dKbno ;
to : gh_0c02969f70a6 ;
time : 1522202938 ;
type : subscribe ;

2018-03-28 10:08:58 params :
------------
Array:
rule : -2 ;
module :  ;
message : Array ;

2018-03-28 10:08:58 response :
------------

2018-03-28 10:09:12 trace :
------------
Array:
tousername : gh_0c02969f70a6 ;
fromusername : oSI4LjzPjtaIvdOGsJuQoR0dKbno ;
createtime : 1522202952 ;
msgtype : event ;
event : VIEW ;
eventkey : http://zz.jhzh66.com/app/index.php?i=8&c=entry&eid=198 ;
menuid : 424819011 ;
from : oSI4LjzPjtaIvdOGsJuQoR0dKbno ;
to : gh_0c02969f70a6 ;
time : 1522202952 ;
type : event ;

2018-03-28 10:09:12 params :
------------
Array:
rule : -2 ;
module :  ;
message : Array ;

2018-03-28 10:09:12 response :
------------

2018-03-28 10:37:30 trace :
------------
Array:
tousername : gh_0c02969f70a6 ;
fromusername : oSI4LjxIQbtY3LBQttd3IUzMCNDo ;
createtime : 1522204650 ;
msgtype : event ;
event : CLICK ;
eventkey : 海报 ;
from : oSI4LjxIQbtY3LBQttd3IUzMCNDo ;
to : gh_0c02969f70a6 ;
time : 1522204650 ;
type : event ;

2018-03-28 10:37:44 trace :
------------
Array:
tousername : gh_0c02969f70a6 ;
fromusername : oSI4LjxIQbtY3LBQttd3IUzMCNDo ;
createtime : 1522204662 ;
msgtype : event ;
event : VIEW ;
eventkey : https://m.qlchat.com/live/320000044317761.htm ;
menuid : 424819011 ;
from : oSI4LjxIQbtY3LBQttd3IUzMCNDo ;
to : gh_0c02969f70a6 ;
time : 1522204662 ;
type : event ;

2018-03-28 10:37:44 params :
------------
Array:
rule : -2 ;
module :  ;
message : Array ;

2018-03-28 10:37:44 response :
------------

2018-03-28 10:40:36 trace :
------------
Array:
tousername : gh_0c02969f70a6 ;
fromusername : oSI4LjxIQbtY3LBQttd3IUzMCNDo ;
createtime : 1522204835 ;
msgtype : event ;
event : SCAN ;
eventkey : 1274189196 ;
ticket : gQEi8TwAAAAAAAAAAS5odHRwOi8vd2VpeGluLnFxLmNvbS9xLzAyYmtZMUJmOGU4YmYxV3BkeTFxMWEAAgSZALtaAwQAjScA ;
from : oSI4LjxIQbtY3LBQttd3IUzMCNDo ;
to : gh_0c02969f70a6 ;
time : 1522204835 ;
type : subscribe ;
scene : 1274189196 ;

2018-03-28 10:40:36 params :
------------
Array:
rule : -2 ;
module :  ;
message : Array ;

2018-03-28 10:40:36 response :
------------

2018-03-28 10:40:47 trace :
------------
Array:
tousername : gh_0c02969f70a6 ;
fromusername : oSI4LjxIQbtY3LBQttd3IUzMCNDo ;
createtime : 1522204846 ;
msgtype : event ;
event : VIEW ;
eventkey : http://zz11.com.cn/plugin.php?id=wechat:access ;
menuid : 424819011 ;
from : oSI4LjxIQbtY3LBQttd3IUzMCNDo ;
to : gh_0c02969f70a6 ;
time : 1522204846 ;
type : event ;

2018-03-28 10:40:47 params :
------------
Array:
rule : -2 ;
module :  ;
message : Array ;

2018-03-28 10:40:47 response :
------------

2018-03-28 10:41:42 trace :
------------
Array:
tousername : gh_0c02969f70a6 ;
fromusername : oSI4LjxIQbtY3LBQttd3IUzMCNDo ;
createtime : 1522204902 ;
msgtype : event ;
event : VIEW ;
eventkey : http://zz.jhzh66.com/app/index.php?i=8&c=site&a=site&do=detail&id=2 ;
menuid : 424819011 ;
from : oSI4LjxIQbtY3LBQttd3IUzMCNDo ;
to : gh_0c02969f70a6 ;
time : 1522204902 ;
type : event ;

2018-03-28 10:41:42 params :
------------
Array:
rule : -2 ;
module :  ;
message : Array ;

2018-03-28 10:41:42 response :
------------

2018-03-28 11:10:22 trace :
------------
Array:
tousername : gh_0c02969f70a6 ;
fromusername : oSI4Lj8oAPTmAX2uQ7KkulZPMvEk ;
createtime : 1522206622 ;
msgtype : event ;
event : VIEW ;
eventkey : http://zz11.com.cn/plugin.php?id=wechat:access ;
menuid : 424819011 ;
from : oSI4Lj8oAPTmAX2uQ7KkulZPMvEk ;
to : gh_0c02969f70a6 ;
time : 1522206622 ;
type : event ;

2018-03-28 11:10:22 params :
------------
Array:
rule : -2 ;
module :  ;
message : Array ;

2018-03-28 11:10:22 response :
------------

2018-03-28 11:27:09 trace :
------------
Array:
tousername : gh_0c02969f70a6 ;
fromusername : oSI4Lj2UIVAs_3SbU14tmG4rJg5Y ;
createtime : 1522207628 ;
msgtype : event ;
event : VIEW ;
eventkey : http://zz.jhzh66.com/app/index.php?i=8&c=entry&eid=194 ;
menuid : 424819011 ;
from : oSI4Lj2UIVAs_3SbU14tmG4rJg5Y ;
to : gh_0c02969f70a6 ;
time : 1522207628 ;
type : event ;

2018-03-28 11:27:09 params :
------------
Array:
rule : -2 ;
module :  ;
message : Array ;

2018-03-28 11:27:09 response :
------------

2018-03-28 11:30:49 trace :
------------
Array:
tousername : gh_0c02969f70a6 ;
fromusername : oSI4Lj2UIVAs_3SbU14tmG4rJg5Y ;
createtime : 1522207849 ;
msgtype : event ;
event : VIEW ;
eventkey : http://zz.jhzh66.com/app/index.php?i=8&c=entry&eid=194 ;
menuid : 424819011 ;
from : oSI4Lj2UIVAs_3SbU14tmG4rJg5Y ;
to : gh_0c02969f70a6 ;
time : 1522207849 ;
type : event ;

2018-03-28 11:30:49 params :
------------
Array:
rule : -2 ;
module :  ;
message : Array ;

2018-03-28 11:30:49 response :
------------

2018-03-28 11:37:28 trace :
------------
Array:
tousername : gh_0c02969f70a6 ;
fromusername : oSI4LjyA4mBVtyhZX03QR2cnfeCs ;
createtime : 1522208248 ;
msgtype : event ;
event : subscribe ;
eventkey : qrscene_5141e420449e42c7df87975ef87074b6 ;
ticket : gQHp8TwAAAAAAAAAAS5odHRwOi8vd2VpeGluLnFxLmNvbS9xLzAyZjNCWkJmOGU4YmYxMDAwMDAwN2oAAgTj86RaAwQAAAAA ;
from : oSI4LjyA4mBVtyhZX03QR2cnfeCs ;
to : gh_0c02969f70a6 ;
time : 1522208248 ;
type : subscribe ;
scene : 5141e420449e42c7df87975ef87074b6 ;

2018-03-28 11:37:38 trace :
------------
Array:
tousername : gh_0c02969f70a6 ;
fromusername : oSI4LjyA4mBVtyhZX03QR2cnfeCs ;
createtime : 1522208258 ;
msgtype : event ;
event : VIEW ;
eventkey : https://h5.scene.yqh5.cn/s/6szkjdIq ;
menuid : 424819011 ;
from : oSI4LjyA4mBVtyhZX03QR2cnfeCs ;
to : gh_0c02969f70a6 ;
time : 1522208258 ;
type : event ;

2018-03-28 11:37:38 params :
------------
Array:
rule : -2 ;
module :  ;
message : Array ;

2018-03-28 11:37:38 response :
------------

2018-03-28 11:38:54 trace :
------------
Array:
tousername : gh_0c02969f70a6 ;
fromusername : oSI4Lj2UIVAs_3SbU14tmG4rJg5Y ;
createtime : 1522208334 ;
msgtype : event ;
event : VIEW ;
eventkey : http://zz.jhzh66.com/app/index.php?i=8&c=entry&eid=194 ;
menuid : 424819011 ;
from : oSI4Lj2UIVAs_3SbU14tmG4rJg5Y ;
to : gh_0c02969f70a6 ;
time : 1522208334 ;
type : event ;

2018-03-28 11:38:54 params :
------------
Array:
rule : -2 ;
module :  ;
message : Array ;

2018-03-28 11:38:54 response :
------------

2018-03-28 11:41:29 trace :
------------
Array:
tousername : gh_0c02969f70a6 ;
fromusername : oSI4Lj2UIVAs_3SbU14tmG4rJg5Y ;
createtime : 1522208489 ;
msgtype : event ;
event : VIEW ;
eventkey : http://zz.jhzh66.com/app/index.php?i=8&c=entry&eid=194 ;
menuid : 424819011 ;
from : oSI4Lj2UIVAs_3SbU14tmG4rJg5Y ;
to : gh_0c02969f70a6 ;
time : 1522208489 ;
type : event ;

2018-03-28 11:41:29 params :
------------
Array:
rule : -2 ;
module :  ;
message : Array ;

2018-03-28 11:41:29 response :
------------

2018-03-28 11:47:59 trace :
------------
Array:
tousername : gh_0c02969f70a6 ;
fromusername : oSI4Lj2UIVAs_3SbU14tmG4rJg5Y ;
createtime : 1522208879 ;
msgtype : event ;
event : VIEW ;
eventkey : http://zz.jhzh66.com/app/index.php?i=8&c=entry&eid=194 ;
menuid : 424819011 ;
from : oSI4Lj2UIVAs_3SbU14tmG4rJg5Y ;
to : gh_0c02969f70a6 ;
time : 1522208879 ;
type : event ;

2018-03-28 11:47:59 params :
------------
Array:
rule : -2 ;
module :  ;
message : Array ;

2018-03-28 11:47:59 response :
------------

2018-03-28 12:02:33 trace :
------------
Array:
tousername : gh_0c02969f70a6 ;
fromusername : oSI4Lj97Jm2kdczJ4OHYMLb017pk ;
createtime : 1522209753 ;
msgtype : event ;
event : VIEW ;
eventkey : http://zz.jhzh66.com/app/index.php?i=8&c=entry&eid=194 ;
menuid : 424819011 ;
from : oSI4Lj97Jm2kdczJ4OHYMLb017pk ;
to : gh_0c02969f70a6 ;
time : 1522209753 ;
type : event ;

2018-03-28 12:02:33 params :
------------
Array:
rule : -2 ;
module :  ;
message : Array ;

2018-03-28 12:02:33 response :
------------

2018-03-28 12:04:49 trace :
------------
Array:
tousername : gh_0c02969f70a6 ;
fromusername : oSI4Lj97Jm2kdczJ4OHYMLb017pk ;
createtime : 1522209889 ;
msgtype : event ;
event : VIEW ;
eventkey : http://zz.jhzh66.com/app/index.php?i=8&c=entry&eid=194 ;
menuid : 424819011 ;
from : oSI4Lj97Jm2kdczJ4OHYMLb017pk ;
to : gh_0c02969f70a6 ;
time : 1522209889 ;
type : event ;

2018-03-28 12:04:49 params :
------------
Array:
rule : -2 ;
module :  ;
message : Array ;

2018-03-28 12:04:49 response :
------------

2018-03-28 12:09:17 trace :
------------
Array:
tousername : gh_0c02969f70a6 ;
fromusername : oSI4LjxwKqFNnlovqe99wrntJc0A ;
createtime : 1522210157 ;
msgtype : event ;
event : subscribe ;
eventkey : qrscene_5141e420449e42c7df87975ef87074b6 ;
ticket : gQHp8TwAAAAAAAAAAS5odHRwOi8vd2VpeGluLnFxLmNvbS9xLzAyZjNCWkJmOGU4YmYxMDAwMDAwN2oAAgTj86RaAwQAAAAA ;
from : oSI4LjxwKqFNnlovqe99wrntJc0A ;
to : gh_0c02969f70a6 ;
time : 1522210157 ;
type : subscribe ;
scene : 5141e420449e42c7df87975ef87074b6 ;

2018-03-28 12:56:24 trace :
------------
Array:
tousername : gh_0c02969f70a6 ;
fromusername : oSI4LjxqF6HRjiNL866dzo72aKRc ;
createtime : 1522212984 ;
msgtype : event ;
event : VIEW ;
eventkey : http://zz.jhzh66.com/app/index.php?i=8&c=entry&eid=194 ;
menuid : 424819011 ;
from : oSI4LjxqF6HRjiNL866dzo72aKRc ;
to : gh_0c02969f70a6 ;
time : 1522212984 ;
type : event ;

2018-03-28 12:56:24 params :
------------
Array:
rule : -2 ;
module :  ;
message : Array ;

2018-03-28 12:56:24 response :
------------

2018-03-28 13:05:37 trace :
------------
Array:
tousername : gh_0c02969f70a6 ;
fromusername : oSI4Lj_cD__365bOSvZnftSowkUQ ;
createtime : 1522213537 ;
msgtype : event ;
event : VIEW ;
eventkey : http://zz.jhzh66.com/app/index.php?i=8&c=entry&eid=194 ;
menuid : 424819011 ;
from : oSI4Lj_cD__365bOSvZnftSowkUQ ;
to : gh_0c02969f70a6 ;
time : 1522213537 ;
type : event ;

2018-03-28 13:05:37 params :
------------
Array:
rule : -2 ;
module :  ;
message : Array ;

2018-03-28 13:05:37 response :
------------

2018-03-28 13:05:54 trace :
------------
Array:
tousername : gh_0c02969f70a6 ;
fromusername : oSI4Lj-WFEs_m1WMwepx2YQgkrNo ;
createtime : 1522213554 ;
msgtype : event ;
event : VIEW ;
eventkey : http://zz.jhzh66.com/app/index.php?i=8&c=entry&eid=194 ;
menuid : 424819011 ;
from : oSI4Lj-WFEs_m1WMwepx2YQgkrNo ;
to : gh_0c02969f70a6 ;
time : 1522213554 ;
type : event ;

2018-03-28 13:05:54 params :
------------
Array:
rule : -2 ;
module :  ;
message : Array ;

2018-03-28 13:05:54 response :
------------

2018-03-28 14:05:47 trace :
------------
Array:
tousername : gh_0c02969f70a6 ;
fromusername : oSI4Lj9Yf39FYjzdipfcOQVSzfIE ;
createtime : 1522217147 ;
msgtype : event ;
event : SCAN ;
eventkey : 513980fc8a503a04535d607b234907de ;
ticket : gQEL8jwAAAAAAAAAAS5odHRwOi8vd2VpeGluLnFxLmNvbS9xLzAycC1CRkJtOGU4YmYxMDAwMHcwN1EAAgSQ-6RaAwQAAAAA ;
from : oSI4Lj9Yf39FYjzdipfcOQVSzfIE ;
to : gh_0c02969f70a6 ;
time : 1522217147 ;
type : subscribe ;
scene : 513980fc8a503a04535d607b234907de ;

2018-03-28 14:05:56 trace :
------------
Array:
tousername : gh_0c02969f70a6 ;
fromusername : oSI4Lj9Yf39FYjzdipfcOQVSzfIE ;
createtime : 1522217156 ;
msgtype : event ;
event : VIEW ;
eventkey : http://zz.jhzh66.com/app/index.php?i=8&c=entry&eid=198 ;
menuid : 424819011 ;
from : oSI4Lj9Yf39FYjzdipfcOQVSzfIE ;
to : gh_0c02969f70a6 ;
time : 1522217156 ;
type : event ;

2018-03-28 14:05:56 params :
------------
Array:
rule : -2 ;
module :  ;
message : Array ;

2018-03-28 14:05:56 response :
------------

2018-03-28 14:06:00 trace :
------------
Array:
tousername : gh_0c02969f70a6 ;
fromusername : oSI4Lj5mM69wPjkbn87iCOlP6_E0 ;
createtime : 1522217160 ;
msgtype : event ;
event : subscribe ;
eventkey : qrscene_513980fc8a503a04535d607b234907de ;
ticket : gQEL8jwAAAAAAAAAAS5odHRwOi8vd2VpeGluLnFxLmNvbS9xLzAycC1CRkJtOGU4YmYxMDAwMHcwN1EAAgSQ-6RaAwQAAAAA ;
from : oSI4Lj5mM69wPjkbn87iCOlP6_E0 ;
to : gh_0c02969f70a6 ;
time : 1522217160 ;
type : subscribe ;
scene : 513980fc8a503a04535d607b234907de ;

2018-03-28 14:09:57 trace :
------------
Array:
tousername : gh_0c02969f70a6 ;
fromusername : oSI4Lj2UIVAs_3SbU14tmG4rJg5Y ;
createtime : 1522217397 ;
msgtype : event ;
event : VIEW ;
eventkey : http://zz.jhzh66.com/app/index.php?i=8&c=entry&eid=194 ;
menuid : 424819011 ;
from : oSI4Lj2UIVAs_3SbU14tmG4rJg5Y ;
to : gh_0c02969f70a6 ;
time : 1522217397 ;
type : event ;

2018-03-28 14:09:57 params :
------------
Array:
rule : -2 ;
module :  ;
message : Array ;

2018-03-28 14:09:57 response :
------------

2018-03-28 14:23:43 trace :
------------
Array:
tousername : gh_0c02969f70a6 ;
fromusername : oSI4LjxOk_z2c7unlDpR6f69Hl6A ;
createtime : 1522218223 ;
msgtype : event ;
event : VIEW ;
eventkey : http://zz.jhzh66.com/app/index.php?i=8&c=entry&eid=198 ;
menuid : 424819011 ;
from : oSI4LjxOk_z2c7unlDpR6f69Hl6A ;
to : gh_0c02969f70a6 ;
time : 1522218223 ;
type : event ;

2018-03-28 14:23:43 params :
------------
Array:
rule : -2 ;
module :  ;
message : Array ;

2018-03-28 14:23:43 response :
------------

2018-03-28 14:29:50 trace :
------------
Array:
tousername : gh_0c02969f70a6 ;
fromusername : oSI4LjxOk_z2c7unlDpR6f69Hl6A ;
createtime : 1522218590 ;
msgtype : event ;
event : VIEW ;
eventkey : http://zz.jhzh66.com/app/index.php?i=8&c=entry&eid=198 ;
menuid : 424819011 ;
from : oSI4LjxOk_z2c7unlDpR6f69Hl6A ;
to : gh_0c02969f70a6 ;
time : 1522218590 ;
type : event ;

2018-03-28 14:29:50 params :
------------
Array:
rule : -2 ;
module :  ;
message : Array ;

2018-03-28 14:29:50 response :
------------

2018-03-28 14:40:41 trace :
------------
Array:
tousername : gh_0c02969f70a6 ;
fromusername : oSI4Lj61cNqZ2u3iIxwOYG1mPHz4 ;
createtime : 1522219241 ;
msgtype : event ;
event : VIEW ;
eventkey : http://zz.jhzh66.com/app/index.php?i=8&c=entry&eid=194 ;
menuid : 424819011 ;
from : oSI4Lj61cNqZ2u3iIxwOYG1mPHz4 ;
to : gh_0c02969f70a6 ;
time : 1522219241 ;
type : event ;

2018-03-28 14:40:41 params :
------------
Array:
rule : -2 ;
module :  ;
message : Array ;

2018-03-28 14:40:41 response :
------------

2018-03-28 14:43:42 trace :
------------
Array:
tousername : gh_0c02969f70a6 ;
fromusername : oSI4Lj61cNqZ2u3iIxwOYG1mPHz4 ;
createtime : 1522219422 ;
msgtype : event ;
event : VIEW ;
eventkey : http://zz.jhzh66.com/app/index.php?i=8&c=entry&eid=194 ;
menuid : 424819011 ;
from : oSI4Lj61cNqZ2u3iIxwOYG1mPHz4 ;
to : gh_0c02969f70a6 ;
time : 1522219422 ;
type : event ;

2018-03-28 14:43:42 params :
------------
Array:
rule : -2 ;
module :  ;
message : Array ;

2018-03-28 14:43:42 response :
------------

2018-03-28 14:53:12 trace :
------------
Array:
tousername : gh_0c02969f70a6 ;
fromusername : oSI4Lj5ePlw6DdC8CU-GNH3EIcPc ;
createtime : 1522219992 ;
msgtype : event ;
event : CLICK ;
eventkey : 海报 ;
from : oSI4Lj5ePlw6DdC8CU-GNH3EIcPc ;
to : gh_0c02969f70a6 ;
time : 1522219992 ;
type : event ;

2018-03-28 14:53:40 trace :
------------
Array:
tousername : gh_0c02969f70a6 ;
fromusername : oSI4Lj5ePlw6DdC8CU-GNH3EIcPc ;
createtime : 1522220020 ;
msgtype : event ;
event : VIEW ;
eventkey : http://zz.jhzh66.com/app/index.php?i=8&c=entry&p=commission&m=sz_yi&do=plugin ;
menuid : 424819011 ;
from : oSI4Lj5ePlw6DdC8CU-GNH3EIcPc ;
to : gh_0c02969f70a6 ;
time : 1522220020 ;
type : event ;

2018-03-28 14:53:40 params :
------------
Array:
rule : -2 ;
module :  ;
message : Array ;

2018-03-28 14:53:40 response :
------------

2018-03-28 14:54:08 trace :
------------
Array:
tousername : gh_0c02969f70a6 ;
fromusername : oSI4Lj5ePlw6DdC8CU-GNH3EIcPc ;
createtime : 1522220048 ;
msgtype : event ;
event : VIEW ;
eventkey : http://zz.jhzh66.com/app/index.php?i=8&c=entry&eid=194 ;
menuid : 424819011 ;
from : oSI4Lj5ePlw6DdC8CU-GNH3EIcPc ;
to : gh_0c02969f70a6 ;
time : 1522220048 ;
type : event ;

2018-03-28 14:54:08 params :
------------
Array:
rule : -2 ;
module :  ;
message : Array ;

2018-03-28 14:54:08 response :
------------

2018-03-28 14:54:40 trace :
------------
Array:
tousername : gh_0c02969f70a6 ;
fromusername : oSI4Lj5ePlw6DdC8CU-GNH3EIcPc ;
createtime : 1522220080 ;
msgtype : event ;
event : VIEW ;
eventkey : http://zz.jhzh66.com/app/index.php?i=8&c=site&a=site&do=detail&id=2 ;
menuid : 424819011 ;
from : oSI4Lj5ePlw6DdC8CU-GNH3EIcPc ;
to : gh_0c02969f70a6 ;
time : 1522220080 ;
type : event ;

2018-03-28 14:54:40 params :
------------
Array:
rule : -2 ;
module :  ;
message : Array ;

2018-03-28 14:54:40 response :
------------

2018-03-28 14:54:54 trace :
------------
Array:
tousername : gh_0c02969f70a6 ;
fromusername : oSI4Lj5ePlw6DdC8CU-GNH3EIcPc ;
createtime : 1522220094 ;
msgtype : event ;
event : VIEW ;
eventkey : http://zz.jhzh66.com/app/index.php?i=8&c=entry&eid=198 ;
menuid : 424819011 ;
from : oSI4Lj5ePlw6DdC8CU-GNH3EIcPc ;
to : gh_0c02969f70a6 ;
time : 1522220094 ;
type : event ;

2018-03-28 14:54:54 params :
------------
Array:
rule : -2 ;
module :  ;
message : Array ;

2018-03-28 14:54:54 response :
------------

2018-03-28 14:57:15 trace :
------------
Array:
tousername : gh_0c02969f70a6 ;
fromusername : oSI4LjyLAL0U_Is-GNtwxiM5L1oY ;
createtime : 1522220235 ;
msgtype : event ;
event : VIEW ;
eventkey : http://zz.jhzh66.com/app/index.php?i=8&c=entry&eid=198 ;
menuid : 424819011 ;
from : oSI4LjyLAL0U_Is-GNtwxiM5L1oY ;
to : gh_0c02969f70a6 ;
time : 1522220235 ;
type : event ;

2018-03-28 14:57:15 params :
------------
Array:
rule : -2 ;
module :  ;
message : Array ;

2018-03-28 14:57:15 response :
------------

2018-03-28 15:12:21 trace :
------------
Array:
tousername : gh_0c02969f70a6 ;
fromusername : oSI4Lj5ePlw6DdC8CU-GNH3EIcPc ;
createtime : 1522221141 ;
msgtype : event ;
event : VIEW ;
eventkey : http://zz.jhzh66.com/app/index.php?i=8&c=entry&eid=198 ;
menuid : 424819011 ;
from : oSI4Lj5ePlw6DdC8CU-GNH3EIcPc ;
to : gh_0c02969f70a6 ;
time : 1522221141 ;
type : event ;

2018-03-28 15:12:21 params :
------------
Array:
rule : -2 ;
module :  ;
message : Array ;

2018-03-28 15:12:21 response :
------------

2018-03-28 15:15:23 trace :
------------
Array:
tousername : gh_0c02969f70a6 ;
fromusername : oSI4LjxOk_z2c7unlDpR6f69Hl6A ;
createtime : 1522221323 ;
msgtype : event ;
event : VIEW ;
eventkey : http://zz.jhzh66.com/app/index.php?i=8&c=entry&eid=198 ;
menuid : 424819011 ;
from : oSI4LjxOk_z2c7unlDpR6f69Hl6A ;
to : gh_0c02969f70a6 ;
time : 1522221323 ;
type : event ;

2018-03-28 15:15:23 params :
------------
Array:
rule : -2 ;
module :  ;
message : Array ;

2018-03-28 15:15:23 response :
------------

2018-03-28 15:17:03 trace :
------------
Array:
tousername : gh_0c02969f70a6 ;
fromusername : oSI4LjxOk_z2c7unlDpR6f69Hl6A ;
createtime : 1522221423 ;
msgtype : event ;
event : VIEW ;
eventkey : http://zz.jhzh66.com/app/index.php?i=8&c=entry&eid=198 ;
menuid : 424819011 ;
from : oSI4LjxOk_z2c7unlDpR6f69Hl6A ;
to : gh_0c02969f70a6 ;
time : 1522221423 ;
type : event ;

2018-03-28 15:17:03 params :
------------
Array:
rule : -2 ;
module :  ;
message : Array ;

2018-03-28 15:17:03 response :
------------

2018-03-28 15:30:58 trace :
------------
Array:
tousername : gh_0c02969f70a6 ;
fromusername : oSI4Lj5ePlw6DdC8CU-GNH3EIcPc ;
createtime : 1522222258 ;
msgtype : event ;
event : VIEW ;
eventkey : http://zz.jhzh66.com/app/index.php?i=8&c=entry&eid=194 ;
menuid : 424819011 ;
from : oSI4Lj5ePlw6DdC8CU-GNH3EIcPc ;
to : gh_0c02969f70a6 ;
time : 1522222258 ;
type : event ;

2018-03-28 15:30:58 params :
------------
Array:
rule : -2 ;
module :  ;
message : Array ;

2018-03-28 15:30:58 response :
------------

2018-03-28 16:04:11 trace :
------------
Array:
tousername : gh_0c02969f70a6 ;
fromusername : oSI4Lj_cD__365bOSvZnftSowkUQ ;
createtime : 1522224250 ;
msgtype : event ;
event : VIEW ;
eventkey : http://zz.jhzh66.com/app/index.php?i=8&c=entry&eid=194 ;
menuid : 424819011 ;
from : oSI4Lj_cD__365bOSvZnftSowkUQ ;
to : gh_0c02969f70a6 ;
time : 1522224250 ;
type : event ;

2018-03-28 16:04:11 params :
------------
Array:
rule : -2 ;
module :  ;
message : Array ;

2018-03-28 16:04:11 response :
------------

2018-03-28 16:04:32 trace :
------------
Array:
tousername : gh_0c02969f70a6 ;
fromusername : oSI4Lj_cD__365bOSvZnftSowkUQ ;
createtime : 1522224272 ;
msgtype : event ;
event : VIEW ;
eventkey : http://zz.jhzh66.com/app/index.php?i=8&c=entry&eid=194 ;
menuid : 424819011 ;
from : oSI4Lj_cD__365bOSvZnftSowkUQ ;
to : gh_0c02969f70a6 ;
time : 1522224272 ;
type : event ;

2018-03-28 16:04:32 params :
------------
Array:
rule : -2 ;
module :  ;
message : Array ;

2018-03-28 16:04:32 response :
------------

2018-03-28 16:08:22 trace :
------------
Array:
tousername : gh_0c02969f70a6 ;
fromusername : oSI4Lj2Yef0zxzFqreV4g3fl-vfI ;
createtime : 1522224502 ;
msgtype : event ;
event : VIEW ;
eventkey : http://zz.jhzh66.com/app/index.php?i=8&c=entry&eid=194 ;
menuid : 424819011 ;
from : oSI4Lj2Yef0zxzFqreV4g3fl-vfI ;
to : gh_0c02969f70a6 ;
time : 1522224502 ;
type : event ;

2018-03-28 16:08:22 params :
------------
Array:
rule : -2 ;
module :  ;
message : Array ;

2018-03-28 16:08:22 response :
------------

2018-03-28 16:09:58 trace :
------------
Array:
tousername : gh_0c02969f70a6 ;
fromusername : oSI4Lj95EWi6-qifEuK2-xlggHx4 ;
createtime : 1522224598 ;
msgtype : event ;
event : VIEW ;
eventkey : http://zz.jhzh66.com/app/index.php?i=8&c=entry&eid=194 ;
menuid : 424819011 ;
from : oSI4Lj95EWi6-qifEuK2-xlggHx4 ;
to : gh_0c02969f70a6 ;
time : 1522224598 ;
type : event ;

2018-03-28 16:09:58 params :
------------
Array:
rule : -2 ;
module :  ;
message : Array ;

2018-03-28 16:09:58 response :
------------

2018-03-28 16:10:59 trace :
------------
Array:
tousername : gh_0c02969f70a6 ;
fromusername : oSI4Lj_cD__365bOSvZnftSowkUQ ;
createtime : 1522224659 ;
msgtype : event ;
event : VIEW ;
eventkey : http://zz.jhzh66.com/app/index.php?i=8&c=entry&eid=194 ;
menuid : 424819011 ;
from : oSI4Lj_cD__365bOSvZnftSowkUQ ;
to : gh_0c02969f70a6 ;
time : 1522224659 ;
type : event ;

2018-03-28 16:10:59 params :
------------
Array:
rule : -2 ;
module :  ;
message : Array ;

2018-03-28 16:10:59 response :
------------

2018-03-28 16:51:50 trace :
------------
Array:
tousername : gh_0c02969f70a6 ;
fromusername : oSI4Lj2pjhreoyy5STNGRffttblI ;
createtime : 1522227110 ;
msgtype : event ;
event : VIEW ;
eventkey : http://zz.jhzh66.com/app/index.php?i=8&c=entry&eid=194 ;
menuid : 424819011 ;
from : oSI4Lj2pjhreoyy5STNGRffttblI ;
to : gh_0c02969f70a6 ;
time : 1522227110 ;
type : event ;

2018-03-28 16:51:50 params :
------------
Array:
rule : -2 ;
module :  ;
message : Array ;

2018-03-28 16:51:50 response :
------------

2018-03-28 16:58:03 trace :
------------
Array:
tousername : gh_0c02969f70a6 ;
fromusername : oSI4Lj2pjhreoyy5STNGRffttblI ;
createtime : 1522227483 ;
msgtype : event ;
event : VIEW ;
eventkey : http://www.haolangtech.com/index.php/addon/HotActivity/HotActivity/leagueindex/id/1.html?from=groupmessage&isappinstalled=0 ;
menuid : 424819011 ;
from : oSI4Lj2pjhreoyy5STNGRffttblI ;
to : gh_0c02969f70a6 ;
time : 1522227483 ;
type : event ;

2018-03-28 16:58:03 params :
------------
Array:
rule : -2 ;
module :  ;
message : Array ;

2018-03-28 16:58:03 response :
------------

2018-03-28 16:58:09 trace :
------------
Array:
tousername : gh_0c02969f70a6 ;
fromusername : oSI4Lj2pjhreoyy5STNGRffttblI ;
createtime : 1522227489 ;
msgtype : event ;
event : VIEW ;
eventkey : http://www.haolangtech.com/index.php/addon/HotActivity/HotActivity/leagueindex/id/1.html?from=groupmessage&isappinstalled=0 ;
menuid : 424819011 ;
from : oSI4Lj2pjhreoyy5STNGRffttblI ;
to : gh_0c02969f70a6 ;
time : 1522227489 ;
type : event ;

2018-03-28 16:58:09 params :
------------
Array:
rule : -2 ;
module :  ;
message : Array ;

2018-03-28 16:58:09 response :
------------

2018-03-28 17:00:15 trace :
------------
Array:
tousername : gh_0c02969f70a6 ;
fromusername : oSI4Lj2pjhreoyy5STNGRffttblI ;
createtime : 1522227615 ;
msgtype : event ;
event : VIEW ;
eventkey : http://zz.jhzh66.com/app/index.php?i=8&c=entry&eid=194 ;
menuid : 424819011 ;
from : oSI4Lj2pjhreoyy5STNGRffttblI ;
to : gh_0c02969f70a6 ;
time : 1522227615 ;
type : event ;

2018-03-28 17:00:15 params :
------------
Array:
rule : -2 ;
module :  ;
message : Array ;

2018-03-28 17:00:15 response :
------------

2018-03-28 17:09:03 trace :
------------
Array:
tousername : gh_0c02969f70a6 ;
fromusername : oSI4Lj_rLxHEZZK3F9vMv7gxSslk ;
createtime : 1522228143 ;
msgtype : event ;
event : subscribe ;
eventkey : Array ;
from : oSI4Lj_rLxHEZZK3F9vMv7gxSslk ;
to : gh_0c02969f70a6 ;
time : 1522228143 ;
type : subscribe ;

2018-03-28 17:09:03 params :
------------
Array:
rule : -2 ;
module :  ;
message : Array ;

2018-03-28 17:09:03 response :
------------

2018-03-28 17:09:06 trace :
------------
Array:
tousername : gh_0c02969f70a6 ;
fromusername : oSI4Lj_rLxHEZZK3F9vMv7gxSslk ;
createtime : 1522228146 ;
msgtype : event ;
event : VIEW ;
eventkey : http://zz.jhzh66.com/app/index.php?i=8&c=entry&eid=194 ;
menuid : 424819011 ;
from : oSI4Lj_rLxHEZZK3F9vMv7gxSslk ;
to : gh_0c02969f70a6 ;
time : 1522228146 ;
type : event ;

2018-03-28 17:09:06 params :
------------
Array:
rule : -2 ;
module :  ;
message : Array ;

2018-03-28 17:09:06 response :
------------

2018-03-28 17:09:46 trace :
------------
Array:
tousername : gh_0c02969f70a6 ;
fromusername : oSI4Lj_rLxHEZZK3F9vMv7gxSslk ;
createtime : 1522228186 ;
msgtype : event ;
event : VIEW ;
eventkey : http://zz.jhzh66.com/app/index.php?i=8&c=entry&eid=194 ;
menuid : 424819011 ;
from : oSI4Lj_rLxHEZZK3F9vMv7gxSslk ;
to : gh_0c02969f70a6 ;
time : 1522228186 ;
type : event ;

2018-03-28 17:09:46 params :
------------
Array:
rule : -2 ;
module :  ;
message : Array ;

2018-03-28 17:09:46 response :
------------

2018-03-28 17:10:12 trace :
------------
Array:
tousername : gh_0c02969f70a6 ;
fromusername : oSI4Lj70opK5Mk1VdVzQAJjzh9h0 ;
createtime : 1522228212 ;
msgtype : event ;
event : subscribe ;
eventkey : Array ;
from : oSI4Lj70opK5Mk1VdVzQAJjzh9h0 ;
to : gh_0c02969f70a6 ;
time : 1522228212 ;
type : subscribe ;

2018-03-28 17:10:12 params :
------------
Array:
rule : -2 ;
module :  ;
message : Array ;

2018-03-28 17:10:12 response :
------------

2018-03-28 17:10:25 trace :
------------
Array:
tousername : gh_0c02969f70a6 ;
fromusername : oSI4Lj70opK5Mk1VdVzQAJjzh9h0 ;
createtime : 1522228224 ;
msgtype : event ;
event : VIEW ;
eventkey : http://zz.jhzh66.com/app/index.php?i=8&c=entry&eid=194 ;
menuid : 424819011 ;
from : oSI4Lj70opK5Mk1VdVzQAJjzh9h0 ;
to : gh_0c02969f70a6 ;
time : 1522228224 ;
type : event ;

2018-03-28 17:10:25 params :
------------
Array:
rule : -2 ;
module :  ;
message : Array ;

2018-03-28 17:10:25 response :
------------

2018-03-28 17:10:59 trace :
------------
Array:
tousername : gh_0c02969f70a6 ;
fromusername : oSI4Lj97Jm2kdczJ4OHYMLb017pk ;
createtime : 1522228259 ;
msgtype : event ;
event : VIEW ;
eventkey : http://zz.jhzh66.com/app/index.php?i=8&c=entry&eid=194 ;
menuid : 424819011 ;
from : oSI4Lj97Jm2kdczJ4OHYMLb017pk ;
to : gh_0c02969f70a6 ;
time : 1522228259 ;
type : event ;

2018-03-28 17:10:59 params :
------------
Array:
rule : -2 ;
module :  ;
message : Array ;

2018-03-28 17:10:59 response :
------------

2018-03-28 17:19:50 trace :
------------
Array:
tousername : gh_0c02969f70a6 ;
fromusername : oSI4LjxOk_z2c7unlDpR6f69Hl6A ;
createtime : 1522228790 ;
msgtype : event ;
event : VIEW ;
eventkey : http://zz.jhzh66.com/app/index.php?i=8&c=entry&eid=198 ;
menuid : 424819011 ;
from : oSI4LjxOk_z2c7unlDpR6f69Hl6A ;
to : gh_0c02969f70a6 ;
time : 1522228790 ;
type : event ;

2018-03-28 17:19:50 params :
------------
Array:
rule : -2 ;
module :  ;
message : Array ;

2018-03-28 17:19:50 response :
------------

2018-03-28 17:41:17 trace :
------------
Array:
tousername : gh_0c02969f70a6 ;
fromusername : oSI4Lj97Jm2kdczJ4OHYMLb017pk ;
createtime : 1522230077 ;
msgtype : event ;
event : VIEW ;
eventkey : http://zz.jhzh66.com/app/index.php?i=8&c=entry&eid=194 ;
menuid : 424819011 ;
from : oSI4Lj97Jm2kdczJ4OHYMLb017pk ;
to : gh_0c02969f70a6 ;
time : 1522230077 ;
type : event ;

2018-03-28 17:41:17 params :
------------
Array:
rule : -2 ;
module :  ;
message : Array ;

2018-03-28 17:41:17 response :
------------

2018-03-28 17:42:40 trace :
------------
Array:
tousername : gh_0c02969f70a6 ;
fromusername : oSI4Lj8hOTIpyxNWg84yq6dUUq4k ;
createtime : 1522230160 ;
msgtype : event ;
event : subscribe ;
eventkey : last_trade_no_4200000078201803287313270652 ;
from : oSI4Lj8hOTIpyxNWg84yq6dUUq4k ;
to : gh_0c02969f70a6 ;
time : 1522230160 ;
type : subscribe ;
scene : last_trade_no_4200000078201803287313270652 ;

2018-03-28 17:42:40 params :
------------
Array:
message : Array ;
module : sz_yi ;
rule : 949 ;
priority : 0 ;
keyword : Array ;

2018-03-28 17:42:40 response :
------------
Array:
FromUserName : gh_0c02969f70a6 ;
ToUserName : oSI4Lj8hOTIpyxNWg84yq6dUUq4k ;
MsgType : text ;
Content : 感谢您的关注! ;

2018-03-28 17:43:01 trace :
------------
Array:
tousername : gh_0c02969f70a6 ;
fromusername : oSI4Lj97Jm2kdczJ4OHYMLb017pk ;
createtime : 1522230181 ;
msgtype : event ;
event : VIEW ;
eventkey : http://zz.jhzh66.com/app/index.php?i=8&c=entry&eid=194 ;
menuid : 424819011 ;
from : oSI4Lj97Jm2kdczJ4OHYMLb017pk ;
to : gh_0c02969f70a6 ;
time : 1522230181 ;
type : event ;

2018-03-28 17:43:01 params :
------------
Array:
rule : -2 ;
module :  ;
message : Array ;

2018-03-28 17:43:01 response :
------------

2018-03-28 17:45:41 trace :
------------
Array:
tousername : gh_0c02969f70a6 ;
fromusername : oSI4LjzEYsU-I-suXUSTTaMmkxa4 ;
createtime : 1522230340 ;
msgtype : event ;
event : subscribe ;
eventkey : last_trade_no_4200000071201803287299333865 ;
from : oSI4LjzEYsU-I-suXUSTTaMmkxa4 ;
to : gh_0c02969f70a6 ;
time : 1522230340 ;
type : subscribe ;
scene : last_trade_no_4200000071201803287299333865 ;

2018-03-28 17:45:41 params :
------------
Array:
message : Array ;
module : sz_yi ;
rule : 949 ;
priority : 0 ;
keyword : Array ;

2018-03-28 17:45:41 response :
------------
Array:
FromUserName : gh_0c02969f70a6 ;
ToUserName : oSI4LjzEYsU-I-suXUSTTaMmkxa4 ;
MsgType : text ;
Content : 感谢您的关注! ;

2018-03-28 17:47:17 trace :
------------
Array:
tousername : gh_0c02969f70a6 ;
fromusername : oSI4Lj_cD__365bOSvZnftSowkUQ ;
createtime : 1522230437 ;
msgtype : event ;
event : VIEW ;
eventkey : http://zz.jhzh66.com/app/index.php?i=8&c=entry&eid=194 ;
menuid : 424819011 ;
from : oSI4Lj_cD__365bOSvZnftSowkUQ ;
to : gh_0c02969f70a6 ;
time : 1522230437 ;
type : event ;

2018-03-28 17:47:17 params :
------------
Array:
rule : -2 ;
module :  ;
message : Array ;

2018-03-28 17:47:17 response :
------------

2018-03-28 17:49:08 trace :
------------
Array:
tousername : gh_0c02969f70a6 ;
fromusername : oSI4Lj_cD__365bOSvZnftSowkUQ ;
createtime : 1522230548 ;
msgtype : event ;
event : VIEW ;
eventkey : http://zz.jhzh66.com/app/index.php?i=8&c=entry&eid=194 ;
menuid : 424819011 ;
from : oSI4Lj_cD__365bOSvZnftSowkUQ ;
to : gh_0c02969f70a6 ;
time : 1522230548 ;
type : event ;

2018-03-28 17:49:08 params :
------------
Array:
rule : -2 ;
module :  ;
message : Array ;

2018-03-28 17:49:08 response :
------------

2018-03-28 17:50:10 trace :
------------
Array:
tousername : gh_0c02969f70a6 ;
fromusername : oSI4Lj8nRZY0aV_t-nA1I3ofr6gk ;
createtime : 1522230610 ;
msgtype : event ;
event : VIEW ;
eventkey : http://zz.jhzh66.com/app/index.php?i=8&c=entry&eid=194 ;
menuid : 424819011 ;
from : oSI4Lj8nRZY0aV_t-nA1I3ofr6gk ;
to : gh_0c02969f70a6 ;
time : 1522230610 ;
type : event ;

2018-03-28 17:50:10 params :
------------
Array:
rule : -2 ;
module :  ;
message : Array ;

2018-03-28 17:50:10 response :
------------

2018-03-28 17:50:57 trace :
------------
Array:
tousername : gh_0c02969f70a6 ;
fromusername : oSI4LjwAjGwLnkiYiiIwc-EGiqas ;
createtime : 1522230657 ;
msgtype : event ;
event : subscribe ;
eventkey : Array ;
from : oSI4LjwAjGwLnkiYiiIwc-EGiqas ;
to : gh_0c02969f70a6 ;
time : 1522230657 ;
type : subscribe ;

2018-03-28 17:50:57 params :
------------
Array:
rule : -2 ;
module :  ;
message : Array ;

2018-03-28 17:50:57 response :
------------

2018-03-28 17:51:07 trace :
------------
Array:
tousername : gh_0c02969f70a6 ;
fromusername : oSI4LjwAjGwLnkiYiiIwc-EGiqas ;
createtime : 1522230667 ;
msgtype : event ;
event : VIEW ;
eventkey : http://zz.jhzh66.com/app/index.php?i=8&c=entry&eid=194 ;
menuid : 424819011 ;
from : oSI4LjwAjGwLnkiYiiIwc-EGiqas ;
to : gh_0c02969f70a6 ;
time : 1522230667 ;
type : event ;

2018-03-28 17:51:07 params :
------------
Array:
rule : -2 ;
module :  ;
message : Array ;

2018-03-28 17:51:07 response :
------------

2018-03-28 17:51:22 trace :
------------
Array:
tousername : gh_0c02969f70a6 ;
fromusername : oSI4Lj8nRZY0aV_t-nA1I3ofr6gk ;
createtime : 1522230682 ;
msgtype : event ;
event : VIEW ;
eventkey : http://zz.jhzh66.com/app/index.php?i=8&c=entry&eid=194 ;
menuid : 424819011 ;
from : oSI4Lj8nRZY0aV_t-nA1I3ofr6gk ;
to : gh_0c02969f70a6 ;
time : 1522230682 ;
type : event ;

2018-03-28 17:51:22 params :
------------
Array:
rule : -2 ;
module :  ;
message : Array ;

2018-03-28 17:51:22 response :
------------

2018-03-28 17:53:39 trace :
------------
Array:
tousername : gh_0c02969f70a6 ;
fromusername : oSI4Lj8nRZY0aV_t-nA1I3ofr6gk ;
createtime : 1522230819 ;
msgtype : event ;
event : VIEW ;
eventkey : http://zz.jhzh66.com/app/index.php?i=8&c=entry&eid=198 ;
menuid : 424819011 ;
from : oSI4Lj8nRZY0aV_t-nA1I3ofr6gk ;
to : gh_0c02969f70a6 ;
time : 1522230819 ;
type : event ;

2018-03-28 17:53:39 params :
------------
Array:
rule : -2 ;
module :  ;
message : Array ;

2018-03-28 17:53:39 response :
------------

2018-03-28 17:53:55 trace :
------------
Array:
tousername : gh_0c02969f70a6 ;
fromusername : oSI4Lj8hOTIpyxNWg84yq6dUUq4k ;
createtime : 1522230835 ;
msgtype : event ;
event : VIEW ;
eventkey : http://zz.jhzh66.com/app/index.php?i=8&c=entry&eid=194 ;
menuid : 424819011 ;
from : oSI4Lj8hOTIpyxNWg84yq6dUUq4k ;
to : gh_0c02969f70a6 ;
time : 1522230835 ;
type : event ;

2018-03-28 17:53:55 params :
------------
Array:
rule : -2 ;
module :  ;
message : Array ;

2018-03-28 17:53:55 response :
------------

2018-03-28 17:56:01 trace :
------------
Array:
tousername : gh_0c02969f70a6 ;
fromusername : oSI4Lj-NbPz6zvqPyQKtZYoB7rrI ;
createtime : 1522230961 ;
msgtype : event ;
event : VIEW ;
eventkey : http://zz.jhzh66.com/app/index.php?i=8&c=site&a=site&do=detail&id=2 ;
menuid : 424819011 ;
from : oSI4Lj-NbPz6zvqPyQKtZYoB7rrI ;
to : gh_0c02969f70a6 ;
time : 1522230961 ;
type : event ;

2018-03-28 17:56:01 params :
------------
Array:
rule : -2 ;
module :  ;
message : Array ;

2018-03-28 17:56:01 response :
------------

2018-03-28 17:56:16 trace :
------------
Array:
tousername : gh_0c02969f70a6 ;
fromusername : oSI4Lj-NbPz6zvqPyQKtZYoB7rrI ;
createtime : 1522230976 ;
msgtype : event ;
event : CLICK ;
eventkey : 海报 ;
from : oSI4Lj-NbPz6zvqPyQKtZYoB7rrI ;
to : gh_0c02969f70a6 ;
time : 1522230976 ;
type : event ;

2018-03-28 18:05:28 trace :
------------
Array:
tousername : gh_0c02969f70a6 ;
fromusername : oSI4Lj97Jm2kdczJ4OHYMLb017pk ;
createtime : 1522231528 ;
msgtype : event ;
event : VIEW ;
eventkey : http://zz.jhzh66.com/app/index.php?i=8&c=entry&eid=194 ;
menuid : 424819011 ;
from : oSI4Lj97Jm2kdczJ4OHYMLb017pk ;
to : gh_0c02969f70a6 ;
time : 1522231528 ;
type : event ;

2018-03-28 18:05:28 params :
------------
Array:
rule : -2 ;
module :  ;
message : Array ;

2018-03-28 18:05:28 response :
------------

2018-03-28 18:06:56 trace :
------------
Array:
tousername : gh_0c02969f70a6 ;
fromusername : oSI4Lj_cD__365bOSvZnftSowkUQ ;
createtime : 1522231616 ;
msgtype : event ;
event : VIEW ;
eventkey : http://zz.jhzh66.com/app/index.php?i=8&c=entry&eid=194 ;
menuid : 424819011 ;
from : oSI4Lj_cD__365bOSvZnftSowkUQ ;
to : gh_0c02969f70a6 ;
time : 1522231616 ;
type : event ;

2018-03-28 18:06:56 params :
------------
Array:
rule : -2 ;
module :  ;
message : Array ;

2018-03-28 18:06:56 response :
------------

2018-03-28 18:07:16 trace :
------------
Array:
tousername : gh_0c02969f70a6 ;
fromusername : oSI4Lj2pjhreoyy5STNGRffttblI ;
createtime : 1522231635 ;
msgtype : event ;
event : VIEW ;
eventkey : http://www.haolangtech.com/index.php/addon/HotActivity/HotActivity/leagueindex/id/1.html?from=groupmessage&isappinstalled=0 ;
menuid : 424819011 ;
from : oSI4Lj2pjhreoyy5STNGRffttblI ;
to : gh_0c02969f70a6 ;
time : 1522231635 ;
type : event ;

2018-03-28 18:07:16 params :
------------
Array:
rule : -2 ;
module :  ;
message : Array ;

2018-03-28 18:07:16 response :
------------

2018-03-28 18:11:14 trace :
------------
Array:
tousername : gh_0c02969f70a6 ;
fromusername : oSI4Lj_cD__365bOSvZnftSowkUQ ;
createtime : 1522231874 ;
msgtype : event ;
event : VIEW ;
eventkey : http://zz.jhzh66.com/app/index.php?i=8&c=entry&eid=194 ;
menuid : 424819011 ;
from : oSI4Lj_cD__365bOSvZnftSowkUQ ;
to : gh_0c02969f70a6 ;
time : 1522231874 ;
type : event ;

2018-03-28 18:11:14 params :
------------
Array:
rule : -2 ;
module :  ;
message : Array ;

2018-03-28 18:11:14 response :
------------

2018-03-28 18:12:27 trace :
------------
Array:
tousername : gh_0c02969f70a6 ;
fromusername : oSI4Lj4P9Gak2OvyCDe-bji_hVnY ;
createtime : 1522231947 ;
msgtype : event ;
event : subscribe ;
eventkey : last_trade_no_4200000073201803287315317752 ;
from : oSI4Lj4P9Gak2OvyCDe-bji_hVnY ;
to : gh_0c02969f70a6 ;
time : 1522231947 ;
type : subscribe ;
scene : last_trade_no_4200000073201803287315317752 ;

2018-03-28 18:12:27 params :
------------
Array:
message : Array ;
module : sz_yi ;
rule : 949 ;
priority : 0 ;
keyword : Array ;

2018-03-28 18:12:27 response :
------------
Array:
FromUserName : gh_0c02969f70a6 ;
ToUserName : oSI4Lj4P9Gak2OvyCDe-bji_hVnY ;
MsgType : text ;
Content : 感谢您的关注! ;

2018-03-28 18:12:58 trace :
------------
Array:
tousername : gh_0c02969f70a6 ;
fromusername : oSI4Lj0fmXXrwpzwVNre1npS8WLU ;
createtime : 1522231978 ;
msgtype : event ;
event : subscribe ;
eventkey : last_trade_no_4200000053201803287342917273 ;
from : oSI4Lj0fmXXrwpzwVNre1npS8WLU ;
to : gh_0c02969f70a6 ;
time : 1522231978 ;
type : subscribe ;
scene : last_trade_no_4200000053201803287342917273 ;

2018-03-28 18:12:58 params :
------------
Array:
message : Array ;
module : sz_yi ;
rule : 949 ;
priority : 0 ;
keyword : Array ;

2018-03-28 18:12:58 response :
------------
Array:
FromUserName : gh_0c02969f70a6 ;
ToUserName : oSI4Lj0fmXXrwpzwVNre1npS8WLU ;
MsgType : text ;
Content : 感谢您的关注! ;

2018-03-28 18:13:27 trace :
------------
Array:
tousername : gh_0c02969f70a6 ;
fromusername : oSI4Lj97Jm2kdczJ4OHYMLb017pk ;
createtime : 1522232007 ;
msgtype : event ;
event : VIEW ;
eventkey : http://zz.jhzh66.com/app/index.php?i=8&c=entry&eid=194 ;
menuid : 424819011 ;
from : oSI4Lj97Jm2kdczJ4OHYMLb017pk ;
to : gh_0c02969f70a6 ;
time : 1522232007 ;
type : event ;

2018-03-28 18:13:27 params :
------------
Array:
rule : -2 ;
module :  ;
message : Array ;

2018-03-28 18:13:27 response :
------------

2018-03-28 18:13:44 trace :
------------
Array:
tousername : gh_0c02969f70a6 ;
fromusername : oSI4Lj4P9Gak2OvyCDe-bji_hVnY ;
createtime : 1522232024 ;
msgtype : event ;
event : VIEW ;
eventkey : http://zz.jhzh66.com/app/index.php?i=8&c=entry&eid=198 ;
menuid : 424819011 ;
from : oSI4Lj4P9Gak2OvyCDe-bji_hVnY ;
to : gh_0c02969f70a6 ;
time : 1522232024 ;
type : event ;

2018-03-28 18:13:44 params :
------------
Array:
rule : -2 ;
module :  ;
message : Array ;

2018-03-28 18:13:44 response :
------------

2018-03-28 19:02:46 trace :
------------
Array:
tousername : gh_0c02969f70a6 ;
fromusername : oSI4Lj2d2rxmoIz_vKzeS-oTy_Fc ;
createtime : 1522234966 ;
msgtype : event ;
event : subscribe ;
eventkey : last_trade_no_4200000061201803287359570469 ;
from : oSI4Lj2d2rxmoIz_vKzeS-oTy_Fc ;
to : gh_0c02969f70a6 ;
time : 1522234966 ;
type : subscribe ;
scene : last_trade_no_4200000061201803287359570469 ;

2018-03-28 19:02:46 params :
------------
Array:
message : Array ;
module : sz_yi ;
rule : 949 ;
priority : 0 ;
keyword : Array ;

2018-03-28 19:02:46 response :
------------
Array:
FromUserName : gh_0c02969f70a6 ;
ToUserName : oSI4Lj2d2rxmoIz_vKzeS-oTy_Fc ;
MsgType : text ;
Content : 感谢您的关注! ;

2018-03-28 19:05:41 trace :
------------
Array:
tousername : gh_0c02969f70a6 ;
fromusername : oSI4Lj_cD__365bOSvZnftSowkUQ ;
createtime : 1522235141 ;
msgtype : event ;
event : VIEW ;
eventkey : http://zz.jhzh66.com/app/index.php?i=8&c=entry&eid=194 ;
menuid : 424819011 ;
from : oSI4Lj_cD__365bOSvZnftSowkUQ ;
to : gh_0c02969f70a6 ;
time : 1522235141 ;
type : event ;

2018-03-28 19:05:41 params :
------------
Array:
rule : -2 ;
module :  ;
message : Array ;

2018-03-28 19:05:41 response :
------------

2018-03-28 19:08:20 trace :
------------
Array:
tousername : gh_0c02969f70a6 ;
fromusername : oSI4Lj2d2rxmoIz_vKzeS-oTy_Fc ;
createtime : 1522235300 ;
msgtype : event ;
event : VIEW ;
eventkey : http://zz.jhzh66.com/app/index.php?i=8&c=entry&eid=194 ;
menuid : 424819011 ;
from : oSI4Lj2d2rxmoIz_vKzeS-oTy_Fc ;
to : gh_0c02969f70a6 ;
time : 1522235300 ;
type : event ;

2018-03-28 19:08:20 params :
------------
Array:
rule : -2 ;
module :  ;
message : Array ;

2018-03-28 19:08:20 response :
------------

2018-03-28 19:15:05 trace :
------------
Array:
tousername : gh_0c02969f70a6 ;
fromusername : oSI4LjyVM-ebRzY0GQtrw0dTNFMw ;
createtime : 1522235705 ;
msgtype : event ;
event : subscribe ;
eventkey : Array ;
from : oSI4LjyVM-ebRzY0GQtrw0dTNFMw ;
to : gh_0c02969f70a6 ;
time : 1522235705 ;
type : subscribe ;

2018-03-28 19:15:05 params :
------------
Array:
rule : -2 ;
module :  ;
message : Array ;

2018-03-28 19:15:05 response :
------------

2018-03-28 19:15:07 trace :
------------
Array:
tousername : gh_0c02969f70a6 ;
fromusername : oSI4LjyVM-ebRzY0GQtrw0dTNFMw ;
createtime : 1522235707 ;
msgtype : event ;
event : VIEW ;
eventkey : http://zz.jhzh66.com/app/index.php?i=8&c=entry&eid=194 ;
menuid : 424819011 ;
from : oSI4LjyVM-ebRzY0GQtrw0dTNFMw ;
to : gh_0c02969f70a6 ;
time : 1522235707 ;
type : event ;

2018-03-28 19:15:07 params :
------------
Array:
rule : -2 ;
module :  ;
message : Array ;

2018-03-28 19:15:07 response :
------------

2018-03-28 19:15:56 trace :
------------
Array:
tousername : gh_0c02969f70a6 ;
fromusername : oSI4LjyVM-ebRzY0GQtrw0dTNFMw ;
createtime : 1522235756 ;
msgtype : event ;
event : VIEW ;
eventkey : http://zz.jhzh66.com/app/index.php?i=8&c=entry&eid=194 ;
menuid : 424819011 ;
from : oSI4LjyVM-ebRzY0GQtrw0dTNFMw ;
to : gh_0c02969f70a6 ;
time : 1522235756 ;
type : event ;

2018-03-28 19:15:56 params :
------------
Array:
rule : -2 ;
module :  ;
message : Array ;

2018-03-28 19:15:56 response :
------------

2018-03-28 19:19:56 trace :
------------
Array:
tousername : gh_0c02969f70a6 ;
fromusername : oSI4LjyVM-ebRzY0GQtrw0dTNFMw ;
createtime : 1522235996 ;
msgtype : event ;
event : VIEW ;
eventkey : http://zz.jhzh66.com/app/index.php?i=8&c=entry&eid=194 ;
menuid : 424819011 ;
from : oSI4LjyVM-ebRzY0GQtrw0dTNFMw ;
to : gh_0c02969f70a6 ;
time : 1522235996 ;
type : event ;

2018-03-28 19:19:56 params :
------------
Array:
rule : -2 ;
module :  ;
message : Array ;

2018-03-28 19:19:56 response :
------------

2018-03-28 19:20:27 trace :
------------
Array:
tousername : gh_0c02969f70a6 ;
fromusername : oSI4LjyVM-ebRzY0GQtrw0dTNFMw ;
createtime : 1522236027 ;
msgtype : event ;
event : VIEW ;
eventkey : http://zz.jhzh66.com/app/index.php?i=8&c=entry&eid=194 ;
menuid : 424819011 ;
from : oSI4LjyVM-ebRzY0GQtrw0dTNFMw ;
to : gh_0c02969f70a6 ;
time : 1522236027 ;
type : event ;

2018-03-28 19:20:27 params :
------------
Array:
rule : -2 ;
module :  ;
message : Array ;

2018-03-28 19:20:27 response :
------------

2018-03-28 19:25:19 trace :
------------
Array:
tousername : gh_0c02969f70a6 ;
fromusername : oSI4Lj4U5HUFQRpBnmp7LCeOv7U0 ;
createtime : 1522236319 ;
msgtype : event ;
event : subscribe ;
eventkey : Array ;
from : oSI4Lj4U5HUFQRpBnmp7LCeOv7U0 ;
to : gh_0c02969f70a6 ;
time : 1522236319 ;
type : subscribe ;

2018-03-28 19:25:19 params :
------------
Array:
rule : -2 ;
module :  ;
message : Array ;

2018-03-28 19:25:19 response :
------------

2018-03-28 19:28:58 trace :
------------
Array:
tousername : gh_0c02969f70a6 ;
fromusername : oSI4Lj3f68S8yXCB9A7OrTDncFp0 ;
createtime : 1522236538 ;
msgtype : event ;
event : VIEW ;
eventkey : http://zz.jhzh66.com/app/index.php?i=8&c=entry&eid=198 ;
menuid : 424819011 ;
from : oSI4Lj3f68S8yXCB9A7OrTDncFp0 ;
to : gh_0c02969f70a6 ;
time : 1522236538 ;
type : event ;

2018-03-28 19:28:58 params :
------------
Array:
rule : -2 ;
module :  ;
message : Array ;

2018-03-28 19:28:58 response :
------------

2018-03-28 19:38:44 trace :
------------
Array:
tousername : gh_0c02969f70a6 ;
fromusername : oSI4LjyHUqsKQ2U6jJYcy4lCjBVA ;
createtime : 1522237124 ;
msgtype : event ;
event : VIEW ;
eventkey : http://zz.jhzh66.com/app/index.php?i=8&c=entry&eid=198 ;
menuid : 424819011 ;
from : oSI4LjyHUqsKQ2U6jJYcy4lCjBVA ;
to : gh_0c02969f70a6 ;
time : 1522237124 ;
type : event ;

2018-03-28 19:38:44 params :
------------
Array:
rule : -2 ;
module :  ;
message : Array ;

2018-03-28 19:38:44 response :
------------

2018-03-28 20:30:00 trace :
------------
Array:
tousername : gh_0c02969f70a6 ;
fromusername : oSI4Lj2pjhreoyy5STNGRffttblI ;
createtime : 1522240200 ;
msgtype : event ;
event : VIEW ;
eventkey : http://www.haolangtech.com/index.php/addon/HotActivity/HotActivity/leagueindex/id/1.html?from=groupmessage&isappinstalled=0 ;
menuid : 424819011 ;
from : oSI4Lj2pjhreoyy5STNGRffttblI ;
to : gh_0c02969f70a6 ;
time : 1522240200 ;
type : event ;

2018-03-28 20:30:00 params :
------------
Array:
rule : -2 ;
module :  ;
message : Array ;

2018-03-28 20:30:00 response :
------------

2018-03-28 20:35:50 trace :
------------
Array:
tousername : gh_0c02969f70a6 ;
fromusername : oSI4Lj2pjhreoyy5STNGRffttblI ;
createtime : 1522240550 ;
msgtype : event ;
event : CLICK ;
eventkey : 海报 ;
from : oSI4Lj2pjhreoyy5STNGRffttblI ;
to : gh_0c02969f70a6 ;
time : 1522240550 ;
type : event ;

2018-03-28 20:36:05 trace :
------------
Array:
tousername : gh_0c02969f70a6 ;
fromusername : oSI4Lj2pjhreoyy5STNGRffttblI ;
createtime : 1522240564 ;
msgtype : event ;
event : CLICK ;
eventkey : 海报 ;
from : oSI4Lj2pjhreoyy5STNGRffttblI ;
to : gh_0c02969f70a6 ;
time : 1522240564 ;
type : event ;

2018-03-28 20:40:09 trace :
------------
Array:
tousername : gh_0c02969f70a6 ;
fromusername : oSI4Lj2d2rxmoIz_vKzeS-oTy_Fc ;
createtime : 1522240809 ;
msgtype : event ;
event : SCAN ;
eventkey : 5141e420449e42c7df87975ef87074b6 ;
ticket : gQHp8TwAAAAAAAAAAS5odHRwOi8vd2VpeGluLnFxLmNvbS9xLzAyZjNCWkJmOGU4YmYxMDAwMDAwN2oAAgTj86RaAwQAAAAA ;
from : oSI4Lj2d2rxmoIz_vKzeS-oTy_Fc ;
to : gh_0c02969f70a6 ;
time : 1522240809 ;
type : subscribe ;
scene : 5141e420449e42c7df87975ef87074b6 ;

2018-03-28 20:40:14 trace :
------------
Array:
tousername : gh_0c02969f70a6 ;
fromusername : oSI4Lj2d2rxmoIz_vKzeS-oTy_Fc ;
createtime : 1522240814 ;
msgtype : event ;
event : VIEW ;
eventkey : http://zz11.com.cn/plugin.php?id=wechat:access ;
menuid : 424819011 ;
from : oSI4Lj2d2rxmoIz_vKzeS-oTy_Fc ;
to : gh_0c02969f70a6 ;
time : 1522240814 ;
type : event ;

2018-03-28 20:40:14 params :
------------
Array:
rule : -2 ;
module :  ;
message : Array ;

2018-03-28 20:40:14 response :
------------

2018-03-28 20:40:28 trace :
------------
Array:
tousername : gh_0c02969f70a6 ;
fromusername : oSI4Lj7Q3AhiCml3FrIsGtB5LSyc ;
createtime : 1522240828 ;
msgtype : event ;
event : subscribe ;
eventkey : qrscene_5141e420449e42c7df87975ef87074b6 ;
ticket : gQHp8TwAAAAAAAAAAS5odHRwOi8vd2VpeGluLnFxLmNvbS9xLzAyZjNCWkJmOGU4YmYxMDAwMDAwN2oAAgTj86RaAwQAAAAA ;
from : oSI4Lj7Q3AhiCml3FrIsGtB5LSyc ;
to : gh_0c02969f70a6 ;
time : 1522240828 ;
type : subscribe ;
scene : 5141e420449e42c7df87975ef87074b6 ;

2018-03-28 20:40:28 trace :
------------
Array:
tousername : gh_0c02969f70a6 ;
fromusername : oSI4LjwYLuQkdyY0rNownyuHag1k ;
createtime : 1522240828 ;
msgtype : event ;
event : SCAN ;
eventkey : 5141e420449e42c7df87975ef87074b6 ;
ticket : gQHp8TwAAAAAAAAAAS5odHRwOi8vd2VpeGluLnFxLmNvbS9xLzAyZjNCWkJmOGU4YmYxMDAwMDAwN2oAAgTj86RaAwQAAAAA ;
from : oSI4LjwYLuQkdyY0rNownyuHag1k ;
to : gh_0c02969f70a6 ;
time : 1522240828 ;
type : subscribe ;
scene : 5141e420449e42c7df87975ef87074b6 ;

2018-03-28 20:40:32 trace :
------------
Array:
tousername : gh_0c02969f70a6 ;
fromusername : oSI4Lj7Q3AhiCml3FrIsGtB5LSyc ;
createtime : 1522240832 ;
msgtype : event ;
event : VIEW ;
eventkey : https://h5.scene.yqh5.cn/s/6szkjdIq ;
menuid : 424819011 ;
from : oSI4Lj7Q3AhiCml3FrIsGtB5LSyc ;
to : gh_0c02969f70a6 ;
time : 1522240832 ;
type : event ;

2018-03-28 20:40:32 params :
------------
Array:
rule : -2 ;
module :  ;
message : Array ;

2018-03-28 20:40:32 response :
------------

2018-03-28 20:40:47 trace :
------------
Array:
tousername : gh_0c02969f70a6 ;
fromusername : oSI4Lj2d2rxmoIz_vKzeS-oTy_Fc ;
createtime : 1522240847 ;
msgtype : event ;
event : VIEW ;
eventkey : http://zz.jhzh66.com/app/index.php?i=8&c=entry&eid=198 ;
menuid : 424819011 ;
from : oSI4Lj2d2rxmoIz_vKzeS-oTy_Fc ;
to : gh_0c02969f70a6 ;
time : 1522240847 ;
type : event ;

2018-03-28 20:40:47 params :
------------
Array:
rule : -2 ;
module :  ;
message : Array ;

2018-03-28 20:40:47 response :
------------

2018-03-28 20:41:05 trace :
------------
Array:
tousername : gh_0c02969f70a6 ;
fromusername : oSI4Lj450U86Z5bFSFgD0LU18g50 ;
createtime : 1522240865 ;
msgtype : event ;
event : subscribe ;
eventkey : qrscene_5141e420449e42c7df87975ef87074b6 ;
ticket : gQHp8TwAAAAAAAAAAS5odHRwOi8vd2VpeGluLnFxLmNvbS9xLzAyZjNCWkJmOGU4YmYxMDAwMDAwN2oAAgTj86RaAwQAAAAA ;
from : oSI4Lj450U86Z5bFSFgD0LU18g50 ;
to : gh_0c02969f70a6 ;
time : 1522240865 ;
type : subscribe ;
scene : 5141e420449e42c7df87975ef87074b6 ;

2018-03-28 20:41:06 trace :
------------
Array:
tousername : gh_0c02969f70a6 ;
fromusername : oSI4LjwYLuQkdyY0rNownyuHag1k ;
createtime : 1522240866 ;
msgtype : event ;
event : VIEW ;
eventkey : http://zz.jhzh66.com/app/index.php?i=8&c=entry&eid=194 ;
menuid : 424819011 ;
from : oSI4LjwYLuQkdyY0rNownyuHag1k ;
to : gh_0c02969f70a6 ;
time : 1522240866 ;
type : event ;

2018-03-28 20:41:06 params :
------------
Array:
rule : -2 ;
module :  ;
message : Array ;

2018-03-28 20:41:06 response :
------------

2018-03-28 20:41:16 trace :
------------
Array:
tousername : gh_0c02969f70a6 ;
fromusername : oSI4Lj2pjhreoyy5STNGRffttblI ;
createtime : 1522240876 ;
msgtype : event ;
event : VIEW ;
eventkey : https://m.qlchat.com/live/320000044317761.htm ;
menuid : 424819011 ;
from : oSI4Lj2pjhreoyy5STNGRffttblI ;
to : gh_0c02969f70a6 ;
time : 1522240876 ;
type : event ;

2018-03-28 20:41:16 params :
------------
Array:
rule : -2 ;
module :  ;
message : Array ;

2018-03-28 20:41:16 response :
------------

2018-03-28 20:41:18 trace :
------------
Array:
tousername : gh_0c02969f70a6 ;
fromusername : oSI4Lj450U86Z5bFSFgD0LU18g50 ;
createtime : 1522240878 ;
msgtype : event ;
event : VIEW ;
eventkey : http://zz11.com.cn/plugin.php?id=wechat:access ;
menuid : 424819011 ;
from : oSI4Lj450U86Z5bFSFgD0LU18g50 ;
to : gh_0c02969f70a6 ;
time : 1522240878 ;
type : event ;

2018-03-28 20:41:18 params :
------------
Array:
rule : -2 ;
module :  ;
message : Array ;

2018-03-28 20:41:18 response :
------------

2018-03-28 20:41:36 trace :
------------
Array:
tousername : gh_0c02969f70a6 ;
fromusername : oSI4Lj450U86Z5bFSFgD0LU18g50 ;
createtime : 1522240896 ;
msgtype : event ;
event : VIEW ;
eventkey : http://zz.jhzh66.com/app/index.php?i=8&c=entry&eid=194 ;
menuid : 424819011 ;
from : oSI4Lj450U86Z5bFSFgD0LU18g50 ;
to : gh_0c02969f70a6 ;
time : 1522240896 ;
type : event ;

2018-03-28 20:41:36 params :
------------
Array:
rule : -2 ;
module :  ;
message : Array ;

2018-03-28 20:41:36 response :
------------

2018-03-28 20:42:06 trace :
------------
Array:
tousername : gh_0c02969f70a6 ;
fromusername : oSI4Lj2pjhreoyy5STNGRffttblI ;
createtime : 1522240926 ;
msgtype : event ;
event : VIEW ;
eventkey : https://m.qlchat.com/live/320000044317761.htm ;
menuid : 424819011 ;
from : oSI4Lj2pjhreoyy5STNGRffttblI ;
to : gh_0c02969f70a6 ;
time : 1522240926 ;
type : event ;

2018-03-28 20:42:06 params :
------------
Array:
rule : -2 ;
module :  ;
message : Array ;

2018-03-28 20:42:06 response :
------------

2018-03-28 20:45:35 trace :
------------
Array:
tousername : gh_0c02969f70a6 ;
fromusername : oSI4Lj97Jm2kdczJ4OHYMLb017pk ;
createtime : 1522241135 ;
msgtype : event ;
event : VIEW ;
eventkey : http://zz.jhzh66.com/app/index.php?i=8&c=entry&eid=194 ;
menuid : 424819011 ;
from : oSI4Lj97Jm2kdczJ4OHYMLb017pk ;
to : gh_0c02969f70a6 ;
time : 1522241135 ;
type : event ;

2018-03-28 20:45:35 params :
------------
Array:
rule : -2 ;
module :  ;
message : Array ;

2018-03-28 20:45:35 response :
------------

2018-03-28 21:03:12 trace :
------------
Array:
tousername : gh_0c02969f70a6 ;
fromusername : oSI4Lj97Jm2kdczJ4OHYMLb017pk ;
createtime : 1522242192 ;
msgtype : event ;
event : VIEW ;
eventkey : http://zz.jhzh66.com/app/index.php?i=8&c=entry&eid=194 ;
menuid : 424819011 ;
from : oSI4Lj97Jm2kdczJ4OHYMLb017pk ;
to : gh_0c02969f70a6 ;
time : 1522242192 ;
type : event ;

2018-03-28 21:03:12 params :
------------
Array:
rule : -2 ;
module :  ;
message : Array ;

2018-03-28 21:03:12 response :
------------

2018-03-28 21:06:52 trace :
------------
Array:
tousername : gh_0c02969f70a6 ;
fromusername : oSI4LjzGDzCztrhCP10C7-4flpE4 ;
createtime : 1522242412 ;
msgtype : event ;
event : VIEW ;
eventkey : http://zz.jhzh66.com/app/index.php?i=8&c=entry&eid=198 ;
menuid : 424819011 ;
from : oSI4LjzGDzCztrhCP10C7-4flpE4 ;
to : gh_0c02969f70a6 ;
time : 1522242412 ;
type : event ;

2018-03-28 21:06:52 params :
------------
Array:
rule : -2 ;
module :  ;
message : Array ;

2018-03-28 21:06:52 response :
------------

2018-03-28 21:09:31 trace :
------------
Array:
tousername : gh_0c02969f70a6 ;
fromusername : oSI4Lj2pjhreoyy5STNGRffttblI ;
createtime : 1522242571 ;
msgtype : event ;
event : VIEW ;
eventkey : http://zz.jhzh66.com/app/index.php?i=8&c=entry&eid=194 ;
menuid : 424819011 ;
from : oSI4Lj2pjhreoyy5STNGRffttblI ;
to : gh_0c02969f70a6 ;
time : 1522242571 ;
type : event ;

2018-03-28 21:09:31 params :
------------
Array:
rule : -2 ;
module :  ;
message : Array ;

2018-03-28 21:09:31 response :
------------

2018-03-28 21:09:36 trace :
------------
Array:
tousername : gh_0c02969f70a6 ;
fromusername : oSI4Lj2pjhreoyy5STNGRffttblI ;
createtime : 1522242576 ;
msgtype : event ;
event : VIEW ;
eventkey : http://zz.jhzh66.com/app/index.php?i=8&c=entry&eid=194 ;
menuid : 424819011 ;
from : oSI4Lj2pjhreoyy5STNGRffttblI ;
to : gh_0c02969f70a6 ;
time : 1522242576 ;
type : event ;

2018-03-28 21:09:36 params :
------------
Array:
rule : -2 ;
module :  ;
message : Array ;

2018-03-28 21:09:36 response :
------------

2018-03-28 21:13:56 trace :
------------
Array:
tousername : gh_0c02969f70a6 ;
fromusername : oSI4Lj2pjhreoyy5STNGRffttblI ;
createtime : 1522242836 ;
msgtype : event ;
event : VIEW ;
eventkey : http://zz.jhzh66.com/app/index.php?i=8&c=entry&eid=194 ;
menuid : 424819011 ;
from : oSI4Lj2pjhreoyy5STNGRffttblI ;
to : gh_0c02969f70a6 ;
time : 1522242836 ;
type : event ;

2018-03-28 21:13:56 params :
------------
Array:
rule : -2 ;
module :  ;
message : Array ;

2018-03-28 21:13:56 response :
------------

2018-03-28 21:14:09 trace :
------------
Array:
tousername : gh_0c02969f70a6 ;
fromusername : oSI4Lj2pjhreoyy5STNGRffttblI ;
createtime : 1522242849 ;
msgtype : event ;
event : VIEW ;
eventkey : http://zz.jhzh66.com/app/index.php?i=8&c=entry&eid=194 ;
menuid : 424819011 ;
from : oSI4Lj2pjhreoyy5STNGRffttblI ;
to : gh_0c02969f70a6 ;
time : 1522242849 ;
type : event ;

2018-03-28 21:14:09 params :
------------
Array:
rule : -2 ;
module :  ;
message : Array ;

2018-03-28 21:14:09 response :
------------

2018-03-28 21:15:13 trace :
------------
Array:
tousername : gh_0c02969f70a6 ;
fromusername : oSI4Lj9XDSEvSjiBWtVPKFbOx1xk ;
createtime : 1522242913 ;
msgtype : event ;
event : subscribe ;
eventkey : Array ;
from : oSI4Lj9XDSEvSjiBWtVPKFbOx1xk ;
to : gh_0c02969f70a6 ;
time : 1522242913 ;
type : subscribe ;

2018-03-28 21:15:13 params :
------------
Array:
rule : -2 ;
module :  ;
message : Array ;

2018-03-28 21:15:13 response :
------------

2018-03-28 21:15:20 trace :
------------
Array:
tousername : gh_0c02969f70a6 ;
fromusername : oSI4Lj9XDSEvSjiBWtVPKFbOx1xk ;
createtime : 1522242920 ;
msgtype : event ;
event : VIEW ;
eventkey : http://zz.jhzh66.com/app/index.php?i=8&c=entry&eid=194 ;
menuid : 424819011 ;
from : oSI4Lj9XDSEvSjiBWtVPKFbOx1xk ;
to : gh_0c02969f70a6 ;
time : 1522242920 ;
type : event ;

2018-03-28 21:15:20 params :
------------
Array:
rule : -2 ;
module :  ;
message : Array ;

2018-03-28 21:15:20 response :
------------

2018-03-28 21:21:30 trace :
------------
Array:
tousername : gh_0c02969f70a6 ;
fromusername : oSI4Lj2pjhreoyy5STNGRffttblI ;
createtime : 1522243290 ;
msgtype : event ;
event : VIEW ;
eventkey : http://zz.jhzh66.com/app/index.php?i=8&c=entry&eid=194 ;
menuid : 424819011 ;
from : oSI4Lj2pjhreoyy5STNGRffttblI ;
to : gh_0c02969f70a6 ;
time : 1522243290 ;
type : event ;

2018-03-28 21:21:30 params :
------------
Array:
rule : -2 ;
module :  ;
message : Array ;

2018-03-28 21:21:30 response :
------------

2018-03-28 21:21:35 trace :
------------
Array:
tousername : gh_0c02969f70a6 ;
fromusername : oSI4Lj2pjhreoyy5STNGRffttblI ;
createtime : 1522243294 ;
msgtype : event ;
event : CLICK ;
eventkey : 海报 ;
from : oSI4Lj2pjhreoyy5STNGRffttblI ;
to : gh_0c02969f70a6 ;
time : 1522243294 ;
type : event ;

2018-03-28 21:22:05 trace :
------------
Array:
tousername : gh_0c02969f70a6 ;
fromusername : oSI4Lj97Jm2kdczJ4OHYMLb017pk ;
createtime : 1522243324 ;
msgtype : event ;
event : VIEW ;
eventkey : http://zz.jhzh66.com/app/index.php?i=8&c=entry&eid=194 ;
menuid : 424819011 ;
from : oSI4Lj97Jm2kdczJ4OHYMLb017pk ;
to : gh_0c02969f70a6 ;
time : 1522243324 ;
type : event ;

2018-03-28 21:22:05 params :
------------
Array:
rule : -2 ;
module :  ;
message : Array ;

2018-03-28 21:22:05 response :
------------

2018-03-28 21:29:09 trace :
------------
Array:
tousername : gh_0c02969f70a6 ;
fromusername : oSI4Lj97Jm2kdczJ4OHYMLb017pk ;
createtime : 1522243748 ;
msgtype : event ;
event : VIEW ;
eventkey : http://zz.jhzh66.com/app/index.php?i=8&c=entry&eid=194 ;
menuid : 424819011 ;
from : oSI4Lj97Jm2kdczJ4OHYMLb017pk ;
to : gh_0c02969f70a6 ;
time : 1522243748 ;
type : event ;

2018-03-28 21:29:09 params :
------------
Array:
rule : -2 ;
module :  ;
message : Array ;

2018-03-28 21:29:09 response :
------------

2018-03-28 21:29:42 trace :
------------
Array:
tousername : gh_0c02969f70a6 ;
fromusername : oSI4Lj2pjhreoyy5STNGRffttblI ;
createtime : 1522243782 ;
msgtype : event ;
event : CLICK ;
eventkey : 海报 ;
from : oSI4Lj2pjhreoyy5STNGRffttblI ;
to : gh_0c02969f70a6 ;
time : 1522243782 ;
type : event ;

2018-03-28 21:29:57 trace :
------------
Array:
tousername : gh_0c02969f70a6 ;
fromusername : oSI4Lj2pjhreoyy5STNGRffttblI ;
createtime : 1522243797 ;
msgtype : event ;
event : VIEW ;
eventkey : http://zz11.com.cn/plugin.php?id=wechat:access ;
menuid : 424819011 ;
from : oSI4Lj2pjhreoyy5STNGRffttblI ;
to : gh_0c02969f70a6 ;
time : 1522243797 ;
type : event ;

2018-03-28 21:29:57 params :
------------
Array:
rule : -2 ;
module :  ;
message : Array ;

2018-03-28 21:29:57 response :
------------

2018-03-28 21:43:49 trace :
------------
Array:
tousername : gh_0c02969f70a6 ;
fromusername : oSI4Lj2pjhreoyy5STNGRffttblI ;
createtime : 1522244629 ;
msgtype : event ;
event : VIEW ;
eventkey : http://zz.jhzh66.com/app/index.php?i=8&c=entry&eid=194 ;
menuid : 424819011 ;
from : oSI4Lj2pjhreoyy5STNGRffttblI ;
to : gh_0c02969f70a6 ;
time : 1522244629 ;
type : event ;

2018-03-28 21:43:49 params :
------------
Array:
rule : -2 ;
module :  ;
message : Array ;

2018-03-28 21:43:49 response :
------------

2018-03-28 21:45:16 trace :
------------
Array:
tousername : gh_0c02969f70a6 ;
fromusername : oSI4Lj2pjhreoyy5STNGRffttblI ;
createtime : 1522244716 ;
msgtype : event ;
event : VIEW ;
eventkey : http://zz.jhzh66.com/app/index.php?i=8&c=entry&eid=194 ;
menuid : 424819011 ;
from : oSI4Lj2pjhreoyy5STNGRffttblI ;
to : gh_0c02969f70a6 ;
time : 1522244716 ;
type : event ;

2018-03-28 21:45:16 params :
------------
Array:
rule : -2 ;
module :  ;
message : Array ;

2018-03-28 21:45:16 response :
------------

2018-03-28 21:49:56 trace :
------------
Array:
tousername : gh_0c02969f70a6 ;
fromusername : oSI4Lj2pjhreoyy5STNGRffttblI ;
createtime : 1522244996 ;
msgtype : event ;
event : VIEW ;
eventkey : http://zz.jhzh66.com/app/index.php?i=8&c=entry&eid=194 ;
menuid : 424819011 ;
from : oSI4Lj2pjhreoyy5STNGRffttblI ;
to : gh_0c02969f70a6 ;
time : 1522244996 ;
type : event ;

2018-03-28 21:49:56 params :
------------
Array:
rule : -2 ;
module :  ;
message : Array ;

2018-03-28 21:49:56 response :
------------

2018-03-28 21:52:37 trace :
------------
Array:
tousername : gh_0c02969f70a6 ;
fromusername : oSI4LjzGDzCztrhCP10C7-4flpE4 ;
createtime : 1522245157 ;
msgtype : event ;
event : VIEW ;
eventkey : http://zz.jhzh66.com/app/index.php?i=8&c=entry&eid=198 ;
menuid : 424819011 ;
from : oSI4LjzGDzCztrhCP10C7-4flpE4 ;
to : gh_0c02969f70a6 ;
time : 1522245157 ;
type : event ;

2018-03-28 21:52:37 params :
------------
Array:
rule : -2 ;
module :  ;
message : Array ;

2018-03-28 21:52:37 response :
------------

2018-03-28 21:56:11 trace :
------------
Array:
tousername : gh_0c02969f70a6 ;
fromusername : oSI4LjzGDzCztrhCP10C7-4flpE4 ;
createtime : 1522245371 ;
msgtype : event ;
event : VIEW ;
eventkey : http://zz.jhzh66.com/app/index.php?i=8&c=entry&eid=198 ;
menuid : 424819011 ;
from : oSI4LjzGDzCztrhCP10C7-4flpE4 ;
to : gh_0c02969f70a6 ;
time : 1522245371 ;
type : event ;

2018-03-28 21:56:11 params :
------------
Array:
rule : -2 ;
module :  ;
message : Array ;

2018-03-28 21:56:11 response :
------------

2018-03-28 21:57:43 trace :
------------
Array:
tousername : gh_0c02969f70a6 ;
fromusername : oSI4LjzGDzCztrhCP10C7-4flpE4 ;
createtime : 1522245463 ;
msgtype : event ;
event : VIEW ;
eventkey : http://zz.jhzh66.com/app/index.php?i=8&c=entry&eid=198 ;
menuid : 424819011 ;
from : oSI4LjzGDzCztrhCP10C7-4flpE4 ;
to : gh_0c02969f70a6 ;
time : 1522245463 ;
type : event ;

2018-03-28 21:57:43 params :
------------
Array:
rule : -2 ;
module :  ;
message : Array ;

2018-03-28 21:57:43 response :
------------

2018-03-28 21:59:47 trace :
------------
Array:
tousername : gh_0c02969f70a6 ;
fromusername : oSI4LjzGDzCztrhCP10C7-4flpE4 ;
createtime : 1522245586 ;
msgtype : event ;
event : VIEW ;
eventkey : https://h5.scene.yqh5.cn/s/6szkjdIq ;
menuid : 424819011 ;
from : oSI4LjzGDzCztrhCP10C7-4flpE4 ;
to : gh_0c02969f70a6 ;
time : 1522245586 ;
type : event ;

2018-03-28 21:59:47 params :
------------
Array:
rule : -2 ;
module :  ;
message : Array ;

2018-03-28 21:59:47 response :
------------

2018-03-28 22:12:11 trace :
------------
Array:
tousername : gh_0c02969f70a6 ;
fromusername : oSI4LjzGDzCztrhCP10C7-4flpE4 ;
createtime : 1522246331 ;
msgtype : event ;
event : VIEW ;
eventkey : http://zz.jhzh66.com/app/index.php?i=8&c=entry&eid=198 ;
menuid : 424819011 ;
from : oSI4LjzGDzCztrhCP10C7-4flpE4 ;
to : gh_0c02969f70a6 ;
time : 1522246331 ;
type : event ;

2018-03-28 22:12:11 params :
------------
Array:
rule : -2 ;
module :  ;
message : Array ;

2018-03-28 22:12:11 response :
------------

2018-03-28 22:31:59 trace :
------------
Array:
tousername : gh_0c02969f70a6 ;
fromusername : oSI4Lj61cNqZ2u3iIxwOYG1mPHz4 ;
createtime : 1522247519 ;
msgtype : event ;
event : VIEW ;
eventkey : http://zz.jhzh66.com/app/index.php?i=8&c=entry&eid=194 ;
menuid : 424819011 ;
from : oSI4Lj61cNqZ2u3iIxwOYG1mPHz4 ;
to : gh_0c02969f70a6 ;
time : 1522247519 ;
type : event ;

2018-03-28 22:31:59 params :
------------
Array:
rule : -2 ;
module :  ;
message : Array ;

2018-03-28 22:31:59 response :
------------

2018-03-28 22:34:08 trace :
------------
Array:
tousername : gh_0c02969f70a6 ;
fromusername : oSI4Lj-XaO9wjnPbt9OzE2vQL_94 ;
createtime : 1522247648 ;
msgtype : event ;
event : VIEW ;
eventkey : http://zz.jhzh66.com/app/index.php?i=8&c=entry&eid=198 ;
menuid : 424819011 ;
from : oSI4Lj-XaO9wjnPbt9OzE2vQL_94 ;
to : gh_0c02969f70a6 ;
time : 1522247648 ;
type : event ;

2018-03-28 22:34:08 params :
------------
Array:
rule : -2 ;
module :  ;
message : Array ;

2018-03-28 22:34:08 response :
------------

2018-03-28 22:37:57 trace :
------------
Array:
tousername : gh_0c02969f70a6 ;
fromusername : oSI4Lj-XaO9wjnPbt9OzE2vQL_94 ;
createtime : 1522247877 ;
msgtype : event ;
event : VIEW ;
eventkey : http://zz11.com.cn/plugin.php?id=wechat:access ;
menuid : 424819011 ;
from : oSI4Lj-XaO9wjnPbt9OzE2vQL_94 ;
to : gh_0c02969f70a6 ;
time : 1522247877 ;
type : event ;

2018-03-28 22:37:57 params :
------------
Array:
rule : -2 ;
module :  ;
message : Array ;

2018-03-28 22:37:57 response :
------------

2018-03-28 23:09:42 trace :
------------
Array:
tousername : gh_0c02969f70a6 ;
fromusername : oSI4LjyHUqsKQ2U6jJYcy4lCjBVA ;
createtime : 1522249782 ;
msgtype : event ;
event : VIEW ;
eventkey : http://zz.jhzh66.com/app/index.php?i=8&c=entry&p=commission&m=sz_yi&do=plugin ;
menuid : 424819011 ;
from : oSI4LjyHUqsKQ2U6jJYcy4lCjBVA ;
to : gh_0c02969f70a6 ;
time : 1522249782 ;
type : event ;

2018-03-28 23:09:42 params :
------------
Array:
rule : -2 ;
module :  ;
message : Array ;

2018-03-28 23:09:42 response :
------------

2018-03-28 23:35:32 trace :
------------
Array:
tousername : gh_0c02969f70a6 ;
fromusername : oSI4Lj17m6F-C05PfQgL27LKkPD4 ;
createtime : 1522251332 ;
msgtype : event ;
event : VIEW ;
eventkey : http://zz.jhzh66.com/app/index.php?i=8&c=entry&eid=198 ;
menuid : 424819011 ;
from : oSI4Lj17m6F-C05PfQgL27LKkPD4 ;
to : gh_0c02969f70a6 ;
time : 1522251332 ;
type : event ;

2018-03-28 23:35:32 params :
------------
Array:
rule : -2 ;
module :  ;
message : Array ;

2018-03-28 23:35:32 response :
------------

2018-03-28 23:38:52 trace :
------------
Array:
tousername : gh_0c02969f70a6 ;
fromusername : oSI4Lj17m6F-C05PfQgL27LKkPD4 ;
createtime : 1522251532 ;
msgtype : event ;
event : VIEW ;
eventkey : http://zz.jhzh66.com/app/index.php?i=8&c=entry&eid=194 ;
menuid : 424819011 ;
from : oSI4Lj17m6F-C05PfQgL27LKkPD4 ;
to : gh_0c02969f70a6 ;
time : 1522251532 ;
type : event ;

2018-03-28 23:38:52 params :
------------
Array:
rule : -2 ;
module :  ;
message : Array ;

2018-03-28 23:38:52 response :
------------

