2018-05-26 00:28:08 trace :
------------
Array:
tousername : gh_0c02969f70a6 ;
fromusername : oSI4Lj03Bm6PdWKPCf_DAlc_yh-Q ;
createtime : 1527265688 ;
msgtype : event ;
event : VIEW ;
eventkey : http://zz.jhzh66.com/app/index.php?i=8&c=entry&eid=198 ;
menuid : 425602379 ;
from : oSI4Lj03Bm6PdWKPCf_DAlc_yh-Q ;
to : gh_0c02969f70a6 ;
time : 1527265688 ;
type : event ;

2018-05-26 00:28:08 params :
------------
Array:
rule : -2 ;
module :  ;
message : Array ;

2018-05-26 00:28:08 response :
------------

2018-05-26 00:45:49 trace :
------------
Array:
tousername : gh_0c02969f70a6 ;
fromusername : oSI4LjyHUqsKQ2U6jJYcy4lCjBVA ;
createtime : 1527266749 ;
msgtype : event ;
event : VIEW ;
eventkey : http://zz.jhzh66.com/app/index.php?i=8&c=entry&eid=198 ;
menuid : 425602379 ;
from : oSI4LjyHUqsKQ2U6jJYcy4lCjBVA ;
to : gh_0c02969f70a6 ;
time : 1527266749 ;
type : event ;

2018-05-26 00:45:49 params :
------------
Array:
rule : -2 ;
module :  ;
message : Array ;

2018-05-26 00:45:49 response :
------------

2018-05-26 06:11:02 trace :
------------
Array:
tousername : gh_0c02969f70a6 ;
fromusername : oSI4Lj9Y1Brq1SKlVyQrIBLkLR_o ;
createtime : 1527286262 ;
msgtype : event ;
event : VIEW ;
eventkey : http://zz.jhzh66.com/app/index.php?i=8&c=entry&eid=198 ;
menuid : 425602379 ;
from : oSI4Lj9Y1Brq1SKlVyQrIBLkLR_o ;
to : gh_0c02969f70a6 ;
time : 1527286262 ;
type : event ;

2018-05-26 06:11:02 params :
------------
Array:
rule : -2 ;
module :  ;
message : Array ;

2018-05-26 06:11:02 response :
------------

2018-05-26 06:25:26 trace :
------------
Array:
tousername : gh_0c02969f70a6 ;
fromusername : oSI4Lj9e2gdKLv2b36V8MG1GoYZE ;
createtime : 1527287125 ;
msgtype : event ;
event : VIEW ;
eventkey : http://zz.jhzh66.com/app/index.php?i=8&c=entry&eid=198 ;
menuid : 425602379 ;
from : oSI4Lj9e2gdKLv2b36V8MG1GoYZE ;
to : gh_0c02969f70a6 ;
time : 1527287125 ;
type : event ;

2018-05-26 06:25:26 params :
------------
Array:
rule : -2 ;
module :  ;
message : Array ;

2018-05-26 06:25:26 response :
------------

2018-05-26 06:34:59 trace :
------------
Array:
tousername : gh_0c02969f70a6 ;
fromusername : oSI4Lj97Jm2kdczJ4OHYMLb017pk ;
createtime : 1527287699 ;
msgtype : event ;
event : VIEW ;
eventkey : http://zz.jhzh66.com/app/index.php?i=8&c=entry&eid=194 ;
menuid : 425602379 ;
from : oSI4Lj97Jm2kdczJ4OHYMLb017pk ;
to : gh_0c02969f70a6 ;
time : 1527287699 ;
type : event ;

2018-05-26 06:34:59 params :
------------
Array:
rule : -2 ;
module :  ;
message : Array ;

2018-05-26 06:34:59 response :
------------

2018-05-26 06:50:27 trace :
------------
Array:
tousername : gh_0c02969f70a6 ;
fromusername : oSI4Lj17m6F-C05PfQgL27LKkPD4 ;
createtime : 1527288627 ;
msgtype : event ;
event : VIEW ;
eventkey : http://zz.jhzh66.com/app/index.php?i=8&c=entry&eid=194 ;
menuid : 425602379 ;
from : oSI4Lj17m6F-C05PfQgL27LKkPD4 ;
to : gh_0c02969f70a6 ;
time : 1527288627 ;
type : event ;

2018-05-26 06:50:27 params :
------------
Array:
rule : -2 ;
module :  ;
message : Array ;

2018-05-26 06:50:27 response :
------------

2018-05-26 07:50:14 trace :
------------
Array:
tousername : gh_0c02969f70a6 ;
fromusername : oSI4Lj2Yef0zxzFqreV4g3fl-vfI ;
createtime : 1527292214 ;
msgtype : event ;
event : VIEW ;
eventkey : http://zz.jhzh66.com/app/index.php?i=8&c=entry&eid=198 ;
menuid : 425602379 ;
from : oSI4Lj2Yef0zxzFqreV4g3fl-vfI ;
to : gh_0c02969f70a6 ;
time : 1527292214 ;
type : event ;

2018-05-26 07:50:14 params :
------------
Array:
rule : -2 ;
module :  ;
message : Array ;

2018-05-26 07:50:14 response :
------------

2018-05-26 07:52:49 trace :
------------
Array:
tousername : gh_0c02969f70a6 ;
fromusername : oSI4Lj2Yef0zxzFqreV4g3fl-vfI ;
createtime : 1527292369 ;
msgtype : event ;
event : VIEW ;
eventkey : http://zz.jhzh66.com/app/index.php?i=8&c=entry&eid=198 ;
menuid : 425602379 ;
from : oSI4Lj2Yef0zxzFqreV4g3fl-vfI ;
to : gh_0c02969f70a6 ;
time : 1527292369 ;
type : event ;

2018-05-26 07:52:49 params :
------------
Array:
rule : -2 ;
module :  ;
message : Array ;

2018-05-26 07:52:49 response :
------------

2018-05-26 08:01:41 trace :
------------
Array:
tousername : gh_0c02969f70a6 ;
fromusername : oSI4Lj2Yef0zxzFqreV4g3fl-vfI ;
createtime : 1527292901 ;
msgtype : event ;
event : VIEW ;
eventkey : http://zz.jhzh66.com/app/index.php?i=8&c=entry&eid=198 ;
menuid : 425602379 ;
from : oSI4Lj2Yef0zxzFqreV4g3fl-vfI ;
to : gh_0c02969f70a6 ;
time : 1527292901 ;
type : event ;

2018-05-26 08:01:41 params :
------------
Array:
rule : -2 ;
module :  ;
message : Array ;

2018-05-26 08:01:41 response :
------------

2018-05-26 08:08:45 trace :
------------
Array:
tousername : gh_0c02969f70a6 ;
fromusername : oSI4Lj6G15FP3Q5dt-p_AcjqSHbE ;
createtime : 1527293325 ;
msgtype : event ;
event : VIEW ;
eventkey : http://zz.jhzh66.com/app/index.php?i=8&c=entry&eid=194 ;
menuid : 425602379 ;
from : oSI4Lj6G15FP3Q5dt-p_AcjqSHbE ;
to : gh_0c02969f70a6 ;
time : 1527293325 ;
type : event ;

2018-05-26 08:08:45 params :
------------
Array:
rule : -2 ;
module :  ;
message : Array ;

2018-05-26 08:08:45 response :
------------

2018-05-26 08:15:51 trace :
------------
Array:
tousername : gh_0c02969f70a6 ;
fromusername : oSI4Lj97Jm2kdczJ4OHYMLb017pk ;
createtime : 1527293751 ;
msgtype : event ;
event : VIEW ;
eventkey : http://zz.jhzh66.com/app/index.php?i=8&c=entry&eid=194 ;
menuid : 425602379 ;
from : oSI4Lj97Jm2kdczJ4OHYMLb017pk ;
to : gh_0c02969f70a6 ;
time : 1527293751 ;
type : event ;

2018-05-26 08:15:51 params :
------------
Array:
rule : -2 ;
module :  ;
message : Array ;

2018-05-26 08:15:51 response :
------------

2018-05-26 08:22:00 trace :
------------
Array:
tousername : gh_0c02969f70a6 ;
fromusername : oSI4Lj2Yef0zxzFqreV4g3fl-vfI ;
createtime : 1527294119 ;
msgtype : event ;
event : VIEW ;
eventkey : http://zz.jhzh66.com/app/index.php?i=8&c=entry&eid=198 ;
menuid : 425602379 ;
from : oSI4Lj2Yef0zxzFqreV4g3fl-vfI ;
to : gh_0c02969f70a6 ;
time : 1527294119 ;
type : event ;

2018-05-26 08:22:00 params :
------------
Array:
rule : -2 ;
module :  ;
message : Array ;

2018-05-26 08:22:00 response :
------------

2018-05-26 08:36:09 trace :
------------
Array:
tousername : gh_0c02969f70a6 ;
fromusername : oSI4LjzGDzCztrhCP10C7-4flpE4 ;
createtime : 1527294969 ;
msgtype : event ;
event : VIEW ;
eventkey : http://zz.jhzh66.com/app/index.php?i=8&c=entry&eid=198 ;
menuid : 425602379 ;
from : oSI4LjzGDzCztrhCP10C7-4flpE4 ;
to : gh_0c02969f70a6 ;
time : 1527294969 ;
type : event ;

2018-05-26 08:36:09 params :
------------
Array:
rule : -2 ;
module :  ;
message : Array ;

2018-05-26 08:36:09 response :
------------

2018-05-26 09:02:39 trace :
------------
Array:
tousername : gh_0c02969f70a6 ;
fromusername : oSI4Lj6FuF7nRHHuo8tGMR8S_P14 ;
createtime : 1527296559 ;
msgtype : event ;
event : VIEW ;
eventkey : http://zz.jhzh66.com/app/index.php?i=8&c=entry&eid=194 ;
menuid : 425602379 ;
from : oSI4Lj6FuF7nRHHuo8tGMR8S_P14 ;
to : gh_0c02969f70a6 ;
time : 1527296559 ;
type : event ;

2018-05-26 09:02:39 params :
------------
Array:
rule : -2 ;
module :  ;
message : Array ;

2018-05-26 09:02:39 response :
------------

2018-05-26 09:17:50 trace :
------------
Array:
tousername : gh_0c02969f70a6 ;
fromusername : oSI4Lj0XGRoQoVk3N3zA1-OugRlc ;
createtime : 1527297470 ;
msgtype : event ;
event : subscribe ;
eventkey : Array ;
from : oSI4Lj0XGRoQoVk3N3zA1-OugRlc ;
to : gh_0c02969f70a6 ;
time : 1527297470 ;
type : subscribe ;

2018-05-26 09:17:50 params :
------------
Array:
rule : -2 ;
module :  ;
message : Array ;

2018-05-26 09:17:50 response :
------------

2018-05-26 09:18:11 trace :
------------
Array:
tousername : gh_0c02969f70a6 ;
fromusername : oSI4Lj0XGRoQoVk3N3zA1-OugRlc ;
createtime : 1527297491 ;
msgtype : event ;
event : VIEW ;
eventkey : http://zz.jhzh66.com/app/index.php?i=8&c=entry&eid=194 ;
menuid : 425602379 ;
from : oSI4Lj0XGRoQoVk3N3zA1-OugRlc ;
to : gh_0c02969f70a6 ;
time : 1527297491 ;
type : event ;

2018-05-26 09:18:11 params :
------------
Array:
rule : -2 ;
module :  ;
message : Array ;

2018-05-26 09:18:11 response :
------------

2018-05-26 09:18:11 trace :
------------
Array:
tousername : gh_0c02969f70a6 ;
fromusername : oSI4Lj0XGRoQoVk3N3zA1-OugRlc ;
createtime : 1527297491 ;
msgtype : event ;
event : VIEW ;
eventkey : http://zz.jhzh66.com/app/index.php?i=8&c=entry&eid=194 ;
menuid : 425602379 ;
from : oSI4Lj0XGRoQoVk3N3zA1-OugRlc ;
to : gh_0c02969f70a6 ;
time : 1527297491 ;
type : event ;

2018-05-26 09:18:11 params :
------------
Array:
rule : -2 ;
module :  ;
message : Array ;

2018-05-26 09:18:11 response :
------------

2018-05-26 09:18:32 trace :
------------
Array:
tousername : gh_0c02969f70a6 ;
fromusername : oSI4Lj0XGRoQoVk3N3zA1-OugRlc ;
createtime : 1527297512 ;
msgtype : event ;
event : CLICK ;
eventkey : 介绍 ;
from : oSI4Lj0XGRoQoVk3N3zA1-OugRlc ;
to : gh_0c02969f70a6 ;
time : 1527297512 ;
type : event ;

2018-05-26 09:18:32 params :
------------
Array:
message : Array ;
module : basic ;
rule : 1013 ;
priority : 0 ;
keyword : Array ;

2018-05-26 09:18:32 response :
------------
Array:
FromUserName : gh_0c02969f70a6 ;
ToUserName : oSI4Lj0XGRoQoVk3N3zA1-OugRlc ;
MsgType : text ;
Content : 易货联盟平台介绍 https://u.eqxiu.com/s/6szkjdIq   

代理商收益介绍 https://h.eqxiu.com/s/U4YBmmJj   

6月27-28日全国易货联盟商家对接峰会 https://b.eqxiu.com/s/nBIsBaiB ;

2018-05-26 09:44:23 trace :
------------
Array:
tousername : gh_0c02969f70a6 ;
fromusername : oSI4Lj97Jm2kdczJ4OHYMLb017pk ;
createtime : 1527299063 ;
msgtype : event ;
event : VIEW ;
eventkey : http://zz.jhzh66.com/app/index.php?i=8&c=entry&eid=198 ;
menuid : 425602379 ;
from : oSI4Lj97Jm2kdczJ4OHYMLb017pk ;
to : gh_0c02969f70a6 ;
time : 1527299063 ;
type : event ;

2018-05-26 09:44:23 params :
------------
Array:
rule : -2 ;
module :  ;
message : Array ;

2018-05-26 09:44:23 response :
------------

2018-05-26 09:44:52 trace :
------------
Array:
tousername : gh_0c02969f70a6 ;
fromusername : oSI4Lj0FHOG5yTdk0dQqRG-feI3E ;
createtime : 1527299092 ;
msgtype : event ;
event : VIEW ;
eventkey : http://zz.jhzh66.com/app/index.php?i=8&c=entry&eid=194 ;
menuid : 425602379 ;
from : oSI4Lj0FHOG5yTdk0dQqRG-feI3E ;
to : gh_0c02969f70a6 ;
time : 1527299092 ;
type : event ;

2018-05-26 09:44:52 params :
------------
Array:
rule : -2 ;
module :  ;
message : Array ;

2018-05-26 09:44:52 response :
------------

2018-05-26 09:48:44 trace :
------------
Array:
tousername : gh_0c02969f70a6 ;
fromusername : oSI4Lj9e2gdKLv2b36V8MG1GoYZE ;
createtime : 1527299324 ;
msgtype : event ;
event : VIEW ;
eventkey : http://zz.jhzh66.com/app/index.php?i=8&c=entry&eid=194 ;
menuid : 425602379 ;
from : oSI4Lj9e2gdKLv2b36V8MG1GoYZE ;
to : gh_0c02969f70a6 ;
time : 1527299324 ;
type : event ;

2018-05-26 09:48:44 params :
------------
Array:
rule : -2 ;
module :  ;
message : Array ;

2018-05-26 09:48:44 response :
------------

2018-05-26 09:49:33 trace :
------------
Array:
tousername : gh_0c02969f70a6 ;
fromusername : oSI4Lj97Jm2kdczJ4OHYMLb017pk ;
createtime : 1527299373 ;
msgtype : event ;
event : VIEW ;
eventkey : http://zz.jhzh66.com/app/index.php?i=8&c=entry&eid=198 ;
menuid : 425602379 ;
from : oSI4Lj97Jm2kdczJ4OHYMLb017pk ;
to : gh_0c02969f70a6 ;
time : 1527299373 ;
type : event ;

2018-05-26 09:49:33 params :
------------
Array:
rule : -2 ;
module :  ;
message : Array ;

2018-05-26 09:49:33 response :
------------

2018-05-26 09:52:32 trace :
------------
Array:
tousername : gh_0c02969f70a6 ;
fromusername : oSI4Lj6FuF7nRHHuo8tGMR8S_P14 ;
createtime : 1527299552 ;
msgtype : event ;
event : VIEW ;
eventkey : http://zz.jhzh66.com/app/index.php?i=8&c=entry&eid=194 ;
menuid : 425602379 ;
from : oSI4Lj6FuF7nRHHuo8tGMR8S_P14 ;
to : gh_0c02969f70a6 ;
time : 1527299552 ;
type : event ;

2018-05-26 09:52:32 params :
------------
Array:
rule : -2 ;
module :  ;
message : Array ;

2018-05-26 09:52:32 response :
------------

2018-05-26 09:53:52 trace :
------------
Array:
tousername : gh_0c02969f70a6 ;
fromusername : oSI4Lj6FuF7nRHHuo8tGMR8S_P14 ;
createtime : 1527299632 ;
msgtype : event ;
event : VIEW ;
eventkey : http://zz.jhzh66.com/app/index.php?i=8&c=entry&eid=194 ;
menuid : 425602379 ;
from : oSI4Lj6FuF7nRHHuo8tGMR8S_P14 ;
to : gh_0c02969f70a6 ;
time : 1527299632 ;
type : event ;

2018-05-26 09:53:52 params :
------------
Array:
rule : -2 ;
module :  ;
message : Array ;

2018-05-26 09:53:52 response :
------------

2018-05-26 09:56:39 trace :
------------
Array:
tousername : gh_0c02969f70a6 ;
fromusername : oSI4Lj9e2gdKLv2b36V8MG1GoYZE ;
createtime : 1527299799 ;
msgtype : event ;
event : VIEW ;
eventkey : http://zz.jhzh66.com/app/index.php?i=8&c=entry&eid=198 ;
menuid : 425602379 ;
from : oSI4Lj9e2gdKLv2b36V8MG1GoYZE ;
to : gh_0c02969f70a6 ;
time : 1527299799 ;
type : event ;

2018-05-26 09:56:39 params :
------------
Array:
rule : -2 ;
module :  ;
message : Array ;

2018-05-26 09:56:39 response :
------------

2018-05-26 09:59:01 trace :
------------
Array:
tousername : gh_0c02969f70a6 ;
fromusername : oSI4Lj9e2gdKLv2b36V8MG1GoYZE ;
createtime : 1527299941 ;
msgtype : event ;
event : VIEW ;
eventkey : http://zz.jhzh66.com/app/index.php?i=8&c=entry&eid=198 ;
menuid : 425602379 ;
from : oSI4Lj9e2gdKLv2b36V8MG1GoYZE ;
to : gh_0c02969f70a6 ;
time : 1527299941 ;
type : event ;

2018-05-26 09:59:01 params :
------------
Array:
rule : -2 ;
module :  ;
message : Array ;

2018-05-26 09:59:01 response :
------------

2018-05-26 10:06:32 trace :
------------
Array:
tousername : gh_0c02969f70a6 ;
fromusername : oSI4Lj6FuF7nRHHuo8tGMR8S_P14 ;
createtime : 1527300392 ;
msgtype : event ;
event : VIEW ;
eventkey : http://zz.jhzh66.com/app/index.php?i=8&c=entry&eid=194 ;
menuid : 425602379 ;
from : oSI4Lj6FuF7nRHHuo8tGMR8S_P14 ;
to : gh_0c02969f70a6 ;
time : 1527300392 ;
type : event ;

2018-05-26 10:06:32 params :
------------
Array:
rule : -2 ;
module :  ;
message : Array ;

2018-05-26 10:06:32 response :
------------

2018-05-26 10:12:56 trace :
------------
Array:
tousername : gh_0c02969f70a6 ;
fromusername : oSI4Lj97Jm2kdczJ4OHYMLb017pk ;
createtime : 1527300776 ;
msgtype : event ;
event : VIEW ;
eventkey : http://zz.jhzh66.com/app/index.php?i=8&c=entry&eid=194 ;
menuid : 425602379 ;
from : oSI4Lj97Jm2kdczJ4OHYMLb017pk ;
to : gh_0c02969f70a6 ;
time : 1527300776 ;
type : event ;

2018-05-26 10:12:56 params :
------------
Array:
rule : -2 ;
module :  ;
message : Array ;

2018-05-26 10:12:56 response :
------------

2018-05-26 10:28:45 trace :
------------
Array:
tousername : gh_0c02969f70a6 ;
fromusername : oSI4Lj6aZRapBgEh58KVF9GFyYwI ;
createtime : 1527301725 ;
msgtype : event ;
event : subscribe ;
eventkey : qrscene_acb815a819dc928f0622423a4d3b5a77 ;
ticket : gQE18TwAAAAAAAAAAS5odHRwOi8vd2VpeGluLnFxLmNvbS9xLzAyUm5QYkFDOGU4YmYxMDAwMDAwN0wAAgRF8-taAwQAAAAA ;
from : oSI4Lj6aZRapBgEh58KVF9GFyYwI ;
to : gh_0c02969f70a6 ;
time : 1527301725 ;
type : subscribe ;
scene : acb815a819dc928f0622423a4d3b5a77 ;

2018-05-26 10:28:50 trace :
------------
Array:
tousername : gh_0c02969f70a6 ;
fromusername : oSI4Lj6aZRapBgEh58KVF9GFyYwI ;
createtime : 1527301730 ;
msgtype : event ;
event : VIEW ;
eventkey : http://zz.jhzh66.com/app/index.php?i=8&c=entry&eid=194 ;
menuid : 425602379 ;
from : oSI4Lj6aZRapBgEh58KVF9GFyYwI ;
to : gh_0c02969f70a6 ;
time : 1527301730 ;
type : event ;

2018-05-26 10:28:50 params :
------------
Array:
rule : -2 ;
module :  ;
message : Array ;

2018-05-26 10:28:50 response :
------------

2018-05-26 10:31:49 trace :
------------
Array:
tousername : gh_0c02969f70a6 ;
fromusername : oSI4Lj6aZRapBgEh58KVF9GFyYwI ;
createtime : 1527301909 ;
msgtype : event ;
event : VIEW ;
eventkey : http://zz.jhzh66.com/app/index.php?i=8&c=entry&eid=198 ;
menuid : 425602379 ;
from : oSI4Lj6aZRapBgEh58KVF9GFyYwI ;
to : gh_0c02969f70a6 ;
time : 1527301909 ;
type : event ;

2018-05-26 10:31:49 params :
------------
Array:
rule : -2 ;
module :  ;
message : Array ;

2018-05-26 10:31:49 response :
------------

2018-05-26 10:41:42 trace :
------------
Array:
tousername : gh_0c02969f70a6 ;
fromusername : oSI4Lj97Jm2kdczJ4OHYMLb017pk ;
createtime : 1527302502 ;
msgtype : event ;
event : VIEW ;
eventkey : http://zz.jhzh66.com/app/index.php?i=8&c=entry&eid=194 ;
menuid : 425602379 ;
from : oSI4Lj97Jm2kdczJ4OHYMLb017pk ;
to : gh_0c02969f70a6 ;
time : 1527302502 ;
type : event ;

2018-05-26 10:41:42 params :
------------
Array:
rule : -2 ;
module :  ;
message : Array ;

2018-05-26 10:41:42 response :
------------

2018-05-26 10:42:59 trace :
------------
Array:
tousername : gh_0c02969f70a6 ;
fromusername : oSI4Lj97Jm2kdczJ4OHYMLb017pk ;
createtime : 1527302579 ;
msgtype : event ;
event : VIEW ;
eventkey : http://zz.jhzh66.com/app/index.php?i=8&c=entry&eid=198 ;
menuid : 425602379 ;
from : oSI4Lj97Jm2kdczJ4OHYMLb017pk ;
to : gh_0c02969f70a6 ;
time : 1527302579 ;
type : event ;

2018-05-26 10:42:59 params :
------------
Array:
rule : -2 ;
module :  ;
message : Array ;

2018-05-26 10:42:59 response :
------------

2018-05-26 10:44:44 trace :
------------
Array:
tousername : gh_0c02969f70a6 ;
fromusername : oSI4Lj3ohoEGflzKCTyD1bcO3Glw ;
createtime : 1527302684 ;
msgtype : event ;
event : subscribe ;
eventkey : Array ;
from : oSI4Lj3ohoEGflzKCTyD1bcO3Glw ;
to : gh_0c02969f70a6 ;
time : 1527302684 ;
type : subscribe ;

2018-05-26 10:44:44 params :
------------
Array:
rule : -2 ;
module :  ;
message : Array ;

2018-05-26 10:44:44 response :
------------

2018-05-26 10:48:32 trace :
------------
Array:
tousername : gh_0c02969f70a6 ;
fromusername : oSI4Lj7HuxNBdLXYM_3Ok4x6UnVI ;
createtime : 1527302912 ;
msgtype : event ;
event : VIEW ;
eventkey : https://h.eqxiu.com/s/U4YBmmJj ;
menuid : 425602379 ;
from : oSI4Lj7HuxNBdLXYM_3Ok4x6UnVI ;
to : gh_0c02969f70a6 ;
time : 1527302912 ;
type : event ;

2018-05-26 10:48:32 params :
------------
Array:
rule : -2 ;
module :  ;
message : Array ;

2018-05-26 10:48:32 response :
------------

2018-05-26 10:48:53 trace :
------------
Array:
tousername : gh_0c02969f70a6 ;
fromusername : oSI4Lj97Jm2kdczJ4OHYMLb017pk ;
createtime : 1527302933 ;
msgtype : event ;
event : VIEW ;
eventkey : http://zz.jhzh66.com/app/index.php?i=8&c=entry&eid=198 ;
menuid : 425602379 ;
from : oSI4Lj97Jm2kdczJ4OHYMLb017pk ;
to : gh_0c02969f70a6 ;
time : 1527302933 ;
type : event ;

2018-05-26 10:48:53 params :
------------
Array:
rule : -2 ;
module :  ;
message : Array ;

2018-05-26 10:48:53 response :
------------

2018-05-26 10:49:04 trace :
------------
Array:
tousername : gh_0c02969f70a6 ;
fromusername : oSI4Lj7HuxNBdLXYM_3Ok4x6UnVI ;
createtime : 1527302944 ;
msgtype : event ;
event : CLICK ;
eventkey : 关注 ;
from : oSI4Lj7HuxNBdLXYM_3Ok4x6UnVI ;
to : gh_0c02969f70a6 ;
time : 1527302944 ;
type : event ;

2018-05-26 10:49:17 trace :
------------
Array:
tousername : gh_0c02969f70a6 ;
fromusername : oSI4Lj7HuxNBdLXYM_3Ok4x6UnVI ;
createtime : 1527302957 ;
msgtype : event ;
event : SCAN ;
eventkey : 70fe70ef9296533f5589e4cc8f1bc636 ;
ticket : gQE48TwAAAAAAAAAAS5odHRwOi8vd2VpeGluLnFxLmNvbS9xLzAydC1rdUJqOGU4YmYxMDAwME0wNzQAAgQgywhbAwQAAAAA ;
from : oSI4Lj7HuxNBdLXYM_3Ok4x6UnVI ;
to : gh_0c02969f70a6 ;
time : 1527302957 ;
type : subscribe ;
scene : 70fe70ef9296533f5589e4cc8f1bc636 ;

2018-05-26 10:49:22 trace :
------------
Array:
tousername : gh_0c02969f70a6 ;
fromusername : oSI4Lj7HuxNBdLXYM_3Ok4x6UnVI ;
createtime : 1527302961 ;
msgtype : event ;
event : VIEW ;
eventkey : http://zz.jhzh66.com/app/index.php?i=8&c=entry&eid=194 ;
menuid : 425602379 ;
from : oSI4Lj7HuxNBdLXYM_3Ok4x6UnVI ;
to : gh_0c02969f70a6 ;
time : 1527302961 ;
type : event ;

2018-05-26 10:49:22 params :
------------
Array:
rule : -2 ;
module :  ;
message : Array ;

2018-05-26 10:49:22 response :
------------

2018-05-26 10:54:38 trace :
------------
Array:
tousername : gh_0c02969f70a6 ;
fromusername : oSI4Lj97Jm2kdczJ4OHYMLb017pk ;
createtime : 1527303278 ;
msgtype : event ;
event : VIEW ;
eventkey : http://zz.jhzh66.com/app/index.php?i=8&c=entry&eid=194 ;
menuid : 425602379 ;
from : oSI4Lj97Jm2kdczJ4OHYMLb017pk ;
to : gh_0c02969f70a6 ;
time : 1527303278 ;
type : event ;

2018-05-26 10:54:38 params :
------------
Array:
rule : -2 ;
module :  ;
message : Array ;

2018-05-26 10:54:38 response :
------------

2018-05-26 10:55:32 trace :
------------
Array:
tousername : gh_0c02969f70a6 ;
fromusername : oSI4Lj7HuxNBdLXYM_3Ok4x6UnVI ;
createtime : 1527303332 ;
msgtype : event ;
event : VIEW ;
eventkey : https://h.eqxiu.com/s/U4YBmmJj ;
menuid : 425602379 ;
from : oSI4Lj7HuxNBdLXYM_3Ok4x6UnVI ;
to : gh_0c02969f70a6 ;
time : 1527303332 ;
type : event ;

2018-05-26 10:55:32 params :
------------
Array:
rule : -2 ;
module :  ;
message : Array ;

2018-05-26 10:55:32 response :
------------

2018-05-26 11:02:53 trace :
------------
Array:
tousername : gh_0c02969f70a6 ;
fromusername : oSI4Lj97Jm2kdczJ4OHYMLb017pk ;
createtime : 1527303773 ;
msgtype : event ;
event : VIEW ;
eventkey : http://zz.jhzh66.com/app/index.php?i=8&c=entry&eid=194 ;
menuid : 425602379 ;
from : oSI4Lj97Jm2kdczJ4OHYMLb017pk ;
to : gh_0c02969f70a6 ;
time : 1527303773 ;
type : event ;

2018-05-26 11:02:53 params :
------------
Array:
rule : -2 ;
module :  ;
message : Array ;

2018-05-26 11:02:53 response :
------------

2018-05-26 11:07:14 trace :
------------
Array:
tousername : gh_0c02969f70a6 ;
fromusername : oSI4Lj97Jm2kdczJ4OHYMLb017pk ;
createtime : 1527304034 ;
msgtype : event ;
event : VIEW ;
eventkey : http://zz.jhzh66.com/app/index.php?i=8&c=entry&eid=194 ;
menuid : 425602379 ;
from : oSI4Lj97Jm2kdczJ4OHYMLb017pk ;
to : gh_0c02969f70a6 ;
time : 1527304034 ;
type : event ;

2018-05-26 11:07:14 params :
------------
Array:
rule : -2 ;
module :  ;
message : Array ;

2018-05-26 11:07:14 response :
------------

2018-05-26 11:37:35 trace :
------------
Array:
tousername : gh_0c02969f70a6 ;
fromusername : oSI4LjxOk_z2c7unlDpR6f69Hl6A ;
createtime : 1527305855 ;
msgtype : event ;
event : VIEW ;
eventkey : http://zz.jhzh66.com/app/index.php?i=8&c=entry&eid=194 ;
menuid : 425602379 ;
from : oSI4LjxOk_z2c7unlDpR6f69Hl6A ;
to : gh_0c02969f70a6 ;
time : 1527305855 ;
type : event ;

2018-05-26 11:37:35 params :
------------
Array:
rule : -2 ;
module :  ;
message : Array ;

2018-05-26 11:37:35 response :
------------

2018-05-26 11:39:16 trace :
------------
Array:
tousername : gh_0c02969f70a6 ;
fromusername : oSI4LjxOk_z2c7unlDpR6f69Hl6A ;
createtime : 1527305956 ;
msgtype : event ;
event : VIEW ;
eventkey : http://zz.jhzh66.com/app/index.php?i=8&c=entry&eid=194 ;
menuid : 425602379 ;
from : oSI4LjxOk_z2c7unlDpR6f69Hl6A ;
to : gh_0c02969f70a6 ;
time : 1527305956 ;
type : event ;

2018-05-26 11:39:16 params :
------------
Array:
rule : -2 ;
module :  ;
message : Array ;

2018-05-26 11:39:16 response :
------------

2018-05-26 11:46:47 trace :
------------
Array:
tousername : gh_0c02969f70a6 ;
fromusername : oSI4Lj97Jm2kdczJ4OHYMLb017pk ;
createtime : 1527306407 ;
msgtype : event ;
event : VIEW ;
eventkey : http://zz.jhzh66.com/app/index.php?i=8&c=entry&eid=194 ;
menuid : 425602379 ;
from : oSI4Lj97Jm2kdczJ4OHYMLb017pk ;
to : gh_0c02969f70a6 ;
time : 1527306407 ;
type : event ;

2018-05-26 11:46:47 params :
------------
Array:
rule : -2 ;
module :  ;
message : Array ;

2018-05-26 11:46:47 response :
------------

2018-05-26 12:46:50 trace :
------------
Array:
tousername : gh_0c02969f70a6 ;
fromusername : oSI4LjzGDzCztrhCP10C7-4flpE4 ;
createtime : 1527310010 ;
msgtype : event ;
event : VIEW ;
eventkey : http://zz.jhzh66.com/app/index.php?i=8&c=entry&eid=198 ;
menuid : 425602379 ;
from : oSI4LjzGDzCztrhCP10C7-4flpE4 ;
to : gh_0c02969f70a6 ;
time : 1527310010 ;
type : event ;

2018-05-26 12:46:50 params :
------------
Array:
rule : -2 ;
module :  ;
message : Array ;

2018-05-26 12:46:50 response :
------------

2018-05-26 13:06:53 trace :
------------
Array:
tousername : gh_0c02969f70a6 ;
fromusername : oSI4Lj97Jm2kdczJ4OHYMLb017pk ;
createtime : 1527311212 ;
msgtype : event ;
event : VIEW ;
eventkey : http://zz.jhzh66.com/app/index.php?i=8&c=entry&eid=194 ;
menuid : 425602379 ;
from : oSI4Lj97Jm2kdczJ4OHYMLb017pk ;
to : gh_0c02969f70a6 ;
time : 1527311212 ;
type : event ;

2018-05-26 13:06:53 params :
------------
Array:
rule : -2 ;
module :  ;
message : Array ;

2018-05-26 13:06:53 response :
------------

2018-05-26 13:55:31 trace :
------------
Array:
tousername : gh_0c02969f70a6 ;
fromusername : oSI4LjzGDzCztrhCP10C7-4flpE4 ;
createtime : 1527314131 ;
msgtype : event ;
event : VIEW ;
eventkey : http://zz.jhzh66.com/app/index.php?i=8&c=entry&eid=198 ;
menuid : 425602379 ;
from : oSI4LjzGDzCztrhCP10C7-4flpE4 ;
to : gh_0c02969f70a6 ;
time : 1527314131 ;
type : event ;

2018-05-26 13:55:31 params :
------------
Array:
rule : -2 ;
module :  ;
message : Array ;

2018-05-26 13:55:31 response :
------------

2018-05-26 13:56:23 trace :
------------
Array:
tousername : gh_0c02969f70a6 ;
fromusername : oSI4LjzGDzCztrhCP10C7-4flpE4 ;
createtime : 1527314183 ;
msgtype : event ;
event : VIEW ;
eventkey : http://zz.jhzh66.com/app/index.php?i=8&c=entry&eid=198 ;
menuid : 425602379 ;
from : oSI4LjzGDzCztrhCP10C7-4flpE4 ;
to : gh_0c02969f70a6 ;
time : 1527314183 ;
type : event ;

2018-05-26 13:56:23 params :
------------
Array:
rule : -2 ;
module :  ;
message : Array ;

2018-05-26 13:56:23 response :
------------

2018-05-26 15:25:39 trace :
------------
Array:
tousername : gh_0c02969f70a6 ;
fromusername : oSI4LjzGDzCztrhCP10C7-4flpE4 ;
createtime : 1527319539 ;
msgtype : event ;
event : VIEW ;
eventkey : http://zz.jhzh66.com/app/index.php?i=8&c=entry&eid=194 ;
menuid : 425602379 ;
from : oSI4LjzGDzCztrhCP10C7-4flpE4 ;
to : gh_0c02969f70a6 ;
time : 1527319539 ;
type : event ;

2018-05-26 15:25:39 params :
------------
Array:
rule : -2 ;
module :  ;
message : Array ;

2018-05-26 15:25:39 response :
------------

2018-05-26 15:26:13 trace :
------------
Array:
tousername : gh_0c02969f70a6 ;
fromusername : oSI4LjzGDzCztrhCP10C7-4flpE4 ;
createtime : 1527319573 ;
msgtype : event ;
event : VIEW ;
eventkey : http://www.haolangtech.com/index.php/addon/HotActivity/HotActivity/leagueindex/id/1.html?from=groupmessage&isappinstalled=0 ;
menuid : 425602379 ;
from : oSI4LjzGDzCztrhCP10C7-4flpE4 ;
to : gh_0c02969f70a6 ;
time : 1527319573 ;
type : event ;

2018-05-26 15:26:13 params :
------------
Array:
rule : -2 ;
module :  ;
message : Array ;

2018-05-26 15:26:13 response :
------------

2018-05-26 16:15:30 trace :
------------
Array:
tousername : gh_0c02969f70a6 ;
fromusername : oSI4Lj95EWi6-qifEuK2-xlggHx4 ;
createtime : 1527322530 ;
msgtype : event ;
event : VIEW ;
eventkey : http://zz.jhzh66.com/app/index.php?i=8&c=entry&eid=198 ;
menuid : 425602379 ;
from : oSI4Lj95EWi6-qifEuK2-xlggHx4 ;
to : gh_0c02969f70a6 ;
time : 1527322530 ;
type : event ;

2018-05-26 16:15:30 params :
------------
Array:
rule : -2 ;
module :  ;
message : Array ;

2018-05-26 16:15:30 response :
------------

2018-05-26 16:21:55 trace :
------------
Array:
tousername : gh_0c02969f70a6 ;
fromusername : oSI4Lj1n1DqiQp4ny9-h7ubZHgl8 ;
createtime : 1527322915 ;
msgtype : event ;
event : VIEW ;
eventkey : http://zz.jhzh66.com/app/index.php?i=8&c=entry&eid=194 ;
menuid : 425602379 ;
from : oSI4Lj1n1DqiQp4ny9-h7ubZHgl8 ;
to : gh_0c02969f70a6 ;
time : 1527322915 ;
type : event ;

2018-05-26 16:21:55 params :
------------
Array:
rule : -2 ;
module :  ;
message : Array ;

2018-05-26 16:21:55 response :
------------

2018-05-26 16:25:04 trace :
------------
Array:
tousername : gh_0c02969f70a6 ;
fromusername : oSI4Lj97Jm2kdczJ4OHYMLb017pk ;
createtime : 1527323104 ;
msgtype : event ;
event : VIEW ;
eventkey : http://zz.jhzh66.com/app/index.php?i=8&c=entry&eid=198 ;
menuid : 425602379 ;
from : oSI4Lj97Jm2kdczJ4OHYMLb017pk ;
to : gh_0c02969f70a6 ;
time : 1527323104 ;
type : event ;

2018-05-26 16:25:04 params :
------------
Array:
rule : -2 ;
module :  ;
message : Array ;

2018-05-26 16:25:04 response :
------------

2018-05-26 16:25:12 trace :
------------
Array:
tousername : gh_0c02969f70a6 ;
fromusername : oSI4Lj1n1DqiQp4ny9-h7ubZHgl8 ;
createtime : 1527323112 ;
msgtype : event ;
event : VIEW ;
eventkey : http://zz.jhzh66.com/app/index.php?i=8&c=entry&eid=198 ;
menuid : 425602379 ;
from : oSI4Lj1n1DqiQp4ny9-h7ubZHgl8 ;
to : gh_0c02969f70a6 ;
time : 1527323112 ;
type : event ;

2018-05-26 16:25:12 params :
------------
Array:
rule : -2 ;
module :  ;
message : Array ;

2018-05-26 16:25:12 response :
------------

2018-05-26 16:26:10 trace :
------------
Array:
tousername : gh_0c02969f70a6 ;
fromusername : oSI4Lj1n1DqiQp4ny9-h7ubZHgl8 ;
createtime : 1527323170 ;
msgtype : event ;
event : VIEW ;
eventkey : http://zz.jhzh66.com/app/index.php?i=8&c=entry&eid=198 ;
menuid : 425602379 ;
from : oSI4Lj1n1DqiQp4ny9-h7ubZHgl8 ;
to : gh_0c02969f70a6 ;
time : 1527323170 ;
type : event ;

2018-05-26 16:26:10 params :
------------
Array:
rule : -2 ;
module :  ;
message : Array ;

2018-05-26 16:26:10 response :
------------

2018-05-26 16:26:23 trace :
------------
Array:
tousername : gh_0c02969f70a6 ;
fromusername : oSI4Lj97Jm2kdczJ4OHYMLb017pk ;
createtime : 1527323183 ;
msgtype : event ;
event : VIEW ;
eventkey : http://zz.jhzh66.com/app/index.php?i=8&c=entry&eid=194 ;
menuid : 425602379 ;
from : oSI4Lj97Jm2kdczJ4OHYMLb017pk ;
to : gh_0c02969f70a6 ;
time : 1527323183 ;
type : event ;

2018-05-26 16:26:23 params :
------------
Array:
rule : -2 ;
module :  ;
message : Array ;

2018-05-26 16:26:23 response :
------------

2018-05-26 16:27:37 trace :
------------
Array:
tousername : gh_0c02969f70a6 ;
fromusername : oSI4Lj1n1DqiQp4ny9-h7ubZHgl8 ;
createtime : 1527323257 ;
msgtype : event ;
event : VIEW ;
eventkey : http://zz.jhzh66.com/app/index.php?i=8&c=entry&eid=198 ;
menuid : 425602379 ;
from : oSI4Lj1n1DqiQp4ny9-h7ubZHgl8 ;
to : gh_0c02969f70a6 ;
time : 1527323257 ;
type : event ;

2018-05-26 16:27:37 params :
------------
Array:
rule : -2 ;
module :  ;
message : Array ;

2018-05-26 16:27:37 response :
------------

2018-05-26 16:30:54 trace :
------------
Array:
tousername : gh_0c02969f70a6 ;
fromusername : oSI4Lj1n1DqiQp4ny9-h7ubZHgl8 ;
createtime : 1527323454 ;
msgtype : event ;
event : VIEW ;
eventkey : http://zz.jhzh66.com/app/index.php?i=8&c=entry&eid=198 ;
menuid : 425602379 ;
from : oSI4Lj1n1DqiQp4ny9-h7ubZHgl8 ;
to : gh_0c02969f70a6 ;
time : 1527323454 ;
type : event ;

2018-05-26 16:30:54 params :
------------
Array:
rule : -2 ;
module :  ;
message : Array ;

2018-05-26 16:30:54 response :
------------

2018-05-26 16:31:17 trace :
------------
Array:
tousername : gh_0c02969f70a6 ;
fromusername : oSI4Lj1n1DqiQp4ny9-h7ubZHgl8 ;
createtime : 1527323477 ;
msgtype : event ;
event : VIEW ;
eventkey : http://zz.jhzh66.com/app/index.php?i=8&c=entry&eid=198 ;
menuid : 425602379 ;
from : oSI4Lj1n1DqiQp4ny9-h7ubZHgl8 ;
to : gh_0c02969f70a6 ;
time : 1527323477 ;
type : event ;

2018-05-26 16:31:17 params :
------------
Array:
rule : -2 ;
module :  ;
message : Array ;

2018-05-26 16:31:17 response :
------------

2018-05-26 16:31:28 trace :
------------
Array:
tousername : gh_0c02969f70a6 ;
fromusername : oSI4Lj1n1DqiQp4ny9-h7ubZHgl8 ;
createtime : 1527323488 ;
msgtype : event ;
event : VIEW ;
eventkey : http://zz.jhzh66.com/app/index.php?i=8&c=entry&eid=194 ;
menuid : 425602379 ;
from : oSI4Lj1n1DqiQp4ny9-h7ubZHgl8 ;
to : gh_0c02969f70a6 ;
time : 1527323488 ;
type : event ;

2018-05-26 16:31:28 params :
------------
Array:
rule : -2 ;
module :  ;
message : Array ;

2018-05-26 16:31:28 response :
------------

2018-05-26 16:43:57 trace :
------------
Array:
tousername : gh_0c02969f70a6 ;
fromusername : oSI4Lj-mQFi0cVrtdhb5LRhxTXRo ;
createtime : 1527324236 ;
msgtype : event ;
event : SCAN ;
eventkey : 5141e420449e42c7df87975ef87074b6 ;
ticket : gQHp8TwAAAAAAAAAAS5odHRwOi8vd2VpeGluLnFxLmNvbS9xLzAyZjNCWkJmOGU4YmYxMDAwMDAwN2oAAgTj86RaAwQAAAAA ;
from : oSI4Lj-mQFi0cVrtdhb5LRhxTXRo ;
to : gh_0c02969f70a6 ;
time : 1527324236 ;
type : subscribe ;
scene : 5141e420449e42c7df87975ef87074b6 ;

2018-05-26 16:44:00 trace :
------------
Array:
tousername : gh_0c02969f70a6 ;
fromusername : oSI4Lj-mQFi0cVrtdhb5LRhxTXRo ;
createtime : 1527324240 ;
msgtype : event ;
event : VIEW ;
eventkey : http://zz.jhzh66.com/app/index.php?i=8&c=entry&eid=194 ;
menuid : 425602379 ;
from : oSI4Lj-mQFi0cVrtdhb5LRhxTXRo ;
to : gh_0c02969f70a6 ;
time : 1527324240 ;
type : event ;

2018-05-26 16:44:00 params :
------------
Array:
rule : -2 ;
module :  ;
message : Array ;

2018-05-26 16:44:00 response :
------------

2018-05-26 16:48:52 trace :
------------
Array:
tousername : gh_0c02969f70a6 ;
fromusername : oSI4Lj97Jm2kdczJ4OHYMLb017pk ;
createtime : 1527324532 ;
msgtype : event ;
event : VIEW ;
eventkey : http://zz.jhzh66.com/app/index.php?i=8&c=entry&eid=194 ;
menuid : 425602379 ;
from : oSI4Lj97Jm2kdczJ4OHYMLb017pk ;
to : gh_0c02969f70a6 ;
time : 1527324532 ;
type : event ;

2018-05-26 16:48:52 params :
------------
Array:
rule : -2 ;
module :  ;
message : Array ;

2018-05-26 16:48:52 response :
------------

2018-05-26 16:48:59 trace :
------------
Array:
tousername : gh_0c02969f70a6 ;
fromusername : oSI4Lj1n1DqiQp4ny9-h7ubZHgl8 ;
createtime : 1527324539 ;
msgtype : event ;
event : VIEW ;
eventkey : http://zz.jhzh66.com/app/index.php?i=8&c=entry&eid=194 ;
menuid : 425602379 ;
from : oSI4Lj1n1DqiQp4ny9-h7ubZHgl8 ;
to : gh_0c02969f70a6 ;
time : 1527324539 ;
type : event ;

2018-05-26 16:48:59 params :
------------
Array:
rule : -2 ;
module :  ;
message : Array ;

2018-05-26 16:48:59 response :
------------

2018-05-26 16:54:34 trace :
------------
Array:
tousername : gh_0c02969f70a6 ;
fromusername : oSI4LjzGDzCztrhCP10C7-4flpE4 ;
createtime : 1527324874 ;
msgtype : event ;
event : VIEW ;
eventkey : http://zz.jhzh66.com/app/index.php?i=8&c=entry&eid=194 ;
menuid : 425602379 ;
from : oSI4LjzGDzCztrhCP10C7-4flpE4 ;
to : gh_0c02969f70a6 ;
time : 1527324874 ;
type : event ;

2018-05-26 16:54:34 params :
------------
Array:
rule : -2 ;
module :  ;
message : Array ;

2018-05-26 16:54:34 response :
------------

2018-05-26 17:01:54 trace :
------------
Array:
tousername : gh_0c02969f70a6 ;
fromusername : oSI4LjzGDzCztrhCP10C7-4flpE4 ;
createtime : 1527325314 ;
msgtype : event ;
event : VIEW ;
eventkey : http://zz.jhzh66.com/app/index.php?i=8&c=entry&eid=194 ;
menuid : 425602379 ;
from : oSI4LjzGDzCztrhCP10C7-4flpE4 ;
to : gh_0c02969f70a6 ;
time : 1527325314 ;
type : event ;

2018-05-26 17:01:54 params :
------------
Array:
rule : -2 ;
module :  ;
message : Array ;

2018-05-26 17:01:54 response :
------------

2018-05-26 17:03:11 trace :
------------
Array:
tousername : gh_0c02969f70a6 ;
fromusername : oSI4LjzGDzCztrhCP10C7-4flpE4 ;
createtime : 1527325391 ;
msgtype : event ;
event : VIEW ;
eventkey : http://zz.jhzh66.com/app/index.php?i=8&c=entry&eid=194 ;
menuid : 425602379 ;
from : oSI4LjzGDzCztrhCP10C7-4flpE4 ;
to : gh_0c02969f70a6 ;
time : 1527325391 ;
type : event ;

2018-05-26 17:03:11 params :
------------
Array:
rule : -2 ;
module :  ;
message : Array ;

2018-05-26 17:03:11 response :
------------

2018-05-26 17:03:14 trace :
------------
Array:
tousername : gh_0c02969f70a6 ;
fromusername : oSI4Lj-mQFi0cVrtdhb5LRhxTXRo ;
createtime : 1527325394 ;
msgtype : event ;
event : SCAN ;
eventkey : 426b7b6598c63949b7367f2234efe3c9 ;
ticket : gQFD8TwAAAAAAAAAAS5odHRwOi8vd2VpeGluLnFxLmNvbS9xLzAycEoxVUF4OGU4YmYxMDAwMGcwN0cAAgQxugRbAwQAAAAA ;
from : oSI4Lj-mQFi0cVrtdhb5LRhxTXRo ;
to : gh_0c02969f70a6 ;
time : 1527325394 ;
type : subscribe ;
scene : 426b7b6598c63949b7367f2234efe3c9 ;

2018-05-26 17:03:17 trace :
------------
Array:
tousername : gh_0c02969f70a6 ;
fromusername : oSI4Lj-mQFi0cVrtdhb5LRhxTXRo ;
createtime : 1527325397 ;
msgtype : event ;
event : VIEW ;
eventkey : http://zz.jhzh66.com/app/index.php?i=8&c=entry&eid=194 ;
menuid : 425602379 ;
from : oSI4Lj-mQFi0cVrtdhb5LRhxTXRo ;
to : gh_0c02969f70a6 ;
time : 1527325397 ;
type : event ;

2018-05-26 17:03:17 params :
------------
Array:
rule : -2 ;
module :  ;
message : Array ;

2018-05-26 17:03:17 response :
------------

2018-05-26 17:18:22 trace :
------------
Array:
tousername : gh_0c02969f70a6 ;
fromusername : oSI4LjxOlZ44zIFuQzgAu5_ZuU2M ;
createtime : 1527326302 ;
msgtype : event ;
event : subscribe ;
eventkey : Array ;
from : oSI4LjxOlZ44zIFuQzgAu5_ZuU2M ;
to : gh_0c02969f70a6 ;
time : 1527326302 ;
type : subscribe ;

2018-05-26 17:18:22 params :
------------
Array:
rule : -2 ;
module :  ;
message : Array ;

2018-05-26 17:18:22 response :
------------

2018-05-26 17:21:13 trace :
------------
Array:
tousername : gh_0c02969f70a6 ;
fromusername : oSI4Lj95EWi6-qifEuK2-xlggHx4 ;
createtime : 1527326473 ;
msgtype : event ;
event : VIEW ;
eventkey : http://zz.jhzh66.com/app/index.php?i=8&c=entry&eid=194 ;
menuid : 425602379 ;
from : oSI4Lj95EWi6-qifEuK2-xlggHx4 ;
to : gh_0c02969f70a6 ;
time : 1527326473 ;
type : event ;

2018-05-26 17:21:13 params :
------------
Array:
rule : -2 ;
module :  ;
message : Array ;

2018-05-26 17:21:13 response :
------------

2018-05-26 17:22:44 trace :
------------
Array:
tousername : gh_0c02969f70a6 ;
fromusername : oSI4Lj97Jm2kdczJ4OHYMLb017pk ;
createtime : 1527326564 ;
msgtype : event ;
event : VIEW ;
eventkey : http://zz.jhzh66.com/app/index.php?i=8&c=entry&eid=198 ;
menuid : 425602379 ;
from : oSI4Lj97Jm2kdczJ4OHYMLb017pk ;
to : gh_0c02969f70a6 ;
time : 1527326564 ;
type : event ;

2018-05-26 17:22:44 params :
------------
Array:
rule : -2 ;
module :  ;
message : Array ;

2018-05-26 17:22:44 response :
------------

2018-05-26 17:24:20 trace :
------------
Array:
tousername : gh_0c02969f70a6 ;
fromusername : oSI4Lj95EWi6-qifEuK2-xlggHx4 ;
createtime : 1527326660 ;
msgtype : event ;
event : SCAN ;
eventkey : acb815a819dc928f0622423a4d3b5a77 ;
ticket : gQE18TwAAAAAAAAAAS5odHRwOi8vd2VpeGluLnFxLmNvbS9xLzAyUm5QYkFDOGU4YmYxMDAwMDAwN0wAAgRF8-taAwQAAAAA ;
from : oSI4Lj95EWi6-qifEuK2-xlggHx4 ;
to : gh_0c02969f70a6 ;
time : 1527326660 ;
type : subscribe ;
scene : acb815a819dc928f0622423a4d3b5a77 ;

2018-05-26 17:25:06 trace :
------------
Array:
tousername : gh_0c02969f70a6 ;
fromusername : oSI4Lj97Jm2kdczJ4OHYMLb017pk ;
createtime : 1527326706 ;
msgtype : event ;
event : VIEW ;
eventkey : http://zz.jhzh66.com/app/index.php?i=8&c=entry&eid=194 ;
menuid : 425602379 ;
from : oSI4Lj97Jm2kdczJ4OHYMLb017pk ;
to : gh_0c02969f70a6 ;
time : 1527326706 ;
type : event ;

2018-05-26 17:25:06 params :
------------
Array:
rule : -2 ;
module :  ;
message : Array ;

2018-05-26 17:25:06 response :
------------

2018-05-26 18:00:26 trace :
------------
Array:
tousername : gh_0c02969f70a6 ;
fromusername : oSI4Lj95EWi6-qifEuK2-xlggHx4 ;
createtime : 1527328826 ;
msgtype : event ;
event : VIEW ;
eventkey : http://zz.jhzh66.com/app/index.php?i=8&c=entry&eid=194 ;
menuid : 425602379 ;
from : oSI4Lj95EWi6-qifEuK2-xlggHx4 ;
to : gh_0c02969f70a6 ;
time : 1527328826 ;
type : event ;

2018-05-26 18:00:26 params :
------------
Array:
rule : -2 ;
module :  ;
message : Array ;

2018-05-26 18:00:26 response :
------------

2018-05-26 18:04:12 trace :
------------
Array:
tousername : gh_0c02969f70a6 ;
fromusername : oSI4Lj-mQFi0cVrtdhb5LRhxTXRo ;
createtime : 1527329052 ;
msgtype : event ;
event : VIEW ;
eventkey : http://zz.jhzh66.com/app/index.php?i=8&c=entry&eid=194 ;
menuid : 425602379 ;
from : oSI4Lj-mQFi0cVrtdhb5LRhxTXRo ;
to : gh_0c02969f70a6 ;
time : 1527329052 ;
type : event ;

2018-05-26 18:04:12 params :
------------
Array:
rule : -2 ;
module :  ;
message : Array ;

2018-05-26 18:04:12 response :
------------

2018-05-26 18:07:34 trace :
------------
Array:
tousername : gh_0c02969f70a6 ;
fromusername : oSI4Lj1n1DqiQp4ny9-h7ubZHgl8 ;
createtime : 1527329254 ;
msgtype : event ;
event : VIEW ;
eventkey : http://zz.jhzh66.com/app/index.php?i=8&c=entry&eid=198 ;
menuid : 425602379 ;
from : oSI4Lj1n1DqiQp4ny9-h7ubZHgl8 ;
to : gh_0c02969f70a6 ;
time : 1527329254 ;
type : event ;

2018-05-26 18:07:34 params :
------------
Array:
rule : -2 ;
module :  ;
message : Array ;

2018-05-26 18:07:34 response :
------------

2018-05-26 18:13:26 trace :
------------
Array:
tousername : gh_0c02969f70a6 ;
fromusername : oSI4Lj1n1DqiQp4ny9-h7ubZHgl8 ;
createtime : 1527329606 ;
msgtype : event ;
event : VIEW ;
eventkey : https://h.eqxiu.com/s/U4YBmmJj ;
menuid : 425602379 ;
from : oSI4Lj1n1DqiQp4ny9-h7ubZHgl8 ;
to : gh_0c02969f70a6 ;
time : 1527329606 ;
type : event ;

2018-05-26 18:13:26 params :
------------
Array:
rule : -2 ;
module :  ;
message : Array ;

2018-05-26 18:13:26 response :
------------

2018-05-26 18:14:32 trace :
------------
Array:
tousername : gh_0c02969f70a6 ;
fromusername : oSI4LjxWJPKWceiH0p02CGxxG1mw ;
createtime : 1527329672 ;
msgtype : event ;
event : subscribe ;
eventkey : Array ;
from : oSI4LjxWJPKWceiH0p02CGxxG1mw ;
to : gh_0c02969f70a6 ;
time : 1527329672 ;
type : subscribe ;

2018-05-26 18:14:32 params :
------------
Array:
rule : -2 ;
module :  ;
message : Array ;

2018-05-26 18:14:32 response :
------------

2018-05-26 18:14:40 trace :
------------
Array:
tousername : gh_0c02969f70a6 ;
fromusername : oSI4LjxWJPKWceiH0p02CGxxG1mw ;
createtime : 1527329680 ;
msgtype : event ;
event : VIEW ;
eventkey : https://h.eqxiu.com/s/U4YBmmJj ;
menuid : 425602379 ;
from : oSI4LjxWJPKWceiH0p02CGxxG1mw ;
to : gh_0c02969f70a6 ;
time : 1527329680 ;
type : event ;

2018-05-26 18:14:40 params :
------------
Array:
rule : -2 ;
module :  ;
message : Array ;

2018-05-26 18:14:40 response :
------------

2018-05-26 18:15:41 trace :
------------
Array:
tousername : gh_0c02969f70a6 ;
fromusername : oSI4LjxWJPKWceiH0p02CGxxG1mw ;
createtime : 1527329741 ;
msgtype : event ;
event : VIEW ;
eventkey : https://h.eqxiu.com/s/U4YBmmJj ;
menuid : 425602379 ;
from : oSI4LjxWJPKWceiH0p02CGxxG1mw ;
to : gh_0c02969f70a6 ;
time : 1527329741 ;
type : event ;

2018-05-26 18:15:41 params :
------------
Array:
rule : -2 ;
module :  ;
message : Array ;

2018-05-26 18:15:41 response :
------------

2018-05-26 18:18:08 trace :
------------
Array:
tousername : gh_0c02969f70a6 ;
fromusername : oSI4LjxOk_z2c7unlDpR6f69Hl6A ;
createtime : 1527329888 ;
msgtype : event ;
event : VIEW ;
eventkey : http://zz.jhzh66.com/app/index.php?i=8&c=entry&eid=194 ;
menuid : 425602379 ;
from : oSI4LjxOk_z2c7unlDpR6f69Hl6A ;
to : gh_0c02969f70a6 ;
time : 1527329888 ;
type : event ;

2018-05-26 18:18:08 params :
------------
Array:
rule : -2 ;
module :  ;
message : Array ;

2018-05-26 18:18:08 response :
------------

2018-05-26 18:21:50 trace :
------------
Array:
tousername : gh_0c02969f70a6 ;
fromusername : oSI4LjxOk_z2c7unlDpR6f69Hl6A ;
createtime : 1527330110 ;
msgtype : event ;
event : VIEW ;
eventkey : http://zz.jhzh66.com/app/index.php?i=8&c=entry&eid=194 ;
menuid : 425602379 ;
from : oSI4LjxOk_z2c7unlDpR6f69Hl6A ;
to : gh_0c02969f70a6 ;
time : 1527330110 ;
type : event ;

2018-05-26 18:21:50 params :
------------
Array:
rule : -2 ;
module :  ;
message : Array ;

2018-05-26 18:21:50 response :
------------

2018-05-26 18:26:13 trace :
------------
Array:
tousername : gh_0c02969f70a6 ;
fromusername : oSI4LjzAsoSVAo2kBhXxegeOiFlE ;
createtime : 1527330373 ;
msgtype : event ;
event : subscribe ;
eventkey : Array ;
from : oSI4LjzAsoSVAo2kBhXxegeOiFlE ;
to : gh_0c02969f70a6 ;
time : 1527330373 ;
type : subscribe ;

2018-05-26 18:26:13 params :
------------
Array:
rule : -2 ;
module :  ;
message : Array ;

2018-05-26 18:26:13 response :
------------

2018-05-26 18:26:16 trace :
------------
Array:
tousername : gh_0c02969f70a6 ;
fromusername : oSI4LjzAsoSVAo2kBhXxegeOiFlE ;
createtime : 1527330376 ;
msgtype : event ;
event : VIEW ;
eventkey : http://zz.jhzh66.com/app/index.php?i=8&c=entry&eid=194 ;
menuid : 425602379 ;
from : oSI4LjzAsoSVAo2kBhXxegeOiFlE ;
to : gh_0c02969f70a6 ;
time : 1527330376 ;
type : event ;

2018-05-26 18:26:16 params :
------------
Array:
rule : -2 ;
module :  ;
message : Array ;

2018-05-26 18:26:16 response :
------------

2018-05-26 18:28:41 trace :
------------
Array:
tousername : gh_0c02969f70a6 ;
fromusername : oSI4LjzAsoSVAo2kBhXxegeOiFlE ;
createtime : 1527330521 ;
msgtype : event ;
event : SCAN ;
eventkey : 426b7b6598c63949b7367f2234efe3c9 ;
ticket : gQFD8TwAAAAAAAAAAS5odHRwOi8vd2VpeGluLnFxLmNvbS9xLzAycEoxVUF4OGU4YmYxMDAwMGcwN0cAAgQxugRbAwQAAAAA ;
from : oSI4LjzAsoSVAo2kBhXxegeOiFlE ;
to : gh_0c02969f70a6 ;
time : 1527330521 ;
type : subscribe ;
scene : 426b7b6598c63949b7367f2234efe3c9 ;

2018-05-26 18:32:12 trace :
------------
Array:
tousername : gh_0c02969f70a6 ;
fromusername : oSI4Lj3ohoEGflzKCTyD1bcO3Glw ;
createtime : 1527330732 ;
msgtype : event ;
event : VIEW ;
eventkey : http://zz.jhzh66.com/app/index.php?i=8&c=entry&eid=198 ;
menuid : 425602379 ;
from : oSI4Lj3ohoEGflzKCTyD1bcO3Glw ;
to : gh_0c02969f70a6 ;
time : 1527330732 ;
type : event ;

2018-05-26 18:32:12 params :
------------
Array:
rule : -2 ;
module :  ;
message : Array ;

2018-05-26 18:32:12 response :
------------

2018-05-26 18:47:20 trace :
------------
Array:
tousername : gh_0c02969f70a6 ;
fromusername : oSI4Lj1n1DqiQp4ny9-h7ubZHgl8 ;
createtime : 1527331639 ;
msgtype : event ;
event : VIEW ;
eventkey : http://zz.jhzh66.com/app/index.php?i=8&c=entry&eid=198 ;
menuid : 425602379 ;
from : oSI4Lj1n1DqiQp4ny9-h7ubZHgl8 ;
to : gh_0c02969f70a6 ;
time : 1527331639 ;
type : event ;

2018-05-26 18:47:20 params :
------------
Array:
rule : -2 ;
module :  ;
message : Array ;

2018-05-26 18:47:20 response :
------------

2018-05-26 19:00:36 trace :
------------
Array:
tousername : gh_0c02969f70a6 ;
fromusername : oSI4Lj-mQFi0cVrtdhb5LRhxTXRo ;
createtime : 1527332436 ;
msgtype : event ;
event : SCAN ;
eventkey : 426b7b6598c63949b7367f2234efe3c9 ;
ticket : gQFD8TwAAAAAAAAAAS5odHRwOi8vd2VpeGluLnFxLmNvbS9xLzAycEoxVUF4OGU4YmYxMDAwMGcwN0cAAgQxugRbAwQAAAAA ;
from : oSI4Lj-mQFi0cVrtdhb5LRhxTXRo ;
to : gh_0c02969f70a6 ;
time : 1527332436 ;
type : subscribe ;
scene : 426b7b6598c63949b7367f2234efe3c9 ;

2018-05-26 19:00:39 trace :
------------
Array:
tousername : gh_0c02969f70a6 ;
fromusername : oSI4Lj-mQFi0cVrtdhb5LRhxTXRo ;
createtime : 1527332438 ;
msgtype : event ;
event : VIEW ;
eventkey : http://zz.jhzh66.com/app/index.php?i=8&c=entry&eid=194 ;
menuid : 425602379 ;
from : oSI4Lj-mQFi0cVrtdhb5LRhxTXRo ;
to : gh_0c02969f70a6 ;
time : 1527332438 ;
type : event ;

2018-05-26 19:00:39 params :
------------
Array:
rule : -2 ;
module :  ;
message : Array ;

2018-05-26 19:00:39 response :
------------

2018-05-26 20:03:05 trace :
------------
Array:
tousername : gh_0c02969f70a6 ;
fromusername : oSI4Lj-mQFi0cVrtdhb5LRhxTXRo ;
createtime : 1527336185 ;
msgtype : event ;
event : SCAN ;
eventkey : 426b7b6598c63949b7367f2234efe3c9 ;
ticket : gQFD8TwAAAAAAAAAAS5odHRwOi8vd2VpeGluLnFxLmNvbS9xLzAycEoxVUF4OGU4YmYxMDAwMGcwN0cAAgQxugRbAwQAAAAA ;
from : oSI4Lj-mQFi0cVrtdhb5LRhxTXRo ;
to : gh_0c02969f70a6 ;
time : 1527336185 ;
type : subscribe ;
scene : 426b7b6598c63949b7367f2234efe3c9 ;

2018-05-26 20:13:03 trace :
------------
Array:
tousername : gh_0c02969f70a6 ;
fromusername : oSI4Lj0FHOG5yTdk0dQqRG-feI3E ;
createtime : 1527336782 ;
msgtype : event ;
event : VIEW ;
eventkey : http://zz.jhzh66.com/app/index.php?i=8&c=entry&eid=194 ;
menuid : 425602379 ;
from : oSI4Lj0FHOG5yTdk0dQqRG-feI3E ;
to : gh_0c02969f70a6 ;
time : 1527336782 ;
type : event ;

2018-05-26 20:13:03 params :
------------
Array:
rule : -2 ;
module :  ;
message : Array ;

2018-05-26 20:13:03 response :
------------

2018-05-26 21:20:07 trace :
------------
Array:
tousername : gh_0c02969f70a6 ;
fromusername : oSI4LjzGDzCztrhCP10C7-4flpE4 ;
createtime : 1527340807 ;
msgtype : event ;
event : VIEW ;
eventkey : http://zz.jhzh66.com/app/index.php?i=8&c=entry&eid=194 ;
menuid : 425602379 ;
from : oSI4LjzGDzCztrhCP10C7-4flpE4 ;
to : gh_0c02969f70a6 ;
time : 1527340807 ;
type : event ;

2018-05-26 21:20:07 params :
------------
Array:
rule : -2 ;
module :  ;
message : Array ;

2018-05-26 21:20:07 response :
------------

2018-05-26 21:25:07 trace :
------------
Array:
tousername : gh_0c02969f70a6 ;
fromusername : oSI4Lj7AXsuWt-v_LrccTG7e54UA ;
createtime : 1527341107 ;
msgtype : event ;
event : CLICK ;
eventkey : 介绍 ;
from : oSI4Lj7AXsuWt-v_LrccTG7e54UA ;
to : gh_0c02969f70a6 ;
time : 1527341107 ;
type : event ;

2018-05-26 21:25:07 params :
------------
Array:
message : Array ;
module : basic ;
rule : 1013 ;
priority : 0 ;
keyword : Array ;

2018-05-26 21:25:07 response :
------------
Array:
FromUserName : gh_0c02969f70a6 ;
ToUserName : oSI4Lj7AXsuWt-v_LrccTG7e54UA ;
MsgType : text ;
Content : 易货联盟平台介绍 https://u.eqxiu.com/s/6szkjdIq   

代理商收益介绍 https://h.eqxiu.com/s/U4YBmmJj   

6月27-28日全国易货联盟商家对接峰会 https://b.eqxiu.com/s/nBIsBaiB ;

2018-05-26 21:25:12 trace :
------------
Array:
tousername : gh_0c02969f70a6 ;
fromusername : oSI4Lj7AXsuWt-v_LrccTG7e54UA ;
createtime : 1527341112 ;
msgtype : event ;
event : VIEW ;
eventkey : http://www.haolangtech.com/index.php/addon/HotActivity/HotActivity/leagueindex/id/1.html?from=groupmessage&isappinstalled=0 ;
menuid : 425602379 ;
from : oSI4Lj7AXsuWt-v_LrccTG7e54UA ;
to : gh_0c02969f70a6 ;
time : 1527341112 ;
type : event ;

2018-05-26 21:25:12 params :
------------
Array:
rule : -2 ;
module :  ;
message : Array ;

2018-05-26 21:25:12 response :
------------

2018-05-26 21:34:23 trace :
------------
Array:
tousername : gh_0c02969f70a6 ;
fromusername : oSI4Lj1efs9lAw7YBfgvL-erLLrg ;
createtime : 1527341663 ;
msgtype : event ;
event : subscribe ;
eventkey : qrscene_0e1aa2db4c4c96e4bb05d5f3a02b2a7c ;
ticket : gQEZ8TwAAAAAAAAAAS5odHRwOi8vd2VpeGluLnFxLmNvbS9xLzAydlpJZEJ3OGU4YmYxMDAwMDAwN3cAAgSme8NaAwQAAAAA ;
from : oSI4Lj1efs9lAw7YBfgvL-erLLrg ;
to : gh_0c02969f70a6 ;
time : 1527341663 ;
type : subscribe ;
scene : 0e1aa2db4c4c96e4bb05d5f3a02b2a7c ;

2018-05-26 21:36:24 trace :
------------
Array:
tousername : gh_0c02969f70a6 ;
fromusername : oSI4Lj2czHJ6U-tSdOQXgu_9i4aI ;
createtime : 1527341784 ;
msgtype : event ;
event : subscribe ;
eventkey : qrscene_fde2f0be0d42005ebaabf30469e9281c ;
ticket : gQHy8DwAAAAAAAAAAS5odHRwOi8vd2VpeGluLnFxLmNvbS9xLzAySHMyQ0J1OGU4YmYxMDAwMGcwN2sAAgRU1gRbAwQAAAAA ;
from : oSI4Lj2czHJ6U-tSdOQXgu_9i4aI ;
to : gh_0c02969f70a6 ;
time : 1527341784 ;
type : subscribe ;
scene : fde2f0be0d42005ebaabf30469e9281c ;

2018-05-26 22:44:58 trace :
------------
Array:
tousername : gh_0c02969f70a6 ;
fromusername : oSI4Lj_GWi-Te0fW8hFnlJYwB6uY ;
createtime : 1527345898 ;
msgtype : event ;
event : VIEW ;
eventkey : http://zz.jhzh66.com/app/index.php?i=8&c=entry&eid=198 ;
menuid : 425602379 ;
from : oSI4Lj_GWi-Te0fW8hFnlJYwB6uY ;
to : gh_0c02969f70a6 ;
time : 1527345898 ;
type : event ;

2018-05-26 22:44:58 params :
------------
Array:
rule : -2 ;
module :  ;
message : Array ;

2018-05-26 22:44:58 response :
------------

2018-05-26 22:50:01 trace :
------------
Array:
tousername : gh_0c02969f70a6 ;
fromusername : oSI4Lj2Yef0zxzFqreV4g3fl-vfI ;
createtime : 1527346201 ;
msgtype : event ;
event : VIEW ;
eventkey : http://zz.jhzh66.com/app/index.php?i=8&c=entry&eid=198 ;
menuid : 425602379 ;
from : oSI4Lj2Yef0zxzFqreV4g3fl-vfI ;
to : gh_0c02969f70a6 ;
time : 1527346201 ;
type : event ;

2018-05-26 22:50:01 params :
------------
Array:
rule : -2 ;
module :  ;
message : Array ;

2018-05-26 22:50:01 response :
------------

2018-05-26 22:52:28 trace :
------------
Array:
tousername : gh_0c02969f70a6 ;
fromusername : oSI4Lj97Jm2kdczJ4OHYMLb017pk ;
createtime : 1527346348 ;
msgtype : event ;
event : VIEW ;
eventkey : http://zz.jhzh66.com/app/index.php?i=8&c=entry&eid=198 ;
menuid : 425602379 ;
from : oSI4Lj97Jm2kdczJ4OHYMLb017pk ;
to : gh_0c02969f70a6 ;
time : 1527346348 ;
type : event ;

2018-05-26 22:52:28 params :
------------
Array:
rule : -2 ;
module :  ;
message : Array ;

2018-05-26 22:52:28 response :
------------

2018-05-26 23:09:36 trace :
------------
Array:
tousername : gh_0c02969f70a6 ;
fromusername : oSI4Lj2Yef0zxzFqreV4g3fl-vfI ;
createtime : 1527347376 ;
msgtype : event ;
event : VIEW ;
eventkey : http://zz.jhzh66.com/app/index.php?i=8&c=entry&eid=198 ;
menuid : 425602379 ;
from : oSI4Lj2Yef0zxzFqreV4g3fl-vfI ;
to : gh_0c02969f70a6 ;
time : 1527347376 ;
type : event ;

2018-05-26 23:09:36 params :
------------
Array:
rule : -2 ;
module :  ;
message : Array ;

2018-05-26 23:09:36 response :
------------

2018-05-26 23:17:43 trace :
------------
Array:
tousername : gh_0c02969f70a6 ;
fromusername : oSI4LjzGDzCztrhCP10C7-4flpE4 ;
createtime : 1527347863 ;
msgtype : event ;
event : VIEW ;
eventkey : http://zz.jhzh66.com/app/index.php?i=8&c=entry&eid=194 ;
menuid : 425602379 ;
from : oSI4LjzGDzCztrhCP10C7-4flpE4 ;
to : gh_0c02969f70a6 ;
time : 1527347863 ;
type : event ;

2018-05-26 23:17:43 params :
------------
Array:
rule : -2 ;
module :  ;
message : Array ;

2018-05-26 23:17:43 response :
------------

2018-05-26 23:19:24 trace :
------------
Array:
tousername : gh_0c02969f70a6 ;
fromusername : oSI4LjzGDzCztrhCP10C7-4flpE4 ;
createtime : 1527347964 ;
msgtype : event ;
event : VIEW ;
eventkey : http://zz.jhzh66.com/app/index.php?i=8&c=entry&eid=194 ;
menuid : 425602379 ;
from : oSI4LjzGDzCztrhCP10C7-4flpE4 ;
to : gh_0c02969f70a6 ;
time : 1527347964 ;
type : event ;

2018-05-26 23:19:24 params :
------------
Array:
rule : -2 ;
module :  ;
message : Array ;

2018-05-26 23:19:24 response :
------------

2018-05-26 23:23:22 trace :
------------
Array:
tousername : gh_0c02969f70a6 ;
fromusername : oSI4LjzGDzCztrhCP10C7-4flpE4 ;
createtime : 1527348202 ;
msgtype : event ;
event : VIEW ;
eventkey : http://zz.jhzh66.com/app/index.php?i=8&c=entry&eid=198 ;
menuid : 425602379 ;
from : oSI4LjzGDzCztrhCP10C7-4flpE4 ;
to : gh_0c02969f70a6 ;
time : 1527348202 ;
type : event ;

2018-05-26 23:23:22 params :
------------
Array:
rule : -2 ;
module :  ;
message : Array ;

2018-05-26 23:23:22 response :
------------

2018-05-26 23:24:43 trace :
------------
Array:
tousername : gh_0c02969f70a6 ;
fromusername : oSI4LjzGDzCztrhCP10C7-4flpE4 ;
createtime : 1527348283 ;
msgtype : event ;
event : VIEW ;
eventkey : http://zz.jhzh66.com/app/index.php?i=8&c=entry&eid=198 ;
menuid : 425602379 ;
from : oSI4LjzGDzCztrhCP10C7-4flpE4 ;
to : gh_0c02969f70a6 ;
time : 1527348283 ;
type : event ;

2018-05-26 23:24:43 params :
------------
Array:
rule : -2 ;
module :  ;
message : Array ;

2018-05-26 23:24:43 response :
------------

2018-05-26 23:26:12 trace :
------------
Array:
tousername : gh_0c02969f70a6 ;
fromusername : oSI4LjzGDzCztrhCP10C7-4flpE4 ;
createtime : 1527348372 ;
msgtype : event ;
event : VIEW ;
eventkey : http://zz.jhzh66.com/app/index.php?i=8&c=entry&eid=198 ;
menuid : 425602379 ;
from : oSI4LjzGDzCztrhCP10C7-4flpE4 ;
to : gh_0c02969f70a6 ;
time : 1527348372 ;
type : event ;

2018-05-26 23:26:12 params :
------------
Array:
rule : -2 ;
module :  ;
message : Array ;

2018-05-26 23:26:12 response :
------------

2018-05-26 23:27:12 trace :
------------
Array:
tousername : gh_0c02969f70a6 ;
fromusername : oSI4LjzGDzCztrhCP10C7-4flpE4 ;
createtime : 1527348432 ;
msgtype : event ;
event : VIEW ;
eventkey : http://zz.jhzh66.com/app/index.php?i=8&c=entry&eid=198 ;
menuid : 425602379 ;
from : oSI4LjzGDzCztrhCP10C7-4flpE4 ;
to : gh_0c02969f70a6 ;
time : 1527348432 ;
type : event ;

2018-05-26 23:27:12 params :
------------
Array:
rule : -2 ;
module :  ;
message : Array ;

2018-05-26 23:27:12 response :
------------

2018-05-26 23:28:09 trace :
------------
Array:
tousername : gh_0c02969f70a6 ;
fromusername : oSI4LjzGDzCztrhCP10C7-4flpE4 ;
createtime : 1527348489 ;
msgtype : event ;
event : VIEW ;
eventkey : http://zz.jhzh66.com/app/index.php?i=8&c=entry&eid=194 ;
menuid : 425602379 ;
from : oSI4LjzGDzCztrhCP10C7-4flpE4 ;
to : gh_0c02969f70a6 ;
time : 1527348489 ;
type : event ;

2018-05-26 23:28:09 params :
------------
Array:
rule : -2 ;
module :  ;
message : Array ;

2018-05-26 23:28:09 response :
------------

