2018-04-03 07:16:25 trace :
------------
Array:
tousername : gh_0c02969f70a6 ;
fromusername : oSI4Lj6BEJVc7bMVZaFdl2E97cc4 ;
createtime : 1522710985 ;
msgtype : event ;
event : subscribe ;
eventkey : qrscene_e63f191ace780031e0e627a9424150eb ;
ticket : gQHE8TwAAAAAAAAAAS5odHRwOi8vd2VpeGluLnFxLmNvbS9xLzAySUcxYUFYOGU4YmYxMDAwME0wNzAAAgRxrMFaAwQAAAAA ;
from : oSI4Lj6BEJVc7bMVZaFdl2E97cc4 ;
to : gh_0c02969f70a6 ;
time : 1522710985 ;
type : subscribe ;
scene : e63f191ace780031e0e627a9424150eb ;

2018-04-03 07:35:33 trace :
------------
Array:
tousername : gh_0c02969f70a6 ;
fromusername : oSI4Lj4o7HtLjzP0Juu9o83wO3wc ;
createtime : 1522712133 ;
msgtype : event ;
event : subscribe ;
eventkey : qrscene_ee395d04ec5fadc2f67c47c95fdc0447 ;
ticket : gQFT8TwAAAAAAAAAAS5odHRwOi8vd2VpeGluLnFxLmNvbS9xLzAycGRmMEJPOGU4YmYxMDAwMDAwN2YAAgRE9rxaAwQAAAAA ;
from : oSI4Lj4o7HtLjzP0Juu9o83wO3wc ;
to : gh_0c02969f70a6 ;
time : 1522712133 ;
type : subscribe ;
scene : ee395d04ec5fadc2f67c47c95fdc0447 ;

2018-04-03 07:35:37 trace :
------------
Array:
tousername : gh_0c02969f70a6 ;
fromusername : oSI4Lj4o7HtLjzP0Juu9o83wO3wc ;
createtime : 1522712136 ;
msgtype : event ;
event : VIEW ;
eventkey : https://h5.scene.yqh5.cn/s/6szkjdIq ;
menuid : 425039202 ;
from : oSI4Lj4o7HtLjzP0Juu9o83wO3wc ;
to : gh_0c02969f70a6 ;
time : 1522712136 ;
type : event ;

2018-04-03 07:35:37 params :
------------
Array:
rule : -2 ;
module :  ;
message : Array ;

2018-04-03 07:35:37 response :
------------

2018-04-03 07:37:28 trace :
------------
Array:
tousername : gh_0c02969f70a6 ;
fromusername : oSI4Lj_cD__365bOSvZnftSowkUQ ;
createtime : 1522712248 ;
msgtype : event ;
event : VIEW ;
eventkey : http://zz.jhzh66.com/app/index.php?i=8&c=entry&eid=194 ;
menuid : 425039202 ;
from : oSI4Lj_cD__365bOSvZnftSowkUQ ;
to : gh_0c02969f70a6 ;
time : 1522712248 ;
type : event ;

2018-04-03 07:37:28 params :
------------
Array:
rule : -2 ;
module :  ;
message : Array ;

2018-04-03 07:37:28 response :
------------

2018-04-03 07:40:32 trace :
------------
Array:
tousername : gh_0c02969f70a6 ;
fromusername : oSI4Lj_cD__365bOSvZnftSowkUQ ;
createtime : 1522712431 ;
msgtype : event ;
event : VIEW ;
eventkey : http://zz.jhzh66.com/app/index.php?i=8&c=entry&eid=194 ;
menuid : 425039202 ;
from : oSI4Lj_cD__365bOSvZnftSowkUQ ;
to : gh_0c02969f70a6 ;
time : 1522712431 ;
type : event ;

2018-04-03 07:40:32 params :
------------
Array:
rule : -2 ;
module :  ;
message : Array ;

2018-04-03 07:40:32 response :
------------

2018-04-03 07:40:58 trace :
------------
Array:
tousername : gh_0c02969f70a6 ;
fromusername : oSI4Lj4o7HtLjzP0Juu9o83wO3wc ;
createtime : 1522712457 ;
msgtype : event ;
event : VIEW ;
eventkey : http://www.haolangtech.com/index.php/addon/HotActivity/HotActivity/leagueindex/id/1.html?from=groupmessage&isappinstalled=0 ;
menuid : 425039202 ;
from : oSI4Lj4o7HtLjzP0Juu9o83wO3wc ;
to : gh_0c02969f70a6 ;
time : 1522712457 ;
type : event ;

2018-04-03 07:40:58 params :
------------
Array:
rule : -2 ;
module :  ;
message : Array ;

2018-04-03 07:40:58 response :
------------

2018-04-03 07:41:07 trace :
------------
Array:
tousername : gh_0c02969f70a6 ;
fromusername : oSI4Lj4o7HtLjzP0Juu9o83wO3wc ;
createtime : 1522712467 ;
msgtype : event ;
event : VIEW ;
eventkey : http://zz.jhzh66.com/app/index.php?i=8&c=entry&eid=194 ;
menuid : 425039202 ;
from : oSI4Lj4o7HtLjzP0Juu9o83wO3wc ;
to : gh_0c02969f70a6 ;
time : 1522712467 ;
type : event ;

2018-04-03 07:41:07 params :
------------
Array:
rule : -2 ;
module :  ;
message : Array ;

2018-04-03 07:41:07 response :
------------

2018-04-03 07:41:23 trace :
------------
Array:
tousername : gh_0c02969f70a6 ;
fromusername : oSI4Lj4o7HtLjzP0Juu9o83wO3wc ;
createtime : 1522712482 ;
msgtype : event ;
event : VIEW ;
eventkey : https://m.qlchat.com/live/320000044317761.htm ;
menuid : 425039202 ;
from : oSI4Lj4o7HtLjzP0Juu9o83wO3wc ;
to : gh_0c02969f70a6 ;
time : 1522712482 ;
type : event ;

2018-04-03 07:41:23 params :
------------
Array:
rule : -2 ;
module :  ;
message : Array ;

2018-04-03 07:41:23 response :
------------

2018-04-03 08:04:36 trace :
------------
Array:
tousername : gh_0c02969f70a6 ;
fromusername : oSI4LjzGDzCztrhCP10C7-4flpE4 ;
createtime : 1522713876 ;
msgtype : event ;
event : CLICK ;
eventkey : 海报 ;
from : oSI4LjzGDzCztrhCP10C7-4flpE4 ;
to : gh_0c02969f70a6 ;
time : 1522713876 ;
type : event ;

2018-04-03 08:24:03 trace :
------------
Array:
tousername : gh_0c02969f70a6 ;
fromusername : oSI4Lj97Jm2kdczJ4OHYMLb017pk ;
createtime : 1522715043 ;
msgtype : event ;
event : VIEW ;
eventkey : http://zz.jhzh66.com/app/index.php?i=8&c=entry&eid=194 ;
menuid : 425039202 ;
from : oSI4Lj97Jm2kdczJ4OHYMLb017pk ;
to : gh_0c02969f70a6 ;
time : 1522715043 ;
type : event ;

2018-04-03 08:24:03 params :
------------
Array:
rule : -2 ;
module :  ;
message : Array ;

2018-04-03 08:24:03 response :
------------

2018-04-03 08:30:24 trace :
------------
Array:
tousername : gh_0c02969f70a6 ;
fromusername : oSI4Lj343ZDGpu96qagWLeHQK7Oc ;
createtime : 1522715424 ;
msgtype : event ;
event : subscribe ;
eventkey : qrscene_ee395d04ec5fadc2f67c47c95fdc0447 ;
ticket : gQFT8TwAAAAAAAAAAS5odHRwOi8vd2VpeGluLnFxLmNvbS9xLzAycGRmMEJPOGU4YmYxMDAwMDAwN2YAAgRE9rxaAwQAAAAA ;
from : oSI4Lj343ZDGpu96qagWLeHQK7Oc ;
to : gh_0c02969f70a6 ;
time : 1522715424 ;
type : subscribe ;
scene : ee395d04ec5fadc2f67c47c95fdc0447 ;

2018-04-03 08:30:30 trace :
------------
Array:
tousername : gh_0c02969f70a6 ;
fromusername : oSI4Lj343ZDGpu96qagWLeHQK7Oc ;
createtime : 1522715430 ;
msgtype : event ;
event : VIEW ;
eventkey : http://zz.jhzh66.com/app/index.php?i=8&c=entry&eid=194 ;
menuid : 425039202 ;
from : oSI4Lj343ZDGpu96qagWLeHQK7Oc ;
to : gh_0c02969f70a6 ;
time : 1522715430 ;
type : event ;

2018-04-03 08:30:30 params :
------------
Array:
rule : -2 ;
module :  ;
message : Array ;

2018-04-03 08:30:30 response :
------------

2018-04-03 09:43:07 trace :
------------
Array:
tousername : gh_0c02969f70a6 ;
fromusername : oSI4Lj8nRZY0aV_t-nA1I3ofr6gk ;
createtime : 1522719787 ;
msgtype : text ;
content : 关注 ;
msgid : 6540031686562132011 ;
from : oSI4Lj8nRZY0aV_t-nA1I3ofr6gk ;
to : gh_0c02969f70a6 ;
time : 1522719787 ;
type : text ;
event :  ;
redirection :  ;
source :  ;

2018-04-03 09:43:07 params :
------------
Array:
rule : -2 ;
module :  ;
message : Array ;

2018-04-03 09:43:07 response :
------------

2018-04-03 09:43:14 trace :
------------
Array:
tousername : gh_0c02969f70a6 ;
fromusername : oSI4Lj8nRZY0aV_t-nA1I3ofr6gk ;
createtime : 1522719794 ;
msgtype : event ;
event : CLICK ;
eventkey : 海报 ;
from : oSI4Lj8nRZY0aV_t-nA1I3ofr6gk ;
to : gh_0c02969f70a6 ;
time : 1522719794 ;
type : event ;

2018-04-03 09:43:25 trace :
------------
Array:
tousername : gh_0c02969f70a6 ;
fromusername : oSI4Lj8nRZY0aV_t-nA1I3ofr6gk ;
createtime : 1522719804 ;
msgtype : text ;
content : 海报 ;
msgid : 6540031759576576048 ;
from : oSI4Lj8nRZY0aV_t-nA1I3ofr6gk ;
to : gh_0c02969f70a6 ;
time : 1522719804 ;
type : text ;
event :  ;
redirection :  ;
source :  ;

2018-04-03 10:38:13 trace :
------------
Array:
tousername : gh_0c02969f70a6 ;
fromusername : oSI4LjwXTnlALPvh9rArHT-W1oeo ;
createtime : 1522723092 ;
msgtype : event ;
event : subscribe ;
eventkey : qrscene_5141e420449e42c7df87975ef87074b6 ;
ticket : gQHp8TwAAAAAAAAAAS5odHRwOi8vd2VpeGluLnFxLmNvbS9xLzAyZjNCWkJmOGU4YmYxMDAwMDAwN2oAAgTj86RaAwQAAAAA ;
from : oSI4LjwXTnlALPvh9rArHT-W1oeo ;
to : gh_0c02969f70a6 ;
time : 1522723092 ;
type : subscribe ;
scene : 5141e420449e42c7df87975ef87074b6 ;

2018-04-03 10:38:21 trace :
------------
Array:
tousername : gh_0c02969f70a6 ;
fromusername : oSI4LjwXTnlALPvh9rArHT-W1oeo ;
createtime : 1522723101 ;
msgtype : event ;
event : VIEW ;
eventkey : https://h5.scene.yqh5.cn/s/6szkjdIq ;
menuid : 425039202 ;
from : oSI4LjwXTnlALPvh9rArHT-W1oeo ;
to : gh_0c02969f70a6 ;
time : 1522723101 ;
type : event ;

2018-04-03 10:38:21 params :
------------
Array:
rule : -2 ;
module :  ;
message : Array ;

2018-04-03 10:38:21 response :
------------

2018-04-03 10:40:28 trace :
------------
Array:
tousername : gh_0c02969f70a6 ;
fromusername : oSI4Lj97Jm2kdczJ4OHYMLb017pk ;
createtime : 1522723228 ;
msgtype : event ;
event : VIEW ;
eventkey : http://zz.jhzh66.com/app/index.php?i=8&c=entry&eid=194 ;
menuid : 425039202 ;
from : oSI4Lj97Jm2kdczJ4OHYMLb017pk ;
to : gh_0c02969f70a6 ;
time : 1522723228 ;
type : event ;

2018-04-03 10:40:28 params :
------------
Array:
rule : -2 ;
module :  ;
message : Array ;

2018-04-03 10:40:28 response :
------------

2018-04-03 10:42:36 trace :
------------
Array:
tousername : gh_0c02969f70a6 ;
fromusername : oSI4LjwXTnlALPvh9rArHT-W1oeo ;
createtime : 1522723356 ;
msgtype : event ;
event : VIEW ;
eventkey : http://www.haolangtech.com/index.php/addon/HotActivity/HotActivity/leagueindex/id/1.html?from=groupmessage&isappinstalled=0 ;
menuid : 425039202 ;
from : oSI4LjwXTnlALPvh9rArHT-W1oeo ;
to : gh_0c02969f70a6 ;
time : 1522723356 ;
type : event ;

2018-04-03 10:42:36 params :
------------
Array:
rule : -2 ;
module :  ;
message : Array ;

2018-04-03 10:42:36 response :
------------

2018-04-03 10:52:39 trace :
------------
Array:
tousername : gh_0c02969f70a6 ;
fromusername : oSI4LjwXTnlALPvh9rArHT-W1oeo ;
createtime : 1522723959 ;
msgtype : event ;
event : VIEW ;
eventkey : http://zz.jhzh66.com/app/index.php?i=8&c=entry&eid=194 ;
menuid : 425039202 ;
from : oSI4LjwXTnlALPvh9rArHT-W1oeo ;
to : gh_0c02969f70a6 ;
time : 1522723959 ;
type : event ;

2018-04-03 10:52:39 params :
------------
Array:
rule : -2 ;
module :  ;
message : Array ;

2018-04-03 10:52:39 response :
------------

2018-04-03 10:54:09 trace :
------------
Array:
tousername : gh_0c02969f70a6 ;
fromusername : oSI4LjwXTnlALPvh9rArHT-W1oeo ;
createtime : 1522724048 ;
msgtype : event ;
event : VIEW ;
eventkey : http://www.haolangtech.com/index.php?s=/Home/New/crowdfundingindex/id/22.html ;
menuid : 425039202 ;
from : oSI4LjwXTnlALPvh9rArHT-W1oeo ;
to : gh_0c02969f70a6 ;
time : 1522724048 ;
type : event ;

2018-04-03 10:54:09 params :
------------
Array:
rule : -2 ;
module :  ;
message : Array ;

2018-04-03 10:54:09 response :
------------

2018-04-03 10:57:10 trace :
------------
Array:
tousername : gh_0c02969f70a6 ;
fromusername : oSI4LjwXTnlALPvh9rArHT-W1oeo ;
createtime : 1522724230 ;
msgtype : event ;
event : VIEW ;
eventkey : http://zz.jhzh66.com/app/index.php?i=8&c=site&a=site&do=detail&id=2 ;
menuid : 425039202 ;
from : oSI4LjwXTnlALPvh9rArHT-W1oeo ;
to : gh_0c02969f70a6 ;
time : 1522724230 ;
type : event ;

2018-04-03 10:57:10 params :
------------
Array:
rule : -2 ;
module :  ;
message : Array ;

2018-04-03 10:57:10 response :
------------

2018-04-03 10:58:42 trace :
------------
Array:
tousername : gh_0c02969f70a6 ;
fromusername : oSI4LjwXTnlALPvh9rArHT-W1oeo ;
createtime : 1522724322 ;
msgtype : event ;
event : VIEW ;
eventkey : http://zz.jhzh66.com/app/index.php?i=8&c=site&a=site&do=detail&id=2 ;
menuid : 425039202 ;
from : oSI4LjwXTnlALPvh9rArHT-W1oeo ;
to : gh_0c02969f70a6 ;
time : 1522724322 ;
type : event ;

2018-04-03 10:58:42 params :
------------
Array:
rule : -2 ;
module :  ;
message : Array ;

2018-04-03 10:58:42 response :
------------

2018-04-03 10:59:29 trace :
------------
Array:
tousername : gh_0c02969f70a6 ;
fromusername : oSI4LjwXTnlALPvh9rArHT-W1oeo ;
createtime : 1522724368 ;
msgtype : event ;
event : VIEW ;
eventkey : http://zz11.com.cn/plugin.php?id=wechat:access ;
menuid : 425039202 ;
from : oSI4LjwXTnlALPvh9rArHT-W1oeo ;
to : gh_0c02969f70a6 ;
time : 1522724368 ;
type : event ;

2018-04-03 10:59:29 params :
------------
Array:
rule : -2 ;
module :  ;
message : Array ;

2018-04-03 10:59:29 response :
------------

2018-04-03 10:59:54 trace :
------------
Array:
tousername : gh_0c02969f70a6 ;
fromusername : oSI4LjwXTnlALPvh9rArHT-W1oeo ;
createtime : 1522724394 ;
msgtype : event ;
event : VIEW ;
eventkey : http://www.haolangtech.com/index.php/addon/HotActivity/HotActivity/leagueindex/id/1.html?from=groupmessage&isappinstalled=0 ;
menuid : 425039202 ;
from : oSI4LjwXTnlALPvh9rArHT-W1oeo ;
to : gh_0c02969f70a6 ;
time : 1522724394 ;
type : event ;

2018-04-03 10:59:54 params :
------------
Array:
rule : -2 ;
module :  ;
message : Array ;

2018-04-03 10:59:54 response :
------------

2018-04-03 11:03:41 trace :
------------
Array:
tousername : gh_0c02969f70a6 ;
fromusername : oSI4LjwXTnlALPvh9rArHT-W1oeo ;
createtime : 1522724620 ;
msgtype : event ;
event : VIEW ;
eventkey : http://zz.jhzh66.com/app/index.php?i=8&c=entry&eid=194 ;
menuid : 425039202 ;
from : oSI4LjwXTnlALPvh9rArHT-W1oeo ;
to : gh_0c02969f70a6 ;
time : 1522724620 ;
type : event ;

2018-04-03 11:03:41 params :
------------
Array:
rule : -2 ;
module :  ;
message : Array ;

2018-04-03 11:03:41 response :
------------

2018-04-03 11:03:48 trace :
------------
Array:
tousername : gh_0c02969f70a6 ;
fromusername : oSI4LjwXTnlALPvh9rArHT-W1oeo ;
createtime : 1522724628 ;
msgtype : event ;
event : VIEW ;
eventkey : https://m.qlchat.com/live/320000044317761.htm ;
menuid : 425039202 ;
from : oSI4LjwXTnlALPvh9rArHT-W1oeo ;
to : gh_0c02969f70a6 ;
time : 1522724628 ;
type : event ;

2018-04-03 11:03:48 params :
------------
Array:
rule : -2 ;
module :  ;
message : Array ;

2018-04-03 11:03:48 response :
------------

2018-04-03 11:04:55 trace :
------------
Array:
tousername : gh_0c02969f70a6 ;
fromusername : oSI4LjwXTnlALPvh9rArHT-W1oeo ;
createtime : 1522724695 ;
msgtype : event ;
event : VIEW ;
eventkey : http://zz11.com.cn/plugin.php?id=wechat:access ;
menuid : 425039202 ;
from : oSI4LjwXTnlALPvh9rArHT-W1oeo ;
to : gh_0c02969f70a6 ;
time : 1522724695 ;
type : event ;

2018-04-03 11:04:55 params :
------------
Array:
rule : -2 ;
module :  ;
message : Array ;

2018-04-03 11:04:55 response :
------------

2018-04-03 11:05:21 trace :
------------
Array:
tousername : gh_0c02969f70a6 ;
fromusername : oSI4Lj2wP88vbGNVfSbcyGzmUzeE ;
createtime : 1522724721 ;
msgtype : event ;
event : subscribe ;
eventkey : qrscene_ee395d04ec5fadc2f67c47c95fdc0447 ;
ticket : gQFT8TwAAAAAAAAAAS5odHRwOi8vd2VpeGluLnFxLmNvbS9xLzAycGRmMEJPOGU4YmYxMDAwMDAwN2YAAgRE9rxaAwQAAAAA ;
from : oSI4Lj2wP88vbGNVfSbcyGzmUzeE ;
to : gh_0c02969f70a6 ;
time : 1522724721 ;
type : subscribe ;
scene : ee395d04ec5fadc2f67c47c95fdc0447 ;

2018-04-03 11:05:32 trace :
------------
Array:
tousername : gh_0c02969f70a6 ;
fromusername : oSI4Lj2wP88vbGNVfSbcyGzmUzeE ;
createtime : 1522724732 ;
msgtype : event ;
event : VIEW ;
eventkey : http://zz.jhzh66.com/app/index.php?i=8&c=site&a=site&do=detail&id=2 ;
menuid : 425039202 ;
from : oSI4Lj2wP88vbGNVfSbcyGzmUzeE ;
to : gh_0c02969f70a6 ;
time : 1522724732 ;
type : event ;

2018-04-03 11:05:32 params :
------------
Array:
rule : -2 ;
module :  ;
message : Array ;

2018-04-03 11:05:32 response :
------------

2018-04-03 11:38:41 trace :
------------
Array:
tousername : gh_0c02969f70a6 ;
fromusername : oSI4Lj17As79KTBk8dJMskxWiL2E ;
createtime : 1522726721 ;
msgtype : event ;
event : VIEW ;
eventkey : http://zz.jhzh66.com/app/index.php?i=8&c=entry&eid=194 ;
menuid : 425039202 ;
from : oSI4Lj17As79KTBk8dJMskxWiL2E ;
to : gh_0c02969f70a6 ;
time : 1522726721 ;
type : event ;

2018-04-03 11:38:41 params :
------------
Array:
rule : -2 ;
module :  ;
message : Array ;

2018-04-03 11:38:41 response :
------------

2018-04-03 11:55:51 trace :
------------
Array:
tousername : gh_0c02969f70a6 ;
fromusername : oSI4Lj17As79KTBk8dJMskxWiL2E ;
createtime : 1522727751 ;
msgtype : event ;
event : VIEW ;
eventkey : http://zz.jhzh66.com/app/index.php?i=8&c=entry&eid=194 ;
menuid : 425039202 ;
from : oSI4Lj17As79KTBk8dJMskxWiL2E ;
to : gh_0c02969f70a6 ;
time : 1522727751 ;
type : event ;

2018-04-03 11:55:51 params :
------------
Array:
rule : -2 ;
module :  ;
message : Array ;

2018-04-03 11:55:51 response :
------------

2018-04-03 12:04:37 trace :
------------
Array:
tousername : gh_0c02969f70a6 ;
fromusername : oSI4Lj17As79KTBk8dJMskxWiL2E ;
createtime : 1522728276 ;
msgtype : event ;
event : VIEW ;
eventkey : http://zz.jhzh66.com/app/index.php?i=8&c=entry&eid=194 ;
menuid : 425039202 ;
from : oSI4Lj17As79KTBk8dJMskxWiL2E ;
to : gh_0c02969f70a6 ;
time : 1522728276 ;
type : event ;

2018-04-03 12:04:37 params :
------------
Array:
rule : -2 ;
module :  ;
message : Array ;

2018-04-03 12:04:37 response :
------------

2018-04-03 15:41:47 trace :
------------
Array:
tousername : gh_0c02969f70a6 ;
fromusername : oSI4Lj0gSxi20Uf2pifTOp_wAQIo ;
createtime : 1522741307 ;
msgtype : event ;
event : subscribe ;
eventkey : Array ;
from : oSI4Lj0gSxi20Uf2pifTOp_wAQIo ;
to : gh_0c02969f70a6 ;
time : 1522741307 ;
type : subscribe ;

2018-04-03 15:41:47 params :
------------
Array:
rule : -2 ;
module :  ;
message : Array ;

2018-04-03 15:41:47 response :
------------

2018-04-03 15:41:50 trace :
------------
Array:
tousername : gh_0c02969f70a6 ;
fromusername : oSI4Lj0gSxi20Uf2pifTOp_wAQIo ;
createtime : 1522741310 ;
msgtype : event ;
event : VIEW ;
eventkey : http://zz.jhzh66.com/app/index.php?i=8&c=entry&eid=194 ;
menuid : 425039202 ;
from : oSI4Lj0gSxi20Uf2pifTOp_wAQIo ;
to : gh_0c02969f70a6 ;
time : 1522741310 ;
type : event ;

2018-04-03 15:41:50 params :
------------
Array:
rule : -2 ;
module :  ;
message : Array ;

2018-04-03 15:41:50 response :
------------

2018-04-03 15:44:16 trace :
------------
Array:
tousername : gh_0c02969f70a6 ;
fromusername : oSI4Lj0gSxi20Uf2pifTOp_wAQIo ;
createtime : 1522741456 ;
msgtype : event ;
event : VIEW ;
eventkey : http://zz.jhzh66.com/app/index.php?i=8&c=entry&eid=194 ;
menuid : 425039202 ;
from : oSI4Lj0gSxi20Uf2pifTOp_wAQIo ;
to : gh_0c02969f70a6 ;
time : 1522741456 ;
type : event ;

2018-04-03 15:44:16 params :
------------
Array:
rule : -2 ;
module :  ;
message : Array ;

2018-04-03 15:44:16 response :
------------

2018-04-03 15:45:28 trace :
------------
Array:
tousername : gh_0c02969f70a6 ;
fromusername : oSI4Lj0gSxi20Uf2pifTOp_wAQIo ;
createtime : 1522741528 ;
msgtype : event ;
event : VIEW ;
eventkey : http://www.haolangtech.com/index.php?s=/Home/New/crowdfundingindex/id/22.html ;
menuid : 425039202 ;
from : oSI4Lj0gSxi20Uf2pifTOp_wAQIo ;
to : gh_0c02969f70a6 ;
time : 1522741528 ;
type : event ;

2018-04-03 15:45:28 params :
------------
Array:
rule : -2 ;
module :  ;
message : Array ;

2018-04-03 15:45:28 response :
------------

2018-04-03 15:47:14 trace :
------------
Array:
tousername : gh_0c02969f70a6 ;
fromusername : oSI4Lj0gSxi20Uf2pifTOp_wAQIo ;
createtime : 1522741634 ;
msgtype : event ;
event : CLICK ;
eventkey : 海报 ;
from : oSI4Lj0gSxi20Uf2pifTOp_wAQIo ;
to : gh_0c02969f70a6 ;
time : 1522741634 ;
type : event ;

2018-04-03 16:02:12 trace :
------------
Array:
tousername : gh_0c02969f70a6 ;
fromusername : oSI4Lj7R_0kPUju4SRG1Xgk8uH3w ;
createtime : 1522742532 ;
msgtype : event ;
event : subscribe ;
eventkey : Array ;
from : oSI4Lj7R_0kPUju4SRG1Xgk8uH3w ;
to : gh_0c02969f70a6 ;
time : 1522742532 ;
type : subscribe ;

2018-04-03 16:02:12 params :
------------
Array:
rule : -2 ;
module :  ;
message : Array ;

2018-04-03 16:02:12 response :
------------

2018-04-03 16:05:47 trace :
------------
Array:
tousername : gh_0c02969f70a6 ;
fromusername : oSI4Lj7R_0kPUju4SRG1Xgk8uH3w ;
createtime : 1522742746 ;
msgtype : event ;
event : VIEW ;
eventkey : http://zz.jhzh66.com/app/index.php?i=8&c=entry&eid=194 ;
menuid : 425039202 ;
from : oSI4Lj7R_0kPUju4SRG1Xgk8uH3w ;
to : gh_0c02969f70a6 ;
time : 1522742746 ;
type : event ;

2018-04-03 16:05:47 params :
------------
Array:
rule : -2 ;
module :  ;
message : Array ;

2018-04-03 16:05:47 response :
------------

2018-04-03 16:08:22 trace :
------------
Array:
tousername : gh_0c02969f70a6 ;
fromusername : oSI4LjxOk_z2c7unlDpR6f69Hl6A ;
createtime : 1522742902 ;
msgtype : event ;
event : VIEW ;
eventkey : http://zz.jhzh66.com/app/index.php?i=8&c=entry&eid=198 ;
menuid : 425039202 ;
from : oSI4LjxOk_z2c7unlDpR6f69Hl6A ;
to : gh_0c02969f70a6 ;
time : 1522742902 ;
type : event ;

2018-04-03 16:08:22 params :
------------
Array:
rule : -2 ;
module :  ;
message : Array ;

2018-04-03 16:08:22 response :
------------

2018-04-03 16:09:18 trace :
------------
Array:
tousername : gh_0c02969f70a6 ;
fromusername : oSI4LjxOk_z2c7unlDpR6f69Hl6A ;
createtime : 1522742958 ;
msgtype : event ;
event : VIEW ;
eventkey : http://zz.jhzh66.com/app/index.php?i=8&c=entry&eid=198 ;
menuid : 425039202 ;
from : oSI4LjxOk_z2c7unlDpR6f69Hl6A ;
to : gh_0c02969f70a6 ;
time : 1522742958 ;
type : event ;

2018-04-03 16:09:18 params :
------------
Array:
rule : -2 ;
module :  ;
message : Array ;

2018-04-03 16:09:18 response :
------------

2018-04-03 16:10:14 trace :
------------
Array:
tousername : gh_0c02969f70a6 ;
fromusername : oSI4Lj97Jm2kdczJ4OHYMLb017pk ;
createtime : 1522743014 ;
msgtype : event ;
event : VIEW ;
eventkey : http://zz.jhzh66.com/app/index.php?i=8&c=entry&eid=194 ;
menuid : 425039202 ;
from : oSI4Lj97Jm2kdczJ4OHYMLb017pk ;
to : gh_0c02969f70a6 ;
time : 1522743014 ;
type : event ;

2018-04-03 16:10:14 params :
------------
Array:
rule : -2 ;
module :  ;
message : Array ;

2018-04-03 16:10:14 response :
------------

2018-04-03 16:11:19 trace :
------------
Array:
tousername : gh_0c02969f70a6 ;
fromusername : oSI4Lj97Jm2kdczJ4OHYMLb017pk ;
createtime : 1522743079 ;
msgtype : event ;
event : VIEW ;
eventkey : http://zz.jhzh66.com/app/index.php?i=8&c=entry&eid=194 ;
menuid : 425039202 ;
from : oSI4Lj97Jm2kdczJ4OHYMLb017pk ;
to : gh_0c02969f70a6 ;
time : 1522743079 ;
type : event ;

2018-04-03 16:11:19 params :
------------
Array:
rule : -2 ;
module :  ;
message : Array ;

2018-04-03 16:11:19 response :
------------

2018-04-03 16:11:49 trace :
------------
Array:
tousername : gh_0c02969f70a6 ;
fromusername : oSI4LjxOk_z2c7unlDpR6f69Hl6A ;
createtime : 1522743109 ;
msgtype : event ;
event : VIEW ;
eventkey : http://zz.jhzh66.com/app/index.php?i=8&c=entry&eid=198 ;
menuid : 425039202 ;
from : oSI4LjxOk_z2c7unlDpR6f69Hl6A ;
to : gh_0c02969f70a6 ;
time : 1522743109 ;
type : event ;

2018-04-03 16:11:49 params :
------------
Array:
rule : -2 ;
module :  ;
message : Array ;

2018-04-03 16:11:49 response :
------------

2018-04-03 16:13:16 trace :
------------
Array:
tousername : gh_0c02969f70a6 ;
fromusername : oSI4LjxOk_z2c7unlDpR6f69Hl6A ;
createtime : 1522743196 ;
msgtype : event ;
event : VIEW ;
eventkey : http://zz.jhzh66.com/app/index.php?i=8&c=entry&eid=198 ;
menuid : 425039202 ;
from : oSI4LjxOk_z2c7unlDpR6f69Hl6A ;
to : gh_0c02969f70a6 ;
time : 1522743196 ;
type : event ;

2018-04-03 16:13:16 params :
------------
Array:
rule : -2 ;
module :  ;
message : Array ;

2018-04-03 16:13:16 response :
------------

2018-04-03 16:20:34 trace :
------------
Array:
tousername : gh_0c02969f70a6 ;
fromusername : oSI4Lj97Jm2kdczJ4OHYMLb017pk ;
createtime : 1522743634 ;
msgtype : event ;
event : VIEW ;
eventkey : http://zz.jhzh66.com/app/index.php?i=8&c=entry&eid=194 ;
menuid : 425039202 ;
from : oSI4Lj97Jm2kdczJ4OHYMLb017pk ;
to : gh_0c02969f70a6 ;
time : 1522743634 ;
type : event ;

2018-04-03 16:20:34 params :
------------
Array:
rule : -2 ;
module :  ;
message : Array ;

2018-04-03 16:20:34 response :
------------

2018-04-03 16:23:34 trace :
------------
Array:
tousername : gh_0c02969f70a6 ;
fromusername : oSI4LjxOk_z2c7unlDpR6f69Hl6A ;
createtime : 1522743814 ;
msgtype : event ;
event : VIEW ;
eventkey : http://zz.jhzh66.com/app/index.php?i=8&c=entry&eid=198 ;
menuid : 425039202 ;
from : oSI4LjxOk_z2c7unlDpR6f69Hl6A ;
to : gh_0c02969f70a6 ;
time : 1522743814 ;
type : event ;

2018-04-03 16:23:34 params :
------------
Array:
rule : -2 ;
module :  ;
message : Array ;

2018-04-03 16:23:34 response :
------------

2018-04-03 16:24:47 trace :
------------
Array:
tousername : gh_0c02969f70a6 ;
fromusername : oSI4Lj97Jm2kdczJ4OHYMLb017pk ;
createtime : 1522743887 ;
msgtype : event ;
event : VIEW ;
eventkey : http://zz.jhzh66.com/app/index.php?i=8&c=entry&eid=194 ;
menuid : 425039202 ;
from : oSI4Lj97Jm2kdczJ4OHYMLb017pk ;
to : gh_0c02969f70a6 ;
time : 1522743887 ;
type : event ;

2018-04-03 16:24:47 params :
------------
Array:
rule : -2 ;
module :  ;
message : Array ;

2018-04-03 16:24:47 response :
------------

2018-04-03 16:31:24 trace :
------------
Array:
tousername : gh_0c02969f70a6 ;
fromusername : oSI4Lj7R_0kPUju4SRG1Xgk8uH3w ;
createtime : 1522744284 ;
msgtype : event ;
event : VIEW ;
eventkey : http://zz.jhzh66.com/app/index.php?i=8&c=entry&eid=194 ;
menuid : 425039202 ;
from : oSI4Lj7R_0kPUju4SRG1Xgk8uH3w ;
to : gh_0c02969f70a6 ;
time : 1522744284 ;
type : event ;

2018-04-03 16:31:24 params :
------------
Array:
rule : -2 ;
module :  ;
message : Array ;

2018-04-03 16:31:24 response :
------------

2018-04-03 16:58:05 trace :
------------
Array:
tousername : gh_0c02969f70a6 ;
fromusername : oSI4LjzS8SSrfcbVdqZ-1HWZCYRo ;
createtime : 1522745885 ;
msgtype : event ;
event : subscribe ;
eventkey : Array ;
from : oSI4LjzS8SSrfcbVdqZ-1HWZCYRo ;
to : gh_0c02969f70a6 ;
time : 1522745885 ;
type : subscribe ;

2018-04-03 16:58:06 params :
------------
Array:
rule : -2 ;
module :  ;
message : Array ;

2018-04-03 16:58:06 response :
------------

2018-04-03 17:03:19 trace :
------------
Array:
tousername : gh_0c02969f70a6 ;
fromusername : oSI4LjzS8SSrfcbVdqZ-1HWZCYRo ;
createtime : 1522746199 ;
msgtype : event ;
event : VIEW ;
eventkey : http://zz.jhzh66.com/app/index.php?i=8&c=site&a=site&do=detail&id=2 ;
menuid : 425039202 ;
from : oSI4LjzS8SSrfcbVdqZ-1HWZCYRo ;
to : gh_0c02969f70a6 ;
time : 1522746199 ;
type : event ;

2018-04-03 17:03:19 params :
------------
Array:
rule : -2 ;
module :  ;
message : Array ;

2018-04-03 17:03:19 response :
------------

2018-04-03 17:03:31 trace :
------------
Array:
tousername : gh_0c02969f70a6 ;
fromusername : oSI4LjzS8SSrfcbVdqZ-1HWZCYRo ;
createtime : 1522746211 ;
msgtype : event ;
event : VIEW ;
eventkey : http://zz.jhzh66.com/app/index.php?i=8&c=entry&eid=194 ;
menuid : 425039202 ;
from : oSI4LjzS8SSrfcbVdqZ-1HWZCYRo ;
to : gh_0c02969f70a6 ;
time : 1522746211 ;
type : event ;

2018-04-03 17:03:31 params :
------------
Array:
rule : -2 ;
module :  ;
message : Array ;

2018-04-03 17:03:31 response :
------------

2018-04-03 17:09:32 trace :
------------
Array:
tousername : gh_0c02969f70a6 ;
fromusername : oSI4Lj3w95MsRALWfih3pAhP7lOg ;
createtime : 1522746571 ;
msgtype : event ;
event : subscribe ;
eventkey : qrscene_ee395d04ec5fadc2f67c47c95fdc0447 ;
ticket : gQFT8TwAAAAAAAAAAS5odHRwOi8vd2VpeGluLnFxLmNvbS9xLzAycGRmMEJPOGU4YmYxMDAwMDAwN2YAAgRE9rxaAwQAAAAA ;
from : oSI4Lj3w95MsRALWfih3pAhP7lOg ;
to : gh_0c02969f70a6 ;
time : 1522746571 ;
type : subscribe ;
scene : ee395d04ec5fadc2f67c47c95fdc0447 ;

2018-04-03 17:09:37 trace :
------------
Array:
tousername : gh_0c02969f70a6 ;
fromusername : oSI4Lj3w95MsRALWfih3pAhP7lOg ;
createtime : 1522746576 ;
msgtype : event ;
event : VIEW ;
eventkey : https://h5.scene.yqh5.cn/s/6szkjdIq ;
menuid : 425039202 ;
from : oSI4Lj3w95MsRALWfih3pAhP7lOg ;
to : gh_0c02969f70a6 ;
time : 1522746576 ;
type : event ;

2018-04-03 17:09:37 params :
------------
Array:
rule : -2 ;
module :  ;
message : Array ;

2018-04-03 17:09:37 response :
------------

2018-04-03 17:10:32 trace :
------------
Array:
tousername : gh_0c02969f70a6 ;
fromusername : oSI4LjzS8SSrfcbVdqZ-1HWZCYRo ;
createtime : 1522746632 ;
msgtype : event ;
event : VIEW ;
eventkey : http://zz.jhzh66.com/app/index.php?i=8&c=entry&eid=194 ;
menuid : 425039202 ;
from : oSI4LjzS8SSrfcbVdqZ-1HWZCYRo ;
to : gh_0c02969f70a6 ;
time : 1522746632 ;
type : event ;

2018-04-03 17:10:32 params :
------------
Array:
rule : -2 ;
module :  ;
message : Array ;

2018-04-03 17:10:32 response :
------------

2018-04-03 17:23:36 trace :
------------
Array:
tousername : gh_0c02969f70a6 ;
fromusername : oSI4LjzS8SSrfcbVdqZ-1HWZCYRo ;
createtime : 1522747416 ;
msgtype : event ;
event : VIEW ;
eventkey : http://zz.jhzh66.com/app/index.php?i=8&c=entry&eid=194 ;
menuid : 425039202 ;
from : oSI4LjzS8SSrfcbVdqZ-1HWZCYRo ;
to : gh_0c02969f70a6 ;
time : 1522747416 ;
type : event ;

2018-04-03 17:23:36 params :
------------
Array:
rule : -2 ;
module :  ;
message : Array ;

2018-04-03 17:23:36 response :
------------

2018-04-03 17:24:01 trace :
------------
Array:
tousername : gh_0c02969f70a6 ;
fromusername : oSI4LjzS8SSrfcbVdqZ-1HWZCYRo ;
createtime : 1522747441 ;
msgtype : event ;
event : VIEW ;
eventkey : http://zz.jhzh66.com/app/index.php?i=8&c=entry&eid=194 ;
menuid : 425039202 ;
from : oSI4LjzS8SSrfcbVdqZ-1HWZCYRo ;
to : gh_0c02969f70a6 ;
time : 1522747441 ;
type : event ;

2018-04-03 17:24:01 params :
------------
Array:
rule : -2 ;
module :  ;
message : Array ;

2018-04-03 17:24:01 response :
------------

2018-04-03 17:41:16 trace :
------------
Array:
tousername : gh_0c02969f70a6 ;
fromusername : oSI4LjwR8fIbm5M9CJ_BENZaUDPE ;
createtime : 1522748476 ;
msgtype : event ;
event : VIEW ;
eventkey : http://zz.jhzh66.com/app/index.php?i=8&c=entry&eid=194 ;
menuid : 425039202 ;
from : oSI4LjwR8fIbm5M9CJ_BENZaUDPE ;
to : gh_0c02969f70a6 ;
time : 1522748476 ;
type : event ;

2018-04-03 17:41:16 params :
------------
Array:
rule : -2 ;
module :  ;
message : Array ;

2018-04-03 17:41:16 response :
------------

2018-04-03 17:42:46 trace :
------------
Array:
tousername : gh_0c02969f70a6 ;
fromusername : oSI4Lj97Jm2kdczJ4OHYMLb017pk ;
createtime : 1522748566 ;
msgtype : event ;
event : VIEW ;
eventkey : http://zz.jhzh66.com/app/index.php?i=8&c=entry&eid=194 ;
menuid : 425039202 ;
from : oSI4Lj97Jm2kdczJ4OHYMLb017pk ;
to : gh_0c02969f70a6 ;
time : 1522748566 ;
type : event ;

2018-04-03 17:42:46 params :
------------
Array:
rule : -2 ;
module :  ;
message : Array ;

2018-04-03 17:42:46 response :
------------

2018-04-03 17:48:02 trace :
------------
Array:
tousername : gh_0c02969f70a6 ;
fromusername : oSI4Lj97Jm2kdczJ4OHYMLb017pk ;
createtime : 1522748881 ;
msgtype : event ;
event : VIEW ;
eventkey : http://zz.jhzh66.com/app/index.php?i=8&c=entry&eid=194 ;
menuid : 425039202 ;
from : oSI4Lj97Jm2kdczJ4OHYMLb017pk ;
to : gh_0c02969f70a6 ;
time : 1522748881 ;
type : event ;

2018-04-03 17:48:02 params :
------------
Array:
rule : -2 ;
module :  ;
message : Array ;

2018-04-03 17:48:02 response :
------------

2018-04-03 17:49:59 trace :
------------
Array:
tousername : gh_0c02969f70a6 ;
fromusername : oSI4Lj4r8ygdoZeCwRhU0rJkKzVw ;
createtime : 1522748998 ;
msgtype : event ;
event : VIEW ;
eventkey : http://zz.jhzh66.com/app/index.php?i=8&c=entry&eid=194 ;
menuid : 425039202 ;
from : oSI4Lj4r8ygdoZeCwRhU0rJkKzVw ;
to : gh_0c02969f70a6 ;
time : 1522748998 ;
type : event ;

2018-04-03 17:49:59 params :
------------
Array:
rule : -2 ;
module :  ;
message : Array ;

2018-04-03 17:49:59 response :
------------

2018-04-03 17:50:22 trace :
------------
Array:
tousername : gh_0c02969f70a6 ;
fromusername : oSI4Lj0FvXHivaaeZ1i_t4zsdg1c ;
createtime : 1522749021 ;
msgtype : event ;
event : MASSSENDJOBFINISH ;
msgid : 1000000052 ;
status : send success ;
totalcount : 2681 ;
filtercount : 2681 ;
sentcount : 2681 ;
errorcount : 0 ;
copyrightcheckresult : Array ;
from : oSI4Lj0FvXHivaaeZ1i_t4zsdg1c ;
to : gh_0c02969f70a6 ;
time : 1522749021 ;
type : event ;

2018-04-03 17:50:22 params :
------------
Array:
rule : -2 ;
module :  ;
message : Array ;

2018-04-03 17:50:22 response :
------------

2018-04-03 17:53:55 trace :
------------
Array:
tousername : gh_0c02969f70a6 ;
fromusername : oSI4LjzpxpH0cEqR6ODnmuVSciCs ;
createtime : 1522749235 ;
msgtype : event ;
event : VIEW ;
eventkey : http://zz.jhzh66.com/app/index.php?i=8&c=entry&eid=194 ;
menuid : 425039202 ;
from : oSI4LjzpxpH0cEqR6ODnmuVSciCs ;
to : gh_0c02969f70a6 ;
time : 1522749235 ;
type : event ;

2018-04-03 17:53:55 params :
------------
Array:
rule : -2 ;
module :  ;
message : Array ;

2018-04-03 17:53:55 response :
------------

2018-04-03 17:55:28 trace :
------------
Array:
tousername : gh_0c02969f70a6 ;
fromusername : oSI4LjxMqcTT0PhOsXTJrtxdR4NU ;
createtime : 1522749328 ;
msgtype : event ;
event : VIEW ;
eventkey : http://zz.jhzh66.com/app/index.php?i=8&c=entry&eid=194 ;
menuid : 425039202 ;
from : oSI4LjxMqcTT0PhOsXTJrtxdR4NU ;
to : gh_0c02969f70a6 ;
time : 1522749328 ;
type : event ;

2018-04-03 17:55:28 params :
------------
Array:
rule : -2 ;
module :  ;
message : Array ;

2018-04-03 17:55:28 response :
------------

2018-04-03 17:55:29 trace :
------------
Array:
tousername : gh_0c02969f70a6 ;
fromusername : oSI4LjxMqcTT0PhOsXTJrtxdR4NU ;
createtime : 1522749329 ;
msgtype : event ;
event : VIEW ;
eventkey : http://zz.jhzh66.com/app/index.php?i=8&c=entry&eid=194 ;
menuid : 425039202 ;
from : oSI4LjxMqcTT0PhOsXTJrtxdR4NU ;
to : gh_0c02969f70a6 ;
time : 1522749329 ;
type : event ;

2018-04-03 17:55:29 params :
------------
Array:
rule : -2 ;
module :  ;
message : Array ;

2018-04-03 17:55:29 response :
------------

2018-04-03 18:02:11 trace :
------------
Array:
tousername : gh_0c02969f70a6 ;
fromusername : oSI4Lj142Snue4MQLre6xOJEhG9I ;
createtime : 1522749731 ;
msgtype : event ;
event : VIEW ;
eventkey : http://zz.jhzh66.com/app/index.php?i=8&c=entry&eid=194 ;
menuid : 425039202 ;
from : oSI4Lj142Snue4MQLre6xOJEhG9I ;
to : gh_0c02969f70a6 ;
time : 1522749731 ;
type : event ;

2018-04-03 18:02:11 params :
------------
Array:
rule : -2 ;
module :  ;
message : Array ;

2018-04-03 18:02:11 response :
------------

2018-04-03 18:06:19 trace :
------------
Array:
tousername : gh_0c02969f70a6 ;
fromusername : oSI4Ljw47XVdd5fuXM7cTnH5gDGY ;
createtime : 1522749979 ;
msgtype : event ;
event : VIEW ;
eventkey : http://zz.jhzh66.com/app/index.php?i=8&c=entry&eid=194 ;
menuid : 425039202 ;
from : oSI4Ljw47XVdd5fuXM7cTnH5gDGY ;
to : gh_0c02969f70a6 ;
time : 1522749979 ;
type : event ;

2018-04-03 18:06:19 params :
------------
Array:
rule : -2 ;
module :  ;
message : Array ;

2018-04-03 18:06:19 response :
------------

2018-04-03 18:10:43 trace :
------------
Array:
tousername : gh_0c02969f70a6 ;
fromusername : oSI4Lj-9w2Hnl7cOV6n-RMLebBFo ;
createtime : 1522750243 ;
msgtype : event ;
event : CLICK ;
eventkey : 海报 ;
from : oSI4Lj-9w2Hnl7cOV6n-RMLebBFo ;
to : gh_0c02969f70a6 ;
time : 1522750243 ;
type : event ;

2018-04-03 18:10:50 trace :
------------
Array:
tousername : gh_0c02969f70a6 ;
fromusername : oSI4Lj-9w2Hnl7cOV6n-RMLebBFo ;
createtime : 1522750250 ;
msgtype : event ;
event : VIEW ;
eventkey : http://zz.jhzh66.com/app/index.php?i=8&c=entry&eid=198 ;
menuid : 425039202 ;
from : oSI4Lj-9w2Hnl7cOV6n-RMLebBFo ;
to : gh_0c02969f70a6 ;
time : 1522750250 ;
type : event ;

2018-04-03 18:10:50 params :
------------
Array:
rule : -2 ;
module :  ;
message : Array ;

2018-04-03 18:10:50 response :
------------

2018-04-03 18:26:09 trace :
------------
Array:
tousername : gh_0c02969f70a6 ;
fromusername : oSI4Lj99EQ_IeYxN0Az4VpSMlouY ;
createtime : 1522751169 ;
msgtype : event ;
event : VIEW ;
eventkey : https://h5.scene.yqh5.cn/s/6szkjdIq ;
menuid : 425039202 ;
from : oSI4Lj99EQ_IeYxN0Az4VpSMlouY ;
to : gh_0c02969f70a6 ;
time : 1522751169 ;
type : event ;

2018-04-03 18:26:09 params :
------------
Array:
rule : -2 ;
module :  ;
message : Array ;

2018-04-03 18:26:09 response :
------------

2018-04-03 18:27:45 trace :
------------
Array:
tousername : gh_0c02969f70a6 ;
fromusername : oSI4Lj99EQ_IeYxN0Az4VpSMlouY ;
createtime : 1522751265 ;
msgtype : event ;
event : VIEW ;
eventkey : http://zz.jhzh66.com/app/index.php?i=8&c=entry&eid=194 ;
menuid : 425039202 ;
from : oSI4Lj99EQ_IeYxN0Az4VpSMlouY ;
to : gh_0c02969f70a6 ;
time : 1522751265 ;
type : event ;

2018-04-03 18:27:45 params :
------------
Array:
rule : -2 ;
module :  ;
message : Array ;

2018-04-03 18:27:45 response :
------------

2018-04-03 18:31:17 trace :
------------
Array:
tousername : gh_0c02969f70a6 ;
fromusername : oSI4Lj99EQ_IeYxN0Az4VpSMlouY ;
createtime : 1522751476 ;
msgtype : event ;
event : VIEW ;
eventkey : http://zz.jhzh66.com/app/index.php?i=8&c=entry&eid=194 ;
menuid : 425039202 ;
from : oSI4Lj99EQ_IeYxN0Az4VpSMlouY ;
to : gh_0c02969f70a6 ;
time : 1522751476 ;
type : event ;

2018-04-03 18:31:17 params :
------------
Array:
rule : -2 ;
module :  ;
message : Array ;

2018-04-03 18:31:17 response :
------------

2018-04-03 18:42:13 trace :
------------
Array:
tousername : gh_0c02969f70a6 ;
fromusername : oSI4LjxgPvF9iMHSyO55h3cZ7WMg ;
createtime : 1522752132 ;
msgtype : event ;
event : VIEW ;
eventkey : http://www.haolangtech.com/index.php?s=/Home/New/crowdfundingindex/id/22.html ;
menuid : 425039202 ;
from : oSI4LjxgPvF9iMHSyO55h3cZ7WMg ;
to : gh_0c02969f70a6 ;
time : 1522752132 ;
type : event ;

2018-04-03 18:42:13 params :
------------
Array:
rule : -2 ;
module :  ;
message : Array ;

2018-04-03 18:42:13 response :
------------

2018-04-03 18:45:47 trace :
------------
Array:
tousername : gh_0c02969f70a6 ;
fromusername : oSI4Lj6C6LNQfnxzw_KsSkM8OVbY ;
createtime : 1522752347 ;
msgtype : event ;
event : VIEW ;
eventkey : http://www.haolangtech.com/index.php?s=/Home/New/crowdfundingindex/id/22.html ;
menuid : 425039202 ;
from : oSI4Lj6C6LNQfnxzw_KsSkM8OVbY ;
to : gh_0c02969f70a6 ;
time : 1522752347 ;
type : event ;

2018-04-03 18:45:47 params :
------------
Array:
rule : -2 ;
module :  ;
message : Array ;

2018-04-03 18:45:47 response :
------------

2018-04-03 19:11:46 trace :
------------
Array:
tousername : gh_0c02969f70a6 ;
fromusername : oSI4Lj_Dd5KNsbAY4palloaCNwfA ;
createtime : 1522753906 ;
msgtype : event ;
event : VIEW ;
eventkey : http://zz.jhzh66.com/app/index.php?i=8&c=entry&eid=194 ;
menuid : 425039202 ;
from : oSI4Lj_Dd5KNsbAY4palloaCNwfA ;
to : gh_0c02969f70a6 ;
time : 1522753906 ;
type : event ;

2018-04-03 19:11:46 params :
------------
Array:
rule : -2 ;
module :  ;
message : Array ;

2018-04-03 19:11:46 response :
------------

2018-04-03 19:44:58 trace :
------------
Array:
tousername : gh_0c02969f70a6 ;
fromusername : oSI4Lj_cD__365bOSvZnftSowkUQ ;
createtime : 1522755898 ;
msgtype : event ;
event : VIEW ;
eventkey : http://zz.jhzh66.com/app/index.php?i=8&c=entry&eid=194 ;
menuid : 425039202 ;
from : oSI4Lj_cD__365bOSvZnftSowkUQ ;
to : gh_0c02969f70a6 ;
time : 1522755898 ;
type : event ;

2018-04-03 19:44:58 params :
------------
Array:
rule : -2 ;
module :  ;
message : Array ;

2018-04-03 19:44:58 response :
------------

2018-04-03 19:54:36 trace :
------------
Array:
tousername : gh_0c02969f70a6 ;
fromusername : oSI4Lj20_NcXMVYs1wChy7FAwvRg ;
createtime : 1522756476 ;
msgtype : event ;
event : subscribe ;
eventkey : qrscene_e63f191ace780031e0e627a9424150eb ;
ticket : gQHE8TwAAAAAAAAAAS5odHRwOi8vd2VpeGluLnFxLmNvbS9xLzAySUcxYUFYOGU4YmYxMDAwME0wNzAAAgRxrMFaAwQAAAAA ;
from : oSI4Lj20_NcXMVYs1wChy7FAwvRg ;
to : gh_0c02969f70a6 ;
time : 1522756476 ;
type : subscribe ;
scene : e63f191ace780031e0e627a9424150eb ;

2018-04-03 19:54:43 trace :
------------
Array:
tousername : gh_0c02969f70a6 ;
fromusername : oSI4Lj20_NcXMVYs1wChy7FAwvRg ;
createtime : 1522756483 ;
msgtype : event ;
event : CLICK ;
eventkey : 海报 ;
from : oSI4Lj20_NcXMVYs1wChy7FAwvRg ;
to : gh_0c02969f70a6 ;
time : 1522756483 ;
type : event ;

2018-04-03 19:55:05 trace :
------------
Array:
tousername : gh_0c02969f70a6 ;
fromusername : oSI4Lj20_NcXMVYs1wChy7FAwvRg ;
createtime : 1522756505 ;
msgtype : event ;
event : VIEW ;
eventkey : http://zz.jhzh66.com/app/index.php?i=8&c=entry&eid=194 ;
menuid : 425039202 ;
from : oSI4Lj20_NcXMVYs1wChy7FAwvRg ;
to : gh_0c02969f70a6 ;
time : 1522756505 ;
type : event ;

2018-04-03 19:55:05 params :
------------
Array:
rule : -2 ;
module :  ;
message : Array ;

2018-04-03 19:55:05 response :
------------

2018-04-03 20:02:16 trace :
------------
Array:
tousername : gh_0c02969f70a6 ;
fromusername : oSI4Lj8R1ZwMdhDqS92XFHxmblmQ ;
createtime : 1522756936 ;
msgtype : event ;
event : VIEW ;
eventkey : http://zz.jhzh66.com/app/index.php?i=8&c=entry&eid=194 ;
menuid : 425039202 ;
from : oSI4Lj8R1ZwMdhDqS92XFHxmblmQ ;
to : gh_0c02969f70a6 ;
time : 1522756936 ;
type : event ;

2018-04-03 20:02:16 params :
------------
Array:
rule : -2 ;
module :  ;
message : Array ;

2018-04-03 20:02:16 response :
------------

2018-04-03 20:24:38 trace :
------------
Array:
tousername : gh_0c02969f70a6 ;
fromusername : oSI4Ljyfe7Rap0w5wyM2bPPUGntU ;
createtime : 1522758278 ;
msgtype : event ;
event : subscribe ;
eventkey : qrscene_e63f191ace780031e0e627a9424150eb ;
ticket : gQHE8TwAAAAAAAAAAS5odHRwOi8vd2VpeGluLnFxLmNvbS9xLzAySUcxYUFYOGU4YmYxMDAwME0wNzAAAgRxrMFaAwQAAAAA ;
from : oSI4Ljyfe7Rap0w5wyM2bPPUGntU ;
to : gh_0c02969f70a6 ;
time : 1522758278 ;
type : subscribe ;
scene : e63f191ace780031e0e627a9424150eb ;

2018-04-03 20:24:57 trace :
------------
Array:
tousername : gh_0c02969f70a6 ;
fromusername : oSI4Ljyfe7Rap0w5wyM2bPPUGntU ;
createtime : 1522758297 ;
msgtype : event ;
event : VIEW ;
eventkey : http://zz.jhzh66.com/app/index.php?i=8&c=entry&eid=194 ;
menuid : 425039202 ;
from : oSI4Ljyfe7Rap0w5wyM2bPPUGntU ;
to : gh_0c02969f70a6 ;
time : 1522758297 ;
type : event ;

2018-04-03 20:24:57 params :
------------
Array:
rule : -2 ;
module :  ;
message : Array ;

2018-04-03 20:24:57 response :
------------

2018-04-03 20:40:46 trace :
------------
Array:
tousername : gh_0c02969f70a6 ;
fromusername : oSI4Lj7LR1DAcPoY60uzAaQwyPTU ;
createtime : 1522759246 ;
msgtype : event ;
event : VIEW ;
eventkey : http://zz.jhzh66.com/app/index.php?i=8&c=entry&eid=198 ;
menuid : 425039202 ;
from : oSI4Lj7LR1DAcPoY60uzAaQwyPTU ;
to : gh_0c02969f70a6 ;
time : 1522759246 ;
type : event ;

2018-04-03 20:40:47 params :
------------
Array:
rule : -2 ;
module :  ;
message : Array ;

2018-04-03 20:40:47 response :
------------

2018-04-03 20:48:20 trace :
------------
Array:
tousername : gh_0c02969f70a6 ;
fromusername : oSI4Lj2f-c1cKWhPZLhOE85vn2lk ;
createtime : 1522759700 ;
msgtype : event ;
event : CLICK ;
eventkey : 海报 ;
from : oSI4Lj2f-c1cKWhPZLhOE85vn2lk ;
to : gh_0c02969f70a6 ;
time : 1522759700 ;
type : event ;

2018-04-03 20:48:45 trace :
------------
Array:
tousername : gh_0c02969f70a6 ;
fromusername : oSI4Lj2f-c1cKWhPZLhOE85vn2lk ;
createtime : 1522759725 ;
msgtype : event ;
event : SCAN ;
eventkey : 6306acecab34b3ebaa0f2ba4cf7f2d32 ;
ticket : gQE_8TwAAAAAAAAAAS5odHRwOi8vd2VpeGluLnFxLmNvbS9xLzAyRkhPSkJkOGU4YmYxMDAwME0wNzIAAgQVeMNaAwQAAAAA ;
from : oSI4Lj2f-c1cKWhPZLhOE85vn2lk ;
to : gh_0c02969f70a6 ;
time : 1522759725 ;
type : subscribe ;
scene : 6306acecab34b3ebaa0f2ba4cf7f2d32 ;

2018-04-03 20:50:45 trace :
------------
Array:
tousername : gh_0c02969f70a6 ;
fromusername : oSI4LjzUbTUfvJ9KlbtdPsSZ3d3Q ;
createtime : 1522759845 ;
msgtype : event ;
event : VIEW ;
eventkey : http://zz.jhzh66.com/app/index.php?i=8&c=entry&eid=194 ;
menuid : 425039202 ;
from : oSI4LjzUbTUfvJ9KlbtdPsSZ3d3Q ;
to : gh_0c02969f70a6 ;
time : 1522759845 ;
type : event ;

2018-04-03 20:50:45 params :
------------
Array:
rule : -2 ;
module :  ;
message : Array ;

2018-04-03 20:50:45 response :
------------

2018-04-03 20:51:46 trace :
------------
Array:
tousername : gh_0c02969f70a6 ;
fromusername : oSI4LjyHUqsKQ2U6jJYcy4lCjBVA ;
createtime : 1522759906 ;
msgtype : event ;
event : VIEW ;
eventkey : http://zz.jhzh66.com/app/index.php?i=8&c=home&t=8 ;
menuid : 425039202 ;
from : oSI4LjyHUqsKQ2U6jJYcy4lCjBVA ;
to : gh_0c02969f70a6 ;
time : 1522759906 ;
type : event ;

2018-04-03 20:51:46 params :
------------
Array:
rule : -2 ;
module :  ;
message : Array ;

2018-04-03 20:51:46 response :
------------

2018-04-03 20:52:36 trace :
------------
Array:
tousername : gh_0c02969f70a6 ;
fromusername : oSI4LjyHUqsKQ2U6jJYcy4lCjBVA ;
createtime : 1522759956 ;
msgtype : event ;
event : VIEW ;
eventkey : http://zz.jhzh66.com/app/index.php?i=8&c=entry&eid=194 ;
menuid : 425039202 ;
from : oSI4LjyHUqsKQ2U6jJYcy4lCjBVA ;
to : gh_0c02969f70a6 ;
time : 1522759956 ;
type : event ;

2018-04-03 20:52:36 params :
------------
Array:
rule : -2 ;
module :  ;
message : Array ;

2018-04-03 20:52:36 response :
------------

2018-04-03 20:53:49 trace :
------------
Array:
tousername : gh_0c02969f70a6 ;
fromusername : oSI4LjyHUqsKQ2U6jJYcy4lCjBVA ;
createtime : 1522760029 ;
msgtype : event ;
event : VIEW ;
eventkey : http://zz.jhzh66.com/app/index.php?i=8&c=entry&eid=198 ;
menuid : 425039202 ;
from : oSI4LjyHUqsKQ2U6jJYcy4lCjBVA ;
to : gh_0c02969f70a6 ;
time : 1522760029 ;
type : event ;

2018-04-03 20:53:49 params :
------------
Array:
rule : -2 ;
module :  ;
message : Array ;

2018-04-03 20:53:49 response :
------------

2018-04-03 20:57:24 trace :
------------
Array:
tousername : gh_0c02969f70a6 ;
fromusername : oSI4Lj99EQ_IeYxN0Az4VpSMlouY ;
createtime : 1522760244 ;
msgtype : event ;
event : VIEW ;
eventkey : http://zz.jhzh66.com/app/index.php?i=8&c=entry&eid=194 ;
menuid : 425039202 ;
from : oSI4Lj99EQ_IeYxN0Az4VpSMlouY ;
to : gh_0c02969f70a6 ;
time : 1522760244 ;
type : event ;

2018-04-03 20:57:24 params :
------------
Array:
rule : -2 ;
module :  ;
message : Array ;

2018-04-03 20:57:24 response :
------------

2018-04-03 20:57:46 trace :
------------
Array:
tousername : gh_0c02969f70a6 ;
fromusername : oSI4Lj2pjhreoyy5STNGRffttblI ;
createtime : 1522760266 ;
msgtype : event ;
event : VIEW ;
eventkey : http://zz.jhzh66.com/app/index.php?i=8&c=entry&eid=194 ;
menuid : 425039202 ;
from : oSI4Lj2pjhreoyy5STNGRffttblI ;
to : gh_0c02969f70a6 ;
time : 1522760266 ;
type : event ;

2018-04-03 20:57:46 params :
------------
Array:
rule : -2 ;
module :  ;
message : Array ;

2018-04-03 20:57:46 response :
------------

2018-04-03 21:02:22 trace :
------------
Array:
tousername : gh_0c02969f70a6 ;
fromusername : oSI4Lj2pjhreoyy5STNGRffttblI ;
createtime : 1522760541 ;
msgtype : event ;
event : VIEW ;
eventkey : http://zz11.com.cn/plugin.php?id=wechat:access ;
menuid : 425039202 ;
from : oSI4Lj2pjhreoyy5STNGRffttblI ;
to : gh_0c02969f70a6 ;
time : 1522760541 ;
type : event ;

2018-04-03 21:02:22 params :
------------
Array:
rule : -2 ;
module :  ;
message : Array ;

2018-04-03 21:02:22 response :
------------

2018-04-03 21:02:25 trace :
------------
Array:
tousername : gh_0c02969f70a6 ;
fromusername : oSI4Lj2pjhreoyy5STNGRffttblI ;
createtime : 1522760545 ;
msgtype : event ;
event : VIEW ;
eventkey : http://zz.jhzh66.com/app/index.php?i=8&c=entry&eid=194 ;
menuid : 425039202 ;
from : oSI4Lj2pjhreoyy5STNGRffttblI ;
to : gh_0c02969f70a6 ;
time : 1522760545 ;
type : event ;

2018-04-03 21:02:25 params :
------------
Array:
rule : -2 ;
module :  ;
message : Array ;

2018-04-03 21:02:25 response :
------------

2018-04-03 21:03:22 trace :
------------
Array:
tousername : gh_0c02969f70a6 ;
fromusername : oSI4Lj99EQ_IeYxN0Az4VpSMlouY ;
createtime : 1522760602 ;
msgtype : event ;
event : VIEW ;
eventkey : http://zz.jhzh66.com/app/index.php?i=8&c=entry&eid=194 ;
menuid : 425039202 ;
from : oSI4Lj99EQ_IeYxN0Az4VpSMlouY ;
to : gh_0c02969f70a6 ;
time : 1522760602 ;
type : event ;

2018-04-03 21:03:22 params :
------------
Array:
rule : -2 ;
module :  ;
message : Array ;

2018-04-03 21:03:22 response :
------------

2018-04-03 21:03:33 trace :
------------
Array:
tousername : gh_0c02969f70a6 ;
fromusername : oSI4Lj99EQ_IeYxN0Az4VpSMlouY ;
createtime : 1522760613 ;
msgtype : event ;
event : CLICK ;
eventkey : 海报 ;
from : oSI4Lj99EQ_IeYxN0Az4VpSMlouY ;
to : gh_0c02969f70a6 ;
time : 1522760613 ;
type : event ;

2018-04-03 21:06:02 trace :
------------
Array:
tousername : gh_0c02969f70a6 ;
fromusername : oSI4Lj99EQ_IeYxN0Az4VpSMlouY ;
createtime : 1522760762 ;
msgtype : event ;
event : VIEW ;
eventkey : http://zz.jhzh66.com/app/index.php?i=8&c=entry&eid=194 ;
menuid : 425039202 ;
from : oSI4Lj99EQ_IeYxN0Az4VpSMlouY ;
to : gh_0c02969f70a6 ;
time : 1522760762 ;
type : event ;

2018-04-03 21:06:02 params :
------------
Array:
rule : -2 ;
module :  ;
message : Array ;

2018-04-03 21:06:02 response :
------------

2018-04-03 21:06:32 trace :
------------
Array:
tousername : gh_0c02969f70a6 ;
fromusername : oSI4Lj97Jm2kdczJ4OHYMLb017pk ;
createtime : 1522760792 ;
msgtype : event ;
event : VIEW ;
eventkey : http://zz.jhzh66.com/app/index.php?i=8&c=entry&eid=194 ;
menuid : 425039202 ;
from : oSI4Lj97Jm2kdczJ4OHYMLb017pk ;
to : gh_0c02969f70a6 ;
time : 1522760792 ;
type : event ;

2018-04-03 21:06:32 params :
------------
Array:
rule : -2 ;
module :  ;
message : Array ;

2018-04-03 21:06:32 response :
------------

2018-04-03 21:08:25 trace :
------------
Array:
tousername : gh_0c02969f70a6 ;
fromusername : oSI4Lj99EQ_IeYxN0Az4VpSMlouY ;
createtime : 1522760905 ;
msgtype : event ;
event : VIEW ;
eventkey : http://zz.jhzh66.com/app/index.php?i=8&c=entry&eid=194 ;
menuid : 425039202 ;
from : oSI4Lj99EQ_IeYxN0Az4VpSMlouY ;
to : gh_0c02969f70a6 ;
time : 1522760905 ;
type : event ;

2018-04-03 21:08:25 params :
------------
Array:
rule : -2 ;
module :  ;
message : Array ;

2018-04-03 21:08:25 response :
------------

2018-04-03 21:11:34 trace :
------------
Array:
tousername : gh_0c02969f70a6 ;
fromusername : oSI4Lj99EQ_IeYxN0Az4VpSMlouY ;
createtime : 1522761094 ;
msgtype : event ;
event : VIEW ;
eventkey : http://zz.jhzh66.com/app/index.php?i=8&c=entry&eid=194 ;
menuid : 425039202 ;
from : oSI4Lj99EQ_IeYxN0Az4VpSMlouY ;
to : gh_0c02969f70a6 ;
time : 1522761094 ;
type : event ;

2018-04-03 21:11:34 params :
------------
Array:
rule : -2 ;
module :  ;
message : Array ;

2018-04-03 21:11:34 response :
------------

2018-04-03 21:13:54 trace :
------------
Array:
tousername : gh_0c02969f70a6 ;
fromusername : oSI4Lj99EQ_IeYxN0Az4VpSMlouY ;
createtime : 1522761234 ;
msgtype : event ;
event : VIEW ;
eventkey : http://zz.jhzh66.com/app/index.php?i=8&c=entry&eid=194 ;
menuid : 425039202 ;
from : oSI4Lj99EQ_IeYxN0Az4VpSMlouY ;
to : gh_0c02969f70a6 ;
time : 1522761234 ;
type : event ;

2018-04-03 21:13:54 params :
------------
Array:
rule : -2 ;
module :  ;
message : Array ;

2018-04-03 21:13:54 response :
------------

2018-04-03 21:27:54 trace :
------------
Array:
tousername : gh_0c02969f70a6 ;
fromusername : oSI4Lj2znF4UI7gzYBFFLjHPxk_w ;
createtime : 1522762074 ;
msgtype : event ;
event : subscribe ;
eventkey : qrscene_0e1aa2db4c4c96e4bb05d5f3a02b2a7c ;
ticket : gQEZ8TwAAAAAAAAAAS5odHRwOi8vd2VpeGluLnFxLmNvbS9xLzAydlpJZEJ3OGU4YmYxMDAwMDAwN3cAAgSme8NaAwQAAAAA ;
from : oSI4Lj2znF4UI7gzYBFFLjHPxk_w ;
to : gh_0c02969f70a6 ;
time : 1522762074 ;
type : subscribe ;
scene : 0e1aa2db4c4c96e4bb05d5f3a02b2a7c ;

2018-04-03 21:28:02 trace :
------------
Array:
tousername : gh_0c02969f70a6 ;
fromusername : oSI4Lj2znF4UI7gzYBFFLjHPxk_w ;
createtime : 1522762082 ;
msgtype : event ;
event : VIEW ;
eventkey : https://m.qlchat.com/live/320000044317761.htm ;
menuid : 425039202 ;
from : oSI4Lj2znF4UI7gzYBFFLjHPxk_w ;
to : gh_0c02969f70a6 ;
time : 1522762082 ;
type : event ;

2018-04-03 21:28:02 params :
------------
Array:
rule : -2 ;
module :  ;
message : Array ;

2018-04-03 21:28:02 response :
------------

2018-04-03 21:28:11 trace :
------------
Array:
tousername : gh_0c02969f70a6 ;
fromusername : oSI4Lj2znF4UI7gzYBFFLjHPxk_w ;
createtime : 1522762090 ;
msgtype : event ;
event : VIEW ;
eventkey : https://m.qlchat.com/live/320000044317761.htm ;
menuid : 425039202 ;
from : oSI4Lj2znF4UI7gzYBFFLjHPxk_w ;
to : gh_0c02969f70a6 ;
time : 1522762090 ;
type : event ;

2018-04-03 21:28:11 params :
------------
Array:
rule : -2 ;
module :  ;
message : Array ;

2018-04-03 21:28:11 response :
------------

2018-04-03 21:40:12 trace :
------------
Array:
tousername : gh_0c02969f70a6 ;
fromusername : oSI4LjzN5xiagYKPo9K1Dj7BwXy8 ;
createtime : 1522762812 ;
msgtype : event ;
event : subscribe ;
eventkey : qrscene_e63f191ace780031e0e627a9424150eb ;
ticket : gQHE8TwAAAAAAAAAAS5odHRwOi8vd2VpeGluLnFxLmNvbS9xLzAySUcxYUFYOGU4YmYxMDAwME0wNzAAAgRxrMFaAwQAAAAA ;
from : oSI4LjzN5xiagYKPo9K1Dj7BwXy8 ;
to : gh_0c02969f70a6 ;
time : 1522762812 ;
type : subscribe ;
scene : e63f191ace780031e0e627a9424150eb ;

2018-04-03 21:40:21 trace :
------------
Array:
tousername : gh_0c02969f70a6 ;
fromusername : oSI4LjzN5xiagYKPo9K1Dj7BwXy8 ;
createtime : 1522762821 ;
msgtype : event ;
event : VIEW ;
eventkey : http://zz.jhzh66.com/app/index.php?i=8&c=entry&eid=194 ;
menuid : 425039202 ;
from : oSI4LjzN5xiagYKPo9K1Dj7BwXy8 ;
to : gh_0c02969f70a6 ;
time : 1522762821 ;
type : event ;

2018-04-03 21:40:21 params :
------------
Array:
rule : -2 ;
module :  ;
message : Array ;

2018-04-03 21:40:21 response :
------------

2018-04-03 21:41:14 trace :
------------
Array:
tousername : gh_0c02969f70a6 ;
fromusername : oSI4LjzN5xiagYKPo9K1Dj7BwXy8 ;
createtime : 1522762874 ;
msgtype : event ;
event : VIEW ;
eventkey : http://zz.jhzh66.com/app/index.php?i=8&c=site&a=site&do=detail&id=2 ;
menuid : 425039202 ;
from : oSI4LjzN5xiagYKPo9K1Dj7BwXy8 ;
to : gh_0c02969f70a6 ;
time : 1522762874 ;
type : event ;

2018-04-03 21:41:14 params :
------------
Array:
rule : -2 ;
module :  ;
message : Array ;

2018-04-03 21:41:14 response :
------------

2018-04-03 21:41:35 trace :
------------
Array:
tousername : gh_0c02969f70a6 ;
fromusername : oSI4LjzN5xiagYKPo9K1Dj7BwXy8 ;
createtime : 1522762895 ;
msgtype : event ;
event : VIEW ;
eventkey : http://zz.jhzh66.com/app/index.php?i=8&c=entry&eid=194 ;
menuid : 425039202 ;
from : oSI4LjzN5xiagYKPo9K1Dj7BwXy8 ;
to : gh_0c02969f70a6 ;
time : 1522762895 ;
type : event ;

2018-04-03 21:41:35 params :
------------
Array:
rule : -2 ;
module :  ;
message : Array ;

2018-04-03 21:41:35 response :
------------

2018-04-03 21:41:41 trace :
------------
Array:
tousername : gh_0c02969f70a6 ;
fromusername : oSI4LjzN5xiagYKPo9K1Dj7BwXy8 ;
createtime : 1522762901 ;
msgtype : event ;
event : VIEW ;
eventkey : http://zz11.com.cn/plugin.php?id=wechat:access ;
menuid : 425039202 ;
from : oSI4LjzN5xiagYKPo9K1Dj7BwXy8 ;
to : gh_0c02969f70a6 ;
time : 1522762901 ;
type : event ;

2018-04-03 21:41:41 params :
------------
Array:
rule : -2 ;
module :  ;
message : Array ;

2018-04-03 21:41:41 response :
------------

2018-04-03 21:57:50 trace :
------------
Array:
tousername : gh_0c02969f70a6 ;
fromusername : oSI4Lj2znF4UI7gzYBFFLjHPxk_w ;
createtime : 1522763870 ;
msgtype : event ;
event : VIEW ;
eventkey : https://m.qlchat.com/live/320000044317761.htm ;
menuid : 425039202 ;
from : oSI4Lj2znF4UI7gzYBFFLjHPxk_w ;
to : gh_0c02969f70a6 ;
time : 1522763870 ;
type : event ;

2018-04-03 21:57:50 params :
------------
Array:
rule : -2 ;
module :  ;
message : Array ;

2018-04-03 21:57:50 response :
------------

2018-04-03 21:59:07 trace :
------------
Array:
tousername : gh_0c02969f70a6 ;
fromusername : oSI4Lj2znF4UI7gzYBFFLjHPxk_w ;
createtime : 1522763947 ;
msgtype : event ;
event : VIEW ;
eventkey : http://zz.jhzh66.com/app/index.php?i=8&c=entry&eid=194 ;
menuid : 425039202 ;
from : oSI4Lj2znF4UI7gzYBFFLjHPxk_w ;
to : gh_0c02969f70a6 ;
time : 1522763947 ;
type : event ;

2018-04-03 21:59:07 params :
------------
Array:
rule : -2 ;
module :  ;
message : Array ;

2018-04-03 21:59:07 response :
------------

2018-04-03 22:36:18 trace :
------------
Array:
tousername : gh_0c02969f70a6 ;
fromusername : oSI4Lj97Jm2kdczJ4OHYMLb017pk ;
createtime : 1522766177 ;
msgtype : event ;
event : VIEW ;
eventkey : http://zz.jhzh66.com/app/index.php?i=8&c=entry&eid=194 ;
menuid : 425039202 ;
from : oSI4Lj97Jm2kdczJ4OHYMLb017pk ;
to : gh_0c02969f70a6 ;
time : 1522766177 ;
type : event ;

2018-04-03 22:36:18 params :
------------
Array:
rule : -2 ;
module :  ;
message : Array ;

2018-04-03 22:36:18 response :
------------

2018-04-03 23:04:35 trace :
------------
Array:
tousername : gh_0c02969f70a6 ;
fromusername : oSI4Lj_4NsE9Xy_L2iQXPOKyeBiY ;
createtime : 1522767875 ;
msgtype : event ;
event : VIEW ;
eventkey : http://zz.jhzh66.com/app/index.php?i=8&c=home&t=8 ;
menuid : 425039202 ;
from : oSI4Lj_4NsE9Xy_L2iQXPOKyeBiY ;
to : gh_0c02969f70a6 ;
time : 1522767875 ;
type : event ;

2018-04-03 23:04:35 params :
------------
Array:
rule : -2 ;
module :  ;
message : Array ;

2018-04-03 23:04:35 response :
------------

2018-04-03 23:06:33 trace :
------------
Array:
tousername : gh_0c02969f70a6 ;
fromusername : oSI4Lj_4NsE9Xy_L2iQXPOKyeBiY ;
createtime : 1522767993 ;
msgtype : event ;
event : CLICK ;
eventkey : 海报 ;
from : oSI4Lj_4NsE9Xy_L2iQXPOKyeBiY ;
to : gh_0c02969f70a6 ;
time : 1522767993 ;
type : event ;

2018-04-03 23:07:02 trace :
------------
Array:
tousername : gh_0c02969f70a6 ;
fromusername : oSI4Lj_4NsE9Xy_L2iQXPOKyeBiY ;
createtime : 1522768022 ;
msgtype : event ;
event : VIEW ;
eventkey : http://www.haolangtech.com/index.php?s=/Home/New/crowdfundingindex/id/22.html ;
menuid : 425039202 ;
from : oSI4Lj_4NsE9Xy_L2iQXPOKyeBiY ;
to : gh_0c02969f70a6 ;
time : 1522768022 ;
type : event ;

2018-04-03 23:07:02 params :
------------
Array:
rule : -2 ;
module :  ;
message : Array ;

2018-04-03 23:07:02 response :
------------

2018-04-03 23:07:26 trace :
------------
Array:
tousername : gh_0c02969f70a6 ;
fromusername : oSI4Lj_4NsE9Xy_L2iQXPOKyeBiY ;
createtime : 1522768046 ;
msgtype : event ;
event : VIEW ;
eventkey : http://zz.jhzh66.com/app/index.php?i=8&c=entry&eid=194 ;
menuid : 425039202 ;
from : oSI4Lj_4NsE9Xy_L2iQXPOKyeBiY ;
to : gh_0c02969f70a6 ;
time : 1522768046 ;
type : event ;

2018-04-03 23:07:26 params :
------------
Array:
rule : -2 ;
module :  ;
message : Array ;

2018-04-03 23:07:26 response :
------------

2018-04-03 23:07:41 trace :
------------
Array:
tousername : gh_0c02969f70a6 ;
fromusername : oSI4Lj_4NsE9Xy_L2iQXPOKyeBiY ;
createtime : 1522768061 ;
msgtype : event ;
event : VIEW ;
eventkey : http://zz.jhzh66.com/app/index.php?i=8&c=entry&eid=198 ;
menuid : 425039202 ;
from : oSI4Lj_4NsE9Xy_L2iQXPOKyeBiY ;
to : gh_0c02969f70a6 ;
time : 1522768061 ;
type : event ;

2018-04-03 23:07:41 params :
------------
Array:
rule : -2 ;
module :  ;
message : Array ;

2018-04-03 23:07:41 response :
------------

2018-04-03 23:11:46 trace :
------------
Array:
tousername : gh_0c02969f70a6 ;
fromusername : oSI4Lj-mQFi0cVrtdhb5LRhxTXRo ;
createtime : 1522768306 ;
msgtype : event ;
event : SCAN ;
eventkey : 0e1aa2db4c4c96e4bb05d5f3a02b2a7c ;
ticket : gQEZ8TwAAAAAAAAAAS5odHRwOi8vd2VpeGluLnFxLmNvbS9xLzAydlpJZEJ3OGU4YmYxMDAwMDAwN3cAAgSme8NaAwQAAAAA ;
from : oSI4Lj-mQFi0cVrtdhb5LRhxTXRo ;
to : gh_0c02969f70a6 ;
time : 1522768306 ;
type : subscribe ;
scene : 0e1aa2db4c4c96e4bb05d5f3a02b2a7c ;

2018-04-03 23:11:53 trace :
------------
Array:
tousername : gh_0c02969f70a6 ;
fromusername : oSI4Lj-mQFi0cVrtdhb5LRhxTXRo ;
createtime : 1522768313 ;
msgtype : event ;
event : VIEW ;
eventkey : http://zz.jhzh66.com/app/index.php?i=8&c=entry&eid=194 ;
menuid : 425039202 ;
from : oSI4Lj-mQFi0cVrtdhb5LRhxTXRo ;
to : gh_0c02969f70a6 ;
time : 1522768313 ;
type : event ;

2018-04-03 23:11:53 params :
------------
Array:
rule : -2 ;
module :  ;
message : Array ;

2018-04-03 23:11:53 response :
------------

2018-04-03 23:12:46 trace :
------------
Array:
tousername : gh_0c02969f70a6 ;
fromusername : oSI4LjwFuCfjj4FkOq_tS1grj9lE ;
createtime : 1522768366 ;
msgtype : event ;
event : VIEW ;
eventkey : http://zz.jhzh66.com/app/index.php?i=8&c=entry&eid=194 ;
menuid : 425039202 ;
from : oSI4LjwFuCfjj4FkOq_tS1grj9lE ;
to : gh_0c02969f70a6 ;
time : 1522768366 ;
type : event ;

2018-04-03 23:12:46 params :
------------
Array:
rule : -2 ;
module :  ;
message : Array ;

2018-04-03 23:12:46 response :
------------

2018-04-03 23:13:36 trace :
------------
Array:
tousername : gh_0c02969f70a6 ;
fromusername : oSI4LjwFuCfjj4FkOq_tS1grj9lE ;
createtime : 1522768416 ;
msgtype : event ;
event : VIEW ;
eventkey : http://zz.jhzh66.com/app/index.php?i=8&c=entry&eid=198 ;
menuid : 425039202 ;
from : oSI4LjwFuCfjj4FkOq_tS1grj9lE ;
to : gh_0c02969f70a6 ;
time : 1522768416 ;
type : event ;

2018-04-03 23:13:36 params :
------------
Array:
rule : -2 ;
module :  ;
message : Array ;

2018-04-03 23:13:36 response :
------------

