2018-03-07 11:56:51 trace :
------------
Array:
tousername : gh_0c02969f70a6 ;
fromusername : oSI4Lj2DO0KceRBq8-HITRHQP6sg ;
createtime : 1520395010 ;
msgtype : event ;
event : subscribe ;
eventkey : Array ;
from : oSI4Lj2DO0KceRBq8-HITRHQP6sg ;
to : gh_0c02969f70a6 ;
time : 1520395010 ;
type : subscribe ;

2018-03-07 11:56:51 params :
------------
Array:
rule : -2 ;
module :  ;
message : Array ;

2018-03-07 11:56:51 response :
------------

2018-03-07 11:56:54 trace :
------------
Array:
tousername : gh_0c02969f70a6 ;
fromusername : oSI4Lj2DO0KceRBq8-HITRHQP6sg ;
createtime : 1520395014 ;
msgtype : event ;
event : VIEW ;
eventkey : http://zz11.aaxa.top/app/index.php?i=8&c=entry&eid=194 ;
menuid : 424614651 ;
from : oSI4Lj2DO0KceRBq8-HITRHQP6sg ;
to : gh_0c02969f70a6 ;
time : 1520395014 ;
type : event ;

2018-03-07 11:56:54 params :
------------
Array:
rule : -2 ;
module :  ;
message : Array ;

2018-03-07 11:56:54 response :
------------

2018-03-07 11:59:14 trace :
------------
Array:
tousername : gh_0c02969f70a6 ;
fromusername : oSI4LjzGDzCztrhCP10C7-4flpE4 ;
createtime : 1520395153 ;
msgtype : image ;
picurl : http://mmbiz.qpic.cn/mmbiz_jpg/dHHrICftBfAODbcNuWtic0SXPtUrymiaVstCLK5mEyWFwhwH0TvN4eaicgdZblbfrZmj1tjKE66VViaCBRKSibTcXOw/0 ;
msgid : 6530047459556530971 ;
mediaid : ooX2IEZMEDEdI5tifOV0ctAgXV8uDJjw20wiU0ona4NDeBHg3R7hPrGPTFlmhzSc ;
from : oSI4LjzGDzCztrhCP10C7-4flpE4 ;
to : gh_0c02969f70a6 ;
time : 1520395153 ;
type : image ;
event :  ;
url : http://mmbiz.qpic.cn/mmbiz_jpg/dHHrICftBfAODbcNuWtic0SXPtUrymiaVstCLK5mEyWFwhwH0TvN4eaicgdZblbfrZmj1tjKE66VViaCBRKSibTcXOw/0 ;

2018-03-07 11:59:14 params :
------------
Array:
rule : -2 ;
module :  ;
message : Array ;

2018-03-07 11:59:14 response :
------------

2018-03-07 12:03:09 trace :
------------
Array:
tousername : gh_0c02969f70a6 ;
fromusername : oSI4Lj2DO0KceRBq8-HITRHQP6sg ;
createtime : 1520395389 ;
msgtype : event ;
event : VIEW ;
eventkey : http://zz11.aaxa.top/app/index.php?i=8&c=entry&eid=194 ;
menuid : 424614651 ;
from : oSI4Lj2DO0KceRBq8-HITRHQP6sg ;
to : gh_0c02969f70a6 ;
time : 1520395389 ;
type : event ;

2018-03-07 12:03:09 params :
------------
Array:
rule : -2 ;
module :  ;
message : Array ;

2018-03-07 12:03:09 response :
------------

2018-03-07 13:23:23 trace :
------------
Array:
tousername : gh_0c02969f70a6 ;
fromusername : oSI4LjzGDzCztrhCP10C7-4flpE4 ;
createtime : 1520400203 ;
msgtype : event ;
event : VIEW ;
eventkey : http://zz11.aaxa.top/app/index.php?i=8&c=entry&eid=194 ;
menuid : 424614651 ;
from : oSI4LjzGDzCztrhCP10C7-4flpE4 ;
to : gh_0c02969f70a6 ;
time : 1520400203 ;
type : event ;

2018-03-07 13:23:23 params :
------------
Array:
rule : -2 ;
module :  ;
message : Array ;

2018-03-07 13:23:23 response :
------------

2018-03-07 13:32:43 trace :
------------
Array:
tousername : gh_0c02969f70a6 ;
fromusername : oSI4LjzGDzCztrhCP10C7-4flpE4 ;
createtime : 1520400763 ;
msgtype : event ;
event : VIEW ;
eventkey : http://zz11.aaxa.top/app/index.php?i=8&c=entry&eid=194 ;
menuid : 424614651 ;
from : oSI4LjzGDzCztrhCP10C7-4flpE4 ;
to : gh_0c02969f70a6 ;
time : 1520400763 ;
type : event ;

2018-03-07 13:32:43 params :
------------
Array:
rule : -2 ;
module :  ;
message : Array ;

2018-03-07 13:32:43 response :
------------

2018-03-07 13:37:47 trace :
------------
Array:
tousername : gh_0c02969f70a6 ;
fromusername : oSI4LjzGDzCztrhCP10C7-4flpE4 ;
createtime : 1520401067 ;
msgtype : event ;
event : VIEW ;
eventkey : http://zz11.aaxa.top/app/index.php?i=8&c=entry&eid=198 ;
menuid : 424614651 ;
from : oSI4LjzGDzCztrhCP10C7-4flpE4 ;
to : gh_0c02969f70a6 ;
time : 1520401067 ;
type : event ;

2018-03-07 13:37:47 params :
------------
Array:
rule : -2 ;
module :  ;
message : Array ;

2018-03-07 13:37:47 response :
------------

2018-03-07 14:05:30 trace :
------------
Array:
tousername : gh_0c02969f70a6 ;
fromusername : oSI4Lj2DO0KceRBq8-HITRHQP6sg ;
createtime : 1520402730 ;
msgtype : event ;
event : VIEW ;
eventkey : http://zz11.aaxa.top/app/index.php?i=8&c=entry&eid=194 ;
menuid : 424614651 ;
from : oSI4Lj2DO0KceRBq8-HITRHQP6sg ;
to : gh_0c02969f70a6 ;
time : 1520402730 ;
type : event ;

2018-03-07 14:05:30 params :
------------
Array:
rule : -2 ;
module :  ;
message : Array ;

2018-03-07 14:05:30 response :
------------

2018-03-07 14:05:40 trace :
------------
Array:
tousername : gh_0c02969f70a6 ;
fromusername : oSI4Lj2DO0KceRBq8-HITRHQP6sg ;
createtime : 1520402739 ;
msgtype : event ;
event : VIEW ;
eventkey : http://zz11.aaxa.top/app/index.php?i=8&c=entry&eid=194 ;
menuid : 424614651 ;
from : oSI4Lj2DO0KceRBq8-HITRHQP6sg ;
to : gh_0c02969f70a6 ;
time : 1520402739 ;
type : event ;

2018-03-07 14:05:40 params :
------------
Array:
rule : -2 ;
module :  ;
message : Array ;

2018-03-07 14:05:40 response :
------------

2018-03-07 14:25:54 trace :
------------
Array:
tousername : gh_0c02969f70a6 ;
fromusername : oSI4LjzGDzCztrhCP10C7-4flpE4 ;
createtime : 1520403954 ;
msgtype : event ;
event : VIEW ;
eventkey : http://zz11.aaxa.top/app/index.php?i=8&c=entry&eid=194 ;
menuid : 424614651 ;
from : oSI4LjzGDzCztrhCP10C7-4flpE4 ;
to : gh_0c02969f70a6 ;
time : 1520403954 ;
type : event ;

2018-03-07 14:25:54 params :
------------
Array:
rule : -2 ;
module :  ;
message : Array ;

2018-03-07 14:25:54 response :
------------

2018-03-07 14:30:37 trace :
------------
Array:
tousername : gh_0c02969f70a6 ;
fromusername : oSI4LjzGDzCztrhCP10C7-4flpE4 ;
createtime : 1520404237 ;
msgtype : event ;
event : VIEW ;
eventkey : http://zz11.aaxa.top/app/index.php?i=8&c=entry&eid=198 ;
menuid : 424614651 ;
from : oSI4LjzGDzCztrhCP10C7-4flpE4 ;
to : gh_0c02969f70a6 ;
time : 1520404237 ;
type : event ;

2018-03-07 14:30:37 params :
------------
Array:
rule : -2 ;
module :  ;
message : Array ;

2018-03-07 14:30:37 response :
------------

2018-03-07 14:31:22 trace :
------------
Array:
tousername : gh_0c02969f70a6 ;
fromusername : oSI4LjzGDzCztrhCP10C7-4flpE4 ;
createtime : 1520404282 ;
msgtype : event ;
event : VIEW ;
eventkey : http://zz11.aaxa.top/app/index.php?i=8&c=entry&eid=194 ;
menuid : 424614651 ;
from : oSI4LjzGDzCztrhCP10C7-4flpE4 ;
to : gh_0c02969f70a6 ;
time : 1520404282 ;
type : event ;

2018-03-07 14:31:22 params :
------------
Array:
rule : -2 ;
module :  ;
message : Array ;

2018-03-07 14:31:22 response :
------------

2018-03-07 14:31:26 trace :
------------
Array:
tousername : gh_0c02969f70a6 ;
fromusername : oSI4LjzGDzCztrhCP10C7-4flpE4 ;
createtime : 1520404286 ;
msgtype : event ;
event : VIEW ;
eventkey : http://zz11.aaxa.top/app/index.php?i=8&c=entry&eid=198 ;
menuid : 424614651 ;
from : oSI4LjzGDzCztrhCP10C7-4flpE4 ;
to : gh_0c02969f70a6 ;
time : 1520404286 ;
type : event ;

2018-03-07 14:31:26 params :
------------
Array:
rule : -2 ;
module :  ;
message : Array ;

2018-03-07 14:31:26 response :
------------

2018-03-07 15:16:43 trace :
------------
Array:
tousername : gh_0c02969f70a6 ;
fromusername : oSI4Ljyg1Hng_vDeFxs6FxlvdGNU ;
createtime : 1520407003 ;
msgtype : event ;
event : subscribe ;
eventkey : Array ;
from : oSI4Ljyg1Hng_vDeFxs6FxlvdGNU ;
to : gh_0c02969f70a6 ;
time : 1520407003 ;
type : subscribe ;

2018-03-07 15:16:43 params :
------------
Array:
rule : -2 ;
module :  ;
message : Array ;

2018-03-07 15:16:43 response :
------------

2018-03-07 15:20:13 trace :
------------
Array:
tousername : gh_0c02969f70a6 ;
fromusername : oSI4LjyqrclKE6jh9R2aJgB8XWJg ;
createtime : 1520407213 ;
msgtype : event ;
event : subscribe ;
eventkey : Array ;
from : oSI4LjyqrclKE6jh9R2aJgB8XWJg ;
to : gh_0c02969f70a6 ;
time : 1520407213 ;
type : subscribe ;

2018-03-07 15:20:13 params :
------------
Array:
rule : -2 ;
module :  ;
message : Array ;

2018-03-07 15:20:13 response :
------------

2018-03-07 15:20:14 trace :
------------
Array:
tousername : gh_0c02969f70a6 ;
fromusername : oSI4Lj5NZZkxZw_xWwwJzDDt1mBk ;
createtime : 1520407214 ;
msgtype : event ;
event : subscribe ;
eventkey : Array ;
from : oSI4Lj5NZZkxZw_xWwwJzDDt1mBk ;
to : gh_0c02969f70a6 ;
time : 1520407214 ;
type : subscribe ;

2018-03-07 15:20:14 params :
------------
Array:
rule : -2 ;
module :  ;
message : Array ;

2018-03-07 15:20:14 response :
------------

2018-03-07 15:20:20 trace :
------------
Array:
tousername : gh_0c02969f70a6 ;
fromusername : oSI4Ljyg1Hng_vDeFxs6FxlvdGNU ;
createtime : 1520407220 ;
msgtype : text ;
content : 武汉 ;
msgid : 6530099286926894649 ;
from : oSI4Ljyg1Hng_vDeFxs6FxlvdGNU ;
to : gh_0c02969f70a6 ;
time : 1520407220 ;
type : text ;
event :  ;
redirection :  ;
source :  ;

2018-03-07 15:20:20 params :
------------
Array:
rule : -2 ;
module :  ;
message : Array ;

2018-03-07 15:20:20 response :
------------

2018-03-07 15:20:24 trace :
------------
Array:
tousername : gh_0c02969f70a6 ;
fromusername : oSI4Lj5NZZkxZw_xWwwJzDDt1mBk ;
createtime : 1520407224 ;
msgtype : event ;
event : VIEW ;
eventkey : http://zz11.aaxa.top/app/index.php?i=8&c=entry&eid=194 ;
menuid : 424614651 ;
from : oSI4Lj5NZZkxZw_xWwwJzDDt1mBk ;
to : gh_0c02969f70a6 ;
time : 1520407224 ;
type : event ;

2018-03-07 15:20:24 params :
------------
Array:
rule : -2 ;
module :  ;
message : Array ;

2018-03-07 15:20:24 response :
------------

2018-03-07 15:20:29 trace :
------------
Array:
tousername : gh_0c02969f70a6 ;
fromusername : oSI4Lj_U2YD63fVb4hW2UvKEqLjY ;
createtime : 1520407229 ;
msgtype : event ;
event : VIEW ;
eventkey : http://zz11.aaxa.top/app/index.php?i=8&c=entry&eid=198 ;
menuid : 424614651 ;
from : oSI4Lj_U2YD63fVb4hW2UvKEqLjY ;
to : gh_0c02969f70a6 ;
time : 1520407229 ;
type : event ;

2018-03-07 15:20:29 params :
------------
Array:
rule : -2 ;
module :  ;
message : Array ;

2018-03-07 15:20:29 response :
------------

2018-03-07 15:20:38 trace :
------------
Array:
tousername : gh_0c02969f70a6 ;
fromusername : oSI4Lj_U2YD63fVb4hW2UvKEqLjY ;
createtime : 1520407238 ;
msgtype : event ;
event : VIEW ;
eventkey : http://zz11.aaxa.top/app/index.php?i=8&c=entry&eid=194 ;
menuid : 424614651 ;
from : oSI4Lj_U2YD63fVb4hW2UvKEqLjY ;
to : gh_0c02969f70a6 ;
time : 1520407238 ;
type : event ;

2018-03-07 15:20:38 params :
------------
Array:
rule : -2 ;
module :  ;
message : Array ;

2018-03-07 15:20:38 response :
------------

2018-03-07 15:21:23 trace :
------------
Array:
tousername : gh_0c02969f70a6 ;
fromusername : oSI4Lj5NZZkxZw_xWwwJzDDt1mBk ;
createtime : 1520407283 ;
msgtype : event ;
event : VIEW ;
eventkey : http://zz11.aaxa.top/app/index.php?i=8&c=entry&eid=194 ;
menuid : 424614651 ;
from : oSI4Lj5NZZkxZw_xWwwJzDDt1mBk ;
to : gh_0c02969f70a6 ;
time : 1520407283 ;
type : event ;

2018-03-07 15:21:23 params :
------------
Array:
rule : -2 ;
module :  ;
message : Array ;

2018-03-07 15:21:23 response :
------------

2018-03-07 15:59:06 trace :
------------
Array:
tousername : gh_0c02969f70a6 ;
fromusername : oSI4LjzGDzCztrhCP10C7-4flpE4 ;
createtime : 1520409546 ;
msgtype : event ;
event : VIEW ;
eventkey : http://zz11.aaxa.top/app/index.php?i=8&c=entry&eid=194 ;
menuid : 424614651 ;
from : oSI4LjzGDzCztrhCP10C7-4flpE4 ;
to : gh_0c02969f70a6 ;
time : 1520409546 ;
type : event ;

2018-03-07 15:59:06 params :
------------
Array:
rule : -2 ;
module :  ;
message : Array ;

2018-03-07 15:59:06 response :
------------

2018-03-07 15:59:23 trace :
------------
Array:
tousername : gh_0c02969f70a6 ;
fromusername : oSI4LjzGDzCztrhCP10C7-4flpE4 ;
createtime : 1520409563 ;
msgtype : event ;
event : VIEW ;
eventkey : http://zz11.aaxa.top/app/index.php?i=8&c=entry&eid=198 ;
menuid : 424614651 ;
from : oSI4LjzGDzCztrhCP10C7-4flpE4 ;
to : gh_0c02969f70a6 ;
time : 1520409563 ;
type : event ;

2018-03-07 15:59:23 params :
------------
Array:
rule : -2 ;
module :  ;
message : Array ;

2018-03-07 15:59:23 response :
------------

2018-03-07 16:15:18 trace :
------------
Array:
tousername : gh_0c02969f70a6 ;
fromusername : oSI4Lj54iGghFZ43Bh1kW1KOVON4 ;
createtime : 1520410518 ;
msgtype : event ;
event : subscribe ;
eventkey : Array ;
from : oSI4Lj54iGghFZ43Bh1kW1KOVON4 ;
to : gh_0c02969f70a6 ;
time : 1520410518 ;
type : subscribe ;

2018-03-07 16:15:18 params :
------------
Array:
rule : -2 ;
module :  ;
message : Array ;

2018-03-07 16:15:18 response :
------------

2018-03-07 16:15:20 trace :
------------
Array:
tousername : gh_0c02969f70a6 ;
fromusername : oSI4Lj54iGghFZ43Bh1kW1KOVON4 ;
createtime : 1520410520 ;
msgtype : event ;
event : VIEW ;
eventkey : http://zz11.aaxa.top/app/index.php?i=8&c=entry&eid=194 ;
menuid : 424614651 ;
from : oSI4Lj54iGghFZ43Bh1kW1KOVON4 ;
to : gh_0c02969f70a6 ;
time : 1520410520 ;
type : event ;

2018-03-07 16:15:20 params :
------------
Array:
rule : -2 ;
module :  ;
message : Array ;

2018-03-07 16:15:20 response :
------------

2018-03-07 16:24:10 trace :
------------
Array:
tousername : gh_0c02969f70a6 ;
fromusername : oSI4Lj6NZXiXqE8GjcxDkqq21EQ0 ;
createtime : 1520411050 ;
msgtype : event ;
event : VIEW ;
eventkey : http://zz11.aaxa.top/app/index.php?i=8&c=entry&eid=194 ;
menuid : 424614651 ;
from : oSI4Lj6NZXiXqE8GjcxDkqq21EQ0 ;
to : gh_0c02969f70a6 ;
time : 1520411050 ;
type : event ;

2018-03-07 16:24:10 params :
------------
Array:
rule : -2 ;
module :  ;
message : Array ;

2018-03-07 16:24:10 response :
------------

2018-03-07 16:24:15 trace :
------------
Array:
tousername : gh_0c02969f70a6 ;
fromusername : oSI4Lj6NZXiXqE8GjcxDkqq21EQ0 ;
createtime : 1520411055 ;
msgtype : event ;
event : VIEW ;
eventkey : http://zz11.aaxa.top/app/index.php?i=8&c=entry&eid=194 ;
menuid : 424614651 ;
from : oSI4Lj6NZXiXqE8GjcxDkqq21EQ0 ;
to : gh_0c02969f70a6 ;
time : 1520411055 ;
type : event ;

2018-03-07 16:24:15 params :
------------
Array:
rule : -2 ;
module :  ;
message : Array ;

2018-03-07 16:24:15 response :
------------

2018-03-07 16:28:46 trace :
------------
Array:
tousername : gh_0c02969f70a6 ;
fromusername : oSI4Lj6NZXiXqE8GjcxDkqq21EQ0 ;
createtime : 1520411325 ;
msgtype : event ;
event : VIEW ;
eventkey : http://zz11.aaxa.top/app/index.php?i=8&c=entry&eid=194 ;
menuid : 424614651 ;
from : oSI4Lj6NZXiXqE8GjcxDkqq21EQ0 ;
to : gh_0c02969f70a6 ;
time : 1520411325 ;
type : event ;

2018-03-07 16:28:46 params :
------------
Array:
rule : -2 ;
module :  ;
message : Array ;

2018-03-07 16:28:46 response :
------------

2018-03-07 16:32:56 trace :
------------
Array:
tousername : gh_0c02969f70a6 ;
fromusername : oSI4LjzGDzCztrhCP10C7-4flpE4 ;
createtime : 1520411576 ;
msgtype : event ;
event : VIEW ;
eventkey : http://zz11.aaxa.top/app/index.php?i=8&c=entry&eid=194 ;
menuid : 424614651 ;
from : oSI4LjzGDzCztrhCP10C7-4flpE4 ;
to : gh_0c02969f70a6 ;
time : 1520411576 ;
type : event ;

2018-03-07 16:32:56 params :
------------
Array:
rule : -2 ;
module :  ;
message : Array ;

2018-03-07 16:32:56 response :
------------

2018-03-07 16:37:09 trace :
------------
Array:
tousername : gh_0c02969f70a6 ;
fromusername : oSI4LjzGDzCztrhCP10C7-4flpE4 ;
createtime : 1520411829 ;
msgtype : event ;
event : VIEW ;
eventkey : http://zz11.aaxa.top/app/index.php?i=8&c=entry&eid=198 ;
menuid : 424614651 ;
from : oSI4LjzGDzCztrhCP10C7-4flpE4 ;
to : gh_0c02969f70a6 ;
time : 1520411829 ;
type : event ;

2018-03-07 16:37:09 params :
------------
Array:
rule : -2 ;
module :  ;
message : Array ;

2018-03-07 16:37:09 response :
------------

2018-03-07 16:37:31 trace :
------------
Array:
tousername : gh_0c02969f70a6 ;
fromusername : oSI4LjzGDzCztrhCP10C7-4flpE4 ;
createtime : 1520411851 ;
msgtype : event ;
event : VIEW ;
eventkey : http://zz11.aaxa.top/app/index.php?i=8&c=entry&eid=198 ;
menuid : 424614651 ;
from : oSI4LjzGDzCztrhCP10C7-4flpE4 ;
to : gh_0c02969f70a6 ;
time : 1520411851 ;
type : event ;

2018-03-07 16:37:31 params :
------------
Array:
rule : -2 ;
module :  ;
message : Array ;

2018-03-07 16:37:31 response :
------------

2018-03-07 16:44:59 trace :
------------
Array:
tousername : gh_0c02969f70a6 ;
fromusername : oSI4LjzGDzCztrhCP10C7-4flpE4 ;
createtime : 1520412299 ;
msgtype : event ;
event : VIEW ;
eventkey : http://zz11.aaxa.top/app/index.php?i=8&c=entry&eid=198 ;
menuid : 424614651 ;
from : oSI4LjzGDzCztrhCP10C7-4flpE4 ;
to : gh_0c02969f70a6 ;
time : 1520412299 ;
type : event ;

2018-03-07 16:44:59 params :
------------
Array:
rule : -2 ;
module :  ;
message : Array ;

2018-03-07 16:44:59 response :
------------

2018-03-07 16:52:44 trace :
------------
Array:
tousername : gh_0c02969f70a6 ;
fromusername : oSI4LjzGDzCztrhCP10C7-4flpE4 ;
createtime : 1520412764 ;
msgtype : event ;
event : VIEW ;
eventkey : http://zz11.aaxa.top/app/index.php?i=8&c=entry&eid=194 ;
menuid : 424614651 ;
from : oSI4LjzGDzCztrhCP10C7-4flpE4 ;
to : gh_0c02969f70a6 ;
time : 1520412764 ;
type : event ;

2018-03-07 16:52:44 params :
------------
Array:
rule : -2 ;
module :  ;
message : Array ;

2018-03-07 16:52:44 response :
------------

2018-03-07 17:04:49 trace :
------------
Array:
tousername : gh_0c02969f70a6 ;
fromusername : oSI4Lj6_5Jk3va-_Ejn2IHqWHFXY ;
createtime : 1520413489 ;
msgtype : event ;
event : subscribe ;
eventkey : Array ;
from : oSI4Lj6_5Jk3va-_Ejn2IHqWHFXY ;
to : gh_0c02969f70a6 ;
time : 1520413489 ;
type : subscribe ;

2018-03-07 17:04:49 params :
------------
Array:
rule : -2 ;
module :  ;
message : Array ;

2018-03-07 17:04:49 response :
------------

2018-03-07 17:37:36 trace :
------------
Array:
tousername : gh_0c02969f70a6 ;
fromusername : oSI4Lj_7sZ3dsHniG13ufoiFQg94 ;
createtime : 1520415456 ;
msgtype : event ;
event : subscribe ;
eventkey : Array ;
from : oSI4Lj_7sZ3dsHniG13ufoiFQg94 ;
to : gh_0c02969f70a6 ;
time : 1520415456 ;
type : subscribe ;

2018-03-07 17:37:36 params :
------------
Array:
rule : -2 ;
module :  ;
message : Array ;

2018-03-07 17:37:36 response :
------------

2018-03-07 17:37:44 trace :
------------
Array:
tousername : gh_0c02969f70a6 ;
fromusername : oSI4Lj_7sZ3dsHniG13ufoiFQg94 ;
createtime : 1520415464 ;
msgtype : event ;
event : VIEW ;
eventkey : http://zz11.aaxa.top/app/index.php?i=8&c=entry&eid=194 ;
menuid : 424614651 ;
from : oSI4Lj_7sZ3dsHniG13ufoiFQg94 ;
to : gh_0c02969f70a6 ;
time : 1520415464 ;
type : event ;

2018-03-07 17:37:44 params :
------------
Array:
rule : -2 ;
module :  ;
message : Array ;

2018-03-07 17:37:44 response :
------------

2018-03-07 17:54:26 trace :
------------
Array:
tousername : gh_0c02969f70a6 ;
fromusername : oSI4LjyLAL0U_Is-GNtwxiM5L1oY ;
createtime : 1520416466 ;
msgtype : event ;
event : VIEW ;
eventkey : http://zz11.aaxa.top/app/index.php?i=8&c=entry&eid=194 ;
menuid : 424614651 ;
from : oSI4LjyLAL0U_Is-GNtwxiM5L1oY ;
to : gh_0c02969f70a6 ;
time : 1520416466 ;
type : event ;

2018-03-07 17:54:26 params :
------------
Array:
rule : -2 ;
module :  ;
message : Array ;

2018-03-07 17:54:26 response :
------------

2018-03-07 17:54:30 trace :
------------
Array:
tousername : gh_0c02969f70a6 ;
fromusername : oSI4LjyLAL0U_Is-GNtwxiM5L1oY ;
createtime : 1520416470 ;
msgtype : event ;
event : VIEW ;
eventkey : http://zz11.aaxa.top/app/index.php?i=8&c=entry&eid=194 ;
menuid : 424614651 ;
from : oSI4LjyLAL0U_Is-GNtwxiM5L1oY ;
to : gh_0c02969f70a6 ;
time : 1520416470 ;
type : event ;

2018-03-07 17:54:30 params :
------------
Array:
rule : -2 ;
module :  ;
message : Array ;

2018-03-07 17:54:30 response :
------------

2018-03-07 17:55:17 trace :
------------
Array:
tousername : gh_0c02969f70a6 ;
fromusername : oSI4LjyLAL0U_Is-GNtwxiM5L1oY ;
createtime : 1520416517 ;
msgtype : event ;
event : VIEW ;
eventkey : http://zz11.aaxa.top/app/index.php?i=8&c=entry&eid=198 ;
menuid : 424614651 ;
from : oSI4LjyLAL0U_Is-GNtwxiM5L1oY ;
to : gh_0c02969f70a6 ;
time : 1520416517 ;
type : event ;

2018-03-07 17:55:17 params :
------------
Array:
rule : -2 ;
module :  ;
message : Array ;

2018-03-07 17:55:17 response :
------------

2018-03-07 18:02:21 trace :
------------
Array:
tousername : gh_0c02969f70a6 ;
fromusername : oSI4LjzGDzCztrhCP10C7-4flpE4 ;
createtime : 1520416941 ;
msgtype : event ;
event : VIEW ;
eventkey : http://zz11.aaxa.top/app/index.php?i=8&c=entry&eid=194 ;
menuid : 424614651 ;
from : oSI4LjzGDzCztrhCP10C7-4flpE4 ;
to : gh_0c02969f70a6 ;
time : 1520416941 ;
type : event ;

2018-03-07 18:02:21 params :
------------
Array:
rule : -2 ;
module :  ;
message : Array ;

2018-03-07 18:02:21 response :
------------

2018-03-07 18:02:36 trace :
------------
Array:
tousername : gh_0c02969f70a6 ;
fromusername : oSI4LjzGDzCztrhCP10C7-4flpE4 ;
createtime : 1520416955 ;
msgtype : text ;
content : 商家 ;
msgid : 6530141098433523891 ;
from : oSI4LjzGDzCztrhCP10C7-4flpE4 ;
to : gh_0c02969f70a6 ;
time : 1520416955 ;
type : text ;
event :  ;
redirection :  ;
source :  ;

2018-03-07 18:02:36 params :
------------
Array:
rule : -2 ;
module :  ;
message : Array ;

2018-03-07 18:02:36 response :
------------

2018-03-07 18:02:41 trace :
------------
Array:
tousername : gh_0c02969f70a6 ;
fromusername : oSI4LjzGDzCztrhCP10C7-4flpE4 ;
createtime : 1520416961 ;
msgtype : text ;
content : 供应商 ;
msgid : 6530141124203327672 ;
from : oSI4LjzGDzCztrhCP10C7-4flpE4 ;
to : gh_0c02969f70a6 ;
time : 1520416961 ;
type : text ;
event :  ;
redirection :  ;
source :  ;

2018-03-07 18:02:41 params :
------------
Array:
rule : -2 ;
module :  ;
message : Array ;

2018-03-07 18:02:41 response :
------------

2018-03-07 18:02:56 trace :
------------
Array:
tousername : gh_0c02969f70a6 ;
fromusername : oSI4LjzGDzCztrhCP10C7-4flpE4 ;
createtime : 1520416976 ;
msgtype : event ;
event : VIEW ;
eventkey : http://zz11.aaxa.top/app/index.php?i=8&c=entry&eid=198 ;
menuid : 424614651 ;
from : oSI4LjzGDzCztrhCP10C7-4flpE4 ;
to : gh_0c02969f70a6 ;
time : 1520416976 ;
type : event ;

2018-03-07 18:02:56 params :
------------
Array:
rule : -2 ;
module :  ;
message : Array ;

2018-03-07 18:02:56 response :
------------

2018-03-07 18:03:34 trace :
------------
Array:
tousername : gh_0c02969f70a6 ;
fromusername : oSI4LjzGDzCztrhCP10C7-4flpE4 ;
createtime : 1520417014 ;
msgtype : event ;
event : subscribe ;
eventkey : Array ;
from : oSI4LjzGDzCztrhCP10C7-4flpE4 ;
to : gh_0c02969f70a6 ;
time : 1520417014 ;
type : subscribe ;

2018-03-07 18:03:34 params :
------------
Array:
rule : -2 ;
module :  ;
message : Array ;

2018-03-07 18:03:34 response :
------------

2018-03-07 18:03:37 trace :
------------
Array:
tousername : gh_0c02969f70a6 ;
fromusername : oSI4LjzGDzCztrhCP10C7-4flpE4 ;
createtime : 1520417017 ;
msgtype : event ;
event : VIEW ;
eventkey : http://zz11.aaxa.top/app/index.php?i=8&c=entry&eid=198 ;
menuid : 424614651 ;
from : oSI4LjzGDzCztrhCP10C7-4flpE4 ;
to : gh_0c02969f70a6 ;
time : 1520417017 ;
type : event ;

2018-03-07 18:03:37 params :
------------
Array:
rule : -2 ;
module :  ;
message : Array ;

2018-03-07 18:03:37 response :
------------

2018-03-07 18:05:55 trace :
------------
Array:
tousername : gh_0c02969f70a6 ;
fromusername : oSI4LjzGDzCztrhCP10C7-4flpE4 ;
createtime : 1520417155 ;
msgtype : event ;
event : VIEW ;
eventkey : http://zz11.aaxa.top/app/index.php?i=8&c=entry&eid=194 ;
menuid : 424614651 ;
from : oSI4LjzGDzCztrhCP10C7-4flpE4 ;
to : gh_0c02969f70a6 ;
time : 1520417155 ;
type : event ;

2018-03-07 18:05:55 params :
------------
Array:
rule : -2 ;
module :  ;
message : Array ;

2018-03-07 18:05:55 response :
------------

2018-03-07 18:10:32 trace :
------------
Array:
tousername : gh_0c02969f70a6 ;
fromusername : oSI4LjzGDzCztrhCP10C7-4flpE4 ;
createtime : 1520417432 ;
msgtype : event ;
event : VIEW ;
eventkey : http://zz11.aaxa.top/app/index.php?i=8&c=entry&eid=198 ;
menuid : 424614651 ;
from : oSI4LjzGDzCztrhCP10C7-4flpE4 ;
to : gh_0c02969f70a6 ;
time : 1520417432 ;
type : event ;

2018-03-07 18:10:32 params :
------------
Array:
rule : -2 ;
module :  ;
message : Array ;

2018-03-07 18:10:32 response :
------------

2018-03-07 18:24:01 trace :
------------
Array:
tousername : gh_0c02969f70a6 ;
fromusername : oSI4Lj2wkg2n_JN-yauY6A4GH8V4 ;
createtime : 1520418241 ;
msgtype : event ;
event : VIEW ;
eventkey : http://fx.jhzh66.com/app/index.php?i=3&c=entry&eid=18 ;
menuid : 423890176 ;
from : oSI4Lj2wkg2n_JN-yauY6A4GH8V4 ;
to : gh_0c02969f70a6 ;
time : 1520418241 ;
type : event ;

2018-03-07 18:24:01 params :
------------
Array:
rule : -2 ;
module :  ;
message : Array ;

2018-03-07 18:24:01 response :
------------

2018-03-07 18:25:43 trace :
------------
Array:
tousername : gh_0c02969f70a6 ;
fromusername : oSI4Lj2wkg2n_JN-yauY6A4GH8V4 ;
createtime : 1520418343 ;
msgtype : event ;
event : VIEW ;
eventkey : http://zz11.aaxa.top/app/index.php?i=8&c=entry&eid=198 ;
menuid : 424614651 ;
from : oSI4Lj2wkg2n_JN-yauY6A4GH8V4 ;
to : gh_0c02969f70a6 ;
time : 1520418343 ;
type : event ;

2018-03-07 18:25:43 params :
------------
Array:
rule : -2 ;
module :  ;
message : Array ;

2018-03-07 18:25:43 response :
------------

2018-03-07 18:29:15 trace :
------------
Array:
tousername : gh_0c02969f70a6 ;
fromusername : oSI4Lj_7sZ3dsHniG13ufoiFQg94 ;
createtime : 1520418555 ;
msgtype : event ;
event : VIEW ;
eventkey : http://zz11.aaxa.top/app/index.php?i=8&c=entry&eid=194 ;
menuid : 424614651 ;
from : oSI4Lj_7sZ3dsHniG13ufoiFQg94 ;
to : gh_0c02969f70a6 ;
time : 1520418555 ;
type : event ;

2018-03-07 18:29:15 params :
------------
Array:
rule : -2 ;
module :  ;
message : Array ;

2018-03-07 18:29:15 response :
------------

2018-03-07 18:31:18 trace :
------------
Array:
tousername : gh_0c02969f70a6 ;
fromusername : oSI4Lj8nRZY0aV_t-nA1I3ofr6gk ;
createtime : 1520418678 ;
msgtype : event ;
event : VIEW ;
eventkey : http://zz11.aaxa.top/app/index.php?i=8&c=entry&eid=194 ;
menuid : 424614651 ;
from : oSI4Lj8nRZY0aV_t-nA1I3ofr6gk ;
to : gh_0c02969f70a6 ;
time : 1520418678 ;
type : event ;

2018-03-07 18:31:18 params :
------------
Array:
rule : -2 ;
module :  ;
message : Array ;

2018-03-07 18:31:18 response :
------------

2018-03-07 18:32:16 trace :
------------
Array:
tousername : gh_0c02969f70a6 ;
fromusername : oSI4Lj4D4s1OS7Tx2J5YcCVk40og ;
createtime : 1520418735 ;
msgtype : event ;
event : VIEW ;
eventkey : http://zz11.aaxa.top/app/index.php?i=8&c=entry&eid=198 ;
menuid : 424614651 ;
from : oSI4Lj4D4s1OS7Tx2J5YcCVk40og ;
to : gh_0c02969f70a6 ;
time : 1520418735 ;
type : event ;

2018-03-07 18:32:16 params :
------------
Array:
rule : -2 ;
module :  ;
message : Array ;

2018-03-07 18:32:16 response :
------------

2018-03-07 18:35:00 trace :
------------
Array:
tousername : gh_0c02969f70a6 ;
fromusername : oSI4LjyO9i8MLwQjUY2ZYGWR6Kyk ;
createtime : 1520418900 ;
msgtype : event ;
event : VIEW ;
eventkey : http://zz11.aaxa.top/app/index.php?i=8&c=entry&eid=198 ;
menuid : 424614651 ;
from : oSI4LjyO9i8MLwQjUY2ZYGWR6Kyk ;
to : gh_0c02969f70a6 ;
time : 1520418900 ;
type : event ;

2018-03-07 18:35:00 params :
------------
Array:
rule : -2 ;
module :  ;
message : Array ;

2018-03-07 18:35:00 response :
------------

2018-03-07 18:35:28 trace :
------------
Array:
tousername : gh_0c02969f70a6 ;
fromusername : oSI4Lj2wkg2n_JN-yauY6A4GH8V4 ;
createtime : 1520418928 ;
msgtype : event ;
event : VIEW ;
eventkey : http://zz11.aaxa.top/app/index.php?i=8&c=entry&eid=198 ;
menuid : 424614651 ;
from : oSI4Lj2wkg2n_JN-yauY6A4GH8V4 ;
to : gh_0c02969f70a6 ;
time : 1520418928 ;
type : event ;

2018-03-07 18:35:28 params :
------------
Array:
rule : -2 ;
module :  ;
message : Array ;

2018-03-07 18:35:28 response :
------------

2018-03-07 18:35:59 trace :
------------
Array:
tousername : gh_0c02969f70a6 ;
fromusername : oSI4LjyLAL0U_Is-GNtwxiM5L1oY ;
createtime : 1520418959 ;
msgtype : event ;
event : VIEW ;
eventkey : http://zz11.aaxa.top/app/index.php?i=8&c=entry&eid=194 ;
menuid : 424614651 ;
from : oSI4LjyLAL0U_Is-GNtwxiM5L1oY ;
to : gh_0c02969f70a6 ;
time : 1520418959 ;
type : event ;

2018-03-07 18:35:59 params :
------------
Array:
rule : -2 ;
module :  ;
message : Array ;

2018-03-07 18:35:59 response :
------------

2018-03-07 18:38:40 trace :
------------
Array:
tousername : gh_0c02969f70a6 ;
fromusername : oSI4Lj_7sZ3dsHniG13ufoiFQg94 ;
createtime : 1520419120 ;
msgtype : event ;
event : VIEW ;
eventkey : http://zz11.aaxa.top/app/index.php?i=8&c=entry&eid=194 ;
menuid : 424614651 ;
from : oSI4Lj_7sZ3dsHniG13ufoiFQg94 ;
to : gh_0c02969f70a6 ;
time : 1520419120 ;
type : event ;

2018-03-07 18:38:40 params :
------------
Array:
rule : -2 ;
module :  ;
message : Array ;

2018-03-07 18:38:40 response :
------------

2018-03-07 18:39:20 trace :
------------
Array:
tousername : gh_0c02969f70a6 ;
fromusername : oSI4LjyLAL0U_Is-GNtwxiM5L1oY ;
createtime : 1520419160 ;
msgtype : event ;
event : VIEW ;
eventkey : http://zz11.aaxa.top/app/index.php?i=8&c=entry&eid=194 ;
menuid : 424614651 ;
from : oSI4LjyLAL0U_Is-GNtwxiM5L1oY ;
to : gh_0c02969f70a6 ;
time : 1520419160 ;
type : event ;

2018-03-07 18:39:20 params :
------------
Array:
rule : -2 ;
module :  ;
message : Array ;

2018-03-07 18:39:20 response :
------------

2018-03-07 18:39:38 trace :
------------
Array:
tousername : gh_0c02969f70a6 ;
fromusername : oSI4Lj2wkg2n_JN-yauY6A4GH8V4 ;
createtime : 1520419178 ;
msgtype : event ;
event : VIEW ;
eventkey : http://zz11.aaxa.top/app/index.php?i=8&c=entry&eid=198 ;
menuid : 424614651 ;
from : oSI4Lj2wkg2n_JN-yauY6A4GH8V4 ;
to : gh_0c02969f70a6 ;
time : 1520419178 ;
type : event ;

2018-03-07 18:39:38 params :
------------
Array:
rule : -2 ;
module :  ;
message : Array ;

2018-03-07 18:39:38 response :
------------

2018-03-07 18:39:50 trace :
------------
Array:
tousername : gh_0c02969f70a6 ;
fromusername : oSI4LjyLAL0U_Is-GNtwxiM5L1oY ;
createtime : 1520419189 ;
msgtype : event ;
event : VIEW ;
eventkey : http://zz11.aaxa.top/app/index.php?i=8&c=entry&eid=194 ;
menuid : 424614651 ;
from : oSI4LjyLAL0U_Is-GNtwxiM5L1oY ;
to : gh_0c02969f70a6 ;
time : 1520419189 ;
type : event ;

2018-03-07 18:39:50 params :
------------
Array:
rule : -2 ;
module :  ;
message : Array ;

2018-03-07 18:39:50 response :
------------

2018-03-07 18:41:23 trace :
------------
Array:
tousername : gh_0c02969f70a6 ;
fromusername : oSI4Lj0MFiSdQ7Ki5KS6Dcce5Te4 ;
createtime : 1520419283 ;
msgtype : event ;
event : subscribe ;
eventkey : Array ;
from : oSI4Lj0MFiSdQ7Ki5KS6Dcce5Te4 ;
to : gh_0c02969f70a6 ;
time : 1520419283 ;
type : subscribe ;

2018-03-07 18:41:23 params :
------------
Array:
rule : -2 ;
module :  ;
message : Array ;

2018-03-07 18:41:23 response :
------------

2018-03-07 18:41:26 trace :
------------
Array:
tousername : gh_0c02969f70a6 ;
fromusername : oSI4Lj0MFiSdQ7Ki5KS6Dcce5Te4 ;
createtime : 1520419286 ;
msgtype : event ;
event : VIEW ;
eventkey : http://zz11.aaxa.top/app/index.php?i=8&c=entry&eid=198 ;
menuid : 424614651 ;
from : oSI4Lj0MFiSdQ7Ki5KS6Dcce5Te4 ;
to : gh_0c02969f70a6 ;
time : 1520419286 ;
type : event ;

2018-03-07 18:41:26 params :
------------
Array:
rule : -2 ;
module :  ;
message : Array ;

2018-03-07 18:41:26 response :
------------

2018-03-07 18:41:36 trace :
------------
Array:
tousername : gh_0c02969f70a6 ;
fromusername : oSI4LjyLAL0U_Is-GNtwxiM5L1oY ;
createtime : 1520419296 ;
msgtype : event ;
event : VIEW ;
eventkey : http://zz11.aaxa.top/app/index.php?i=8&c=entry&eid=198 ;
menuid : 424614651 ;
from : oSI4LjyLAL0U_Is-GNtwxiM5L1oY ;
to : gh_0c02969f70a6 ;
time : 1520419296 ;
type : event ;

2018-03-07 18:41:36 params :
------------
Array:
rule : -2 ;
module :  ;
message : Array ;

2018-03-07 18:41:36 response :
------------

2018-03-07 18:42:11 trace :
------------
Array:
tousername : gh_0c02969f70a6 ;
fromusername : oSI4LjyO9i8MLwQjUY2ZYGWR6Kyk ;
createtime : 1520419331 ;
msgtype : event ;
event : VIEW ;
eventkey : http://zz11.aaxa.top/app/index.php?i=8&c=entry&eid=198 ;
menuid : 424614651 ;
from : oSI4LjyO9i8MLwQjUY2ZYGWR6Kyk ;
to : gh_0c02969f70a6 ;
time : 1520419331 ;
type : event ;

2018-03-07 18:42:11 params :
------------
Array:
rule : -2 ;
module :  ;
message : Array ;

2018-03-07 18:42:11 response :
------------

2018-03-07 18:43:46 trace :
------------
Array:
tousername : gh_0c02969f70a6 ;
fromusername : oSI4Lj8nRZY0aV_t-nA1I3ofr6gk ;
createtime : 1520419426 ;
msgtype : event ;
event : VIEW ;
eventkey : http://zz11.aaxa.top/app/index.php?i=8&c=entry&eid=198 ;
menuid : 424614651 ;
from : oSI4Lj8nRZY0aV_t-nA1I3ofr6gk ;
to : gh_0c02969f70a6 ;
time : 1520419426 ;
type : event ;

2018-03-07 18:43:46 params :
------------
Array:
rule : -2 ;
module :  ;
message : Array ;

2018-03-07 18:43:46 response :
------------

2018-03-07 18:44:01 trace :
------------
Array:
tousername : gh_0c02969f70a6 ;
fromusername : oSI4LjyO9i8MLwQjUY2ZYGWR6Kyk ;
createtime : 1520419441 ;
msgtype : event ;
event : VIEW ;
eventkey : http://zz11.aaxa.top/app/index.php?i=8&c=entry&eid=198 ;
menuid : 424614651 ;
from : oSI4LjyO9i8MLwQjUY2ZYGWR6Kyk ;
to : gh_0c02969f70a6 ;
time : 1520419441 ;
type : event ;

2018-03-07 18:44:01 params :
------------
Array:
rule : -2 ;
module :  ;
message : Array ;

2018-03-07 18:44:01 response :
------------

2018-03-07 18:44:41 trace :
------------
Array:
tousername : gh_0c02969f70a6 ;
fromusername : oSI4Lj7WC1NmogCAEPl1zHN6uNqs ;
createtime : 1520419481 ;
msgtype : event ;
event : subscribe ;
eventkey : Array ;
from : oSI4Lj7WC1NmogCAEPl1zHN6uNqs ;
to : gh_0c02969f70a6 ;
time : 1520419481 ;
type : subscribe ;

2018-03-07 18:44:41 params :
------------
Array:
rule : -2 ;
module :  ;
message : Array ;

2018-03-07 18:44:41 response :
------------

2018-03-07 18:44:47 trace :
------------
Array:
tousername : gh_0c02969f70a6 ;
fromusername : oSI4LjyLAL0U_Is-GNtwxiM5L1oY ;
createtime : 1520419486 ;
msgtype : event ;
event : VIEW ;
eventkey : http://zz11.aaxa.top/app/index.php?i=8&c=entry&eid=194 ;
menuid : 424614651 ;
from : oSI4LjyLAL0U_Is-GNtwxiM5L1oY ;
to : gh_0c02969f70a6 ;
time : 1520419486 ;
type : event ;

2018-03-07 18:44:47 params :
------------
Array:
rule : -2 ;
module :  ;
message : Array ;

2018-03-07 18:44:47 response :
------------

2018-03-07 18:44:51 trace :
------------
Array:
tousername : gh_0c02969f70a6 ;
fromusername : oSI4Lj7WC1NmogCAEPl1zHN6uNqs ;
createtime : 1520419491 ;
msgtype : event ;
event : VIEW ;
eventkey : http://zz11.aaxa.top/app/index.php?i=8&c=entry&eid=194 ;
menuid : 424614651 ;
from : oSI4Lj7WC1NmogCAEPl1zHN6uNqs ;
to : gh_0c02969f70a6 ;
time : 1520419491 ;
type : event ;

2018-03-07 18:44:51 params :
------------
Array:
rule : -2 ;
module :  ;
message : Array ;

2018-03-07 18:44:51 response :
------------

2018-03-07 18:47:09 trace :
------------
Array:
tousername : gh_0c02969f70a6 ;
fromusername : oSI4Lj4D4s1OS7Tx2J5YcCVk40og ;
createtime : 1520419629 ;
msgtype : text ;
content : 我是会员 ;
msgid : 6530152583176073991 ;
from : oSI4Lj4D4s1OS7Tx2J5YcCVk40og ;
to : gh_0c02969f70a6 ;
time : 1520419629 ;
type : text ;
event :  ;
redirection :  ;
source :  ;

2018-03-07 18:47:09 params :
------------
Array:
message : Array ;
module : cover ;
rule : 910 ;
priority : 0 ;
keyword : Array ;

2018-03-07 18:47:09 response :
------------
Array:
FromUserName : gh_0c02969f70a6 ;
ToUserName : oSI4Lj4D4s1OS7Tx2J5YcCVk40og ;
MsgType : news ;
ArticleCount : 1 ;
Articles : Array ;

2018-03-07 18:47:37 trace :
------------
Array:
tousername : gh_0c02969f70a6 ;
fromusername : oSI4LjyO9i8MLwQjUY2ZYGWR6Kyk ;
createtime : 1520419657 ;
msgtype : event ;
event : VIEW ;
eventkey : http://zz11.aaxa.top/app/index.php?i=8&c=entry&eid=198 ;
menuid : 424614651 ;
from : oSI4LjyO9i8MLwQjUY2ZYGWR6Kyk ;
to : gh_0c02969f70a6 ;
time : 1520419657 ;
type : event ;

2018-03-07 18:47:37 params :
------------
Array:
rule : -2 ;
module :  ;
message : Array ;

2018-03-07 18:47:37 response :
------------

2018-03-07 18:48:20 trace :
------------
Array:
tousername : gh_0c02969f70a6 ;
fromusername : oSI4Lj_7sZ3dsHniG13ufoiFQg94 ;
createtime : 1520419700 ;
msgtype : event ;
event : VIEW ;
eventkey : http://zz11.aaxa.top/app/index.php?i=8&c=entry&eid=194 ;
menuid : 424614651 ;
from : oSI4Lj_7sZ3dsHniG13ufoiFQg94 ;
to : gh_0c02969f70a6 ;
time : 1520419700 ;
type : event ;

2018-03-07 18:48:20 params :
------------
Array:
rule : -2 ;
module :  ;
message : Array ;

2018-03-07 18:48:20 response :
------------

2018-03-07 18:48:41 trace :
------------
Array:
tousername : gh_0c02969f70a6 ;
fromusername : oSI4Lj_7sZ3dsHniG13ufoiFQg94 ;
createtime : 1520419721 ;
msgtype : event ;
event : VIEW ;
eventkey : http://zz11.aaxa.top/app/index.php?i=8&c=entry&eid=194 ;
menuid : 424614651 ;
from : oSI4Lj_7sZ3dsHniG13ufoiFQg94 ;
to : gh_0c02969f70a6 ;
time : 1520419721 ;
type : event ;

2018-03-07 18:48:41 params :
------------
Array:
rule : -2 ;
module :  ;
message : Array ;

2018-03-07 18:48:41 response :
------------

2018-03-07 18:48:45 trace :
------------
Array:
tousername : gh_0c02969f70a6 ;
fromusername : oSI4Lj_7sZ3dsHniG13ufoiFQg94 ;
createtime : 1520419725 ;
msgtype : event ;
event : VIEW ;
eventkey : http://zz11.aaxa.top/app/index.php?i=8&c=entry&eid=194 ;
menuid : 424614651 ;
from : oSI4Lj_7sZ3dsHniG13ufoiFQg94 ;
to : gh_0c02969f70a6 ;
time : 1520419725 ;
type : event ;

2018-03-07 18:48:45 params :
------------
Array:
rule : -2 ;
module :  ;
message : Array ;

2018-03-07 18:48:45 response :
------------

2018-03-07 18:48:57 trace :
------------
Array:
tousername : gh_0c02969f70a6 ;
fromusername : oSI4LjyO9i8MLwQjUY2ZYGWR6Kyk ;
createtime : 1520419736 ;
msgtype : event ;
event : VIEW ;
eventkey : http://zz11.aaxa.top/app/index.php?i=8&c=entry&eid=198 ;
menuid : 424614651 ;
from : oSI4LjyO9i8MLwQjUY2ZYGWR6Kyk ;
to : gh_0c02969f70a6 ;
time : 1520419736 ;
type : event ;

2018-03-07 18:48:57 params :
------------
Array:
rule : -2 ;
module :  ;
message : Array ;

2018-03-07 18:48:57 response :
------------

2018-03-07 18:49:58 trace :
------------
Array:
tousername : gh_0c02969f70a6 ;
fromusername : oSI4LjyO9i8MLwQjUY2ZYGWR6Kyk ;
createtime : 1520419798 ;
msgtype : event ;
event : VIEW ;
eventkey : http://zz11.aaxa.top/app/index.php?i=8&c=entry&eid=198 ;
menuid : 424614651 ;
from : oSI4LjyO9i8MLwQjUY2ZYGWR6Kyk ;
to : gh_0c02969f70a6 ;
time : 1520419798 ;
type : event ;

2018-03-07 18:49:58 params :
------------
Array:
rule : -2 ;
module :  ;
message : Array ;

2018-03-07 18:49:58 response :
------------

2018-03-07 18:50:23 trace :
------------
Array:
tousername : gh_0c02969f70a6 ;
fromusername : oSI4Lj4D4s1OS7Tx2J5YcCVk40og ;
createtime : 1520419823 ;
msgtype : text ;
content : 我是会员 ;
msgid : 6530153416399729484 ;
from : oSI4Lj4D4s1OS7Tx2J5YcCVk40og ;
to : gh_0c02969f70a6 ;
time : 1520419823 ;
type : text ;
event :  ;
redirection :  ;
source :  ;

2018-03-07 18:50:23 params :
------------
Array:
message : Array ;
module : cover ;
rule : 911 ;
priority : 0 ;
keyword : Array ;

2018-03-07 18:50:23 response :
------------
Array:
FromUserName : gh_0c02969f70a6 ;
ToUserName : oSI4Lj4D4s1OS7Tx2J5YcCVk40og ;
MsgType : news ;
ArticleCount : 1 ;
Articles : Array ;

2018-03-07 18:53:22 trace :
------------
Array:
tousername : gh_0c02969f70a6 ;
fromusername : oSI4Lj0MFiSdQ7Ki5KS6Dcce5Te4 ;
createtime : 1520420002 ;
msgtype : event ;
event : VIEW ;
eventkey : http://zz11.aaxa.top/app/index.php?i=8&c=entry&eid=198 ;
menuid : 424614651 ;
from : oSI4Lj0MFiSdQ7Ki5KS6Dcce5Te4 ;
to : gh_0c02969f70a6 ;
time : 1520420002 ;
type : event ;

2018-03-07 18:53:22 params :
------------
Array:
rule : -2 ;
module :  ;
message : Array ;

2018-03-07 18:53:22 response :
------------

2018-03-07 18:57:21 trace :
------------
Array:
tousername : gh_0c02969f70a6 ;
fromusername : oSI4LjyO9i8MLwQjUY2ZYGWR6Kyk ;
createtime : 1520420241 ;
msgtype : event ;
event : VIEW ;
eventkey : http://zz11.aaxa.top/app/index.php?i=8&c=entry&eid=198 ;
menuid : 424614651 ;
from : oSI4LjyO9i8MLwQjUY2ZYGWR6Kyk ;
to : gh_0c02969f70a6 ;
time : 1520420241 ;
type : event ;

2018-03-07 18:57:21 params :
------------
Array:
rule : -2 ;
module :  ;
message : Array ;

2018-03-07 18:57:21 response :
------------

2018-03-07 19:02:41 trace :
------------
Array:
tousername : gh_0c02969f70a6 ;
fromusername : oSI4LjyO9i8MLwQjUY2ZYGWR6Kyk ;
createtime : 1520420561 ;
msgtype : event ;
event : VIEW ;
eventkey : http://zz11.aaxa.top/app/index.php?i=8&c=entry&eid=198 ;
menuid : 424614651 ;
from : oSI4LjyO9i8MLwQjUY2ZYGWR6Kyk ;
to : gh_0c02969f70a6 ;
time : 1520420561 ;
type : event ;

2018-03-07 19:02:41 params :
------------
Array:
rule : -2 ;
module :  ;
message : Array ;

2018-03-07 19:02:41 response :
------------

2018-03-07 19:04:29 trace :
------------
Array:
tousername : gh_0c02969f70a6 ;
fromusername : oSI4LjyO9i8MLwQjUY2ZYGWR6Kyk ;
createtime : 1520420669 ;
msgtype : event ;
event : VIEW ;
eventkey : http://zz11.aaxa.top/app/index.php?i=8&c=entry&eid=198 ;
menuid : 424614651 ;
from : oSI4LjyO9i8MLwQjUY2ZYGWR6Kyk ;
to : gh_0c02969f70a6 ;
time : 1520420669 ;
type : event ;

2018-03-07 19:04:29 params :
------------
Array:
rule : -2 ;
module :  ;
message : Array ;

2018-03-07 19:04:29 response :
------------

2018-03-07 19:05:41 trace :
------------
Array:
tousername : gh_0c02969f70a6 ;
fromusername : oSI4LjyO9i8MLwQjUY2ZYGWR6Kyk ;
createtime : 1520420740 ;
msgtype : event ;
event : VIEW ;
eventkey : http://zz11.aaxa.top/app/index.php?i=8&c=entry&eid=198 ;
menuid : 424614651 ;
from : oSI4LjyO9i8MLwQjUY2ZYGWR6Kyk ;
to : gh_0c02969f70a6 ;
time : 1520420740 ;
type : event ;

2018-03-07 19:05:41 params :
------------
Array:
rule : -2 ;
module :  ;
message : Array ;

2018-03-07 19:05:41 response :
------------

2018-03-07 19:06:29 trace :
------------
Array:
tousername : gh_0c02969f70a6 ;
fromusername : oSI4LjyO9i8MLwQjUY2ZYGWR6Kyk ;
createtime : 1520420789 ;
msgtype : event ;
event : VIEW ;
eventkey : http://zz11.aaxa.top/app/index.php?i=8&c=entry&eid=198 ;
menuid : 424614651 ;
from : oSI4LjyO9i8MLwQjUY2ZYGWR6Kyk ;
to : gh_0c02969f70a6 ;
time : 1520420789 ;
type : event ;

2018-03-07 19:06:29 params :
------------
Array:
rule : -2 ;
module :  ;
message : Array ;

2018-03-07 19:06:29 response :
------------

2018-03-07 19:07:08 trace :
------------
Array:
tousername : gh_0c02969f70a6 ;
fromusername : oSI4LjyO9i8MLwQjUY2ZYGWR6Kyk ;
createtime : 1520420828 ;
msgtype : event ;
event : VIEW ;
eventkey : http://zz11.aaxa.top/app/index.php?i=8&c=entry&eid=198 ;
menuid : 424614651 ;
from : oSI4LjyO9i8MLwQjUY2ZYGWR6Kyk ;
to : gh_0c02969f70a6 ;
time : 1520420828 ;
type : event ;

2018-03-07 19:07:08 params :
------------
Array:
rule : -2 ;
module :  ;
message : Array ;

2018-03-07 19:07:08 response :
------------

2018-03-07 19:10:56 trace :
------------
Array:
tousername : gh_0c02969f70a6 ;
fromusername : oSI4LjyO9i8MLwQjUY2ZYGWR6Kyk ;
createtime : 1520421056 ;
msgtype : event ;
event : VIEW ;
eventkey : http://zz11.aaxa.top/app/index.php?i=8&c=entry&eid=198 ;
menuid : 424614651 ;
from : oSI4LjyO9i8MLwQjUY2ZYGWR6Kyk ;
to : gh_0c02969f70a6 ;
time : 1520421056 ;
type : event ;

2018-03-07 19:10:56 params :
------------
Array:
rule : -2 ;
module :  ;
message : Array ;

2018-03-07 19:10:56 response :
------------

2018-03-07 19:13:04 trace :
------------
Array:
tousername : gh_0c02969f70a6 ;
fromusername : oSI4LjyO9i8MLwQjUY2ZYGWR6Kyk ;
createtime : 1520421184 ;
msgtype : event ;
event : VIEW ;
eventkey : http://zz11.aaxa.top/app/index.php?i=8&c=entry&eid=198 ;
menuid : 424614651 ;
from : oSI4LjyO9i8MLwQjUY2ZYGWR6Kyk ;
to : gh_0c02969f70a6 ;
time : 1520421184 ;
type : event ;

2018-03-07 19:13:04 params :
------------
Array:
rule : -2 ;
module :  ;
message : Array ;

2018-03-07 19:13:04 response :
------------

2018-03-07 19:13:28 trace :
------------
Array:
tousername : gh_0c02969f70a6 ;
fromusername : oSI4LjyO9i8MLwQjUY2ZYGWR6Kyk ;
createtime : 1520421208 ;
msgtype : event ;
event : VIEW ;
eventkey : http://zz11.aaxa.top/app/index.php?i=8&c=entry&eid=198 ;
menuid : 424614651 ;
from : oSI4LjyO9i8MLwQjUY2ZYGWR6Kyk ;
to : gh_0c02969f70a6 ;
time : 1520421208 ;
type : event ;

2018-03-07 19:13:28 params :
------------
Array:
rule : -2 ;
module :  ;
message : Array ;

2018-03-07 19:13:28 response :
------------

2018-03-07 19:15:56 trace :
------------
Array:
tousername : gh_0c02969f70a6 ;
fromusername : oSI4LjyO9i8MLwQjUY2ZYGWR6Kyk ;
createtime : 1520421356 ;
msgtype : event ;
event : VIEW ;
eventkey : http://zz11.aaxa.top/app/index.php?i=8&c=entry&eid=198 ;
menuid : 424614651 ;
from : oSI4LjyO9i8MLwQjUY2ZYGWR6Kyk ;
to : gh_0c02969f70a6 ;
time : 1520421356 ;
type : event ;

2018-03-07 19:15:56 params :
------------
Array:
rule : -2 ;
module :  ;
message : Array ;

2018-03-07 19:15:56 response :
------------

2018-03-07 19:16:39 trace :
------------
Array:
tousername : gh_0c02969f70a6 ;
fromusername : oSI4LjyO9i8MLwQjUY2ZYGWR6Kyk ;
createtime : 1520421399 ;
msgtype : event ;
event : VIEW ;
eventkey : http://zz11.aaxa.top/app/index.php?i=8&c=entry&eid=198 ;
menuid : 424614651 ;
from : oSI4LjyO9i8MLwQjUY2ZYGWR6Kyk ;
to : gh_0c02969f70a6 ;
time : 1520421399 ;
type : event ;

2018-03-07 19:16:39 params :
------------
Array:
rule : -2 ;
module :  ;
message : Array ;

2018-03-07 19:16:39 response :
------------

2018-03-07 19:17:39 trace :
------------
Array:
tousername : gh_0c02969f70a6 ;
fromusername : oSI4LjyO9i8MLwQjUY2ZYGWR6Kyk ;
createtime : 1520421459 ;
msgtype : event ;
event : VIEW ;
eventkey : http://zz11.aaxa.top/app/index.php?i=8&c=entry&eid=198 ;
menuid : 424614651 ;
from : oSI4LjyO9i8MLwQjUY2ZYGWR6Kyk ;
to : gh_0c02969f70a6 ;
time : 1520421459 ;
type : event ;

2018-03-07 19:17:39 params :
------------
Array:
rule : -2 ;
module :  ;
message : Array ;

2018-03-07 19:17:39 response :
------------

2018-03-07 19:17:52 trace :
------------
Array:
tousername : gh_0c02969f70a6 ;
fromusername : oSI4LjyLAL0U_Is-GNtwxiM5L1oY ;
createtime : 1520421472 ;
msgtype : event ;
event : VIEW ;
eventkey : http://zz11.aaxa.top/app/index.php?i=8&c=entry&eid=194 ;
menuid : 424614651 ;
from : oSI4LjyLAL0U_Is-GNtwxiM5L1oY ;
to : gh_0c02969f70a6 ;
time : 1520421472 ;
type : event ;

2018-03-07 19:17:52 params :
------------
Array:
rule : -2 ;
module :  ;
message : Array ;

2018-03-07 19:17:52 response :
------------

2018-03-07 19:19:23 trace :
------------
Array:
tousername : gh_0c02969f70a6 ;
fromusername : oSI4LjzGDzCztrhCP10C7-4flpE4 ;
createtime : 1520421563 ;
msgtype : text ;
content : 首页 ;
msgid : 6530160889642824948 ;
from : oSI4LjzGDzCztrhCP10C7-4flpE4 ;
to : gh_0c02969f70a6 ;
time : 1520421563 ;
type : text ;
event :  ;
redirection :  ;
source :  ;

2018-03-07 19:19:23 params :
------------
Array:
rule : -2 ;
module :  ;
message : Array ;

2018-03-07 19:19:23 response :
------------

2018-03-07 19:21:09 trace :
------------
Array:
tousername : gh_0c02969f70a6 ;
fromusername : oSI4LjyO9i8MLwQjUY2ZYGWR6Kyk ;
createtime : 1520421669 ;
msgtype : event ;
event : VIEW ;
eventkey : http://zz11.aaxa.top/app/index.php?i=8&c=entry&eid=198 ;
menuid : 424614651 ;
from : oSI4LjyO9i8MLwQjUY2ZYGWR6Kyk ;
to : gh_0c02969f70a6 ;
time : 1520421669 ;
type : event ;

2018-03-07 19:21:09 params :
------------
Array:
rule : -2 ;
module :  ;
message : Array ;

2018-03-07 19:21:09 response :
------------

2018-03-07 19:27:38 trace :
------------
Array:
tousername : gh_0c02969f70a6 ;
fromusername : oSI4LjyO9i8MLwQjUY2ZYGWR6Kyk ;
createtime : 1520422058 ;
msgtype : event ;
event : VIEW ;
eventkey : http://zz11.aaxa.top/app/index.php?i=8&c=entry&eid=198 ;
menuid : 424614651 ;
from : oSI4LjyO9i8MLwQjUY2ZYGWR6Kyk ;
to : gh_0c02969f70a6 ;
time : 1520422058 ;
type : event ;

2018-03-07 19:27:38 params :
------------
Array:
rule : -2 ;
module :  ;
message : Array ;

2018-03-07 19:27:38 response :
------------

2018-03-07 19:28:49 trace :
------------
Array:
tousername : gh_0c02969f70a6 ;
fromusername : oSI4LjyO9i8MLwQjUY2ZYGWR6Kyk ;
createtime : 1520422129 ;
msgtype : event ;
event : VIEW ;
eventkey : http://zz11.aaxa.top/app/index.php?i=8&c=entry&eid=198 ;
menuid : 424614651 ;
from : oSI4LjyO9i8MLwQjUY2ZYGWR6Kyk ;
to : gh_0c02969f70a6 ;
time : 1520422129 ;
type : event ;

2018-03-07 19:28:49 params :
------------
Array:
rule : -2 ;
module :  ;
message : Array ;

2018-03-07 19:28:49 response :
------------

2018-03-07 19:29:35 trace :
------------
Array:
tousername : gh_0c02969f70a6 ;
fromusername : oSI4LjyO9i8MLwQjUY2ZYGWR6Kyk ;
createtime : 1520422175 ;
msgtype : event ;
event : VIEW ;
eventkey : http://zz11.aaxa.top/app/index.php?i=8&c=entry&eid=198 ;
menuid : 424614651 ;
from : oSI4LjyO9i8MLwQjUY2ZYGWR6Kyk ;
to : gh_0c02969f70a6 ;
time : 1520422175 ;
type : event ;

2018-03-07 19:29:35 params :
------------
Array:
rule : -2 ;
module :  ;
message : Array ;

2018-03-07 19:29:35 response :
------------

2018-03-07 19:30:06 trace :
------------
Array:
tousername : gh_0c02969f70a6 ;
fromusername : oSI4LjyO9i8MLwQjUY2ZYGWR6Kyk ;
createtime : 1520422206 ;
msgtype : event ;
event : VIEW ;
eventkey : http://zz11.aaxa.top/app/index.php?i=8&c=entry&eid=198 ;
menuid : 424614651 ;
from : oSI4LjyO9i8MLwQjUY2ZYGWR6Kyk ;
to : gh_0c02969f70a6 ;
time : 1520422206 ;
type : event ;

2018-03-07 19:30:06 params :
------------
Array:
rule : -2 ;
module :  ;
message : Array ;

2018-03-07 19:30:06 response :
------------

2018-03-07 19:36:59 trace :
------------
Array:
tousername : gh_0c02969f70a6 ;
fromusername : oSI4LjyO9i8MLwQjUY2ZYGWR6Kyk ;
createtime : 1520422619 ;
msgtype : event ;
event : VIEW ;
eventkey : http://zz11.aaxa.top/app/index.php?i=8&c=entry&eid=198 ;
menuid : 424614651 ;
from : oSI4LjyO9i8MLwQjUY2ZYGWR6Kyk ;
to : gh_0c02969f70a6 ;
time : 1520422619 ;
type : event ;

2018-03-07 19:36:59 params :
------------
Array:
rule : -2 ;
module :  ;
message : Array ;

2018-03-07 19:36:59 response :
------------

2018-03-07 19:39:11 trace :
------------
Array:
tousername : gh_0c02969f70a6 ;
fromusername : oSI4LjyO9i8MLwQjUY2ZYGWR6Kyk ;
createtime : 1520422751 ;
msgtype : event ;
event : VIEW ;
eventkey : http://zz11.aaxa.top/app/index.php?i=8&c=entry&eid=198 ;
menuid : 424614651 ;
from : oSI4LjyO9i8MLwQjUY2ZYGWR6Kyk ;
to : gh_0c02969f70a6 ;
time : 1520422751 ;
type : event ;

2018-03-07 19:39:11 params :
------------
Array:
rule : -2 ;
module :  ;
message : Array ;

2018-03-07 19:39:11 response :
------------

2018-03-07 19:40:57 trace :
------------
Array:
tousername : gh_0c02969f70a6 ;
fromusername : oSI4LjyO9i8MLwQjUY2ZYGWR6Kyk ;
createtime : 1520422857 ;
msgtype : event ;
event : VIEW ;
eventkey : http://zz11.aaxa.top/app/index.php?i=8&c=entry&eid=198 ;
menuid : 424614651 ;
from : oSI4LjyO9i8MLwQjUY2ZYGWR6Kyk ;
to : gh_0c02969f70a6 ;
time : 1520422857 ;
type : event ;

2018-03-07 19:40:57 params :
------------
Array:
rule : -2 ;
module :  ;
message : Array ;

2018-03-07 19:40:57 response :
------------

2018-03-07 19:46:53 trace :
------------
Array:
tousername : gh_0c02969f70a6 ;
fromusername : oSI4LjyO9i8MLwQjUY2ZYGWR6Kyk ;
createtime : 1520423213 ;
msgtype : event ;
event : VIEW ;
eventkey : http://zz11.aaxa.top/app/index.php?i=8&c=entry&eid=198 ;
menuid : 424614651 ;
from : oSI4LjyO9i8MLwQjUY2ZYGWR6Kyk ;
to : gh_0c02969f70a6 ;
time : 1520423213 ;
type : event ;

2018-03-07 19:46:53 params :
------------
Array:
rule : -2 ;
module :  ;
message : Array ;

2018-03-07 19:46:53 response :
------------

2018-03-07 20:03:50 trace :
------------
Array:
tousername : gh_0c02969f70a6 ;
fromusername : oSI4LjyO9i8MLwQjUY2ZYGWR6Kyk ;
createtime : 1520424230 ;
msgtype : event ;
event : VIEW ;
eventkey : http://zz11.aaxa.top/app/index.php?i=8&c=entry&eid=198 ;
menuid : 424614651 ;
from : oSI4LjyO9i8MLwQjUY2ZYGWR6Kyk ;
to : gh_0c02969f70a6 ;
time : 1520424230 ;
type : event ;

2018-03-07 20:03:50 params :
------------
Array:
rule : -2 ;
module :  ;
message : Array ;

2018-03-07 20:03:50 response :
------------

2018-03-07 20:04:59 trace :
------------
Array:
tousername : gh_0c02969f70a6 ;
fromusername : oSI4LjyO9i8MLwQjUY2ZYGWR6Kyk ;
createtime : 1520424299 ;
msgtype : event ;
event : VIEW ;
eventkey : http://zz11.aaxa.top/app/index.php?i=8&c=entry&eid=198 ;
menuid : 424614651 ;
from : oSI4LjyO9i8MLwQjUY2ZYGWR6Kyk ;
to : gh_0c02969f70a6 ;
time : 1520424299 ;
type : event ;

2018-03-07 20:04:59 params :
------------
Array:
rule : -2 ;
module :  ;
message : Array ;

2018-03-07 20:04:59 response :
------------

2018-03-07 20:06:28 trace :
------------
Array:
tousername : gh_0c02969f70a6 ;
fromusername : oSI4LjyO9i8MLwQjUY2ZYGWR6Kyk ;
createtime : 1520424388 ;
msgtype : event ;
event : VIEW ;
eventkey : http://zz11.aaxa.top/app/index.php?i=8&c=entry&eid=198 ;
menuid : 424614651 ;
from : oSI4LjyO9i8MLwQjUY2ZYGWR6Kyk ;
to : gh_0c02969f70a6 ;
time : 1520424388 ;
type : event ;

2018-03-07 20:06:28 params :
------------
Array:
rule : -2 ;
module :  ;
message : Array ;

2018-03-07 20:06:28 response :
------------

2018-03-07 20:31:50 trace :
------------
Array:
tousername : gh_0c02969f70a6 ;
fromusername : oSI4LjzGDzCztrhCP10C7-4flpE4 ;
createtime : 1520425910 ;
msgtype : text ;
content : 商城 ;
msgid : 6530179559865661693 ;
from : oSI4LjzGDzCztrhCP10C7-4flpE4 ;
to : gh_0c02969f70a6 ;
time : 1520425910 ;
type : text ;
event :  ;
redirection :  ;
source :  ;

2018-03-07 20:31:50 params :
------------
Array:
message : Array ;
module : cover ;
rule : 914 ;
priority : 0 ;
keyword : Array ;

2018-03-07 20:31:50 response :
------------
Array:
FromUserName : gh_0c02969f70a6 ;
ToUserName : oSI4LjzGDzCztrhCP10C7-4flpE4 ;
MsgType : news ;
ArticleCount : 1 ;
Articles : Array ;

2018-03-07 22:53:20 trace :
------------
Array:
tousername : gh_0c02969f70a6 ;
fromusername : oSI4Lj0PbpBtttwfUiU1SJIZO4VA ;
createtime : 1520434400 ;
msgtype : event ;
event : VIEW ;
eventkey : http://zz11.aaxa.top/app/index.php?i=8&c=entry&eid=198 ;
menuid : 424614651 ;
from : oSI4Lj0PbpBtttwfUiU1SJIZO4VA ;
to : gh_0c02969f70a6 ;
time : 1520434400 ;
type : event ;

2018-03-07 22:53:20 params :
------------
Array:
rule : -2 ;
module :  ;
message : Array ;

2018-03-07 22:53:20 response :
------------

2018-03-07 22:53:24 trace :
------------
Array:
tousername : gh_0c02969f70a6 ;
fromusername : oSI4Lj0PbpBtttwfUiU1SJIZO4VA ;
createtime : 1520434404 ;
msgtype : event ;
event : VIEW ;
eventkey : http://zz11.aaxa.top/app/index.php?i=8&c=entry&eid=198 ;
menuid : 424614651 ;
from : oSI4Lj0PbpBtttwfUiU1SJIZO4VA ;
to : gh_0c02969f70a6 ;
time : 1520434404 ;
type : event ;

2018-03-07 22:53:24 params :
------------
Array:
rule : -2 ;
module :  ;
message : Array ;

2018-03-07 22:53:24 response :
------------

2018-03-07 23:00:40 trace :
------------
Array:
tousername : gh_0c02969f70a6 ;
fromusername : oSI4Lj0PbpBtttwfUiU1SJIZO4VA ;
createtime : 1520434840 ;
msgtype : event ;
event : VIEW ;
eventkey : http://zz11.aaxa.top/app/index.php?i=8&c=entry&eid=198 ;
menuid : 424614651 ;
from : oSI4Lj0PbpBtttwfUiU1SJIZO4VA ;
to : gh_0c02969f70a6 ;
time : 1520434840 ;
type : event ;

2018-03-07 23:00:40 params :
------------
Array:
rule : -2 ;
module :  ;
message : Array ;

2018-03-07 23:00:40 response :
------------

2018-03-07 23:21:06 trace :
------------
Array:
tousername : gh_0c02969f70a6 ;
fromusername : oSI4Lj0PbpBtttwfUiU1SJIZO4VA ;
createtime : 1520436066 ;
msgtype : event ;
event : VIEW ;
eventkey : http://zz11.aaxa.top/app/index.php?i=8&c=entry&eid=194 ;
menuid : 424614651 ;
from : oSI4Lj0PbpBtttwfUiU1SJIZO4VA ;
to : gh_0c02969f70a6 ;
time : 1520436066 ;
type : event ;

2018-03-07 23:21:06 params :
------------
Array:
rule : -2 ;
module :  ;
message : Array ;

2018-03-07 23:21:06 response :
------------

2018-03-07 23:50:20 trace :
------------
Array:
tousername : gh_0c02969f70a6 ;
fromusername : oSI4LjzGDzCztrhCP10C7-4flpE4 ;
createtime : 1520437820 ;
msgtype : event ;
event : VIEW ;
eventkey : http://zz11.aaxa.top/app/index.php?i=8&c=entry&eid=198 ;
menuid : 424614651 ;
from : oSI4LjzGDzCztrhCP10C7-4flpE4 ;
to : gh_0c02969f70a6 ;
time : 1520437820 ;
type : event ;

2018-03-07 23:50:20 params :
------------
Array:
rule : -2 ;
module :  ;
message : Array ;

2018-03-07 23:50:20 response :
------------

2018-03-07 23:52:38 trace :
------------
Array:
tousername : gh_0c02969f70a6 ;
fromusername : oSI4LjzGDzCztrhCP10C7-4flpE4 ;
createtime : 1520437958 ;
msgtype : event ;
event : VIEW ;
eventkey : http://zz11.aaxa.top/app/index.php?i=8&c=entry&eid=198 ;
menuid : 424614651 ;
from : oSI4LjzGDzCztrhCP10C7-4flpE4 ;
to : gh_0c02969f70a6 ;
time : 1520437958 ;
type : event ;

2018-03-07 23:52:38 params :
------------
Array:
rule : -2 ;
module :  ;
message : Array ;

2018-03-07 23:52:38 response :
------------

2018-03-07 23:59:02 trace :
------------
Array:
tousername : gh_0c02969f70a6 ;
fromusername : oSI4LjzGDzCztrhCP10C7-4flpE4 ;
createtime : 1520438342 ;
msgtype : event ;
event : VIEW ;
eventkey : http://zz11.aaxa.top/app/index.php?i=8&c=entry&eid=198 ;
menuid : 424614651 ;
from : oSI4LjzGDzCztrhCP10C7-4flpE4 ;
to : gh_0c02969f70a6 ;
time : 1520438342 ;
type : event ;

2018-03-07 23:59:02 params :
------------
Array:
rule : -2 ;
module :  ;
message : Array ;

2018-03-07 23:59:02 response :
------------

