2018-04-02 00:19:51 trace :
------------
Array:
tousername : gh_0c02969f70a6 ;
fromusername : oSI4LjyHUqsKQ2U6jJYcy4lCjBVA ;
createtime : 1522599591 ;
msgtype : event ;
event : VIEW ;
eventkey : http://zz.jhzh66.com/app/index.php?i=8&c=entry&eid=194 ;
menuid : 424819011 ;
from : oSI4LjyHUqsKQ2U6jJYcy4lCjBVA ;
to : gh_0c02969f70a6 ;
time : 1522599591 ;
type : event ;

2018-04-02 00:19:51 params :
------------
Array:
rule : -2 ;
module :  ;
message : Array ;

2018-04-02 00:19:51 response :
------------

2018-04-02 00:26:01 trace :
------------
Array:
tousername : gh_0c02969f70a6 ;
fromusername : oSI4LjyHUqsKQ2U6jJYcy4lCjBVA ;
createtime : 1522599961 ;
msgtype : event ;
event : VIEW ;
eventkey : http://zz.jhzh66.com/app/index.php?i=8&c=entry&eid=198 ;
menuid : 424819011 ;
from : oSI4LjyHUqsKQ2U6jJYcy4lCjBVA ;
to : gh_0c02969f70a6 ;
time : 1522599961 ;
type : event ;

2018-04-02 00:26:01 params :
------------
Array:
rule : -2 ;
module :  ;
message : Array ;

2018-04-02 00:26:01 response :
------------

2018-04-02 07:37:13 trace :
------------
Array:
tousername : gh_0c02969f70a6 ;
fromusername : oSI4Lj97Jm2kdczJ4OHYMLb017pk ;
createtime : 1522625833 ;
msgtype : event ;
event : VIEW ;
eventkey : http://zz.jhzh66.com/app/index.php?i=8&c=entry&eid=194 ;
menuid : 424819011 ;
from : oSI4Lj97Jm2kdczJ4OHYMLb017pk ;
to : gh_0c02969f70a6 ;
time : 1522625833 ;
type : event ;

2018-04-02 07:37:13 params :
------------
Array:
rule : -2 ;
module :  ;
message : Array ;

2018-04-02 07:37:13 response :
------------

2018-04-02 09:09:50 trace :
------------
Array:
tousername : gh_0c02969f70a6 ;
fromusername : oSI4Lj2pjhreoyy5STNGRffttblI ;
createtime : 1522631390 ;
msgtype : event ;
event : VIEW ;
eventkey : http://zz.jhzh66.com/app/index.php?i=8&c=entry&eid=194 ;
menuid : 424819011 ;
from : oSI4Lj2pjhreoyy5STNGRffttblI ;
to : gh_0c02969f70a6 ;
time : 1522631390 ;
type : event ;

2018-04-02 09:09:50 params :
------------
Array:
rule : -2 ;
module :  ;
message : Array ;

2018-04-02 09:09:50 response :
------------

2018-04-02 09:10:39 trace :
------------
Array:
tousername : gh_0c02969f70a6 ;
fromusername : oSI4Lj2pjhreoyy5STNGRffttblI ;
createtime : 1522631439 ;
msgtype : event ;
event : VIEW ;
eventkey : http://zz.jhzh66.com/app/index.php?i=8&c=entry&eid=194 ;
menuid : 424819011 ;
from : oSI4Lj2pjhreoyy5STNGRffttblI ;
to : gh_0c02969f70a6 ;
time : 1522631439 ;
type : event ;

2018-04-02 09:10:39 params :
------------
Array:
rule : -2 ;
module :  ;
message : Array ;

2018-04-02 09:10:39 response :
------------

2018-04-02 09:12:41 trace :
------------
Array:
tousername : gh_0c02969f70a6 ;
fromusername : oSI4Lj2pjhreoyy5STNGRffttblI ;
createtime : 1522631561 ;
msgtype : event ;
event : VIEW ;
eventkey : http://zz.jhzh66.com/app/index.php?i=8&c=entry&eid=194 ;
menuid : 424819011 ;
from : oSI4Lj2pjhreoyy5STNGRffttblI ;
to : gh_0c02969f70a6 ;
time : 1522631561 ;
type : event ;

2018-04-02 09:12:41 params :
------------
Array:
rule : -2 ;
module :  ;
message : Array ;

2018-04-02 09:12:41 response :
------------

2018-04-02 09:56:28 trace :
------------
Array:
tousername : gh_0c02969f70a6 ;
fromusername : oSI4Lj17As79KTBk8dJMskxWiL2E ;
createtime : 1522634188 ;
msgtype : event ;
event : VIEW ;
eventkey : http://zz.jhzh66.com/app/index.php?i=8&c=entry&eid=194 ;
menuid : 424819011 ;
from : oSI4Lj17As79KTBk8dJMskxWiL2E ;
to : gh_0c02969f70a6 ;
time : 1522634188 ;
type : event ;

2018-04-02 09:56:28 params :
------------
Array:
rule : -2 ;
module :  ;
message : Array ;

2018-04-02 09:56:28 response :
------------

2018-04-02 09:56:30 trace :
------------
Array:
tousername : gh_0c02969f70a6 ;
fromusername : oSI4Lj17As79KTBk8dJMskxWiL2E ;
createtime : 1522634190 ;
msgtype : event ;
event : VIEW ;
eventkey : http://zz.jhzh66.com/app/index.php?i=8&c=entry&eid=194 ;
menuid : 424819011 ;
from : oSI4Lj17As79KTBk8dJMskxWiL2E ;
to : gh_0c02969f70a6 ;
time : 1522634190 ;
type : event ;

2018-04-02 09:56:30 params :
------------
Array:
rule : -2 ;
module :  ;
message : Array ;

2018-04-02 09:56:30 response :
------------

2018-04-02 10:03:25 trace :
------------
Array:
tousername : gh_0c02969f70a6 ;
fromusername : oSI4Lj61cNqZ2u3iIxwOYG1mPHz4 ;
createtime : 1522634605 ;
msgtype : event ;
event : VIEW ;
eventkey : http://zz.jhzh66.com/app/index.php?i=8&c=entry&eid=194 ;
menuid : 424819011 ;
from : oSI4Lj61cNqZ2u3iIxwOYG1mPHz4 ;
to : gh_0c02969f70a6 ;
time : 1522634605 ;
type : event ;

2018-04-02 10:03:25 params :
------------
Array:
rule : -2 ;
module :  ;
message : Array ;

2018-04-02 10:03:25 response :
------------

2018-04-02 10:11:20 trace :
------------
Array:
tousername : gh_0c02969f70a6 ;
fromusername : oSI4LjzGDzCztrhCP10C7-4flpE4 ;
createtime : 1522635080 ;
msgtype : event ;
event : CLICK ;
eventkey : 海报 ;
from : oSI4LjzGDzCztrhCP10C7-4flpE4 ;
to : gh_0c02969f70a6 ;
time : 1522635080 ;
type : event ;

2018-04-02 10:11:25 trace :
------------
Array:
tousername : gh_0c02969f70a6 ;
fromusername : oSI4LjzGDzCztrhCP10C7-4flpE4 ;
createtime : 1522635080 ;
msgtype : event ;
event : CLICK ;
eventkey : 海报 ;
from : oSI4LjzGDzCztrhCP10C7-4flpE4 ;
to : gh_0c02969f70a6 ;
time : 1522635080 ;
type : event ;

2018-04-02 10:19:55 trace :
------------
Array:
tousername : gh_0c02969f70a6 ;
fromusername : oSI4LjyHUqsKQ2U6jJYcy4lCjBVA ;
createtime : 1522635595 ;
msgtype : event ;
event : VIEW ;
eventkey : http://zz.jhzh66.com/app/index.php?i=8&c=entry&eid=198 ;
menuid : 424819011 ;
from : oSI4LjyHUqsKQ2U6jJYcy4lCjBVA ;
to : gh_0c02969f70a6 ;
time : 1522635595 ;
type : event ;

2018-04-02 10:19:55 params :
------------
Array:
rule : -2 ;
module :  ;
message : Array ;

2018-04-02 10:19:55 response :
------------

2018-04-02 10:21:40 trace :
------------
Array:
tousername : gh_0c02969f70a6 ;
fromusername : oSI4Lj-XaO9wjnPbt9OzE2vQL_94 ;
createtime : 1522635700 ;
msgtype : event ;
event : VIEW ;
eventkey : http://zz.jhzh66.com/app/index.php?i=8&c=entry&eid=198 ;
menuid : 424819011 ;
from : oSI4Lj-XaO9wjnPbt9OzE2vQL_94 ;
to : gh_0c02969f70a6 ;
time : 1522635700 ;
type : event ;

2018-04-02 10:21:40 params :
------------
Array:
rule : -2 ;
module :  ;
message : Array ;

2018-04-02 10:21:40 response :
------------

2018-04-02 10:39:27 trace :
------------
Array:
tousername : gh_0c02969f70a6 ;
fromusername : oSI4Lj17As79KTBk8dJMskxWiL2E ;
createtime : 1522636767 ;
msgtype : event ;
event : VIEW ;
eventkey : http://zz.jhzh66.com/app/index.php?i=8&c=entry&eid=194 ;
menuid : 424819011 ;
from : oSI4Lj17As79KTBk8dJMskxWiL2E ;
to : gh_0c02969f70a6 ;
time : 1522636767 ;
type : event ;

2018-04-02 10:39:27 params :
------------
Array:
rule : -2 ;
module :  ;
message : Array ;

2018-04-02 10:39:27 response :
------------

2018-04-02 10:40:53 trace :
------------
Array:
tousername : gh_0c02969f70a6 ;
fromusername : oSI4Lj8nRZY0aV_t-nA1I3ofr6gk ;
createtime : 1522636853 ;
msgtype : event ;
event : VIEW ;
eventkey : http://zz.jhzh66.com/app/index.php?i=8&c=entry&eid=194 ;
menuid : 424819011 ;
from : oSI4Lj8nRZY0aV_t-nA1I3ofr6gk ;
to : gh_0c02969f70a6 ;
time : 1522636853 ;
type : event ;

2018-04-02 10:40:53 params :
------------
Array:
rule : -2 ;
module :  ;
message : Array ;

2018-04-02 10:40:53 response :
------------

2018-04-02 10:41:28 trace :
------------
Array:
tousername : gh_0c02969f70a6 ;
fromusername : oSI4LjyO9i8MLwQjUY2ZYGWR6Kyk ;
createtime : 1522636888 ;
msgtype : event ;
event : VIEW ;
eventkey : http://zz.jhzh66.com/app/index.php?i=8&c=entry&eid=194 ;
menuid : 424819011 ;
from : oSI4LjyO9i8MLwQjUY2ZYGWR6Kyk ;
to : gh_0c02969f70a6 ;
time : 1522636888 ;
type : event ;

2018-04-02 10:41:28 params :
------------
Array:
rule : -2 ;
module :  ;
message : Array ;

2018-04-02 10:41:28 response :
------------

2018-04-02 10:43:12 trace :
------------
Array:
tousername : gh_0c02969f70a6 ;
fromusername : oSI4Lj0gfghrvyv_riNcHchEskp8 ;
createtime : 1522636992 ;
msgtype : event ;
event : VIEW ;
eventkey : http://zz.jhzh66.com/app/index.php?i=8&c=entry&eid=194 ;
menuid : 424819011 ;
from : oSI4Lj0gfghrvyv_riNcHchEskp8 ;
to : gh_0c02969f70a6 ;
time : 1522636992 ;
type : event ;

2018-04-02 10:43:12 params :
------------
Array:
rule : -2 ;
module :  ;
message : Array ;

2018-04-02 10:43:12 response :
------------

2018-04-02 10:45:52 trace :
------------
Array:
tousername : gh_0c02969f70a6 ;
fromusername : oSI4Lj8nRZY0aV_t-nA1I3ofr6gk ;
createtime : 1522637152 ;
msgtype : event ;
event : VIEW ;
eventkey : http://zz.jhzh66.com/app/index.php?i=8&c=entry&eid=194 ;
menuid : 424819011 ;
from : oSI4Lj8nRZY0aV_t-nA1I3ofr6gk ;
to : gh_0c02969f70a6 ;
time : 1522637152 ;
type : event ;

2018-04-02 10:45:52 params :
------------
Array:
rule : -2 ;
module :  ;
message : Array ;

2018-04-02 10:45:52 response :
------------

2018-04-02 12:07:12 trace :
------------
Array:
tousername : gh_0c02969f70a6 ;
fromusername : oSI4LjxgPvF9iMHSyO55h3cZ7WMg ;
createtime : 1522642032 ;
msgtype : event ;
event : CLICK ;
eventkey : 海报 ;
from : oSI4LjxgPvF9iMHSyO55h3cZ7WMg ;
to : gh_0c02969f70a6 ;
time : 1522642032 ;
type : event ;

2018-04-02 12:07:40 trace :
------------
Array:
tousername : gh_0c02969f70a6 ;
fromusername : oSI4LjxgPvF9iMHSyO55h3cZ7WMg ;
createtime : 1522642060 ;
msgtype : event ;
event : VIEW ;
eventkey : http://zz.jhzh66.com/app/index.php?i=8&c=entry&eid=194 ;
menuid : 424819011 ;
from : oSI4LjxgPvF9iMHSyO55h3cZ7WMg ;
to : gh_0c02969f70a6 ;
time : 1522642060 ;
type : event ;

2018-04-02 12:07:40 params :
------------
Array:
rule : -2 ;
module :  ;
message : Array ;

2018-04-02 12:07:40 response :
------------

2018-04-02 12:54:11 trace :
------------
Array:
tousername : gh_0c02969f70a6 ;
fromusername : oSI4Lj61cNqZ2u3iIxwOYG1mPHz4 ;
createtime : 1522644850 ;
msgtype : event ;
event : CLICK ;
eventkey : 海报 ;
from : oSI4Lj61cNqZ2u3iIxwOYG1mPHz4 ;
to : gh_0c02969f70a6 ;
time : 1522644850 ;
type : event ;

2018-04-02 13:16:44 trace :
------------
Array:
tousername : gh_0c02969f70a6 ;
fromusername : oSI4Lj0m4vVjC6Pdw4-zpegVIVVM ;
createtime : 1522646203 ;
msgtype : event ;
event : VIEW ;
eventkey : http://zz.jhzh66.com/app/index.php?i=8&c=entry&eid=198 ;
menuid : 424819011 ;
from : oSI4Lj0m4vVjC6Pdw4-zpegVIVVM ;
to : gh_0c02969f70a6 ;
time : 1522646203 ;
type : event ;

2018-04-02 13:16:44 params :
------------
Array:
rule : -2 ;
module :  ;
message : Array ;

2018-04-02 13:16:44 response :
------------

2018-04-02 13:20:03 trace :
------------
Array:
tousername : gh_0c02969f70a6 ;
fromusername : oSI4Lj97Jm2kdczJ4OHYMLb017pk ;
createtime : 1522646403 ;
msgtype : event ;
event : VIEW ;
eventkey : http://zz.jhzh66.com/app/index.php?i=8&c=entry&eid=194 ;
menuid : 424819011 ;
from : oSI4Lj97Jm2kdczJ4OHYMLb017pk ;
to : gh_0c02969f70a6 ;
time : 1522646403 ;
type : event ;

2018-04-02 13:20:03 params :
------------
Array:
rule : -2 ;
module :  ;
message : Array ;

2018-04-02 13:20:03 response :
------------

2018-04-02 14:55:56 trace :
------------
Array:
tousername : gh_0c02969f70a6 ;
fromusername : oSI4Lj04erd6DNrQmtZ9OslJJJJo ;
createtime : 1522652156 ;
msgtype : event ;
event : VIEW ;
eventkey : http://zz.jhzh66.com/app/index.php?i=8&c=entry&eid=198 ;
menuid : 424819011 ;
from : oSI4Lj04erd6DNrQmtZ9OslJJJJo ;
to : gh_0c02969f70a6 ;
time : 1522652156 ;
type : event ;

2018-04-02 14:55:56 params :
------------
Array:
rule : -2 ;
module :  ;
message : Array ;

2018-04-02 14:55:56 response :
------------

2018-04-02 14:56:28 trace :
------------
Array:
tousername : gh_0c02969f70a6 ;
fromusername : oSI4Lj04erd6DNrQmtZ9OslJJJJo ;
createtime : 1522652188 ;
msgtype : event ;
event : VIEW ;
eventkey : http://zz.jhzh66.com/app/index.php?i=8&c=entry&eid=198 ;
menuid : 424819011 ;
from : oSI4Lj04erd6DNrQmtZ9OslJJJJo ;
to : gh_0c02969f70a6 ;
time : 1522652188 ;
type : event ;

2018-04-02 14:56:28 params :
------------
Array:
rule : -2 ;
module :  ;
message : Array ;

2018-04-02 14:56:28 response :
------------

2018-04-02 15:06:37 trace :
------------
Array:
tousername : gh_0c02969f70a6 ;
fromusername : oSI4LjxgPvF9iMHSyO55h3cZ7WMg ;
createtime : 1522652797 ;
msgtype : event ;
event : SCAN ;
eventkey : e63f191ace780031e0e627a9424150eb ;
ticket : gQHE8TwAAAAAAAAAAS5odHRwOi8vd2VpeGluLnFxLmNvbS9xLzAySUcxYUFYOGU4YmYxMDAwME0wNzAAAgRxrMFaAwQAAAAA ;
from : oSI4LjxgPvF9iMHSyO55h3cZ7WMg ;
to : gh_0c02969f70a6 ;
time : 1522652797 ;
type : subscribe ;
scene : e63f191ace780031e0e627a9424150eb ;

2018-04-02 15:06:48 trace :
------------
Array:
tousername : gh_0c02969f70a6 ;
fromusername : oSI4LjxgPvF9iMHSyO55h3cZ7WMg ;
createtime : 1522652808 ;
msgtype : event ;
event : VIEW ;
eventkey : http://zz.jhzh66.com/app/index.php?i=8&c=entry&eid=198 ;
menuid : 424819011 ;
from : oSI4LjxgPvF9iMHSyO55h3cZ7WMg ;
to : gh_0c02969f70a6 ;
time : 1522652808 ;
type : event ;

2018-04-02 15:06:48 params :
------------
Array:
rule : -2 ;
module :  ;
message : Array ;

2018-04-02 15:06:48 response :
------------

2018-04-02 15:07:56 trace :
------------
Array:
tousername : gh_0c02969f70a6 ;
fromusername : oSI4LjxgPvF9iMHSyO55h3cZ7WMg ;
createtime : 1522652876 ;
msgtype : event ;
event : CLICK ;
eventkey : 海报 ;
from : oSI4LjxgPvF9iMHSyO55h3cZ7WMg ;
to : gh_0c02969f70a6 ;
time : 1522652876 ;
type : event ;

2018-04-02 15:07:59 trace :
------------
Array:
tousername : gh_0c02969f70a6 ;
fromusername : oSI4Ljy0aSgbLoQffCVh2mUXe67g ;
createtime : 1522652879 ;
msgtype : event ;
event : subscribe ;
eventkey : qrscene_e63f191ace780031e0e627a9424150eb ;
ticket : gQHE8TwAAAAAAAAAAS5odHRwOi8vd2VpeGluLnFxLmNvbS9xLzAySUcxYUFYOGU4YmYxMDAwME0wNzAAAgRxrMFaAwQAAAAA ;
from : oSI4Ljy0aSgbLoQffCVh2mUXe67g ;
to : gh_0c02969f70a6 ;
time : 1522652879 ;
type : subscribe ;
scene : e63f191ace780031e0e627a9424150eb ;

2018-04-02 15:08:03 trace :
------------
Array:
tousername : gh_0c02969f70a6 ;
fromusername : oSI4LjxgPvF9iMHSyO55h3cZ7WMg ;
createtime : 1522652883 ;
msgtype : event ;
event : VIEW ;
eventkey : http://zz.jhzh66.com/app/index.php?i=8&c=entry&eid=194 ;
menuid : 424819011 ;
from : oSI4LjxgPvF9iMHSyO55h3cZ7WMg ;
to : gh_0c02969f70a6 ;
time : 1522652883 ;
type : event ;

2018-04-02 15:08:03 params :
------------
Array:
rule : -2 ;
module :  ;
message : Array ;

2018-04-02 15:08:03 response :
------------

2018-04-02 15:08:11 trace :
------------
Array:
tousername : gh_0c02969f70a6 ;
fromusername : oSI4Ljy0aSgbLoQffCVh2mUXe67g ;
createtime : 1522652891 ;
msgtype : event ;
event : CLICK ;
eventkey : 海报 ;
from : oSI4Ljy0aSgbLoQffCVh2mUXe67g ;
to : gh_0c02969f70a6 ;
time : 1522652891 ;
type : event ;

2018-04-02 15:08:32 trace :
------------
Array:
tousername : gh_0c02969f70a6 ;
fromusername : oSI4Ljy0aSgbLoQffCVh2mUXe67g ;
createtime : 1522652912 ;
msgtype : event ;
event : VIEW ;
eventkey : http://zz.jhzh66.com/app/index.php?i=8&c=entry&eid=194 ;
menuid : 424819011 ;
from : oSI4Ljy0aSgbLoQffCVh2mUXe67g ;
to : gh_0c02969f70a6 ;
time : 1522652912 ;
type : event ;

2018-04-02 15:08:32 params :
------------
Array:
rule : -2 ;
module :  ;
message : Array ;

2018-04-02 15:08:32 response :
------------

2018-04-02 15:08:46 trace :
------------
Array:
tousername : gh_0c02969f70a6 ;
fromusername : oSI4Ljy0aSgbLoQffCVh2mUXe67g ;
createtime : 1522652925 ;
msgtype : event ;
event : VIEW ;
eventkey : http://zz.jhzh66.com/app/index.php?i=8&c=entry&eid=198 ;
menuid : 424819011 ;
from : oSI4Ljy0aSgbLoQffCVh2mUXe67g ;
to : gh_0c02969f70a6 ;
time : 1522652925 ;
type : event ;

2018-04-02 15:08:46 params :
------------
Array:
rule : -2 ;
module :  ;
message : Array ;

2018-04-02 15:08:46 response :
------------

2018-04-02 15:26:18 trace :
------------
Array:
tousername : gh_0c02969f70a6 ;
fromusername : oSI4Lj17As79KTBk8dJMskxWiL2E ;
createtime : 1522653978 ;
msgtype : event ;
event : VIEW ;
eventkey : http://zz.jhzh66.com/app/index.php?i=8&c=entry&eid=194 ;
menuid : 424819011 ;
from : oSI4Lj17As79KTBk8dJMskxWiL2E ;
to : gh_0c02969f70a6 ;
time : 1522653978 ;
type : event ;

2018-04-02 15:26:18 params :
------------
Array:
rule : -2 ;
module :  ;
message : Array ;

2018-04-02 15:26:18 response :
------------

2018-04-02 15:31:52 trace :
------------
Array:
tousername : gh_0c02969f70a6 ;
fromusername : oSI4Lj52bFBtzI-rKGOePyJU1yEU ;
createtime : 1522654312 ;
msgtype : event ;
event : VIEW ;
eventkey : http://zz.jhzh66.com/app/index.php?i=8&c=entry&eid=198 ;
menuid : 424819011 ;
from : oSI4Lj52bFBtzI-rKGOePyJU1yEU ;
to : gh_0c02969f70a6 ;
time : 1522654312 ;
type : event ;

2018-04-02 15:31:52 params :
------------
Array:
rule : -2 ;
module :  ;
message : Array ;

2018-04-02 15:31:52 response :
------------

2018-04-02 15:44:41 trace :
------------
Array:
tousername : gh_0c02969f70a6 ;
fromusername : oSI4Lj17As79KTBk8dJMskxWiL2E ;
createtime : 1522655081 ;
msgtype : event ;
event : VIEW ;
eventkey : http://zz.jhzh66.com/app/index.php?i=8&c=entry&eid=194 ;
menuid : 424819011 ;
from : oSI4Lj17As79KTBk8dJMskxWiL2E ;
to : gh_0c02969f70a6 ;
time : 1522655081 ;
type : event ;

2018-04-02 15:44:41 params :
------------
Array:
rule : -2 ;
module :  ;
message : Array ;

2018-04-02 15:44:41 response :
------------

2018-04-02 15:47:42 trace :
------------
Array:
tousername : gh_0c02969f70a6 ;
fromusername : oSI4Lj17As79KTBk8dJMskxWiL2E ;
createtime : 1522655262 ;
msgtype : event ;
event : VIEW ;
eventkey : http://zz.jhzh66.com/app/index.php?i=8&c=entry&eid=194 ;
menuid : 424819011 ;
from : oSI4Lj17As79KTBk8dJMskxWiL2E ;
to : gh_0c02969f70a6 ;
time : 1522655262 ;
type : event ;

2018-04-02 15:47:42 params :
------------
Array:
rule : -2 ;
module :  ;
message : Array ;

2018-04-02 15:47:42 response :
------------

2018-04-02 15:53:58 trace :
------------
Array:
tousername : gh_0c02969f70a6 ;
fromusername : oSI4Lj17As79KTBk8dJMskxWiL2E ;
createtime : 1522655637 ;
msgtype : event ;
event : VIEW ;
eventkey : http://zz.jhzh66.com/app/index.php?i=8&c=entry&eid=194 ;
menuid : 424819011 ;
from : oSI4Lj17As79KTBk8dJMskxWiL2E ;
to : gh_0c02969f70a6 ;
time : 1522655637 ;
type : event ;

2018-04-02 15:53:58 params :
------------
Array:
rule : -2 ;
module :  ;
message : Array ;

2018-04-02 15:53:58 response :
------------

2018-04-02 16:00:43 trace :
------------
Array:
tousername : gh_0c02969f70a6 ;
fromusername : oSI4Lj17As79KTBk8dJMskxWiL2E ;
createtime : 1522656043 ;
msgtype : event ;
event : VIEW ;
eventkey : http://zz.jhzh66.com/app/index.php?i=8&c=entry&eid=194 ;
menuid : 424819011 ;
from : oSI4Lj17As79KTBk8dJMskxWiL2E ;
to : gh_0c02969f70a6 ;
time : 1522656043 ;
type : event ;

2018-04-02 16:00:43 params :
------------
Array:
rule : -2 ;
module :  ;
message : Array ;

2018-04-02 16:00:43 response :
------------

2018-04-02 16:04:32 trace :
------------
Array:
tousername : gh_0c02969f70a6 ;
fromusername : oSI4Lj17As79KTBk8dJMskxWiL2E ;
createtime : 1522656272 ;
msgtype : event ;
event : VIEW ;
eventkey : http://zz.jhzh66.com/app/index.php?i=8&c=entry&eid=194 ;
menuid : 424819011 ;
from : oSI4Lj17As79KTBk8dJMskxWiL2E ;
to : gh_0c02969f70a6 ;
time : 1522656272 ;
type : event ;

2018-04-02 16:04:32 params :
------------
Array:
rule : -2 ;
module :  ;
message : Array ;

2018-04-02 16:04:32 response :
------------

2018-04-02 16:11:02 trace :
------------
Array:
tousername : gh_0c02969f70a6 ;
fromusername : oSI4LjxMqcTT0PhOsXTJrtxdR4NU ;
createtime : 1522656662 ;
msgtype : event ;
event : subscribe ;
eventkey : qrscene_ee395d04ec5fadc2f67c47c95fdc0447 ;
ticket : gQFT8TwAAAAAAAAAAS5odHRwOi8vd2VpeGluLnFxLmNvbS9xLzAycGRmMEJPOGU4YmYxMDAwMDAwN2YAAgRE9rxaAwQAAAAA ;
from : oSI4LjxMqcTT0PhOsXTJrtxdR4NU ;
to : gh_0c02969f70a6 ;
time : 1522656662 ;
type : subscribe ;
scene : ee395d04ec5fadc2f67c47c95fdc0447 ;

2018-04-02 16:11:10 trace :
------------
Array:
tousername : gh_0c02969f70a6 ;
fromusername : oSI4LjxMqcTT0PhOsXTJrtxdR4NU ;
createtime : 1522656670 ;
msgtype : event ;
event : VIEW ;
eventkey : http://zz.jhzh66.com/app/index.php?i=8&c=entry&eid=198 ;
menuid : 424819011 ;
from : oSI4LjxMqcTT0PhOsXTJrtxdR4NU ;
to : gh_0c02969f70a6 ;
time : 1522656670 ;
type : event ;

2018-04-02 16:11:10 params :
------------
Array:
rule : -2 ;
module :  ;
message : Array ;

2018-04-02 16:11:10 response :
------------

2018-04-02 16:11:37 trace :
------------
Array:
tousername : gh_0c02969f70a6 ;
fromusername : oSI4LjxMqcTT0PhOsXTJrtxdR4NU ;
createtime : 1522656697 ;
msgtype : event ;
event : VIEW ;
eventkey : http://zz.jhzh66.com/app/index.php?i=8&c=entry&eid=194 ;
menuid : 424819011 ;
from : oSI4LjxMqcTT0PhOsXTJrtxdR4NU ;
to : gh_0c02969f70a6 ;
time : 1522656697 ;
type : event ;

2018-04-02 16:11:37 params :
------------
Array:
rule : -2 ;
module :  ;
message : Array ;

2018-04-02 16:11:37 response :
------------

2018-04-02 16:11:54 trace :
------------
Array:
tousername : gh_0c02969f70a6 ;
fromusername : oSI4LjxMqcTT0PhOsXTJrtxdR4NU ;
createtime : 1522656714 ;
msgtype : event ;
event : VIEW ;
eventkey : http://zz.jhzh66.com/app/index.php?i=8&c=entry&eid=194 ;
menuid : 424819011 ;
from : oSI4LjxMqcTT0PhOsXTJrtxdR4NU ;
to : gh_0c02969f70a6 ;
time : 1522656714 ;
type : event ;

2018-04-02 16:11:54 params :
------------
Array:
rule : -2 ;
module :  ;
message : Array ;

2018-04-02 16:11:54 response :
------------

2018-04-02 16:12:16 trace :
------------
Array:
tousername : gh_0c02969f70a6 ;
fromusername : oSI4LjxMqcTT0PhOsXTJrtxdR4NU ;
createtime : 1522656735 ;
msgtype : event ;
event : VIEW ;
eventkey : http://zz.jhzh66.com/app/index.php?i=8&c=entry&eid=198 ;
menuid : 424819011 ;
from : oSI4LjxMqcTT0PhOsXTJrtxdR4NU ;
to : gh_0c02969f70a6 ;
time : 1522656735 ;
type : event ;

2018-04-02 16:12:16 params :
------------
Array:
rule : -2 ;
module :  ;
message : Array ;

2018-04-02 16:12:16 response :
------------

2018-04-02 16:26:03 trace :
------------
Array:
tousername : gh_0c02969f70a6 ;
fromusername : oSI4Lj17As79KTBk8dJMskxWiL2E ;
createtime : 1522657563 ;
msgtype : event ;
event : VIEW ;
eventkey : http://zz.jhzh66.com/app/index.php?i=8&c=entry&eid=194 ;
menuid : 424819011 ;
from : oSI4Lj17As79KTBk8dJMskxWiL2E ;
to : gh_0c02969f70a6 ;
time : 1522657563 ;
type : event ;

2018-04-02 16:26:03 params :
------------
Array:
rule : -2 ;
module :  ;
message : Array ;

2018-04-02 16:26:03 response :
------------

2018-04-02 16:35:32 trace :
------------
Array:
tousername : gh_0c02969f70a6 ;
fromusername : oSI4Lj17As79KTBk8dJMskxWiL2E ;
createtime : 1522658132 ;
msgtype : event ;
event : VIEW ;
eventkey : http://zz.jhzh66.com/app/index.php?i=8&c=entry&eid=194 ;
menuid : 424819011 ;
from : oSI4Lj17As79KTBk8dJMskxWiL2E ;
to : gh_0c02969f70a6 ;
time : 1522658132 ;
type : event ;

2018-04-02 16:35:32 params :
------------
Array:
rule : -2 ;
module :  ;
message : Array ;

2018-04-02 16:35:32 response :
------------

2018-04-02 16:46:46 trace :
------------
Array:
tousername : gh_0c02969f70a6 ;
fromusername : oSI4Lj97Jm2kdczJ4OHYMLb017pk ;
createtime : 1522658806 ;
msgtype : event ;
event : VIEW ;
eventkey : http://zz.jhzh66.com/app/index.php?i=8&c=entry&eid=194 ;
menuid : 424819011 ;
from : oSI4Lj97Jm2kdczJ4OHYMLb017pk ;
to : gh_0c02969f70a6 ;
time : 1522658806 ;
type : event ;

2018-04-02 16:46:46 params :
------------
Array:
rule : -2 ;
module :  ;
message : Array ;

2018-04-02 16:46:46 response :
------------

2018-04-02 17:40:14 trace :
------------
Array:
tousername : gh_0c02969f70a6 ;
fromusername : oSI4Lj5ePlw6DdC8CU-GNH3EIcPc ;
createtime : 1522662014 ;
msgtype : event ;
event : CLICK ;
eventkey : 海报 ;
from : oSI4Lj5ePlw6DdC8CU-GNH3EIcPc ;
to : gh_0c02969f70a6 ;
time : 1522662014 ;
type : event ;

2018-04-02 18:08:15 trace :
------------
Array:
tousername : gh_0c02969f70a6 ;
fromusername : oSI4Lj-ls9HTa0EbdsAHd8myHzeI ;
createtime : 1522663694 ;
msgtype : event ;
event : subscribe ;
eventkey : Array ;
from : oSI4Lj-ls9HTa0EbdsAHd8myHzeI ;
to : gh_0c02969f70a6 ;
time : 1522663694 ;
type : subscribe ;

2018-04-02 18:08:15 params :
------------
Array:
rule : -2 ;
module :  ;
message : Array ;

2018-04-02 18:08:15 response :
------------

2018-04-02 18:18:51 trace :
------------
Array:
tousername : gh_0c02969f70a6 ;
fromusername : oSI4Lj-ls9HTa0EbdsAHd8myHzeI ;
createtime : 1522664331 ;
msgtype : event ;
event : VIEW ;
eventkey : http://zz.jhzh66.com/app/index.php?i=8&c=entry&eid=194 ;
menuid : 424819011 ;
from : oSI4Lj-ls9HTa0EbdsAHd8myHzeI ;
to : gh_0c02969f70a6 ;
time : 1522664331 ;
type : event ;

2018-04-02 18:18:51 params :
------------
Array:
rule : -2 ;
module :  ;
message : Array ;

2018-04-02 18:18:51 response :
------------

2018-04-02 18:50:27 trace :
------------
Array:
tousername : gh_0c02969f70a6 ;
fromusername : oSI4Lj17As79KTBk8dJMskxWiL2E ;
createtime : 1522666226 ;
msgtype : event ;
event : VIEW ;
eventkey : http://zz.jhzh66.com/app/index.php?i=8&c=entry&eid=194 ;
menuid : 424819011 ;
from : oSI4Lj17As79KTBk8dJMskxWiL2E ;
to : gh_0c02969f70a6 ;
time : 1522666226 ;
type : event ;

2018-04-02 18:50:27 params :
------------
Array:
rule : -2 ;
module :  ;
message : Array ;

2018-04-02 18:50:27 response :
------------

2018-04-02 19:39:19 trace :
------------
Array:
tousername : gh_0c02969f70a6 ;
fromusername : oSI4Lj17As79KTBk8dJMskxWiL2E ;
createtime : 1522669159 ;
msgtype : event ;
event : VIEW ;
eventkey : http://zz.jhzh66.com/app/index.php?i=8&c=entry&eid=194 ;
menuid : 424819011 ;
from : oSI4Lj17As79KTBk8dJMskxWiL2E ;
to : gh_0c02969f70a6 ;
time : 1522669159 ;
type : event ;

2018-04-02 19:39:19 params :
------------
Array:
rule : -2 ;
module :  ;
message : Array ;

2018-04-02 19:39:19 response :
------------

2018-04-02 19:45:35 trace :
------------
Array:
tousername : gh_0c02969f70a6 ;
fromusername : oSI4Lj17As79KTBk8dJMskxWiL2E ;
createtime : 1522669535 ;
msgtype : event ;
event : VIEW ;
eventkey : http://zz.jhzh66.com/app/index.php?i=8&c=entry&eid=194 ;
menuid : 424819011 ;
from : oSI4Lj17As79KTBk8dJMskxWiL2E ;
to : gh_0c02969f70a6 ;
time : 1522669535 ;
type : event ;

2018-04-02 19:45:35 params :
------------
Array:
rule : -2 ;
module :  ;
message : Array ;

2018-04-02 19:45:35 response :
------------

2018-04-02 19:51:59 trace :
------------
Array:
tousername : gh_0c02969f70a6 ;
fromusername : oSI4Lj17As79KTBk8dJMskxWiL2E ;
createtime : 1522669918 ;
msgtype : event ;
event : VIEW ;
eventkey : http://zz.jhzh66.com/app/index.php?i=8&c=entry&eid=194 ;
menuid : 424819011 ;
from : oSI4Lj17As79KTBk8dJMskxWiL2E ;
to : gh_0c02969f70a6 ;
time : 1522669918 ;
type : event ;

2018-04-02 19:51:59 params :
------------
Array:
rule : -2 ;
module :  ;
message : Array ;

2018-04-02 19:51:59 response :
------------

2018-04-02 19:57:34 trace :
------------
Array:
tousername : gh_0c02969f70a6 ;
fromusername : oSI4Lj17As79KTBk8dJMskxWiL2E ;
createtime : 1522670254 ;
msgtype : event ;
event : VIEW ;
eventkey : http://zz.jhzh66.com/app/index.php?i=8&c=entry&eid=194 ;
menuid : 424819011 ;
from : oSI4Lj17As79KTBk8dJMskxWiL2E ;
to : gh_0c02969f70a6 ;
time : 1522670254 ;
type : event ;

2018-04-02 19:57:34 params :
------------
Array:
rule : -2 ;
module :  ;
message : Array ;

2018-04-02 19:57:34 response :
------------

2018-04-02 20:02:07 trace :
------------
Array:
tousername : gh_0c02969f70a6 ;
fromusername : oSI4LjzGDzCztrhCP10C7-4flpE4 ;
createtime : 1522670527 ;
msgtype : event ;
event : SCAN ;
eventkey : ee395d04ec5fadc2f67c47c95fdc0447 ;
ticket : gQFT8TwAAAAAAAAAAS5odHRwOi8vd2VpeGluLnFxLmNvbS9xLzAycGRmMEJPOGU4YmYxMDAwMDAwN2YAAgRE9rxaAwQAAAAA ;
from : oSI4LjzGDzCztrhCP10C7-4flpE4 ;
to : gh_0c02969f70a6 ;
time : 1522670527 ;
type : subscribe ;
scene : ee395d04ec5fadc2f67c47c95fdc0447 ;

2018-04-02 20:02:43 trace :
------------
Array:
tousername : gh_0c02969f70a6 ;
fromusername : oSI4Lj17As79KTBk8dJMskxWiL2E ;
createtime : 1522670563 ;
msgtype : event ;
event : VIEW ;
eventkey : http://zz.jhzh66.com/app/index.php?i=8&c=entry&eid=194 ;
menuid : 424819011 ;
from : oSI4Lj17As79KTBk8dJMskxWiL2E ;
to : gh_0c02969f70a6 ;
time : 1522670563 ;
type : event ;

2018-04-02 20:02:43 params :
------------
Array:
rule : -2 ;
module :  ;
message : Array ;

2018-04-02 20:02:43 response :
------------

2018-04-02 20:09:24 trace :
------------
Array:
tousername : gh_0c02969f70a6 ;
fromusername : oSI4Lj17As79KTBk8dJMskxWiL2E ;
createtime : 1522670964 ;
msgtype : event ;
event : VIEW ;
eventkey : http://zz.jhzh66.com/app/index.php?i=8&c=entry&eid=194 ;
menuid : 424819011 ;
from : oSI4Lj17As79KTBk8dJMskxWiL2E ;
to : gh_0c02969f70a6 ;
time : 1522670964 ;
type : event ;

2018-04-02 20:09:24 params :
------------
Array:
rule : -2 ;
module :  ;
message : Array ;

2018-04-02 20:09:24 response :
------------

2018-04-02 20:17:03 trace :
------------
Array:
tousername : gh_0c02969f70a6 ;
fromusername : oSI4Lj2ojIhYzTCg1ATD72PakYPk ;
createtime : 1522671423 ;
msgtype : event ;
event : subscribe ;
eventkey : qrscene_ee395d04ec5fadc2f67c47c95fdc0447 ;
ticket : gQFT8TwAAAAAAAAAAS5odHRwOi8vd2VpeGluLnFxLmNvbS9xLzAycGRmMEJPOGU4YmYxMDAwMDAwN2YAAgRE9rxaAwQAAAAA ;
from : oSI4Lj2ojIhYzTCg1ATD72PakYPk ;
to : gh_0c02969f70a6 ;
time : 1522671423 ;
type : subscribe ;
scene : ee395d04ec5fadc2f67c47c95fdc0447 ;

2018-04-02 20:17:08 trace :
------------
Array:
tousername : gh_0c02969f70a6 ;
fromusername : oSI4Lj2ojIhYzTCg1ATD72PakYPk ;
createtime : 1522671428 ;
msgtype : event ;
event : VIEW ;
eventkey : http://zz.jhzh66.com/app/index.php?i=8&c=entry&eid=194 ;
menuid : 424819011 ;
from : oSI4Lj2ojIhYzTCg1ATD72PakYPk ;
to : gh_0c02969f70a6 ;
time : 1522671428 ;
type : event ;

2018-04-02 20:17:08 params :
------------
Array:
rule : -2 ;
module :  ;
message : Array ;

2018-04-02 20:17:08 response :
------------

2018-04-02 20:17:58 trace :
------------
Array:
tousername : gh_0c02969f70a6 ;
fromusername : oSI4Lj17As79KTBk8dJMskxWiL2E ;
createtime : 1522671478 ;
msgtype : event ;
event : VIEW ;
eventkey : http://zz.jhzh66.com/app/index.php?i=8&c=entry&eid=194 ;
menuid : 424819011 ;
from : oSI4Lj17As79KTBk8dJMskxWiL2E ;
to : gh_0c02969f70a6 ;
time : 1522671478 ;
type : event ;

2018-04-02 20:17:58 params :
------------
Array:
rule : -2 ;
module :  ;
message : Array ;

2018-04-02 20:17:58 response :
------------

2018-04-02 20:20:10 trace :
------------
Array:
tousername : gh_0c02969f70a6 ;
fromusername : oSI4Lj2ojIhYzTCg1ATD72PakYPk ;
createtime : 1522671610 ;
msgtype : event ;
event : CLICK ;
eventkey : 海报 ;
from : oSI4Lj2ojIhYzTCg1ATD72PakYPk ;
to : gh_0c02969f70a6 ;
time : 1522671610 ;
type : event ;

2018-04-02 20:20:43 trace :
------------
Array:
tousername : gh_0c02969f70a6 ;
fromusername : oSI4Lj2ojIhYzTCg1ATD72PakYPk ;
createtime : 1522671643 ;
msgtype : event ;
event : VIEW ;
eventkey : http://zz.jhzh66.com/app/index.php?i=8&c=site&a=site&do=detail&id=2 ;
menuid : 424819011 ;
from : oSI4Lj2ojIhYzTCg1ATD72PakYPk ;
to : gh_0c02969f70a6 ;
time : 1522671643 ;
type : event ;

2018-04-02 20:20:43 params :
------------
Array:
rule : -2 ;
module :  ;
message : Array ;

2018-04-02 20:20:43 response :
------------

2018-04-02 20:21:47 trace :
------------
Array:
tousername : gh_0c02969f70a6 ;
fromusername : oSI4Lj2ojIhYzTCg1ATD72PakYPk ;
createtime : 1522671707 ;
msgtype : event ;
event : VIEW ;
eventkey : http://zz.jhzh66.com/app/index.php?i=8&c=entry&eid=194 ;
menuid : 424819011 ;
from : oSI4Lj2ojIhYzTCg1ATD72PakYPk ;
to : gh_0c02969f70a6 ;
time : 1522671707 ;
type : event ;

2018-04-02 20:21:47 params :
------------
Array:
rule : -2 ;
module :  ;
message : Array ;

2018-04-02 20:21:47 response :
------------

2018-04-02 20:26:54 trace :
------------
Array:
tousername : gh_0c02969f70a6 ;
fromusername : oSI4Lj7CHBQSDJixDbgflps2k03Y ;
createtime : 1522672014 ;
msgtype : event ;
event : VIEW ;
eventkey : http://zz.jhzh66.com/app/index.php?i=8&c=entry&eid=194 ;
menuid : 424819011 ;
from : oSI4Lj7CHBQSDJixDbgflps2k03Y ;
to : gh_0c02969f70a6 ;
time : 1522672014 ;
type : event ;

2018-04-02 20:26:54 params :
------------
Array:
rule : -2 ;
module :  ;
message : Array ;

2018-04-02 20:26:54 response :
------------

2018-04-02 20:40:16 trace :
------------
Array:
tousername : gh_0c02969f70a6 ;
fromusername : oSI4LjyHUqsKQ2U6jJYcy4lCjBVA ;
createtime : 1522672816 ;
msgtype : event ;
event : VIEW ;
eventkey : http://zz.jhzh66.com/app/index.php?i=8&c=entry&eid=198 ;
menuid : 424819011 ;
from : oSI4LjyHUqsKQ2U6jJYcy4lCjBVA ;
to : gh_0c02969f70a6 ;
time : 1522672816 ;
type : event ;

2018-04-02 20:40:16 params :
------------
Array:
rule : -2 ;
module :  ;
message : Array ;

2018-04-02 20:40:16 response :
------------

2018-04-02 21:00:50 trace :
------------
Array:
tousername : gh_0c02969f70a6 ;
fromusername : oSI4Lj7EAay-y5KPO4gDxNbElpk8 ;
createtime : 1522674050 ;
msgtype : event ;
event : subscribe ;
eventkey : qrscene_e63f191ace780031e0e627a9424150eb ;
ticket : gQHE8TwAAAAAAAAAAS5odHRwOi8vd2VpeGluLnFxLmNvbS9xLzAySUcxYUFYOGU4YmYxMDAwME0wNzAAAgRxrMFaAwQAAAAA ;
from : oSI4Lj7EAay-y5KPO4gDxNbElpk8 ;
to : gh_0c02969f70a6 ;
time : 1522674050 ;
type : subscribe ;
scene : e63f191ace780031e0e627a9424150eb ;

2018-04-02 21:01:55 trace :
------------
Array:
tousername : gh_0c02969f70a6 ;
fromusername : oSI4LjxgPvF9iMHSyO55h3cZ7WMg ;
createtime : 1522674115 ;
msgtype : event ;
event : SCAN ;
eventkey : e63f191ace780031e0e627a9424150eb ;
ticket : gQHE8TwAAAAAAAAAAS5odHRwOi8vd2VpeGluLnFxLmNvbS9xLzAySUcxYUFYOGU4YmYxMDAwME0wNzAAAgRxrMFaAwQAAAAA ;
from : oSI4LjxgPvF9iMHSyO55h3cZ7WMg ;
to : gh_0c02969f70a6 ;
time : 1522674115 ;
type : subscribe ;
scene : e63f191ace780031e0e627a9424150eb ;

2018-04-02 21:02:05 trace :
------------
Array:
tousername : gh_0c02969f70a6 ;
fromusername : oSI4LjxgPvF9iMHSyO55h3cZ7WMg ;
createtime : 1522674125 ;
msgtype : event ;
event : VIEW ;
eventkey : http://zz.jhzh66.com/app/index.php?i=8&c=entry&p=commission&m=sz_yi&do=plugin ;
menuid : 424819011 ;
from : oSI4LjxgPvF9iMHSyO55h3cZ7WMg ;
to : gh_0c02969f70a6 ;
time : 1522674125 ;
type : event ;

2018-04-02 21:02:05 params :
------------
Array:
rule : -2 ;
module :  ;
message : Array ;

2018-04-02 21:02:05 response :
------------

2018-04-02 21:18:52 trace :
------------
Array:
tousername : gh_0c02969f70a6 ;
fromusername : oSI4LjyORCFVd-vLiapsgQ8_rjT0 ;
createtime : 1522675132 ;
msgtype : event ;
event : subscribe ;
eventkey : qrscene_e63f191ace780031e0e627a9424150eb ;
ticket : gQHE8TwAAAAAAAAAAS5odHRwOi8vd2VpeGluLnFxLmNvbS9xLzAySUcxYUFYOGU4YmYxMDAwME0wNzAAAgRxrMFaAwQAAAAA ;
from : oSI4LjyORCFVd-vLiapsgQ8_rjT0 ;
to : gh_0c02969f70a6 ;
time : 1522675132 ;
type : subscribe ;
scene : e63f191ace780031e0e627a9424150eb ;

2018-04-02 21:19:01 trace :
------------
Array:
tousername : gh_0c02969f70a6 ;
fromusername : oSI4LjyORCFVd-vLiapsgQ8_rjT0 ;
createtime : 1522675141 ;
msgtype : event ;
event : VIEW ;
eventkey : http://zz.jhzh66.com/app/index.php?i=8&c=entry&eid=194 ;
menuid : 424819011 ;
from : oSI4LjyORCFVd-vLiapsgQ8_rjT0 ;
to : gh_0c02969f70a6 ;
time : 1522675141 ;
type : event ;

2018-04-02 21:19:01 params :
------------
Array:
rule : -2 ;
module :  ;
message : Array ;

2018-04-02 21:19:01 response :
------------

2018-04-02 21:20:53 trace :
------------
Array:
tousername : gh_0c02969f70a6 ;
fromusername : oSI4Lj8H2x7zKBBYQFktiYW31tok ;
createtime : 1522675253 ;
msgtype : event ;
event : subscribe ;
eventkey : qrscene_ee395d04ec5fadc2f67c47c95fdc0447 ;
ticket : gQFT8TwAAAAAAAAAAS5odHRwOi8vd2VpeGluLnFxLmNvbS9xLzAycGRmMEJPOGU4YmYxMDAwMDAwN2YAAgRE9rxaAwQAAAAA ;
from : oSI4Lj8H2x7zKBBYQFktiYW31tok ;
to : gh_0c02969f70a6 ;
time : 1522675253 ;
type : subscribe ;
scene : ee395d04ec5fadc2f67c47c95fdc0447 ;

2018-04-02 21:23:51 trace :
------------
Array:
tousername : gh_0c02969f70a6 ;
fromusername : oSI4LjzGDzCztrhCP10C7-4flpE4 ;
createtime : 1522675431 ;
msgtype : event ;
event : CLICK ;
eventkey : 海报 ;
from : oSI4LjzGDzCztrhCP10C7-4flpE4 ;
to : gh_0c02969f70a6 ;
time : 1522675431 ;
type : event ;

2018-04-02 21:30:17 trace :
------------
Array:
tousername : gh_0c02969f70a6 ;
fromusername : oSI4LjzGDzCztrhCP10C7-4flpE4 ;
createtime : 1522675817 ;
msgtype : event ;
event : SCAN ;
eventkey : e63f191ace780031e0e627a9424150eb ;
ticket : gQHE8TwAAAAAAAAAAS5odHRwOi8vd2VpeGluLnFxLmNvbS9xLzAySUcxYUFYOGU4YmYxMDAwME0wNzAAAgRxrMFaAwQAAAAA ;
from : oSI4LjzGDzCztrhCP10C7-4flpE4 ;
to : gh_0c02969f70a6 ;
time : 1522675817 ;
type : subscribe ;
scene : e63f191ace780031e0e627a9424150eb ;

2018-04-02 21:31:43 trace :
------------
Array:
tousername : gh_0c02969f70a6 ;
fromusername : oSI4LjxgPvF9iMHSyO55h3cZ7WMg ;
createtime : 1522675902 ;
msgtype : event ;
event : SCAN ;
eventkey : e63f191ace780031e0e627a9424150eb ;
ticket : gQHE8TwAAAAAAAAAAS5odHRwOi8vd2VpeGluLnFxLmNvbS9xLzAySUcxYUFYOGU4YmYxMDAwME0wNzAAAgRxrMFaAwQAAAAA ;
from : oSI4LjxgPvF9iMHSyO55h3cZ7WMg ;
to : gh_0c02969f70a6 ;
time : 1522675902 ;
type : subscribe ;
scene : e63f191ace780031e0e627a9424150eb ;

2018-04-02 21:31:48 trace :
------------
Array:
tousername : gh_0c02969f70a6 ;
fromusername : oSI4LjxgPvF9iMHSyO55h3cZ7WMg ;
createtime : 1522675907 ;
msgtype : event ;
event : VIEW ;
eventkey : http://zz.jhzh66.com/app/index.php?i=8&c=entry&p=commission&m=sz_yi&do=plugin ;
menuid : 424819011 ;
from : oSI4LjxgPvF9iMHSyO55h3cZ7WMg ;
to : gh_0c02969f70a6 ;
time : 1522675907 ;
type : event ;

2018-04-02 21:31:48 params :
------------
Array:
rule : -2 ;
module :  ;
message : Array ;

2018-04-02 21:31:48 response :
------------

2018-04-02 21:38:34 trace :
------------
Array:
tousername : gh_0c02969f70a6 ;
fromusername : oSI4LjwNz2zpNgfl9MuDWEfqTGH8 ;
createtime : 1522676314 ;
msgtype : event ;
event : subscribe ;
eventkey : qrscene_ee395d04ec5fadc2f67c47c95fdc0447 ;
ticket : gQFT8TwAAAAAAAAAAS5odHRwOi8vd2VpeGluLnFxLmNvbS9xLzAycGRmMEJPOGU4YmYxMDAwMDAwN2YAAgRE9rxaAwQAAAAA ;
from : oSI4LjwNz2zpNgfl9MuDWEfqTGH8 ;
to : gh_0c02969f70a6 ;
time : 1522676314 ;
type : subscribe ;
scene : ee395d04ec5fadc2f67c47c95fdc0447 ;

2018-04-02 21:38:46 trace :
------------
Array:
tousername : gh_0c02969f70a6 ;
fromusername : oSI4LjwNz2zpNgfl9MuDWEfqTGH8 ;
createtime : 1522676326 ;
msgtype : event ;
event : VIEW ;
eventkey : http://zz.jhzh66.com/app/index.php?i=8&c=entry&eid=198 ;
menuid : 424819011 ;
from : oSI4LjwNz2zpNgfl9MuDWEfqTGH8 ;
to : gh_0c02969f70a6 ;
time : 1522676326 ;
type : event ;

2018-04-02 21:38:46 params :
------------
Array:
rule : -2 ;
module :  ;
message : Array ;

2018-04-02 21:38:46 response :
------------

2018-04-02 21:39:31 trace :
------------
Array:
tousername : gh_0c02969f70a6 ;
fromusername : oSI4Lj9VL4_MHs6CYrYQnXPP9Kes ;
createtime : 1522676370 ;
msgtype : event ;
event : subscribe ;
eventkey : qrscene_e63f191ace780031e0e627a9424150eb ;
ticket : gQHE8TwAAAAAAAAAAS5odHRwOi8vd2VpeGluLnFxLmNvbS9xLzAySUcxYUFYOGU4YmYxMDAwME0wNzAAAgRxrMFaAwQAAAAA ;
from : oSI4Lj9VL4_MHs6CYrYQnXPP9Kes ;
to : gh_0c02969f70a6 ;
time : 1522676370 ;
type : subscribe ;
scene : e63f191ace780031e0e627a9424150eb ;

2018-04-02 22:14:02 trace :
------------
Array:
tousername : gh_0c02969f70a6 ;
fromusername : oSI4Ljz1Ug4Cq696G3WQcXHP8Iws ;
createtime : 1522678442 ;
msgtype : event ;
event : VIEW ;
eventkey : https://m.qlchat.com/live/320000044317761.htm ;
menuid : 424819011 ;
from : oSI4Ljz1Ug4Cq696G3WQcXHP8Iws ;
to : gh_0c02969f70a6 ;
time : 1522678442 ;
type : event ;

2018-04-02 22:14:02 params :
------------
Array:
rule : -2 ;
module :  ;
message : Array ;

2018-04-02 22:14:02 response :
------------

2018-04-02 22:26:49 trace :
------------
Array:
tousername : gh_0c02969f70a6 ;
fromusername : oSI4Lj8X1maJYknszFdiGTAA75pg ;
createtime : 1522679209 ;
msgtype : event ;
event : subscribe ;
eventkey : qrscene_e63f191ace780031e0e627a9424150eb ;
ticket : gQHE8TwAAAAAAAAAAS5odHRwOi8vd2VpeGluLnFxLmNvbS9xLzAySUcxYUFYOGU4YmYxMDAwME0wNzAAAgRxrMFaAwQAAAAA ;
from : oSI4Lj8X1maJYknszFdiGTAA75pg ;
to : gh_0c02969f70a6 ;
time : 1522679209 ;
type : subscribe ;
scene : e63f191ace780031e0e627a9424150eb ;

2018-04-02 22:26:52 trace :
------------
Array:
tousername : gh_0c02969f70a6 ;
fromusername : oSI4Lj8X1maJYknszFdiGTAA75pg ;
createtime : 1522679212 ;
msgtype : event ;
event : VIEW ;
eventkey : http://zz.jhzh66.com/app/index.php?i=8&c=entry&eid=194 ;
menuid : 424819011 ;
from : oSI4Lj8X1maJYknszFdiGTAA75pg ;
to : gh_0c02969f70a6 ;
time : 1522679212 ;
type : event ;

2018-04-02 22:26:52 params :
------------
Array:
rule : -2 ;
module :  ;
message : Array ;

2018-04-02 22:26:52 response :
------------

2018-04-02 22:29:02 trace :
------------
Array:
tousername : gh_0c02969f70a6 ;
fromusername : oSI4Lj8X1maJYknszFdiGTAA75pg ;
createtime : 1522679342 ;
msgtype : event ;
event : VIEW ;
eventkey : http://zz11.com.cn/plugin.php?id=wechat:access ;
menuid : 424819011 ;
from : oSI4Lj8X1maJYknszFdiGTAA75pg ;
to : gh_0c02969f70a6 ;
time : 1522679342 ;
type : event ;

2018-04-02 22:29:02 params :
------------
Array:
rule : -2 ;
module :  ;
message : Array ;

2018-04-02 22:29:02 response :
------------

2018-04-02 22:35:23 trace :
------------
Array:
tousername : gh_0c02969f70a6 ;
fromusername : oSI4LjzGDzCztrhCP10C7-4flpE4 ;
createtime : 1522679723 ;
msgtype : event ;
event : VIEW ;
eventkey : https://m.qlchat.com/live/320000044317761.htm ;
menuid : 424819011 ;
from : oSI4LjzGDzCztrhCP10C7-4flpE4 ;
to : gh_0c02969f70a6 ;
time : 1522679723 ;
type : event ;

2018-04-02 22:35:23 params :
------------
Array:
rule : -2 ;
module :  ;
message : Array ;

2018-04-02 22:35:23 response :
------------

2018-04-02 22:43:50 trace :
------------
Array:
tousername : gh_0c02969f70a6 ;
fromusername : oSI4LjzGDzCztrhCP10C7-4flpE4 ;
createtime : 1522680229 ;
msgtype : text ;
content : jhzh66.com ;
msgid : 6539861786245829767 ;
from : oSI4LjzGDzCztrhCP10C7-4flpE4 ;
to : gh_0c02969f70a6 ;
time : 1522680229 ;
type : text ;
event :  ;
redirection :  ;
source :  ;

2018-04-02 22:43:50 params :
------------
Array:
rule : -2 ;
module :  ;
message : Array ;

2018-04-02 22:43:50 response :
------------

2018-04-02 22:59:57 trace :
------------
Array:
tousername : gh_0c02969f70a6 ;
fromusername : oSI4LjzGDzCztrhCP10C7-4flpE4 ;
createtime : 1522681197 ;
msgtype : text ;
content : 推荐 ;
msgid : 6539865943774172425 ;
from : oSI4LjzGDzCztrhCP10C7-4flpE4 ;
to : gh_0c02969f70a6 ;
time : 1522681197 ;
type : text ;
event :  ;
redirection :  ;
source :  ;

2018-04-02 22:59:57 params :
------------
Array:
rule : -2 ;
module :  ;
message : Array ;

2018-04-02 22:59:57 response :
------------

2018-04-02 23:35:38 trace :
------------
Array:
tousername : gh_0c02969f70a6 ;
fromusername : oSI4Lj-XaO9wjnPbt9OzE2vQL_94 ;
createtime : 1522683338 ;
msgtype : event ;
event : VIEW ;
eventkey : http://zz.jhzh66.com/app/index.php?i=8&c=entry&eid=198 ;
menuid : 425039202 ;
from : oSI4Lj-XaO9wjnPbt9OzE2vQL_94 ;
to : gh_0c02969f70a6 ;
time : 1522683338 ;
type : event ;

2018-04-02 23:35:38 params :
------------
Array:
rule : -2 ;
module :  ;
message : Array ;

2018-04-02 23:35:38 response :
------------

