2018-05-28 00:28:17 trace :
------------
Array:
tousername : gh_0c02969f70a6 ;
fromusername : oSI4Lj1XXiGaY7rksk2_CIbk2DAw ;
createtime : 1527438497 ;
msgtype : event ;
event : VIEW ;
eventkey : http://zz.jhzh66.com/app/index.php?i=8&c=site&a=site&do=detail&id=2 ;
menuid : 425602379 ;
from : oSI4Lj1XXiGaY7rksk2_CIbk2DAw ;
to : gh_0c02969f70a6 ;
time : 1527438497 ;
type : event ;

2018-05-28 00:28:17 params :
------------
Array:
rule : -2 ;
module :  ;
message : Array ;

2018-05-28 00:28:17 response :
------------

2018-05-28 00:37:01 trace :
------------
Array:
tousername : gh_0c02969f70a6 ;
fromusername : oSI4Lj1XXiGaY7rksk2_CIbk2DAw ;
createtime : 1527439021 ;
msgtype : event ;
event : VIEW ;
eventkey : http://zz.jhzh66.com/app/index.php?i=8&c=entry&eid=194 ;
menuid : 425602379 ;
from : oSI4Lj1XXiGaY7rksk2_CIbk2DAw ;
to : gh_0c02969f70a6 ;
time : 1527439021 ;
type : event ;

2018-05-28 00:37:01 params :
------------
Array:
rule : -2 ;
module :  ;
message : Array ;

2018-05-28 00:37:01 response :
------------

2018-05-28 01:49:19 trace :
------------
Array:
tousername : gh_0c02969f70a6 ;
fromusername : oSI4Lj6FgJBmgKSwzW18r5i3nur8 ;
createtime : 1527443359 ;
msgtype : event ;
event : subscribe ;
eventkey : qrscene_426b7b6598c63949b7367f2234efe3c9 ;
ticket : gQFD8TwAAAAAAAAAAS5odHRwOi8vd2VpeGluLnFxLmNvbS9xLzAycEoxVUF4OGU4YmYxMDAwMGcwN0cAAgQxugRbAwQAAAAA ;
from : oSI4Lj6FgJBmgKSwzW18r5i3nur8 ;
to : gh_0c02969f70a6 ;
time : 1527443359 ;
type : subscribe ;
scene : 426b7b6598c63949b7367f2234efe3c9 ;

2018-05-28 01:49:27 trace :
------------
Array:
tousername : gh_0c02969f70a6 ;
fromusername : oSI4Lj6FgJBmgKSwzW18r5i3nur8 ;
createtime : 1527443367 ;
msgtype : event ;
event : VIEW ;
eventkey : http://zz.jhzh66.com/app/index.php?i=8&c=entry&eid=198 ;
menuid : 425602379 ;
from : oSI4Lj6FgJBmgKSwzW18r5i3nur8 ;
to : gh_0c02969f70a6 ;
time : 1527443367 ;
type : event ;

2018-05-28 01:49:27 params :
------------
Array:
rule : -2 ;
module :  ;
message : Array ;

2018-05-28 01:49:27 response :
------------

2018-05-28 02:42:16 trace :
------------
Array:
tousername : gh_0c02969f70a6 ;
fromusername : oSI4Lj99EQ_IeYxN0Az4VpSMlouY ;
createtime : 1527446536 ;
msgtype : event ;
event : VIEW ;
eventkey : http://zz.jhzh66.com/app/index.php?i=8&c=entry&eid=194 ;
menuid : 425602379 ;
from : oSI4Lj99EQ_IeYxN0Az4VpSMlouY ;
to : gh_0c02969f70a6 ;
time : 1527446536 ;
type : event ;

2018-05-28 02:42:16 params :
------------
Array:
rule : -2 ;
module :  ;
message : Array ;

2018-05-28 02:42:16 response :
------------

2018-05-28 02:42:52 trace :
------------
Array:
tousername : gh_0c02969f70a6 ;
fromusername : oSI4Lj99EQ_IeYxN0Az4VpSMlouY ;
createtime : 1527446572 ;
msgtype : event ;
event : VIEW ;
eventkey : http://zz.jhzh66.com/app/index.php?i=8&c=entry&eid=194 ;
menuid : 425602379 ;
from : oSI4Lj99EQ_IeYxN0Az4VpSMlouY ;
to : gh_0c02969f70a6 ;
time : 1527446572 ;
type : event ;

2018-05-28 02:42:52 params :
------------
Array:
rule : -2 ;
module :  ;
message : Array ;

2018-05-28 02:42:52 response :
------------

2018-05-28 02:43:48 trace :
------------
Array:
tousername : gh_0c02969f70a6 ;
fromusername : oSI4Lj99EQ_IeYxN0Az4VpSMlouY ;
createtime : 1527446628 ;
msgtype : event ;
event : VIEW ;
eventkey : http://zz.jhzh66.com/app/index.php?i=8&c=entry&eid=194 ;
menuid : 425602379 ;
from : oSI4Lj99EQ_IeYxN0Az4VpSMlouY ;
to : gh_0c02969f70a6 ;
time : 1527446628 ;
type : event ;

2018-05-28 02:43:48 params :
------------
Array:
rule : -2 ;
module :  ;
message : Array ;

2018-05-28 02:43:48 response :
------------

2018-05-28 02:45:21 trace :
------------
Array:
tousername : gh_0c02969f70a6 ;
fromusername : oSI4Lj99EQ_IeYxN0Az4VpSMlouY ;
createtime : 1527446721 ;
msgtype : event ;
event : VIEW ;
eventkey : http://zz.jhzh66.com/app/index.php?i=8&c=entry&eid=194 ;
menuid : 425602379 ;
from : oSI4Lj99EQ_IeYxN0Az4VpSMlouY ;
to : gh_0c02969f70a6 ;
time : 1527446721 ;
type : event ;

2018-05-28 02:45:21 params :
------------
Array:
rule : -2 ;
module :  ;
message : Array ;

2018-05-28 02:45:21 response :
------------

2018-05-28 02:46:15 trace :
------------
Array:
tousername : gh_0c02969f70a6 ;
fromusername : oSI4Lj99EQ_IeYxN0Az4VpSMlouY ;
createtime : 1527446775 ;
msgtype : event ;
event : VIEW ;
eventkey : http://zz.jhzh66.com/app/index.php?i=8&c=entry&eid=194 ;
menuid : 425602379 ;
from : oSI4Lj99EQ_IeYxN0Az4VpSMlouY ;
to : gh_0c02969f70a6 ;
time : 1527446775 ;
type : event ;

2018-05-28 02:46:15 params :
------------
Array:
rule : -2 ;
module :  ;
message : Array ;

2018-05-28 02:46:15 response :
------------

2018-05-28 02:46:54 trace :
------------
Array:
tousername : gh_0c02969f70a6 ;
fromusername : oSI4Lj99EQ_IeYxN0Az4VpSMlouY ;
createtime : 1527446814 ;
msgtype : event ;
event : VIEW ;
eventkey : http://zz.jhzh66.com/app/index.php?i=8&c=entry&eid=194 ;
menuid : 425602379 ;
from : oSI4Lj99EQ_IeYxN0Az4VpSMlouY ;
to : gh_0c02969f70a6 ;
time : 1527446814 ;
type : event ;

2018-05-28 02:46:54 params :
------------
Array:
rule : -2 ;
module :  ;
message : Array ;

2018-05-28 02:46:54 response :
------------

2018-05-28 05:35:59 trace :
------------
Array:
tousername : gh_0c02969f70a6 ;
fromusername : oSI4Ljxa3gnYmZas6ipGxKOVHwYQ ;
createtime : 1527456959 ;
msgtype : event ;
event : VIEW ;
eventkey : http://zz.jhzh66.com/app/index.php?i=8&c=entry&eid=194 ;
menuid : 425602379 ;
from : oSI4Ljxa3gnYmZas6ipGxKOVHwYQ ;
to : gh_0c02969f70a6 ;
time : 1527456959 ;
type : event ;

2018-05-28 05:35:59 params :
------------
Array:
rule : -2 ;
module :  ;
message : Array ;

2018-05-28 05:35:59 response :
------------

2018-05-28 06:05:28 trace :
------------
Array:
tousername : gh_0c02969f70a6 ;
fromusername : oSI4Lj1XXiGaY7rksk2_CIbk2DAw ;
createtime : 1527458728 ;
msgtype : event ;
event : VIEW ;
eventkey : https://h.eqxiu.com/s/U4YBmmJj ;
menuid : 425602379 ;
from : oSI4Lj1XXiGaY7rksk2_CIbk2DAw ;
to : gh_0c02969f70a6 ;
time : 1527458728 ;
type : event ;

2018-05-28 06:05:28 params :
------------
Array:
rule : -2 ;
module :  ;
message : Array ;

2018-05-28 06:05:28 response :
------------

2018-05-28 06:18:05 trace :
------------
Array:
tousername : gh_0c02969f70a6 ;
fromusername : oSI4Lj2Yef0zxzFqreV4g3fl-vfI ;
createtime : 1527459485 ;
msgtype : event ;
event : VIEW ;
eventkey : http://zz.jhzh66.com/app/index.php?i=8&c=entry&eid=198 ;
menuid : 425602379 ;
from : oSI4Lj2Yef0zxzFqreV4g3fl-vfI ;
to : gh_0c02969f70a6 ;
time : 1527459485 ;
type : event ;

2018-05-28 06:18:05 params :
------------
Array:
rule : -2 ;
module :  ;
message : Array ;

2018-05-28 06:18:05 response :
------------

2018-05-28 06:36:07 trace :
------------
Array:
tousername : gh_0c02969f70a6 ;
fromusername : oSI4Lj-mQFi0cVrtdhb5LRhxTXRo ;
createtime : 1527460567 ;
msgtype : event ;
event : VIEW ;
eventkey : http://zz.jhzh66.com/app/index.php?i=8&c=entry&eid=194 ;
menuid : 425602379 ;
from : oSI4Lj-mQFi0cVrtdhb5LRhxTXRo ;
to : gh_0c02969f70a6 ;
time : 1527460567 ;
type : event ;

2018-05-28 06:36:07 params :
------------
Array:
rule : -2 ;
module :  ;
message : Array ;

2018-05-28 06:36:07 response :
------------

2018-05-28 06:38:57 trace :
------------
Array:
tousername : gh_0c02969f70a6 ;
fromusername : oSI4Lj-mQFi0cVrtdhb5LRhxTXRo ;
createtime : 1527460737 ;
msgtype : event ;
event : VIEW ;
eventkey : http://zz.jhzh66.com/app/index.php?i=8&c=entry&eid=194 ;
menuid : 425602379 ;
from : oSI4Lj-mQFi0cVrtdhb5LRhxTXRo ;
to : gh_0c02969f70a6 ;
time : 1527460737 ;
type : event ;

2018-05-28 06:38:57 params :
------------
Array:
rule : -2 ;
module :  ;
message : Array ;

2018-05-28 06:38:57 response :
------------

2018-05-28 07:24:01 trace :
------------
Array:
tousername : gh_0c02969f70a6 ;
fromusername : oSI4Lj9Y1Brq1SKlVyQrIBLkLR_o ;
createtime : 1527463441 ;
msgtype : event ;
event : VIEW ;
eventkey : http://zz.jhzh66.com/app/index.php?i=8&c=entry&eid=194 ;
menuid : 425602379 ;
from : oSI4Lj9Y1Brq1SKlVyQrIBLkLR_o ;
to : gh_0c02969f70a6 ;
time : 1527463441 ;
type : event ;

2018-05-28 07:24:01 params :
------------
Array:
rule : -2 ;
module :  ;
message : Array ;

2018-05-28 07:24:01 response :
------------

2018-05-28 07:26:01 trace :
------------
Array:
tousername : gh_0c02969f70a6 ;
fromusername : oSI4Lj9Y1Brq1SKlVyQrIBLkLR_o ;
createtime : 1527463560 ;
msgtype : event ;
event : VIEW ;
eventkey : http://zz.jhzh66.com/app/index.php?i=8&c=entry&eid=194 ;
menuid : 425602379 ;
from : oSI4Lj9Y1Brq1SKlVyQrIBLkLR_o ;
to : gh_0c02969f70a6 ;
time : 1527463560 ;
type : event ;

2018-05-28 07:26:01 params :
------------
Array:
rule : -2 ;
module :  ;
message : Array ;

2018-05-28 07:26:01 response :
------------

2018-05-28 07:39:08 trace :
------------
Array:
tousername : gh_0c02969f70a6 ;
fromusername : oSI4LjzGDzCztrhCP10C7-4flpE4 ;
createtime : 1527464348 ;
msgtype : event ;
event : VIEW ;
eventkey : http://zz.jhzh66.com/app/index.php?i=8&c=entry&eid=198 ;
menuid : 425602379 ;
from : oSI4LjzGDzCztrhCP10C7-4flpE4 ;
to : gh_0c02969f70a6 ;
time : 1527464348 ;
type : event ;

2018-05-28 07:39:08 params :
------------
Array:
rule : -2 ;
module :  ;
message : Array ;

2018-05-28 07:39:08 response :
------------

2018-05-28 07:42:20 trace :
------------
Array:
tousername : gh_0c02969f70a6 ;
fromusername : oSI4LjzGDzCztrhCP10C7-4flpE4 ;
createtime : 1527464540 ;
msgtype : event ;
event : VIEW ;
eventkey : http://zz.jhzh66.com/app/index.php?i=8&c=entry&eid=194 ;
menuid : 425602379 ;
from : oSI4LjzGDzCztrhCP10C7-4flpE4 ;
to : gh_0c02969f70a6 ;
time : 1527464540 ;
type : event ;

2018-05-28 07:42:20 params :
------------
Array:
rule : -2 ;
module :  ;
message : Array ;

2018-05-28 07:42:20 response :
------------

2018-05-28 07:46:32 trace :
------------
Array:
tousername : gh_0c02969f70a6 ;
fromusername : oSI4Lj_nNzxCP9-NkkIz6ehwEHfk ;
createtime : 1527464792 ;
msgtype : event ;
event : VIEW ;
eventkey : https://h.eqxiu.com/s/U4YBmmJj ;
menuid : 425602379 ;
from : oSI4Lj_nNzxCP9-NkkIz6ehwEHfk ;
to : gh_0c02969f70a6 ;
time : 1527464792 ;
type : event ;

2018-05-28 07:46:32 params :
------------
Array:
rule : -2 ;
module :  ;
message : Array ;

2018-05-28 07:46:32 response :
------------

2018-05-28 07:47:53 trace :
------------
Array:
tousername : gh_0c02969f70a6 ;
fromusername : oSI4Lj_nNzxCP9-NkkIz6ehwEHfk ;
createtime : 1527464872 ;
msgtype : event ;
event : VIEW ;
eventkey : http://zz.jhzh66.com/app/index.php?i=8&c=entry&eid=194 ;
menuid : 425602379 ;
from : oSI4Lj_nNzxCP9-NkkIz6ehwEHfk ;
to : gh_0c02969f70a6 ;
time : 1527464872 ;
type : event ;

2018-05-28 07:47:53 params :
------------
Array:
rule : -2 ;
module :  ;
message : Array ;

2018-05-28 07:47:53 response :
------------

2018-05-28 07:49:40 trace :
------------
Array:
tousername : gh_0c02969f70a6 ;
fromusername : oSI4Lj_nNzxCP9-NkkIz6ehwEHfk ;
createtime : 1527464979 ;
msgtype : event ;
event : VIEW ;
eventkey : https://m.qlchat.com/live/320000044317761.htm ;
menuid : 425602379 ;
from : oSI4Lj_nNzxCP9-NkkIz6ehwEHfk ;
to : gh_0c02969f70a6 ;
time : 1527464979 ;
type : event ;

2018-05-28 07:49:40 params :
------------
Array:
rule : -2 ;
module :  ;
message : Array ;

2018-05-28 07:49:40 response :
------------

2018-05-28 07:49:56 trace :
------------
Array:
tousername : gh_0c02969f70a6 ;
fromusername : oSI4Lj_nNzxCP9-NkkIz6ehwEHfk ;
createtime : 1527464996 ;
msgtype : event ;
event : VIEW ;
eventkey : http://wxsdtkyq7kozrh.b.qun.hk/l/nFVgFpSG ;
menuid : 425602379 ;
from : oSI4Lj_nNzxCP9-NkkIz6ehwEHfk ;
to : gh_0c02969f70a6 ;
time : 1527464996 ;
type : event ;

2018-05-28 07:49:56 params :
------------
Array:
rule : -2 ;
module :  ;
message : Array ;

2018-05-28 07:49:56 response :
------------

2018-05-28 07:51:58 trace :
------------
Array:
tousername : gh_0c02969f70a6 ;
fromusername : oSI4Lj_nNzxCP9-NkkIz6ehwEHfk ;
createtime : 1527465118 ;
msgtype : event ;
event : CLICK ;
eventkey : 关注 ;
from : oSI4Lj_nNzxCP9-NkkIz6ehwEHfk ;
to : gh_0c02969f70a6 ;
time : 1527465118 ;
type : event ;

2018-05-28 07:52:03 trace :
------------
Array:
tousername : gh_0c02969f70a6 ;
fromusername : oSI4Lj_nNzxCP9-NkkIz6ehwEHfk ;
createtime : 1527465123 ;
msgtype : event ;
event : VIEW ;
eventkey : http://zz.jhzh66.com/app/index.php?i=8&c=entry&eid=198 ;
menuid : 425602379 ;
from : oSI4Lj_nNzxCP9-NkkIz6ehwEHfk ;
to : gh_0c02969f70a6 ;
time : 1527465123 ;
type : event ;

2018-05-28 07:52:03 params :
------------
Array:
rule : -2 ;
module :  ;
message : Array ;

2018-05-28 07:52:03 response :
------------

2018-05-28 08:14:54 trace :
------------
Array:
tousername : gh_0c02969f70a6 ;
fromusername : oSI4Lj-mQFi0cVrtdhb5LRhxTXRo ;
createtime : 1527466494 ;
msgtype : event ;
event : VIEW ;
eventkey : http://zz.jhzh66.com/app/index.php?i=8&c=entry&eid=194 ;
menuid : 425602379 ;
from : oSI4Lj-mQFi0cVrtdhb5LRhxTXRo ;
to : gh_0c02969f70a6 ;
time : 1527466494 ;
type : event ;

2018-05-28 08:14:54 params :
------------
Array:
rule : -2 ;
module :  ;
message : Array ;

2018-05-28 08:14:54 response :
------------

2018-05-28 08:40:31 trace :
------------
Array:
tousername : gh_0c02969f70a6 ;
fromusername : oSI4Lj6FuF7nRHHuo8tGMR8S_P14 ;
createtime : 1527468031 ;
msgtype : event ;
event : VIEW ;
eventkey : http://zz.jhzh66.com/app/index.php?i=8&c=entry&eid=194 ;
menuid : 425602379 ;
from : oSI4Lj6FuF7nRHHuo8tGMR8S_P14 ;
to : gh_0c02969f70a6 ;
time : 1527468031 ;
type : event ;

2018-05-28 08:40:31 params :
------------
Array:
rule : -2 ;
module :  ;
message : Array ;

2018-05-28 08:40:31 response :
------------

2018-05-28 08:42:10 trace :
------------
Array:
tousername : gh_0c02969f70a6 ;
fromusername : oSI4LjzGDzCztrhCP10C7-4flpE4 ;
createtime : 1527468130 ;
msgtype : event ;
event : VIEW ;
eventkey : http://zz.jhzh66.com/app/index.php?i=8&c=entry&eid=198 ;
menuid : 425602379 ;
from : oSI4LjzGDzCztrhCP10C7-4flpE4 ;
to : gh_0c02969f70a6 ;
time : 1527468130 ;
type : event ;

2018-05-28 08:42:10 params :
------------
Array:
rule : -2 ;
module :  ;
message : Array ;

2018-05-28 08:42:10 response :
------------

2018-05-28 08:53:32 trace :
------------
Array:
tousername : gh_0c02969f70a6 ;
fromusername : oSI4Lj0FHOG5yTdk0dQqRG-feI3E ;
createtime : 1527468812 ;
msgtype : event ;
event : VIEW ;
eventkey : http://zz.jhzh66.com/app/index.php?i=8&c=entry&eid=194 ;
menuid : 425602379 ;
from : oSI4Lj0FHOG5yTdk0dQqRG-feI3E ;
to : gh_0c02969f70a6 ;
time : 1527468812 ;
type : event ;

2018-05-28 08:53:32 params :
------------
Array:
rule : -2 ;
module :  ;
message : Array ;

2018-05-28 08:53:32 response :
------------

2018-05-28 09:07:22 trace :
------------
Array:
tousername : gh_0c02969f70a6 ;
fromusername : oSI4LjzGDzCztrhCP10C7-4flpE4 ;
createtime : 1527469642 ;
msgtype : event ;
event : VIEW ;
eventkey : http://zz.jhzh66.com/app/index.php?i=8&c=entry&eid=198 ;
menuid : 425602379 ;
from : oSI4LjzGDzCztrhCP10C7-4flpE4 ;
to : gh_0c02969f70a6 ;
time : 1527469642 ;
type : event ;

2018-05-28 09:07:22 params :
------------
Array:
rule : -2 ;
module :  ;
message : Array ;

2018-05-28 09:07:22 response :
------------

2018-05-28 09:08:50 trace :
------------
Array:
tousername : gh_0c02969f70a6 ;
fromusername : oSI4Lj0PbpBtttwfUiU1SJIZO4VA ;
createtime : 1527469730 ;
msgtype : event ;
event : VIEW ;
eventkey : http://zz.jhzh66.com/app/index.php?i=8&c=entry&eid=198 ;
menuid : 425602379 ;
from : oSI4Lj0PbpBtttwfUiU1SJIZO4VA ;
to : gh_0c02969f70a6 ;
time : 1527469730 ;
type : event ;

2018-05-28 09:08:50 params :
------------
Array:
rule : -2 ;
module :  ;
message : Array ;

2018-05-28 09:08:50 response :
------------

2018-05-28 09:09:17 trace :
------------
Array:
tousername : gh_0c02969f70a6 ;
fromusername : oSI4Lj0PbpBtttwfUiU1SJIZO4VA ;
createtime : 1527469757 ;
msgtype : event ;
event : VIEW ;
eventkey : http://zz.jhzh66.com/app/index.php?i=8&c=entry&eid=198 ;
menuid : 425602379 ;
from : oSI4Lj0PbpBtttwfUiU1SJIZO4VA ;
to : gh_0c02969f70a6 ;
time : 1527469757 ;
type : event ;

2018-05-28 09:09:17 params :
------------
Array:
rule : -2 ;
module :  ;
message : Array ;

2018-05-28 09:09:17 response :
------------

2018-05-28 09:24:30 trace :
------------
Array:
tousername : gh_0c02969f70a6 ;
fromusername : oSI4Lj97Jm2kdczJ4OHYMLb017pk ;
createtime : 1527470670 ;
msgtype : event ;
event : VIEW ;
eventkey : http://zz.jhzh66.com/app/index.php?i=8&c=entry&eid=194 ;
menuid : 425602379 ;
from : oSI4Lj97Jm2kdczJ4OHYMLb017pk ;
to : gh_0c02969f70a6 ;
time : 1527470670 ;
type : event ;

2018-05-28 09:24:30 params :
------------
Array:
rule : -2 ;
module :  ;
message : Array ;

2018-05-28 09:24:30 response :
------------

2018-05-28 09:30:15 trace :
------------
Array:
tousername : gh_0c02969f70a6 ;
fromusername : oSI4LjzGDzCztrhCP10C7-4flpE4 ;
createtime : 1527471015 ;
msgtype : event ;
event : VIEW ;
eventkey : http://zz.jhzh66.com/app/index.php?i=8&c=entry&eid=194 ;
menuid : 425602379 ;
from : oSI4LjzGDzCztrhCP10C7-4flpE4 ;
to : gh_0c02969f70a6 ;
time : 1527471015 ;
type : event ;

2018-05-28 09:30:15 params :
------------
Array:
rule : -2 ;
module :  ;
message : Array ;

2018-05-28 09:30:15 response :
------------

2018-05-28 10:13:05 trace :
------------
Array:
tousername : gh_0c02969f70a6 ;
fromusername : oSI4Lj97Jm2kdczJ4OHYMLb017pk ;
createtime : 1527473585 ;
msgtype : event ;
event : VIEW ;
eventkey : http://zz.jhzh66.com/app/index.php?i=8&c=entry&eid=194 ;
menuid : 425602379 ;
from : oSI4Lj97Jm2kdczJ4OHYMLb017pk ;
to : gh_0c02969f70a6 ;
time : 1527473585 ;
type : event ;

2018-05-28 10:13:05 params :
------------
Array:
rule : -2 ;
module :  ;
message : Array ;

2018-05-28 10:13:05 response :
------------

2018-05-28 10:15:12 trace :
------------
Array:
tousername : gh_0c02969f70a6 ;
fromusername : oSI4Lj95EWi6-qifEuK2-xlggHx4 ;
createtime : 1527473712 ;
msgtype : event ;
event : VIEW ;
eventkey : http://zz.jhzh66.com/app/index.php?i=8&c=entry&eid=198 ;
menuid : 425602379 ;
from : oSI4Lj95EWi6-qifEuK2-xlggHx4 ;
to : gh_0c02969f70a6 ;
time : 1527473712 ;
type : event ;

2018-05-28 10:15:12 params :
------------
Array:
rule : -2 ;
module :  ;
message : Array ;

2018-05-28 10:15:12 response :
------------

2018-05-28 10:17:07 trace :
------------
Array:
tousername : gh_0c02969f70a6 ;
fromusername : oSI4Lj97Jm2kdczJ4OHYMLb017pk ;
createtime : 1527473827 ;
msgtype : event ;
event : VIEW ;
eventkey : http://zz.jhzh66.com/app/index.php?i=8&c=entry&eid=194 ;
menuid : 425602379 ;
from : oSI4Lj97Jm2kdczJ4OHYMLb017pk ;
to : gh_0c02969f70a6 ;
time : 1527473827 ;
type : event ;

2018-05-28 10:17:07 params :
------------
Array:
rule : -2 ;
module :  ;
message : Array ;

2018-05-28 10:17:07 response :
------------

2018-05-28 10:28:41 trace :
------------
Array:
tousername : gh_0c02969f70a6 ;
fromusername : oSI4Lj97Jm2kdczJ4OHYMLb017pk ;
createtime : 1527474521 ;
msgtype : event ;
event : VIEW ;
eventkey : http://zz.jhzh66.com/app/index.php?i=8&c=entry&eid=198 ;
menuid : 425602379 ;
from : oSI4Lj97Jm2kdczJ4OHYMLb017pk ;
to : gh_0c02969f70a6 ;
time : 1527474521 ;
type : event ;

2018-05-28 10:28:41 params :
------------
Array:
rule : -2 ;
module :  ;
message : Array ;

2018-05-28 10:28:41 response :
------------

2018-05-28 11:11:46 trace :
------------
Array:
tousername : gh_0c02969f70a6 ;
fromusername : oSI4Lj0FHOG5yTdk0dQqRG-feI3E ;
createtime : 1527477106 ;
msgtype : event ;
event : VIEW ;
eventkey : http://zz.jhzh66.com/app/index.php?i=8&c=entry&eid=194 ;
menuid : 425602379 ;
from : oSI4Lj0FHOG5yTdk0dQqRG-feI3E ;
to : gh_0c02969f70a6 ;
time : 1527477106 ;
type : event ;

2018-05-28 11:11:46 params :
------------
Array:
rule : -2 ;
module :  ;
message : Array ;

2018-05-28 11:11:46 response :
------------

2018-05-28 11:31:08 trace :
------------
Array:
tousername : gh_0c02969f70a6 ;
fromusername : oSI4Lj-27ALdIUg_S0VK5KTk_CSo ;
createtime : 1527478268 ;
msgtype : event ;
event : SCAN ;
eventkey : 8c59efb26220d2bbd8820b073d6f4491 ;
ticket : gQHE8TwAAAAAAAAAAS5odHRwOi8vd2VpeGluLnFxLmNvbS9xLzAyb3F6aUI0OGU4YmYxMDAwMDAwNzMAAgQLl9haAwQAAAAA ;
from : oSI4Lj-27ALdIUg_S0VK5KTk_CSo ;
to : gh_0c02969f70a6 ;
time : 1527478268 ;
type : subscribe ;
scene : 8c59efb26220d2bbd8820b073d6f4491 ;

2018-05-28 11:31:13 trace :
------------
Array:
tousername : gh_0c02969f70a6 ;
fromusername : oSI4Lj-27ALdIUg_S0VK5KTk_CSo ;
createtime : 1527478273 ;
msgtype : event ;
event : VIEW ;
eventkey : http://zz.jhzh66.com/app/index.php?i=8&c=entry&eid=194 ;
menuid : 425602379 ;
from : oSI4Lj-27ALdIUg_S0VK5KTk_CSo ;
to : gh_0c02969f70a6 ;
time : 1527478273 ;
type : event ;

2018-05-28 11:31:13 params :
------------
Array:
rule : -2 ;
module :  ;
message : Array ;

2018-05-28 11:31:13 response :
------------

2018-05-28 12:02:44 trace :
------------
Array:
tousername : gh_0c02969f70a6 ;
fromusername : oSI4Lj97Jm2kdczJ4OHYMLb017pk ;
createtime : 1527480164 ;
msgtype : event ;
event : VIEW ;
eventkey : http://zz.jhzh66.com/app/index.php?i=8&c=entry&eid=194 ;
menuid : 425602379 ;
from : oSI4Lj97Jm2kdczJ4OHYMLb017pk ;
to : gh_0c02969f70a6 ;
time : 1527480164 ;
type : event ;

2018-05-28 12:02:44 params :
------------
Array:
rule : -2 ;
module :  ;
message : Array ;

2018-05-28 12:02:44 response :
------------

2018-05-28 13:01:31 trace :
------------
Array:
tousername : gh_0c02969f70a6 ;
fromusername : oSI4Lj97Jm2kdczJ4OHYMLb017pk ;
createtime : 1527483691 ;
msgtype : event ;
event : VIEW ;
eventkey : http://zz.jhzh66.com/app/index.php?i=8&c=entry&eid=198 ;
menuid : 425602379 ;
from : oSI4Lj97Jm2kdczJ4OHYMLb017pk ;
to : gh_0c02969f70a6 ;
time : 1527483691 ;
type : event ;

2018-05-28 13:01:31 params :
------------
Array:
rule : -2 ;
module :  ;
message : Array ;

2018-05-28 13:01:31 response :
------------

2018-05-28 13:02:28 trace :
------------
Array:
tousername : gh_0c02969f70a6 ;
fromusername : oSI4Lj97Jm2kdczJ4OHYMLb017pk ;
createtime : 1527483748 ;
msgtype : event ;
event : VIEW ;
eventkey : http://zz.jhzh66.com/app/index.php?i=8&c=entry&eid=194 ;
menuid : 425602379 ;
from : oSI4Lj97Jm2kdczJ4OHYMLb017pk ;
to : gh_0c02969f70a6 ;
time : 1527483748 ;
type : event ;

2018-05-28 13:02:28 params :
------------
Array:
rule : -2 ;
module :  ;
message : Array ;

2018-05-28 13:02:28 response :
------------

2018-05-28 13:35:54 trace :
------------
Array:
tousername : gh_0c02969f70a6 ;
fromusername : oSI4Lj1n1DqiQp4ny9-h7ubZHgl8 ;
createtime : 1527485754 ;
msgtype : event ;
event : VIEW ;
eventkey : http://zz.jhzh66.com/app/index.php?i=8&c=entry&eid=198 ;
menuid : 425602379 ;
from : oSI4Lj1n1DqiQp4ny9-h7ubZHgl8 ;
to : gh_0c02969f70a6 ;
time : 1527485754 ;
type : event ;

2018-05-28 13:35:54 params :
------------
Array:
rule : -2 ;
module :  ;
message : Array ;

2018-05-28 13:35:54 response :
------------

2018-05-28 13:42:53 trace :
------------
Array:
tousername : gh_0c02969f70a6 ;
fromusername : oSI4Lj-27ALdIUg_S0VK5KTk_CSo ;
createtime : 1527486173 ;
msgtype : event ;
event : VIEW ;
eventkey : http://zz.jhzh66.com/app/index.php?i=8&c=entry&eid=194 ;
menuid : 425602379 ;
from : oSI4Lj-27ALdIUg_S0VK5KTk_CSo ;
to : gh_0c02969f70a6 ;
time : 1527486173 ;
type : event ;

2018-05-28 13:42:53 params :
------------
Array:
rule : -2 ;
module :  ;
message : Array ;

2018-05-28 13:42:53 response :
------------

2018-05-28 13:43:11 trace :
------------
Array:
tousername : gh_0c02969f70a6 ;
fromusername : oSI4Lj-27ALdIUg_S0VK5KTk_CSo ;
createtime : 1527486191 ;
msgtype : event ;
event : VIEW ;
eventkey : http://zz.jhzh66.com/app/index.php?i=8&c=entry&eid=194 ;
menuid : 425602379 ;
from : oSI4Lj-27ALdIUg_S0VK5KTk_CSo ;
to : gh_0c02969f70a6 ;
time : 1527486191 ;
type : event ;

2018-05-28 13:43:11 params :
------------
Array:
rule : -2 ;
module :  ;
message : Array ;

2018-05-28 13:43:11 response :
------------

2018-05-28 13:44:50 trace :
------------
Array:
tousername : gh_0c02969f70a6 ;
fromusername : oSI4Lj-27ALdIUg_S0VK5KTk_CSo ;
createtime : 1527486290 ;
msgtype : event ;
event : CLICK ;
eventkey : 介绍 ;
from : oSI4Lj-27ALdIUg_S0VK5KTk_CSo ;
to : gh_0c02969f70a6 ;
time : 1527486290 ;
type : event ;

2018-05-28 13:44:50 params :
------------
Array:
message : Array ;
module : basic ;
rule : 1013 ;
priority : 0 ;
keyword : Array ;

2018-05-28 13:44:50 response :
------------
Array:
FromUserName : gh_0c02969f70a6 ;
ToUserName : oSI4Lj-27ALdIUg_S0VK5KTk_CSo ;
MsgType : text ;
Content : 易货联盟平台介绍 https://u.eqxiu.com/s/6szkjdIq   

代理商收益介绍 https://h.eqxiu.com/s/U4YBmmJj   

6月27-28日全国易货联盟商家对接峰会 https://b.eqxiu.com/s/nBIsBaiB ;

2018-05-28 13:53:24 trace :
------------
Array:
tousername : gh_0c02969f70a6 ;
fromusername : oSI4Lj-27ALdIUg_S0VK5KTk_CSo ;
createtime : 1527486804 ;
msgtype : event ;
event : VIEW ;
eventkey : https://h.eqxiu.com/s/U4YBmmJj ;
menuid : 425602379 ;
from : oSI4Lj-27ALdIUg_S0VK5KTk_CSo ;
to : gh_0c02969f70a6 ;
time : 1527486804 ;
type : event ;

2018-05-28 13:53:24 params :
------------
Array:
rule : -2 ;
module :  ;
message : Array ;

2018-05-28 13:53:24 response :
------------

2018-05-28 13:53:38 trace :
------------
Array:
tousername : gh_0c02969f70a6 ;
fromusername : oSI4Lj-27ALdIUg_S0VK5KTk_CSo ;
createtime : 1527486818 ;
msgtype : event ;
event : VIEW ;
eventkey : http://wxsdtkyq7kozrh.b.qun.hk/l/nFVgFpSG ;
menuid : 425602379 ;
from : oSI4Lj-27ALdIUg_S0VK5KTk_CSo ;
to : gh_0c02969f70a6 ;
time : 1527486818 ;
type : event ;

2018-05-28 13:53:38 params :
------------
Array:
rule : -2 ;
module :  ;
message : Array ;

2018-05-28 13:53:38 response :
------------

2018-05-28 14:44:51 trace :
------------
Array:
tousername : gh_0c02969f70a6 ;
fromusername : oSI4Lj9e2gdKLv2b36V8MG1GoYZE ;
createtime : 1527489891 ;
msgtype : event ;
event : VIEW ;
eventkey : http://zz.jhzh66.com/app/index.php?i=8&c=entry&eid=194 ;
menuid : 425602379 ;
from : oSI4Lj9e2gdKLv2b36V8MG1GoYZE ;
to : gh_0c02969f70a6 ;
time : 1527489891 ;
type : event ;

2018-05-28 14:44:51 params :
------------
Array:
rule : -2 ;
module :  ;
message : Array ;

2018-05-28 14:44:51 response :
------------

2018-05-28 14:51:03 trace :
------------
Array:
tousername : gh_0c02969f70a6 ;
fromusername : oSI4Lj3ohoEGflzKCTyD1bcO3Glw ;
createtime : 1527490263 ;
msgtype : event ;
event : VIEW ;
eventkey : http://zz.jhzh66.com/app/index.php?i=8&c=entry&eid=194 ;
menuid : 425602379 ;
from : oSI4Lj3ohoEGflzKCTyD1bcO3Glw ;
to : gh_0c02969f70a6 ;
time : 1527490263 ;
type : event ;

2018-05-28 14:51:03 params :
------------
Array:
rule : -2 ;
module :  ;
message : Array ;

2018-05-28 14:51:03 response :
------------

2018-05-28 14:51:13 trace :
------------
Array:
tousername : gh_0c02969f70a6 ;
fromusername : oSI4Lj9e2gdKLv2b36V8MG1GoYZE ;
createtime : 1527490272 ;
msgtype : event ;
event : VIEW ;
eventkey : http://zz.jhzh66.com/app/index.php?i=8&c=entry&eid=194 ;
menuid : 425602379 ;
from : oSI4Lj9e2gdKLv2b36V8MG1GoYZE ;
to : gh_0c02969f70a6 ;
time : 1527490272 ;
type : event ;

2018-05-28 14:51:13 params :
------------
Array:
rule : -2 ;
module :  ;
message : Array ;

2018-05-28 14:51:13 response :
------------

2018-05-28 14:53:51 trace :
------------
Array:
tousername : gh_0c02969f70a6 ;
fromusername : oSI4Lj97Jm2kdczJ4OHYMLb017pk ;
createtime : 1527490431 ;
msgtype : event ;
event : VIEW ;
eventkey : http://zz.jhzh66.com/app/index.php?i=8&c=entry&eid=194 ;
menuid : 425602379 ;
from : oSI4Lj97Jm2kdczJ4OHYMLb017pk ;
to : gh_0c02969f70a6 ;
time : 1527490431 ;
type : event ;

2018-05-28 14:53:51 params :
------------
Array:
rule : -2 ;
module :  ;
message : Array ;

2018-05-28 14:53:51 response :
------------

2018-05-28 14:54:29 trace :
------------
Array:
tousername : gh_0c02969f70a6 ;
fromusername : oSI4Lj3ohoEGflzKCTyD1bcO3Glw ;
createtime : 1527490469 ;
msgtype : event ;
event : VIEW ;
eventkey : http://zz.jhzh66.com/app/index.php?i=8&c=entry&eid=194 ;
menuid : 425602379 ;
from : oSI4Lj3ohoEGflzKCTyD1bcO3Glw ;
to : gh_0c02969f70a6 ;
time : 1527490469 ;
type : event ;

2018-05-28 14:54:29 params :
------------
Array:
rule : -2 ;
module :  ;
message : Array ;

2018-05-28 14:54:29 response :
------------

2018-05-28 14:56:53 trace :
------------
Array:
tousername : gh_0c02969f70a6 ;
fromusername : oSI4Lj3ohoEGflzKCTyD1bcO3Glw ;
createtime : 1527490613 ;
msgtype : event ;
event : CLICK ;
eventkey : 介绍 ;
from : oSI4Lj3ohoEGflzKCTyD1bcO3Glw ;
to : gh_0c02969f70a6 ;
time : 1527490613 ;
type : event ;

2018-05-28 14:56:53 params :
------------
Array:
message : Array ;
module : basic ;
rule : 1013 ;
priority : 0 ;
keyword : Array ;

2018-05-28 14:56:53 response :
------------
Array:
FromUserName : gh_0c02969f70a6 ;
ToUserName : oSI4Lj3ohoEGflzKCTyD1bcO3Glw ;
MsgType : text ;
Content : 易货联盟平台介绍 https://u.eqxiu.com/s/6szkjdIq   

代理商收益介绍 https://h.eqxiu.com/s/U4YBmmJj   

6月27-28日全国易货联盟商家对接峰会 https://b.eqxiu.com/s/nBIsBaiB ;

2018-05-28 14:57:02 trace :
------------
Array:
tousername : gh_0c02969f70a6 ;
fromusername : oSI4Lj3ohoEGflzKCTyD1bcO3Glw ;
createtime : 1527490622 ;
msgtype : event ;
event : VIEW ;
eventkey : http://zz.jhzh66.com/app/index.php?i=8&c=site&a=site&do=detail&id=2 ;
menuid : 425602379 ;
from : oSI4Lj3ohoEGflzKCTyD1bcO3Glw ;
to : gh_0c02969f70a6 ;
time : 1527490622 ;
type : event ;

2018-05-28 14:57:02 params :
------------
Array:
rule : -2 ;
module :  ;
message : Array ;

2018-05-28 14:57:02 response :
------------

2018-05-28 15:02:43 trace :
------------
Array:
tousername : gh_0c02969f70a6 ;
fromusername : oSI4Lj3ohoEGflzKCTyD1bcO3Glw ;
createtime : 1527490963 ;
msgtype : event ;
event : VIEW ;
eventkey : http://zz.jhzh66.com/app/index.php?i=8&c=entry&eid=194 ;
menuid : 425602379 ;
from : oSI4Lj3ohoEGflzKCTyD1bcO3Glw ;
to : gh_0c02969f70a6 ;
time : 1527490963 ;
type : event ;

2018-05-28 15:02:43 params :
------------
Array:
rule : -2 ;
module :  ;
message : Array ;

2018-05-28 15:02:43 response :
------------

2018-05-28 15:17:54 trace :
------------
Array:
tousername : gh_0c02969f70a6 ;
fromusername : oSI4Lj97Jm2kdczJ4OHYMLb017pk ;
createtime : 1527491874 ;
msgtype : event ;
event : VIEW ;
eventkey : http://zz.jhzh66.com/app/index.php?i=8&c=entry&eid=194 ;
menuid : 425602379 ;
from : oSI4Lj97Jm2kdczJ4OHYMLb017pk ;
to : gh_0c02969f70a6 ;
time : 1527491874 ;
type : event ;

2018-05-28 15:17:54 params :
------------
Array:
rule : -2 ;
module :  ;
message : Array ;

2018-05-28 15:17:54 response :
------------

2018-05-28 15:32:22 trace :
------------
Array:
tousername : gh_0c02969f70a6 ;
fromusername : oSI4Lj97Jm2kdczJ4OHYMLb017pk ;
createtime : 1527492742 ;
msgtype : event ;
event : VIEW ;
eventkey : http://zz.jhzh66.com/app/index.php?i=8&c=entry&eid=194 ;
menuid : 425602379 ;
from : oSI4Lj97Jm2kdczJ4OHYMLb017pk ;
to : gh_0c02969f70a6 ;
time : 1527492742 ;
type : event ;

2018-05-28 15:32:22 params :
------------
Array:
rule : -2 ;
module :  ;
message : Array ;

2018-05-28 15:32:22 response :
------------

2018-05-28 15:32:37 trace :
------------
Array:
tousername : gh_0c02969f70a6 ;
fromusername : oSI4Ljwc0qtnK7pLRZ8GVT4zB9p0 ;
createtime : 1527492757 ;
msgtype : event ;
event : VIEW ;
eventkey : http://zz.jhzh66.com/app/index.php?i=8&c=entry&eid=194 ;
menuid : 425602379 ;
from : oSI4Ljwc0qtnK7pLRZ8GVT4zB9p0 ;
to : gh_0c02969f70a6 ;
time : 1527492757 ;
type : event ;

2018-05-28 15:32:37 params :
------------
Array:
rule : -2 ;
module :  ;
message : Array ;

2018-05-28 15:32:37 response :
------------

2018-05-28 15:32:37 trace :
------------
Array:
tousername : gh_0c02969f70a6 ;
fromusername : oSI4LjwxQbsad0i2s8N5h3JKZABw ;
createtime : 1527492757 ;
msgtype : event ;
event : VIEW ;
eventkey : http://zz.jhzh66.com/app/index.php?i=8&c=entry&eid=194 ;
menuid : 425602379 ;
from : oSI4LjwxQbsad0i2s8N5h3JKZABw ;
to : gh_0c02969f70a6 ;
time : 1527492757 ;
type : event ;

2018-05-28 15:32:37 params :
------------
Array:
rule : -2 ;
module :  ;
message : Array ;

2018-05-28 15:32:37 response :
------------

2018-05-28 15:33:14 trace :
------------
Array:
tousername : gh_0c02969f70a6 ;
fromusername : oSI4Lj3ohoEGflzKCTyD1bcO3Glw ;
createtime : 1527492794 ;
msgtype : event ;
event : VIEW ;
eventkey : http://zz.jhzh66.com/app/index.php?i=8&c=entry&eid=194 ;
menuid : 425602379 ;
from : oSI4Lj3ohoEGflzKCTyD1bcO3Glw ;
to : gh_0c02969f70a6 ;
time : 1527492794 ;
type : event ;

2018-05-28 15:33:14 params :
------------
Array:
rule : -2 ;
module :  ;
message : Array ;

2018-05-28 15:33:14 response :
------------

2018-05-28 15:35:34 trace :
------------
Array:
tousername : gh_0c02969f70a6 ;
fromusername : oSI4LjwxQbsad0i2s8N5h3JKZABw ;
createtime : 1527492933 ;
msgtype : event ;
event : VIEW ;
eventkey : http://zz.jhzh66.com/app/index.php?i=8&c=entry&eid=194 ;
menuid : 425602379 ;
from : oSI4LjwxQbsad0i2s8N5h3JKZABw ;
to : gh_0c02969f70a6 ;
time : 1527492933 ;
type : event ;

2018-05-28 15:35:34 params :
------------
Array:
rule : -2 ;
module :  ;
message : Array ;

2018-05-28 15:35:34 response :
------------

2018-05-28 15:39:32 trace :
------------
Array:
tousername : gh_0c02969f70a6 ;
fromusername : oSI4LjwxQbsad0i2s8N5h3JKZABw ;
createtime : 1527493172 ;
msgtype : event ;
event : VIEW ;
eventkey : http://zz.jhzh66.com/app/index.php?i=8&c=entry&eid=198 ;
menuid : 425602379 ;
from : oSI4LjwxQbsad0i2s8N5h3JKZABw ;
to : gh_0c02969f70a6 ;
time : 1527493172 ;
type : event ;

2018-05-28 15:39:32 params :
------------
Array:
rule : -2 ;
module :  ;
message : Array ;

2018-05-28 15:39:32 response :
------------

2018-05-28 15:40:33 trace :
------------
Array:
tousername : gh_0c02969f70a6 ;
fromusername : oSI4LjwxQbsad0i2s8N5h3JKZABw ;
createtime : 1527493233 ;
msgtype : event ;
event : VIEW ;
eventkey : http://zz.jhzh66.com/app/index.php?i=8&c=entry&eid=198 ;
menuid : 425602379 ;
from : oSI4LjwxQbsad0i2s8N5h3JKZABw ;
to : gh_0c02969f70a6 ;
time : 1527493233 ;
type : event ;

2018-05-28 15:40:33 params :
------------
Array:
rule : -2 ;
module :  ;
message : Array ;

2018-05-28 15:40:33 response :
------------

2018-05-28 15:41:47 trace :
------------
Array:
tousername : gh_0c02969f70a6 ;
fromusername : oSI4Lj97Jm2kdczJ4OHYMLb017pk ;
createtime : 1527493307 ;
msgtype : event ;
event : VIEW ;
eventkey : http://zz.jhzh66.com/app/index.php?i=8&c=entry&eid=194 ;
menuid : 425602379 ;
from : oSI4Lj97Jm2kdczJ4OHYMLb017pk ;
to : gh_0c02969f70a6 ;
time : 1527493307 ;
type : event ;

2018-05-28 15:41:47 params :
------------
Array:
rule : -2 ;
module :  ;
message : Array ;

2018-05-28 15:41:47 response :
------------

2018-05-28 15:42:31 trace :
------------
Array:
tousername : gh_0c02969f70a6 ;
fromusername : oSI4Ljwc0qtnK7pLRZ8GVT4zB9p0 ;
createtime : 1527493351 ;
msgtype : event ;
event : VIEW ;
eventkey : http://zz.jhzh66.com/app/index.php?i=8&c=entry&eid=198 ;
menuid : 425602379 ;
from : oSI4Ljwc0qtnK7pLRZ8GVT4zB9p0 ;
to : gh_0c02969f70a6 ;
time : 1527493351 ;
type : event ;

2018-05-28 15:42:31 params :
------------
Array:
rule : -2 ;
module :  ;
message : Array ;

2018-05-28 15:42:31 response :
------------

2018-05-28 15:43:07 trace :
------------
Array:
tousername : gh_0c02969f70a6 ;
fromusername : oSI4Lj3ohoEGflzKCTyD1bcO3Glw ;
createtime : 1527493387 ;
msgtype : event ;
event : VIEW ;
eventkey : http://zz.jhzh66.com/app/index.php?i=8&c=entry&eid=198 ;
menuid : 425602379 ;
from : oSI4Lj3ohoEGflzKCTyD1bcO3Glw ;
to : gh_0c02969f70a6 ;
time : 1527493387 ;
type : event ;

2018-05-28 15:43:07 params :
------------
Array:
rule : -2 ;
module :  ;
message : Array ;

2018-05-28 15:43:07 response :
------------

2018-05-28 15:43:34 trace :
------------
Array:
tousername : gh_0c02969f70a6 ;
fromusername : oSI4Lj3ohoEGflzKCTyD1bcO3Glw ;
createtime : 1527493414 ;
msgtype : event ;
event : VIEW ;
eventkey : http://zz.jhzh66.com/app/index.php?i=8&c=entry&eid=194 ;
menuid : 425602379 ;
from : oSI4Lj3ohoEGflzKCTyD1bcO3Glw ;
to : gh_0c02969f70a6 ;
time : 1527493414 ;
type : event ;

2018-05-28 15:43:34 params :
------------
Array:
rule : -2 ;
module :  ;
message : Array ;

2018-05-28 15:43:34 response :
------------

2018-05-28 15:44:22 trace :
------------
Array:
tousername : gh_0c02969f70a6 ;
fromusername : oSI4LjwxQbsad0i2s8N5h3JKZABw ;
createtime : 1527493461 ;
msgtype : event ;
event : VIEW ;
eventkey : http://zz.jhzh66.com/app/index.php?i=8&c=entry&eid=194 ;
menuid : 425602379 ;
from : oSI4LjwxQbsad0i2s8N5h3JKZABw ;
to : gh_0c02969f70a6 ;
time : 1527493461 ;
type : event ;

2018-05-28 15:44:22 params :
------------
Array:
rule : -2 ;
module :  ;
message : Array ;

2018-05-28 15:44:22 response :
------------

2018-05-28 15:53:37 trace :
------------
Array:
tousername : gh_0c02969f70a6 ;
fromusername : oSI4Lj3ohoEGflzKCTyD1bcO3Glw ;
createtime : 1527494017 ;
msgtype : event ;
event : VIEW ;
eventkey : http://zz.jhzh66.com/app/index.php?i=8&c=entry&eid=198 ;
menuid : 425602379 ;
from : oSI4Lj3ohoEGflzKCTyD1bcO3Glw ;
to : gh_0c02969f70a6 ;
time : 1527494017 ;
type : event ;

2018-05-28 15:53:37 params :
------------
Array:
rule : -2 ;
module :  ;
message : Array ;

2018-05-28 15:53:37 response :
------------

2018-05-28 15:57:37 trace :
------------
Array:
tousername : gh_0c02969f70a6 ;
fromusername : oSI4LjwxQbsad0i2s8N5h3JKZABw ;
createtime : 1527494257 ;
msgtype : event ;
event : VIEW ;
eventkey : http://zz.jhzh66.com/app/index.php?i=8&c=entry&eid=194 ;
menuid : 425602379 ;
from : oSI4LjwxQbsad0i2s8N5h3JKZABw ;
to : gh_0c02969f70a6 ;
time : 1527494257 ;
type : event ;

2018-05-28 15:57:37 params :
------------
Array:
rule : -2 ;
module :  ;
message : Array ;

2018-05-28 15:57:37 response :
------------

2018-05-28 15:57:38 trace :
------------
Array:
tousername : gh_0c02969f70a6 ;
fromusername : oSI4Lj97Jm2kdczJ4OHYMLb017pk ;
createtime : 1527494258 ;
msgtype : event ;
event : VIEW ;
eventkey : http://zz.jhzh66.com/app/index.php?i=8&c=entry&eid=194 ;
menuid : 425602379 ;
from : oSI4Lj97Jm2kdczJ4OHYMLb017pk ;
to : gh_0c02969f70a6 ;
time : 1527494258 ;
type : event ;

2018-05-28 15:57:38 params :
------------
Array:
rule : -2 ;
module :  ;
message : Array ;

2018-05-28 15:57:38 response :
------------

2018-05-28 15:58:25 trace :
------------
Array:
tousername : gh_0c02969f70a6 ;
fromusername : oSI4LjwxQbsad0i2s8N5h3JKZABw ;
createtime : 1527494304 ;
msgtype : event ;
event : VIEW ;
eventkey : http://zz.jhzh66.com/app/index.php?i=8&c=entry&eid=194 ;
menuid : 425602379 ;
from : oSI4LjwxQbsad0i2s8N5h3JKZABw ;
to : gh_0c02969f70a6 ;
time : 1527494304 ;
type : event ;

2018-05-28 15:58:25 params :
------------
Array:
rule : -2 ;
module :  ;
message : Array ;

2018-05-28 15:58:25 response :
------------

2018-05-28 15:58:41 trace :
------------
Array:
tousername : gh_0c02969f70a6 ;
fromusername : oSI4Lj3ohoEGflzKCTyD1bcO3Glw ;
createtime : 1527494321 ;
msgtype : event ;
event : VIEW ;
eventkey : http://zz.jhzh66.com/app/index.php?i=8&c=entry&eid=194 ;
menuid : 425602379 ;
from : oSI4Lj3ohoEGflzKCTyD1bcO3Glw ;
to : gh_0c02969f70a6 ;
time : 1527494321 ;
type : event ;

2018-05-28 15:58:41 params :
------------
Array:
rule : -2 ;
module :  ;
message : Array ;

2018-05-28 15:58:41 response :
------------

2018-05-28 15:58:45 trace :
------------
Array:
tousername : gh_0c02969f70a6 ;
fromusername : oSI4LjwxQbsad0i2s8N5h3JKZABw ;
createtime : 1527494325 ;
msgtype : event ;
event : VIEW ;
eventkey : http://zz.jhzh66.com/app/index.php?i=8&c=entry&eid=194 ;
menuid : 425602379 ;
from : oSI4LjwxQbsad0i2s8N5h3JKZABw ;
to : gh_0c02969f70a6 ;
time : 1527494325 ;
type : event ;

2018-05-28 15:58:45 params :
------------
Array:
rule : -2 ;
module :  ;
message : Array ;

2018-05-28 15:58:45 response :
------------

2018-05-28 16:00:25 trace :
------------
Array:
tousername : gh_0c02969f70a6 ;
fromusername : oSI4Ljy2NyxJm6zgYLdcBMzf1S24 ;
createtime : 1527494425 ;
msgtype : event ;
event : VIEW ;
eventkey : http://zz.jhzh66.com/app/index.php?i=8&c=entry&eid=194 ;
menuid : 425602379 ;
from : oSI4Ljy2NyxJm6zgYLdcBMzf1S24 ;
to : gh_0c02969f70a6 ;
time : 1527494425 ;
type : event ;

2018-05-28 16:00:25 params :
------------
Array:
rule : -2 ;
module :  ;
message : Array ;

2018-05-28 16:00:25 response :
------------

2018-05-28 16:04:45 trace :
------------
Array:
tousername : gh_0c02969f70a6 ;
fromusername : oSI4Ljwc0qtnK7pLRZ8GVT4zB9p0 ;
createtime : 1527494685 ;
msgtype : event ;
event : VIEW ;
eventkey : http://zz.jhzh66.com/app/index.php?i=8&c=entry&eid=194 ;
menuid : 425602379 ;
from : oSI4Ljwc0qtnK7pLRZ8GVT4zB9p0 ;
to : gh_0c02969f70a6 ;
time : 1527494685 ;
type : event ;

2018-05-28 16:04:45 params :
------------
Array:
rule : -2 ;
module :  ;
message : Array ;

2018-05-28 16:04:45 response :
------------

2018-05-28 16:04:59 trace :
------------
Array:
tousername : gh_0c02969f70a6 ;
fromusername : oSI4Lj97Jm2kdczJ4OHYMLb017pk ;
createtime : 1527494699 ;
msgtype : event ;
event : VIEW ;
eventkey : http://zz.jhzh66.com/app/index.php?i=8&c=entry&eid=198 ;
menuid : 425602379 ;
from : oSI4Lj97Jm2kdczJ4OHYMLb017pk ;
to : gh_0c02969f70a6 ;
time : 1527494699 ;
type : event ;

2018-05-28 16:04:59 params :
------------
Array:
rule : -2 ;
module :  ;
message : Array ;

2018-05-28 16:04:59 response :
------------

2018-05-28 16:05:16 trace :
------------
Array:
tousername : gh_0c02969f70a6 ;
fromusername : oSI4Ljy2NyxJm6zgYLdcBMzf1S24 ;
createtime : 1527494716 ;
msgtype : event ;
event : VIEW ;
eventkey : http://zz.jhzh66.com/app/index.php?i=8&c=entry&eid=194 ;
menuid : 425602379 ;
from : oSI4Ljy2NyxJm6zgYLdcBMzf1S24 ;
to : gh_0c02969f70a6 ;
time : 1527494716 ;
type : event ;

2018-05-28 16:05:16 params :
------------
Array:
rule : -2 ;
module :  ;
message : Array ;

2018-05-28 16:05:16 response :
------------

2018-05-28 16:05:18 trace :
------------
Array:
tousername : gh_0c02969f70a6 ;
fromusername : oSI4Lj77RpM__M2GXHdMDQ_Zs-RY ;
createtime : 1527494718 ;
msgtype : event ;
event : subscribe ;
eventkey : Array ;
from : oSI4Lj77RpM__M2GXHdMDQ_Zs-RY ;
to : gh_0c02969f70a6 ;
time : 1527494718 ;
type : subscribe ;

2018-05-28 16:05:18 params :
------------
Array:
rule : -2 ;
module :  ;
message : Array ;

2018-05-28 16:05:18 response :
------------

2018-05-28 16:05:21 trace :
------------
Array:
tousername : gh_0c02969f70a6 ;
fromusername : oSI4Lj77RpM__M2GXHdMDQ_Zs-RY ;
createtime : 1527494721 ;
msgtype : event ;
event : VIEW ;
eventkey : http://zz.jhzh66.com/app/index.php?i=8&c=entry&eid=194 ;
menuid : 425602379 ;
from : oSI4Lj77RpM__M2GXHdMDQ_Zs-RY ;
to : gh_0c02969f70a6 ;
time : 1527494721 ;
type : event ;

2018-05-28 16:05:21 params :
------------
Array:
rule : -2 ;
module :  ;
message : Array ;

2018-05-28 16:05:21 response :
------------

2018-05-28 16:06:29 trace :
------------
Array:
tousername : gh_0c02969f70a6 ;
fromusername : oSI4Lj77RpM__M2GXHdMDQ_Zs-RY ;
createtime : 1527494789 ;
msgtype : event ;
event : VIEW ;
eventkey : http://zz.jhzh66.com/app/index.php?i=8&c=site&a=site&do=detail&id=2 ;
menuid : 425602379 ;
from : oSI4Lj77RpM__M2GXHdMDQ_Zs-RY ;
to : gh_0c02969f70a6 ;
time : 1527494789 ;
type : event ;

2018-05-28 16:06:29 params :
------------
Array:
rule : -2 ;
module :  ;
message : Array ;

2018-05-28 16:06:29 response :
------------

2018-05-28 16:06:58 trace :
------------
Array:
tousername : gh_0c02969f70a6 ;
fromusername : oSI4Lj77RpM__M2GXHdMDQ_Zs-RY ;
createtime : 1527494818 ;
msgtype : event ;
event : VIEW ;
eventkey : http://zz.jhzh66.com/app/index.php?i=8&c=entry&eid=194 ;
menuid : 425602379 ;
from : oSI4Lj77RpM__M2GXHdMDQ_Zs-RY ;
to : gh_0c02969f70a6 ;
time : 1527494818 ;
type : event ;

2018-05-28 16:06:58 params :
------------
Array:
rule : -2 ;
module :  ;
message : Array ;

2018-05-28 16:06:58 response :
------------

2018-05-28 16:09:55 trace :
------------
Array:
tousername : gh_0c02969f70a6 ;
fromusername : oSI4Lj77RpM__M2GXHdMDQ_Zs-RY ;
createtime : 1527494995 ;
msgtype : event ;
event : VIEW ;
eventkey : http://zz.jhzh66.com/app/index.php?i=8&c=entry&eid=194 ;
menuid : 425602379 ;
from : oSI4Lj77RpM__M2GXHdMDQ_Zs-RY ;
to : gh_0c02969f70a6 ;
time : 1527494995 ;
type : event ;

2018-05-28 16:09:55 params :
------------
Array:
rule : -2 ;
module :  ;
message : Array ;

2018-05-28 16:09:55 response :
------------

2018-05-28 16:10:01 trace :
------------
Array:
tousername : gh_0c02969f70a6 ;
fromusername : oSI4LjwxQbsad0i2s8N5h3JKZABw ;
createtime : 1527495001 ;
msgtype : event ;
event : VIEW ;
eventkey : http://zz.jhzh66.com/app/index.php?i=8&c=entry&eid=194 ;
menuid : 425602379 ;
from : oSI4LjwxQbsad0i2s8N5h3JKZABw ;
to : gh_0c02969f70a6 ;
time : 1527495001 ;
type : event ;

2018-05-28 16:10:01 params :
------------
Array:
rule : -2 ;
module :  ;
message : Array ;

2018-05-28 16:10:01 response :
------------

2018-05-28 16:10:31 trace :
------------
Array:
tousername : gh_0c02969f70a6 ;
fromusername : oSI4Lj77RpM__M2GXHdMDQ_Zs-RY ;
createtime : 1527495031 ;
msgtype : event ;
event : VIEW ;
eventkey : http://zz.jhzh66.com/app/index.php?i=8&c=site&a=site&do=detail&id=2 ;
menuid : 425602379 ;
from : oSI4Lj77RpM__M2GXHdMDQ_Zs-RY ;
to : gh_0c02969f70a6 ;
time : 1527495031 ;
type : event ;

2018-05-28 16:10:31 params :
------------
Array:
rule : -2 ;
module :  ;
message : Array ;

2018-05-28 16:10:31 response :
------------

2018-05-28 16:10:53 trace :
------------
Array:
tousername : gh_0c02969f70a6 ;
fromusername : oSI4Lj77RpM__M2GXHdMDQ_Zs-RY ;
createtime : 1527495053 ;
msgtype : event ;
event : VIEW ;
eventkey : https://h.eqxiu.com/s/U4YBmmJj ;
menuid : 425602379 ;
from : oSI4Lj77RpM__M2GXHdMDQ_Zs-RY ;
to : gh_0c02969f70a6 ;
time : 1527495053 ;
type : event ;

2018-05-28 16:10:53 params :
------------
Array:
rule : -2 ;
module :  ;
message : Array ;

2018-05-28 16:10:53 response :
------------

2018-05-28 16:12:03 trace :
------------
Array:
tousername : gh_0c02969f70a6 ;
fromusername : oSI4Lj97Jm2kdczJ4OHYMLb017pk ;
createtime : 1527495123 ;
msgtype : event ;
event : VIEW ;
eventkey : http://zz.jhzh66.com/app/index.php?i=8&c=entry&eid=194 ;
menuid : 425602379 ;
from : oSI4Lj97Jm2kdczJ4OHYMLb017pk ;
to : gh_0c02969f70a6 ;
time : 1527495123 ;
type : event ;

2018-05-28 16:12:03 params :
------------
Array:
rule : -2 ;
module :  ;
message : Array ;

2018-05-28 16:12:03 response :
------------

2018-05-28 16:12:32 trace :
------------
Array:
tousername : gh_0c02969f70a6 ;
fromusername : oSI4Ljwc0qtnK7pLRZ8GVT4zB9p0 ;
createtime : 1527495152 ;
msgtype : event ;
event : VIEW ;
eventkey : http://zz.jhzh66.com/app/index.php?i=8&c=entry&eid=194 ;
menuid : 425602379 ;
from : oSI4Ljwc0qtnK7pLRZ8GVT4zB9p0 ;
to : gh_0c02969f70a6 ;
time : 1527495152 ;
type : event ;

2018-05-28 16:12:32 params :
------------
Array:
rule : -2 ;
module :  ;
message : Array ;

2018-05-28 16:12:32 response :
------------

2018-05-28 16:12:48 trace :
------------
Array:
tousername : gh_0c02969f70a6 ;
fromusername : oSI4Lj77RpM__M2GXHdMDQ_Zs-RY ;
createtime : 1527495168 ;
msgtype : event ;
event : VIEW ;
eventkey : http://zz.jhzh66.com/app/index.php?i=8&c=entry&eid=194 ;
menuid : 425602379 ;
from : oSI4Lj77RpM__M2GXHdMDQ_Zs-RY ;
to : gh_0c02969f70a6 ;
time : 1527495168 ;
type : event ;

2018-05-28 16:12:48 params :
------------
Array:
rule : -2 ;
module :  ;
message : Array ;

2018-05-28 16:12:48 response :
------------

2018-05-28 16:13:46 trace :
------------
Array:
tousername : gh_0c02969f70a6 ;
fromusername : oSI4Lj2wkg2n_JN-yauY6A4GH8V4 ;
createtime : 1527495226 ;
msgtype : event ;
event : CLICK ;
eventkey : 关注 ;
from : oSI4Lj2wkg2n_JN-yauY6A4GH8V4 ;
to : gh_0c02969f70a6 ;
time : 1527495226 ;
type : event ;

2018-05-28 16:14:19 trace :
------------
Array:
tousername : gh_0c02969f70a6 ;
fromusername : oSI4LjwxQbsad0i2s8N5h3JKZABw ;
createtime : 1527495259 ;
msgtype : event ;
event : VIEW ;
eventkey : http://zz.jhzh66.com/app/index.php?i=8&c=entry&eid=194 ;
menuid : 425602379 ;
from : oSI4LjwxQbsad0i2s8N5h3JKZABw ;
to : gh_0c02969f70a6 ;
time : 1527495259 ;
type : event ;

2018-05-28 16:14:19 params :
------------
Array:
rule : -2 ;
module :  ;
message : Array ;

2018-05-28 16:14:19 response :
------------

2018-05-28 16:17:13 trace :
------------
Array:
tousername : gh_0c02969f70a6 ;
fromusername : oSI4Lj1XXiGaY7rksk2_CIbk2DAw ;
createtime : 1527495432 ;
msgtype : event ;
event : SCAN ;
eventkey : a360befa95f8e830d75cf629e49b0b13 ;
ticket : gQFy8TwAAAAAAAAAAS5odHRwOi8vd2VpeGluLnFxLmNvbS9xLzAyM0hVNkFyOGU4YmYxMDAwME0wN1AAAgRk4c1aAwQAAAAA ;
from : oSI4Lj1XXiGaY7rksk2_CIbk2DAw ;
to : gh_0c02969f70a6 ;
time : 1527495432 ;
type : subscribe ;
scene : a360befa95f8e830d75cf629e49b0b13 ;

2018-05-28 16:17:16 trace :
------------
Array:
tousername : gh_0c02969f70a6 ;
fromusername : oSI4Ljy2NyxJm6zgYLdcBMzf1S24 ;
createtime : 1527495436 ;
msgtype : event ;
event : CLICK ;
eventkey : 关注 ;
from : oSI4Ljy2NyxJm6zgYLdcBMzf1S24 ;
to : gh_0c02969f70a6 ;
time : 1527495436 ;
type : event ;

2018-05-28 16:17:18 trace :
------------
Array:
tousername : gh_0c02969f70a6 ;
fromusername : oSI4Ljy2NyxJm6zgYLdcBMzf1S24 ;
createtime : 1527495438 ;
msgtype : event ;
event : VIEW ;
eventkey : http://zz.jhzh66.com/app/index.php?i=8&c=entry&eid=194 ;
menuid : 425602379 ;
from : oSI4Ljy2NyxJm6zgYLdcBMzf1S24 ;
to : gh_0c02969f70a6 ;
time : 1527495438 ;
type : event ;

2018-05-28 16:17:18 params :
------------
Array:
rule : -2 ;
module :  ;
message : Array ;

2018-05-28 16:17:18 response :
------------

2018-05-28 16:19:41 trace :
------------
Array:
tousername : gh_0c02969f70a6 ;
fromusername : oSI4Ljy2NyxJm6zgYLdcBMzf1S24 ;
createtime : 1527495580 ;
msgtype : event ;
event : VIEW ;
eventkey : http://zz.jhzh66.com/app/index.php?i=8&c=entry&eid=198 ;
menuid : 425602379 ;
from : oSI4Ljy2NyxJm6zgYLdcBMzf1S24 ;
to : gh_0c02969f70a6 ;
time : 1527495580 ;
type : event ;

2018-05-28 16:19:41 params :
------------
Array:
rule : -2 ;
module :  ;
message : Array ;

2018-05-28 16:19:41 response :
------------

2018-05-28 16:19:52 trace :
------------
Array:
tousername : gh_0c02969f70a6 ;
fromusername : oSI4Lj97Jm2kdczJ4OHYMLb017pk ;
createtime : 1527495591 ;
msgtype : event ;
event : VIEW ;
eventkey : http://zz.jhzh66.com/app/index.php?i=8&c=entry&eid=198 ;
menuid : 425602379 ;
from : oSI4Lj97Jm2kdczJ4OHYMLb017pk ;
to : gh_0c02969f70a6 ;
time : 1527495591 ;
type : event ;

2018-05-28 16:19:52 params :
------------
Array:
rule : -2 ;
module :  ;
message : Array ;

2018-05-28 16:19:52 response :
------------

2018-05-28 16:20:02 trace :
------------
Array:
tousername : gh_0c02969f70a6 ;
fromusername : oSI4Lj77RpM__M2GXHdMDQ_Zs-RY ;
createtime : 1527495602 ;
msgtype : event ;
event : VIEW ;
eventkey : http://zz.jhzh66.com/app/index.php?i=8&c=entry&eid=198 ;
menuid : 425602379 ;
from : oSI4Lj77RpM__M2GXHdMDQ_Zs-RY ;
to : gh_0c02969f70a6 ;
time : 1527495602 ;
type : event ;

2018-05-28 16:20:02 params :
------------
Array:
rule : -2 ;
module :  ;
message : Array ;

2018-05-28 16:20:02 response :
------------

2018-05-28 16:20:08 trace :
------------
Array:
tousername : gh_0c02969f70a6 ;
fromusername : oSI4Lj97Jm2kdczJ4OHYMLb017pk ;
createtime : 1527495608 ;
msgtype : event ;
event : VIEW ;
eventkey : http://zz.jhzh66.com/app/index.php?i=8&c=entry&eid=194 ;
menuid : 425602379 ;
from : oSI4Lj97Jm2kdczJ4OHYMLb017pk ;
to : gh_0c02969f70a6 ;
time : 1527495608 ;
type : event ;

2018-05-28 16:20:08 params :
------------
Array:
rule : -2 ;
module :  ;
message : Array ;

2018-05-28 16:20:08 response :
------------

2018-05-28 16:20:40 trace :
------------
Array:
tousername : gh_0c02969f70a6 ;
fromusername : oSI4Ljwc0qtnK7pLRZ8GVT4zB9p0 ;
createtime : 1527495640 ;
msgtype : event ;
event : VIEW ;
eventkey : http://zz.jhzh66.com/app/index.php?i=8&c=entry&eid=198 ;
menuid : 425602379 ;
from : oSI4Ljwc0qtnK7pLRZ8GVT4zB9p0 ;
to : gh_0c02969f70a6 ;
time : 1527495640 ;
type : event ;

2018-05-28 16:20:40 params :
------------
Array:
rule : -2 ;
module :  ;
message : Array ;

2018-05-28 16:20:40 response :
------------

2018-05-28 16:20:52 trace :
------------
Array:
tousername : gh_0c02969f70a6 ;
fromusername : oSI4Ljwc0qtnK7pLRZ8GVT4zB9p0 ;
createtime : 1527495652 ;
msgtype : event ;
event : VIEW ;
eventkey : http://zz.jhzh66.com/app/index.php?i=8&c=entry&eid=194 ;
menuid : 425602379 ;
from : oSI4Ljwc0qtnK7pLRZ8GVT4zB9p0 ;
to : gh_0c02969f70a6 ;
time : 1527495652 ;
type : event ;

2018-05-28 16:20:52 params :
------------
Array:
rule : -2 ;
module :  ;
message : Array ;

2018-05-28 16:20:52 response :
------------

2018-05-28 16:21:22 trace :
------------
Array:
tousername : gh_0c02969f70a6 ;
fromusername : oSI4Lj77RpM__M2GXHdMDQ_Zs-RY ;
createtime : 1527495682 ;
msgtype : event ;
event : VIEW ;
eventkey : http://zz.jhzh66.com/app/index.php?i=8&c=entry&eid=194 ;
menuid : 425602379 ;
from : oSI4Lj77RpM__M2GXHdMDQ_Zs-RY ;
to : gh_0c02969f70a6 ;
time : 1527495682 ;
type : event ;

2018-05-28 16:21:22 params :
------------
Array:
rule : -2 ;
module :  ;
message : Array ;

2018-05-28 16:21:22 response :
------------

2018-05-28 16:22:51 trace :
------------
Array:
tousername : gh_0c02969f70a6 ;
fromusername : oSI4LjwxQbsad0i2s8N5h3JKZABw ;
createtime : 1527495771 ;
msgtype : event ;
event : VIEW ;
eventkey : http://zz.jhzh66.com/app/index.php?i=8&c=entry&eid=194 ;
menuid : 425602379 ;
from : oSI4LjwxQbsad0i2s8N5h3JKZABw ;
to : gh_0c02969f70a6 ;
time : 1527495771 ;
type : event ;

2018-05-28 16:22:51 params :
------------
Array:
rule : -2 ;
module :  ;
message : Array ;

2018-05-28 16:22:51 response :
------------

2018-05-28 16:24:49 trace :
------------
Array:
tousername : gh_0c02969f70a6 ;
fromusername : oSI4Lj3ohoEGflzKCTyD1bcO3Glw ;
createtime : 1527495889 ;
msgtype : event ;
event : VIEW ;
eventkey : http://zz.jhzh66.com/app/index.php?i=8&c=entry&eid=198 ;
menuid : 425602379 ;
from : oSI4Lj3ohoEGflzKCTyD1bcO3Glw ;
to : gh_0c02969f70a6 ;
time : 1527495889 ;
type : event ;

2018-05-28 16:24:49 params :
------------
Array:
rule : -2 ;
module :  ;
message : Array ;

2018-05-28 16:24:49 response :
------------

2018-05-28 16:26:15 trace :
------------
Array:
tousername : gh_0c02969f70a6 ;
fromusername : oSI4Lj3ohoEGflzKCTyD1bcO3Glw ;
createtime : 1527495975 ;
msgtype : event ;
event : VIEW ;
eventkey : http://zz.jhzh66.com/app/index.php?i=8&c=entry&eid=194 ;
menuid : 425602379 ;
from : oSI4Lj3ohoEGflzKCTyD1bcO3Glw ;
to : gh_0c02969f70a6 ;
time : 1527495975 ;
type : event ;

2018-05-28 16:26:15 params :
------------
Array:
rule : -2 ;
module :  ;
message : Array ;

2018-05-28 16:26:15 response :
------------

2018-05-28 16:26:48 trace :
------------
Array:
tousername : gh_0c02969f70a6 ;
fromusername : oSI4Lj3ohoEGflzKCTyD1bcO3Glw ;
createtime : 1527496007 ;
msgtype : event ;
event : VIEW ;
eventkey : http://zz.jhzh66.com/app/index.php?i=8&c=entry&eid=194 ;
menuid : 425602379 ;
from : oSI4Lj3ohoEGflzKCTyD1bcO3Glw ;
to : gh_0c02969f70a6 ;
time : 1527496007 ;
type : event ;

2018-05-28 16:26:48 params :
------------
Array:
rule : -2 ;
module :  ;
message : Array ;

2018-05-28 16:26:48 response :
------------

2018-05-28 16:27:34 trace :
------------
Array:
tousername : gh_0c02969f70a6 ;
fromusername : oSI4Lj77RpM__M2GXHdMDQ_Zs-RY ;
createtime : 1527496054 ;
msgtype : event ;
event : VIEW ;
eventkey : http://zz.jhzh66.com/app/index.php?i=8&c=entry&eid=194 ;
menuid : 425602379 ;
from : oSI4Lj77RpM__M2GXHdMDQ_Zs-RY ;
to : gh_0c02969f70a6 ;
time : 1527496054 ;
type : event ;

2018-05-28 16:27:34 params :
------------
Array:
rule : -2 ;
module :  ;
message : Array ;

2018-05-28 16:27:34 response :
------------

2018-05-28 16:28:59 trace :
------------
Array:
tousername : gh_0c02969f70a6 ;
fromusername : oSI4Lj77RpM__M2GXHdMDQ_Zs-RY ;
createtime : 1527496139 ;
msgtype : event ;
event : VIEW ;
eventkey : http://zz.jhzh66.com/app/index.php?i=8&c=entry&eid=194 ;
menuid : 425602379 ;
from : oSI4Lj77RpM__M2GXHdMDQ_Zs-RY ;
to : gh_0c02969f70a6 ;
time : 1527496139 ;
type : event ;

2018-05-28 16:28:59 params :
------------
Array:
rule : -2 ;
module :  ;
message : Array ;

2018-05-28 16:28:59 response :
------------

2018-05-28 16:31:35 trace :
------------
Array:
tousername : gh_0c02969f70a6 ;
fromusername : oSI4Lj97Jm2kdczJ4OHYMLb017pk ;
createtime : 1527496295 ;
msgtype : event ;
event : VIEW ;
eventkey : http://zz.jhzh66.com/app/index.php?i=8&c=entry&eid=198 ;
menuid : 425602379 ;
from : oSI4Lj97Jm2kdczJ4OHYMLb017pk ;
to : gh_0c02969f70a6 ;
time : 1527496295 ;
type : event ;

2018-05-28 16:31:35 params :
------------
Array:
rule : -2 ;
module :  ;
message : Array ;

2018-05-28 16:31:35 response :
------------

2018-05-28 16:32:16 trace :
------------
Array:
tousername : gh_0c02969f70a6 ;
fromusername : oSI4LjwxQbsad0i2s8N5h3JKZABw ;
createtime : 1527496336 ;
msgtype : event ;
event : VIEW ;
eventkey : http://zz.jhzh66.com/app/index.php?i=8&c=entry&eid=194 ;
menuid : 425602379 ;
from : oSI4LjwxQbsad0i2s8N5h3JKZABw ;
to : gh_0c02969f70a6 ;
time : 1527496336 ;
type : event ;

2018-05-28 16:32:16 params :
------------
Array:
rule : -2 ;
module :  ;
message : Array ;

2018-05-28 16:32:16 response :
------------

2018-05-28 16:32:19 trace :
------------
Array:
tousername : gh_0c02969f70a6 ;
fromusername : oSI4LjwxQbsad0i2s8N5h3JKZABw ;
createtime : 1527496339 ;
msgtype : event ;
event : VIEW ;
eventkey : http://zz.jhzh66.com/app/index.php?i=8&c=entry&eid=194 ;
menuid : 425602379 ;
from : oSI4LjwxQbsad0i2s8N5h3JKZABw ;
to : gh_0c02969f70a6 ;
time : 1527496339 ;
type : event ;

2018-05-28 16:32:19 params :
------------
Array:
rule : -2 ;
module :  ;
message : Array ;

2018-05-28 16:32:19 response :
------------

2018-05-28 16:34:30 trace :
------------
Array:
tousername : gh_0c02969f70a6 ;
fromusername : oSI4Lj1XXiGaY7rksk2_CIbk2DAw ;
createtime : 1527496470 ;
msgtype : event ;
event : SCAN ;
eventkey : a360befa95f8e830d75cf629e49b0b13 ;
ticket : gQFy8TwAAAAAAAAAAS5odHRwOi8vd2VpeGluLnFxLmNvbS9xLzAyM0hVNkFyOGU4YmYxMDAwME0wN1AAAgRk4c1aAwQAAAAA ;
from : oSI4Lj1XXiGaY7rksk2_CIbk2DAw ;
to : gh_0c02969f70a6 ;
time : 1527496470 ;
type : subscribe ;
scene : a360befa95f8e830d75cf629e49b0b13 ;

2018-05-28 16:34:48 trace :
------------
Array:
tousername : gh_0c02969f70a6 ;
fromusername : oSI4Ljwc0qtnK7pLRZ8GVT4zB9p0 ;
createtime : 1527496488 ;
msgtype : event ;
event : VIEW ;
eventkey : http://zz.jhzh66.com/app/index.php?i=8&c=entry&eid=194 ;
menuid : 425602379 ;
from : oSI4Ljwc0qtnK7pLRZ8GVT4zB9p0 ;
to : gh_0c02969f70a6 ;
time : 1527496488 ;
type : event ;

2018-05-28 16:34:48 params :
------------
Array:
rule : -2 ;
module :  ;
message : Array ;

2018-05-28 16:34:48 response :
------------

2018-05-28 16:35:46 trace :
------------
Array:
tousername : gh_0c02969f70a6 ;
fromusername : oSI4Ljwc0qtnK7pLRZ8GVT4zB9p0 ;
createtime : 1527496546 ;
msgtype : event ;
event : VIEW ;
eventkey : http://zz.jhzh66.com/app/index.php?i=8&c=entry&eid=194 ;
menuid : 425602379 ;
from : oSI4Ljwc0qtnK7pLRZ8GVT4zB9p0 ;
to : gh_0c02969f70a6 ;
time : 1527496546 ;
type : event ;

2018-05-28 16:35:46 params :
------------
Array:
rule : -2 ;
module :  ;
message : Array ;

2018-05-28 16:35:46 response :
------------

2018-05-28 16:36:16 trace :
------------
Array:
tousername : gh_0c02969f70a6 ;
fromusername : oSI4Ljy2NyxJm6zgYLdcBMzf1S24 ;
createtime : 1527496576 ;
msgtype : event ;
event : CLICK ;
eventkey : 介绍 ;
from : oSI4Ljy2NyxJm6zgYLdcBMzf1S24 ;
to : gh_0c02969f70a6 ;
time : 1527496576 ;
type : event ;

2018-05-28 16:36:16 params :
------------
Array:
message : Array ;
module : basic ;
rule : 1013 ;
priority : 0 ;
keyword : Array ;

2018-05-28 16:36:16 response :
------------
Array:
FromUserName : gh_0c02969f70a6 ;
ToUserName : oSI4Ljy2NyxJm6zgYLdcBMzf1S24 ;
MsgType : text ;
Content : 易货联盟平台介绍 https://u.eqxiu.com/s/6szkjdIq   

代理商收益介绍 https://h.eqxiu.com/s/U4YBmmJj   

6月27-28日全国易货联盟商家对接峰会 https://b.eqxiu.com/s/nBIsBaiB ;

2018-05-28 16:36:22 trace :
------------
Array:
tousername : gh_0c02969f70a6 ;
fromusername : oSI4Ljy2NyxJm6zgYLdcBMzf1S24 ;
createtime : 1527496582 ;
msgtype : event ;
event : VIEW ;
eventkey : http://www.haolangtech.com/index.php/addon/HotActivity/HotActivity/leagueindex/id/1.html?from=groupmessage&isappinstalled=0 ;
menuid : 425602379 ;
from : oSI4Ljy2NyxJm6zgYLdcBMzf1S24 ;
to : gh_0c02969f70a6 ;
time : 1527496582 ;
type : event ;

2018-05-28 16:36:22 params :
------------
Array:
rule : -2 ;
module :  ;
message : Array ;

2018-05-28 16:36:22 response :
------------

2018-05-28 16:42:21 trace :
------------
Array:
tousername : gh_0c02969f70a6 ;
fromusername : oSI4Lj77RpM__M2GXHdMDQ_Zs-RY ;
createtime : 1527496941 ;
msgtype : event ;
event : VIEW ;
eventkey : http://zz.jhzh66.com/app/index.php?i=8&c=entry&eid=194 ;
menuid : 425602379 ;
from : oSI4Lj77RpM__M2GXHdMDQ_Zs-RY ;
to : gh_0c02969f70a6 ;
time : 1527496941 ;
type : event ;

2018-05-28 16:42:21 params :
------------
Array:
rule : -2 ;
module :  ;
message : Array ;

2018-05-28 16:42:21 response :
------------

2018-05-28 16:55:56 trace :
------------
Array:
tousername : gh_0c02969f70a6 ;
fromusername : oSI4LjyHUqsKQ2U6jJYcy4lCjBVA ;
createtime : 1527497756 ;
msgtype : event ;
event : VIEW ;
eventkey : http://zz.jhzh66.com/app/index.php?i=8&c=entry&eid=198 ;
menuid : 425602379 ;
from : oSI4LjyHUqsKQ2U6jJYcy4lCjBVA ;
to : gh_0c02969f70a6 ;
time : 1527497756 ;
type : event ;

2018-05-28 16:55:56 params :
------------
Array:
rule : -2 ;
module :  ;
message : Array ;

2018-05-28 16:55:56 response :
------------

2018-05-28 16:59:35 trace :
------------
Array:
tousername : gh_0c02969f70a6 ;
fromusername : oSI4Lj95EWi6-qifEuK2-xlggHx4 ;
createtime : 1527497975 ;
msgtype : event ;
event : VIEW ;
eventkey : http://zz.jhzh66.com/app/index.php?i=8&c=entry&eid=194 ;
menuid : 425602379 ;
from : oSI4Lj95EWi6-qifEuK2-xlggHx4 ;
to : gh_0c02969f70a6 ;
time : 1527497975 ;
type : event ;

2018-05-28 16:59:35 params :
------------
Array:
rule : -2 ;
module :  ;
message : Array ;

2018-05-28 16:59:35 response :
------------

2018-05-28 17:04:28 trace :
------------
Array:
tousername : gh_0c02969f70a6 ;
fromusername : oSI4Lj7JFXVF6MKnCbZya0E3XOJQ ;
createtime : 1527498268 ;
msgtype : event ;
event : subscribe ;
eventkey : qrscene_acb815a819dc928f0622423a4d3b5a77 ;
ticket : gQE18TwAAAAAAAAAAS5odHRwOi8vd2VpeGluLnFxLmNvbS9xLzAyUm5QYkFDOGU4YmYxMDAwMDAwN0wAAgRF8-taAwQAAAAA ;
from : oSI4Lj7JFXVF6MKnCbZya0E3XOJQ ;
to : gh_0c02969f70a6 ;
time : 1527498268 ;
type : subscribe ;
scene : acb815a819dc928f0622423a4d3b5a77 ;

2018-05-28 17:04:35 trace :
------------
Array:
tousername : gh_0c02969f70a6 ;
fromusername : oSI4Lj7JFXVF6MKnCbZya0E3XOJQ ;
createtime : 1527498275 ;
msgtype : event ;
event : VIEW ;
eventkey : http://zz.jhzh66.com/app/index.php?i=8&c=entry&eid=194 ;
menuid : 425602379 ;
from : oSI4Lj7JFXVF6MKnCbZya0E3XOJQ ;
to : gh_0c02969f70a6 ;
time : 1527498275 ;
type : event ;

2018-05-28 17:04:35 params :
------------
Array:
rule : -2 ;
module :  ;
message : Array ;

2018-05-28 17:04:35 response :
------------

2018-05-28 17:04:49 trace :
------------
Array:
tousername : gh_0c02969f70a6 ;
fromusername : oSI4Lj3qnS3HF9W2esqPd6lnJPwE ;
createtime : 1527498289 ;
msgtype : event ;
event : subscribe ;
eventkey : qrscene_acb815a819dc928f0622423a4d3b5a77 ;
ticket : gQE18TwAAAAAAAAAAS5odHRwOi8vd2VpeGluLnFxLmNvbS9xLzAyUm5QYkFDOGU4YmYxMDAwMDAwN0wAAgRF8-taAwQAAAAA ;
from : oSI4Lj3qnS3HF9W2esqPd6lnJPwE ;
to : gh_0c02969f70a6 ;
time : 1527498289 ;
type : subscribe ;
scene : acb815a819dc928f0622423a4d3b5a77 ;

2018-05-28 17:05:00 trace :
------------
Array:
tousername : gh_0c02969f70a6 ;
fromusername : oSI4Lj3qnS3HF9W2esqPd6lnJPwE ;
createtime : 1527498300 ;
msgtype : event ;
event : VIEW ;
eventkey : http://zz.jhzh66.com/app/index.php?i=8&c=entry&eid=194 ;
menuid : 425602379 ;
from : oSI4Lj3qnS3HF9W2esqPd6lnJPwE ;
to : gh_0c02969f70a6 ;
time : 1527498300 ;
type : event ;

2018-05-28 17:05:00 params :
------------
Array:
rule : -2 ;
module :  ;
message : Array ;

2018-05-28 17:05:00 response :
------------

2018-05-28 17:12:55 trace :
------------
Array:
tousername : gh_0c02969f70a6 ;
fromusername : oSI4Lj77RpM__M2GXHdMDQ_Zs-RY ;
createtime : 1527498775 ;
msgtype : event ;
event : VIEW ;
eventkey : http://zz.jhzh66.com/app/index.php?i=8&c=site&a=site&do=detail&id=2 ;
menuid : 425602379 ;
from : oSI4Lj77RpM__M2GXHdMDQ_Zs-RY ;
to : gh_0c02969f70a6 ;
time : 1527498775 ;
type : event ;

2018-05-28 17:12:55 params :
------------
Array:
rule : -2 ;
module :  ;
message : Array ;

2018-05-28 17:12:55 response :
------------

2018-05-28 17:17:23 trace :
------------
Array:
tousername : gh_0c02969f70a6 ;
fromusername : oSI4Lj77RpM__M2GXHdMDQ_Zs-RY ;
createtime : 1527499043 ;
msgtype : event ;
event : VIEW ;
eventkey : http://zz.jhzh66.com/app/index.php?i=8&c=entry&eid=194 ;
menuid : 425602379 ;
from : oSI4Lj77RpM__M2GXHdMDQ_Zs-RY ;
to : gh_0c02969f70a6 ;
time : 1527499043 ;
type : event ;

2018-05-28 17:17:23 params :
------------
Array:
rule : -2 ;
module :  ;
message : Array ;

2018-05-28 17:17:23 response :
------------

2018-05-28 17:32:55 trace :
------------
Array:
tousername : gh_0c02969f70a6 ;
fromusername : oSI4Lj77RpM__M2GXHdMDQ_Zs-RY ;
createtime : 1527499974 ;
msgtype : event ;
event : VIEW ;
eventkey : http://zz.jhzh66.com/app/index.php?i=8&c=entry&eid=198 ;
menuid : 425602379 ;
from : oSI4Lj77RpM__M2GXHdMDQ_Zs-RY ;
to : gh_0c02969f70a6 ;
time : 1527499974 ;
type : event ;

2018-05-28 17:32:55 params :
------------
Array:
rule : -2 ;
module :  ;
message : Array ;

2018-05-28 17:32:55 response :
------------

2018-05-28 17:35:16 trace :
------------
Array:
tousername : gh_0c02969f70a6 ;
fromusername : oSI4Ljy2NyxJm6zgYLdcBMzf1S24 ;
createtime : 1527500116 ;
msgtype : event ;
event : VIEW ;
eventkey : http://zz.jhzh66.com/app/index.php?i=8&c=entry&eid=194 ;
menuid : 425602379 ;
from : oSI4Ljy2NyxJm6zgYLdcBMzf1S24 ;
to : gh_0c02969f70a6 ;
time : 1527500116 ;
type : event ;

2018-05-28 17:35:16 params :
------------
Array:
rule : -2 ;
module :  ;
message : Array ;

2018-05-28 17:35:16 response :
------------

2018-05-28 17:38:38 trace :
------------
Array:
tousername : gh_0c02969f70a6 ;
fromusername : oSI4Lj3ohoEGflzKCTyD1bcO3Glw ;
createtime : 1527500318 ;
msgtype : event ;
event : VIEW ;
eventkey : http://zz.jhzh66.com/app/index.php?i=8&c=entry&eid=198 ;
menuid : 425602379 ;
from : oSI4Lj3ohoEGflzKCTyD1bcO3Glw ;
to : gh_0c02969f70a6 ;
time : 1527500318 ;
type : event ;

2018-05-28 17:38:38 params :
------------
Array:
rule : -2 ;
module :  ;
message : Array ;

2018-05-28 17:38:38 response :
------------

2018-05-28 17:38:51 trace :
------------
Array:
tousername : gh_0c02969f70a6 ;
fromusername : oSI4Lj3ohoEGflzKCTyD1bcO3Glw ;
createtime : 1527500331 ;
msgtype : event ;
event : VIEW ;
eventkey : http://zz.jhzh66.com/app/index.php?i=8&c=entry&eid=194 ;
menuid : 425602379 ;
from : oSI4Lj3ohoEGflzKCTyD1bcO3Glw ;
to : gh_0c02969f70a6 ;
time : 1527500331 ;
type : event ;

2018-05-28 17:38:51 params :
------------
Array:
rule : -2 ;
module :  ;
message : Array ;

2018-05-28 17:38:51 response :
------------

2018-05-28 17:40:52 trace :
------------
Array:
tousername : gh_0c02969f70a6 ;
fromusername : oSI4Lj3ohoEGflzKCTyD1bcO3Glw ;
createtime : 1527500451 ;
msgtype : event ;
event : VIEW ;
eventkey : http://zz.jhzh66.com/app/index.php?i=8&c=entry&eid=194 ;
menuid : 425602379 ;
from : oSI4Lj3ohoEGflzKCTyD1bcO3Glw ;
to : gh_0c02969f70a6 ;
time : 1527500451 ;
type : event ;

2018-05-28 17:40:52 params :
------------
Array:
rule : -2 ;
module :  ;
message : Array ;

2018-05-28 17:40:52 response :
------------

2018-05-28 19:20:34 trace :
------------
Array:
tousername : gh_0c02969f70a6 ;
fromusername : oSI4Lj0FvXHivaaeZ1i_t4zsdg1c ;
createtime : 1527506434 ;
msgtype : event ;
event : MASSSENDJOBFINISH ;
msgid : 1000000059 ;
status : send success ;
totalcount : 3075 ;
filtercount : 3075 ;
sentcount : 3075 ;
errorcount : 0 ;
copyrightcheckresult : Array ;
from : oSI4Lj0FvXHivaaeZ1i_t4zsdg1c ;
to : gh_0c02969f70a6 ;
time : 1527506434 ;
type : event ;

2018-05-28 19:20:34 params :
------------
Array:
rule : -2 ;
module :  ;
message : Array ;

2018-05-28 19:20:34 response :
------------

2018-05-28 19:22:25 trace :
------------
Array:
tousername : gh_0c02969f70a6 ;
fromusername : oSI4Lj97Jm2kdczJ4OHYMLb017pk ;
createtime : 1527506545 ;
msgtype : event ;
event : VIEW ;
eventkey : http://zz.jhzh66.com/app/index.php?i=8&c=entry&eid=194 ;
menuid : 425602379 ;
from : oSI4Lj97Jm2kdczJ4OHYMLb017pk ;
to : gh_0c02969f70a6 ;
time : 1527506545 ;
type : event ;

2018-05-28 19:22:25 params :
------------
Array:
rule : -2 ;
module :  ;
message : Array ;

2018-05-28 19:22:25 response :
------------

2018-05-28 19:23:28 trace :
------------
Array:
tousername : gh_0c02969f70a6 ;
fromusername : oSI4Lj8B8DHoXa3OZt4RGesqEV-w ;
createtime : 1527506608 ;
msgtype : event ;
event : VIEW ;
eventkey : http://zz.jhzh66.com/app/index.php?i=8&c=entry&eid=194 ;
menuid : 425602379 ;
from : oSI4Lj8B8DHoXa3OZt4RGesqEV-w ;
to : gh_0c02969f70a6 ;
time : 1527506608 ;
type : event ;

2018-05-28 19:23:28 params :
------------
Array:
rule : -2 ;
module :  ;
message : Array ;

2018-05-28 19:23:28 response :
------------

2018-05-28 19:23:46 trace :
------------
Array:
tousername : gh_0c02969f70a6 ;
fromusername : oSI4LjyHUqsKQ2U6jJYcy4lCjBVA ;
createtime : 1527506626 ;
msgtype : event ;
event : VIEW ;
eventkey : http://zz.jhzh66.com/app/index.php?i=8&c=entry&eid=198 ;
menuid : 425602379 ;
from : oSI4LjyHUqsKQ2U6jJYcy4lCjBVA ;
to : gh_0c02969f70a6 ;
time : 1527506626 ;
type : event ;

2018-05-28 19:23:46 params :
------------
Array:
rule : -2 ;
module :  ;
message : Array ;

2018-05-28 19:23:46 response :
------------

2018-05-28 19:24:07 trace :
------------
Array:
tousername : gh_0c02969f70a6 ;
fromusername : oSI4Lj2Yef0zxzFqreV4g3fl-vfI ;
createtime : 1527506647 ;
msgtype : event ;
event : VIEW ;
eventkey : http://zz.jhzh66.com/app/index.php?i=8&c=entry&eid=198 ;
menuid : 425602379 ;
from : oSI4Lj2Yef0zxzFqreV4g3fl-vfI ;
to : gh_0c02969f70a6 ;
time : 1527506647 ;
type : event ;

2018-05-28 19:24:07 params :
------------
Array:
rule : -2 ;
module :  ;
message : Array ;

2018-05-28 19:24:07 response :
------------

2018-05-28 19:26:28 trace :
------------
Array:
tousername : gh_0c02969f70a6 ;
fromusername : oSI4LjyX25iQf1vT3K6f_n1ZOUjQ ;
createtime : 1527506788 ;
msgtype : event ;
event : VIEW ;
eventkey : http://zz.jhzh66.com/app/index.php?i=8&c=entry&eid=198 ;
menuid : 425602379 ;
from : oSI4LjyX25iQf1vT3K6f_n1ZOUjQ ;
to : gh_0c02969f70a6 ;
time : 1527506788 ;
type : event ;

2018-05-28 19:26:28 params :
------------
Array:
rule : -2 ;
module :  ;
message : Array ;

2018-05-28 19:26:28 response :
------------

2018-05-28 19:26:30 trace :
------------
Array:
tousername : gh_0c02969f70a6 ;
fromusername : oSI4LjyHUqsKQ2U6jJYcy4lCjBVA ;
createtime : 1527506790 ;
msgtype : event ;
event : VIEW ;
eventkey : http://zz.jhzh66.com/app/index.php?i=8&c=entry&eid=198 ;
menuid : 425602379 ;
from : oSI4LjyHUqsKQ2U6jJYcy4lCjBVA ;
to : gh_0c02969f70a6 ;
time : 1527506790 ;
type : event ;

2018-05-28 19:26:30 params :
------------
Array:
rule : -2 ;
module :  ;
message : Array ;

2018-05-28 19:26:30 response :
------------

2018-05-28 19:26:32 trace :
------------
Array:
tousername : gh_0c02969f70a6 ;
fromusername : oSI4Ljy_qqX0qJSkBs990FVqcCeA ;
createtime : 1527506792 ;
msgtype : event ;
event : VIEW ;
eventkey : https://m.qlchat.com/live/320000044317761.htm ;
menuid : 425602379 ;
from : oSI4Ljy_qqX0qJSkBs990FVqcCeA ;
to : gh_0c02969f70a6 ;
time : 1527506792 ;
type : event ;

2018-05-28 19:26:32 params :
------------
Array:
rule : -2 ;
module :  ;
message : Array ;

2018-05-28 19:26:32 response :
------------

2018-05-28 19:26:40 trace :
------------
Array:
tousername : gh_0c02969f70a6 ;
fromusername : oSI4Ljx7sYkx5xFOzXW_u23dKnqI ;
createtime : 1527506800 ;
msgtype : event ;
event : VIEW ;
eventkey : http://zz.jhzh66.com/app/index.php?i=8&c=entry&eid=198 ;
menuid : 425602379 ;
from : oSI4Ljx7sYkx5xFOzXW_u23dKnqI ;
to : gh_0c02969f70a6 ;
time : 1527506800 ;
type : event ;

2018-05-28 19:26:40 params :
------------
Array:
rule : -2 ;
module :  ;
message : Array ;

2018-05-28 19:26:40 response :
------------

2018-05-28 19:26:54 trace :
------------
Array:
tousername : gh_0c02969f70a6 ;
fromusername : oSI4LjyX25iQf1vT3K6f_n1ZOUjQ ;
createtime : 1527506814 ;
msgtype : event ;
event : VIEW ;
eventkey : http://zz.jhzh66.com/app/index.php?i=8&c=entry&eid=194 ;
menuid : 425602379 ;
from : oSI4LjyX25iQf1vT3K6f_n1ZOUjQ ;
to : gh_0c02969f70a6 ;
time : 1527506814 ;
type : event ;

2018-05-28 19:26:54 params :
------------
Array:
rule : -2 ;
module :  ;
message : Array ;

2018-05-28 19:26:54 response :
------------

2018-05-28 19:27:22 trace :
------------
Array:
tousername : gh_0c02969f70a6 ;
fromusername : oSI4LjyX25iQf1vT3K6f_n1ZOUjQ ;
createtime : 1527506842 ;
msgtype : event ;
event : VIEW ;
eventkey : http://zz.jhzh66.com/app/index.php?i=8&c=entry&eid=194 ;
menuid : 425602379 ;
from : oSI4LjyX25iQf1vT3K6f_n1ZOUjQ ;
to : gh_0c02969f70a6 ;
time : 1527506842 ;
type : event ;

2018-05-28 19:27:22 params :
------------
Array:
rule : -2 ;
module :  ;
message : Array ;

2018-05-28 19:27:22 response :
------------

2018-05-28 19:30:33 trace :
------------
Array:
tousername : gh_0c02969f70a6 ;
fromusername : oSI4Lj0kH-d9xiiN4GyxN4X7H56c ;
createtime : 1527507033 ;
msgtype : event ;
event : CLICK ;
eventkey : 介绍 ;
from : oSI4Lj0kH-d9xiiN4GyxN4X7H56c ;
to : gh_0c02969f70a6 ;
time : 1527507033 ;
type : event ;

2018-05-28 19:30:33 params :
------------
Array:
message : Array ;
module : basic ;
rule : 1013 ;
priority : 0 ;
keyword : Array ;

2018-05-28 19:30:33 response :
------------
Array:
FromUserName : gh_0c02969f70a6 ;
ToUserName : oSI4Lj0kH-d9xiiN4GyxN4X7H56c ;
MsgType : text ;
Content : 易货联盟平台介绍 https://u.eqxiu.com/s/6szkjdIq   

代理商收益介绍 https://h.eqxiu.com/s/U4YBmmJj   

6月27-28日全国易货联盟商家对接峰会 https://b.eqxiu.com/s/nBIsBaiB ;

2018-05-28 19:30:43 trace :
------------
Array:
tousername : gh_0c02969f70a6 ;
fromusername : oSI4LjyHUqsKQ2U6jJYcy4lCjBVA ;
createtime : 1527507043 ;
msgtype : event ;
event : VIEW ;
eventkey : http://zz.jhzh66.com/app/index.php?i=8&c=entry&eid=198 ;
menuid : 425602379 ;
from : oSI4LjyHUqsKQ2U6jJYcy4lCjBVA ;
to : gh_0c02969f70a6 ;
time : 1527507043 ;
type : event ;

2018-05-28 19:30:43 params :
------------
Array:
rule : -2 ;
module :  ;
message : Array ;

2018-05-28 19:30:43 response :
------------

2018-05-28 19:30:52 trace :
------------
Array:
tousername : gh_0c02969f70a6 ;
fromusername : oSI4Lj93KPtAC10NinvVVJ9cnHGc ;
createtime : 1527507052 ;
msgtype : event ;
event : VIEW ;
eventkey : http://zz.jhzh66.com/app/index.php?i=8&c=entry&eid=198 ;
menuid : 425602379 ;
from : oSI4Lj93KPtAC10NinvVVJ9cnHGc ;
to : gh_0c02969f70a6 ;
time : 1527507052 ;
type : event ;

2018-05-28 19:30:52 params :
------------
Array:
rule : -2 ;
module :  ;
message : Array ;

2018-05-28 19:30:52 response :
------------

2018-05-28 19:31:24 trace :
------------
Array:
tousername : gh_0c02969f70a6 ;
fromusername : oSI4Lj93KPtAC10NinvVVJ9cnHGc ;
createtime : 1527507084 ;
msgtype : event ;
event : VIEW ;
eventkey : http://zz.jhzh66.com/app/index.php?i=8&c=entry&eid=194 ;
menuid : 425602379 ;
from : oSI4Lj93KPtAC10NinvVVJ9cnHGc ;
to : gh_0c02969f70a6 ;
time : 1527507084 ;
type : event ;

2018-05-28 19:31:24 params :
------------
Array:
rule : -2 ;
module :  ;
message : Array ;

2018-05-28 19:31:24 response :
------------

2018-05-28 19:31:44 trace :
------------
Array:
tousername : gh_0c02969f70a6 ;
fromusername : oSI4Lj93KPtAC10NinvVVJ9cnHGc ;
createtime : 1527507104 ;
msgtype : event ;
event : CLICK ;
eventkey : 介绍 ;
from : oSI4Lj93KPtAC10NinvVVJ9cnHGc ;
to : gh_0c02969f70a6 ;
time : 1527507104 ;
type : event ;

2018-05-28 19:31:44 params :
------------
Array:
message : Array ;
module : basic ;
rule : 1013 ;
priority : 0 ;
keyword : Array ;

2018-05-28 19:31:44 response :
------------
Array:
FromUserName : gh_0c02969f70a6 ;
ToUserName : oSI4Lj93KPtAC10NinvVVJ9cnHGc ;
MsgType : text ;
Content : 易货联盟平台介绍 https://u.eqxiu.com/s/6szkjdIq   

代理商收益介绍 https://h.eqxiu.com/s/U4YBmmJj   

6月27-28日全国易货联盟商家对接峰会 https://b.eqxiu.com/s/nBIsBaiB ;

2018-05-28 19:31:50 trace :
------------
Array:
tousername : gh_0c02969f70a6 ;
fromusername : oSI4Lj93KPtAC10NinvVVJ9cnHGc ;
createtime : 1527507110 ;
msgtype : event ;
event : VIEW ;
eventkey : https://h.eqxiu.com/s/U4YBmmJj ;
menuid : 425602379 ;
from : oSI4Lj93KPtAC10NinvVVJ9cnHGc ;
to : gh_0c02969f70a6 ;
time : 1527507110 ;
type : event ;

2018-05-28 19:31:50 params :
------------
Array:
rule : -2 ;
module :  ;
message : Array ;

2018-05-28 19:31:50 response :
------------

2018-05-28 19:32:53 trace :
------------
Array:
tousername : gh_0c02969f70a6 ;
fromusername : oSI4Lj83dSyaMpvAv-9IVd9UEEJ0 ;
createtime : 1527507172 ;
msgtype : event ;
event : CLICK ;
eventkey : 介绍 ;
from : oSI4Lj83dSyaMpvAv-9IVd9UEEJ0 ;
to : gh_0c02969f70a6 ;
time : 1527507172 ;
type : event ;

2018-05-28 19:32:53 params :
------------
Array:
message : Array ;
module : basic ;
rule : 1013 ;
priority : 0 ;
keyword : Array ;

2018-05-28 19:32:53 response :
------------
Array:
FromUserName : gh_0c02969f70a6 ;
ToUserName : oSI4Lj83dSyaMpvAv-9IVd9UEEJ0 ;
MsgType : text ;
Content : 易货联盟平台介绍 https://u.eqxiu.com/s/6szkjdIq   

代理商收益介绍 https://h.eqxiu.com/s/U4YBmmJj   

6月27-28日全国易货联盟商家对接峰会 https://b.eqxiu.com/s/nBIsBaiB ;

2018-05-28 19:34:04 trace :
------------
Array:
tousername : gh_0c02969f70a6 ;
fromusername : oSI4LjxMKL3VOxfVIgiWDPhkPkoc ;
createtime : 1527507244 ;
msgtype : event ;
event : VIEW ;
eventkey : http://zz.jhzh66.com/app/index.php?i=8&c=entry&eid=194 ;
menuid : 425602379 ;
from : oSI4LjxMKL3VOxfVIgiWDPhkPkoc ;
to : gh_0c02969f70a6 ;
time : 1527507244 ;
type : event ;

2018-05-28 19:34:04 params :
------------
Array:
rule : -2 ;
module :  ;
message : Array ;

2018-05-28 19:34:04 response :
------------

2018-05-28 19:35:46 trace :
------------
Array:
tousername : gh_0c02969f70a6 ;
fromusername : oSI4Lj2C9XQcDTo5mOA1Sk5b4MlU ;
createtime : 1527507346 ;
msgtype : event ;
event : CLICK ;
eventkey : 介绍 ;
from : oSI4Lj2C9XQcDTo5mOA1Sk5b4MlU ;
to : gh_0c02969f70a6 ;
time : 1527507346 ;
type : event ;

2018-05-28 19:35:46 params :
------------
Array:
message : Array ;
module : basic ;
rule : 1013 ;
priority : 0 ;
keyword : Array ;

2018-05-28 19:35:46 response :
------------
Array:
FromUserName : gh_0c02969f70a6 ;
ToUserName : oSI4Lj2C9XQcDTo5mOA1Sk5b4MlU ;
MsgType : text ;
Content : 易货联盟平台介绍 https://u.eqxiu.com/s/6szkjdIq   

代理商收益介绍 https://h.eqxiu.com/s/U4YBmmJj   

6月27-28日全国易货联盟商家对接峰会 https://b.eqxiu.com/s/nBIsBaiB ;

2018-05-28 19:37:46 trace :
------------
Array:
tousername : gh_0c02969f70a6 ;
fromusername : oSI4Lj6xtev5lUl65a3gJFDyrd_M ;
createtime : 1527507466 ;
msgtype : event ;
event : VIEW ;
eventkey : http://zz.jhzh66.com/app/index.php?i=8&c=entry&eid=194 ;
menuid : 425602379 ;
from : oSI4Lj6xtev5lUl65a3gJFDyrd_M ;
to : gh_0c02969f70a6 ;
time : 1527507466 ;
type : event ;

2018-05-28 19:37:46 params :
------------
Array:
rule : -2 ;
module :  ;
message : Array ;

2018-05-28 19:37:46 response :
------------

2018-05-28 19:38:51 trace :
------------
Array:
tousername : gh_0c02969f70a6 ;
fromusername : oSI4Lj_3HZ_rGPHDJWRTUHOXx7lY ;
createtime : 1527507531 ;
msgtype : event ;
event : VIEW ;
eventkey : http://zz.jhzh66.com/app/index.php?i=8&c=site&a=site&do=detail&id=2 ;
menuid : 425602379 ;
from : oSI4Lj_3HZ_rGPHDJWRTUHOXx7lY ;
to : gh_0c02969f70a6 ;
time : 1527507531 ;
type : event ;

2018-05-28 19:38:51 params :
------------
Array:
rule : -2 ;
module :  ;
message : Array ;

2018-05-28 19:38:51 response :
------------

2018-05-28 19:39:12 trace :
------------
Array:
tousername : gh_0c02969f70a6 ;
fromusername : oSI4Lj_3HZ_rGPHDJWRTUHOXx7lY ;
createtime : 1527507552 ;
msgtype : event ;
event : VIEW ;
eventkey : http://zz.jhzh66.com/app/index.php?i=8&c=entry&eid=194 ;
menuid : 425602379 ;
from : oSI4Lj_3HZ_rGPHDJWRTUHOXx7lY ;
to : gh_0c02969f70a6 ;
time : 1527507552 ;
type : event ;

2018-05-28 19:39:12 params :
------------
Array:
rule : -2 ;
module :  ;
message : Array ;

2018-05-28 19:39:12 response :
------------

2018-05-28 19:41:29 trace :
------------
Array:
tousername : gh_0c02969f70a6 ;
fromusername : oSI4Lj93KPtAC10NinvVVJ9cnHGc ;
createtime : 1527507689 ;
msgtype : event ;
event : CLICK ;
eventkey : 关注 ;
from : oSI4Lj93KPtAC10NinvVVJ9cnHGc ;
to : gh_0c02969f70a6 ;
time : 1527507689 ;
type : event ;

2018-05-28 19:41:37 trace :
------------
Array:
tousername : gh_0c02969f70a6 ;
fromusername : oSI4Lj93KPtAC10NinvVVJ9cnHGc ;
createtime : 1527507697 ;
msgtype : event ;
event : CLICK ;
eventkey : 关注 ;
from : oSI4Lj93KPtAC10NinvVVJ9cnHGc ;
to : gh_0c02969f70a6 ;
time : 1527507697 ;
type : event ;

2018-05-28 19:42:17 trace :
------------
Array:
tousername : gh_0c02969f70a6 ;
fromusername : oSI4Lj3Qf1ZvcEH4gLXvhaNZGE_k ;
createtime : 1527507737 ;
msgtype : event ;
event : VIEW ;
eventkey : http://zz.jhzh66.com/app/index.php?i=8&c=entry&eid=194 ;
menuid : 425602379 ;
from : oSI4Lj3Qf1ZvcEH4gLXvhaNZGE_k ;
to : gh_0c02969f70a6 ;
time : 1527507737 ;
type : event ;

2018-05-28 19:42:17 params :
------------
Array:
rule : -2 ;
module :  ;
message : Array ;

2018-05-28 19:42:17 response :
------------

2018-05-28 19:43:11 trace :
------------
Array:
tousername : gh_0c02969f70a6 ;
fromusername : oSI4Lj0SId1vs5t4cmD6y9Ukvqzo ;
createtime : 1527507791 ;
msgtype : event ;
event : CLICK ;
eventkey : 关注 ;
from : oSI4Lj0SId1vs5t4cmD6y9Ukvqzo ;
to : gh_0c02969f70a6 ;
time : 1527507791 ;
type : event ;

2018-05-28 19:46:42 trace :
------------
Array:
tousername : gh_0c02969f70a6 ;
fromusername : oSI4Lj91j6AOOr8WY1pSMFDQcmKw ;
createtime : 1527508002 ;
msgtype : event ;
event : VIEW ;
eventkey : http://zz.jhzh66.com/app/index.php?i=8&c=entry&eid=194 ;
menuid : 425602379 ;
from : oSI4Lj91j6AOOr8WY1pSMFDQcmKw ;
to : gh_0c02969f70a6 ;
time : 1527508002 ;
type : event ;

2018-05-28 19:46:42 params :
------------
Array:
rule : -2 ;
module :  ;
message : Array ;

2018-05-28 19:46:42 response :
------------

2018-05-28 19:47:03 trace :
------------
Array:
tousername : gh_0c02969f70a6 ;
fromusername : oSI4Lj5x3HPGG9m9JgWmKDhMPPac ;
createtime : 1527508023 ;
msgtype : event ;
event : subscribe ;
eventkey : Array ;
from : oSI4Lj5x3HPGG9m9JgWmKDhMPPac ;
to : gh_0c02969f70a6 ;
time : 1527508023 ;
type : subscribe ;

2018-05-28 19:47:03 params :
------------
Array:
rule : -2 ;
module :  ;
message : Array ;

2018-05-28 19:47:03 response :
------------

2018-05-28 19:47:08 trace :
------------
Array:
tousername : gh_0c02969f70a6 ;
fromusername : oSI4Lj5x3HPGG9m9JgWmKDhMPPac ;
createtime : 1527508028 ;
msgtype : event ;
event : VIEW ;
eventkey : http://www.haolangtech.com/index.php/addon/HotActivity/HotActivity/leagueindex/id/1.html?from=groupmessage&isappinstalled=0 ;
menuid : 425602379 ;
from : oSI4Lj5x3HPGG9m9JgWmKDhMPPac ;
to : gh_0c02969f70a6 ;
time : 1527508028 ;
type : event ;

2018-05-28 19:47:08 params :
------------
Array:
rule : -2 ;
module :  ;
message : Array ;

2018-05-28 19:47:08 response :
------------

2018-05-28 19:51:40 trace :
------------
Array:
tousername : gh_0c02969f70a6 ;
fromusername : oSI4Lj43f-V4lAJGxPfj2-tMxt1I ;
createtime : 1527508300 ;
msgtype : event ;
event : VIEW ;
eventkey : http://zz.jhzh66.com/app/index.php?i=8&c=entry&eid=194 ;
menuid : 425602379 ;
from : oSI4Lj43f-V4lAJGxPfj2-tMxt1I ;
to : gh_0c02969f70a6 ;
time : 1527508300 ;
type : event ;

2018-05-28 19:51:40 params :
------------
Array:
rule : -2 ;
module :  ;
message : Array ;

2018-05-28 19:51:40 response :
------------

2018-05-28 19:52:34 trace :
------------
Array:
tousername : gh_0c02969f70a6 ;
fromusername : oSI4Lj61cNqZ2u3iIxwOYG1mPHz4 ;
createtime : 1527508354 ;
msgtype : event ;
event : VIEW ;
eventkey : http://zz.jhzh66.com/app/index.php?i=8&c=entry&eid=194 ;
menuid : 425602379 ;
from : oSI4Lj61cNqZ2u3iIxwOYG1mPHz4 ;
to : gh_0c02969f70a6 ;
time : 1527508354 ;
type : event ;

2018-05-28 19:52:34 params :
------------
Array:
rule : -2 ;
module :  ;
message : Array ;

2018-05-28 19:52:34 response :
------------

2018-05-28 19:55:17 trace :
------------
Array:
tousername : gh_0c02969f70a6 ;
fromusername : oSI4Lj03Bm6PdWKPCf_DAlc_yh-Q ;
createtime : 1527508516 ;
msgtype : event ;
event : VIEW ;
eventkey : http://zz.jhzh66.com/app/index.php?i=8&c=entry&eid=198 ;
menuid : 425602379 ;
from : oSI4Lj03Bm6PdWKPCf_DAlc_yh-Q ;
to : gh_0c02969f70a6 ;
time : 1527508516 ;
type : event ;

2018-05-28 19:55:17 params :
------------
Array:
rule : -2 ;
module :  ;
message : Array ;

2018-05-28 19:55:17 response :
------------

2018-05-28 20:04:10 trace :
------------
Array:
tousername : gh_0c02969f70a6 ;
fromusername : oSI4Lj1n1DqiQp4ny9-h7ubZHgl8 ;
createtime : 1527509050 ;
msgtype : event ;
event : VIEW ;
eventkey : http://zz.jhzh66.com/app/index.php?i=8&c=entry&eid=198 ;
menuid : 425602379 ;
from : oSI4Lj1n1DqiQp4ny9-h7ubZHgl8 ;
to : gh_0c02969f70a6 ;
time : 1527509050 ;
type : event ;

2018-05-28 20:04:10 params :
------------
Array:
rule : -2 ;
module :  ;
message : Array ;

2018-05-28 20:04:10 response :
------------

2018-05-28 20:20:40 trace :
------------
Array:
tousername : gh_0c02969f70a6 ;
fromusername : oSI4Lj5aJ2WDBctsNcXYXNmm_x8E ;
createtime : 1527510040 ;
msgtype : event ;
event : VIEW ;
eventkey : https://h.eqxiu.com/s/U4YBmmJj ;
menuid : 425602379 ;
from : oSI4Lj5aJ2WDBctsNcXYXNmm_x8E ;
to : gh_0c02969f70a6 ;
time : 1527510040 ;
type : event ;

2018-05-28 20:20:40 params :
------------
Array:
rule : -2 ;
module :  ;
message : Array ;

2018-05-28 20:20:40 response :
------------

2018-05-28 20:21:30 trace :
------------
Array:
tousername : gh_0c02969f70a6 ;
fromusername : oSI4Lj5aJ2WDBctsNcXYXNmm_x8E ;
createtime : 1527510090 ;
msgtype : event ;
event : CLICK ;
eventkey : 关注 ;
from : oSI4Lj5aJ2WDBctsNcXYXNmm_x8E ;
to : gh_0c02969f70a6 ;
time : 1527510090 ;
type : event ;

2018-05-28 20:22:03 trace :
------------
Array:
tousername : gh_0c02969f70a6 ;
fromusername : oSI4Lj5aJ2WDBctsNcXYXNmm_x8E ;
createtime : 1527510123 ;
msgtype : event ;
event : SCAN ;
eventkey : 87b466aff052c784cc4168f2374d7c9e ;
ticket : gQH-8DwAAAAAAAAAAS5odHRwOi8vd2VpeGluLnFxLmNvbS9xLzAybUdFWkJVOGU4YmYxMDAwME0wN1kAAgRL9AtbAwQAAAAA ;
from : oSI4Lj5aJ2WDBctsNcXYXNmm_x8E ;
to : gh_0c02969f70a6 ;
time : 1527510123 ;
type : subscribe ;
scene : 87b466aff052c784cc4168f2374d7c9e ;

2018-05-28 20:22:07 trace :
------------
Array:
tousername : gh_0c02969f70a6 ;
fromusername : oSI4Lj5aJ2WDBctsNcXYXNmm_x8E ;
createtime : 1527510127 ;
msgtype : event ;
event : VIEW ;
eventkey : http://zz.jhzh66.com/app/index.php?i=8&c=entry&eid=198 ;
menuid : 425602379 ;
from : oSI4Lj5aJ2WDBctsNcXYXNmm_x8E ;
to : gh_0c02969f70a6 ;
time : 1527510127 ;
type : event ;

2018-05-28 20:22:07 params :
------------
Array:
rule : -2 ;
module :  ;
message : Array ;

2018-05-28 20:22:07 response :
------------

2018-05-28 20:37:00 trace :
------------
Array:
tousername : gh_0c02969f70a6 ;
fromusername : oSI4Ljx7sYkx5xFOzXW_u23dKnqI ;
createtime : 1527511020 ;
msgtype : event ;
event : VIEW ;
eventkey : http://zz.jhzh66.com/app/index.php?i=8&c=entry&eid=194 ;
menuid : 425602379 ;
from : oSI4Ljx7sYkx5xFOzXW_u23dKnqI ;
to : gh_0c02969f70a6 ;
time : 1527511020 ;
type : event ;

2018-05-28 20:37:00 params :
------------
Array:
rule : -2 ;
module :  ;
message : Array ;

2018-05-28 20:37:00 response :
------------

2018-05-28 20:37:23 trace :
------------
Array:
tousername : gh_0c02969f70a6 ;
fromusername : oSI4Ljx7sYkx5xFOzXW_u23dKnqI ;
createtime : 1527511043 ;
msgtype : event ;
event : VIEW ;
eventkey : http://zz.jhzh66.com/app/index.php?i=8&c=entry&eid=198 ;
menuid : 425602379 ;
from : oSI4Ljx7sYkx5xFOzXW_u23dKnqI ;
to : gh_0c02969f70a6 ;
time : 1527511043 ;
type : event ;

2018-05-28 20:37:23 params :
------------
Array:
rule : -2 ;
module :  ;
message : Array ;

2018-05-28 20:37:23 response :
------------

2018-05-28 20:40:39 trace :
------------
Array:
tousername : gh_0c02969f70a6 ;
fromusername : oSI4Lj5kFmcsWnriNTkJ2_oKc8Vg ;
createtime : 1527511239 ;
msgtype : event ;
event : VIEW ;
eventkey : http://zz.jhzh66.com/app/index.php?i=8&c=entry&eid=194 ;
menuid : 425602379 ;
from : oSI4Lj5kFmcsWnriNTkJ2_oKc8Vg ;
to : gh_0c02969f70a6 ;
time : 1527511239 ;
type : event ;

2018-05-28 20:40:39 params :
------------
Array:
rule : -2 ;
module :  ;
message : Array ;

2018-05-28 20:40:39 response :
------------

2018-05-28 20:52:39 trace :
------------
Array:
tousername : gh_0c02969f70a6 ;
fromusername : oSI4LjzTrPj2dOrGIb_dcsOQx8Mo ;
createtime : 1527511959 ;
msgtype : event ;
event : VIEW ;
eventkey : http://www.haolangtech.com/index.php/addon/HotActivity/HotActivity/leagueindex/id/1.html?from=groupmessage&isappinstalled=0 ;
menuid : 425602379 ;
from : oSI4LjzTrPj2dOrGIb_dcsOQx8Mo ;
to : gh_0c02969f70a6 ;
time : 1527511959 ;
type : event ;

2018-05-28 20:52:39 params :
------------
Array:
rule : -2 ;
module :  ;
message : Array ;

2018-05-28 20:52:39 response :
------------

2018-05-28 20:57:54 trace :
------------
Array:
tousername : gh_0c02969f70a6 ;
fromusername : oSI4Lj_ScEmdS54e3QebIjPK0Nss ;
createtime : 1527512274 ;
msgtype : event ;
event : subscribe ;
eventkey : Array ;
from : oSI4Lj_ScEmdS54e3QebIjPK0Nss ;
to : gh_0c02969f70a6 ;
time : 1527512274 ;
type : subscribe ;

2018-05-28 20:57:54 params :
------------
Array:
rule : -2 ;
module :  ;
message : Array ;

2018-05-28 20:57:54 response :
------------

2018-05-28 20:58:00 trace :
------------
Array:
tousername : gh_0c02969f70a6 ;
fromusername : oSI4Lj_ScEmdS54e3QebIjPK0Nss ;
createtime : 1527512280 ;
msgtype : event ;
event : CLICK ;
eventkey : 介绍 ;
from : oSI4Lj_ScEmdS54e3QebIjPK0Nss ;
to : gh_0c02969f70a6 ;
time : 1527512280 ;
type : event ;

2018-05-28 20:58:00 params :
------------
Array:
message : Array ;
module : basic ;
rule : 1013 ;
priority : 0 ;
keyword : Array ;

2018-05-28 20:58:00 response :
------------
Array:
FromUserName : gh_0c02969f70a6 ;
ToUserName : oSI4Lj_ScEmdS54e3QebIjPK0Nss ;
MsgType : text ;
Content : 易货联盟平台介绍 https://u.eqxiu.com/s/6szkjdIq   

代理商收益介绍 https://h.eqxiu.com/s/U4YBmmJj   

6月27-28日全国易货联盟商家对接峰会 https://b.eqxiu.com/s/nBIsBaiB ;

2018-05-28 21:02:43 trace :
------------
Array:
tousername : gh_0c02969f70a6 ;
fromusername : oSI4Lj_ScEmdS54e3QebIjPK0Nss ;
createtime : 1527512563 ;
msgtype : event ;
event : VIEW ;
eventkey : http://zz.jhzh66.com/app/index.php?i=8&c=entry&eid=194 ;
menuid : 425602379 ;
from : oSI4Lj_ScEmdS54e3QebIjPK0Nss ;
to : gh_0c02969f70a6 ;
time : 1527512563 ;
type : event ;

2018-05-28 21:02:43 params :
------------
Array:
rule : -2 ;
module :  ;
message : Array ;

2018-05-28 21:02:43 response :
------------

2018-05-28 21:03:47 trace :
------------
Array:
tousername : gh_0c02969f70a6 ;
fromusername : oSI4Lj0FHOG5yTdk0dQqRG-feI3E ;
createtime : 1527512627 ;
msgtype : event ;
event : CLICK ;
eventkey : 介绍 ;
from : oSI4Lj0FHOG5yTdk0dQqRG-feI3E ;
to : gh_0c02969f70a6 ;
time : 1527512627 ;
type : event ;

2018-05-28 21:03:47 params :
------------
Array:
message : Array ;
module : basic ;
rule : 1013 ;
priority : 0 ;
keyword : Array ;

2018-05-28 21:03:47 response :
------------
Array:
FromUserName : gh_0c02969f70a6 ;
ToUserName : oSI4Lj0FHOG5yTdk0dQqRG-feI3E ;
MsgType : text ;
Content : 易货联盟平台介绍 https://u.eqxiu.com/s/6szkjdIq   

代理商收益介绍 https://h.eqxiu.com/s/U4YBmmJj   

6月27-28日全国易货联盟商家对接峰会 https://b.eqxiu.com/s/nBIsBaiB ;

2018-05-28 21:15:35 trace :
------------
Array:
tousername : gh_0c02969f70a6 ;
fromusername : oSI4Lj_ScEmdS54e3QebIjPK0Nss ;
createtime : 1527513335 ;
msgtype : event ;
event : VIEW ;
eventkey : http://zz.jhzh66.com/app/index.php?i=8&c=entry&eid=194 ;
menuid : 425602379 ;
from : oSI4Lj_ScEmdS54e3QebIjPK0Nss ;
to : gh_0c02969f70a6 ;
time : 1527513335 ;
type : event ;

2018-05-28 21:15:35 params :
------------
Array:
rule : -2 ;
module :  ;
message : Array ;

2018-05-28 21:15:35 response :
------------

2018-05-28 21:15:41 trace :
------------
Array:
tousername : gh_0c02969f70a6 ;
fromusername : oSI4Lj_ScEmdS54e3QebIjPK0Nss ;
createtime : 1527513341 ;
msgtype : event ;
event : VIEW ;
eventkey : https://m.qlchat.com/live/320000044317761.htm ;
menuid : 425602379 ;
from : oSI4Lj_ScEmdS54e3QebIjPK0Nss ;
to : gh_0c02969f70a6 ;
time : 1527513341 ;
type : event ;

2018-05-28 21:15:41 params :
------------
Array:
rule : -2 ;
module :  ;
message : Array ;

2018-05-28 21:15:41 response :
------------

2018-05-28 21:16:36 trace :
------------
Array:
tousername : gh_0c02969f70a6 ;
fromusername : oSI4Lj_ScEmdS54e3QebIjPK0Nss ;
createtime : 1527513396 ;
msgtype : event ;
event : VIEW ;
eventkey : https://m.qlchat.com/live/320000044317761.htm ;
menuid : 425602379 ;
from : oSI4Lj_ScEmdS54e3QebIjPK0Nss ;
to : gh_0c02969f70a6 ;
time : 1527513396 ;
type : event ;

2018-05-28 21:16:36 params :
------------
Array:
rule : -2 ;
module :  ;
message : Array ;

2018-05-28 21:16:36 response :
------------

2018-05-28 21:20:11 trace :
------------
Array:
tousername : gh_0c02969f70a6 ;
fromusername : oSI4Lj97Jm2kdczJ4OHYMLb017pk ;
createtime : 1527513611 ;
msgtype : event ;
event : VIEW ;
eventkey : http://zz.jhzh66.com/app/index.php?i=8&c=entry&eid=198 ;
menuid : 425602379 ;
from : oSI4Lj97Jm2kdczJ4OHYMLb017pk ;
to : gh_0c02969f70a6 ;
time : 1527513611 ;
type : event ;

2018-05-28 21:20:11 params :
------------
Array:
rule : -2 ;
module :  ;
message : Array ;

2018-05-28 21:20:11 response :
------------

2018-05-28 21:24:38 trace :
------------
Array:
tousername : gh_0c02969f70a6 ;
fromusername : oSI4Lj97Jm2kdczJ4OHYMLb017pk ;
createtime : 1527513878 ;
msgtype : event ;
event : VIEW ;
eventkey : http://zz.jhzh66.com/app/index.php?i=8&c=entry&eid=198 ;
menuid : 425602379 ;
from : oSI4Lj97Jm2kdczJ4OHYMLb017pk ;
to : gh_0c02969f70a6 ;
time : 1527513878 ;
type : event ;

2018-05-28 21:24:38 params :
------------
Array:
rule : -2 ;
module :  ;
message : Array ;

2018-05-28 21:24:38 response :
------------

2018-05-28 21:26:36 trace :
------------
Array:
tousername : gh_0c02969f70a6 ;
fromusername : oSI4Lj6KAAD9QEIB0m_PfBqtdxXc ;
createtime : 1527513996 ;
msgtype : event ;
event : VIEW ;
eventkey : http://zz.jhzh66.com/app/index.php?i=8&c=entry&eid=194 ;
menuid : 425602379 ;
from : oSI4Lj6KAAD9QEIB0m_PfBqtdxXc ;
to : gh_0c02969f70a6 ;
time : 1527513996 ;
type : event ;

2018-05-28 21:26:36 params :
------------
Array:
rule : -2 ;
module :  ;
message : Array ;

2018-05-28 21:26:36 response :
------------

2018-05-28 21:28:19 trace :
------------
Array:
tousername : gh_0c02969f70a6 ;
fromusername : oSI4Lj97Jm2kdczJ4OHYMLb017pk ;
createtime : 1527514099 ;
msgtype : event ;
event : VIEW ;
eventkey : http://zz.jhzh66.com/app/index.php?i=8&c=entry&eid=198 ;
menuid : 425602379 ;
from : oSI4Lj97Jm2kdczJ4OHYMLb017pk ;
to : gh_0c02969f70a6 ;
time : 1527514099 ;
type : event ;

2018-05-28 21:28:19 params :
------------
Array:
rule : -2 ;
module :  ;
message : Array ;

2018-05-28 21:28:19 response :
------------

2018-05-28 21:31:36 trace :
------------
Array:
tousername : gh_0c02969f70a6 ;
fromusername : oSI4Lj-WG05AU2-zqp0WzGjVZpU8 ;
createtime : 1527514296 ;
msgtype : event ;
event : VIEW ;
eventkey : http://zz.jhzh66.com/app/index.php?i=8&c=entry&eid=194 ;
menuid : 425602379 ;
from : oSI4Lj-WG05AU2-zqp0WzGjVZpU8 ;
to : gh_0c02969f70a6 ;
time : 1527514296 ;
type : event ;

2018-05-28 21:31:36 params :
------------
Array:
rule : -2 ;
module :  ;
message : Array ;

2018-05-28 21:31:36 response :
------------

2018-05-28 21:36:51 trace :
------------
Array:
tousername : gh_0c02969f70a6 ;
fromusername : oSI4Lj-mQFi0cVrtdhb5LRhxTXRo ;
createtime : 1527514611 ;
msgtype : event ;
event : VIEW ;
eventkey : http://zz.jhzh66.com/app/index.php?i=8&c=entry&eid=194 ;
menuid : 425602379 ;
from : oSI4Lj-mQFi0cVrtdhb5LRhxTXRo ;
to : gh_0c02969f70a6 ;
time : 1527514611 ;
type : event ;

2018-05-28 21:36:51 params :
------------
Array:
rule : -2 ;
module :  ;
message : Array ;

2018-05-28 21:36:51 response :
------------

2018-05-28 21:38:37 trace :
------------
Array:
tousername : gh_0c02969f70a6 ;
fromusername : oSI4Lj-mQFi0cVrtdhb5LRhxTXRo ;
createtime : 1527514717 ;
msgtype : event ;
event : VIEW ;
eventkey : http://zz.jhzh66.com/app/index.php?i=8&c=entry&eid=194 ;
menuid : 425602379 ;
from : oSI4Lj-mQFi0cVrtdhb5LRhxTXRo ;
to : gh_0c02969f70a6 ;
time : 1527514717 ;
type : event ;

2018-05-28 21:38:37 params :
------------
Array:
rule : -2 ;
module :  ;
message : Array ;

2018-05-28 21:38:37 response :
------------

2018-05-28 22:01:15 trace :
------------
Array:
tousername : gh_0c02969f70a6 ;
fromusername : oSI4Ljz9QHJYgHXNGCs32vZbBMA8 ;
createtime : 1527516075 ;
msgtype : event ;
event : VIEW ;
eventkey : http://zz.jhzh66.com/app/index.php?i=8&c=entry&eid=194 ;
menuid : 425602379 ;
from : oSI4Ljz9QHJYgHXNGCs32vZbBMA8 ;
to : gh_0c02969f70a6 ;
time : 1527516075 ;
type : event ;

2018-05-28 22:01:15 params :
------------
Array:
rule : -2 ;
module :  ;
message : Array ;

2018-05-28 22:01:15 response :
------------

2018-05-28 22:56:14 trace :
------------
Array:
tousername : gh_0c02969f70a6 ;
fromusername : oSI4Lj1XXiGaY7rksk2_CIbk2DAw ;
createtime : 1527519373 ;
msgtype : event ;
event : SCAN ;
eventkey : a360befa95f8e830d75cf629e49b0b13 ;
ticket : gQFy8TwAAAAAAAAAAS5odHRwOi8vd2VpeGluLnFxLmNvbS9xLzAyM0hVNkFyOGU4YmYxMDAwME0wN1AAAgRk4c1aAwQAAAAA ;
from : oSI4Lj1XXiGaY7rksk2_CIbk2DAw ;
to : gh_0c02969f70a6 ;
time : 1527519373 ;
type : subscribe ;
scene : a360befa95f8e830d75cf629e49b0b13 ;

2018-05-28 22:59:48 trace :
------------
Array:
tousername : gh_0c02969f70a6 ;
fromusername : oSI4Lj1XXiGaY7rksk2_CIbk2DAw ;
createtime : 1527519588 ;
msgtype : event ;
event : SCAN ;
eventkey : a360befa95f8e830d75cf629e49b0b13 ;
ticket : gQFy8TwAAAAAAAAAAS5odHRwOi8vd2VpeGluLnFxLmNvbS9xLzAyM0hVNkFyOGU4YmYxMDAwME0wN1AAAgRk4c1aAwQAAAAA ;
from : oSI4Lj1XXiGaY7rksk2_CIbk2DAw ;
to : gh_0c02969f70a6 ;
time : 1527519588 ;
type : subscribe ;
scene : a360befa95f8e830d75cf629e49b0b13 ;

