2018-05-12 00:20:33 trace :
------------
Array:
tousername : gh_0c02969f70a6 ;
fromusername : oSI4Lj2Yef0zxzFqreV4g3fl-vfI ;
createtime : 1526055633 ;
msgtype : event ;
event : VIEW ;
eventkey : http://zz.jhzh66.com/app/index.php?i=8&c=entry&eid=198 ;
menuid : 425552920 ;
from : oSI4Lj2Yef0zxzFqreV4g3fl-vfI ;
to : gh_0c02969f70a6 ;
time : 1526055633 ;
type : event ;

2018-05-12 00:20:33 params :
------------
Array:
rule : -2 ;
module :  ;
message : Array ;

2018-05-12 00:20:33 response :
------------

2018-05-12 00:21:38 trace :
------------
Array:
tousername : gh_0c02969f70a6 ;
fromusername : oSI4Lj_cD__365bOSvZnftSowkUQ ;
createtime : 1526055698 ;
msgtype : event ;
event : VIEW ;
eventkey : http://zz.jhzh66.com/app/index.php?i=8&c=entry&eid=198 ;
menuid : 425552920 ;
from : oSI4Lj_cD__365bOSvZnftSowkUQ ;
to : gh_0c02969f70a6 ;
time : 1526055698 ;
type : event ;

2018-05-12 00:21:38 params :
------------
Array:
rule : -2 ;
module :  ;
message : Array ;

2018-05-12 00:21:38 response :
------------

2018-05-12 00:21:53 trace :
------------
Array:
tousername : gh_0c02969f70a6 ;
fromusername : oSI4Lj_cD__365bOSvZnftSowkUQ ;
createtime : 1526055713 ;
msgtype : event ;
event : VIEW ;
eventkey : http://zz.jhzh66.com/app/index.php?i=8&c=entry&eid=198 ;
menuid : 425552920 ;
from : oSI4Lj_cD__365bOSvZnftSowkUQ ;
to : gh_0c02969f70a6 ;
time : 1526055713 ;
type : event ;

2018-05-12 00:21:53 params :
------------
Array:
rule : -2 ;
module :  ;
message : Array ;

2018-05-12 00:21:53 response :
------------

2018-05-12 01:45:05 trace :
------------
Array:
tousername : gh_0c02969f70a6 ;
fromusername : oSI4Ljwc0qtnK7pLRZ8GVT4zB9p0 ;
createtime : 1526060705 ;
msgtype : event ;
event : subscribe ;
eventkey : Array ;
from : oSI4Ljwc0qtnK7pLRZ8GVT4zB9p0 ;
to : gh_0c02969f70a6 ;
time : 1526060705 ;
type : subscribe ;

2018-05-12 01:45:05 params :
------------
Array:
rule : -2 ;
module :  ;
message : Array ;

2018-05-12 01:45:05 response :
------------

2018-05-12 05:49:21 trace :
------------
Array:
tousername : gh_9aac6b6c619f ;
fromusername : o4Uy9vnwJ3FJLMElgj04er2NHDYU ;
createtime : 1526075361 ;
msgtype : event ;
event : VIEW ;
eventkey : https://m.qlchat.com/live/320000044317761.htm ;
menuid : 425178868 ;
from : o4Uy9vnwJ3FJLMElgj04er2NHDYU ;
to : gh_9aac6b6c619f ;
time : 1526075361 ;
type : event ;

2018-05-12 05:49:21 params :
------------
Array:
rule : -2 ;
module :  ;
message : Array ;

2018-05-12 05:49:21 response :
------------

2018-05-12 05:54:29 trace :
------------
Array:
tousername : gh_9aac6b6c619f ;
fromusername : o4Uy9vnwJ3FJLMElgj04er2NHDYU ;
createtime : 1526075669 ;
msgtype : event ;
event : VIEW ;
eventkey : https://m.qlchat.com/live/320000044317761.htm ;
menuid : 425178868 ;
from : o4Uy9vnwJ3FJLMElgj04er2NHDYU ;
to : gh_9aac6b6c619f ;
time : 1526075669 ;
type : event ;

2018-05-12 05:54:29 params :
------------
Array:
rule : -2 ;
module :  ;
message : Array ;

2018-05-12 05:54:29 response :
------------

2018-05-12 05:55:22 trace :
------------
Array:
tousername : gh_9aac6b6c619f ;
fromusername : o4Uy9vnwJ3FJLMElgj04er2NHDYU ;
createtime : 1526075722 ;
msgtype : event ;
event : VIEW ;
eventkey : https://m.qlchat.com/live/320000044317761.htm ;
menuid : 425178868 ;
from : o4Uy9vnwJ3FJLMElgj04er2NHDYU ;
to : gh_9aac6b6c619f ;
time : 1526075722 ;
type : event ;

2018-05-12 05:55:22 params :
------------
Array:
rule : -2 ;
module :  ;
message : Array ;

2018-05-12 05:55:22 response :
------------

2018-05-12 05:56:12 trace :
------------
Array:
tousername : gh_9aac6b6c619f ;
fromusername : o4Uy9vnwJ3FJLMElgj04er2NHDYU ;
createtime : 1526075772 ;
msgtype : event ;
event : CLICK ;
eventkey : 易货操作 ;
from : o4Uy9vnwJ3FJLMElgj04er2NHDYU ;
to : gh_9aac6b6c619f ;
time : 1526075772 ;
type : event ;

2018-05-12 05:56:12 params :
------------
Array:
rule : -2 ;
module :  ;
message : Array ;

2018-05-12 05:56:12 response :
------------

2018-05-12 05:56:30 trace :
------------
Array:
tousername : gh_9aac6b6c619f ;
fromusername : o4Uy9vnwJ3FJLMElgj04er2NHDYU ;
createtime : 1526075790 ;
msgtype : event ;
event : CLICK ;
eventkey : 易货操作 ;
from : o4Uy9vnwJ3FJLMElgj04er2NHDYU ;
to : gh_9aac6b6c619f ;
time : 1526075790 ;
type : event ;

2018-05-12 05:56:30 params :
------------
Array:
rule : -2 ;
module :  ;
message : Array ;

2018-05-12 05:56:30 response :
------------

2018-05-12 06:41:44 trace :
------------
Array:
tousername : gh_0c02969f70a6 ;
fromusername : oSI4Lj_cD__365bOSvZnftSowkUQ ;
createtime : 1526078504 ;
msgtype : event ;
event : VIEW ;
eventkey : http://zz.jhzh66.com/app/index.php?i=8&c=entry&eid=198 ;
menuid : 425552920 ;
from : oSI4Lj_cD__365bOSvZnftSowkUQ ;
to : gh_0c02969f70a6 ;
time : 1526078504 ;
type : event ;

2018-05-12 06:41:44 params :
------------
Array:
rule : -2 ;
module :  ;
message : Array ;

2018-05-12 06:41:44 response :
------------

2018-05-12 06:57:06 trace :
------------
Array:
tousername : gh_0c02969f70a6 ;
fromusername : oSI4LjyHUqsKQ2U6jJYcy4lCjBVA ;
createtime : 1526079426 ;
msgtype : event ;
event : VIEW ;
eventkey : http://zz.jhzh66.com/app/index.php?i=8&c=entry&eid=198 ;
menuid : 425552920 ;
from : oSI4LjyHUqsKQ2U6jJYcy4lCjBVA ;
to : gh_0c02969f70a6 ;
time : 1526079426 ;
type : event ;

2018-05-12 06:57:06 params :
------------
Array:
rule : -2 ;
module :  ;
message : Array ;

2018-05-12 06:57:06 response :
------------

2018-05-12 06:59:33 trace :
------------
Array:
tousername : gh_0c02969f70a6 ;
fromusername : oSI4Lj97Jm2kdczJ4OHYMLb017pk ;
createtime : 1526079573 ;
msgtype : event ;
event : VIEW ;
eventkey : http://zz.jhzh66.com/app/index.php?i=8&c=entry&eid=198 ;
menuid : 425552920 ;
from : oSI4Lj97Jm2kdczJ4OHYMLb017pk ;
to : gh_0c02969f70a6 ;
time : 1526079573 ;
type : event ;

2018-05-12 06:59:33 params :
------------
Array:
rule : -2 ;
module :  ;
message : Array ;

2018-05-12 06:59:33 response :
------------

2018-05-12 07:16:36 trace :
------------
Array:
tousername : gh_0c02969f70a6 ;
fromusername : oSI4Lj97Jm2kdczJ4OHYMLb017pk ;
createtime : 1526080596 ;
msgtype : event ;
event : VIEW ;
eventkey : http://zz.jhzh66.com/app/index.php?i=8&c=entry&eid=194 ;
menuid : 425552920 ;
from : oSI4Lj97Jm2kdczJ4OHYMLb017pk ;
to : gh_0c02969f70a6 ;
time : 1526080596 ;
type : event ;

2018-05-12 07:16:36 params :
------------
Array:
rule : -2 ;
module :  ;
message : Array ;

2018-05-12 07:16:36 response :
------------

2018-05-12 07:17:28 trace :
------------
Array:
tousername : gh_0c02969f70a6 ;
fromusername : oSI4Lj97Jm2kdczJ4OHYMLb017pk ;
createtime : 1526080648 ;
msgtype : event ;
event : VIEW ;
eventkey : http://zz.jhzh66.com/app/index.php?i=8&c=entry&p=merch&do=member&m=sz_yi&wxref=mp.weixin.qq.com&from=groupmessage&isappinstalled=0#wechat_redirect ;
menuid : 425552920 ;
from : oSI4Lj97Jm2kdczJ4OHYMLb017pk ;
to : gh_0c02969f70a6 ;
time : 1526080648 ;
type : event ;

2018-05-12 07:17:28 params :
------------
Array:
rule : -2 ;
module :  ;
message : Array ;

2018-05-12 07:17:28 response :
------------

2018-05-12 07:17:36 trace :
------------
Array:
tousername : gh_0c02969f70a6 ;
fromusername : oSI4Lj97Jm2kdczJ4OHYMLb017pk ;
createtime : 1526080656 ;
msgtype : event ;
event : VIEW ;
eventkey : http://zz.jhzh66.com/app/index.php?i=8&c=entry&eid=194 ;
menuid : 425552920 ;
from : oSI4Lj97Jm2kdczJ4OHYMLb017pk ;
to : gh_0c02969f70a6 ;
time : 1526080656 ;
type : event ;

2018-05-12 07:17:36 params :
------------
Array:
rule : -2 ;
module :  ;
message : Array ;

2018-05-12 07:17:36 response :
------------

2018-05-12 07:55:37 trace :
------------
Array:
tousername : gh_0c02969f70a6 ;
fromusername : oSI4Lj1bI5S6OoFojNKBGa4aLoXk ;
createtime : 1526082937 ;
msgtype : event ;
event : VIEW ;
eventkey : http://zz.jhzh66.com/app/index.php?i=8&c=entry&eid=194 ;
menuid : 425552920 ;
from : oSI4Lj1bI5S6OoFojNKBGa4aLoXk ;
to : gh_0c02969f70a6 ;
time : 1526082937 ;
type : event ;

2018-05-12 07:55:37 params :
------------
Array:
rule : -2 ;
module :  ;
message : Array ;

2018-05-12 07:55:37 response :
------------

2018-05-12 08:10:59 trace :
------------
Array:
tousername : gh_0c02969f70a6 ;
fromusername : oSI4Lj1bI5S6OoFojNKBGa4aLoXk ;
createtime : 1526083859 ;
msgtype : event ;
event : VIEW ;
eventkey : http://zz.jhzh66.com/app/index.php?i=8&c=entry&p=merch&do=member&m=sz_yi&wxref=mp.weixin.qq.com&from=groupmessage&isappinstalled=0#wechat_redirect ;
menuid : 425552920 ;
from : oSI4Lj1bI5S6OoFojNKBGa4aLoXk ;
to : gh_0c02969f70a6 ;
time : 1526083859 ;
type : event ;

2018-05-12 08:10:59 params :
------------
Array:
rule : -2 ;
module :  ;
message : Array ;

2018-05-12 08:10:59 response :
------------

2018-05-12 08:14:17 trace :
------------
Array:
tousername : gh_0c02969f70a6 ;
fromusername : oSI4Lj1bI5S6OoFojNKBGa4aLoXk ;
createtime : 1526084057 ;
msgtype : event ;
event : VIEW ;
eventkey : http://zz.jhzh66.com/app/index.php?i=8&c=entry&eid=194 ;
menuid : 425552920 ;
from : oSI4Lj1bI5S6OoFojNKBGa4aLoXk ;
to : gh_0c02969f70a6 ;
time : 1526084057 ;
type : event ;

2018-05-12 08:14:17 params :
------------
Array:
rule : -2 ;
module :  ;
message : Array ;

2018-05-12 08:14:17 response :
------------

2018-05-12 08:16:12 trace :
------------
Array:
tousername : gh_0c02969f70a6 ;
fromusername : oSI4Lj1bI5S6OoFojNKBGa4aLoXk ;
createtime : 1526084172 ;
msgtype : event ;
event : VIEW ;
eventkey : http://zz.jhzh66.com/app/index.php?i=8&c=entry&eid=194 ;
menuid : 425552920 ;
from : oSI4Lj1bI5S6OoFojNKBGa4aLoXk ;
to : gh_0c02969f70a6 ;
time : 1526084172 ;
type : event ;

2018-05-12 08:16:12 params :
------------
Array:
rule : -2 ;
module :  ;
message : Array ;

2018-05-12 08:16:12 response :
------------

2018-05-12 08:17:54 trace :
------------
Array:
tousername : gh_0c02969f70a6 ;
fromusername : oSI4Lj_VclHp_Q6s1R2OHQvfVTEs ;
createtime : 1526084274 ;
msgtype : event ;
event : VIEW ;
eventkey : http://zz.jhzh66.com/app/index.php?i=8&c=entry&eid=198 ;
menuid : 425552920 ;
from : oSI4Lj_VclHp_Q6s1R2OHQvfVTEs ;
to : gh_0c02969f70a6 ;
time : 1526084274 ;
type : event ;

2018-05-12 08:17:54 params :
------------
Array:
rule : -2 ;
module :  ;
message : Array ;

2018-05-12 08:17:54 response :
------------

2018-05-12 08:39:49 trace :
------------
Array:
tousername : gh_0c02969f70a6 ;
fromusername : oSI4Lj1bI5S6OoFojNKBGa4aLoXk ;
createtime : 1526085589 ;
msgtype : event ;
event : VIEW ;
eventkey : http://zz.jhzh66.com/app/index.php?i=8&c=site&a=site&do=detail&id=2 ;
menuid : 425552920 ;
from : oSI4Lj1bI5S6OoFojNKBGa4aLoXk ;
to : gh_0c02969f70a6 ;
time : 1526085589 ;
type : event ;

2018-05-12 08:39:49 params :
------------
Array:
rule : -2 ;
module :  ;
message : Array ;

2018-05-12 08:39:49 response :
------------

2018-05-12 08:48:30 trace :
------------
Array:
tousername : gh_0c02969f70a6 ;
fromusername : oSI4Lj1bI5S6OoFojNKBGa4aLoXk ;
createtime : 1526086109 ;
msgtype : event ;
event : CLICK ;
eventkey : 介绍 ;
from : oSI4Lj1bI5S6OoFojNKBGa4aLoXk ;
to : gh_0c02969f70a6 ;
time : 1526086109 ;
type : event ;

2018-05-12 08:48:30 params :
------------
Array:
message : Array ;
module : basic ;
rule : 1013 ;
priority : 0 ;
keyword : Array ;

2018-05-12 08:48:30 response :
------------
Array:
FromUserName : gh_0c02969f70a6 ;
ToUserName : oSI4Lj1bI5S6OoFojNKBGa4aLoXk ;
MsgType : text ;
Content : 易货联盟平台介绍 https://u.eqxiu.com/s/6szkjdIq   

代理商收益介绍 https://h.eqxiu.com/s/U4YBmmJj   

5月19-20日阿里梦-全国易货联盟商家对接峰会 https://b.eqxiu.com/s/nBIsBaiB ;

2018-05-12 08:48:42 trace :
------------
Array:
tousername : gh_0c02969f70a6 ;
fromusername : oSI4Lj1bI5S6OoFojNKBGa4aLoXk ;
createtime : 1526086122 ;
msgtype : event ;
event : VIEW ;
eventkey : http://zz.jhzh66.com/app/index.php?i=8&c=site&a=site&do=detail&id=2 ;
menuid : 425552920 ;
from : oSI4Lj1bI5S6OoFojNKBGa4aLoXk ;
to : gh_0c02969f70a6 ;
time : 1526086122 ;
type : event ;

2018-05-12 08:48:42 params :
------------
Array:
rule : -2 ;
module :  ;
message : Array ;

2018-05-12 08:48:42 response :
------------

2018-05-12 09:41:53 trace :
------------
Array:
tousername : gh_0c02969f70a6 ;
fromusername : oSI4Lj97Jm2kdczJ4OHYMLb017pk ;
createtime : 1526089313 ;
msgtype : event ;
event : VIEW ;
eventkey : http://zz.jhzh66.com/app/index.php?i=8&c=entry&eid=194 ;
menuid : 425552920 ;
from : oSI4Lj97Jm2kdczJ4OHYMLb017pk ;
to : gh_0c02969f70a6 ;
time : 1526089313 ;
type : event ;

2018-05-12 09:41:53 params :
------------
Array:
rule : -2 ;
module :  ;
message : Array ;

2018-05-12 09:41:53 response :
------------

2018-05-12 10:02:26 trace :
------------
Array:
tousername : gh_0c02969f70a6 ;
fromusername : oSI4Lj7B5mRrxclv2_DKsEEgFdf4 ;
createtime : 1526090546 ;
msgtype : event ;
event : subscribe ;
eventkey : qrscene_95e82934023717f78eba51ef72db56e3 ;
ticket : gQF18DwAAAAAAAAAAS5odHRwOi8vd2VpeGluLnFxLmNvbS9xLzAyM1B5Q0FyOGU4YmYxMDAwMGcwN20AAgRzVddaAwQAAAAA ;
from : oSI4Lj7B5mRrxclv2_DKsEEgFdf4 ;
to : gh_0c02969f70a6 ;
time : 1526090546 ;
type : subscribe ;
scene : 95e82934023717f78eba51ef72db56e3 ;

2018-05-12 10:55:31 trace :
------------
Array:
tousername : gh_0c02969f70a6 ;
fromusername : oSI4Lj2Yef0zxzFqreV4g3fl-vfI ;
createtime : 1526093730 ;
msgtype : event ;
event : VIEW ;
eventkey : http://zz.jhzh66.com/app/index.php?i=8&c=entry&eid=198 ;
menuid : 425552920 ;
from : oSI4Lj2Yef0zxzFqreV4g3fl-vfI ;
to : gh_0c02969f70a6 ;
time : 1526093730 ;
type : event ;

2018-05-12 10:55:31 params :
------------
Array:
rule : -2 ;
module :  ;
message : Array ;

2018-05-12 10:55:31 response :
------------

2018-05-12 11:21:11 trace :
------------
Array:
tousername : gh_0c02969f70a6 ;
fromusername : oSI4Lj97Jm2kdczJ4OHYMLb017pk ;
createtime : 1526095271 ;
msgtype : event ;
event : VIEW ;
eventkey : http://zz.jhzh66.com/app/index.php?i=8&c=entry&p=merch&do=member&m=sz_yi&wxref=mp.weixin.qq.com&from=groupmessage&isappinstalled=0#wechat_redirect ;
menuid : 425552920 ;
from : oSI4Lj97Jm2kdczJ4OHYMLb017pk ;
to : gh_0c02969f70a6 ;
time : 1526095271 ;
type : event ;

2018-05-12 11:21:11 params :
------------
Array:
rule : -2 ;
module :  ;
message : Array ;

2018-05-12 11:21:11 response :
------------

2018-05-12 11:36:47 trace :
------------
Array:
tousername : gh_0c02969f70a6 ;
fromusername : oSI4LjzP3HyhUqIG-CmdgTLIjRgI ;
createtime : 1526096207 ;
msgtype : event ;
event : VIEW ;
eventkey : http://zz.jhzh66.com/app/index.php?i=8&c=entry&eid=198 ;
menuid : 425552920 ;
from : oSI4LjzP3HyhUqIG-CmdgTLIjRgI ;
to : gh_0c02969f70a6 ;
time : 1526096207 ;
type : event ;

2018-05-12 11:36:47 params :
------------
Array:
rule : -2 ;
module :  ;
message : Array ;

2018-05-12 11:36:47 response :
------------

2018-05-12 11:37:17 trace :
------------
Array:
tousername : gh_0c02969f70a6 ;
fromusername : oSI4LjzGDzCztrhCP10C7-4flpE4 ;
createtime : 1526096237 ;
msgtype : event ;
event : VIEW ;
eventkey : http://zz.jhzh66.com/app/index.php?i=8&c=entry&eid=198 ;
menuid : 425552920 ;
from : oSI4LjzGDzCztrhCP10C7-4flpE4 ;
to : gh_0c02969f70a6 ;
time : 1526096237 ;
type : event ;

2018-05-12 11:37:17 params :
------------
Array:
rule : -2 ;
module :  ;
message : Array ;

2018-05-12 11:37:17 response :
------------

2018-05-12 11:38:13 trace :
------------
Array:
tousername : gh_0c02969f70a6 ;
fromusername : oSI4LjzP3HyhUqIG-CmdgTLIjRgI ;
createtime : 1526096293 ;
msgtype : text ;
content : http://zz.jhzh66.com/app/index.php?i=8&c=entry&method=index&p=suppliermenu&m=sz_yi&do=plugin ;
msgid : 6554533669407392795 ;
from : oSI4LjzP3HyhUqIG-CmdgTLIjRgI ;
to : gh_0c02969f70a6 ;
time : 1526096293 ;
type : text ;
event :  ;
redirection :  ;
source :  ;

2018-05-12 11:38:13 params :
------------
Array:
rule : -2 ;
module :  ;
message : Array ;

2018-05-12 11:38:13 response :
------------

2018-05-12 11:38:38 trace :
------------
Array:
tousername : gh_0c02969f70a6 ;
fromusername : oSI4Lj4D4s1OS7Tx2J5YcCVk40og ;
createtime : 1526096318 ;
msgtype : event ;
event : VIEW ;
eventkey : http://zz.jhzh66.com/app/index.php?i=8&c=entry&eid=194 ;
menuid : 425552920 ;
from : oSI4Lj4D4s1OS7Tx2J5YcCVk40og ;
to : gh_0c02969f70a6 ;
time : 1526096318 ;
type : event ;

2018-05-12 11:38:38 params :
------------
Array:
rule : -2 ;
module :  ;
message : Array ;

2018-05-12 11:38:38 response :
------------

2018-05-12 11:39:27 trace :
------------
Array:
tousername : gh_0c02969f70a6 ;
fromusername : oSI4LjzP3HyhUqIG-CmdgTLIjRgI ;
createtime : 1526096367 ;
msgtype : text ;
content : http://zz.jhzh66.com/app/index.php?i=8&c=entry&method=order&p=suppliermenu&op=withdraw&m=sz_yi&do=plugin ;
msgid : 6554533987234972716 ;
from : oSI4LjzP3HyhUqIG-CmdgTLIjRgI ;
to : gh_0c02969f70a6 ;
time : 1526096367 ;
type : text ;
event :  ;
redirection :  ;
source :  ;

2018-05-12 11:39:27 params :
------------
Array:
rule : -2 ;
module :  ;
message : Array ;

2018-05-12 11:39:27 response :
------------

2018-05-12 11:41:55 trace :
------------
Array:
tousername : gh_0c02969f70a6 ;
fromusername : oSI4Lj4D4s1OS7Tx2J5YcCVk40og ;
createtime : 1526096515 ;
msgtype : event ;
event : VIEW ;
eventkey : http://zz.jhzh66.com/app/index.php?i=8&c=entry&eid=194 ;
menuid : 425552920 ;
from : oSI4Lj4D4s1OS7Tx2J5YcCVk40og ;
to : gh_0c02969f70a6 ;
time : 1526096515 ;
type : event ;

2018-05-12 11:41:55 params :
------------
Array:
rule : -2 ;
module :  ;
message : Array ;

2018-05-12 11:41:55 response :
------------

2018-05-12 11:42:23 trace :
------------
Array:
tousername : gh_0c02969f70a6 ;
fromusername : oSI4LjzP3HyhUqIG-CmdgTLIjRgI ;
createtime : 1526096543 ;
msgtype : event ;
event : VIEW ;
eventkey : http://zz.jhzh66.com/app/index.php?i=8&c=entry&eid=198 ;
menuid : 425552920 ;
from : oSI4LjzP3HyhUqIG-CmdgTLIjRgI ;
to : gh_0c02969f70a6 ;
time : 1526096543 ;
type : event ;

2018-05-12 11:42:23 params :
------------
Array:
rule : -2 ;
module :  ;
message : Array ;

2018-05-12 11:42:23 response :
------------

2018-05-12 11:43:32 trace :
------------
Array:
tousername : gh_0c02969f70a6 ;
fromusername : oSI4LjzIBAPsqFcY35az8YBSTZOE ;
createtime : 1526096612 ;
msgtype : event ;
event : VIEW ;
eventkey : http://zz.jhzh66.com/app/index.php?i=8&c=entry&eid=198 ;
menuid : 425552920 ;
from : oSI4LjzIBAPsqFcY35az8YBSTZOE ;
to : gh_0c02969f70a6 ;
time : 1526096612 ;
type : event ;

2018-05-12 11:43:32 params :
------------
Array:
rule : -2 ;
module :  ;
message : Array ;

2018-05-12 11:43:32 response :
------------

2018-05-12 11:48:05 trace :
------------
Array:
tousername : gh_0c02969f70a6 ;
fromusername : oSI4Lj1bI5S6OoFojNKBGa4aLoXk ;
createtime : 1526096885 ;
msgtype : event ;
event : VIEW ;
eventkey : http://zz.jhzh66.com/app/index.php?i=8&c=entry&eid=198 ;
menuid : 425552920 ;
from : oSI4Lj1bI5S6OoFojNKBGa4aLoXk ;
to : gh_0c02969f70a6 ;
time : 1526096885 ;
type : event ;

2018-05-12 11:48:05 params :
------------
Array:
rule : -2 ;
module :  ;
message : Array ;

2018-05-12 11:48:05 response :
------------

2018-05-12 11:49:41 trace :
------------
Array:
tousername : gh_0c02969f70a6 ;
fromusername : oSI4Lj1bI5S6OoFojNKBGa4aLoXk ;
createtime : 1526096981 ;
msgtype : event ;
event : VIEW ;
eventkey : http://zz.jhzh66.com/app/index.php?i=8&c=entry&eid=198 ;
menuid : 425552920 ;
from : oSI4Lj1bI5S6OoFojNKBGa4aLoXk ;
to : gh_0c02969f70a6 ;
time : 1526096981 ;
type : event ;

2018-05-12 11:49:41 params :
------------
Array:
rule : -2 ;
module :  ;
message : Array ;

2018-05-12 11:49:41 response :
------------

2018-05-12 11:50:46 trace :
------------
Array:
tousername : gh_0c02969f70a6 ;
fromusername : oSI4Lj1bI5S6OoFojNKBGa4aLoXk ;
createtime : 1526097046 ;
msgtype : event ;
event : VIEW ;
eventkey : http://zz.jhzh66.com/app/index.php?i=8&c=entry&eid=198 ;
menuid : 425552920 ;
from : oSI4Lj1bI5S6OoFojNKBGa4aLoXk ;
to : gh_0c02969f70a6 ;
time : 1526097046 ;
type : event ;

2018-05-12 11:50:46 params :
------------
Array:
rule : -2 ;
module :  ;
message : Array ;

2018-05-12 11:50:46 response :
------------

2018-05-12 11:52:04 trace :
------------
Array:
tousername : gh_0c02969f70a6 ;
fromusername : oSI4Lj4D4s1OS7Tx2J5YcCVk40og ;
createtime : 1526097124 ;
msgtype : event ;
event : VIEW ;
eventkey : http://zz.jhzh66.com/app/index.php?i=8&c=entry&eid=198 ;
menuid : 425552920 ;
from : oSI4Lj4D4s1OS7Tx2J5YcCVk40og ;
to : gh_0c02969f70a6 ;
time : 1526097124 ;
type : event ;

2018-05-12 11:52:04 params :
------------
Array:
rule : -2 ;
module :  ;
message : Array ;

2018-05-12 11:52:04 response :
------------

2018-05-12 11:53:34 trace :
------------
Array:
tousername : gh_0c02969f70a6 ;
fromusername : oSI4LjzP3HyhUqIG-CmdgTLIjRgI ;
createtime : 1526097213 ;
msgtype : event ;
event : VIEW ;
eventkey : http://zz.jhzh66.com/app/index.php?i=8&c=entry&eid=198 ;
menuid : 425552920 ;
from : oSI4LjzP3HyhUqIG-CmdgTLIjRgI ;
to : gh_0c02969f70a6 ;
time : 1526097213 ;
type : event ;

2018-05-12 11:53:34 params :
------------
Array:
rule : -2 ;
module :  ;
message : Array ;

2018-05-12 11:53:34 response :
------------

2018-05-12 11:58:14 trace :
------------
Array:
tousername : gh_0c02969f70a6 ;
fromusername : oSI4LjzP3HyhUqIG-CmdgTLIjRgI ;
createtime : 1526097494 ;
msgtype : event ;
event : VIEW ;
eventkey : http://zz.jhzh66.com/app/index.php?i=8&c=entry&eid=198 ;
menuid : 425552920 ;
from : oSI4LjzP3HyhUqIG-CmdgTLIjRgI ;
to : gh_0c02969f70a6 ;
time : 1526097494 ;
type : event ;

2018-05-12 11:58:14 params :
------------
Array:
rule : -2 ;
module :  ;
message : Array ;

2018-05-12 11:58:14 response :
------------

2018-05-12 12:06:01 trace :
------------
Array:
tousername : gh_0c02969f70a6 ;
fromusername : oSI4Lj1bI5S6OoFojNKBGa4aLoXk ;
createtime : 1526097961 ;
msgtype : event ;
event : VIEW ;
eventkey : http://zz.jhzh66.com/app/index.php?i=8&c=entry&eid=198 ;
menuid : 425552920 ;
from : oSI4Lj1bI5S6OoFojNKBGa4aLoXk ;
to : gh_0c02969f70a6 ;
time : 1526097961 ;
type : event ;

2018-05-12 12:06:01 params :
------------
Array:
rule : -2 ;
module :  ;
message : Array ;

2018-05-12 12:06:01 response :
------------

2018-05-12 13:30:35 trace :
------------
Array:
tousername : gh_0c02969f70a6 ;
fromusername : oSI4Lj97Jm2kdczJ4OHYMLb017pk ;
createtime : 1526103035 ;
msgtype : event ;
event : VIEW ;
eventkey : http://zz.jhzh66.com/app/index.php?i=8&c=entry&p=merch&do=member&m=sz_yi&wxref=mp.weixin.qq.com&from=groupmessage&isappinstalled=0#wechat_redirect ;
menuid : 425552920 ;
from : oSI4Lj97Jm2kdczJ4OHYMLb017pk ;
to : gh_0c02969f70a6 ;
time : 1526103035 ;
type : event ;

2018-05-12 13:30:35 params :
------------
Array:
rule : -2 ;
module :  ;
message : Array ;

2018-05-12 13:30:35 response :
------------

2018-05-12 14:00:31 trace :
------------
Array:
tousername : gh_0c02969f70a6 ;
fromusername : oSI4LjzIBAPsqFcY35az8YBSTZOE ;
createtime : 1526104831 ;
msgtype : event ;
event : VIEW ;
eventkey : http://zz.jhzh66.com/app/index.php?i=8&c=entry&eid=198 ;
menuid : 425552920 ;
from : oSI4LjzIBAPsqFcY35az8YBSTZOE ;
to : gh_0c02969f70a6 ;
time : 1526104831 ;
type : event ;

2018-05-12 14:00:31 params :
------------
Array:
rule : -2 ;
module :  ;
message : Array ;

2018-05-12 14:00:31 response :
------------

2018-05-12 14:01:14 trace :
------------
Array:
tousername : gh_0c02969f70a6 ;
fromusername : oSI4LjzIBAPsqFcY35az8YBSTZOE ;
createtime : 1526104874 ;
msgtype : event ;
event : VIEW ;
eventkey : http://zz.jhzh66.com/app/index.php?i=8&c=entry&eid=198 ;
menuid : 425552920 ;
from : oSI4LjzIBAPsqFcY35az8YBSTZOE ;
to : gh_0c02969f70a6 ;
time : 1526104874 ;
type : event ;

2018-05-12 14:01:14 params :
------------
Array:
rule : -2 ;
module :  ;
message : Array ;

2018-05-12 14:01:14 response :
------------

2018-05-12 14:02:42 trace :
------------
Array:
tousername : gh_0c02969f70a6 ;
fromusername : oSI4LjzIBAPsqFcY35az8YBSTZOE ;
createtime : 1526104962 ;
msgtype : event ;
event : VIEW ;
eventkey : http://zz.jhzh66.com/app/index.php?i=8&c=entry&eid=198 ;
menuid : 425552920 ;
from : oSI4LjzIBAPsqFcY35az8YBSTZOE ;
to : gh_0c02969f70a6 ;
time : 1526104962 ;
type : event ;

2018-05-12 14:02:42 params :
------------
Array:
rule : -2 ;
module :  ;
message : Array ;

2018-05-12 14:02:42 response :
------------

2018-05-12 14:05:29 trace :
------------
Array:
tousername : gh_0c02969f70a6 ;
fromusername : oSI4LjzIBAPsqFcY35az8YBSTZOE ;
createtime : 1526105128 ;
msgtype : event ;
event : VIEW ;
eventkey : http://zz.jhzh66.com/app/index.php?i=8&c=entry&eid=198 ;
menuid : 425552920 ;
from : oSI4LjzIBAPsqFcY35az8YBSTZOE ;
to : gh_0c02969f70a6 ;
time : 1526105128 ;
type : event ;

2018-05-12 14:05:29 params :
------------
Array:
rule : -2 ;
module :  ;
message : Array ;

2018-05-12 14:05:29 response :
------------

2018-05-12 14:08:45 trace :
------------
Array:
tousername : gh_0c02969f70a6 ;
fromusername : oSI4LjzIBAPsqFcY35az8YBSTZOE ;
createtime : 1526105325 ;
msgtype : event ;
event : VIEW ;
eventkey : http://zz.jhzh66.com/app/index.php?i=8&c=entry&eid=198 ;
menuid : 425552920 ;
from : oSI4LjzIBAPsqFcY35az8YBSTZOE ;
to : gh_0c02969f70a6 ;
time : 1526105325 ;
type : event ;

2018-05-12 14:08:45 params :
------------
Array:
rule : -2 ;
module :  ;
message : Array ;

2018-05-12 14:08:45 response :
------------

2018-05-12 14:29:08 trace :
------------
Array:
tousername : gh_0c02969f70a6 ;
fromusername : oSI4LjzIBAPsqFcY35az8YBSTZOE ;
createtime : 1526106548 ;
msgtype : event ;
event : VIEW ;
eventkey : http://zz.jhzh66.com/app/index.php?i=8&c=entry&eid=198 ;
menuid : 425552920 ;
from : oSI4LjzIBAPsqFcY35az8YBSTZOE ;
to : gh_0c02969f70a6 ;
time : 1526106548 ;
type : event ;

2018-05-12 14:29:08 params :
------------
Array:
rule : -2 ;
module :  ;
message : Array ;

2018-05-12 14:29:08 response :
------------

2018-05-12 14:32:48 trace :
------------
Array:
tousername : gh_0c02969f70a6 ;
fromusername : oSI4LjzIBAPsqFcY35az8YBSTZOE ;
createtime : 1526106768 ;
msgtype : event ;
event : VIEW ;
eventkey : http://zz.jhzh66.com/app/index.php?i=8&c=entry&eid=198 ;
menuid : 425552920 ;
from : oSI4LjzIBAPsqFcY35az8YBSTZOE ;
to : gh_0c02969f70a6 ;
time : 1526106768 ;
type : event ;

2018-05-12 14:32:48 params :
------------
Array:
rule : -2 ;
module :  ;
message : Array ;

2018-05-12 14:32:48 response :
------------

2018-05-12 14:34:12 trace :
------------
Array:
tousername : gh_0c02969f70a6 ;
fromusername : oSI4LjzIBAPsqFcY35az8YBSTZOE ;
createtime : 1526106852 ;
msgtype : event ;
event : VIEW ;
eventkey : http://zz.jhzh66.com/app/index.php?i=8&c=entry&eid=198 ;
menuid : 425552920 ;
from : oSI4LjzIBAPsqFcY35az8YBSTZOE ;
to : gh_0c02969f70a6 ;
time : 1526106852 ;
type : event ;

2018-05-12 14:34:12 params :
------------
Array:
rule : -2 ;
module :  ;
message : Array ;

2018-05-12 14:34:12 response :
------------

2018-05-12 14:37:49 trace :
------------
Array:
tousername : gh_0c02969f70a6 ;
fromusername : oSI4LjzIBAPsqFcY35az8YBSTZOE ;
createtime : 1526107069 ;
msgtype : event ;
event : VIEW ;
eventkey : http://zz.jhzh66.com/app/index.php?i=8&c=entry&eid=198 ;
menuid : 425552920 ;
from : oSI4LjzIBAPsqFcY35az8YBSTZOE ;
to : gh_0c02969f70a6 ;
time : 1526107069 ;
type : event ;

2018-05-12 14:37:49 params :
------------
Array:
rule : -2 ;
module :  ;
message : Array ;

2018-05-12 14:37:49 response :
------------

2018-05-12 14:37:58 trace :
------------
Array:
tousername : gh_0c02969f70a6 ;
fromusername : oSI4LjzIBAPsqFcY35az8YBSTZOE ;
createtime : 1526107078 ;
msgtype : event ;
event : VIEW ;
eventkey : http://zz.jhzh66.com/app/index.php?i=8&c=entry&eid=198 ;
menuid : 425552920 ;
from : oSI4LjzIBAPsqFcY35az8YBSTZOE ;
to : gh_0c02969f70a6 ;
time : 1526107078 ;
type : event ;

2018-05-12 14:37:58 params :
------------
Array:
rule : -2 ;
module :  ;
message : Array ;

2018-05-12 14:37:58 response :
------------

2018-05-12 14:46:08 trace :
------------
Array:
tousername : gh_0c02969f70a6 ;
fromusername : oSI4Ljw33SxPlWpwQR-JVsQJ6sWo ;
createtime : 1526107567 ;
msgtype : event ;
event : VIEW ;
eventkey : http://zz.jhzh66.com/app/index.php?i=8&c=entry&p=merch&do=member&m=sz_yi&wxref=mp.weixin.qq.com&from=groupmessage&isappinstalled=0#wechat_redirect ;
menuid : 425552920 ;
from : oSI4Ljw33SxPlWpwQR-JVsQJ6sWo ;
to : gh_0c02969f70a6 ;
time : 1526107567 ;
type : event ;

2018-05-12 14:46:08 params :
------------
Array:
rule : -2 ;
module :  ;
message : Array ;

2018-05-12 14:46:08 response :
------------

2018-05-12 14:46:22 trace :
------------
Array:
tousername : gh_0c02969f70a6 ;
fromusername : oSI4Ljw33SxPlWpwQR-JVsQJ6sWo ;
createtime : 1526107582 ;
msgtype : event ;
event : VIEW ;
eventkey : http://zz.jhzh66.com/app/index.php?i=8&c=entry&p=merch&do=member&m=sz_yi&wxref=mp.weixin.qq.com&from=groupmessage&isappinstalled=0#wechat_redirect ;
menuid : 425552920 ;
from : oSI4Ljw33SxPlWpwQR-JVsQJ6sWo ;
to : gh_0c02969f70a6 ;
time : 1526107582 ;
type : event ;

2018-05-12 14:46:22 params :
------------
Array:
rule : -2 ;
module :  ;
message : Array ;

2018-05-12 14:46:22 response :
------------

2018-05-12 14:48:47 trace :
------------
Array:
tousername : gh_0c02969f70a6 ;
fromusername : oSI4Ljw33SxPlWpwQR-JVsQJ6sWo ;
createtime : 1526107727 ;
msgtype : event ;
event : VIEW ;
eventkey : http://zz.jhzh66.com/app/index.php?i=8&c=entry&p=merch&do=member&m=sz_yi&wxref=mp.weixin.qq.com&from=groupmessage&isappinstalled=0#wechat_redirect ;
menuid : 425552920 ;
from : oSI4Ljw33SxPlWpwQR-JVsQJ6sWo ;
to : gh_0c02969f70a6 ;
time : 1526107727 ;
type : event ;

2018-05-12 14:48:47 params :
------------
Array:
rule : -2 ;
module :  ;
message : Array ;

2018-05-12 14:48:47 response :
------------

2018-05-12 14:49:17 trace :
------------
Array:
tousername : gh_0c02969f70a6 ;
fromusername : oSI4Ljw33SxPlWpwQR-JVsQJ6sWo ;
createtime : 1526107757 ;
msgtype : event ;
event : VIEW ;
eventkey : http://zz.jhzh66.com/app/index.php?i=8&c=entry&p=merch&do=member&m=sz_yi&wxref=mp.weixin.qq.com&from=groupmessage&isappinstalled=0#wechat_redirect ;
menuid : 425552920 ;
from : oSI4Ljw33SxPlWpwQR-JVsQJ6sWo ;
to : gh_0c02969f70a6 ;
time : 1526107757 ;
type : event ;

2018-05-12 14:49:17 params :
------------
Array:
rule : -2 ;
module :  ;
message : Array ;

2018-05-12 14:49:17 response :
------------

2018-05-12 14:57:08 trace :
------------
Array:
tousername : gh_0c02969f70a6 ;
fromusername : oSI4LjzP3HyhUqIG-CmdgTLIjRgI ;
createtime : 1526108228 ;
msgtype : event ;
event : VIEW ;
eventkey : http://zz.jhzh66.com/app/index.php?i=8&c=entry&p=merch&do=member&m=sz_yi&wxref=mp.weixin.qq.com&from=groupmessage&isappinstalled=0#wechat_redirect ;
menuid : 425552920 ;
from : oSI4LjzP3HyhUqIG-CmdgTLIjRgI ;
to : gh_0c02969f70a6 ;
time : 1526108228 ;
type : event ;

2018-05-12 14:57:08 params :
------------
Array:
rule : -2 ;
module :  ;
message : Array ;

2018-05-12 14:57:08 response :
------------

2018-05-12 14:59:39 trace :
------------
Array:
tousername : gh_0c02969f70a6 ;
fromusername : oSI4LjzP3HyhUqIG-CmdgTLIjRgI ;
createtime : 1526108378 ;
msgtype : text ;
content : http://zz.jhzh66.com/app/index.php?i=8&c=entry&do=member&m=sz_yi&p=merch&op=detail&id=71&supplier=513 ;
msgid : 6554585574087166699 ;
from : oSI4LjzP3HyhUqIG-CmdgTLIjRgI ;
to : gh_0c02969f70a6 ;
time : 1526108378 ;
type : text ;
event :  ;
redirection :  ;
source :  ;

2018-05-12 14:59:39 params :
------------
Array:
rule : -2 ;
module :  ;
message : Array ;

2018-05-12 14:59:39 response :
------------

2018-05-12 14:59:51 trace :
------------
Array:
tousername : gh_0c02969f70a6 ;
fromusername : oSI4LjzP3HyhUqIG-CmdgTLIjRgI ;
createtime : 1526108391 ;
msgtype : event ;
event : VIEW ;
eventkey : http://zz.jhzh66.com/app/index.php?i=8&c=entry&p=merch&do=member&m=sz_yi&wxref=mp.weixin.qq.com&from=groupmessage&isappinstalled=0#wechat_redirect ;
menuid : 425552920 ;
from : oSI4LjzP3HyhUqIG-CmdgTLIjRgI ;
to : gh_0c02969f70a6 ;
time : 1526108391 ;
type : event ;

2018-05-12 14:59:51 params :
------------
Array:
rule : -2 ;
module :  ;
message : Array ;

2018-05-12 14:59:51 response :
------------

2018-05-12 15:40:57 trace :
------------
Array:
tousername : gh_0c02969f70a6 ;
fromusername : oSI4LjzjdRJSmgyZHJkk2CdknjrE ;
createtime : 1526110857 ;
msgtype : event ;
event : subscribe ;
eventkey : qrscene_a43a82cb5991f8b735f43fa161785b62 ;
ticket : gQE88TwAAAAAAAAAAS5odHRwOi8vd2VpeGluLnFxLmNvbS9xLzAyNS1ESUF2OGU4YmYxMDAwME0wN1gAAgQnVddaAwQAAAAA ;
from : oSI4LjzjdRJSmgyZHJkk2CdknjrE ;
to : gh_0c02969f70a6 ;
time : 1526110857 ;
type : subscribe ;
scene : a43a82cb5991f8b735f43fa161785b62 ;

2018-05-12 16:15:40 trace :
------------
Array:
tousername : gh_0c02969f70a6 ;
fromusername : oSI4LjzIBAPsqFcY35az8YBSTZOE ;
createtime : 1526112940 ;
msgtype : event ;
event : VIEW ;
eventkey : http://zz.jhzh66.com/app/index.php?i=8&c=entry&eid=198 ;
menuid : 425552920 ;
from : oSI4LjzIBAPsqFcY35az8YBSTZOE ;
to : gh_0c02969f70a6 ;
time : 1526112940 ;
type : event ;

2018-05-12 16:15:40 params :
------------
Array:
rule : -2 ;
module :  ;
message : Array ;

2018-05-12 16:15:40 response :
------------

2018-05-12 16:15:57 trace :
------------
Array:
tousername : gh_0c02969f70a6 ;
fromusername : oSI4LjzIBAPsqFcY35az8YBSTZOE ;
createtime : 1526112957 ;
msgtype : event ;
event : VIEW ;
eventkey : http://zz.jhzh66.com/app/index.php?i=8&c=entry&eid=198 ;
menuid : 425552920 ;
from : oSI4LjzIBAPsqFcY35az8YBSTZOE ;
to : gh_0c02969f70a6 ;
time : 1526112957 ;
type : event ;

2018-05-12 16:15:57 params :
------------
Array:
rule : -2 ;
module :  ;
message : Array ;

2018-05-12 16:15:57 response :
------------

2018-05-12 16:16:43 trace :
------------
Array:
tousername : gh_0c02969f70a6 ;
fromusername : oSI4LjzIBAPsqFcY35az8YBSTZOE ;
createtime : 1526113003 ;
msgtype : event ;
event : VIEW ;
eventkey : http://zz.jhzh66.com/app/index.php?i=8&c=entry&eid=198 ;
menuid : 425552920 ;
from : oSI4LjzIBAPsqFcY35az8YBSTZOE ;
to : gh_0c02969f70a6 ;
time : 1526113003 ;
type : event ;

2018-05-12 16:16:43 params :
------------
Array:
rule : -2 ;
module :  ;
message : Array ;

2018-05-12 16:16:43 response :
------------

2018-05-12 16:19:36 trace :
------------
Array:
tousername : gh_0c02969f70a6 ;
fromusername : oSI4LjzGDzCztrhCP10C7-4flpE4 ;
createtime : 1526113176 ;
msgtype : event ;
event : VIEW ;
eventkey : http://zz.jhzh66.com/app/index.php?i=8&c=entry&p=merch&do=member&m=sz_yi&wxref=mp.weixin.qq.com&from=groupmessage&isappinstalled=0#wechat_redirect ;
menuid : 425552920 ;
from : oSI4LjzGDzCztrhCP10C7-4flpE4 ;
to : gh_0c02969f70a6 ;
time : 1526113176 ;
type : event ;

2018-05-12 16:19:36 params :
------------
Array:
rule : -2 ;
module :  ;
message : Array ;

2018-05-12 16:19:36 response :
------------

2018-05-12 16:21:18 trace :
------------
Array:
tousername : gh_0c02969f70a6 ;
fromusername : oSI4Lj4D4s1OS7Tx2J5YcCVk40og ;
createtime : 1526113278 ;
msgtype : event ;
event : VIEW ;
eventkey : http://zz.jhzh66.com/app/index.php?i=8&c=entry&eid=194 ;
menuid : 425552920 ;
from : oSI4Lj4D4s1OS7Tx2J5YcCVk40og ;
to : gh_0c02969f70a6 ;
time : 1526113278 ;
type : event ;

2018-05-12 16:21:18 params :
------------
Array:
rule : -2 ;
module :  ;
message : Array ;

2018-05-12 16:21:18 response :
------------

2018-05-12 16:21:34 trace :
------------
Array:
tousername : gh_0c02969f70a6 ;
fromusername : oSI4Lj4D4s1OS7Tx2J5YcCVk40og ;
createtime : 1526113294 ;
msgtype : event ;
event : VIEW ;
eventkey : http://zz.jhzh66.com/app/index.php?i=8&c=entry&p=merch&do=member&m=sz_yi&wxref=mp.weixin.qq.com&from=groupmessage&isappinstalled=0#wechat_redirect ;
menuid : 425552920 ;
from : oSI4Lj4D4s1OS7Tx2J5YcCVk40og ;
to : gh_0c02969f70a6 ;
time : 1526113294 ;
type : event ;

2018-05-12 16:21:34 params :
------------
Array:
rule : -2 ;
module :  ;
message : Array ;

2018-05-12 16:21:34 response :
------------

2018-05-12 16:21:53 trace :
------------
Array:
tousername : gh_0c02969f70a6 ;
fromusername : oSI4Lj8nRZY0aV_t-nA1I3ofr6gk ;
createtime : 1526113313 ;
msgtype : event ;
event : VIEW ;
eventkey : http://zz.jhzh66.com/app/index.php?i=8&c=entry&p=merch&do=member&m=sz_yi&wxref=mp.weixin.qq.com&from=groupmessage&isappinstalled=0#wechat_redirect ;
menuid : 425552920 ;
from : oSI4Lj8nRZY0aV_t-nA1I3ofr6gk ;
to : gh_0c02969f70a6 ;
time : 1526113313 ;
type : event ;

2018-05-12 16:21:53 params :
------------
Array:
rule : -2 ;
module :  ;
message : Array ;

2018-05-12 16:21:53 response :
------------

2018-05-12 16:23:49 trace :
------------
Array:
tousername : gh_0c02969f70a6 ;
fromusername : oSI4LjzGDzCztrhCP10C7-4flpE4 ;
createtime : 1526113429 ;
msgtype : event ;
event : VIEW ;
eventkey : http://zz.jhzh66.com/app/index.php?i=8&c=entry&p=merch&do=member&m=sz_yi&wxref=mp.weixin.qq.com&from=groupmessage&isappinstalled=0#wechat_redirect ;
menuid : 425552920 ;
from : oSI4LjzGDzCztrhCP10C7-4flpE4 ;
to : gh_0c02969f70a6 ;
time : 1526113429 ;
type : event ;

2018-05-12 16:23:49 params :
------------
Array:
rule : -2 ;
module :  ;
message : Array ;

2018-05-12 16:23:49 response :
------------

2018-05-12 16:24:22 trace :
------------
Array:
tousername : gh_0c02969f70a6 ;
fromusername : oSI4LjzGDzCztrhCP10C7-4flpE4 ;
createtime : 1526113461 ;
msgtype : event ;
event : VIEW ;
eventkey : http://zz.jhzh66.com/app/index.php?i=8&c=entry&eid=194 ;
menuid : 425552920 ;
from : oSI4LjzGDzCztrhCP10C7-4flpE4 ;
to : gh_0c02969f70a6 ;
time : 1526113461 ;
type : event ;

2018-05-12 16:24:22 params :
------------
Array:
rule : -2 ;
module :  ;
message : Array ;

2018-05-12 16:24:22 response :
------------

2018-05-12 16:25:41 trace :
------------
Array:
tousername : gh_0c02969f70a6 ;
fromusername : oSI4Lj95EWi6-qifEuK2-xlggHx4 ;
createtime : 1526113541 ;
msgtype : event ;
event : VIEW ;
eventkey : http://zz.jhzh66.com/app/index.php?i=8&c=entry&eid=198 ;
menuid : 425552920 ;
from : oSI4Lj95EWi6-qifEuK2-xlggHx4 ;
to : gh_0c02969f70a6 ;
time : 1526113541 ;
type : event ;

2018-05-12 16:25:41 params :
------------
Array:
rule : -2 ;
module :  ;
message : Array ;

2018-05-12 16:25:41 response :
------------

2018-05-12 16:26:00 trace :
------------
Array:
tousername : gh_0c02969f70a6 ;
fromusername : oSI4Lj95EWi6-qifEuK2-xlggHx4 ;
createtime : 1526113559 ;
msgtype : event ;
event : VIEW ;
eventkey : http://zz.jhzh66.com/app/index.php?i=8&c=entry&p=merch&do=member&m=sz_yi&wxref=mp.weixin.qq.com&from=groupmessage&isappinstalled=0#wechat_redirect ;
menuid : 425552920 ;
from : oSI4Lj95EWi6-qifEuK2-xlggHx4 ;
to : gh_0c02969f70a6 ;
time : 1526113559 ;
type : event ;

2018-05-12 16:26:00 params :
------------
Array:
rule : -2 ;
module :  ;
message : Array ;

2018-05-12 16:26:00 response :
------------

2018-05-12 16:41:41 trace :
------------
Array:
tousername : gh_0c02969f70a6 ;
fromusername : oSI4LjzGDzCztrhCP10C7-4flpE4 ;
createtime : 1526114501 ;
msgtype : event ;
event : VIEW ;
eventkey : http://zz.jhzh66.com/app/index.php?i=8&c=entry&eid=194 ;
menuid : 425552920 ;
from : oSI4LjzGDzCztrhCP10C7-4flpE4 ;
to : gh_0c02969f70a6 ;
time : 1526114501 ;
type : event ;

2018-05-12 16:41:41 params :
------------
Array:
rule : -2 ;
module :  ;
message : Array ;

2018-05-12 16:41:41 response :
------------

2018-05-12 16:42:07 trace :
------------
Array:
tousername : gh_0c02969f70a6 ;
fromusername : oSI4LjzGDzCztrhCP10C7-4flpE4 ;
createtime : 1526114527 ;
msgtype : event ;
event : VIEW ;
eventkey : http://zz.jhzh66.com/app/index.php?i=8&c=entry&eid=194 ;
menuid : 425552920 ;
from : oSI4LjzGDzCztrhCP10C7-4flpE4 ;
to : gh_0c02969f70a6 ;
time : 1526114527 ;
type : event ;

2018-05-12 16:42:07 params :
------------
Array:
rule : -2 ;
module :  ;
message : Array ;

2018-05-12 16:42:07 response :
------------

2018-05-12 16:45:24 trace :
------------
Array:
tousername : gh_0c02969f70a6 ;
fromusername : oSI4Lj2wkg2n_JN-yauY6A4GH8V4 ;
createtime : 1526114724 ;
msgtype : event ;
event : VIEW ;
eventkey : http://zz.jhzh66.com/app/index.php?i=8&c=entry&eid=194 ;
menuid : 425552920 ;
from : oSI4Lj2wkg2n_JN-yauY6A4GH8V4 ;
to : gh_0c02969f70a6 ;
time : 1526114724 ;
type : event ;

2018-05-12 16:45:24 params :
------------
Array:
rule : -2 ;
module :  ;
message : Array ;

2018-05-12 16:45:24 response :
------------

2018-05-12 16:45:25 trace :
------------
Array:
tousername : gh_0c02969f70a6 ;
fromusername : oSI4Lj_cD__365bOSvZnftSowkUQ ;
createtime : 1526114724 ;
msgtype : event ;
event : VIEW ;
eventkey : http://zz.jhzh66.com/app/index.php?i=8&c=entry&eid=198 ;
menuid : 425552920 ;
from : oSI4Lj_cD__365bOSvZnftSowkUQ ;
to : gh_0c02969f70a6 ;
time : 1526114724 ;
type : event ;

2018-05-12 16:45:25 params :
------------
Array:
rule : -2 ;
module :  ;
message : Array ;

2018-05-12 16:45:25 response :
------------

2018-05-12 16:53:35 trace :
------------
Array:
tousername : gh_0c02969f70a6 ;
fromusername : oSI4LjzGDzCztrhCP10C7-4flpE4 ;
createtime : 1526115215 ;
msgtype : event ;
event : VIEW ;
eventkey : http://zz.jhzh66.com/app/index.php?i=8&c=entry&p=merch&do=member&m=sz_yi&wxref=mp.weixin.qq.com&from=groupmessage&isappinstalled=0#wechat_redirect ;
menuid : 425552920 ;
from : oSI4LjzGDzCztrhCP10C7-4flpE4 ;
to : gh_0c02969f70a6 ;
time : 1526115215 ;
type : event ;

2018-05-12 16:53:35 params :
------------
Array:
rule : -2 ;
module :  ;
message : Array ;

2018-05-12 16:53:35 response :
------------

2018-05-12 16:54:55 trace :
------------
Array:
tousername : gh_0c02969f70a6 ;
fromusername : oSI4LjzGDzCztrhCP10C7-4flpE4 ;
createtime : 1526115294 ;
msgtype : event ;
event : VIEW ;
eventkey : http://zz.jhzh66.com/app/index.php?i=8&c=entry&eid=198 ;
menuid : 425552920 ;
from : oSI4LjzGDzCztrhCP10C7-4flpE4 ;
to : gh_0c02969f70a6 ;
time : 1526115294 ;
type : event ;

2018-05-12 16:54:55 params :
------------
Array:
rule : -2 ;
module :  ;
message : Array ;

2018-05-12 16:54:55 response :
------------

2018-05-12 17:04:44 trace :
------------
Array:
tousername : gh_0c02969f70a6 ;
fromusername : oSI4Lj-wX302fE8AWfr0kHtrNvVk ;
createtime : 1526115884 ;
msgtype : event ;
event : SCAN ;
eventkey : a360befa95f8e830d75cf629e49b0b13 ;
ticket : gQFy8TwAAAAAAAAAAS5odHRwOi8vd2VpeGluLnFxLmNvbS9xLzAyM0hVNkFyOGU4YmYxMDAwME0wN1AAAgRk4c1aAwQAAAAA ;
from : oSI4Lj-wX302fE8AWfr0kHtrNvVk ;
to : gh_0c02969f70a6 ;
time : 1526115884 ;
type : subscribe ;
scene : a360befa95f8e830d75cf629e49b0b13 ;

2018-05-12 17:04:51 trace :
------------
Array:
tousername : gh_0c02969f70a6 ;
fromusername : oSI4Lj-wX302fE8AWfr0kHtrNvVk ;
createtime : 1526115890 ;
msgtype : event ;
event : CLICK ;
eventkey : 关注 ;
from : oSI4Lj-wX302fE8AWfr0kHtrNvVk ;
to : gh_0c02969f70a6 ;
time : 1526115890 ;
type : event ;

2018-05-12 17:05:03 trace :
------------
Array:
tousername : gh_0c02969f70a6 ;
fromusername : oSI4Lj-wX302fE8AWfr0kHtrNvVk ;
createtime : 1526115902 ;
msgtype : event ;
event : VIEW ;
eventkey : http://zz.jhzh66.com/app/index.php?i=8&c=entry&eid=198 ;
menuid : 425552920 ;
from : oSI4Lj-wX302fE8AWfr0kHtrNvVk ;
to : gh_0c02969f70a6 ;
time : 1526115902 ;
type : event ;

2018-05-12 17:05:03 params :
------------
Array:
rule : -2 ;
module :  ;
message : Array ;

2018-05-12 17:05:03 response :
------------

2018-05-12 17:05:41 trace :
------------
Array:
tousername : gh_0c02969f70a6 ;
fromusername : oSI4Lj-wX302fE8AWfr0kHtrNvVk ;
createtime : 1526115941 ;
msgtype : event ;
event : VIEW ;
eventkey : http://zz.jhzh66.com/app/index.php?i=8&c=entry&eid=194 ;
menuid : 425552920 ;
from : oSI4Lj-wX302fE8AWfr0kHtrNvVk ;
to : gh_0c02969f70a6 ;
time : 1526115941 ;
type : event ;

2018-05-12 17:05:41 params :
------------
Array:
rule : -2 ;
module :  ;
message : Array ;

2018-05-12 17:05:41 response :
------------

2018-05-12 17:08:47 trace :
------------
Array:
tousername : gh_0c02969f70a6 ;
fromusername : oSI4Lj2wkg2n_JN-yauY6A4GH8V4 ;
createtime : 1526116127 ;
msgtype : event ;
event : VIEW ;
eventkey : http://zz.jhzh66.com/app/index.php?i=8&c=entry&eid=198 ;
menuid : 425552920 ;
from : oSI4Lj2wkg2n_JN-yauY6A4GH8V4 ;
to : gh_0c02969f70a6 ;
time : 1526116127 ;
type : event ;

2018-05-12 17:08:47 params :
------------
Array:
rule : -2 ;
module :  ;
message : Array ;

2018-05-12 17:08:47 response :
------------

2018-05-12 17:10:50 trace :
------------
Array:
tousername : gh_0c02969f70a6 ;
fromusername : oSI4LjzGDzCztrhCP10C7-4flpE4 ;
createtime : 1526116250 ;
msgtype : event ;
event : VIEW ;
eventkey : http://zz.jhzh66.com/app/index.php?i=8&c=site&a=site&do=detail&id=2 ;
menuid : 425552920 ;
from : oSI4LjzGDzCztrhCP10C7-4flpE4 ;
to : gh_0c02969f70a6 ;
time : 1526116250 ;
type : event ;

2018-05-12 17:10:50 params :
------------
Array:
rule : -2 ;
module :  ;
message : Array ;

2018-05-12 17:10:50 response :
------------

2018-05-12 17:27:15 trace :
------------
Array:
tousername : gh_0c02969f70a6 ;
fromusername : oSI4Ljw33SxPlWpwQR-JVsQJ6sWo ;
createtime : 1526117235 ;
msgtype : event ;
event : VIEW ;
eventkey : http://zz.jhzh66.com/app/index.php?i=8&c=entry&p=merch&do=member&m=sz_yi&wxref=mp.weixin.qq.com&from=groupmessage&isappinstalled=0#wechat_redirect ;
menuid : 425552920 ;
from : oSI4Ljw33SxPlWpwQR-JVsQJ6sWo ;
to : gh_0c02969f70a6 ;
time : 1526117235 ;
type : event ;

2018-05-12 17:27:15 params :
------------
Array:
rule : -2 ;
module :  ;
message : Array ;

2018-05-12 17:27:15 response :
------------

2018-05-12 17:28:58 trace :
------------
Array:
tousername : gh_0c02969f70a6 ;
fromusername : oSI4LjzIBAPsqFcY35az8YBSTZOE ;
createtime : 1526117338 ;
msgtype : event ;
event : VIEW ;
eventkey : http://zz.jhzh66.com/app/index.php?i=8&c=entry&p=merch&do=member&m=sz_yi&wxref=mp.weixin.qq.com&from=groupmessage&isappinstalled=0#wechat_redirect ;
menuid : 425552920 ;
from : oSI4LjzIBAPsqFcY35az8YBSTZOE ;
to : gh_0c02969f70a6 ;
time : 1526117338 ;
type : event ;

2018-05-12 17:28:58 params :
------------
Array:
rule : -2 ;
module :  ;
message : Array ;

2018-05-12 17:28:58 response :
------------

2018-05-12 17:30:50 trace :
------------
Array:
tousername : gh_0c02969f70a6 ;
fromusername : oSI4LjzGDzCztrhCP10C7-4flpE4 ;
createtime : 1526117450 ;
msgtype : event ;
event : VIEW ;
eventkey : http://zz.jhzh66.com/app/index.php?i=8&c=entry&p=merch&do=member&m=sz_yi&wxref=mp.weixin.qq.com&from=groupmessage&isappinstalled=0#wechat_redirect ;
menuid : 425552920 ;
from : oSI4LjzGDzCztrhCP10C7-4flpE4 ;
to : gh_0c02969f70a6 ;
time : 1526117450 ;
type : event ;

2018-05-12 17:30:50 params :
------------
Array:
rule : -2 ;
module :  ;
message : Array ;

2018-05-12 17:30:50 response :
------------

2018-05-12 17:30:58 trace :
------------
Array:
tousername : gh_0c02969f70a6 ;
fromusername : oSI4LjzIBAPsqFcY35az8YBSTZOE ;
createtime : 1526117458 ;
msgtype : event ;
event : VIEW ;
eventkey : http://zz.jhzh66.com/app/index.php?i=8&c=entry&eid=198 ;
menuid : 425552920 ;
from : oSI4LjzIBAPsqFcY35az8YBSTZOE ;
to : gh_0c02969f70a6 ;
time : 1526117458 ;
type : event ;

2018-05-12 17:30:58 params :
------------
Array:
rule : -2 ;
module :  ;
message : Array ;

2018-05-12 17:30:58 response :
------------

2018-05-12 17:31:49 trace :
------------
Array:
tousername : gh_0c02969f70a6 ;
fromusername : oSI4LjzGDzCztrhCP10C7-4flpE4 ;
createtime : 1526117509 ;
msgtype : event ;
event : VIEW ;
eventkey : http://zz.jhzh66.com/app/index.php?i=8&c=entry&eid=194 ;
menuid : 425552920 ;
from : oSI4LjzGDzCztrhCP10C7-4flpE4 ;
to : gh_0c02969f70a6 ;
time : 1526117509 ;
type : event ;

2018-05-12 17:31:49 params :
------------
Array:
rule : -2 ;
module :  ;
message : Array ;

2018-05-12 17:31:49 response :
------------

2018-05-12 17:31:53 trace :
------------
Array:
tousername : gh_0c02969f70a6 ;
fromusername : oSI4LjzGDzCztrhCP10C7-4flpE4 ;
createtime : 1526117513 ;
msgtype : event ;
event : VIEW ;
eventkey : http://zz.jhzh66.com/app/index.php?i=8&c=entry&p=merch&do=member&m=sz_yi&wxref=mp.weixin.qq.com&from=groupmessage&isappinstalled=0#wechat_redirect ;
menuid : 425552920 ;
from : oSI4LjzGDzCztrhCP10C7-4flpE4 ;
to : gh_0c02969f70a6 ;
time : 1526117513 ;
type : event ;

2018-05-12 17:31:53 params :
------------
Array:
rule : -2 ;
module :  ;
message : Array ;

2018-05-12 17:31:53 response :
------------

2018-05-12 17:36:21 trace :
------------
Array:
tousername : gh_0c02969f70a6 ;
fromusername : oSI4Lj8oAPTmAX2uQ7KkulZPMvEk ;
createtime : 1526117781 ;
msgtype : event ;
event : VIEW ;
eventkey : http://zz.jhzh66.com/app/index.php?i=8&c=entry&eid=198 ;
menuid : 425552920 ;
from : oSI4Lj8oAPTmAX2uQ7KkulZPMvEk ;
to : gh_0c02969f70a6 ;
time : 1526117781 ;
type : event ;

2018-05-12 17:36:21 params :
------------
Array:
rule : -2 ;
module :  ;
message : Array ;

2018-05-12 17:36:21 response :
------------

2018-05-12 17:51:57 trace :
------------
Array:
tousername : gh_0c02969f70a6 ;
fromusername : oSI4LjzIBAPsqFcY35az8YBSTZOE ;
createtime : 1526118717 ;
msgtype : event ;
event : VIEW ;
eventkey : http://zz.jhzh66.com/app/index.php?i=8&c=entry&eid=198 ;
menuid : 425552920 ;
from : oSI4LjzIBAPsqFcY35az8YBSTZOE ;
to : gh_0c02969f70a6 ;
time : 1526118717 ;
type : event ;

2018-05-12 17:51:57 params :
------------
Array:
rule : -2 ;
module :  ;
message : Array ;

2018-05-12 17:51:57 response :
------------

2018-05-12 17:52:20 trace :
------------
Array:
tousername : gh_0c02969f70a6 ;
fromusername : oSI4LjzIBAPsqFcY35az8YBSTZOE ;
createtime : 1526118740 ;
msgtype : event ;
event : VIEW ;
eventkey : http://zz.jhzh66.com/app/index.php?i=8&c=entry&eid=198 ;
menuid : 425552920 ;
from : oSI4LjzIBAPsqFcY35az8YBSTZOE ;
to : gh_0c02969f70a6 ;
time : 1526118740 ;
type : event ;

2018-05-12 17:52:20 params :
------------
Array:
rule : -2 ;
module :  ;
message : Array ;

2018-05-12 17:52:20 response :
------------

2018-05-12 17:55:52 trace :
------------
Array:
tousername : gh_0c02969f70a6 ;
fromusername : oSI4LjzGDzCztrhCP10C7-4flpE4 ;
createtime : 1526118951 ;
msgtype : event ;
event : VIEW ;
eventkey : http://www.haolangtech.com/index.php/addon/HotActivity/HotActivity/leagueindex/id/1.html?from=groupmessage&isappinstalled=0 ;
menuid : 425552920 ;
from : oSI4LjzGDzCztrhCP10C7-4flpE4 ;
to : gh_0c02969f70a6 ;
time : 1526118951 ;
type : event ;

2018-05-12 17:55:52 params :
------------
Array:
rule : -2 ;
module :  ;
message : Array ;

2018-05-12 17:55:52 response :
------------

2018-05-12 17:57:02 trace :
------------
Array:
tousername : gh_0c02969f70a6 ;
fromusername : oSI4Lj5MStec27AMuP4OUVtZQ_Hs ;
createtime : 1526119021 ;
msgtype : event ;
event : subscribe ;
eventkey : Array ;
from : oSI4Lj5MStec27AMuP4OUVtZQ_Hs ;
to : gh_0c02969f70a6 ;
time : 1526119021 ;
type : subscribe ;

2018-05-12 17:57:02 params :
------------
Array:
rule : -2 ;
module :  ;
message : Array ;

2018-05-12 17:57:02 response :
------------

2018-05-12 17:57:05 trace :
------------
Array:
tousername : gh_0c02969f70a6 ;
fromusername : oSI4Lj5MStec27AMuP4OUVtZQ_Hs ;
createtime : 1526119025 ;
msgtype : event ;
event : CLICK ;
eventkey : 关注 ;
from : oSI4Lj5MStec27AMuP4OUVtZQ_Hs ;
to : gh_0c02969f70a6 ;
time : 1526119025 ;
type : event ;

2018-05-12 17:58:26 trace :
------------
Array:
tousername : gh_0c02969f70a6 ;
fromusername : oSI4LjzGDzCztrhCP10C7-4flpE4 ;
createtime : 1526119106 ;
msgtype : event ;
event : VIEW ;
eventkey : http://zz.jhzh66.com/app/index.php?i=8&c=site&a=site&do=detail&id=2 ;
menuid : 425552920 ;
from : oSI4LjzGDzCztrhCP10C7-4flpE4 ;
to : gh_0c02969f70a6 ;
time : 1526119106 ;
type : event ;

2018-05-12 17:58:26 params :
------------
Array:
rule : -2 ;
module :  ;
message : Array ;

2018-05-12 17:58:26 response :
------------

2018-05-12 17:59:42 trace :
------------
Array:
tousername : gh_0c02969f70a6 ;
fromusername : oSI4LjzIBAPsqFcY35az8YBSTZOE ;
createtime : 1526119182 ;
msgtype : event ;
event : VIEW ;
eventkey : http://zz.jhzh66.com/app/index.php?i=8&c=entry&eid=198 ;
menuid : 425552920 ;
from : oSI4LjzIBAPsqFcY35az8YBSTZOE ;
to : gh_0c02969f70a6 ;
time : 1526119182 ;
type : event ;

2018-05-12 17:59:42 params :
------------
Array:
rule : -2 ;
module :  ;
message : Array ;

2018-05-12 17:59:42 response :
------------

2018-05-12 18:04:28 trace :
------------
Array:
tousername : gh_0c02969f70a6 ;
fromusername : oSI4LjzIBAPsqFcY35az8YBSTZOE ;
createtime : 1526119468 ;
msgtype : event ;
event : VIEW ;
eventkey : http://zz.jhzh66.com/app/index.php?i=8&c=entry&eid=198 ;
menuid : 425552920 ;
from : oSI4LjzIBAPsqFcY35az8YBSTZOE ;
to : gh_0c02969f70a6 ;
time : 1526119468 ;
type : event ;

2018-05-12 18:04:28 params :
------------
Array:
rule : -2 ;
module :  ;
message : Array ;

2018-05-12 18:04:28 response :
------------

2018-05-12 18:04:50 trace :
------------
Array:
tousername : gh_0c02969f70a6 ;
fromusername : oSI4LjzIBAPsqFcY35az8YBSTZOE ;
createtime : 1526119490 ;
msgtype : event ;
event : VIEW ;
eventkey : http://zz.jhzh66.com/app/index.php?i=8&c=entry&eid=198 ;
menuid : 425552920 ;
from : oSI4LjzIBAPsqFcY35az8YBSTZOE ;
to : gh_0c02969f70a6 ;
time : 1526119490 ;
type : event ;

2018-05-12 18:04:50 params :
------------
Array:
rule : -2 ;
module :  ;
message : Array ;

2018-05-12 18:04:50 response :
------------

2018-05-12 18:05:17 trace :
------------
Array:
tousername : gh_0c02969f70a6 ;
fromusername : oSI4Ljw33SxPlWpwQR-JVsQJ6sWo ;
createtime : 1526119517 ;
msgtype : event ;
event : VIEW ;
eventkey : http://zz.jhzh66.com/app/index.php?i=8&c=entry&eid=198 ;
menuid : 425552920 ;
from : oSI4Ljw33SxPlWpwQR-JVsQJ6sWo ;
to : gh_0c02969f70a6 ;
time : 1526119517 ;
type : event ;

2018-05-12 18:05:17 params :
------------
Array:
rule : -2 ;
module :  ;
message : Array ;

2018-05-12 18:05:17 response :
------------

2018-05-12 18:07:36 trace :
------------
Array:
tousername : gh_0c02969f70a6 ;
fromusername : oSI4LjzGDzCztrhCP10C7-4flpE4 ;
createtime : 1526119656 ;
msgtype : event ;
event : VIEW ;
eventkey : http://zz.jhzh66.com/app/index.php?i=8&c=entry&eid=194 ;
menuid : 425552920 ;
from : oSI4LjzGDzCztrhCP10C7-4flpE4 ;
to : gh_0c02969f70a6 ;
time : 1526119656 ;
type : event ;

2018-05-12 18:07:36 params :
------------
Array:
rule : -2 ;
module :  ;
message : Array ;

2018-05-12 18:07:36 response :
------------

2018-05-12 18:07:42 trace :
------------
Array:
tousername : gh_0c02969f70a6 ;
fromusername : oSI4LjzIBAPsqFcY35az8YBSTZOE ;
createtime : 1526119662 ;
msgtype : event ;
event : VIEW ;
eventkey : http://zz.jhzh66.com/app/index.php?i=8&c=entry&eid=198 ;
menuid : 425552920 ;
from : oSI4LjzIBAPsqFcY35az8YBSTZOE ;
to : gh_0c02969f70a6 ;
time : 1526119662 ;
type : event ;

2018-05-12 18:07:42 params :
------------
Array:
rule : -2 ;
module :  ;
message : Array ;

2018-05-12 18:07:42 response :
------------

2018-05-12 18:15:32 trace :
------------
Array:
tousername : gh_0c02969f70a6 ;
fromusername : oSI4Lj2Yef0zxzFqreV4g3fl-vfI ;
createtime : 1526120132 ;
msgtype : event ;
event : VIEW ;
eventkey : http://zz.jhzh66.com/app/index.php?i=8&c=entry&eid=198 ;
menuid : 425552920 ;
from : oSI4Lj2Yef0zxzFqreV4g3fl-vfI ;
to : gh_0c02969f70a6 ;
time : 1526120132 ;
type : event ;

2018-05-12 18:15:32 params :
------------
Array:
rule : -2 ;
module :  ;
message : Array ;

2018-05-12 18:15:32 response :
------------

2018-05-12 18:18:44 trace :
------------
Array:
tousername : gh_0c02969f70a6 ;
fromusername : oSI4LjzGDzCztrhCP10C7-4flpE4 ;
createtime : 1526120324 ;
msgtype : event ;
event : VIEW ;
eventkey : http://zz.jhzh66.com/app/index.php?i=8&c=site&a=site&do=detail&id=2 ;
menuid : 425552920 ;
from : oSI4LjzGDzCztrhCP10C7-4flpE4 ;
to : gh_0c02969f70a6 ;
time : 1526120324 ;
type : event ;

2018-05-12 18:18:44 params :
------------
Array:
rule : -2 ;
module :  ;
message : Array ;

2018-05-12 18:18:44 response :
------------

2018-05-12 18:33:13 trace :
------------
Array:
tousername : gh_0c02969f70a6 ;
fromusername : oSI4LjzGDzCztrhCP10C7-4flpE4 ;
createtime : 1526121193 ;
msgtype : event ;
event : VIEW ;
eventkey : http://zz.jhzh66.com/app/index.php?i=8&c=entry&eid=198 ;
menuid : 425552920 ;
from : oSI4LjzGDzCztrhCP10C7-4flpE4 ;
to : gh_0c02969f70a6 ;
time : 1526121193 ;
type : event ;

2018-05-12 18:33:13 params :
------------
Array:
rule : -2 ;
module :  ;
message : Array ;

2018-05-12 18:33:13 response :
------------

2018-05-12 18:45:04 trace :
------------
Array:
tousername : gh_0c02969f70a6 ;
fromusername : oSI4LjzGDzCztrhCP10C7-4flpE4 ;
createtime : 1526121903 ;
msgtype : event ;
event : VIEW ;
eventkey : http://zz.jhzh66.com/app/index.php?i=8&c=entry&p=merch&do=member&m=sz_yi&wxref=mp.weixin.qq.com&from=groupmessage&isappinstalled=0#wechat_redirect ;
menuid : 425552920 ;
from : oSI4LjzGDzCztrhCP10C7-4flpE4 ;
to : gh_0c02969f70a6 ;
time : 1526121903 ;
type : event ;

2018-05-12 18:45:04 params :
------------
Array:
rule : -2 ;
module :  ;
message : Array ;

2018-05-12 18:45:04 response :
------------

2018-05-12 18:45:55 trace :
------------
Array:
tousername : gh_0c02969f70a6 ;
fromusername : oSI4LjzGDzCztrhCP10C7-4flpE4 ;
createtime : 1526121955 ;
msgtype : event ;
event : VIEW ;
eventkey : http://zz.jhzh66.com/app/index.php?i=8&c=entry&eid=194 ;
menuid : 425552920 ;
from : oSI4LjzGDzCztrhCP10C7-4flpE4 ;
to : gh_0c02969f70a6 ;
time : 1526121955 ;
type : event ;

2018-05-12 18:45:55 params :
------------
Array:
rule : -2 ;
module :  ;
message : Array ;

2018-05-12 18:45:55 response :
------------

2018-05-12 18:46:28 trace :
------------
Array:
tousername : gh_0c02969f70a6 ;
fromusername : oSI4LjzGDzCztrhCP10C7-4flpE4 ;
createtime : 1526121988 ;
msgtype : event ;
event : VIEW ;
eventkey : http://zz.jhzh66.com/app/index.php?i=8&c=entry&p=merch&do=member&m=sz_yi&wxref=mp.weixin.qq.com&from=groupmessage&isappinstalled=0#wechat_redirect ;
menuid : 425552920 ;
from : oSI4LjzGDzCztrhCP10C7-4flpE4 ;
to : gh_0c02969f70a6 ;
time : 1526121988 ;
type : event ;

2018-05-12 18:46:28 params :
------------
Array:
rule : -2 ;
module :  ;
message : Array ;

2018-05-12 18:46:28 response :
------------

2018-05-12 18:49:50 trace :
------------
Array:
tousername : gh_0c02969f70a6 ;
fromusername : oSI4Lj7hUu1DakkazgCmYqhbmDtA ;
createtime : 1526122190 ;
msgtype : event ;
event : VIEW ;
eventkey : http://zz.jhzh66.com/app/index.php?i=8&c=entry&eid=194 ;
menuid : 425552920 ;
from : oSI4Lj7hUu1DakkazgCmYqhbmDtA ;
to : gh_0c02969f70a6 ;
time : 1526122190 ;
type : event ;

2018-05-12 18:49:50 params :
------------
Array:
rule : -2 ;
module :  ;
message : Array ;

2018-05-12 18:49:50 response :
------------

2018-05-12 18:52:52 trace :
------------
Array:
tousername : gh_0c02969f70a6 ;
fromusername : oSI4Lj7hUu1DakkazgCmYqhbmDtA ;
createtime : 1526122372 ;
msgtype : event ;
event : VIEW ;
eventkey : http://zz.jhzh66.com/app/index.php?i=8&c=entry&eid=194 ;
menuid : 425552920 ;
from : oSI4Lj7hUu1DakkazgCmYqhbmDtA ;
to : gh_0c02969f70a6 ;
time : 1526122372 ;
type : event ;

2018-05-12 18:52:52 params :
------------
Array:
rule : -2 ;
module :  ;
message : Array ;

2018-05-12 18:52:52 response :
------------

2018-05-12 18:53:08 trace :
------------
Array:
tousername : gh_0c02969f70a6 ;
fromusername : oSI4Lj7hUu1DakkazgCmYqhbmDtA ;
createtime : 1526122388 ;
msgtype : event ;
event : VIEW ;
eventkey : http://zz.jhzh66.com/app/index.php?i=8&c=entry&eid=194 ;
menuid : 425552920 ;
from : oSI4Lj7hUu1DakkazgCmYqhbmDtA ;
to : gh_0c02969f70a6 ;
time : 1526122388 ;
type : event ;

2018-05-12 18:53:08 params :
------------
Array:
rule : -2 ;
module :  ;
message : Array ;

2018-05-12 18:53:08 response :
------------

2018-05-12 19:03:08 trace :
------------
Array:
tousername : gh_0c02969f70a6 ;
fromusername : oSI4LjzGDzCztrhCP10C7-4flpE4 ;
createtime : 1526122988 ;
msgtype : event ;
event : CLICK ;
eventkey : 介绍 ;
from : oSI4LjzGDzCztrhCP10C7-4flpE4 ;
to : gh_0c02969f70a6 ;
time : 1526122988 ;
type : event ;

2018-05-12 19:03:08 params :
------------
Array:
message : Array ;
module : basic ;
rule : 1013 ;
priority : 0 ;
keyword : Array ;

2018-05-12 19:03:08 response :
------------
Array:
FromUserName : gh_0c02969f70a6 ;
ToUserName : oSI4LjzGDzCztrhCP10C7-4flpE4 ;
MsgType : text ;
Content : 易货联盟平台介绍 https://u.eqxiu.com/s/6szkjdIq   

代理商收益介绍 https://h.eqxiu.com/s/U4YBmmJj   

5月19-20日阿里梦-全国易货联盟商家对接峰会 https://b.eqxiu.com/s/nBIsBaiB ;

2018-05-12 19:09:28 trace :
------------
Array:
tousername : gh_0c02969f70a6 ;
fromusername : oSI4LjzGDzCztrhCP10C7-4flpE4 ;
createtime : 1526123368 ;
msgtype : event ;
event : CLICK ;
eventkey : 介绍 ;
from : oSI4LjzGDzCztrhCP10C7-4flpE4 ;
to : gh_0c02969f70a6 ;
time : 1526123368 ;
type : event ;

2018-05-12 19:09:28 params :
------------
Array:
message : Array ;
module : basic ;
rule : 1013 ;
priority : 0 ;
keyword : Array ;

2018-05-12 19:09:28 response :
------------
Array:
FromUserName : gh_0c02969f70a6 ;
ToUserName : oSI4LjzGDzCztrhCP10C7-4flpE4 ;
MsgType : text ;
Content : 易货联盟平台介绍 https://u.eqxiu.com/s/6szkjdIq   

代理商收益介绍 https://h.eqxiu.com/s/U4YBmmJj   

5月19-20日阿里梦-全国易货联盟商家对接峰会 https://b.eqxiu.com/s/nBIsBaiB ;

2018-05-12 19:13:18 trace :
------------
Array:
tousername : gh_0c02969f70a6 ;
fromusername : oSI4LjzGDzCztrhCP10C7-4flpE4 ;
createtime : 1526123598 ;
msgtype : event ;
event : CLICK ;
eventkey : 关注 ;
from : oSI4LjzGDzCztrhCP10C7-4flpE4 ;
to : gh_0c02969f70a6 ;
time : 1526123598 ;
type : event ;

2018-05-12 19:13:20 trace :
------------
Array:
tousername : gh_0c02969f70a6 ;
fromusername : oSI4LjzGDzCztrhCP10C7-4flpE4 ;
createtime : 1526123600 ;
msgtype : event ;
event : VIEW ;
eventkey : http://zz.jhzh66.com/app/index.php?i=8&c=entry&eid=198 ;
menuid : 425552920 ;
from : oSI4LjzGDzCztrhCP10C7-4flpE4 ;
to : gh_0c02969f70a6 ;
time : 1526123600 ;
type : event ;

2018-05-12 19:13:20 params :
------------
Array:
rule : -2 ;
module :  ;
message : Array ;

2018-05-12 19:13:20 response :
------------

2018-05-12 19:21:07 trace :
------------
Array:
tousername : gh_0c02969f70a6 ;
fromusername : oSI4LjzGDzCztrhCP10C7-4flpE4 ;
createtime : 1526124067 ;
msgtype : event ;
event : SCAN ;
eventkey : 5141e420449e42c7df87975ef87074b6 ;
ticket : gQHp8TwAAAAAAAAAAS5odHRwOi8vd2VpeGluLnFxLmNvbS9xLzAyZjNCWkJmOGU4YmYxMDAwMDAwN2oAAgTj86RaAwQAAAAA ;
from : oSI4LjzGDzCztrhCP10C7-4flpE4 ;
to : gh_0c02969f70a6 ;
time : 1526124067 ;
type : subscribe ;
scene : 5141e420449e42c7df87975ef87074b6 ;

2018-05-12 19:22:51 trace :
------------
Array:
tousername : gh_0c02969f70a6 ;
fromusername : oSI4LjzGDzCztrhCP10C7-4flpE4 ;
createtime : 1526124171 ;
msgtype : event ;
event : VIEW ;
eventkey : http://zz.jhzh66.com/app/index.php?i=8&c=entry&eid=194 ;
menuid : 425552920 ;
from : oSI4LjzGDzCztrhCP10C7-4flpE4 ;
to : gh_0c02969f70a6 ;
time : 1526124171 ;
type : event ;

2018-05-12 19:22:51 params :
------------
Array:
rule : -2 ;
module :  ;
message : Array ;

2018-05-12 19:22:51 response :
------------

2018-05-12 19:27:54 trace :
------------
Array:
tousername : gh_0c02969f70a6 ;
fromusername : oSI4LjzGDzCztrhCP10C7-4flpE4 ;
createtime : 1526124474 ;
msgtype : event ;
event : VIEW ;
eventkey : http://zz.jhzh66.com/app/index.php?i=8&c=entry&eid=194 ;
menuid : 425552920 ;
from : oSI4LjzGDzCztrhCP10C7-4flpE4 ;
to : gh_0c02969f70a6 ;
time : 1526124474 ;
type : event ;

2018-05-12 19:27:54 params :
------------
Array:
rule : -2 ;
module :  ;
message : Array ;

2018-05-12 19:27:54 response :
------------

2018-05-12 19:28:45 trace :
------------
Array:
tousername : gh_0c02969f70a6 ;
fromusername : oSI4LjzGDzCztrhCP10C7-4flpE4 ;
createtime : 1526124525 ;
msgtype : event ;
event : VIEW ;
eventkey : http://zz.jhzh66.com/app/index.php?i=8&c=entry&eid=194 ;
menuid : 425552920 ;
from : oSI4LjzGDzCztrhCP10C7-4flpE4 ;
to : gh_0c02969f70a6 ;
time : 1526124525 ;
type : event ;

2018-05-12 19:28:45 params :
------------
Array:
rule : -2 ;
module :  ;
message : Array ;

2018-05-12 19:28:45 response :
------------

2018-05-12 20:00:58 trace :
------------
Array:
tousername : gh_0c02969f70a6 ;
fromusername : oSI4Lj97Jm2kdczJ4OHYMLb017pk ;
createtime : 1526126458 ;
msgtype : event ;
event : VIEW ;
eventkey : http://zz.jhzh66.com/app/index.php?i=8&c=entry&p=merch&do=member&m=sz_yi&wxref=mp.weixin.qq.com&from=groupmessage&isappinstalled=0#wechat_redirect ;
menuid : 425552920 ;
from : oSI4Lj97Jm2kdczJ4OHYMLb017pk ;
to : gh_0c02969f70a6 ;
time : 1526126458 ;
type : event ;

2018-05-12 20:00:58 params :
------------
Array:
rule : -2 ;
module :  ;
message : Array ;

2018-05-12 20:00:58 response :
------------

2018-05-12 20:06:50 trace :
------------
Array:
tousername : gh_0c02969f70a6 ;
fromusername : oSI4Lj2VTimHJhoknnYk7bBF0Zlc ;
createtime : 1526126810 ;
msgtype : event ;
event : VIEW ;
eventkey : http://zz.jhzh66.com/app/index.php?i=8&c=entry&eid=194 ;
menuid : 425552920 ;
from : oSI4Lj2VTimHJhoknnYk7bBF0Zlc ;
to : gh_0c02969f70a6 ;
time : 1526126810 ;
type : event ;

2018-05-12 20:06:50 params :
------------
Array:
rule : -2 ;
module :  ;
message : Array ;

2018-05-12 20:06:50 response :
------------

2018-05-12 20:06:56 trace :
------------
Array:
tousername : gh_0c02969f70a6 ;
fromusername : oSI4Lj2VTimHJhoknnYk7bBF0Zlc ;
createtime : 1526126816 ;
msgtype : event ;
event : VIEW ;
eventkey : http://zz.jhzh66.com/app/index.php?i=8&c=entry&p=merch&do=member&m=sz_yi&wxref=mp.weixin.qq.com&from=groupmessage&isappinstalled=0#wechat_redirect ;
menuid : 425552920 ;
from : oSI4Lj2VTimHJhoknnYk7bBF0Zlc ;
to : gh_0c02969f70a6 ;
time : 1526126816 ;
type : event ;

2018-05-12 20:06:56 params :
------------
Array:
rule : -2 ;
module :  ;
message : Array ;

2018-05-12 20:06:56 response :
------------

2018-05-12 20:07:07 trace :
------------
Array:
tousername : gh_0c02969f70a6 ;
fromusername : oSI4Lj97Jm2kdczJ4OHYMLb017pk ;
createtime : 1526126826 ;
msgtype : event ;
event : VIEW ;
eventkey : http://zz.jhzh66.com/app/index.php?i=8&c=entry&eid=198 ;
menuid : 425552920 ;
from : oSI4Lj97Jm2kdczJ4OHYMLb017pk ;
to : gh_0c02969f70a6 ;
time : 1526126826 ;
type : event ;

2018-05-12 20:07:07 params :
------------
Array:
rule : -2 ;
module :  ;
message : Array ;

2018-05-12 20:07:07 response :
------------

2018-05-12 20:07:27 trace :
------------
Array:
tousername : gh_0c02969f70a6 ;
fromusername : oSI4Lj2VTimHJhoknnYk7bBF0Zlc ;
createtime : 1526126847 ;
msgtype : event ;
event : VIEW ;
eventkey : http://zz.jhzh66.com/app/index.php?i=8&c=entry&eid=198 ;
menuid : 425552920 ;
from : oSI4Lj2VTimHJhoknnYk7bBF0Zlc ;
to : gh_0c02969f70a6 ;
time : 1526126847 ;
type : event ;

2018-05-12 20:07:27 params :
------------
Array:
rule : -2 ;
module :  ;
message : Array ;

2018-05-12 20:07:27 response :
------------

2018-05-12 20:10:32 trace :
------------
Array:
tousername : gh_0c02969f70a6 ;
fromusername : oSI4Lj2Yef0zxzFqreV4g3fl-vfI ;
createtime : 1526127032 ;
msgtype : event ;
event : VIEW ;
eventkey : http://zz.jhzh66.com/app/index.php?i=8&c=entry&eid=198 ;
menuid : 425552920 ;
from : oSI4Lj2Yef0zxzFqreV4g3fl-vfI ;
to : gh_0c02969f70a6 ;
time : 1526127032 ;
type : event ;

2018-05-12 20:10:32 params :
------------
Array:
rule : -2 ;
module :  ;
message : Array ;

2018-05-12 20:10:32 response :
------------

2018-05-12 20:13:53 trace :
------------
Array:
tousername : gh_0c02969f70a6 ;
fromusername : oSI4Lj6FuF7nRHHuo8tGMR8S_P14 ;
createtime : 1526127233 ;
msgtype : event ;
event : VIEW ;
eventkey : http://zz.jhzh66.com/app/index.php?i=8&c=entry&eid=194 ;
menuid : 425481859 ;
from : oSI4Lj6FuF7nRHHuo8tGMR8S_P14 ;
to : gh_0c02969f70a6 ;
time : 1526127233 ;
type : event ;

2018-05-12 20:13:53 params :
------------
Array:
rule : -2 ;
module :  ;
message : Array ;

2018-05-12 20:13:53 response :
------------

2018-05-12 20:14:01 trace :
------------
Array:
tousername : gh_0c02969f70a6 ;
fromusername : oSI4Lj97Jm2kdczJ4OHYMLb017pk ;
createtime : 1526127240 ;
msgtype : event ;
event : VIEW ;
eventkey : http://zz.jhzh66.com/app/index.php?i=8&c=entry&p=merch&do=member&m=sz_yi&wxref=mp.weixin.qq.com&from=groupmessage&isappinstalled=0#wechat_redirect ;
menuid : 425552920 ;
from : oSI4Lj97Jm2kdczJ4OHYMLb017pk ;
to : gh_0c02969f70a6 ;
time : 1526127240 ;
type : event ;

2018-05-12 20:14:01 params :
------------
Array:
rule : -2 ;
module :  ;
message : Array ;

2018-05-12 20:14:01 response :
------------

2018-05-12 20:15:54 trace :
------------
Array:
tousername : gh_0c02969f70a6 ;
fromusername : oSI4Lj97Jm2kdczJ4OHYMLb017pk ;
createtime : 1526127354 ;
msgtype : event ;
event : VIEW ;
eventkey : http://zz.jhzh66.com/app/index.php?i=8&c=entry&p=merch&do=member&m=sz_yi&wxref=mp.weixin.qq.com&from=groupmessage&isappinstalled=0#wechat_redirect ;
menuid : 425552920 ;
from : oSI4Lj97Jm2kdczJ4OHYMLb017pk ;
to : gh_0c02969f70a6 ;
time : 1526127354 ;
type : event ;

2018-05-12 20:15:54 params :
------------
Array:
rule : -2 ;
module :  ;
message : Array ;

2018-05-12 20:15:54 response :
------------

2018-05-12 20:23:37 trace :
------------
Array:
tousername : gh_0c02969f70a6 ;
fromusername : oSI4Lj97Jm2kdczJ4OHYMLb017pk ;
createtime : 1526127817 ;
msgtype : event ;
event : VIEW ;
eventkey : http://zz.jhzh66.com/app/index.php?i=8&c=entry&eid=194 ;
menuid : 425552920 ;
from : oSI4Lj97Jm2kdczJ4OHYMLb017pk ;
to : gh_0c02969f70a6 ;
time : 1526127817 ;
type : event ;

2018-05-12 20:23:37 params :
------------
Array:
rule : -2 ;
module :  ;
message : Array ;

2018-05-12 20:23:37 response :
------------

2018-05-12 21:12:03 trace :
------------
Array:
tousername : gh_0c02969f70a6 ;
fromusername : oSI4Lj97Jm2kdczJ4OHYMLb017pk ;
createtime : 1526130723 ;
msgtype : event ;
event : VIEW ;
eventkey : http://zz.jhzh66.com/app/index.php?i=8&c=entry&p=merch&do=member&m=sz_yi&wxref=mp.weixin.qq.com&from=groupmessage&isappinstalled=0#wechat_redirect ;
menuid : 425552920 ;
from : oSI4Lj97Jm2kdczJ4OHYMLb017pk ;
to : gh_0c02969f70a6 ;
time : 1526130723 ;
type : event ;

2018-05-12 21:12:03 params :
------------
Array:
rule : -2 ;
module :  ;
message : Array ;

2018-05-12 21:12:03 response :
------------

2018-05-12 21:18:26 trace :
------------
Array:
tousername : gh_0c02969f70a6 ;
fromusername : oSI4Lj97Jm2kdczJ4OHYMLb017pk ;
createtime : 1526131106 ;
msgtype : event ;
event : VIEW ;
eventkey : http://zz.jhzh66.com/app/index.php?i=8&c=entry&eid=194 ;
menuid : 425552920 ;
from : oSI4Lj97Jm2kdczJ4OHYMLb017pk ;
to : gh_0c02969f70a6 ;
time : 1526131106 ;
type : event ;

2018-05-12 21:18:26 params :
------------
Array:
rule : -2 ;
module :  ;
message : Array ;

2018-05-12 21:18:26 response :
------------

2018-05-12 21:25:49 trace :
------------
Array:
tousername : gh_0c02969f70a6 ;
fromusername : oSI4LjzGDzCztrhCP10C7-4flpE4 ;
createtime : 1526131549 ;
msgtype : event ;
event : VIEW ;
eventkey : http://zz.jhzh66.com/app/index.php?i=8&c=entry&p=merch&do=member&m=sz_yi&wxref=mp.weixin.qq.com&from=groupmessage&isappinstalled=0#wechat_redirect ;
menuid : 425552920 ;
from : oSI4LjzGDzCztrhCP10C7-4flpE4 ;
to : gh_0c02969f70a6 ;
time : 1526131549 ;
type : event ;

2018-05-12 21:25:49 params :
------------
Array:
rule : -2 ;
module :  ;
message : Array ;

2018-05-12 21:25:49 response :
------------

2018-05-12 21:40:43 trace :
------------
Array:
tousername : gh_0c02969f70a6 ;
fromusername : oSI4Lj6CBokRH6vO0BgEHPS1OUaU ;
createtime : 1526132443 ;
msgtype : event ;
event : VIEW ;
eventkey : http://zz.jhzh66.com/app/index.php?i=8&c=entry&eid=198 ;
menuid : 425552920 ;
from : oSI4Lj6CBokRH6vO0BgEHPS1OUaU ;
to : gh_0c02969f70a6 ;
time : 1526132443 ;
type : event ;

2018-05-12 21:40:43 params :
------------
Array:
rule : -2 ;
module :  ;
message : Array ;

2018-05-12 21:40:43 response :
------------

2018-05-12 21:53:30 trace :
------------
Array:
tousername : gh_0c02969f70a6 ;
fromusername : oSI4Ljy4qH8c3sTxzjY3Cylxpe_4 ;
createtime : 1526133209 ;
msgtype : event ;
event : VIEW ;
eventkey : http://zz.jhzh66.com/app/index.php?i=8&c=entry&eid=198 ;
menuid : 425552920 ;
from : oSI4Ljy4qH8c3sTxzjY3Cylxpe_4 ;
to : gh_0c02969f70a6 ;
time : 1526133209 ;
type : event ;

2018-05-12 21:53:30 params :
------------
Array:
rule : -2 ;
module :  ;
message : Array ;

2018-05-12 21:53:30 response :
------------

2018-05-12 21:54:16 trace :
------------
Array:
tousername : gh_0c02969f70a6 ;
fromusername : oSI4Ljy4qH8c3sTxzjY3Cylxpe_4 ;
createtime : 1526133256 ;
msgtype : event ;
event : VIEW ;
eventkey : http://zz.jhzh66.com/app/index.php?i=8&c=entry&eid=198 ;
menuid : 425552920 ;
from : oSI4Ljy4qH8c3sTxzjY3Cylxpe_4 ;
to : gh_0c02969f70a6 ;
time : 1526133256 ;
type : event ;

2018-05-12 21:54:16 params :
------------
Array:
rule : -2 ;
module :  ;
message : Array ;

2018-05-12 21:54:16 response :
------------

2018-05-12 21:54:42 trace :
------------
Array:
tousername : gh_0c02969f70a6 ;
fromusername : oSI4Ljy4qH8c3sTxzjY3Cylxpe_4 ;
createtime : 1526133281 ;
msgtype : event ;
event : VIEW ;
eventkey : http://zz.jhzh66.com/app/index.php?i=8&c=entry&eid=198 ;
menuid : 425552920 ;
from : oSI4Ljy4qH8c3sTxzjY3Cylxpe_4 ;
to : gh_0c02969f70a6 ;
time : 1526133281 ;
type : event ;

2018-05-12 21:54:42 params :
------------
Array:
rule : -2 ;
module :  ;
message : Array ;

2018-05-12 21:54:42 response :
------------

2018-05-12 21:54:56 trace :
------------
Array:
tousername : gh_0c02969f70a6 ;
fromusername : oSI4Ljy4qH8c3sTxzjY3Cylxpe_4 ;
createtime : 1526133296 ;
msgtype : event ;
event : VIEW ;
eventkey : http://zz.jhzh66.com/app/index.php?i=8&c=entry&eid=198 ;
menuid : 425552920 ;
from : oSI4Ljy4qH8c3sTxzjY3Cylxpe_4 ;
to : gh_0c02969f70a6 ;
time : 1526133296 ;
type : event ;

2018-05-12 21:54:56 params :
------------
Array:
rule : -2 ;
module :  ;
message : Array ;

2018-05-12 21:54:56 response :
------------

2018-05-12 21:57:21 trace :
------------
Array:
tousername : gh_0c02969f70a6 ;
fromusername : oSI4Ljy4qH8c3sTxzjY3Cylxpe_4 ;
createtime : 1526133441 ;
msgtype : event ;
event : VIEW ;
eventkey : http://zz.jhzh66.com/app/index.php?i=8&c=entry&eid=198 ;
menuid : 425552920 ;
from : oSI4Ljy4qH8c3sTxzjY3Cylxpe_4 ;
to : gh_0c02969f70a6 ;
time : 1526133441 ;
type : event ;

2018-05-12 21:57:21 params :
------------
Array:
rule : -2 ;
module :  ;
message : Array ;

2018-05-12 21:57:21 response :
------------

2018-05-12 21:57:39 trace :
------------
Array:
tousername : gh_0c02969f70a6 ;
fromusername : oSI4Lj6FuF7nRHHuo8tGMR8S_P14 ;
createtime : 1526133459 ;
msgtype : event ;
event : VIEW ;
eventkey : http://zz.jhzh66.com/app/index.php?i=8&c=entry&eid=194 ;
menuid : 425552920 ;
from : oSI4Lj6FuF7nRHHuo8tGMR8S_P14 ;
to : gh_0c02969f70a6 ;
time : 1526133459 ;
type : event ;

2018-05-12 21:57:39 params :
------------
Array:
rule : -2 ;
module :  ;
message : Array ;

2018-05-12 21:57:39 response :
------------

2018-05-12 21:57:50 trace :
------------
Array:
tousername : gh_0c02969f70a6 ;
fromusername : oSI4Lj6FuF7nRHHuo8tGMR8S_P14 ;
createtime : 1526133470 ;
msgtype : event ;
event : VIEW ;
eventkey : http://zz.jhzh66.com/app/index.php?i=8&c=entry&p=merch&do=member&m=sz_yi&wxref=mp.weixin.qq.com&from=groupmessage&isappinstalled=0#wechat_redirect ;
menuid : 425552920 ;
from : oSI4Lj6FuF7nRHHuo8tGMR8S_P14 ;
to : gh_0c02969f70a6 ;
time : 1526133470 ;
type : event ;

2018-05-12 21:57:50 params :
------------
Array:
rule : -2 ;
module :  ;
message : Array ;

2018-05-12 21:57:50 response :
------------

2018-05-12 22:00:56 trace :
------------
Array:
tousername : gh_0c02969f70a6 ;
fromusername : oSI4Lj97Jm2kdczJ4OHYMLb017pk ;
createtime : 1526133656 ;
msgtype : event ;
event : VIEW ;
eventkey : http://zz.jhzh66.com/app/index.php?i=8&c=entry&p=merch&do=member&m=sz_yi&wxref=mp.weixin.qq.com&from=groupmessage&isappinstalled=0#wechat_redirect ;
menuid : 425552920 ;
from : oSI4Lj97Jm2kdczJ4OHYMLb017pk ;
to : gh_0c02969f70a6 ;
time : 1526133656 ;
type : event ;

2018-05-12 22:00:56 params :
------------
Array:
rule : -2 ;
module :  ;
message : Array ;

2018-05-12 22:00:56 response :
------------

2018-05-12 22:01:03 trace :
------------
Array:
tousername : gh_0c02969f70a6 ;
fromusername : oSI4Lj_N8oJqF_7VukqM2E7efaQo ;
createtime : 1526133663 ;
msgtype : event ;
event : subscribe ;
eventkey : Array ;
from : oSI4Lj_N8oJqF_7VukqM2E7efaQo ;
to : gh_0c02969f70a6 ;
time : 1526133663 ;
type : subscribe ;

2018-05-12 22:01:03 params :
------------
Array:
rule : -2 ;
module :  ;
message : Array ;

2018-05-12 22:01:03 response :
------------

2018-05-12 22:01:07 trace :
------------
Array:
tousername : gh_0c02969f70a6 ;
fromusername : oSI4Lj_VclHp_Q6s1R2OHQvfVTEs ;
createtime : 1526133667 ;
msgtype : event ;
event : VIEW ;
eventkey : http://zz.jhzh66.com/app/index.php?i=8&c=entry&eid=198 ;
menuid : 425552920 ;
from : oSI4Lj_VclHp_Q6s1R2OHQvfVTEs ;
to : gh_0c02969f70a6 ;
time : 1526133667 ;
type : event ;

2018-05-12 22:01:07 params :
------------
Array:
rule : -2 ;
module :  ;
message : Array ;

2018-05-12 22:01:07 response :
------------

2018-05-12 22:01:13 trace :
------------
Array:
tousername : gh_0c02969f70a6 ;
fromusername : oSI4Lj_N8oJqF_7VukqM2E7efaQo ;
createtime : 1526133673 ;
msgtype : event ;
event : VIEW ;
eventkey : http://zz.jhzh66.com/app/index.php?i=8&c=site&a=site&do=detail&id=2 ;
menuid : 425552920 ;
from : oSI4Lj_N8oJqF_7VukqM2E7efaQo ;
to : gh_0c02969f70a6 ;
time : 1526133673 ;
type : event ;

2018-05-12 22:01:13 params :
------------
Array:
rule : -2 ;
module :  ;
message : Array ;

2018-05-12 22:01:13 response :
------------

2018-05-12 22:06:30 trace :
------------
Array:
tousername : gh_0c02969f70a6 ;
fromusername : oSI4LjyHUqsKQ2U6jJYcy4lCjBVA ;
createtime : 1526133990 ;
msgtype : event ;
event : VIEW ;
eventkey : http://zz.jhzh66.com/app/index.php?i=8&c=entry&eid=198 ;
menuid : 425552920 ;
from : oSI4LjyHUqsKQ2U6jJYcy4lCjBVA ;
to : gh_0c02969f70a6 ;
time : 1526133990 ;
type : event ;

2018-05-12 22:06:30 params :
------------
Array:
rule : -2 ;
module :  ;
message : Array ;

2018-05-12 22:06:30 response :
------------

2018-05-12 22:11:36 trace :
------------
Array:
tousername : gh_0c02969f70a6 ;
fromusername : oSI4LjyHUqsKQ2U6jJYcy4lCjBVA ;
createtime : 1526134296 ;
msgtype : event ;
event : VIEW ;
eventkey : http://zz.jhzh66.com/app/index.php?i=8&c=entry&eid=198 ;
menuid : 425552920 ;
from : oSI4LjyHUqsKQ2U6jJYcy4lCjBVA ;
to : gh_0c02969f70a6 ;
time : 1526134296 ;
type : event ;

2018-05-12 22:11:36 params :
------------
Array:
rule : -2 ;
module :  ;
message : Array ;

2018-05-12 22:11:36 response :
------------

2018-05-12 22:59:16 trace :
------------
Array:
tousername : gh_0c02969f70a6 ;
fromusername : oSI4Lj0bO5NawK_OPVNJZaAVvf-o ;
createtime : 1526137155 ;
msgtype : event ;
event : subscribe ;
eventkey : Array ;
from : oSI4Lj0bO5NawK_OPVNJZaAVvf-o ;
to : gh_0c02969f70a6 ;
time : 1526137155 ;
type : subscribe ;

2018-05-12 22:59:16 params :
------------
Array:
rule : -2 ;
module :  ;
message : Array ;

2018-05-12 22:59:16 response :
------------

2018-05-12 22:59:46 trace :
------------
Array:
tousername : gh_0c02969f70a6 ;
fromusername : oSI4Lj0bO5NawK_OPVNJZaAVvf-o ;
createtime : 1526137185 ;
msgtype : event ;
event : CLICK ;
eventkey : 介绍 ;
from : oSI4Lj0bO5NawK_OPVNJZaAVvf-o ;
to : gh_0c02969f70a6 ;
time : 1526137185 ;
type : event ;

2018-05-12 22:59:46 params :
------------
Array:
message : Array ;
module : basic ;
rule : 1013 ;
priority : 0 ;
keyword : Array ;

2018-05-12 22:59:46 response :
------------
Array:
FromUserName : gh_0c02969f70a6 ;
ToUserName : oSI4Lj0bO5NawK_OPVNJZaAVvf-o ;
MsgType : text ;
Content : 易货联盟平台介绍 https://u.eqxiu.com/s/6szkjdIq   

代理商收益介绍 https://h.eqxiu.com/s/U4YBmmJj   

5月19-20日阿里梦-全国易货联盟商家对接峰会 https://b.eqxiu.com/s/nBIsBaiB ;

2018-05-12 22:59:53 trace :
------------
Array:
tousername : gh_0c02969f70a6 ;
fromusername : oSI4Lj0bO5NawK_OPVNJZaAVvf-o ;
createtime : 1526137193 ;
msgtype : event ;
event : VIEW ;
eventkey : https://h.eqxiu.com/s/U4YBmmJj ;
menuid : 425552920 ;
from : oSI4Lj0bO5NawK_OPVNJZaAVvf-o ;
to : gh_0c02969f70a6 ;
time : 1526137193 ;
type : event ;

2018-05-12 22:59:53 params :
------------
Array:
rule : -2 ;
module :  ;
message : Array ;

2018-05-12 22:59:53 response :
------------

2018-05-12 23:02:50 trace :
------------
Array:
tousername : gh_0c02969f70a6 ;
fromusername : oSI4Lj0bO5NawK_OPVNJZaAVvf-o ;
createtime : 1526137370 ;
msgtype : event ;
event : VIEW ;
eventkey : https://h.eqxiu.com/s/U4YBmmJj ;
menuid : 425552920 ;
from : oSI4Lj0bO5NawK_OPVNJZaAVvf-o ;
to : gh_0c02969f70a6 ;
time : 1526137370 ;
type : event ;

2018-05-12 23:02:50 params :
------------
Array:
rule : -2 ;
module :  ;
message : Array ;

2018-05-12 23:02:50 response :
------------

2018-05-12 23:07:52 trace :
------------
Array:
tousername : gh_0c02969f70a6 ;
fromusername : oSI4Lj0bO5NawK_OPVNJZaAVvf-o ;
createtime : 1526137672 ;
msgtype : event ;
event : CLICK ;
eventkey : 关注 ;
from : oSI4Lj0bO5NawK_OPVNJZaAVvf-o ;
to : gh_0c02969f70a6 ;
time : 1526137672 ;
type : event ;

2018-05-12 23:08:03 trace :
------------
Array:
tousername : gh_0c02969f70a6 ;
fromusername : oSI4Lj0bO5NawK_OPVNJZaAVvf-o ;
createtime : 1526137683 ;
msgtype : event ;
event : VIEW ;
eventkey : http://wxsdtkyq7kozrh.b.qun.hk/l/nFVgFpSG ;
menuid : 425552920 ;
from : oSI4Lj0bO5NawK_OPVNJZaAVvf-o ;
to : gh_0c02969f70a6 ;
time : 1526137683 ;
type : event ;

2018-05-12 23:08:03 params :
------------
Array:
rule : -2 ;
module :  ;
message : Array ;

2018-05-12 23:08:03 response :
------------

2018-05-12 23:12:15 trace :
------------
Array:
tousername : gh_0c02969f70a6 ;
fromusername : oSI4LjyHUqsKQ2U6jJYcy4lCjBVA ;
createtime : 1526137935 ;
msgtype : event ;
event : VIEW ;
eventkey : http://zz.jhzh66.com/app/index.php?i=8&c=entry&eid=198 ;
menuid : 425552920 ;
from : oSI4LjyHUqsKQ2U6jJYcy4lCjBVA ;
to : gh_0c02969f70a6 ;
time : 1526137935 ;
type : event ;

2018-05-12 23:12:15 params :
------------
Array:
rule : -2 ;
module :  ;
message : Array ;

2018-05-12 23:12:15 response :
------------

2018-05-12 23:14:18 trace :
------------
Array:
tousername : gh_0c02969f70a6 ;
fromusername : oSI4Lj0bO5NawK_OPVNJZaAVvf-o ;
createtime : 1526138058 ;
msgtype : event ;
event : VIEW ;
eventkey : http://zz.jhzh66.com/app/index.php?i=8&c=entry&p=merch&do=member&m=sz_yi&wxref=mp.weixin.qq.com&from=groupmessage&isappinstalled=0#wechat_redirect ;
menuid : 425552920 ;
from : oSI4Lj0bO5NawK_OPVNJZaAVvf-o ;
to : gh_0c02969f70a6 ;
time : 1526138058 ;
type : event ;

2018-05-12 23:14:18 params :
------------
Array:
rule : -2 ;
module :  ;
message : Array ;

2018-05-12 23:14:18 response :
------------

