
-------------------------------------------------
orderno: SH201812311940505248
paytype: alipay
data: []
setting: oksign: oklog: {"plid":"5175","type":"","uniacid":"8","acid":"0","openid":"6404","uniontid":"","tid":"SH201812311940505248","fee":"27.00","status":"0","module":"sz_yi","tag":"","is_usecard":"0","card_type":"0","card_id":"","card_fee":"0.00","encrypt_code":""}
-------------------------------------------------
orderno: SH201812311940505248
paytype: alipay
data: []
setting: oksign: oklog: {"plid":"5175","type":"wechat","uniacid":"8","acid":"0","openid":"6404","uniontid":"","tid":"SH201812311940505248","fee":"27.00","status":"1","module":"sz_yi","tag":"","is_usecard":"0","card_type":"0","card_id":"","card_fee":"0.00","encrypt_code":""}
-------------------------------------------------
orderno: SH201812311940505248
paytype: alipay
data: []
setting: oksign: oklog: {"plid":"5175","type":"wechat","uniacid":"8","acid":"0","openid":"6404","uniontid":"","tid":"SH201812311940505248","fee":"27.00","status":"1","module":"sz_yi","tag":"","is_usecard":"0","card_type":"0","card_id":"","card_fee":"0.00","encrypt_code":""}
-------------------------------------------------
orderno: SH201812311940505248
paytype: alipay
data: []
setting: oksign: oklog: {"plid":"5175","type":"wechat","uniacid":"8","acid":"0","openid":"6404","uniontid":"","tid":"SH201812311940505248","fee":"27.00","status":"1","module":"sz_yi","tag":"","is_usecard":"0","card_type":"0","card_id":"","card_fee":"0.00","encrypt_code":""}
-------------------------------------------------
orderno: SH201812311940505248
paytype: alipay
data: []
setting: oksign: oklog: {"plid":"5175","type":"wechat","uniacid":"8","acid":"0","openid":"6404","uniontid":"","tid":"SH201812311940505248","fee":"27.00","status":"1","module":"sz_yi","tag":"","is_usecard":"0","card_type":"0","card_id":"","card_fee":"0.00","encrypt_code":""}