
-------------------------------------------------
orderno: SH201901211248378288
paytype: alipay
data: []
setting: oksign: oklog: {"plid":"5644","type":"","uniacid":"8","acid":"0","openid":"5824","uniontid":"","tid":"SH201901211248378288","fee":"178.00","status":"0","module":"sz_yi","tag":"","is_usecard":"0","card_type":"0","card_id":"","card_fee":"0.00","encrypt_code":""}
-------------------------------------------------
orderno: SH201901211248378288
paytype: alipay
data: []
setting: oksign: oklog: {"plid":"5644","type":"wechat","uniacid":"8","acid":"0","openid":"5824","uniontid":"","tid":"SH201901211248378288","fee":"178.00","status":"1","module":"sz_yi","tag":"","is_usecard":"0","card_type":"0","card_id":"","card_fee":"0.00","encrypt_code":""}
-------------------------------------------------
orderno: SH201901211248378288
paytype: alipay
data: []
setting: oksign: oklog: {"plid":"5644","type":"wechat","uniacid":"8","acid":"0","openid":"5824","uniontid":"","tid":"SH201901211248378288","fee":"178.00","status":"1","module":"sz_yi","tag":"","is_usecard":"0","card_type":"0","card_id":"","card_fee":"0.00","encrypt_code":""}
-------------------------------------------------
orderno: SH201901211248378288
paytype: alipay
data: []
setting: oksign: oklog: {"plid":"5644","type":"wechat","uniacid":"8","acid":"0","openid":"5824","uniontid":"","tid":"SH201901211248378288","fee":"178.00","status":"1","module":"sz_yi","tag":"","is_usecard":"0","card_type":"0","card_id":"","card_fee":"0.00","encrypt_code":""}
-------------------------------------------------
orderno: SH201901211248378288
paytype: alipay
data: []
setting: oksign: oklog: {"plid":"5644","type":"wechat","uniacid":"8","acid":"0","openid":"5824","uniontid":"","tid":"SH201901211248378288","fee":"178.00","status":"1","module":"sz_yi","tag":"","is_usecard":"0","card_type":"0","card_id":"","card_fee":"0.00","encrypt_code":""}
-------------------------------------------------
orderno: SH201901210949481543
paytype: alipay
data: []
setting: oksign: oklog: {"plid":"5640","type":"wechat","uniacid":"8","acid":"0","openid":"7559","uniontid":"","tid":"SH201901210949481543","fee":"27.00","status":"1","module":"sz_yi","tag":"","is_usecard":"0","card_type":"0","card_id":"","card_fee":"0.00","encrypt_code":""}