
-------------------------------------------------
orderno: SH201812281957464224
paytype: alipay
data: []
setting: oksign: oklog: {"plid":"5081","type":"wechat","uniacid":"8","acid":"0","openid":"5161","uniontid":"","tid":"SH201812281957464224","fee":"140.00","status":"1","module":"sz_yi","tag":"","is_usecard":"0","card_type":"0","card_id":"","card_fee":"0.00","encrypt_code":""}
-------------------------------------------------
orderno: SH201812281929544244
paytype: alipay
data: []
setting: oksign: oklog: {"plid":"5074","type":"wechat","uniacid":"8","acid":"0","openid":"6404","uniontid":"","tid":"SH201812281929544244","fee":"122.00","status":"1","module":"sz_yi","tag":"","is_usecard":"0","card_type":"0","card_id":"","card_fee":"0.00","encrypt_code":""}
-------------------------------------------------
orderno: SH201812282008516879
paytype: alipay
data: []
setting: oksign: oklog: {"plid":"5083","type":"","uniacid":"8","acid":"0","openid":"7502","uniontid":"","tid":"SH201812282008516879","fee":"38.00","status":"0","module":"sz_yi","tag":"","is_usecard":"0","card_type":"0","card_id":"","card_fee":"0.00","encrypt_code":""}corelog: okpayResult: {"result":"success","order":{"id":"2610","uniacid":"8","openid":"oSI4Lj9AeC-ecHvGY1lAzY3Fz4Ps","agentid":"12440","ordersn":"SH201812282008516879","price":"38.00","goodsprice":"38.00","discountprice":"0.00","status":"0","paytype":"21","transid":"","remark":"","addressid":"542","dispatchprice":"0.00","dispatchid":"0","createtime":"1545998931","dispatchtype":"0","carrier":"a:0:{}","refundid":"0","iscomment":"0","creditadd":"0","deleted":"0","userdeleted":"0","finishtime":"0","paytime":"0","expresscom":"","expresssn":"","express":"","sendtime":"0","fetchtime":"0","cash":"0","canceltime":null,"cancelpaytime":"0","refundtime":"0","isverify":"0","verified":"0","verifyopenid":"","verifycode":"","verifytime":"0","verifystoreid":"0","deductprice":"0.00","deductcredit":"0","deductcredit2":"0.00","deductenough":"0.00","virtual":"0","virtual_info":null,"virtual_str":null,"address":"a:7:{s:2:\"id\";s:3:\"542\";s:8:\"realname\";s:9:\"\u674e\u5efa\u9752\";s:6:\"mobile\";s:11:\"13001785784\";s:7:\"address\";s:35:\"\u6d38\u6cb3\u8def\u68a6\u5706A\u533a\u4e03\u53f7\u697c4208\u5ba4\";s:8:\"province\";s:9:\"\u5c71\u4e1c\u7701\";s:4:\"city\";s:9:\"\u6d4e\u5b81\u5e02\";s:4:\"area\";s:9:\"\u5e02\u8f96\u533a\";}","sysdeleted":"0","ordersn2":"0","changeprice":"0.00","changedispatchprice":"0.00","oldprice":"38.00","olddispatchprice":"0.00","isvirtual":"0","couponid":"0","couponprice":"0.00","diyformid":"0","storeid":"0","diyformdata":null,"diyformfields":null,"printstate":"0","printstate2":"0","supplier_uid":"809","special":"0","special_status":"","isexchange":"0","credit3_fee":"0.00"},"address":{"realname":"\u674e\u5efa\u9752","mobile":"13001785784","address":"\u6d38\u6cb3\u8def\u68a6\u5706A\u533a\u4e03\u53f7\u697c4208\u5ba4"},"carrier":false,"virtual":"0","goods":{"dispatchprice":"0.00","ordersn":"SH201812282008516879","price":"38.00","optiontitle":"","optionid":"0","total":"1","goods1":[{"goodsid":"3343","total":"1","title":"\u73bb\u5c3f\u9178\u539f\u6db2200ml \u8212\u7f13\u808c\u80a4 \u67d4\u6da6\u6ecb\u517b","thumb":"http:\/\/jhzh66.com\/addons\/sz_yi\/attachment\/images\/8\/2018\/12\/Wp1l8lz3MleboO9plH13P8n8B7a413.jpg","price":"38.00","optiontitle":"","optionid":"0"}],"goodscount":1}}.

-------------------------------------------------
orderno: SH201812281817344272
paytype: alipay
data: []
setting: oksign: oklog: {"plid":"5076","type":"wechat","uniacid":"8","acid":"0","openid":"6404","uniontid":"","tid":"SH201812281817344272","fee":"122.00","status":"1","module":"sz_yi","tag":"","is_usecard":"0","card_type":"0","card_id":"","card_fee":"0.00","encrypt_code":""}setting: oksign: ok
-------------------------------------------------
orderno: SH201812281957464224
paytype: alipay
data: []
setting: oksign: oklog: {"plid":"5081","type":"wechat","uniacid":"8","acid":"0","openid":"5161","uniontid":"","tid":"SH201812281957464224","fee":"140.00","status":"1","module":"sz_yi","tag":"","is_usecard":"0","card_type":"0","card_id":"","card_fee":"0.00","encrypt_code":""}
-------------------------------------------------
orderno: SH201812281929544244
paytype: alipay
data: []
setting: oksign: oklog: {"plid":"5074","type":"wechat","uniacid":"8","acid":"0","openid":"6404","uniontid":"","tid":"SH201812281929544244","fee":"122.00","status":"1","module":"sz_yi","tag":"","is_usecard":"0","card_type":"0","card_id":"","card_fee":"0.00","encrypt_code":""}
-------------------------------------------------
orderno: SH201812281735016816
paytype: alipay
data: []
setting: oksign: oklog: {"plid":"5066","type":"wechat","uniacid":"8","acid":"0","openid":"6404","uniontid":"","tid":"SH201812281735016816","fee":"346.00","status":"1","module":"sz_yi","tag":"","is_usecard":"0","card_type":"0","card_id":"","card_fee":"0.00","encrypt_code":""}
-------------------------------------------------
orderno: SH201812281817344272
paytype: alipay
data: []
setting: oksign: oklog: {"plid":"5076","type":"wechat","uniacid":"8","acid":"0","openid":"6404","uniontid":"","tid":"SH201812281817344272","fee":"122.00","status":"1","module":"sz_yi","tag":"","is_usecard":"0","card_type":"0","card_id":"","card_fee":"0.00","encrypt_code":""}
-------------------------------------------------
orderno: SH201812281751117874
paytype: alipay
data: []
setting: oksign: oklog: {"plid":"5067","type":"wechat","uniacid":"8","acid":"0","openid":"6884","uniontid":"","tid":"SH201812281751117874","fee":"346.00","status":"1","module":"sz_yi","tag":"","is_usecard":"0","card_type":"0","card_id":"","card_fee":"0.00","encrypt_code":""}