
-------------------------------------------------
orderno: SH201812192001366628
paytype: alipay
data: []
setting: oksign: oklog: {"plid":"4699","type":"","uniacid":"8","acid":"0","openid":"7142","uniontid":"","tid":"SH201812192001366628","fee":"500.00","status":"0","module":"sz_yi","tag":"","is_usecard":"0","card_type":"0","card_id":"","card_fee":"0.00","encrypt_code":""}corelog: okpayResult: {"result":"success","order":{"id":"2338","uniacid":"8","openid":"oSI4LjzlC6rzcvp8mmgolp2Zmt7g","agentid":"2418","ordersn":"SH201812192001366628","price":"500.00","goodsprice":"500.00","discountprice":"0.00","status":"0","paytype":"21","transid":"","remark":"","addressid":"0","dispatchprice":"0.00","dispatchid":"0","createtime":"1545220896","dispatchtype":"0","carrier":"a:2:{s:16:\"carrier_realname\";s:9:\"\u5218\u57f9\u534e\";s:14:\"carrier_mobile\";s:11:\"18705478216\";}","refundid":"0","iscomment":"0","creditadd":"0","deleted":"0","userdeleted":"0","finishtime":"0","paytime":"0","expresscom":"","expresssn":"","express":"","sendtime":"0","fetchtime":"0","cash":"0","canceltime":null,"cancelpaytime":"0","refundtime":"0","isverify":"0","verified":"0","verifyopenid":"","verifycode":"","verifytime":"0","verifystoreid":"0","deductprice":"0.00","deductcredit":"0","deductcredit2":"0.00","deductenough":"0.00","virtual":"14","virtual_info":null,"virtual_str":null,"address":null,"sysdeleted":"0","ordersn2":"0","changeprice":"0.00","changedispatchprice":"0.00","oldprice":"500.00","olddispatchprice":"0.00","isvirtual":"1","couponid":"0","couponprice":"0.00","diyformid":"0","storeid":"0","diyformdata":null,"diyformfields":null,"printstate":"0","printstate2":"0","supplier_uid":"615","special":"0","special_status":"","isexchange":"0","credit3_fee":"0.00"},"address":false,"carrier":{"carrier_realname":"\u5218\u57f9\u534e","carrier_mobile":"18705478216"},"virtual":"14","goods":{"dispatchprice":"0.00","ordersn":"SH201812192001366628","price":"500.00","optiontitle":"","optionid":"0","total":"1","goods1":[{"goodsid":"2441","total":"1","title":"\u6d4e\u5b81\u6613\u8d27\u8054\u76df\u8054\u76df\u4f1a\u5458\u4f1a\u5458\u5e74\u8d39","thumb":"http:\/\/jhzh66.com\/addons\/sz_yi\/attachment\/images\/8\/2018\/09\/m5LPhgbq1n6KgY6hpMcYq1pYQfjCQN.jpg","price":"500.00","optiontitle":"","optionid":"0"}],"goodscount":1}}.
setting: oksign: oksetting: oksign: oksetting: oksign: oksetting: oksign: oksetting: oksign: oksetting: oksign: oksetting: oksign: oksetting: oksign: oksetting: oksign: oksetting: oksign: ok
-------------------------------------------------
orderno: SH201812192058026240
paytype: alipay
data: []
setting: oksign: oklog: {"plid":"4712","type":"","uniacid":"8","acid":"0","openid":"5827","uniontid":"","tid":"SH201812192058026240","fee":"3002.00","status":"0","module":"sz_yi","tag":"","is_usecard":"0","card_type":"0","card_id":"","card_fee":"0.00","encrypt_code":""}
-------------------------------------------------
orderno: SH201812192058026240
paytype: alipay
data: []
setting: oksign: oklog: {"plid":"4712","type":"","uniacid":"8","acid":"0","openid":"5827","uniontid":"","tid":"SH201812192058026240","fee":"3002.00","status":"0","module":"sz_yi","tag":"","is_usecard":"0","card_type":"0","card_id":"","card_fee":"0.00","encrypt_code":""}setting: oksign: ok
-------------------------------------------------
orderno: SH201812192058026240
paytype: alipay
data: []
setting: oksign: oklog: {"plid":"4712","type":"","uniacid":"8","acid":"0","openid":"5827","uniontid":"","tid":"SH201812192058026240","fee":"3002.00","status":"0","module":"sz_yi","tag":"","is_usecard":"0","card_type":"0","card_id":"","card_fee":"0.00","encrypt_code":""}
-------------------------------------------------
orderno: SH201812192058026240
paytype: alipay
data: []
setting: oksign: oklog: {"plid":"4712","type":"","uniacid":"8","acid":"0","openid":"5827","uniontid":"","tid":"SH201812192058026240","fee":"3002.00","status":"0","module":"sz_yi","tag":"","is_usecard":"0","card_type":"0","card_id":"","card_fee":"0.00","encrypt_code":""}