setting: oksign: oksetting: oksign: ok
-------------------------------------------------
orderno: SH201812292044280848
paytype: alipay
data: []
setting: oksign: oklog: {"plid":"5130","type":"wechat","uniacid":"8","acid":"0","openid":"6404","uniontid":"","tid":"SH201812292044280848","fee":"719.00","status":"1","module":"sz_yi","tag":"","is_usecard":"0","card_type":"0","card_id":"","card_fee":"0.00","encrypt_code":""}setting: oksign: ok
-------------------------------------------------
orderno: SH201812292048402111
paytype: alipay
data: []
setting: oksign: oklog: {"plid":"5131","type":"wechat","uniacid":"8","acid":"0","openid":"6404","uniontid":"","tid":"SH201812292048402111","fee":"27.00","status":"1","module":"sz_yi","tag":"","is_usecard":"0","card_type":"0","card_id":"","card_fee":"0.00","encrypt_code":""}
-------------------------------------------------
orderno: SH201812292050331748
paytype: alipay
data: []
setting: oksign: oklog: {"plid":"5132","type":"wechat","uniacid":"8","acid":"0","openid":"6404","uniontid":"","tid":"SH201812292050331748","fee":"27.00","status":"1","module":"sz_yi","tag":"","is_usecard":"0","card_type":"0","card_id":"","card_fee":"0.00","encrypt_code":""}setting: oksign: ok
-------------------------------------------------
orderno: SH201812292044280848
paytype: alipay
data: []
setting: oksign: oklog: {"plid":"5130","type":"wechat","uniacid":"8","acid":"0","openid":"6404","uniontid":"","tid":"SH201812292044280848","fee":"719.00","status":"1","module":"sz_yi","tag":"","is_usecard":"0","card_type":"0","card_id":"","card_fee":"0.00","encrypt_code":""}
-------------------------------------------------
orderno: SH201812292048402111
paytype: alipay
data: []
setting: oksign: oklog: {"plid":"5131","type":"wechat","uniacid":"8","acid":"0","openid":"6404","uniontid":"","tid":"SH201812292048402111","fee":"27.00","status":"1","module":"sz_yi","tag":"","is_usecard":"0","card_type":"0","card_id":"","card_fee":"0.00","encrypt_code":""}
-------------------------------------------------
orderno: SH201812292050331748
paytype: alipay
data: []
setting: oksign: oklog: {"plid":"5132","type":"wechat","uniacid":"8","acid":"0","openid":"6404","uniontid":"","tid":"SH201812292050331748","fee":"27.00","status":"1","module":"sz_yi","tag":"","is_usecard":"0","card_type":"0","card_id":"","card_fee":"0.00","encrypt_code":""}